<?xml version="1.0" encoding="UTF-8"?>
<testsuite xmlns:xsi="http://www.w3.org/2001/XMLSchema-instance" xsi:noNamespaceSchemaLocation="https://maven.apache.org/surefire/maven-surefire-plugin/xsd/surefire-test-report.xsd" name="pl.edu.pjatk.tau.mmo.DatabaseTestSuite" time="1.45" tests="6" errors="1" skipped="0" failures="0">
  <properties>
    <property name="sun.desktop" value="gnome"/>
    <property name="awt.toolkit" value="sun.awt.X11.XToolkit"/>
    <property name="file.encoding.pkg" value="sun.io"/>
    <property name="java.specification.version" value="1.8"/>
    <property name="sun.cpu.isalist" value=""/>
    <property name="sun.jnu.encoding" value="UTF-8"/>
    <property name="java.class.path" value="/home/PJWSTK/s15196/tau/TAU-repozytorium/tau-mmo-mock/target/test-classes:/home/PJWSTK/s15196/tau/TAU-repozytorium/tau-mmo-mock/target/classes:/home/PJWSTK/s15196/.m2/repository/junit/junit/4.12/junit-4.12.jar:/home/PJWSTK/s15196/.m2/repository/org/hamcrest/hamcrest-core/1.3/hamcrest-core-1.3.jar:/home/PJWSTK/s15196/.m2/repository/org/hsqldb/hsqldb/2.3.4/hsqldb-2.3.4.jar:/home/PJWSTK/s15196/.m2/repository/org/mockito/mockito-core/2.15.0/mockito-core-2.15.0.jar:/home/PJWSTK/s15196/.m2/repository/net/bytebuddy/byte-buddy/1.7.9/byte-buddy-1.7.9.jar:/home/PJWSTK/s15196/.m2/repository/net/bytebuddy/byte-buddy-agent/1.7.9/byte-buddy-agent-1.7.9.jar:/home/PJWSTK/s15196/.m2/repository/org/objenesis/objenesis/2.6/objenesis-2.6.jar:"/>
    <property name="java.vm.vendor" value="Oracle Corporation"/>
    <property name="sun.arch.data.model" value="64"/>
    <property name="java.vendor.url" value="http://java.oracle.com/"/>
    <property name="user.timezone" value=""/>
    <property name="user.country.format" value="PL"/>
    <property name="java.vm.specification.version" value="1.8"/>
    <property name="os.name" value="Linux"/>
    <property name="user.country" value="US"/>
    <property name="sun.java.launcher" value="SUN_STANDARD"/>
    <property name="sun.boot.library.path" value="/usr/lib/jvm/java-8-openjdk-amd64/jre/lib/amd64"/>
    <property name="sun.java.command" value="/home/PJWSTK/s15196/tau/TAU-repozytorium/tau-mmo-mock/target/surefire/surefirebooter609328659531895124.jar /home/PJWSTK/s15196/tau/TAU-repozytorium/tau-mmo-mock/target/surefire 2019-03-19T11-14-24_008-jvmRun1 surefire320861020254951050tmp surefire_01995160566763294137tmp"/>
    <property name="surefire.test.class.path" value="/home/PJWSTK/s15196/tau/TAU-repozytorium/tau-mmo-mock/target/test-classes:/home/PJWSTK/s15196/tau/TAU-repozytorium/tau-mmo-mock/target/classes:/home/PJWSTK/s15196/.m2/repository/junit/junit/4.12/junit-4.12.jar:/home/PJWSTK/s15196/.m2/repository/org/hamcrest/hamcrest-core/1.3/hamcrest-core-1.3.jar:/home/PJWSTK/s15196/.m2/repository/org/hsqldb/hsqldb/2.3.4/hsqldb-2.3.4.jar:/home/PJWSTK/s15196/.m2/repository/org/mockito/mockito-core/2.15.0/mockito-core-2.15.0.jar:/home/PJWSTK/s15196/.m2/repository/net/bytebuddy/byte-buddy/1.7.9/byte-buddy-1.7.9.jar:/home/PJWSTK/s15196/.m2/repository/net/bytebuddy/byte-buddy-agent/1.7.9/byte-buddy-agent-1.7.9.jar:/home/PJWSTK/s15196/.m2/repository/org/objenesis/objenesis/2.6/objenesis-2.6.jar:"/>
    <property name="sun.cpu.endian" value="little"/>
    <property name="user.home" value="/home/PJWSTK/s15196"/>
    <property name="user.language" value="en"/>
    <property name="java.specification.vendor" value="Oracle Corporation"/>
    <property name="java.home" value="/usr/lib/jvm/java-8-openjdk-amd64/jre"/>
    <property name="basedir" value="/home/PJWSTK/s15196/tau/TAU-repozytorium/tau-mmo-mock"/>
    <property name="file.separator" value="/"/>
    <property name="line.separator" value="&#10;"/>
    <property name="java.vm.specification.vendor" value="Oracle Corporation"/>
    <property name="java.specification.name" value="Java Platform API Specification"/>
    <property name="java.awt.graphicsenv" value="sun.awt.X11GraphicsEnvironment"/>
    <property name="surefire.real.class.path" value="/home/PJWSTK/s15196/tau/TAU-repozytorium/tau-mmo-mock/target/surefire/surefirebooter609328659531895124.jar"/>
    <property name="sun.boot.class.path" value="/usr/lib/jvm/java-8-openjdk-amd64/jre/lib/resources.jar:/usr/lib/jvm/java-8-openjdk-amd64/jre/lib/rt.jar:/usr/lib/jvm/java-8-openjdk-amd64/jre/lib/sunrsasign.jar:/usr/lib/jvm/java-8-openjdk-amd64/jre/lib/jsse.jar:/usr/lib/jvm/java-8-openjdk-amd64/jre/lib/jce.jar:/usr/lib/jvm/java-8-openjdk-amd64/jre/lib/charsets.jar:/usr/lib/jvm/java-8-openjdk-amd64/jre/lib/jfr.jar:/usr/lib/jvm/java-8-openjdk-amd64/jre/classes"/>
    <property name="sun.management.compiler" value="HotSpot 64-Bit Tiered Compilers"/>
    <property name="java.runtime.version" value="1.8.0_181-8u181-b13-0ubuntu0.16.04.1-b13"/>
    <property name="user.name" value="s15196"/>
    <property name="path.separator" value=":"/>
    <property name="os.version" value="4.4.0-128-generic"/>
    <property name="java.endorsed.dirs" value="/usr/lib/jvm/java-8-openjdk-amd64/jre/lib/endorsed"/>
    <property name="java.runtime.name" value="OpenJDK Runtime Environment"/>
    <property name="file.encoding" value="UTF-8"/>
    <property name="java.vm.name" value="OpenJDK 64-Bit Server VM"/>
    <property name="localRepository" value="/home/PJWSTK/s15196/.m2/repository"/>
    <property name="java.vendor.url.bug" value="http://bugreport.sun.com/bugreport/"/>
    <property name="java.io.tmpdir" value="/tmp"/>
    <property name="java.version" value="1.8.0_181"/>
    <property name="user.dir" value="/home/PJWSTK/s15196/tau/TAU-repozytorium/tau-mmo-mock"/>
    <property name="os.arch" value="amd64"/>
    <property name="java.vm.specification.name" value="Java Virtual Machine Specification"/>
    <property name="java.awt.printerjob" value="sun.print.PSPrinterJob"/>
    <property name="user.language.format" value="pl"/>
    <property name="sun.os.patch.level" value="unknown"/>
    <property name="java.library.path" value="/usr/java/packages/lib/amd64:/usr/lib/x86_64-linux-gnu/jni:/lib/x86_64-linux-gnu:/usr/lib/x86_64-linux-gnu:/usr/lib/jni:/lib:/usr/lib"/>
    <property name="java.vm.info" value="mixed mode"/>
    <property name="java.vendor" value="Oracle Corporation"/>
    <property name="java.vm.version" value="25.181-b13"/>
    <property name="java.ext.dirs" value="/usr/lib/jvm/java-8-openjdk-amd64/jre/lib/ext:/usr/java/packages/lib/ext"/>
    <property name="sun.io.unicode.encoding" value="UnicodeLittle"/>
    <property name="java.class.version" value="52.0"/>
  </properties>
  <testcase name="checkDeletingSuccess" classname="pl.edu.pjatk.tau.mmo.dao.PlayerDaoTest" time="0.3"/>
  <testcase name="checkGetting" classname="pl.edu.pjatk.tau.mmo.dao.PlayerDaoTest" time="0.211"/>
  <testcase name="checkUpdatingSuccess" classname="pl.edu.pjatk.tau.mmo.dao.PlayerDaoTest" time="0.214"/>
  <testcase name="checkAdding" classname="pl.edu.pjatk.tau.mmo.dao.PlayerDaoTest" time="0.213"/>
  <testcase name="checkDeletingFailure" classname="pl.edu.pjatk.tau.mmo.dao.PlayerDaoTest" time="0.223">
    <error message="Unexpected exception, expected&lt;java.sql.SQLException&gt; but was&lt;java.lang.IllegalStateException&gt;" type="java.lang.Exception"><![CDATA[java.lang.Exception: Unexpected exception, expected<java.sql.SQLException> but was<java.lang.IllegalStateException>
	at pl.edu.pjatk.tau.mmo.dao.PlayerDaoTest.checkDeletingFailure(PlayerDaoTest.java:165)
]]></error>
  </testcase>
  <testcase name="checkUpdatingFailure" classname="pl.edu.pjatk.tau.mmo.dao.PlayerDaoTest" time="0.212"/>
</testsuite>