<?xml version="1.0" encoding="UTF-8"?>
<testsuite xmlns:xsi="http://www.w3.org/2001/XMLSchema-instance" xsi:noNamespaceSchemaLocation="https://maven.apache.org/surefire/maven-surefire-plugin/xsd/surefire-test-report.xsd" name="pl.edu.pjatk.tau.DatabaseTestSuite" time="0.177" tests="12" errors="12" skipped="0" failures="0">
  <properties>
    <property name="sun.desktop" value="gnome"/>
    <property name="awt.toolkit" value="sun.awt.X11.XToolkit"/>
    <property name="file.encoding.pkg" value="sun.io"/>
    <property name="java.specification.version" value="1.8"/>
    <property name="sun.cpu.isalist" value=""/>
    <property name="sun.jnu.encoding" value="UTF-8"/>
    <property name="java.class.path" value="/home/PJWSTK/s15196/tau/TAU-repozytorium/tau-mmo-database/target/test-classes:/home/PJWSTK/s15196/tau/TAU-repozytorium/tau-mmo-database/target/classes:/home/PJWSTK/s15196/.m2/repository/junit/junit/4.12/junit-4.12.jar:/home/PJWSTK/s15196/.m2/repository/org/hamcrest/hamcrest-core/1.3/hamcrest-core-1.3.jar:/home/PJWSTK/s15196/.m2/repository/org/hsqldb/hsqldb/2.3.4/hsqldb-2.3.4.jar:"/>
    <property name="java.vm.vendor" value="Oracle Corporation"/>
    <property name="sun.arch.data.model" value="64"/>
    <property name="java.vendor.url" value="http://java.oracle.com/"/>
    <property name="user.timezone" value=""/>
    <property name="user.country.format" value="PL"/>
    <property name="java.vm.specification.version" value="1.8"/>
    <property name="os.name" value="Linux"/>
    <property name="user.country" value="US"/>
    <property name="sun.java.launcher" value="SUN_STANDARD"/>
    <property name="sun.boot.library.path" value="/usr/lib/jvm/java-8-openjdk-amd64/jre/lib/amd64"/>
    <property name="sun.java.command" value="/home/PJWSTK/s15196/tau/TAU-repozytorium/tau-mmo-database/target/surefire/surefirebooter8208347544504138203.jar /home/PJWSTK/s15196/tau/TAU-repozytorium/tau-mmo-database/target/surefire 2019-03-19T10-01-01_708-jvmRun1 surefire4211921357637018972tmp surefire_07041834095767256225tmp"/>
    <property name="surefire.test.class.path" value="/home/PJWSTK/s15196/tau/TAU-repozytorium/tau-mmo-database/target/test-classes:/home/PJWSTK/s15196/tau/TAU-repozytorium/tau-mmo-database/target/classes:/home/PJWSTK/s15196/.m2/repository/junit/junit/4.12/junit-4.12.jar:/home/PJWSTK/s15196/.m2/repository/org/hamcrest/hamcrest-core/1.3/hamcrest-core-1.3.jar:/home/PJWSTK/s15196/.m2/repository/org/hsqldb/hsqldb/2.3.4/hsqldb-2.3.4.jar:"/>
    <property name="sun.cpu.endian" value="little"/>
    <property name="user.home" value="/home/PJWSTK/s15196"/>
    <property name="user.language" value="en"/>
    <property name="java.specification.vendor" value="Oracle Corporation"/>
    <property name="java.home" value="/usr/lib/jvm/java-8-openjdk-amd64/jre"/>
    <property name="basedir" value="/home/PJWSTK/s15196/tau/TAU-repozytorium/tau-mmo-database"/>
    <property name="file.separator" value="/"/>
    <property name="line.separator" value="&#10;"/>
    <property name="java.vm.specification.vendor" value="Oracle Corporation"/>
    <property name="java.specification.name" value="Java Platform API Specification"/>
    <property name="java.awt.graphicsenv" value="sun.awt.X11GraphicsEnvironment"/>
    <property name="surefire.real.class.path" value="/home/PJWSTK/s15196/tau/TAU-repozytorium/tau-mmo-database/target/surefire/surefirebooter8208347544504138203.jar"/>
    <property name="sun.boot.class.path" value="/usr/lib/jvm/java-8-openjdk-amd64/jre/lib/resources.jar:/usr/lib/jvm/java-8-openjdk-amd64/jre/lib/rt.jar:/usr/lib/jvm/java-8-openjdk-amd64/jre/lib/sunrsasign.jar:/usr/lib/jvm/java-8-openjdk-amd64/jre/lib/jsse.jar:/usr/lib/jvm/java-8-openjdk-amd64/jre/lib/jce.jar:/usr/lib/jvm/java-8-openjdk-amd64/jre/lib/charsets.jar:/usr/lib/jvm/java-8-openjdk-amd64/jre/lib/jfr.jar:/usr/lib/jvm/java-8-openjdk-amd64/jre/classes"/>
    <property name="sun.management.compiler" value="HotSpot 64-Bit Tiered Compilers"/>
    <property name="java.runtime.version" value="1.8.0_181-8u181-b13-0ubuntu0.16.04.1-b13"/>
    <property name="user.name" value="s15196"/>
    <property name="path.separator" value=":"/>
    <property name="os.version" value="4.4.0-128-generic"/>
    <property name="java.endorsed.dirs" value="/usr/lib/jvm/java-8-openjdk-amd64/jre/lib/endorsed"/>
    <property name="java.runtime.name" value="OpenJDK Runtime Environment"/>
    <property name="file.encoding" value="UTF-8"/>
    <property name="java.vm.name" value="OpenJDK 64-Bit Server VM"/>
    <property name="localRepository" value="/home/PJWSTK/s15196/.m2/repository"/>
    <property name="java.vendor.url.bug" value="http://bugreport.sun.com/bugreport/"/>
    <property name="java.io.tmpdir" value="/tmp"/>
    <property name="java.version" value="1.8.0_181"/>
    <property name="user.dir" value="/home/PJWSTK/s15196/tau/TAU-repozytorium/tau-mmo-database"/>
    <property name="os.arch" value="amd64"/>
    <property name="java.vm.specification.name" value="Java Virtual Machine Specification"/>
    <property name="java.awt.printerjob" value="sun.print.PSPrinterJob"/>
    <property name="user.language.format" value="pl"/>
    <property name="sun.os.patch.level" value="unknown"/>
    <property name="java.library.path" value="/usr/java/packages/lib/amd64:/usr/lib/x86_64-linux-gnu/jni:/lib/x86_64-linux-gnu:/usr/lib/x86_64-linux-gnu:/usr/lib/jni:/lib:/usr/lib"/>
    <property name="java.vm.info" value="mixed mode"/>
    <property name="java.vendor" value="Oracle Corporation"/>
    <property name="java.vm.version" value="25.181-b13"/>
    <property name="java.ext.dirs" value="/usr/lib/jvm/java-8-openjdk-amd64/jre/lib/ext:/usr/java/packages/lib/ext"/>
    <property name="sun.io.unicode.encoding" value="UnicodeLittle"/>
    <property name="java.class.version" value="52.0"/>
  </properties>
  <testcase name="checkDeleting" classname="pl.edu.pjatk.tau.dao.PlayerDaoTest" time="0.11">
    <error message="java.net.ConnectException: Connection refused (Connection refused)" type="java.sql.SQLTransientConnectionException">java.sql.SQLTransientConnectionException: java.net.ConnectException: Connection refused (Connection refused)
	at pl.edu.pjatk.tau.dao.PlayerDaoTest.setup(PlayerDaoTest.java:30)
Caused by: org.hsqldb.HsqlException: java.net.ConnectException: Connection refused (Connection refused)
	at pl.edu.pjatk.tau.dao.PlayerDaoTest.setup(PlayerDaoTest.java:30)
Caused by: java.net.ConnectException: Connection refused (Connection refused)
	at pl.edu.pjatk.tau.dao.PlayerDaoTest.setup(PlayerDaoTest.java:30)
</error>
  </testcase>
  <testcase name="checkDeleting" classname="pl.edu.pjatk.tau.dao.PlayerDaoTest" time="0.111">
    <error message="java.net.ConnectException: Connection refused (Connection refused)" type="java.sql.SQLTransientConnectionException">java.sql.SQLTransientConnectionException: java.net.ConnectException: Connection refused (Connection refused)
	at pl.edu.pjatk.tau.dao.PlayerDaoTest.cleanup(PlayerDaoTest.java:69)
Caused by: org.hsqldb.HsqlException: java.net.ConnectException: Connection refused (Connection refused)
	at pl.edu.pjatk.tau.dao.PlayerDaoTest.cleanup(PlayerDaoTest.java:69)
Caused by: java.net.ConnectException: Connection refused (Connection refused)
	at pl.edu.pjatk.tau.dao.PlayerDaoTest.cleanup(PlayerDaoTest.java:69)
</error>
  </testcase>
  <testcase name="checkDeletingSuccess" classname="pl.edu.pjatk.tau.dao.PlayerDaoTest" time="0.002">
    <error message="java.net.ConnectException: Connection refused (Connection refused)" type="java.sql.SQLTransientConnectionException">java.sql.SQLTransientConnectionException: java.net.ConnectException: Connection refused (Connection refused)
	at pl.edu.pjatk.tau.dao.PlayerDaoTest.setup(PlayerDaoTest.java:30)
Caused by: org.hsqldb.HsqlException: java.net.ConnectException: Connection refused (Connection refused)
	at pl.edu.pjatk.tau.dao.PlayerDaoTest.setup(PlayerDaoTest.java:30)
Caused by: java.net.ConnectException: Connection refused (Connection refused)
	at pl.edu.pjatk.tau.dao.PlayerDaoTest.setup(PlayerDaoTest.java:30)
</error>
  </testcase>
  <testcase name="checkDeletingSuccess" classname="pl.edu.pjatk.tau.dao.PlayerDaoTest" time="0.003">
    <error message="java.net.ConnectException: Connection refused (Connection refused)" type="java.sql.SQLTransientConnectionException">java.sql.SQLTransientConnectionException: java.net.ConnectException: Connection refused (Connection refused)
	at pl.edu.pjatk.tau.dao.PlayerDaoTest.cleanup(PlayerDaoTest.java:69)
Caused by: org.hsqldb.HsqlException: java.net.ConnectException: Connection refused (Connection refused)
	at pl.edu.pjatk.tau.dao.PlayerDaoTest.cleanup(PlayerDaoTest.java:69)
Caused by: java.net.ConnectException: Connection refused (Connection refused)
	at pl.edu.pjatk.tau.dao.PlayerDaoTest.cleanup(PlayerDaoTest.java:69)
</error>
  </testcase>
  <testcase name="checkGetting" classname="pl.edu.pjatk.tau.dao.PlayerDaoTest" time="0.002">
    <error message="java.net.ConnectException: Connection refused (Connection refused)" type="java.sql.SQLTransientConnectionException">java.sql.SQLTransientConnectionException: java.net.ConnectException: Connection refused (Connection refused)
	at pl.edu.pjatk.tau.dao.PlayerDaoTest.setup(PlayerDaoTest.java:30)
Caused by: org.hsqldb.HsqlException: java.net.ConnectException: Connection refused (Connection refused)
	at pl.edu.pjatk.tau.dao.PlayerDaoTest.setup(PlayerDaoTest.java:30)
Caused by: java.net.ConnectException: Connection refused (Connection refused)
	at pl.edu.pjatk.tau.dao.PlayerDaoTest.setup(PlayerDaoTest.java:30)
</error>
  </testcase>
  <testcase name="checkGetting" classname="pl.edu.pjatk.tau.dao.PlayerDaoTest" time="0.003">
    <error message="java.net.ConnectException: Connection refused (Connection refused)" type="java.sql.SQLTransientConnectionException">java.sql.SQLTransientConnectionException: java.net.ConnectException: Connection refused (Connection refused)
	at pl.edu.pjatk.tau.dao.PlayerDaoTest.cleanup(PlayerDaoTest.java:69)
Caused by: org.hsqldb.HsqlException: java.net.ConnectException: Connection refused (Connection refused)
	at pl.edu.pjatk.tau.dao.PlayerDaoTest.cleanup(PlayerDaoTest.java:69)
Caused by: java.net.ConnectException: Connection refused (Connection refused)
	at pl.edu.pjatk.tau.dao.PlayerDaoTest.cleanup(PlayerDaoTest.java:69)
</error>
  </testcase>
  <testcase name="checkUpdatingSuccess" classname="pl.edu.pjatk.tau.dao.PlayerDaoTest" time="0.002">
    <error message="java.net.ConnectException: Connection refused (Connection refused)" type="java.sql.SQLTransientConnectionException">java.sql.SQLTransientConnectionException: java.net.ConnectException: Connection refused (Connection refused)
	at pl.edu.pjatk.tau.dao.PlayerDaoTest.setup(PlayerDaoTest.java:30)
Caused by: org.hsqldb.HsqlException: java.net.ConnectException: Connection refused (Connection refused)
	at pl.edu.pjatk.tau.dao.PlayerDaoTest.setup(PlayerDaoTest.java:30)
Caused by: java.net.ConnectException: Connection refused (Connection refused)
	at pl.edu.pjatk.tau.dao.PlayerDaoTest.setup(PlayerDaoTest.java:30)
</error>
  </testcase>
  <testcase name="checkUpdatingSuccess" classname="pl.edu.pjatk.tau.dao.PlayerDaoTest" time="0.003">
    <error message="java.net.ConnectException: Connection refused (Connection refused)" type="java.sql.SQLTransientConnectionException">java.sql.SQLTransientConnectionException: java.net.ConnectException: Connection refused (Connection refused)
	at pl.edu.pjatk.tau.dao.PlayerDaoTest.cleanup(PlayerDaoTest.java:69)
Caused by: org.hsqldb.HsqlException: java.net.ConnectException: Connection refused (Connection refused)
	at pl.edu.pjatk.tau.dao.PlayerDaoTest.cleanup(PlayerDaoTest.java:69)
Caused by: java.net.ConnectException: Connection refused (Connection refused)
	at pl.edu.pjatk.tau.dao.PlayerDaoTest.cleanup(PlayerDaoTest.java:69)
</error>
  </testcase>
  <testcase name="checkAdding" classname="pl.edu.pjatk.tau.dao.PlayerDaoTest" time="0.002">
    <error message="java.net.ConnectException: Connection refused (Connection refused)" type="java.sql.SQLTransientConnectionException">java.sql.SQLTransientConnectionException: java.net.ConnectException: Connection refused (Connection refused)
	at pl.edu.pjatk.tau.dao.PlayerDaoTest.setup(PlayerDaoTest.java:30)
Caused by: org.hsqldb.HsqlException: java.net.ConnectException: Connection refused (Connection refused)
	at pl.edu.pjatk.tau.dao.PlayerDaoTest.setup(PlayerDaoTest.java:30)
Caused by: java.net.ConnectException: Connection refused (Connection refused)
	at pl.edu.pjatk.tau.dao.PlayerDaoTest.setup(PlayerDaoTest.java:30)
</error>
  </testcase>
  <testcase name="checkAdding" classname="pl.edu.pjatk.tau.dao.PlayerDaoTest" time="0.003">
    <error message="java.net.ConnectException: Connection refused (Connection refused)" type="java.sql.SQLTransientConnectionException">java.sql.SQLTransientConnectionException: java.net.ConnectException: Connection refused (Connection refused)
	at pl.edu.pjatk.tau.dao.PlayerDaoTest.cleanup(PlayerDaoTest.java:69)
Caused by: org.hsqldb.HsqlException: java.net.ConnectException: Connection refused (Connection refused)
	at pl.edu.pjatk.tau.dao.PlayerDaoTest.cleanup(PlayerDaoTest.java:69)
Caused by: java.net.ConnectException: Connection refused (Connection refused)
	at pl.edu.pjatk.tau.dao.PlayerDaoTest.cleanup(PlayerDaoTest.java:69)
</error>
  </testcase>
  <testcase name="checkUpdatingFailure" classname="pl.edu.pjatk.tau.dao.PlayerDaoTest" time="0.002">
    <error message="java.net.ConnectException: Connection refused (Connection refused)" type="java.sql.SQLTransientConnectionException">java.sql.SQLTransientConnectionException: java.net.ConnectException: Connection refused (Connection refused)
	at pl.edu.pjatk.tau.dao.PlayerDaoTest.setup(PlayerDaoTest.java:30)
Caused by: org.hsqldb.HsqlException: java.net.ConnectException: Connection refused (Connection refused)
	at pl.edu.pjatk.tau.dao.PlayerDaoTest.setup(PlayerDaoTest.java:30)
Caused by: java.net.ConnectException: Connection refused (Connection refused)
	at pl.edu.pjatk.tau.dao.PlayerDaoTest.setup(PlayerDaoTest.java:30)
</error>
  </testcase>
  <testcase name="checkUpdatingFailure" classname="pl.edu.pjatk.tau.dao.PlayerDaoTest" time="0.003">
    <error message="java.net.ConnectException: Connection refused (Connection refused)" type="java.sql.SQLTransientConnectionException">java.sql.SQLTransientConnectionException: java.net.ConnectException: Connection refused (Connection refused)
	at pl.edu.pjatk.tau.dao.PlayerDaoTest.cleanup(PlayerDaoTest.java:69)
Caused by: org.hsqldb.HsqlException: java.net.ConnectException: Connection refused (Connection refused)
	at pl.edu.pjatk.tau.dao.PlayerDaoTest.cleanup(PlayerDaoTest.java:69)
Caused by: java.net.ConnectException: Connection refused (Connection refused)
	at pl.edu.pjatk.tau.dao.PlayerDaoTest.cleanup(PlayerDaoTest.java:69)
</error>
  </testcase>
</testsuite>