<?xml version="1.0" encoding="UTF-8"?>
<testsuite xmlns:xsi="http://www.w3.org/2001/XMLSchema-instance" xsi:noNamespaceSchemaLocation="https://maven.apache.org/surefire/maven-surefire-plugin/xsd/surefire-test-report.xsd" name="tau.mmo.service.PlayerManagerTest" time="4.328" tests="12" errors="12" skipped="0" failures="0">
  <properties>
    <property name="sun.desktop" value="gnome"/>
    <property name="awt.toolkit" value="sun.awt.X11.XToolkit"/>
    <property name="java.specification.version" value="11"/>
    <property name="sun.cpu.isalist" value=""/>
    <property name="sun.jnu.encoding" value="UTF-8"/>
    <property name="java.class.path" value="/home/whitewolf/tau/TAU-repozytorium/tau-mmo-jmeter/target/test-classes:/home/whitewolf/tau/TAU-repozytorium/tau-mmo-jmeter/target/classes:/home/whitewolf/.m2/repository/org/springframework/boot/spring-boot-starter-web/2.1.4.RELEASE/spring-boot-starter-web-2.1.4.RELEASE.jar:/home/whitewolf/.m2/repository/org/springframework/boot/spring-boot-starter/2.1.4.RELEASE/spring-boot-starter-2.1.4.RELEASE.jar:/home/whitewolf/.m2/repository/org/springframework/boot/spring-boot/2.1.4.RELEASE/spring-boot-2.1.4.RELEASE.jar:/home/whitewolf/.m2/repository/org/springframework/boot/spring-boot-autoconfigure/2.1.4.RELEASE/spring-boot-autoconfigure-2.1.4.RELEASE.jar:/home/whitewolf/.m2/repository/org/springframework/boot/spring-boot-starter-logging/2.1.4.RELEASE/spring-boot-starter-logging-2.1.4.RELEASE.jar:/home/whitewolf/.m2/repository/ch/qos/logback/logback-classic/1.2.3/logback-classic-1.2.3.jar:/home/whitewolf/.m2/repository/ch/qos/logback/logback-core/1.2.3/logback-core-1.2.3.jar:/home/whitewolf/.m2/repository/org/apache/logging/log4j/log4j-to-slf4j/2.11.2/log4j-to-slf4j-2.11.2.jar:/home/whitewolf/.m2/repository/org/apache/logging/log4j/log4j-api/2.11.2/log4j-api-2.11.2.jar:/home/whitewolf/.m2/repository/org/slf4j/jul-to-slf4j/1.7.26/jul-to-slf4j-1.7.26.jar:/home/whitewolf/.m2/repository/org/yaml/snakeyaml/1.23/snakeyaml-1.23.jar:/home/whitewolf/.m2/repository/org/springframework/boot/spring-boot-starter-json/2.1.4.RELEASE/spring-boot-starter-json-2.1.4.RELEASE.jar:/home/whitewolf/.m2/repository/com/fasterxml/jackson/core/jackson-databind/2.9.8/jackson-databind-2.9.8.jar:/home/whitewolf/.m2/repository/com/fasterxml/jackson/core/jackson-annotations/2.9.0/jackson-annotations-2.9.0.jar:/home/whitewolf/.m2/repository/com/fasterxml/jackson/core/jackson-core/2.9.8/jackson-core-2.9.8.jar:/home/whitewolf/.m2/repository/com/fasterxml/jackson/datatype/jackson-datatype-jdk8/2.9.8/jackson-datatype-jdk8-2.9.8.jar:/home/whitewolf/.m2/repository/com/fasterxml/jackson/datatype/jackson-datatype-jsr310/2.9.8/jackson-datatype-jsr310-2.9.8.jar:/home/whitewolf/.m2/repository/com/fasterxml/jackson/module/jackson-module-parameter-names/2.9.8/jackson-module-parameter-names-2.9.8.jar:/home/whitewolf/.m2/repository/org/hibernate/validator/hibernate-validator/6.0.16.Final/hibernate-validator-6.0.16.Final.jar:/home/whitewolf/.m2/repository/javax/validation/validation-api/2.0.1.Final/validation-api-2.0.1.Final.jar:/home/whitewolf/.m2/repository/org/springframework/spring-web/5.1.6.RELEASE/spring-web-5.1.6.RELEASE.jar:/home/whitewolf/.m2/repository/org/springframework/spring-webmvc/5.1.6.RELEASE/spring-webmvc-5.1.6.RELEASE.jar:/home/whitewolf/.m2/repository/org/springframework/spring-aop/5.1.6.RELEASE/spring-aop-5.1.6.RELEASE.jar:/home/whitewolf/.m2/repository/org/springframework/spring-context/5.1.6.RELEASE/spring-context-5.1.6.RELEASE.jar:/home/whitewolf/.m2/repository/org/springframework/spring-expression/5.1.6.RELEASE/spring-expression-5.1.6.RELEASE.jar:/home/whitewolf/.m2/repository/org/springframework/boot/spring-boot-starter-test/2.1.4.RELEASE/spring-boot-starter-test-2.1.4.RELEASE.jar:/home/whitewolf/.m2/repository/org/springframework/boot/spring-boot-test/2.1.4.RELEASE/spring-boot-test-2.1.4.RELEASE.jar:/home/whitewolf/.m2/repository/org/springframework/boot/spring-boot-test-autoconfigure/2.1.4.RELEASE/spring-boot-test-autoconfigure-2.1.4.RELEASE.jar:/home/whitewolf/.m2/repository/junit/junit/4.12/junit-4.12.jar:/home/whitewolf/.m2/repository/org/assertj/assertj-core/3.11.1/assertj-core-3.11.1.jar:/home/whitewolf/.m2/repository/org/mockito/mockito-core/2.23.4/mockito-core-2.23.4.jar:/home/whitewolf/.m2/repository/net/bytebuddy/byte-buddy/1.9.12/byte-buddy-1.9.12.jar:/home/whitewolf/.m2/repository/net/bytebuddy/byte-buddy-agent/1.9.12/byte-buddy-agent-1.9.12.jar:/home/whitewolf/.m2/repository/org/objenesis/objenesis/2.6/objenesis-2.6.jar:/home/whitewolf/.m2/repository/org/hamcrest/hamcrest-core/1.3/hamcrest-core-1.3.jar:/home/whitewolf/.m2/repository/org/hamcrest/hamcrest-library/1.3/hamcrest-library-1.3.jar:/home/whitewolf/.m2/repository/org/skyscreamer/jsonassert/1.5.0/jsonassert-1.5.0.jar:/home/whitewolf/.m2/repository/com/vaadin/external/google/android-json/0.0.20131108.vaadin1/android-json-0.0.20131108.vaadin1.jar:/home/whitewolf/.m2/repository/org/springframework/spring-core/5.1.6.RELEASE/spring-core-5.1.6.RELEASE.jar:/home/whitewolf/.m2/repository/org/springframework/spring-jcl/5.1.6.RELEASE/spring-jcl-5.1.6.RELEASE.jar:/home/whitewolf/.m2/repository/org/springframework/spring-test/5.1.6.RELEASE/spring-test-5.1.6.RELEASE.jar:/home/whitewolf/.m2/repository/org/xmlunit/xmlunit-core/2.6.2/xmlunit-core-2.6.2.jar:/home/whitewolf/.m2/repository/org/springframework/boot/spring-boot-starter-tomcat/2.1.4.RELEASE/spring-boot-starter-tomcat-2.1.4.RELEASE.jar:/home/whitewolf/.m2/repository/javax/annotation/javax.annotation-api/1.3.2/javax.annotation-api-1.3.2.jar:/home/whitewolf/.m2/repository/org/apache/tomcat/embed/tomcat-embed-core/9.0.17/tomcat-embed-core-9.0.17.jar:/home/whitewolf/.m2/repository/org/apache/tomcat/embed/tomcat-embed-el/9.0.17/tomcat-embed-el-9.0.17.jar:/home/whitewolf/.m2/repository/org/apache/tomcat/embed/tomcat-embed-websocket/9.0.17/tomcat-embed-websocket-9.0.17.jar:/home/whitewolf/.m2/repository/org/springframework/boot/spring-boot-starter-data-jpa/2.1.4.RELEASE/spring-boot-starter-data-jpa-2.1.4.RELEASE.jar:/home/whitewolf/.m2/repository/org/springframework/boot/spring-boot-starter-aop/2.1.4.RELEASE/spring-boot-starter-aop-2.1.4.RELEASE.jar:/home/whitewolf/.m2/repository/org/aspectj/aspectjweaver/1.9.2/aspectjweaver-1.9.2.jar:/home/whitewolf/.m2/repository/org/springframework/boot/spring-boot-starter-jdbc/2.1.4.RELEASE/spring-boot-starter-jdbc-2.1.4.RELEASE.jar:/home/whitewolf/.m2/repository/com/zaxxer/HikariCP/3.2.0/HikariCP-3.2.0.jar:/home/whitewolf/.m2/repository/org/springframework/spring-jdbc/5.1.6.RELEASE/spring-jdbc-5.1.6.RELEASE.jar:/home/whitewolf/.m2/repository/javax/transaction/javax.transaction-api/1.3/javax.transaction-api-1.3.jar:/home/whitewolf/.m2/repository/javax/xml/bind/jaxb-api/2.3.1/jaxb-api-2.3.1.jar:/home/whitewolf/.m2/repository/javax/activation/javax.activation-api/1.2.0/javax.activation-api-1.2.0.jar:/home/whitewolf/.m2/repository/org/springframework/data/spring-data-jpa/2.1.6.RELEASE/spring-data-jpa-2.1.6.RELEASE.jar:/home/whitewolf/.m2/repository/org/springframework/data/spring-data-commons/2.1.6.RELEASE/spring-data-commons-2.1.6.RELEASE.jar:/home/whitewolf/.m2/repository/org/springframework/spring-orm/5.1.6.RELEASE/spring-orm-5.1.6.RELEASE.jar:/home/whitewolf/.m2/repository/org/springframework/spring-aspects/5.1.6.RELEASE/spring-aspects-5.1.6.RELEASE.jar:/home/whitewolf/.m2/repository/org/springframework/spring-tx/5.1.6.RELEASE/spring-tx-5.1.6.RELEASE.jar:/home/whitewolf/.m2/repository/org/springframework/spring-beans/5.1.6.RELEASE/spring-beans-5.1.6.RELEASE.jar:/home/whitewolf/.m2/repository/com/jayway/jsonpath/json-path/2.4.0/json-path-2.4.0.jar:/home/whitewolf/.m2/repository/net/minidev/json-smart/2.3/json-smart-2.3.jar:/home/whitewolf/.m2/repository/net/minidev/accessors-smart/1.2/accessors-smart-1.2.jar:/home/whitewolf/.m2/repository/org/ow2/asm/asm/5.0.4/asm-5.0.4.jar:/home/whitewolf/.m2/repository/org/slf4j/slf4j-api/1.7.26/slf4j-api-1.7.26.jar:/home/whitewolf/.m2/repository/org/hibernate/hibernate-core/5.1.6.Final/hibernate-core-5.1.6.Final.jar:/home/whitewolf/.m2/repository/org/jboss/logging/jboss-logging/3.3.2.Final/jboss-logging-3.3.2.Final.jar:/home/whitewolf/.m2/repository/org/hibernate/javax/persistence/hibernate-jpa-2.1-api/1.0.0.Final/hibernate-jpa-2.1-api-1.0.0.Final.jar:/home/whitewolf/.m2/repository/org/javassist/javassist/3.20.0-GA/javassist-3.20.0-GA.jar:/home/whitewolf/.m2/repository/antlr/antlr/2.7.7/antlr-2.7.7.jar:/home/whitewolf/.m2/repository/org/apache/geronimo/specs/geronimo-jta_1.1_spec/1.1.1/geronimo-jta_1.1_spec-1.1.1.jar:/home/whitewolf/.m2/repository/org/jboss/jandex/2.0.3.Final/jandex-2.0.3.Final.jar:/home/whitewolf/.m2/repository/com/fasterxml/classmate/1.4.0/classmate-1.4.0.jar:/home/whitewolf/.m2/repository/dom4j/dom4j/1.6.1/dom4j-1.6.1.jar:/home/whitewolf/.m2/repository/org/hibernate/common/hibernate-commons-annotations/5.0.1.Final/hibernate-commons-annotations-5.0.1.Final.jar:/home/whitewolf/.m2/repository/org/hsqldb/hsqldb/2.3.4/hsqldb-2.3.4.jar:"/>
    <property name="java.vm.vendor" value="Oracle Corporation"/>
    <property name="sun.arch.data.model" value="64"/>
    <property name="java.vendor.url" value="http://java.oracle.com/"/>
    <property name="user.timezone" value=""/>
    <property name="java.vm.specification.version" value="11"/>
    <property name="os.name" value="Linux"/>
    <property name="sun.java.launcher" value="SUN_STANDARD"/>
    <property name="user.country" value="PL"/>
    <property name="sun.boot.library.path" value="/usr/lib/jvm/java-11-openjdk-amd64/lib"/>
    <property name="sun.java.command" value="/home/whitewolf/tau/TAU-repozytorium/tau-mmo-jmeter/target/surefire/surefirebooter3068630985977223282.jar /home/whitewolf/tau/TAU-repozytorium/tau-mmo-jmeter/target/surefire 2019-05-27T19-40-27_728-jvmRun1 surefire9941762728851701862tmp surefire_013181237219562226252tmp"/>
    <property name="jdk.debug" value="release"/>
    <property name="surefire.test.class.path" value="/home/whitewolf/tau/TAU-repozytorium/tau-mmo-jmeter/target/test-classes:/home/whitewolf/tau/TAU-repozytorium/tau-mmo-jmeter/target/classes:/home/whitewolf/.m2/repository/org/springframework/boot/spring-boot-starter-web/2.1.4.RELEASE/spring-boot-starter-web-2.1.4.RELEASE.jar:/home/whitewolf/.m2/repository/org/springframework/boot/spring-boot-starter/2.1.4.RELEASE/spring-boot-starter-2.1.4.RELEASE.jar:/home/whitewolf/.m2/repository/org/springframework/boot/spring-boot/2.1.4.RELEASE/spring-boot-2.1.4.RELEASE.jar:/home/whitewolf/.m2/repository/org/springframework/boot/spring-boot-autoconfigure/2.1.4.RELEASE/spring-boot-autoconfigure-2.1.4.RELEASE.jar:/home/whitewolf/.m2/repository/org/springframework/boot/spring-boot-starter-logging/2.1.4.RELEASE/spring-boot-starter-logging-2.1.4.RELEASE.jar:/home/whitewolf/.m2/repository/ch/qos/logback/logback-classic/1.2.3/logback-classic-1.2.3.jar:/home/whitewolf/.m2/repository/ch/qos/logback/logback-core/1.2.3/logback-core-1.2.3.jar:/home/whitewolf/.m2/repository/org/apache/logging/log4j/log4j-to-slf4j/2.11.2/log4j-to-slf4j-2.11.2.jar:/home/whitewolf/.m2/repository/org/apache/logging/log4j/log4j-api/2.11.2/log4j-api-2.11.2.jar:/home/whitewolf/.m2/repository/org/slf4j/jul-to-slf4j/1.7.26/jul-to-slf4j-1.7.26.jar:/home/whitewolf/.m2/repository/org/yaml/snakeyaml/1.23/snakeyaml-1.23.jar:/home/whitewolf/.m2/repository/org/springframework/boot/spring-boot-starter-json/2.1.4.RELEASE/spring-boot-starter-json-2.1.4.RELEASE.jar:/home/whitewolf/.m2/repository/com/fasterxml/jackson/core/jackson-databind/2.9.8/jackson-databind-2.9.8.jar:/home/whitewolf/.m2/repository/com/fasterxml/jackson/core/jackson-annotations/2.9.0/jackson-annotations-2.9.0.jar:/home/whitewolf/.m2/repository/com/fasterxml/jackson/core/jackson-core/2.9.8/jackson-core-2.9.8.jar:/home/whitewolf/.m2/repository/com/fasterxml/jackson/datatype/jackson-datatype-jdk8/2.9.8/jackson-datatype-jdk8-2.9.8.jar:/home/whitewolf/.m2/repository/com/fasterxml/jackson/datatype/jackson-datatype-jsr310/2.9.8/jackson-datatype-jsr310-2.9.8.jar:/home/whitewolf/.m2/repository/com/fasterxml/jackson/module/jackson-module-parameter-names/2.9.8/jackson-module-parameter-names-2.9.8.jar:/home/whitewolf/.m2/repository/org/hibernate/validator/hibernate-validator/6.0.16.Final/hibernate-validator-6.0.16.Final.jar:/home/whitewolf/.m2/repository/javax/validation/validation-api/2.0.1.Final/validation-api-2.0.1.Final.jar:/home/whitewolf/.m2/repository/org/springframework/spring-web/5.1.6.RELEASE/spring-web-5.1.6.RELEASE.jar:/home/whitewolf/.m2/repository/org/springframework/spring-webmvc/5.1.6.RELEASE/spring-webmvc-5.1.6.RELEASE.jar:/home/whitewolf/.m2/repository/org/springframework/spring-aop/5.1.6.RELEASE/spring-aop-5.1.6.RELEASE.jar:/home/whitewolf/.m2/repository/org/springframework/spring-context/5.1.6.RELEASE/spring-context-5.1.6.RELEASE.jar:/home/whitewolf/.m2/repository/org/springframework/spring-expression/5.1.6.RELEASE/spring-expression-5.1.6.RELEASE.jar:/home/whitewolf/.m2/repository/org/springframework/boot/spring-boot-starter-test/2.1.4.RELEASE/spring-boot-starter-test-2.1.4.RELEASE.jar:/home/whitewolf/.m2/repository/org/springframework/boot/spring-boot-test/2.1.4.RELEASE/spring-boot-test-2.1.4.RELEASE.jar:/home/whitewolf/.m2/repository/org/springframework/boot/spring-boot-test-autoconfigure/2.1.4.RELEASE/spring-boot-test-autoconfigure-2.1.4.RELEASE.jar:/home/whitewolf/.m2/repository/junit/junit/4.12/junit-4.12.jar:/home/whitewolf/.m2/repository/org/assertj/assertj-core/3.11.1/assertj-core-3.11.1.jar:/home/whitewolf/.m2/repository/org/mockito/mockito-core/2.23.4/mockito-core-2.23.4.jar:/home/whitewolf/.m2/repository/net/bytebuddy/byte-buddy/1.9.12/byte-buddy-1.9.12.jar:/home/whitewolf/.m2/repository/net/bytebuddy/byte-buddy-agent/1.9.12/byte-buddy-agent-1.9.12.jar:/home/whitewolf/.m2/repository/org/objenesis/objenesis/2.6/objenesis-2.6.jar:/home/whitewolf/.m2/repository/org/hamcrest/hamcrest-core/1.3/hamcrest-core-1.3.jar:/home/whitewolf/.m2/repository/org/hamcrest/hamcrest-library/1.3/hamcrest-library-1.3.jar:/home/whitewolf/.m2/repository/org/skyscreamer/jsonassert/1.5.0/jsonassert-1.5.0.jar:/home/whitewolf/.m2/repository/com/vaadin/external/google/android-json/0.0.20131108.vaadin1/android-json-0.0.20131108.vaadin1.jar:/home/whitewolf/.m2/repository/org/springframework/spring-core/5.1.6.RELEASE/spring-core-5.1.6.RELEASE.jar:/home/whitewolf/.m2/repository/org/springframework/spring-jcl/5.1.6.RELEASE/spring-jcl-5.1.6.RELEASE.jar:/home/whitewolf/.m2/repository/org/springframework/spring-test/5.1.6.RELEASE/spring-test-5.1.6.RELEASE.jar:/home/whitewolf/.m2/repository/org/xmlunit/xmlunit-core/2.6.2/xmlunit-core-2.6.2.jar:/home/whitewolf/.m2/repository/org/springframework/boot/spring-boot-starter-tomcat/2.1.4.RELEASE/spring-boot-starter-tomcat-2.1.4.RELEASE.jar:/home/whitewolf/.m2/repository/javax/annotation/javax.annotation-api/1.3.2/javax.annotation-api-1.3.2.jar:/home/whitewolf/.m2/repository/org/apache/tomcat/embed/tomcat-embed-core/9.0.17/tomcat-embed-core-9.0.17.jar:/home/whitewolf/.m2/repository/org/apache/tomcat/embed/tomcat-embed-el/9.0.17/tomcat-embed-el-9.0.17.jar:/home/whitewolf/.m2/repository/org/apache/tomcat/embed/tomcat-embed-websocket/9.0.17/tomcat-embed-websocket-9.0.17.jar:/home/whitewolf/.m2/repository/org/springframework/boot/spring-boot-starter-data-jpa/2.1.4.RELEASE/spring-boot-starter-data-jpa-2.1.4.RELEASE.jar:/home/whitewolf/.m2/repository/org/springframework/boot/spring-boot-starter-aop/2.1.4.RELEASE/spring-boot-starter-aop-2.1.4.RELEASE.jar:/home/whitewolf/.m2/repository/org/aspectj/aspectjweaver/1.9.2/aspectjweaver-1.9.2.jar:/home/whitewolf/.m2/repository/org/springframework/boot/spring-boot-starter-jdbc/2.1.4.RELEASE/spring-boot-starter-jdbc-2.1.4.RELEASE.jar:/home/whitewolf/.m2/repository/com/zaxxer/HikariCP/3.2.0/HikariCP-3.2.0.jar:/home/whitewolf/.m2/repository/org/springframework/spring-jdbc/5.1.6.RELEASE/spring-jdbc-5.1.6.RELEASE.jar:/home/whitewolf/.m2/repository/javax/transaction/javax.transaction-api/1.3/javax.transaction-api-1.3.jar:/home/whitewolf/.m2/repository/javax/xml/bind/jaxb-api/2.3.1/jaxb-api-2.3.1.jar:/home/whitewolf/.m2/repository/javax/activation/javax.activation-api/1.2.0/javax.activation-api-1.2.0.jar:/home/whitewolf/.m2/repository/org/springframework/data/spring-data-jpa/2.1.6.RELEASE/spring-data-jpa-2.1.6.RELEASE.jar:/home/whitewolf/.m2/repository/org/springframework/data/spring-data-commons/2.1.6.RELEASE/spring-data-commons-2.1.6.RELEASE.jar:/home/whitewolf/.m2/repository/org/springframework/spring-orm/5.1.6.RELEASE/spring-orm-5.1.6.RELEASE.jar:/home/whitewolf/.m2/repository/org/springframework/spring-aspects/5.1.6.RELEASE/spring-aspects-5.1.6.RELEASE.jar:/home/whitewolf/.m2/repository/org/springframework/spring-tx/5.1.6.RELEASE/spring-tx-5.1.6.RELEASE.jar:/home/whitewolf/.m2/repository/org/springframework/spring-beans/5.1.6.RELEASE/spring-beans-5.1.6.RELEASE.jar:/home/whitewolf/.m2/repository/com/jayway/jsonpath/json-path/2.4.0/json-path-2.4.0.jar:/home/whitewolf/.m2/repository/net/minidev/json-smart/2.3/json-smart-2.3.jar:/home/whitewolf/.m2/repository/net/minidev/accessors-smart/1.2/accessors-smart-1.2.jar:/home/whitewolf/.m2/repository/org/ow2/asm/asm/5.0.4/asm-5.0.4.jar:/home/whitewolf/.m2/repository/org/slf4j/slf4j-api/1.7.26/slf4j-api-1.7.26.jar:/home/whitewolf/.m2/repository/org/hibernate/hibernate-core/5.1.6.Final/hibernate-core-5.1.6.Final.jar:/home/whitewolf/.m2/repository/org/jboss/logging/jboss-logging/3.3.2.Final/jboss-logging-3.3.2.Final.jar:/home/whitewolf/.m2/repository/org/hibernate/javax/persistence/hibernate-jpa-2.1-api/1.0.0.Final/hibernate-jpa-2.1-api-1.0.0.Final.jar:/home/whitewolf/.m2/repository/org/javassist/javassist/3.20.0-GA/javassist-3.20.0-GA.jar:/home/whitewolf/.m2/repository/antlr/antlr/2.7.7/antlr-2.7.7.jar:/home/whitewolf/.m2/repository/org/apache/geronimo/specs/geronimo-jta_1.1_spec/1.1.1/geronimo-jta_1.1_spec-1.1.1.jar:/home/whitewolf/.m2/repository/org/jboss/jandex/2.0.3.Final/jandex-2.0.3.Final.jar:/home/whitewolf/.m2/repository/com/fasterxml/classmate/1.4.0/classmate-1.4.0.jar:/home/whitewolf/.m2/repository/dom4j/dom4j/1.6.1/dom4j-1.6.1.jar:/home/whitewolf/.m2/repository/org/hibernate/common/hibernate-commons-annotations/5.0.1.Final/hibernate-commons-annotations-5.0.1.Final.jar:/home/whitewolf/.m2/repository/org/hsqldb/hsqldb/2.3.4/hsqldb-2.3.4.jar:"/>
    <property name="sun.cpu.endian" value="little"/>
    <property name="user.home" value="/home/whitewolf"/>
    <property name="user.language" value="pl"/>
    <property name="java.specification.vendor" value="Oracle Corporation"/>
    <property name="java.version.date" value="2019-04-16"/>
    <property name="java.home" value="/usr/lib/jvm/java-11-openjdk-amd64"/>
    <property name="file.separator" value="/"/>
    <property name="basedir" value="/home/whitewolf/tau/TAU-repozytorium/tau-mmo-jmeter"/>
    <property name="java.vm.compressedOopsMode" value="Zero based"/>
    <property name="line.separator" value="&#10;"/>
    <property name="java.specification.name" value="Java Platform API Specification"/>
    <property name="java.vm.specification.vendor" value="Oracle Corporation"/>
    <property name="java.awt.graphicsenv" value="sun.awt.X11GraphicsEnvironment"/>
    <property name="surefire.real.class.path" value="/home/whitewolf/tau/TAU-repozytorium/tau-mmo-jmeter/target/surefire/surefirebooter3068630985977223282.jar"/>
    <property name="sun.management.compiler" value="HotSpot 64-Bit Tiered Compilers"/>
    <property name="java.runtime.version" value="11.0.3+7-Ubuntu-1ubuntu218.04.1"/>
    <property name="user.name" value="whitewolf"/>
    <property name="path.separator" value=":"/>
    <property name="os.version" value="4.15.0-47-generic"/>
    <property name="java.runtime.name" value="OpenJDK Runtime Environment"/>
    <property name="file.encoding" value="UTF-8"/>
    <property name="java.vm.name" value="OpenJDK 64-Bit Server VM"/>
    <property name="localRepository" value="/home/whitewolf/.m2/repository"/>
    <property name="java.vendor.url.bug" value="http://bugreport.java.com/bugreport/"/>
    <property name="java.io.tmpdir" value="/tmp"/>
    <property name="java.version" value="11.0.3"/>
    <property name="user.dir" value="/home/whitewolf/tau/TAU-repozytorium/tau-mmo-jmeter"/>
    <property name="os.arch" value="amd64"/>
    <property name="java.vm.specification.name" value="Java Virtual Machine Specification"/>
    <property name="java.awt.printerjob" value="sun.print.PSPrinterJob"/>
    <property name="sun.os.patch.level" value="unknown"/>
    <property name="java.library.path" value="/usr/java/packages/lib:/usr/lib/x86_64-linux-gnu/jni:/lib/x86_64-linux-gnu:/usr/lib/x86_64-linux-gnu:/usr/lib/jni:/lib:/usr/lib"/>
    <property name="java.vendor" value="Oracle Corporation"/>
    <property name="java.vm.info" value="mixed mode, sharing"/>
    <property name="java.vm.version" value="11.0.3+7-Ubuntu-1ubuntu218.04.1"/>
    <property name="sun.io.unicode.encoding" value="UnicodeLittle"/>
    <property name="java.class.version" value="55.0"/>
  </properties>
  <testcase name="transferItem" classname="tau.mmo.service.PlayerManagerTest" time="0.005">
    <error message="Failed to load ApplicationContext" type="java.lang.IllegalStateException">java.lang.IllegalStateException: Failed to load ApplicationContext
Caused by: org.springframework.beans.factory.UnsatisfiedDependencyException: Error creating bean with name 'playerController': Unsatisfied dependency expressed through field 'playerManager'; nested exception is org.springframework.beans.factory.UnsatisfiedDependencyException: Error creating bean with name 'playerManagerHibernateImpl': Unsatisfied dependency expressed through field 'sessionFactory'; nested exception is org.springframework.beans.factory.BeanCreationException: Error creating bean with name 'hibernateSessionFactory' defined in class path resource [beans.xml]: Invocation of init method failed; nested exception is org.hibernate.exception.JDBCConnectionException: Unable to open JDBC Connection for DDL execution
Caused by: org.springframework.beans.factory.UnsatisfiedDependencyException: Error creating bean with name 'playerManagerHibernateImpl': Unsatisfied dependency expressed through field 'sessionFactory'; nested exception is org.springframework.beans.factory.BeanCreationException: Error creating bean with name 'hibernateSessionFactory' defined in class path resource [beans.xml]: Invocation of init method failed; nested exception is org.hibernate.exception.JDBCConnectionException: Unable to open JDBC Connection for DDL execution
Caused by: org.springframework.beans.factory.BeanCreationException: Error creating bean with name 'hibernateSessionFactory' defined in class path resource [beans.xml]: Invocation of init method failed; nested exception is org.hibernate.exception.JDBCConnectionException: Unable to open JDBC Connection for DDL execution
Caused by: org.hibernate.exception.JDBCConnectionException: Unable to open JDBC Connection for DDL execution
Caused by: java.sql.SQLTransientConnectionException: java.net.ConnectException: Połączenie odrzucone (Connection refused)
Caused by: org.hsqldb.HsqlException: java.net.ConnectException: Połączenie odrzucone (Connection refused)
Caused by: java.net.ConnectException: Połączenie odrzucone (Connection refused)
</error>
    <system-out><![CDATA[19:40:28.334 [main] DEBUG org.springframework.test.context.junit4.SpringJUnit4ClassRunner - SpringJUnit4ClassRunner constructor called with [class tau.mmo.service.PlayerManagerTest]
19:40:28.338 [main] DEBUG org.springframework.test.context.BootstrapUtils - Instantiating CacheAwareContextLoaderDelegate from class [org.springframework.test.context.cache.DefaultCacheAwareContextLoaderDelegate]
19:40:28.344 [main] DEBUG org.springframework.test.context.BootstrapUtils - Instantiating BootstrapContext using constructor [public org.springframework.test.context.support.DefaultBootstrapContext(java.lang.Class,org.springframework.test.context.CacheAwareContextLoaderDelegate)]
19:40:28.351 [main] DEBUG org.springframework.test.context.BootstrapUtils - Instantiating TestContextBootstrapper for test class [tau.mmo.service.PlayerManagerTest] from class [org.springframework.test.context.support.DefaultTestContextBootstrapper]
19:40:28.371 [main] DEBUG org.springframework.test.context.support.AbstractDelegatingSmartContextLoader - Delegating to GenericXmlContextLoader to process context configuration [ContextConfigurationAttributes@7bb58ca3 declaringClass = 'tau.mmo.service.PlayerManagerTest', classes = '{}', locations = '{classpath:/beans.xml}', inheritLocations = true, initializers = '{}', inheritInitializers = true, name = [null], contextLoaderClass = 'org.springframework.test.context.ContextLoader'].
19:40:28.404 [main] DEBUG org.springframework.test.context.support.ActiveProfilesUtils - Could not find an 'annotation declaring class' for annotation type [org.springframework.test.context.ActiveProfiles] and class [tau.mmo.service.PlayerManagerTest]
19:40:28.405 [main] DEBUG org.springframework.test.context.support.DefaultTestContextBootstrapper - @TestExecutionListeners is not present for class [tau.mmo.service.PlayerManagerTest]: using defaults.
19:40:28.405 [main] INFO org.springframework.test.context.support.DefaultTestContextBootstrapper - Loaded default TestExecutionListener class names from location [META-INF/spring.factories]: [org.springframework.boot.test.mock.mockito.MockitoTestExecutionListener, org.springframework.boot.test.mock.mockito.ResetMocksTestExecutionListener, org.springframework.boot.test.autoconfigure.restdocs.RestDocsTestExecutionListener, org.springframework.boot.test.autoconfigure.web.client.MockRestServiceServerResetTestExecutionListener, org.springframework.boot.test.autoconfigure.web.servlet.MockMvcPrintOnlyOnFailureTestExecutionListener, org.springframework.boot.test.autoconfigure.web.servlet.WebDriverTestExecutionListener, org.springframework.test.context.web.ServletTestExecutionListener, org.springframework.test.context.support.DirtiesContextBeforeModesTestExecutionListener, org.springframework.test.context.support.DependencyInjectionTestExecutionListener, org.springframework.test.context.support.DirtiesContextTestExecutionListener, org.springframework.test.context.transaction.TransactionalTestExecutionListener, org.springframework.test.context.jdbc.SqlScriptsTestExecutionListener]
19:40:28.417 [main] INFO org.springframework.test.context.support.DefaultTestContextBootstrapper - Using TestExecutionListeners: [org.springframework.test.context.web.ServletTestExecutionListener@64cd705f, org.springframework.test.context.support.DirtiesContextBeforeModesTestExecutionListener@9225652, org.springframework.boot.test.mock.mockito.MockitoTestExecutionListener@654f0d9c, org.springframework.test.context.support.DependencyInjectionTestExecutionListener@6a400542, org.springframework.test.context.support.DirtiesContextTestExecutionListener@6580cfdd, org.springframework.test.context.transaction.TransactionalTestExecutionListener@7e0b85f9, org.springframework.test.context.jdbc.SqlScriptsTestExecutionListener@63355449, org.springframework.boot.test.mock.mockito.ResetMocksTestExecutionListener@9353778, org.springframework.boot.test.autoconfigure.restdocs.RestDocsTestExecutionListener@6a28ffa4, org.springframework.boot.test.autoconfigure.web.client.MockRestServiceServerResetTestExecutionListener@48ae9b55, org.springframework.boot.test.autoconfigure.web.servlet.MockMvcPrintOnlyOnFailureTestExecutionListener@1700915, org.springframework.boot.test.autoconfigure.web.servlet.WebDriverTestExecutionListener@21de60b4]
19:40:28.438 [main] DEBUG org.springframework.test.annotation.ProfileValueUtils - Retrieved @ProfileValueSourceConfiguration [null] for test class [tau.mmo.service.PlayerManagerTest]
19:40:28.438 [main] DEBUG org.springframework.test.annotation.ProfileValueUtils - Retrieved ProfileValueSource type [class org.springframework.test.annotation.SystemProfileValueSource] for class [tau.mmo.service.PlayerManagerTest]
19:40:28.440 [main] DEBUG org.springframework.test.annotation.ProfileValueUtils - Retrieved @ProfileValueSourceConfiguration [null] for test class [tau.mmo.service.PlayerManagerTest]
19:40:28.441 [main] DEBUG org.springframework.test.annotation.ProfileValueUtils - Retrieved ProfileValueSource type [class org.springframework.test.annotation.SystemProfileValueSource] for class [tau.mmo.service.PlayerManagerTest]
19:40:28.441 [main] DEBUG org.springframework.test.annotation.ProfileValueUtils - Retrieved @ProfileValueSourceConfiguration [null] for test class [tau.mmo.service.PlayerManagerTest]
19:40:28.441 [main] DEBUG org.springframework.test.annotation.ProfileValueUtils - Retrieved ProfileValueSource type [class org.springframework.test.annotation.SystemProfileValueSource] for class [tau.mmo.service.PlayerManagerTest]
19:40:28.443 [main] DEBUG org.springframework.test.context.support.AbstractDirtiesContextTestExecutionListener - Before test class: context [DefaultTestContext@7ed7259e testClass = PlayerManagerTest, testInstance = [null], testMethod = [null], testException = [null], mergedContextConfiguration = [MergedContextConfiguration@28eaa59a testClass = PlayerManagerTest, locations = '{classpath:/beans.xml}', classes = '{}', contextInitializerClasses = '[]', activeProfiles = '{}', propertySourceLocations = '{}', propertySourceProperties = '{}', contextCustomizers = set[org.springframework.boot.test.context.filter.ExcludeFilterContextCustomizer@6b4a4e18, org.springframework.boot.test.json.DuplicateJsonObjectContextCustomizerFactory$DuplicateJsonObjectContextCustomizer@402e37bc, org.springframework.boot.test.mock.mockito.MockitoContextCustomizer@0, org.springframework.boot.test.autoconfigure.properties.PropertyMappingContextCustomizer@0, org.springframework.boot.test.autoconfigure.web.servlet.WebDriverContextCustomizerFactory$Customizer@6973bf95], contextLoader = 'org.springframework.test.context.support.DelegatingSmartContextLoader', parent = [null]], attributes = map[[empty]]], class annotated with @DirtiesContext [false] with mode [null].
19:40:28.443 [main] DEBUG org.springframework.test.annotation.ProfileValueUtils - Retrieved @ProfileValueSourceConfiguration [null] for test class [tau.mmo.service.PlayerManagerTest]
19:40:28.443 [main] DEBUG org.springframework.test.annotation.ProfileValueUtils - Retrieved ProfileValueSource type [class org.springframework.test.annotation.SystemProfileValueSource] for class [tau.mmo.service.PlayerManagerTest]
19:40:28.447 [main] DEBUG org.springframework.test.context.support.DependencyInjectionTestExecutionListener - Performing dependency injection for test context [[DefaultTestContext@7ed7259e testClass = PlayerManagerTest, testInstance = tau.mmo.service.PlayerManagerTest@1ab3a8c8, testMethod = [null], testException = [null], mergedContextConfiguration = [MergedContextConfiguration@28eaa59a testClass = PlayerManagerTest, locations = '{classpath:/beans.xml}', classes = '{}', contextInitializerClasses = '[]', activeProfiles = '{}', propertySourceLocations = '{}', propertySourceProperties = '{}', contextCustomizers = set[org.springframework.boot.test.context.filter.ExcludeFilterContextCustomizer@6b4a4e18, org.springframework.boot.test.json.DuplicateJsonObjectContextCustomizerFactory$DuplicateJsonObjectContextCustomizer@402e37bc, org.springframework.boot.test.mock.mockito.MockitoContextCustomizer@0, org.springframework.boot.test.autoconfigure.properties.PropertyMappingContextCustomizer@0, org.springframework.boot.test.autoconfigure.web.servlet.WebDriverContextCustomizerFactory$Customizer@6973bf95], contextLoader = 'org.springframework.test.context.support.DelegatingSmartContextLoader', parent = [null]], attributes = map[[empty]]]].
19:40:28.448 [main] DEBUG org.springframework.test.context.support.AbstractDelegatingSmartContextLoader - Delegating to GenericXmlContextLoader to load context from [MergedContextConfiguration@28eaa59a testClass = PlayerManagerTest, locations = '{classpath:/beans.xml}', classes = '{}', contextInitializerClasses = '[]', activeProfiles = '{}', propertySourceLocations = '{}', propertySourceProperties = '{}', contextCustomizers = set[org.springframework.boot.test.context.filter.ExcludeFilterContextCustomizer@6b4a4e18, org.springframework.boot.test.json.DuplicateJsonObjectContextCustomizerFactory$DuplicateJsonObjectContextCustomizer@402e37bc, org.springframework.boot.test.mock.mockito.MockitoContextCustomizer@0, org.springframework.boot.test.autoconfigure.properties.PropertyMappingContextCustomizer@0, org.springframework.boot.test.autoconfigure.web.servlet.WebDriverContextCustomizerFactory$Customizer@6973bf95], contextLoader = 'org.springframework.test.context.support.DelegatingSmartContextLoader', parent = [null]].
19:40:28.448 [main] DEBUG org.springframework.test.context.support.AbstractGenericContextLoader - Loading ApplicationContext for merged context configuration [[MergedContextConfiguration@28eaa59a testClass = PlayerManagerTest, locations = '{classpath:/beans.xml}', classes = '{}', contextInitializerClasses = '[]', activeProfiles = '{}', propertySourceLocations = '{}', propertySourceProperties = '{}', contextCustomizers = set[org.springframework.boot.test.context.filter.ExcludeFilterContextCustomizer@6b4a4e18, org.springframework.boot.test.json.DuplicateJsonObjectContextCustomizerFactory$DuplicateJsonObjectContextCustomizer@402e37bc, org.springframework.boot.test.mock.mockito.MockitoContextCustomizer@0, org.springframework.boot.test.autoconfigure.properties.PropertyMappingContextCustomizer@0, org.springframework.boot.test.autoconfigure.web.servlet.WebDriverContextCustomizerFactory$Customizer@6973bf95], contextLoader = 'org.springframework.test.context.support.DelegatingSmartContextLoader', parent = [null]]].
19:40:28.477 [main] DEBUG org.springframework.core.env.StandardEnvironment - Activating profiles []
19:40:28.675 [main] DEBUG org.springframework.context.annotation.ClassPathBeanDefinitionScanner - Identified candidate component class: file [/home/whitewolf/tau/TAU-repozytorium/tau-mmo-jmeter/target/classes/tau/mmo/Application.class]
19:40:28.681 [main] DEBUG org.springframework.context.annotation.ClassPathBeanDefinitionScanner - Identified candidate component class: file [/home/whitewolf/tau/TAU-repozytorium/tau-mmo-jmeter/target/classes/tau/mmo/api/PlayerController.class]
19:40:28.685 [main] DEBUG org.springframework.context.annotation.ClassPathBeanDefinitionScanner - Identified candidate component class: file [/home/whitewolf/tau/TAU-repozytorium/tau-mmo-jmeter/target/classes/tau/mmo/service/PlayerManagerHibernateImpl.class]
19:40:28.704 [main] DEBUG org.springframework.beans.factory.xml.XmlBeanDefinitionReader - Loaded 12 bean definitions from class path resource [beans.xml]
19:40:28.707 [main] DEBUG org.springframework.context.support.GenericApplicationContext - Refreshing org.springframework.context.support.GenericApplicationContext@2a798d51
19:40:28.724 [main] DEBUG org.springframework.beans.factory.support.DefaultListableBeanFactory - Creating shared instance of singleton bean 'org.springframework.context.annotation.internalConfigurationAnnotationProcessor'
19:40:28.756 [main] DEBUG org.springframework.context.annotation.ClassPathBeanDefinitionScanner - Identified candidate component class: file [/home/whitewolf/tau/TAU-repozytorium/tau-mmo-jmeter/target/classes/tau/mmo/api/PlayerController.class]
19:40:28.756 [main] DEBUG org.springframework.context.annotation.ClassPathBeanDefinitionScanner - Identified candidate component class: file [/home/whitewolf/tau/TAU-repozytorium/tau-mmo-jmeter/target/classes/tau/mmo/service/PlayerManagerHibernateImpl.class]
19:40:29.075 [main] DEBUG org.springframework.context.annotation.ClassPathBeanDefinitionScanner - Identified candidate component class: file [/home/whitewolf/tau/TAU-repozytorium/tau-mmo-jmeter/target/classes/tau/mmo/Application.class]
19:40:29.076 [main] DEBUG org.springframework.context.annotation.ClassPathBeanDefinitionScanner - Identified candidate component class: file [/home/whitewolf/tau/TAU-repozytorium/tau-mmo-jmeter/target/classes/tau/mmo/api/PlayerController.class]
19:40:29.076 [main] DEBUG org.springframework.context.annotation.ClassPathBeanDefinitionScanner - Identified candidate component class: file [/home/whitewolf/tau/TAU-repozytorium/tau-mmo-jmeter/target/classes/tau/mmo/service/PlayerManagerHibernateImpl.class]
19:40:29.077 [main] DEBUG org.springframework.beans.factory.xml.XmlBeanDefinitionReader - Loaded 0 bean definitions from class path resource [beans.xml]
19:40:29.083 [main] DEBUG org.springframework.beans.factory.support.DefaultListableBeanFactory - Creating shared instance of singleton bean 'org.springframework.boot.autoconfigure.condition.BeanTypeRegistry'
19:40:29.140 [main] INFO org.springframework.data.repository.config.RepositoryConfigurationDelegate - Bootstrapping Spring Data repositories in DEFAULT mode.
19:40:29.148 [main] DEBUG org.springframework.beans.factory.support.DefaultListableBeanFactory - Creating shared instance of singleton bean 'org.springframework.boot.autoconfigure.AutoConfigurationPackages'
19:40:29.154 [main] DEBUG org.springframework.boot.autoconfigure.AutoConfigurationPackages - @EnableAutoConfiguration was declared on a class in the package 'tau.mmo'. Automatic @Repository and @Entity scanning is enabled.
19:40:29.156 [main] DEBUG org.springframework.data.repository.config.RepositoryConfigurationDelegate - Scanning for repositories in packages tau.mmo.
19:40:29.162 [main] INFO org.springframework.data.repository.config.RepositoryConfigurationDelegate - Finished Spring Data repository scanning in 5ms. Found 0 repository interfaces.
19:40:29.305 [main] DEBUG org.springframework.beans.factory.support.DefaultListableBeanFactory - Creating shared instance of singleton bean 'propertySourcesPlaceholderConfigurer'
19:40:29.308 [main] DEBUG org.springframework.core.env.PropertySourcesPropertyResolver - Found key 'jdbc.driverClassName' in PropertySource 'class path resource [jdbc.properties]' with value of type String
19:40:29.308 [main] DEBUG org.springframework.core.env.PropertySourcesPropertyResolver - Found key 'jdbc.driverClassName' in PropertySource 'environmentProperties' with value of type String
19:40:29.308 [main] DEBUG org.springframework.core.env.PropertySourcesPropertyResolver - Found key 'jdbc.url' in PropertySource 'class path resource [jdbc.properties]' with value of type String
19:40:29.308 [main] DEBUG org.springframework.core.env.PropertySourcesPropertyResolver - Found key 'jdbc.url' in PropertySource 'environmentProperties' with value of type String
19:40:29.308 [main] DEBUG org.springframework.core.env.PropertySourcesPropertyResolver - Found key 'jdbc.username' in PropertySource 'class path resource [jdbc.properties]' with value of type String
19:40:29.308 [main] DEBUG org.springframework.core.env.PropertySourcesPropertyResolver - Found key 'jdbc.username' in PropertySource 'environmentProperties' with value of type String
19:40:29.308 [main] DEBUG org.springframework.core.env.PropertySourcesPropertyResolver - Found key 'jdbc.password' in PropertySource 'class path resource [jdbc.properties]' with value of type String
19:40:29.308 [main] DEBUG org.springframework.core.env.PropertySourcesPropertyResolver - Found key 'jdbc.password' in PropertySource 'environmentProperties' with value of type String
19:40:29.312 [main] DEBUG org.springframework.beans.factory.support.DefaultListableBeanFactory - Creating shared instance of singleton bean 'org.springframework.boot.test.mock.mockito.MockitoPostProcessor'
19:40:29.316 [main] DEBUG org.springframework.beans.factory.support.DefaultListableBeanFactory - Creating shared instance of singleton bean 'emBeanDefinitionRegistrarPostProcessor'
19:40:29.334 [main] DEBUG org.springframework.beans.factory.support.DefaultListableBeanFactory - Creating shared instance of singleton bean 'org.springframework.context.event.internalEventListenerProcessor'
19:40:29.335 [main] DEBUG org.springframework.beans.factory.support.DefaultListableBeanFactory - Creating shared instance of singleton bean 'org.springframework.boot.context.properties.ConfigurationBeanFactoryMetadata'
19:40:29.336 [main] DEBUG org.springframework.beans.factory.support.DefaultListableBeanFactory - Creating shared instance of singleton bean 'org.springframework.context.event.internalEventListenerFactory'
19:40:29.336 [main] DEBUG org.springframework.beans.factory.support.DefaultListableBeanFactory - Creating shared instance of singleton bean 'org.springframework.transaction.config.internalTransactionalEventListenerFactory'
19:40:29.339 [main] DEBUG org.springframework.beans.factory.support.DefaultListableBeanFactory - Creating shared instance of singleton bean 'org.springframework.context.annotation.internalAutowiredAnnotationProcessor'
19:40:29.340 [main] DEBUG org.springframework.beans.factory.support.DefaultListableBeanFactory - Creating shared instance of singleton bean 'org.springframework.context.annotation.internalCommonAnnotationProcessor'
19:40:29.342 [main] DEBUG org.springframework.beans.factory.support.DefaultListableBeanFactory - Creating shared instance of singleton bean 'org.springframework.context.annotation.internalPersistenceAnnotationProcessor'
19:40:29.342 [main] DEBUG org.springframework.beans.factory.support.DefaultListableBeanFactory - Creating shared instance of singleton bean 'org.springframework.boot.test.mock.mockito.MockitoPostProcessor$SpyPostProcessor'
19:40:29.343 [main] DEBUG org.springframework.beans.factory.support.DefaultListableBeanFactory - Creating shared instance of singleton bean 'org.springframework.boot.context.properties.ConfigurationPropertiesBindingPostProcessor'
19:40:29.346 [main] DEBUG org.springframework.beans.factory.support.DefaultListableBeanFactory - Creating shared instance of singleton bean 'methodValidationPostProcessor'
19:40:29.360 [main] DEBUG org.springframework.beans.factory.support.DefaultListableBeanFactory - Autowiring by type from bean name 'methodValidationPostProcessor' via factory method to bean named 'environment'
19:40:29.392 [main] DEBUG org.springframework.beans.factory.support.DefaultListableBeanFactory - Creating shared instance of singleton bean 'org.springframework.aop.config.internalAutoProxyCreator'
19:40:29.409 [main] DEBUG org.springframework.beans.factory.support.DefaultListableBeanFactory - Creating shared instance of singleton bean 'dataSourceInitializerPostProcessor'
19:40:29.412 [main] DEBUG org.springframework.beans.factory.support.DefaultListableBeanFactory - Creating shared instance of singleton bean 'persistenceExceptionTranslationPostProcessor'
19:40:29.413 [main] DEBUG org.springframework.beans.factory.support.DefaultListableBeanFactory - Autowiring by type from bean name 'persistenceExceptionTranslationPostProcessor' via factory method to bean named 'environment'
19:40:29.419 [main] DEBUG org.springframework.beans.factory.support.DefaultListableBeanFactory - Creating shared instance of singleton bean 'application'
19:40:29.420 [main] DEBUG org.springframework.beans.factory.support.DefaultListableBeanFactory - Creating shared instance of singleton bean 'org.springframework.transaction.config.internalTransactionAdvisor'
19:40:29.420 [main] DEBUG org.springframework.beans.factory.support.DefaultListableBeanFactory - Creating shared instance of singleton bean 'org.springframework.transaction.annotation.ProxyTransactionManagementConfiguration'
19:40:29.440 [main] DEBUG org.springframework.beans.factory.support.DefaultListableBeanFactory - Creating shared instance of singleton bean 'transactionAttributeSource'
19:40:29.443 [main] DEBUG org.springframework.beans.factory.support.DefaultListableBeanFactory - Creating shared instance of singleton bean 'transactionInterceptor'
19:40:29.476 [main] DEBUG org.springframework.beans.factory.support.DefaultListableBeanFactory - Creating shared instance of singleton bean 'playerController'
19:40:29.480 [main] DEBUG org.springframework.beans.factory.support.DefaultListableBeanFactory - Creating shared instance of singleton bean 'playerManagerHibernateImpl'
19:40:29.483 [main] DEBUG org.springframework.beans.factory.support.DefaultListableBeanFactory - Creating shared instance of singleton bean 'hibernateSessionFactory'
19:40:29.491 [main] DEBUG org.springframework.beans.factory.support.DefaultListableBeanFactory - Creating shared instance of singleton bean 'dataSource'
19:40:29.500 [main] DEBUG org.springframework.jdbc.datasource.DriverManagerDataSource - Loaded JDBC driver: org.hsqldb.jdbcDriver
19:40:29.503 [main] DEBUG org.springframework.beans.factory.support.DefaultListableBeanFactory - Creating shared instance of singleton bean 'org.springframework.boot.autoconfigure.jdbc.DataSourceInitializerInvoker'
19:40:29.506 [main] DEBUG org.springframework.beans.factory.support.DefaultListableBeanFactory - Creating shared instance of singleton bean 'spring.datasource-org.springframework.boot.autoconfigure.jdbc.DataSourceProperties'
19:40:29.521 [main] DEBUG org.springframework.beans.factory.support.DefaultListableBeanFactory - Autowiring by type from bean name 'org.springframework.boot.autoconfigure.jdbc.DataSourceInitializerInvoker' via constructor to bean named 'spring.datasource-org.springframework.boot.autoconfigure.jdbc.DataSourceProperties'
19:40:29.521 [main] DEBUG org.springframework.beans.factory.support.DefaultListableBeanFactory - Autowiring by type from bean name 'org.springframework.boot.autoconfigure.jdbc.DataSourceInitializerInvoker' via constructor to bean named 'org.springframework.context.support.GenericApplicationContext@2a798d51'
19:40:29.588 [main] DEBUG org.jboss.logging - Logging Provider: org.jboss.logging.Log4j2LoggerProvider
19:40:29.594 [main] DEBUG org.hibernate.integrator.internal.IntegratorServiceImpl - Adding Integrator [org.hibernate.cfg.beanvalidation.BeanValidationIntegrator].
19:40:29.596 [main] DEBUG org.hibernate.integrator.internal.IntegratorServiceImpl - Adding Integrator [org.hibernate.secure.spi.JaccIntegrator].
19:40:29.598 [main] DEBUG org.hibernate.integrator.internal.IntegratorServiceImpl - Adding Integrator [org.hibernate.cache.internal.CollectionCacheInvalidator].
19:40:29.644 [main] INFO org.hibernate.Version - HHH000412: Hibernate Core {5.1.6.Final}
19:40:29.645 [main] INFO org.hibernate.cfg.Environment - HHH000206: hibernate.properties not found
19:40:29.646 [main] INFO org.hibernate.cfg.Environment - HHH000021: Bytecode provider name : javassist
19:40:29.654 [main] DEBUG org.hibernate.cfg.Configuration - Building session factory using internal StandardServiceRegistryBuilder
19:40:29.658 [main] DEBUG org.hibernate.service.spi.ServiceBinding - Overriding existing service binding [org.hibernate.secure.spi.JaccService]
19:40:29.659 [main] DEBUG org.hibernate.cfg.Configuration - Building session factory using provided StandardServiceRegistry
19:40:29.667 [main] DEBUG org.hibernate.cache.internal.RegionFactoryInitiator - Cache region factory : org.hibernate.cache.internal.NoCachingRegionFactory
19:40:29.671 [main] INFO org.hibernate.annotations.common.Version - HCANN000001: Hibernate Commons Annotations {5.0.1.Final}
19:40:29.684 [main] DEBUG org.hibernate.type.BasicTypeRegistry - Adding type registration boolean -> org.hibernate.type.BooleanType@57a2ed35
19:40:29.684 [main] DEBUG org.hibernate.type.BasicTypeRegistry - Adding type registration boolean -> org.hibernate.type.BooleanType@57a2ed35
19:40:29.684 [main] DEBUG org.hibernate.type.BasicTypeRegistry - Adding type registration java.lang.Boolean -> org.hibernate.type.BooleanType@57a2ed35
19:40:29.685 [main] DEBUG org.hibernate.type.BasicTypeRegistry - Adding type registration numeric_boolean -> org.hibernate.type.NumericBooleanType@184fb68d
19:40:29.685 [main] DEBUG org.hibernate.type.BasicTypeRegistry - Adding type registration true_false -> org.hibernate.type.TrueFalseType@205bed61
19:40:29.686 [main] DEBUG org.hibernate.type.BasicTypeRegistry - Adding type registration yes_no -> org.hibernate.type.YesNoType@7c2b58c0
19:40:29.687 [main] DEBUG org.hibernate.type.BasicTypeRegistry - Adding type registration byte -> org.hibernate.type.ByteType@aa149ed
19:40:29.687 [main] DEBUG org.hibernate.type.BasicTypeRegistry - Adding type registration byte -> org.hibernate.type.ByteType@aa149ed
19:40:29.687 [main] DEBUG org.hibernate.type.BasicTypeRegistry - Adding type registration java.lang.Byte -> org.hibernate.type.ByteType@aa149ed
19:40:29.687 [main] DEBUG org.hibernate.type.BasicTypeRegistry - Adding type registration character -> org.hibernate.type.CharacterType@8ee0c23
19:40:29.688 [main] DEBUG org.hibernate.type.BasicTypeRegistry - Adding type registration char -> org.hibernate.type.CharacterType@8ee0c23
19:40:29.688 [main] DEBUG org.hibernate.type.BasicTypeRegistry - Adding type registration java.lang.Character -> org.hibernate.type.CharacterType@8ee0c23
19:40:29.689 [main] DEBUG org.hibernate.type.BasicTypeRegistry - Adding type registration short -> org.hibernate.type.ShortType@173797f0
19:40:29.689 [main] DEBUG org.hibernate.type.BasicTypeRegistry - Adding type registration short -> org.hibernate.type.ShortType@173797f0
19:40:29.689 [main] DEBUG org.hibernate.type.BasicTypeRegistry - Adding type registration java.lang.Short -> org.hibernate.type.ShortType@173797f0
19:40:29.689 [main] DEBUG org.hibernate.type.BasicTypeRegistry - Adding type registration integer -> org.hibernate.type.IntegerType@33d53216
19:40:29.690 [main] DEBUG org.hibernate.type.BasicTypeRegistry - Adding type registration int -> org.hibernate.type.IntegerType@33d53216
19:40:29.690 [main] DEBUG org.hibernate.type.BasicTypeRegistry - Adding type registration java.lang.Integer -> org.hibernate.type.IntegerType@33d53216
19:40:29.691 [main] DEBUG org.hibernate.type.BasicTypeRegistry - Adding type registration long -> org.hibernate.type.LongType@3db663d0
19:40:29.691 [main] DEBUG org.hibernate.type.BasicTypeRegistry - Adding type registration long -> org.hibernate.type.LongType@3db663d0
19:40:29.691 [main] DEBUG org.hibernate.type.BasicTypeRegistry - Adding type registration java.lang.Long -> org.hibernate.type.LongType@3db663d0
19:40:29.692 [main] DEBUG org.hibernate.type.BasicTypeRegistry - Adding type registration float -> org.hibernate.type.FloatType@3b9632d1
19:40:29.692 [main] DEBUG org.hibernate.type.BasicTypeRegistry - Adding type registration float -> org.hibernate.type.FloatType@3b9632d1
19:40:29.692 [main] DEBUG org.hibernate.type.BasicTypeRegistry - Adding type registration java.lang.Float -> org.hibernate.type.FloatType@3b9632d1
19:40:29.694 [main] DEBUG org.hibernate.type.BasicTypeRegistry - Adding type registration double -> org.hibernate.type.DoubleType@75fc1992
19:40:29.694 [main] DEBUG org.hibernate.type.BasicTypeRegistry - Adding type registration double -> org.hibernate.type.DoubleType@75fc1992
19:40:29.694 [main] DEBUG org.hibernate.type.BasicTypeRegistry - Adding type registration java.lang.Double -> org.hibernate.type.DoubleType@75fc1992
19:40:29.695 [main] DEBUG org.hibernate.type.BasicTypeRegistry - Adding type registration big_decimal -> org.hibernate.type.BigDecimalType@27a2a089
19:40:29.695 [main] DEBUG org.hibernate.type.BasicTypeRegistry - Adding type registration java.math.BigDecimal -> org.hibernate.type.BigDecimalType@27a2a089
19:40:29.696 [main] DEBUG org.hibernate.type.BasicTypeRegistry - Adding type registration big_integer -> org.hibernate.type.BigIntegerType@5ac6c4f2
19:40:29.696 [main] DEBUG org.hibernate.type.BasicTypeRegistry - Adding type registration java.math.BigInteger -> org.hibernate.type.BigIntegerType@5ac6c4f2
19:40:29.696 [main] DEBUG org.hibernate.type.BasicTypeRegistry - Adding type registration string -> org.hibernate.type.StringType@78525ef9
19:40:29.696 [main] DEBUG org.hibernate.type.BasicTypeRegistry - Adding type registration java.lang.String -> org.hibernate.type.StringType@78525ef9
19:40:29.697 [main] DEBUG org.hibernate.type.BasicTypeRegistry - Adding type registration nstring -> org.hibernate.type.StringNVarcharType@350a94ce
19:40:29.697 [main] DEBUG org.hibernate.type.BasicTypeRegistry - Adding type registration ncharacter -> org.hibernate.type.CharacterNCharType@5fbdc49b
19:40:29.698 [main] DEBUG org.hibernate.type.BasicTypeRegistry - Adding type registration url -> org.hibernate.type.UrlType@285f38f6
19:40:29.698 [main] DEBUG org.hibernate.type.BasicTypeRegistry - Adding type registration java.net.URL -> org.hibernate.type.UrlType@285f38f6
19:40:29.699 [main] DEBUG org.hibernate.type.BasicTypeRegistry - Adding type registration date -> org.hibernate.type.DateType@21ac5eb4
19:40:29.699 [main] DEBUG org.hibernate.type.BasicTypeRegistry - Adding type registration java.sql.Date -> org.hibernate.type.DateType@21ac5eb4
19:40:29.700 [main] DEBUG org.hibernate.type.BasicTypeRegistry - Adding type registration time -> org.hibernate.type.TimeType@1d540566
19:40:29.700 [main] DEBUG org.hibernate.type.BasicTypeRegistry - Adding type registration java.sql.Time -> org.hibernate.type.TimeType@1d540566
19:40:29.701 [main] DEBUG org.hibernate.type.BasicTypeRegistry - Adding type registration timestamp -> org.hibernate.type.TimestampType@5c1f6d57
19:40:29.701 [main] DEBUG org.hibernate.type.BasicTypeRegistry - Adding type registration java.sql.Timestamp -> org.hibernate.type.TimestampType@5c1f6d57
19:40:29.701 [main] DEBUG org.hibernate.type.BasicTypeRegistry - Adding type registration java.util.Date -> org.hibernate.type.TimestampType@5c1f6d57
19:40:29.703 [main] DEBUG org.hibernate.type.BasicTypeRegistry - Adding type registration dbtimestamp -> org.hibernate.type.DbTimestampType@5cb5bb88
19:40:29.703 [main] DEBUG org.hibernate.type.BasicTypeRegistry - Adding type registration calendar -> org.hibernate.type.CalendarType@20e3c449
19:40:29.703 [main] DEBUG org.hibernate.type.BasicTypeRegistry - Adding type registration java.util.Calendar -> org.hibernate.type.CalendarType@20e3c449
19:40:29.704 [main] DEBUG org.hibernate.type.BasicTypeRegistry - Adding type registration java.util.GregorianCalendar -> org.hibernate.type.CalendarType@20e3c449
19:40:29.704 [main] DEBUG org.hibernate.type.BasicTypeRegistry - Adding type registration calendar_date -> org.hibernate.type.CalendarDateType@2dd8239
19:40:29.705 [main] DEBUG org.hibernate.type.BasicTypeRegistry - Adding type registration locale -> org.hibernate.type.LocaleType@3f92a84e
19:40:29.705 [main] DEBUG org.hibernate.type.BasicTypeRegistry - Adding type registration java.util.Locale -> org.hibernate.type.LocaleType@3f92a84e
19:40:29.709 [main] DEBUG org.hibernate.type.BasicTypeRegistry - Adding type registration currency -> org.hibernate.type.CurrencyType@5fcfca62
19:40:29.709 [main] DEBUG org.hibernate.type.BasicTypeRegistry - Adding type registration java.util.Currency -> org.hibernate.type.CurrencyType@5fcfca62
19:40:29.709 [main] DEBUG org.hibernate.type.BasicTypeRegistry - Adding type registration timezone -> org.hibernate.type.TimeZoneType@5b051a5c
19:40:29.709 [main] DEBUG org.hibernate.type.BasicTypeRegistry - Adding type registration java.util.TimeZone -> org.hibernate.type.TimeZoneType@5b051a5c
19:40:29.710 [main] DEBUG org.hibernate.type.BasicTypeRegistry - Adding type registration class -> org.hibernate.type.ClassType@10641c09
19:40:29.710 [main] DEBUG org.hibernate.type.BasicTypeRegistry - Adding type registration java.lang.Class -> org.hibernate.type.ClassType@10641c09
19:40:29.711 [main] DEBUG org.hibernate.type.BasicTypeRegistry - Adding type registration uuid-binary -> org.hibernate.type.UUIDBinaryType@12968227
19:40:29.711 [main] DEBUG org.hibernate.type.BasicTypeRegistry - Adding type registration java.util.UUID -> org.hibernate.type.UUIDBinaryType@12968227
19:40:29.711 [main] DEBUG org.hibernate.type.BasicTypeRegistry - Adding type registration uuid-char -> org.hibernate.type.UUIDCharType@48eb9836
19:40:29.712 [main] DEBUG org.hibernate.type.BasicTypeRegistry - Adding type registration binary -> org.hibernate.type.BinaryType@9e2ad91
19:40:29.712 [main] DEBUG org.hibernate.type.BasicTypeRegistry - Adding type registration byte[] -> org.hibernate.type.BinaryType@9e2ad91
19:40:29.712 [main] DEBUG org.hibernate.type.BasicTypeRegistry - Adding type registration [B -> org.hibernate.type.BinaryType@9e2ad91
19:40:29.713 [main] DEBUG org.hibernate.type.BasicTypeRegistry - Adding type registration wrapper-binary -> org.hibernate.type.WrapperBinaryType@74dbb1ee
19:40:29.713 [main] DEBUG org.hibernate.type.BasicTypeRegistry - Adding type registration Byte[] -> org.hibernate.type.WrapperBinaryType@74dbb1ee
19:40:29.713 [main] DEBUG org.hibernate.type.BasicTypeRegistry - Adding type registration [Ljava.lang.Byte; -> org.hibernate.type.WrapperBinaryType@74dbb1ee
19:40:29.714 [main] DEBUG org.hibernate.type.BasicTypeRegistry - Adding type registration row_version -> org.hibernate.type.RowVersionType@618ad2aa
19:40:29.714 [main] DEBUG org.hibernate.type.BasicTypeRegistry - Adding type registration image -> org.hibernate.type.ImageType@59e43e8c
19:40:29.715 [main] DEBUG org.hibernate.type.BasicTypeRegistry - Adding type registration characters -> org.hibernate.type.CharArrayType@3f049056
19:40:29.715 [main] DEBUG org.hibernate.type.BasicTypeRegistry - Adding type registration char[] -> org.hibernate.type.CharArrayType@3f049056
19:40:29.715 [main] DEBUG org.hibernate.type.BasicTypeRegistry - Adding type registration [C -> org.hibernate.type.CharArrayType@3f049056
19:40:29.715 [main] DEBUG org.hibernate.type.BasicTypeRegistry - Adding type registration wrapper-characters -> org.hibernate.type.CharacterArrayType@4c2fb9dd
19:40:29.715 [main] DEBUG org.hibernate.type.BasicTypeRegistry - Adding type registration [Ljava.lang.Character; -> org.hibernate.type.CharacterArrayType@4c2fb9dd
19:40:29.716 [main] DEBUG org.hibernate.type.BasicTypeRegistry - Adding type registration Character[] -> org.hibernate.type.CharacterArrayType@4c2fb9dd
19:40:29.716 [main] DEBUG org.hibernate.type.BasicTypeRegistry - Adding type registration text -> org.hibernate.type.TextType@41522537
19:40:29.716 [main] DEBUG org.hibernate.type.BasicTypeRegistry - Adding type registration ntext -> org.hibernate.type.NTextType@42c28305
19:40:29.719 [main] DEBUG org.hibernate.type.BasicTypeRegistry - Adding type registration blob -> org.hibernate.type.BlobType@ef1695a
19:40:29.719 [main] DEBUG org.hibernate.type.BasicTypeRegistry - Adding type registration java.sql.Blob -> org.hibernate.type.BlobType@ef1695a
19:40:29.719 [main] DEBUG org.hibernate.type.BasicTypeRegistry - Adding type registration materialized_blob -> org.hibernate.type.MaterializedBlobType@7139bd31
19:40:29.721 [main] DEBUG org.hibernate.type.BasicTypeRegistry - Adding type registration clob -> org.hibernate.type.ClobType@75361cf6
19:40:29.721 [main] DEBUG org.hibernate.type.BasicTypeRegistry - Adding type registration java.sql.Clob -> org.hibernate.type.ClobType@75361cf6
19:40:29.723 [main] DEBUG org.hibernate.type.BasicTypeRegistry - Adding type registration nclob -> org.hibernate.type.NClobType@102efc59
19:40:29.723 [main] DEBUG org.hibernate.type.BasicTypeRegistry - Adding type registration java.sql.NClob -> org.hibernate.type.NClobType@102efc59
19:40:29.723 [main] DEBUG org.hibernate.type.BasicTypeRegistry - Adding type registration materialized_clob -> org.hibernate.type.MaterializedClobType@75fa1be3
19:40:29.724 [main] DEBUG org.hibernate.type.BasicTypeRegistry - Adding type registration materialized_nclob -> org.hibernate.type.MaterializedNClobType@3ce53f6a
19:40:29.724 [main] DEBUG org.hibernate.type.BasicTypeRegistry - Adding type registration serializable -> org.hibernate.type.SerializableType@1daf3b44
19:40:29.726 [main] DEBUG org.hibernate.type.BasicTypeRegistry - Adding type registration object -> org.hibernate.type.ObjectType@4cb40e3b
19:40:29.726 [main] DEBUG org.hibernate.type.BasicTypeRegistry - Adding type registration java.lang.Object -> org.hibernate.type.ObjectType@4cb40e3b
19:40:29.727 [main] DEBUG org.hibernate.type.BasicTypeRegistry - Adding type registration imm_date -> org.hibernate.type.AdaptedImmutableType@2b9f74d0
19:40:29.727 [main] DEBUG org.hibernate.type.BasicTypeRegistry - Adding type registration imm_time -> org.hibernate.type.AdaptedImmutableType@65c86db8
19:40:29.727 [main] DEBUG org.hibernate.type.BasicTypeRegistry - Adding type registration imm_timestamp -> org.hibernate.type.AdaptedImmutableType@7efe7b87
19:40:29.727 [main] DEBUG org.hibernate.type.BasicTypeRegistry - Adding type registration imm_dbtimestamp -> org.hibernate.type.AdaptedImmutableType@ac20bb4
19:40:29.727 [main] DEBUG org.hibernate.type.BasicTypeRegistry - Adding type registration imm_calendar -> org.hibernate.type.AdaptedImmutableType@5a2bd7c8
19:40:29.727 [main] DEBUG org.hibernate.type.BasicTypeRegistry - Adding type registration imm_calendar_date -> org.hibernate.type.AdaptedImmutableType@7ca8d498
19:40:29.727 [main] DEBUG org.hibernate.type.BasicTypeRegistry - Adding type registration imm_binary -> org.hibernate.type.AdaptedImmutableType@7187bac9
19:40:29.727 [main] DEBUG org.hibernate.type.BasicTypeRegistry - Adding type registration imm_serializable -> org.hibernate.type.AdaptedImmutableType@6b8280e6
19:40:29.734 [main] DEBUG org.springframework.jdbc.datasource.DriverManagerDataSource - Creating new JDBC DriverManager Connection to [jdbc:hsqldb:hsql://localhost/workdb]
19:40:29.782 [main] WARN org.hibernate.engine.jdbc.env.internal.JdbcEnvironmentInitiator - HHH000342: Could not obtain connection to query metadata : java.net.ConnectException: Połączenie odrzucone (Connection refused)
19:40:29.790 [main] INFO org.hibernate.dialect.Dialect - HHH000400: Using dialect: org.hibernate.dialect.HSQLDialect
19:40:29.802 [main] DEBUG org.hibernate.engine.jdbc.env.spi.IdentifierHelperBuilder - IdentifierCaseStrategy for both quoted and unquoted identifiers was set to the same strategy [MIXED]; that will likely lead to problems in schema update and validation if using quoted identifiers
19:40:29.806 [main] INFO org.hibernate.engine.jdbc.env.internal.LobCreatorBuilderImpl - HHH000422: Disabling contextual LOB creation as connection was null
19:40:29.827 [main] DEBUG org.hibernate.id.factory.internal.DefaultIdentifierGeneratorFactory - Registering IdentifierGenerator strategy [uuid2] -> [org.hibernate.id.UUIDGenerator]
19:40:29.827 [main] DEBUG org.hibernate.id.factory.internal.DefaultIdentifierGeneratorFactory - Registering IdentifierGenerator strategy [guid] -> [org.hibernate.id.GUIDGenerator]
19:40:29.827 [main] DEBUG org.hibernate.id.factory.internal.DefaultIdentifierGeneratorFactory - Registering IdentifierGenerator strategy [uuid] -> [org.hibernate.id.UUIDHexGenerator]
19:40:29.827 [main] DEBUG org.hibernate.id.factory.internal.DefaultIdentifierGeneratorFactory - Registering IdentifierGenerator strategy [uuid.hex] -> [org.hibernate.id.UUIDHexGenerator]
19:40:29.828 [main] DEBUG org.hibernate.id.factory.internal.DefaultIdentifierGeneratorFactory - Registering IdentifierGenerator strategy [assigned] -> [org.hibernate.id.Assigned]
19:40:29.828 [main] DEBUG org.hibernate.id.factory.internal.DefaultIdentifierGeneratorFactory - Registering IdentifierGenerator strategy [identity] -> [org.hibernate.id.IdentityGenerator]
19:40:29.828 [main] DEBUG org.hibernate.id.factory.internal.DefaultIdentifierGeneratorFactory - Registering IdentifierGenerator strategy [select] -> [org.hibernate.id.SelectGenerator]
19:40:29.829 [main] DEBUG org.hibernate.id.factory.internal.DefaultIdentifierGeneratorFactory - Registering IdentifierGenerator strategy [sequence] -> [org.hibernate.id.enhanced.SequenceStyleGenerator]
19:40:29.830 [main] DEBUG org.hibernate.id.factory.internal.DefaultIdentifierGeneratorFactory - Registering IdentifierGenerator strategy [seqhilo] -> [org.hibernate.id.SequenceHiLoGenerator]
19:40:29.830 [main] DEBUG org.hibernate.id.factory.internal.DefaultIdentifierGeneratorFactory - Registering IdentifierGenerator strategy [increment] -> [org.hibernate.id.IncrementGenerator]
19:40:29.830 [main] DEBUG org.hibernate.id.factory.internal.DefaultIdentifierGeneratorFactory - Registering IdentifierGenerator strategy [foreign] -> [org.hibernate.id.ForeignGenerator]
19:40:29.831 [main] DEBUG org.hibernate.id.factory.internal.DefaultIdentifierGeneratorFactory - Registering IdentifierGenerator strategy [sequence-identity] -> [org.hibernate.id.SequenceIdentityGenerator]
19:40:29.831 [main] DEBUG org.hibernate.id.factory.internal.DefaultIdentifierGeneratorFactory - Registering IdentifierGenerator strategy [enhanced-sequence] -> [org.hibernate.id.enhanced.SequenceStyleGenerator]
19:40:29.831 [main] DEBUG org.hibernate.id.factory.internal.DefaultIdentifierGeneratorFactory - Registering IdentifierGenerator strategy [enhanced-table] -> [org.hibernate.id.enhanced.TableGenerator]
19:40:29.849 [main] DEBUG org.hibernate.boot.model.relational.Namespace - Created database namespace [logicalName=Name{catalog=null, schema=null}, physicalName=Name{catalog=null, schema=null}]
19:40:29.864 [main] DEBUG org.hibernate.cfg.AnnotationBinder - Binding entity from annotated class: tau.mmo.domain.Item
19:40:29.874 [main] DEBUG org.hibernate.cfg.annotations.QueryBinder - Binding named query: item.all => Select p from Item p
19:40:29.874 [main] DEBUG org.hibernate.cfg.annotations.QueryBinder - Binding named query: item.allForPlayer => Select p from Item p where player_id = :id
19:40:29.879 [main] DEBUG org.hibernate.cfg.Ejb3Column - Binding column: Ejb3DiscriminatorColumn{logicalColumnName'DTYPE', discriminatorTypeName='string'}
19:40:29.882 [main] DEBUG org.hibernate.cfg.annotations.EntityBinder - Import with entity name Item
19:40:29.884 [main] DEBUG org.hibernate.cfg.annotations.EntityBinder - Bind entity tau.mmo.domain.Item on table item
19:40:29.899 [main] DEBUG org.hibernate.cfg.Ejb3Column - Binding column: Ejb3Column{table=org.hibernate.mapping.Table(item), mappingColumn=id, insertable=true, updatable=true, unique=false}
19:40:29.901 [main] DEBUG org.hibernate.cfg.annotations.PropertyBinder - MetadataSourceProcessor property id with lazy=false
19:40:29.902 [main] DEBUG org.hibernate.cfg.AbstractPropertyHolder - Attempting to locate auto-apply AttributeConverter for property [tau.mmo.domain.Item:id]
19:40:29.902 [main] DEBUG org.hibernate.cfg.annotations.SimpleValueBinder - building SimpleValue for id
19:40:29.904 [main] DEBUG org.hibernate.cfg.annotations.PropertyBinder - Building property id
19:40:29.906 [main] DEBUG org.hibernate.cfg.Ejb3Column - Binding column: Ejb3Column{table=org.hibernate.mapping.Table(item), mappingColumn=itemclass, insertable=true, updatable=true, unique=false}
19:40:29.906 [main] DEBUG org.hibernate.cfg.annotations.PropertyBinder - MetadataSourceProcessor property itemclass with lazy=false
19:40:29.906 [main] DEBUG org.hibernate.cfg.AbstractPropertyHolder - Attempting to locate auto-apply AttributeConverter for property [tau.mmo.domain.Item:itemclass]
19:40:29.906 [main] DEBUG org.hibernate.cfg.annotations.SimpleValueBinder - building SimpleValue for itemclass
19:40:29.907 [main] DEBUG org.hibernate.cfg.annotations.PropertyBinder - Building property itemclass
19:40:29.907 [main] DEBUG org.hibernate.cfg.Ejb3Column - Binding column: Ejb3Column{table=org.hibernate.mapping.Table(item), mappingColumn=levelreq, insertable=true, updatable=true, unique=false}
19:40:29.907 [main] DEBUG org.hibernate.cfg.annotations.PropertyBinder - MetadataSourceProcessor property levelreq with lazy=false
19:40:29.907 [main] DEBUG org.hibernate.cfg.AbstractPropertyHolder - Attempting to locate auto-apply AttributeConverter for property [tau.mmo.domain.Item:levelreq]
19:40:29.907 [main] DEBUG org.hibernate.cfg.annotations.SimpleValueBinder - building SimpleValue for levelreq
19:40:29.907 [main] DEBUG org.hibernate.cfg.annotations.PropertyBinder - Building property levelreq
19:40:29.907 [main] DEBUG org.hibernate.cfg.Ejb3Column - Binding column: Ejb3Column{table=org.hibernate.mapping.Table(item), mappingColumn=name, insertable=true, updatable=true, unique=false}
19:40:29.907 [main] DEBUG org.hibernate.cfg.annotations.PropertyBinder - MetadataSourceProcessor property name with lazy=false
19:40:29.907 [main] DEBUG org.hibernate.cfg.AbstractPropertyHolder - Attempting to locate auto-apply AttributeConverter for property [tau.mmo.domain.Item:name]
19:40:29.907 [main] DEBUG org.hibernate.cfg.annotations.SimpleValueBinder - building SimpleValue for name
19:40:29.907 [main] DEBUG org.hibernate.cfg.annotations.PropertyBinder - Building property name
19:40:29.908 [main] DEBUG org.hibernate.cfg.Ejb3Column - Binding column: Ejb3JoinColumn{logicalColumnName='player_id', referencedColumn='', mappedBy=''}
19:40:29.909 [main] DEBUG org.hibernate.cfg.Ejb3Column - Binding column: Ejb3Column{table=org.hibernate.mapping.Table(item), mappingColumn=player, insertable=true, updatable=true, unique=false}
19:40:29.910 [main] DEBUG org.hibernate.cfg.annotations.PropertyBinder - Building property player
19:40:29.911 [main] DEBUG org.hibernate.cfg.AnnotationBinder - Binding entity from annotated class: tau.mmo.domain.Player
19:40:29.911 [main] DEBUG org.hibernate.cfg.annotations.QueryBinder - Binding named query: player.all => Select p from Player p
19:40:29.911 [main] DEBUG org.hibernate.cfg.annotations.QueryBinder - Binding named query: player.findPlayers => Select c from Player c where c.name like :nameFragment
19:40:29.911 [main] DEBUG org.hibernate.cfg.Ejb3Column - Binding column: Ejb3DiscriminatorColumn{logicalColumnName'DTYPE', discriminatorTypeName='string'}
19:40:29.911 [main] DEBUG org.hibernate.cfg.annotations.EntityBinder - Import with entity name Player
19:40:29.912 [main] DEBUG org.hibernate.cfg.annotations.EntityBinder - Bind entity tau.mmo.domain.Player on table player
19:40:29.914 [main] DEBUG org.hibernate.cfg.Ejb3Column - Binding column: Ejb3Column{table=org.hibernate.mapping.Table(player), mappingColumn=id, insertable=true, updatable=true, unique=false}
19:40:29.914 [main] DEBUG org.hibernate.cfg.annotations.PropertyBinder - MetadataSourceProcessor property id with lazy=false
19:40:29.914 [main] DEBUG org.hibernate.cfg.AbstractPropertyHolder - Attempting to locate auto-apply AttributeConverter for property [tau.mmo.domain.Player:id]
19:40:29.914 [main] DEBUG org.hibernate.cfg.annotations.SimpleValueBinder - building SimpleValue for id
19:40:29.915 [main] DEBUG org.hibernate.cfg.annotations.PropertyBinder - Building property id
19:40:29.915 [main] DEBUG org.hibernate.cfg.Ejb3Column - Binding column: Ejb3Column{table=org.hibernate.mapping.Table(player), mappingColumn=heroclass, insertable=true, updatable=true, unique=false}
19:40:29.915 [main] DEBUG org.hibernate.cfg.annotations.PropertyBinder - MetadataSourceProcessor property heroclass with lazy=false
19:40:29.915 [main] DEBUG org.hibernate.cfg.AbstractPropertyHolder - Attempting to locate auto-apply AttributeConverter for property [tau.mmo.domain.Player:heroclass]
19:40:29.915 [main] DEBUG org.hibernate.cfg.annotations.SimpleValueBinder - building SimpleValue for heroclass
19:40:29.915 [main] DEBUG org.hibernate.cfg.annotations.PropertyBinder - Building property heroclass
19:40:29.915 [main] DEBUG org.hibernate.cfg.Ejb3Column - Binding column: Ejb3JoinColumn{logicalColumnName='null', referencedColumn='null', mappedBy='player'}
19:40:29.915 [main] DEBUG org.hibernate.cfg.Ejb3Column - Binding column: Ejb3Column{table=org.hibernate.mapping.Table(player), mappingColumn=items, insertable=true, updatable=true, unique=false}
19:40:29.916 [main] DEBUG org.hibernate.cfg.Ejb3Column - Binding column: Ejb3Column{table=org.hibernate.mapping.Table(player), mappingColumn=null, insertable=true, updatable=true, unique=false}
19:40:29.921 [main] DEBUG org.hibernate.cfg.Ejb3Column - Binding column: Ejb3Column{table=org.hibernate.mapping.Table(player), mappingColumn=element, insertable=true, updatable=true, unique=false}
19:40:29.922 [main] DEBUG org.hibernate.cfg.Ejb3Column - Binding column: Ejb3Column{table=org.hibernate.mapping.Table(player), mappingColumn=items_KEY, insertable=true, updatable=true, unique=false}
19:40:29.922 [main] DEBUG org.hibernate.cfg.Ejb3Column - Binding column: Ejb3JoinColumn{logicalColumnName='items_KEY', referencedColumn='null', mappedBy='null'}
19:40:29.922 [main] DEBUG org.hibernate.cfg.Ejb3Column - Binding column: Ejb3JoinColumn{logicalColumnName='null', referencedColumn='null', mappedBy='player'}
19:40:29.923 [main] DEBUG org.hibernate.cfg.Ejb3Column - Binding column: Ejb3JoinColumn{logicalColumnName='null', referencedColumn='null', mappedBy='player'}
19:40:29.923 [main] DEBUG org.hibernate.cfg.annotations.CollectionBinder - Collection role: tau.mmo.domain.Player.items
19:40:29.924 [main] DEBUG org.hibernate.cfg.annotations.PropertyBinder - Building property items
19:40:29.925 [main] DEBUG org.hibernate.cfg.Ejb3Column - Binding column: Ejb3Column{table=org.hibernate.mapping.Table(player), mappingColumn=level, insertable=true, updatable=true, unique=false}
19:40:29.925 [main] DEBUG org.hibernate.cfg.annotations.PropertyBinder - MetadataSourceProcessor property level with lazy=false
19:40:29.925 [main] DEBUG org.hibernate.cfg.AbstractPropertyHolder - Attempting to locate auto-apply AttributeConverter for property [tau.mmo.domain.Player:level]
19:40:29.925 [main] DEBUG org.hibernate.cfg.annotations.SimpleValueBinder - building SimpleValue for level
19:40:29.925 [main] DEBUG org.hibernate.cfg.annotations.PropertyBinder - Building property level
19:40:29.925 [main] DEBUG org.hibernate.cfg.Ejb3Column - Binding column: Ejb3Column{table=org.hibernate.mapping.Table(player), mappingColumn=name, insertable=true, updatable=true, unique=false}
19:40:29.925 [main] DEBUG org.hibernate.cfg.annotations.PropertyBinder - MetadataSourceProcessor property name with lazy=false
19:40:29.925 [main] DEBUG org.hibernate.cfg.AbstractPropertyHolder - Attempting to locate auto-apply AttributeConverter for property [tau.mmo.domain.Player:name]
19:40:29.925 [main] DEBUG org.hibernate.cfg.annotations.SimpleValueBinder - building SimpleValue for name
19:40:29.925 [main] DEBUG org.hibernate.cfg.annotations.PropertyBinder - Building property name
19:40:29.926 [main] DEBUG org.hibernate.cfg.annotations.SimpleValueBinder - Starting fillSimpleValue for id
19:40:29.926 [main] DEBUG org.hibernate.cfg.annotations.SimpleValueBinder - Starting fillSimpleValue for itemclass
19:40:29.926 [main] DEBUG org.hibernate.cfg.annotations.SimpleValueBinder - Starting fillSimpleValue for levelreq
19:40:29.926 [main] DEBUG org.hibernate.cfg.annotations.SimpleValueBinder - Starting fillSimpleValue for name
19:40:29.926 [main] DEBUG org.hibernate.cfg.annotations.SimpleValueBinder - Starting fillSimpleValue for id
19:40:29.926 [main] DEBUG org.hibernate.cfg.annotations.SimpleValueBinder - Starting fillSimpleValue for heroclass
19:40:29.926 [main] DEBUG org.hibernate.cfg.annotations.SimpleValueBinder - Starting fillSimpleValue for level
19:40:29.926 [main] DEBUG org.hibernate.cfg.annotations.SimpleValueBinder - Starting fillSimpleValue for name
19:40:29.928 [main] DEBUG org.hibernate.mapping.PrimaryKey - Forcing column [id] to be non-null as it is part of the primary key for table [item]
19:40:29.928 [main] DEBUG org.hibernate.mapping.PrimaryKey - Forcing column [id] to be non-null as it is part of the primary key for table [player]
19:40:29.929 [main] DEBUG org.hibernate.cfg.CollectionSecondPass - Second pass for collection: tau.mmo.domain.Player.items
19:40:29.929 [main] DEBUG org.hibernate.cfg.annotations.CollectionBinder - Binding a OneToMany: tau.mmo.domain.Player.items through a foreign key
19:40:29.929 [main] DEBUG org.hibernate.cfg.annotations.CollectionBinder - Mapping collection: tau.mmo.domain.Player.items -> item
19:40:29.930 [main] DEBUG org.hibernate.cfg.annotations.TableBinder - Retrieving property tau.mmo.domain.Item.player
19:40:29.930 [main] DEBUG org.hibernate.cfg.CollectionSecondPass - Mapped collection key: player_id, one-to-many: tau.mmo.domain.Item
19:40:29.930 [main] DEBUG org.hibernate.boot.internal.InFlightMetadataCollectorImpl - Resolving reference to class: tau.mmo.domain.Player
19:40:29.932 [main] DEBUG org.hibernate.boot.internal.InFlightMetadataCollectorImpl - Resolving reference to class: tau.mmo.domain.Player
19:40:29.950 [main] DEBUG org.hibernate.internal.SessionFactoryImpl - Building session factory
19:40:29.951 [main] DEBUG org.hibernate.cfg.Settings - SessionFactory name : null
19:40:29.951 [main] DEBUG org.hibernate.cfg.Settings - Automatic flush during beforeCompletion(): disabled
19:40:29.951 [main] DEBUG org.hibernate.cfg.Settings - Automatic session close at end of transaction: disabled
19:40:29.951 [main] DEBUG org.hibernate.cfg.Settings - Statistics: disabled
19:40:29.951 [main] DEBUG org.hibernate.cfg.Settings - Deleted entity synthetic identifier rollback: disabled
19:40:29.951 [main] DEBUG org.hibernate.cfg.Settings - Default entity-mode: pojo
19:40:29.952 [main] DEBUG org.hibernate.cfg.Settings - Check Nullability in Core (should be disabled when Bean Validation is on): enabled
19:40:29.952 [main] DEBUG org.hibernate.cfg.Settings - Allow initialization of lazy state outside session : disabled
19:40:29.952 [main] DEBUG org.hibernate.cfg.Settings - Using BatchFetchStyle : LEGACY
19:40:29.952 [main] DEBUG org.hibernate.cfg.Settings - Default batch fetch size: -1
19:40:29.952 [main] DEBUG org.hibernate.cfg.Settings - Maximum outer join fetch depth: null
19:40:29.952 [main] DEBUG org.hibernate.cfg.Settings - Default null ordering: NONE
19:40:29.952 [main] DEBUG org.hibernate.cfg.Settings - Order SQL updates by primary key: disabled
19:40:29.952 [main] DEBUG org.hibernate.cfg.Settings - Order SQL inserts for batching: disabled
19:40:29.952 [main] DEBUG org.hibernate.cfg.Settings - multi-tenancy strategy : NONE
19:40:29.952 [main] DEBUG org.hibernate.cfg.Settings - JTA Track by Thread: enabled
19:40:29.952 [main] DEBUG org.hibernate.cfg.Settings - Query language substitutions: {}
19:40:29.952 [main] DEBUG org.hibernate.cfg.Settings - JPA query language strict compliance: disabled
19:40:29.952 [main] DEBUG org.hibernate.cfg.Settings - Named query checking : enabled
19:40:29.952 [main] DEBUG org.hibernate.cfg.Settings - Second-level cache: enabled
19:40:29.952 [main] DEBUG org.hibernate.cfg.Settings - Second-level query cache: disabled
19:40:29.952 [main] DEBUG org.hibernate.cfg.Settings - Second-level query cache factory: org.hibernate.cache.internal.StandardQueryCacheFactory@2da16263
19:40:29.952 [main] DEBUG org.hibernate.cfg.Settings - Second-level cache region prefix: null
19:40:29.953 [main] DEBUG org.hibernate.cfg.Settings - Optimize second-level cache for minimal puts: disabled
19:40:29.953 [main] DEBUG org.hibernate.cfg.Settings - Structured second-level cache entries: disabled
19:40:29.953 [main] DEBUG org.hibernate.cfg.Settings - Second-level cache direct-reference entries: disabled
19:40:29.953 [main] DEBUG org.hibernate.cfg.Settings - Automatic eviction of collection cache: disabled
19:40:29.953 [main] DEBUG org.hibernate.cfg.Settings - JDBC batch size: 0
19:40:29.953 [main] DEBUG org.hibernate.cfg.Settings - JDBC batch updates for versioned data: enabled
19:40:29.953 [main] DEBUG org.hibernate.cfg.Settings - Scrollable result sets: disabled
19:40:29.953 [main] DEBUG org.hibernate.cfg.Settings - Wrap result sets: disabled
19:40:29.953 [main] DEBUG org.hibernate.cfg.Settings - JDBC3 getGeneratedKeys(): disabled
19:40:29.953 [main] DEBUG org.hibernate.cfg.Settings - JDBC result set fetch size: null
19:40:29.953 [main] DEBUG org.hibernate.cfg.Settings - Connection release mode: ON_CLOSE
19:40:29.953 [main] DEBUG org.hibernate.cfg.Settings - Generate SQL with comments: disabled
19:40:29.980 [main] DEBUG org.hibernate.internal.SessionFactoryImpl - Session factory constructed with filter configurations : {}
19:40:29.980 [main] DEBUG org.hibernate.internal.SessionFactoryImpl - Instantiating session factory with properties: {awt.toolkit=sun.awt.X11.XToolkit, java.specification.version=11, sun.cpu.isalist=, sun.jnu.encoding=UTF-8, hibernate.connection.release_mode=ON_CLOSE, sun.arch.data.model=64, java.vendor.url=http://java.oracle.com/, sun.boot.library.path=/usr/lib/jvm/java-11-openjdk-amd64/lib, sun.java.command=/home/whitewolf/tau/TAU-repozytorium/tau-mmo-jmeter/target/surefire/surefirebooter3068630985977223282.jar /home/whitewolf/tau/TAU-repozytorium/tau-mmo-jmeter/target/surefire 2019-05-27T19-40-27_728-jvmRun1 surefire9941762728851701862tmp surefire_013181237219562226252tmp, jdk.debug=release, java.specification.vendor=Oracle Corporation, java.version.date=2019-04-16, java.home=/usr/lib/jvm/java-11-openjdk-amd64, file.separator=/, basedir=/home/whitewolf/tau/TAU-repozytorium/tau-mmo-jmeter, java.vm.compressedOopsMode=Zero based, line.separator=
, java.specification.name=Java Platform API Specification, java.vm.specification.vendor=Oracle Corporation, hibernate.hbm2ddl.auto=update, sun.management.compiler=HotSpot 64-Bit Tiered Compilers, java.runtime.version=11.0.3+7-Ubuntu-1ubuntu218.04.1, user.name=whitewolf, file.encoding=UTF-8, hibernate.classLoaders=[jdk.internal.loader.ClassLoaders$AppClassLoader@1affbebc], hibernate.current_session_context_class=org.springframework.orm.hibernate5.SpringSessionContext, localRepository=/home/whitewolf/.m2/repository, java.io.tmpdir=/tmp, java.version=11.0.3, java.vm.specification.name=Java Virtual Machine Specification, java.awt.printerjob=sun.print.PSPrinterJob, sun.os.patch.level=unknown, java.library.path=/usr/java/packages/lib:/usr/lib/x86_64-linux-gnu/jni:/lib/x86_64-linux-gnu:/usr/lib/x86_64-linux-gnu:/usr/lib/jni:/lib:/usr/lib, java.vendor=Oracle Corporation, sun.io.unicode.encoding=UnicodeLittle, sun.desktop=gnome, hibernate.dialect=org.hibernate.dialect.HSQLDialect, java.class.path=/home/whitewolf/tau/TAU-repozytorium/tau-mmo-jmeter/target/test-classes:/home/whitewolf/tau/TAU-repozytorium/tau-mmo-jmeter/target/classes:/home/whitewolf/.m2/repository/org/springframework/boot/spring-boot-starter-web/2.1.4.RELEASE/spring-boot-starter-web-2.1.4.RELEASE.jar:/home/whitewolf/.m2/repository/org/springframework/boot/spring-boot-starter/2.1.4.RELEASE/spring-boot-starter-2.1.4.RELEASE.jar:/home/whitewolf/.m2/repository/org/springframework/boot/spring-boot/2.1.4.RELEASE/spring-boot-2.1.4.RELEASE.jar:/home/whitewolf/.m2/repository/org/springframework/boot/spring-boot-autoconfigure/2.1.4.RELEASE/spring-boot-autoconfigure-2.1.4.RELEASE.jar:/home/whitewolf/.m2/repository/org/springframework/boot/spring-boot-starter-logging/2.1.4.RELEASE/spring-boot-starter-logging-2.1.4.RELEASE.jar:/home/whitewolf/.m2/repository/ch/qos/logback/logback-classic/1.2.3/logback-classic-1.2.3.jar:/home/whitewolf/.m2/repository/ch/qos/logback/logback-core/1.2.3/logback-core-1.2.3.jar:/home/whitewolf/.m2/repository/org/apache/logging/log4j/log4j-to-slf4j/2.11.2/log4j-to-slf4j-2.11.2.jar:/home/whitewolf/.m2/repository/org/apache/logging/log4j/log4j-api/2.11.2/log4j-api-2.11.2.jar:/home/whitewolf/.m2/repository/org/slf4j/jul-to-slf4j/1.7.26/jul-to-slf4j-1.7.26.jar:/home/whitewolf/.m2/repository/org/yaml/snakeyaml/1.23/snakeyaml-1.23.jar:/home/whitewolf/.m2/repository/org/springframework/boot/spring-boot-starter-json/2.1.4.RELEASE/spring-boot-starter-json-2.1.4.RELEASE.jar:/home/whitewolf/.m2/repository/com/fasterxml/jackson/core/jackson-databind/2.9.8/jackson-databind-2.9.8.jar:/home/whitewolf/.m2/repository/com/fasterxml/jackson/core/jackson-annotations/2.9.0/jackson-annotations-2.9.0.jar:/home/whitewolf/.m2/repository/com/fasterxml/jackson/core/jackson-core/2.9.8/jackson-core-2.9.8.jar:/home/whitewolf/.m2/repository/com/fasterxml/jackson/datatype/jackson-datatype-jdk8/2.9.8/jackson-datatype-jdk8-2.9.8.jar:/home/whitewolf/.m2/repository/com/fasterxml/jackson/datatype/jackson-datatype-jsr310/2.9.8/jackson-datatype-jsr310-2.9.8.jar:/home/whitewolf/.m2/repository/com/fasterxml/jackson/module/jackson-module-parameter-names/2.9.8/jackson-module-parameter-names-2.9.8.jar:/home/whitewolf/.m2/repository/org/hibernate/validator/hibernate-validator/6.0.16.Final/hibernate-validator-6.0.16.Final.jar:/home/whitewolf/.m2/repository/javax/validation/validation-api/2.0.1.Final/validation-api-2.0.1.Final.jar:/home/whitewolf/.m2/repository/org/springframework/spring-web/5.1.6.RELEASE/spring-web-5.1.6.RELEASE.jar:/home/whitewolf/.m2/repository/org/springframework/spring-webmvc/5.1.6.RELEASE/spring-webmvc-5.1.6.RELEASE.jar:/home/whitewolf/.m2/repository/org/springframework/spring-aop/5.1.6.RELEASE/spring-aop-5.1.6.RELEASE.jar:/home/whitewolf/.m2/repository/org/springframework/spring-context/5.1.6.RELEASE/spring-context-5.1.6.RELEASE.jar:/home/whitewolf/.m2/repository/org/springframework/spring-expression/5.1.6.RELEASE/spring-expression-5.1.6.RELEASE.jar:/home/whitewolf/.m2/repository/org/springframework/boot/spring-boot-starter-test/2.1.4.RELEASE/spring-boot-starter-test-2.1.4.RELEASE.jar:/home/whitewolf/.m2/repository/org/springframework/boot/spring-boot-test/2.1.4.RELEASE/spring-boot-test-2.1.4.RELEASE.jar:/home/whitewolf/.m2/repository/org/springframework/boot/spring-boot-test-autoconfigure/2.1.4.RELEASE/spring-boot-test-autoconfigure-2.1.4.RELEASE.jar:/home/whitewolf/.m2/repository/junit/junit/4.12/junit-4.12.jar:/home/whitewolf/.m2/repository/org/assertj/assertj-core/3.11.1/assertj-core-3.11.1.jar:/home/whitewolf/.m2/repository/org/mockito/mockito-core/2.23.4/mockito-core-2.23.4.jar:/home/whitewolf/.m2/repository/net/bytebuddy/byte-buddy/1.9.12/byte-buddy-1.9.12.jar:/home/whitewolf/.m2/repository/net/bytebuddy/byte-buddy-agent/1.9.12/byte-buddy-agent-1.9.12.jar:/home/whitewolf/.m2/repository/org/objenesis/objenesis/2.6/objenesis-2.6.jar:/home/whitewolf/.m2/repository/org/hamcrest/hamcrest-core/1.3/hamcrest-core-1.3.jar:/home/whitewolf/.m2/repository/org/hamcrest/hamcrest-library/1.3/hamcrest-library-1.3.jar:/home/whitewolf/.m2/repository/org/skyscreamer/jsonassert/1.5.0/jsonassert-1.5.0.jar:/home/whitewolf/.m2/repository/com/vaadin/external/google/android-json/0.0.20131108.vaadin1/android-json-0.0.20131108.vaadin1.jar:/home/whitewolf/.m2/repository/org/springframework/spring-core/5.1.6.RELEASE/spring-core-5.1.6.RELEASE.jar:/home/whitewolf/.m2/repository/org/springframework/spring-jcl/5.1.6.RELEASE/spring-jcl-5.1.6.RELEASE.jar:/home/whitewolf/.m2/repository/org/springframework/spring-test/5.1.6.RELEASE/spring-test-5.1.6.RELEASE.jar:/home/whitewolf/.m2/repository/org/xmlunit/xmlunit-core/2.6.2/xmlunit-core-2.6.2.jar:/home/whitewolf/.m2/repository/org/springframework/boot/spring-boot-starter-tomcat/2.1.4.RELEASE/spring-boot-starter-tomcat-2.1.4.RELEASE.jar:/home/whitewolf/.m2/repository/javax/annotation/javax.annotation-api/1.3.2/javax.annotation-api-1.3.2.jar:/home/whitewolf/.m2/repository/org/apache/tomcat/embed/tomcat-embed-core/9.0.17/tomcat-embed-core-9.0.17.jar:/home/whitewolf/.m2/repository/org/apache/tomcat/embed/tomcat-embed-el/9.0.17/tomcat-embed-el-9.0.17.jar:/home/whitewolf/.m2/repository/org/apache/tomcat/embed/tomcat-embed-websocket/9.0.17/tomcat-embed-websocket-9.0.17.jar:/home/whitewolf/.m2/repository/org/springframework/boot/spring-boot-starter-data-jpa/2.1.4.RELEASE/spring-boot-starter-data-jpa-2.1.4.RELEASE.jar:/home/whitewolf/.m2/repository/org/springframework/boot/spring-boot-starter-aop/2.1.4.RELEASE/spring-boot-starter-aop-2.1.4.RELEASE.jar:/home/whitewolf/.m2/repository/org/aspectj/aspectjweaver/1.9.2/aspectjweaver-1.9.2.jar:/home/whitewolf/.m2/repository/org/springframework/boot/spring-boot-starter-jdbc/2.1.4.RELEASE/spring-boot-starter-jdbc-2.1.4.RELEASE.jar:/home/whitewolf/.m2/repository/com/zaxxer/HikariCP/3.2.0/HikariCP-3.2.0.jar:/home/whitewolf/.m2/repository/org/springframework/spring-jdbc/5.1.6.RELEASE/spring-jdbc-5.1.6.RELEASE.jar:/home/whitewolf/.m2/repository/javax/transaction/javax.transaction-api/1.3/javax.transaction-api-1.3.jar:/home/whitewolf/.m2/repository/javax/xml/bind/jaxb-api/2.3.1/jaxb-api-2.3.1.jar:/home/whitewolf/.m2/repository/javax/activation/javax.activation-api/1.2.0/javax.activation-api-1.2.0.jar:/home/whitewolf/.m2/repository/org/springframework/data/spring-data-jpa/2.1.6.RELEASE/spring-data-jpa-2.1.6.RELEASE.jar:/home/whitewolf/.m2/repository/org/springframework/data/spring-data-commons/2.1.6.RELEASE/spring-data-commons-2.1.6.RELEASE.jar:/home/whitewolf/.m2/repository/org/springframework/spring-orm/5.1.6.RELEASE/spring-orm-5.1.6.RELEASE.jar:/home/whitewolf/.m2/repository/org/springframework/spring-aspects/5.1.6.RELEASE/spring-aspects-5.1.6.RELEASE.jar:/home/whitewolf/.m2/repository/org/springframework/spring-tx/5.1.6.RELEASE/spring-tx-5.1.6.RELEASE.jar:/home/whitewolf/.m2/repository/org/springframework/spring-beans/5.1.6.RELEASE/spring-beans-5.1.6.RELEASE.jar:/home/whitewolf/.m2/repository/com/jayway/jsonpath/json-path/2.4.0/json-path-2.4.0.jar:/home/whitewolf/.m2/repository/net/minidev/json-smart/2.3/json-smart-2.3.jar:/home/whitewolf/.m2/repository/net/minidev/accessors-smart/1.2/accessors-smart-1.2.jar:/home/whitewolf/.m2/repository/org/ow2/asm/asm/5.0.4/asm-5.0.4.jar:/home/whitewolf/.m2/repository/org/slf4j/slf4j-api/1.7.26/slf4j-api-1.7.26.jar:/home/whitewolf/.m2/repository/org/hibernate/hibernate-core/5.1.6.Final/hibernate-core-5.1.6.Final.jar:/home/whitewolf/.m2/repository/org/jboss/logging/jboss-logging/3.3.2.Final/jboss-logging-3.3.2.Final.jar:/home/whitewolf/.m2/repository/org/hibernate/javax/persistence/hibernate-jpa-2.1-api/1.0.0.Final/hibernate-jpa-2.1-api-1.0.0.Final.jar:/home/whitewolf/.m2/repository/org/javassist/javassist/3.20.0-GA/javassist-3.20.0-GA.jar:/home/whitewolf/.m2/repository/antlr/antlr/2.7.7/antlr-2.7.7.jar:/home/whitewolf/.m2/repository/org/apache/geronimo/specs/geronimo-jta_1.1_spec/1.1.1/geronimo-jta_1.1_spec-1.1.1.jar:/home/whitewolf/.m2/repository/org/jboss/jandex/2.0.3.Final/jandex-2.0.3.Final.jar:/home/whitewolf/.m2/repository/com/fasterxml/classmate/1.4.0/classmate-1.4.0.jar:/home/whitewolf/.m2/repository/dom4j/dom4j/1.6.1/dom4j-1.6.1.jar:/home/whitewolf/.m2/repository/org/hibernate/common/hibernate-commons-annotations/5.0.1.Final/hibernate-commons-annotations-5.0.1.Final.jar:/home/whitewolf/.m2/repository/org/hsqldb/hsqldb/2.3.4/hsqldb-2.3.4.jar:, java.vm.vendor=Oracle Corporation, user.timezone=Europe/Warsaw, os.name=Linux, java.vm.specification.version=11, sun.java.launcher=SUN_STANDARD, user.country=PL, surefire.test.class.path=/home/whitewolf/tau/TAU-repozytorium/tau-mmo-jmeter/target/test-classes:/home/whitewolf/tau/TAU-repozytorium/tau-mmo-jmeter/target/classes:/home/whitewolf/.m2/repository/org/springframework/boot/spring-boot-starter-web/2.1.4.RELEASE/spring-boot-starter-web-2.1.4.RELEASE.jar:/home/whitewolf/.m2/repository/org/springframework/boot/spring-boot-starter/2.1.4.RELEASE/spring-boot-starter-2.1.4.RELEASE.jar:/home/whitewolf/.m2/repository/org/springframework/boot/spring-boot/2.1.4.RELEASE/spring-boot-2.1.4.RELEASE.jar:/home/whitewolf/.m2/repository/org/springframework/boot/spring-boot-autoconfigure/2.1.4.RELEASE/spring-boot-autoconfigure-2.1.4.RELEASE.jar:/home/whitewolf/.m2/repository/org/springframework/boot/spring-boot-starter-logging/2.1.4.RELEASE/spring-boot-starter-logging-2.1.4.RELEASE.jar:/home/whitewolf/.m2/repository/ch/qos/logback/logback-classic/1.2.3/logback-classic-1.2.3.jar:/home/whitewolf/.m2/repository/ch/qos/logback/logback-core/1.2.3/logback-core-1.2.3.jar:/home/whitewolf/.m2/repository/org/apache/logging/log4j/log4j-to-slf4j/2.11.2/log4j-to-slf4j-2.11.2.jar:/home/whitewolf/.m2/repository/org/apache/logging/log4j/log4j-api/2.11.2/log4j-api-2.11.2.jar:/home/whitewolf/.m2/repository/org/slf4j/jul-to-slf4j/1.7.26/jul-to-slf4j-1.7.26.jar:/home/whitewolf/.m2/repository/org/yaml/snakeyaml/1.23/snakeyaml-1.23.jar:/home/whitewolf/.m2/repository/org/springframework/boot/spring-boot-starter-json/2.1.4.RELEASE/spring-boot-starter-json-2.1.4.RELEASE.jar:/home/whitewolf/.m2/repository/com/fasterxml/jackson/core/jackson-databind/2.9.8/jackson-databind-2.9.8.jar:/home/whitewolf/.m2/repository/com/fasterxml/jackson/core/jackson-annotations/2.9.0/jackson-annotations-2.9.0.jar:/home/whitewolf/.m2/repository/com/fasterxml/jackson/core/jackson-core/2.9.8/jackson-core-2.9.8.jar:/home/whitewolf/.m2/repository/com/fasterxml/jackson/datatype/jackson-datatype-jdk8/2.9.8/jackson-datatype-jdk8-2.9.8.jar:/home/whitewolf/.m2/repository/com/fasterxml/jackson/datatype/jackson-datatype-jsr310/2.9.8/jackson-datatype-jsr310-2.9.8.jar:/home/whitewolf/.m2/repository/com/fasterxml/jackson/module/jackson-module-parameter-names/2.9.8/jackson-module-parameter-names-2.9.8.jar:/home/whitewolf/.m2/repository/org/hibernate/validator/hibernate-validator/6.0.16.Final/hibernate-validator-6.0.16.Final.jar:/home/whitewolf/.m2/repository/javax/validation/validation-api/2.0.1.Final/validation-api-2.0.1.Final.jar:/home/whitewolf/.m2/repository/org/springframework/spring-web/5.1.6.RELEASE/spring-web-5.1.6.RELEASE.jar:/home/whitewolf/.m2/repository/org/springframework/spring-webmvc/5.1.6.RELEASE/spring-webmvc-5.1.6.RELEASE.jar:/home/whitewolf/.m2/repository/org/springframework/spring-aop/5.1.6.RELEASE/spring-aop-5.1.6.RELEASE.jar:/home/whitewolf/.m2/repository/org/springframework/spring-context/5.1.6.RELEASE/spring-context-5.1.6.RELEASE.jar:/home/whitewolf/.m2/repository/org/springframework/spring-expression/5.1.6.RELEASE/spring-expression-5.1.6.RELEASE.jar:/home/whitewolf/.m2/repository/org/springframework/boot/spring-boot-starter-test/2.1.4.RELEASE/spring-boot-starter-test-2.1.4.RELEASE.jar:/home/whitewolf/.m2/repository/org/springframework/boot/spring-boot-test/2.1.4.RELEASE/spring-boot-test-2.1.4.RELEASE.jar:/home/whitewolf/.m2/repository/org/springframework/boot/spring-boot-test-autoconfigure/2.1.4.RELEASE/spring-boot-test-autoconfigure-2.1.4.RELEASE.jar:/home/whitewolf/.m2/repository/junit/junit/4.12/junit-4.12.jar:/home/whitewolf/.m2/repository/org/assertj/assertj-core/3.11.1/assertj-core-3.11.1.jar:/home/whitewolf/.m2/repository/org/mockito/mockito-core/2.23.4/mockito-core-2.23.4.jar:/home/whitewolf/.m2/repository/net/bytebuddy/byte-buddy/1.9.12/byte-buddy-1.9.12.jar:/home/whitewolf/.m2/repository/net/bytebuddy/byte-buddy-agent/1.9.12/byte-buddy-agent-1.9.12.jar:/home/whitewolf/.m2/repository/org/objenesis/objenesis/2.6/objenesis-2.6.jar:/home/whitewolf/.m2/repository/org/hamcrest/hamcrest-core/1.3/hamcrest-core-1.3.jar:/home/whitewolf/.m2/repository/org/hamcrest/hamcrest-library/1.3/hamcrest-library-1.3.jar:/home/whitewolf/.m2/repository/org/skyscreamer/jsonassert/1.5.0/jsonassert-1.5.0.jar:/home/whitewolf/.m2/repository/com/vaadin/external/google/android-json/0.0.20131108.vaadin1/android-json-0.0.20131108.vaadin1.jar:/home/whitewolf/.m2/repository/org/springframework/spring-core/5.1.6.RELEASE/spring-core-5.1.6.RELEASE.jar:/home/whitewolf/.m2/repository/org/springframework/spring-jcl/5.1.6.RELEASE/spring-jcl-5.1.6.RELEASE.jar:/home/whitewolf/.m2/repository/org/springframework/spring-test/5.1.6.RELEASE/spring-test-5.1.6.RELEASE.jar:/home/whitewolf/.m2/repository/org/xmlunit/xmlunit-core/2.6.2/xmlunit-core-2.6.2.jar:/home/whitewolf/.m2/repository/org/springframework/boot/spring-boot-starter-tomcat/2.1.4.RELEASE/spring-boot-starter-tomcat-2.1.4.RELEASE.jar:/home/whitewolf/.m2/repository/javax/annotation/javax.annotation-api/1.3.2/javax.annotation-api-1.3.2.jar:/home/whitewolf/.m2/repository/org/apache/tomcat/embed/tomcat-embed-core/9.0.17/tomcat-embed-core-9.0.17.jar:/home/whitewolf/.m2/repository/org/apache/tomcat/embed/tomcat-embed-el/9.0.17/tomcat-embed-el-9.0.17.jar:/home/whitewolf/.m2/repository/org/apache/tomcat/embed/tomcat-embed-websocket/9.0.17/tomcat-embed-websocket-9.0.17.jar:/home/whitewolf/.m2/repository/org/springframework/boot/spring-boot-starter-data-jpa/2.1.4.RELEASE/spring-boot-starter-data-jpa-2.1.4.RELEASE.jar:/home/whitewolf/.m2/repository/org/springframework/boot/spring-boot-starter-aop/2.1.4.RELEASE/spring-boot-starter-aop-2.1.4.RELEASE.jar:/home/whitewolf/.m2/repository/org/aspectj/aspectjweaver/1.9.2/aspectjweaver-1.9.2.jar:/home/whitewolf/.m2/repository/org/springframework/boot/spring-boot-starter-jdbc/2.1.4.RELEASE/spring-boot-starter-jdbc-2.1.4.RELEASE.jar:/home/whitewolf/.m2/repository/com/zaxxer/HikariCP/3.2.0/HikariCP-3.2.0.jar:/home/whitewolf/.m2/repository/org/springframework/spring-jdbc/5.1.6.RELEASE/spring-jdbc-5.1.6.RELEASE.jar:/home/whitewolf/.m2/repository/javax/transaction/javax.transaction-api/1.3/javax.transaction-api-1.3.jar:/home/whitewolf/.m2/repository/javax/xml/bind/jaxb-api/2.3.1/jaxb-api-2.3.1.jar:/home/whitewolf/.m2/repository/javax/activation/javax.activation-api/1.2.0/javax.activation-api-1.2.0.jar:/home/whitewolf/.m2/repository/org/springframework/data/spring-data-jpa/2.1.6.RELEASE/spring-data-jpa-2.1.6.RELEASE.jar:/home/whitewolf/.m2/repository/org/springframework/data/spring-data-commons/2.1.6.RELEASE/spring-data-commons-2.1.6.RELEASE.jar:/home/whitewolf/.m2/repository/org/springframework/spring-orm/5.1.6.RELEASE/spring-orm-5.1.6.RELEASE.jar:/home/whitewolf/.m2/repository/org/springframework/spring-aspects/5.1.6.RELEASE/spring-aspects-5.1.6.RELEASE.jar:/home/whitewolf/.m2/repository/org/springframework/spring-tx/5.1.6.RELEASE/spring-tx-5.1.6.RELEASE.jar:/home/whitewolf/.m2/repository/org/springframework/spring-beans/5.1.6.RELEASE/spring-beans-5.1.6.RELEASE.jar:/home/whitewolf/.m2/repository/com/jayway/jsonpath/json-path/2.4.0/json-path-2.4.0.jar:/home/whitewolf/.m2/repository/net/minidev/json-smart/2.3/json-smart-2.3.jar:/home/whitewolf/.m2/repository/net/minidev/accessors-smart/1.2/accessors-smart-1.2.jar:/home/whitewolf/.m2/repository/org/ow2/asm/asm/5.0.4/asm-5.0.4.jar:/home/whitewolf/.m2/repository/org/slf4j/slf4j-api/1.7.26/slf4j-api-1.7.26.jar:/home/whitewolf/.m2/repository/org/hibernate/hibernate-core/5.1.6.Final/hibernate-core-5.1.6.Final.jar:/home/whitewolf/.m2/repository/org/jboss/logging/jboss-logging/3.3.2.Final/jboss-logging-3.3.2.Final.jar:/home/whitewolf/.m2/repository/org/hibernate/javax/persistence/hibernate-jpa-2.1-api/1.0.0.Final/hibernate-jpa-2.1-api-1.0.0.Final.jar:/home/whitewolf/.m2/repository/org/javassist/javassist/3.20.0-GA/javassist-3.20.0-GA.jar:/home/whitewolf/.m2/repository/antlr/antlr/2.7.7/antlr-2.7.7.jar:/home/whitewolf/.m2/repository/org/apache/geronimo/specs/geronimo-jta_1.1_spec/1.1.1/geronimo-jta_1.1_spec-1.1.1.jar:/home/whitewolf/.m2/repository/org/jboss/jandex/2.0.3.Final/jandex-2.0.3.Final.jar:/home/whitewolf/.m2/repository/com/fasterxml/classmate/1.4.0/classmate-1.4.0.jar:/home/whitewolf/.m2/repository/dom4j/dom4j/1.6.1/dom4j-1.6.1.jar:/home/whitewolf/.m2/repository/org/hibernate/common/hibernate-commons-annotations/5.0.1.Final/hibernate-commons-annotations-5.0.1.Final.jar:/home/whitewolf/.m2/repository/org/hsqldb/hsqldb/2.3.4/hsqldb-2.3.4.jar:, sun.cpu.endian=little, user.home=/home/whitewolf, user.language=pl, java.awt.graphicsenv=sun.awt.X11GraphicsEnvironment, surefire.real.class.path=/home/whitewolf/tau/TAU-repozytorium/tau-mmo-jmeter/target/surefire/surefirebooter3068630985977223282.jar, path.separator=:, os.version=4.15.0-47-generic, java.runtime.name=OpenJDK Runtime Environment, java.vm.name=OpenJDK 64-Bit Server VM, hibernate.show_sql=true, java.vendor.url.bug=http://bugreport.java.com/bugreport/, user.dir=/home/whitewolf/tau/TAU-repozytorium/tau-mmo-jmeter, os.arch=amd64, hibernate.boot.CfgXmlAccessService.key=org.hibernate.boot.cfgxml.spi.LoadedConfig@753fd7a1, java.vm.info=mixed mode, sharing, java.vm.version=11.0.3+7-Ubuntu-1ubuntu218.04.1, hibernate.bytecode.use_reflection_optimizer=false, hibernate.connection.datasource=org.springframework.jdbc.datasource.DriverManagerDataSource@63ec445c, java.class.version=55.0}
19:40:29.998 [main] INFO org.hibernate.validator.internal.util.Version - HV000001: Hibernate Validator 6.0.16.Final
19:40:30.004 [main] DEBUG org.hibernate.validator.internal.engine.resolver.TraversableResolvers - Found javax.persistence.Persistence on classpath containing 'getPersistenceUtil'. Assuming JPA 2 environment. Trying to instantiate JPA aware TraversableResolver
19:40:30.004 [main] DEBUG org.hibernate.validator.internal.engine.resolver.TraversableResolvers - Instantiated JPA aware TraversableResolver of type org.hibernate.validator.internal.engine.resolver.JPATraversableResolver.
19:40:30.006 [main] DEBUG org.hibernate.validator.internal.xml.config.ValidationXmlParser - Trying to load META-INF/validation.xml for XML based Validator configuration.
19:40:30.007 [main] DEBUG org.hibernate.validator.internal.xml.config.ResourceLoaderHelper - Trying to load META-INF/validation.xml via TCCL
19:40:30.008 [main] DEBUG org.hibernate.validator.internal.xml.config.ResourceLoaderHelper - Trying to load META-INF/validation.xml via Hibernate Validator's class loader
19:40:30.008 [main] DEBUG org.hibernate.validator.internal.xml.config.ValidationXmlParser - No META-INF/validation.xml found. Using annotation based configuration only.
19:40:30.072 [main] DEBUG org.hibernate.validator.messageinterpolation.ResourceBundleMessageInterpolator - Loaded expression factory via original TCCL
19:40:30.075 [main] DEBUG org.hibernate.validator.internal.engine.ValidatorFactoryImpl - HV000234: Using org.hibernate.validator.messageinterpolation.ResourceBundleMessageInterpolator as ValidatorFactory-scoped message interpolator.
19:40:30.075 [main] DEBUG org.hibernate.validator.internal.engine.ValidatorFactoryImpl - HV000234: Using org.hibernate.validator.internal.engine.resolver.JPATraversableResolver as ValidatorFactory-scoped traversable resolver.
19:40:30.075 [main] DEBUG org.hibernate.validator.internal.engine.ValidatorFactoryImpl - HV000234: Using org.hibernate.validator.internal.util.ExecutableParameterNameProvider as ValidatorFactory-scoped parameter name provider.
19:40:30.075 [main] DEBUG org.hibernate.validator.internal.engine.ValidatorFactoryImpl - HV000234: Using org.hibernate.validator.internal.engine.DefaultClockProvider as ValidatorFactory-scoped clock provider.
19:40:30.076 [main] DEBUG org.hibernate.validator.internal.engine.ValidatorFactoryImpl - HV000234: Using org.hibernate.validator.internal.engine.scripting.DefaultScriptEvaluatorFactory as ValidatorFactory-scoped script evaluator factory.
19:40:30.076 [main] DEBUG org.hibernate.boot.internal.ClassLoaderAccessImpl - Not known whether passed class name [tau.mmo.domain.Item] is safe
19:40:30.076 [main] DEBUG org.hibernate.boot.internal.ClassLoaderAccessImpl - No temp ClassLoader provided; using live ClassLoader for loading potentially unsafe class : tau.mmo.domain.Item
19:40:30.115 [main] DEBUG org.hibernate.boot.internal.ClassLoaderAccessImpl - Not known whether passed class name [tau.mmo.domain.Player] is safe
19:40:30.115 [main] DEBUG org.hibernate.boot.internal.ClassLoaderAccessImpl - No temp ClassLoader provided; using live ClassLoader for loading potentially unsafe class : tau.mmo.domain.Player
19:40:30.121 [main] DEBUG org.hibernate.secure.spi.JaccIntegrator - Skipping JACC integration as it was not enabled
19:40:30.138 [main] DEBUG org.hibernate.boot.internal.ClassLoaderAccessImpl - Not known whether passed class name [tau.mmo.domain.Item] is safe
19:40:30.138 [main] DEBUG org.hibernate.boot.internal.ClassLoaderAccessImpl - No temp ClassLoader provided; using live ClassLoader for loading potentially unsafe class : tau.mmo.domain.Item
19:40:30.146 [main] DEBUG org.hibernate.boot.internal.ClassLoaderAccessImpl - Not known whether passed class name [tau.mmo.domain.Item] is safe
19:40:30.147 [main] DEBUG org.hibernate.boot.internal.ClassLoaderAccessImpl - No temp ClassLoader provided; using live ClassLoader for loading potentially unsafe class : tau.mmo.domain.Item
19:40:30.182 [main] DEBUG org.hibernate.boot.internal.ClassLoaderAccessImpl - Not known whether passed class name [tau.mmo.domain.Player] is safe
19:40:30.182 [main] DEBUG org.hibernate.boot.internal.ClassLoaderAccessImpl - No temp ClassLoader provided; using live ClassLoader for loading potentially unsafe class : tau.mmo.domain.Player
19:40:30.183 [main] DEBUG org.hibernate.boot.internal.ClassLoaderAccessImpl - Not known whether passed class name [tau.mmo.domain.Player] is safe
19:40:30.183 [main] DEBUG org.hibernate.boot.internal.ClassLoaderAccessImpl - No temp ClassLoader provided; using live ClassLoader for loading potentially unsafe class : tau.mmo.domain.Player
19:40:30.192 [main] DEBUG org.hibernate.persister.collection.AbstractCollectionPersister - Static SQL for collection: tau.mmo.domain.Player.items
19:40:30.192 [main] DEBUG org.hibernate.persister.collection.AbstractCollectionPersister -  Row insert: update item set player_id=? where id=?
19:40:30.192 [main] DEBUG org.hibernate.persister.collection.AbstractCollectionPersister -  Row update: update item set  where id=?
19:40:30.192 [main] DEBUG org.hibernate.persister.collection.AbstractCollectionPersister -  Row delete: update item set player_id=null where player_id=? and id=?
19:40:30.192 [main] DEBUG org.hibernate.persister.collection.AbstractCollectionPersister -  One-shot delete: update item set player_id=null where player_id=?
19:40:30.194 [main] DEBUG org.hibernate.persister.entity.AbstractEntityPersister - Static SQL for entity: tau.mmo.domain.Item
19:40:30.194 [main] DEBUG org.hibernate.persister.entity.AbstractEntityPersister -  Version select: select id from item where id =?
19:40:30.194 [main] DEBUG org.hibernate.persister.entity.AbstractEntityPersister -  Snapshot select: select item_.id, item_.itemclass as itemclas2_0_, item_.levelreq as levelreq3_0_, item_.name as name4_0_, item_.player_id as player_i5_0_ from item item_ where item_.id=?
19:40:30.194 [main] DEBUG org.hibernate.persister.entity.AbstractEntityPersister -  Insert 0: insert into item (itemclass, levelreq, name, player_id, id) values (?, ?, ?, ?, ?)
19:40:30.194 [main] DEBUG org.hibernate.persister.entity.AbstractEntityPersister -  Update 0: update item set itemclass=?, levelreq=?, name=?, player_id=? where id=?
19:40:30.194 [main] DEBUG org.hibernate.persister.entity.AbstractEntityPersister -  Delete 0: delete from item where id=?
19:40:30.212 [main] DEBUG org.hibernate.loader.plan.build.internal.spaces.QuerySpacesImpl - Adding QuerySpace : uid = <gen:0> -> org.hibernate.loader.plan.build.internal.spaces.EntityQuerySpaceImpl@2afdf6b7]
19:40:30.213 [main] DEBUG org.hibernate.persister.walking.spi.MetamodelGraphWalker - Visiting attribute path : itemclass
19:40:30.213 [main] DEBUG org.hibernate.persister.walking.spi.MetamodelGraphWalker - Visiting attribute path : levelreq
19:40:30.213 [main] DEBUG org.hibernate.persister.walking.spi.MetamodelGraphWalker - Visiting attribute path : name
19:40:30.213 [main] DEBUG org.hibernate.persister.walking.spi.MetamodelGraphWalker - Visiting attribute path : player
19:40:30.216 [main] DEBUG org.hibernate.loader.plan.build.internal.spaces.QuerySpacesImpl - Adding QuerySpace : uid = <gen:1> -> org.hibernate.loader.plan.build.internal.spaces.EntityQuerySpaceImpl@78c262ba]
19:40:30.216 [main] DEBUG org.hibernate.loader.plan.build.internal.FetchStyleLoadPlanBuildingAssociationVisitationStrategy - Building LoadPlan...
19:40:30.224 [main] DEBUG org.hibernate.loader.plan.exec.internal.LoadQueryJoinAndFetchProcessor - processing queryspace <gen:0>
19:40:30.227 [main] DEBUG org.hibernate.loader.plan.build.spi.LoadPlanTreePrinter - LoadPlan(entity=tau.mmo.domain.Item)
    - Returns
       - EntityReturnImpl(entity=tau.mmo.domain.Item, querySpaceUid=<gen:0>, path=tau.mmo.domain.Item)
          - EntityAttributeFetchImpl(entity=tau.mmo.domain.Player, querySpaceUid=<gen:1>, path=tau.mmo.domain.Item.player)
    - QuerySpaces
       - EntityQuerySpaceImpl(uid=<gen:0>, entity=tau.mmo.domain.Item)
          - SQL table alias mapping - item0_
          - alias suffix - 0_
          - suffixed key columns - {id1_0_0_}

19:40:30.229 [main] DEBUG org.hibernate.loader.entity.plan.EntityLoader - Static select for entity tau.mmo.domain.Item [NONE]: select item0_.id as id1_0_0_, item0_.itemclass as itemclas2_0_0_, item0_.levelreq as levelreq3_0_0_, item0_.name as name4_0_0_, item0_.player_id as player_i5_0_0_ from item item0_ where item0_.id=?
19:40:30.229 [main] DEBUG org.hibernate.loader.plan.build.internal.spaces.QuerySpacesImpl - Adding QuerySpace : uid = <gen:0> -> org.hibernate.loader.plan.build.internal.spaces.EntityQuerySpaceImpl@7f0f84d4]
19:40:30.229 [main] DEBUG org.hibernate.persister.walking.spi.MetamodelGraphWalker - Visiting attribute path : itemclass
19:40:30.229 [main] DEBUG org.hibernate.persister.walking.spi.MetamodelGraphWalker - Visiting attribute path : levelreq
19:40:30.229 [main] DEBUG org.hibernate.persister.walking.spi.MetamodelGraphWalker - Visiting attribute path : name
19:40:30.229 [main] DEBUG org.hibernate.persister.walking.spi.MetamodelGraphWalker - Visiting attribute path : player
19:40:30.229 [main] DEBUG org.hibernate.loader.plan.build.internal.spaces.QuerySpacesImpl - Adding QuerySpace : uid = <gen:1> -> org.hibernate.loader.plan.build.internal.spaces.EntityQuerySpaceImpl@26e8ff8c]
19:40:30.229 [main] DEBUG org.hibernate.loader.plan.build.internal.FetchStyleLoadPlanBuildingAssociationVisitationStrategy - Building LoadPlan...
19:40:30.229 [main] DEBUG org.hibernate.loader.plan.exec.internal.LoadQueryJoinAndFetchProcessor - processing queryspace <gen:0>
19:40:30.230 [main] DEBUG org.hibernate.loader.plan.build.spi.LoadPlanTreePrinter - LoadPlan(entity=tau.mmo.domain.Item)
    - Returns
       - EntityReturnImpl(entity=tau.mmo.domain.Item, querySpaceUid=<gen:0>, path=tau.mmo.domain.Item)
          - EntityAttributeFetchImpl(entity=tau.mmo.domain.Player, querySpaceUid=<gen:1>, path=tau.mmo.domain.Item.player)
    - QuerySpaces
       - EntityQuerySpaceImpl(uid=<gen:0>, entity=tau.mmo.domain.Item)
          - SQL table alias mapping - item0_
          - alias suffix - 0_
          - suffixed key columns - {id1_0_0_}

19:40:30.230 [main] DEBUG org.hibernate.loader.entity.plan.EntityLoader - Static select for entity tau.mmo.domain.Item [READ]: select item0_.id as id1_0_0_, item0_.itemclass as itemclas2_0_0_, item0_.levelreq as levelreq3_0_0_, item0_.name as name4_0_0_, item0_.player_id as player_i5_0_0_ from item item0_ where item0_.id=?
19:40:30.230 [main] DEBUG org.hibernate.loader.plan.build.internal.spaces.QuerySpacesImpl - Adding QuerySpace : uid = <gen:0> -> org.hibernate.loader.plan.build.internal.spaces.EntityQuerySpaceImpl@5aa76ad2]
19:40:30.230 [main] DEBUG org.hibernate.persister.walking.spi.MetamodelGraphWalker - Visiting attribute path : itemclass
19:40:30.230 [main] DEBUG org.hibernate.persister.walking.spi.MetamodelGraphWalker - Visiting attribute path : levelreq
19:40:30.230 [main] DEBUG org.hibernate.persister.walking.spi.MetamodelGraphWalker - Visiting attribute path : name
19:40:30.230 [main] DEBUG org.hibernate.persister.walking.spi.MetamodelGraphWalker - Visiting attribute path : player
19:40:30.230 [main] DEBUG org.hibernate.loader.plan.build.internal.spaces.QuerySpacesImpl - Adding QuerySpace : uid = <gen:1> -> org.hibernate.loader.plan.build.internal.spaces.EntityQuerySpaceImpl@25791d40]
19:40:30.230 [main] DEBUG org.hibernate.loader.plan.build.internal.FetchStyleLoadPlanBuildingAssociationVisitationStrategy - Building LoadPlan...
19:40:30.230 [main] DEBUG org.hibernate.loader.plan.exec.internal.LoadQueryJoinAndFetchProcessor - processing queryspace <gen:0>
19:40:30.230 [main] DEBUG org.hibernate.loader.plan.build.spi.LoadPlanTreePrinter - LoadPlan(entity=tau.mmo.domain.Item)
    - Returns
       - EntityReturnImpl(entity=tau.mmo.domain.Item, querySpaceUid=<gen:0>, path=tau.mmo.domain.Item)
          - EntityAttributeFetchImpl(entity=tau.mmo.domain.Player, querySpaceUid=<gen:1>, path=tau.mmo.domain.Item.player)
    - QuerySpaces
       - EntityQuerySpaceImpl(uid=<gen:0>, entity=tau.mmo.domain.Item)
          - SQL table alias mapping - item0_
          - alias suffix - 0_
          - suffixed key columns - {id1_0_0_}

19:40:30.230 [main] DEBUG org.hibernate.loader.entity.plan.EntityLoader - Static select for entity tau.mmo.domain.Item [UPGRADE]: select item0_.id as id1_0_0_, item0_.itemclass as itemclas2_0_0_, item0_.levelreq as levelreq3_0_0_, item0_.name as name4_0_0_, item0_.player_id as player_i5_0_0_ from item item0_ where item0_.id=? for update
19:40:30.230 [main] DEBUG org.hibernate.loader.plan.build.internal.spaces.QuerySpacesImpl - Adding QuerySpace : uid = <gen:0> -> org.hibernate.loader.plan.build.internal.spaces.EntityQuerySpaceImpl@448c92fc]
19:40:30.230 [main] DEBUG org.hibernate.persister.walking.spi.MetamodelGraphWalker - Visiting attribute path : itemclass
19:40:30.230 [main] DEBUG org.hibernate.persister.walking.spi.MetamodelGraphWalker - Visiting attribute path : levelreq
19:40:30.230 [main] DEBUG org.hibernate.persister.walking.spi.MetamodelGraphWalker - Visiting attribute path : name
19:40:30.230 [main] DEBUG org.hibernate.persister.walking.spi.MetamodelGraphWalker - Visiting attribute path : player
19:40:30.231 [main] DEBUG org.hibernate.loader.plan.build.internal.spaces.QuerySpacesImpl - Adding QuerySpace : uid = <gen:1> -> org.hibernate.loader.plan.build.internal.spaces.EntityQuerySpaceImpl@17c0274c]
19:40:30.231 [main] DEBUG org.hibernate.loader.plan.build.internal.FetchStyleLoadPlanBuildingAssociationVisitationStrategy - Building LoadPlan...
19:40:30.231 [main] DEBUG org.hibernate.loader.plan.exec.internal.LoadQueryJoinAndFetchProcessor - processing queryspace <gen:0>
19:40:30.231 [main] DEBUG org.hibernate.loader.plan.build.spi.LoadPlanTreePrinter - LoadPlan(entity=tau.mmo.domain.Item)
    - Returns
       - EntityReturnImpl(entity=tau.mmo.domain.Item, querySpaceUid=<gen:0>, path=tau.mmo.domain.Item)
          - EntityAttributeFetchImpl(entity=tau.mmo.domain.Player, querySpaceUid=<gen:1>, path=tau.mmo.domain.Item.player)
    - QuerySpaces
       - EntityQuerySpaceImpl(uid=<gen:0>, entity=tau.mmo.domain.Item)
          - SQL table alias mapping - item0_
          - alias suffix - 0_
          - suffixed key columns - {id1_0_0_}

19:40:30.231 [main] DEBUG org.hibernate.loader.entity.plan.EntityLoader - Static select for entity tau.mmo.domain.Item [UPGRADE_NOWAIT]: select item0_.id as id1_0_0_, item0_.itemclass as itemclas2_0_0_, item0_.levelreq as levelreq3_0_0_, item0_.name as name4_0_0_, item0_.player_id as player_i5_0_0_ from item item0_ where item0_.id=? for update
19:40:30.231 [main] DEBUG org.hibernate.loader.plan.build.internal.spaces.QuerySpacesImpl - Adding QuerySpace : uid = <gen:0> -> org.hibernate.loader.plan.build.internal.spaces.EntityQuerySpaceImpl@7abeabe9]
19:40:30.231 [main] DEBUG org.hibernate.persister.walking.spi.MetamodelGraphWalker - Visiting attribute path : itemclass
19:40:30.231 [main] DEBUG org.hibernate.persister.walking.spi.MetamodelGraphWalker - Visiting attribute path : levelreq
19:40:30.231 [main] DEBUG org.hibernate.persister.walking.spi.MetamodelGraphWalker - Visiting attribute path : name
19:40:30.231 [main] DEBUG org.hibernate.persister.walking.spi.MetamodelGraphWalker - Visiting attribute path : player
19:40:30.231 [main] DEBUG org.hibernate.loader.plan.build.internal.spaces.QuerySpacesImpl - Adding QuerySpace : uid = <gen:1> -> org.hibernate.loader.plan.build.internal.spaces.EntityQuerySpaceImpl@1b52699c]
19:40:30.231 [main] DEBUG org.hibernate.loader.plan.build.internal.FetchStyleLoadPlanBuildingAssociationVisitationStrategy - Building LoadPlan...
19:40:30.231 [main] DEBUG org.hibernate.loader.plan.exec.internal.LoadQueryJoinAndFetchProcessor - processing queryspace <gen:0>
19:40:30.231 [main] DEBUG org.hibernate.loader.plan.build.spi.LoadPlanTreePrinter - LoadPlan(entity=tau.mmo.domain.Item)
    - Returns
       - EntityReturnImpl(entity=tau.mmo.domain.Item, querySpaceUid=<gen:0>, path=tau.mmo.domain.Item)
          - EntityAttributeFetchImpl(entity=tau.mmo.domain.Player, querySpaceUid=<gen:1>, path=tau.mmo.domain.Item.player)
    - QuerySpaces
       - EntityQuerySpaceImpl(uid=<gen:0>, entity=tau.mmo.domain.Item)
          - SQL table alias mapping - item0_
          - alias suffix - 0_
          - suffixed key columns - {id1_0_0_}

19:40:30.231 [main] DEBUG org.hibernate.loader.entity.plan.EntityLoader - Static select for entity tau.mmo.domain.Item [UPGRADE_SKIPLOCKED]: select item0_.id as id1_0_0_, item0_.itemclass as itemclas2_0_0_, item0_.levelreq as levelreq3_0_0_, item0_.name as name4_0_0_, item0_.player_id as player_i5_0_0_ from item item0_ where item0_.id=? for update
19:40:30.232 [main] DEBUG org.hibernate.loader.plan.build.internal.spaces.QuerySpacesImpl - Adding QuerySpace : uid = <gen:0> -> org.hibernate.loader.plan.build.internal.spaces.EntityQuerySpaceImpl@dbed7fd]
19:40:30.232 [main] DEBUG org.hibernate.persister.walking.spi.MetamodelGraphWalker - Visiting attribute path : itemclass
19:40:30.232 [main] DEBUG org.hibernate.persister.walking.spi.MetamodelGraphWalker - Visiting attribute path : levelreq
19:40:30.232 [main] DEBUG org.hibernate.persister.walking.spi.MetamodelGraphWalker - Visiting attribute path : name
19:40:30.232 [main] DEBUG org.hibernate.persister.walking.spi.MetamodelGraphWalker - Visiting attribute path : player
19:40:30.232 [main] DEBUG org.hibernate.loader.plan.build.internal.spaces.QuerySpacesImpl - Adding QuerySpace : uid = <gen:1> -> org.hibernate.loader.plan.build.internal.spaces.EntityQuerySpaceImpl@76c86567]
19:40:30.232 [main] DEBUG org.hibernate.loader.plan.build.internal.FetchStyleLoadPlanBuildingAssociationVisitationStrategy - Building LoadPlan...
19:40:30.232 [main] DEBUG org.hibernate.loader.plan.exec.internal.LoadQueryJoinAndFetchProcessor - processing queryspace <gen:0>
19:40:30.232 [main] DEBUG org.hibernate.loader.plan.build.spi.LoadPlanTreePrinter - LoadPlan(entity=tau.mmo.domain.Item)
    - Returns
       - EntityReturnImpl(entity=tau.mmo.domain.Item, querySpaceUid=<gen:0>, path=tau.mmo.domain.Item)
          - EntityAttributeFetchImpl(entity=tau.mmo.domain.Player, querySpaceUid=<gen:1>, path=tau.mmo.domain.Item.player)
    - QuerySpaces
       - EntityQuerySpaceImpl(uid=<gen:0>, entity=tau.mmo.domain.Item)
          - SQL table alias mapping - item0_
          - alias suffix - 0_
          - suffixed key columns - {id1_0_0_}

19:40:30.232 [main] DEBUG org.hibernate.loader.entity.plan.EntityLoader - Static select for entity tau.mmo.domain.Item [FORCE]: select item0_.id as id1_0_0_, item0_.itemclass as itemclas2_0_0_, item0_.levelreq as levelreq3_0_0_, item0_.name as name4_0_0_, item0_.player_id as player_i5_0_0_ from item item0_ where item0_.id=? for update
19:40:30.232 [main] DEBUG org.hibernate.loader.plan.build.internal.spaces.QuerySpacesImpl - Adding QuerySpace : uid = <gen:0> -> org.hibernate.loader.plan.build.internal.spaces.EntityQuerySpaceImpl@7e5efcab]
19:40:30.232 [main] DEBUG org.hibernate.persister.walking.spi.MetamodelGraphWalker - Visiting attribute path : itemclass
19:40:30.232 [main] DEBUG org.hibernate.persister.walking.spi.MetamodelGraphWalker - Visiting attribute path : levelreq
19:40:30.232 [main] DEBUG org.hibernate.persister.walking.spi.MetamodelGraphWalker - Visiting attribute path : name
19:40:30.232 [main] DEBUG org.hibernate.persister.walking.spi.MetamodelGraphWalker - Visiting attribute path : player
19:40:30.232 [main] DEBUG org.hibernate.loader.plan.build.internal.spaces.QuerySpacesImpl - Adding QuerySpace : uid = <gen:1> -> org.hibernate.loader.plan.build.internal.spaces.EntityQuerySpaceImpl@1d2fb82]
19:40:30.232 [main] DEBUG org.hibernate.loader.plan.build.internal.FetchStyleLoadPlanBuildingAssociationVisitationStrategy - Building LoadPlan...
19:40:30.232 [main] DEBUG org.hibernate.loader.plan.exec.internal.LoadQueryJoinAndFetchProcessor - processing queryspace <gen:0>
19:40:30.233 [main] DEBUG org.hibernate.loader.plan.build.spi.LoadPlanTreePrinter - LoadPlan(entity=tau.mmo.domain.Item)
    - Returns
       - EntityReturnImpl(entity=tau.mmo.domain.Item, querySpaceUid=<gen:0>, path=tau.mmo.domain.Item)
          - EntityAttributeFetchImpl(entity=tau.mmo.domain.Player, querySpaceUid=<gen:1>, path=tau.mmo.domain.Item.player)
    - QuerySpaces
       - EntityQuerySpaceImpl(uid=<gen:0>, entity=tau.mmo.domain.Item)
          - SQL table alias mapping - item0_
          - alias suffix - 0_
          - suffixed key columns - {id1_0_0_}

19:40:30.233 [main] DEBUG org.hibernate.loader.entity.plan.EntityLoader - Static select for entity tau.mmo.domain.Item [PESSIMISTIC_READ]: select item0_.id as id1_0_0_, item0_.itemclass as itemclas2_0_0_, item0_.levelreq as levelreq3_0_0_, item0_.name as name4_0_0_, item0_.player_id as player_i5_0_0_ from item item0_ where item0_.id=? for update
19:40:30.233 [main] DEBUG org.hibernate.loader.plan.build.internal.spaces.QuerySpacesImpl - Adding QuerySpace : uid = <gen:0> -> org.hibernate.loader.plan.build.internal.spaces.EntityQuerySpaceImpl@34045582]
19:40:30.233 [main] DEBUG org.hibernate.persister.walking.spi.MetamodelGraphWalker - Visiting attribute path : itemclass
19:40:30.233 [main] DEBUG org.hibernate.persister.walking.spi.MetamodelGraphWalker - Visiting attribute path : levelreq
19:40:30.233 [main] DEBUG org.hibernate.persister.walking.spi.MetamodelGraphWalker - Visiting attribute path : name
19:40:30.233 [main] DEBUG org.hibernate.persister.walking.spi.MetamodelGraphWalker - Visiting attribute path : player
19:40:30.233 [main] DEBUG org.hibernate.loader.plan.build.internal.spaces.QuerySpacesImpl - Adding QuerySpace : uid = <gen:1> -> org.hibernate.loader.plan.build.internal.spaces.EntityQuerySpaceImpl@1edccfd4]
19:40:30.233 [main] DEBUG org.hibernate.loader.plan.build.internal.FetchStyleLoadPlanBuildingAssociationVisitationStrategy - Building LoadPlan...
19:40:30.234 [main] DEBUG org.hibernate.loader.plan.exec.internal.LoadQueryJoinAndFetchProcessor - processing queryspace <gen:0>
19:40:30.234 [main] DEBUG org.hibernate.loader.plan.build.spi.LoadPlanTreePrinter - LoadPlan(entity=tau.mmo.domain.Item)
    - Returns
       - EntityReturnImpl(entity=tau.mmo.domain.Item, querySpaceUid=<gen:0>, path=tau.mmo.domain.Item)
          - EntityAttributeFetchImpl(entity=tau.mmo.domain.Player, querySpaceUid=<gen:1>, path=tau.mmo.domain.Item.player)
    - QuerySpaces
       - EntityQuerySpaceImpl(uid=<gen:0>, entity=tau.mmo.domain.Item)
          - SQL table alias mapping - item0_
          - alias suffix - 0_
          - suffixed key columns - {id1_0_0_}

19:40:30.234 [main] DEBUG org.hibernate.loader.entity.plan.EntityLoader - Static select for entity tau.mmo.domain.Item [PESSIMISTIC_WRITE]: select item0_.id as id1_0_0_, item0_.itemclass as itemclas2_0_0_, item0_.levelreq as levelreq3_0_0_, item0_.name as name4_0_0_, item0_.player_id as player_i5_0_0_ from item item0_ where item0_.id=? for update
19:40:30.234 [main] DEBUG org.hibernate.loader.plan.build.internal.spaces.QuerySpacesImpl - Adding QuerySpace : uid = <gen:0> -> org.hibernate.loader.plan.build.internal.spaces.EntityQuerySpaceImpl@8c43966]
19:40:30.234 [main] DEBUG org.hibernate.persister.walking.spi.MetamodelGraphWalker - Visiting attribute path : itemclass
19:40:30.234 [main] DEBUG org.hibernate.persister.walking.spi.MetamodelGraphWalker - Visiting attribute path : levelreq
19:40:30.234 [main] DEBUG org.hibernate.persister.walking.spi.MetamodelGraphWalker - Visiting attribute path : name
19:40:30.234 [main] DEBUG org.hibernate.persister.walking.spi.MetamodelGraphWalker - Visiting attribute path : player
19:40:30.234 [main] DEBUG org.hibernate.loader.plan.build.internal.spaces.QuerySpacesImpl - Adding QuerySpace : uid = <gen:1> -> org.hibernate.loader.plan.build.internal.spaces.EntityQuerySpaceImpl@11a3a45f]
19:40:30.234 [main] DEBUG org.hibernate.loader.plan.build.internal.FetchStyleLoadPlanBuildingAssociationVisitationStrategy - Building LoadPlan...
19:40:30.234 [main] DEBUG org.hibernate.loader.plan.exec.internal.LoadQueryJoinAndFetchProcessor - processing queryspace <gen:0>
19:40:30.234 [main] DEBUG org.hibernate.loader.plan.build.spi.LoadPlanTreePrinter - LoadPlan(entity=tau.mmo.domain.Item)
    - Returns
       - EntityReturnImpl(entity=tau.mmo.domain.Item, querySpaceUid=<gen:0>, path=tau.mmo.domain.Item)
          - EntityAttributeFetchImpl(entity=tau.mmo.domain.Player, querySpaceUid=<gen:1>, path=tau.mmo.domain.Item.player)
    - QuerySpaces
       - EntityQuerySpaceImpl(uid=<gen:0>, entity=tau.mmo.domain.Item)
          - SQL table alias mapping - item0_
          - alias suffix - 0_
          - suffixed key columns - {id1_0_0_}

19:40:30.235 [main] DEBUG org.hibernate.loader.entity.plan.EntityLoader - Static select for entity tau.mmo.domain.Item [PESSIMISTIC_FORCE_INCREMENT]: select item0_.id as id1_0_0_, item0_.itemclass as itemclas2_0_0_, item0_.levelreq as levelreq3_0_0_, item0_.name as name4_0_0_, item0_.player_id as player_i5_0_0_ from item item0_ where item0_.id=? for update
19:40:30.235 [main] DEBUG org.hibernate.loader.plan.build.internal.spaces.QuerySpacesImpl - Adding QuerySpace : uid = <gen:0> -> org.hibernate.loader.plan.build.internal.spaces.EntityQuerySpaceImpl@69796bd0]
19:40:30.235 [main] DEBUG org.hibernate.persister.walking.spi.MetamodelGraphWalker - Visiting attribute path : itemclass
19:40:30.235 [main] DEBUG org.hibernate.persister.walking.spi.MetamodelGraphWalker - Visiting attribute path : levelreq
19:40:30.235 [main] DEBUG org.hibernate.persister.walking.spi.MetamodelGraphWalker - Visiting attribute path : name
19:40:30.235 [main] DEBUG org.hibernate.persister.walking.spi.MetamodelGraphWalker - Visiting attribute path : player
19:40:30.235 [main] DEBUG org.hibernate.loader.plan.build.internal.spaces.QuerySpacesImpl - Adding QuerySpace : uid = <gen:1> -> org.hibernate.loader.plan.build.internal.spaces.EntityQuerySpaceImpl@8c0a23f]
19:40:30.235 [main] DEBUG org.hibernate.loader.plan.build.internal.FetchStyleLoadPlanBuildingAssociationVisitationStrategy - Building LoadPlan...
19:40:30.235 [main] DEBUG org.hibernate.loader.plan.exec.internal.LoadQueryJoinAndFetchProcessor - processing queryspace <gen:0>
19:40:30.235 [main] DEBUG org.hibernate.loader.plan.build.spi.LoadPlanTreePrinter - LoadPlan(entity=tau.mmo.domain.Item)
    - Returns
       - EntityReturnImpl(entity=tau.mmo.domain.Item, querySpaceUid=<gen:0>, path=tau.mmo.domain.Item)
          - EntityAttributeFetchImpl(entity=tau.mmo.domain.Player, querySpaceUid=<gen:1>, path=tau.mmo.domain.Item.player)
    - QuerySpaces
       - EntityQuerySpaceImpl(uid=<gen:0>, entity=tau.mmo.domain.Item)
          - SQL table alias mapping - item0_
          - alias suffix - 0_
          - suffixed key columns - {id1_0_0_}

19:40:30.235 [main] DEBUG org.hibernate.loader.entity.plan.EntityLoader - Static select for entity tau.mmo.domain.Item [OPTIMISTIC]: select item0_.id as id1_0_0_, item0_.itemclass as itemclas2_0_0_, item0_.levelreq as levelreq3_0_0_, item0_.name as name4_0_0_, item0_.player_id as player_i5_0_0_ from item item0_ where item0_.id=?
19:40:30.235 [main] DEBUG org.hibernate.loader.plan.build.internal.spaces.QuerySpacesImpl - Adding QuerySpace : uid = <gen:0> -> org.hibernate.loader.plan.build.internal.spaces.EntityQuerySpaceImpl@44d7e24]
19:40:30.235 [main] DEBUG org.hibernate.persister.walking.spi.MetamodelGraphWalker - Visiting attribute path : itemclass
19:40:30.235 [main] DEBUG org.hibernate.persister.walking.spi.MetamodelGraphWalker - Visiting attribute path : levelreq
19:40:30.235 [main] DEBUG org.hibernate.persister.walking.spi.MetamodelGraphWalker - Visiting attribute path : name
19:40:30.235 [main] DEBUG org.hibernate.persister.walking.spi.MetamodelGraphWalker - Visiting attribute path : player
19:40:30.235 [main] DEBUG org.hibernate.loader.plan.build.internal.spaces.QuerySpacesImpl - Adding QuerySpace : uid = <gen:1> -> org.hibernate.loader.plan.build.internal.spaces.EntityQuerySpaceImpl@1d289d3f]
19:40:30.235 [main] DEBUG org.hibernate.loader.plan.build.internal.FetchStyleLoadPlanBuildingAssociationVisitationStrategy - Building LoadPlan...
19:40:30.235 [main] DEBUG org.hibernate.loader.plan.exec.internal.LoadQueryJoinAndFetchProcessor - processing queryspace <gen:0>
19:40:30.236 [main] DEBUG org.hibernate.loader.plan.build.spi.LoadPlanTreePrinter - LoadPlan(entity=tau.mmo.domain.Item)
    - Returns
       - EntityReturnImpl(entity=tau.mmo.domain.Item, querySpaceUid=<gen:0>, path=tau.mmo.domain.Item)
          - EntityAttributeFetchImpl(entity=tau.mmo.domain.Player, querySpaceUid=<gen:1>, path=tau.mmo.domain.Item.player)
    - QuerySpaces
       - EntityQuerySpaceImpl(uid=<gen:0>, entity=tau.mmo.domain.Item)
          - SQL table alias mapping - item0_
          - alias suffix - 0_
          - suffixed key columns - {id1_0_0_}

19:40:30.236 [main] DEBUG org.hibernate.loader.entity.plan.EntityLoader - Static select for entity tau.mmo.domain.Item [OPTIMISTIC_FORCE_INCREMENT]: select item0_.id as id1_0_0_, item0_.itemclass as itemclas2_0_0_, item0_.levelreq as levelreq3_0_0_, item0_.name as name4_0_0_, item0_.player_id as player_i5_0_0_ from item item0_ where item0_.id=?
19:40:30.245 [main] DEBUG org.hibernate.loader.Loader - Static select for action ACTION_MERGE on entity tau.mmo.domain.Item: select item0_.id as id1_0_0_, item0_.itemclass as itemclas2_0_0_, item0_.levelreq as levelreq3_0_0_, item0_.name as name4_0_0_, item0_.player_id as player_i5_0_0_ from item item0_ where item0_.id=?
19:40:30.245 [main] DEBUG org.hibernate.loader.Loader - Static select for action ACTION_REFRESH on entity tau.mmo.domain.Item: select item0_.id as id1_0_0_, item0_.itemclass as itemclas2_0_0_, item0_.levelreq as levelreq3_0_0_, item0_.name as name4_0_0_, item0_.player_id as player_i5_0_0_ from item item0_ where item0_.id=?
19:40:30.245 [main] DEBUG org.hibernate.persister.entity.AbstractEntityPersister - Static SQL for entity: tau.mmo.domain.Player
19:40:30.245 [main] DEBUG org.hibernate.persister.entity.AbstractEntityPersister -  Version select: select id from player where id =?
19:40:30.245 [main] DEBUG org.hibernate.persister.entity.AbstractEntityPersister -  Snapshot select: select player_.id, player_.heroclass as heroclas2_1_, player_.level as level3_1_, player_.name as name4_1_ from player player_ where player_.id=?
19:40:30.245 [main] DEBUG org.hibernate.persister.entity.AbstractEntityPersister -  Insert 0: insert into player (heroclass, level, name, id) values (?, ?, ?, ?)
19:40:30.245 [main] DEBUG org.hibernate.persister.entity.AbstractEntityPersister -  Update 0: update player set heroclass=?, level=?, name=? where id=?
19:40:30.245 [main] DEBUG org.hibernate.persister.entity.AbstractEntityPersister -  Delete 0: delete from player where id=?
19:40:30.245 [main] DEBUG org.hibernate.loader.plan.build.internal.spaces.QuerySpacesImpl - Adding QuerySpace : uid = <gen:0> -> org.hibernate.loader.plan.build.internal.spaces.EntityQuerySpaceImpl@2c1d57bc]
19:40:30.245 [main] DEBUG org.hibernate.persister.walking.spi.MetamodelGraphWalker - Visiting attribute path : heroclass
19:40:30.245 [main] DEBUG org.hibernate.persister.walking.spi.MetamodelGraphWalker - Visiting attribute path : items
19:40:30.246 [main] DEBUG org.hibernate.loader.plan.build.internal.spaces.QuerySpacesImpl - Adding QuerySpace : uid = <gen:1> -> org.hibernate.loader.plan.build.internal.spaces.CollectionQuerySpaceImpl@4b9c411]
19:40:30.247 [main] DEBUG org.hibernate.loader.plan.build.internal.spaces.QuerySpacesImpl - Adding QuerySpace : uid = <gen:2> -> org.hibernate.loader.plan.build.internal.spaces.EntityQuerySpaceImpl@68631b1d]
19:40:30.248 [main] DEBUG org.hibernate.persister.walking.spi.MetamodelGraphWalker - Visiting attribute path : items.itemclass
19:40:30.248 [main] DEBUG org.hibernate.persister.walking.spi.MetamodelGraphWalker - Visiting attribute path : items.levelreq
19:40:30.248 [main] DEBUG org.hibernate.persister.walking.spi.MetamodelGraphWalker - Visiting attribute path : items.name
19:40:30.248 [main] DEBUG org.hibernate.persister.walking.spi.MetamodelGraphWalker - Visiting attribute path : items.player
19:40:30.248 [main] DEBUG org.hibernate.persister.walking.spi.MetamodelGraphWalker - Property path deemed to be circular : items.player
19:40:30.248 [main] DEBUG org.hibernate.persister.walking.spi.MetamodelGraphWalker - Visiting attribute path : level
19:40:30.248 [main] DEBUG org.hibernate.persister.walking.spi.MetamodelGraphWalker - Visiting attribute path : name
19:40:30.248 [main] DEBUG org.hibernate.loader.plan.build.internal.FetchStyleLoadPlanBuildingAssociationVisitationStrategy - Building LoadPlan...
19:40:30.248 [main] DEBUG org.hibernate.loader.plan.exec.internal.LoadQueryJoinAndFetchProcessor - processing queryspace <gen:0>
19:40:30.250 [main] DEBUG org.hibernate.loader.plan.build.spi.LoadPlanTreePrinter - LoadPlan(entity=tau.mmo.domain.Player)
    - Returns
       - EntityReturnImpl(entity=tau.mmo.domain.Player, querySpaceUid=<gen:0>, path=tau.mmo.domain.Player)
          - CollectionAttributeFetchImpl(collection=tau.mmo.domain.Player.items, querySpaceUid=<gen:1>, path=tau.mmo.domain.Player.items)
             - (collection element) CollectionFetchableElementEntityGraph(entity=tau.mmo.domain.Item, querySpaceUid=<gen:2>, path=tau.mmo.domain.Player.items.<elements>)
    - QuerySpaces
       - EntityQuerySpaceImpl(uid=<gen:0>, entity=tau.mmo.domain.Player)
          - SQL table alias mapping - player0_
          - alias suffix - 0_
          - suffixed key columns - {id1_1_0_}
          - JOIN (JoinDefinedByMetadata(items)) : <gen:0> -> <gen:1>
             - CollectionQuerySpaceImpl(uid=<gen:1>, collection=tau.mmo.domain.Player.items)
                - SQL table alias mapping - items1_
                - alias suffix - 1_
                - suffixed key columns - {player_i5_0_1_}
                - entity-element alias suffix - 2_
                - 2_entity-element suffixed key columns - id1_0_2_
                - JOIN (JoinDefinedByMetadata(elements)) : <gen:1> -> <gen:2>
                   - EntityQuerySpaceImpl(uid=<gen:2>, entity=tau.mmo.domain.Item)
                      - SQL table alias mapping - items1_
                      - alias suffix - 2_
                      - suffixed key columns - {id1_0_2_}

19:40:30.250 [main] DEBUG org.hibernate.loader.entity.plan.EntityLoader - Static select for entity tau.mmo.domain.Player [NONE]: select player0_.id as id1_1_0_, player0_.heroclass as heroclas2_1_0_, player0_.level as level3_1_0_, player0_.name as name4_1_0_, items1_.player_id as player_i5_0_1_, items1_.id as id1_0_1_, items1_.id as id1_0_2_, items1_.itemclass as itemclas2_0_2_, items1_.levelreq as levelreq3_0_2_, items1_.name as name4_0_2_, items1_.player_id as player_i5_0_2_ from player player0_ left outer join item items1_ on player0_.id=items1_.player_id where player0_.id=?
19:40:30.250 [main] DEBUG org.hibernate.loader.plan.build.internal.spaces.QuerySpacesImpl - Adding QuerySpace : uid = <gen:0> -> org.hibernate.loader.plan.build.internal.spaces.EntityQuerySpaceImpl@5b1c32e4]
19:40:30.251 [main] DEBUG org.hibernate.persister.walking.spi.MetamodelGraphWalker - Visiting attribute path : heroclass
19:40:30.251 [main] DEBUG org.hibernate.persister.walking.spi.MetamodelGraphWalker - Visiting attribute path : items
19:40:30.251 [main] DEBUG org.hibernate.loader.plan.build.internal.spaces.QuerySpacesImpl - Adding QuerySpace : uid = <gen:1> -> org.hibernate.loader.plan.build.internal.spaces.CollectionQuerySpaceImpl@48bc2fce]
19:40:30.251 [main] DEBUG org.hibernate.loader.plan.build.internal.spaces.QuerySpacesImpl - Adding QuerySpace : uid = <gen:2> -> org.hibernate.loader.plan.build.internal.spaces.EntityQuerySpaceImpl@1eca3ea7]
19:40:30.251 [main] DEBUG org.hibernate.persister.walking.spi.MetamodelGraphWalker - Visiting attribute path : items.itemclass
19:40:30.251 [main] DEBUG org.hibernate.persister.walking.spi.MetamodelGraphWalker - Visiting attribute path : items.levelreq
19:40:30.251 [main] DEBUG org.hibernate.persister.walking.spi.MetamodelGraphWalker - Visiting attribute path : items.name
19:40:30.251 [main] DEBUG org.hibernate.persister.walking.spi.MetamodelGraphWalker - Visiting attribute path : items.player
19:40:30.251 [main] DEBUG org.hibernate.persister.walking.spi.MetamodelGraphWalker - Property path deemed to be circular : items.player
19:40:30.251 [main] DEBUG org.hibernate.persister.walking.spi.MetamodelGraphWalker - Visiting attribute path : level
19:40:30.251 [main] DEBUG org.hibernate.persister.walking.spi.MetamodelGraphWalker - Visiting attribute path : name
19:40:30.251 [main] DEBUG org.hibernate.loader.plan.build.internal.FetchStyleLoadPlanBuildingAssociationVisitationStrategy - Building LoadPlan...
19:40:30.251 [main] DEBUG org.hibernate.loader.plan.exec.internal.LoadQueryJoinAndFetchProcessor - processing queryspace <gen:0>
19:40:30.251 [main] DEBUG org.hibernate.loader.plan.build.spi.LoadPlanTreePrinter - LoadPlan(entity=tau.mmo.domain.Player)
    - Returns
       - EntityReturnImpl(entity=tau.mmo.domain.Player, querySpaceUid=<gen:0>, path=tau.mmo.domain.Player)
          - CollectionAttributeFetchImpl(collection=tau.mmo.domain.Player.items, querySpaceUid=<gen:1>, path=tau.mmo.domain.Player.items)
             - (collection element) CollectionFetchableElementEntityGraph(entity=tau.mmo.domain.Item, querySpaceUid=<gen:2>, path=tau.mmo.domain.Player.items.<elements>)
    - QuerySpaces
       - EntityQuerySpaceImpl(uid=<gen:0>, entity=tau.mmo.domain.Player)
          - SQL table alias mapping - player0_
          - alias suffix - 0_
          - suffixed key columns - {id1_1_0_}
          - JOIN (JoinDefinedByMetadata(items)) : <gen:0> -> <gen:1>
             - CollectionQuerySpaceImpl(uid=<gen:1>, collection=tau.mmo.domain.Player.items)
                - SQL table alias mapping - items1_
                - alias suffix - 1_
                - suffixed key columns - {player_i5_0_1_}
                - entity-element alias suffix - 2_
                - 2_entity-element suffixed key columns - id1_0_2_
                - JOIN (JoinDefinedByMetadata(elements)) : <gen:1> -> <gen:2>
                   - EntityQuerySpaceImpl(uid=<gen:2>, entity=tau.mmo.domain.Item)
                      - SQL table alias mapping - items1_
                      - alias suffix - 2_
                      - suffixed key columns - {id1_0_2_}

19:40:30.251 [main] DEBUG org.hibernate.loader.entity.plan.EntityLoader - Static select for entity tau.mmo.domain.Player [READ]: select player0_.id as id1_1_0_, player0_.heroclass as heroclas2_1_0_, player0_.level as level3_1_0_, player0_.name as name4_1_0_, items1_.player_id as player_i5_0_1_, items1_.id as id1_0_1_, items1_.id as id1_0_2_, items1_.itemclass as itemclas2_0_2_, items1_.levelreq as levelreq3_0_2_, items1_.name as name4_0_2_, items1_.player_id as player_i5_0_2_ from player player0_ left outer join item items1_ on player0_.id=items1_.player_id where player0_.id=?
19:40:30.252 [main] DEBUG org.hibernate.loader.plan.build.internal.spaces.QuerySpacesImpl - Adding QuerySpace : uid = <gen:0> -> org.hibernate.loader.plan.build.internal.spaces.EntityQuerySpaceImpl@5a4d4f9c]
19:40:30.252 [main] DEBUG org.hibernate.persister.walking.spi.MetamodelGraphWalker - Visiting attribute path : heroclass
19:40:30.252 [main] DEBUG org.hibernate.persister.walking.spi.MetamodelGraphWalker - Visiting attribute path : items
19:40:30.252 [main] DEBUG org.hibernate.loader.plan.build.internal.spaces.QuerySpacesImpl - Adding QuerySpace : uid = <gen:1> -> org.hibernate.loader.plan.build.internal.spaces.CollectionQuerySpaceImpl@6c9b44bf]
19:40:30.252 [main] DEBUG org.hibernate.loader.plan.build.internal.spaces.QuerySpacesImpl - Adding QuerySpace : uid = <gen:2> -> org.hibernate.loader.plan.build.internal.spaces.EntityQuerySpaceImpl@299b9851]
19:40:30.252 [main] DEBUG org.hibernate.persister.walking.spi.MetamodelGraphWalker - Visiting attribute path : level
19:40:30.252 [main] DEBUG org.hibernate.persister.walking.spi.MetamodelGraphWalker - Visiting attribute path : name
19:40:30.252 [main] DEBUG org.hibernate.loader.plan.build.internal.FetchStyleLoadPlanBuildingAssociationVisitationStrategy - Building LoadPlan...
19:40:30.252 [main] DEBUG org.hibernate.loader.plan.exec.internal.LoadQueryJoinAndFetchProcessor - processing queryspace <gen:0>
19:40:30.252 [main] DEBUG org.hibernate.loader.plan.build.spi.LoadPlanTreePrinter - LoadPlan(entity=tau.mmo.domain.Player)
    - Returns
       - EntityReturnImpl(entity=tau.mmo.domain.Player, querySpaceUid=<gen:0>, path=tau.mmo.domain.Player)
          - CollectionAttributeFetchImpl(collection=tau.mmo.domain.Player.items, querySpaceUid=<gen:1>, path=tau.mmo.domain.Player.items)
             - (collection element) CollectionFetchableElementEntityGraph(entity=tau.mmo.domain.Item, querySpaceUid=<gen:2>, path=tau.mmo.domain.Player.items.<elements>)
    - QuerySpaces
       - EntityQuerySpaceImpl(uid=<gen:0>, entity=tau.mmo.domain.Player)
          - SQL table alias mapping - player0_
          - alias suffix - 0_
          - suffixed key columns - {id1_1_0_}

19:40:30.252 [main] DEBUG org.hibernate.loader.entity.plan.EntityLoader - Static select for entity tau.mmo.domain.Player [UPGRADE]: select player0_.id as id1_1_0_, player0_.heroclass as heroclas2_1_0_, player0_.level as level3_1_0_, player0_.name as name4_1_0_ from player player0_ where player0_.id=? for update
19:40:30.252 [main] DEBUG org.hibernate.loader.plan.build.internal.spaces.QuerySpacesImpl - Adding QuerySpace : uid = <gen:0> -> org.hibernate.loader.plan.build.internal.spaces.EntityQuerySpaceImpl@191a0351]
19:40:30.252 [main] DEBUG org.hibernate.persister.walking.spi.MetamodelGraphWalker - Visiting attribute path : heroclass
19:40:30.252 [main] DEBUG org.hibernate.persister.walking.spi.MetamodelGraphWalker - Visiting attribute path : items
19:40:30.252 [main] DEBUG org.hibernate.loader.plan.build.internal.spaces.QuerySpacesImpl - Adding QuerySpace : uid = <gen:1> -> org.hibernate.loader.plan.build.internal.spaces.CollectionQuerySpaceImpl@51ba952e]
19:40:30.252 [main] DEBUG org.hibernate.loader.plan.build.internal.spaces.QuerySpacesImpl - Adding QuerySpace : uid = <gen:2> -> org.hibernate.loader.plan.build.internal.spaces.EntityQuerySpaceImpl@2416c658]
19:40:30.252 [main] DEBUG org.hibernate.persister.walking.spi.MetamodelGraphWalker - Visiting attribute path : level
19:40:30.252 [main] DEBUG org.hibernate.persister.walking.spi.MetamodelGraphWalker - Visiting attribute path : name
19:40:30.252 [main] DEBUG org.hibernate.loader.plan.build.internal.FetchStyleLoadPlanBuildingAssociationVisitationStrategy - Building LoadPlan...
19:40:30.252 [main] DEBUG org.hibernate.loader.plan.exec.internal.LoadQueryJoinAndFetchProcessor - processing queryspace <gen:0>
19:40:30.253 [main] DEBUG org.hibernate.loader.plan.build.spi.LoadPlanTreePrinter - LoadPlan(entity=tau.mmo.domain.Player)
    - Returns
       - EntityReturnImpl(entity=tau.mmo.domain.Player, querySpaceUid=<gen:0>, path=tau.mmo.domain.Player)
          - CollectionAttributeFetchImpl(collection=tau.mmo.domain.Player.items, querySpaceUid=<gen:1>, path=tau.mmo.domain.Player.items)
             - (collection element) CollectionFetchableElementEntityGraph(entity=tau.mmo.domain.Item, querySpaceUid=<gen:2>, path=tau.mmo.domain.Player.items.<elements>)
    - QuerySpaces
       - EntityQuerySpaceImpl(uid=<gen:0>, entity=tau.mmo.domain.Player)
          - SQL table alias mapping - player0_
          - alias suffix - 0_
          - suffixed key columns - {id1_1_0_}

19:40:30.253 [main] DEBUG org.hibernate.loader.entity.plan.EntityLoader - Static select for entity tau.mmo.domain.Player [UPGRADE_NOWAIT]: select player0_.id as id1_1_0_, player0_.heroclass as heroclas2_1_0_, player0_.level as level3_1_0_, player0_.name as name4_1_0_ from player player0_ where player0_.id=? for update
19:40:30.253 [main] DEBUG org.hibernate.loader.plan.build.internal.spaces.QuerySpacesImpl - Adding QuerySpace : uid = <gen:0> -> org.hibernate.loader.plan.build.internal.spaces.EntityQuerySpaceImpl@6d5f4900]
19:40:30.253 [main] DEBUG org.hibernate.persister.walking.spi.MetamodelGraphWalker - Visiting attribute path : heroclass
19:40:30.253 [main] DEBUG org.hibernate.persister.walking.spi.MetamodelGraphWalker - Visiting attribute path : items
19:40:30.253 [main] DEBUG org.hibernate.loader.plan.build.internal.spaces.QuerySpacesImpl - Adding QuerySpace : uid = <gen:1> -> org.hibernate.loader.plan.build.internal.spaces.CollectionQuerySpaceImpl@1b560eb0]
19:40:30.253 [main] DEBUG org.hibernate.loader.plan.build.internal.spaces.QuerySpacesImpl - Adding QuerySpace : uid = <gen:2> -> org.hibernate.loader.plan.build.internal.spaces.EntityQuerySpaceImpl@9e02f84]
19:40:30.253 [main] DEBUG org.hibernate.persister.walking.spi.MetamodelGraphWalker - Visiting attribute path : level
19:40:30.253 [main] DEBUG org.hibernate.persister.walking.spi.MetamodelGraphWalker - Visiting attribute path : name
19:40:30.253 [main] DEBUG org.hibernate.loader.plan.build.internal.FetchStyleLoadPlanBuildingAssociationVisitationStrategy - Building LoadPlan...
19:40:30.253 [main] DEBUG org.hibernate.loader.plan.exec.internal.LoadQueryJoinAndFetchProcessor - processing queryspace <gen:0>
19:40:30.253 [main] DEBUG org.hibernate.loader.plan.build.spi.LoadPlanTreePrinter - LoadPlan(entity=tau.mmo.domain.Player)
    - Returns
       - EntityReturnImpl(entity=tau.mmo.domain.Player, querySpaceUid=<gen:0>, path=tau.mmo.domain.Player)
          - CollectionAttributeFetchImpl(collection=tau.mmo.domain.Player.items, querySpaceUid=<gen:1>, path=tau.mmo.domain.Player.items)
             - (collection element) CollectionFetchableElementEntityGraph(entity=tau.mmo.domain.Item, querySpaceUid=<gen:2>, path=tau.mmo.domain.Player.items.<elements>)
    - QuerySpaces
       - EntityQuerySpaceImpl(uid=<gen:0>, entity=tau.mmo.domain.Player)
          - SQL table alias mapping - player0_
          - alias suffix - 0_
          - suffixed key columns - {id1_1_0_}

19:40:30.253 [main] DEBUG org.hibernate.loader.entity.plan.EntityLoader - Static select for entity tau.mmo.domain.Player [UPGRADE_SKIPLOCKED]: select player0_.id as id1_1_0_, player0_.heroclass as heroclas2_1_0_, player0_.level as level3_1_0_, player0_.name as name4_1_0_ from player player0_ where player0_.id=? for update
19:40:30.253 [main] DEBUG org.hibernate.loader.plan.build.internal.spaces.QuerySpacesImpl - Adding QuerySpace : uid = <gen:0> -> org.hibernate.loader.plan.build.internal.spaces.EntityQuerySpaceImpl@1e6060f1]
19:40:30.253 [main] DEBUG org.hibernate.persister.walking.spi.MetamodelGraphWalker - Visiting attribute path : heroclass
19:40:30.253 [main] DEBUG org.hibernate.persister.walking.spi.MetamodelGraphWalker - Visiting attribute path : items
19:40:30.253 [main] DEBUG org.hibernate.loader.plan.build.internal.spaces.QuerySpacesImpl - Adding QuerySpace : uid = <gen:1> -> org.hibernate.loader.plan.build.internal.spaces.CollectionQuerySpaceImpl@2c6c302f]
19:40:30.253 [main] DEBUG org.hibernate.loader.plan.build.internal.spaces.QuerySpacesImpl - Adding QuerySpace : uid = <gen:2> -> org.hibernate.loader.plan.build.internal.spaces.EntityQuerySpaceImpl@2478b629]
19:40:30.253 [main] DEBUG org.hibernate.persister.walking.spi.MetamodelGraphWalker - Visiting attribute path : level
19:40:30.254 [main] DEBUG org.hibernate.persister.walking.spi.MetamodelGraphWalker - Visiting attribute path : name
19:40:30.254 [main] DEBUG org.hibernate.loader.plan.build.internal.FetchStyleLoadPlanBuildingAssociationVisitationStrategy - Building LoadPlan...
19:40:30.254 [main] DEBUG org.hibernate.loader.plan.exec.internal.LoadQueryJoinAndFetchProcessor - processing queryspace <gen:0>
19:40:30.254 [main] DEBUG org.hibernate.loader.plan.build.spi.LoadPlanTreePrinter - LoadPlan(entity=tau.mmo.domain.Player)
    - Returns
       - EntityReturnImpl(entity=tau.mmo.domain.Player, querySpaceUid=<gen:0>, path=tau.mmo.domain.Player)
          - CollectionAttributeFetchImpl(collection=tau.mmo.domain.Player.items, querySpaceUid=<gen:1>, path=tau.mmo.domain.Player.items)
             - (collection element) CollectionFetchableElementEntityGraph(entity=tau.mmo.domain.Item, querySpaceUid=<gen:2>, path=tau.mmo.domain.Player.items.<elements>)
    - QuerySpaces
       - EntityQuerySpaceImpl(uid=<gen:0>, entity=tau.mmo.domain.Player)
          - SQL table alias mapping - player0_
          - alias suffix - 0_
          - suffixed key columns - {id1_1_0_}

19:40:30.254 [main] DEBUG org.hibernate.loader.entity.plan.EntityLoader - Static select for entity tau.mmo.domain.Player [FORCE]: select player0_.id as id1_1_0_, player0_.heroclass as heroclas2_1_0_, player0_.level as level3_1_0_, player0_.name as name4_1_0_ from player player0_ where player0_.id=? for update
19:40:30.254 [main] DEBUG org.hibernate.loader.plan.build.internal.spaces.QuerySpacesImpl - Adding QuerySpace : uid = <gen:0> -> org.hibernate.loader.plan.build.internal.spaces.EntityQuerySpaceImpl@39023dbf]
19:40:30.254 [main] DEBUG org.hibernate.persister.walking.spi.MetamodelGraphWalker - Visiting attribute path : heroclass
19:40:30.254 [main] DEBUG org.hibernate.persister.walking.spi.MetamodelGraphWalker - Visiting attribute path : items
19:40:30.254 [main] DEBUG org.hibernate.loader.plan.build.internal.spaces.QuerySpacesImpl - Adding QuerySpace : uid = <gen:1> -> org.hibernate.loader.plan.build.internal.spaces.CollectionQuerySpaceImpl@570a62a5]
19:40:30.254 [main] DEBUG org.hibernate.loader.plan.build.internal.spaces.QuerySpacesImpl - Adding QuerySpace : uid = <gen:2> -> org.hibernate.loader.plan.build.internal.spaces.EntityQuerySpaceImpl@36224f93]
19:40:30.254 [main] DEBUG org.hibernate.persister.walking.spi.MetamodelGraphWalker - Visiting attribute path : level
19:40:30.254 [main] DEBUG org.hibernate.persister.walking.spi.MetamodelGraphWalker - Visiting attribute path : name
19:40:30.254 [main] DEBUG org.hibernate.loader.plan.build.internal.FetchStyleLoadPlanBuildingAssociationVisitationStrategy - Building LoadPlan...
19:40:30.254 [main] DEBUG org.hibernate.loader.plan.exec.internal.LoadQueryJoinAndFetchProcessor - processing queryspace <gen:0>
19:40:30.254 [main] DEBUG org.hibernate.loader.plan.build.spi.LoadPlanTreePrinter - LoadPlan(entity=tau.mmo.domain.Player)
    - Returns
       - EntityReturnImpl(entity=tau.mmo.domain.Player, querySpaceUid=<gen:0>, path=tau.mmo.domain.Player)
          - CollectionAttributeFetchImpl(collection=tau.mmo.domain.Player.items, querySpaceUid=<gen:1>, path=tau.mmo.domain.Player.items)
             - (collection element) CollectionFetchableElementEntityGraph(entity=tau.mmo.domain.Item, querySpaceUid=<gen:2>, path=tau.mmo.domain.Player.items.<elements>)
    - QuerySpaces
       - EntityQuerySpaceImpl(uid=<gen:0>, entity=tau.mmo.domain.Player)
          - SQL table alias mapping - player0_
          - alias suffix - 0_
          - suffixed key columns - {id1_1_0_}

19:40:30.254 [main] DEBUG org.hibernate.loader.entity.plan.EntityLoader - Static select for entity tau.mmo.domain.Player [PESSIMISTIC_READ]: select player0_.id as id1_1_0_, player0_.heroclass as heroclas2_1_0_, player0_.level as level3_1_0_, player0_.name as name4_1_0_ from player player0_ where player0_.id=? for update
19:40:30.254 [main] DEBUG org.hibernate.loader.plan.build.internal.spaces.QuerySpacesImpl - Adding QuerySpace : uid = <gen:0> -> org.hibernate.loader.plan.build.internal.spaces.EntityQuerySpaceImpl@1ee5632d]
19:40:30.254 [main] DEBUG org.hibernate.persister.walking.spi.MetamodelGraphWalker - Visiting attribute path : heroclass
19:40:30.254 [main] DEBUG org.hibernate.persister.walking.spi.MetamodelGraphWalker - Visiting attribute path : items
19:40:30.254 [main] DEBUG org.hibernate.loader.plan.build.internal.spaces.QuerySpacesImpl - Adding QuerySpace : uid = <gen:1> -> org.hibernate.loader.plan.build.internal.spaces.CollectionQuerySpaceImpl@563ccd31]
19:40:30.255 [main] DEBUG org.hibernate.loader.plan.build.internal.spaces.QuerySpacesImpl - Adding QuerySpace : uid = <gen:2> -> org.hibernate.loader.plan.build.internal.spaces.EntityQuerySpaceImpl@72465eb2]
19:40:30.255 [main] DEBUG org.hibernate.persister.walking.spi.MetamodelGraphWalker - Visiting attribute path : level
19:40:30.255 [main] DEBUG org.hibernate.persister.walking.spi.MetamodelGraphWalker - Visiting attribute path : name
19:40:30.255 [main] DEBUG org.hibernate.loader.plan.build.internal.FetchStyleLoadPlanBuildingAssociationVisitationStrategy - Building LoadPlan...
19:40:30.255 [main] DEBUG org.hibernate.loader.plan.exec.internal.LoadQueryJoinAndFetchProcessor - processing queryspace <gen:0>
19:40:30.255 [main] DEBUG org.hibernate.loader.plan.build.spi.LoadPlanTreePrinter - LoadPlan(entity=tau.mmo.domain.Player)
    - Returns
       - EntityReturnImpl(entity=tau.mmo.domain.Player, querySpaceUid=<gen:0>, path=tau.mmo.domain.Player)
          - CollectionAttributeFetchImpl(collection=tau.mmo.domain.Player.items, querySpaceUid=<gen:1>, path=tau.mmo.domain.Player.items)
             - (collection element) CollectionFetchableElementEntityGraph(entity=tau.mmo.domain.Item, querySpaceUid=<gen:2>, path=tau.mmo.domain.Player.items.<elements>)
    - QuerySpaces
       - EntityQuerySpaceImpl(uid=<gen:0>, entity=tau.mmo.domain.Player)
          - SQL table alias mapping - player0_
          - alias suffix - 0_
          - suffixed key columns - {id1_1_0_}

19:40:30.255 [main] DEBUG org.hibernate.loader.entity.plan.EntityLoader - Static select for entity tau.mmo.domain.Player [PESSIMISTIC_WRITE]: select player0_.id as id1_1_0_, player0_.heroclass as heroclas2_1_0_, player0_.level as level3_1_0_, player0_.name as name4_1_0_ from player player0_ where player0_.id=? for update
19:40:30.255 [main] DEBUG org.hibernate.loader.plan.build.internal.spaces.QuerySpacesImpl - Adding QuerySpace : uid = <gen:0> -> org.hibernate.loader.plan.build.internal.spaces.EntityQuerySpaceImpl@478fb7dc]
19:40:30.255 [main] DEBUG org.hibernate.persister.walking.spi.MetamodelGraphWalker - Visiting attribute path : heroclass
19:40:30.255 [main] DEBUG org.hibernate.persister.walking.spi.MetamodelGraphWalker - Visiting attribute path : items
19:40:30.255 [main] DEBUG org.hibernate.loader.plan.build.internal.spaces.QuerySpacesImpl - Adding QuerySpace : uid = <gen:1> -> org.hibernate.loader.plan.build.internal.spaces.CollectionQuerySpaceImpl@19b75b2b]
19:40:30.255 [main] DEBUG org.hibernate.loader.plan.build.internal.spaces.QuerySpacesImpl - Adding QuerySpace : uid = <gen:2> -> org.hibernate.loader.plan.build.internal.spaces.EntityQuerySpaceImpl@59c43561]
19:40:30.255 [main] DEBUG org.hibernate.persister.walking.spi.MetamodelGraphWalker - Visiting attribute path : level
19:40:30.255 [main] DEBUG org.hibernate.persister.walking.spi.MetamodelGraphWalker - Visiting attribute path : name
19:40:30.255 [main] DEBUG org.hibernate.loader.plan.build.internal.FetchStyleLoadPlanBuildingAssociationVisitationStrategy - Building LoadPlan...
19:40:30.255 [main] DEBUG org.hibernate.loader.plan.exec.internal.LoadQueryJoinAndFetchProcessor - processing queryspace <gen:0>
19:40:30.255 [main] DEBUG org.hibernate.loader.plan.build.spi.LoadPlanTreePrinter - LoadPlan(entity=tau.mmo.domain.Player)
    - Returns
       - EntityReturnImpl(entity=tau.mmo.domain.Player, querySpaceUid=<gen:0>, path=tau.mmo.domain.Player)
          - CollectionAttributeFetchImpl(collection=tau.mmo.domain.Player.items, querySpaceUid=<gen:1>, path=tau.mmo.domain.Player.items)
             - (collection element) CollectionFetchableElementEntityGraph(entity=tau.mmo.domain.Item, querySpaceUid=<gen:2>, path=tau.mmo.domain.Player.items.<elements>)
    - QuerySpaces
       - EntityQuerySpaceImpl(uid=<gen:0>, entity=tau.mmo.domain.Player)
          - SQL table alias mapping - player0_
          - alias suffix - 0_
          - suffixed key columns - {id1_1_0_}

19:40:30.255 [main] DEBUG org.hibernate.loader.entity.plan.EntityLoader - Static select for entity tau.mmo.domain.Player [PESSIMISTIC_FORCE_INCREMENT]: select player0_.id as id1_1_0_, player0_.heroclass as heroclas2_1_0_, player0_.level as level3_1_0_, player0_.name as name4_1_0_ from player player0_ where player0_.id=? for update
19:40:30.255 [main] DEBUG org.hibernate.loader.plan.build.internal.spaces.QuerySpacesImpl - Adding QuerySpace : uid = <gen:0> -> org.hibernate.loader.plan.build.internal.spaces.EntityQuerySpaceImpl@634f58d2]
19:40:30.255 [main] DEBUG org.hibernate.persister.walking.spi.MetamodelGraphWalker - Visiting attribute path : heroclass
19:40:30.255 [main] DEBUG org.hibernate.persister.walking.spi.MetamodelGraphWalker - Visiting attribute path : items
19:40:30.255 [main] DEBUG org.hibernate.loader.plan.build.internal.spaces.QuerySpacesImpl - Adding QuerySpace : uid = <gen:1> -> org.hibernate.loader.plan.build.internal.spaces.CollectionQuerySpaceImpl@7b18658a]
19:40:30.256 [main] DEBUG org.hibernate.loader.plan.build.internal.spaces.QuerySpacesImpl - Adding QuerySpace : uid = <gen:2> -> org.hibernate.loader.plan.build.internal.spaces.EntityQuerySpaceImpl@30f28b5]
19:40:30.256 [main] DEBUG org.hibernate.persister.walking.spi.MetamodelGraphWalker - Visiting attribute path : level
19:40:30.256 [main] DEBUG org.hibernate.persister.walking.spi.MetamodelGraphWalker - Visiting attribute path : name
19:40:30.256 [main] DEBUG org.hibernate.loader.plan.build.internal.FetchStyleLoadPlanBuildingAssociationVisitationStrategy - Building LoadPlan...
19:40:30.256 [main] DEBUG org.hibernate.loader.plan.exec.internal.LoadQueryJoinAndFetchProcessor - processing queryspace <gen:0>
19:40:30.256 [main] DEBUG org.hibernate.loader.plan.build.spi.LoadPlanTreePrinter - LoadPlan(entity=tau.mmo.domain.Player)
    - Returns
       - EntityReturnImpl(entity=tau.mmo.domain.Player, querySpaceUid=<gen:0>, path=tau.mmo.domain.Player)
          - CollectionAttributeFetchImpl(collection=tau.mmo.domain.Player.items, querySpaceUid=<gen:1>, path=tau.mmo.domain.Player.items)
             - (collection element) CollectionFetchableElementEntityGraph(entity=tau.mmo.domain.Item, querySpaceUid=<gen:2>, path=tau.mmo.domain.Player.items.<elements>)
    - QuerySpaces
       - EntityQuerySpaceImpl(uid=<gen:0>, entity=tau.mmo.domain.Player)
          - SQL table alias mapping - player0_
          - alias suffix - 0_
          - suffixed key columns - {id1_1_0_}

19:40:30.256 [main] DEBUG org.hibernate.loader.entity.plan.EntityLoader - Static select for entity tau.mmo.domain.Player [OPTIMISTIC]: select player0_.id as id1_1_0_, player0_.heroclass as heroclas2_1_0_, player0_.level as level3_1_0_, player0_.name as name4_1_0_ from player player0_ where player0_.id=?
19:40:30.256 [main] DEBUG org.hibernate.loader.plan.build.internal.spaces.QuerySpacesImpl - Adding QuerySpace : uid = <gen:0> -> org.hibernate.loader.plan.build.internal.spaces.EntityQuerySpaceImpl@1a1f79ce]
19:40:30.256 [main] DEBUG org.hibernate.persister.walking.spi.MetamodelGraphWalker - Visiting attribute path : heroclass
19:40:30.256 [main] DEBUG org.hibernate.persister.walking.spi.MetamodelGraphWalker - Visiting attribute path : items
19:40:30.256 [main] DEBUG org.hibernate.loader.plan.build.internal.spaces.QuerySpacesImpl - Adding QuerySpace : uid = <gen:1> -> org.hibernate.loader.plan.build.internal.spaces.CollectionQuerySpaceImpl@52abed9d]
19:40:30.256 [main] DEBUG org.hibernate.loader.plan.build.internal.spaces.QuerySpacesImpl - Adding QuerySpace : uid = <gen:2> -> org.hibernate.loader.plan.build.internal.spaces.EntityQuerySpaceImpl@281b2dfd]
19:40:30.256 [main] DEBUG org.hibernate.persister.walking.spi.MetamodelGraphWalker - Visiting attribute path : level
19:40:30.256 [main] DEBUG org.hibernate.persister.walking.spi.MetamodelGraphWalker - Visiting attribute path : name
19:40:30.256 [main] DEBUG org.hibernate.loader.plan.build.internal.FetchStyleLoadPlanBuildingAssociationVisitationStrategy - Building LoadPlan...
19:40:30.256 [main] DEBUG org.hibernate.loader.plan.exec.internal.LoadQueryJoinAndFetchProcessor - processing queryspace <gen:0>
19:40:30.257 [main] DEBUG org.hibernate.loader.plan.build.spi.LoadPlanTreePrinter - LoadPlan(entity=tau.mmo.domain.Player)
    - Returns
       - EntityReturnImpl(entity=tau.mmo.domain.Player, querySpaceUid=<gen:0>, path=tau.mmo.domain.Player)
          - CollectionAttributeFetchImpl(collection=tau.mmo.domain.Player.items, querySpaceUid=<gen:1>, path=tau.mmo.domain.Player.items)
             - (collection element) CollectionFetchableElementEntityGraph(entity=tau.mmo.domain.Item, querySpaceUid=<gen:2>, path=tau.mmo.domain.Player.items.<elements>)
    - QuerySpaces
       - EntityQuerySpaceImpl(uid=<gen:0>, entity=tau.mmo.domain.Player)
          - SQL table alias mapping - player0_
          - alias suffix - 0_
          - suffixed key columns - {id1_1_0_}

19:40:30.257 [main] DEBUG org.hibernate.loader.entity.plan.EntityLoader - Static select for entity tau.mmo.domain.Player [OPTIMISTIC_FORCE_INCREMENT]: select player0_.id as id1_1_0_, player0_.heroclass as heroclas2_1_0_, player0_.level as level3_1_0_, player0_.name as name4_1_0_ from player player0_ where player0_.id=?
19:40:30.257 [main] DEBUG org.hibernate.loader.Loader - Static select for action ACTION_MERGE on entity tau.mmo.domain.Player: select player0_.id as id1_1_0_, player0_.heroclass as heroclas2_1_0_, player0_.level as level3_1_0_, player0_.name as name4_1_0_ from player player0_ where player0_.id=?
19:40:30.257 [main] DEBUG org.hibernate.loader.Loader - Static select for action ACTION_REFRESH on entity tau.mmo.domain.Player: select player0_.id as id1_1_0_, player0_.heroclass as heroclas2_1_0_, player0_.level as level3_1_0_, player0_.name as name4_1_0_ from player player0_ where player0_.id=?
19:40:30.262 [main] DEBUG org.hibernate.loader.plan.build.internal.spaces.QuerySpacesImpl - Adding QuerySpace : uid = <gen:0> -> org.hibernate.loader.plan.build.internal.spaces.CollectionQuerySpaceImpl@7c588adc]
19:40:30.262 [main] DEBUG org.hibernate.loader.plan.build.internal.spaces.QuerySpacesImpl - Adding QuerySpace : uid = <gen:1> -> org.hibernate.loader.plan.build.internal.spaces.EntityQuerySpaceImpl@33ec2c0c]
19:40:30.262 [main] DEBUG org.hibernate.persister.walking.spi.MetamodelGraphWalker - Visiting attribute path : itemclass
19:40:30.262 [main] DEBUG org.hibernate.persister.walking.spi.MetamodelGraphWalker - Visiting attribute path : levelreq
19:40:30.262 [main] DEBUG org.hibernate.persister.walking.spi.MetamodelGraphWalker - Visiting attribute path : name
19:40:30.262 [main] DEBUG org.hibernate.persister.walking.spi.MetamodelGraphWalker - Visiting attribute path : player
19:40:30.262 [main] DEBUG org.hibernate.persister.walking.spi.MetamodelGraphWalker - Property path deemed to be circular : player
19:40:30.262 [main] DEBUG org.hibernate.loader.plan.build.internal.FetchStyleLoadPlanBuildingAssociationVisitationStrategy - Building LoadPlan...
19:40:30.263 [main] DEBUG org.hibernate.loader.plan.exec.internal.LoadQueryJoinAndFetchProcessor - processing queryspace <gen:0>
19:40:30.263 [main] DEBUG org.hibernate.loader.plan.build.spi.LoadPlanTreePrinter - LoadPlan(collection=tau.mmo.domain.Player.items)
    - Returns
       - CollectionReturnImpl(collection=tau.mmo.domain.Player.items, querySpaceUid=<gen:0>, path=[tau.mmo.domain.Player.items])
          - (collection element) CollectionFetchableElementEntityGraph(entity=tau.mmo.domain.Item, querySpaceUid=<gen:1>, path=[tau.mmo.domain.Player.items].<elements>)
    - QuerySpaces
       - CollectionQuerySpaceImpl(uid=<gen:0>, collection=tau.mmo.domain.Player.items)
          - SQL table alias mapping - items0_
          - alias suffix - 0_
          - suffixed key columns - {player_i5_0_0_}
          - entity-element alias suffix - 1_
          - 1_entity-element suffixed key columns - id1_0_1_
          - JOIN (JoinDefinedByMetadata(elements)) : <gen:0> -> <gen:1>
             - EntityQuerySpaceImpl(uid=<gen:1>, entity=tau.mmo.domain.Item)
                - SQL table alias mapping - items0_
                - alias suffix - 1_
                - suffixed key columns - {id1_0_1_}

19:40:30.263 [main] DEBUG org.hibernate.loader.collection.plan.CollectionLoader - Static select for collection tau.mmo.domain.Player.items: select items0_.player_id as player_i5_0_0_, items0_.id as id1_0_0_, items0_.id as id1_0_1_, items0_.itemclass as itemclas2_0_1_, items0_.levelreq as levelreq3_0_1_, items0_.name as name4_0_1_, items0_.player_id as player_i5_0_1_ from item items0_ where items0_.player_id=?
19:40:30.263 [main] DEBUG org.hibernate.internal.SessionFactoryImpl - Instantiated session factory
19:40:30.276 [main] DEBUG org.springframework.jdbc.datasource.DriverManagerDataSource - Creating new JDBC DriverManager Connection to [jdbc:hsqldb:hsql://localhost/workdb]
19:40:30.278 [main] DEBUG org.hibernate.engine.jdbc.spi.SqlExceptionHelper - Unable to open JDBC Connection for DDL execution [n/a]
java.sql.SQLTransientConnectionException: java.net.ConnectException: Połączenie odrzucone (Connection refused)
	at org.hsqldb.jdbc.JDBCUtil.sqlException(Unknown Source)
	at org.hsqldb.jdbc.JDBCUtil.sqlException(Unknown Source)
	at org.hsqldb.jdbc.JDBCConnection.<init>(Unknown Source)
	at org.hsqldb.jdbc.JDBCDriver.getConnection(Unknown Source)
	at org.hsqldb.jdbc.JDBCDriver.connect(Unknown Source)
	at java.sql/java.sql.DriverManager.getConnection(DriverManager.java:677)
	at java.sql/java.sql.DriverManager.getConnection(DriverManager.java:189)
	at org.springframework.jdbc.datasource.DriverManagerDataSource.getConnectionFromDriverManager(DriverManagerDataSource.java:154)
	at org.springframework.jdbc.datasource.DriverManagerDataSource.getConnectionFromDriver(DriverManagerDataSource.java:145)
	at org.springframework.jdbc.datasource.AbstractDriverBasedDataSource.getConnectionFromDriver(AbstractDriverBasedDataSource.java:205)
	at org.springframework.jdbc.datasource.AbstractDriverBasedDataSource.getConnection(AbstractDriverBasedDataSource.java:169)
	at org.hibernate.engine.jdbc.connections.internal.DatasourceConnectionProviderImpl.getConnection(DatasourceConnectionProviderImpl.java:122)
	at org.hibernate.engine.jdbc.env.internal.JdbcEnvironmentInitiator$ConnectionProviderJdbcConnectionAccess.obtainConnection(JdbcEnvironmentInitiator.java:180)
	at org.hibernate.resource.transaction.backend.jdbc.internal.DdlTransactionIsolatorNonJtaImpl.getIsolatedConnection(DdlTransactionIsolatorNonJtaImpl.java:43)
	at org.hibernate.tool.schema.internal.exec.ImprovedExtractionContextImpl.getJdbcConnection(ImprovedExtractionContextImpl.java:60)
	at org.hibernate.tool.schema.extract.internal.SequenceInformationExtractorLegacyImpl.extractMetadata(SequenceInformationExtractorLegacyImpl.java:40)
	at org.hibernate.tool.schema.extract.internal.DatabaseInformationImpl.initializeSequences(DatabaseInformationImpl.java:65)
	at org.hibernate.tool.schema.extract.internal.DatabaseInformationImpl.<init>(DatabaseInformationImpl.java:59)
	at org.hibernate.tool.schema.internal.Helper.buildDatabaseInformation(Helper.java:130)
	at org.hibernate.tool.schema.internal.AbstractSchemaMigrator.doMigration(AbstractSchemaMigrator.java:92)
	at org.hibernate.tool.schema.spi.SchemaManagementToolCoordinator.performDatabaseAction(SchemaManagementToolCoordinator.java:176)
	at org.hibernate.tool.schema.spi.SchemaManagementToolCoordinator.process(SchemaManagementToolCoordinator.java:65)
	at org.hibernate.internal.SessionFactoryImpl.<init>(SessionFactoryImpl.java:459)
	at org.hibernate.boot.internal.SessionFactoryBuilderImpl.build(SessionFactoryBuilderImpl.java:465)
	at org.hibernate.cfg.Configuration.buildSessionFactory(Configuration.java:711)
	at org.hibernate.cfg.Configuration.buildSessionFactory(Configuration.java:727)
	at org.springframework.orm.hibernate5.LocalSessionFactoryBean.buildSessionFactory(LocalSessionFactoryBean.java:615)
	at org.springframework.orm.hibernate5.LocalSessionFactoryBean.afterPropertiesSet(LocalSessionFactoryBean.java:599)
	at org.springframework.beans.factory.support.AbstractAutowireCapableBeanFactory.invokeInitMethods(AbstractAutowireCapableBeanFactory.java:1837)
	at org.springframework.beans.factory.support.AbstractAutowireCapableBeanFactory.initializeBean(AbstractAutowireCapableBeanFactory.java:1774)
	at org.springframework.beans.factory.support.AbstractAutowireCapableBeanFactory.doCreateBean(AbstractAutowireCapableBeanFactory.java:593)
	at org.springframework.beans.factory.support.AbstractAutowireCapableBeanFactory.createBean(AbstractAutowireCapableBeanFactory.java:515)
	at org.springframework.beans.factory.support.AbstractBeanFactory.lambda$doGetBean$0(AbstractBeanFactory.java:320)
	at org.springframework.beans.factory.support.DefaultSingletonBeanRegistry.getSingleton(DefaultSingletonBeanRegistry.java:222)
	at org.springframework.beans.factory.support.AbstractBeanFactory.doGetBean(AbstractBeanFactory.java:318)
	at org.springframework.beans.factory.support.AbstractBeanFactory.getBean(AbstractBeanFactory.java:199)
	at org.springframework.beans.factory.config.DependencyDescriptor.resolveCandidate(DependencyDescriptor.java:277)
	at org.springframework.beans.factory.support.DefaultListableBeanFactory.doResolveDependency(DefaultListableBeanFactory.java:1247)
	at org.springframework.beans.factory.support.DefaultListableBeanFactory.resolveDependency(DefaultListableBeanFactory.java:1167)
	at org.springframework.beans.factory.annotation.AutowiredAnnotationBeanPostProcessor$AutowiredFieldElement.inject(AutowiredAnnotationBeanPostProcessor.java:593)
	at org.springframework.beans.factory.annotation.InjectionMetadata.inject(InjectionMetadata.java:90)
	at org.springframework.beans.factory.annotation.AutowiredAnnotationBeanPostProcessor.postProcessProperties(AutowiredAnnotationBeanPostProcessor.java:374)
	at org.springframework.beans.factory.support.AbstractAutowireCapableBeanFactory.populateBean(AbstractAutowireCapableBeanFactory.java:1411)
	at org.springframework.beans.factory.support.AbstractAutowireCapableBeanFactory.doCreateBean(AbstractAutowireCapableBeanFactory.java:592)
	at org.springframework.beans.factory.support.AbstractAutowireCapableBeanFactory.createBean(AbstractAutowireCapableBeanFactory.java:515)
	at org.springframework.beans.factory.support.AbstractBeanFactory.lambda$doGetBean$0(AbstractBeanFactory.java:320)
	at org.springframework.beans.factory.support.DefaultSingletonBeanRegistry.getSingleton(DefaultSingletonBeanRegistry.java:222)
	at org.springframework.beans.factory.support.AbstractBeanFactory.doGetBean(AbstractBeanFactory.java:318)
	at org.springframework.beans.factory.support.AbstractBeanFactory.getBean(AbstractBeanFactory.java:199)
	at org.springframework.beans.factory.config.DependencyDescriptor.resolveCandidate(DependencyDescriptor.java:277)
	at org.springframework.beans.factory.support.DefaultListableBeanFactory.doResolveDependency(DefaultListableBeanFactory.java:1247)
	at org.springframework.beans.factory.support.DefaultListableBeanFactory.resolveDependency(DefaultListableBeanFactory.java:1167)
	at org.springframework.beans.factory.annotation.AutowiredAnnotationBeanPostProcessor$AutowiredFieldElement.inject(AutowiredAnnotationBeanPostProcessor.java:593)
	at org.springframework.beans.factory.annotation.InjectionMetadata.inject(InjectionMetadata.java:90)
	at org.springframework.beans.factory.annotation.AutowiredAnnotationBeanPostProcessor.postProcessProperties(AutowiredAnnotationBeanPostProcessor.java:374)
	at org.springframework.beans.factory.support.AbstractAutowireCapableBeanFactory.populateBean(AbstractAutowireCapableBeanFactory.java:1411)
	at org.springframework.beans.factory.support.AbstractAutowireCapableBeanFactory.doCreateBean(AbstractAutowireCapableBeanFactory.java:592)
	at org.springframework.beans.factory.support.AbstractAutowireCapableBeanFactory.createBean(AbstractAutowireCapableBeanFactory.java:515)
	at org.springframework.beans.factory.support.AbstractBeanFactory.lambda$doGetBean$0(AbstractBeanFactory.java:320)
	at org.springframework.beans.factory.support.DefaultSingletonBeanRegistry.getSingleton(DefaultSingletonBeanRegistry.java:222)
	at org.springframework.beans.factory.support.AbstractBeanFactory.doGetBean(AbstractBeanFactory.java:318)
	at org.springframework.beans.factory.support.AbstractBeanFactory.getBean(AbstractBeanFactory.java:199)
	at org.springframework.beans.factory.support.DefaultListableBeanFactory.preInstantiateSingletons(DefaultListableBeanFactory.java:849)
	at org.springframework.context.support.AbstractApplicationContext.finishBeanFactoryInitialization(AbstractApplicationContext.java:877)
	at org.springframework.context.support.AbstractApplicationContext.refresh(AbstractApplicationContext.java:549)
	at org.springframework.test.context.support.AbstractGenericContextLoader.loadContext(AbstractGenericContextLoader.java:128)
	at org.springframework.test.context.support.AbstractGenericContextLoader.loadContext(AbstractGenericContextLoader.java:60)
	at org.springframework.test.context.support.AbstractDelegatingSmartContextLoader.delegateLoading(AbstractDelegatingSmartContextLoader.java:275)
	at org.springframework.test.context.support.AbstractDelegatingSmartContextLoader.loadContext(AbstractDelegatingSmartContextLoader.java:243)
	at org.springframework.test.context.cache.DefaultCacheAwareContextLoaderDelegate.loadContextInternal(DefaultCacheAwareContextLoaderDelegate.java:99)
	at org.springframework.test.context.cache.DefaultCacheAwareContextLoaderDelegate.loadContext(DefaultCacheAwareContextLoaderDelegate.java:117)
	at org.springframework.test.context.support.DefaultTestContext.getApplicationContext(DefaultTestContext.java:108)
	at org.springframework.test.context.support.DependencyInjectionTestExecutionListener.injectDependencies(DependencyInjectionTestExecutionListener.java:118)
	at org.springframework.test.context.support.DependencyInjectionTestExecutionListener.prepareTestInstance(DependencyInjectionTestExecutionListener.java:83)
	at org.springframework.test.context.TestContextManager.prepareTestInstance(TestContextManager.java:246)
	at org.springframework.test.context.junit4.SpringJUnit4ClassRunner.createTest(SpringJUnit4ClassRunner.java:227)
	at org.springframework.test.context.junit4.SpringJUnit4ClassRunner$1.runReflectiveCall(SpringJUnit4ClassRunner.java:289)
	at org.junit.internal.runners.model.ReflectiveCallable.run(ReflectiveCallable.java:12)
	at org.springframework.test.context.junit4.SpringJUnit4ClassRunner.methodBlock(SpringJUnit4ClassRunner.java:291)
	at org.springframework.test.context.junit4.SpringJUnit4ClassRunner.runChild(SpringJUnit4ClassRunner.java:246)
	at org.springframework.test.context.junit4.SpringJUnit4ClassRunner.runChild(SpringJUnit4ClassRunner.java:97)
	at org.junit.runners.ParentRunner$3.run(ParentRunner.java:290)
	at org.junit.runners.ParentRunner$1.schedule(ParentRunner.java:71)
	at org.junit.runners.ParentRunner.runChildren(ParentRunner.java:288)
	at org.junit.runners.ParentRunner.access$000(ParentRunner.java:58)
	at org.junit.runners.ParentRunner$2.evaluate(ParentRunner.java:268)
	at org.springframework.test.context.junit4.statements.RunBeforeTestClassCallbacks.evaluate(RunBeforeTestClassCallbacks.java:61)
	at org.springframework.test.context.junit4.statements.RunAfterTestClassCallbacks.evaluate(RunAfterTestClassCallbacks.java:70)
	at org.junit.runners.ParentRunner.run(ParentRunner.java:363)
	at org.springframework.test.context.junit4.SpringJUnit4ClassRunner.run(SpringJUnit4ClassRunner.java:190)
	at org.apache.maven.surefire.junit4.JUnit4Provider.execute(JUnit4Provider.java:365)
	at org.apache.maven.surefire.junit4.JUnit4Provider.executeWithRerun(JUnit4Provider.java:273)
	at org.apache.maven.surefire.junit4.JUnit4Provider.executeTestSet(JUnit4Provider.java:238)
	at org.apache.maven.surefire.junit4.JUnit4Provider.invoke(JUnit4Provider.java:159)
	at org.apache.maven.surefire.booter.ForkedBooter.invokeProviderInSameClassLoader(ForkedBooter.java:384)
	at org.apache.maven.surefire.booter.ForkedBooter.runSuitesInProcess(ForkedBooter.java:345)
	at org.apache.maven.surefire.booter.ForkedBooter.execute(ForkedBooter.java:126)
	at org.apache.maven.surefire.booter.ForkedBooter.main(ForkedBooter.java:418)
Caused by: org.hsqldb.HsqlException: java.net.ConnectException: Połączenie odrzucone (Connection refused)
	at org.hsqldb.ClientConnection.openConnection(Unknown Source)
	at org.hsqldb.ClientConnection.initConnection(Unknown Source)
	at org.hsqldb.ClientConnection.<init>(Unknown Source)
	... 96 common frames omitted
Caused by: java.net.ConnectException: Połączenie odrzucone (Connection refused)
	at java.base/java.net.PlainSocketImpl.socketConnect(Native Method)
	at java.base/java.net.AbstractPlainSocketImpl.doConnect(AbstractPlainSocketImpl.java:399)
	at java.base/java.net.AbstractPlainSocketImpl.connectToAddress(AbstractPlainSocketImpl.java:242)
	at java.base/java.net.AbstractPlainSocketImpl.connect(AbstractPlainSocketImpl.java:224)
	at java.base/java.net.SocksSocketImpl.connect(SocksSocketImpl.java:403)
	at java.base/java.net.Socket.connect(Socket.java:591)
	at java.base/java.net.Socket.connect(Socket.java:540)
	at java.base/java.net.Socket.<init>(Socket.java:436)
	at java.base/java.net.Socket.<init>(Socket.java:213)
	at org.hsqldb.server.HsqlSocketFactory.createSocket(Unknown Source)
	... 99 common frames omitted
19:40:30.279 [main] WARN org.hibernate.engine.jdbc.spi.SqlExceptionHelper - SQL Error: -1301, SQLState: 08001
19:40:30.279 [main] ERROR org.hibernate.engine.jdbc.spi.SqlExceptionHelper - java.net.ConnectException: Połączenie odrzucone (Connection refused)
19:40:30.279 [main] WARN org.springframework.context.support.GenericApplicationContext - Exception encountered during context initialization - cancelling refresh attempt: org.springframework.beans.factory.UnsatisfiedDependencyException: Error creating bean with name 'playerController': Unsatisfied dependency expressed through field 'playerManager'; nested exception is org.springframework.beans.factory.UnsatisfiedDependencyException: Error creating bean with name 'playerManagerHibernateImpl': Unsatisfied dependency expressed through field 'sessionFactory'; nested exception is org.springframework.beans.factory.BeanCreationException: Error creating bean with name 'hibernateSessionFactory' defined in class path resource [beans.xml]: Invocation of init method failed; nested exception is org.hibernate.exception.JDBCConnectionException: Unable to open JDBC Connection for DDL execution
19:40:30.281 [main] ERROR org.springframework.test.context.TestContextManager - Caught exception while allowing TestExecutionListener [org.springframework.test.context.support.DependencyInjectionTestExecutionListener@6a400542] to prepare test instance [tau.mmo.service.PlayerManagerTest@1ab3a8c8]
java.lang.IllegalStateException: Failed to load ApplicationContext
	at org.springframework.test.context.cache.DefaultCacheAwareContextLoaderDelegate.loadContext(DefaultCacheAwareContextLoaderDelegate.java:125)
	at org.springframework.test.context.support.DefaultTestContext.getApplicationContext(DefaultTestContext.java:108)
	at org.springframework.test.context.support.DependencyInjectionTestExecutionListener.injectDependencies(DependencyInjectionTestExecutionListener.java:118)
	at org.springframework.test.context.support.DependencyInjectionTestExecutionListener.prepareTestInstance(DependencyInjectionTestExecutionListener.java:83)
	at org.springframework.test.context.TestContextManager.prepareTestInstance(TestContextManager.java:246)
	at org.springframework.test.context.junit4.SpringJUnit4ClassRunner.createTest(SpringJUnit4ClassRunner.java:227)
	at org.springframework.test.context.junit4.SpringJUnit4ClassRunner$1.runReflectiveCall(SpringJUnit4ClassRunner.java:289)
	at org.junit.internal.runners.model.ReflectiveCallable.run(ReflectiveCallable.java:12)
	at org.springframework.test.context.junit4.SpringJUnit4ClassRunner.methodBlock(SpringJUnit4ClassRunner.java:291)
	at org.springframework.test.context.junit4.SpringJUnit4ClassRunner.runChild(SpringJUnit4ClassRunner.java:246)
	at org.springframework.test.context.junit4.SpringJUnit4ClassRunner.runChild(SpringJUnit4ClassRunner.java:97)
	at org.junit.runners.ParentRunner$3.run(ParentRunner.java:290)
	at org.junit.runners.ParentRunner$1.schedule(ParentRunner.java:71)
	at org.junit.runners.ParentRunner.runChildren(ParentRunner.java:288)
	at org.junit.runners.ParentRunner.access$000(ParentRunner.java:58)
	at org.junit.runners.ParentRunner$2.evaluate(ParentRunner.java:268)
	at org.springframework.test.context.junit4.statements.RunBeforeTestClassCallbacks.evaluate(RunBeforeTestClassCallbacks.java:61)
	at org.springframework.test.context.junit4.statements.RunAfterTestClassCallbacks.evaluate(RunAfterTestClassCallbacks.java:70)
	at org.junit.runners.ParentRunner.run(ParentRunner.java:363)
	at org.springframework.test.context.junit4.SpringJUnit4ClassRunner.run(SpringJUnit4ClassRunner.java:190)
	at org.apache.maven.surefire.junit4.JUnit4Provider.execute(JUnit4Provider.java:365)
	at org.apache.maven.surefire.junit4.JUnit4Provider.executeWithRerun(JUnit4Provider.java:273)
	at org.apache.maven.surefire.junit4.JUnit4Provider.executeTestSet(JUnit4Provider.java:238)
	at org.apache.maven.surefire.junit4.JUnit4Provider.invoke(JUnit4Provider.java:159)
	at org.apache.maven.surefire.booter.ForkedBooter.invokeProviderInSameClassLoader(ForkedBooter.java:384)
	at org.apache.maven.surefire.booter.ForkedBooter.runSuitesInProcess(ForkedBooter.java:345)
	at org.apache.maven.surefire.booter.ForkedBooter.execute(ForkedBooter.java:126)
	at org.apache.maven.surefire.booter.ForkedBooter.main(ForkedBooter.java:418)
Caused by: org.springframework.beans.factory.UnsatisfiedDependencyException: Error creating bean with name 'playerController': Unsatisfied dependency expressed through field 'playerManager'; nested exception is org.springframework.beans.factory.UnsatisfiedDependencyException: Error creating bean with name 'playerManagerHibernateImpl': Unsatisfied dependency expressed through field 'sessionFactory'; nested exception is org.springframework.beans.factory.BeanCreationException: Error creating bean with name 'hibernateSessionFactory' defined in class path resource [beans.xml]: Invocation of init method failed; nested exception is org.hibernate.exception.JDBCConnectionException: Unable to open JDBC Connection for DDL execution
	at org.springframework.beans.factory.annotation.AutowiredAnnotationBeanPostProcessor$AutowiredFieldElement.inject(AutowiredAnnotationBeanPostProcessor.java:596)
	at org.springframework.beans.factory.annotation.InjectionMetadata.inject(InjectionMetadata.java:90)
	at org.springframework.beans.factory.annotation.AutowiredAnnotationBeanPostProcessor.postProcessProperties(AutowiredAnnotationBeanPostProcessor.java:374)
	at org.springframework.beans.factory.support.AbstractAutowireCapableBeanFactory.populateBean(AbstractAutowireCapableBeanFactory.java:1411)
	at org.springframework.beans.factory.support.AbstractAutowireCapableBeanFactory.doCreateBean(AbstractAutowireCapableBeanFactory.java:592)
	at org.springframework.beans.factory.support.AbstractAutowireCapableBeanFactory.createBean(AbstractAutowireCapableBeanFactory.java:515)
	at org.springframework.beans.factory.support.AbstractBeanFactory.lambda$doGetBean$0(AbstractBeanFactory.java:320)
	at org.springframework.beans.factory.support.DefaultSingletonBeanRegistry.getSingleton(DefaultSingletonBeanRegistry.java:222)
	at org.springframework.beans.factory.support.AbstractBeanFactory.doGetBean(AbstractBeanFactory.java:318)
	at org.springframework.beans.factory.support.AbstractBeanFactory.getBean(AbstractBeanFactory.java:199)
	at org.springframework.beans.factory.support.DefaultListableBeanFactory.preInstantiateSingletons(DefaultListableBeanFactory.java:849)
	at org.springframework.context.support.AbstractApplicationContext.finishBeanFactoryInitialization(AbstractApplicationContext.java:877)
	at org.springframework.context.support.AbstractApplicationContext.refresh(AbstractApplicationContext.java:549)
	at org.springframework.test.context.support.AbstractGenericContextLoader.loadContext(AbstractGenericContextLoader.java:128)
	at org.springframework.test.context.support.AbstractGenericContextLoader.loadContext(AbstractGenericContextLoader.java:60)
	at org.springframework.test.context.support.AbstractDelegatingSmartContextLoader.delegateLoading(AbstractDelegatingSmartContextLoader.java:275)
	at org.springframework.test.context.support.AbstractDelegatingSmartContextLoader.loadContext(AbstractDelegatingSmartContextLoader.java:243)
	at org.springframework.test.context.cache.DefaultCacheAwareContextLoaderDelegate.loadContextInternal(DefaultCacheAwareContextLoaderDelegate.java:99)
	at org.springframework.test.context.cache.DefaultCacheAwareContextLoaderDelegate.loadContext(DefaultCacheAwareContextLoaderDelegate.java:117)
	... 27 common frames omitted
Caused by: org.springframework.beans.factory.UnsatisfiedDependencyException: Error creating bean with name 'playerManagerHibernateImpl': Unsatisfied dependency expressed through field 'sessionFactory'; nested exception is org.springframework.beans.factory.BeanCreationException: Error creating bean with name 'hibernateSessionFactory' defined in class path resource [beans.xml]: Invocation of init method failed; nested exception is org.hibernate.exception.JDBCConnectionException: Unable to open JDBC Connection for DDL execution
	at org.springframework.beans.factory.annotation.AutowiredAnnotationBeanPostProcessor$AutowiredFieldElement.inject(AutowiredAnnotationBeanPostProcessor.java:596)
	at org.springframework.beans.factory.annotation.InjectionMetadata.inject(InjectionMetadata.java:90)
	at org.springframework.beans.factory.annotation.AutowiredAnnotationBeanPostProcessor.postProcessProperties(AutowiredAnnotationBeanPostProcessor.java:374)
	at org.springframework.beans.factory.support.AbstractAutowireCapableBeanFactory.populateBean(AbstractAutowireCapableBeanFactory.java:1411)
	at org.springframework.beans.factory.support.AbstractAutowireCapableBeanFactory.doCreateBean(AbstractAutowireCapableBeanFactory.java:592)
	at org.springframework.beans.factory.support.AbstractAutowireCapableBeanFactory.createBean(AbstractAutowireCapableBeanFactory.java:515)
	at org.springframework.beans.factory.support.AbstractBeanFactory.lambda$doGetBean$0(AbstractBeanFactory.java:320)
	at org.springframework.beans.factory.support.DefaultSingletonBeanRegistry.getSingleton(DefaultSingletonBeanRegistry.java:222)
	at org.springframework.beans.factory.support.AbstractBeanFactory.doGetBean(AbstractBeanFactory.java:318)
	at org.springframework.beans.factory.support.AbstractBeanFactory.getBean(AbstractBeanFactory.java:199)
	at org.springframework.beans.factory.config.DependencyDescriptor.resolveCandidate(DependencyDescriptor.java:277)
	at org.springframework.beans.factory.support.DefaultListableBeanFactory.doResolveDependency(DefaultListableBeanFactory.java:1247)
	at org.springframework.beans.factory.support.DefaultListableBeanFactory.resolveDependency(DefaultListableBeanFactory.java:1167)
	at org.springframework.beans.factory.annotation.AutowiredAnnotationBeanPostProcessor$AutowiredFieldElement.inject(AutowiredAnnotationBeanPostProcessor.java:593)
	... 45 common frames omitted
Caused by: org.springframework.beans.factory.BeanCreationException: Error creating bean with name 'hibernateSessionFactory' defined in class path resource [beans.xml]: Invocation of init method failed; nested exception is org.hibernate.exception.JDBCConnectionException: Unable to open JDBC Connection for DDL execution
	at org.springframework.beans.factory.support.AbstractAutowireCapableBeanFactory.initializeBean(AbstractAutowireCapableBeanFactory.java:1778)
	at org.springframework.beans.factory.support.AbstractAutowireCapableBeanFactory.doCreateBean(AbstractAutowireCapableBeanFactory.java:593)
	at org.springframework.beans.factory.support.AbstractAutowireCapableBeanFactory.createBean(AbstractAutowireCapableBeanFactory.java:515)
	at org.springframework.beans.factory.support.AbstractBeanFactory.lambda$doGetBean$0(AbstractBeanFactory.java:320)
	at org.springframework.beans.factory.support.DefaultSingletonBeanRegistry.getSingleton(DefaultSingletonBeanRegistry.java:222)
	at org.springframework.beans.factory.support.AbstractBeanFactory.doGetBean(AbstractBeanFactory.java:318)
	at org.springframework.beans.factory.support.AbstractBeanFactory.getBean(AbstractBeanFactory.java:199)
	at org.springframework.beans.factory.config.DependencyDescriptor.resolveCandidate(DependencyDescriptor.java:277)
	at org.springframework.beans.factory.support.DefaultListableBeanFactory.doResolveDependency(DefaultListableBeanFactory.java:1247)
	at org.springframework.beans.factory.support.DefaultListableBeanFactory.resolveDependency(DefaultListableBeanFactory.java:1167)
	at org.springframework.beans.factory.annotation.AutowiredAnnotationBeanPostProcessor$AutowiredFieldElement.inject(AutowiredAnnotationBeanPostProcessor.java:593)
	... 58 common frames omitted
Caused by: org.hibernate.exception.JDBCConnectionException: Unable to open JDBC Connection for DDL execution
	at org.hibernate.exception.internal.SQLExceptionTypeDelegate.convert(SQLExceptionTypeDelegate.java:48)
	at org.hibernate.exception.internal.StandardSQLExceptionConverter.convert(StandardSQLExceptionConverter.java:42)
	at org.hibernate.engine.jdbc.spi.SqlExceptionHelper.convert(SqlExceptionHelper.java:111)
	at org.hibernate.engine.jdbc.spi.SqlExceptionHelper.convert(SqlExceptionHelper.java:97)
	at org.hibernate.resource.transaction.backend.jdbc.internal.DdlTransactionIsolatorNonJtaImpl.getIsolatedConnection(DdlTransactionIsolatorNonJtaImpl.java:69)
	at org.hibernate.tool.schema.internal.exec.ImprovedExtractionContextImpl.getJdbcConnection(ImprovedExtractionContextImpl.java:60)
	at org.hibernate.tool.schema.extract.internal.SequenceInformationExtractorLegacyImpl.extractMetadata(SequenceInformationExtractorLegacyImpl.java:40)
	at org.hibernate.tool.schema.extract.internal.DatabaseInformationImpl.initializeSequences(DatabaseInformationImpl.java:65)
	at org.hibernate.tool.schema.extract.internal.DatabaseInformationImpl.<init>(DatabaseInformationImpl.java:59)
	at org.hibernate.tool.schema.internal.Helper.buildDatabaseInformation(Helper.java:130)
	at org.hibernate.tool.schema.internal.AbstractSchemaMigrator.doMigration(AbstractSchemaMigrator.java:92)
	at org.hibernate.tool.schema.spi.SchemaManagementToolCoordinator.performDatabaseAction(SchemaManagementToolCoordinator.java:176)
	at org.hibernate.tool.schema.spi.SchemaManagementToolCoordinator.process(SchemaManagementToolCoordinator.java:65)
	at org.hibernate.internal.SessionFactoryImpl.<init>(SessionFactoryImpl.java:459)
	at org.hibernate.boot.internal.SessionFactoryBuilderImpl.build(SessionFactoryBuilderImpl.java:465)
	at org.hibernate.cfg.Configuration.buildSessionFactory(Configuration.java:711)
	at org.hibernate.cfg.Configuration.buildSessionFactory(Configuration.java:727)
	at org.springframework.orm.hibernate5.LocalSessionFactoryBean.buildSessionFactory(LocalSessionFactoryBean.java:615)
	at org.springframework.orm.hibernate5.LocalSessionFactoryBean.afterPropertiesSet(LocalSessionFactoryBean.java:599)
	at org.springframework.beans.factory.support.AbstractAutowireCapableBeanFactory.invokeInitMethods(AbstractAutowireCapableBeanFactory.java:1837)
	at org.springframework.beans.factory.support.AbstractAutowireCapableBeanFactory.initializeBean(AbstractAutowireCapableBeanFactory.java:1774)
	... 68 common frames omitted
Caused by: java.sql.SQLTransientConnectionException: java.net.ConnectException: Połączenie odrzucone (Connection refused)
	at org.hsqldb.jdbc.JDBCUtil.sqlException(Unknown Source)
	at org.hsqldb.jdbc.JDBCUtil.sqlException(Unknown Source)
	at org.hsqldb.jdbc.JDBCConnection.<init>(Unknown Source)
	at org.hsqldb.jdbc.JDBCDriver.getConnection(Unknown Source)
	at org.hsqldb.jdbc.JDBCDriver.connect(Unknown Source)
	at java.sql/java.sql.DriverManager.getConnection(DriverManager.java:677)
	at java.sql/java.sql.DriverManager.getConnection(DriverManager.java:189)
	at org.springframework.jdbc.datasource.DriverManagerDataSource.getConnectionFromDriverManager(DriverManagerDataSource.java:154)
	at org.springframework.jdbc.datasource.DriverManagerDataSource.getConnectionFromDriver(DriverManagerDataSource.java:145)
	at org.springframework.jdbc.datasource.AbstractDriverBasedDataSource.getConnectionFromDriver(AbstractDriverBasedDataSource.java:205)
	at org.springframework.jdbc.datasource.AbstractDriverBasedDataSource.getConnection(AbstractDriverBasedDataSource.java:169)
	at org.hibernate.engine.jdbc.connections.internal.DatasourceConnectionProviderImpl.getConnection(DatasourceConnectionProviderImpl.java:122)
	at org.hibernate.engine.jdbc.env.internal.JdbcEnvironmentInitiator$ConnectionProviderJdbcConnectionAccess.obtainConnection(JdbcEnvironmentInitiator.java:180)
	at org.hibernate.resource.transaction.backend.jdbc.internal.DdlTransactionIsolatorNonJtaImpl.getIsolatedConnection(DdlTransactionIsolatorNonJtaImpl.java:43)
	... 84 common frames omitted
Caused by: org.hsqldb.HsqlException: java.net.ConnectException: Połączenie odrzucone (Connection refused)
	at org.hsqldb.ClientConnection.openConnection(Unknown Source)
	at org.hsqldb.ClientConnection.initConnection(Unknown Source)
	at org.hsqldb.ClientConnection.<init>(Unknown Source)
	... 96 common frames omitted
Caused by: java.net.ConnectException: Połączenie odrzucone (Connection refused)
	at java.base/java.net.PlainSocketImpl.socketConnect(Native Method)
	at java.base/java.net.AbstractPlainSocketImpl.doConnect(AbstractPlainSocketImpl.java:399)
	at java.base/java.net.AbstractPlainSocketImpl.connectToAddress(AbstractPlainSocketImpl.java:242)
	at java.base/java.net.AbstractPlainSocketImpl.connect(AbstractPlainSocketImpl.java:224)
	at java.base/java.net.SocksSocketImpl.connect(SocksSocketImpl.java:403)
	at java.base/java.net.Socket.connect(Socket.java:591)
	at java.base/java.net.Socket.connect(Socket.java:540)
	at java.base/java.net.Socket.<init>(Socket.java:436)
	at java.base/java.net.Socket.<init>(Socket.java:213)
	at org.hsqldb.server.HsqlSocketFactory.createSocket(Unknown Source)
	... 99 common frames omitted
]]></system-out>
  </testcase>
  <testcase name="getAllPlayersTest" classname="tau.mmo.service.PlayerManagerTest" time="0.001">
    <error message="Failed to load ApplicationContext" type="java.lang.IllegalStateException">java.lang.IllegalStateException: Failed to load ApplicationContext
Caused by: org.springframework.beans.factory.UnsatisfiedDependencyException: Error creating bean with name 'playerController': Unsatisfied dependency expressed through field 'playerManager'; nested exception is org.springframework.beans.factory.UnsatisfiedDependencyException: Error creating bean with name 'playerManagerHibernateImpl': Unsatisfied dependency expressed through field 'sessionFactory'; nested exception is org.springframework.beans.factory.BeanCreationException: Error creating bean with name 'hibernateSessionFactory' defined in class path resource [beans.xml]: Invocation of init method failed; nested exception is org.hibernate.exception.JDBCConnectionException: Unable to open JDBC Connection for DDL execution
Caused by: org.springframework.beans.factory.UnsatisfiedDependencyException: Error creating bean with name 'playerManagerHibernateImpl': Unsatisfied dependency expressed through field 'sessionFactory'; nested exception is org.springframework.beans.factory.BeanCreationException: Error creating bean with name 'hibernateSessionFactory' defined in class path resource [beans.xml]: Invocation of init method failed; nested exception is org.hibernate.exception.JDBCConnectionException: Unable to open JDBC Connection for DDL execution
Caused by: org.springframework.beans.factory.BeanCreationException: Error creating bean with name 'hibernateSessionFactory' defined in class path resource [beans.xml]: Invocation of init method failed; nested exception is org.hibernate.exception.JDBCConnectionException: Unable to open JDBC Connection for DDL execution
Caused by: org.hibernate.exception.JDBCConnectionException: Unable to open JDBC Connection for DDL execution
Caused by: java.sql.SQLTransientConnectionException: java.net.ConnectException: Połączenie odrzucone (Connection refused)
Caused by: org.hsqldb.HsqlException: java.net.ConnectException: Połączenie odrzucone (Connection refused)
Caused by: java.net.ConnectException: Połączenie odrzucone (Connection refused)
</error>
    <system-out><![CDATA[19:40:30.288 [main] DEBUG org.springframework.test.annotation.ProfileValueUtils - Retrieved @ProfileValueSourceConfiguration [null] for test class [tau.mmo.service.PlayerManagerTest]
19:40:30.288 [main] DEBUG org.springframework.test.annotation.ProfileValueUtils - Retrieved ProfileValueSource type [class org.springframework.test.annotation.SystemProfileValueSource] for class [tau.mmo.service.PlayerManagerTest]
19:40:30.288 [main] DEBUG org.springframework.test.context.support.DependencyInjectionTestExecutionListener - Performing dependency injection for test context [[DefaultTestContext@7ed7259e testClass = PlayerManagerTest, testInstance = tau.mmo.service.PlayerManagerTest@3820cfe, testMethod = [null], testException = [null], mergedContextConfiguration = [MergedContextConfiguration@28eaa59a testClass = PlayerManagerTest, locations = '{classpath:/beans.xml}', classes = '{}', contextInitializerClasses = '[]', activeProfiles = '{}', propertySourceLocations = '{}', propertySourceProperties = '{}', contextCustomizers = set[org.springframework.boot.test.context.filter.ExcludeFilterContextCustomizer@6b4a4e18, org.springframework.boot.test.json.DuplicateJsonObjectContextCustomizerFactory$DuplicateJsonObjectContextCustomizer@402e37bc, org.springframework.boot.test.mock.mockito.MockitoContextCustomizer@0, org.springframework.boot.test.autoconfigure.properties.PropertyMappingContextCustomizer@0, org.springframework.boot.test.autoconfigure.web.servlet.WebDriverContextCustomizerFactory$Customizer@6973bf95], contextLoader = 'org.springframework.test.context.support.DelegatingSmartContextLoader', parent = [null]], attributes = map[[empty]]]].
19:40:30.288 [main] DEBUG org.springframework.test.context.support.AbstractDelegatingSmartContextLoader - Delegating to GenericXmlContextLoader to load context from [MergedContextConfiguration@28eaa59a testClass = PlayerManagerTest, locations = '{classpath:/beans.xml}', classes = '{}', contextInitializerClasses = '[]', activeProfiles = '{}', propertySourceLocations = '{}', propertySourceProperties = '{}', contextCustomizers = set[org.springframework.boot.test.context.filter.ExcludeFilterContextCustomizer@6b4a4e18, org.springframework.boot.test.json.DuplicateJsonObjectContextCustomizerFactory$DuplicateJsonObjectContextCustomizer@402e37bc, org.springframework.boot.test.mock.mockito.MockitoContextCustomizer@0, org.springframework.boot.test.autoconfigure.properties.PropertyMappingContextCustomizer@0, org.springframework.boot.test.autoconfigure.web.servlet.WebDriverContextCustomizerFactory$Customizer@6973bf95], contextLoader = 'org.springframework.test.context.support.DelegatingSmartContextLoader', parent = [null]].
19:40:30.289 [main] DEBUG org.springframework.test.context.support.AbstractGenericContextLoader - Loading ApplicationContext for merged context configuration [[MergedContextConfiguration@28eaa59a testClass = PlayerManagerTest, locations = '{classpath:/beans.xml}', classes = '{}', contextInitializerClasses = '[]', activeProfiles = '{}', propertySourceLocations = '{}', propertySourceProperties = '{}', contextCustomizers = set[org.springframework.boot.test.context.filter.ExcludeFilterContextCustomizer@6b4a4e18, org.springframework.boot.test.json.DuplicateJsonObjectContextCustomizerFactory$DuplicateJsonObjectContextCustomizer@402e37bc, org.springframework.boot.test.mock.mockito.MockitoContextCustomizer@0, org.springframework.boot.test.autoconfigure.properties.PropertyMappingContextCustomizer@0, org.springframework.boot.test.autoconfigure.web.servlet.WebDriverContextCustomizerFactory$Customizer@6973bf95], contextLoader = 'org.springframework.test.context.support.DelegatingSmartContextLoader', parent = [null]]].
19:40:30.289 [main] DEBUG org.springframework.core.env.StandardEnvironment - Activating profiles []
19:40:30.314 [main] DEBUG org.springframework.context.annotation.ClassPathBeanDefinitionScanner - Identified candidate component class: file [/home/whitewolf/tau/TAU-repozytorium/tau-mmo-jmeter/target/classes/tau/mmo/Application.class]
19:40:30.314 [main] DEBUG org.springframework.context.annotation.ClassPathBeanDefinitionScanner - Identified candidate component class: file [/home/whitewolf/tau/TAU-repozytorium/tau-mmo-jmeter/target/classes/tau/mmo/api/PlayerController.class]
19:40:30.315 [main] DEBUG org.springframework.context.annotation.ClassPathBeanDefinitionScanner - Identified candidate component class: file [/home/whitewolf/tau/TAU-repozytorium/tau-mmo-jmeter/target/classes/tau/mmo/service/PlayerManagerHibernateImpl.class]
19:40:30.317 [main] DEBUG org.springframework.beans.factory.xml.XmlBeanDefinitionReader - Loaded 12 bean definitions from class path resource [beans.xml]
19:40:30.318 [main] DEBUG org.springframework.context.support.GenericApplicationContext - Refreshing org.springframework.context.support.GenericApplicationContext@2407a36c
19:40:30.318 [main] DEBUG org.springframework.beans.factory.support.DefaultListableBeanFactory - Creating shared instance of singleton bean 'org.springframework.context.annotation.internalConfigurationAnnotationProcessor'
19:40:30.322 [main] DEBUG org.springframework.context.annotation.ClassPathBeanDefinitionScanner - Identified candidate component class: file [/home/whitewolf/tau/TAU-repozytorium/tau-mmo-jmeter/target/classes/tau/mmo/api/PlayerController.class]
19:40:30.322 [main] DEBUG org.springframework.context.annotation.ClassPathBeanDefinitionScanner - Identified candidate component class: file [/home/whitewolf/tau/TAU-repozytorium/tau-mmo-jmeter/target/classes/tau/mmo/service/PlayerManagerHibernateImpl.class]
19:40:30.455 [main] DEBUG org.springframework.context.annotation.ClassPathBeanDefinitionScanner - Identified candidate component class: file [/home/whitewolf/tau/TAU-repozytorium/tau-mmo-jmeter/target/classes/tau/mmo/Application.class]
19:40:30.455 [main] DEBUG org.springframework.context.annotation.ClassPathBeanDefinitionScanner - Identified candidate component class: file [/home/whitewolf/tau/TAU-repozytorium/tau-mmo-jmeter/target/classes/tau/mmo/api/PlayerController.class]
19:40:30.455 [main] DEBUG org.springframework.context.annotation.ClassPathBeanDefinitionScanner - Identified candidate component class: file [/home/whitewolf/tau/TAU-repozytorium/tau-mmo-jmeter/target/classes/tau/mmo/service/PlayerManagerHibernateImpl.class]
19:40:30.456 [main] DEBUG org.springframework.beans.factory.xml.XmlBeanDefinitionReader - Loaded 0 bean definitions from class path resource [beans.xml]
19:40:30.457 [main] DEBUG org.springframework.beans.factory.support.DefaultListableBeanFactory - Creating shared instance of singleton bean 'org.springframework.boot.autoconfigure.condition.BeanTypeRegistry'
19:40:30.464 [main] INFO org.springframework.data.repository.config.RepositoryConfigurationDelegate - Bootstrapping Spring Data repositories in DEFAULT mode.
19:40:30.465 [main] DEBUG org.springframework.beans.factory.support.DefaultListableBeanFactory - Creating shared instance of singleton bean 'org.springframework.boot.autoconfigure.AutoConfigurationPackages'
19:40:30.465 [main] DEBUG org.springframework.boot.autoconfigure.AutoConfigurationPackages - @EnableAutoConfiguration was declared on a class in the package 'tau.mmo'. Automatic @Repository and @Entity scanning is enabled.
19:40:30.465 [main] DEBUG org.springframework.data.repository.config.RepositoryConfigurationDelegate - Scanning for repositories in packages tau.mmo.
19:40:30.467 [main] INFO org.springframework.data.repository.config.RepositoryConfigurationDelegate - Finished Spring Data repository scanning in 2ms. Found 0 repository interfaces.
19:40:30.483 [main] DEBUG org.springframework.beans.factory.support.DefaultListableBeanFactory - Creating shared instance of singleton bean 'propertySourcesPlaceholderConfigurer'
19:40:30.483 [main] DEBUG org.springframework.core.env.PropertySourcesPropertyResolver - Found key 'jdbc.driverClassName' in PropertySource 'class path resource [jdbc.properties]' with value of type String
19:40:30.483 [main] DEBUG org.springframework.core.env.PropertySourcesPropertyResolver - Found key 'jdbc.driverClassName' in PropertySource 'environmentProperties' with value of type String
19:40:30.483 [main] DEBUG org.springframework.core.env.PropertySourcesPropertyResolver - Found key 'jdbc.url' in PropertySource 'class path resource [jdbc.properties]' with value of type String
19:40:30.483 [main] DEBUG org.springframework.core.env.PropertySourcesPropertyResolver - Found key 'jdbc.url' in PropertySource 'environmentProperties' with value of type String
19:40:30.484 [main] DEBUG org.springframework.core.env.PropertySourcesPropertyResolver - Found key 'jdbc.username' in PropertySource 'class path resource [jdbc.properties]' with value of type String
19:40:30.484 [main] DEBUG org.springframework.core.env.PropertySourcesPropertyResolver - Found key 'jdbc.username' in PropertySource 'environmentProperties' with value of type String
19:40:30.484 [main] DEBUG org.springframework.core.env.PropertySourcesPropertyResolver - Found key 'jdbc.password' in PropertySource 'class path resource [jdbc.properties]' with value of type String
19:40:30.484 [main] DEBUG org.springframework.core.env.PropertySourcesPropertyResolver - Found key 'jdbc.password' in PropertySource 'environmentProperties' with value of type String
19:40:30.484 [main] DEBUG org.springframework.beans.factory.support.DefaultListableBeanFactory - Creating shared instance of singleton bean 'org.springframework.boot.test.mock.mockito.MockitoPostProcessor'
19:40:30.488 [main] DEBUG org.springframework.beans.factory.support.DefaultListableBeanFactory - Creating shared instance of singleton bean 'emBeanDefinitionRegistrarPostProcessor'
19:40:30.491 [main] DEBUG org.springframework.beans.factory.support.DefaultListableBeanFactory - Creating shared instance of singleton bean 'org.springframework.context.event.internalEventListenerProcessor'
19:40:30.491 [main] DEBUG org.springframework.beans.factory.support.DefaultListableBeanFactory - Creating shared instance of singleton bean 'org.springframework.boot.context.properties.ConfigurationBeanFactoryMetadata'
19:40:30.491 [main] DEBUG org.springframework.beans.factory.support.DefaultListableBeanFactory - Creating shared instance of singleton bean 'org.springframework.context.event.internalEventListenerFactory'
19:40:30.492 [main] DEBUG org.springframework.beans.factory.support.DefaultListableBeanFactory - Creating shared instance of singleton bean 'org.springframework.transaction.config.internalTransactionalEventListenerFactory'
19:40:30.493 [main] DEBUG org.springframework.beans.factory.support.DefaultListableBeanFactory - Creating shared instance of singleton bean 'org.springframework.context.annotation.internalAutowiredAnnotationProcessor'
19:40:30.493 [main] DEBUG org.springframework.beans.factory.support.DefaultListableBeanFactory - Creating shared instance of singleton bean 'org.springframework.context.annotation.internalCommonAnnotationProcessor'
19:40:30.494 [main] DEBUG org.springframework.beans.factory.support.DefaultListableBeanFactory - Creating shared instance of singleton bean 'org.springframework.context.annotation.internalPersistenceAnnotationProcessor'
19:40:30.494 [main] DEBUG org.springframework.beans.factory.support.DefaultListableBeanFactory - Creating shared instance of singleton bean 'org.springframework.boot.test.mock.mockito.MockitoPostProcessor$SpyPostProcessor'
19:40:30.494 [main] DEBUG org.springframework.beans.factory.support.DefaultListableBeanFactory - Creating shared instance of singleton bean 'org.springframework.boot.context.properties.ConfigurationPropertiesBindingPostProcessor'
19:40:30.494 [main] DEBUG org.springframework.beans.factory.support.DefaultListableBeanFactory - Creating shared instance of singleton bean 'methodValidationPostProcessor'
19:40:30.495 [main] DEBUG org.springframework.beans.factory.support.DefaultListableBeanFactory - Autowiring by type from bean name 'methodValidationPostProcessor' via factory method to bean named 'environment'
19:40:30.496 [main] DEBUG org.springframework.beans.factory.support.DefaultListableBeanFactory - Creating shared instance of singleton bean 'org.springframework.aop.config.internalAutoProxyCreator'
19:40:30.497 [main] DEBUG org.springframework.beans.factory.support.DefaultListableBeanFactory - Creating shared instance of singleton bean 'dataSourceInitializerPostProcessor'
19:40:30.498 [main] DEBUG org.springframework.beans.factory.support.DefaultListableBeanFactory - Creating shared instance of singleton bean 'persistenceExceptionTranslationPostProcessor'
19:40:30.499 [main] DEBUG org.springframework.beans.factory.support.DefaultListableBeanFactory - Autowiring by type from bean name 'persistenceExceptionTranslationPostProcessor' via factory method to bean named 'environment'
19:40:30.500 [main] DEBUG org.springframework.beans.factory.support.DefaultListableBeanFactory - Creating shared instance of singleton bean 'application'
19:40:30.501 [main] DEBUG org.springframework.beans.factory.support.DefaultListableBeanFactory - Creating shared instance of singleton bean 'org.springframework.transaction.config.internalTransactionAdvisor'
19:40:30.501 [main] DEBUG org.springframework.beans.factory.support.DefaultListableBeanFactory - Creating shared instance of singleton bean 'org.springframework.transaction.annotation.ProxyTransactionManagementConfiguration'
19:40:30.505 [main] DEBUG org.springframework.beans.factory.support.DefaultListableBeanFactory - Creating shared instance of singleton bean 'transactionAttributeSource'
19:40:30.505 [main] DEBUG org.springframework.beans.factory.support.DefaultListableBeanFactory - Creating shared instance of singleton bean 'transactionInterceptor'
19:40:30.509 [main] DEBUG org.springframework.beans.factory.support.DefaultListableBeanFactory - Creating shared instance of singleton bean 'playerController'
19:40:30.510 [main] DEBUG org.springframework.beans.factory.support.DefaultListableBeanFactory - Creating shared instance of singleton bean 'playerManagerHibernateImpl'
19:40:30.511 [main] DEBUG org.springframework.beans.factory.support.DefaultListableBeanFactory - Creating shared instance of singleton bean 'hibernateSessionFactory'
19:40:30.512 [main] DEBUG org.springframework.beans.factory.support.DefaultListableBeanFactory - Creating shared instance of singleton bean 'dataSource'
19:40:30.513 [main] DEBUG org.springframework.jdbc.datasource.DriverManagerDataSource - Loaded JDBC driver: org.hsqldb.jdbcDriver
19:40:30.515 [main] DEBUG org.springframework.beans.factory.support.DefaultListableBeanFactory - Creating shared instance of singleton bean 'org.springframework.boot.autoconfigure.jdbc.DataSourceInitializerInvoker'
19:40:30.516 [main] DEBUG org.springframework.beans.factory.support.DefaultListableBeanFactory - Creating shared instance of singleton bean 'spring.datasource-org.springframework.boot.autoconfigure.jdbc.DataSourceProperties'
19:40:30.520 [main] DEBUG org.springframework.beans.factory.support.DefaultListableBeanFactory - Autowiring by type from bean name 'org.springframework.boot.autoconfigure.jdbc.DataSourceInitializerInvoker' via constructor to bean named 'spring.datasource-org.springframework.boot.autoconfigure.jdbc.DataSourceProperties'
19:40:30.521 [main] DEBUG org.springframework.beans.factory.support.DefaultListableBeanFactory - Autowiring by type from bean name 'org.springframework.boot.autoconfigure.jdbc.DataSourceInitializerInvoker' via constructor to bean named 'org.springframework.context.support.GenericApplicationContext@2407a36c'
19:40:30.523 [main] DEBUG org.hibernate.integrator.internal.IntegratorServiceImpl - Adding Integrator [org.hibernate.cfg.beanvalidation.BeanValidationIntegrator].
19:40:30.523 [main] DEBUG org.hibernate.integrator.internal.IntegratorServiceImpl - Adding Integrator [org.hibernate.secure.spi.JaccIntegrator].
19:40:30.523 [main] DEBUG org.hibernate.integrator.internal.IntegratorServiceImpl - Adding Integrator [org.hibernate.cache.internal.CollectionCacheInvalidator].
19:40:30.525 [main] DEBUG org.hibernate.cfg.Configuration - Building session factory using internal StandardServiceRegistryBuilder
19:40:30.525 [main] DEBUG org.hibernate.service.spi.ServiceBinding - Overriding existing service binding [org.hibernate.secure.spi.JaccService]
19:40:30.525 [main] DEBUG org.hibernate.cfg.Configuration - Building session factory using provided StandardServiceRegistry
19:40:30.525 [main] DEBUG org.hibernate.cache.internal.RegionFactoryInitiator - Cache region factory : org.hibernate.cache.internal.NoCachingRegionFactory
19:40:30.526 [main] DEBUG org.hibernate.type.BasicTypeRegistry - Adding type registration boolean -> org.hibernate.type.BooleanType@57a2ed35
19:40:30.526 [main] DEBUG org.hibernate.type.BasicTypeRegistry - Adding type registration boolean -> org.hibernate.type.BooleanType@57a2ed35
19:40:30.526 [main] DEBUG org.hibernate.type.BasicTypeRegistry - Adding type registration java.lang.Boolean -> org.hibernate.type.BooleanType@57a2ed35
19:40:30.526 [main] DEBUG org.hibernate.type.BasicTypeRegistry - Adding type registration numeric_boolean -> org.hibernate.type.NumericBooleanType@184fb68d
19:40:30.526 [main] DEBUG org.hibernate.type.BasicTypeRegistry - Adding type registration true_false -> org.hibernate.type.TrueFalseType@205bed61
19:40:30.526 [main] DEBUG org.hibernate.type.BasicTypeRegistry - Adding type registration yes_no -> org.hibernate.type.YesNoType@7c2b58c0
19:40:30.526 [main] DEBUG org.hibernate.type.BasicTypeRegistry - Adding type registration byte -> org.hibernate.type.ByteType@aa149ed
19:40:30.526 [main] DEBUG org.hibernate.type.BasicTypeRegistry - Adding type registration byte -> org.hibernate.type.ByteType@aa149ed
19:40:30.526 [main] DEBUG org.hibernate.type.BasicTypeRegistry - Adding type registration java.lang.Byte -> org.hibernate.type.ByteType@aa149ed
19:40:30.526 [main] DEBUG org.hibernate.type.BasicTypeRegistry - Adding type registration character -> org.hibernate.type.CharacterType@8ee0c23
19:40:30.526 [main] DEBUG org.hibernate.type.BasicTypeRegistry - Adding type registration char -> org.hibernate.type.CharacterType@8ee0c23
19:40:30.526 [main] DEBUG org.hibernate.type.BasicTypeRegistry - Adding type registration java.lang.Character -> org.hibernate.type.CharacterType@8ee0c23
19:40:30.526 [main] DEBUG org.hibernate.type.BasicTypeRegistry - Adding type registration short -> org.hibernate.type.ShortType@173797f0
19:40:30.526 [main] DEBUG org.hibernate.type.BasicTypeRegistry - Adding type registration short -> org.hibernate.type.ShortType@173797f0
19:40:30.526 [main] DEBUG org.hibernate.type.BasicTypeRegistry - Adding type registration java.lang.Short -> org.hibernate.type.ShortType@173797f0
19:40:30.526 [main] DEBUG org.hibernate.type.BasicTypeRegistry - Adding type registration integer -> org.hibernate.type.IntegerType@33d53216
19:40:30.526 [main] DEBUG org.hibernate.type.BasicTypeRegistry - Adding type registration int -> org.hibernate.type.IntegerType@33d53216
19:40:30.526 [main] DEBUG org.hibernate.type.BasicTypeRegistry - Adding type registration java.lang.Integer -> org.hibernate.type.IntegerType@33d53216
19:40:30.526 [main] DEBUG org.hibernate.type.BasicTypeRegistry - Adding type registration long -> org.hibernate.type.LongType@3db663d0
19:40:30.526 [main] DEBUG org.hibernate.type.BasicTypeRegistry - Adding type registration long -> org.hibernate.type.LongType@3db663d0
19:40:30.526 [main] DEBUG org.hibernate.type.BasicTypeRegistry - Adding type registration java.lang.Long -> org.hibernate.type.LongType@3db663d0
19:40:30.526 [main] DEBUG org.hibernate.type.BasicTypeRegistry - Adding type registration float -> org.hibernate.type.FloatType@3b9632d1
19:40:30.526 [main] DEBUG org.hibernate.type.BasicTypeRegistry - Adding type registration float -> org.hibernate.type.FloatType@3b9632d1
19:40:30.526 [main] DEBUG org.hibernate.type.BasicTypeRegistry - Adding type registration java.lang.Float -> org.hibernate.type.FloatType@3b9632d1
19:40:30.526 [main] DEBUG org.hibernate.type.BasicTypeRegistry - Adding type registration double -> org.hibernate.type.DoubleType@75fc1992
19:40:30.526 [main] DEBUG org.hibernate.type.BasicTypeRegistry - Adding type registration double -> org.hibernate.type.DoubleType@75fc1992
19:40:30.526 [main] DEBUG org.hibernate.type.BasicTypeRegistry - Adding type registration java.lang.Double -> org.hibernate.type.DoubleType@75fc1992
19:40:30.526 [main] DEBUG org.hibernate.type.BasicTypeRegistry - Adding type registration big_decimal -> org.hibernate.type.BigDecimalType@27a2a089
19:40:30.526 [main] DEBUG org.hibernate.type.BasicTypeRegistry - Adding type registration java.math.BigDecimal -> org.hibernate.type.BigDecimalType@27a2a089
19:40:30.526 [main] DEBUG org.hibernate.type.BasicTypeRegistry - Adding type registration big_integer -> org.hibernate.type.BigIntegerType@5ac6c4f2
19:40:30.526 [main] DEBUG org.hibernate.type.BasicTypeRegistry - Adding type registration java.math.BigInteger -> org.hibernate.type.BigIntegerType@5ac6c4f2
19:40:30.526 [main] DEBUG org.hibernate.type.BasicTypeRegistry - Adding type registration string -> org.hibernate.type.StringType@78525ef9
19:40:30.526 [main] DEBUG org.hibernate.type.BasicTypeRegistry - Adding type registration java.lang.String -> org.hibernate.type.StringType@78525ef9
19:40:30.526 [main] DEBUG org.hibernate.type.BasicTypeRegistry - Adding type registration nstring -> org.hibernate.type.StringNVarcharType@350a94ce
19:40:30.526 [main] DEBUG org.hibernate.type.BasicTypeRegistry - Adding type registration ncharacter -> org.hibernate.type.CharacterNCharType@5fbdc49b
19:40:30.526 [main] DEBUG org.hibernate.type.BasicTypeRegistry - Adding type registration url -> org.hibernate.type.UrlType@285f38f6
19:40:30.526 [main] DEBUG org.hibernate.type.BasicTypeRegistry - Adding type registration java.net.URL -> org.hibernate.type.UrlType@285f38f6
19:40:30.526 [main] DEBUG org.hibernate.type.BasicTypeRegistry - Adding type registration date -> org.hibernate.type.DateType@21ac5eb4
19:40:30.526 [main] DEBUG org.hibernate.type.BasicTypeRegistry - Adding type registration java.sql.Date -> org.hibernate.type.DateType@21ac5eb4
19:40:30.526 [main] DEBUG org.hibernate.type.BasicTypeRegistry - Adding type registration time -> org.hibernate.type.TimeType@1d540566
19:40:30.526 [main] DEBUG org.hibernate.type.BasicTypeRegistry - Adding type registration java.sql.Time -> org.hibernate.type.TimeType@1d540566
19:40:30.526 [main] DEBUG org.hibernate.type.BasicTypeRegistry - Adding type registration timestamp -> org.hibernate.type.TimestampType@5c1f6d57
19:40:30.526 [main] DEBUG org.hibernate.type.BasicTypeRegistry - Adding type registration java.sql.Timestamp -> org.hibernate.type.TimestampType@5c1f6d57
19:40:30.527 [main] DEBUG org.hibernate.type.BasicTypeRegistry - Adding type registration java.util.Date -> org.hibernate.type.TimestampType@5c1f6d57
19:40:30.527 [main] DEBUG org.hibernate.type.BasicTypeRegistry - Adding type registration dbtimestamp -> org.hibernate.type.DbTimestampType@5cb5bb88
19:40:30.527 [main] DEBUG org.hibernate.type.BasicTypeRegistry - Adding type registration calendar -> org.hibernate.type.CalendarType@20e3c449
19:40:30.527 [main] DEBUG org.hibernate.type.BasicTypeRegistry - Adding type registration java.util.Calendar -> org.hibernate.type.CalendarType@20e3c449
19:40:30.527 [main] DEBUG org.hibernate.type.BasicTypeRegistry - Adding type registration java.util.GregorianCalendar -> org.hibernate.type.CalendarType@20e3c449
19:40:30.527 [main] DEBUG org.hibernate.type.BasicTypeRegistry - Adding type registration calendar_date -> org.hibernate.type.CalendarDateType@2dd8239
19:40:30.527 [main] DEBUG org.hibernate.type.BasicTypeRegistry - Adding type registration locale -> org.hibernate.type.LocaleType@3f92a84e
19:40:30.527 [main] DEBUG org.hibernate.type.BasicTypeRegistry - Adding type registration java.util.Locale -> org.hibernate.type.LocaleType@3f92a84e
19:40:30.527 [main] DEBUG org.hibernate.type.BasicTypeRegistry - Adding type registration currency -> org.hibernate.type.CurrencyType@5fcfca62
19:40:30.527 [main] DEBUG org.hibernate.type.BasicTypeRegistry - Adding type registration java.util.Currency -> org.hibernate.type.CurrencyType@5fcfca62
19:40:30.527 [main] DEBUG org.hibernate.type.BasicTypeRegistry - Adding type registration timezone -> org.hibernate.type.TimeZoneType@5b051a5c
19:40:30.527 [main] DEBUG org.hibernate.type.BasicTypeRegistry - Adding type registration java.util.TimeZone -> org.hibernate.type.TimeZoneType@5b051a5c
19:40:30.527 [main] DEBUG org.hibernate.type.BasicTypeRegistry - Adding type registration class -> org.hibernate.type.ClassType@10641c09
19:40:30.527 [main] DEBUG org.hibernate.type.BasicTypeRegistry - Adding type registration java.lang.Class -> org.hibernate.type.ClassType@10641c09
19:40:30.527 [main] DEBUG org.hibernate.type.BasicTypeRegistry - Adding type registration uuid-binary -> org.hibernate.type.UUIDBinaryType@12968227
19:40:30.527 [main] DEBUG org.hibernate.type.BasicTypeRegistry - Adding type registration java.util.UUID -> org.hibernate.type.UUIDBinaryType@12968227
19:40:30.527 [main] DEBUG org.hibernate.type.BasicTypeRegistry - Adding type registration uuid-char -> org.hibernate.type.UUIDCharType@48eb9836
19:40:30.527 [main] DEBUG org.hibernate.type.BasicTypeRegistry - Adding type registration binary -> org.hibernate.type.BinaryType@9e2ad91
19:40:30.527 [main] DEBUG org.hibernate.type.BasicTypeRegistry - Adding type registration byte[] -> org.hibernate.type.BinaryType@9e2ad91
19:40:30.527 [main] DEBUG org.hibernate.type.BasicTypeRegistry - Adding type registration [B -> org.hibernate.type.BinaryType@9e2ad91
19:40:30.527 [main] DEBUG org.hibernate.type.BasicTypeRegistry - Adding type registration wrapper-binary -> org.hibernate.type.WrapperBinaryType@74dbb1ee
19:40:30.527 [main] DEBUG org.hibernate.type.BasicTypeRegistry - Adding type registration Byte[] -> org.hibernate.type.WrapperBinaryType@74dbb1ee
19:40:30.527 [main] DEBUG org.hibernate.type.BasicTypeRegistry - Adding type registration [Ljava.lang.Byte; -> org.hibernate.type.WrapperBinaryType@74dbb1ee
19:40:30.527 [main] DEBUG org.hibernate.type.BasicTypeRegistry - Adding type registration row_version -> org.hibernate.type.RowVersionType@618ad2aa
19:40:30.527 [main] DEBUG org.hibernate.type.BasicTypeRegistry - Adding type registration image -> org.hibernate.type.ImageType@59e43e8c
19:40:30.527 [main] DEBUG org.hibernate.type.BasicTypeRegistry - Adding type registration characters -> org.hibernate.type.CharArrayType@3f049056
19:40:30.527 [main] DEBUG org.hibernate.type.BasicTypeRegistry - Adding type registration char[] -> org.hibernate.type.CharArrayType@3f049056
19:40:30.527 [main] DEBUG org.hibernate.type.BasicTypeRegistry - Adding type registration [C -> org.hibernate.type.CharArrayType@3f049056
19:40:30.527 [main] DEBUG org.hibernate.type.BasicTypeRegistry - Adding type registration wrapper-characters -> org.hibernate.type.CharacterArrayType@4c2fb9dd
19:40:30.527 [main] DEBUG org.hibernate.type.BasicTypeRegistry - Adding type registration [Ljava.lang.Character; -> org.hibernate.type.CharacterArrayType@4c2fb9dd
19:40:30.527 [main] DEBUG org.hibernate.type.BasicTypeRegistry - Adding type registration Character[] -> org.hibernate.type.CharacterArrayType@4c2fb9dd
19:40:30.527 [main] DEBUG org.hibernate.type.BasicTypeRegistry - Adding type registration text -> org.hibernate.type.TextType@41522537
19:40:30.527 [main] DEBUG org.hibernate.type.BasicTypeRegistry - Adding type registration ntext -> org.hibernate.type.NTextType@42c28305
19:40:30.527 [main] DEBUG org.hibernate.type.BasicTypeRegistry - Adding type registration blob -> org.hibernate.type.BlobType@ef1695a
19:40:30.527 [main] DEBUG org.hibernate.type.BasicTypeRegistry - Adding type registration java.sql.Blob -> org.hibernate.type.BlobType@ef1695a
19:40:30.527 [main] DEBUG org.hibernate.type.BasicTypeRegistry - Adding type registration materialized_blob -> org.hibernate.type.MaterializedBlobType@7139bd31
19:40:30.527 [main] DEBUG org.hibernate.type.BasicTypeRegistry - Adding type registration clob -> org.hibernate.type.ClobType@75361cf6
19:40:30.527 [main] DEBUG org.hibernate.type.BasicTypeRegistry - Adding type registration java.sql.Clob -> org.hibernate.type.ClobType@75361cf6
19:40:30.527 [main] DEBUG org.hibernate.type.BasicTypeRegistry - Adding type registration nclob -> org.hibernate.type.NClobType@102efc59
19:40:30.527 [main] DEBUG org.hibernate.type.BasicTypeRegistry - Adding type registration java.sql.NClob -> org.hibernate.type.NClobType@102efc59
19:40:30.527 [main] DEBUG org.hibernate.type.BasicTypeRegistry - Adding type registration materialized_clob -> org.hibernate.type.MaterializedClobType@75fa1be3
19:40:30.527 [main] DEBUG org.hibernate.type.BasicTypeRegistry - Adding type registration materialized_nclob -> org.hibernate.type.MaterializedNClobType@3ce53f6a
19:40:30.527 [main] DEBUG org.hibernate.type.BasicTypeRegistry - Adding type registration serializable -> org.hibernate.type.SerializableType@1daf3b44
19:40:30.527 [main] DEBUG org.hibernate.type.BasicTypeRegistry - Adding type registration object -> org.hibernate.type.ObjectType@4cb40e3b
19:40:30.527 [main] DEBUG org.hibernate.type.BasicTypeRegistry - Adding type registration java.lang.Object -> org.hibernate.type.ObjectType@4cb40e3b
19:40:30.527 [main] DEBUG org.hibernate.type.BasicTypeRegistry - Adding type registration imm_date -> org.hibernate.type.AdaptedImmutableType@410fc508
19:40:30.527 [main] DEBUG org.hibernate.type.BasicTypeRegistry - Adding type registration imm_time -> org.hibernate.type.AdaptedImmutableType@4e17442f
19:40:30.527 [main] DEBUG org.hibernate.type.BasicTypeRegistry - Adding type registration imm_timestamp -> org.hibernate.type.AdaptedImmutableType@4f5c30b1
19:40:30.527 [main] DEBUG org.hibernate.type.BasicTypeRegistry - Adding type registration imm_dbtimestamp -> org.hibernate.type.AdaptedImmutableType@62e73ab6
19:40:30.527 [main] DEBUG org.hibernate.type.BasicTypeRegistry - Adding type registration imm_calendar -> org.hibernate.type.AdaptedImmutableType@5d7f8467
19:40:30.527 [main] DEBUG org.hibernate.type.BasicTypeRegistry - Adding type registration imm_calendar_date -> org.hibernate.type.AdaptedImmutableType@29bd85db
19:40:30.527 [main] DEBUG org.hibernate.type.BasicTypeRegistry - Adding type registration imm_binary -> org.hibernate.type.AdaptedImmutableType@7caf1e5
19:40:30.527 [main] DEBUG org.hibernate.type.BasicTypeRegistry - Adding type registration imm_serializable -> org.hibernate.type.AdaptedImmutableType@5c234920
19:40:30.527 [main] DEBUG org.springframework.jdbc.datasource.DriverManagerDataSource - Creating new JDBC DriverManager Connection to [jdbc:hsqldb:hsql://localhost/workdb]
19:40:30.528 [main] WARN org.hibernate.engine.jdbc.env.internal.JdbcEnvironmentInitiator - HHH000342: Could not obtain connection to query metadata : java.net.ConnectException: Połączenie odrzucone (Connection refused)
19:40:30.528 [main] INFO org.hibernate.dialect.Dialect - HHH000400: Using dialect: org.hibernate.dialect.HSQLDialect
19:40:30.528 [main] DEBUG org.hibernate.engine.jdbc.env.spi.IdentifierHelperBuilder - IdentifierCaseStrategy for both quoted and unquoted identifiers was set to the same strategy [MIXED]; that will likely lead to problems in schema update and validation if using quoted identifiers
19:40:30.529 [main] INFO org.hibernate.engine.jdbc.env.internal.LobCreatorBuilderImpl - HHH000422: Disabling contextual LOB creation as connection was null
19:40:30.529 [main] DEBUG org.hibernate.id.factory.internal.DefaultIdentifierGeneratorFactory - Registering IdentifierGenerator strategy [uuid2] -> [org.hibernate.id.UUIDGenerator]
19:40:30.529 [main] DEBUG org.hibernate.id.factory.internal.DefaultIdentifierGeneratorFactory - Registering IdentifierGenerator strategy [guid] -> [org.hibernate.id.GUIDGenerator]
19:40:30.529 [main] DEBUG org.hibernate.id.factory.internal.DefaultIdentifierGeneratorFactory - Registering IdentifierGenerator strategy [uuid] -> [org.hibernate.id.UUIDHexGenerator]
19:40:30.529 [main] DEBUG org.hibernate.id.factory.internal.DefaultIdentifierGeneratorFactory - Registering IdentifierGenerator strategy [uuid.hex] -> [org.hibernate.id.UUIDHexGenerator]
19:40:30.529 [main] DEBUG org.hibernate.id.factory.internal.DefaultIdentifierGeneratorFactory - Registering IdentifierGenerator strategy [assigned] -> [org.hibernate.id.Assigned]
19:40:30.529 [main] DEBUG org.hibernate.id.factory.internal.DefaultIdentifierGeneratorFactory - Registering IdentifierGenerator strategy [identity] -> [org.hibernate.id.IdentityGenerator]
19:40:30.529 [main] DEBUG org.hibernate.id.factory.internal.DefaultIdentifierGeneratorFactory - Registering IdentifierGenerator strategy [select] -> [org.hibernate.id.SelectGenerator]
19:40:30.529 [main] DEBUG org.hibernate.id.factory.internal.DefaultIdentifierGeneratorFactory - Registering IdentifierGenerator strategy [sequence] -> [org.hibernate.id.enhanced.SequenceStyleGenerator]
19:40:30.529 [main] DEBUG org.hibernate.id.factory.internal.DefaultIdentifierGeneratorFactory - Registering IdentifierGenerator strategy [seqhilo] -> [org.hibernate.id.SequenceHiLoGenerator]
19:40:30.529 [main] DEBUG org.hibernate.id.factory.internal.DefaultIdentifierGeneratorFactory - Registering IdentifierGenerator strategy [increment] -> [org.hibernate.id.IncrementGenerator]
19:40:30.529 [main] DEBUG org.hibernate.id.factory.internal.DefaultIdentifierGeneratorFactory - Registering IdentifierGenerator strategy [foreign] -> [org.hibernate.id.ForeignGenerator]
19:40:30.529 [main] DEBUG org.hibernate.id.factory.internal.DefaultIdentifierGeneratorFactory - Registering IdentifierGenerator strategy [sequence-identity] -> [org.hibernate.id.SequenceIdentityGenerator]
19:40:30.529 [main] DEBUG org.hibernate.id.factory.internal.DefaultIdentifierGeneratorFactory - Registering IdentifierGenerator strategy [enhanced-sequence] -> [org.hibernate.id.enhanced.SequenceStyleGenerator]
19:40:30.529 [main] DEBUG org.hibernate.id.factory.internal.DefaultIdentifierGeneratorFactory - Registering IdentifierGenerator strategy [enhanced-table] -> [org.hibernate.id.enhanced.TableGenerator]
19:40:30.529 [main] DEBUG org.hibernate.boot.model.relational.Namespace - Created database namespace [logicalName=Name{catalog=null, schema=null}, physicalName=Name{catalog=null, schema=null}]
19:40:30.529 [main] DEBUG org.hibernate.cfg.AnnotationBinder - Binding entity from annotated class: tau.mmo.domain.Item
19:40:30.529 [main] DEBUG org.hibernate.cfg.annotations.QueryBinder - Binding named query: item.all => Select p from Item p
19:40:30.529 [main] DEBUG org.hibernate.cfg.annotations.QueryBinder - Binding named query: item.allForPlayer => Select p from Item p where player_id = :id
19:40:30.529 [main] DEBUG org.hibernate.cfg.Ejb3Column - Binding column: Ejb3DiscriminatorColumn{logicalColumnName'DTYPE', discriminatorTypeName='string'}
19:40:30.530 [main] DEBUG org.hibernate.cfg.annotations.EntityBinder - Import with entity name Item
19:40:30.530 [main] DEBUG org.hibernate.cfg.annotations.EntityBinder - Bind entity tau.mmo.domain.Item on table item
19:40:30.530 [main] DEBUG org.hibernate.cfg.Ejb3Column - Binding column: Ejb3Column{table=org.hibernate.mapping.Table(item), mappingColumn=id, insertable=true, updatable=true, unique=false}
19:40:30.530 [main] DEBUG org.hibernate.cfg.annotations.PropertyBinder - MetadataSourceProcessor property id with lazy=false
19:40:30.530 [main] DEBUG org.hibernate.cfg.AbstractPropertyHolder - Attempting to locate auto-apply AttributeConverter for property [tau.mmo.domain.Item:id]
19:40:30.530 [main] DEBUG org.hibernate.cfg.annotations.SimpleValueBinder - building SimpleValue for id
19:40:30.530 [main] DEBUG org.hibernate.cfg.annotations.PropertyBinder - Building property id
19:40:30.530 [main] DEBUG org.hibernate.cfg.Ejb3Column - Binding column: Ejb3Column{table=org.hibernate.mapping.Table(item), mappingColumn=itemclass, insertable=true, updatable=true, unique=false}
19:40:30.530 [main] DEBUG org.hibernate.cfg.annotations.PropertyBinder - MetadataSourceProcessor property itemclass with lazy=false
19:40:30.530 [main] DEBUG org.hibernate.cfg.AbstractPropertyHolder - Attempting to locate auto-apply AttributeConverter for property [tau.mmo.domain.Item:itemclass]
19:40:30.530 [main] DEBUG org.hibernate.cfg.annotations.SimpleValueBinder - building SimpleValue for itemclass
19:40:30.530 [main] DEBUG org.hibernate.cfg.annotations.PropertyBinder - Building property itemclass
19:40:30.530 [main] DEBUG org.hibernate.cfg.Ejb3Column - Binding column: Ejb3Column{table=org.hibernate.mapping.Table(item), mappingColumn=levelreq, insertable=true, updatable=true, unique=false}
19:40:30.530 [main] DEBUG org.hibernate.cfg.annotations.PropertyBinder - MetadataSourceProcessor property levelreq with lazy=false
19:40:30.531 [main] DEBUG org.hibernate.cfg.AbstractPropertyHolder - Attempting to locate auto-apply AttributeConverter for property [tau.mmo.domain.Item:levelreq]
19:40:30.531 [main] DEBUG org.hibernate.cfg.annotations.SimpleValueBinder - building SimpleValue for levelreq
19:40:30.531 [main] DEBUG org.hibernate.cfg.annotations.PropertyBinder - Building property levelreq
19:40:30.531 [main] DEBUG org.hibernate.cfg.Ejb3Column - Binding column: Ejb3Column{table=org.hibernate.mapping.Table(item), mappingColumn=name, insertable=true, updatable=true, unique=false}
19:40:30.531 [main] DEBUG org.hibernate.cfg.annotations.PropertyBinder - MetadataSourceProcessor property name with lazy=false
19:40:30.531 [main] DEBUG org.hibernate.cfg.AbstractPropertyHolder - Attempting to locate auto-apply AttributeConverter for property [tau.mmo.domain.Item:name]
19:40:30.531 [main] DEBUG org.hibernate.cfg.annotations.SimpleValueBinder - building SimpleValue for name
19:40:30.531 [main] DEBUG org.hibernate.cfg.annotations.PropertyBinder - Building property name
19:40:30.531 [main] DEBUG org.hibernate.cfg.Ejb3Column - Binding column: Ejb3JoinColumn{logicalColumnName='player_id', referencedColumn='', mappedBy=''}
19:40:30.531 [main] DEBUG org.hibernate.cfg.Ejb3Column - Binding column: Ejb3Column{table=org.hibernate.mapping.Table(item), mappingColumn=player, insertable=true, updatable=true, unique=false}
19:40:30.531 [main] DEBUG org.hibernate.cfg.annotations.PropertyBinder - Building property player
19:40:30.531 [main] DEBUG org.hibernate.cfg.AnnotationBinder - Binding entity from annotated class: tau.mmo.domain.Player
19:40:30.531 [main] DEBUG org.hibernate.cfg.annotations.QueryBinder - Binding named query: player.all => Select p from Player p
19:40:30.531 [main] DEBUG org.hibernate.cfg.annotations.QueryBinder - Binding named query: player.findPlayers => Select c from Player c where c.name like :nameFragment
19:40:30.531 [main] DEBUG org.hibernate.cfg.Ejb3Column - Binding column: Ejb3DiscriminatorColumn{logicalColumnName'DTYPE', discriminatorTypeName='string'}
19:40:30.531 [main] DEBUG org.hibernate.cfg.annotations.EntityBinder - Import with entity name Player
19:40:30.531 [main] DEBUG org.hibernate.cfg.annotations.EntityBinder - Bind entity tau.mmo.domain.Player on table player
19:40:30.532 [main] DEBUG org.hibernate.cfg.Ejb3Column - Binding column: Ejb3Column{table=org.hibernate.mapping.Table(player), mappingColumn=id, insertable=true, updatable=true, unique=false}
19:40:30.532 [main] DEBUG org.hibernate.cfg.annotations.PropertyBinder - MetadataSourceProcessor property id with lazy=false
19:40:30.532 [main] DEBUG org.hibernate.cfg.AbstractPropertyHolder - Attempting to locate auto-apply AttributeConverter for property [tau.mmo.domain.Player:id]
19:40:30.532 [main] DEBUG org.hibernate.cfg.annotations.SimpleValueBinder - building SimpleValue for id
19:40:30.532 [main] DEBUG org.hibernate.cfg.annotations.PropertyBinder - Building property id
19:40:30.532 [main] DEBUG org.hibernate.cfg.Ejb3Column - Binding column: Ejb3Column{table=org.hibernate.mapping.Table(player), mappingColumn=heroclass, insertable=true, updatable=true, unique=false}
19:40:30.532 [main] DEBUG org.hibernate.cfg.annotations.PropertyBinder - MetadataSourceProcessor property heroclass with lazy=false
19:40:30.532 [main] DEBUG org.hibernate.cfg.AbstractPropertyHolder - Attempting to locate auto-apply AttributeConverter for property [tau.mmo.domain.Player:heroclass]
19:40:30.532 [main] DEBUG org.hibernate.cfg.annotations.SimpleValueBinder - building SimpleValue for heroclass
19:40:30.532 [main] DEBUG org.hibernate.cfg.annotations.PropertyBinder - Building property heroclass
19:40:30.532 [main] DEBUG org.hibernate.cfg.Ejb3Column - Binding column: Ejb3JoinColumn{logicalColumnName='null', referencedColumn='null', mappedBy='player'}
19:40:30.532 [main] DEBUG org.hibernate.cfg.Ejb3Column - Binding column: Ejb3Column{table=org.hibernate.mapping.Table(player), mappingColumn=items, insertable=true, updatable=true, unique=false}
19:40:30.532 [main] DEBUG org.hibernate.cfg.Ejb3Column - Binding column: Ejb3Column{table=org.hibernate.mapping.Table(player), mappingColumn=null, insertable=true, updatable=true, unique=false}
19:40:30.532 [main] DEBUG org.hibernate.cfg.Ejb3Column - Binding column: Ejb3Column{table=org.hibernate.mapping.Table(player), mappingColumn=element, insertable=true, updatable=true, unique=false}
19:40:30.532 [main] DEBUG org.hibernate.cfg.Ejb3Column - Binding column: Ejb3Column{table=org.hibernate.mapping.Table(player), mappingColumn=items_KEY, insertable=true, updatable=true, unique=false}
19:40:30.532 [main] DEBUG org.hibernate.cfg.Ejb3Column - Binding column: Ejb3JoinColumn{logicalColumnName='items_KEY', referencedColumn='null', mappedBy='null'}
19:40:30.532 [main] DEBUG org.hibernate.cfg.Ejb3Column - Binding column: Ejb3JoinColumn{logicalColumnName='null', referencedColumn='null', mappedBy='player'}
19:40:30.532 [main] DEBUG org.hibernate.cfg.Ejb3Column - Binding column: Ejb3JoinColumn{logicalColumnName='null', referencedColumn='null', mappedBy='player'}
19:40:30.533 [main] DEBUG org.hibernate.cfg.annotations.CollectionBinder - Collection role: tau.mmo.domain.Player.items
19:40:30.533 [main] DEBUG org.hibernate.cfg.annotations.PropertyBinder - Building property items
19:40:30.533 [main] DEBUG org.hibernate.cfg.Ejb3Column - Binding column: Ejb3Column{table=org.hibernate.mapping.Table(player), mappingColumn=level, insertable=true, updatable=true, unique=false}
19:40:30.533 [main] DEBUG org.hibernate.cfg.annotations.PropertyBinder - MetadataSourceProcessor property level with lazy=false
19:40:30.533 [main] DEBUG org.hibernate.cfg.AbstractPropertyHolder - Attempting to locate auto-apply AttributeConverter for property [tau.mmo.domain.Player:level]
19:40:30.533 [main] DEBUG org.hibernate.cfg.annotations.SimpleValueBinder - building SimpleValue for level
19:40:30.533 [main] DEBUG org.hibernate.cfg.annotations.PropertyBinder - Building property level
19:40:30.533 [main] DEBUG org.hibernate.cfg.Ejb3Column - Binding column: Ejb3Column{table=org.hibernate.mapping.Table(player), mappingColumn=name, insertable=true, updatable=true, unique=false}
19:40:30.533 [main] DEBUG org.hibernate.cfg.annotations.PropertyBinder - MetadataSourceProcessor property name with lazy=false
19:40:30.533 [main] DEBUG org.hibernate.cfg.AbstractPropertyHolder - Attempting to locate auto-apply AttributeConverter for property [tau.mmo.domain.Player:name]
19:40:30.533 [main] DEBUG org.hibernate.cfg.annotations.SimpleValueBinder - building SimpleValue for name
19:40:30.533 [main] DEBUG org.hibernate.cfg.annotations.PropertyBinder - Building property name
19:40:30.533 [main] DEBUG org.hibernate.cfg.annotations.SimpleValueBinder - Starting fillSimpleValue for id
19:40:30.533 [main] DEBUG org.hibernate.cfg.annotations.SimpleValueBinder - Starting fillSimpleValue for itemclass
19:40:30.533 [main] DEBUG org.hibernate.cfg.annotations.SimpleValueBinder - Starting fillSimpleValue for levelreq
19:40:30.533 [main] DEBUG org.hibernate.cfg.annotations.SimpleValueBinder - Starting fillSimpleValue for name
19:40:30.533 [main] DEBUG org.hibernate.cfg.annotations.SimpleValueBinder - Starting fillSimpleValue for id
19:40:30.533 [main] DEBUG org.hibernate.cfg.annotations.SimpleValueBinder - Starting fillSimpleValue for heroclass
19:40:30.533 [main] DEBUG org.hibernate.cfg.annotations.SimpleValueBinder - Starting fillSimpleValue for level
19:40:30.533 [main] DEBUG org.hibernate.cfg.annotations.SimpleValueBinder - Starting fillSimpleValue for name
19:40:30.534 [main] DEBUG org.hibernate.mapping.PrimaryKey - Forcing column [id] to be non-null as it is part of the primary key for table [item]
19:40:30.534 [main] DEBUG org.hibernate.mapping.PrimaryKey - Forcing column [id] to be non-null as it is part of the primary key for table [player]
19:40:30.534 [main] DEBUG org.hibernate.cfg.CollectionSecondPass - Second pass for collection: tau.mmo.domain.Player.items
19:40:30.534 [main] DEBUG org.hibernate.cfg.annotations.CollectionBinder - Binding a OneToMany: tau.mmo.domain.Player.items through a foreign key
19:40:30.534 [main] DEBUG org.hibernate.cfg.annotations.CollectionBinder - Mapping collection: tau.mmo.domain.Player.items -> item
19:40:30.534 [main] DEBUG org.hibernate.cfg.annotations.TableBinder - Retrieving property tau.mmo.domain.Item.player
19:40:30.534 [main] DEBUG org.hibernate.cfg.CollectionSecondPass - Mapped collection key: player_id, one-to-many: tau.mmo.domain.Item
19:40:30.534 [main] DEBUG org.hibernate.boot.internal.InFlightMetadataCollectorImpl - Resolving reference to class: tau.mmo.domain.Player
19:40:30.534 [main] DEBUG org.hibernate.boot.internal.InFlightMetadataCollectorImpl - Resolving reference to class: tau.mmo.domain.Player
19:40:30.535 [main] DEBUG org.hibernate.internal.SessionFactoryImpl - Building session factory
19:40:30.535 [main] DEBUG org.hibernate.cfg.Settings - SessionFactory name : null
19:40:30.535 [main] DEBUG org.hibernate.cfg.Settings - Automatic flush during beforeCompletion(): disabled
19:40:30.535 [main] DEBUG org.hibernate.cfg.Settings - Automatic session close at end of transaction: disabled
19:40:30.535 [main] DEBUG org.hibernate.cfg.Settings - Statistics: disabled
19:40:30.535 [main] DEBUG org.hibernate.cfg.Settings - Deleted entity synthetic identifier rollback: disabled
19:40:30.535 [main] DEBUG org.hibernate.cfg.Settings - Default entity-mode: pojo
19:40:30.535 [main] DEBUG org.hibernate.cfg.Settings - Check Nullability in Core (should be disabled when Bean Validation is on): enabled
19:40:30.535 [main] DEBUG org.hibernate.cfg.Settings - Allow initialization of lazy state outside session : disabled
19:40:30.535 [main] DEBUG org.hibernate.cfg.Settings - Using BatchFetchStyle : LEGACY
19:40:30.535 [main] DEBUG org.hibernate.cfg.Settings - Default batch fetch size: -1
19:40:30.535 [main] DEBUG org.hibernate.cfg.Settings - Maximum outer join fetch depth: null
19:40:30.535 [main] DEBUG org.hibernate.cfg.Settings - Default null ordering: NONE
19:40:30.535 [main] DEBUG org.hibernate.cfg.Settings - Order SQL updates by primary key: disabled
19:40:30.535 [main] DEBUG org.hibernate.cfg.Settings - Order SQL inserts for batching: disabled
19:40:30.535 [main] DEBUG org.hibernate.cfg.Settings - multi-tenancy strategy : NONE
19:40:30.535 [main] DEBUG org.hibernate.cfg.Settings - JTA Track by Thread: enabled
19:40:30.535 [main] DEBUG org.hibernate.cfg.Settings - Query language substitutions: {}
19:40:30.535 [main] DEBUG org.hibernate.cfg.Settings - JPA query language strict compliance: disabled
19:40:30.535 [main] DEBUG org.hibernate.cfg.Settings - Named query checking : enabled
19:40:30.535 [main] DEBUG org.hibernate.cfg.Settings - Second-level cache: enabled
19:40:30.535 [main] DEBUG org.hibernate.cfg.Settings - Second-level query cache: disabled
19:40:30.535 [main] DEBUG org.hibernate.cfg.Settings - Second-level query cache factory: org.hibernate.cache.internal.StandardQueryCacheFactory@2da16263
19:40:30.535 [main] DEBUG org.hibernate.cfg.Settings - Second-level cache region prefix: null
19:40:30.535 [main] DEBUG org.hibernate.cfg.Settings - Optimize second-level cache for minimal puts: disabled
19:40:30.535 [main] DEBUG org.hibernate.cfg.Settings - Structured second-level cache entries: disabled
19:40:30.535 [main] DEBUG org.hibernate.cfg.Settings - Second-level cache direct-reference entries: disabled
19:40:30.535 [main] DEBUG org.hibernate.cfg.Settings - Automatic eviction of collection cache: disabled
19:40:30.535 [main] DEBUG org.hibernate.cfg.Settings - JDBC batch size: 0
19:40:30.535 [main] DEBUG org.hibernate.cfg.Settings - JDBC batch updates for versioned data: enabled
19:40:30.535 [main] DEBUG org.hibernate.cfg.Settings - Scrollable result sets: disabled
19:40:30.535 [main] DEBUG org.hibernate.cfg.Settings - Wrap result sets: disabled
19:40:30.535 [main] DEBUG org.hibernate.cfg.Settings - JDBC3 getGeneratedKeys(): disabled
19:40:30.535 [main] DEBUG org.hibernate.cfg.Settings - JDBC result set fetch size: null
19:40:30.535 [main] DEBUG org.hibernate.cfg.Settings - Connection release mode: ON_CLOSE
19:40:30.535 [main] DEBUG org.hibernate.cfg.Settings - Generate SQL with comments: disabled
19:40:30.535 [main] DEBUG org.hibernate.internal.SessionFactoryImpl - Session factory constructed with filter configurations : {}
19:40:30.536 [main] DEBUG org.hibernate.internal.SessionFactoryImpl - Instantiating session factory with properties: {awt.toolkit=sun.awt.X11.XToolkit, java.specification.version=11, sun.cpu.isalist=, sun.jnu.encoding=UTF-8, hibernate.connection.release_mode=ON_CLOSE, sun.arch.data.model=64, java.vendor.url=http://java.oracle.com/, sun.boot.library.path=/usr/lib/jvm/java-11-openjdk-amd64/lib, sun.java.command=/home/whitewolf/tau/TAU-repozytorium/tau-mmo-jmeter/target/surefire/surefirebooter3068630985977223282.jar /home/whitewolf/tau/TAU-repozytorium/tau-mmo-jmeter/target/surefire 2019-05-27T19-40-27_728-jvmRun1 surefire9941762728851701862tmp surefire_013181237219562226252tmp, jdk.debug=release, java.specification.vendor=Oracle Corporation, java.version.date=2019-04-16, java.home=/usr/lib/jvm/java-11-openjdk-amd64, file.separator=/, basedir=/home/whitewolf/tau/TAU-repozytorium/tau-mmo-jmeter, java.vm.compressedOopsMode=Zero based, line.separator=
, java.specification.name=Java Platform API Specification, java.vm.specification.vendor=Oracle Corporation, hibernate.hbm2ddl.auto=update, sun.management.compiler=HotSpot 64-Bit Tiered Compilers, java.runtime.version=11.0.3+7-Ubuntu-1ubuntu218.04.1, user.name=whitewolf, file.encoding=UTF-8, hibernate.classLoaders=[jdk.internal.loader.ClassLoaders$AppClassLoader@1affbebc], hibernate.current_session_context_class=org.springframework.orm.hibernate5.SpringSessionContext, localRepository=/home/whitewolf/.m2/repository, java.io.tmpdir=/tmp, java.version=11.0.3, java.vm.specification.name=Java Virtual Machine Specification, java.awt.printerjob=sun.print.PSPrinterJob, sun.os.patch.level=unknown, java.library.path=/usr/java/packages/lib:/usr/lib/x86_64-linux-gnu/jni:/lib/x86_64-linux-gnu:/usr/lib/x86_64-linux-gnu:/usr/lib/jni:/lib:/usr/lib, java.vendor=Oracle Corporation, sun.io.unicode.encoding=UnicodeLittle, sun.desktop=gnome, hibernate.dialect=org.hibernate.dialect.HSQLDialect, java.class.path=/home/whitewolf/tau/TAU-repozytorium/tau-mmo-jmeter/target/test-classes:/home/whitewolf/tau/TAU-repozytorium/tau-mmo-jmeter/target/classes:/home/whitewolf/.m2/repository/org/springframework/boot/spring-boot-starter-web/2.1.4.RELEASE/spring-boot-starter-web-2.1.4.RELEASE.jar:/home/whitewolf/.m2/repository/org/springframework/boot/spring-boot-starter/2.1.4.RELEASE/spring-boot-starter-2.1.4.RELEASE.jar:/home/whitewolf/.m2/repository/org/springframework/boot/spring-boot/2.1.4.RELEASE/spring-boot-2.1.4.RELEASE.jar:/home/whitewolf/.m2/repository/org/springframework/boot/spring-boot-autoconfigure/2.1.4.RELEASE/spring-boot-autoconfigure-2.1.4.RELEASE.jar:/home/whitewolf/.m2/repository/org/springframework/boot/spring-boot-starter-logging/2.1.4.RELEASE/spring-boot-starter-logging-2.1.4.RELEASE.jar:/home/whitewolf/.m2/repository/ch/qos/logback/logback-classic/1.2.3/logback-classic-1.2.3.jar:/home/whitewolf/.m2/repository/ch/qos/logback/logback-core/1.2.3/logback-core-1.2.3.jar:/home/whitewolf/.m2/repository/org/apache/logging/log4j/log4j-to-slf4j/2.11.2/log4j-to-slf4j-2.11.2.jar:/home/whitewolf/.m2/repository/org/apache/logging/log4j/log4j-api/2.11.2/log4j-api-2.11.2.jar:/home/whitewolf/.m2/repository/org/slf4j/jul-to-slf4j/1.7.26/jul-to-slf4j-1.7.26.jar:/home/whitewolf/.m2/repository/org/yaml/snakeyaml/1.23/snakeyaml-1.23.jar:/home/whitewolf/.m2/repository/org/springframework/boot/spring-boot-starter-json/2.1.4.RELEASE/spring-boot-starter-json-2.1.4.RELEASE.jar:/home/whitewolf/.m2/repository/com/fasterxml/jackson/core/jackson-databind/2.9.8/jackson-databind-2.9.8.jar:/home/whitewolf/.m2/repository/com/fasterxml/jackson/core/jackson-annotations/2.9.0/jackson-annotations-2.9.0.jar:/home/whitewolf/.m2/repository/com/fasterxml/jackson/core/jackson-core/2.9.8/jackson-core-2.9.8.jar:/home/whitewolf/.m2/repository/com/fasterxml/jackson/datatype/jackson-datatype-jdk8/2.9.8/jackson-datatype-jdk8-2.9.8.jar:/home/whitewolf/.m2/repository/com/fasterxml/jackson/datatype/jackson-datatype-jsr310/2.9.8/jackson-datatype-jsr310-2.9.8.jar:/home/whitewolf/.m2/repository/com/fasterxml/jackson/module/jackson-module-parameter-names/2.9.8/jackson-module-parameter-names-2.9.8.jar:/home/whitewolf/.m2/repository/org/hibernate/validator/hibernate-validator/6.0.16.Final/hibernate-validator-6.0.16.Final.jar:/home/whitewolf/.m2/repository/javax/validation/validation-api/2.0.1.Final/validation-api-2.0.1.Final.jar:/home/whitewolf/.m2/repository/org/springframework/spring-web/5.1.6.RELEASE/spring-web-5.1.6.RELEASE.jar:/home/whitewolf/.m2/repository/org/springframework/spring-webmvc/5.1.6.RELEASE/spring-webmvc-5.1.6.RELEASE.jar:/home/whitewolf/.m2/repository/org/springframework/spring-aop/5.1.6.RELEASE/spring-aop-5.1.6.RELEASE.jar:/home/whitewolf/.m2/repository/org/springframework/spring-context/5.1.6.RELEASE/spring-context-5.1.6.RELEASE.jar:/home/whitewolf/.m2/repository/org/springframework/spring-expression/5.1.6.RELEASE/spring-expression-5.1.6.RELEASE.jar:/home/whitewolf/.m2/repository/org/springframework/boot/spring-boot-starter-test/2.1.4.RELEASE/spring-boot-starter-test-2.1.4.RELEASE.jar:/home/whitewolf/.m2/repository/org/springframework/boot/spring-boot-test/2.1.4.RELEASE/spring-boot-test-2.1.4.RELEASE.jar:/home/whitewolf/.m2/repository/org/springframework/boot/spring-boot-test-autoconfigure/2.1.4.RELEASE/spring-boot-test-autoconfigure-2.1.4.RELEASE.jar:/home/whitewolf/.m2/repository/junit/junit/4.12/junit-4.12.jar:/home/whitewolf/.m2/repository/org/assertj/assertj-core/3.11.1/assertj-core-3.11.1.jar:/home/whitewolf/.m2/repository/org/mockito/mockito-core/2.23.4/mockito-core-2.23.4.jar:/home/whitewolf/.m2/repository/net/bytebuddy/byte-buddy/1.9.12/byte-buddy-1.9.12.jar:/home/whitewolf/.m2/repository/net/bytebuddy/byte-buddy-agent/1.9.12/byte-buddy-agent-1.9.12.jar:/home/whitewolf/.m2/repository/org/objenesis/objenesis/2.6/objenesis-2.6.jar:/home/whitewolf/.m2/repository/org/hamcrest/hamcrest-core/1.3/hamcrest-core-1.3.jar:/home/whitewolf/.m2/repository/org/hamcrest/hamcrest-library/1.3/hamcrest-library-1.3.jar:/home/whitewolf/.m2/repository/org/skyscreamer/jsonassert/1.5.0/jsonassert-1.5.0.jar:/home/whitewolf/.m2/repository/com/vaadin/external/google/android-json/0.0.20131108.vaadin1/android-json-0.0.20131108.vaadin1.jar:/home/whitewolf/.m2/repository/org/springframework/spring-core/5.1.6.RELEASE/spring-core-5.1.6.RELEASE.jar:/home/whitewolf/.m2/repository/org/springframework/spring-jcl/5.1.6.RELEASE/spring-jcl-5.1.6.RELEASE.jar:/home/whitewolf/.m2/repository/org/springframework/spring-test/5.1.6.RELEASE/spring-test-5.1.6.RELEASE.jar:/home/whitewolf/.m2/repository/org/xmlunit/xmlunit-core/2.6.2/xmlunit-core-2.6.2.jar:/home/whitewolf/.m2/repository/org/springframework/boot/spring-boot-starter-tomcat/2.1.4.RELEASE/spring-boot-starter-tomcat-2.1.4.RELEASE.jar:/home/whitewolf/.m2/repository/javax/annotation/javax.annotation-api/1.3.2/javax.annotation-api-1.3.2.jar:/home/whitewolf/.m2/repository/org/apache/tomcat/embed/tomcat-embed-core/9.0.17/tomcat-embed-core-9.0.17.jar:/home/whitewolf/.m2/repository/org/apache/tomcat/embed/tomcat-embed-el/9.0.17/tomcat-embed-el-9.0.17.jar:/home/whitewolf/.m2/repository/org/apache/tomcat/embed/tomcat-embed-websocket/9.0.17/tomcat-embed-websocket-9.0.17.jar:/home/whitewolf/.m2/repository/org/springframework/boot/spring-boot-starter-data-jpa/2.1.4.RELEASE/spring-boot-starter-data-jpa-2.1.4.RELEASE.jar:/home/whitewolf/.m2/repository/org/springframework/boot/spring-boot-starter-aop/2.1.4.RELEASE/spring-boot-starter-aop-2.1.4.RELEASE.jar:/home/whitewolf/.m2/repository/org/aspectj/aspectjweaver/1.9.2/aspectjweaver-1.9.2.jar:/home/whitewolf/.m2/repository/org/springframework/boot/spring-boot-starter-jdbc/2.1.4.RELEASE/spring-boot-starter-jdbc-2.1.4.RELEASE.jar:/home/whitewolf/.m2/repository/com/zaxxer/HikariCP/3.2.0/HikariCP-3.2.0.jar:/home/whitewolf/.m2/repository/org/springframework/spring-jdbc/5.1.6.RELEASE/spring-jdbc-5.1.6.RELEASE.jar:/home/whitewolf/.m2/repository/javax/transaction/javax.transaction-api/1.3/javax.transaction-api-1.3.jar:/home/whitewolf/.m2/repository/javax/xml/bind/jaxb-api/2.3.1/jaxb-api-2.3.1.jar:/home/whitewolf/.m2/repository/javax/activation/javax.activation-api/1.2.0/javax.activation-api-1.2.0.jar:/home/whitewolf/.m2/repository/org/springframework/data/spring-data-jpa/2.1.6.RELEASE/spring-data-jpa-2.1.6.RELEASE.jar:/home/whitewolf/.m2/repository/org/springframework/data/spring-data-commons/2.1.6.RELEASE/spring-data-commons-2.1.6.RELEASE.jar:/home/whitewolf/.m2/repository/org/springframework/spring-orm/5.1.6.RELEASE/spring-orm-5.1.6.RELEASE.jar:/home/whitewolf/.m2/repository/org/springframework/spring-aspects/5.1.6.RELEASE/spring-aspects-5.1.6.RELEASE.jar:/home/whitewolf/.m2/repository/org/springframework/spring-tx/5.1.6.RELEASE/spring-tx-5.1.6.RELEASE.jar:/home/whitewolf/.m2/repository/org/springframework/spring-beans/5.1.6.RELEASE/spring-beans-5.1.6.RELEASE.jar:/home/whitewolf/.m2/repository/com/jayway/jsonpath/json-path/2.4.0/json-path-2.4.0.jar:/home/whitewolf/.m2/repository/net/minidev/json-smart/2.3/json-smart-2.3.jar:/home/whitewolf/.m2/repository/net/minidev/accessors-smart/1.2/accessors-smart-1.2.jar:/home/whitewolf/.m2/repository/org/ow2/asm/asm/5.0.4/asm-5.0.4.jar:/home/whitewolf/.m2/repository/org/slf4j/slf4j-api/1.7.26/slf4j-api-1.7.26.jar:/home/whitewolf/.m2/repository/org/hibernate/hibernate-core/5.1.6.Final/hibernate-core-5.1.6.Final.jar:/home/whitewolf/.m2/repository/org/jboss/logging/jboss-logging/3.3.2.Final/jboss-logging-3.3.2.Final.jar:/home/whitewolf/.m2/repository/org/hibernate/javax/persistence/hibernate-jpa-2.1-api/1.0.0.Final/hibernate-jpa-2.1-api-1.0.0.Final.jar:/home/whitewolf/.m2/repository/org/javassist/javassist/3.20.0-GA/javassist-3.20.0-GA.jar:/home/whitewolf/.m2/repository/antlr/antlr/2.7.7/antlr-2.7.7.jar:/home/whitewolf/.m2/repository/org/apache/geronimo/specs/geronimo-jta_1.1_spec/1.1.1/geronimo-jta_1.1_spec-1.1.1.jar:/home/whitewolf/.m2/repository/org/jboss/jandex/2.0.3.Final/jandex-2.0.3.Final.jar:/home/whitewolf/.m2/repository/com/fasterxml/classmate/1.4.0/classmate-1.4.0.jar:/home/whitewolf/.m2/repository/dom4j/dom4j/1.6.1/dom4j-1.6.1.jar:/home/whitewolf/.m2/repository/org/hibernate/common/hibernate-commons-annotations/5.0.1.Final/hibernate-commons-annotations-5.0.1.Final.jar:/home/whitewolf/.m2/repository/org/hsqldb/hsqldb/2.3.4/hsqldb-2.3.4.jar:, java.vm.vendor=Oracle Corporation, user.timezone=Europe/Warsaw, os.name=Linux, java.vm.specification.version=11, sun.java.launcher=SUN_STANDARD, user.country=PL, surefire.test.class.path=/home/whitewolf/tau/TAU-repozytorium/tau-mmo-jmeter/target/test-classes:/home/whitewolf/tau/TAU-repozytorium/tau-mmo-jmeter/target/classes:/home/whitewolf/.m2/repository/org/springframework/boot/spring-boot-starter-web/2.1.4.RELEASE/spring-boot-starter-web-2.1.4.RELEASE.jar:/home/whitewolf/.m2/repository/org/springframework/boot/spring-boot-starter/2.1.4.RELEASE/spring-boot-starter-2.1.4.RELEASE.jar:/home/whitewolf/.m2/repository/org/springframework/boot/spring-boot/2.1.4.RELEASE/spring-boot-2.1.4.RELEASE.jar:/home/whitewolf/.m2/repository/org/springframework/boot/spring-boot-autoconfigure/2.1.4.RELEASE/spring-boot-autoconfigure-2.1.4.RELEASE.jar:/home/whitewolf/.m2/repository/org/springframework/boot/spring-boot-starter-logging/2.1.4.RELEASE/spring-boot-starter-logging-2.1.4.RELEASE.jar:/home/whitewolf/.m2/repository/ch/qos/logback/logback-classic/1.2.3/logback-classic-1.2.3.jar:/home/whitewolf/.m2/repository/ch/qos/logback/logback-core/1.2.3/logback-core-1.2.3.jar:/home/whitewolf/.m2/repository/org/apache/logging/log4j/log4j-to-slf4j/2.11.2/log4j-to-slf4j-2.11.2.jar:/home/whitewolf/.m2/repository/org/apache/logging/log4j/log4j-api/2.11.2/log4j-api-2.11.2.jar:/home/whitewolf/.m2/repository/org/slf4j/jul-to-slf4j/1.7.26/jul-to-slf4j-1.7.26.jar:/home/whitewolf/.m2/repository/org/yaml/snakeyaml/1.23/snakeyaml-1.23.jar:/home/whitewolf/.m2/repository/org/springframework/boot/spring-boot-starter-json/2.1.4.RELEASE/spring-boot-starter-json-2.1.4.RELEASE.jar:/home/whitewolf/.m2/repository/com/fasterxml/jackson/core/jackson-databind/2.9.8/jackson-databind-2.9.8.jar:/home/whitewolf/.m2/repository/com/fasterxml/jackson/core/jackson-annotations/2.9.0/jackson-annotations-2.9.0.jar:/home/whitewolf/.m2/repository/com/fasterxml/jackson/core/jackson-core/2.9.8/jackson-core-2.9.8.jar:/home/whitewolf/.m2/repository/com/fasterxml/jackson/datatype/jackson-datatype-jdk8/2.9.8/jackson-datatype-jdk8-2.9.8.jar:/home/whitewolf/.m2/repository/com/fasterxml/jackson/datatype/jackson-datatype-jsr310/2.9.8/jackson-datatype-jsr310-2.9.8.jar:/home/whitewolf/.m2/repository/com/fasterxml/jackson/module/jackson-module-parameter-names/2.9.8/jackson-module-parameter-names-2.9.8.jar:/home/whitewolf/.m2/repository/org/hibernate/validator/hibernate-validator/6.0.16.Final/hibernate-validator-6.0.16.Final.jar:/home/whitewolf/.m2/repository/javax/validation/validation-api/2.0.1.Final/validation-api-2.0.1.Final.jar:/home/whitewolf/.m2/repository/org/springframework/spring-web/5.1.6.RELEASE/spring-web-5.1.6.RELEASE.jar:/home/whitewolf/.m2/repository/org/springframework/spring-webmvc/5.1.6.RELEASE/spring-webmvc-5.1.6.RELEASE.jar:/home/whitewolf/.m2/repository/org/springframework/spring-aop/5.1.6.RELEASE/spring-aop-5.1.6.RELEASE.jar:/home/whitewolf/.m2/repository/org/springframework/spring-context/5.1.6.RELEASE/spring-context-5.1.6.RELEASE.jar:/home/whitewolf/.m2/repository/org/springframework/spring-expression/5.1.6.RELEASE/spring-expression-5.1.6.RELEASE.jar:/home/whitewolf/.m2/repository/org/springframework/boot/spring-boot-starter-test/2.1.4.RELEASE/spring-boot-starter-test-2.1.4.RELEASE.jar:/home/whitewolf/.m2/repository/org/springframework/boot/spring-boot-test/2.1.4.RELEASE/spring-boot-test-2.1.4.RELEASE.jar:/home/whitewolf/.m2/repository/org/springframework/boot/spring-boot-test-autoconfigure/2.1.4.RELEASE/spring-boot-test-autoconfigure-2.1.4.RELEASE.jar:/home/whitewolf/.m2/repository/junit/junit/4.12/junit-4.12.jar:/home/whitewolf/.m2/repository/org/assertj/assertj-core/3.11.1/assertj-core-3.11.1.jar:/home/whitewolf/.m2/repository/org/mockito/mockito-core/2.23.4/mockito-core-2.23.4.jar:/home/whitewolf/.m2/repository/net/bytebuddy/byte-buddy/1.9.12/byte-buddy-1.9.12.jar:/home/whitewolf/.m2/repository/net/bytebuddy/byte-buddy-agent/1.9.12/byte-buddy-agent-1.9.12.jar:/home/whitewolf/.m2/repository/org/objenesis/objenesis/2.6/objenesis-2.6.jar:/home/whitewolf/.m2/repository/org/hamcrest/hamcrest-core/1.3/hamcrest-core-1.3.jar:/home/whitewolf/.m2/repository/org/hamcrest/hamcrest-library/1.3/hamcrest-library-1.3.jar:/home/whitewolf/.m2/repository/org/skyscreamer/jsonassert/1.5.0/jsonassert-1.5.0.jar:/home/whitewolf/.m2/repository/com/vaadin/external/google/android-json/0.0.20131108.vaadin1/android-json-0.0.20131108.vaadin1.jar:/home/whitewolf/.m2/repository/org/springframework/spring-core/5.1.6.RELEASE/spring-core-5.1.6.RELEASE.jar:/home/whitewolf/.m2/repository/org/springframework/spring-jcl/5.1.6.RELEASE/spring-jcl-5.1.6.RELEASE.jar:/home/whitewolf/.m2/repository/org/springframework/spring-test/5.1.6.RELEASE/spring-test-5.1.6.RELEASE.jar:/home/whitewolf/.m2/repository/org/xmlunit/xmlunit-core/2.6.2/xmlunit-core-2.6.2.jar:/home/whitewolf/.m2/repository/org/springframework/boot/spring-boot-starter-tomcat/2.1.4.RELEASE/spring-boot-starter-tomcat-2.1.4.RELEASE.jar:/home/whitewolf/.m2/repository/javax/annotation/javax.annotation-api/1.3.2/javax.annotation-api-1.3.2.jar:/home/whitewolf/.m2/repository/org/apache/tomcat/embed/tomcat-embed-core/9.0.17/tomcat-embed-core-9.0.17.jar:/home/whitewolf/.m2/repository/org/apache/tomcat/embed/tomcat-embed-el/9.0.17/tomcat-embed-el-9.0.17.jar:/home/whitewolf/.m2/repository/org/apache/tomcat/embed/tomcat-embed-websocket/9.0.17/tomcat-embed-websocket-9.0.17.jar:/home/whitewolf/.m2/repository/org/springframework/boot/spring-boot-starter-data-jpa/2.1.4.RELEASE/spring-boot-starter-data-jpa-2.1.4.RELEASE.jar:/home/whitewolf/.m2/repository/org/springframework/boot/spring-boot-starter-aop/2.1.4.RELEASE/spring-boot-starter-aop-2.1.4.RELEASE.jar:/home/whitewolf/.m2/repository/org/aspectj/aspectjweaver/1.9.2/aspectjweaver-1.9.2.jar:/home/whitewolf/.m2/repository/org/springframework/boot/spring-boot-starter-jdbc/2.1.4.RELEASE/spring-boot-starter-jdbc-2.1.4.RELEASE.jar:/home/whitewolf/.m2/repository/com/zaxxer/HikariCP/3.2.0/HikariCP-3.2.0.jar:/home/whitewolf/.m2/repository/org/springframework/spring-jdbc/5.1.6.RELEASE/spring-jdbc-5.1.6.RELEASE.jar:/home/whitewolf/.m2/repository/javax/transaction/javax.transaction-api/1.3/javax.transaction-api-1.3.jar:/home/whitewolf/.m2/repository/javax/xml/bind/jaxb-api/2.3.1/jaxb-api-2.3.1.jar:/home/whitewolf/.m2/repository/javax/activation/javax.activation-api/1.2.0/javax.activation-api-1.2.0.jar:/home/whitewolf/.m2/repository/org/springframework/data/spring-data-jpa/2.1.6.RELEASE/spring-data-jpa-2.1.6.RELEASE.jar:/home/whitewolf/.m2/repository/org/springframework/data/spring-data-commons/2.1.6.RELEASE/spring-data-commons-2.1.6.RELEASE.jar:/home/whitewolf/.m2/repository/org/springframework/spring-orm/5.1.6.RELEASE/spring-orm-5.1.6.RELEASE.jar:/home/whitewolf/.m2/repository/org/springframework/spring-aspects/5.1.6.RELEASE/spring-aspects-5.1.6.RELEASE.jar:/home/whitewolf/.m2/repository/org/springframework/spring-tx/5.1.6.RELEASE/spring-tx-5.1.6.RELEASE.jar:/home/whitewolf/.m2/repository/org/springframework/spring-beans/5.1.6.RELEASE/spring-beans-5.1.6.RELEASE.jar:/home/whitewolf/.m2/repository/com/jayway/jsonpath/json-path/2.4.0/json-path-2.4.0.jar:/home/whitewolf/.m2/repository/net/minidev/json-smart/2.3/json-smart-2.3.jar:/home/whitewolf/.m2/repository/net/minidev/accessors-smart/1.2/accessors-smart-1.2.jar:/home/whitewolf/.m2/repository/org/ow2/asm/asm/5.0.4/asm-5.0.4.jar:/home/whitewolf/.m2/repository/org/slf4j/slf4j-api/1.7.26/slf4j-api-1.7.26.jar:/home/whitewolf/.m2/repository/org/hibernate/hibernate-core/5.1.6.Final/hibernate-core-5.1.6.Final.jar:/home/whitewolf/.m2/repository/org/jboss/logging/jboss-logging/3.3.2.Final/jboss-logging-3.3.2.Final.jar:/home/whitewolf/.m2/repository/org/hibernate/javax/persistence/hibernate-jpa-2.1-api/1.0.0.Final/hibernate-jpa-2.1-api-1.0.0.Final.jar:/home/whitewolf/.m2/repository/org/javassist/javassist/3.20.0-GA/javassist-3.20.0-GA.jar:/home/whitewolf/.m2/repository/antlr/antlr/2.7.7/antlr-2.7.7.jar:/home/whitewolf/.m2/repository/org/apache/geronimo/specs/geronimo-jta_1.1_spec/1.1.1/geronimo-jta_1.1_spec-1.1.1.jar:/home/whitewolf/.m2/repository/org/jboss/jandex/2.0.3.Final/jandex-2.0.3.Final.jar:/home/whitewolf/.m2/repository/com/fasterxml/classmate/1.4.0/classmate-1.4.0.jar:/home/whitewolf/.m2/repository/dom4j/dom4j/1.6.1/dom4j-1.6.1.jar:/home/whitewolf/.m2/repository/org/hibernate/common/hibernate-commons-annotations/5.0.1.Final/hibernate-commons-annotations-5.0.1.Final.jar:/home/whitewolf/.m2/repository/org/hsqldb/hsqldb/2.3.4/hsqldb-2.3.4.jar:, sun.cpu.endian=little, user.home=/home/whitewolf, user.language=pl, java.awt.graphicsenv=sun.awt.X11GraphicsEnvironment, surefire.real.class.path=/home/whitewolf/tau/TAU-repozytorium/tau-mmo-jmeter/target/surefire/surefirebooter3068630985977223282.jar, path.separator=:, os.version=4.15.0-47-generic, java.runtime.name=OpenJDK Runtime Environment, java.vm.name=OpenJDK 64-Bit Server VM, hibernate.show_sql=true, java.vendor.url.bug=http://bugreport.java.com/bugreport/, user.dir=/home/whitewolf/tau/TAU-repozytorium/tau-mmo-jmeter, os.arch=amd64, hibernate.boot.CfgXmlAccessService.key=org.hibernate.boot.cfgxml.spi.LoadedConfig@307af381, java.vm.info=mixed mode, sharing, java.vm.version=11.0.3+7-Ubuntu-1ubuntu218.04.1, hibernate.bytecode.use_reflection_optimizer=false, hibernate.connection.datasource=org.springframework.jdbc.datasource.DriverManagerDataSource@7159d601, java.class.version=55.0}
19:40:30.536 [main] DEBUG org.hibernate.validator.internal.engine.resolver.TraversableResolvers - Found javax.persistence.Persistence on classpath containing 'getPersistenceUtil'. Assuming JPA 2 environment. Trying to instantiate JPA aware TraversableResolver
19:40:30.536 [main] DEBUG org.hibernate.validator.internal.engine.resolver.TraversableResolvers - Instantiated JPA aware TraversableResolver of type org.hibernate.validator.internal.engine.resolver.JPATraversableResolver.
19:40:30.536 [main] DEBUG org.hibernate.validator.internal.xml.config.ValidationXmlParser - Trying to load META-INF/validation.xml for XML based Validator configuration.
19:40:30.536 [main] DEBUG org.hibernate.validator.internal.xml.config.ResourceLoaderHelper - Trying to load META-INF/validation.xml via TCCL
19:40:30.536 [main] DEBUG org.hibernate.validator.internal.xml.config.ResourceLoaderHelper - Trying to load META-INF/validation.xml via Hibernate Validator's class loader
19:40:30.536 [main] DEBUG org.hibernate.validator.internal.xml.config.ValidationXmlParser - No META-INF/validation.xml found. Using annotation based configuration only.
19:40:30.540 [main] DEBUG org.hibernate.validator.messageinterpolation.ResourceBundleMessageInterpolator - Loaded expression factory via original TCCL
19:40:30.540 [main] DEBUG org.hibernate.validator.internal.engine.ValidatorFactoryImpl - HV000234: Using org.hibernate.validator.messageinterpolation.ResourceBundleMessageInterpolator as ValidatorFactory-scoped message interpolator.
19:40:30.540 [main] DEBUG org.hibernate.validator.internal.engine.ValidatorFactoryImpl - HV000234: Using org.hibernate.validator.internal.engine.resolver.JPATraversableResolver as ValidatorFactory-scoped traversable resolver.
19:40:30.540 [main] DEBUG org.hibernate.validator.internal.engine.ValidatorFactoryImpl - HV000234: Using org.hibernate.validator.internal.util.ExecutableParameterNameProvider as ValidatorFactory-scoped parameter name provider.
19:40:30.540 [main] DEBUG org.hibernate.validator.internal.engine.ValidatorFactoryImpl - HV000234: Using org.hibernate.validator.internal.engine.DefaultClockProvider as ValidatorFactory-scoped clock provider.
19:40:30.540 [main] DEBUG org.hibernate.validator.internal.engine.ValidatorFactoryImpl - HV000234: Using org.hibernate.validator.internal.engine.scripting.DefaultScriptEvaluatorFactory as ValidatorFactory-scoped script evaluator factory.
19:40:30.540 [main] DEBUG org.hibernate.boot.internal.ClassLoaderAccessImpl - Not known whether passed class name [tau.mmo.domain.Item] is safe
19:40:30.540 [main] DEBUG org.hibernate.boot.internal.ClassLoaderAccessImpl - No temp ClassLoader provided; using live ClassLoader for loading potentially unsafe class : tau.mmo.domain.Item
19:40:30.544 [main] DEBUG org.hibernate.boot.internal.ClassLoaderAccessImpl - Not known whether passed class name [tau.mmo.domain.Player] is safe
19:40:30.544 [main] DEBUG org.hibernate.boot.internal.ClassLoaderAccessImpl - No temp ClassLoader provided; using live ClassLoader for loading potentially unsafe class : tau.mmo.domain.Player
19:40:30.547 [main] DEBUG org.hibernate.secure.spi.JaccIntegrator - Skipping JACC integration as it was not enabled
19:40:30.547 [main] DEBUG org.hibernate.boot.internal.ClassLoaderAccessImpl - Not known whether passed class name [tau.mmo.domain.Item] is safe
19:40:30.547 [main] DEBUG org.hibernate.boot.internal.ClassLoaderAccessImpl - No temp ClassLoader provided; using live ClassLoader for loading potentially unsafe class : tau.mmo.domain.Item
19:40:30.547 [main] DEBUG org.hibernate.boot.internal.ClassLoaderAccessImpl - Not known whether passed class name [tau.mmo.domain.Item] is safe
19:40:30.547 [main] DEBUG org.hibernate.boot.internal.ClassLoaderAccessImpl - No temp ClassLoader provided; using live ClassLoader for loading potentially unsafe class : tau.mmo.domain.Item
19:40:30.548 [main] DEBUG org.hibernate.boot.internal.ClassLoaderAccessImpl - Not known whether passed class name [tau.mmo.domain.Player] is safe
19:40:30.548 [main] DEBUG org.hibernate.boot.internal.ClassLoaderAccessImpl - No temp ClassLoader provided; using live ClassLoader for loading potentially unsafe class : tau.mmo.domain.Player
19:40:30.548 [main] DEBUG org.hibernate.boot.internal.ClassLoaderAccessImpl - Not known whether passed class name [tau.mmo.domain.Player] is safe
19:40:30.548 [main] DEBUG org.hibernate.boot.internal.ClassLoaderAccessImpl - No temp ClassLoader provided; using live ClassLoader for loading potentially unsafe class : tau.mmo.domain.Player
19:40:30.549 [main] DEBUG org.hibernate.persister.collection.AbstractCollectionPersister - Static SQL for collection: tau.mmo.domain.Player.items
19:40:30.549 [main] DEBUG org.hibernate.persister.collection.AbstractCollectionPersister -  Row insert: update item set player_id=? where id=?
19:40:30.549 [main] DEBUG org.hibernate.persister.collection.AbstractCollectionPersister -  Row update: update item set  where id=?
19:40:30.549 [main] DEBUG org.hibernate.persister.collection.AbstractCollectionPersister -  Row delete: update item set player_id=null where player_id=? and id=?
19:40:30.549 [main] DEBUG org.hibernate.persister.collection.AbstractCollectionPersister -  One-shot delete: update item set player_id=null where player_id=?
19:40:30.549 [main] DEBUG org.hibernate.persister.entity.AbstractEntityPersister - Static SQL for entity: tau.mmo.domain.Item
19:40:30.549 [main] DEBUG org.hibernate.persister.entity.AbstractEntityPersister -  Version select: select id from item where id =?
19:40:30.549 [main] DEBUG org.hibernate.persister.entity.AbstractEntityPersister -  Snapshot select: select item_.id, item_.itemclass as itemclas2_0_, item_.levelreq as levelreq3_0_, item_.name as name4_0_, item_.player_id as player_i5_0_ from item item_ where item_.id=?
19:40:30.549 [main] DEBUG org.hibernate.persister.entity.AbstractEntityPersister -  Insert 0: insert into item (itemclass, levelreq, name, player_id, id) values (?, ?, ?, ?, ?)
19:40:30.549 [main] DEBUG org.hibernate.persister.entity.AbstractEntityPersister -  Update 0: update item set itemclass=?, levelreq=?, name=?, player_id=? where id=?
19:40:30.549 [main] DEBUG org.hibernate.persister.entity.AbstractEntityPersister -  Delete 0: delete from item where id=?
19:40:30.549 [main] DEBUG org.hibernate.loader.plan.build.internal.spaces.QuerySpacesImpl - Adding QuerySpace : uid = <gen:0> -> org.hibernate.loader.plan.build.internal.spaces.EntityQuerySpaceImpl@267ff4df]
19:40:30.549 [main] DEBUG org.hibernate.persister.walking.spi.MetamodelGraphWalker - Visiting attribute path : itemclass
19:40:30.549 [main] DEBUG org.hibernate.persister.walking.spi.MetamodelGraphWalker - Visiting attribute path : levelreq
19:40:30.549 [main] DEBUG org.hibernate.persister.walking.spi.MetamodelGraphWalker - Visiting attribute path : name
19:40:30.549 [main] DEBUG org.hibernate.persister.walking.spi.MetamodelGraphWalker - Visiting attribute path : player
19:40:30.549 [main] DEBUG org.hibernate.loader.plan.build.internal.spaces.QuerySpacesImpl - Adding QuerySpace : uid = <gen:1> -> org.hibernate.loader.plan.build.internal.spaces.EntityQuerySpaceImpl@6c07add6]
19:40:30.549 [main] DEBUG org.hibernate.loader.plan.build.internal.FetchStyleLoadPlanBuildingAssociationVisitationStrategy - Building LoadPlan...
19:40:30.550 [main] DEBUG org.hibernate.loader.plan.exec.internal.LoadQueryJoinAndFetchProcessor - processing queryspace <gen:0>
19:40:30.550 [main] DEBUG org.hibernate.loader.plan.build.spi.LoadPlanTreePrinter - LoadPlan(entity=tau.mmo.domain.Item)
    - Returns
       - EntityReturnImpl(entity=tau.mmo.domain.Item, querySpaceUid=<gen:0>, path=tau.mmo.domain.Item)
          - EntityAttributeFetchImpl(entity=tau.mmo.domain.Player, querySpaceUid=<gen:1>, path=tau.mmo.domain.Item.player)
    - QuerySpaces
       - EntityQuerySpaceImpl(uid=<gen:0>, entity=tau.mmo.domain.Item)
          - SQL table alias mapping - item0_
          - alias suffix - 0_
          - suffixed key columns - {id1_0_0_}

19:40:30.550 [main] DEBUG org.hibernate.loader.entity.plan.EntityLoader - Static select for entity tau.mmo.domain.Item [NONE]: select item0_.id as id1_0_0_, item0_.itemclass as itemclas2_0_0_, item0_.levelreq as levelreq3_0_0_, item0_.name as name4_0_0_, item0_.player_id as player_i5_0_0_ from item item0_ where item0_.id=?
19:40:30.550 [main] DEBUG org.hibernate.loader.plan.build.internal.spaces.QuerySpacesImpl - Adding QuerySpace : uid = <gen:0> -> org.hibernate.loader.plan.build.internal.spaces.EntityQuerySpaceImpl@e26a3df]
19:40:30.550 [main] DEBUG org.hibernate.persister.walking.spi.MetamodelGraphWalker - Visiting attribute path : itemclass
19:40:30.550 [main] DEBUG org.hibernate.persister.walking.spi.MetamodelGraphWalker - Visiting attribute path : levelreq
19:40:30.550 [main] DEBUG org.hibernate.persister.walking.spi.MetamodelGraphWalker - Visiting attribute path : name
19:40:30.550 [main] DEBUG org.hibernate.persister.walking.spi.MetamodelGraphWalker - Visiting attribute path : player
19:40:30.550 [main] DEBUG org.hibernate.loader.plan.build.internal.spaces.QuerySpacesImpl - Adding QuerySpace : uid = <gen:1> -> org.hibernate.loader.plan.build.internal.spaces.EntityQuerySpaceImpl@712cd5d3]
19:40:30.550 [main] DEBUG org.hibernate.loader.plan.build.internal.FetchStyleLoadPlanBuildingAssociationVisitationStrategy - Building LoadPlan...
19:40:30.551 [main] DEBUG org.hibernate.loader.plan.exec.internal.LoadQueryJoinAndFetchProcessor - processing queryspace <gen:0>
19:40:30.551 [main] DEBUG org.hibernate.loader.plan.build.spi.LoadPlanTreePrinter - LoadPlan(entity=tau.mmo.domain.Item)
    - Returns
       - EntityReturnImpl(entity=tau.mmo.domain.Item, querySpaceUid=<gen:0>, path=tau.mmo.domain.Item)
          - EntityAttributeFetchImpl(entity=tau.mmo.domain.Player, querySpaceUid=<gen:1>, path=tau.mmo.domain.Item.player)
    - QuerySpaces
       - EntityQuerySpaceImpl(uid=<gen:0>, entity=tau.mmo.domain.Item)
          - SQL table alias mapping - item0_
          - alias suffix - 0_
          - suffixed key columns - {id1_0_0_}

19:40:30.551 [main] DEBUG org.hibernate.loader.entity.plan.EntityLoader - Static select for entity tau.mmo.domain.Item [READ]: select item0_.id as id1_0_0_, item0_.itemclass as itemclas2_0_0_, item0_.levelreq as levelreq3_0_0_, item0_.name as name4_0_0_, item0_.player_id as player_i5_0_0_ from item item0_ where item0_.id=?
19:40:30.551 [main] DEBUG org.hibernate.loader.plan.build.internal.spaces.QuerySpacesImpl - Adding QuerySpace : uid = <gen:0> -> org.hibernate.loader.plan.build.internal.spaces.EntityQuerySpaceImpl@2094bf3d]
19:40:30.551 [main] DEBUG org.hibernate.persister.walking.spi.MetamodelGraphWalker - Visiting attribute path : itemclass
19:40:30.551 [main] DEBUG org.hibernate.persister.walking.spi.MetamodelGraphWalker - Visiting attribute path : levelreq
19:40:30.551 [main] DEBUG org.hibernate.persister.walking.spi.MetamodelGraphWalker - Visiting attribute path : name
19:40:30.552 [main] DEBUG org.hibernate.persister.walking.spi.MetamodelGraphWalker - Visiting attribute path : player
19:40:30.552 [main] DEBUG org.hibernate.loader.plan.build.internal.spaces.QuerySpacesImpl - Adding QuerySpace : uid = <gen:1> -> org.hibernate.loader.plan.build.internal.spaces.EntityQuerySpaceImpl@7f6b7426]
19:40:30.552 [main] DEBUG org.hibernate.loader.plan.build.internal.FetchStyleLoadPlanBuildingAssociationVisitationStrategy - Building LoadPlan...
19:40:30.552 [main] DEBUG org.hibernate.loader.plan.exec.internal.LoadQueryJoinAndFetchProcessor - processing queryspace <gen:0>
19:40:30.552 [main] DEBUG org.hibernate.loader.plan.build.spi.LoadPlanTreePrinter - LoadPlan(entity=tau.mmo.domain.Item)
    - Returns
       - EntityReturnImpl(entity=tau.mmo.domain.Item, querySpaceUid=<gen:0>, path=tau.mmo.domain.Item)
          - EntityAttributeFetchImpl(entity=tau.mmo.domain.Player, querySpaceUid=<gen:1>, path=tau.mmo.domain.Item.player)
    - QuerySpaces
       - EntityQuerySpaceImpl(uid=<gen:0>, entity=tau.mmo.domain.Item)
          - SQL table alias mapping - item0_
          - alias suffix - 0_
          - suffixed key columns - {id1_0_0_}

19:40:30.552 [main] DEBUG org.hibernate.loader.entity.plan.EntityLoader - Static select for entity tau.mmo.domain.Item [UPGRADE]: select item0_.id as id1_0_0_, item0_.itemclass as itemclas2_0_0_, item0_.levelreq as levelreq3_0_0_, item0_.name as name4_0_0_, item0_.player_id as player_i5_0_0_ from item item0_ where item0_.id=? for update
19:40:30.552 [main] DEBUG org.hibernate.loader.plan.build.internal.spaces.QuerySpacesImpl - Adding QuerySpace : uid = <gen:0> -> org.hibernate.loader.plan.build.internal.spaces.EntityQuerySpaceImpl@687eb455]
19:40:30.552 [main] DEBUG org.hibernate.persister.walking.spi.MetamodelGraphWalker - Visiting attribute path : itemclass
19:40:30.552 [main] DEBUG org.hibernate.persister.walking.spi.MetamodelGraphWalker - Visiting attribute path : levelreq
19:40:30.552 [main] DEBUG org.hibernate.persister.walking.spi.MetamodelGraphWalker - Visiting attribute path : name
19:40:30.552 [main] DEBUG org.hibernate.persister.walking.spi.MetamodelGraphWalker - Visiting attribute path : player
19:40:30.552 [main] DEBUG org.hibernate.loader.plan.build.internal.spaces.QuerySpacesImpl - Adding QuerySpace : uid = <gen:1> -> org.hibernate.loader.plan.build.internal.spaces.EntityQuerySpaceImpl@4861cca9]
19:40:30.552 [main] DEBUG org.hibernate.loader.plan.build.internal.FetchStyleLoadPlanBuildingAssociationVisitationStrategy - Building LoadPlan...
19:40:30.552 [main] DEBUG org.hibernate.loader.plan.exec.internal.LoadQueryJoinAndFetchProcessor - processing queryspace <gen:0>
19:40:30.552 [main] DEBUG org.hibernate.loader.plan.build.spi.LoadPlanTreePrinter - LoadPlan(entity=tau.mmo.domain.Item)
    - Returns
       - EntityReturnImpl(entity=tau.mmo.domain.Item, querySpaceUid=<gen:0>, path=tau.mmo.domain.Item)
          - EntityAttributeFetchImpl(entity=tau.mmo.domain.Player, querySpaceUid=<gen:1>, path=tau.mmo.domain.Item.player)
    - QuerySpaces
       - EntityQuerySpaceImpl(uid=<gen:0>, entity=tau.mmo.domain.Item)
          - SQL table alias mapping - item0_
          - alias suffix - 0_
          - suffixed key columns - {id1_0_0_}

19:40:30.552 [main] DEBUG org.hibernate.loader.entity.plan.EntityLoader - Static select for entity tau.mmo.domain.Item [UPGRADE_NOWAIT]: select item0_.id as id1_0_0_, item0_.itemclass as itemclas2_0_0_, item0_.levelreq as levelreq3_0_0_, item0_.name as name4_0_0_, item0_.player_id as player_i5_0_0_ from item item0_ where item0_.id=? for update
19:40:30.552 [main] DEBUG org.hibernate.loader.plan.build.internal.spaces.QuerySpacesImpl - Adding QuerySpace : uid = <gen:0> -> org.hibernate.loader.plan.build.internal.spaces.EntityQuerySpaceImpl@6c8f4bc7]
19:40:30.552 [main] DEBUG org.hibernate.persister.walking.spi.MetamodelGraphWalker - Visiting attribute path : itemclass
19:40:30.552 [main] DEBUG org.hibernate.persister.walking.spi.MetamodelGraphWalker - Visiting attribute path : levelreq
19:40:30.552 [main] DEBUG org.hibernate.persister.walking.spi.MetamodelGraphWalker - Visiting attribute path : name
19:40:30.553 [main] DEBUG org.hibernate.persister.walking.spi.MetamodelGraphWalker - Visiting attribute path : player
19:40:30.553 [main] DEBUG org.hibernate.loader.plan.build.internal.spaces.QuerySpacesImpl - Adding QuerySpace : uid = <gen:1> -> org.hibernate.loader.plan.build.internal.spaces.EntityQuerySpaceImpl@28989415]
19:40:30.553 [main] DEBUG org.hibernate.loader.plan.build.internal.FetchStyleLoadPlanBuildingAssociationVisitationStrategy - Building LoadPlan...
19:40:30.553 [main] DEBUG org.hibernate.loader.plan.exec.internal.LoadQueryJoinAndFetchProcessor - processing queryspace <gen:0>
19:40:30.553 [main] DEBUG org.hibernate.loader.plan.build.spi.LoadPlanTreePrinter - LoadPlan(entity=tau.mmo.domain.Item)
    - Returns
       - EntityReturnImpl(entity=tau.mmo.domain.Item, querySpaceUid=<gen:0>, path=tau.mmo.domain.Item)
          - EntityAttributeFetchImpl(entity=tau.mmo.domain.Player, querySpaceUid=<gen:1>, path=tau.mmo.domain.Item.player)
    - QuerySpaces
       - EntityQuerySpaceImpl(uid=<gen:0>, entity=tau.mmo.domain.Item)
          - SQL table alias mapping - item0_
          - alias suffix - 0_
          - suffixed key columns - {id1_0_0_}

19:40:30.553 [main] DEBUG org.hibernate.loader.entity.plan.EntityLoader - Static select for entity tau.mmo.domain.Item [UPGRADE_SKIPLOCKED]: select item0_.id as id1_0_0_, item0_.itemclass as itemclas2_0_0_, item0_.levelreq as levelreq3_0_0_, item0_.name as name4_0_0_, item0_.player_id as player_i5_0_0_ from item item0_ where item0_.id=? for update
19:40:30.553 [main] DEBUG org.hibernate.loader.plan.build.internal.spaces.QuerySpacesImpl - Adding QuerySpace : uid = <gen:0> -> org.hibernate.loader.plan.build.internal.spaces.EntityQuerySpaceImpl@6eda012b]
19:40:30.553 [main] DEBUG org.hibernate.persister.walking.spi.MetamodelGraphWalker - Visiting attribute path : itemclass
19:40:30.553 [main] DEBUG org.hibernate.persister.walking.spi.MetamodelGraphWalker - Visiting attribute path : levelreq
19:40:30.553 [main] DEBUG org.hibernate.persister.walking.spi.MetamodelGraphWalker - Visiting attribute path : name
19:40:30.553 [main] DEBUG org.hibernate.persister.walking.spi.MetamodelGraphWalker - Visiting attribute path : player
19:40:30.553 [main] DEBUG org.hibernate.loader.plan.build.internal.spaces.QuerySpacesImpl - Adding QuerySpace : uid = <gen:1> -> org.hibernate.loader.plan.build.internal.spaces.EntityQuerySpaceImpl@7d66a126]
19:40:30.553 [main] DEBUG org.hibernate.loader.plan.build.internal.FetchStyleLoadPlanBuildingAssociationVisitationStrategy - Building LoadPlan...
19:40:30.553 [main] DEBUG org.hibernate.loader.plan.exec.internal.LoadQueryJoinAndFetchProcessor - processing queryspace <gen:0>
19:40:30.553 [main] DEBUG org.hibernate.loader.plan.build.spi.LoadPlanTreePrinter - LoadPlan(entity=tau.mmo.domain.Item)
    - Returns
       - EntityReturnImpl(entity=tau.mmo.domain.Item, querySpaceUid=<gen:0>, path=tau.mmo.domain.Item)
          - EntityAttributeFetchImpl(entity=tau.mmo.domain.Player, querySpaceUid=<gen:1>, path=tau.mmo.domain.Item.player)
    - QuerySpaces
       - EntityQuerySpaceImpl(uid=<gen:0>, entity=tau.mmo.domain.Item)
          - SQL table alias mapping - item0_
          - alias suffix - 0_
          - suffixed key columns - {id1_0_0_}

19:40:30.553 [main] DEBUG org.hibernate.loader.entity.plan.EntityLoader - Static select for entity tau.mmo.domain.Item [FORCE]: select item0_.id as id1_0_0_, item0_.itemclass as itemclas2_0_0_, item0_.levelreq as levelreq3_0_0_, item0_.name as name4_0_0_, item0_.player_id as player_i5_0_0_ from item item0_ where item0_.id=? for update
19:40:30.553 [main] DEBUG org.hibernate.loader.plan.build.internal.spaces.QuerySpacesImpl - Adding QuerySpace : uid = <gen:0> -> org.hibernate.loader.plan.build.internal.spaces.EntityQuerySpaceImpl@1132baa3]
19:40:30.553 [main] DEBUG org.hibernate.persister.walking.spi.MetamodelGraphWalker - Visiting attribute path : itemclass
19:40:30.553 [main] DEBUG org.hibernate.persister.walking.spi.MetamodelGraphWalker - Visiting attribute path : levelreq
19:40:30.553 [main] DEBUG org.hibernate.persister.walking.spi.MetamodelGraphWalker - Visiting attribute path : name
19:40:30.553 [main] DEBUG org.hibernate.persister.walking.spi.MetamodelGraphWalker - Visiting attribute path : player
19:40:30.553 [main] DEBUG org.hibernate.loader.plan.build.internal.spaces.QuerySpacesImpl - Adding QuerySpace : uid = <gen:1> -> org.hibernate.loader.plan.build.internal.spaces.EntityQuerySpaceImpl@3a2546d6]
19:40:30.553 [main] DEBUG org.hibernate.loader.plan.build.internal.FetchStyleLoadPlanBuildingAssociationVisitationStrategy - Building LoadPlan...
19:40:30.554 [main] DEBUG org.hibernate.loader.plan.exec.internal.LoadQueryJoinAndFetchProcessor - processing queryspace <gen:0>
19:40:30.554 [main] DEBUG org.hibernate.loader.plan.build.spi.LoadPlanTreePrinter - LoadPlan(entity=tau.mmo.domain.Item)
    - Returns
       - EntityReturnImpl(entity=tau.mmo.domain.Item, querySpaceUid=<gen:0>, path=tau.mmo.domain.Item)
          - EntityAttributeFetchImpl(entity=tau.mmo.domain.Player, querySpaceUid=<gen:1>, path=tau.mmo.domain.Item.player)
    - QuerySpaces
       - EntityQuerySpaceImpl(uid=<gen:0>, entity=tau.mmo.domain.Item)
          - SQL table alias mapping - item0_
          - alias suffix - 0_
          - suffixed key columns - {id1_0_0_}

19:40:30.554 [main] DEBUG org.hibernate.loader.entity.plan.EntityLoader - Static select for entity tau.mmo.domain.Item [PESSIMISTIC_READ]: select item0_.id as id1_0_0_, item0_.itemclass as itemclas2_0_0_, item0_.levelreq as levelreq3_0_0_, item0_.name as name4_0_0_, item0_.player_id as player_i5_0_0_ from item item0_ where item0_.id=? for update
19:40:30.554 [main] DEBUG org.hibernate.loader.plan.build.internal.spaces.QuerySpacesImpl - Adding QuerySpace : uid = <gen:0> -> org.hibernate.loader.plan.build.internal.spaces.EntityQuerySpaceImpl@7282af25]
19:40:30.554 [main] DEBUG org.hibernate.persister.walking.spi.MetamodelGraphWalker - Visiting attribute path : itemclass
19:40:30.554 [main] DEBUG org.hibernate.persister.walking.spi.MetamodelGraphWalker - Visiting attribute path : levelreq
19:40:30.554 [main] DEBUG org.hibernate.persister.walking.spi.MetamodelGraphWalker - Visiting attribute path : name
19:40:30.554 [main] DEBUG org.hibernate.persister.walking.spi.MetamodelGraphWalker - Visiting attribute path : player
19:40:30.554 [main] DEBUG org.hibernate.loader.plan.build.internal.spaces.QuerySpacesImpl - Adding QuerySpace : uid = <gen:1> -> org.hibernate.loader.plan.build.internal.spaces.EntityQuerySpaceImpl@20ffb8d5]
19:40:30.554 [main] DEBUG org.hibernate.loader.plan.build.internal.FetchStyleLoadPlanBuildingAssociationVisitationStrategy - Building LoadPlan...
19:40:30.554 [main] DEBUG org.hibernate.loader.plan.exec.internal.LoadQueryJoinAndFetchProcessor - processing queryspace <gen:0>
19:40:30.554 [main] DEBUG org.hibernate.loader.plan.build.spi.LoadPlanTreePrinter - LoadPlan(entity=tau.mmo.domain.Item)
    - Returns
       - EntityReturnImpl(entity=tau.mmo.domain.Item, querySpaceUid=<gen:0>, path=tau.mmo.domain.Item)
          - EntityAttributeFetchImpl(entity=tau.mmo.domain.Player, querySpaceUid=<gen:1>, path=tau.mmo.domain.Item.player)
    - QuerySpaces
       - EntityQuerySpaceImpl(uid=<gen:0>, entity=tau.mmo.domain.Item)
          - SQL table alias mapping - item0_
          - alias suffix - 0_
          - suffixed key columns - {id1_0_0_}

19:40:30.554 [main] DEBUG org.hibernate.loader.entity.plan.EntityLoader - Static select for entity tau.mmo.domain.Item [PESSIMISTIC_WRITE]: select item0_.id as id1_0_0_, item0_.itemclass as itemclas2_0_0_, item0_.levelreq as levelreq3_0_0_, item0_.name as name4_0_0_, item0_.player_id as player_i5_0_0_ from item item0_ where item0_.id=? for update
19:40:30.554 [main] DEBUG org.hibernate.loader.plan.build.internal.spaces.QuerySpacesImpl - Adding QuerySpace : uid = <gen:0> -> org.hibernate.loader.plan.build.internal.spaces.EntityQuerySpaceImpl@307c59ea]
19:40:30.554 [main] DEBUG org.hibernate.persister.walking.spi.MetamodelGraphWalker - Visiting attribute path : itemclass
19:40:30.554 [main] DEBUG org.hibernate.persister.walking.spi.MetamodelGraphWalker - Visiting attribute path : levelreq
19:40:30.554 [main] DEBUG org.hibernate.persister.walking.spi.MetamodelGraphWalker - Visiting attribute path : name
19:40:30.554 [main] DEBUG org.hibernate.persister.walking.spi.MetamodelGraphWalker - Visiting attribute path : player
19:40:30.554 [main] DEBUG org.hibernate.loader.plan.build.internal.spaces.QuerySpacesImpl - Adding QuerySpace : uid = <gen:1> -> org.hibernate.loader.plan.build.internal.spaces.EntityQuerySpaceImpl@2edb2f8b]
19:40:30.554 [main] DEBUG org.hibernate.loader.plan.build.internal.FetchStyleLoadPlanBuildingAssociationVisitationStrategy - Building LoadPlan...
19:40:30.555 [main] DEBUG org.hibernate.loader.plan.exec.internal.LoadQueryJoinAndFetchProcessor - processing queryspace <gen:0>
19:40:30.555 [main] DEBUG org.hibernate.loader.plan.build.spi.LoadPlanTreePrinter - LoadPlan(entity=tau.mmo.domain.Item)
    - Returns
       - EntityReturnImpl(entity=tau.mmo.domain.Item, querySpaceUid=<gen:0>, path=tau.mmo.domain.Item)
          - EntityAttributeFetchImpl(entity=tau.mmo.domain.Player, querySpaceUid=<gen:1>, path=tau.mmo.domain.Item.player)
    - QuerySpaces
       - EntityQuerySpaceImpl(uid=<gen:0>, entity=tau.mmo.domain.Item)
          - SQL table alias mapping - item0_
          - alias suffix - 0_
          - suffixed key columns - {id1_0_0_}

19:40:30.555 [main] DEBUG org.hibernate.loader.entity.plan.EntityLoader - Static select for entity tau.mmo.domain.Item [PESSIMISTIC_FORCE_INCREMENT]: select item0_.id as id1_0_0_, item0_.itemclass as itemclas2_0_0_, item0_.levelreq as levelreq3_0_0_, item0_.name as name4_0_0_, item0_.player_id as player_i5_0_0_ from item item0_ where item0_.id=? for update
19:40:30.555 [main] DEBUG org.hibernate.loader.plan.build.internal.spaces.QuerySpacesImpl - Adding QuerySpace : uid = <gen:0> -> org.hibernate.loader.plan.build.internal.spaces.EntityQuerySpaceImpl@733f1395]
19:40:30.555 [main] DEBUG org.hibernate.persister.walking.spi.MetamodelGraphWalker - Visiting attribute path : itemclass
19:40:30.555 [main] DEBUG org.hibernate.persister.walking.spi.MetamodelGraphWalker - Visiting attribute path : levelreq
19:40:30.555 [main] DEBUG org.hibernate.persister.walking.spi.MetamodelGraphWalker - Visiting attribute path : name
19:40:30.555 [main] DEBUG org.hibernate.persister.walking.spi.MetamodelGraphWalker - Visiting attribute path : player
19:40:30.555 [main] DEBUG org.hibernate.loader.plan.build.internal.spaces.QuerySpacesImpl - Adding QuerySpace : uid = <gen:1> -> org.hibernate.loader.plan.build.internal.spaces.EntityQuerySpaceImpl@7772d266]
19:40:30.555 [main] DEBUG org.hibernate.loader.plan.build.internal.FetchStyleLoadPlanBuildingAssociationVisitationStrategy - Building LoadPlan...
19:40:30.555 [main] DEBUG org.hibernate.loader.plan.exec.internal.LoadQueryJoinAndFetchProcessor - processing queryspace <gen:0>
19:40:30.556 [main] DEBUG org.hibernate.loader.plan.build.spi.LoadPlanTreePrinter - LoadPlan(entity=tau.mmo.domain.Item)
    - Returns
       - EntityReturnImpl(entity=tau.mmo.domain.Item, querySpaceUid=<gen:0>, path=tau.mmo.domain.Item)
          - EntityAttributeFetchImpl(entity=tau.mmo.domain.Player, querySpaceUid=<gen:1>, path=tau.mmo.domain.Item.player)
    - QuerySpaces
       - EntityQuerySpaceImpl(uid=<gen:0>, entity=tau.mmo.domain.Item)
          - SQL table alias mapping - item0_
          - alias suffix - 0_
          - suffixed key columns - {id1_0_0_}

19:40:30.556 [main] DEBUG org.hibernate.loader.entity.plan.EntityLoader - Static select for entity tau.mmo.domain.Item [OPTIMISTIC]: select item0_.id as id1_0_0_, item0_.itemclass as itemclas2_0_0_, item0_.levelreq as levelreq3_0_0_, item0_.name as name4_0_0_, item0_.player_id as player_i5_0_0_ from item item0_ where item0_.id=?
19:40:30.556 [main] DEBUG org.hibernate.loader.plan.build.internal.spaces.QuerySpacesImpl - Adding QuerySpace : uid = <gen:0> -> org.hibernate.loader.plan.build.internal.spaces.EntityQuerySpaceImpl@a21c74]
19:40:30.556 [main] DEBUG org.hibernate.persister.walking.spi.MetamodelGraphWalker - Visiting attribute path : itemclass
19:40:30.556 [main] DEBUG org.hibernate.persister.walking.spi.MetamodelGraphWalker - Visiting attribute path : levelreq
19:40:30.556 [main] DEBUG org.hibernate.persister.walking.spi.MetamodelGraphWalker - Visiting attribute path : name
19:40:30.556 [main] DEBUG org.hibernate.persister.walking.spi.MetamodelGraphWalker - Visiting attribute path : player
19:40:30.556 [main] DEBUG org.hibernate.loader.plan.build.internal.spaces.QuerySpacesImpl - Adding QuerySpace : uid = <gen:1> -> org.hibernate.loader.plan.build.internal.spaces.EntityQuerySpaceImpl@5fb8dc01]
19:40:30.556 [main] DEBUG org.hibernate.loader.plan.build.internal.FetchStyleLoadPlanBuildingAssociationVisitationStrategy - Building LoadPlan...
19:40:30.556 [main] DEBUG org.hibernate.loader.plan.exec.internal.LoadQueryJoinAndFetchProcessor - processing queryspace <gen:0>
19:40:30.556 [main] DEBUG org.hibernate.loader.plan.build.spi.LoadPlanTreePrinter - LoadPlan(entity=tau.mmo.domain.Item)
    - Returns
       - EntityReturnImpl(entity=tau.mmo.domain.Item, querySpaceUid=<gen:0>, path=tau.mmo.domain.Item)
          - EntityAttributeFetchImpl(entity=tau.mmo.domain.Player, querySpaceUid=<gen:1>, path=tau.mmo.domain.Item.player)
    - QuerySpaces
       - EntityQuerySpaceImpl(uid=<gen:0>, entity=tau.mmo.domain.Item)
          - SQL table alias mapping - item0_
          - alias suffix - 0_
          - suffixed key columns - {id1_0_0_}

19:40:30.556 [main] DEBUG org.hibernate.loader.entity.plan.EntityLoader - Static select for entity tau.mmo.domain.Item [OPTIMISTIC_FORCE_INCREMENT]: select item0_.id as id1_0_0_, item0_.itemclass as itemclas2_0_0_, item0_.levelreq as levelreq3_0_0_, item0_.name as name4_0_0_, item0_.player_id as player_i5_0_0_ from item item0_ where item0_.id=?
19:40:30.556 [main] DEBUG org.hibernate.loader.Loader - Static select for action ACTION_MERGE on entity tau.mmo.domain.Item: select item0_.id as id1_0_0_, item0_.itemclass as itemclas2_0_0_, item0_.levelreq as levelreq3_0_0_, item0_.name as name4_0_0_, item0_.player_id as player_i5_0_0_ from item item0_ where item0_.id=?
19:40:30.556 [main] DEBUG org.hibernate.loader.Loader - Static select for action ACTION_REFRESH on entity tau.mmo.domain.Item: select item0_.id as id1_0_0_, item0_.itemclass as itemclas2_0_0_, item0_.levelreq as levelreq3_0_0_, item0_.name as name4_0_0_, item0_.player_id as player_i5_0_0_ from item item0_ where item0_.id=?
19:40:30.556 [main] DEBUG org.hibernate.persister.entity.AbstractEntityPersister - Static SQL for entity: tau.mmo.domain.Player
19:40:30.557 [main] DEBUG org.hibernate.persister.entity.AbstractEntityPersister -  Version select: select id from player where id =?
19:40:30.557 [main] DEBUG org.hibernate.persister.entity.AbstractEntityPersister -  Snapshot select: select player_.id, player_.heroclass as heroclas2_1_, player_.level as level3_1_, player_.name as name4_1_ from player player_ where player_.id=?
19:40:30.557 [main] DEBUG org.hibernate.persister.entity.AbstractEntityPersister -  Insert 0: insert into player (heroclass, level, name, id) values (?, ?, ?, ?)
19:40:30.557 [main] DEBUG org.hibernate.persister.entity.AbstractEntityPersister -  Update 0: update player set heroclass=?, level=?, name=? where id=?
19:40:30.557 [main] DEBUG org.hibernate.persister.entity.AbstractEntityPersister -  Delete 0: delete from player where id=?
19:40:30.557 [main] DEBUG org.hibernate.loader.plan.build.internal.spaces.QuerySpacesImpl - Adding QuerySpace : uid = <gen:0> -> org.hibernate.loader.plan.build.internal.spaces.EntityQuerySpaceImpl@3e38c472]
19:40:30.557 [main] DEBUG org.hibernate.persister.walking.spi.MetamodelGraphWalker - Visiting attribute path : heroclass
19:40:30.557 [main] DEBUG org.hibernate.persister.walking.spi.MetamodelGraphWalker - Visiting attribute path : items
19:40:30.557 [main] DEBUG org.hibernate.loader.plan.build.internal.spaces.QuerySpacesImpl - Adding QuerySpace : uid = <gen:1> -> org.hibernate.loader.plan.build.internal.spaces.CollectionQuerySpaceImpl@759a678a]
19:40:30.557 [main] DEBUG org.hibernate.loader.plan.build.internal.spaces.QuerySpacesImpl - Adding QuerySpace : uid = <gen:2> -> org.hibernate.loader.plan.build.internal.spaces.EntityQuerySpaceImpl@6cdbe5ec]
19:40:30.557 [main] DEBUG org.hibernate.persister.walking.spi.MetamodelGraphWalker - Visiting attribute path : items.itemclass
19:40:30.557 [main] DEBUG org.hibernate.persister.walking.spi.MetamodelGraphWalker - Visiting attribute path : items.levelreq
19:40:30.557 [main] DEBUG org.hibernate.persister.walking.spi.MetamodelGraphWalker - Visiting attribute path : items.name
19:40:30.557 [main] DEBUG org.hibernate.persister.walking.spi.MetamodelGraphWalker - Visiting attribute path : items.player
19:40:30.557 [main] DEBUG org.hibernate.persister.walking.spi.MetamodelGraphWalker - Property path deemed to be circular : items.player
19:40:30.557 [main] DEBUG org.hibernate.persister.walking.spi.MetamodelGraphWalker - Visiting attribute path : level
19:40:30.557 [main] DEBUG org.hibernate.persister.walking.spi.MetamodelGraphWalker - Visiting attribute path : name
19:40:30.557 [main] DEBUG org.hibernate.loader.plan.build.internal.FetchStyleLoadPlanBuildingAssociationVisitationStrategy - Building LoadPlan...
19:40:30.557 [main] DEBUG org.hibernate.loader.plan.exec.internal.LoadQueryJoinAndFetchProcessor - processing queryspace <gen:0>
19:40:30.557 [main] DEBUG org.hibernate.loader.plan.build.spi.LoadPlanTreePrinter - LoadPlan(entity=tau.mmo.domain.Player)
    - Returns
       - EntityReturnImpl(entity=tau.mmo.domain.Player, querySpaceUid=<gen:0>, path=tau.mmo.domain.Player)
          - CollectionAttributeFetchImpl(collection=tau.mmo.domain.Player.items, querySpaceUid=<gen:1>, path=tau.mmo.domain.Player.items)
             - (collection element) CollectionFetchableElementEntityGraph(entity=tau.mmo.domain.Item, querySpaceUid=<gen:2>, path=tau.mmo.domain.Player.items.<elements>)
    - QuerySpaces
       - EntityQuerySpaceImpl(uid=<gen:0>, entity=tau.mmo.domain.Player)
          - SQL table alias mapping - player0_
          - alias suffix - 0_
          - suffixed key columns - {id1_1_0_}
          - JOIN (JoinDefinedByMetadata(items)) : <gen:0> -> <gen:1>
             - CollectionQuerySpaceImpl(uid=<gen:1>, collection=tau.mmo.domain.Player.items)
                - SQL table alias mapping - items1_
                - alias suffix - 1_
                - suffixed key columns - {player_i5_0_1_}
                - entity-element alias suffix - 2_
                - 2_entity-element suffixed key columns - id1_0_2_
                - JOIN (JoinDefinedByMetadata(elements)) : <gen:1> -> <gen:2>
                   - EntityQuerySpaceImpl(uid=<gen:2>, entity=tau.mmo.domain.Item)
                      - SQL table alias mapping - items1_
                      - alias suffix - 2_
                      - suffixed key columns - {id1_0_2_}

19:40:30.557 [main] DEBUG org.hibernate.loader.entity.plan.EntityLoader - Static select for entity tau.mmo.domain.Player [NONE]: select player0_.id as id1_1_0_, player0_.heroclass as heroclas2_1_0_, player0_.level as level3_1_0_, player0_.name as name4_1_0_, items1_.player_id as player_i5_0_1_, items1_.id as id1_0_1_, items1_.id as id1_0_2_, items1_.itemclass as itemclas2_0_2_, items1_.levelreq as levelreq3_0_2_, items1_.name as name4_0_2_, items1_.player_id as player_i5_0_2_ from player player0_ left outer join item items1_ on player0_.id=items1_.player_id where player0_.id=?
19:40:30.557 [main] DEBUG org.hibernate.loader.plan.build.internal.spaces.QuerySpacesImpl - Adding QuerySpace : uid = <gen:0> -> org.hibernate.loader.plan.build.internal.spaces.EntityQuerySpaceImpl@554566a8]
19:40:30.557 [main] DEBUG org.hibernate.persister.walking.spi.MetamodelGraphWalker - Visiting attribute path : heroclass
19:40:30.558 [main] DEBUG org.hibernate.persister.walking.spi.MetamodelGraphWalker - Visiting attribute path : items
19:40:30.558 [main] DEBUG org.hibernate.loader.plan.build.internal.spaces.QuerySpacesImpl - Adding QuerySpace : uid = <gen:1> -> org.hibernate.loader.plan.build.internal.spaces.CollectionQuerySpaceImpl@3751acd7]
19:40:30.558 [main] DEBUG org.hibernate.loader.plan.build.internal.spaces.QuerySpacesImpl - Adding QuerySpace : uid = <gen:2> -> org.hibernate.loader.plan.build.internal.spaces.EntityQuerySpaceImpl@6b832551]
19:40:30.558 [main] DEBUG org.hibernate.persister.walking.spi.MetamodelGraphWalker - Visiting attribute path : items.itemclass
19:40:30.558 [main] DEBUG org.hibernate.persister.walking.spi.MetamodelGraphWalker - Visiting attribute path : items.levelreq
19:40:30.558 [main] DEBUG org.hibernate.persister.walking.spi.MetamodelGraphWalker - Visiting attribute path : items.name
19:40:30.558 [main] DEBUG org.hibernate.persister.walking.spi.MetamodelGraphWalker - Visiting attribute path : items.player
19:40:30.558 [main] DEBUG org.hibernate.persister.walking.spi.MetamodelGraphWalker - Property path deemed to be circular : items.player
19:40:30.558 [main] DEBUG org.hibernate.persister.walking.spi.MetamodelGraphWalker - Visiting attribute path : level
19:40:30.558 [main] DEBUG org.hibernate.persister.walking.spi.MetamodelGraphWalker - Visiting attribute path : name
19:40:30.558 [main] DEBUG org.hibernate.loader.plan.build.internal.FetchStyleLoadPlanBuildingAssociationVisitationStrategy - Building LoadPlan...
19:40:30.560 [main] DEBUG org.hibernate.loader.plan.exec.internal.LoadQueryJoinAndFetchProcessor - processing queryspace <gen:0>
19:40:30.561 [main] DEBUG org.hibernate.loader.plan.build.spi.LoadPlanTreePrinter - LoadPlan(entity=tau.mmo.domain.Player)
    - Returns
       - EntityReturnImpl(entity=tau.mmo.domain.Player, querySpaceUid=<gen:0>, path=tau.mmo.domain.Player)
          - CollectionAttributeFetchImpl(collection=tau.mmo.domain.Player.items, querySpaceUid=<gen:1>, path=tau.mmo.domain.Player.items)
             - (collection element) CollectionFetchableElementEntityGraph(entity=tau.mmo.domain.Item, querySpaceUid=<gen:2>, path=tau.mmo.domain.Player.items.<elements>)
    - QuerySpaces
       - EntityQuerySpaceImpl(uid=<gen:0>, entity=tau.mmo.domain.Player)
          - SQL table alias mapping - player0_
          - alias suffix - 0_
          - suffixed key columns - {id1_1_0_}
          - JOIN (JoinDefinedByMetadata(items)) : <gen:0> -> <gen:1>
             - CollectionQuerySpaceImpl(uid=<gen:1>, collection=tau.mmo.domain.Player.items)
                - SQL table alias mapping - items1_
                - alias suffix - 1_
                - suffixed key columns - {player_i5_0_1_}
                - entity-element alias suffix - 2_
                - 2_entity-element suffixed key columns - id1_0_2_
                - JOIN (JoinDefinedByMetadata(elements)) : <gen:1> -> <gen:2>
                   - EntityQuerySpaceImpl(uid=<gen:2>, entity=tau.mmo.domain.Item)
                      - SQL table alias mapping - items1_
                      - alias suffix - 2_
                      - suffixed key columns - {id1_0_2_}

19:40:30.561 [main] DEBUG org.hibernate.loader.entity.plan.EntityLoader - Static select for entity tau.mmo.domain.Player [READ]: select player0_.id as id1_1_0_, player0_.heroclass as heroclas2_1_0_, player0_.level as level3_1_0_, player0_.name as name4_1_0_, items1_.player_id as player_i5_0_1_, items1_.id as id1_0_1_, items1_.id as id1_0_2_, items1_.itemclass as itemclas2_0_2_, items1_.levelreq as levelreq3_0_2_, items1_.name as name4_0_2_, items1_.player_id as player_i5_0_2_ from player player0_ left outer join item items1_ on player0_.id=items1_.player_id where player0_.id=?
19:40:30.561 [main] DEBUG org.hibernate.loader.plan.build.internal.spaces.QuerySpacesImpl - Adding QuerySpace : uid = <gen:0> -> org.hibernate.loader.plan.build.internal.spaces.EntityQuerySpaceImpl@591f6f83]
19:40:30.561 [main] DEBUG org.hibernate.persister.walking.spi.MetamodelGraphWalker - Visiting attribute path : heroclass
19:40:30.561 [main] DEBUG org.hibernate.persister.walking.spi.MetamodelGraphWalker - Visiting attribute path : items
19:40:30.561 [main] DEBUG org.hibernate.loader.plan.build.internal.spaces.QuerySpacesImpl - Adding QuerySpace : uid = <gen:1> -> org.hibernate.loader.plan.build.internal.spaces.CollectionQuerySpaceImpl@55421b8d]
19:40:30.561 [main] DEBUG org.hibernate.loader.plan.build.internal.spaces.QuerySpacesImpl - Adding QuerySpace : uid = <gen:2> -> org.hibernate.loader.plan.build.internal.spaces.EntityQuerySpaceImpl@24a04257]
19:40:30.561 [main] DEBUG org.hibernate.persister.walking.spi.MetamodelGraphWalker - Visiting attribute path : level
19:40:30.561 [main] DEBUG org.hibernate.persister.walking.spi.MetamodelGraphWalker - Visiting attribute path : name
19:40:30.561 [main] DEBUG org.hibernate.loader.plan.build.internal.FetchStyleLoadPlanBuildingAssociationVisitationStrategy - Building LoadPlan...
19:40:30.561 [main] DEBUG org.hibernate.loader.plan.exec.internal.LoadQueryJoinAndFetchProcessor - processing queryspace <gen:0>
19:40:30.561 [main] DEBUG org.hibernate.loader.plan.build.spi.LoadPlanTreePrinter - LoadPlan(entity=tau.mmo.domain.Player)
    - Returns
       - EntityReturnImpl(entity=tau.mmo.domain.Player, querySpaceUid=<gen:0>, path=tau.mmo.domain.Player)
          - CollectionAttributeFetchImpl(collection=tau.mmo.domain.Player.items, querySpaceUid=<gen:1>, path=tau.mmo.domain.Player.items)
             - (collection element) CollectionFetchableElementEntityGraph(entity=tau.mmo.domain.Item, querySpaceUid=<gen:2>, path=tau.mmo.domain.Player.items.<elements>)
    - QuerySpaces
       - EntityQuerySpaceImpl(uid=<gen:0>, entity=tau.mmo.domain.Player)
          - SQL table alias mapping - player0_
          - alias suffix - 0_
          - suffixed key columns - {id1_1_0_}

19:40:30.561 [main] DEBUG org.hibernate.loader.entity.plan.EntityLoader - Static select for entity tau.mmo.domain.Player [UPGRADE]: select player0_.id as id1_1_0_, player0_.heroclass as heroclas2_1_0_, player0_.level as level3_1_0_, player0_.name as name4_1_0_ from player player0_ where player0_.id=? for update
19:40:30.561 [main] DEBUG org.hibernate.loader.plan.build.internal.spaces.QuerySpacesImpl - Adding QuerySpace : uid = <gen:0> -> org.hibernate.loader.plan.build.internal.spaces.EntityQuerySpaceImpl@6615237]
19:40:30.561 [main] DEBUG org.hibernate.persister.walking.spi.MetamodelGraphWalker - Visiting attribute path : heroclass
19:40:30.561 [main] DEBUG org.hibernate.persister.walking.spi.MetamodelGraphWalker - Visiting attribute path : items
19:40:30.561 [main] DEBUG org.hibernate.loader.plan.build.internal.spaces.QuerySpacesImpl - Adding QuerySpace : uid = <gen:1> -> org.hibernate.loader.plan.build.internal.spaces.CollectionQuerySpaceImpl@4bf4680c]
19:40:30.561 [main] DEBUG org.hibernate.loader.plan.build.internal.spaces.QuerySpacesImpl - Adding QuerySpace : uid = <gen:2> -> org.hibernate.loader.plan.build.internal.spaces.EntityQuerySpaceImpl@6d6039df]
19:40:30.561 [main] DEBUG org.hibernate.persister.walking.spi.MetamodelGraphWalker - Visiting attribute path : level
19:40:30.561 [main] DEBUG org.hibernate.persister.walking.spi.MetamodelGraphWalker - Visiting attribute path : name
19:40:30.561 [main] DEBUG org.hibernate.loader.plan.build.internal.FetchStyleLoadPlanBuildingAssociationVisitationStrategy - Building LoadPlan...
19:40:30.562 [main] DEBUG org.hibernate.loader.plan.exec.internal.LoadQueryJoinAndFetchProcessor - processing queryspace <gen:0>
19:40:30.562 [main] DEBUG org.hibernate.loader.plan.build.spi.LoadPlanTreePrinter - LoadPlan(entity=tau.mmo.domain.Player)
    - Returns
       - EntityReturnImpl(entity=tau.mmo.domain.Player, querySpaceUid=<gen:0>, path=tau.mmo.domain.Player)
          - CollectionAttributeFetchImpl(collection=tau.mmo.domain.Player.items, querySpaceUid=<gen:1>, path=tau.mmo.domain.Player.items)
             - (collection element) CollectionFetchableElementEntityGraph(entity=tau.mmo.domain.Item, querySpaceUid=<gen:2>, path=tau.mmo.domain.Player.items.<elements>)
    - QuerySpaces
       - EntityQuerySpaceImpl(uid=<gen:0>, entity=tau.mmo.domain.Player)
          - SQL table alias mapping - player0_
          - alias suffix - 0_
          - suffixed key columns - {id1_1_0_}

19:40:30.562 [main] DEBUG org.hibernate.loader.entity.plan.EntityLoader - Static select for entity tau.mmo.domain.Player [UPGRADE_NOWAIT]: select player0_.id as id1_1_0_, player0_.heroclass as heroclas2_1_0_, player0_.level as level3_1_0_, player0_.name as name4_1_0_ from player player0_ where player0_.id=? for update
19:40:30.562 [main] DEBUG org.hibernate.loader.plan.build.internal.spaces.QuerySpacesImpl - Adding QuerySpace : uid = <gen:0> -> org.hibernate.loader.plan.build.internal.spaces.EntityQuerySpaceImpl@611c3eae]
19:40:30.562 [main] DEBUG org.hibernate.persister.walking.spi.MetamodelGraphWalker - Visiting attribute path : heroclass
19:40:30.562 [main] DEBUG org.hibernate.persister.walking.spi.MetamodelGraphWalker - Visiting attribute path : items
19:40:30.562 [main] DEBUG org.hibernate.loader.plan.build.internal.spaces.QuerySpacesImpl - Adding QuerySpace : uid = <gen:1> -> org.hibernate.loader.plan.build.internal.spaces.CollectionQuerySpaceImpl@7b3cbe6e]
19:40:30.562 [main] DEBUG org.hibernate.loader.plan.build.internal.spaces.QuerySpacesImpl - Adding QuerySpace : uid = <gen:2> -> org.hibernate.loader.plan.build.internal.spaces.EntityQuerySpaceImpl@177ede17]
19:40:30.562 [main] DEBUG org.hibernate.persister.walking.spi.MetamodelGraphWalker - Visiting attribute path : level
19:40:30.562 [main] DEBUG org.hibernate.persister.walking.spi.MetamodelGraphWalker - Visiting attribute path : name
19:40:30.562 [main] DEBUG org.hibernate.loader.plan.build.internal.FetchStyleLoadPlanBuildingAssociationVisitationStrategy - Building LoadPlan...
19:40:30.562 [main] DEBUG org.hibernate.loader.plan.exec.internal.LoadQueryJoinAndFetchProcessor - processing queryspace <gen:0>
19:40:30.562 [main] DEBUG org.hibernate.loader.plan.build.spi.LoadPlanTreePrinter - LoadPlan(entity=tau.mmo.domain.Player)
    - Returns
       - EntityReturnImpl(entity=tau.mmo.domain.Player, querySpaceUid=<gen:0>, path=tau.mmo.domain.Player)
          - CollectionAttributeFetchImpl(collection=tau.mmo.domain.Player.items, querySpaceUid=<gen:1>, path=tau.mmo.domain.Player.items)
             - (collection element) CollectionFetchableElementEntityGraph(entity=tau.mmo.domain.Item, querySpaceUid=<gen:2>, path=tau.mmo.domain.Player.items.<elements>)
    - QuerySpaces
       - EntityQuerySpaceImpl(uid=<gen:0>, entity=tau.mmo.domain.Player)
          - SQL table alias mapping - player0_
          - alias suffix - 0_
          - suffixed key columns - {id1_1_0_}

19:40:30.562 [main] DEBUG org.hibernate.loader.entity.plan.EntityLoader - Static select for entity tau.mmo.domain.Player [UPGRADE_SKIPLOCKED]: select player0_.id as id1_1_0_, player0_.heroclass as heroclas2_1_0_, player0_.level as level3_1_0_, player0_.name as name4_1_0_ from player player0_ where player0_.id=? for update
19:40:30.562 [main] DEBUG org.hibernate.loader.plan.build.internal.spaces.QuerySpacesImpl - Adding QuerySpace : uid = <gen:0> -> org.hibernate.loader.plan.build.internal.spaces.EntityQuerySpaceImpl@17176b18]
19:40:30.562 [main] DEBUG org.hibernate.persister.walking.spi.MetamodelGraphWalker - Visiting attribute path : heroclass
19:40:30.562 [main] DEBUG org.hibernate.persister.walking.spi.MetamodelGraphWalker - Visiting attribute path : items
19:40:30.562 [main] DEBUG org.hibernate.loader.plan.build.internal.spaces.QuerySpacesImpl - Adding QuerySpace : uid = <gen:1> -> org.hibernate.loader.plan.build.internal.spaces.CollectionQuerySpaceImpl@1ab53860]
19:40:30.562 [main] DEBUG org.hibernate.loader.plan.build.internal.spaces.QuerySpacesImpl - Adding QuerySpace : uid = <gen:2> -> org.hibernate.loader.plan.build.internal.spaces.EntityQuerySpaceImpl@7b5ac347]
19:40:30.562 [main] DEBUG org.hibernate.persister.walking.spi.MetamodelGraphWalker - Visiting attribute path : level
19:40:30.562 [main] DEBUG org.hibernate.persister.walking.spi.MetamodelGraphWalker - Visiting attribute path : name
19:40:30.562 [main] DEBUG org.hibernate.loader.plan.build.internal.FetchStyleLoadPlanBuildingAssociationVisitationStrategy - Building LoadPlan...
19:40:30.563 [main] DEBUG org.hibernate.loader.plan.exec.internal.LoadQueryJoinAndFetchProcessor - processing queryspace <gen:0>
19:40:30.563 [main] DEBUG org.hibernate.loader.plan.build.spi.LoadPlanTreePrinter - LoadPlan(entity=tau.mmo.domain.Player)
    - Returns
       - EntityReturnImpl(entity=tau.mmo.domain.Player, querySpaceUid=<gen:0>, path=tau.mmo.domain.Player)
          - CollectionAttributeFetchImpl(collection=tau.mmo.domain.Player.items, querySpaceUid=<gen:1>, path=tau.mmo.domain.Player.items)
             - (collection element) CollectionFetchableElementEntityGraph(entity=tau.mmo.domain.Item, querySpaceUid=<gen:2>, path=tau.mmo.domain.Player.items.<elements>)
    - QuerySpaces
       - EntityQuerySpaceImpl(uid=<gen:0>, entity=tau.mmo.domain.Player)
          - SQL table alias mapping - player0_
          - alias suffix - 0_
          - suffixed key columns - {id1_1_0_}

19:40:30.563 [main] DEBUG org.hibernate.loader.entity.plan.EntityLoader - Static select for entity tau.mmo.domain.Player [FORCE]: select player0_.id as id1_1_0_, player0_.heroclass as heroclas2_1_0_, player0_.level as level3_1_0_, player0_.name as name4_1_0_ from player player0_ where player0_.id=? for update
19:40:30.563 [main] DEBUG org.hibernate.loader.plan.build.internal.spaces.QuerySpacesImpl - Adding QuerySpace : uid = <gen:0> -> org.hibernate.loader.plan.build.internal.spaces.EntityQuerySpaceImpl@57b9389f]
19:40:30.563 [main] DEBUG org.hibernate.persister.walking.spi.MetamodelGraphWalker - Visiting attribute path : heroclass
19:40:30.563 [main] DEBUG org.hibernate.persister.walking.spi.MetamodelGraphWalker - Visiting attribute path : items
19:40:30.563 [main] DEBUG org.hibernate.loader.plan.build.internal.spaces.QuerySpacesImpl - Adding QuerySpace : uid = <gen:1> -> org.hibernate.loader.plan.build.internal.spaces.CollectionQuerySpaceImpl@41f785e3]
19:40:30.563 [main] DEBUG org.hibernate.loader.plan.build.internal.spaces.QuerySpacesImpl - Adding QuerySpace : uid = <gen:2> -> org.hibernate.loader.plan.build.internal.spaces.EntityQuerySpaceImpl@6c9a3661]
19:40:30.563 [main] DEBUG org.hibernate.persister.walking.spi.MetamodelGraphWalker - Visiting attribute path : level
19:40:30.563 [main] DEBUG org.hibernate.persister.walking.spi.MetamodelGraphWalker - Visiting attribute path : name
19:40:30.563 [main] DEBUG org.hibernate.loader.plan.build.internal.FetchStyleLoadPlanBuildingAssociationVisitationStrategy - Building LoadPlan...
19:40:30.563 [main] DEBUG org.hibernate.loader.plan.exec.internal.LoadQueryJoinAndFetchProcessor - processing queryspace <gen:0>
19:40:30.563 [main] DEBUG org.hibernate.loader.plan.build.spi.LoadPlanTreePrinter - LoadPlan(entity=tau.mmo.domain.Player)
    - Returns
       - EntityReturnImpl(entity=tau.mmo.domain.Player, querySpaceUid=<gen:0>, path=tau.mmo.domain.Player)
          - CollectionAttributeFetchImpl(collection=tau.mmo.domain.Player.items, querySpaceUid=<gen:1>, path=tau.mmo.domain.Player.items)
             - (collection element) CollectionFetchableElementEntityGraph(entity=tau.mmo.domain.Item, querySpaceUid=<gen:2>, path=tau.mmo.domain.Player.items.<elements>)
    - QuerySpaces
       - EntityQuerySpaceImpl(uid=<gen:0>, entity=tau.mmo.domain.Player)
          - SQL table alias mapping - player0_
          - alias suffix - 0_
          - suffixed key columns - {id1_1_0_}

19:40:30.563 [main] DEBUG org.hibernate.loader.entity.plan.EntityLoader - Static select for entity tau.mmo.domain.Player [PESSIMISTIC_READ]: select player0_.id as id1_1_0_, player0_.heroclass as heroclas2_1_0_, player0_.level as level3_1_0_, player0_.name as name4_1_0_ from player player0_ where player0_.id=? for update
19:40:30.564 [main] DEBUG org.hibernate.loader.plan.build.internal.spaces.QuerySpacesImpl - Adding QuerySpace : uid = <gen:0> -> org.hibernate.loader.plan.build.internal.spaces.EntityQuerySpaceImpl@727986ad]
19:40:30.564 [main] DEBUG org.hibernate.persister.walking.spi.MetamodelGraphWalker - Visiting attribute path : heroclass
19:40:30.564 [main] DEBUG org.hibernate.persister.walking.spi.MetamodelGraphWalker - Visiting attribute path : items
19:40:30.564 [main] DEBUG org.hibernate.loader.plan.build.internal.spaces.QuerySpacesImpl - Adding QuerySpace : uid = <gen:1> -> org.hibernate.loader.plan.build.internal.spaces.CollectionQuerySpaceImpl@6b25ef1c]
19:40:30.564 [main] DEBUG org.hibernate.loader.plan.build.internal.spaces.QuerySpacesImpl - Adding QuerySpace : uid = <gen:2> -> org.hibernate.loader.plan.build.internal.spaces.EntityQuerySpaceImpl@56b1e527]
19:40:30.564 [main] DEBUG org.hibernate.persister.walking.spi.MetamodelGraphWalker - Visiting attribute path : level
19:40:30.564 [main] DEBUG org.hibernate.persister.walking.spi.MetamodelGraphWalker - Visiting attribute path : name
19:40:30.564 [main] DEBUG org.hibernate.loader.plan.build.internal.FetchStyleLoadPlanBuildingAssociationVisitationStrategy - Building LoadPlan...
19:40:30.564 [main] DEBUG org.hibernate.loader.plan.exec.internal.LoadQueryJoinAndFetchProcessor - processing queryspace <gen:0>
19:40:30.564 [main] DEBUG org.hibernate.loader.plan.build.spi.LoadPlanTreePrinter - LoadPlan(entity=tau.mmo.domain.Player)
    - Returns
       - EntityReturnImpl(entity=tau.mmo.domain.Player, querySpaceUid=<gen:0>, path=tau.mmo.domain.Player)
          - CollectionAttributeFetchImpl(collection=tau.mmo.domain.Player.items, querySpaceUid=<gen:1>, path=tau.mmo.domain.Player.items)
             - (collection element) CollectionFetchableElementEntityGraph(entity=tau.mmo.domain.Item, querySpaceUid=<gen:2>, path=tau.mmo.domain.Player.items.<elements>)
    - QuerySpaces
       - EntityQuerySpaceImpl(uid=<gen:0>, entity=tau.mmo.domain.Player)
          - SQL table alias mapping - player0_
          - alias suffix - 0_
          - suffixed key columns - {id1_1_0_}

19:40:30.564 [main] DEBUG org.hibernate.loader.entity.plan.EntityLoader - Static select for entity tau.mmo.domain.Player [PESSIMISTIC_WRITE]: select player0_.id as id1_1_0_, player0_.heroclass as heroclas2_1_0_, player0_.level as level3_1_0_, player0_.name as name4_1_0_ from player player0_ where player0_.id=? for update
19:40:30.565 [main] DEBUG org.hibernate.loader.plan.build.internal.spaces.QuerySpacesImpl - Adding QuerySpace : uid = <gen:0> -> org.hibernate.loader.plan.build.internal.spaces.EntityQuerySpaceImpl@68c34db2]
19:40:30.565 [main] DEBUG org.hibernate.persister.walking.spi.MetamodelGraphWalker - Visiting attribute path : heroclass
19:40:30.565 [main] DEBUG org.hibernate.persister.walking.spi.MetamodelGraphWalker - Visiting attribute path : items
19:40:30.565 [main] DEBUG org.hibernate.loader.plan.build.internal.spaces.QuerySpacesImpl - Adding QuerySpace : uid = <gen:1> -> org.hibernate.loader.plan.build.internal.spaces.CollectionQuerySpaceImpl@3f0ce0d1]
19:40:30.565 [main] DEBUG org.hibernate.loader.plan.build.internal.spaces.QuerySpacesImpl - Adding QuerySpace : uid = <gen:2> -> org.hibernate.loader.plan.build.internal.spaces.EntityQuerySpaceImpl@664db2ca]
19:40:30.565 [main] DEBUG org.hibernate.persister.walking.spi.MetamodelGraphWalker - Visiting attribute path : level
19:40:30.565 [main] DEBUG org.hibernate.persister.walking.spi.MetamodelGraphWalker - Visiting attribute path : name
19:40:30.565 [main] DEBUG org.hibernate.loader.plan.build.internal.FetchStyleLoadPlanBuildingAssociationVisitationStrategy - Building LoadPlan...
19:40:30.565 [main] DEBUG org.hibernate.loader.plan.exec.internal.LoadQueryJoinAndFetchProcessor - processing queryspace <gen:0>
19:40:30.565 [main] DEBUG org.hibernate.loader.plan.build.spi.LoadPlanTreePrinter - LoadPlan(entity=tau.mmo.domain.Player)
    - Returns
       - EntityReturnImpl(entity=tau.mmo.domain.Player, querySpaceUid=<gen:0>, path=tau.mmo.domain.Player)
          - CollectionAttributeFetchImpl(collection=tau.mmo.domain.Player.items, querySpaceUid=<gen:1>, path=tau.mmo.domain.Player.items)
             - (collection element) CollectionFetchableElementEntityGraph(entity=tau.mmo.domain.Item, querySpaceUid=<gen:2>, path=tau.mmo.domain.Player.items.<elements>)
    - QuerySpaces
       - EntityQuerySpaceImpl(uid=<gen:0>, entity=tau.mmo.domain.Player)
          - SQL table alias mapping - player0_
          - alias suffix - 0_
          - suffixed key columns - {id1_1_0_}

19:40:30.565 [main] DEBUG org.hibernate.loader.entity.plan.EntityLoader - Static select for entity tau.mmo.domain.Player [PESSIMISTIC_FORCE_INCREMENT]: select player0_.id as id1_1_0_, player0_.heroclass as heroclas2_1_0_, player0_.level as level3_1_0_, player0_.name as name4_1_0_ from player player0_ where player0_.id=? for update
19:40:30.565 [main] DEBUG org.hibernate.loader.plan.build.internal.spaces.QuerySpacesImpl - Adding QuerySpace : uid = <gen:0> -> org.hibernate.loader.plan.build.internal.spaces.EntityQuerySpaceImpl@1491cd6c]
19:40:30.565 [main] DEBUG org.hibernate.persister.walking.spi.MetamodelGraphWalker - Visiting attribute path : heroclass
19:40:30.565 [main] DEBUG org.hibernate.persister.walking.spi.MetamodelGraphWalker - Visiting attribute path : items
19:40:30.566 [main] DEBUG org.hibernate.loader.plan.build.internal.spaces.QuerySpacesImpl - Adding QuerySpace : uid = <gen:1> -> org.hibernate.loader.plan.build.internal.spaces.CollectionQuerySpaceImpl@1aedf08d]
19:40:30.566 [main] DEBUG org.hibernate.loader.plan.build.internal.spaces.QuerySpacesImpl - Adding QuerySpace : uid = <gen:2> -> org.hibernate.loader.plan.build.internal.spaces.EntityQuerySpaceImpl@113dcaf8]
19:40:30.566 [main] DEBUG org.hibernate.persister.walking.spi.MetamodelGraphWalker - Visiting attribute path : level
19:40:30.566 [main] DEBUG org.hibernate.persister.walking.spi.MetamodelGraphWalker - Visiting attribute path : name
19:40:30.566 [main] DEBUG org.hibernate.loader.plan.build.internal.FetchStyleLoadPlanBuildingAssociationVisitationStrategy - Building LoadPlan...
19:40:30.566 [main] DEBUG org.hibernate.loader.plan.exec.internal.LoadQueryJoinAndFetchProcessor - processing queryspace <gen:0>
19:40:30.566 [main] DEBUG org.hibernate.loader.plan.build.spi.LoadPlanTreePrinter - LoadPlan(entity=tau.mmo.domain.Player)
    - Returns
       - EntityReturnImpl(entity=tau.mmo.domain.Player, querySpaceUid=<gen:0>, path=tau.mmo.domain.Player)
          - CollectionAttributeFetchImpl(collection=tau.mmo.domain.Player.items, querySpaceUid=<gen:1>, path=tau.mmo.domain.Player.items)
             - (collection element) CollectionFetchableElementEntityGraph(entity=tau.mmo.domain.Item, querySpaceUid=<gen:2>, path=tau.mmo.domain.Player.items.<elements>)
    - QuerySpaces
       - EntityQuerySpaceImpl(uid=<gen:0>, entity=tau.mmo.domain.Player)
          - SQL table alias mapping - player0_
          - alias suffix - 0_
          - suffixed key columns - {id1_1_0_}

19:40:30.566 [main] DEBUG org.hibernate.loader.entity.plan.EntityLoader - Static select for entity tau.mmo.domain.Player [OPTIMISTIC]: select player0_.id as id1_1_0_, player0_.heroclass as heroclas2_1_0_, player0_.level as level3_1_0_, player0_.name as name4_1_0_ from player player0_ where player0_.id=?
19:40:30.566 [main] DEBUG org.hibernate.loader.plan.build.internal.spaces.QuerySpacesImpl - Adding QuerySpace : uid = <gen:0> -> org.hibernate.loader.plan.build.internal.spaces.EntityQuerySpaceImpl@b5d9f1e]
19:40:30.566 [main] DEBUG org.hibernate.persister.walking.spi.MetamodelGraphWalker - Visiting attribute path : heroclass
19:40:30.566 [main] DEBUG org.hibernate.persister.walking.spi.MetamodelGraphWalker - Visiting attribute path : items
19:40:30.566 [main] DEBUG org.hibernate.loader.plan.build.internal.spaces.QuerySpacesImpl - Adding QuerySpace : uid = <gen:1> -> org.hibernate.loader.plan.build.internal.spaces.CollectionQuerySpaceImpl@401317a0]
19:40:30.566 [main] DEBUG org.hibernate.loader.plan.build.internal.spaces.QuerySpacesImpl - Adding QuerySpace : uid = <gen:2> -> org.hibernate.loader.plan.build.internal.spaces.EntityQuerySpaceImpl@3f866f50]
19:40:30.566 [main] DEBUG org.hibernate.persister.walking.spi.MetamodelGraphWalker - Visiting attribute path : level
19:40:30.566 [main] DEBUG org.hibernate.persister.walking.spi.MetamodelGraphWalker - Visiting attribute path : name
19:40:30.566 [main] DEBUG org.hibernate.loader.plan.build.internal.FetchStyleLoadPlanBuildingAssociationVisitationStrategy - Building LoadPlan...
19:40:30.566 [main] DEBUG org.hibernate.loader.plan.exec.internal.LoadQueryJoinAndFetchProcessor - processing queryspace <gen:0>
19:40:30.567 [main] DEBUG org.hibernate.loader.plan.build.spi.LoadPlanTreePrinter - LoadPlan(entity=tau.mmo.domain.Player)
    - Returns
       - EntityReturnImpl(entity=tau.mmo.domain.Player, querySpaceUid=<gen:0>, path=tau.mmo.domain.Player)
          - CollectionAttributeFetchImpl(collection=tau.mmo.domain.Player.items, querySpaceUid=<gen:1>, path=tau.mmo.domain.Player.items)
             - (collection element) CollectionFetchableElementEntityGraph(entity=tau.mmo.domain.Item, querySpaceUid=<gen:2>, path=tau.mmo.domain.Player.items.<elements>)
    - QuerySpaces
       - EntityQuerySpaceImpl(uid=<gen:0>, entity=tau.mmo.domain.Player)
          - SQL table alias mapping - player0_
          - alias suffix - 0_
          - suffixed key columns - {id1_1_0_}

19:40:30.567 [main] DEBUG org.hibernate.loader.entity.plan.EntityLoader - Static select for entity tau.mmo.domain.Player [OPTIMISTIC_FORCE_INCREMENT]: select player0_.id as id1_1_0_, player0_.heroclass as heroclas2_1_0_, player0_.level as level3_1_0_, player0_.name as name4_1_0_ from player player0_ where player0_.id=?
19:40:30.567 [main] DEBUG org.hibernate.loader.Loader - Static select for action ACTION_MERGE on entity tau.mmo.domain.Player: select player0_.id as id1_1_0_, player0_.heroclass as heroclas2_1_0_, player0_.level as level3_1_0_, player0_.name as name4_1_0_ from player player0_ where player0_.id=?
19:40:30.567 [main] DEBUG org.hibernate.loader.Loader - Static select for action ACTION_REFRESH on entity tau.mmo.domain.Player: select player0_.id as id1_1_0_, player0_.heroclass as heroclas2_1_0_, player0_.level as level3_1_0_, player0_.name as name4_1_0_ from player player0_ where player0_.id=?
19:40:30.567 [main] DEBUG org.hibernate.loader.plan.build.internal.spaces.QuerySpacesImpl - Adding QuerySpace : uid = <gen:0> -> org.hibernate.loader.plan.build.internal.spaces.CollectionQuerySpaceImpl@5844a2d1]
19:40:30.567 [main] DEBUG org.hibernate.loader.plan.build.internal.spaces.QuerySpacesImpl - Adding QuerySpace : uid = <gen:1> -> org.hibernate.loader.plan.build.internal.spaces.EntityQuerySpaceImpl@1201769d]
19:40:30.567 [main] DEBUG org.hibernate.persister.walking.spi.MetamodelGraphWalker - Visiting attribute path : itemclass
19:40:30.567 [main] DEBUG org.hibernate.persister.walking.spi.MetamodelGraphWalker - Visiting attribute path : levelreq
19:40:30.567 [main] DEBUG org.hibernate.persister.walking.spi.MetamodelGraphWalker - Visiting attribute path : name
19:40:30.567 [main] DEBUG org.hibernate.persister.walking.spi.MetamodelGraphWalker - Visiting attribute path : player
19:40:30.567 [main] DEBUG org.hibernate.persister.walking.spi.MetamodelGraphWalker - Property path deemed to be circular : player
19:40:30.567 [main] DEBUG org.hibernate.loader.plan.build.internal.FetchStyleLoadPlanBuildingAssociationVisitationStrategy - Building LoadPlan...
19:40:30.567 [main] DEBUG org.hibernate.loader.plan.exec.internal.LoadQueryJoinAndFetchProcessor - processing queryspace <gen:0>
19:40:30.567 [main] DEBUG org.hibernate.loader.plan.build.spi.LoadPlanTreePrinter - LoadPlan(collection=tau.mmo.domain.Player.items)
    - Returns
       - CollectionReturnImpl(collection=tau.mmo.domain.Player.items, querySpaceUid=<gen:0>, path=[tau.mmo.domain.Player.items])
          - (collection element) CollectionFetchableElementEntityGraph(entity=tau.mmo.domain.Item, querySpaceUid=<gen:1>, path=[tau.mmo.domain.Player.items].<elements>)
    - QuerySpaces
       - CollectionQuerySpaceImpl(uid=<gen:0>, collection=tau.mmo.domain.Player.items)
          - SQL table alias mapping - items0_
          - alias suffix - 0_
          - suffixed key columns - {player_i5_0_0_}
          - entity-element alias suffix - 1_
          - 1_entity-element suffixed key columns - id1_0_1_
          - JOIN (JoinDefinedByMetadata(elements)) : <gen:0> -> <gen:1>
             - EntityQuerySpaceImpl(uid=<gen:1>, entity=tau.mmo.domain.Item)
                - SQL table alias mapping - items0_
                - alias suffix - 1_
                - suffixed key columns - {id1_0_1_}

19:40:30.568 [main] DEBUG org.hibernate.loader.collection.plan.CollectionLoader - Static select for collection tau.mmo.domain.Player.items: select items0_.player_id as player_i5_0_0_, items0_.id as id1_0_0_, items0_.id as id1_0_1_, items0_.itemclass as itemclas2_0_1_, items0_.levelreq as levelreq3_0_1_, items0_.name as name4_0_1_, items0_.player_id as player_i5_0_1_ from item items0_ where items0_.player_id=?
19:40:30.568 [main] DEBUG org.hibernate.internal.SessionFactoryImpl - Instantiated session factory
19:40:30.568 [main] DEBUG org.springframework.jdbc.datasource.DriverManagerDataSource - Creating new JDBC DriverManager Connection to [jdbc:hsqldb:hsql://localhost/workdb]
19:40:30.569 [main] DEBUG org.hibernate.engine.jdbc.spi.SqlExceptionHelper - Unable to open JDBC Connection for DDL execution [n/a]
java.sql.SQLTransientConnectionException: java.net.ConnectException: Połączenie odrzucone (Connection refused)
	at org.hsqldb.jdbc.JDBCUtil.sqlException(Unknown Source)
	at org.hsqldb.jdbc.JDBCUtil.sqlException(Unknown Source)
	at org.hsqldb.jdbc.JDBCConnection.<init>(Unknown Source)
	at org.hsqldb.jdbc.JDBCDriver.getConnection(Unknown Source)
	at org.hsqldb.jdbc.JDBCDriver.connect(Unknown Source)
	at java.sql/java.sql.DriverManager.getConnection(DriverManager.java:677)
	at java.sql/java.sql.DriverManager.getConnection(DriverManager.java:189)
	at org.springframework.jdbc.datasource.DriverManagerDataSource.getConnectionFromDriverManager(DriverManagerDataSource.java:154)
	at org.springframework.jdbc.datasource.DriverManagerDataSource.getConnectionFromDriver(DriverManagerDataSource.java:145)
	at org.springframework.jdbc.datasource.AbstractDriverBasedDataSource.getConnectionFromDriver(AbstractDriverBasedDataSource.java:205)
	at org.springframework.jdbc.datasource.AbstractDriverBasedDataSource.getConnection(AbstractDriverBasedDataSource.java:169)
	at org.hibernate.engine.jdbc.connections.internal.DatasourceConnectionProviderImpl.getConnection(DatasourceConnectionProviderImpl.java:122)
	at org.hibernate.engine.jdbc.env.internal.JdbcEnvironmentInitiator$ConnectionProviderJdbcConnectionAccess.obtainConnection(JdbcEnvironmentInitiator.java:180)
	at org.hibernate.resource.transaction.backend.jdbc.internal.DdlTransactionIsolatorNonJtaImpl.getIsolatedConnection(DdlTransactionIsolatorNonJtaImpl.java:43)
	at org.hibernate.tool.schema.internal.exec.ImprovedExtractionContextImpl.getJdbcConnection(ImprovedExtractionContextImpl.java:60)
	at org.hibernate.tool.schema.extract.internal.SequenceInformationExtractorLegacyImpl.extractMetadata(SequenceInformationExtractorLegacyImpl.java:40)
	at org.hibernate.tool.schema.extract.internal.DatabaseInformationImpl.initializeSequences(DatabaseInformationImpl.java:65)
	at org.hibernate.tool.schema.extract.internal.DatabaseInformationImpl.<init>(DatabaseInformationImpl.java:59)
	at org.hibernate.tool.schema.internal.Helper.buildDatabaseInformation(Helper.java:130)
	at org.hibernate.tool.schema.internal.AbstractSchemaMigrator.doMigration(AbstractSchemaMigrator.java:92)
	at org.hibernate.tool.schema.spi.SchemaManagementToolCoordinator.performDatabaseAction(SchemaManagementToolCoordinator.java:176)
	at org.hibernate.tool.schema.spi.SchemaManagementToolCoordinator.process(SchemaManagementToolCoordinator.java:65)
	at org.hibernate.internal.SessionFactoryImpl.<init>(SessionFactoryImpl.java:459)
	at org.hibernate.boot.internal.SessionFactoryBuilderImpl.build(SessionFactoryBuilderImpl.java:465)
	at org.hibernate.cfg.Configuration.buildSessionFactory(Configuration.java:711)
	at org.hibernate.cfg.Configuration.buildSessionFactory(Configuration.java:727)
	at org.springframework.orm.hibernate5.LocalSessionFactoryBean.buildSessionFactory(LocalSessionFactoryBean.java:615)
	at org.springframework.orm.hibernate5.LocalSessionFactoryBean.afterPropertiesSet(LocalSessionFactoryBean.java:599)
	at org.springframework.beans.factory.support.AbstractAutowireCapableBeanFactory.invokeInitMethods(AbstractAutowireCapableBeanFactory.java:1837)
	at org.springframework.beans.factory.support.AbstractAutowireCapableBeanFactory.initializeBean(AbstractAutowireCapableBeanFactory.java:1774)
	at org.springframework.beans.factory.support.AbstractAutowireCapableBeanFactory.doCreateBean(AbstractAutowireCapableBeanFactory.java:593)
	at org.springframework.beans.factory.support.AbstractAutowireCapableBeanFactory.createBean(AbstractAutowireCapableBeanFactory.java:515)
	at org.springframework.beans.factory.support.AbstractBeanFactory.lambda$doGetBean$0(AbstractBeanFactory.java:320)
	at org.springframework.beans.factory.support.DefaultSingletonBeanRegistry.getSingleton(DefaultSingletonBeanRegistry.java:222)
	at org.springframework.beans.factory.support.AbstractBeanFactory.doGetBean(AbstractBeanFactory.java:318)
	at org.springframework.beans.factory.support.AbstractBeanFactory.getBean(AbstractBeanFactory.java:199)
	at org.springframework.beans.factory.config.DependencyDescriptor.resolveCandidate(DependencyDescriptor.java:277)
	at org.springframework.beans.factory.support.DefaultListableBeanFactory.doResolveDependency(DefaultListableBeanFactory.java:1247)
	at org.springframework.beans.factory.support.DefaultListableBeanFactory.resolveDependency(DefaultListableBeanFactory.java:1167)
	at org.springframework.beans.factory.annotation.AutowiredAnnotationBeanPostProcessor$AutowiredFieldElement.inject(AutowiredAnnotationBeanPostProcessor.java:593)
	at org.springframework.beans.factory.annotation.InjectionMetadata.inject(InjectionMetadata.java:90)
	at org.springframework.beans.factory.annotation.AutowiredAnnotationBeanPostProcessor.postProcessProperties(AutowiredAnnotationBeanPostProcessor.java:374)
	at org.springframework.beans.factory.support.AbstractAutowireCapableBeanFactory.populateBean(AbstractAutowireCapableBeanFactory.java:1411)
	at org.springframework.beans.factory.support.AbstractAutowireCapableBeanFactory.doCreateBean(AbstractAutowireCapableBeanFactory.java:592)
	at org.springframework.beans.factory.support.AbstractAutowireCapableBeanFactory.createBean(AbstractAutowireCapableBeanFactory.java:515)
	at org.springframework.beans.factory.support.AbstractBeanFactory.lambda$doGetBean$0(AbstractBeanFactory.java:320)
	at org.springframework.beans.factory.support.DefaultSingletonBeanRegistry.getSingleton(DefaultSingletonBeanRegistry.java:222)
	at org.springframework.beans.factory.support.AbstractBeanFactory.doGetBean(AbstractBeanFactory.java:318)
	at org.springframework.beans.factory.support.AbstractBeanFactory.getBean(AbstractBeanFactory.java:199)
	at org.springframework.beans.factory.config.DependencyDescriptor.resolveCandidate(DependencyDescriptor.java:277)
	at org.springframework.beans.factory.support.DefaultListableBeanFactory.doResolveDependency(DefaultListableBeanFactory.java:1247)
	at org.springframework.beans.factory.support.DefaultListableBeanFactory.resolveDependency(DefaultListableBeanFactory.java:1167)
	at org.springframework.beans.factory.annotation.AutowiredAnnotationBeanPostProcessor$AutowiredFieldElement.inject(AutowiredAnnotationBeanPostProcessor.java:593)
	at org.springframework.beans.factory.annotation.InjectionMetadata.inject(InjectionMetadata.java:90)
	at org.springframework.beans.factory.annotation.AutowiredAnnotationBeanPostProcessor.postProcessProperties(AutowiredAnnotationBeanPostProcessor.java:374)
	at org.springframework.beans.factory.support.AbstractAutowireCapableBeanFactory.populateBean(AbstractAutowireCapableBeanFactory.java:1411)
	at org.springframework.beans.factory.support.AbstractAutowireCapableBeanFactory.doCreateBean(AbstractAutowireCapableBeanFactory.java:592)
	at org.springframework.beans.factory.support.AbstractAutowireCapableBeanFactory.createBean(AbstractAutowireCapableBeanFactory.java:515)
	at org.springframework.beans.factory.support.AbstractBeanFactory.lambda$doGetBean$0(AbstractBeanFactory.java:320)
	at org.springframework.beans.factory.support.DefaultSingletonBeanRegistry.getSingleton(DefaultSingletonBeanRegistry.java:222)
	at org.springframework.beans.factory.support.AbstractBeanFactory.doGetBean(AbstractBeanFactory.java:318)
	at org.springframework.beans.factory.support.AbstractBeanFactory.getBean(AbstractBeanFactory.java:199)
	at org.springframework.beans.factory.support.DefaultListableBeanFactory.preInstantiateSingletons(DefaultListableBeanFactory.java:849)
	at org.springframework.context.support.AbstractApplicationContext.finishBeanFactoryInitialization(AbstractApplicationContext.java:877)
	at org.springframework.context.support.AbstractApplicationContext.refresh(AbstractApplicationContext.java:549)
	at org.springframework.test.context.support.AbstractGenericContextLoader.loadContext(AbstractGenericContextLoader.java:128)
	at org.springframework.test.context.support.AbstractGenericContextLoader.loadContext(AbstractGenericContextLoader.java:60)
	at org.springframework.test.context.support.AbstractDelegatingSmartContextLoader.delegateLoading(AbstractDelegatingSmartContextLoader.java:275)
	at org.springframework.test.context.support.AbstractDelegatingSmartContextLoader.loadContext(AbstractDelegatingSmartContextLoader.java:243)
	at org.springframework.test.context.cache.DefaultCacheAwareContextLoaderDelegate.loadContextInternal(DefaultCacheAwareContextLoaderDelegate.java:99)
	at org.springframework.test.context.cache.DefaultCacheAwareContextLoaderDelegate.loadContext(DefaultCacheAwareContextLoaderDelegate.java:117)
	at org.springframework.test.context.support.DefaultTestContext.getApplicationContext(DefaultTestContext.java:108)
	at org.springframework.test.context.support.DependencyInjectionTestExecutionListener.injectDependencies(DependencyInjectionTestExecutionListener.java:118)
	at org.springframework.test.context.support.DependencyInjectionTestExecutionListener.prepareTestInstance(DependencyInjectionTestExecutionListener.java:83)
	at org.springframework.test.context.TestContextManager.prepareTestInstance(TestContextManager.java:246)
	at org.springframework.test.context.junit4.SpringJUnit4ClassRunner.createTest(SpringJUnit4ClassRunner.java:227)
	at org.springframework.test.context.junit4.SpringJUnit4ClassRunner$1.runReflectiveCall(SpringJUnit4ClassRunner.java:289)
	at org.junit.internal.runners.model.ReflectiveCallable.run(ReflectiveCallable.java:12)
	at org.springframework.test.context.junit4.SpringJUnit4ClassRunner.methodBlock(SpringJUnit4ClassRunner.java:291)
	at org.springframework.test.context.junit4.SpringJUnit4ClassRunner.runChild(SpringJUnit4ClassRunner.java:246)
	at org.springframework.test.context.junit4.SpringJUnit4ClassRunner.runChild(SpringJUnit4ClassRunner.java:97)
	at org.junit.runners.ParentRunner$3.run(ParentRunner.java:290)
	at org.junit.runners.ParentRunner$1.schedule(ParentRunner.java:71)
	at org.junit.runners.ParentRunner.runChildren(ParentRunner.java:288)
	at org.junit.runners.ParentRunner.access$000(ParentRunner.java:58)
	at org.junit.runners.ParentRunner$2.evaluate(ParentRunner.java:268)
	at org.springframework.test.context.junit4.statements.RunBeforeTestClassCallbacks.evaluate(RunBeforeTestClassCallbacks.java:61)
	at org.springframework.test.context.junit4.statements.RunAfterTestClassCallbacks.evaluate(RunAfterTestClassCallbacks.java:70)
	at org.junit.runners.ParentRunner.run(ParentRunner.java:363)
	at org.springframework.test.context.junit4.SpringJUnit4ClassRunner.run(SpringJUnit4ClassRunner.java:190)
	at org.apache.maven.surefire.junit4.JUnit4Provider.execute(JUnit4Provider.java:365)
	at org.apache.maven.surefire.junit4.JUnit4Provider.executeWithRerun(JUnit4Provider.java:273)
	at org.apache.maven.surefire.junit4.JUnit4Provider.executeTestSet(JUnit4Provider.java:238)
	at org.apache.maven.surefire.junit4.JUnit4Provider.invoke(JUnit4Provider.java:159)
	at org.apache.maven.surefire.booter.ForkedBooter.invokeProviderInSameClassLoader(ForkedBooter.java:384)
	at org.apache.maven.surefire.booter.ForkedBooter.runSuitesInProcess(ForkedBooter.java:345)
	at org.apache.maven.surefire.booter.ForkedBooter.execute(ForkedBooter.java:126)
	at org.apache.maven.surefire.booter.ForkedBooter.main(ForkedBooter.java:418)
Caused by: org.hsqldb.HsqlException: java.net.ConnectException: Połączenie odrzucone (Connection refused)
	at org.hsqldb.ClientConnection.openConnection(Unknown Source)
	at org.hsqldb.ClientConnection.initConnection(Unknown Source)
	at org.hsqldb.ClientConnection.<init>(Unknown Source)
	... 96 common frames omitted
Caused by: java.net.ConnectException: Połączenie odrzucone (Connection refused)
	at java.base/java.net.PlainSocketImpl.socketConnect(Native Method)
	at java.base/java.net.AbstractPlainSocketImpl.doConnect(AbstractPlainSocketImpl.java:399)
	at java.base/java.net.AbstractPlainSocketImpl.connectToAddress(AbstractPlainSocketImpl.java:242)
	at java.base/java.net.AbstractPlainSocketImpl.connect(AbstractPlainSocketImpl.java:224)
	at java.base/java.net.SocksSocketImpl.connect(SocksSocketImpl.java:403)
	at java.base/java.net.Socket.connect(Socket.java:591)
	at java.base/java.net.Socket.connect(Socket.java:540)
	at java.base/java.net.Socket.<init>(Socket.java:436)
	at java.base/java.net.Socket.<init>(Socket.java:213)
	at org.hsqldb.server.HsqlSocketFactory.createSocket(Unknown Source)
	... 99 common frames omitted
19:40:30.569 [main] WARN org.hibernate.engine.jdbc.spi.SqlExceptionHelper - SQL Error: -1301, SQLState: 08001
19:40:30.570 [main] ERROR org.hibernate.engine.jdbc.spi.SqlExceptionHelper - java.net.ConnectException: Połączenie odrzucone (Connection refused)
19:40:30.571 [main] WARN org.springframework.context.support.GenericApplicationContext - Exception encountered during context initialization - cancelling refresh attempt: org.springframework.beans.factory.UnsatisfiedDependencyException: Error creating bean with name 'playerController': Unsatisfied dependency expressed through field 'playerManager'; nested exception is org.springframework.beans.factory.UnsatisfiedDependencyException: Error creating bean with name 'playerManagerHibernateImpl': Unsatisfied dependency expressed through field 'sessionFactory'; nested exception is org.springframework.beans.factory.BeanCreationException: Error creating bean with name 'hibernateSessionFactory' defined in class path resource [beans.xml]: Invocation of init method failed; nested exception is org.hibernate.exception.JDBCConnectionException: Unable to open JDBC Connection for DDL execution
19:40:30.572 [main] ERROR org.springframework.test.context.TestContextManager - Caught exception while allowing TestExecutionListener [org.springframework.test.context.support.DependencyInjectionTestExecutionListener@6a400542] to prepare test instance [tau.mmo.service.PlayerManagerTest@3820cfe]
java.lang.IllegalStateException: Failed to load ApplicationContext
	at org.springframework.test.context.cache.DefaultCacheAwareContextLoaderDelegate.loadContext(DefaultCacheAwareContextLoaderDelegate.java:125)
	at org.springframework.test.context.support.DefaultTestContext.getApplicationContext(DefaultTestContext.java:108)
	at org.springframework.test.context.support.DependencyInjectionTestExecutionListener.injectDependencies(DependencyInjectionTestExecutionListener.java:118)
	at org.springframework.test.context.support.DependencyInjectionTestExecutionListener.prepareTestInstance(DependencyInjectionTestExecutionListener.java:83)
	at org.springframework.test.context.TestContextManager.prepareTestInstance(TestContextManager.java:246)
	at org.springframework.test.context.junit4.SpringJUnit4ClassRunner.createTest(SpringJUnit4ClassRunner.java:227)
	at org.springframework.test.context.junit4.SpringJUnit4ClassRunner$1.runReflectiveCall(SpringJUnit4ClassRunner.java:289)
	at org.junit.internal.runners.model.ReflectiveCallable.run(ReflectiveCallable.java:12)
	at org.springframework.test.context.junit4.SpringJUnit4ClassRunner.methodBlock(SpringJUnit4ClassRunner.java:291)
	at org.springframework.test.context.junit4.SpringJUnit4ClassRunner.runChild(SpringJUnit4ClassRunner.java:246)
	at org.springframework.test.context.junit4.SpringJUnit4ClassRunner.runChild(SpringJUnit4ClassRunner.java:97)
	at org.junit.runners.ParentRunner$3.run(ParentRunner.java:290)
	at org.junit.runners.ParentRunner$1.schedule(ParentRunner.java:71)
	at org.junit.runners.ParentRunner.runChildren(ParentRunner.java:288)
	at org.junit.runners.ParentRunner.access$000(ParentRunner.java:58)
	at org.junit.runners.ParentRunner$2.evaluate(ParentRunner.java:268)
	at org.springframework.test.context.junit4.statements.RunBeforeTestClassCallbacks.evaluate(RunBeforeTestClassCallbacks.java:61)
	at org.springframework.test.context.junit4.statements.RunAfterTestClassCallbacks.evaluate(RunAfterTestClassCallbacks.java:70)
	at org.junit.runners.ParentRunner.run(ParentRunner.java:363)
	at org.springframework.test.context.junit4.SpringJUnit4ClassRunner.run(SpringJUnit4ClassRunner.java:190)
	at org.apache.maven.surefire.junit4.JUnit4Provider.execute(JUnit4Provider.java:365)
	at org.apache.maven.surefire.junit4.JUnit4Provider.executeWithRerun(JUnit4Provider.java:273)
	at org.apache.maven.surefire.junit4.JUnit4Provider.executeTestSet(JUnit4Provider.java:238)
	at org.apache.maven.surefire.junit4.JUnit4Provider.invoke(JUnit4Provider.java:159)
	at org.apache.maven.surefire.booter.ForkedBooter.invokeProviderInSameClassLoader(ForkedBooter.java:384)
	at org.apache.maven.surefire.booter.ForkedBooter.runSuitesInProcess(ForkedBooter.java:345)
	at org.apache.maven.surefire.booter.ForkedBooter.execute(ForkedBooter.java:126)
	at org.apache.maven.surefire.booter.ForkedBooter.main(ForkedBooter.java:418)
Caused by: org.springframework.beans.factory.UnsatisfiedDependencyException: Error creating bean with name 'playerController': Unsatisfied dependency expressed through field 'playerManager'; nested exception is org.springframework.beans.factory.UnsatisfiedDependencyException: Error creating bean with name 'playerManagerHibernateImpl': Unsatisfied dependency expressed through field 'sessionFactory'; nested exception is org.springframework.beans.factory.BeanCreationException: Error creating bean with name 'hibernateSessionFactory' defined in class path resource [beans.xml]: Invocation of init method failed; nested exception is org.hibernate.exception.JDBCConnectionException: Unable to open JDBC Connection for DDL execution
	at org.springframework.beans.factory.annotation.AutowiredAnnotationBeanPostProcessor$AutowiredFieldElement.inject(AutowiredAnnotationBeanPostProcessor.java:596)
	at org.springframework.beans.factory.annotation.InjectionMetadata.inject(InjectionMetadata.java:90)
	at org.springframework.beans.factory.annotation.AutowiredAnnotationBeanPostProcessor.postProcessProperties(AutowiredAnnotationBeanPostProcessor.java:374)
	at org.springframework.beans.factory.support.AbstractAutowireCapableBeanFactory.populateBean(AbstractAutowireCapableBeanFactory.java:1411)
	at org.springframework.beans.factory.support.AbstractAutowireCapableBeanFactory.doCreateBean(AbstractAutowireCapableBeanFactory.java:592)
	at org.springframework.beans.factory.support.AbstractAutowireCapableBeanFactory.createBean(AbstractAutowireCapableBeanFactory.java:515)
	at org.springframework.beans.factory.support.AbstractBeanFactory.lambda$doGetBean$0(AbstractBeanFactory.java:320)
	at org.springframework.beans.factory.support.DefaultSingletonBeanRegistry.getSingleton(DefaultSingletonBeanRegistry.java:222)
	at org.springframework.beans.factory.support.AbstractBeanFactory.doGetBean(AbstractBeanFactory.java:318)
	at org.springframework.beans.factory.support.AbstractBeanFactory.getBean(AbstractBeanFactory.java:199)
	at org.springframework.beans.factory.support.DefaultListableBeanFactory.preInstantiateSingletons(DefaultListableBeanFactory.java:849)
	at org.springframework.context.support.AbstractApplicationContext.finishBeanFactoryInitialization(AbstractApplicationContext.java:877)
	at org.springframework.context.support.AbstractApplicationContext.refresh(AbstractApplicationContext.java:549)
	at org.springframework.test.context.support.AbstractGenericContextLoader.loadContext(AbstractGenericContextLoader.java:128)
	at org.springframework.test.context.support.AbstractGenericContextLoader.loadContext(AbstractGenericContextLoader.java:60)
	at org.springframework.test.context.support.AbstractDelegatingSmartContextLoader.delegateLoading(AbstractDelegatingSmartContextLoader.java:275)
	at org.springframework.test.context.support.AbstractDelegatingSmartContextLoader.loadContext(AbstractDelegatingSmartContextLoader.java:243)
	at org.springframework.test.context.cache.DefaultCacheAwareContextLoaderDelegate.loadContextInternal(DefaultCacheAwareContextLoaderDelegate.java:99)
	at org.springframework.test.context.cache.DefaultCacheAwareContextLoaderDelegate.loadContext(DefaultCacheAwareContextLoaderDelegate.java:117)
	... 27 common frames omitted
Caused by: org.springframework.beans.factory.UnsatisfiedDependencyException: Error creating bean with name 'playerManagerHibernateImpl': Unsatisfied dependency expressed through field 'sessionFactory'; nested exception is org.springframework.beans.factory.BeanCreationException: Error creating bean with name 'hibernateSessionFactory' defined in class path resource [beans.xml]: Invocation of init method failed; nested exception is org.hibernate.exception.JDBCConnectionException: Unable to open JDBC Connection for DDL execution
	at org.springframework.beans.factory.annotation.AutowiredAnnotationBeanPostProcessor$AutowiredFieldElement.inject(AutowiredAnnotationBeanPostProcessor.java:596)
	at org.springframework.beans.factory.annotation.InjectionMetadata.inject(InjectionMetadata.java:90)
	at org.springframework.beans.factory.annotation.AutowiredAnnotationBeanPostProcessor.postProcessProperties(AutowiredAnnotationBeanPostProcessor.java:374)
	at org.springframework.beans.factory.support.AbstractAutowireCapableBeanFactory.populateBean(AbstractAutowireCapableBeanFactory.java:1411)
	at org.springframework.beans.factory.support.AbstractAutowireCapableBeanFactory.doCreateBean(AbstractAutowireCapableBeanFactory.java:592)
	at org.springframework.beans.factory.support.AbstractAutowireCapableBeanFactory.createBean(AbstractAutowireCapableBeanFactory.java:515)
	at org.springframework.beans.factory.support.AbstractBeanFactory.lambda$doGetBean$0(AbstractBeanFactory.java:320)
	at org.springframework.beans.factory.support.DefaultSingletonBeanRegistry.getSingleton(DefaultSingletonBeanRegistry.java:222)
	at org.springframework.beans.factory.support.AbstractBeanFactory.doGetBean(AbstractBeanFactory.java:318)
	at org.springframework.beans.factory.support.AbstractBeanFactory.getBean(AbstractBeanFactory.java:199)
	at org.springframework.beans.factory.config.DependencyDescriptor.resolveCandidate(DependencyDescriptor.java:277)
	at org.springframework.beans.factory.support.DefaultListableBeanFactory.doResolveDependency(DefaultListableBeanFactory.java:1247)
	at org.springframework.beans.factory.support.DefaultListableBeanFactory.resolveDependency(DefaultListableBeanFactory.java:1167)
	at org.springframework.beans.factory.annotation.AutowiredAnnotationBeanPostProcessor$AutowiredFieldElement.inject(AutowiredAnnotationBeanPostProcessor.java:593)
	... 45 common frames omitted
Caused by: org.springframework.beans.factory.BeanCreationException: Error creating bean with name 'hibernateSessionFactory' defined in class path resource [beans.xml]: Invocation of init method failed; nested exception is org.hibernate.exception.JDBCConnectionException: Unable to open JDBC Connection for DDL execution
	at org.springframework.beans.factory.support.AbstractAutowireCapableBeanFactory.initializeBean(AbstractAutowireCapableBeanFactory.java:1778)
	at org.springframework.beans.factory.support.AbstractAutowireCapableBeanFactory.doCreateBean(AbstractAutowireCapableBeanFactory.java:593)
	at org.springframework.beans.factory.support.AbstractAutowireCapableBeanFactory.createBean(AbstractAutowireCapableBeanFactory.java:515)
	at org.springframework.beans.factory.support.AbstractBeanFactory.lambda$doGetBean$0(AbstractBeanFactory.java:320)
	at org.springframework.beans.factory.support.DefaultSingletonBeanRegistry.getSingleton(DefaultSingletonBeanRegistry.java:222)
	at org.springframework.beans.factory.support.AbstractBeanFactory.doGetBean(AbstractBeanFactory.java:318)
	at org.springframework.beans.factory.support.AbstractBeanFactory.getBean(AbstractBeanFactory.java:199)
	at org.springframework.beans.factory.config.DependencyDescriptor.resolveCandidate(DependencyDescriptor.java:277)
	at org.springframework.beans.factory.support.DefaultListableBeanFactory.doResolveDependency(DefaultListableBeanFactory.java:1247)
	at org.springframework.beans.factory.support.DefaultListableBeanFactory.resolveDependency(DefaultListableBeanFactory.java:1167)
	at org.springframework.beans.factory.annotation.AutowiredAnnotationBeanPostProcessor$AutowiredFieldElement.inject(AutowiredAnnotationBeanPostProcessor.java:593)
	... 58 common frames omitted
Caused by: org.hibernate.exception.JDBCConnectionException: Unable to open JDBC Connection for DDL execution
	at org.hibernate.exception.internal.SQLExceptionTypeDelegate.convert(SQLExceptionTypeDelegate.java:48)
	at org.hibernate.exception.internal.StandardSQLExceptionConverter.convert(StandardSQLExceptionConverter.java:42)
	at org.hibernate.engine.jdbc.spi.SqlExceptionHelper.convert(SqlExceptionHelper.java:111)
	at org.hibernate.engine.jdbc.spi.SqlExceptionHelper.convert(SqlExceptionHelper.java:97)
	at org.hibernate.resource.transaction.backend.jdbc.internal.DdlTransactionIsolatorNonJtaImpl.getIsolatedConnection(DdlTransactionIsolatorNonJtaImpl.java:69)
	at org.hibernate.tool.schema.internal.exec.ImprovedExtractionContextImpl.getJdbcConnection(ImprovedExtractionContextImpl.java:60)
	at org.hibernate.tool.schema.extract.internal.SequenceInformationExtractorLegacyImpl.extractMetadata(SequenceInformationExtractorLegacyImpl.java:40)
	at org.hibernate.tool.schema.extract.internal.DatabaseInformationImpl.initializeSequences(DatabaseInformationImpl.java:65)
	at org.hibernate.tool.schema.extract.internal.DatabaseInformationImpl.<init>(DatabaseInformationImpl.java:59)
	at org.hibernate.tool.schema.internal.Helper.buildDatabaseInformation(Helper.java:130)
	at org.hibernate.tool.schema.internal.AbstractSchemaMigrator.doMigration(AbstractSchemaMigrator.java:92)
	at org.hibernate.tool.schema.spi.SchemaManagementToolCoordinator.performDatabaseAction(SchemaManagementToolCoordinator.java:176)
	at org.hibernate.tool.schema.spi.SchemaManagementToolCoordinator.process(SchemaManagementToolCoordinator.java:65)
	at org.hibernate.internal.SessionFactoryImpl.<init>(SessionFactoryImpl.java:459)
	at org.hibernate.boot.internal.SessionFactoryBuilderImpl.build(SessionFactoryBuilderImpl.java:465)
	at org.hibernate.cfg.Configuration.buildSessionFactory(Configuration.java:711)
	at org.hibernate.cfg.Configuration.buildSessionFactory(Configuration.java:727)
	at org.springframework.orm.hibernate5.LocalSessionFactoryBean.buildSessionFactory(LocalSessionFactoryBean.java:615)
	at org.springframework.orm.hibernate5.LocalSessionFactoryBean.afterPropertiesSet(LocalSessionFactoryBean.java:599)
	at org.springframework.beans.factory.support.AbstractAutowireCapableBeanFactory.invokeInitMethods(AbstractAutowireCapableBeanFactory.java:1837)
	at org.springframework.beans.factory.support.AbstractAutowireCapableBeanFactory.initializeBean(AbstractAutowireCapableBeanFactory.java:1774)
	... 68 common frames omitted
Caused by: java.sql.SQLTransientConnectionException: java.net.ConnectException: Połączenie odrzucone (Connection refused)
	at org.hsqldb.jdbc.JDBCUtil.sqlException(Unknown Source)
	at org.hsqldb.jdbc.JDBCUtil.sqlException(Unknown Source)
	at org.hsqldb.jdbc.JDBCConnection.<init>(Unknown Source)
	at org.hsqldb.jdbc.JDBCDriver.getConnection(Unknown Source)
	at org.hsqldb.jdbc.JDBCDriver.connect(Unknown Source)
	at java.sql/java.sql.DriverManager.getConnection(DriverManager.java:677)
	at java.sql/java.sql.DriverManager.getConnection(DriverManager.java:189)
	at org.springframework.jdbc.datasource.DriverManagerDataSource.getConnectionFromDriverManager(DriverManagerDataSource.java:154)
	at org.springframework.jdbc.datasource.DriverManagerDataSource.getConnectionFromDriver(DriverManagerDataSource.java:145)
	at org.springframework.jdbc.datasource.AbstractDriverBasedDataSource.getConnectionFromDriver(AbstractDriverBasedDataSource.java:205)
	at org.springframework.jdbc.datasource.AbstractDriverBasedDataSource.getConnection(AbstractDriverBasedDataSource.java:169)
	at org.hibernate.engine.jdbc.connections.internal.DatasourceConnectionProviderImpl.getConnection(DatasourceConnectionProviderImpl.java:122)
	at org.hibernate.engine.jdbc.env.internal.JdbcEnvironmentInitiator$ConnectionProviderJdbcConnectionAccess.obtainConnection(JdbcEnvironmentInitiator.java:180)
	at org.hibernate.resource.transaction.backend.jdbc.internal.DdlTransactionIsolatorNonJtaImpl.getIsolatedConnection(DdlTransactionIsolatorNonJtaImpl.java:43)
	... 84 common frames omitted
Caused by: org.hsqldb.HsqlException: java.net.ConnectException: Połączenie odrzucone (Connection refused)
	at org.hsqldb.ClientConnection.openConnection(Unknown Source)
	at org.hsqldb.ClientConnection.initConnection(Unknown Source)
	at org.hsqldb.ClientConnection.<init>(Unknown Source)
	... 96 common frames omitted
Caused by: java.net.ConnectException: Połączenie odrzucone (Connection refused)
	at java.base/java.net.PlainSocketImpl.socketConnect(Native Method)
	at java.base/java.net.AbstractPlainSocketImpl.doConnect(AbstractPlainSocketImpl.java:399)
	at java.base/java.net.AbstractPlainSocketImpl.connectToAddress(AbstractPlainSocketImpl.java:242)
	at java.base/java.net.AbstractPlainSocketImpl.connect(AbstractPlainSocketImpl.java:224)
	at java.base/java.net.SocksSocketImpl.connect(SocksSocketImpl.java:403)
	at java.base/java.net.Socket.connect(Socket.java:591)
	at java.base/java.net.Socket.connect(Socket.java:540)
	at java.base/java.net.Socket.<init>(Socket.java:436)
	at java.base/java.net.Socket.<init>(Socket.java:213)
	at org.hsqldb.server.HsqlSocketFactory.createSocket(Unknown Source)
	... 99 common frames omitted
]]></system-out>
  </testcase>
  <testcase name="addItemTest" classname="tau.mmo.service.PlayerManagerTest" time="0">
    <error message="Failed to load ApplicationContext" type="java.lang.IllegalStateException">java.lang.IllegalStateException: Failed to load ApplicationContext
Caused by: org.springframework.beans.factory.UnsatisfiedDependencyException: Error creating bean with name 'playerController': Unsatisfied dependency expressed through field 'playerManager'; nested exception is org.springframework.beans.factory.UnsatisfiedDependencyException: Error creating bean with name 'playerManagerHibernateImpl': Unsatisfied dependency expressed through field 'sessionFactory'; nested exception is org.springframework.beans.factory.BeanCreationException: Error creating bean with name 'hibernateSessionFactory' defined in class path resource [beans.xml]: Invocation of init method failed; nested exception is org.hibernate.exception.JDBCConnectionException: Unable to open JDBC Connection for DDL execution
Caused by: org.springframework.beans.factory.UnsatisfiedDependencyException: Error creating bean with name 'playerManagerHibernateImpl': Unsatisfied dependency expressed through field 'sessionFactory'; nested exception is org.springframework.beans.factory.BeanCreationException: Error creating bean with name 'hibernateSessionFactory' defined in class path resource [beans.xml]: Invocation of init method failed; nested exception is org.hibernate.exception.JDBCConnectionException: Unable to open JDBC Connection for DDL execution
Caused by: org.springframework.beans.factory.BeanCreationException: Error creating bean with name 'hibernateSessionFactory' defined in class path resource [beans.xml]: Invocation of init method failed; nested exception is org.hibernate.exception.JDBCConnectionException: Unable to open JDBC Connection for DDL execution
Caused by: org.hibernate.exception.JDBCConnectionException: Unable to open JDBC Connection for DDL execution
Caused by: java.sql.SQLTransientConnectionException: java.net.ConnectException: Połączenie odrzucone (Connection refused)
Caused by: org.hsqldb.HsqlException: java.net.ConnectException: Połączenie odrzucone (Connection refused)
Caused by: java.net.ConnectException: Połączenie odrzucone (Connection refused)
</error>
    <system-out><![CDATA[19:40:30.575 [main] DEBUG org.springframework.test.annotation.ProfileValueUtils - Retrieved @ProfileValueSourceConfiguration [null] for test class [tau.mmo.service.PlayerManagerTest]
19:40:30.575 [main] DEBUG org.springframework.test.annotation.ProfileValueUtils - Retrieved ProfileValueSource type [class org.springframework.test.annotation.SystemProfileValueSource] for class [tau.mmo.service.PlayerManagerTest]
19:40:30.576 [main] DEBUG org.springframework.test.context.support.DependencyInjectionTestExecutionListener - Performing dependency injection for test context [[DefaultTestContext@7ed7259e testClass = PlayerManagerTest, testInstance = tau.mmo.service.PlayerManagerTest@566c1e71, testMethod = [null], testException = [null], mergedContextConfiguration = [MergedContextConfiguration@28eaa59a testClass = PlayerManagerTest, locations = '{classpath:/beans.xml}', classes = '{}', contextInitializerClasses = '[]', activeProfiles = '{}', propertySourceLocations = '{}', propertySourceProperties = '{}', contextCustomizers = set[org.springframework.boot.test.context.filter.ExcludeFilterContextCustomizer@6b4a4e18, org.springframework.boot.test.json.DuplicateJsonObjectContextCustomizerFactory$DuplicateJsonObjectContextCustomizer@402e37bc, org.springframework.boot.test.mock.mockito.MockitoContextCustomizer@0, org.springframework.boot.test.autoconfigure.properties.PropertyMappingContextCustomizer@0, org.springframework.boot.test.autoconfigure.web.servlet.WebDriverContextCustomizerFactory$Customizer@6973bf95], contextLoader = 'org.springframework.test.context.support.DelegatingSmartContextLoader', parent = [null]], attributes = map[[empty]]]].
19:40:30.576 [main] DEBUG org.springframework.test.context.support.AbstractDelegatingSmartContextLoader - Delegating to GenericXmlContextLoader to load context from [MergedContextConfiguration@28eaa59a testClass = PlayerManagerTest, locations = '{classpath:/beans.xml}', classes = '{}', contextInitializerClasses = '[]', activeProfiles = '{}', propertySourceLocations = '{}', propertySourceProperties = '{}', contextCustomizers = set[org.springframework.boot.test.context.filter.ExcludeFilterContextCustomizer@6b4a4e18, org.springframework.boot.test.json.DuplicateJsonObjectContextCustomizerFactory$DuplicateJsonObjectContextCustomizer@402e37bc, org.springframework.boot.test.mock.mockito.MockitoContextCustomizer@0, org.springframework.boot.test.autoconfigure.properties.PropertyMappingContextCustomizer@0, org.springframework.boot.test.autoconfigure.web.servlet.WebDriverContextCustomizerFactory$Customizer@6973bf95], contextLoader = 'org.springframework.test.context.support.DelegatingSmartContextLoader', parent = [null]].
19:40:30.576 [main] DEBUG org.springframework.test.context.support.AbstractGenericContextLoader - Loading ApplicationContext for merged context configuration [[MergedContextConfiguration@28eaa59a testClass = PlayerManagerTest, locations = '{classpath:/beans.xml}', classes = '{}', contextInitializerClasses = '[]', activeProfiles = '{}', propertySourceLocations = '{}', propertySourceProperties = '{}', contextCustomizers = set[org.springframework.boot.test.context.filter.ExcludeFilterContextCustomizer@6b4a4e18, org.springframework.boot.test.json.DuplicateJsonObjectContextCustomizerFactory$DuplicateJsonObjectContextCustomizer@402e37bc, org.springframework.boot.test.mock.mockito.MockitoContextCustomizer@0, org.springframework.boot.test.autoconfigure.properties.PropertyMappingContextCustomizer@0, org.springframework.boot.test.autoconfigure.web.servlet.WebDriverContextCustomizerFactory$Customizer@6973bf95], contextLoader = 'org.springframework.test.context.support.DelegatingSmartContextLoader', parent = [null]]].
19:40:30.576 [main] DEBUG org.springframework.core.env.StandardEnvironment - Activating profiles []
19:40:30.615 [main] DEBUG org.springframework.context.annotation.ClassPathBeanDefinitionScanner - Identified candidate component class: file [/home/whitewolf/tau/TAU-repozytorium/tau-mmo-jmeter/target/classes/tau/mmo/Application.class]
19:40:30.616 [main] DEBUG org.springframework.context.annotation.ClassPathBeanDefinitionScanner - Identified candidate component class: file [/home/whitewolf/tau/TAU-repozytorium/tau-mmo-jmeter/target/classes/tau/mmo/api/PlayerController.class]
19:40:30.617 [main] DEBUG org.springframework.context.annotation.ClassPathBeanDefinitionScanner - Identified candidate component class: file [/home/whitewolf/tau/TAU-repozytorium/tau-mmo-jmeter/target/classes/tau/mmo/service/PlayerManagerHibernateImpl.class]
19:40:30.620 [main] DEBUG org.springframework.beans.factory.xml.XmlBeanDefinitionReader - Loaded 12 bean definitions from class path resource [beans.xml]
19:40:30.620 [main] DEBUG org.springframework.context.support.GenericApplicationContext - Refreshing org.springframework.context.support.GenericApplicationContext@2e2f20b8
19:40:30.621 [main] DEBUG org.springframework.beans.factory.support.DefaultListableBeanFactory - Creating shared instance of singleton bean 'org.springframework.context.annotation.internalConfigurationAnnotationProcessor'
19:40:30.625 [main] DEBUG org.springframework.context.annotation.ClassPathBeanDefinitionScanner - Identified candidate component class: file [/home/whitewolf/tau/TAU-repozytorium/tau-mmo-jmeter/target/classes/tau/mmo/api/PlayerController.class]
19:40:30.625 [main] DEBUG org.springframework.context.annotation.ClassPathBeanDefinitionScanner - Identified candidate component class: file [/home/whitewolf/tau/TAU-repozytorium/tau-mmo-jmeter/target/classes/tau/mmo/service/PlayerManagerHibernateImpl.class]
19:40:30.704 [main] DEBUG org.springframework.context.annotation.ClassPathBeanDefinitionScanner - Identified candidate component class: file [/home/whitewolf/tau/TAU-repozytorium/tau-mmo-jmeter/target/classes/tau/mmo/Application.class]
19:40:30.704 [main] DEBUG org.springframework.context.annotation.ClassPathBeanDefinitionScanner - Identified candidate component class: file [/home/whitewolf/tau/TAU-repozytorium/tau-mmo-jmeter/target/classes/tau/mmo/api/PlayerController.class]
19:40:30.705 [main] DEBUG org.springframework.context.annotation.ClassPathBeanDefinitionScanner - Identified candidate component class: file [/home/whitewolf/tau/TAU-repozytorium/tau-mmo-jmeter/target/classes/tau/mmo/service/PlayerManagerHibernateImpl.class]
19:40:30.705 [main] DEBUG org.springframework.beans.factory.xml.XmlBeanDefinitionReader - Loaded 0 bean definitions from class path resource [beans.xml]
19:40:30.706 [main] DEBUG org.springframework.beans.factory.support.DefaultListableBeanFactory - Creating shared instance of singleton bean 'org.springframework.boot.autoconfigure.condition.BeanTypeRegistry'
19:40:30.713 [main] INFO org.springframework.data.repository.config.RepositoryConfigurationDelegate - Bootstrapping Spring Data repositories in DEFAULT mode.
19:40:30.713 [main] DEBUG org.springframework.beans.factory.support.DefaultListableBeanFactory - Creating shared instance of singleton bean 'org.springframework.boot.autoconfigure.AutoConfigurationPackages'
19:40:30.713 [main] DEBUG org.springframework.boot.autoconfigure.AutoConfigurationPackages - @EnableAutoConfiguration was declared on a class in the package 'tau.mmo'. Automatic @Repository and @Entity scanning is enabled.
19:40:30.713 [main] DEBUG org.springframework.data.repository.config.RepositoryConfigurationDelegate - Scanning for repositories in packages tau.mmo.
19:40:30.714 [main] INFO org.springframework.data.repository.config.RepositoryConfigurationDelegate - Finished Spring Data repository scanning in 1ms. Found 0 repository interfaces.
19:40:30.726 [main] DEBUG org.springframework.beans.factory.support.DefaultListableBeanFactory - Creating shared instance of singleton bean 'propertySourcesPlaceholderConfigurer'
19:40:30.727 [main] DEBUG org.springframework.core.env.PropertySourcesPropertyResolver - Found key 'jdbc.driverClassName' in PropertySource 'class path resource [jdbc.properties]' with value of type String
19:40:30.727 [main] DEBUG org.springframework.core.env.PropertySourcesPropertyResolver - Found key 'jdbc.driverClassName' in PropertySource 'environmentProperties' with value of type String
19:40:30.727 [main] DEBUG org.springframework.core.env.PropertySourcesPropertyResolver - Found key 'jdbc.url' in PropertySource 'class path resource [jdbc.properties]' with value of type String
19:40:30.727 [main] DEBUG org.springframework.core.env.PropertySourcesPropertyResolver - Found key 'jdbc.url' in PropertySource 'environmentProperties' with value of type String
19:40:30.727 [main] DEBUG org.springframework.core.env.PropertySourcesPropertyResolver - Found key 'jdbc.username' in PropertySource 'class path resource [jdbc.properties]' with value of type String
19:40:30.727 [main] DEBUG org.springframework.core.env.PropertySourcesPropertyResolver - Found key 'jdbc.username' in PropertySource 'environmentProperties' with value of type String
19:40:30.727 [main] DEBUG org.springframework.core.env.PropertySourcesPropertyResolver - Found key 'jdbc.password' in PropertySource 'class path resource [jdbc.properties]' with value of type String
19:40:30.727 [main] DEBUG org.springframework.core.env.PropertySourcesPropertyResolver - Found key 'jdbc.password' in PropertySource 'environmentProperties' with value of type String
19:40:30.727 [main] DEBUG org.springframework.beans.factory.support.DefaultListableBeanFactory - Creating shared instance of singleton bean 'org.springframework.boot.test.mock.mockito.MockitoPostProcessor'
19:40:30.728 [main] DEBUG org.springframework.beans.factory.support.DefaultListableBeanFactory - Creating shared instance of singleton bean 'emBeanDefinitionRegistrarPostProcessor'
19:40:30.730 [main] DEBUG org.springframework.beans.factory.support.DefaultListableBeanFactory - Creating shared instance of singleton bean 'org.springframework.context.event.internalEventListenerProcessor'
19:40:30.730 [main] DEBUG org.springframework.beans.factory.support.DefaultListableBeanFactory - Creating shared instance of singleton bean 'org.springframework.boot.context.properties.ConfigurationBeanFactoryMetadata'
19:40:30.731 [main] DEBUG org.springframework.beans.factory.support.DefaultListableBeanFactory - Creating shared instance of singleton bean 'org.springframework.context.event.internalEventListenerFactory'
19:40:30.731 [main] DEBUG org.springframework.beans.factory.support.DefaultListableBeanFactory - Creating shared instance of singleton bean 'org.springframework.transaction.config.internalTransactionalEventListenerFactory'
19:40:30.732 [main] DEBUG org.springframework.beans.factory.support.DefaultListableBeanFactory - Creating shared instance of singleton bean 'org.springframework.context.annotation.internalAutowiredAnnotationProcessor'
19:40:30.733 [main] DEBUG org.springframework.beans.factory.support.DefaultListableBeanFactory - Creating shared instance of singleton bean 'org.springframework.context.annotation.internalCommonAnnotationProcessor'
19:40:30.733 [main] DEBUG org.springframework.beans.factory.support.DefaultListableBeanFactory - Creating shared instance of singleton bean 'org.springframework.context.annotation.internalPersistenceAnnotationProcessor'
19:40:30.733 [main] DEBUG org.springframework.beans.factory.support.DefaultListableBeanFactory - Creating shared instance of singleton bean 'org.springframework.boot.test.mock.mockito.MockitoPostProcessor$SpyPostProcessor'
19:40:30.733 [main] DEBUG org.springframework.beans.factory.support.DefaultListableBeanFactory - Creating shared instance of singleton bean 'org.springframework.boot.context.properties.ConfigurationPropertiesBindingPostProcessor'
19:40:30.733 [main] DEBUG org.springframework.beans.factory.support.DefaultListableBeanFactory - Creating shared instance of singleton bean 'methodValidationPostProcessor'
19:40:30.734 [main] DEBUG org.springframework.beans.factory.support.DefaultListableBeanFactory - Autowiring by type from bean name 'methodValidationPostProcessor' via factory method to bean named 'environment'
19:40:30.735 [main] DEBUG org.springframework.beans.factory.support.DefaultListableBeanFactory - Creating shared instance of singleton bean 'org.springframework.aop.config.internalAutoProxyCreator'
19:40:30.736 [main] DEBUG org.springframework.beans.factory.support.DefaultListableBeanFactory - Creating shared instance of singleton bean 'dataSourceInitializerPostProcessor'
19:40:30.737 [main] DEBUG org.springframework.beans.factory.support.DefaultListableBeanFactory - Creating shared instance of singleton bean 'persistenceExceptionTranslationPostProcessor'
19:40:30.737 [main] DEBUG org.springframework.beans.factory.support.DefaultListableBeanFactory - Autowiring by type from bean name 'persistenceExceptionTranslationPostProcessor' via factory method to bean named 'environment'
19:40:30.739 [main] DEBUG org.springframework.beans.factory.support.DefaultListableBeanFactory - Creating shared instance of singleton bean 'application'
19:40:30.739 [main] DEBUG org.springframework.beans.factory.support.DefaultListableBeanFactory - Creating shared instance of singleton bean 'org.springframework.transaction.config.internalTransactionAdvisor'
19:40:30.739 [main] DEBUG org.springframework.beans.factory.support.DefaultListableBeanFactory - Creating shared instance of singleton bean 'org.springframework.transaction.annotation.ProxyTransactionManagementConfiguration'
19:40:30.742 [main] DEBUG org.springframework.beans.factory.support.DefaultListableBeanFactory - Creating shared instance of singleton bean 'transactionAttributeSource'
19:40:30.743 [main] DEBUG org.springframework.beans.factory.support.DefaultListableBeanFactory - Creating shared instance of singleton bean 'transactionInterceptor'
19:40:30.745 [main] DEBUG org.springframework.beans.factory.support.DefaultListableBeanFactory - Creating shared instance of singleton bean 'playerController'
19:40:30.746 [main] DEBUG org.springframework.beans.factory.support.DefaultListableBeanFactory - Creating shared instance of singleton bean 'playerManagerHibernateImpl'
19:40:30.747 [main] DEBUG org.springframework.beans.factory.support.DefaultListableBeanFactory - Creating shared instance of singleton bean 'hibernateSessionFactory'
19:40:30.749 [main] DEBUG org.springframework.beans.factory.support.DefaultListableBeanFactory - Creating shared instance of singleton bean 'dataSource'
19:40:30.749 [main] DEBUG org.springframework.jdbc.datasource.DriverManagerDataSource - Loaded JDBC driver: org.hsqldb.jdbcDriver
19:40:30.760 [main] DEBUG org.springframework.beans.factory.support.DefaultListableBeanFactory - Creating shared instance of singleton bean 'org.springframework.boot.autoconfigure.jdbc.DataSourceInitializerInvoker'
19:40:30.761 [main] DEBUG org.springframework.beans.factory.support.DefaultListableBeanFactory - Creating shared instance of singleton bean 'spring.datasource-org.springframework.boot.autoconfigure.jdbc.DataSourceProperties'
19:40:30.767 [main] DEBUG org.springframework.beans.factory.support.DefaultListableBeanFactory - Autowiring by type from bean name 'org.springframework.boot.autoconfigure.jdbc.DataSourceInitializerInvoker' via constructor to bean named 'spring.datasource-org.springframework.boot.autoconfigure.jdbc.DataSourceProperties'
19:40:30.768 [main] DEBUG org.springframework.beans.factory.support.DefaultListableBeanFactory - Autowiring by type from bean name 'org.springframework.boot.autoconfigure.jdbc.DataSourceInitializerInvoker' via constructor to bean named 'org.springframework.context.support.GenericApplicationContext@2e2f20b8'
19:40:30.770 [main] DEBUG org.hibernate.integrator.internal.IntegratorServiceImpl - Adding Integrator [org.hibernate.cfg.beanvalidation.BeanValidationIntegrator].
19:40:30.770 [main] DEBUG org.hibernate.integrator.internal.IntegratorServiceImpl - Adding Integrator [org.hibernate.secure.spi.JaccIntegrator].
19:40:30.770 [main] DEBUG org.hibernate.integrator.internal.IntegratorServiceImpl - Adding Integrator [org.hibernate.cache.internal.CollectionCacheInvalidator].
19:40:30.773 [main] DEBUG org.hibernate.cfg.Configuration - Building session factory using internal StandardServiceRegistryBuilder
19:40:30.773 [main] DEBUG org.hibernate.service.spi.ServiceBinding - Overriding existing service binding [org.hibernate.secure.spi.JaccService]
19:40:30.773 [main] DEBUG org.hibernate.cfg.Configuration - Building session factory using provided StandardServiceRegistry
19:40:30.773 [main] DEBUG org.hibernate.cache.internal.RegionFactoryInitiator - Cache region factory : org.hibernate.cache.internal.NoCachingRegionFactory
19:40:30.774 [main] DEBUG org.hibernate.type.BasicTypeRegistry - Adding type registration boolean -> org.hibernate.type.BooleanType@57a2ed35
19:40:30.774 [main] DEBUG org.hibernate.type.BasicTypeRegistry - Adding type registration boolean -> org.hibernate.type.BooleanType@57a2ed35
19:40:30.774 [main] DEBUG org.hibernate.type.BasicTypeRegistry - Adding type registration java.lang.Boolean -> org.hibernate.type.BooleanType@57a2ed35
19:40:30.774 [main] DEBUG org.hibernate.type.BasicTypeRegistry - Adding type registration numeric_boolean -> org.hibernate.type.NumericBooleanType@184fb68d
19:40:30.774 [main] DEBUG org.hibernate.type.BasicTypeRegistry - Adding type registration true_false -> org.hibernate.type.TrueFalseType@205bed61
19:40:30.774 [main] DEBUG org.hibernate.type.BasicTypeRegistry - Adding type registration yes_no -> org.hibernate.type.YesNoType@7c2b58c0
19:40:30.774 [main] DEBUG org.hibernate.type.BasicTypeRegistry - Adding type registration byte -> org.hibernate.type.ByteType@aa149ed
19:40:30.774 [main] DEBUG org.hibernate.type.BasicTypeRegistry - Adding type registration byte -> org.hibernate.type.ByteType@aa149ed
19:40:30.774 [main] DEBUG org.hibernate.type.BasicTypeRegistry - Adding type registration java.lang.Byte -> org.hibernate.type.ByteType@aa149ed
19:40:30.774 [main] DEBUG org.hibernate.type.BasicTypeRegistry - Adding type registration character -> org.hibernate.type.CharacterType@8ee0c23
19:40:30.774 [main] DEBUG org.hibernate.type.BasicTypeRegistry - Adding type registration char -> org.hibernate.type.CharacterType@8ee0c23
19:40:30.774 [main] DEBUG org.hibernate.type.BasicTypeRegistry - Adding type registration java.lang.Character -> org.hibernate.type.CharacterType@8ee0c23
19:40:30.774 [main] DEBUG org.hibernate.type.BasicTypeRegistry - Adding type registration short -> org.hibernate.type.ShortType@173797f0
19:40:30.774 [main] DEBUG org.hibernate.type.BasicTypeRegistry - Adding type registration short -> org.hibernate.type.ShortType@173797f0
19:40:30.774 [main] DEBUG org.hibernate.type.BasicTypeRegistry - Adding type registration java.lang.Short -> org.hibernate.type.ShortType@173797f0
19:40:30.774 [main] DEBUG org.hibernate.type.BasicTypeRegistry - Adding type registration integer -> org.hibernate.type.IntegerType@33d53216
19:40:30.774 [main] DEBUG org.hibernate.type.BasicTypeRegistry - Adding type registration int -> org.hibernate.type.IntegerType@33d53216
19:40:30.774 [main] DEBUG org.hibernate.type.BasicTypeRegistry - Adding type registration java.lang.Integer -> org.hibernate.type.IntegerType@33d53216
19:40:30.774 [main] DEBUG org.hibernate.type.BasicTypeRegistry - Adding type registration long -> org.hibernate.type.LongType@3db663d0
19:40:30.774 [main] DEBUG org.hibernate.type.BasicTypeRegistry - Adding type registration long -> org.hibernate.type.LongType@3db663d0
19:40:30.774 [main] DEBUG org.hibernate.type.BasicTypeRegistry - Adding type registration java.lang.Long -> org.hibernate.type.LongType@3db663d0
19:40:30.774 [main] DEBUG org.hibernate.type.BasicTypeRegistry - Adding type registration float -> org.hibernate.type.FloatType@3b9632d1
19:40:30.774 [main] DEBUG org.hibernate.type.BasicTypeRegistry - Adding type registration float -> org.hibernate.type.FloatType@3b9632d1
19:40:30.774 [main] DEBUG org.hibernate.type.BasicTypeRegistry - Adding type registration java.lang.Float -> org.hibernate.type.FloatType@3b9632d1
19:40:30.774 [main] DEBUG org.hibernate.type.BasicTypeRegistry - Adding type registration double -> org.hibernate.type.DoubleType@75fc1992
19:40:30.774 [main] DEBUG org.hibernate.type.BasicTypeRegistry - Adding type registration double -> org.hibernate.type.DoubleType@75fc1992
19:40:30.774 [main] DEBUG org.hibernate.type.BasicTypeRegistry - Adding type registration java.lang.Double -> org.hibernate.type.DoubleType@75fc1992
19:40:30.774 [main] DEBUG org.hibernate.type.BasicTypeRegistry - Adding type registration big_decimal -> org.hibernate.type.BigDecimalType@27a2a089
19:40:30.774 [main] DEBUG org.hibernate.type.BasicTypeRegistry - Adding type registration java.math.BigDecimal -> org.hibernate.type.BigDecimalType@27a2a089
19:40:30.777 [main] DEBUG org.hibernate.type.BasicTypeRegistry - Adding type registration big_integer -> org.hibernate.type.BigIntegerType@5ac6c4f2
19:40:30.777 [main] DEBUG org.hibernate.type.BasicTypeRegistry - Adding type registration java.math.BigInteger -> org.hibernate.type.BigIntegerType@5ac6c4f2
19:40:30.777 [main] DEBUG org.hibernate.type.BasicTypeRegistry - Adding type registration string -> org.hibernate.type.StringType@78525ef9
19:40:30.778 [main] DEBUG org.hibernate.type.BasicTypeRegistry - Adding type registration java.lang.String -> org.hibernate.type.StringType@78525ef9
19:40:30.778 [main] DEBUG org.hibernate.type.BasicTypeRegistry - Adding type registration nstring -> org.hibernate.type.StringNVarcharType@350a94ce
19:40:30.778 [main] DEBUG org.hibernate.type.BasicTypeRegistry - Adding type registration ncharacter -> org.hibernate.type.CharacterNCharType@5fbdc49b
19:40:30.778 [main] DEBUG org.hibernate.type.BasicTypeRegistry - Adding type registration url -> org.hibernate.type.UrlType@285f38f6
19:40:30.778 [main] DEBUG org.hibernate.type.BasicTypeRegistry - Adding type registration java.net.URL -> org.hibernate.type.UrlType@285f38f6
19:40:30.778 [main] DEBUG org.hibernate.type.BasicTypeRegistry - Adding type registration date -> org.hibernate.type.DateType@21ac5eb4
19:40:30.778 [main] DEBUG org.hibernate.type.BasicTypeRegistry - Adding type registration java.sql.Date -> org.hibernate.type.DateType@21ac5eb4
19:40:30.778 [main] DEBUG org.hibernate.type.BasicTypeRegistry - Adding type registration time -> org.hibernate.type.TimeType@1d540566
19:40:30.778 [main] DEBUG org.hibernate.type.BasicTypeRegistry - Adding type registration java.sql.Time -> org.hibernate.type.TimeType@1d540566
19:40:30.778 [main] DEBUG org.hibernate.type.BasicTypeRegistry - Adding type registration timestamp -> org.hibernate.type.TimestampType@5c1f6d57
19:40:30.778 [main] DEBUG org.hibernate.type.BasicTypeRegistry - Adding type registration java.sql.Timestamp -> org.hibernate.type.TimestampType@5c1f6d57
19:40:30.778 [main] DEBUG org.hibernate.type.BasicTypeRegistry - Adding type registration java.util.Date -> org.hibernate.type.TimestampType@5c1f6d57
19:40:30.778 [main] DEBUG org.hibernate.type.BasicTypeRegistry - Adding type registration dbtimestamp -> org.hibernate.type.DbTimestampType@5cb5bb88
19:40:30.778 [main] DEBUG org.hibernate.type.BasicTypeRegistry - Adding type registration calendar -> org.hibernate.type.CalendarType@20e3c449
19:40:30.778 [main] DEBUG org.hibernate.type.BasicTypeRegistry - Adding type registration java.util.Calendar -> org.hibernate.type.CalendarType@20e3c449
19:40:30.778 [main] DEBUG org.hibernate.type.BasicTypeRegistry - Adding type registration java.util.GregorianCalendar -> org.hibernate.type.CalendarType@20e3c449
19:40:30.778 [main] DEBUG org.hibernate.type.BasicTypeRegistry - Adding type registration calendar_date -> org.hibernate.type.CalendarDateType@2dd8239
19:40:30.778 [main] DEBUG org.hibernate.type.BasicTypeRegistry - Adding type registration locale -> org.hibernate.type.LocaleType@3f92a84e
19:40:30.778 [main] DEBUG org.hibernate.type.BasicTypeRegistry - Adding type registration java.util.Locale -> org.hibernate.type.LocaleType@3f92a84e
19:40:30.778 [main] DEBUG org.hibernate.type.BasicTypeRegistry - Adding type registration currency -> org.hibernate.type.CurrencyType@5fcfca62
19:40:30.778 [main] DEBUG org.hibernate.type.BasicTypeRegistry - Adding type registration java.util.Currency -> org.hibernate.type.CurrencyType@5fcfca62
19:40:30.778 [main] DEBUG org.hibernate.type.BasicTypeRegistry - Adding type registration timezone -> org.hibernate.type.TimeZoneType@5b051a5c
19:40:30.778 [main] DEBUG org.hibernate.type.BasicTypeRegistry - Adding type registration java.util.TimeZone -> org.hibernate.type.TimeZoneType@5b051a5c
19:40:30.778 [main] DEBUG org.hibernate.type.BasicTypeRegistry - Adding type registration class -> org.hibernate.type.ClassType@10641c09
19:40:30.778 [main] DEBUG org.hibernate.type.BasicTypeRegistry - Adding type registration java.lang.Class -> org.hibernate.type.ClassType@10641c09
19:40:30.778 [main] DEBUG org.hibernate.type.BasicTypeRegistry - Adding type registration uuid-binary -> org.hibernate.type.UUIDBinaryType@12968227
19:40:30.778 [main] DEBUG org.hibernate.type.BasicTypeRegistry - Adding type registration java.util.UUID -> org.hibernate.type.UUIDBinaryType@12968227
19:40:30.778 [main] DEBUG org.hibernate.type.BasicTypeRegistry - Adding type registration uuid-char -> org.hibernate.type.UUIDCharType@48eb9836
19:40:30.778 [main] DEBUG org.hibernate.type.BasicTypeRegistry - Adding type registration binary -> org.hibernate.type.BinaryType@9e2ad91
19:40:30.778 [main] DEBUG org.hibernate.type.BasicTypeRegistry - Adding type registration byte[] -> org.hibernate.type.BinaryType@9e2ad91
19:40:30.778 [main] DEBUG org.hibernate.type.BasicTypeRegistry - Adding type registration [B -> org.hibernate.type.BinaryType@9e2ad91
19:40:30.778 [main] DEBUG org.hibernate.type.BasicTypeRegistry - Adding type registration wrapper-binary -> org.hibernate.type.WrapperBinaryType@74dbb1ee
19:40:30.778 [main] DEBUG org.hibernate.type.BasicTypeRegistry - Adding type registration Byte[] -> org.hibernate.type.WrapperBinaryType@74dbb1ee
19:40:30.778 [main] DEBUG org.hibernate.type.BasicTypeRegistry - Adding type registration [Ljava.lang.Byte; -> org.hibernate.type.WrapperBinaryType@74dbb1ee
19:40:30.778 [main] DEBUG org.hibernate.type.BasicTypeRegistry - Adding type registration row_version -> org.hibernate.type.RowVersionType@618ad2aa
19:40:30.778 [main] DEBUG org.hibernate.type.BasicTypeRegistry - Adding type registration image -> org.hibernate.type.ImageType@59e43e8c
19:40:30.778 [main] DEBUG org.hibernate.type.BasicTypeRegistry - Adding type registration characters -> org.hibernate.type.CharArrayType@3f049056
19:40:30.778 [main] DEBUG org.hibernate.type.BasicTypeRegistry - Adding type registration char[] -> org.hibernate.type.CharArrayType@3f049056
19:40:30.778 [main] DEBUG org.hibernate.type.BasicTypeRegistry - Adding type registration [C -> org.hibernate.type.CharArrayType@3f049056
19:40:30.778 [main] DEBUG org.hibernate.type.BasicTypeRegistry - Adding type registration wrapper-characters -> org.hibernate.type.CharacterArrayType@4c2fb9dd
19:40:30.778 [main] DEBUG org.hibernate.type.BasicTypeRegistry - Adding type registration [Ljava.lang.Character; -> org.hibernate.type.CharacterArrayType@4c2fb9dd
19:40:30.778 [main] DEBUG org.hibernate.type.BasicTypeRegistry - Adding type registration Character[] -> org.hibernate.type.CharacterArrayType@4c2fb9dd
19:40:30.778 [main] DEBUG org.hibernate.type.BasicTypeRegistry - Adding type registration text -> org.hibernate.type.TextType@41522537
19:40:30.778 [main] DEBUG org.hibernate.type.BasicTypeRegistry - Adding type registration ntext -> org.hibernate.type.NTextType@42c28305
19:40:30.778 [main] DEBUG org.hibernate.type.BasicTypeRegistry - Adding type registration blob -> org.hibernate.type.BlobType@ef1695a
19:40:30.778 [main] DEBUG org.hibernate.type.BasicTypeRegistry - Adding type registration java.sql.Blob -> org.hibernate.type.BlobType@ef1695a
19:40:30.778 [main] DEBUG org.hibernate.type.BasicTypeRegistry - Adding type registration materialized_blob -> org.hibernate.type.MaterializedBlobType@7139bd31
19:40:30.778 [main] DEBUG org.hibernate.type.BasicTypeRegistry - Adding type registration clob -> org.hibernate.type.ClobType@75361cf6
19:40:30.778 [main] DEBUG org.hibernate.type.BasicTypeRegistry - Adding type registration java.sql.Clob -> org.hibernate.type.ClobType@75361cf6
19:40:30.778 [main] DEBUG org.hibernate.type.BasicTypeRegistry - Adding type registration nclob -> org.hibernate.type.NClobType@102efc59
19:40:30.778 [main] DEBUG org.hibernate.type.BasicTypeRegistry - Adding type registration java.sql.NClob -> org.hibernate.type.NClobType@102efc59
19:40:30.778 [main] DEBUG org.hibernate.type.BasicTypeRegistry - Adding type registration materialized_clob -> org.hibernate.type.MaterializedClobType@75fa1be3
19:40:30.778 [main] DEBUG org.hibernate.type.BasicTypeRegistry - Adding type registration materialized_nclob -> org.hibernate.type.MaterializedNClobType@3ce53f6a
19:40:30.778 [main] DEBUG org.hibernate.type.BasicTypeRegistry - Adding type registration serializable -> org.hibernate.type.SerializableType@1daf3b44
19:40:30.778 [main] DEBUG org.hibernate.type.BasicTypeRegistry - Adding type registration object -> org.hibernate.type.ObjectType@4cb40e3b
19:40:30.778 [main] DEBUG org.hibernate.type.BasicTypeRegistry - Adding type registration java.lang.Object -> org.hibernate.type.ObjectType@4cb40e3b
19:40:30.778 [main] DEBUG org.hibernate.type.BasicTypeRegistry - Adding type registration imm_date -> org.hibernate.type.AdaptedImmutableType@3a588b5f
19:40:30.778 [main] DEBUG org.hibernate.type.BasicTypeRegistry - Adding type registration imm_time -> org.hibernate.type.AdaptedImmutableType@20b54cfe
19:40:30.778 [main] DEBUG org.hibernate.type.BasicTypeRegistry - Adding type registration imm_timestamp -> org.hibernate.type.AdaptedImmutableType@2bdb5e0f
19:40:30.778 [main] DEBUG org.hibernate.type.BasicTypeRegistry - Adding type registration imm_dbtimestamp -> org.hibernate.type.AdaptedImmutableType@5c9e8a67
19:40:30.778 [main] DEBUG org.hibernate.type.BasicTypeRegistry - Adding type registration imm_calendar -> org.hibernate.type.AdaptedImmutableType@2262f0d8
19:40:30.778 [main] DEBUG org.hibernate.type.BasicTypeRegistry - Adding type registration imm_calendar_date -> org.hibernate.type.AdaptedImmutableType@283a8ad6
19:40:30.778 [main] DEBUG org.hibernate.type.BasicTypeRegistry - Adding type registration imm_binary -> org.hibernate.type.AdaptedImmutableType@59e082f8
19:40:30.778 [main] DEBUG org.hibernate.type.BasicTypeRegistry - Adding type registration imm_serializable -> org.hibernate.type.AdaptedImmutableType@7185e611
19:40:30.779 [main] DEBUG org.springframework.jdbc.datasource.DriverManagerDataSource - Creating new JDBC DriverManager Connection to [jdbc:hsqldb:hsql://localhost/workdb]
19:40:30.780 [main] WARN org.hibernate.engine.jdbc.env.internal.JdbcEnvironmentInitiator - HHH000342: Could not obtain connection to query metadata : java.net.ConnectException: Połączenie odrzucone (Connection refused)
19:40:30.780 [main] INFO org.hibernate.dialect.Dialect - HHH000400: Using dialect: org.hibernate.dialect.HSQLDialect
19:40:30.780 [main] DEBUG org.hibernate.engine.jdbc.env.spi.IdentifierHelperBuilder - IdentifierCaseStrategy for both quoted and unquoted identifiers was set to the same strategy [MIXED]; that will likely lead to problems in schema update and validation if using quoted identifiers
19:40:30.780 [main] INFO org.hibernate.engine.jdbc.env.internal.LobCreatorBuilderImpl - HHH000422: Disabling contextual LOB creation as connection was null
19:40:30.781 [main] DEBUG org.hibernate.id.factory.internal.DefaultIdentifierGeneratorFactory - Registering IdentifierGenerator strategy [uuid2] -> [org.hibernate.id.UUIDGenerator]
19:40:30.781 [main] DEBUG org.hibernate.id.factory.internal.DefaultIdentifierGeneratorFactory - Registering IdentifierGenerator strategy [guid] -> [org.hibernate.id.GUIDGenerator]
19:40:30.781 [main] DEBUG org.hibernate.id.factory.internal.DefaultIdentifierGeneratorFactory - Registering IdentifierGenerator strategy [uuid] -> [org.hibernate.id.UUIDHexGenerator]
19:40:30.781 [main] DEBUG org.hibernate.id.factory.internal.DefaultIdentifierGeneratorFactory - Registering IdentifierGenerator strategy [uuid.hex] -> [org.hibernate.id.UUIDHexGenerator]
19:40:30.781 [main] DEBUG org.hibernate.id.factory.internal.DefaultIdentifierGeneratorFactory - Registering IdentifierGenerator strategy [assigned] -> [org.hibernate.id.Assigned]
19:40:30.781 [main] DEBUG org.hibernate.id.factory.internal.DefaultIdentifierGeneratorFactory - Registering IdentifierGenerator strategy [identity] -> [org.hibernate.id.IdentityGenerator]
19:40:30.781 [main] DEBUG org.hibernate.id.factory.internal.DefaultIdentifierGeneratorFactory - Registering IdentifierGenerator strategy [select] -> [org.hibernate.id.SelectGenerator]
19:40:30.781 [main] DEBUG org.hibernate.id.factory.internal.DefaultIdentifierGeneratorFactory - Registering IdentifierGenerator strategy [sequence] -> [org.hibernate.id.enhanced.SequenceStyleGenerator]
19:40:30.781 [main] DEBUG org.hibernate.id.factory.internal.DefaultIdentifierGeneratorFactory - Registering IdentifierGenerator strategy [seqhilo] -> [org.hibernate.id.SequenceHiLoGenerator]
19:40:30.781 [main] DEBUG org.hibernate.id.factory.internal.DefaultIdentifierGeneratorFactory - Registering IdentifierGenerator strategy [increment] -> [org.hibernate.id.IncrementGenerator]
19:40:30.781 [main] DEBUG org.hibernate.id.factory.internal.DefaultIdentifierGeneratorFactory - Registering IdentifierGenerator strategy [foreign] -> [org.hibernate.id.ForeignGenerator]
19:40:30.781 [main] DEBUG org.hibernate.id.factory.internal.DefaultIdentifierGeneratorFactory - Registering IdentifierGenerator strategy [sequence-identity] -> [org.hibernate.id.SequenceIdentityGenerator]
19:40:30.781 [main] DEBUG org.hibernate.id.factory.internal.DefaultIdentifierGeneratorFactory - Registering IdentifierGenerator strategy [enhanced-sequence] -> [org.hibernate.id.enhanced.SequenceStyleGenerator]
19:40:30.781 [main] DEBUG org.hibernate.id.factory.internal.DefaultIdentifierGeneratorFactory - Registering IdentifierGenerator strategy [enhanced-table] -> [org.hibernate.id.enhanced.TableGenerator]
19:40:30.781 [main] DEBUG org.hibernate.boot.model.relational.Namespace - Created database namespace [logicalName=Name{catalog=null, schema=null}, physicalName=Name{catalog=null, schema=null}]
19:40:30.781 [main] DEBUG org.hibernate.cfg.AnnotationBinder - Binding entity from annotated class: tau.mmo.domain.Item
19:40:30.781 [main] DEBUG org.hibernate.cfg.annotations.QueryBinder - Binding named query: item.all => Select p from Item p
19:40:30.781 [main] DEBUG org.hibernate.cfg.annotations.QueryBinder - Binding named query: item.allForPlayer => Select p from Item p where player_id = :id
19:40:30.781 [main] DEBUG org.hibernate.cfg.Ejb3Column - Binding column: Ejb3DiscriminatorColumn{logicalColumnName'DTYPE', discriminatorTypeName='string'}
19:40:30.781 [main] DEBUG org.hibernate.cfg.annotations.EntityBinder - Import with entity name Item
19:40:30.781 [main] DEBUG org.hibernate.cfg.annotations.EntityBinder - Bind entity tau.mmo.domain.Item on table item
19:40:30.782 [main] DEBUG org.hibernate.cfg.Ejb3Column - Binding column: Ejb3Column{table=org.hibernate.mapping.Table(item), mappingColumn=id, insertable=true, updatable=true, unique=false}
19:40:30.782 [main] DEBUG org.hibernate.cfg.annotations.PropertyBinder - MetadataSourceProcessor property id with lazy=false
19:40:30.782 [main] DEBUG org.hibernate.cfg.AbstractPropertyHolder - Attempting to locate auto-apply AttributeConverter for property [tau.mmo.domain.Item:id]
19:40:30.782 [main] DEBUG org.hibernate.cfg.annotations.SimpleValueBinder - building SimpleValue for id
19:40:30.782 [main] DEBUG org.hibernate.cfg.annotations.PropertyBinder - Building property id
19:40:30.782 [main] DEBUG org.hibernate.cfg.Ejb3Column - Binding column: Ejb3Column{table=org.hibernate.mapping.Table(item), mappingColumn=itemclass, insertable=true, updatable=true, unique=false}
19:40:30.782 [main] DEBUG org.hibernate.cfg.annotations.PropertyBinder - MetadataSourceProcessor property itemclass with lazy=false
19:40:30.782 [main] DEBUG org.hibernate.cfg.AbstractPropertyHolder - Attempting to locate auto-apply AttributeConverter for property [tau.mmo.domain.Item:itemclass]
19:40:30.782 [main] DEBUG org.hibernate.cfg.annotations.SimpleValueBinder - building SimpleValue for itemclass
19:40:30.782 [main] DEBUG org.hibernate.cfg.annotations.PropertyBinder - Building property itemclass
19:40:30.782 [main] DEBUG org.hibernate.cfg.Ejb3Column - Binding column: Ejb3Column{table=org.hibernate.mapping.Table(item), mappingColumn=levelreq, insertable=true, updatable=true, unique=false}
19:40:30.782 [main] DEBUG org.hibernate.cfg.annotations.PropertyBinder - MetadataSourceProcessor property levelreq with lazy=false
19:40:30.782 [main] DEBUG org.hibernate.cfg.AbstractPropertyHolder - Attempting to locate auto-apply AttributeConverter for property [tau.mmo.domain.Item:levelreq]
19:40:30.782 [main] DEBUG org.hibernate.cfg.annotations.SimpleValueBinder - building SimpleValue for levelreq
19:40:30.782 [main] DEBUG org.hibernate.cfg.annotations.PropertyBinder - Building property levelreq
19:40:30.782 [main] DEBUG org.hibernate.cfg.Ejb3Column - Binding column: Ejb3Column{table=org.hibernate.mapping.Table(item), mappingColumn=name, insertable=true, updatable=true, unique=false}
19:40:30.782 [main] DEBUG org.hibernate.cfg.annotations.PropertyBinder - MetadataSourceProcessor property name with lazy=false
19:40:30.782 [main] DEBUG org.hibernate.cfg.AbstractPropertyHolder - Attempting to locate auto-apply AttributeConverter for property [tau.mmo.domain.Item:name]
19:40:30.782 [main] DEBUG org.hibernate.cfg.annotations.SimpleValueBinder - building SimpleValue for name
19:40:30.782 [main] DEBUG org.hibernate.cfg.annotations.PropertyBinder - Building property name
19:40:30.783 [main] DEBUG org.hibernate.cfg.Ejb3Column - Binding column: Ejb3JoinColumn{logicalColumnName='player_id', referencedColumn='', mappedBy=''}
19:40:30.783 [main] DEBUG org.hibernate.cfg.Ejb3Column - Binding column: Ejb3Column{table=org.hibernate.mapping.Table(item), mappingColumn=player, insertable=true, updatable=true, unique=false}
19:40:30.783 [main] DEBUG org.hibernate.cfg.annotations.PropertyBinder - Building property player
19:40:30.783 [main] DEBUG org.hibernate.cfg.AnnotationBinder - Binding entity from annotated class: tau.mmo.domain.Player
19:40:30.783 [main] DEBUG org.hibernate.cfg.annotations.QueryBinder - Binding named query: player.all => Select p from Player p
19:40:30.783 [main] DEBUG org.hibernate.cfg.annotations.QueryBinder - Binding named query: player.findPlayers => Select c from Player c where c.name like :nameFragment
19:40:30.783 [main] DEBUG org.hibernate.cfg.Ejb3Column - Binding column: Ejb3DiscriminatorColumn{logicalColumnName'DTYPE', discriminatorTypeName='string'}
19:40:30.783 [main] DEBUG org.hibernate.cfg.annotations.EntityBinder - Import with entity name Player
19:40:30.783 [main] DEBUG org.hibernate.cfg.annotations.EntityBinder - Bind entity tau.mmo.domain.Player on table player
19:40:30.783 [main] DEBUG org.hibernate.cfg.Ejb3Column - Binding column: Ejb3Column{table=org.hibernate.mapping.Table(player), mappingColumn=id, insertable=true, updatable=true, unique=false}
19:40:30.783 [main] DEBUG org.hibernate.cfg.annotations.PropertyBinder - MetadataSourceProcessor property id with lazy=false
19:40:30.783 [main] DEBUG org.hibernate.cfg.AbstractPropertyHolder - Attempting to locate auto-apply AttributeConverter for property [tau.mmo.domain.Player:id]
19:40:30.784 [main] DEBUG org.hibernate.cfg.annotations.SimpleValueBinder - building SimpleValue for id
19:40:30.784 [main] DEBUG org.hibernate.cfg.annotations.PropertyBinder - Building property id
19:40:30.784 [main] DEBUG org.hibernate.cfg.Ejb3Column - Binding column: Ejb3Column{table=org.hibernate.mapping.Table(player), mappingColumn=heroclass, insertable=true, updatable=true, unique=false}
19:40:30.784 [main] DEBUG org.hibernate.cfg.annotations.PropertyBinder - MetadataSourceProcessor property heroclass with lazy=false
19:40:30.784 [main] DEBUG org.hibernate.cfg.AbstractPropertyHolder - Attempting to locate auto-apply AttributeConverter for property [tau.mmo.domain.Player:heroclass]
19:40:30.784 [main] DEBUG org.hibernate.cfg.annotations.SimpleValueBinder - building SimpleValue for heroclass
19:40:30.784 [main] DEBUG org.hibernate.cfg.annotations.PropertyBinder - Building property heroclass
19:40:30.784 [main] DEBUG org.hibernate.cfg.Ejb3Column - Binding column: Ejb3JoinColumn{logicalColumnName='null', referencedColumn='null', mappedBy='player'}
19:40:30.784 [main] DEBUG org.hibernate.cfg.Ejb3Column - Binding column: Ejb3Column{table=org.hibernate.mapping.Table(player), mappingColumn=items, insertable=true, updatable=true, unique=false}
19:40:30.784 [main] DEBUG org.hibernate.cfg.Ejb3Column - Binding column: Ejb3Column{table=org.hibernate.mapping.Table(player), mappingColumn=null, insertable=true, updatable=true, unique=false}
19:40:30.784 [main] DEBUG org.hibernate.cfg.Ejb3Column - Binding column: Ejb3Column{table=org.hibernate.mapping.Table(player), mappingColumn=element, insertable=true, updatable=true, unique=false}
19:40:30.784 [main] DEBUG org.hibernate.cfg.Ejb3Column - Binding column: Ejb3Column{table=org.hibernate.mapping.Table(player), mappingColumn=items_KEY, insertable=true, updatable=true, unique=false}
19:40:30.784 [main] DEBUG org.hibernate.cfg.Ejb3Column - Binding column: Ejb3JoinColumn{logicalColumnName='items_KEY', referencedColumn='null', mappedBy='null'}
19:40:30.784 [main] DEBUG org.hibernate.cfg.Ejb3Column - Binding column: Ejb3JoinColumn{logicalColumnName='null', referencedColumn='null', mappedBy='player'}
19:40:30.784 [main] DEBUG org.hibernate.cfg.Ejb3Column - Binding column: Ejb3JoinColumn{logicalColumnName='null', referencedColumn='null', mappedBy='player'}
19:40:30.784 [main] DEBUG org.hibernate.cfg.annotations.CollectionBinder - Collection role: tau.mmo.domain.Player.items
19:40:30.784 [main] DEBUG org.hibernate.cfg.annotations.PropertyBinder - Building property items
19:40:30.784 [main] DEBUG org.hibernate.cfg.Ejb3Column - Binding column: Ejb3Column{table=org.hibernate.mapping.Table(player), mappingColumn=level, insertable=true, updatable=true, unique=false}
19:40:30.784 [main] DEBUG org.hibernate.cfg.annotations.PropertyBinder - MetadataSourceProcessor property level with lazy=false
19:40:30.784 [main] DEBUG org.hibernate.cfg.AbstractPropertyHolder - Attempting to locate auto-apply AttributeConverter for property [tau.mmo.domain.Player:level]
19:40:30.784 [main] DEBUG org.hibernate.cfg.annotations.SimpleValueBinder - building SimpleValue for level
19:40:30.784 [main] DEBUG org.hibernate.cfg.annotations.PropertyBinder - Building property level
19:40:30.784 [main] DEBUG org.hibernate.cfg.Ejb3Column - Binding column: Ejb3Column{table=org.hibernate.mapping.Table(player), mappingColumn=name, insertable=true, updatable=true, unique=false}
19:40:30.784 [main] DEBUG org.hibernate.cfg.annotations.PropertyBinder - MetadataSourceProcessor property name with lazy=false
19:40:30.785 [main] DEBUG org.hibernate.cfg.AbstractPropertyHolder - Attempting to locate auto-apply AttributeConverter for property [tau.mmo.domain.Player:name]
19:40:30.785 [main] DEBUG org.hibernate.cfg.annotations.SimpleValueBinder - building SimpleValue for name
19:40:30.785 [main] DEBUG org.hibernate.cfg.annotations.PropertyBinder - Building property name
19:40:30.785 [main] DEBUG org.hibernate.cfg.annotations.SimpleValueBinder - Starting fillSimpleValue for id
19:40:30.785 [main] DEBUG org.hibernate.cfg.annotations.SimpleValueBinder - Starting fillSimpleValue for itemclass
19:40:30.785 [main] DEBUG org.hibernate.cfg.annotations.SimpleValueBinder - Starting fillSimpleValue for levelreq
19:40:30.785 [main] DEBUG org.hibernate.cfg.annotations.SimpleValueBinder - Starting fillSimpleValue for name
19:40:30.785 [main] DEBUG org.hibernate.cfg.annotations.SimpleValueBinder - Starting fillSimpleValue for id
19:40:30.785 [main] DEBUG org.hibernate.cfg.annotations.SimpleValueBinder - Starting fillSimpleValue for heroclass
19:40:30.785 [main] DEBUG org.hibernate.cfg.annotations.SimpleValueBinder - Starting fillSimpleValue for level
19:40:30.785 [main] DEBUG org.hibernate.cfg.annotations.SimpleValueBinder - Starting fillSimpleValue for name
19:40:30.785 [main] DEBUG org.hibernate.mapping.PrimaryKey - Forcing column [id] to be non-null as it is part of the primary key for table [item]
19:40:30.785 [main] DEBUG org.hibernate.mapping.PrimaryKey - Forcing column [id] to be non-null as it is part of the primary key for table [player]
19:40:30.785 [main] DEBUG org.hibernate.cfg.CollectionSecondPass - Second pass for collection: tau.mmo.domain.Player.items
19:40:30.785 [main] DEBUG org.hibernate.cfg.annotations.CollectionBinder - Binding a OneToMany: tau.mmo.domain.Player.items through a foreign key
19:40:30.785 [main] DEBUG org.hibernate.cfg.annotations.CollectionBinder - Mapping collection: tau.mmo.domain.Player.items -> item
19:40:30.785 [main] DEBUG org.hibernate.cfg.annotations.TableBinder - Retrieving property tau.mmo.domain.Item.player
19:40:30.785 [main] DEBUG org.hibernate.cfg.CollectionSecondPass - Mapped collection key: player_id, one-to-many: tau.mmo.domain.Item
19:40:30.785 [main] DEBUG org.hibernate.boot.internal.InFlightMetadataCollectorImpl - Resolving reference to class: tau.mmo.domain.Player
19:40:30.785 [main] DEBUG org.hibernate.boot.internal.InFlightMetadataCollectorImpl - Resolving reference to class: tau.mmo.domain.Player
19:40:30.786 [main] DEBUG org.hibernate.internal.SessionFactoryImpl - Building session factory
19:40:30.786 [main] DEBUG org.hibernate.cfg.Settings - SessionFactory name : null
19:40:30.786 [main] DEBUG org.hibernate.cfg.Settings - Automatic flush during beforeCompletion(): disabled
19:40:30.786 [main] DEBUG org.hibernate.cfg.Settings - Automatic session close at end of transaction: disabled
19:40:30.786 [main] DEBUG org.hibernate.cfg.Settings - Statistics: disabled
19:40:30.786 [main] DEBUG org.hibernate.cfg.Settings - Deleted entity synthetic identifier rollback: disabled
19:40:30.786 [main] DEBUG org.hibernate.cfg.Settings - Default entity-mode: pojo
19:40:30.786 [main] DEBUG org.hibernate.cfg.Settings - Check Nullability in Core (should be disabled when Bean Validation is on): enabled
19:40:30.786 [main] DEBUG org.hibernate.cfg.Settings - Allow initialization of lazy state outside session : disabled
19:40:30.786 [main] DEBUG org.hibernate.cfg.Settings - Using BatchFetchStyle : LEGACY
19:40:30.786 [main] DEBUG org.hibernate.cfg.Settings - Default batch fetch size: -1
19:40:30.786 [main] DEBUG org.hibernate.cfg.Settings - Maximum outer join fetch depth: null
19:40:30.786 [main] DEBUG org.hibernate.cfg.Settings - Default null ordering: NONE
19:40:30.786 [main] DEBUG org.hibernate.cfg.Settings - Order SQL updates by primary key: disabled
19:40:30.786 [main] DEBUG org.hibernate.cfg.Settings - Order SQL inserts for batching: disabled
19:40:30.786 [main] DEBUG org.hibernate.cfg.Settings - multi-tenancy strategy : NONE
19:40:30.786 [main] DEBUG org.hibernate.cfg.Settings - JTA Track by Thread: enabled
19:40:30.786 [main] DEBUG org.hibernate.cfg.Settings - Query language substitutions: {}
19:40:30.786 [main] DEBUG org.hibernate.cfg.Settings - JPA query language strict compliance: disabled
19:40:30.786 [main] DEBUG org.hibernate.cfg.Settings - Named query checking : enabled
19:40:30.786 [main] DEBUG org.hibernate.cfg.Settings - Second-level cache: enabled
19:40:30.786 [main] DEBUG org.hibernate.cfg.Settings - Second-level query cache: disabled
19:40:30.786 [main] DEBUG org.hibernate.cfg.Settings - Second-level query cache factory: org.hibernate.cache.internal.StandardQueryCacheFactory@2da16263
19:40:30.786 [main] DEBUG org.hibernate.cfg.Settings - Second-level cache region prefix: null
19:40:30.786 [main] DEBUG org.hibernate.cfg.Settings - Optimize second-level cache for minimal puts: disabled
19:40:30.786 [main] DEBUG org.hibernate.cfg.Settings - Structured second-level cache entries: disabled
19:40:30.786 [main] DEBUG org.hibernate.cfg.Settings - Second-level cache direct-reference entries: disabled
19:40:30.786 [main] DEBUG org.hibernate.cfg.Settings - Automatic eviction of collection cache: disabled
19:40:30.786 [main] DEBUG org.hibernate.cfg.Settings - JDBC batch size: 0
19:40:30.786 [main] DEBUG org.hibernate.cfg.Settings - JDBC batch updates for versioned data: enabled
19:40:30.786 [main] DEBUG org.hibernate.cfg.Settings - Scrollable result sets: disabled
19:40:30.786 [main] DEBUG org.hibernate.cfg.Settings - Wrap result sets: disabled
19:40:30.786 [main] DEBUG org.hibernate.cfg.Settings - JDBC3 getGeneratedKeys(): disabled
19:40:30.786 [main] DEBUG org.hibernate.cfg.Settings - JDBC result set fetch size: null
19:40:30.786 [main] DEBUG org.hibernate.cfg.Settings - Connection release mode: ON_CLOSE
19:40:30.786 [main] DEBUG org.hibernate.cfg.Settings - Generate SQL with comments: disabled
19:40:30.787 [main] DEBUG org.hibernate.internal.SessionFactoryImpl - Session factory constructed with filter configurations : {}
19:40:30.787 [main] DEBUG org.hibernate.internal.SessionFactoryImpl - Instantiating session factory with properties: {awt.toolkit=sun.awt.X11.XToolkit, java.specification.version=11, sun.cpu.isalist=, sun.jnu.encoding=UTF-8, hibernate.connection.release_mode=ON_CLOSE, sun.arch.data.model=64, java.vendor.url=http://java.oracle.com/, sun.boot.library.path=/usr/lib/jvm/java-11-openjdk-amd64/lib, sun.java.command=/home/whitewolf/tau/TAU-repozytorium/tau-mmo-jmeter/target/surefire/surefirebooter3068630985977223282.jar /home/whitewolf/tau/TAU-repozytorium/tau-mmo-jmeter/target/surefire 2019-05-27T19-40-27_728-jvmRun1 surefire9941762728851701862tmp surefire_013181237219562226252tmp, jdk.debug=release, java.specification.vendor=Oracle Corporation, java.version.date=2019-04-16, java.home=/usr/lib/jvm/java-11-openjdk-amd64, file.separator=/, basedir=/home/whitewolf/tau/TAU-repozytorium/tau-mmo-jmeter, java.vm.compressedOopsMode=Zero based, line.separator=
, java.specification.name=Java Platform API Specification, java.vm.specification.vendor=Oracle Corporation, hibernate.hbm2ddl.auto=update, sun.management.compiler=HotSpot 64-Bit Tiered Compilers, java.runtime.version=11.0.3+7-Ubuntu-1ubuntu218.04.1, user.name=whitewolf, file.encoding=UTF-8, hibernate.classLoaders=[jdk.internal.loader.ClassLoaders$AppClassLoader@1affbebc], hibernate.current_session_context_class=org.springframework.orm.hibernate5.SpringSessionContext, localRepository=/home/whitewolf/.m2/repository, java.io.tmpdir=/tmp, java.version=11.0.3, java.vm.specification.name=Java Virtual Machine Specification, java.awt.printerjob=sun.print.PSPrinterJob, sun.os.patch.level=unknown, java.library.path=/usr/java/packages/lib:/usr/lib/x86_64-linux-gnu/jni:/lib/x86_64-linux-gnu:/usr/lib/x86_64-linux-gnu:/usr/lib/jni:/lib:/usr/lib, java.vendor=Oracle Corporation, sun.io.unicode.encoding=UnicodeLittle, sun.desktop=gnome, hibernate.dialect=org.hibernate.dialect.HSQLDialect, java.class.path=/home/whitewolf/tau/TAU-repozytorium/tau-mmo-jmeter/target/test-classes:/home/whitewolf/tau/TAU-repozytorium/tau-mmo-jmeter/target/classes:/home/whitewolf/.m2/repository/org/springframework/boot/spring-boot-starter-web/2.1.4.RELEASE/spring-boot-starter-web-2.1.4.RELEASE.jar:/home/whitewolf/.m2/repository/org/springframework/boot/spring-boot-starter/2.1.4.RELEASE/spring-boot-starter-2.1.4.RELEASE.jar:/home/whitewolf/.m2/repository/org/springframework/boot/spring-boot/2.1.4.RELEASE/spring-boot-2.1.4.RELEASE.jar:/home/whitewolf/.m2/repository/org/springframework/boot/spring-boot-autoconfigure/2.1.4.RELEASE/spring-boot-autoconfigure-2.1.4.RELEASE.jar:/home/whitewolf/.m2/repository/org/springframework/boot/spring-boot-starter-logging/2.1.4.RELEASE/spring-boot-starter-logging-2.1.4.RELEASE.jar:/home/whitewolf/.m2/repository/ch/qos/logback/logback-classic/1.2.3/logback-classic-1.2.3.jar:/home/whitewolf/.m2/repository/ch/qos/logback/logback-core/1.2.3/logback-core-1.2.3.jar:/home/whitewolf/.m2/repository/org/apache/logging/log4j/log4j-to-slf4j/2.11.2/log4j-to-slf4j-2.11.2.jar:/home/whitewolf/.m2/repository/org/apache/logging/log4j/log4j-api/2.11.2/log4j-api-2.11.2.jar:/home/whitewolf/.m2/repository/org/slf4j/jul-to-slf4j/1.7.26/jul-to-slf4j-1.7.26.jar:/home/whitewolf/.m2/repository/org/yaml/snakeyaml/1.23/snakeyaml-1.23.jar:/home/whitewolf/.m2/repository/org/springframework/boot/spring-boot-starter-json/2.1.4.RELEASE/spring-boot-starter-json-2.1.4.RELEASE.jar:/home/whitewolf/.m2/repository/com/fasterxml/jackson/core/jackson-databind/2.9.8/jackson-databind-2.9.8.jar:/home/whitewolf/.m2/repository/com/fasterxml/jackson/core/jackson-annotations/2.9.0/jackson-annotations-2.9.0.jar:/home/whitewolf/.m2/repository/com/fasterxml/jackson/core/jackson-core/2.9.8/jackson-core-2.9.8.jar:/home/whitewolf/.m2/repository/com/fasterxml/jackson/datatype/jackson-datatype-jdk8/2.9.8/jackson-datatype-jdk8-2.9.8.jar:/home/whitewolf/.m2/repository/com/fasterxml/jackson/datatype/jackson-datatype-jsr310/2.9.8/jackson-datatype-jsr310-2.9.8.jar:/home/whitewolf/.m2/repository/com/fasterxml/jackson/module/jackson-module-parameter-names/2.9.8/jackson-module-parameter-names-2.9.8.jar:/home/whitewolf/.m2/repository/org/hibernate/validator/hibernate-validator/6.0.16.Final/hibernate-validator-6.0.16.Final.jar:/home/whitewolf/.m2/repository/javax/validation/validation-api/2.0.1.Final/validation-api-2.0.1.Final.jar:/home/whitewolf/.m2/repository/org/springframework/spring-web/5.1.6.RELEASE/spring-web-5.1.6.RELEASE.jar:/home/whitewolf/.m2/repository/org/springframework/spring-webmvc/5.1.6.RELEASE/spring-webmvc-5.1.6.RELEASE.jar:/home/whitewolf/.m2/repository/org/springframework/spring-aop/5.1.6.RELEASE/spring-aop-5.1.6.RELEASE.jar:/home/whitewolf/.m2/repository/org/springframework/spring-context/5.1.6.RELEASE/spring-context-5.1.6.RELEASE.jar:/home/whitewolf/.m2/repository/org/springframework/spring-expression/5.1.6.RELEASE/spring-expression-5.1.6.RELEASE.jar:/home/whitewolf/.m2/repository/org/springframework/boot/spring-boot-starter-test/2.1.4.RELEASE/spring-boot-starter-test-2.1.4.RELEASE.jar:/home/whitewolf/.m2/repository/org/springframework/boot/spring-boot-test/2.1.4.RELEASE/spring-boot-test-2.1.4.RELEASE.jar:/home/whitewolf/.m2/repository/org/springframework/boot/spring-boot-test-autoconfigure/2.1.4.RELEASE/spring-boot-test-autoconfigure-2.1.4.RELEASE.jar:/home/whitewolf/.m2/repository/junit/junit/4.12/junit-4.12.jar:/home/whitewolf/.m2/repository/org/assertj/assertj-core/3.11.1/assertj-core-3.11.1.jar:/home/whitewolf/.m2/repository/org/mockito/mockito-core/2.23.4/mockito-core-2.23.4.jar:/home/whitewolf/.m2/repository/net/bytebuddy/byte-buddy/1.9.12/byte-buddy-1.9.12.jar:/home/whitewolf/.m2/repository/net/bytebuddy/byte-buddy-agent/1.9.12/byte-buddy-agent-1.9.12.jar:/home/whitewolf/.m2/repository/org/objenesis/objenesis/2.6/objenesis-2.6.jar:/home/whitewolf/.m2/repository/org/hamcrest/hamcrest-core/1.3/hamcrest-core-1.3.jar:/home/whitewolf/.m2/repository/org/hamcrest/hamcrest-library/1.3/hamcrest-library-1.3.jar:/home/whitewolf/.m2/repository/org/skyscreamer/jsonassert/1.5.0/jsonassert-1.5.0.jar:/home/whitewolf/.m2/repository/com/vaadin/external/google/android-json/0.0.20131108.vaadin1/android-json-0.0.20131108.vaadin1.jar:/home/whitewolf/.m2/repository/org/springframework/spring-core/5.1.6.RELEASE/spring-core-5.1.6.RELEASE.jar:/home/whitewolf/.m2/repository/org/springframework/spring-jcl/5.1.6.RELEASE/spring-jcl-5.1.6.RELEASE.jar:/home/whitewolf/.m2/repository/org/springframework/spring-test/5.1.6.RELEASE/spring-test-5.1.6.RELEASE.jar:/home/whitewolf/.m2/repository/org/xmlunit/xmlunit-core/2.6.2/xmlunit-core-2.6.2.jar:/home/whitewolf/.m2/repository/org/springframework/boot/spring-boot-starter-tomcat/2.1.4.RELEASE/spring-boot-starter-tomcat-2.1.4.RELEASE.jar:/home/whitewolf/.m2/repository/javax/annotation/javax.annotation-api/1.3.2/javax.annotation-api-1.3.2.jar:/home/whitewolf/.m2/repository/org/apache/tomcat/embed/tomcat-embed-core/9.0.17/tomcat-embed-core-9.0.17.jar:/home/whitewolf/.m2/repository/org/apache/tomcat/embed/tomcat-embed-el/9.0.17/tomcat-embed-el-9.0.17.jar:/home/whitewolf/.m2/repository/org/apache/tomcat/embed/tomcat-embed-websocket/9.0.17/tomcat-embed-websocket-9.0.17.jar:/home/whitewolf/.m2/repository/org/springframework/boot/spring-boot-starter-data-jpa/2.1.4.RELEASE/spring-boot-starter-data-jpa-2.1.4.RELEASE.jar:/home/whitewolf/.m2/repository/org/springframework/boot/spring-boot-starter-aop/2.1.4.RELEASE/spring-boot-starter-aop-2.1.4.RELEASE.jar:/home/whitewolf/.m2/repository/org/aspectj/aspectjweaver/1.9.2/aspectjweaver-1.9.2.jar:/home/whitewolf/.m2/repository/org/springframework/boot/spring-boot-starter-jdbc/2.1.4.RELEASE/spring-boot-starter-jdbc-2.1.4.RELEASE.jar:/home/whitewolf/.m2/repository/com/zaxxer/HikariCP/3.2.0/HikariCP-3.2.0.jar:/home/whitewolf/.m2/repository/org/springframework/spring-jdbc/5.1.6.RELEASE/spring-jdbc-5.1.6.RELEASE.jar:/home/whitewolf/.m2/repository/javax/transaction/javax.transaction-api/1.3/javax.transaction-api-1.3.jar:/home/whitewolf/.m2/repository/javax/xml/bind/jaxb-api/2.3.1/jaxb-api-2.3.1.jar:/home/whitewolf/.m2/repository/javax/activation/javax.activation-api/1.2.0/javax.activation-api-1.2.0.jar:/home/whitewolf/.m2/repository/org/springframework/data/spring-data-jpa/2.1.6.RELEASE/spring-data-jpa-2.1.6.RELEASE.jar:/home/whitewolf/.m2/repository/org/springframework/data/spring-data-commons/2.1.6.RELEASE/spring-data-commons-2.1.6.RELEASE.jar:/home/whitewolf/.m2/repository/org/springframework/spring-orm/5.1.6.RELEASE/spring-orm-5.1.6.RELEASE.jar:/home/whitewolf/.m2/repository/org/springframework/spring-aspects/5.1.6.RELEASE/spring-aspects-5.1.6.RELEASE.jar:/home/whitewolf/.m2/repository/org/springframework/spring-tx/5.1.6.RELEASE/spring-tx-5.1.6.RELEASE.jar:/home/whitewolf/.m2/repository/org/springframework/spring-beans/5.1.6.RELEASE/spring-beans-5.1.6.RELEASE.jar:/home/whitewolf/.m2/repository/com/jayway/jsonpath/json-path/2.4.0/json-path-2.4.0.jar:/home/whitewolf/.m2/repository/net/minidev/json-smart/2.3/json-smart-2.3.jar:/home/whitewolf/.m2/repository/net/minidev/accessors-smart/1.2/accessors-smart-1.2.jar:/home/whitewolf/.m2/repository/org/ow2/asm/asm/5.0.4/asm-5.0.4.jar:/home/whitewolf/.m2/repository/org/slf4j/slf4j-api/1.7.26/slf4j-api-1.7.26.jar:/home/whitewolf/.m2/repository/org/hibernate/hibernate-core/5.1.6.Final/hibernate-core-5.1.6.Final.jar:/home/whitewolf/.m2/repository/org/jboss/logging/jboss-logging/3.3.2.Final/jboss-logging-3.3.2.Final.jar:/home/whitewolf/.m2/repository/org/hibernate/javax/persistence/hibernate-jpa-2.1-api/1.0.0.Final/hibernate-jpa-2.1-api-1.0.0.Final.jar:/home/whitewolf/.m2/repository/org/javassist/javassist/3.20.0-GA/javassist-3.20.0-GA.jar:/home/whitewolf/.m2/repository/antlr/antlr/2.7.7/antlr-2.7.7.jar:/home/whitewolf/.m2/repository/org/apache/geronimo/specs/geronimo-jta_1.1_spec/1.1.1/geronimo-jta_1.1_spec-1.1.1.jar:/home/whitewolf/.m2/repository/org/jboss/jandex/2.0.3.Final/jandex-2.0.3.Final.jar:/home/whitewolf/.m2/repository/com/fasterxml/classmate/1.4.0/classmate-1.4.0.jar:/home/whitewolf/.m2/repository/dom4j/dom4j/1.6.1/dom4j-1.6.1.jar:/home/whitewolf/.m2/repository/org/hibernate/common/hibernate-commons-annotations/5.0.1.Final/hibernate-commons-annotations-5.0.1.Final.jar:/home/whitewolf/.m2/repository/org/hsqldb/hsqldb/2.3.4/hsqldb-2.3.4.jar:, java.vm.vendor=Oracle Corporation, user.timezone=Europe/Warsaw, os.name=Linux, java.vm.specification.version=11, sun.java.launcher=SUN_STANDARD, user.country=PL, surefire.test.class.path=/home/whitewolf/tau/TAU-repozytorium/tau-mmo-jmeter/target/test-classes:/home/whitewolf/tau/TAU-repozytorium/tau-mmo-jmeter/target/classes:/home/whitewolf/.m2/repository/org/springframework/boot/spring-boot-starter-web/2.1.4.RELEASE/spring-boot-starter-web-2.1.4.RELEASE.jar:/home/whitewolf/.m2/repository/org/springframework/boot/spring-boot-starter/2.1.4.RELEASE/spring-boot-starter-2.1.4.RELEASE.jar:/home/whitewolf/.m2/repository/org/springframework/boot/spring-boot/2.1.4.RELEASE/spring-boot-2.1.4.RELEASE.jar:/home/whitewolf/.m2/repository/org/springframework/boot/spring-boot-autoconfigure/2.1.4.RELEASE/spring-boot-autoconfigure-2.1.4.RELEASE.jar:/home/whitewolf/.m2/repository/org/springframework/boot/spring-boot-starter-logging/2.1.4.RELEASE/spring-boot-starter-logging-2.1.4.RELEASE.jar:/home/whitewolf/.m2/repository/ch/qos/logback/logback-classic/1.2.3/logback-classic-1.2.3.jar:/home/whitewolf/.m2/repository/ch/qos/logback/logback-core/1.2.3/logback-core-1.2.3.jar:/home/whitewolf/.m2/repository/org/apache/logging/log4j/log4j-to-slf4j/2.11.2/log4j-to-slf4j-2.11.2.jar:/home/whitewolf/.m2/repository/org/apache/logging/log4j/log4j-api/2.11.2/log4j-api-2.11.2.jar:/home/whitewolf/.m2/repository/org/slf4j/jul-to-slf4j/1.7.26/jul-to-slf4j-1.7.26.jar:/home/whitewolf/.m2/repository/org/yaml/snakeyaml/1.23/snakeyaml-1.23.jar:/home/whitewolf/.m2/repository/org/springframework/boot/spring-boot-starter-json/2.1.4.RELEASE/spring-boot-starter-json-2.1.4.RELEASE.jar:/home/whitewolf/.m2/repository/com/fasterxml/jackson/core/jackson-databind/2.9.8/jackson-databind-2.9.8.jar:/home/whitewolf/.m2/repository/com/fasterxml/jackson/core/jackson-annotations/2.9.0/jackson-annotations-2.9.0.jar:/home/whitewolf/.m2/repository/com/fasterxml/jackson/core/jackson-core/2.9.8/jackson-core-2.9.8.jar:/home/whitewolf/.m2/repository/com/fasterxml/jackson/datatype/jackson-datatype-jdk8/2.9.8/jackson-datatype-jdk8-2.9.8.jar:/home/whitewolf/.m2/repository/com/fasterxml/jackson/datatype/jackson-datatype-jsr310/2.9.8/jackson-datatype-jsr310-2.9.8.jar:/home/whitewolf/.m2/repository/com/fasterxml/jackson/module/jackson-module-parameter-names/2.9.8/jackson-module-parameter-names-2.9.8.jar:/home/whitewolf/.m2/repository/org/hibernate/validator/hibernate-validator/6.0.16.Final/hibernate-validator-6.0.16.Final.jar:/home/whitewolf/.m2/repository/javax/validation/validation-api/2.0.1.Final/validation-api-2.0.1.Final.jar:/home/whitewolf/.m2/repository/org/springframework/spring-web/5.1.6.RELEASE/spring-web-5.1.6.RELEASE.jar:/home/whitewolf/.m2/repository/org/springframework/spring-webmvc/5.1.6.RELEASE/spring-webmvc-5.1.6.RELEASE.jar:/home/whitewolf/.m2/repository/org/springframework/spring-aop/5.1.6.RELEASE/spring-aop-5.1.6.RELEASE.jar:/home/whitewolf/.m2/repository/org/springframework/spring-context/5.1.6.RELEASE/spring-context-5.1.6.RELEASE.jar:/home/whitewolf/.m2/repository/org/springframework/spring-expression/5.1.6.RELEASE/spring-expression-5.1.6.RELEASE.jar:/home/whitewolf/.m2/repository/org/springframework/boot/spring-boot-starter-test/2.1.4.RELEASE/spring-boot-starter-test-2.1.4.RELEASE.jar:/home/whitewolf/.m2/repository/org/springframework/boot/spring-boot-test/2.1.4.RELEASE/spring-boot-test-2.1.4.RELEASE.jar:/home/whitewolf/.m2/repository/org/springframework/boot/spring-boot-test-autoconfigure/2.1.4.RELEASE/spring-boot-test-autoconfigure-2.1.4.RELEASE.jar:/home/whitewolf/.m2/repository/junit/junit/4.12/junit-4.12.jar:/home/whitewolf/.m2/repository/org/assertj/assertj-core/3.11.1/assertj-core-3.11.1.jar:/home/whitewolf/.m2/repository/org/mockito/mockito-core/2.23.4/mockito-core-2.23.4.jar:/home/whitewolf/.m2/repository/net/bytebuddy/byte-buddy/1.9.12/byte-buddy-1.9.12.jar:/home/whitewolf/.m2/repository/net/bytebuddy/byte-buddy-agent/1.9.12/byte-buddy-agent-1.9.12.jar:/home/whitewolf/.m2/repository/org/objenesis/objenesis/2.6/objenesis-2.6.jar:/home/whitewolf/.m2/repository/org/hamcrest/hamcrest-core/1.3/hamcrest-core-1.3.jar:/home/whitewolf/.m2/repository/org/hamcrest/hamcrest-library/1.3/hamcrest-library-1.3.jar:/home/whitewolf/.m2/repository/org/skyscreamer/jsonassert/1.5.0/jsonassert-1.5.0.jar:/home/whitewolf/.m2/repository/com/vaadin/external/google/android-json/0.0.20131108.vaadin1/android-json-0.0.20131108.vaadin1.jar:/home/whitewolf/.m2/repository/org/springframework/spring-core/5.1.6.RELEASE/spring-core-5.1.6.RELEASE.jar:/home/whitewolf/.m2/repository/org/springframework/spring-jcl/5.1.6.RELEASE/spring-jcl-5.1.6.RELEASE.jar:/home/whitewolf/.m2/repository/org/springframework/spring-test/5.1.6.RELEASE/spring-test-5.1.6.RELEASE.jar:/home/whitewolf/.m2/repository/org/xmlunit/xmlunit-core/2.6.2/xmlunit-core-2.6.2.jar:/home/whitewolf/.m2/repository/org/springframework/boot/spring-boot-starter-tomcat/2.1.4.RELEASE/spring-boot-starter-tomcat-2.1.4.RELEASE.jar:/home/whitewolf/.m2/repository/javax/annotation/javax.annotation-api/1.3.2/javax.annotation-api-1.3.2.jar:/home/whitewolf/.m2/repository/org/apache/tomcat/embed/tomcat-embed-core/9.0.17/tomcat-embed-core-9.0.17.jar:/home/whitewolf/.m2/repository/org/apache/tomcat/embed/tomcat-embed-el/9.0.17/tomcat-embed-el-9.0.17.jar:/home/whitewolf/.m2/repository/org/apache/tomcat/embed/tomcat-embed-websocket/9.0.17/tomcat-embed-websocket-9.0.17.jar:/home/whitewolf/.m2/repository/org/springframework/boot/spring-boot-starter-data-jpa/2.1.4.RELEASE/spring-boot-starter-data-jpa-2.1.4.RELEASE.jar:/home/whitewolf/.m2/repository/org/springframework/boot/spring-boot-starter-aop/2.1.4.RELEASE/spring-boot-starter-aop-2.1.4.RELEASE.jar:/home/whitewolf/.m2/repository/org/aspectj/aspectjweaver/1.9.2/aspectjweaver-1.9.2.jar:/home/whitewolf/.m2/repository/org/springframework/boot/spring-boot-starter-jdbc/2.1.4.RELEASE/spring-boot-starter-jdbc-2.1.4.RELEASE.jar:/home/whitewolf/.m2/repository/com/zaxxer/HikariCP/3.2.0/HikariCP-3.2.0.jar:/home/whitewolf/.m2/repository/org/springframework/spring-jdbc/5.1.6.RELEASE/spring-jdbc-5.1.6.RELEASE.jar:/home/whitewolf/.m2/repository/javax/transaction/javax.transaction-api/1.3/javax.transaction-api-1.3.jar:/home/whitewolf/.m2/repository/javax/xml/bind/jaxb-api/2.3.1/jaxb-api-2.3.1.jar:/home/whitewolf/.m2/repository/javax/activation/javax.activation-api/1.2.0/javax.activation-api-1.2.0.jar:/home/whitewolf/.m2/repository/org/springframework/data/spring-data-jpa/2.1.6.RELEASE/spring-data-jpa-2.1.6.RELEASE.jar:/home/whitewolf/.m2/repository/org/springframework/data/spring-data-commons/2.1.6.RELEASE/spring-data-commons-2.1.6.RELEASE.jar:/home/whitewolf/.m2/repository/org/springframework/spring-orm/5.1.6.RELEASE/spring-orm-5.1.6.RELEASE.jar:/home/whitewolf/.m2/repository/org/springframework/spring-aspects/5.1.6.RELEASE/spring-aspects-5.1.6.RELEASE.jar:/home/whitewolf/.m2/repository/org/springframework/spring-tx/5.1.6.RELEASE/spring-tx-5.1.6.RELEASE.jar:/home/whitewolf/.m2/repository/org/springframework/spring-beans/5.1.6.RELEASE/spring-beans-5.1.6.RELEASE.jar:/home/whitewolf/.m2/repository/com/jayway/jsonpath/json-path/2.4.0/json-path-2.4.0.jar:/home/whitewolf/.m2/repository/net/minidev/json-smart/2.3/json-smart-2.3.jar:/home/whitewolf/.m2/repository/net/minidev/accessors-smart/1.2/accessors-smart-1.2.jar:/home/whitewolf/.m2/repository/org/ow2/asm/asm/5.0.4/asm-5.0.4.jar:/home/whitewolf/.m2/repository/org/slf4j/slf4j-api/1.7.26/slf4j-api-1.7.26.jar:/home/whitewolf/.m2/repository/org/hibernate/hibernate-core/5.1.6.Final/hibernate-core-5.1.6.Final.jar:/home/whitewolf/.m2/repository/org/jboss/logging/jboss-logging/3.3.2.Final/jboss-logging-3.3.2.Final.jar:/home/whitewolf/.m2/repository/org/hibernate/javax/persistence/hibernate-jpa-2.1-api/1.0.0.Final/hibernate-jpa-2.1-api-1.0.0.Final.jar:/home/whitewolf/.m2/repository/org/javassist/javassist/3.20.0-GA/javassist-3.20.0-GA.jar:/home/whitewolf/.m2/repository/antlr/antlr/2.7.7/antlr-2.7.7.jar:/home/whitewolf/.m2/repository/org/apache/geronimo/specs/geronimo-jta_1.1_spec/1.1.1/geronimo-jta_1.1_spec-1.1.1.jar:/home/whitewolf/.m2/repository/org/jboss/jandex/2.0.3.Final/jandex-2.0.3.Final.jar:/home/whitewolf/.m2/repository/com/fasterxml/classmate/1.4.0/classmate-1.4.0.jar:/home/whitewolf/.m2/repository/dom4j/dom4j/1.6.1/dom4j-1.6.1.jar:/home/whitewolf/.m2/repository/org/hibernate/common/hibernate-commons-annotations/5.0.1.Final/hibernate-commons-annotations-5.0.1.Final.jar:/home/whitewolf/.m2/repository/org/hsqldb/hsqldb/2.3.4/hsqldb-2.3.4.jar:, sun.cpu.endian=little, user.home=/home/whitewolf, user.language=pl, java.awt.graphicsenv=sun.awt.X11GraphicsEnvironment, surefire.real.class.path=/home/whitewolf/tau/TAU-repozytorium/tau-mmo-jmeter/target/surefire/surefirebooter3068630985977223282.jar, path.separator=:, os.version=4.15.0-47-generic, java.runtime.name=OpenJDK Runtime Environment, java.vm.name=OpenJDK 64-Bit Server VM, hibernate.show_sql=true, java.vendor.url.bug=http://bugreport.java.com/bugreport/, user.dir=/home/whitewolf/tau/TAU-repozytorium/tau-mmo-jmeter, os.arch=amd64, hibernate.boot.CfgXmlAccessService.key=org.hibernate.boot.cfgxml.spi.LoadedConfig@15586843, java.vm.info=mixed mode, sharing, java.vm.version=11.0.3+7-Ubuntu-1ubuntu218.04.1, hibernate.bytecode.use_reflection_optimizer=false, hibernate.connection.datasource=org.springframework.jdbc.datasource.DriverManagerDataSource@719c1faf, java.class.version=55.0}
19:40:30.787 [main] DEBUG org.hibernate.validator.internal.engine.resolver.TraversableResolvers - Found javax.persistence.Persistence on classpath containing 'getPersistenceUtil'. Assuming JPA 2 environment. Trying to instantiate JPA aware TraversableResolver
19:40:30.787 [main] DEBUG org.hibernate.validator.internal.engine.resolver.TraversableResolvers - Instantiated JPA aware TraversableResolver of type org.hibernate.validator.internal.engine.resolver.JPATraversableResolver.
19:40:30.787 [main] DEBUG org.hibernate.validator.internal.xml.config.ValidationXmlParser - Trying to load META-INF/validation.xml for XML based Validator configuration.
19:40:30.787 [main] DEBUG org.hibernate.validator.internal.xml.config.ResourceLoaderHelper - Trying to load META-INF/validation.xml via TCCL
19:40:30.787 [main] DEBUG org.hibernate.validator.internal.xml.config.ResourceLoaderHelper - Trying to load META-INF/validation.xml via Hibernate Validator's class loader
19:40:30.787 [main] DEBUG org.hibernate.validator.internal.xml.config.ValidationXmlParser - No META-INF/validation.xml found. Using annotation based configuration only.
19:40:30.792 [main] DEBUG org.hibernate.validator.messageinterpolation.ResourceBundleMessageInterpolator - Loaded expression factory via original TCCL
19:40:30.792 [main] DEBUG org.hibernate.validator.internal.engine.ValidatorFactoryImpl - HV000234: Using org.hibernate.validator.messageinterpolation.ResourceBundleMessageInterpolator as ValidatorFactory-scoped message interpolator.
19:40:30.792 [main] DEBUG org.hibernate.validator.internal.engine.ValidatorFactoryImpl - HV000234: Using org.hibernate.validator.internal.engine.resolver.JPATraversableResolver as ValidatorFactory-scoped traversable resolver.
19:40:30.792 [main] DEBUG org.hibernate.validator.internal.engine.ValidatorFactoryImpl - HV000234: Using org.hibernate.validator.internal.util.ExecutableParameterNameProvider as ValidatorFactory-scoped parameter name provider.
19:40:30.792 [main] DEBUG org.hibernate.validator.internal.engine.ValidatorFactoryImpl - HV000234: Using org.hibernate.validator.internal.engine.DefaultClockProvider as ValidatorFactory-scoped clock provider.
19:40:30.792 [main] DEBUG org.hibernate.validator.internal.engine.ValidatorFactoryImpl - HV000234: Using org.hibernate.validator.internal.engine.scripting.DefaultScriptEvaluatorFactory as ValidatorFactory-scoped script evaluator factory.
19:40:30.792 [main] DEBUG org.hibernate.boot.internal.ClassLoaderAccessImpl - Not known whether passed class name [tau.mmo.domain.Item] is safe
19:40:30.792 [main] DEBUG org.hibernate.boot.internal.ClassLoaderAccessImpl - No temp ClassLoader provided; using live ClassLoader for loading potentially unsafe class : tau.mmo.domain.Item
19:40:30.796 [main] DEBUG org.hibernate.boot.internal.ClassLoaderAccessImpl - Not known whether passed class name [tau.mmo.domain.Player] is safe
19:40:30.796 [main] DEBUG org.hibernate.boot.internal.ClassLoaderAccessImpl - No temp ClassLoader provided; using live ClassLoader for loading potentially unsafe class : tau.mmo.domain.Player
19:40:30.803 [main] DEBUG org.hibernate.secure.spi.JaccIntegrator - Skipping JACC integration as it was not enabled
19:40:30.803 [main] DEBUG org.hibernate.boot.internal.ClassLoaderAccessImpl - Not known whether passed class name [tau.mmo.domain.Item] is safe
19:40:30.803 [main] DEBUG org.hibernate.boot.internal.ClassLoaderAccessImpl - No temp ClassLoader provided; using live ClassLoader for loading potentially unsafe class : tau.mmo.domain.Item
19:40:30.803 [main] DEBUG org.hibernate.boot.internal.ClassLoaderAccessImpl - Not known whether passed class name [tau.mmo.domain.Item] is safe
19:40:30.803 [main] DEBUG org.hibernate.boot.internal.ClassLoaderAccessImpl - No temp ClassLoader provided; using live ClassLoader for loading potentially unsafe class : tau.mmo.domain.Item
19:40:30.804 [main] DEBUG org.hibernate.boot.internal.ClassLoaderAccessImpl - Not known whether passed class name [tau.mmo.domain.Player] is safe
19:40:30.804 [main] DEBUG org.hibernate.boot.internal.ClassLoaderAccessImpl - No temp ClassLoader provided; using live ClassLoader for loading potentially unsafe class : tau.mmo.domain.Player
19:40:30.804 [main] DEBUG org.hibernate.boot.internal.ClassLoaderAccessImpl - Not known whether passed class name [tau.mmo.domain.Player] is safe
19:40:30.804 [main] DEBUG org.hibernate.boot.internal.ClassLoaderAccessImpl - No temp ClassLoader provided; using live ClassLoader for loading potentially unsafe class : tau.mmo.domain.Player
19:40:30.804 [main] DEBUG org.hibernate.persister.collection.AbstractCollectionPersister - Static SQL for collection: tau.mmo.domain.Player.items
19:40:30.804 [main] DEBUG org.hibernate.persister.collection.AbstractCollectionPersister -  Row insert: update item set player_id=? where id=?
19:40:30.804 [main] DEBUG org.hibernate.persister.collection.AbstractCollectionPersister -  Row update: update item set  where id=?
19:40:30.805 [main] DEBUG org.hibernate.persister.collection.AbstractCollectionPersister -  Row delete: update item set player_id=null where player_id=? and id=?
19:40:30.805 [main] DEBUG org.hibernate.persister.collection.AbstractCollectionPersister -  One-shot delete: update item set player_id=null where player_id=?
19:40:30.805 [main] DEBUG org.hibernate.persister.entity.AbstractEntityPersister - Static SQL for entity: tau.mmo.domain.Item
19:40:30.805 [main] DEBUG org.hibernate.persister.entity.AbstractEntityPersister -  Version select: select id from item where id =?
19:40:30.805 [main] DEBUG org.hibernate.persister.entity.AbstractEntityPersister -  Snapshot select: select item_.id, item_.itemclass as itemclas2_0_, item_.levelreq as levelreq3_0_, item_.name as name4_0_, item_.player_id as player_i5_0_ from item item_ where item_.id=?
19:40:30.805 [main] DEBUG org.hibernate.persister.entity.AbstractEntityPersister -  Insert 0: insert into item (itemclass, levelreq, name, player_id, id) values (?, ?, ?, ?, ?)
19:40:30.805 [main] DEBUG org.hibernate.persister.entity.AbstractEntityPersister -  Update 0: update item set itemclass=?, levelreq=?, name=?, player_id=? where id=?
19:40:30.805 [main] DEBUG org.hibernate.persister.entity.AbstractEntityPersister -  Delete 0: delete from item where id=?
19:40:30.806 [main] DEBUG org.hibernate.loader.plan.build.internal.spaces.QuerySpacesImpl - Adding QuerySpace : uid = <gen:0> -> org.hibernate.loader.plan.build.internal.spaces.EntityQuerySpaceImpl@14874a5d]
19:40:30.806 [main] DEBUG org.hibernate.persister.walking.spi.MetamodelGraphWalker - Visiting attribute path : itemclass
19:40:30.806 [main] DEBUG org.hibernate.persister.walking.spi.MetamodelGraphWalker - Visiting attribute path : levelreq
19:40:30.806 [main] DEBUG org.hibernate.persister.walking.spi.MetamodelGraphWalker - Visiting attribute path : name
19:40:30.806 [main] DEBUG org.hibernate.persister.walking.spi.MetamodelGraphWalker - Visiting attribute path : player
19:40:30.807 [main] DEBUG org.hibernate.loader.plan.build.internal.spaces.QuerySpacesImpl - Adding QuerySpace : uid = <gen:1> -> org.hibernate.loader.plan.build.internal.spaces.EntityQuerySpaceImpl@23c7cb18]
19:40:30.807 [main] DEBUG org.hibernate.loader.plan.build.internal.FetchStyleLoadPlanBuildingAssociationVisitationStrategy - Building LoadPlan...
19:40:30.807 [main] DEBUG org.hibernate.loader.plan.exec.internal.LoadQueryJoinAndFetchProcessor - processing queryspace <gen:0>
19:40:30.807 [main] DEBUG org.hibernate.loader.plan.build.spi.LoadPlanTreePrinter - LoadPlan(entity=tau.mmo.domain.Item)
    - Returns
       - EntityReturnImpl(entity=tau.mmo.domain.Item, querySpaceUid=<gen:0>, path=tau.mmo.domain.Item)
          - EntityAttributeFetchImpl(entity=tau.mmo.domain.Player, querySpaceUid=<gen:1>, path=tau.mmo.domain.Item.player)
    - QuerySpaces
       - EntityQuerySpaceImpl(uid=<gen:0>, entity=tau.mmo.domain.Item)
          - SQL table alias mapping - item0_
          - alias suffix - 0_
          - suffixed key columns - {id1_0_0_}

19:40:30.807 [main] DEBUG org.hibernate.loader.entity.plan.EntityLoader - Static select for entity tau.mmo.domain.Item [NONE]: select item0_.id as id1_0_0_, item0_.itemclass as itemclas2_0_0_, item0_.levelreq as levelreq3_0_0_, item0_.name as name4_0_0_, item0_.player_id as player_i5_0_0_ from item item0_ where item0_.id=?
19:40:30.807 [main] DEBUG org.hibernate.loader.plan.build.internal.spaces.QuerySpacesImpl - Adding QuerySpace : uid = <gen:0> -> org.hibernate.loader.plan.build.internal.spaces.EntityQuerySpaceImpl@30fbc23]
19:40:30.807 [main] DEBUG org.hibernate.persister.walking.spi.MetamodelGraphWalker - Visiting attribute path : itemclass
19:40:30.807 [main] DEBUG org.hibernate.persister.walking.spi.MetamodelGraphWalker - Visiting attribute path : levelreq
19:40:30.807 [main] DEBUG org.hibernate.persister.walking.spi.MetamodelGraphWalker - Visiting attribute path : name
19:40:30.807 [main] DEBUG org.hibernate.persister.walking.spi.MetamodelGraphWalker - Visiting attribute path : player
19:40:30.807 [main] DEBUG org.hibernate.loader.plan.build.internal.spaces.QuerySpacesImpl - Adding QuerySpace : uid = <gen:1> -> org.hibernate.loader.plan.build.internal.spaces.EntityQuerySpaceImpl@3e2d44f3]
19:40:30.807 [main] DEBUG org.hibernate.loader.plan.build.internal.FetchStyleLoadPlanBuildingAssociationVisitationStrategy - Building LoadPlan...
19:40:30.807 [main] DEBUG org.hibernate.loader.plan.exec.internal.LoadQueryJoinAndFetchProcessor - processing queryspace <gen:0>
19:40:30.807 [main] DEBUG org.hibernate.loader.plan.build.spi.LoadPlanTreePrinter - LoadPlan(entity=tau.mmo.domain.Item)
    - Returns
       - EntityReturnImpl(entity=tau.mmo.domain.Item, querySpaceUid=<gen:0>, path=tau.mmo.domain.Item)
          - EntityAttributeFetchImpl(entity=tau.mmo.domain.Player, querySpaceUid=<gen:1>, path=tau.mmo.domain.Item.player)
    - QuerySpaces
       - EntityQuerySpaceImpl(uid=<gen:0>, entity=tau.mmo.domain.Item)
          - SQL table alias mapping - item0_
          - alias suffix - 0_
          - suffixed key columns - {id1_0_0_}

19:40:30.809 [main] DEBUG org.hibernate.loader.entity.plan.EntityLoader - Static select for entity tau.mmo.domain.Item [READ]: select item0_.id as id1_0_0_, item0_.itemclass as itemclas2_0_0_, item0_.levelreq as levelreq3_0_0_, item0_.name as name4_0_0_, item0_.player_id as player_i5_0_0_ from item item0_ where item0_.id=?
19:40:30.810 [main] DEBUG org.hibernate.loader.plan.build.internal.spaces.QuerySpacesImpl - Adding QuerySpace : uid = <gen:0> -> org.hibernate.loader.plan.build.internal.spaces.EntityQuerySpaceImpl@23afc725]
19:40:30.810 [main] DEBUG org.hibernate.persister.walking.spi.MetamodelGraphWalker - Visiting attribute path : itemclass
19:40:30.810 [main] DEBUG org.hibernate.persister.walking.spi.MetamodelGraphWalker - Visiting attribute path : levelreq
19:40:30.810 [main] DEBUG org.hibernate.persister.walking.spi.MetamodelGraphWalker - Visiting attribute path : name
19:40:30.810 [main] DEBUG org.hibernate.persister.walking.spi.MetamodelGraphWalker - Visiting attribute path : player
19:40:30.811 [main] DEBUG org.hibernate.loader.plan.build.internal.spaces.QuerySpacesImpl - Adding QuerySpace : uid = <gen:1> -> org.hibernate.loader.plan.build.internal.spaces.EntityQuerySpaceImpl@561d88ee]
19:40:30.811 [main] DEBUG org.hibernate.loader.plan.build.internal.FetchStyleLoadPlanBuildingAssociationVisitationStrategy - Building LoadPlan...
19:40:30.811 [main] DEBUG org.hibernate.loader.plan.exec.internal.LoadQueryJoinAndFetchProcessor - processing queryspace <gen:0>
19:40:30.812 [main] DEBUG org.hibernate.loader.plan.build.spi.LoadPlanTreePrinter - LoadPlan(entity=tau.mmo.domain.Item)
    - Returns
       - EntityReturnImpl(entity=tau.mmo.domain.Item, querySpaceUid=<gen:0>, path=tau.mmo.domain.Item)
          - EntityAttributeFetchImpl(entity=tau.mmo.domain.Player, querySpaceUid=<gen:1>, path=tau.mmo.domain.Item.player)
    - QuerySpaces
       - EntityQuerySpaceImpl(uid=<gen:0>, entity=tau.mmo.domain.Item)
          - SQL table alias mapping - item0_
          - alias suffix - 0_
          - suffixed key columns - {id1_0_0_}

19:40:30.812 [main] DEBUG org.hibernate.loader.entity.plan.EntityLoader - Static select for entity tau.mmo.domain.Item [UPGRADE]: select item0_.id as id1_0_0_, item0_.itemclass as itemclas2_0_0_, item0_.levelreq as levelreq3_0_0_, item0_.name as name4_0_0_, item0_.player_id as player_i5_0_0_ from item item0_ where item0_.id=? for update
19:40:30.812 [main] DEBUG org.hibernate.loader.plan.build.internal.spaces.QuerySpacesImpl - Adding QuerySpace : uid = <gen:0> -> org.hibernate.loader.plan.build.internal.spaces.EntityQuerySpaceImpl@2c34402]
19:40:30.812 [main] DEBUG org.hibernate.persister.walking.spi.MetamodelGraphWalker - Visiting attribute path : itemclass
19:40:30.812 [main] DEBUG org.hibernate.persister.walking.spi.MetamodelGraphWalker - Visiting attribute path : levelreq
19:40:30.812 [main] DEBUG org.hibernate.persister.walking.spi.MetamodelGraphWalker - Visiting attribute path : name
19:40:30.812 [main] DEBUG org.hibernate.persister.walking.spi.MetamodelGraphWalker - Visiting attribute path : player
19:40:30.812 [main] DEBUG org.hibernate.loader.plan.build.internal.spaces.QuerySpacesImpl - Adding QuerySpace : uid = <gen:1> -> org.hibernate.loader.plan.build.internal.spaces.EntityQuerySpaceImpl@7e58f697]
19:40:30.813 [main] DEBUG org.hibernate.loader.plan.build.internal.FetchStyleLoadPlanBuildingAssociationVisitationStrategy - Building LoadPlan...
19:40:30.813 [main] DEBUG org.hibernate.loader.plan.exec.internal.LoadQueryJoinAndFetchProcessor - processing queryspace <gen:0>
19:40:30.814 [main] DEBUG org.hibernate.loader.plan.build.spi.LoadPlanTreePrinter - LoadPlan(entity=tau.mmo.domain.Item)
    - Returns
       - EntityReturnImpl(entity=tau.mmo.domain.Item, querySpaceUid=<gen:0>, path=tau.mmo.domain.Item)
          - EntityAttributeFetchImpl(entity=tau.mmo.domain.Player, querySpaceUid=<gen:1>, path=tau.mmo.domain.Item.player)
    - QuerySpaces
       - EntityQuerySpaceImpl(uid=<gen:0>, entity=tau.mmo.domain.Item)
          - SQL table alias mapping - item0_
          - alias suffix - 0_
          - suffixed key columns - {id1_0_0_}

19:40:30.814 [main] DEBUG org.hibernate.loader.entity.plan.EntityLoader - Static select for entity tau.mmo.domain.Item [UPGRADE_NOWAIT]: select item0_.id as id1_0_0_, item0_.itemclass as itemclas2_0_0_, item0_.levelreq as levelreq3_0_0_, item0_.name as name4_0_0_, item0_.player_id as player_i5_0_0_ from item item0_ where item0_.id=? for update
19:40:30.814 [main] DEBUG org.hibernate.loader.plan.build.internal.spaces.QuerySpacesImpl - Adding QuerySpace : uid = <gen:0> -> org.hibernate.loader.plan.build.internal.spaces.EntityQuerySpaceImpl@44384b4a]
19:40:30.814 [main] DEBUG org.hibernate.persister.walking.spi.MetamodelGraphWalker - Visiting attribute path : itemclass
19:40:30.814 [main] DEBUG org.hibernate.persister.walking.spi.MetamodelGraphWalker - Visiting attribute path : levelreq
19:40:30.814 [main] DEBUG org.hibernate.persister.walking.spi.MetamodelGraphWalker - Visiting attribute path : name
19:40:30.814 [main] DEBUG org.hibernate.persister.walking.spi.MetamodelGraphWalker - Visiting attribute path : player
19:40:30.814 [main] DEBUG org.hibernate.loader.plan.build.internal.spaces.QuerySpacesImpl - Adding QuerySpace : uid = <gen:1> -> org.hibernate.loader.plan.build.internal.spaces.EntityQuerySpaceImpl@4239262e]
19:40:30.814 [main] DEBUG org.hibernate.loader.plan.build.internal.FetchStyleLoadPlanBuildingAssociationVisitationStrategy - Building LoadPlan...
19:40:30.814 [main] DEBUG org.hibernate.loader.plan.exec.internal.LoadQueryJoinAndFetchProcessor - processing queryspace <gen:0>
19:40:30.814 [main] DEBUG org.hibernate.loader.plan.build.spi.LoadPlanTreePrinter - LoadPlan(entity=tau.mmo.domain.Item)
    - Returns
       - EntityReturnImpl(entity=tau.mmo.domain.Item, querySpaceUid=<gen:0>, path=tau.mmo.domain.Item)
          - EntityAttributeFetchImpl(entity=tau.mmo.domain.Player, querySpaceUid=<gen:1>, path=tau.mmo.domain.Item.player)
    - QuerySpaces
       - EntityQuerySpaceImpl(uid=<gen:0>, entity=tau.mmo.domain.Item)
          - SQL table alias mapping - item0_
          - alias suffix - 0_
          - suffixed key columns - {id1_0_0_}

19:40:30.814 [main] DEBUG org.hibernate.loader.entity.plan.EntityLoader - Static select for entity tau.mmo.domain.Item [UPGRADE_SKIPLOCKED]: select item0_.id as id1_0_0_, item0_.itemclass as itemclas2_0_0_, item0_.levelreq as levelreq3_0_0_, item0_.name as name4_0_0_, item0_.player_id as player_i5_0_0_ from item item0_ where item0_.id=? for update
19:40:30.814 [main] DEBUG org.hibernate.loader.plan.build.internal.spaces.QuerySpacesImpl - Adding QuerySpace : uid = <gen:0> -> org.hibernate.loader.plan.build.internal.spaces.EntityQuerySpaceImpl@7bec8cb0]
19:40:30.814 [main] DEBUG org.hibernate.persister.walking.spi.MetamodelGraphWalker - Visiting attribute path : itemclass
19:40:30.814 [main] DEBUG org.hibernate.persister.walking.spi.MetamodelGraphWalker - Visiting attribute path : levelreq
19:40:30.814 [main] DEBUG org.hibernate.persister.walking.spi.MetamodelGraphWalker - Visiting attribute path : name
19:40:30.814 [main] DEBUG org.hibernate.persister.walking.spi.MetamodelGraphWalker - Visiting attribute path : player
19:40:30.814 [main] DEBUG org.hibernate.loader.plan.build.internal.spaces.QuerySpacesImpl - Adding QuerySpace : uid = <gen:1> -> org.hibernate.loader.plan.build.internal.spaces.EntityQuerySpaceImpl@3eac2e8a]
19:40:30.814 [main] DEBUG org.hibernate.loader.plan.build.internal.FetchStyleLoadPlanBuildingAssociationVisitationStrategy - Building LoadPlan...
19:40:30.814 [main] DEBUG org.hibernate.loader.plan.exec.internal.LoadQueryJoinAndFetchProcessor - processing queryspace <gen:0>
19:40:30.815 [main] DEBUG org.hibernate.loader.plan.build.spi.LoadPlanTreePrinter - LoadPlan(entity=tau.mmo.domain.Item)
    - Returns
       - EntityReturnImpl(entity=tau.mmo.domain.Item, querySpaceUid=<gen:0>, path=tau.mmo.domain.Item)
          - EntityAttributeFetchImpl(entity=tau.mmo.domain.Player, querySpaceUid=<gen:1>, path=tau.mmo.domain.Item.player)
    - QuerySpaces
       - EntityQuerySpaceImpl(uid=<gen:0>, entity=tau.mmo.domain.Item)
          - SQL table alias mapping - item0_
          - alias suffix - 0_
          - suffixed key columns - {id1_0_0_}

19:40:30.815 [main] DEBUG org.hibernate.loader.entity.plan.EntityLoader - Static select for entity tau.mmo.domain.Item [FORCE]: select item0_.id as id1_0_0_, item0_.itemclass as itemclas2_0_0_, item0_.levelreq as levelreq3_0_0_, item0_.name as name4_0_0_, item0_.player_id as player_i5_0_0_ from item item0_ where item0_.id=? for update
19:40:30.815 [main] DEBUG org.hibernate.loader.plan.build.internal.spaces.QuerySpacesImpl - Adding QuerySpace : uid = <gen:0> -> org.hibernate.loader.plan.build.internal.spaces.EntityQuerySpaceImpl@352f6727]
19:40:30.815 [main] DEBUG org.hibernate.persister.walking.spi.MetamodelGraphWalker - Visiting attribute path : itemclass
19:40:30.815 [main] DEBUG org.hibernate.persister.walking.spi.MetamodelGraphWalker - Visiting attribute path : levelreq
19:40:30.815 [main] DEBUG org.hibernate.persister.walking.spi.MetamodelGraphWalker - Visiting attribute path : name
19:40:30.815 [main] DEBUG org.hibernate.persister.walking.spi.MetamodelGraphWalker - Visiting attribute path : player
19:40:30.815 [main] DEBUG org.hibernate.loader.plan.build.internal.spaces.QuerySpacesImpl - Adding QuerySpace : uid = <gen:1> -> org.hibernate.loader.plan.build.internal.spaces.EntityQuerySpaceImpl@10dfa7ef]
19:40:30.815 [main] DEBUG org.hibernate.loader.plan.build.internal.FetchStyleLoadPlanBuildingAssociationVisitationStrategy - Building LoadPlan...
19:40:30.815 [main] DEBUG org.hibernate.loader.plan.exec.internal.LoadQueryJoinAndFetchProcessor - processing queryspace <gen:0>
19:40:30.815 [main] DEBUG org.hibernate.loader.plan.build.spi.LoadPlanTreePrinter - LoadPlan(entity=tau.mmo.domain.Item)
    - Returns
       - EntityReturnImpl(entity=tau.mmo.domain.Item, querySpaceUid=<gen:0>, path=tau.mmo.domain.Item)
          - EntityAttributeFetchImpl(entity=tau.mmo.domain.Player, querySpaceUid=<gen:1>, path=tau.mmo.domain.Item.player)
    - QuerySpaces
       - EntityQuerySpaceImpl(uid=<gen:0>, entity=tau.mmo.domain.Item)
          - SQL table alias mapping - item0_
          - alias suffix - 0_
          - suffixed key columns - {id1_0_0_}

19:40:30.815 [main] DEBUG org.hibernate.loader.entity.plan.EntityLoader - Static select for entity tau.mmo.domain.Item [PESSIMISTIC_READ]: select item0_.id as id1_0_0_, item0_.itemclass as itemclas2_0_0_, item0_.levelreq as levelreq3_0_0_, item0_.name as name4_0_0_, item0_.player_id as player_i5_0_0_ from item item0_ where item0_.id=? for update
19:40:30.815 [main] DEBUG org.hibernate.loader.plan.build.internal.spaces.QuerySpacesImpl - Adding QuerySpace : uid = <gen:0> -> org.hibernate.loader.plan.build.internal.spaces.EntityQuerySpaceImpl@4fd80300]
19:40:30.815 [main] DEBUG org.hibernate.persister.walking.spi.MetamodelGraphWalker - Visiting attribute path : itemclass
19:40:30.815 [main] DEBUG org.hibernate.persister.walking.spi.MetamodelGraphWalker - Visiting attribute path : levelreq
19:40:30.815 [main] DEBUG org.hibernate.persister.walking.spi.MetamodelGraphWalker - Visiting attribute path : name
19:40:30.815 [main] DEBUG org.hibernate.persister.walking.spi.MetamodelGraphWalker - Visiting attribute path : player
19:40:30.815 [main] DEBUG org.hibernate.loader.plan.build.internal.spaces.QuerySpacesImpl - Adding QuerySpace : uid = <gen:1> -> org.hibernate.loader.plan.build.internal.spaces.EntityQuerySpaceImpl@64fdcf99]
19:40:30.815 [main] DEBUG org.hibernate.loader.plan.build.internal.FetchStyleLoadPlanBuildingAssociationVisitationStrategy - Building LoadPlan...
19:40:30.815 [main] DEBUG org.hibernate.loader.plan.exec.internal.LoadQueryJoinAndFetchProcessor - processing queryspace <gen:0>
19:40:30.815 [main] DEBUG org.hibernate.loader.plan.build.spi.LoadPlanTreePrinter - LoadPlan(entity=tau.mmo.domain.Item)
    - Returns
       - EntityReturnImpl(entity=tau.mmo.domain.Item, querySpaceUid=<gen:0>, path=tau.mmo.domain.Item)
          - EntityAttributeFetchImpl(entity=tau.mmo.domain.Player, querySpaceUid=<gen:1>, path=tau.mmo.domain.Item.player)
    - QuerySpaces
       - EntityQuerySpaceImpl(uid=<gen:0>, entity=tau.mmo.domain.Item)
          - SQL table alias mapping - item0_
          - alias suffix - 0_
          - suffixed key columns - {id1_0_0_}

19:40:30.815 [main] DEBUG org.hibernate.loader.entity.plan.EntityLoader - Static select for entity tau.mmo.domain.Item [PESSIMISTIC_WRITE]: select item0_.id as id1_0_0_, item0_.itemclass as itemclas2_0_0_, item0_.levelreq as levelreq3_0_0_, item0_.name as name4_0_0_, item0_.player_id as player_i5_0_0_ from item item0_ where item0_.id=? for update
19:40:30.815 [main] DEBUG org.hibernate.loader.plan.build.internal.spaces.QuerySpacesImpl - Adding QuerySpace : uid = <gen:0> -> org.hibernate.loader.plan.build.internal.spaces.EntityQuerySpaceImpl@9f0fc36]
19:40:30.815 [main] DEBUG org.hibernate.persister.walking.spi.MetamodelGraphWalker - Visiting attribute path : itemclass
19:40:30.816 [main] DEBUG org.hibernate.persister.walking.spi.MetamodelGraphWalker - Visiting attribute path : levelreq
19:40:30.816 [main] DEBUG org.hibernate.persister.walking.spi.MetamodelGraphWalker - Visiting attribute path : name
19:40:30.816 [main] DEBUG org.hibernate.persister.walking.spi.MetamodelGraphWalker - Visiting attribute path : player
19:40:30.816 [main] DEBUG org.hibernate.loader.plan.build.internal.spaces.QuerySpacesImpl - Adding QuerySpace : uid = <gen:1> -> org.hibernate.loader.plan.build.internal.spaces.EntityQuerySpaceImpl@5a06904]
19:40:30.816 [main] DEBUG org.hibernate.loader.plan.build.internal.FetchStyleLoadPlanBuildingAssociationVisitationStrategy - Building LoadPlan...
19:40:30.816 [main] DEBUG org.hibernate.loader.plan.exec.internal.LoadQueryJoinAndFetchProcessor - processing queryspace <gen:0>
19:40:30.816 [main] DEBUG org.hibernate.loader.plan.build.spi.LoadPlanTreePrinter - LoadPlan(entity=tau.mmo.domain.Item)
    - Returns
       - EntityReturnImpl(entity=tau.mmo.domain.Item, querySpaceUid=<gen:0>, path=tau.mmo.domain.Item)
          - EntityAttributeFetchImpl(entity=tau.mmo.domain.Player, querySpaceUid=<gen:1>, path=tau.mmo.domain.Item.player)
    - QuerySpaces
       - EntityQuerySpaceImpl(uid=<gen:0>, entity=tau.mmo.domain.Item)
          - SQL table alias mapping - item0_
          - alias suffix - 0_
          - suffixed key columns - {id1_0_0_}

19:40:30.816 [main] DEBUG org.hibernate.loader.entity.plan.EntityLoader - Static select for entity tau.mmo.domain.Item [PESSIMISTIC_FORCE_INCREMENT]: select item0_.id as id1_0_0_, item0_.itemclass as itemclas2_0_0_, item0_.levelreq as levelreq3_0_0_, item0_.name as name4_0_0_, item0_.player_id as player_i5_0_0_ from item item0_ where item0_.id=? for update
19:40:30.816 [main] DEBUG org.hibernate.loader.plan.build.internal.spaces.QuerySpacesImpl - Adding QuerySpace : uid = <gen:0> -> org.hibernate.loader.plan.build.internal.spaces.EntityQuerySpaceImpl@fabef2e]
19:40:30.816 [main] DEBUG org.hibernate.persister.walking.spi.MetamodelGraphWalker - Visiting attribute path : itemclass
19:40:30.816 [main] DEBUG org.hibernate.persister.walking.spi.MetamodelGraphWalker - Visiting attribute path : levelreq
19:40:30.816 [main] DEBUG org.hibernate.persister.walking.spi.MetamodelGraphWalker - Visiting attribute path : name
19:40:30.816 [main] DEBUG org.hibernate.persister.walking.spi.MetamodelGraphWalker - Visiting attribute path : player
19:40:30.816 [main] DEBUG org.hibernate.loader.plan.build.internal.spaces.QuerySpacesImpl - Adding QuerySpace : uid = <gen:1> -> org.hibernate.loader.plan.build.internal.spaces.EntityQuerySpaceImpl@7e848aea]
19:40:30.816 [main] DEBUG org.hibernate.loader.plan.build.internal.FetchStyleLoadPlanBuildingAssociationVisitationStrategy - Building LoadPlan...
19:40:30.816 [main] DEBUG org.hibernate.loader.plan.exec.internal.LoadQueryJoinAndFetchProcessor - processing queryspace <gen:0>
19:40:30.816 [main] DEBUG org.hibernate.loader.plan.build.spi.LoadPlanTreePrinter - LoadPlan(entity=tau.mmo.domain.Item)
    - Returns
       - EntityReturnImpl(entity=tau.mmo.domain.Item, querySpaceUid=<gen:0>, path=tau.mmo.domain.Item)
          - EntityAttributeFetchImpl(entity=tau.mmo.domain.Player, querySpaceUid=<gen:1>, path=tau.mmo.domain.Item.player)
    - QuerySpaces
       - EntityQuerySpaceImpl(uid=<gen:0>, entity=tau.mmo.domain.Item)
          - SQL table alias mapping - item0_
          - alias suffix - 0_
          - suffixed key columns - {id1_0_0_}

19:40:30.816 [main] DEBUG org.hibernate.loader.entity.plan.EntityLoader - Static select for entity tau.mmo.domain.Item [OPTIMISTIC]: select item0_.id as id1_0_0_, item0_.itemclass as itemclas2_0_0_, item0_.levelreq as levelreq3_0_0_, item0_.name as name4_0_0_, item0_.player_id as player_i5_0_0_ from item item0_ where item0_.id=?
19:40:30.816 [main] DEBUG org.hibernate.loader.plan.build.internal.spaces.QuerySpacesImpl - Adding QuerySpace : uid = <gen:0> -> org.hibernate.loader.plan.build.internal.spaces.EntityQuerySpaceImpl@786a3477]
19:40:30.816 [main] DEBUG org.hibernate.persister.walking.spi.MetamodelGraphWalker - Visiting attribute path : itemclass
19:40:30.816 [main] DEBUG org.hibernate.persister.walking.spi.MetamodelGraphWalker - Visiting attribute path : levelreq
19:40:30.816 [main] DEBUG org.hibernate.persister.walking.spi.MetamodelGraphWalker - Visiting attribute path : name
19:40:30.816 [main] DEBUG org.hibernate.persister.walking.spi.MetamodelGraphWalker - Visiting attribute path : player
19:40:30.816 [main] DEBUG org.hibernate.loader.plan.build.internal.spaces.QuerySpacesImpl - Adding QuerySpace : uid = <gen:1> -> org.hibernate.loader.plan.build.internal.spaces.EntityQuerySpaceImpl@ce561cc]
19:40:30.816 [main] DEBUG org.hibernate.loader.plan.build.internal.FetchStyleLoadPlanBuildingAssociationVisitationStrategy - Building LoadPlan...
19:40:30.816 [main] DEBUG org.hibernate.loader.plan.exec.internal.LoadQueryJoinAndFetchProcessor - processing queryspace <gen:0>
19:40:30.817 [main] DEBUG org.hibernate.loader.plan.build.spi.LoadPlanTreePrinter - LoadPlan(entity=tau.mmo.domain.Item)
    - Returns
       - EntityReturnImpl(entity=tau.mmo.domain.Item, querySpaceUid=<gen:0>, path=tau.mmo.domain.Item)
          - EntityAttributeFetchImpl(entity=tau.mmo.domain.Player, querySpaceUid=<gen:1>, path=tau.mmo.domain.Item.player)
    - QuerySpaces
       - EntityQuerySpaceImpl(uid=<gen:0>, entity=tau.mmo.domain.Item)
          - SQL table alias mapping - item0_
          - alias suffix - 0_
          - suffixed key columns - {id1_0_0_}

19:40:30.817 [main] DEBUG org.hibernate.loader.entity.plan.EntityLoader - Static select for entity tau.mmo.domain.Item [OPTIMISTIC_FORCE_INCREMENT]: select item0_.id as id1_0_0_, item0_.itemclass as itemclas2_0_0_, item0_.levelreq as levelreq3_0_0_, item0_.name as name4_0_0_, item0_.player_id as player_i5_0_0_ from item item0_ where item0_.id=?
19:40:30.817 [main] DEBUG org.hibernate.loader.Loader - Static select for action ACTION_MERGE on entity tau.mmo.domain.Item: select item0_.id as id1_0_0_, item0_.itemclass as itemclas2_0_0_, item0_.levelreq as levelreq3_0_0_, item0_.name as name4_0_0_, item0_.player_id as player_i5_0_0_ from item item0_ where item0_.id=?
19:40:30.817 [main] DEBUG org.hibernate.loader.Loader - Static select for action ACTION_REFRESH on entity tau.mmo.domain.Item: select item0_.id as id1_0_0_, item0_.itemclass as itemclas2_0_0_, item0_.levelreq as levelreq3_0_0_, item0_.name as name4_0_0_, item0_.player_id as player_i5_0_0_ from item item0_ where item0_.id=?
19:40:30.817 [main] DEBUG org.hibernate.persister.entity.AbstractEntityPersister - Static SQL for entity: tau.mmo.domain.Player
19:40:30.817 [main] DEBUG org.hibernate.persister.entity.AbstractEntityPersister -  Version select: select id from player where id =?
19:40:30.817 [main] DEBUG org.hibernate.persister.entity.AbstractEntityPersister -  Snapshot select: select player_.id, player_.heroclass as heroclas2_1_, player_.level as level3_1_, player_.name as name4_1_ from player player_ where player_.id=?
19:40:30.817 [main] DEBUG org.hibernate.persister.entity.AbstractEntityPersister -  Insert 0: insert into player (heroclass, level, name, id) values (?, ?, ?, ?)
19:40:30.817 [main] DEBUG org.hibernate.persister.entity.AbstractEntityPersister -  Update 0: update player set heroclass=?, level=?, name=? where id=?
19:40:30.817 [main] DEBUG org.hibernate.persister.entity.AbstractEntityPersister -  Delete 0: delete from player where id=?
19:40:30.817 [main] DEBUG org.hibernate.loader.plan.build.internal.spaces.QuerySpacesImpl - Adding QuerySpace : uid = <gen:0> -> org.hibernate.loader.plan.build.internal.spaces.EntityQuerySpaceImpl@56ec6960]
19:40:30.817 [main] DEBUG org.hibernate.persister.walking.spi.MetamodelGraphWalker - Visiting attribute path : heroclass
19:40:30.817 [main] DEBUG org.hibernate.persister.walking.spi.MetamodelGraphWalker - Visiting attribute path : items
19:40:30.817 [main] DEBUG org.hibernate.loader.plan.build.internal.spaces.QuerySpacesImpl - Adding QuerySpace : uid = <gen:1> -> org.hibernate.loader.plan.build.internal.spaces.CollectionQuerySpaceImpl@14b95942]
19:40:30.817 [main] DEBUG org.hibernate.loader.plan.build.internal.spaces.QuerySpacesImpl - Adding QuerySpace : uid = <gen:2> -> org.hibernate.loader.plan.build.internal.spaces.EntityQuerySpaceImpl@3375b118]
19:40:30.817 [main] DEBUG org.hibernate.persister.walking.spi.MetamodelGraphWalker - Visiting attribute path : items.itemclass
19:40:30.817 [main] DEBUG org.hibernate.persister.walking.spi.MetamodelGraphWalker - Visiting attribute path : items.levelreq
19:40:30.817 [main] DEBUG org.hibernate.persister.walking.spi.MetamodelGraphWalker - Visiting attribute path : items.name
19:40:30.817 [main] DEBUG org.hibernate.persister.walking.spi.MetamodelGraphWalker - Visiting attribute path : items.player
19:40:30.817 [main] DEBUG org.hibernate.persister.walking.spi.MetamodelGraphWalker - Property path deemed to be circular : items.player
19:40:30.817 [main] DEBUG org.hibernate.persister.walking.spi.MetamodelGraphWalker - Visiting attribute path : level
19:40:30.817 [main] DEBUG org.hibernate.persister.walking.spi.MetamodelGraphWalker - Visiting attribute path : name
19:40:30.817 [main] DEBUG org.hibernate.loader.plan.build.internal.FetchStyleLoadPlanBuildingAssociationVisitationStrategy - Building LoadPlan...
19:40:30.817 [main] DEBUG org.hibernate.loader.plan.exec.internal.LoadQueryJoinAndFetchProcessor - processing queryspace <gen:0>
19:40:30.818 [main] DEBUG org.hibernate.loader.plan.build.spi.LoadPlanTreePrinter - LoadPlan(entity=tau.mmo.domain.Player)
    - Returns
       - EntityReturnImpl(entity=tau.mmo.domain.Player, querySpaceUid=<gen:0>, path=tau.mmo.domain.Player)
          - CollectionAttributeFetchImpl(collection=tau.mmo.domain.Player.items, querySpaceUid=<gen:1>, path=tau.mmo.domain.Player.items)
             - (collection element) CollectionFetchableElementEntityGraph(entity=tau.mmo.domain.Item, querySpaceUid=<gen:2>, path=tau.mmo.domain.Player.items.<elements>)
    - QuerySpaces
       - EntityQuerySpaceImpl(uid=<gen:0>, entity=tau.mmo.domain.Player)
          - SQL table alias mapping - player0_
          - alias suffix - 0_
          - suffixed key columns - {id1_1_0_}
          - JOIN (JoinDefinedByMetadata(items)) : <gen:0> -> <gen:1>
             - CollectionQuerySpaceImpl(uid=<gen:1>, collection=tau.mmo.domain.Player.items)
                - SQL table alias mapping - items1_
                - alias suffix - 1_
                - suffixed key columns - {player_i5_0_1_}
                - entity-element alias suffix - 2_
                - 2_entity-element suffixed key columns - id1_0_2_
                - JOIN (JoinDefinedByMetadata(elements)) : <gen:1> -> <gen:2>
                   - EntityQuerySpaceImpl(uid=<gen:2>, entity=tau.mmo.domain.Item)
                      - SQL table alias mapping - items1_
                      - alias suffix - 2_
                      - suffixed key columns - {id1_0_2_}

19:40:30.818 [main] DEBUG org.hibernate.loader.entity.plan.EntityLoader - Static select for entity tau.mmo.domain.Player [NONE]: select player0_.id as id1_1_0_, player0_.heroclass as heroclas2_1_0_, player0_.level as level3_1_0_, player0_.name as name4_1_0_, items1_.player_id as player_i5_0_1_, items1_.id as id1_0_1_, items1_.id as id1_0_2_, items1_.itemclass as itemclas2_0_2_, items1_.levelreq as levelreq3_0_2_, items1_.name as name4_0_2_, items1_.player_id as player_i5_0_2_ from player player0_ left outer join item items1_ on player0_.id=items1_.player_id where player0_.id=?
19:40:30.818 [main] DEBUG org.hibernate.loader.plan.build.internal.spaces.QuerySpacesImpl - Adding QuerySpace : uid = <gen:0> -> org.hibernate.loader.plan.build.internal.spaces.EntityQuerySpaceImpl@46ea78f0]
19:40:30.818 [main] DEBUG org.hibernate.persister.walking.spi.MetamodelGraphWalker - Visiting attribute path : heroclass
19:40:30.818 [main] DEBUG org.hibernate.persister.walking.spi.MetamodelGraphWalker - Visiting attribute path : items
19:40:30.818 [main] DEBUG org.hibernate.loader.plan.build.internal.spaces.QuerySpacesImpl - Adding QuerySpace : uid = <gen:1> -> org.hibernate.loader.plan.build.internal.spaces.CollectionQuerySpaceImpl@6598caab]
19:40:30.818 [main] DEBUG org.hibernate.loader.plan.build.internal.spaces.QuerySpacesImpl - Adding QuerySpace : uid = <gen:2> -> org.hibernate.loader.plan.build.internal.spaces.EntityQuerySpaceImpl@47f2c722]
19:40:30.818 [main] DEBUG org.hibernate.persister.walking.spi.MetamodelGraphWalker - Visiting attribute path : items.itemclass
19:40:30.818 [main] DEBUG org.hibernate.persister.walking.spi.MetamodelGraphWalker - Visiting attribute path : items.levelreq
19:40:30.818 [main] DEBUG org.hibernate.persister.walking.spi.MetamodelGraphWalker - Visiting attribute path : items.name
19:40:30.818 [main] DEBUG org.hibernate.persister.walking.spi.MetamodelGraphWalker - Visiting attribute path : items.player
19:40:30.818 [main] DEBUG org.hibernate.persister.walking.spi.MetamodelGraphWalker - Property path deemed to be circular : items.player
19:40:30.818 [main] DEBUG org.hibernate.persister.walking.spi.MetamodelGraphWalker - Visiting attribute path : level
19:40:30.818 [main] DEBUG org.hibernate.persister.walking.spi.MetamodelGraphWalker - Visiting attribute path : name
19:40:30.818 [main] DEBUG org.hibernate.loader.plan.build.internal.FetchStyleLoadPlanBuildingAssociationVisitationStrategy - Building LoadPlan...
19:40:30.818 [main] DEBUG org.hibernate.loader.plan.exec.internal.LoadQueryJoinAndFetchProcessor - processing queryspace <gen:0>
19:40:30.818 [main] DEBUG org.hibernate.loader.plan.build.spi.LoadPlanTreePrinter - LoadPlan(entity=tau.mmo.domain.Player)
    - Returns
       - EntityReturnImpl(entity=tau.mmo.domain.Player, querySpaceUid=<gen:0>, path=tau.mmo.domain.Player)
          - CollectionAttributeFetchImpl(collection=tau.mmo.domain.Player.items, querySpaceUid=<gen:1>, path=tau.mmo.domain.Player.items)
             - (collection element) CollectionFetchableElementEntityGraph(entity=tau.mmo.domain.Item, querySpaceUid=<gen:2>, path=tau.mmo.domain.Player.items.<elements>)
    - QuerySpaces
       - EntityQuerySpaceImpl(uid=<gen:0>, entity=tau.mmo.domain.Player)
          - SQL table alias mapping - player0_
          - alias suffix - 0_
          - suffixed key columns - {id1_1_0_}
          - JOIN (JoinDefinedByMetadata(items)) : <gen:0> -> <gen:1>
             - CollectionQuerySpaceImpl(uid=<gen:1>, collection=tau.mmo.domain.Player.items)
                - SQL table alias mapping - items1_
                - alias suffix - 1_
                - suffixed key columns - {player_i5_0_1_}
                - entity-element alias suffix - 2_
                - 2_entity-element suffixed key columns - id1_0_2_
                - JOIN (JoinDefinedByMetadata(elements)) : <gen:1> -> <gen:2>
                   - EntityQuerySpaceImpl(uid=<gen:2>, entity=tau.mmo.domain.Item)
                      - SQL table alias mapping - items1_
                      - alias suffix - 2_
                      - suffixed key columns - {id1_0_2_}

19:40:30.819 [main] DEBUG org.hibernate.loader.entity.plan.EntityLoader - Static select for entity tau.mmo.domain.Player [READ]: select player0_.id as id1_1_0_, player0_.heroclass as heroclas2_1_0_, player0_.level as level3_1_0_, player0_.name as name4_1_0_, items1_.player_id as player_i5_0_1_, items1_.id as id1_0_1_, items1_.id as id1_0_2_, items1_.itemclass as itemclas2_0_2_, items1_.levelreq as levelreq3_0_2_, items1_.name as name4_0_2_, items1_.player_id as player_i5_0_2_ from player player0_ left outer join item items1_ on player0_.id=items1_.player_id where player0_.id=?
19:40:30.819 [main] DEBUG org.hibernate.loader.plan.build.internal.spaces.QuerySpacesImpl - Adding QuerySpace : uid = <gen:0> -> org.hibernate.loader.plan.build.internal.spaces.EntityQuerySpaceImpl@6658f08a]
19:40:30.819 [main] DEBUG org.hibernate.persister.walking.spi.MetamodelGraphWalker - Visiting attribute path : heroclass
19:40:30.819 [main] DEBUG org.hibernate.persister.walking.spi.MetamodelGraphWalker - Visiting attribute path : items
19:40:30.819 [main] DEBUG org.hibernate.loader.plan.build.internal.spaces.QuerySpacesImpl - Adding QuerySpace : uid = <gen:1> -> org.hibernate.loader.plan.build.internal.spaces.CollectionQuerySpaceImpl@35dcd032]
19:40:30.819 [main] DEBUG org.hibernate.loader.plan.build.internal.spaces.QuerySpacesImpl - Adding QuerySpace : uid = <gen:2> -> org.hibernate.loader.plan.build.internal.spaces.EntityQuerySpaceImpl@4522d793]
19:40:30.819 [main] DEBUG org.hibernate.persister.walking.spi.MetamodelGraphWalker - Visiting attribute path : level
19:40:30.819 [main] DEBUG org.hibernate.persister.walking.spi.MetamodelGraphWalker - Visiting attribute path : name
19:40:30.819 [main] DEBUG org.hibernate.loader.plan.build.internal.FetchStyleLoadPlanBuildingAssociationVisitationStrategy - Building LoadPlan...
19:40:30.819 [main] DEBUG org.hibernate.loader.plan.exec.internal.LoadQueryJoinAndFetchProcessor - processing queryspace <gen:0>
19:40:30.819 [main] DEBUG org.hibernate.loader.plan.build.spi.LoadPlanTreePrinter - LoadPlan(entity=tau.mmo.domain.Player)
    - Returns
       - EntityReturnImpl(entity=tau.mmo.domain.Player, querySpaceUid=<gen:0>, path=tau.mmo.domain.Player)
          - CollectionAttributeFetchImpl(collection=tau.mmo.domain.Player.items, querySpaceUid=<gen:1>, path=tau.mmo.domain.Player.items)
             - (collection element) CollectionFetchableElementEntityGraph(entity=tau.mmo.domain.Item, querySpaceUid=<gen:2>, path=tau.mmo.domain.Player.items.<elements>)
    - QuerySpaces
       - EntityQuerySpaceImpl(uid=<gen:0>, entity=tau.mmo.domain.Player)
          - SQL table alias mapping - player0_
          - alias suffix - 0_
          - suffixed key columns - {id1_1_0_}

19:40:30.819 [main] DEBUG org.hibernate.loader.entity.plan.EntityLoader - Static select for entity tau.mmo.domain.Player [UPGRADE]: select player0_.id as id1_1_0_, player0_.heroclass as heroclas2_1_0_, player0_.level as level3_1_0_, player0_.name as name4_1_0_ from player player0_ where player0_.id=? for update
19:40:30.819 [main] DEBUG org.hibernate.loader.plan.build.internal.spaces.QuerySpacesImpl - Adding QuerySpace : uid = <gen:0> -> org.hibernate.loader.plan.build.internal.spaces.EntityQuerySpaceImpl@64dfb31d]
19:40:30.819 [main] DEBUG org.hibernate.persister.walking.spi.MetamodelGraphWalker - Visiting attribute path : heroclass
19:40:30.819 [main] DEBUG org.hibernate.persister.walking.spi.MetamodelGraphWalker - Visiting attribute path : items
19:40:30.819 [main] DEBUG org.hibernate.loader.plan.build.internal.spaces.QuerySpacesImpl - Adding QuerySpace : uid = <gen:1> -> org.hibernate.loader.plan.build.internal.spaces.CollectionQuerySpaceImpl@17b6ad97]
19:40:30.819 [main] DEBUG org.hibernate.loader.plan.build.internal.spaces.QuerySpacesImpl - Adding QuerySpace : uid = <gen:2> -> org.hibernate.loader.plan.build.internal.spaces.EntityQuerySpaceImpl@44fb6ebd]
19:40:30.819 [main] DEBUG org.hibernate.persister.walking.spi.MetamodelGraphWalker - Visiting attribute path : level
19:40:30.819 [main] DEBUG org.hibernate.persister.walking.spi.MetamodelGraphWalker - Visiting attribute path : name
19:40:30.819 [main] DEBUG org.hibernate.loader.plan.build.internal.FetchStyleLoadPlanBuildingAssociationVisitationStrategy - Building LoadPlan...
19:40:30.819 [main] DEBUG org.hibernate.loader.plan.exec.internal.LoadQueryJoinAndFetchProcessor - processing queryspace <gen:0>
19:40:30.819 [main] DEBUG org.hibernate.loader.plan.build.spi.LoadPlanTreePrinter - LoadPlan(entity=tau.mmo.domain.Player)
    - Returns
       - EntityReturnImpl(entity=tau.mmo.domain.Player, querySpaceUid=<gen:0>, path=tau.mmo.domain.Player)
          - CollectionAttributeFetchImpl(collection=tau.mmo.domain.Player.items, querySpaceUid=<gen:1>, path=tau.mmo.domain.Player.items)
             - (collection element) CollectionFetchableElementEntityGraph(entity=tau.mmo.domain.Item, querySpaceUid=<gen:2>, path=tau.mmo.domain.Player.items.<elements>)
    - QuerySpaces
       - EntityQuerySpaceImpl(uid=<gen:0>, entity=tau.mmo.domain.Player)
          - SQL table alias mapping - player0_
          - alias suffix - 0_
          - suffixed key columns - {id1_1_0_}

19:40:30.819 [main] DEBUG org.hibernate.loader.entity.plan.EntityLoader - Static select for entity tau.mmo.domain.Player [UPGRADE_NOWAIT]: select player0_.id as id1_1_0_, player0_.heroclass as heroclas2_1_0_, player0_.level as level3_1_0_, player0_.name as name4_1_0_ from player player0_ where player0_.id=? for update
19:40:30.819 [main] DEBUG org.hibernate.loader.plan.build.internal.spaces.QuerySpacesImpl - Adding QuerySpace : uid = <gen:0> -> org.hibernate.loader.plan.build.internal.spaces.EntityQuerySpaceImpl@5da57a64]
19:40:30.819 [main] DEBUG org.hibernate.persister.walking.spi.MetamodelGraphWalker - Visiting attribute path : heroclass
19:40:30.819 [main] DEBUG org.hibernate.persister.walking.spi.MetamodelGraphWalker - Visiting attribute path : items
19:40:30.819 [main] DEBUG org.hibernate.loader.plan.build.internal.spaces.QuerySpacesImpl - Adding QuerySpace : uid = <gen:1> -> org.hibernate.loader.plan.build.internal.spaces.CollectionQuerySpaceImpl@7e27f603]
19:40:30.819 [main] DEBUG org.hibernate.loader.plan.build.internal.spaces.QuerySpacesImpl - Adding QuerySpace : uid = <gen:2> -> org.hibernate.loader.plan.build.internal.spaces.EntityQuerySpaceImpl@6136e1fc]
19:40:30.820 [main] DEBUG org.hibernate.persister.walking.spi.MetamodelGraphWalker - Visiting attribute path : level
19:40:30.820 [main] DEBUG org.hibernate.persister.walking.spi.MetamodelGraphWalker - Visiting attribute path : name
19:40:30.820 [main] DEBUG org.hibernate.loader.plan.build.internal.FetchStyleLoadPlanBuildingAssociationVisitationStrategy - Building LoadPlan...
19:40:30.820 [main] DEBUG org.hibernate.loader.plan.exec.internal.LoadQueryJoinAndFetchProcessor - processing queryspace <gen:0>
19:40:30.820 [main] DEBUG org.hibernate.loader.plan.build.spi.LoadPlanTreePrinter - LoadPlan(entity=tau.mmo.domain.Player)
    - Returns
       - EntityReturnImpl(entity=tau.mmo.domain.Player, querySpaceUid=<gen:0>, path=tau.mmo.domain.Player)
          - CollectionAttributeFetchImpl(collection=tau.mmo.domain.Player.items, querySpaceUid=<gen:1>, path=tau.mmo.domain.Player.items)
             - (collection element) CollectionFetchableElementEntityGraph(entity=tau.mmo.domain.Item, querySpaceUid=<gen:2>, path=tau.mmo.domain.Player.items.<elements>)
    - QuerySpaces
       - EntityQuerySpaceImpl(uid=<gen:0>, entity=tau.mmo.domain.Player)
          - SQL table alias mapping - player0_
          - alias suffix - 0_
          - suffixed key columns - {id1_1_0_}

19:40:30.820 [main] DEBUG org.hibernate.loader.entity.plan.EntityLoader - Static select for entity tau.mmo.domain.Player [UPGRADE_SKIPLOCKED]: select player0_.id as id1_1_0_, player0_.heroclass as heroclas2_1_0_, player0_.level as level3_1_0_, player0_.name as name4_1_0_ from player player0_ where player0_.id=? for update
19:40:30.820 [main] DEBUG org.hibernate.loader.plan.build.internal.spaces.QuerySpacesImpl - Adding QuerySpace : uid = <gen:0> -> org.hibernate.loader.plan.build.internal.spaces.EntityQuerySpaceImpl@1736c1e4]
19:40:30.820 [main] DEBUG org.hibernate.persister.walking.spi.MetamodelGraphWalker - Visiting attribute path : heroclass
19:40:30.820 [main] DEBUG org.hibernate.persister.walking.spi.MetamodelGraphWalker - Visiting attribute path : items
19:40:30.820 [main] DEBUG org.hibernate.loader.plan.build.internal.spaces.QuerySpacesImpl - Adding QuerySpace : uid = <gen:1> -> org.hibernate.loader.plan.build.internal.spaces.CollectionQuerySpaceImpl@738a815c]
19:40:30.820 [main] DEBUG org.hibernate.loader.plan.build.internal.spaces.QuerySpacesImpl - Adding QuerySpace : uid = <gen:2> -> org.hibernate.loader.plan.build.internal.spaces.EntityQuerySpaceImpl@2565a7d0]
19:40:30.820 [main] DEBUG org.hibernate.persister.walking.spi.MetamodelGraphWalker - Visiting attribute path : level
19:40:30.820 [main] DEBUG org.hibernate.persister.walking.spi.MetamodelGraphWalker - Visiting attribute path : name
19:40:30.820 [main] DEBUG org.hibernate.loader.plan.build.internal.FetchStyleLoadPlanBuildingAssociationVisitationStrategy - Building LoadPlan...
19:40:30.820 [main] DEBUG org.hibernate.loader.plan.exec.internal.LoadQueryJoinAndFetchProcessor - processing queryspace <gen:0>
19:40:30.820 [main] DEBUG org.hibernate.loader.plan.build.spi.LoadPlanTreePrinter - LoadPlan(entity=tau.mmo.domain.Player)
    - Returns
       - EntityReturnImpl(entity=tau.mmo.domain.Player, querySpaceUid=<gen:0>, path=tau.mmo.domain.Player)
          - CollectionAttributeFetchImpl(collection=tau.mmo.domain.Player.items, querySpaceUid=<gen:1>, path=tau.mmo.domain.Player.items)
             - (collection element) CollectionFetchableElementEntityGraph(entity=tau.mmo.domain.Item, querySpaceUid=<gen:2>, path=tau.mmo.domain.Player.items.<elements>)
    - QuerySpaces
       - EntityQuerySpaceImpl(uid=<gen:0>, entity=tau.mmo.domain.Player)
          - SQL table alias mapping - player0_
          - alias suffix - 0_
          - suffixed key columns - {id1_1_0_}

19:40:30.820 [main] DEBUG org.hibernate.loader.entity.plan.EntityLoader - Static select for entity tau.mmo.domain.Player [FORCE]: select player0_.id as id1_1_0_, player0_.heroclass as heroclas2_1_0_, player0_.level as level3_1_0_, player0_.name as name4_1_0_ from player player0_ where player0_.id=? for update
19:40:30.820 [main] DEBUG org.hibernate.loader.plan.build.internal.spaces.QuerySpacesImpl - Adding QuerySpace : uid = <gen:0> -> org.hibernate.loader.plan.build.internal.spaces.EntityQuerySpaceImpl@4fd7b79]
19:40:30.820 [main] DEBUG org.hibernate.persister.walking.spi.MetamodelGraphWalker - Visiting attribute path : heroclass
19:40:30.820 [main] DEBUG org.hibernate.persister.walking.spi.MetamodelGraphWalker - Visiting attribute path : items
19:40:30.820 [main] DEBUG org.hibernate.loader.plan.build.internal.spaces.QuerySpacesImpl - Adding QuerySpace : uid = <gen:1> -> org.hibernate.loader.plan.build.internal.spaces.CollectionQuerySpaceImpl@762405bf]
19:40:30.820 [main] DEBUG org.hibernate.loader.plan.build.internal.spaces.QuerySpacesImpl - Adding QuerySpace : uid = <gen:2> -> org.hibernate.loader.plan.build.internal.spaces.EntityQuerySpaceImpl@7e77678c]
19:40:30.820 [main] DEBUG org.hibernate.persister.walking.spi.MetamodelGraphWalker - Visiting attribute path : level
19:40:30.820 [main] DEBUG org.hibernate.persister.walking.spi.MetamodelGraphWalker - Visiting attribute path : name
19:40:30.820 [main] DEBUG org.hibernate.loader.plan.build.internal.FetchStyleLoadPlanBuildingAssociationVisitationStrategy - Building LoadPlan...
19:40:30.820 [main] DEBUG org.hibernate.loader.plan.exec.internal.LoadQueryJoinAndFetchProcessor - processing queryspace <gen:0>
19:40:30.821 [main] DEBUG org.hibernate.loader.plan.build.spi.LoadPlanTreePrinter - LoadPlan(entity=tau.mmo.domain.Player)
    - Returns
       - EntityReturnImpl(entity=tau.mmo.domain.Player, querySpaceUid=<gen:0>, path=tau.mmo.domain.Player)
          - CollectionAttributeFetchImpl(collection=tau.mmo.domain.Player.items, querySpaceUid=<gen:1>, path=tau.mmo.domain.Player.items)
             - (collection element) CollectionFetchableElementEntityGraph(entity=tau.mmo.domain.Item, querySpaceUid=<gen:2>, path=tau.mmo.domain.Player.items.<elements>)
    - QuerySpaces
       - EntityQuerySpaceImpl(uid=<gen:0>, entity=tau.mmo.domain.Player)
          - SQL table alias mapping - player0_
          - alias suffix - 0_
          - suffixed key columns - {id1_1_0_}

19:40:30.821 [main] DEBUG org.hibernate.loader.entity.plan.EntityLoader - Static select for entity tau.mmo.domain.Player [PESSIMISTIC_READ]: select player0_.id as id1_1_0_, player0_.heroclass as heroclas2_1_0_, player0_.level as level3_1_0_, player0_.name as name4_1_0_ from player player0_ where player0_.id=? for update
19:40:30.821 [main] DEBUG org.hibernate.loader.plan.build.internal.spaces.QuerySpacesImpl - Adding QuerySpace : uid = <gen:0> -> org.hibernate.loader.plan.build.internal.spaces.EntityQuerySpaceImpl@113eed88]
19:40:30.821 [main] DEBUG org.hibernate.persister.walking.spi.MetamodelGraphWalker - Visiting attribute path : heroclass
19:40:30.821 [main] DEBUG org.hibernate.persister.walking.spi.MetamodelGraphWalker - Visiting attribute path : items
19:40:30.821 [main] DEBUG org.hibernate.loader.plan.build.internal.spaces.QuerySpacesImpl - Adding QuerySpace : uid = <gen:1> -> org.hibernate.loader.plan.build.internal.spaces.CollectionQuerySpaceImpl@9d99851]
19:40:30.821 [main] DEBUG org.hibernate.loader.plan.build.internal.spaces.QuerySpacesImpl - Adding QuerySpace : uid = <gen:2> -> org.hibernate.loader.plan.build.internal.spaces.EntityQuerySpaceImpl@4cd7d5e1]
19:40:30.821 [main] DEBUG org.hibernate.persister.walking.spi.MetamodelGraphWalker - Visiting attribute path : level
19:40:30.821 [main] DEBUG org.hibernate.persister.walking.spi.MetamodelGraphWalker - Visiting attribute path : name
19:40:30.821 [main] DEBUG org.hibernate.loader.plan.build.internal.FetchStyleLoadPlanBuildingAssociationVisitationStrategy - Building LoadPlan...
19:40:30.821 [main] DEBUG org.hibernate.loader.plan.exec.internal.LoadQueryJoinAndFetchProcessor - processing queryspace <gen:0>
19:40:30.821 [main] DEBUG org.hibernate.loader.plan.build.spi.LoadPlanTreePrinter - LoadPlan(entity=tau.mmo.domain.Player)
    - Returns
       - EntityReturnImpl(entity=tau.mmo.domain.Player, querySpaceUid=<gen:0>, path=tau.mmo.domain.Player)
          - CollectionAttributeFetchImpl(collection=tau.mmo.domain.Player.items, querySpaceUid=<gen:1>, path=tau.mmo.domain.Player.items)
             - (collection element) CollectionFetchableElementEntityGraph(entity=tau.mmo.domain.Item, querySpaceUid=<gen:2>, path=tau.mmo.domain.Player.items.<elements>)
    - QuerySpaces
       - EntityQuerySpaceImpl(uid=<gen:0>, entity=tau.mmo.domain.Player)
          - SQL table alias mapping - player0_
          - alias suffix - 0_
          - suffixed key columns - {id1_1_0_}

19:40:30.821 [main] DEBUG org.hibernate.loader.entity.plan.EntityLoader - Static select for entity tau.mmo.domain.Player [PESSIMISTIC_WRITE]: select player0_.id as id1_1_0_, player0_.heroclass as heroclas2_1_0_, player0_.level as level3_1_0_, player0_.name as name4_1_0_ from player player0_ where player0_.id=? for update
19:40:30.821 [main] DEBUG org.hibernate.loader.plan.build.internal.spaces.QuerySpacesImpl - Adding QuerySpace : uid = <gen:0> -> org.hibernate.loader.plan.build.internal.spaces.EntityQuerySpaceImpl@2ae3235e]
19:40:30.821 [main] DEBUG org.hibernate.persister.walking.spi.MetamodelGraphWalker - Visiting attribute path : heroclass
19:40:30.821 [main] DEBUG org.hibernate.persister.walking.spi.MetamodelGraphWalker - Visiting attribute path : items
19:40:30.821 [main] DEBUG org.hibernate.loader.plan.build.internal.spaces.QuerySpacesImpl - Adding QuerySpace : uid = <gen:1> -> org.hibernate.loader.plan.build.internal.spaces.CollectionQuerySpaceImpl@3686389]
19:40:30.821 [main] DEBUG org.hibernate.loader.plan.build.internal.spaces.QuerySpacesImpl - Adding QuerySpace : uid = <gen:2> -> org.hibernate.loader.plan.build.internal.spaces.EntityQuerySpaceImpl@71e2c6d8]
19:40:30.821 [main] DEBUG org.hibernate.persister.walking.spi.MetamodelGraphWalker - Visiting attribute path : level
19:40:30.821 [main] DEBUG org.hibernate.persister.walking.spi.MetamodelGraphWalker - Visiting attribute path : name
19:40:30.821 [main] DEBUG org.hibernate.loader.plan.build.internal.FetchStyleLoadPlanBuildingAssociationVisitationStrategy - Building LoadPlan...
19:40:30.821 [main] DEBUG org.hibernate.loader.plan.exec.internal.LoadQueryJoinAndFetchProcessor - processing queryspace <gen:0>
19:40:30.822 [main] DEBUG org.hibernate.loader.plan.build.spi.LoadPlanTreePrinter - LoadPlan(entity=tau.mmo.domain.Player)
    - Returns
       - EntityReturnImpl(entity=tau.mmo.domain.Player, querySpaceUid=<gen:0>, path=tau.mmo.domain.Player)
          - CollectionAttributeFetchImpl(collection=tau.mmo.domain.Player.items, querySpaceUid=<gen:1>, path=tau.mmo.domain.Player.items)
             - (collection element) CollectionFetchableElementEntityGraph(entity=tau.mmo.domain.Item, querySpaceUid=<gen:2>, path=tau.mmo.domain.Player.items.<elements>)
    - QuerySpaces
       - EntityQuerySpaceImpl(uid=<gen:0>, entity=tau.mmo.domain.Player)
          - SQL table alias mapping - player0_
          - alias suffix - 0_
          - suffixed key columns - {id1_1_0_}

19:40:30.822 [main] DEBUG org.hibernate.loader.entity.plan.EntityLoader - Static select for entity tau.mmo.domain.Player [PESSIMISTIC_FORCE_INCREMENT]: select player0_.id as id1_1_0_, player0_.heroclass as heroclas2_1_0_, player0_.level as level3_1_0_, player0_.name as name4_1_0_ from player player0_ where player0_.id=? for update
19:40:30.822 [main] DEBUG org.hibernate.loader.plan.build.internal.spaces.QuerySpacesImpl - Adding QuerySpace : uid = <gen:0> -> org.hibernate.loader.plan.build.internal.spaces.EntityQuerySpaceImpl@4228f269]
19:40:30.822 [main] DEBUG org.hibernate.persister.walking.spi.MetamodelGraphWalker - Visiting attribute path : heroclass
19:40:30.822 [main] DEBUG org.hibernate.persister.walking.spi.MetamodelGraphWalker - Visiting attribute path : items
19:40:30.822 [main] DEBUG org.hibernate.loader.plan.build.internal.spaces.QuerySpacesImpl - Adding QuerySpace : uid = <gen:1> -> org.hibernate.loader.plan.build.internal.spaces.CollectionQuerySpaceImpl@775f15fd]
19:40:30.822 [main] DEBUG org.hibernate.loader.plan.build.internal.spaces.QuerySpacesImpl - Adding QuerySpace : uid = <gen:2> -> org.hibernate.loader.plan.build.internal.spaces.EntityQuerySpaceImpl@106cd9c8]
19:40:30.822 [main] DEBUG org.hibernate.persister.walking.spi.MetamodelGraphWalker - Visiting attribute path : level
19:40:30.822 [main] DEBUG org.hibernate.persister.walking.spi.MetamodelGraphWalker - Visiting attribute path : name
19:40:30.822 [main] DEBUG org.hibernate.loader.plan.build.internal.FetchStyleLoadPlanBuildingAssociationVisitationStrategy - Building LoadPlan...
19:40:30.822 [main] DEBUG org.hibernate.loader.plan.exec.internal.LoadQueryJoinAndFetchProcessor - processing queryspace <gen:0>
19:40:30.822 [main] DEBUG org.hibernate.loader.plan.build.spi.LoadPlanTreePrinter - LoadPlan(entity=tau.mmo.domain.Player)
    - Returns
       - EntityReturnImpl(entity=tau.mmo.domain.Player, querySpaceUid=<gen:0>, path=tau.mmo.domain.Player)
          - CollectionAttributeFetchImpl(collection=tau.mmo.domain.Player.items, querySpaceUid=<gen:1>, path=tau.mmo.domain.Player.items)
             - (collection element) CollectionFetchableElementEntityGraph(entity=tau.mmo.domain.Item, querySpaceUid=<gen:2>, path=tau.mmo.domain.Player.items.<elements>)
    - QuerySpaces
       - EntityQuerySpaceImpl(uid=<gen:0>, entity=tau.mmo.domain.Player)
          - SQL table alias mapping - player0_
          - alias suffix - 0_
          - suffixed key columns - {id1_1_0_}

19:40:30.822 [main] DEBUG org.hibernate.loader.entity.plan.EntityLoader - Static select for entity tau.mmo.domain.Player [OPTIMISTIC]: select player0_.id as id1_1_0_, player0_.heroclass as heroclas2_1_0_, player0_.level as level3_1_0_, player0_.name as name4_1_0_ from player player0_ where player0_.id=?
19:40:30.822 [main] DEBUG org.hibernate.loader.plan.build.internal.spaces.QuerySpacesImpl - Adding QuerySpace : uid = <gen:0> -> org.hibernate.loader.plan.build.internal.spaces.EntityQuerySpaceImpl@1552da16]
19:40:30.822 [main] DEBUG org.hibernate.persister.walking.spi.MetamodelGraphWalker - Visiting attribute path : heroclass
19:40:30.822 [main] DEBUG org.hibernate.persister.walking.spi.MetamodelGraphWalker - Visiting attribute path : items
19:40:30.822 [main] DEBUG org.hibernate.loader.plan.build.internal.spaces.QuerySpacesImpl - Adding QuerySpace : uid = <gen:1> -> org.hibernate.loader.plan.build.internal.spaces.CollectionQuerySpaceImpl@77ce88c4]
19:40:30.822 [main] DEBUG org.hibernate.loader.plan.build.internal.spaces.QuerySpacesImpl - Adding QuerySpace : uid = <gen:2> -> org.hibernate.loader.plan.build.internal.spaces.EntityQuerySpaceImpl@11abd6c]
19:40:30.822 [main] DEBUG org.hibernate.persister.walking.spi.MetamodelGraphWalker - Visiting attribute path : level
19:40:30.822 [main] DEBUG org.hibernate.persister.walking.spi.MetamodelGraphWalker - Visiting attribute path : name
19:40:30.822 [main] DEBUG org.hibernate.loader.plan.build.internal.FetchStyleLoadPlanBuildingAssociationVisitationStrategy - Building LoadPlan...
19:40:30.822 [main] DEBUG org.hibernate.loader.plan.exec.internal.LoadQueryJoinAndFetchProcessor - processing queryspace <gen:0>
19:40:30.822 [main] DEBUG org.hibernate.loader.plan.build.spi.LoadPlanTreePrinter - LoadPlan(entity=tau.mmo.domain.Player)
    - Returns
       - EntityReturnImpl(entity=tau.mmo.domain.Player, querySpaceUid=<gen:0>, path=tau.mmo.domain.Player)
          - CollectionAttributeFetchImpl(collection=tau.mmo.domain.Player.items, querySpaceUid=<gen:1>, path=tau.mmo.domain.Player.items)
             - (collection element) CollectionFetchableElementEntityGraph(entity=tau.mmo.domain.Item, querySpaceUid=<gen:2>, path=tau.mmo.domain.Player.items.<elements>)
    - QuerySpaces
       - EntityQuerySpaceImpl(uid=<gen:0>, entity=tau.mmo.domain.Player)
          - SQL table alias mapping - player0_
          - alias suffix - 0_
          - suffixed key columns - {id1_1_0_}

19:40:30.822 [main] DEBUG org.hibernate.loader.entity.plan.EntityLoader - Static select for entity tau.mmo.domain.Player [OPTIMISTIC_FORCE_INCREMENT]: select player0_.id as id1_1_0_, player0_.heroclass as heroclas2_1_0_, player0_.level as level3_1_0_, player0_.name as name4_1_0_ from player player0_ where player0_.id=?
19:40:30.823 [main] DEBUG org.hibernate.loader.Loader - Static select for action ACTION_MERGE on entity tau.mmo.domain.Player: select player0_.id as id1_1_0_, player0_.heroclass as heroclas2_1_0_, player0_.level as level3_1_0_, player0_.name as name4_1_0_ from player player0_ where player0_.id=?
19:40:30.823 [main] DEBUG org.hibernate.loader.Loader - Static select for action ACTION_REFRESH on entity tau.mmo.domain.Player: select player0_.id as id1_1_0_, player0_.heroclass as heroclas2_1_0_, player0_.level as level3_1_0_, player0_.name as name4_1_0_ from player player0_ where player0_.id=?
19:40:30.823 [main] DEBUG org.hibernate.loader.plan.build.internal.spaces.QuerySpacesImpl - Adding QuerySpace : uid = <gen:0> -> org.hibernate.loader.plan.build.internal.spaces.CollectionQuerySpaceImpl@29b5533]
19:40:30.823 [main] DEBUG org.hibernate.loader.plan.build.internal.spaces.QuerySpacesImpl - Adding QuerySpace : uid = <gen:1> -> org.hibernate.loader.plan.build.internal.spaces.EntityQuerySpaceImpl@7608a838]
19:40:30.823 [main] DEBUG org.hibernate.persister.walking.spi.MetamodelGraphWalker - Visiting attribute path : itemclass
19:40:30.823 [main] DEBUG org.hibernate.persister.walking.spi.MetamodelGraphWalker - Visiting attribute path : levelreq
19:40:30.823 [main] DEBUG org.hibernate.persister.walking.spi.MetamodelGraphWalker - Visiting attribute path : name
19:40:30.823 [main] DEBUG org.hibernate.persister.walking.spi.MetamodelGraphWalker - Visiting attribute path : player
19:40:30.823 [main] DEBUG org.hibernate.persister.walking.spi.MetamodelGraphWalker - Property path deemed to be circular : player
19:40:30.823 [main] DEBUG org.hibernate.loader.plan.build.internal.FetchStyleLoadPlanBuildingAssociationVisitationStrategy - Building LoadPlan...
19:40:30.823 [main] DEBUG org.hibernate.loader.plan.exec.internal.LoadQueryJoinAndFetchProcessor - processing queryspace <gen:0>
19:40:30.823 [main] DEBUG org.hibernate.loader.plan.build.spi.LoadPlanTreePrinter - LoadPlan(collection=tau.mmo.domain.Player.items)
    - Returns
       - CollectionReturnImpl(collection=tau.mmo.domain.Player.items, querySpaceUid=<gen:0>, path=[tau.mmo.domain.Player.items])
          - (collection element) CollectionFetchableElementEntityGraph(entity=tau.mmo.domain.Item, querySpaceUid=<gen:1>, path=[tau.mmo.domain.Player.items].<elements>)
    - QuerySpaces
       - CollectionQuerySpaceImpl(uid=<gen:0>, collection=tau.mmo.domain.Player.items)
          - SQL table alias mapping - items0_
          - alias suffix - 0_
          - suffixed key columns - {player_i5_0_0_}
          - entity-element alias suffix - 1_
          - 1_entity-element suffixed key columns - id1_0_1_
          - JOIN (JoinDefinedByMetadata(elements)) : <gen:0> -> <gen:1>
             - EntityQuerySpaceImpl(uid=<gen:1>, entity=tau.mmo.domain.Item)
                - SQL table alias mapping - items0_
                - alias suffix - 1_
                - suffixed key columns - {id1_0_1_}

19:40:30.823 [main] DEBUG org.hibernate.loader.collection.plan.CollectionLoader - Static select for collection tau.mmo.domain.Player.items: select items0_.player_id as player_i5_0_0_, items0_.id as id1_0_0_, items0_.id as id1_0_1_, items0_.itemclass as itemclas2_0_1_, items0_.levelreq as levelreq3_0_1_, items0_.name as name4_0_1_, items0_.player_id as player_i5_0_1_ from item items0_ where items0_.player_id=?
19:40:30.823 [main] DEBUG org.hibernate.internal.SessionFactoryImpl - Instantiated session factory
19:40:30.823 [main] DEBUG org.springframework.jdbc.datasource.DriverManagerDataSource - Creating new JDBC DriverManager Connection to [jdbc:hsqldb:hsql://localhost/workdb]
19:40:30.824 [main] DEBUG org.hibernate.engine.jdbc.spi.SqlExceptionHelper - Unable to open JDBC Connection for DDL execution [n/a]
java.sql.SQLTransientConnectionException: java.net.ConnectException: Połączenie odrzucone (Connection refused)
	at org.hsqldb.jdbc.JDBCUtil.sqlException(Unknown Source)
	at org.hsqldb.jdbc.JDBCUtil.sqlException(Unknown Source)
	at org.hsqldb.jdbc.JDBCConnection.<init>(Unknown Source)
	at org.hsqldb.jdbc.JDBCDriver.getConnection(Unknown Source)
	at org.hsqldb.jdbc.JDBCDriver.connect(Unknown Source)
	at java.sql/java.sql.DriverManager.getConnection(DriverManager.java:677)
	at java.sql/java.sql.DriverManager.getConnection(DriverManager.java:189)
	at org.springframework.jdbc.datasource.DriverManagerDataSource.getConnectionFromDriverManager(DriverManagerDataSource.java:154)
	at org.springframework.jdbc.datasource.DriverManagerDataSource.getConnectionFromDriver(DriverManagerDataSource.java:145)
	at org.springframework.jdbc.datasource.AbstractDriverBasedDataSource.getConnectionFromDriver(AbstractDriverBasedDataSource.java:205)
	at org.springframework.jdbc.datasource.AbstractDriverBasedDataSource.getConnection(AbstractDriverBasedDataSource.java:169)
	at org.hibernate.engine.jdbc.connections.internal.DatasourceConnectionProviderImpl.getConnection(DatasourceConnectionProviderImpl.java:122)
	at org.hibernate.engine.jdbc.env.internal.JdbcEnvironmentInitiator$ConnectionProviderJdbcConnectionAccess.obtainConnection(JdbcEnvironmentInitiator.java:180)
	at org.hibernate.resource.transaction.backend.jdbc.internal.DdlTransactionIsolatorNonJtaImpl.getIsolatedConnection(DdlTransactionIsolatorNonJtaImpl.java:43)
	at org.hibernate.tool.schema.internal.exec.ImprovedExtractionContextImpl.getJdbcConnection(ImprovedExtractionContextImpl.java:60)
	at org.hibernate.tool.schema.extract.internal.SequenceInformationExtractorLegacyImpl.extractMetadata(SequenceInformationExtractorLegacyImpl.java:40)
	at org.hibernate.tool.schema.extract.internal.DatabaseInformationImpl.initializeSequences(DatabaseInformationImpl.java:65)
	at org.hibernate.tool.schema.extract.internal.DatabaseInformationImpl.<init>(DatabaseInformationImpl.java:59)
	at org.hibernate.tool.schema.internal.Helper.buildDatabaseInformation(Helper.java:130)
	at org.hibernate.tool.schema.internal.AbstractSchemaMigrator.doMigration(AbstractSchemaMigrator.java:92)
	at org.hibernate.tool.schema.spi.SchemaManagementToolCoordinator.performDatabaseAction(SchemaManagementToolCoordinator.java:176)
	at org.hibernate.tool.schema.spi.SchemaManagementToolCoordinator.process(SchemaManagementToolCoordinator.java:65)
	at org.hibernate.internal.SessionFactoryImpl.<init>(SessionFactoryImpl.java:459)
	at org.hibernate.boot.internal.SessionFactoryBuilderImpl.build(SessionFactoryBuilderImpl.java:465)
	at org.hibernate.cfg.Configuration.buildSessionFactory(Configuration.java:711)
	at org.hibernate.cfg.Configuration.buildSessionFactory(Configuration.java:727)
	at org.springframework.orm.hibernate5.LocalSessionFactoryBean.buildSessionFactory(LocalSessionFactoryBean.java:615)
	at org.springframework.orm.hibernate5.LocalSessionFactoryBean.afterPropertiesSet(LocalSessionFactoryBean.java:599)
	at org.springframework.beans.factory.support.AbstractAutowireCapableBeanFactory.invokeInitMethods(AbstractAutowireCapableBeanFactory.java:1837)
	at org.springframework.beans.factory.support.AbstractAutowireCapableBeanFactory.initializeBean(AbstractAutowireCapableBeanFactory.java:1774)
	at org.springframework.beans.factory.support.AbstractAutowireCapableBeanFactory.doCreateBean(AbstractAutowireCapableBeanFactory.java:593)
	at org.springframework.beans.factory.support.AbstractAutowireCapableBeanFactory.createBean(AbstractAutowireCapableBeanFactory.java:515)
	at org.springframework.beans.factory.support.AbstractBeanFactory.lambda$doGetBean$0(AbstractBeanFactory.java:320)
	at org.springframework.beans.factory.support.DefaultSingletonBeanRegistry.getSingleton(DefaultSingletonBeanRegistry.java:222)
	at org.springframework.beans.factory.support.AbstractBeanFactory.doGetBean(AbstractBeanFactory.java:318)
	at org.springframework.beans.factory.support.AbstractBeanFactory.getBean(AbstractBeanFactory.java:199)
	at org.springframework.beans.factory.config.DependencyDescriptor.resolveCandidate(DependencyDescriptor.java:277)
	at org.springframework.beans.factory.support.DefaultListableBeanFactory.doResolveDependency(DefaultListableBeanFactory.java:1247)
	at org.springframework.beans.factory.support.DefaultListableBeanFactory.resolveDependency(DefaultListableBeanFactory.java:1167)
	at org.springframework.beans.factory.annotation.AutowiredAnnotationBeanPostProcessor$AutowiredFieldElement.inject(AutowiredAnnotationBeanPostProcessor.java:593)
	at org.springframework.beans.factory.annotation.InjectionMetadata.inject(InjectionMetadata.java:90)
	at org.springframework.beans.factory.annotation.AutowiredAnnotationBeanPostProcessor.postProcessProperties(AutowiredAnnotationBeanPostProcessor.java:374)
	at org.springframework.beans.factory.support.AbstractAutowireCapableBeanFactory.populateBean(AbstractAutowireCapableBeanFactory.java:1411)
	at org.springframework.beans.factory.support.AbstractAutowireCapableBeanFactory.doCreateBean(AbstractAutowireCapableBeanFactory.java:592)
	at org.springframework.beans.factory.support.AbstractAutowireCapableBeanFactory.createBean(AbstractAutowireCapableBeanFactory.java:515)
	at org.springframework.beans.factory.support.AbstractBeanFactory.lambda$doGetBean$0(AbstractBeanFactory.java:320)
	at org.springframework.beans.factory.support.DefaultSingletonBeanRegistry.getSingleton(DefaultSingletonBeanRegistry.java:222)
	at org.springframework.beans.factory.support.AbstractBeanFactory.doGetBean(AbstractBeanFactory.java:318)
	at org.springframework.beans.factory.support.AbstractBeanFactory.getBean(AbstractBeanFactory.java:199)
	at org.springframework.beans.factory.config.DependencyDescriptor.resolveCandidate(DependencyDescriptor.java:277)
	at org.springframework.beans.factory.support.DefaultListableBeanFactory.doResolveDependency(DefaultListableBeanFactory.java:1247)
	at org.springframework.beans.factory.support.DefaultListableBeanFactory.resolveDependency(DefaultListableBeanFactory.java:1167)
	at org.springframework.beans.factory.annotation.AutowiredAnnotationBeanPostProcessor$AutowiredFieldElement.inject(AutowiredAnnotationBeanPostProcessor.java:593)
	at org.springframework.beans.factory.annotation.InjectionMetadata.inject(InjectionMetadata.java:90)
	at org.springframework.beans.factory.annotation.AutowiredAnnotationBeanPostProcessor.postProcessProperties(AutowiredAnnotationBeanPostProcessor.java:374)
	at org.springframework.beans.factory.support.AbstractAutowireCapableBeanFactory.populateBean(AbstractAutowireCapableBeanFactory.java:1411)
	at org.springframework.beans.factory.support.AbstractAutowireCapableBeanFactory.doCreateBean(AbstractAutowireCapableBeanFactory.java:592)
	at org.springframework.beans.factory.support.AbstractAutowireCapableBeanFactory.createBean(AbstractAutowireCapableBeanFactory.java:515)
	at org.springframework.beans.factory.support.AbstractBeanFactory.lambda$doGetBean$0(AbstractBeanFactory.java:320)
	at org.springframework.beans.factory.support.DefaultSingletonBeanRegistry.getSingleton(DefaultSingletonBeanRegistry.java:222)
	at org.springframework.beans.factory.support.AbstractBeanFactory.doGetBean(AbstractBeanFactory.java:318)
	at org.springframework.beans.factory.support.AbstractBeanFactory.getBean(AbstractBeanFactory.java:199)
	at org.springframework.beans.factory.support.DefaultListableBeanFactory.preInstantiateSingletons(DefaultListableBeanFactory.java:849)
	at org.springframework.context.support.AbstractApplicationContext.finishBeanFactoryInitialization(AbstractApplicationContext.java:877)
	at org.springframework.context.support.AbstractApplicationContext.refresh(AbstractApplicationContext.java:549)
	at org.springframework.test.context.support.AbstractGenericContextLoader.loadContext(AbstractGenericContextLoader.java:128)
	at org.springframework.test.context.support.AbstractGenericContextLoader.loadContext(AbstractGenericContextLoader.java:60)
	at org.springframework.test.context.support.AbstractDelegatingSmartContextLoader.delegateLoading(AbstractDelegatingSmartContextLoader.java:275)
	at org.springframework.test.context.support.AbstractDelegatingSmartContextLoader.loadContext(AbstractDelegatingSmartContextLoader.java:243)
	at org.springframework.test.context.cache.DefaultCacheAwareContextLoaderDelegate.loadContextInternal(DefaultCacheAwareContextLoaderDelegate.java:99)
	at org.springframework.test.context.cache.DefaultCacheAwareContextLoaderDelegate.loadContext(DefaultCacheAwareContextLoaderDelegate.java:117)
	at org.springframework.test.context.support.DefaultTestContext.getApplicationContext(DefaultTestContext.java:108)
	at org.springframework.test.context.support.DependencyInjectionTestExecutionListener.injectDependencies(DependencyInjectionTestExecutionListener.java:118)
	at org.springframework.test.context.support.DependencyInjectionTestExecutionListener.prepareTestInstance(DependencyInjectionTestExecutionListener.java:83)
	at org.springframework.test.context.TestContextManager.prepareTestInstance(TestContextManager.java:246)
	at org.springframework.test.context.junit4.SpringJUnit4ClassRunner.createTest(SpringJUnit4ClassRunner.java:227)
	at org.springframework.test.context.junit4.SpringJUnit4ClassRunner$1.runReflectiveCall(SpringJUnit4ClassRunner.java:289)
	at org.junit.internal.runners.model.ReflectiveCallable.run(ReflectiveCallable.java:12)
	at org.springframework.test.context.junit4.SpringJUnit4ClassRunner.methodBlock(SpringJUnit4ClassRunner.java:291)
	at org.springframework.test.context.junit4.SpringJUnit4ClassRunner.runChild(SpringJUnit4ClassRunner.java:246)
	at org.springframework.test.context.junit4.SpringJUnit4ClassRunner.runChild(SpringJUnit4ClassRunner.java:97)
	at org.junit.runners.ParentRunner$3.run(ParentRunner.java:290)
	at org.junit.runners.ParentRunner$1.schedule(ParentRunner.java:71)
	at org.junit.runners.ParentRunner.runChildren(ParentRunner.java:288)
	at org.junit.runners.ParentRunner.access$000(ParentRunner.java:58)
	at org.junit.runners.ParentRunner$2.evaluate(ParentRunner.java:268)
	at org.springframework.test.context.junit4.statements.RunBeforeTestClassCallbacks.evaluate(RunBeforeTestClassCallbacks.java:61)
	at org.springframework.test.context.junit4.statements.RunAfterTestClassCallbacks.evaluate(RunAfterTestClassCallbacks.java:70)
	at org.junit.runners.ParentRunner.run(ParentRunner.java:363)
	at org.springframework.test.context.junit4.SpringJUnit4ClassRunner.run(SpringJUnit4ClassRunner.java:190)
	at org.apache.maven.surefire.junit4.JUnit4Provider.execute(JUnit4Provider.java:365)
	at org.apache.maven.surefire.junit4.JUnit4Provider.executeWithRerun(JUnit4Provider.java:273)
	at org.apache.maven.surefire.junit4.JUnit4Provider.executeTestSet(JUnit4Provider.java:238)
	at org.apache.maven.surefire.junit4.JUnit4Provider.invoke(JUnit4Provider.java:159)
	at org.apache.maven.surefire.booter.ForkedBooter.invokeProviderInSameClassLoader(ForkedBooter.java:384)
	at org.apache.maven.surefire.booter.ForkedBooter.runSuitesInProcess(ForkedBooter.java:345)
	at org.apache.maven.surefire.booter.ForkedBooter.execute(ForkedBooter.java:126)
	at org.apache.maven.surefire.booter.ForkedBooter.main(ForkedBooter.java:418)
Caused by: org.hsqldb.HsqlException: java.net.ConnectException: Połączenie odrzucone (Connection refused)
	at org.hsqldb.ClientConnection.openConnection(Unknown Source)
	at org.hsqldb.ClientConnection.initConnection(Unknown Source)
	at org.hsqldb.ClientConnection.<init>(Unknown Source)
	... 96 common frames omitted
Caused by: java.net.ConnectException: Połączenie odrzucone (Connection refused)
	at java.base/java.net.PlainSocketImpl.socketConnect(Native Method)
	at java.base/java.net.AbstractPlainSocketImpl.doConnect(AbstractPlainSocketImpl.java:399)
	at java.base/java.net.AbstractPlainSocketImpl.connectToAddress(AbstractPlainSocketImpl.java:242)
	at java.base/java.net.AbstractPlainSocketImpl.connect(AbstractPlainSocketImpl.java:224)
	at java.base/java.net.SocksSocketImpl.connect(SocksSocketImpl.java:403)
	at java.base/java.net.Socket.connect(Socket.java:591)
	at java.base/java.net.Socket.connect(Socket.java:540)
	at java.base/java.net.Socket.<init>(Socket.java:436)
	at java.base/java.net.Socket.<init>(Socket.java:213)
	at org.hsqldb.server.HsqlSocketFactory.createSocket(Unknown Source)
	... 99 common frames omitted
19:40:30.825 [main] WARN org.hibernate.engine.jdbc.spi.SqlExceptionHelper - SQL Error: -1301, SQLState: 08001
19:40:30.825 [main] ERROR org.hibernate.engine.jdbc.spi.SqlExceptionHelper - java.net.ConnectException: Połączenie odrzucone (Connection refused)
19:40:30.825 [main] WARN org.springframework.context.support.GenericApplicationContext - Exception encountered during context initialization - cancelling refresh attempt: org.springframework.beans.factory.UnsatisfiedDependencyException: Error creating bean with name 'playerController': Unsatisfied dependency expressed through field 'playerManager'; nested exception is org.springframework.beans.factory.UnsatisfiedDependencyException: Error creating bean with name 'playerManagerHibernateImpl': Unsatisfied dependency expressed through field 'sessionFactory'; nested exception is org.springframework.beans.factory.BeanCreationException: Error creating bean with name 'hibernateSessionFactory' defined in class path resource [beans.xml]: Invocation of init method failed; nested exception is org.hibernate.exception.JDBCConnectionException: Unable to open JDBC Connection for DDL execution
19:40:30.830 [main] ERROR org.springframework.test.context.TestContextManager - Caught exception while allowing TestExecutionListener [org.springframework.test.context.support.DependencyInjectionTestExecutionListener@6a400542] to prepare test instance [tau.mmo.service.PlayerManagerTest@566c1e71]
java.lang.IllegalStateException: Failed to load ApplicationContext
	at org.springframework.test.context.cache.DefaultCacheAwareContextLoaderDelegate.loadContext(DefaultCacheAwareContextLoaderDelegate.java:125)
	at org.springframework.test.context.support.DefaultTestContext.getApplicationContext(DefaultTestContext.java:108)
	at org.springframework.test.context.support.DependencyInjectionTestExecutionListener.injectDependencies(DependencyInjectionTestExecutionListener.java:118)
	at org.springframework.test.context.support.DependencyInjectionTestExecutionListener.prepareTestInstance(DependencyInjectionTestExecutionListener.java:83)
	at org.springframework.test.context.TestContextManager.prepareTestInstance(TestContextManager.java:246)
	at org.springframework.test.context.junit4.SpringJUnit4ClassRunner.createTest(SpringJUnit4ClassRunner.java:227)
	at org.springframework.test.context.junit4.SpringJUnit4ClassRunner$1.runReflectiveCall(SpringJUnit4ClassRunner.java:289)
	at org.junit.internal.runners.model.ReflectiveCallable.run(ReflectiveCallable.java:12)
	at org.springframework.test.context.junit4.SpringJUnit4ClassRunner.methodBlock(SpringJUnit4ClassRunner.java:291)
	at org.springframework.test.context.junit4.SpringJUnit4ClassRunner.runChild(SpringJUnit4ClassRunner.java:246)
	at org.springframework.test.context.junit4.SpringJUnit4ClassRunner.runChild(SpringJUnit4ClassRunner.java:97)
	at org.junit.runners.ParentRunner$3.run(ParentRunner.java:290)
	at org.junit.runners.ParentRunner$1.schedule(ParentRunner.java:71)
	at org.junit.runners.ParentRunner.runChildren(ParentRunner.java:288)
	at org.junit.runners.ParentRunner.access$000(ParentRunner.java:58)
	at org.junit.runners.ParentRunner$2.evaluate(ParentRunner.java:268)
	at org.springframework.test.context.junit4.statements.RunBeforeTestClassCallbacks.evaluate(RunBeforeTestClassCallbacks.java:61)
	at org.springframework.test.context.junit4.statements.RunAfterTestClassCallbacks.evaluate(RunAfterTestClassCallbacks.java:70)
	at org.junit.runners.ParentRunner.run(ParentRunner.java:363)
	at org.springframework.test.context.junit4.SpringJUnit4ClassRunner.run(SpringJUnit4ClassRunner.java:190)
	at org.apache.maven.surefire.junit4.JUnit4Provider.execute(JUnit4Provider.java:365)
	at org.apache.maven.surefire.junit4.JUnit4Provider.executeWithRerun(JUnit4Provider.java:273)
	at org.apache.maven.surefire.junit4.JUnit4Provider.executeTestSet(JUnit4Provider.java:238)
	at org.apache.maven.surefire.junit4.JUnit4Provider.invoke(JUnit4Provider.java:159)
	at org.apache.maven.surefire.booter.ForkedBooter.invokeProviderInSameClassLoader(ForkedBooter.java:384)
	at org.apache.maven.surefire.booter.ForkedBooter.runSuitesInProcess(ForkedBooter.java:345)
	at org.apache.maven.surefire.booter.ForkedBooter.execute(ForkedBooter.java:126)
	at org.apache.maven.surefire.booter.ForkedBooter.main(ForkedBooter.java:418)
Caused by: org.springframework.beans.factory.UnsatisfiedDependencyException: Error creating bean with name 'playerController': Unsatisfied dependency expressed through field 'playerManager'; nested exception is org.springframework.beans.factory.UnsatisfiedDependencyException: Error creating bean with name 'playerManagerHibernateImpl': Unsatisfied dependency expressed through field 'sessionFactory'; nested exception is org.springframework.beans.factory.BeanCreationException: Error creating bean with name 'hibernateSessionFactory' defined in class path resource [beans.xml]: Invocation of init method failed; nested exception is org.hibernate.exception.JDBCConnectionException: Unable to open JDBC Connection for DDL execution
	at org.springframework.beans.factory.annotation.AutowiredAnnotationBeanPostProcessor$AutowiredFieldElement.inject(AutowiredAnnotationBeanPostProcessor.java:596)
	at org.springframework.beans.factory.annotation.InjectionMetadata.inject(InjectionMetadata.java:90)
	at org.springframework.beans.factory.annotation.AutowiredAnnotationBeanPostProcessor.postProcessProperties(AutowiredAnnotationBeanPostProcessor.java:374)
	at org.springframework.beans.factory.support.AbstractAutowireCapableBeanFactory.populateBean(AbstractAutowireCapableBeanFactory.java:1411)
	at org.springframework.beans.factory.support.AbstractAutowireCapableBeanFactory.doCreateBean(AbstractAutowireCapableBeanFactory.java:592)
	at org.springframework.beans.factory.support.AbstractAutowireCapableBeanFactory.createBean(AbstractAutowireCapableBeanFactory.java:515)
	at org.springframework.beans.factory.support.AbstractBeanFactory.lambda$doGetBean$0(AbstractBeanFactory.java:320)
	at org.springframework.beans.factory.support.DefaultSingletonBeanRegistry.getSingleton(DefaultSingletonBeanRegistry.java:222)
	at org.springframework.beans.factory.support.AbstractBeanFactory.doGetBean(AbstractBeanFactory.java:318)
	at org.springframework.beans.factory.support.AbstractBeanFactory.getBean(AbstractBeanFactory.java:199)
	at org.springframework.beans.factory.support.DefaultListableBeanFactory.preInstantiateSingletons(DefaultListableBeanFactory.java:849)
	at org.springframework.context.support.AbstractApplicationContext.finishBeanFactoryInitialization(AbstractApplicationContext.java:877)
	at org.springframework.context.support.AbstractApplicationContext.refresh(AbstractApplicationContext.java:549)
	at org.springframework.test.context.support.AbstractGenericContextLoader.loadContext(AbstractGenericContextLoader.java:128)
	at org.springframework.test.context.support.AbstractGenericContextLoader.loadContext(AbstractGenericContextLoader.java:60)
	at org.springframework.test.context.support.AbstractDelegatingSmartContextLoader.delegateLoading(AbstractDelegatingSmartContextLoader.java:275)
	at org.springframework.test.context.support.AbstractDelegatingSmartContextLoader.loadContext(AbstractDelegatingSmartContextLoader.java:243)
	at org.springframework.test.context.cache.DefaultCacheAwareContextLoaderDelegate.loadContextInternal(DefaultCacheAwareContextLoaderDelegate.java:99)
	at org.springframework.test.context.cache.DefaultCacheAwareContextLoaderDelegate.loadContext(DefaultCacheAwareContextLoaderDelegate.java:117)
	... 27 common frames omitted
Caused by: org.springframework.beans.factory.UnsatisfiedDependencyException: Error creating bean with name 'playerManagerHibernateImpl': Unsatisfied dependency expressed through field 'sessionFactory'; nested exception is org.springframework.beans.factory.BeanCreationException: Error creating bean with name 'hibernateSessionFactory' defined in class path resource [beans.xml]: Invocation of init method failed; nested exception is org.hibernate.exception.JDBCConnectionException: Unable to open JDBC Connection for DDL execution
	at org.springframework.beans.factory.annotation.AutowiredAnnotationBeanPostProcessor$AutowiredFieldElement.inject(AutowiredAnnotationBeanPostProcessor.java:596)
	at org.springframework.beans.factory.annotation.InjectionMetadata.inject(InjectionMetadata.java:90)
	at org.springframework.beans.factory.annotation.AutowiredAnnotationBeanPostProcessor.postProcessProperties(AutowiredAnnotationBeanPostProcessor.java:374)
	at org.springframework.beans.factory.support.AbstractAutowireCapableBeanFactory.populateBean(AbstractAutowireCapableBeanFactory.java:1411)
	at org.springframework.beans.factory.support.AbstractAutowireCapableBeanFactory.doCreateBean(AbstractAutowireCapableBeanFactory.java:592)
	at org.springframework.beans.factory.support.AbstractAutowireCapableBeanFactory.createBean(AbstractAutowireCapableBeanFactory.java:515)
	at org.springframework.beans.factory.support.AbstractBeanFactory.lambda$doGetBean$0(AbstractBeanFactory.java:320)
	at org.springframework.beans.factory.support.DefaultSingletonBeanRegistry.getSingleton(DefaultSingletonBeanRegistry.java:222)
	at org.springframework.beans.factory.support.AbstractBeanFactory.doGetBean(AbstractBeanFactory.java:318)
	at org.springframework.beans.factory.support.AbstractBeanFactory.getBean(AbstractBeanFactory.java:199)
	at org.springframework.beans.factory.config.DependencyDescriptor.resolveCandidate(DependencyDescriptor.java:277)
	at org.springframework.beans.factory.support.DefaultListableBeanFactory.doResolveDependency(DefaultListableBeanFactory.java:1247)
	at org.springframework.beans.factory.support.DefaultListableBeanFactory.resolveDependency(DefaultListableBeanFactory.java:1167)
	at org.springframework.beans.factory.annotation.AutowiredAnnotationBeanPostProcessor$AutowiredFieldElement.inject(AutowiredAnnotationBeanPostProcessor.java:593)
	... 45 common frames omitted
Caused by: org.springframework.beans.factory.BeanCreationException: Error creating bean with name 'hibernateSessionFactory' defined in class path resource [beans.xml]: Invocation of init method failed; nested exception is org.hibernate.exception.JDBCConnectionException: Unable to open JDBC Connection for DDL execution
	at org.springframework.beans.factory.support.AbstractAutowireCapableBeanFactory.initializeBean(AbstractAutowireCapableBeanFactory.java:1778)
	at org.springframework.beans.factory.support.AbstractAutowireCapableBeanFactory.doCreateBean(AbstractAutowireCapableBeanFactory.java:593)
	at org.springframework.beans.factory.support.AbstractAutowireCapableBeanFactory.createBean(AbstractAutowireCapableBeanFactory.java:515)
	at org.springframework.beans.factory.support.AbstractBeanFactory.lambda$doGetBean$0(AbstractBeanFactory.java:320)
	at org.springframework.beans.factory.support.DefaultSingletonBeanRegistry.getSingleton(DefaultSingletonBeanRegistry.java:222)
	at org.springframework.beans.factory.support.AbstractBeanFactory.doGetBean(AbstractBeanFactory.java:318)
	at org.springframework.beans.factory.support.AbstractBeanFactory.getBean(AbstractBeanFactory.java:199)
	at org.springframework.beans.factory.config.DependencyDescriptor.resolveCandidate(DependencyDescriptor.java:277)
	at org.springframework.beans.factory.support.DefaultListableBeanFactory.doResolveDependency(DefaultListableBeanFactory.java:1247)
	at org.springframework.beans.factory.support.DefaultListableBeanFactory.resolveDependency(DefaultListableBeanFactory.java:1167)
	at org.springframework.beans.factory.annotation.AutowiredAnnotationBeanPostProcessor$AutowiredFieldElement.inject(AutowiredAnnotationBeanPostProcessor.java:593)
	... 58 common frames omitted
Caused by: org.hibernate.exception.JDBCConnectionException: Unable to open JDBC Connection for DDL execution
	at org.hibernate.exception.internal.SQLExceptionTypeDelegate.convert(SQLExceptionTypeDelegate.java:48)
	at org.hibernate.exception.internal.StandardSQLExceptionConverter.convert(StandardSQLExceptionConverter.java:42)
	at org.hibernate.engine.jdbc.spi.SqlExceptionHelper.convert(SqlExceptionHelper.java:111)
	at org.hibernate.engine.jdbc.spi.SqlExceptionHelper.convert(SqlExceptionHelper.java:97)
	at org.hibernate.resource.transaction.backend.jdbc.internal.DdlTransactionIsolatorNonJtaImpl.getIsolatedConnection(DdlTransactionIsolatorNonJtaImpl.java:69)
	at org.hibernate.tool.schema.internal.exec.ImprovedExtractionContextImpl.getJdbcConnection(ImprovedExtractionContextImpl.java:60)
	at org.hibernate.tool.schema.extract.internal.SequenceInformationExtractorLegacyImpl.extractMetadata(SequenceInformationExtractorLegacyImpl.java:40)
	at org.hibernate.tool.schema.extract.internal.DatabaseInformationImpl.initializeSequences(DatabaseInformationImpl.java:65)
	at org.hibernate.tool.schema.extract.internal.DatabaseInformationImpl.<init>(DatabaseInformationImpl.java:59)
	at org.hibernate.tool.schema.internal.Helper.buildDatabaseInformation(Helper.java:130)
	at org.hibernate.tool.schema.internal.AbstractSchemaMigrator.doMigration(AbstractSchemaMigrator.java:92)
	at org.hibernate.tool.schema.spi.SchemaManagementToolCoordinator.performDatabaseAction(SchemaManagementToolCoordinator.java:176)
	at org.hibernate.tool.schema.spi.SchemaManagementToolCoordinator.process(SchemaManagementToolCoordinator.java:65)
	at org.hibernate.internal.SessionFactoryImpl.<init>(SessionFactoryImpl.java:459)
	at org.hibernate.boot.internal.SessionFactoryBuilderImpl.build(SessionFactoryBuilderImpl.java:465)
	at org.hibernate.cfg.Configuration.buildSessionFactory(Configuration.java:711)
	at org.hibernate.cfg.Configuration.buildSessionFactory(Configuration.java:727)
	at org.springframework.orm.hibernate5.LocalSessionFactoryBean.buildSessionFactory(LocalSessionFactoryBean.java:615)
	at org.springframework.orm.hibernate5.LocalSessionFactoryBean.afterPropertiesSet(LocalSessionFactoryBean.java:599)
	at org.springframework.beans.factory.support.AbstractAutowireCapableBeanFactory.invokeInitMethods(AbstractAutowireCapableBeanFactory.java:1837)
	at org.springframework.beans.factory.support.AbstractAutowireCapableBeanFactory.initializeBean(AbstractAutowireCapableBeanFactory.java:1774)
	... 68 common frames omitted
Caused by: java.sql.SQLTransientConnectionException: java.net.ConnectException: Połączenie odrzucone (Connection refused)
	at org.hsqldb.jdbc.JDBCUtil.sqlException(Unknown Source)
	at org.hsqldb.jdbc.JDBCUtil.sqlException(Unknown Source)
	at org.hsqldb.jdbc.JDBCConnection.<init>(Unknown Source)
	at org.hsqldb.jdbc.JDBCDriver.getConnection(Unknown Source)
	at org.hsqldb.jdbc.JDBCDriver.connect(Unknown Source)
	at java.sql/java.sql.DriverManager.getConnection(DriverManager.java:677)
	at java.sql/java.sql.DriverManager.getConnection(DriverManager.java:189)
	at org.springframework.jdbc.datasource.DriverManagerDataSource.getConnectionFromDriverManager(DriverManagerDataSource.java:154)
	at org.springframework.jdbc.datasource.DriverManagerDataSource.getConnectionFromDriver(DriverManagerDataSource.java:145)
	at org.springframework.jdbc.datasource.AbstractDriverBasedDataSource.getConnectionFromDriver(AbstractDriverBasedDataSource.java:205)
	at org.springframework.jdbc.datasource.AbstractDriverBasedDataSource.getConnection(AbstractDriverBasedDataSource.java:169)
	at org.hibernate.engine.jdbc.connections.internal.DatasourceConnectionProviderImpl.getConnection(DatasourceConnectionProviderImpl.java:122)
	at org.hibernate.engine.jdbc.env.internal.JdbcEnvironmentInitiator$ConnectionProviderJdbcConnectionAccess.obtainConnection(JdbcEnvironmentInitiator.java:180)
	at org.hibernate.resource.transaction.backend.jdbc.internal.DdlTransactionIsolatorNonJtaImpl.getIsolatedConnection(DdlTransactionIsolatorNonJtaImpl.java:43)
	... 84 common frames omitted
Caused by: org.hsqldb.HsqlException: java.net.ConnectException: Połączenie odrzucone (Connection refused)
	at org.hsqldb.ClientConnection.openConnection(Unknown Source)
	at org.hsqldb.ClientConnection.initConnection(Unknown Source)
	at org.hsqldb.ClientConnection.<init>(Unknown Source)
	... 96 common frames omitted
Caused by: java.net.ConnectException: Połączenie odrzucone (Connection refused)
	at java.base/java.net.PlainSocketImpl.socketConnect(Native Method)
	at java.base/java.net.AbstractPlainSocketImpl.doConnect(AbstractPlainSocketImpl.java:399)
	at java.base/java.net.AbstractPlainSocketImpl.connectToAddress(AbstractPlainSocketImpl.java:242)
	at java.base/java.net.AbstractPlainSocketImpl.connect(AbstractPlainSocketImpl.java:224)
	at java.base/java.net.SocksSocketImpl.connect(SocksSocketImpl.java:403)
	at java.base/java.net.Socket.connect(Socket.java:591)
	at java.base/java.net.Socket.connect(Socket.java:540)
	at java.base/java.net.Socket.<init>(Socket.java:436)
	at java.base/java.net.Socket.<init>(Socket.java:213)
	at org.hsqldb.server.HsqlSocketFactory.createSocket(Unknown Source)
	... 99 common frames omitted
]]></system-out>
  </testcase>
  <testcase name="getItemsofPlayer" classname="tau.mmo.service.PlayerManagerTest" time="0">
    <error message="Failed to load ApplicationContext" type="java.lang.IllegalStateException">java.lang.IllegalStateException: Failed to load ApplicationContext
Caused by: org.springframework.beans.factory.UnsatisfiedDependencyException: Error creating bean with name 'playerController': Unsatisfied dependency expressed through field 'playerManager'; nested exception is org.springframework.beans.factory.UnsatisfiedDependencyException: Error creating bean with name 'playerManagerHibernateImpl': Unsatisfied dependency expressed through field 'sessionFactory'; nested exception is org.springframework.beans.factory.BeanCreationException: Error creating bean with name 'hibernateSessionFactory' defined in class path resource [beans.xml]: Invocation of init method failed; nested exception is org.hibernate.exception.JDBCConnectionException: Unable to open JDBC Connection for DDL execution
Caused by: org.springframework.beans.factory.UnsatisfiedDependencyException: Error creating bean with name 'playerManagerHibernateImpl': Unsatisfied dependency expressed through field 'sessionFactory'; nested exception is org.springframework.beans.factory.BeanCreationException: Error creating bean with name 'hibernateSessionFactory' defined in class path resource [beans.xml]: Invocation of init method failed; nested exception is org.hibernate.exception.JDBCConnectionException: Unable to open JDBC Connection for DDL execution
Caused by: org.springframework.beans.factory.BeanCreationException: Error creating bean with name 'hibernateSessionFactory' defined in class path resource [beans.xml]: Invocation of init method failed; nested exception is org.hibernate.exception.JDBCConnectionException: Unable to open JDBC Connection for DDL execution
Caused by: org.hibernate.exception.JDBCConnectionException: Unable to open JDBC Connection for DDL execution
Caused by: java.sql.SQLTransientConnectionException: java.net.ConnectException: Połączenie odrzucone (Connection refused)
Caused by: org.hsqldb.HsqlException: java.net.ConnectException: Połączenie odrzucone (Connection refused)
Caused by: java.net.ConnectException: Połączenie odrzucone (Connection refused)
</error>
    <system-out><![CDATA[19:40:30.837 [main] DEBUG org.springframework.test.annotation.ProfileValueUtils - Retrieved @ProfileValueSourceConfiguration [null] for test class [tau.mmo.service.PlayerManagerTest]
19:40:30.837 [main] DEBUG org.springframework.test.annotation.ProfileValueUtils - Retrieved ProfileValueSource type [class org.springframework.test.annotation.SystemProfileValueSource] for class [tau.mmo.service.PlayerManagerTest]
19:40:30.837 [main] DEBUG org.springframework.test.context.support.DependencyInjectionTestExecutionListener - Performing dependency injection for test context [[DefaultTestContext@7ed7259e testClass = PlayerManagerTest, testInstance = tau.mmo.service.PlayerManagerTest@794c5f5e, testMethod = [null], testException = [null], mergedContextConfiguration = [MergedContextConfiguration@28eaa59a testClass = PlayerManagerTest, locations = '{classpath:/beans.xml}', classes = '{}', contextInitializerClasses = '[]', activeProfiles = '{}', propertySourceLocations = '{}', propertySourceProperties = '{}', contextCustomizers = set[org.springframework.boot.test.context.filter.ExcludeFilterContextCustomizer@6b4a4e18, org.springframework.boot.test.json.DuplicateJsonObjectContextCustomizerFactory$DuplicateJsonObjectContextCustomizer@402e37bc, org.springframework.boot.test.mock.mockito.MockitoContextCustomizer@0, org.springframework.boot.test.autoconfigure.properties.PropertyMappingContextCustomizer@0, org.springframework.boot.test.autoconfigure.web.servlet.WebDriverContextCustomizerFactory$Customizer@6973bf95], contextLoader = 'org.springframework.test.context.support.DelegatingSmartContextLoader', parent = [null]], attributes = map[[empty]]]].
19:40:30.837 [main] DEBUG org.springframework.test.context.support.AbstractDelegatingSmartContextLoader - Delegating to GenericXmlContextLoader to load context from [MergedContextConfiguration@28eaa59a testClass = PlayerManagerTest, locations = '{classpath:/beans.xml}', classes = '{}', contextInitializerClasses = '[]', activeProfiles = '{}', propertySourceLocations = '{}', propertySourceProperties = '{}', contextCustomizers = set[org.springframework.boot.test.context.filter.ExcludeFilterContextCustomizer@6b4a4e18, org.springframework.boot.test.json.DuplicateJsonObjectContextCustomizerFactory$DuplicateJsonObjectContextCustomizer@402e37bc, org.springframework.boot.test.mock.mockito.MockitoContextCustomizer@0, org.springframework.boot.test.autoconfigure.properties.PropertyMappingContextCustomizer@0, org.springframework.boot.test.autoconfigure.web.servlet.WebDriverContextCustomizerFactory$Customizer@6973bf95], contextLoader = 'org.springframework.test.context.support.DelegatingSmartContextLoader', parent = [null]].
19:40:30.837 [main] DEBUG org.springframework.test.context.support.AbstractGenericContextLoader - Loading ApplicationContext for merged context configuration [[MergedContextConfiguration@28eaa59a testClass = PlayerManagerTest, locations = '{classpath:/beans.xml}', classes = '{}', contextInitializerClasses = '[]', activeProfiles = '{}', propertySourceLocations = '{}', propertySourceProperties = '{}', contextCustomizers = set[org.springframework.boot.test.context.filter.ExcludeFilterContextCustomizer@6b4a4e18, org.springframework.boot.test.json.DuplicateJsonObjectContextCustomizerFactory$DuplicateJsonObjectContextCustomizer@402e37bc, org.springframework.boot.test.mock.mockito.MockitoContextCustomizer@0, org.springframework.boot.test.autoconfigure.properties.PropertyMappingContextCustomizer@0, org.springframework.boot.test.autoconfigure.web.servlet.WebDriverContextCustomizerFactory$Customizer@6973bf95], contextLoader = 'org.springframework.test.context.support.DelegatingSmartContextLoader', parent = [null]]].
19:40:30.837 [main] DEBUG org.springframework.core.env.StandardEnvironment - Activating profiles []
19:40:30.867 [main] DEBUG org.springframework.context.annotation.ClassPathBeanDefinitionScanner - Identified candidate component class: file [/home/whitewolf/tau/TAU-repozytorium/tau-mmo-jmeter/target/classes/tau/mmo/Application.class]
19:40:30.869 [main] DEBUG org.springframework.context.annotation.ClassPathBeanDefinitionScanner - Identified candidate component class: file [/home/whitewolf/tau/TAU-repozytorium/tau-mmo-jmeter/target/classes/tau/mmo/api/PlayerController.class]
19:40:30.870 [main] DEBUG org.springframework.context.annotation.ClassPathBeanDefinitionScanner - Identified candidate component class: file [/home/whitewolf/tau/TAU-repozytorium/tau-mmo-jmeter/target/classes/tau/mmo/service/PlayerManagerHibernateImpl.class]
19:40:30.871 [main] DEBUG org.springframework.beans.factory.xml.XmlBeanDefinitionReader - Loaded 12 bean definitions from class path resource [beans.xml]
19:40:30.873 [main] DEBUG org.springframework.context.support.GenericApplicationContext - Refreshing org.springframework.context.support.GenericApplicationContext@4ab66127
19:40:30.874 [main] DEBUG org.springframework.beans.factory.support.DefaultListableBeanFactory - Creating shared instance of singleton bean 'org.springframework.context.annotation.internalConfigurationAnnotationProcessor'
19:40:30.879 [main] DEBUG org.springframework.context.annotation.ClassPathBeanDefinitionScanner - Identified candidate component class: file [/home/whitewolf/tau/TAU-repozytorium/tau-mmo-jmeter/target/classes/tau/mmo/api/PlayerController.class]
19:40:30.880 [main] DEBUG org.springframework.context.annotation.ClassPathBeanDefinitionScanner - Identified candidate component class: file [/home/whitewolf/tau/TAU-repozytorium/tau-mmo-jmeter/target/classes/tau/mmo/service/PlayerManagerHibernateImpl.class]
19:40:30.958 [main] DEBUG org.springframework.context.annotation.ClassPathBeanDefinitionScanner - Identified candidate component class: file [/home/whitewolf/tau/TAU-repozytorium/tau-mmo-jmeter/target/classes/tau/mmo/Application.class]
19:40:30.958 [main] DEBUG org.springframework.context.annotation.ClassPathBeanDefinitionScanner - Identified candidate component class: file [/home/whitewolf/tau/TAU-repozytorium/tau-mmo-jmeter/target/classes/tau/mmo/api/PlayerController.class]
19:40:30.958 [main] DEBUG org.springframework.context.annotation.ClassPathBeanDefinitionScanner - Identified candidate component class: file [/home/whitewolf/tau/TAU-repozytorium/tau-mmo-jmeter/target/classes/tau/mmo/service/PlayerManagerHibernateImpl.class]
19:40:30.959 [main] DEBUG org.springframework.beans.factory.xml.XmlBeanDefinitionReader - Loaded 0 bean definitions from class path resource [beans.xml]
19:40:30.959 [main] DEBUG org.springframework.beans.factory.support.DefaultListableBeanFactory - Creating shared instance of singleton bean 'org.springframework.boot.autoconfigure.condition.BeanTypeRegistry'
19:40:30.966 [main] INFO org.springframework.data.repository.config.RepositoryConfigurationDelegate - Bootstrapping Spring Data repositories in DEFAULT mode.
19:40:30.966 [main] DEBUG org.springframework.beans.factory.support.DefaultListableBeanFactory - Creating shared instance of singleton bean 'org.springframework.boot.autoconfigure.AutoConfigurationPackages'
19:40:30.966 [main] DEBUG org.springframework.boot.autoconfigure.AutoConfigurationPackages - @EnableAutoConfiguration was declared on a class in the package 'tau.mmo'. Automatic @Repository and @Entity scanning is enabled.
19:40:30.966 [main] DEBUG org.springframework.data.repository.config.RepositoryConfigurationDelegate - Scanning for repositories in packages tau.mmo.
19:40:30.968 [main] INFO org.springframework.data.repository.config.RepositoryConfigurationDelegate - Finished Spring Data repository scanning in 2ms. Found 0 repository interfaces.
19:40:30.981 [main] DEBUG org.springframework.beans.factory.support.DefaultListableBeanFactory - Creating shared instance of singleton bean 'propertySourcesPlaceholderConfigurer'
19:40:30.982 [main] DEBUG org.springframework.core.env.PropertySourcesPropertyResolver - Found key 'jdbc.driverClassName' in PropertySource 'class path resource [jdbc.properties]' with value of type String
19:40:30.982 [main] DEBUG org.springframework.core.env.PropertySourcesPropertyResolver - Found key 'jdbc.driverClassName' in PropertySource 'environmentProperties' with value of type String
19:40:30.982 [main] DEBUG org.springframework.core.env.PropertySourcesPropertyResolver - Found key 'jdbc.url' in PropertySource 'class path resource [jdbc.properties]' with value of type String
19:40:30.982 [main] DEBUG org.springframework.core.env.PropertySourcesPropertyResolver - Found key 'jdbc.url' in PropertySource 'environmentProperties' with value of type String
19:40:30.982 [main] DEBUG org.springframework.core.env.PropertySourcesPropertyResolver - Found key 'jdbc.username' in PropertySource 'class path resource [jdbc.properties]' with value of type String
19:40:30.982 [main] DEBUG org.springframework.core.env.PropertySourcesPropertyResolver - Found key 'jdbc.username' in PropertySource 'environmentProperties' with value of type String
19:40:30.982 [main] DEBUG org.springframework.core.env.PropertySourcesPropertyResolver - Found key 'jdbc.password' in PropertySource 'class path resource [jdbc.properties]' with value of type String
19:40:30.982 [main] DEBUG org.springframework.core.env.PropertySourcesPropertyResolver - Found key 'jdbc.password' in PropertySource 'environmentProperties' with value of type String
19:40:30.983 [main] DEBUG org.springframework.beans.factory.support.DefaultListableBeanFactory - Creating shared instance of singleton bean 'org.springframework.boot.test.mock.mockito.MockitoPostProcessor'
19:40:30.983 [main] DEBUG org.springframework.beans.factory.support.DefaultListableBeanFactory - Creating shared instance of singleton bean 'emBeanDefinitionRegistrarPostProcessor'
19:40:30.985 [main] DEBUG org.springframework.beans.factory.support.DefaultListableBeanFactory - Creating shared instance of singleton bean 'org.springframework.context.event.internalEventListenerProcessor'
19:40:30.985 [main] DEBUG org.springframework.beans.factory.support.DefaultListableBeanFactory - Creating shared instance of singleton bean 'org.springframework.boot.context.properties.ConfigurationBeanFactoryMetadata'
19:40:30.986 [main] DEBUG org.springframework.beans.factory.support.DefaultListableBeanFactory - Creating shared instance of singleton bean 'org.springframework.context.event.internalEventListenerFactory'
19:40:30.986 [main] DEBUG org.springframework.beans.factory.support.DefaultListableBeanFactory - Creating shared instance of singleton bean 'org.springframework.transaction.config.internalTransactionalEventListenerFactory'
19:40:30.988 [main] DEBUG org.springframework.beans.factory.support.DefaultListableBeanFactory - Creating shared instance of singleton bean 'org.springframework.context.annotation.internalAutowiredAnnotationProcessor'
19:40:30.989 [main] DEBUG org.springframework.beans.factory.support.DefaultListableBeanFactory - Creating shared instance of singleton bean 'org.springframework.context.annotation.internalCommonAnnotationProcessor'
19:40:30.989 [main] DEBUG org.springframework.beans.factory.support.DefaultListableBeanFactory - Creating shared instance of singleton bean 'org.springframework.context.annotation.internalPersistenceAnnotationProcessor'
19:40:30.990 [main] DEBUG org.springframework.beans.factory.support.DefaultListableBeanFactory - Creating shared instance of singleton bean 'org.springframework.boot.test.mock.mockito.MockitoPostProcessor$SpyPostProcessor'
19:40:30.990 [main] DEBUG org.springframework.beans.factory.support.DefaultListableBeanFactory - Creating shared instance of singleton bean 'org.springframework.boot.context.properties.ConfigurationPropertiesBindingPostProcessor'
19:40:30.990 [main] DEBUG org.springframework.beans.factory.support.DefaultListableBeanFactory - Creating shared instance of singleton bean 'methodValidationPostProcessor'
19:40:30.991 [main] DEBUG org.springframework.beans.factory.support.DefaultListableBeanFactory - Autowiring by type from bean name 'methodValidationPostProcessor' via factory method to bean named 'environment'
19:40:30.992 [main] DEBUG org.springframework.beans.factory.support.DefaultListableBeanFactory - Creating shared instance of singleton bean 'org.springframework.aop.config.internalAutoProxyCreator'
19:40:30.994 [main] DEBUG org.springframework.beans.factory.support.DefaultListableBeanFactory - Creating shared instance of singleton bean 'dataSourceInitializerPostProcessor'
19:40:30.994 [main] DEBUG org.springframework.beans.factory.support.DefaultListableBeanFactory - Creating shared instance of singleton bean 'persistenceExceptionTranslationPostProcessor'
19:40:30.995 [main] DEBUG org.springframework.beans.factory.support.DefaultListableBeanFactory - Autowiring by type from bean name 'persistenceExceptionTranslationPostProcessor' via factory method to bean named 'environment'
19:40:30.996 [main] DEBUG org.springframework.beans.factory.support.DefaultListableBeanFactory - Creating shared instance of singleton bean 'application'
19:40:30.997 [main] DEBUG org.springframework.beans.factory.support.DefaultListableBeanFactory - Creating shared instance of singleton bean 'org.springframework.transaction.config.internalTransactionAdvisor'
19:40:30.997 [main] DEBUG org.springframework.beans.factory.support.DefaultListableBeanFactory - Creating shared instance of singleton bean 'org.springframework.transaction.annotation.ProxyTransactionManagementConfiguration'
19:40:31.000 [main] DEBUG org.springframework.beans.factory.support.DefaultListableBeanFactory - Creating shared instance of singleton bean 'transactionAttributeSource'
19:40:31.001 [main] DEBUG org.springframework.beans.factory.support.DefaultListableBeanFactory - Creating shared instance of singleton bean 'transactionInterceptor'
19:40:31.003 [main] DEBUG org.springframework.beans.factory.support.DefaultListableBeanFactory - Creating shared instance of singleton bean 'playerController'
19:40:31.004 [main] DEBUG org.springframework.beans.factory.support.DefaultListableBeanFactory - Creating shared instance of singleton bean 'playerManagerHibernateImpl'
19:40:31.005 [main] DEBUG org.springframework.beans.factory.support.DefaultListableBeanFactory - Creating shared instance of singleton bean 'hibernateSessionFactory'
19:40:31.007 [main] DEBUG org.springframework.beans.factory.support.DefaultListableBeanFactory - Creating shared instance of singleton bean 'dataSource'
19:40:31.008 [main] DEBUG org.springframework.jdbc.datasource.DriverManagerDataSource - Loaded JDBC driver: org.hsqldb.jdbcDriver
19:40:31.009 [main] DEBUG org.springframework.beans.factory.support.DefaultListableBeanFactory - Creating shared instance of singleton bean 'org.springframework.boot.autoconfigure.jdbc.DataSourceInitializerInvoker'
19:40:31.010 [main] DEBUG org.springframework.beans.factory.support.DefaultListableBeanFactory - Creating shared instance of singleton bean 'spring.datasource-org.springframework.boot.autoconfigure.jdbc.DataSourceProperties'
19:40:31.014 [main] DEBUG org.springframework.beans.factory.support.DefaultListableBeanFactory - Autowiring by type from bean name 'org.springframework.boot.autoconfigure.jdbc.DataSourceInitializerInvoker' via constructor to bean named 'spring.datasource-org.springframework.boot.autoconfigure.jdbc.DataSourceProperties'
19:40:31.014 [main] DEBUG org.springframework.beans.factory.support.DefaultListableBeanFactory - Autowiring by type from bean name 'org.springframework.boot.autoconfigure.jdbc.DataSourceInitializerInvoker' via constructor to bean named 'org.springframework.context.support.GenericApplicationContext@4ab66127'
19:40:31.016 [main] DEBUG org.hibernate.integrator.internal.IntegratorServiceImpl - Adding Integrator [org.hibernate.cfg.beanvalidation.BeanValidationIntegrator].
19:40:31.017 [main] DEBUG org.hibernate.integrator.internal.IntegratorServiceImpl - Adding Integrator [org.hibernate.secure.spi.JaccIntegrator].
19:40:31.017 [main] DEBUG org.hibernate.integrator.internal.IntegratorServiceImpl - Adding Integrator [org.hibernate.cache.internal.CollectionCacheInvalidator].
19:40:31.020 [main] DEBUG org.hibernate.cfg.Configuration - Building session factory using internal StandardServiceRegistryBuilder
19:40:31.020 [main] DEBUG org.hibernate.service.spi.ServiceBinding - Overriding existing service binding [org.hibernate.secure.spi.JaccService]
19:40:31.020 [main] DEBUG org.hibernate.cfg.Configuration - Building session factory using provided StandardServiceRegistry
19:40:31.020 [main] DEBUG org.hibernate.cache.internal.RegionFactoryInitiator - Cache region factory : org.hibernate.cache.internal.NoCachingRegionFactory
19:40:31.021 [main] DEBUG org.hibernate.type.BasicTypeRegistry - Adding type registration boolean -> org.hibernate.type.BooleanType@57a2ed35
19:40:31.021 [main] DEBUG org.hibernate.type.BasicTypeRegistry - Adding type registration boolean -> org.hibernate.type.BooleanType@57a2ed35
19:40:31.021 [main] DEBUG org.hibernate.type.BasicTypeRegistry - Adding type registration java.lang.Boolean -> org.hibernate.type.BooleanType@57a2ed35
19:40:31.021 [main] DEBUG org.hibernate.type.BasicTypeRegistry - Adding type registration numeric_boolean -> org.hibernate.type.NumericBooleanType@184fb68d
19:40:31.021 [main] DEBUG org.hibernate.type.BasicTypeRegistry - Adding type registration true_false -> org.hibernate.type.TrueFalseType@205bed61
19:40:31.021 [main] DEBUG org.hibernate.type.BasicTypeRegistry - Adding type registration yes_no -> org.hibernate.type.YesNoType@7c2b58c0
19:40:31.021 [main] DEBUG org.hibernate.type.BasicTypeRegistry - Adding type registration byte -> org.hibernate.type.ByteType@aa149ed
19:40:31.021 [main] DEBUG org.hibernate.type.BasicTypeRegistry - Adding type registration byte -> org.hibernate.type.ByteType@aa149ed
19:40:31.021 [main] DEBUG org.hibernate.type.BasicTypeRegistry - Adding type registration java.lang.Byte -> org.hibernate.type.ByteType@aa149ed
19:40:31.021 [main] DEBUG org.hibernate.type.BasicTypeRegistry - Adding type registration character -> org.hibernate.type.CharacterType@8ee0c23
19:40:31.021 [main] DEBUG org.hibernate.type.BasicTypeRegistry - Adding type registration char -> org.hibernate.type.CharacterType@8ee0c23
19:40:31.021 [main] DEBUG org.hibernate.type.BasicTypeRegistry - Adding type registration java.lang.Character -> org.hibernate.type.CharacterType@8ee0c23
19:40:31.021 [main] DEBUG org.hibernate.type.BasicTypeRegistry - Adding type registration short -> org.hibernate.type.ShortType@173797f0
19:40:31.021 [main] DEBUG org.hibernate.type.BasicTypeRegistry - Adding type registration short -> org.hibernate.type.ShortType@173797f0
19:40:31.021 [main] DEBUG org.hibernate.type.BasicTypeRegistry - Adding type registration java.lang.Short -> org.hibernate.type.ShortType@173797f0
19:40:31.022 [main] DEBUG org.hibernate.type.BasicTypeRegistry - Adding type registration integer -> org.hibernate.type.IntegerType@33d53216
19:40:31.022 [main] DEBUG org.hibernate.type.BasicTypeRegistry - Adding type registration int -> org.hibernate.type.IntegerType@33d53216
19:40:31.022 [main] DEBUG org.hibernate.type.BasicTypeRegistry - Adding type registration java.lang.Integer -> org.hibernate.type.IntegerType@33d53216
19:40:31.022 [main] DEBUG org.hibernate.type.BasicTypeRegistry - Adding type registration long -> org.hibernate.type.LongType@3db663d0
19:40:31.022 [main] DEBUG org.hibernate.type.BasicTypeRegistry - Adding type registration long -> org.hibernate.type.LongType@3db663d0
19:40:31.022 [main] DEBUG org.hibernate.type.BasicTypeRegistry - Adding type registration java.lang.Long -> org.hibernate.type.LongType@3db663d0
19:40:31.022 [main] DEBUG org.hibernate.type.BasicTypeRegistry - Adding type registration float -> org.hibernate.type.FloatType@3b9632d1
19:40:31.022 [main] DEBUG org.hibernate.type.BasicTypeRegistry - Adding type registration float -> org.hibernate.type.FloatType@3b9632d1
19:40:31.022 [main] DEBUG org.hibernate.type.BasicTypeRegistry - Adding type registration java.lang.Float -> org.hibernate.type.FloatType@3b9632d1
19:40:31.022 [main] DEBUG org.hibernate.type.BasicTypeRegistry - Adding type registration double -> org.hibernate.type.DoubleType@75fc1992
19:40:31.022 [main] DEBUG org.hibernate.type.BasicTypeRegistry - Adding type registration double -> org.hibernate.type.DoubleType@75fc1992
19:40:31.022 [main] DEBUG org.hibernate.type.BasicTypeRegistry - Adding type registration java.lang.Double -> org.hibernate.type.DoubleType@75fc1992
19:40:31.022 [main] DEBUG org.hibernate.type.BasicTypeRegistry - Adding type registration big_decimal -> org.hibernate.type.BigDecimalType@27a2a089
19:40:31.022 [main] DEBUG org.hibernate.type.BasicTypeRegistry - Adding type registration java.math.BigDecimal -> org.hibernate.type.BigDecimalType@27a2a089
19:40:31.022 [main] DEBUG org.hibernate.type.BasicTypeRegistry - Adding type registration big_integer -> org.hibernate.type.BigIntegerType@5ac6c4f2
19:40:31.022 [main] DEBUG org.hibernate.type.BasicTypeRegistry - Adding type registration java.math.BigInteger -> org.hibernate.type.BigIntegerType@5ac6c4f2
19:40:31.022 [main] DEBUG org.hibernate.type.BasicTypeRegistry - Adding type registration string -> org.hibernate.type.StringType@78525ef9
19:40:31.022 [main] DEBUG org.hibernate.type.BasicTypeRegistry - Adding type registration java.lang.String -> org.hibernate.type.StringType@78525ef9
19:40:31.022 [main] DEBUG org.hibernate.type.BasicTypeRegistry - Adding type registration nstring -> org.hibernate.type.StringNVarcharType@350a94ce
19:40:31.022 [main] DEBUG org.hibernate.type.BasicTypeRegistry - Adding type registration ncharacter -> org.hibernate.type.CharacterNCharType@5fbdc49b
19:40:31.022 [main] DEBUG org.hibernate.type.BasicTypeRegistry - Adding type registration url -> org.hibernate.type.UrlType@285f38f6
19:40:31.022 [main] DEBUG org.hibernate.type.BasicTypeRegistry - Adding type registration java.net.URL -> org.hibernate.type.UrlType@285f38f6
19:40:31.022 [main] DEBUG org.hibernate.type.BasicTypeRegistry - Adding type registration date -> org.hibernate.type.DateType@21ac5eb4
19:40:31.022 [main] DEBUG org.hibernate.type.BasicTypeRegistry - Adding type registration java.sql.Date -> org.hibernate.type.DateType@21ac5eb4
19:40:31.022 [main] DEBUG org.hibernate.type.BasicTypeRegistry - Adding type registration time -> org.hibernate.type.TimeType@1d540566
19:40:31.022 [main] DEBUG org.hibernate.type.BasicTypeRegistry - Adding type registration java.sql.Time -> org.hibernate.type.TimeType@1d540566
19:40:31.022 [main] DEBUG org.hibernate.type.BasicTypeRegistry - Adding type registration timestamp -> org.hibernate.type.TimestampType@5c1f6d57
19:40:31.022 [main] DEBUG org.hibernate.type.BasicTypeRegistry - Adding type registration java.sql.Timestamp -> org.hibernate.type.TimestampType@5c1f6d57
19:40:31.022 [main] DEBUG org.hibernate.type.BasicTypeRegistry - Adding type registration java.util.Date -> org.hibernate.type.TimestampType@5c1f6d57
19:40:31.022 [main] DEBUG org.hibernate.type.BasicTypeRegistry - Adding type registration dbtimestamp -> org.hibernate.type.DbTimestampType@5cb5bb88
19:40:31.022 [main] DEBUG org.hibernate.type.BasicTypeRegistry - Adding type registration calendar -> org.hibernate.type.CalendarType@20e3c449
19:40:31.022 [main] DEBUG org.hibernate.type.BasicTypeRegistry - Adding type registration java.util.Calendar -> org.hibernate.type.CalendarType@20e3c449
19:40:31.022 [main] DEBUG org.hibernate.type.BasicTypeRegistry - Adding type registration java.util.GregorianCalendar -> org.hibernate.type.CalendarType@20e3c449
19:40:31.022 [main] DEBUG org.hibernate.type.BasicTypeRegistry - Adding type registration calendar_date -> org.hibernate.type.CalendarDateType@2dd8239
19:40:31.022 [main] DEBUG org.hibernate.type.BasicTypeRegistry - Adding type registration locale -> org.hibernate.type.LocaleType@3f92a84e
19:40:31.022 [main] DEBUG org.hibernate.type.BasicTypeRegistry - Adding type registration java.util.Locale -> org.hibernate.type.LocaleType@3f92a84e
19:40:31.022 [main] DEBUG org.hibernate.type.BasicTypeRegistry - Adding type registration currency -> org.hibernate.type.CurrencyType@5fcfca62
19:40:31.022 [main] DEBUG org.hibernate.type.BasicTypeRegistry - Adding type registration java.util.Currency -> org.hibernate.type.CurrencyType@5fcfca62
19:40:31.022 [main] DEBUG org.hibernate.type.BasicTypeRegistry - Adding type registration timezone -> org.hibernate.type.TimeZoneType@5b051a5c
19:40:31.022 [main] DEBUG org.hibernate.type.BasicTypeRegistry - Adding type registration java.util.TimeZone -> org.hibernate.type.TimeZoneType@5b051a5c
19:40:31.022 [main] DEBUG org.hibernate.type.BasicTypeRegistry - Adding type registration class -> org.hibernate.type.ClassType@10641c09
19:40:31.022 [main] DEBUG org.hibernate.type.BasicTypeRegistry - Adding type registration java.lang.Class -> org.hibernate.type.ClassType@10641c09
19:40:31.022 [main] DEBUG org.hibernate.type.BasicTypeRegistry - Adding type registration uuid-binary -> org.hibernate.type.UUIDBinaryType@12968227
19:40:31.022 [main] DEBUG org.hibernate.type.BasicTypeRegistry - Adding type registration java.util.UUID -> org.hibernate.type.UUIDBinaryType@12968227
19:40:31.022 [main] DEBUG org.hibernate.type.BasicTypeRegistry - Adding type registration uuid-char -> org.hibernate.type.UUIDCharType@48eb9836
19:40:31.022 [main] DEBUG org.hibernate.type.BasicTypeRegistry - Adding type registration binary -> org.hibernate.type.BinaryType@9e2ad91
19:40:31.022 [main] DEBUG org.hibernate.type.BasicTypeRegistry - Adding type registration byte[] -> org.hibernate.type.BinaryType@9e2ad91
19:40:31.022 [main] DEBUG org.hibernate.type.BasicTypeRegistry - Adding type registration [B -> org.hibernate.type.BinaryType@9e2ad91
19:40:31.022 [main] DEBUG org.hibernate.type.BasicTypeRegistry - Adding type registration wrapper-binary -> org.hibernate.type.WrapperBinaryType@74dbb1ee
19:40:31.022 [main] DEBUG org.hibernate.type.BasicTypeRegistry - Adding type registration Byte[] -> org.hibernate.type.WrapperBinaryType@74dbb1ee
19:40:31.023 [main] DEBUG org.hibernate.type.BasicTypeRegistry - Adding type registration [Ljava.lang.Byte; -> org.hibernate.type.WrapperBinaryType@74dbb1ee
19:40:31.023 [main] DEBUG org.hibernate.type.BasicTypeRegistry - Adding type registration row_version -> org.hibernate.type.RowVersionType@618ad2aa
19:40:31.023 [main] DEBUG org.hibernate.type.BasicTypeRegistry - Adding type registration image -> org.hibernate.type.ImageType@59e43e8c
19:40:31.023 [main] DEBUG org.hibernate.type.BasicTypeRegistry - Adding type registration characters -> org.hibernate.type.CharArrayType@3f049056
19:40:31.023 [main] DEBUG org.hibernate.type.BasicTypeRegistry - Adding type registration char[] -> org.hibernate.type.CharArrayType@3f049056
19:40:31.023 [main] DEBUG org.hibernate.type.BasicTypeRegistry - Adding type registration [C -> org.hibernate.type.CharArrayType@3f049056
19:40:31.023 [main] DEBUG org.hibernate.type.BasicTypeRegistry - Adding type registration wrapper-characters -> org.hibernate.type.CharacterArrayType@4c2fb9dd
19:40:31.023 [main] DEBUG org.hibernate.type.BasicTypeRegistry - Adding type registration [Ljava.lang.Character; -> org.hibernate.type.CharacterArrayType@4c2fb9dd
19:40:31.023 [main] DEBUG org.hibernate.type.BasicTypeRegistry - Adding type registration Character[] -> org.hibernate.type.CharacterArrayType@4c2fb9dd
19:40:31.023 [main] DEBUG org.hibernate.type.BasicTypeRegistry - Adding type registration text -> org.hibernate.type.TextType@41522537
19:40:31.023 [main] DEBUG org.hibernate.type.BasicTypeRegistry - Adding type registration ntext -> org.hibernate.type.NTextType@42c28305
19:40:31.023 [main] DEBUG org.hibernate.type.BasicTypeRegistry - Adding type registration blob -> org.hibernate.type.BlobType@ef1695a
19:40:31.023 [main] DEBUG org.hibernate.type.BasicTypeRegistry - Adding type registration java.sql.Blob -> org.hibernate.type.BlobType@ef1695a
19:40:31.023 [main] DEBUG org.hibernate.type.BasicTypeRegistry - Adding type registration materialized_blob -> org.hibernate.type.MaterializedBlobType@7139bd31
19:40:31.023 [main] DEBUG org.hibernate.type.BasicTypeRegistry - Adding type registration clob -> org.hibernate.type.ClobType@75361cf6
19:40:31.023 [main] DEBUG org.hibernate.type.BasicTypeRegistry - Adding type registration java.sql.Clob -> org.hibernate.type.ClobType@75361cf6
19:40:31.023 [main] DEBUG org.hibernate.type.BasicTypeRegistry - Adding type registration nclob -> org.hibernate.type.NClobType@102efc59
19:40:31.023 [main] DEBUG org.hibernate.type.BasicTypeRegistry - Adding type registration java.sql.NClob -> org.hibernate.type.NClobType@102efc59
19:40:31.023 [main] DEBUG org.hibernate.type.BasicTypeRegistry - Adding type registration materialized_clob -> org.hibernate.type.MaterializedClobType@75fa1be3
19:40:31.023 [main] DEBUG org.hibernate.type.BasicTypeRegistry - Adding type registration materialized_nclob -> org.hibernate.type.MaterializedNClobType@3ce53f6a
19:40:31.023 [main] DEBUG org.hibernate.type.BasicTypeRegistry - Adding type registration serializable -> org.hibernate.type.SerializableType@1daf3b44
19:40:31.023 [main] DEBUG org.hibernate.type.BasicTypeRegistry - Adding type registration object -> org.hibernate.type.ObjectType@4cb40e3b
19:40:31.023 [main] DEBUG org.hibernate.type.BasicTypeRegistry - Adding type registration java.lang.Object -> org.hibernate.type.ObjectType@4cb40e3b
19:40:31.023 [main] DEBUG org.hibernate.type.BasicTypeRegistry - Adding type registration imm_date -> org.hibernate.type.AdaptedImmutableType@3bab95ca
19:40:31.023 [main] DEBUG org.hibernate.type.BasicTypeRegistry - Adding type registration imm_time -> org.hibernate.type.AdaptedImmutableType@71ad959b
19:40:31.023 [main] DEBUG org.hibernate.type.BasicTypeRegistry - Adding type registration imm_timestamp -> org.hibernate.type.AdaptedImmutableType@1d7c9811
19:40:31.023 [main] DEBUG org.hibernate.type.BasicTypeRegistry - Adding type registration imm_dbtimestamp -> org.hibernate.type.AdaptedImmutableType@3b362f1
19:40:31.023 [main] DEBUG org.hibernate.type.BasicTypeRegistry - Adding type registration imm_calendar -> org.hibernate.type.AdaptedImmutableType@6451a288
19:40:31.023 [main] DEBUG org.hibernate.type.BasicTypeRegistry - Adding type registration imm_calendar_date -> org.hibernate.type.AdaptedImmutableType@79cdf2d4
19:40:31.023 [main] DEBUG org.hibernate.type.BasicTypeRegistry - Adding type registration imm_binary -> org.hibernate.type.AdaptedImmutableType@8851ec
19:40:31.023 [main] DEBUG org.hibernate.type.BasicTypeRegistry - Adding type registration imm_serializable -> org.hibernate.type.AdaptedImmutableType@18b40fe6
19:40:31.023 [main] DEBUG org.springframework.jdbc.datasource.DriverManagerDataSource - Creating new JDBC DriverManager Connection to [jdbc:hsqldb:hsql://localhost/workdb]
19:40:31.024 [main] WARN org.hibernate.engine.jdbc.env.internal.JdbcEnvironmentInitiator - HHH000342: Could not obtain connection to query metadata : java.net.ConnectException: Połączenie odrzucone (Connection refused)
19:40:31.024 [main] INFO org.hibernate.dialect.Dialect - HHH000400: Using dialect: org.hibernate.dialect.HSQLDialect
19:40:31.024 [main] DEBUG org.hibernate.engine.jdbc.env.spi.IdentifierHelperBuilder - IdentifierCaseStrategy for both quoted and unquoted identifiers was set to the same strategy [MIXED]; that will likely lead to problems in schema update and validation if using quoted identifiers
19:40:31.024 [main] INFO org.hibernate.engine.jdbc.env.internal.LobCreatorBuilderImpl - HHH000422: Disabling contextual LOB creation as connection was null
19:40:31.024 [main] DEBUG org.hibernate.id.factory.internal.DefaultIdentifierGeneratorFactory - Registering IdentifierGenerator strategy [uuid2] -> [org.hibernate.id.UUIDGenerator]
19:40:31.024 [main] DEBUG org.hibernate.id.factory.internal.DefaultIdentifierGeneratorFactory - Registering IdentifierGenerator strategy [guid] -> [org.hibernate.id.GUIDGenerator]
19:40:31.024 [main] DEBUG org.hibernate.id.factory.internal.DefaultIdentifierGeneratorFactory - Registering IdentifierGenerator strategy [uuid] -> [org.hibernate.id.UUIDHexGenerator]
19:40:31.024 [main] DEBUG org.hibernate.id.factory.internal.DefaultIdentifierGeneratorFactory - Registering IdentifierGenerator strategy [uuid.hex] -> [org.hibernate.id.UUIDHexGenerator]
19:40:31.024 [main] DEBUG org.hibernate.id.factory.internal.DefaultIdentifierGeneratorFactory - Registering IdentifierGenerator strategy [assigned] -> [org.hibernate.id.Assigned]
19:40:31.024 [main] DEBUG org.hibernate.id.factory.internal.DefaultIdentifierGeneratorFactory - Registering IdentifierGenerator strategy [identity] -> [org.hibernate.id.IdentityGenerator]
19:40:31.024 [main] DEBUG org.hibernate.id.factory.internal.DefaultIdentifierGeneratorFactory - Registering IdentifierGenerator strategy [select] -> [org.hibernate.id.SelectGenerator]
19:40:31.024 [main] DEBUG org.hibernate.id.factory.internal.DefaultIdentifierGeneratorFactory - Registering IdentifierGenerator strategy [sequence] -> [org.hibernate.id.enhanced.SequenceStyleGenerator]
19:40:31.024 [main] DEBUG org.hibernate.id.factory.internal.DefaultIdentifierGeneratorFactory - Registering IdentifierGenerator strategy [seqhilo] -> [org.hibernate.id.SequenceHiLoGenerator]
19:40:31.025 [main] DEBUG org.hibernate.id.factory.internal.DefaultIdentifierGeneratorFactory - Registering IdentifierGenerator strategy [increment] -> [org.hibernate.id.IncrementGenerator]
19:40:31.025 [main] DEBUG org.hibernate.id.factory.internal.DefaultIdentifierGeneratorFactory - Registering IdentifierGenerator strategy [foreign] -> [org.hibernate.id.ForeignGenerator]
19:40:31.025 [main] DEBUG org.hibernate.id.factory.internal.DefaultIdentifierGeneratorFactory - Registering IdentifierGenerator strategy [sequence-identity] -> [org.hibernate.id.SequenceIdentityGenerator]
19:40:31.025 [main] DEBUG org.hibernate.id.factory.internal.DefaultIdentifierGeneratorFactory - Registering IdentifierGenerator strategy [enhanced-sequence] -> [org.hibernate.id.enhanced.SequenceStyleGenerator]
19:40:31.025 [main] DEBUG org.hibernate.id.factory.internal.DefaultIdentifierGeneratorFactory - Registering IdentifierGenerator strategy [enhanced-table] -> [org.hibernate.id.enhanced.TableGenerator]
19:40:31.025 [main] DEBUG org.hibernate.boot.model.relational.Namespace - Created database namespace [logicalName=Name{catalog=null, schema=null}, physicalName=Name{catalog=null, schema=null}]
19:40:31.025 [main] DEBUG org.hibernate.cfg.AnnotationBinder - Binding entity from annotated class: tau.mmo.domain.Item
19:40:31.025 [main] DEBUG org.hibernate.cfg.annotations.QueryBinder - Binding named query: item.all => Select p from Item p
19:40:31.025 [main] DEBUG org.hibernate.cfg.annotations.QueryBinder - Binding named query: item.allForPlayer => Select p from Item p where player_id = :id
19:40:31.025 [main] DEBUG org.hibernate.cfg.Ejb3Column - Binding column: Ejb3DiscriminatorColumn{logicalColumnName'DTYPE', discriminatorTypeName='string'}
19:40:31.025 [main] DEBUG org.hibernate.cfg.annotations.EntityBinder - Import with entity name Item
19:40:31.025 [main] DEBUG org.hibernate.cfg.annotations.EntityBinder - Bind entity tau.mmo.domain.Item on table item
19:40:31.025 [main] DEBUG org.hibernate.cfg.Ejb3Column - Binding column: Ejb3Column{table=org.hibernate.mapping.Table(item), mappingColumn=id, insertable=true, updatable=true, unique=false}
19:40:31.025 [main] DEBUG org.hibernate.cfg.annotations.PropertyBinder - MetadataSourceProcessor property id with lazy=false
19:40:31.025 [main] DEBUG org.hibernate.cfg.AbstractPropertyHolder - Attempting to locate auto-apply AttributeConverter for property [tau.mmo.domain.Item:id]
19:40:31.025 [main] DEBUG org.hibernate.cfg.annotations.SimpleValueBinder - building SimpleValue for id
19:40:31.026 [main] DEBUG org.hibernate.cfg.annotations.PropertyBinder - Building property id
19:40:31.026 [main] DEBUG org.hibernate.cfg.Ejb3Column - Binding column: Ejb3Column{table=org.hibernate.mapping.Table(item), mappingColumn=itemclass, insertable=true, updatable=true, unique=false}
19:40:31.026 [main] DEBUG org.hibernate.cfg.annotations.PropertyBinder - MetadataSourceProcessor property itemclass with lazy=false
19:40:31.026 [main] DEBUG org.hibernate.cfg.AbstractPropertyHolder - Attempting to locate auto-apply AttributeConverter for property [tau.mmo.domain.Item:itemclass]
19:40:31.026 [main] DEBUG org.hibernate.cfg.annotations.SimpleValueBinder - building SimpleValue for itemclass
19:40:31.026 [main] DEBUG org.hibernate.cfg.annotations.PropertyBinder - Building property itemclass
19:40:31.026 [main] DEBUG org.hibernate.cfg.Ejb3Column - Binding column: Ejb3Column{table=org.hibernate.mapping.Table(item), mappingColumn=levelreq, insertable=true, updatable=true, unique=false}
19:40:31.026 [main] DEBUG org.hibernate.cfg.annotations.PropertyBinder - MetadataSourceProcessor property levelreq with lazy=false
19:40:31.026 [main] DEBUG org.hibernate.cfg.AbstractPropertyHolder - Attempting to locate auto-apply AttributeConverter for property [tau.mmo.domain.Item:levelreq]
19:40:31.026 [main] DEBUG org.hibernate.cfg.annotations.SimpleValueBinder - building SimpleValue for levelreq
19:40:31.026 [main] DEBUG org.hibernate.cfg.annotations.PropertyBinder - Building property levelreq
19:40:31.026 [main] DEBUG org.hibernate.cfg.Ejb3Column - Binding column: Ejb3Column{table=org.hibernate.mapping.Table(item), mappingColumn=name, insertable=true, updatable=true, unique=false}
19:40:31.026 [main] DEBUG org.hibernate.cfg.annotations.PropertyBinder - MetadataSourceProcessor property name with lazy=false
19:40:31.026 [main] DEBUG org.hibernate.cfg.AbstractPropertyHolder - Attempting to locate auto-apply AttributeConverter for property [tau.mmo.domain.Item:name]
19:40:31.026 [main] DEBUG org.hibernate.cfg.annotations.SimpleValueBinder - building SimpleValue for name
19:40:31.026 [main] DEBUG org.hibernate.cfg.annotations.PropertyBinder - Building property name
19:40:31.026 [main] DEBUG org.hibernate.cfg.Ejb3Column - Binding column: Ejb3JoinColumn{logicalColumnName='player_id', referencedColumn='', mappedBy=''}
19:40:31.026 [main] DEBUG org.hibernate.cfg.Ejb3Column - Binding column: Ejb3Column{table=org.hibernate.mapping.Table(item), mappingColumn=player, insertable=true, updatable=true, unique=false}
19:40:31.026 [main] DEBUG org.hibernate.cfg.annotations.PropertyBinder - Building property player
19:40:31.026 [main] DEBUG org.hibernate.cfg.AnnotationBinder - Binding entity from annotated class: tau.mmo.domain.Player
19:40:31.026 [main] DEBUG org.hibernate.cfg.annotations.QueryBinder - Binding named query: player.all => Select p from Player p
19:40:31.026 [main] DEBUG org.hibernate.cfg.annotations.QueryBinder - Binding named query: player.findPlayers => Select c from Player c where c.name like :nameFragment
19:40:31.026 [main] DEBUG org.hibernate.cfg.Ejb3Column - Binding column: Ejb3DiscriminatorColumn{logicalColumnName'DTYPE', discriminatorTypeName='string'}
19:40:31.026 [main] DEBUG org.hibernate.cfg.annotations.EntityBinder - Import with entity name Player
19:40:31.026 [main] DEBUG org.hibernate.cfg.annotations.EntityBinder - Bind entity tau.mmo.domain.Player on table player
19:40:31.027 [main] DEBUG org.hibernate.cfg.Ejb3Column - Binding column: Ejb3Column{table=org.hibernate.mapping.Table(player), mappingColumn=id, insertable=true, updatable=true, unique=false}
19:40:31.027 [main] DEBUG org.hibernate.cfg.annotations.PropertyBinder - MetadataSourceProcessor property id with lazy=false
19:40:31.027 [main] DEBUG org.hibernate.cfg.AbstractPropertyHolder - Attempting to locate auto-apply AttributeConverter for property [tau.mmo.domain.Player:id]
19:40:31.027 [main] DEBUG org.hibernate.cfg.annotations.SimpleValueBinder - building SimpleValue for id
19:40:31.027 [main] DEBUG org.hibernate.cfg.annotations.PropertyBinder - Building property id
19:40:31.027 [main] DEBUG org.hibernate.cfg.Ejb3Column - Binding column: Ejb3Column{table=org.hibernate.mapping.Table(player), mappingColumn=heroclass, insertable=true, updatable=true, unique=false}
19:40:31.027 [main] DEBUG org.hibernate.cfg.annotations.PropertyBinder - MetadataSourceProcessor property heroclass with lazy=false
19:40:31.027 [main] DEBUG org.hibernate.cfg.AbstractPropertyHolder - Attempting to locate auto-apply AttributeConverter for property [tau.mmo.domain.Player:heroclass]
19:40:31.027 [main] DEBUG org.hibernate.cfg.annotations.SimpleValueBinder - building SimpleValue for heroclass
19:40:31.027 [main] DEBUG org.hibernate.cfg.annotations.PropertyBinder - Building property heroclass
19:40:31.027 [main] DEBUG org.hibernate.cfg.Ejb3Column - Binding column: Ejb3JoinColumn{logicalColumnName='null', referencedColumn='null', mappedBy='player'}
19:40:31.027 [main] DEBUG org.hibernate.cfg.Ejb3Column - Binding column: Ejb3Column{table=org.hibernate.mapping.Table(player), mappingColumn=items, insertable=true, updatable=true, unique=false}
19:40:31.027 [main] DEBUG org.hibernate.cfg.Ejb3Column - Binding column: Ejb3Column{table=org.hibernate.mapping.Table(player), mappingColumn=null, insertable=true, updatable=true, unique=false}
19:40:31.028 [main] DEBUG org.hibernate.cfg.Ejb3Column - Binding column: Ejb3Column{table=org.hibernate.mapping.Table(player), mappingColumn=element, insertable=true, updatable=true, unique=false}
19:40:31.028 [main] DEBUG org.hibernate.cfg.Ejb3Column - Binding column: Ejb3Column{table=org.hibernate.mapping.Table(player), mappingColumn=items_KEY, insertable=true, updatable=true, unique=false}
19:40:31.028 [main] DEBUG org.hibernate.cfg.Ejb3Column - Binding column: Ejb3JoinColumn{logicalColumnName='items_KEY', referencedColumn='null', mappedBy='null'}
19:40:31.028 [main] DEBUG org.hibernate.cfg.Ejb3Column - Binding column: Ejb3JoinColumn{logicalColumnName='null', referencedColumn='null', mappedBy='player'}
19:40:31.028 [main] DEBUG org.hibernate.cfg.Ejb3Column - Binding column: Ejb3JoinColumn{logicalColumnName='null', referencedColumn='null', mappedBy='player'}
19:40:31.028 [main] DEBUG org.hibernate.cfg.annotations.CollectionBinder - Collection role: tau.mmo.domain.Player.items
19:40:31.028 [main] DEBUG org.hibernate.cfg.annotations.PropertyBinder - Building property items
19:40:31.028 [main] DEBUG org.hibernate.cfg.Ejb3Column - Binding column: Ejb3Column{table=org.hibernate.mapping.Table(player), mappingColumn=level, insertable=true, updatable=true, unique=false}
19:40:31.028 [main] DEBUG org.hibernate.cfg.annotations.PropertyBinder - MetadataSourceProcessor property level with lazy=false
19:40:31.028 [main] DEBUG org.hibernate.cfg.AbstractPropertyHolder - Attempting to locate auto-apply AttributeConverter for property [tau.mmo.domain.Player:level]
19:40:31.028 [main] DEBUG org.hibernate.cfg.annotations.SimpleValueBinder - building SimpleValue for level
19:40:31.028 [main] DEBUG org.hibernate.cfg.annotations.PropertyBinder - Building property level
19:40:31.028 [main] DEBUG org.hibernate.cfg.Ejb3Column - Binding column: Ejb3Column{table=org.hibernate.mapping.Table(player), mappingColumn=name, insertable=true, updatable=true, unique=false}
19:40:31.028 [main] DEBUG org.hibernate.cfg.annotations.PropertyBinder - MetadataSourceProcessor property name with lazy=false
19:40:31.028 [main] DEBUG org.hibernate.cfg.AbstractPropertyHolder - Attempting to locate auto-apply AttributeConverter for property [tau.mmo.domain.Player:name]
19:40:31.028 [main] DEBUG org.hibernate.cfg.annotations.SimpleValueBinder - building SimpleValue for name
19:40:31.028 [main] DEBUG org.hibernate.cfg.annotations.PropertyBinder - Building property name
19:40:31.028 [main] DEBUG org.hibernate.cfg.annotations.SimpleValueBinder - Starting fillSimpleValue for id
19:40:31.028 [main] DEBUG org.hibernate.cfg.annotations.SimpleValueBinder - Starting fillSimpleValue for itemclass
19:40:31.028 [main] DEBUG org.hibernate.cfg.annotations.SimpleValueBinder - Starting fillSimpleValue for levelreq
19:40:31.028 [main] DEBUG org.hibernate.cfg.annotations.SimpleValueBinder - Starting fillSimpleValue for name
19:40:31.028 [main] DEBUG org.hibernate.cfg.annotations.SimpleValueBinder - Starting fillSimpleValue for id
19:40:31.028 [main] DEBUG org.hibernate.cfg.annotations.SimpleValueBinder - Starting fillSimpleValue for heroclass
19:40:31.028 [main] DEBUG org.hibernate.cfg.annotations.SimpleValueBinder - Starting fillSimpleValue for level
19:40:31.028 [main] DEBUG org.hibernate.cfg.annotations.SimpleValueBinder - Starting fillSimpleValue for name
19:40:31.028 [main] DEBUG org.hibernate.mapping.PrimaryKey - Forcing column [id] to be non-null as it is part of the primary key for table [item]
19:40:31.029 [main] DEBUG org.hibernate.mapping.PrimaryKey - Forcing column [id] to be non-null as it is part of the primary key for table [player]
19:40:31.029 [main] DEBUG org.hibernate.cfg.CollectionSecondPass - Second pass for collection: tau.mmo.domain.Player.items
19:40:31.029 [main] DEBUG org.hibernate.cfg.annotations.CollectionBinder - Binding a OneToMany: tau.mmo.domain.Player.items through a foreign key
19:40:31.029 [main] DEBUG org.hibernate.cfg.annotations.CollectionBinder - Mapping collection: tau.mmo.domain.Player.items -> item
19:40:31.029 [main] DEBUG org.hibernate.cfg.annotations.TableBinder - Retrieving property tau.mmo.domain.Item.player
19:40:31.029 [main] DEBUG org.hibernate.cfg.CollectionSecondPass - Mapped collection key: player_id, one-to-many: tau.mmo.domain.Item
19:40:31.029 [main] DEBUG org.hibernate.boot.internal.InFlightMetadataCollectorImpl - Resolving reference to class: tau.mmo.domain.Player
19:40:31.030 [main] DEBUG org.hibernate.boot.internal.InFlightMetadataCollectorImpl - Resolving reference to class: tau.mmo.domain.Player
19:40:31.030 [main] DEBUG org.hibernate.internal.SessionFactoryImpl - Building session factory
19:40:31.030 [main] DEBUG org.hibernate.cfg.Settings - SessionFactory name : null
19:40:31.030 [main] DEBUG org.hibernate.cfg.Settings - Automatic flush during beforeCompletion(): disabled
19:40:31.030 [main] DEBUG org.hibernate.cfg.Settings - Automatic session close at end of transaction: disabled
19:40:31.030 [main] DEBUG org.hibernate.cfg.Settings - Statistics: disabled
19:40:31.030 [main] DEBUG org.hibernate.cfg.Settings - Deleted entity synthetic identifier rollback: disabled
19:40:31.030 [main] DEBUG org.hibernate.cfg.Settings - Default entity-mode: pojo
19:40:31.030 [main] DEBUG org.hibernate.cfg.Settings - Check Nullability in Core (should be disabled when Bean Validation is on): enabled
19:40:31.030 [main] DEBUG org.hibernate.cfg.Settings - Allow initialization of lazy state outside session : disabled
19:40:31.030 [main] DEBUG org.hibernate.cfg.Settings - Using BatchFetchStyle : LEGACY
19:40:31.030 [main] DEBUG org.hibernate.cfg.Settings - Default batch fetch size: -1
19:40:31.030 [main] DEBUG org.hibernate.cfg.Settings - Maximum outer join fetch depth: null
19:40:31.030 [main] DEBUG org.hibernate.cfg.Settings - Default null ordering: NONE
19:40:31.030 [main] DEBUG org.hibernate.cfg.Settings - Order SQL updates by primary key: disabled
19:40:31.030 [main] DEBUG org.hibernate.cfg.Settings - Order SQL inserts for batching: disabled
19:40:31.030 [main] DEBUG org.hibernate.cfg.Settings - multi-tenancy strategy : NONE
19:40:31.031 [main] DEBUG org.hibernate.cfg.Settings - JTA Track by Thread: enabled
19:40:31.031 [main] DEBUG org.hibernate.cfg.Settings - Query language substitutions: {}
19:40:31.031 [main] DEBUG org.hibernate.cfg.Settings - JPA query language strict compliance: disabled
19:40:31.031 [main] DEBUG org.hibernate.cfg.Settings - Named query checking : enabled
19:40:31.031 [main] DEBUG org.hibernate.cfg.Settings - Second-level cache: enabled
19:40:31.031 [main] DEBUG org.hibernate.cfg.Settings - Second-level query cache: disabled
19:40:31.031 [main] DEBUG org.hibernate.cfg.Settings - Second-level query cache factory: org.hibernate.cache.internal.StandardQueryCacheFactory@2da16263
19:40:31.031 [main] DEBUG org.hibernate.cfg.Settings - Second-level cache region prefix: null
19:40:31.031 [main] DEBUG org.hibernate.cfg.Settings - Optimize second-level cache for minimal puts: disabled
19:40:31.031 [main] DEBUG org.hibernate.cfg.Settings - Structured second-level cache entries: disabled
19:40:31.031 [main] DEBUG org.hibernate.cfg.Settings - Second-level cache direct-reference entries: disabled
19:40:31.031 [main] DEBUG org.hibernate.cfg.Settings - Automatic eviction of collection cache: disabled
19:40:31.031 [main] DEBUG org.hibernate.cfg.Settings - JDBC batch size: 0
19:40:31.031 [main] DEBUG org.hibernate.cfg.Settings - JDBC batch updates for versioned data: enabled
19:40:31.031 [main] DEBUG org.hibernate.cfg.Settings - Scrollable result sets: disabled
19:40:31.031 [main] DEBUG org.hibernate.cfg.Settings - Wrap result sets: disabled
19:40:31.031 [main] DEBUG org.hibernate.cfg.Settings - JDBC3 getGeneratedKeys(): disabled
19:40:31.031 [main] DEBUG org.hibernate.cfg.Settings - JDBC result set fetch size: null
19:40:31.031 [main] DEBUG org.hibernate.cfg.Settings - Connection release mode: ON_CLOSE
19:40:31.031 [main] DEBUG org.hibernate.cfg.Settings - Generate SQL with comments: disabled
19:40:31.031 [main] DEBUG org.hibernate.internal.SessionFactoryImpl - Session factory constructed with filter configurations : {}
19:40:31.031 [main] DEBUG org.hibernate.internal.SessionFactoryImpl - Instantiating session factory with properties: {awt.toolkit=sun.awt.X11.XToolkit, java.specification.version=11, sun.cpu.isalist=, sun.jnu.encoding=UTF-8, hibernate.connection.release_mode=ON_CLOSE, sun.arch.data.model=64, java.vendor.url=http://java.oracle.com/, sun.boot.library.path=/usr/lib/jvm/java-11-openjdk-amd64/lib, sun.java.command=/home/whitewolf/tau/TAU-repozytorium/tau-mmo-jmeter/target/surefire/surefirebooter3068630985977223282.jar /home/whitewolf/tau/TAU-repozytorium/tau-mmo-jmeter/target/surefire 2019-05-27T19-40-27_728-jvmRun1 surefire9941762728851701862tmp surefire_013181237219562226252tmp, jdk.debug=release, java.specification.vendor=Oracle Corporation, java.version.date=2019-04-16, java.home=/usr/lib/jvm/java-11-openjdk-amd64, file.separator=/, basedir=/home/whitewolf/tau/TAU-repozytorium/tau-mmo-jmeter, java.vm.compressedOopsMode=Zero based, line.separator=
, java.specification.name=Java Platform API Specification, java.vm.specification.vendor=Oracle Corporation, hibernate.hbm2ddl.auto=update, sun.management.compiler=HotSpot 64-Bit Tiered Compilers, java.runtime.version=11.0.3+7-Ubuntu-1ubuntu218.04.1, user.name=whitewolf, file.encoding=UTF-8, hibernate.classLoaders=[jdk.internal.loader.ClassLoaders$AppClassLoader@1affbebc], hibernate.current_session_context_class=org.springframework.orm.hibernate5.SpringSessionContext, localRepository=/home/whitewolf/.m2/repository, java.io.tmpdir=/tmp, java.version=11.0.3, java.vm.specification.name=Java Virtual Machine Specification, java.awt.printerjob=sun.print.PSPrinterJob, sun.os.patch.level=unknown, java.library.path=/usr/java/packages/lib:/usr/lib/x86_64-linux-gnu/jni:/lib/x86_64-linux-gnu:/usr/lib/x86_64-linux-gnu:/usr/lib/jni:/lib:/usr/lib, java.vendor=Oracle Corporation, sun.io.unicode.encoding=UnicodeLittle, sun.desktop=gnome, hibernate.dialect=org.hibernate.dialect.HSQLDialect, java.class.path=/home/whitewolf/tau/TAU-repozytorium/tau-mmo-jmeter/target/test-classes:/home/whitewolf/tau/TAU-repozytorium/tau-mmo-jmeter/target/classes:/home/whitewolf/.m2/repository/org/springframework/boot/spring-boot-starter-web/2.1.4.RELEASE/spring-boot-starter-web-2.1.4.RELEASE.jar:/home/whitewolf/.m2/repository/org/springframework/boot/spring-boot-starter/2.1.4.RELEASE/spring-boot-starter-2.1.4.RELEASE.jar:/home/whitewolf/.m2/repository/org/springframework/boot/spring-boot/2.1.4.RELEASE/spring-boot-2.1.4.RELEASE.jar:/home/whitewolf/.m2/repository/org/springframework/boot/spring-boot-autoconfigure/2.1.4.RELEASE/spring-boot-autoconfigure-2.1.4.RELEASE.jar:/home/whitewolf/.m2/repository/org/springframework/boot/spring-boot-starter-logging/2.1.4.RELEASE/spring-boot-starter-logging-2.1.4.RELEASE.jar:/home/whitewolf/.m2/repository/ch/qos/logback/logback-classic/1.2.3/logback-classic-1.2.3.jar:/home/whitewolf/.m2/repository/ch/qos/logback/logback-core/1.2.3/logback-core-1.2.3.jar:/home/whitewolf/.m2/repository/org/apache/logging/log4j/log4j-to-slf4j/2.11.2/log4j-to-slf4j-2.11.2.jar:/home/whitewolf/.m2/repository/org/apache/logging/log4j/log4j-api/2.11.2/log4j-api-2.11.2.jar:/home/whitewolf/.m2/repository/org/slf4j/jul-to-slf4j/1.7.26/jul-to-slf4j-1.7.26.jar:/home/whitewolf/.m2/repository/org/yaml/snakeyaml/1.23/snakeyaml-1.23.jar:/home/whitewolf/.m2/repository/org/springframework/boot/spring-boot-starter-json/2.1.4.RELEASE/spring-boot-starter-json-2.1.4.RELEASE.jar:/home/whitewolf/.m2/repository/com/fasterxml/jackson/core/jackson-databind/2.9.8/jackson-databind-2.9.8.jar:/home/whitewolf/.m2/repository/com/fasterxml/jackson/core/jackson-annotations/2.9.0/jackson-annotations-2.9.0.jar:/home/whitewolf/.m2/repository/com/fasterxml/jackson/core/jackson-core/2.9.8/jackson-core-2.9.8.jar:/home/whitewolf/.m2/repository/com/fasterxml/jackson/datatype/jackson-datatype-jdk8/2.9.8/jackson-datatype-jdk8-2.9.8.jar:/home/whitewolf/.m2/repository/com/fasterxml/jackson/datatype/jackson-datatype-jsr310/2.9.8/jackson-datatype-jsr310-2.9.8.jar:/home/whitewolf/.m2/repository/com/fasterxml/jackson/module/jackson-module-parameter-names/2.9.8/jackson-module-parameter-names-2.9.8.jar:/home/whitewolf/.m2/repository/org/hibernate/validator/hibernate-validator/6.0.16.Final/hibernate-validator-6.0.16.Final.jar:/home/whitewolf/.m2/repository/javax/validation/validation-api/2.0.1.Final/validation-api-2.0.1.Final.jar:/home/whitewolf/.m2/repository/org/springframework/spring-web/5.1.6.RELEASE/spring-web-5.1.6.RELEASE.jar:/home/whitewolf/.m2/repository/org/springframework/spring-webmvc/5.1.6.RELEASE/spring-webmvc-5.1.6.RELEASE.jar:/home/whitewolf/.m2/repository/org/springframework/spring-aop/5.1.6.RELEASE/spring-aop-5.1.6.RELEASE.jar:/home/whitewolf/.m2/repository/org/springframework/spring-context/5.1.6.RELEASE/spring-context-5.1.6.RELEASE.jar:/home/whitewolf/.m2/repository/org/springframework/spring-expression/5.1.6.RELEASE/spring-expression-5.1.6.RELEASE.jar:/home/whitewolf/.m2/repository/org/springframework/boot/spring-boot-starter-test/2.1.4.RELEASE/spring-boot-starter-test-2.1.4.RELEASE.jar:/home/whitewolf/.m2/repository/org/springframework/boot/spring-boot-test/2.1.4.RELEASE/spring-boot-test-2.1.4.RELEASE.jar:/home/whitewolf/.m2/repository/org/springframework/boot/spring-boot-test-autoconfigure/2.1.4.RELEASE/spring-boot-test-autoconfigure-2.1.4.RELEASE.jar:/home/whitewolf/.m2/repository/junit/junit/4.12/junit-4.12.jar:/home/whitewolf/.m2/repository/org/assertj/assertj-core/3.11.1/assertj-core-3.11.1.jar:/home/whitewolf/.m2/repository/org/mockito/mockito-core/2.23.4/mockito-core-2.23.4.jar:/home/whitewolf/.m2/repository/net/bytebuddy/byte-buddy/1.9.12/byte-buddy-1.9.12.jar:/home/whitewolf/.m2/repository/net/bytebuddy/byte-buddy-agent/1.9.12/byte-buddy-agent-1.9.12.jar:/home/whitewolf/.m2/repository/org/objenesis/objenesis/2.6/objenesis-2.6.jar:/home/whitewolf/.m2/repository/org/hamcrest/hamcrest-core/1.3/hamcrest-core-1.3.jar:/home/whitewolf/.m2/repository/org/hamcrest/hamcrest-library/1.3/hamcrest-library-1.3.jar:/home/whitewolf/.m2/repository/org/skyscreamer/jsonassert/1.5.0/jsonassert-1.5.0.jar:/home/whitewolf/.m2/repository/com/vaadin/external/google/android-json/0.0.20131108.vaadin1/android-json-0.0.20131108.vaadin1.jar:/home/whitewolf/.m2/repository/org/springframework/spring-core/5.1.6.RELEASE/spring-core-5.1.6.RELEASE.jar:/home/whitewolf/.m2/repository/org/springframework/spring-jcl/5.1.6.RELEASE/spring-jcl-5.1.6.RELEASE.jar:/home/whitewolf/.m2/repository/org/springframework/spring-test/5.1.6.RELEASE/spring-test-5.1.6.RELEASE.jar:/home/whitewolf/.m2/repository/org/xmlunit/xmlunit-core/2.6.2/xmlunit-core-2.6.2.jar:/home/whitewolf/.m2/repository/org/springframework/boot/spring-boot-starter-tomcat/2.1.4.RELEASE/spring-boot-starter-tomcat-2.1.4.RELEASE.jar:/home/whitewolf/.m2/repository/javax/annotation/javax.annotation-api/1.3.2/javax.annotation-api-1.3.2.jar:/home/whitewolf/.m2/repository/org/apache/tomcat/embed/tomcat-embed-core/9.0.17/tomcat-embed-core-9.0.17.jar:/home/whitewolf/.m2/repository/org/apache/tomcat/embed/tomcat-embed-el/9.0.17/tomcat-embed-el-9.0.17.jar:/home/whitewolf/.m2/repository/org/apache/tomcat/embed/tomcat-embed-websocket/9.0.17/tomcat-embed-websocket-9.0.17.jar:/home/whitewolf/.m2/repository/org/springframework/boot/spring-boot-starter-data-jpa/2.1.4.RELEASE/spring-boot-starter-data-jpa-2.1.4.RELEASE.jar:/home/whitewolf/.m2/repository/org/springframework/boot/spring-boot-starter-aop/2.1.4.RELEASE/spring-boot-starter-aop-2.1.4.RELEASE.jar:/home/whitewolf/.m2/repository/org/aspectj/aspectjweaver/1.9.2/aspectjweaver-1.9.2.jar:/home/whitewolf/.m2/repository/org/springframework/boot/spring-boot-starter-jdbc/2.1.4.RELEASE/spring-boot-starter-jdbc-2.1.4.RELEASE.jar:/home/whitewolf/.m2/repository/com/zaxxer/HikariCP/3.2.0/HikariCP-3.2.0.jar:/home/whitewolf/.m2/repository/org/springframework/spring-jdbc/5.1.6.RELEASE/spring-jdbc-5.1.6.RELEASE.jar:/home/whitewolf/.m2/repository/javax/transaction/javax.transaction-api/1.3/javax.transaction-api-1.3.jar:/home/whitewolf/.m2/repository/javax/xml/bind/jaxb-api/2.3.1/jaxb-api-2.3.1.jar:/home/whitewolf/.m2/repository/javax/activation/javax.activation-api/1.2.0/javax.activation-api-1.2.0.jar:/home/whitewolf/.m2/repository/org/springframework/data/spring-data-jpa/2.1.6.RELEASE/spring-data-jpa-2.1.6.RELEASE.jar:/home/whitewolf/.m2/repository/org/springframework/data/spring-data-commons/2.1.6.RELEASE/spring-data-commons-2.1.6.RELEASE.jar:/home/whitewolf/.m2/repository/org/springframework/spring-orm/5.1.6.RELEASE/spring-orm-5.1.6.RELEASE.jar:/home/whitewolf/.m2/repository/org/springframework/spring-aspects/5.1.6.RELEASE/spring-aspects-5.1.6.RELEASE.jar:/home/whitewolf/.m2/repository/org/springframework/spring-tx/5.1.6.RELEASE/spring-tx-5.1.6.RELEASE.jar:/home/whitewolf/.m2/repository/org/springframework/spring-beans/5.1.6.RELEASE/spring-beans-5.1.6.RELEASE.jar:/home/whitewolf/.m2/repository/com/jayway/jsonpath/json-path/2.4.0/json-path-2.4.0.jar:/home/whitewolf/.m2/repository/net/minidev/json-smart/2.3/json-smart-2.3.jar:/home/whitewolf/.m2/repository/net/minidev/accessors-smart/1.2/accessors-smart-1.2.jar:/home/whitewolf/.m2/repository/org/ow2/asm/asm/5.0.4/asm-5.0.4.jar:/home/whitewolf/.m2/repository/org/slf4j/slf4j-api/1.7.26/slf4j-api-1.7.26.jar:/home/whitewolf/.m2/repository/org/hibernate/hibernate-core/5.1.6.Final/hibernate-core-5.1.6.Final.jar:/home/whitewolf/.m2/repository/org/jboss/logging/jboss-logging/3.3.2.Final/jboss-logging-3.3.2.Final.jar:/home/whitewolf/.m2/repository/org/hibernate/javax/persistence/hibernate-jpa-2.1-api/1.0.0.Final/hibernate-jpa-2.1-api-1.0.0.Final.jar:/home/whitewolf/.m2/repository/org/javassist/javassist/3.20.0-GA/javassist-3.20.0-GA.jar:/home/whitewolf/.m2/repository/antlr/antlr/2.7.7/antlr-2.7.7.jar:/home/whitewolf/.m2/repository/org/apache/geronimo/specs/geronimo-jta_1.1_spec/1.1.1/geronimo-jta_1.1_spec-1.1.1.jar:/home/whitewolf/.m2/repository/org/jboss/jandex/2.0.3.Final/jandex-2.0.3.Final.jar:/home/whitewolf/.m2/repository/com/fasterxml/classmate/1.4.0/classmate-1.4.0.jar:/home/whitewolf/.m2/repository/dom4j/dom4j/1.6.1/dom4j-1.6.1.jar:/home/whitewolf/.m2/repository/org/hibernate/common/hibernate-commons-annotations/5.0.1.Final/hibernate-commons-annotations-5.0.1.Final.jar:/home/whitewolf/.m2/repository/org/hsqldb/hsqldb/2.3.4/hsqldb-2.3.4.jar:, java.vm.vendor=Oracle Corporation, user.timezone=Europe/Warsaw, os.name=Linux, java.vm.specification.version=11, sun.java.launcher=SUN_STANDARD, user.country=PL, surefire.test.class.path=/home/whitewolf/tau/TAU-repozytorium/tau-mmo-jmeter/target/test-classes:/home/whitewolf/tau/TAU-repozytorium/tau-mmo-jmeter/target/classes:/home/whitewolf/.m2/repository/org/springframework/boot/spring-boot-starter-web/2.1.4.RELEASE/spring-boot-starter-web-2.1.4.RELEASE.jar:/home/whitewolf/.m2/repository/org/springframework/boot/spring-boot-starter/2.1.4.RELEASE/spring-boot-starter-2.1.4.RELEASE.jar:/home/whitewolf/.m2/repository/org/springframework/boot/spring-boot/2.1.4.RELEASE/spring-boot-2.1.4.RELEASE.jar:/home/whitewolf/.m2/repository/org/springframework/boot/spring-boot-autoconfigure/2.1.4.RELEASE/spring-boot-autoconfigure-2.1.4.RELEASE.jar:/home/whitewolf/.m2/repository/org/springframework/boot/spring-boot-starter-logging/2.1.4.RELEASE/spring-boot-starter-logging-2.1.4.RELEASE.jar:/home/whitewolf/.m2/repository/ch/qos/logback/logback-classic/1.2.3/logback-classic-1.2.3.jar:/home/whitewolf/.m2/repository/ch/qos/logback/logback-core/1.2.3/logback-core-1.2.3.jar:/home/whitewolf/.m2/repository/org/apache/logging/log4j/log4j-to-slf4j/2.11.2/log4j-to-slf4j-2.11.2.jar:/home/whitewolf/.m2/repository/org/apache/logging/log4j/log4j-api/2.11.2/log4j-api-2.11.2.jar:/home/whitewolf/.m2/repository/org/slf4j/jul-to-slf4j/1.7.26/jul-to-slf4j-1.7.26.jar:/home/whitewolf/.m2/repository/org/yaml/snakeyaml/1.23/snakeyaml-1.23.jar:/home/whitewolf/.m2/repository/org/springframework/boot/spring-boot-starter-json/2.1.4.RELEASE/spring-boot-starter-json-2.1.4.RELEASE.jar:/home/whitewolf/.m2/repository/com/fasterxml/jackson/core/jackson-databind/2.9.8/jackson-databind-2.9.8.jar:/home/whitewolf/.m2/repository/com/fasterxml/jackson/core/jackson-annotations/2.9.0/jackson-annotations-2.9.0.jar:/home/whitewolf/.m2/repository/com/fasterxml/jackson/core/jackson-core/2.9.8/jackson-core-2.9.8.jar:/home/whitewolf/.m2/repository/com/fasterxml/jackson/datatype/jackson-datatype-jdk8/2.9.8/jackson-datatype-jdk8-2.9.8.jar:/home/whitewolf/.m2/repository/com/fasterxml/jackson/datatype/jackson-datatype-jsr310/2.9.8/jackson-datatype-jsr310-2.9.8.jar:/home/whitewolf/.m2/repository/com/fasterxml/jackson/module/jackson-module-parameter-names/2.9.8/jackson-module-parameter-names-2.9.8.jar:/home/whitewolf/.m2/repository/org/hibernate/validator/hibernate-validator/6.0.16.Final/hibernate-validator-6.0.16.Final.jar:/home/whitewolf/.m2/repository/javax/validation/validation-api/2.0.1.Final/validation-api-2.0.1.Final.jar:/home/whitewolf/.m2/repository/org/springframework/spring-web/5.1.6.RELEASE/spring-web-5.1.6.RELEASE.jar:/home/whitewolf/.m2/repository/org/springframework/spring-webmvc/5.1.6.RELEASE/spring-webmvc-5.1.6.RELEASE.jar:/home/whitewolf/.m2/repository/org/springframework/spring-aop/5.1.6.RELEASE/spring-aop-5.1.6.RELEASE.jar:/home/whitewolf/.m2/repository/org/springframework/spring-context/5.1.6.RELEASE/spring-context-5.1.6.RELEASE.jar:/home/whitewolf/.m2/repository/org/springframework/spring-expression/5.1.6.RELEASE/spring-expression-5.1.6.RELEASE.jar:/home/whitewolf/.m2/repository/org/springframework/boot/spring-boot-starter-test/2.1.4.RELEASE/spring-boot-starter-test-2.1.4.RELEASE.jar:/home/whitewolf/.m2/repository/org/springframework/boot/spring-boot-test/2.1.4.RELEASE/spring-boot-test-2.1.4.RELEASE.jar:/home/whitewolf/.m2/repository/org/springframework/boot/spring-boot-test-autoconfigure/2.1.4.RELEASE/spring-boot-test-autoconfigure-2.1.4.RELEASE.jar:/home/whitewolf/.m2/repository/junit/junit/4.12/junit-4.12.jar:/home/whitewolf/.m2/repository/org/assertj/assertj-core/3.11.1/assertj-core-3.11.1.jar:/home/whitewolf/.m2/repository/org/mockito/mockito-core/2.23.4/mockito-core-2.23.4.jar:/home/whitewolf/.m2/repository/net/bytebuddy/byte-buddy/1.9.12/byte-buddy-1.9.12.jar:/home/whitewolf/.m2/repository/net/bytebuddy/byte-buddy-agent/1.9.12/byte-buddy-agent-1.9.12.jar:/home/whitewolf/.m2/repository/org/objenesis/objenesis/2.6/objenesis-2.6.jar:/home/whitewolf/.m2/repository/org/hamcrest/hamcrest-core/1.3/hamcrest-core-1.3.jar:/home/whitewolf/.m2/repository/org/hamcrest/hamcrest-library/1.3/hamcrest-library-1.3.jar:/home/whitewolf/.m2/repository/org/skyscreamer/jsonassert/1.5.0/jsonassert-1.5.0.jar:/home/whitewolf/.m2/repository/com/vaadin/external/google/android-json/0.0.20131108.vaadin1/android-json-0.0.20131108.vaadin1.jar:/home/whitewolf/.m2/repository/org/springframework/spring-core/5.1.6.RELEASE/spring-core-5.1.6.RELEASE.jar:/home/whitewolf/.m2/repository/org/springframework/spring-jcl/5.1.6.RELEASE/spring-jcl-5.1.6.RELEASE.jar:/home/whitewolf/.m2/repository/org/springframework/spring-test/5.1.6.RELEASE/spring-test-5.1.6.RELEASE.jar:/home/whitewolf/.m2/repository/org/xmlunit/xmlunit-core/2.6.2/xmlunit-core-2.6.2.jar:/home/whitewolf/.m2/repository/org/springframework/boot/spring-boot-starter-tomcat/2.1.4.RELEASE/spring-boot-starter-tomcat-2.1.4.RELEASE.jar:/home/whitewolf/.m2/repository/javax/annotation/javax.annotation-api/1.3.2/javax.annotation-api-1.3.2.jar:/home/whitewolf/.m2/repository/org/apache/tomcat/embed/tomcat-embed-core/9.0.17/tomcat-embed-core-9.0.17.jar:/home/whitewolf/.m2/repository/org/apache/tomcat/embed/tomcat-embed-el/9.0.17/tomcat-embed-el-9.0.17.jar:/home/whitewolf/.m2/repository/org/apache/tomcat/embed/tomcat-embed-websocket/9.0.17/tomcat-embed-websocket-9.0.17.jar:/home/whitewolf/.m2/repository/org/springframework/boot/spring-boot-starter-data-jpa/2.1.4.RELEASE/spring-boot-starter-data-jpa-2.1.4.RELEASE.jar:/home/whitewolf/.m2/repository/org/springframework/boot/spring-boot-starter-aop/2.1.4.RELEASE/spring-boot-starter-aop-2.1.4.RELEASE.jar:/home/whitewolf/.m2/repository/org/aspectj/aspectjweaver/1.9.2/aspectjweaver-1.9.2.jar:/home/whitewolf/.m2/repository/org/springframework/boot/spring-boot-starter-jdbc/2.1.4.RELEASE/spring-boot-starter-jdbc-2.1.4.RELEASE.jar:/home/whitewolf/.m2/repository/com/zaxxer/HikariCP/3.2.0/HikariCP-3.2.0.jar:/home/whitewolf/.m2/repository/org/springframework/spring-jdbc/5.1.6.RELEASE/spring-jdbc-5.1.6.RELEASE.jar:/home/whitewolf/.m2/repository/javax/transaction/javax.transaction-api/1.3/javax.transaction-api-1.3.jar:/home/whitewolf/.m2/repository/javax/xml/bind/jaxb-api/2.3.1/jaxb-api-2.3.1.jar:/home/whitewolf/.m2/repository/javax/activation/javax.activation-api/1.2.0/javax.activation-api-1.2.0.jar:/home/whitewolf/.m2/repository/org/springframework/data/spring-data-jpa/2.1.6.RELEASE/spring-data-jpa-2.1.6.RELEASE.jar:/home/whitewolf/.m2/repository/org/springframework/data/spring-data-commons/2.1.6.RELEASE/spring-data-commons-2.1.6.RELEASE.jar:/home/whitewolf/.m2/repository/org/springframework/spring-orm/5.1.6.RELEASE/spring-orm-5.1.6.RELEASE.jar:/home/whitewolf/.m2/repository/org/springframework/spring-aspects/5.1.6.RELEASE/spring-aspects-5.1.6.RELEASE.jar:/home/whitewolf/.m2/repository/org/springframework/spring-tx/5.1.6.RELEASE/spring-tx-5.1.6.RELEASE.jar:/home/whitewolf/.m2/repository/org/springframework/spring-beans/5.1.6.RELEASE/spring-beans-5.1.6.RELEASE.jar:/home/whitewolf/.m2/repository/com/jayway/jsonpath/json-path/2.4.0/json-path-2.4.0.jar:/home/whitewolf/.m2/repository/net/minidev/json-smart/2.3/json-smart-2.3.jar:/home/whitewolf/.m2/repository/net/minidev/accessors-smart/1.2/accessors-smart-1.2.jar:/home/whitewolf/.m2/repository/org/ow2/asm/asm/5.0.4/asm-5.0.4.jar:/home/whitewolf/.m2/repository/org/slf4j/slf4j-api/1.7.26/slf4j-api-1.7.26.jar:/home/whitewolf/.m2/repository/org/hibernate/hibernate-core/5.1.6.Final/hibernate-core-5.1.6.Final.jar:/home/whitewolf/.m2/repository/org/jboss/logging/jboss-logging/3.3.2.Final/jboss-logging-3.3.2.Final.jar:/home/whitewolf/.m2/repository/org/hibernate/javax/persistence/hibernate-jpa-2.1-api/1.0.0.Final/hibernate-jpa-2.1-api-1.0.0.Final.jar:/home/whitewolf/.m2/repository/org/javassist/javassist/3.20.0-GA/javassist-3.20.0-GA.jar:/home/whitewolf/.m2/repository/antlr/antlr/2.7.7/antlr-2.7.7.jar:/home/whitewolf/.m2/repository/org/apache/geronimo/specs/geronimo-jta_1.1_spec/1.1.1/geronimo-jta_1.1_spec-1.1.1.jar:/home/whitewolf/.m2/repository/org/jboss/jandex/2.0.3.Final/jandex-2.0.3.Final.jar:/home/whitewolf/.m2/repository/com/fasterxml/classmate/1.4.0/classmate-1.4.0.jar:/home/whitewolf/.m2/repository/dom4j/dom4j/1.6.1/dom4j-1.6.1.jar:/home/whitewolf/.m2/repository/org/hibernate/common/hibernate-commons-annotations/5.0.1.Final/hibernate-commons-annotations-5.0.1.Final.jar:/home/whitewolf/.m2/repository/org/hsqldb/hsqldb/2.3.4/hsqldb-2.3.4.jar:, sun.cpu.endian=little, user.home=/home/whitewolf, user.language=pl, java.awt.graphicsenv=sun.awt.X11GraphicsEnvironment, surefire.real.class.path=/home/whitewolf/tau/TAU-repozytorium/tau-mmo-jmeter/target/surefire/surefirebooter3068630985977223282.jar, path.separator=:, os.version=4.15.0-47-generic, java.runtime.name=OpenJDK Runtime Environment, java.vm.name=OpenJDK 64-Bit Server VM, hibernate.show_sql=true, java.vendor.url.bug=http://bugreport.java.com/bugreport/, user.dir=/home/whitewolf/tau/TAU-repozytorium/tau-mmo-jmeter, os.arch=amd64, hibernate.boot.CfgXmlAccessService.key=org.hibernate.boot.cfgxml.spi.LoadedConfig@502c087e, java.vm.info=mixed mode, sharing, java.vm.version=11.0.3+7-Ubuntu-1ubuntu218.04.1, hibernate.bytecode.use_reflection_optimizer=false, hibernate.connection.datasource=org.springframework.jdbc.datasource.DriverManagerDataSource@5350ab17, java.class.version=55.0}
19:40:31.032 [main] DEBUG org.hibernate.validator.internal.engine.resolver.TraversableResolvers - Found javax.persistence.Persistence on classpath containing 'getPersistenceUtil'. Assuming JPA 2 environment. Trying to instantiate JPA aware TraversableResolver
19:40:31.032 [main] DEBUG org.hibernate.validator.internal.engine.resolver.TraversableResolvers - Instantiated JPA aware TraversableResolver of type org.hibernate.validator.internal.engine.resolver.JPATraversableResolver.
19:40:31.032 [main] DEBUG org.hibernate.validator.internal.xml.config.ValidationXmlParser - Trying to load META-INF/validation.xml for XML based Validator configuration.
19:40:31.032 [main] DEBUG org.hibernate.validator.internal.xml.config.ResourceLoaderHelper - Trying to load META-INF/validation.xml via TCCL
19:40:31.032 [main] DEBUG org.hibernate.validator.internal.xml.config.ResourceLoaderHelper - Trying to load META-INF/validation.xml via Hibernate Validator's class loader
19:40:31.032 [main] DEBUG org.hibernate.validator.internal.xml.config.ValidationXmlParser - No META-INF/validation.xml found. Using annotation based configuration only.
19:40:31.035 [main] DEBUG org.hibernate.validator.messageinterpolation.ResourceBundleMessageInterpolator - Loaded expression factory via original TCCL
19:40:31.035 [main] DEBUG org.hibernate.validator.internal.engine.ValidatorFactoryImpl - HV000234: Using org.hibernate.validator.messageinterpolation.ResourceBundleMessageInterpolator as ValidatorFactory-scoped message interpolator.
19:40:31.035 [main] DEBUG org.hibernate.validator.internal.engine.ValidatorFactoryImpl - HV000234: Using org.hibernate.validator.internal.engine.resolver.JPATraversableResolver as ValidatorFactory-scoped traversable resolver.
19:40:31.035 [main] DEBUG org.hibernate.validator.internal.engine.ValidatorFactoryImpl - HV000234: Using org.hibernate.validator.internal.util.ExecutableParameterNameProvider as ValidatorFactory-scoped parameter name provider.
19:40:31.035 [main] DEBUG org.hibernate.validator.internal.engine.ValidatorFactoryImpl - HV000234: Using org.hibernate.validator.internal.engine.DefaultClockProvider as ValidatorFactory-scoped clock provider.
19:40:31.035 [main] DEBUG org.hibernate.validator.internal.engine.ValidatorFactoryImpl - HV000234: Using org.hibernate.validator.internal.engine.scripting.DefaultScriptEvaluatorFactory as ValidatorFactory-scoped script evaluator factory.
19:40:31.035 [main] DEBUG org.hibernate.boot.internal.ClassLoaderAccessImpl - Not known whether passed class name [tau.mmo.domain.Item] is safe
19:40:31.035 [main] DEBUG org.hibernate.boot.internal.ClassLoaderAccessImpl - No temp ClassLoader provided; using live ClassLoader for loading potentially unsafe class : tau.mmo.domain.Item
19:40:31.038 [main] DEBUG org.hibernate.boot.internal.ClassLoaderAccessImpl - Not known whether passed class name [tau.mmo.domain.Player] is safe
19:40:31.038 [main] DEBUG org.hibernate.boot.internal.ClassLoaderAccessImpl - No temp ClassLoader provided; using live ClassLoader for loading potentially unsafe class : tau.mmo.domain.Player
19:40:31.041 [main] DEBUG org.hibernate.secure.spi.JaccIntegrator - Skipping JACC integration as it was not enabled
19:40:31.042 [main] DEBUG org.hibernate.boot.internal.ClassLoaderAccessImpl - Not known whether passed class name [tau.mmo.domain.Item] is safe
19:40:31.042 [main] DEBUG org.hibernate.boot.internal.ClassLoaderAccessImpl - No temp ClassLoader provided; using live ClassLoader for loading potentially unsafe class : tau.mmo.domain.Item
19:40:31.042 [main] DEBUG org.hibernate.boot.internal.ClassLoaderAccessImpl - Not known whether passed class name [tau.mmo.domain.Item] is safe
19:40:31.042 [main] DEBUG org.hibernate.boot.internal.ClassLoaderAccessImpl - No temp ClassLoader provided; using live ClassLoader for loading potentially unsafe class : tau.mmo.domain.Item
19:40:31.042 [main] DEBUG org.hibernate.boot.internal.ClassLoaderAccessImpl - Not known whether passed class name [tau.mmo.domain.Player] is safe
19:40:31.043 [main] DEBUG org.hibernate.boot.internal.ClassLoaderAccessImpl - No temp ClassLoader provided; using live ClassLoader for loading potentially unsafe class : tau.mmo.domain.Player
19:40:31.043 [main] DEBUG org.hibernate.boot.internal.ClassLoaderAccessImpl - Not known whether passed class name [tau.mmo.domain.Player] is safe
19:40:31.043 [main] DEBUG org.hibernate.boot.internal.ClassLoaderAccessImpl - No temp ClassLoader provided; using live ClassLoader for loading potentially unsafe class : tau.mmo.domain.Player
19:40:31.043 [main] DEBUG org.hibernate.persister.collection.AbstractCollectionPersister - Static SQL for collection: tau.mmo.domain.Player.items
19:40:31.043 [main] DEBUG org.hibernate.persister.collection.AbstractCollectionPersister -  Row insert: update item set player_id=? where id=?
19:40:31.043 [main] DEBUG org.hibernate.persister.collection.AbstractCollectionPersister -  Row update: update item set  where id=?
19:40:31.043 [main] DEBUG org.hibernate.persister.collection.AbstractCollectionPersister -  Row delete: update item set player_id=null where player_id=? and id=?
19:40:31.043 [main] DEBUG org.hibernate.persister.collection.AbstractCollectionPersister -  One-shot delete: update item set player_id=null where player_id=?
19:40:31.043 [main] DEBUG org.hibernate.persister.entity.AbstractEntityPersister - Static SQL for entity: tau.mmo.domain.Item
19:40:31.043 [main] DEBUG org.hibernate.persister.entity.AbstractEntityPersister -  Version select: select id from item where id =?
19:40:31.043 [main] DEBUG org.hibernate.persister.entity.AbstractEntityPersister -  Snapshot select: select item_.id, item_.itemclass as itemclas2_0_, item_.levelreq as levelreq3_0_, item_.name as name4_0_, item_.player_id as player_i5_0_ from item item_ where item_.id=?
19:40:31.043 [main] DEBUG org.hibernate.persister.entity.AbstractEntityPersister -  Insert 0: insert into item (itemclass, levelreq, name, player_id, id) values (?, ?, ?, ?, ?)
19:40:31.043 [main] DEBUG org.hibernate.persister.entity.AbstractEntityPersister -  Update 0: update item set itemclass=?, levelreq=?, name=?, player_id=? where id=?
19:40:31.043 [main] DEBUG org.hibernate.persister.entity.AbstractEntityPersister -  Delete 0: delete from item where id=?
19:40:31.044 [main] DEBUG org.hibernate.loader.plan.build.internal.spaces.QuerySpacesImpl - Adding QuerySpace : uid = <gen:0> -> org.hibernate.loader.plan.build.internal.spaces.EntityQuerySpaceImpl@399af6dc]
19:40:31.044 [main] DEBUG org.hibernate.persister.walking.spi.MetamodelGraphWalker - Visiting attribute path : itemclass
19:40:31.044 [main] DEBUG org.hibernate.persister.walking.spi.MetamodelGraphWalker - Visiting attribute path : levelreq
19:40:31.044 [main] DEBUG org.hibernate.persister.walking.spi.MetamodelGraphWalker - Visiting attribute path : name
19:40:31.044 [main] DEBUG org.hibernate.persister.walking.spi.MetamodelGraphWalker - Visiting attribute path : player
19:40:31.044 [main] DEBUG org.hibernate.loader.plan.build.internal.spaces.QuerySpacesImpl - Adding QuerySpace : uid = <gen:1> -> org.hibernate.loader.plan.build.internal.spaces.EntityQuerySpaceImpl@3ae2702a]
19:40:31.044 [main] DEBUG org.hibernate.loader.plan.build.internal.FetchStyleLoadPlanBuildingAssociationVisitationStrategy - Building LoadPlan...
19:40:31.044 [main] DEBUG org.hibernate.loader.plan.exec.internal.LoadQueryJoinAndFetchProcessor - processing queryspace <gen:0>
19:40:31.044 [main] DEBUG org.hibernate.loader.plan.build.spi.LoadPlanTreePrinter - LoadPlan(entity=tau.mmo.domain.Item)
    - Returns
       - EntityReturnImpl(entity=tau.mmo.domain.Item, querySpaceUid=<gen:0>, path=tau.mmo.domain.Item)
          - EntityAttributeFetchImpl(entity=tau.mmo.domain.Player, querySpaceUid=<gen:1>, path=tau.mmo.domain.Item.player)
    - QuerySpaces
       - EntityQuerySpaceImpl(uid=<gen:0>, entity=tau.mmo.domain.Item)
          - SQL table alias mapping - item0_
          - alias suffix - 0_
          - suffixed key columns - {id1_0_0_}

19:40:31.044 [main] DEBUG org.hibernate.loader.entity.plan.EntityLoader - Static select for entity tau.mmo.domain.Item [NONE]: select item0_.id as id1_0_0_, item0_.itemclass as itemclas2_0_0_, item0_.levelreq as levelreq3_0_0_, item0_.name as name4_0_0_, item0_.player_id as player_i5_0_0_ from item item0_ where item0_.id=?
19:40:31.044 [main] DEBUG org.hibernate.loader.plan.build.internal.spaces.QuerySpacesImpl - Adding QuerySpace : uid = <gen:0> -> org.hibernate.loader.plan.build.internal.spaces.EntityQuerySpaceImpl@7d088813]
19:40:31.044 [main] DEBUG org.hibernate.persister.walking.spi.MetamodelGraphWalker - Visiting attribute path : itemclass
19:40:31.044 [main] DEBUG org.hibernate.persister.walking.spi.MetamodelGraphWalker - Visiting attribute path : levelreq
19:40:31.044 [main] DEBUG org.hibernate.persister.walking.spi.MetamodelGraphWalker - Visiting attribute path : name
19:40:31.044 [main] DEBUG org.hibernate.persister.walking.spi.MetamodelGraphWalker - Visiting attribute path : player
19:40:31.044 [main] DEBUG org.hibernate.loader.plan.build.internal.spaces.QuerySpacesImpl - Adding QuerySpace : uid = <gen:1> -> org.hibernate.loader.plan.build.internal.spaces.EntityQuerySpaceImpl@3b0ed98a]
19:40:31.044 [main] DEBUG org.hibernate.loader.plan.build.internal.FetchStyleLoadPlanBuildingAssociationVisitationStrategy - Building LoadPlan...
19:40:31.044 [main] DEBUG org.hibernate.loader.plan.exec.internal.LoadQueryJoinAndFetchProcessor - processing queryspace <gen:0>
19:40:31.044 [main] DEBUG org.hibernate.loader.plan.build.spi.LoadPlanTreePrinter - LoadPlan(entity=tau.mmo.domain.Item)
    - Returns
       - EntityReturnImpl(entity=tau.mmo.domain.Item, querySpaceUid=<gen:0>, path=tau.mmo.domain.Item)
          - EntityAttributeFetchImpl(entity=tau.mmo.domain.Player, querySpaceUid=<gen:1>, path=tau.mmo.domain.Item.player)
    - QuerySpaces
       - EntityQuerySpaceImpl(uid=<gen:0>, entity=tau.mmo.domain.Item)
          - SQL table alias mapping - item0_
          - alias suffix - 0_
          - suffixed key columns - {id1_0_0_}

19:40:31.044 [main] DEBUG org.hibernate.loader.entity.plan.EntityLoader - Static select for entity tau.mmo.domain.Item [READ]: select item0_.id as id1_0_0_, item0_.itemclass as itemclas2_0_0_, item0_.levelreq as levelreq3_0_0_, item0_.name as name4_0_0_, item0_.player_id as player_i5_0_0_ from item item0_ where item0_.id=?
19:40:31.044 [main] DEBUG org.hibernate.loader.plan.build.internal.spaces.QuerySpacesImpl - Adding QuerySpace : uid = <gen:0> -> org.hibernate.loader.plan.build.internal.spaces.EntityQuerySpaceImpl@12448de1]
19:40:31.045 [main] DEBUG org.hibernate.persister.walking.spi.MetamodelGraphWalker - Visiting attribute path : itemclass
19:40:31.045 [main] DEBUG org.hibernate.persister.walking.spi.MetamodelGraphWalker - Visiting attribute path : levelreq
19:40:31.045 [main] DEBUG org.hibernate.persister.walking.spi.MetamodelGraphWalker - Visiting attribute path : name
19:40:31.045 [main] DEBUG org.hibernate.persister.walking.spi.MetamodelGraphWalker - Visiting attribute path : player
19:40:31.045 [main] DEBUG org.hibernate.loader.plan.build.internal.spaces.QuerySpacesImpl - Adding QuerySpace : uid = <gen:1> -> org.hibernate.loader.plan.build.internal.spaces.EntityQuerySpaceImpl@6dd20ec9]
19:40:31.045 [main] DEBUG org.hibernate.loader.plan.build.internal.FetchStyleLoadPlanBuildingAssociationVisitationStrategy - Building LoadPlan...
19:40:31.045 [main] DEBUG org.hibernate.loader.plan.exec.internal.LoadQueryJoinAndFetchProcessor - processing queryspace <gen:0>
19:40:31.045 [main] DEBUG org.hibernate.loader.plan.build.spi.LoadPlanTreePrinter - LoadPlan(entity=tau.mmo.domain.Item)
    - Returns
       - EntityReturnImpl(entity=tau.mmo.domain.Item, querySpaceUid=<gen:0>, path=tau.mmo.domain.Item)
          - EntityAttributeFetchImpl(entity=tau.mmo.domain.Player, querySpaceUid=<gen:1>, path=tau.mmo.domain.Item.player)
    - QuerySpaces
       - EntityQuerySpaceImpl(uid=<gen:0>, entity=tau.mmo.domain.Item)
          - SQL table alias mapping - item0_
          - alias suffix - 0_
          - suffixed key columns - {id1_0_0_}

19:40:31.045 [main] DEBUG org.hibernate.loader.entity.plan.EntityLoader - Static select for entity tau.mmo.domain.Item [UPGRADE]: select item0_.id as id1_0_0_, item0_.itemclass as itemclas2_0_0_, item0_.levelreq as levelreq3_0_0_, item0_.name as name4_0_0_, item0_.player_id as player_i5_0_0_ from item item0_ where item0_.id=? for update
19:40:31.045 [main] DEBUG org.hibernate.loader.plan.build.internal.spaces.QuerySpacesImpl - Adding QuerySpace : uid = <gen:0> -> org.hibernate.loader.plan.build.internal.spaces.EntityQuerySpaceImpl@20dd5870]
19:40:31.045 [main] DEBUG org.hibernate.persister.walking.spi.MetamodelGraphWalker - Visiting attribute path : itemclass
19:40:31.045 [main] DEBUG org.hibernate.persister.walking.spi.MetamodelGraphWalker - Visiting attribute path : levelreq
19:40:31.045 [main] DEBUG org.hibernate.persister.walking.spi.MetamodelGraphWalker - Visiting attribute path : name
19:40:31.045 [main] DEBUG org.hibernate.persister.walking.spi.MetamodelGraphWalker - Visiting attribute path : player
19:40:31.045 [main] DEBUG org.hibernate.loader.plan.build.internal.spaces.QuerySpacesImpl - Adding QuerySpace : uid = <gen:1> -> org.hibernate.loader.plan.build.internal.spaces.EntityQuerySpaceImpl@134d7ffa]
19:40:31.045 [main] DEBUG org.hibernate.loader.plan.build.internal.FetchStyleLoadPlanBuildingAssociationVisitationStrategy - Building LoadPlan...
19:40:31.045 [main] DEBUG org.hibernate.loader.plan.exec.internal.LoadQueryJoinAndFetchProcessor - processing queryspace <gen:0>
19:40:31.045 [main] DEBUG org.hibernate.loader.plan.build.spi.LoadPlanTreePrinter - LoadPlan(entity=tau.mmo.domain.Item)
    - Returns
       - EntityReturnImpl(entity=tau.mmo.domain.Item, querySpaceUid=<gen:0>, path=tau.mmo.domain.Item)
          - EntityAttributeFetchImpl(entity=tau.mmo.domain.Player, querySpaceUid=<gen:1>, path=tau.mmo.domain.Item.player)
    - QuerySpaces
       - EntityQuerySpaceImpl(uid=<gen:0>, entity=tau.mmo.domain.Item)
          - SQL table alias mapping - item0_
          - alias suffix - 0_
          - suffixed key columns - {id1_0_0_}

19:40:31.045 [main] DEBUG org.hibernate.loader.entity.plan.EntityLoader - Static select for entity tau.mmo.domain.Item [UPGRADE_NOWAIT]: select item0_.id as id1_0_0_, item0_.itemclass as itemclas2_0_0_, item0_.levelreq as levelreq3_0_0_, item0_.name as name4_0_0_, item0_.player_id as player_i5_0_0_ from item item0_ where item0_.id=? for update
19:40:31.045 [main] DEBUG org.hibernate.loader.plan.build.internal.spaces.QuerySpacesImpl - Adding QuerySpace : uid = <gen:0> -> org.hibernate.loader.plan.build.internal.spaces.EntityQuerySpaceImpl@6e948f1c]
19:40:31.045 [main] DEBUG org.hibernate.persister.walking.spi.MetamodelGraphWalker - Visiting attribute path : itemclass
19:40:31.045 [main] DEBUG org.hibernate.persister.walking.spi.MetamodelGraphWalker - Visiting attribute path : levelreq
19:40:31.045 [main] DEBUG org.hibernate.persister.walking.spi.MetamodelGraphWalker - Visiting attribute path : name
19:40:31.045 [main] DEBUG org.hibernate.persister.walking.spi.MetamodelGraphWalker - Visiting attribute path : player
19:40:31.045 [main] DEBUG org.hibernate.loader.plan.build.internal.spaces.QuerySpacesImpl - Adding QuerySpace : uid = <gen:1> -> org.hibernate.loader.plan.build.internal.spaces.EntityQuerySpaceImpl@35010a6b]
19:40:31.045 [main] DEBUG org.hibernate.loader.plan.build.internal.FetchStyleLoadPlanBuildingAssociationVisitationStrategy - Building LoadPlan...
19:40:31.046 [main] DEBUG org.hibernate.loader.plan.exec.internal.LoadQueryJoinAndFetchProcessor - processing queryspace <gen:0>
19:40:31.046 [main] DEBUG org.hibernate.loader.plan.build.spi.LoadPlanTreePrinter - LoadPlan(entity=tau.mmo.domain.Item)
    - Returns
       - EntityReturnImpl(entity=tau.mmo.domain.Item, querySpaceUid=<gen:0>, path=tau.mmo.domain.Item)
          - EntityAttributeFetchImpl(entity=tau.mmo.domain.Player, querySpaceUid=<gen:1>, path=tau.mmo.domain.Item.player)
    - QuerySpaces
       - EntityQuerySpaceImpl(uid=<gen:0>, entity=tau.mmo.domain.Item)
          - SQL table alias mapping - item0_
          - alias suffix - 0_
          - suffixed key columns - {id1_0_0_}

19:40:31.046 [main] DEBUG org.hibernate.loader.entity.plan.EntityLoader - Static select for entity tau.mmo.domain.Item [UPGRADE_SKIPLOCKED]: select item0_.id as id1_0_0_, item0_.itemclass as itemclas2_0_0_, item0_.levelreq as levelreq3_0_0_, item0_.name as name4_0_0_, item0_.player_id as player_i5_0_0_ from item item0_ where item0_.id=? for update
19:40:31.046 [main] DEBUG org.hibernate.loader.plan.build.internal.spaces.QuerySpacesImpl - Adding QuerySpace : uid = <gen:0> -> org.hibernate.loader.plan.build.internal.spaces.EntityQuerySpaceImpl@4d4b019e]
19:40:31.046 [main] DEBUG org.hibernate.persister.walking.spi.MetamodelGraphWalker - Visiting attribute path : itemclass
19:40:31.046 [main] DEBUG org.hibernate.persister.walking.spi.MetamodelGraphWalker - Visiting attribute path : levelreq
19:40:31.046 [main] DEBUG org.hibernate.persister.walking.spi.MetamodelGraphWalker - Visiting attribute path : name
19:40:31.046 [main] DEBUG org.hibernate.persister.walking.spi.MetamodelGraphWalker - Visiting attribute path : player
19:40:31.046 [main] DEBUG org.hibernate.loader.plan.build.internal.spaces.QuerySpacesImpl - Adding QuerySpace : uid = <gen:1> -> org.hibernate.loader.plan.build.internal.spaces.EntityQuerySpaceImpl@21280cbb]
19:40:31.046 [main] DEBUG org.hibernate.loader.plan.build.internal.FetchStyleLoadPlanBuildingAssociationVisitationStrategy - Building LoadPlan...
19:40:31.046 [main] DEBUG org.hibernate.loader.plan.exec.internal.LoadQueryJoinAndFetchProcessor - processing queryspace <gen:0>
19:40:31.046 [main] DEBUG org.hibernate.loader.plan.build.spi.LoadPlanTreePrinter - LoadPlan(entity=tau.mmo.domain.Item)
    - Returns
       - EntityReturnImpl(entity=tau.mmo.domain.Item, querySpaceUid=<gen:0>, path=tau.mmo.domain.Item)
          - EntityAttributeFetchImpl(entity=tau.mmo.domain.Player, querySpaceUid=<gen:1>, path=tau.mmo.domain.Item.player)
    - QuerySpaces
       - EntityQuerySpaceImpl(uid=<gen:0>, entity=tau.mmo.domain.Item)
          - SQL table alias mapping - item0_
          - alias suffix - 0_
          - suffixed key columns - {id1_0_0_}

19:40:31.046 [main] DEBUG org.hibernate.loader.entity.plan.EntityLoader - Static select for entity tau.mmo.domain.Item [FORCE]: select item0_.id as id1_0_0_, item0_.itemclass as itemclas2_0_0_, item0_.levelreq as levelreq3_0_0_, item0_.name as name4_0_0_, item0_.player_id as player_i5_0_0_ from item item0_ where item0_.id=? for update
19:40:31.046 [main] DEBUG org.hibernate.loader.plan.build.internal.spaces.QuerySpacesImpl - Adding QuerySpace : uid = <gen:0> -> org.hibernate.loader.plan.build.internal.spaces.EntityQuerySpaceImpl@1cc708a7]
19:40:31.046 [main] DEBUG org.hibernate.persister.walking.spi.MetamodelGraphWalker - Visiting attribute path : itemclass
19:40:31.046 [main] DEBUG org.hibernate.persister.walking.spi.MetamodelGraphWalker - Visiting attribute path : levelreq
19:40:31.046 [main] DEBUG org.hibernate.persister.walking.spi.MetamodelGraphWalker - Visiting attribute path : name
19:40:31.046 [main] DEBUG org.hibernate.persister.walking.spi.MetamodelGraphWalker - Visiting attribute path : player
19:40:31.046 [main] DEBUG org.hibernate.loader.plan.build.internal.spaces.QuerySpacesImpl - Adding QuerySpace : uid = <gen:1> -> org.hibernate.loader.plan.build.internal.spaces.EntityQuerySpaceImpl@6249a08d]
19:40:31.046 [main] DEBUG org.hibernate.loader.plan.build.internal.FetchStyleLoadPlanBuildingAssociationVisitationStrategy - Building LoadPlan...
19:40:31.046 [main] DEBUG org.hibernate.loader.plan.exec.internal.LoadQueryJoinAndFetchProcessor - processing queryspace <gen:0>
19:40:31.046 [main] DEBUG org.hibernate.loader.plan.build.spi.LoadPlanTreePrinter - LoadPlan(entity=tau.mmo.domain.Item)
    - Returns
       - EntityReturnImpl(entity=tau.mmo.domain.Item, querySpaceUid=<gen:0>, path=tau.mmo.domain.Item)
          - EntityAttributeFetchImpl(entity=tau.mmo.domain.Player, querySpaceUid=<gen:1>, path=tau.mmo.domain.Item.player)
    - QuerySpaces
       - EntityQuerySpaceImpl(uid=<gen:0>, entity=tau.mmo.domain.Item)
          - SQL table alias mapping - item0_
          - alias suffix - 0_
          - suffixed key columns - {id1_0_0_}

19:40:31.047 [main] DEBUG org.hibernate.loader.entity.plan.EntityLoader - Static select for entity tau.mmo.domain.Item [PESSIMISTIC_READ]: select item0_.id as id1_0_0_, item0_.itemclass as itemclas2_0_0_, item0_.levelreq as levelreq3_0_0_, item0_.name as name4_0_0_, item0_.player_id as player_i5_0_0_ from item item0_ where item0_.id=? for update
19:40:31.047 [main] DEBUG org.hibernate.loader.plan.build.internal.spaces.QuerySpacesImpl - Adding QuerySpace : uid = <gen:0> -> org.hibernate.loader.plan.build.internal.spaces.EntityQuerySpaceImpl@36525ab]
19:40:31.047 [main] DEBUG org.hibernate.persister.walking.spi.MetamodelGraphWalker - Visiting attribute path : itemclass
19:40:31.047 [main] DEBUG org.hibernate.persister.walking.spi.MetamodelGraphWalker - Visiting attribute path : levelreq
19:40:31.047 [main] DEBUG org.hibernate.persister.walking.spi.MetamodelGraphWalker - Visiting attribute path : name
19:40:31.047 [main] DEBUG org.hibernate.persister.walking.spi.MetamodelGraphWalker - Visiting attribute path : player
19:40:31.047 [main] DEBUG org.hibernate.loader.plan.build.internal.spaces.QuerySpacesImpl - Adding QuerySpace : uid = <gen:1> -> org.hibernate.loader.plan.build.internal.spaces.EntityQuerySpaceImpl@39851c5]
19:40:31.047 [main] DEBUG org.hibernate.loader.plan.build.internal.FetchStyleLoadPlanBuildingAssociationVisitationStrategy - Building LoadPlan...
19:40:31.047 [main] DEBUG org.hibernate.loader.plan.exec.internal.LoadQueryJoinAndFetchProcessor - processing queryspace <gen:0>
19:40:31.047 [main] DEBUG org.hibernate.loader.plan.build.spi.LoadPlanTreePrinter - LoadPlan(entity=tau.mmo.domain.Item)
    - Returns
       - EntityReturnImpl(entity=tau.mmo.domain.Item, querySpaceUid=<gen:0>, path=tau.mmo.domain.Item)
          - EntityAttributeFetchImpl(entity=tau.mmo.domain.Player, querySpaceUid=<gen:1>, path=tau.mmo.domain.Item.player)
    - QuerySpaces
       - EntityQuerySpaceImpl(uid=<gen:0>, entity=tau.mmo.domain.Item)
          - SQL table alias mapping - item0_
          - alias suffix - 0_
          - suffixed key columns - {id1_0_0_}

19:40:31.047 [main] DEBUG org.hibernate.loader.entity.plan.EntityLoader - Static select for entity tau.mmo.domain.Item [PESSIMISTIC_WRITE]: select item0_.id as id1_0_0_, item0_.itemclass as itemclas2_0_0_, item0_.levelreq as levelreq3_0_0_, item0_.name as name4_0_0_, item0_.player_id as player_i5_0_0_ from item item0_ where item0_.id=? for update
19:40:31.047 [main] DEBUG org.hibernate.loader.plan.build.internal.spaces.QuerySpacesImpl - Adding QuerySpace : uid = <gen:0> -> org.hibernate.loader.plan.build.internal.spaces.EntityQuerySpaceImpl@2c7ad4f3]
19:40:31.047 [main] DEBUG org.hibernate.persister.walking.spi.MetamodelGraphWalker - Visiting attribute path : itemclass
19:40:31.047 [main] DEBUG org.hibernate.persister.walking.spi.MetamodelGraphWalker - Visiting attribute path : levelreq
19:40:31.047 [main] DEBUG org.hibernate.persister.walking.spi.MetamodelGraphWalker - Visiting attribute path : name
19:40:31.047 [main] DEBUG org.hibernate.persister.walking.spi.MetamodelGraphWalker - Visiting attribute path : player
19:40:31.047 [main] DEBUG org.hibernate.loader.plan.build.internal.spaces.QuerySpacesImpl - Adding QuerySpace : uid = <gen:1> -> org.hibernate.loader.plan.build.internal.spaces.EntityQuerySpaceImpl@3dda8a2e]
19:40:31.047 [main] DEBUG org.hibernate.loader.plan.build.internal.FetchStyleLoadPlanBuildingAssociationVisitationStrategy - Building LoadPlan...
19:40:31.047 [main] DEBUG org.hibernate.loader.plan.exec.internal.LoadQueryJoinAndFetchProcessor - processing queryspace <gen:0>
19:40:31.047 [main] DEBUG org.hibernate.loader.plan.build.spi.LoadPlanTreePrinter - LoadPlan(entity=tau.mmo.domain.Item)
    - Returns
       - EntityReturnImpl(entity=tau.mmo.domain.Item, querySpaceUid=<gen:0>, path=tau.mmo.domain.Item)
          - EntityAttributeFetchImpl(entity=tau.mmo.domain.Player, querySpaceUid=<gen:1>, path=tau.mmo.domain.Item.player)
    - QuerySpaces
       - EntityQuerySpaceImpl(uid=<gen:0>, entity=tau.mmo.domain.Item)
          - SQL table alias mapping - item0_
          - alias suffix - 0_
          - suffixed key columns - {id1_0_0_}

19:40:31.047 [main] DEBUG org.hibernate.loader.entity.plan.EntityLoader - Static select for entity tau.mmo.domain.Item [PESSIMISTIC_FORCE_INCREMENT]: select item0_.id as id1_0_0_, item0_.itemclass as itemclas2_0_0_, item0_.levelreq as levelreq3_0_0_, item0_.name as name4_0_0_, item0_.player_id as player_i5_0_0_ from item item0_ where item0_.id=? for update
19:40:31.047 [main] DEBUG org.hibernate.loader.plan.build.internal.spaces.QuerySpacesImpl - Adding QuerySpace : uid = <gen:0> -> org.hibernate.loader.plan.build.internal.spaces.EntityQuerySpaceImpl@7c0de229]
19:40:31.047 [main] DEBUG org.hibernate.persister.walking.spi.MetamodelGraphWalker - Visiting attribute path : itemclass
19:40:31.047 [main] DEBUG org.hibernate.persister.walking.spi.MetamodelGraphWalker - Visiting attribute path : levelreq
19:40:31.047 [main] DEBUG org.hibernate.persister.walking.spi.MetamodelGraphWalker - Visiting attribute path : name
19:40:31.047 [main] DEBUG org.hibernate.persister.walking.spi.MetamodelGraphWalker - Visiting attribute path : player
19:40:31.047 [main] DEBUG org.hibernate.loader.plan.build.internal.spaces.QuerySpacesImpl - Adding QuerySpace : uid = <gen:1> -> org.hibernate.loader.plan.build.internal.spaces.EntityQuerySpaceImpl@4756e5cc]
19:40:31.047 [main] DEBUG org.hibernate.loader.plan.build.internal.FetchStyleLoadPlanBuildingAssociationVisitationStrategy - Building LoadPlan...
19:40:31.048 [main] DEBUG org.hibernate.loader.plan.exec.internal.LoadQueryJoinAndFetchProcessor - processing queryspace <gen:0>
19:40:31.048 [main] DEBUG org.hibernate.loader.plan.build.spi.LoadPlanTreePrinter - LoadPlan(entity=tau.mmo.domain.Item)
    - Returns
       - EntityReturnImpl(entity=tau.mmo.domain.Item, querySpaceUid=<gen:0>, path=tau.mmo.domain.Item)
          - EntityAttributeFetchImpl(entity=tau.mmo.domain.Player, querySpaceUid=<gen:1>, path=tau.mmo.domain.Item.player)
    - QuerySpaces
       - EntityQuerySpaceImpl(uid=<gen:0>, entity=tau.mmo.domain.Item)
          - SQL table alias mapping - item0_
          - alias suffix - 0_
          - suffixed key columns - {id1_0_0_}

19:40:31.048 [main] DEBUG org.hibernate.loader.entity.plan.EntityLoader - Static select for entity tau.mmo.domain.Item [OPTIMISTIC]: select item0_.id as id1_0_0_, item0_.itemclass as itemclas2_0_0_, item0_.levelreq as levelreq3_0_0_, item0_.name as name4_0_0_, item0_.player_id as player_i5_0_0_ from item item0_ where item0_.id=?
19:40:31.048 [main] DEBUG org.hibernate.loader.plan.build.internal.spaces.QuerySpacesImpl - Adding QuerySpace : uid = <gen:0> -> org.hibernate.loader.plan.build.internal.spaces.EntityQuerySpaceImpl@2e349cf2]
19:40:31.048 [main] DEBUG org.hibernate.persister.walking.spi.MetamodelGraphWalker - Visiting attribute path : itemclass
19:40:31.048 [main] DEBUG org.hibernate.persister.walking.spi.MetamodelGraphWalker - Visiting attribute path : levelreq
19:40:31.048 [main] DEBUG org.hibernate.persister.walking.spi.MetamodelGraphWalker - Visiting attribute path : name
19:40:31.048 [main] DEBUG org.hibernate.persister.walking.spi.MetamodelGraphWalker - Visiting attribute path : player
19:40:31.048 [main] DEBUG org.hibernate.loader.plan.build.internal.spaces.QuerySpacesImpl - Adding QuerySpace : uid = <gen:1> -> org.hibernate.loader.plan.build.internal.spaces.EntityQuerySpaceImpl@68a426c3]
19:40:31.048 [main] DEBUG org.hibernate.loader.plan.build.internal.FetchStyleLoadPlanBuildingAssociationVisitationStrategy - Building LoadPlan...
19:40:31.048 [main] DEBUG org.hibernate.loader.plan.exec.internal.LoadQueryJoinAndFetchProcessor - processing queryspace <gen:0>
19:40:31.048 [main] DEBUG org.hibernate.loader.plan.build.spi.LoadPlanTreePrinter - LoadPlan(entity=tau.mmo.domain.Item)
    - Returns
       - EntityReturnImpl(entity=tau.mmo.domain.Item, querySpaceUid=<gen:0>, path=tau.mmo.domain.Item)
          - EntityAttributeFetchImpl(entity=tau.mmo.domain.Player, querySpaceUid=<gen:1>, path=tau.mmo.domain.Item.player)
    - QuerySpaces
       - EntityQuerySpaceImpl(uid=<gen:0>, entity=tau.mmo.domain.Item)
          - SQL table alias mapping - item0_
          - alias suffix - 0_
          - suffixed key columns - {id1_0_0_}

19:40:31.048 [main] DEBUG org.hibernate.loader.entity.plan.EntityLoader - Static select for entity tau.mmo.domain.Item [OPTIMISTIC_FORCE_INCREMENT]: select item0_.id as id1_0_0_, item0_.itemclass as itemclas2_0_0_, item0_.levelreq as levelreq3_0_0_, item0_.name as name4_0_0_, item0_.player_id as player_i5_0_0_ from item item0_ where item0_.id=?
19:40:31.048 [main] DEBUG org.hibernate.loader.Loader - Static select for action ACTION_MERGE on entity tau.mmo.domain.Item: select item0_.id as id1_0_0_, item0_.itemclass as itemclas2_0_0_, item0_.levelreq as levelreq3_0_0_, item0_.name as name4_0_0_, item0_.player_id as player_i5_0_0_ from item item0_ where item0_.id=?
19:40:31.049 [main] DEBUG org.hibernate.loader.Loader - Static select for action ACTION_REFRESH on entity tau.mmo.domain.Item: select item0_.id as id1_0_0_, item0_.itemclass as itemclas2_0_0_, item0_.levelreq as levelreq3_0_0_, item0_.name as name4_0_0_, item0_.player_id as player_i5_0_0_ from item item0_ where item0_.id=?
19:40:31.049 [main] DEBUG org.hibernate.persister.entity.AbstractEntityPersister - Static SQL for entity: tau.mmo.domain.Player
19:40:31.049 [main] DEBUG org.hibernate.persister.entity.AbstractEntityPersister -  Version select: select id from player where id =?
19:40:31.049 [main] DEBUG org.hibernate.persister.entity.AbstractEntityPersister -  Snapshot select: select player_.id, player_.heroclass as heroclas2_1_, player_.level as level3_1_, player_.name as name4_1_ from player player_ where player_.id=?
19:40:31.049 [main] DEBUG org.hibernate.persister.entity.AbstractEntityPersister -  Insert 0: insert into player (heroclass, level, name, id) values (?, ?, ?, ?)
19:40:31.049 [main] DEBUG org.hibernate.persister.entity.AbstractEntityPersister -  Update 0: update player set heroclass=?, level=?, name=? where id=?
19:40:31.049 [main] DEBUG org.hibernate.persister.entity.AbstractEntityPersister -  Delete 0: delete from player where id=?
19:40:31.049 [main] DEBUG org.hibernate.loader.plan.build.internal.spaces.QuerySpacesImpl - Adding QuerySpace : uid = <gen:0> -> org.hibernate.loader.plan.build.internal.spaces.EntityQuerySpaceImpl@182cc69e]
19:40:31.049 [main] DEBUG org.hibernate.persister.walking.spi.MetamodelGraphWalker - Visiting attribute path : heroclass
19:40:31.049 [main] DEBUG org.hibernate.persister.walking.spi.MetamodelGraphWalker - Visiting attribute path : items
19:40:31.049 [main] DEBUG org.hibernate.loader.plan.build.internal.spaces.QuerySpacesImpl - Adding QuerySpace : uid = <gen:1> -> org.hibernate.loader.plan.build.internal.spaces.CollectionQuerySpaceImpl@7657d90b]
19:40:31.049 [main] DEBUG org.hibernate.loader.plan.build.internal.spaces.QuerySpacesImpl - Adding QuerySpace : uid = <gen:2> -> org.hibernate.loader.plan.build.internal.spaces.EntityQuerySpaceImpl@3f0c6b3c]
19:40:31.049 [main] DEBUG org.hibernate.persister.walking.spi.MetamodelGraphWalker - Visiting attribute path : items.itemclass
19:40:31.049 [main] DEBUG org.hibernate.persister.walking.spi.MetamodelGraphWalker - Visiting attribute path : items.levelreq
19:40:31.049 [main] DEBUG org.hibernate.persister.walking.spi.MetamodelGraphWalker - Visiting attribute path : items.name
19:40:31.049 [main] DEBUG org.hibernate.persister.walking.spi.MetamodelGraphWalker - Visiting attribute path : items.player
19:40:31.049 [main] DEBUG org.hibernate.persister.walking.spi.MetamodelGraphWalker - Property path deemed to be circular : items.player
19:40:31.049 [main] DEBUG org.hibernate.persister.walking.spi.MetamodelGraphWalker - Visiting attribute path : level
19:40:31.049 [main] DEBUG org.hibernate.persister.walking.spi.MetamodelGraphWalker - Visiting attribute path : name
19:40:31.049 [main] DEBUG org.hibernate.loader.plan.build.internal.FetchStyleLoadPlanBuildingAssociationVisitationStrategy - Building LoadPlan...
19:40:31.049 [main] DEBUG org.hibernate.loader.plan.exec.internal.LoadQueryJoinAndFetchProcessor - processing queryspace <gen:0>
19:40:31.049 [main] DEBUG org.hibernate.loader.plan.build.spi.LoadPlanTreePrinter - LoadPlan(entity=tau.mmo.domain.Player)
    - Returns
       - EntityReturnImpl(entity=tau.mmo.domain.Player, querySpaceUid=<gen:0>, path=tau.mmo.domain.Player)
          - CollectionAttributeFetchImpl(collection=tau.mmo.domain.Player.items, querySpaceUid=<gen:1>, path=tau.mmo.domain.Player.items)
             - (collection element) CollectionFetchableElementEntityGraph(entity=tau.mmo.domain.Item, querySpaceUid=<gen:2>, path=tau.mmo.domain.Player.items.<elements>)
    - QuerySpaces
       - EntityQuerySpaceImpl(uid=<gen:0>, entity=tau.mmo.domain.Player)
          - SQL table alias mapping - player0_
          - alias suffix - 0_
          - suffixed key columns - {id1_1_0_}
          - JOIN (JoinDefinedByMetadata(items)) : <gen:0> -> <gen:1>
             - CollectionQuerySpaceImpl(uid=<gen:1>, collection=tau.mmo.domain.Player.items)
                - SQL table alias mapping - items1_
                - alias suffix - 1_
                - suffixed key columns - {player_i5_0_1_}
                - entity-element alias suffix - 2_
                - 2_entity-element suffixed key columns - id1_0_2_
                - JOIN (JoinDefinedByMetadata(elements)) : <gen:1> -> <gen:2>
                   - EntityQuerySpaceImpl(uid=<gen:2>, entity=tau.mmo.domain.Item)
                      - SQL table alias mapping - items1_
                      - alias suffix - 2_
                      - suffixed key columns - {id1_0_2_}

19:40:31.049 [main] DEBUG org.hibernate.loader.entity.plan.EntityLoader - Static select for entity tau.mmo.domain.Player [NONE]: select player0_.id as id1_1_0_, player0_.heroclass as heroclas2_1_0_, player0_.level as level3_1_0_, player0_.name as name4_1_0_, items1_.player_id as player_i5_0_1_, items1_.id as id1_0_1_, items1_.id as id1_0_2_, items1_.itemclass as itemclas2_0_2_, items1_.levelreq as levelreq3_0_2_, items1_.name as name4_0_2_, items1_.player_id as player_i5_0_2_ from player player0_ left outer join item items1_ on player0_.id=items1_.player_id where player0_.id=?
19:40:31.049 [main] DEBUG org.hibernate.loader.plan.build.internal.spaces.QuerySpacesImpl - Adding QuerySpace : uid = <gen:0> -> org.hibernate.loader.plan.build.internal.spaces.EntityQuerySpaceImpl@33215ffb]
19:40:31.050 [main] DEBUG org.hibernate.persister.walking.spi.MetamodelGraphWalker - Visiting attribute path : heroclass
19:40:31.050 [main] DEBUG org.hibernate.persister.walking.spi.MetamodelGraphWalker - Visiting attribute path : items
19:40:31.050 [main] DEBUG org.hibernate.loader.plan.build.internal.spaces.QuerySpacesImpl - Adding QuerySpace : uid = <gen:1> -> org.hibernate.loader.plan.build.internal.spaces.CollectionQuerySpaceImpl@7c421952]
19:40:31.050 [main] DEBUG org.hibernate.loader.plan.build.internal.spaces.QuerySpacesImpl - Adding QuerySpace : uid = <gen:2> -> org.hibernate.loader.plan.build.internal.spaces.EntityQuerySpaceImpl@350d26f3]
19:40:31.050 [main] DEBUG org.hibernate.persister.walking.spi.MetamodelGraphWalker - Visiting attribute path : items.itemclass
19:40:31.050 [main] DEBUG org.hibernate.persister.walking.spi.MetamodelGraphWalker - Visiting attribute path : items.levelreq
19:40:31.050 [main] DEBUG org.hibernate.persister.walking.spi.MetamodelGraphWalker - Visiting attribute path : items.name
19:40:31.050 [main] DEBUG org.hibernate.persister.walking.spi.MetamodelGraphWalker - Visiting attribute path : items.player
19:40:31.050 [main] DEBUG org.hibernate.persister.walking.spi.MetamodelGraphWalker - Property path deemed to be circular : items.player
19:40:31.050 [main] DEBUG org.hibernate.persister.walking.spi.MetamodelGraphWalker - Visiting attribute path : level
19:40:31.050 [main] DEBUG org.hibernate.persister.walking.spi.MetamodelGraphWalker - Visiting attribute path : name
19:40:31.050 [main] DEBUG org.hibernate.loader.plan.build.internal.FetchStyleLoadPlanBuildingAssociationVisitationStrategy - Building LoadPlan...
19:40:31.050 [main] DEBUG org.hibernate.loader.plan.exec.internal.LoadQueryJoinAndFetchProcessor - processing queryspace <gen:0>
19:40:31.050 [main] DEBUG org.hibernate.loader.plan.build.spi.LoadPlanTreePrinter - LoadPlan(entity=tau.mmo.domain.Player)
    - Returns
       - EntityReturnImpl(entity=tau.mmo.domain.Player, querySpaceUid=<gen:0>, path=tau.mmo.domain.Player)
          - CollectionAttributeFetchImpl(collection=tau.mmo.domain.Player.items, querySpaceUid=<gen:1>, path=tau.mmo.domain.Player.items)
             - (collection element) CollectionFetchableElementEntityGraph(entity=tau.mmo.domain.Item, querySpaceUid=<gen:2>, path=tau.mmo.domain.Player.items.<elements>)
    - QuerySpaces
       - EntityQuerySpaceImpl(uid=<gen:0>, entity=tau.mmo.domain.Player)
          - SQL table alias mapping - player0_
          - alias suffix - 0_
          - suffixed key columns - {id1_1_0_}
          - JOIN (JoinDefinedByMetadata(items)) : <gen:0> -> <gen:1>
             - CollectionQuerySpaceImpl(uid=<gen:1>, collection=tau.mmo.domain.Player.items)
                - SQL table alias mapping - items1_
                - alias suffix - 1_
                - suffixed key columns - {player_i5_0_1_}
                - entity-element alias suffix - 2_
                - 2_entity-element suffixed key columns - id1_0_2_
                - JOIN (JoinDefinedByMetadata(elements)) : <gen:1> -> <gen:2>
                   - EntityQuerySpaceImpl(uid=<gen:2>, entity=tau.mmo.domain.Item)
                      - SQL table alias mapping - items1_
                      - alias suffix - 2_
                      - suffixed key columns - {id1_0_2_}

19:40:31.050 [main] DEBUG org.hibernate.loader.entity.plan.EntityLoader - Static select for entity tau.mmo.domain.Player [READ]: select player0_.id as id1_1_0_, player0_.heroclass as heroclas2_1_0_, player0_.level as level3_1_0_, player0_.name as name4_1_0_, items1_.player_id as player_i5_0_1_, items1_.id as id1_0_1_, items1_.id as id1_0_2_, items1_.itemclass as itemclas2_0_2_, items1_.levelreq as levelreq3_0_2_, items1_.name as name4_0_2_, items1_.player_id as player_i5_0_2_ from player player0_ left outer join item items1_ on player0_.id=items1_.player_id where player0_.id=?
19:40:31.050 [main] DEBUG org.hibernate.loader.plan.build.internal.spaces.QuerySpacesImpl - Adding QuerySpace : uid = <gen:0> -> org.hibernate.loader.plan.build.internal.spaces.EntityQuerySpaceImpl@4b343b6d]
19:40:31.050 [main] DEBUG org.hibernate.persister.walking.spi.MetamodelGraphWalker - Visiting attribute path : heroclass
19:40:31.050 [main] DEBUG org.hibernate.persister.walking.spi.MetamodelGraphWalker - Visiting attribute path : items
19:40:31.050 [main] DEBUG org.hibernate.loader.plan.build.internal.spaces.QuerySpacesImpl - Adding QuerySpace : uid = <gen:1> -> org.hibernate.loader.plan.build.internal.spaces.CollectionQuerySpaceImpl@48ae9e8b]
19:40:31.050 [main] DEBUG org.hibernate.loader.plan.build.internal.spaces.QuerySpacesImpl - Adding QuerySpace : uid = <gen:2> -> org.hibernate.loader.plan.build.internal.spaces.EntityQuerySpaceImpl@6eaa6b0c]
19:40:31.050 [main] DEBUG org.hibernate.persister.walking.spi.MetamodelGraphWalker - Visiting attribute path : level
19:40:31.050 [main] DEBUG org.hibernate.persister.walking.spi.MetamodelGraphWalker - Visiting attribute path : name
19:40:31.050 [main] DEBUG org.hibernate.loader.plan.build.internal.FetchStyleLoadPlanBuildingAssociationVisitationStrategy - Building LoadPlan...
19:40:31.050 [main] DEBUG org.hibernate.loader.plan.exec.internal.LoadQueryJoinAndFetchProcessor - processing queryspace <gen:0>
19:40:31.050 [main] DEBUG org.hibernate.loader.plan.build.spi.LoadPlanTreePrinter - LoadPlan(entity=tau.mmo.domain.Player)
    - Returns
       - EntityReturnImpl(entity=tau.mmo.domain.Player, querySpaceUid=<gen:0>, path=tau.mmo.domain.Player)
          - CollectionAttributeFetchImpl(collection=tau.mmo.domain.Player.items, querySpaceUid=<gen:1>, path=tau.mmo.domain.Player.items)
             - (collection element) CollectionFetchableElementEntityGraph(entity=tau.mmo.domain.Item, querySpaceUid=<gen:2>, path=tau.mmo.domain.Player.items.<elements>)
    - QuerySpaces
       - EntityQuerySpaceImpl(uid=<gen:0>, entity=tau.mmo.domain.Player)
          - SQL table alias mapping - player0_
          - alias suffix - 0_
          - suffixed key columns - {id1_1_0_}

19:40:31.051 [main] DEBUG org.hibernate.loader.entity.plan.EntityLoader - Static select for entity tau.mmo.domain.Player [UPGRADE]: select player0_.id as id1_1_0_, player0_.heroclass as heroclas2_1_0_, player0_.level as level3_1_0_, player0_.name as name4_1_0_ from player player0_ where player0_.id=? for update
19:40:31.051 [main] DEBUG org.hibernate.loader.plan.build.internal.spaces.QuerySpacesImpl - Adding QuerySpace : uid = <gen:0> -> org.hibernate.loader.plan.build.internal.spaces.EntityQuerySpaceImpl@4afcae7]
19:40:31.051 [main] DEBUG org.hibernate.persister.walking.spi.MetamodelGraphWalker - Visiting attribute path : heroclass
19:40:31.051 [main] DEBUG org.hibernate.persister.walking.spi.MetamodelGraphWalker - Visiting attribute path : items
19:40:31.051 [main] DEBUG org.hibernate.loader.plan.build.internal.spaces.QuerySpacesImpl - Adding QuerySpace : uid = <gen:1> -> org.hibernate.loader.plan.build.internal.spaces.CollectionQuerySpaceImpl@3a2bb026]
19:40:31.051 [main] DEBUG org.hibernate.loader.plan.build.internal.spaces.QuerySpacesImpl - Adding QuerySpace : uid = <gen:2> -> org.hibernate.loader.plan.build.internal.spaces.EntityQuerySpaceImpl@7645e64]
19:40:31.051 [main] DEBUG org.hibernate.persister.walking.spi.MetamodelGraphWalker - Visiting attribute path : level
19:40:31.051 [main] DEBUG org.hibernate.persister.walking.spi.MetamodelGraphWalker - Visiting attribute path : name
19:40:31.051 [main] DEBUG org.hibernate.loader.plan.build.internal.FetchStyleLoadPlanBuildingAssociationVisitationStrategy - Building LoadPlan...
19:40:31.051 [main] DEBUG org.hibernate.loader.plan.exec.internal.LoadQueryJoinAndFetchProcessor - processing queryspace <gen:0>
19:40:31.051 [main] DEBUG org.hibernate.loader.plan.build.spi.LoadPlanTreePrinter - LoadPlan(entity=tau.mmo.domain.Player)
    - Returns
       - EntityReturnImpl(entity=tau.mmo.domain.Player, querySpaceUid=<gen:0>, path=tau.mmo.domain.Player)
          - CollectionAttributeFetchImpl(collection=tau.mmo.domain.Player.items, querySpaceUid=<gen:1>, path=tau.mmo.domain.Player.items)
             - (collection element) CollectionFetchableElementEntityGraph(entity=tau.mmo.domain.Item, querySpaceUid=<gen:2>, path=tau.mmo.domain.Player.items.<elements>)
    - QuerySpaces
       - EntityQuerySpaceImpl(uid=<gen:0>, entity=tau.mmo.domain.Player)
          - SQL table alias mapping - player0_
          - alias suffix - 0_
          - suffixed key columns - {id1_1_0_}

19:40:31.051 [main] DEBUG org.hibernate.loader.entity.plan.EntityLoader - Static select for entity tau.mmo.domain.Player [UPGRADE_NOWAIT]: select player0_.id as id1_1_0_, player0_.heroclass as heroclas2_1_0_, player0_.level as level3_1_0_, player0_.name as name4_1_0_ from player player0_ where player0_.id=? for update
19:40:31.051 [main] DEBUG org.hibernate.loader.plan.build.internal.spaces.QuerySpacesImpl - Adding QuerySpace : uid = <gen:0> -> org.hibernate.loader.plan.build.internal.spaces.EntityQuerySpaceImpl@7de6549d]
19:40:31.051 [main] DEBUG org.hibernate.persister.walking.spi.MetamodelGraphWalker - Visiting attribute path : heroclass
19:40:31.051 [main] DEBUG org.hibernate.persister.walking.spi.MetamodelGraphWalker - Visiting attribute path : items
19:40:31.051 [main] DEBUG org.hibernate.loader.plan.build.internal.spaces.QuerySpacesImpl - Adding QuerySpace : uid = <gen:1> -> org.hibernate.loader.plan.build.internal.spaces.CollectionQuerySpaceImpl@756c67cd]
19:40:31.051 [main] DEBUG org.hibernate.loader.plan.build.internal.spaces.QuerySpacesImpl - Adding QuerySpace : uid = <gen:2> -> org.hibernate.loader.plan.build.internal.spaces.EntityQuerySpaceImpl@50de907a]
19:40:31.051 [main] DEBUG org.hibernate.persister.walking.spi.MetamodelGraphWalker - Visiting attribute path : level
19:40:31.051 [main] DEBUG org.hibernate.persister.walking.spi.MetamodelGraphWalker - Visiting attribute path : name
19:40:31.051 [main] DEBUG org.hibernate.loader.plan.build.internal.FetchStyleLoadPlanBuildingAssociationVisitationStrategy - Building LoadPlan...
19:40:31.051 [main] DEBUG org.hibernate.loader.plan.exec.internal.LoadQueryJoinAndFetchProcessor - processing queryspace <gen:0>
19:40:31.051 [main] DEBUG org.hibernate.loader.plan.build.spi.LoadPlanTreePrinter - LoadPlan(entity=tau.mmo.domain.Player)
    - Returns
       - EntityReturnImpl(entity=tau.mmo.domain.Player, querySpaceUid=<gen:0>, path=tau.mmo.domain.Player)
          - CollectionAttributeFetchImpl(collection=tau.mmo.domain.Player.items, querySpaceUid=<gen:1>, path=tau.mmo.domain.Player.items)
             - (collection element) CollectionFetchableElementEntityGraph(entity=tau.mmo.domain.Item, querySpaceUid=<gen:2>, path=tau.mmo.domain.Player.items.<elements>)
    - QuerySpaces
       - EntityQuerySpaceImpl(uid=<gen:0>, entity=tau.mmo.domain.Player)
          - SQL table alias mapping - player0_
          - alias suffix - 0_
          - suffixed key columns - {id1_1_0_}

19:40:31.051 [main] DEBUG org.hibernate.loader.entity.plan.EntityLoader - Static select for entity tau.mmo.domain.Player [UPGRADE_SKIPLOCKED]: select player0_.id as id1_1_0_, player0_.heroclass as heroclas2_1_0_, player0_.level as level3_1_0_, player0_.name as name4_1_0_ from player player0_ where player0_.id=? for update
19:40:31.051 [main] DEBUG org.hibernate.loader.plan.build.internal.spaces.QuerySpacesImpl - Adding QuerySpace : uid = <gen:0> -> org.hibernate.loader.plan.build.internal.spaces.EntityQuerySpaceImpl@1fd37440]
19:40:31.051 [main] DEBUG org.hibernate.persister.walking.spi.MetamodelGraphWalker - Visiting attribute path : heroclass
19:40:31.051 [main] DEBUG org.hibernate.persister.walking.spi.MetamodelGraphWalker - Visiting attribute path : items
19:40:31.051 [main] DEBUG org.hibernate.loader.plan.build.internal.spaces.QuerySpacesImpl - Adding QuerySpace : uid = <gen:1> -> org.hibernate.loader.plan.build.internal.spaces.CollectionQuerySpaceImpl@11574592]
19:40:31.051 [main] DEBUG org.hibernate.loader.plan.build.internal.spaces.QuerySpacesImpl - Adding QuerySpace : uid = <gen:2> -> org.hibernate.loader.plan.build.internal.spaces.EntityQuerySpaceImpl@352e5a82]
19:40:31.051 [main] DEBUG org.hibernate.persister.walking.spi.MetamodelGraphWalker - Visiting attribute path : level
19:40:31.051 [main] DEBUG org.hibernate.persister.walking.spi.MetamodelGraphWalker - Visiting attribute path : name
19:40:31.051 [main] DEBUG org.hibernate.loader.plan.build.internal.FetchStyleLoadPlanBuildingAssociationVisitationStrategy - Building LoadPlan...
19:40:31.052 [main] DEBUG org.hibernate.loader.plan.exec.internal.LoadQueryJoinAndFetchProcessor - processing queryspace <gen:0>
19:40:31.052 [main] DEBUG org.hibernate.loader.plan.build.spi.LoadPlanTreePrinter - LoadPlan(entity=tau.mmo.domain.Player)
    - Returns
       - EntityReturnImpl(entity=tau.mmo.domain.Player, querySpaceUid=<gen:0>, path=tau.mmo.domain.Player)
          - CollectionAttributeFetchImpl(collection=tau.mmo.domain.Player.items, querySpaceUid=<gen:1>, path=tau.mmo.domain.Player.items)
             - (collection element) CollectionFetchableElementEntityGraph(entity=tau.mmo.domain.Item, querySpaceUid=<gen:2>, path=tau.mmo.domain.Player.items.<elements>)
    - QuerySpaces
       - EntityQuerySpaceImpl(uid=<gen:0>, entity=tau.mmo.domain.Player)
          - SQL table alias mapping - player0_
          - alias suffix - 0_
          - suffixed key columns - {id1_1_0_}

19:40:31.052 [main] DEBUG org.hibernate.loader.entity.plan.EntityLoader - Static select for entity tau.mmo.domain.Player [FORCE]: select player0_.id as id1_1_0_, player0_.heroclass as heroclas2_1_0_, player0_.level as level3_1_0_, player0_.name as name4_1_0_ from player player0_ where player0_.id=? for update
19:40:31.052 [main] DEBUG org.hibernate.loader.plan.build.internal.spaces.QuerySpacesImpl - Adding QuerySpace : uid = <gen:0> -> org.hibernate.loader.plan.build.internal.spaces.EntityQuerySpaceImpl@315b5913]
19:40:31.052 [main] DEBUG org.hibernate.persister.walking.spi.MetamodelGraphWalker - Visiting attribute path : heroclass
19:40:31.053 [main] DEBUG org.hibernate.persister.walking.spi.MetamodelGraphWalker - Visiting attribute path : items
19:40:31.053 [main] DEBUG org.hibernate.loader.plan.build.internal.spaces.QuerySpacesImpl - Adding QuerySpace : uid = <gen:1> -> org.hibernate.loader.plan.build.internal.spaces.CollectionQuerySpaceImpl@5423a17]
19:40:31.053 [main] DEBUG org.hibernate.loader.plan.build.internal.spaces.QuerySpacesImpl - Adding QuerySpace : uid = <gen:2> -> org.hibernate.loader.plan.build.internal.spaces.EntityQuerySpaceImpl@42ff9a77]
19:40:31.053 [main] DEBUG org.hibernate.persister.walking.spi.MetamodelGraphWalker - Visiting attribute path : level
19:40:31.053 [main] DEBUG org.hibernate.persister.walking.spi.MetamodelGraphWalker - Visiting attribute path : name
19:40:31.053 [main] DEBUG org.hibernate.loader.plan.build.internal.FetchStyleLoadPlanBuildingAssociationVisitationStrategy - Building LoadPlan...
19:40:31.053 [main] DEBUG org.hibernate.loader.plan.exec.internal.LoadQueryJoinAndFetchProcessor - processing queryspace <gen:0>
19:40:31.053 [main] DEBUG org.hibernate.loader.plan.build.spi.LoadPlanTreePrinter - LoadPlan(entity=tau.mmo.domain.Player)
    - Returns
       - EntityReturnImpl(entity=tau.mmo.domain.Player, querySpaceUid=<gen:0>, path=tau.mmo.domain.Player)
          - CollectionAttributeFetchImpl(collection=tau.mmo.domain.Player.items, querySpaceUid=<gen:1>, path=tau.mmo.domain.Player.items)
             - (collection element) CollectionFetchableElementEntityGraph(entity=tau.mmo.domain.Item, querySpaceUid=<gen:2>, path=tau.mmo.domain.Player.items.<elements>)
    - QuerySpaces
       - EntityQuerySpaceImpl(uid=<gen:0>, entity=tau.mmo.domain.Player)
          - SQL table alias mapping - player0_
          - alias suffix - 0_
          - suffixed key columns - {id1_1_0_}

19:40:31.053 [main] DEBUG org.hibernate.loader.entity.plan.EntityLoader - Static select for entity tau.mmo.domain.Player [PESSIMISTIC_READ]: select player0_.id as id1_1_0_, player0_.heroclass as heroclas2_1_0_, player0_.level as level3_1_0_, player0_.name as name4_1_0_ from player player0_ where player0_.id=? for update
19:40:31.053 [main] DEBUG org.hibernate.loader.plan.build.internal.spaces.QuerySpacesImpl - Adding QuerySpace : uid = <gen:0> -> org.hibernate.loader.plan.build.internal.spaces.EntityQuerySpaceImpl@2987d0fa]
19:40:31.053 [main] DEBUG org.hibernate.persister.walking.spi.MetamodelGraphWalker - Visiting attribute path : heroclass
19:40:31.053 [main] DEBUG org.hibernate.persister.walking.spi.MetamodelGraphWalker - Visiting attribute path : items
19:40:31.053 [main] DEBUG org.hibernate.loader.plan.build.internal.spaces.QuerySpacesImpl - Adding QuerySpace : uid = <gen:1> -> org.hibernate.loader.plan.build.internal.spaces.CollectionQuerySpaceImpl@7254838]
19:40:31.053 [main] DEBUG org.hibernate.loader.plan.build.internal.spaces.QuerySpacesImpl - Adding QuerySpace : uid = <gen:2> -> org.hibernate.loader.plan.build.internal.spaces.EntityQuerySpaceImpl@39374689]
19:40:31.053 [main] DEBUG org.hibernate.persister.walking.spi.MetamodelGraphWalker - Visiting attribute path : level
19:40:31.053 [main] DEBUG org.hibernate.persister.walking.spi.MetamodelGraphWalker - Visiting attribute path : name
19:40:31.053 [main] DEBUG org.hibernate.loader.plan.build.internal.FetchStyleLoadPlanBuildingAssociationVisitationStrategy - Building LoadPlan...
19:40:31.053 [main] DEBUG org.hibernate.loader.plan.exec.internal.LoadQueryJoinAndFetchProcessor - processing queryspace <gen:0>
19:40:31.053 [main] DEBUG org.hibernate.loader.plan.build.spi.LoadPlanTreePrinter - LoadPlan(entity=tau.mmo.domain.Player)
    - Returns
       - EntityReturnImpl(entity=tau.mmo.domain.Player, querySpaceUid=<gen:0>, path=tau.mmo.domain.Player)
          - CollectionAttributeFetchImpl(collection=tau.mmo.domain.Player.items, querySpaceUid=<gen:1>, path=tau.mmo.domain.Player.items)
             - (collection element) CollectionFetchableElementEntityGraph(entity=tau.mmo.domain.Item, querySpaceUid=<gen:2>, path=tau.mmo.domain.Player.items.<elements>)
    - QuerySpaces
       - EntityQuerySpaceImpl(uid=<gen:0>, entity=tau.mmo.domain.Player)
          - SQL table alias mapping - player0_
          - alias suffix - 0_
          - suffixed key columns - {id1_1_0_}

19:40:31.053 [main] DEBUG org.hibernate.loader.entity.plan.EntityLoader - Static select for entity tau.mmo.domain.Player [PESSIMISTIC_WRITE]: select player0_.id as id1_1_0_, player0_.heroclass as heroclas2_1_0_, player0_.level as level3_1_0_, player0_.name as name4_1_0_ from player player0_ where player0_.id=? for update
19:40:31.053 [main] DEBUG org.hibernate.loader.plan.build.internal.spaces.QuerySpacesImpl - Adding QuerySpace : uid = <gen:0> -> org.hibernate.loader.plan.build.internal.spaces.EntityQuerySpaceImpl@2e204155]
19:40:31.053 [main] DEBUG org.hibernate.persister.walking.spi.MetamodelGraphWalker - Visiting attribute path : heroclass
19:40:31.053 [main] DEBUG org.hibernate.persister.walking.spi.MetamodelGraphWalker - Visiting attribute path : items
19:40:31.053 [main] DEBUG org.hibernate.loader.plan.build.internal.spaces.QuerySpacesImpl - Adding QuerySpace : uid = <gen:1> -> org.hibernate.loader.plan.build.internal.spaces.CollectionQuerySpaceImpl@a95cb11]
19:40:31.054 [main] DEBUG org.hibernate.loader.plan.build.internal.spaces.QuerySpacesImpl - Adding QuerySpace : uid = <gen:2> -> org.hibernate.loader.plan.build.internal.spaces.EntityQuerySpaceImpl@915d7c4]
19:40:31.054 [main] DEBUG org.hibernate.persister.walking.spi.MetamodelGraphWalker - Visiting attribute path : level
19:40:31.054 [main] DEBUG org.hibernate.persister.walking.spi.MetamodelGraphWalker - Visiting attribute path : name
19:40:31.054 [main] DEBUG org.hibernate.loader.plan.build.internal.FetchStyleLoadPlanBuildingAssociationVisitationStrategy - Building LoadPlan...
19:40:31.054 [main] DEBUG org.hibernate.loader.plan.exec.internal.LoadQueryJoinAndFetchProcessor - processing queryspace <gen:0>
19:40:31.054 [main] DEBUG org.hibernate.loader.plan.build.spi.LoadPlanTreePrinter - LoadPlan(entity=tau.mmo.domain.Player)
    - Returns
       - EntityReturnImpl(entity=tau.mmo.domain.Player, querySpaceUid=<gen:0>, path=tau.mmo.domain.Player)
          - CollectionAttributeFetchImpl(collection=tau.mmo.domain.Player.items, querySpaceUid=<gen:1>, path=tau.mmo.domain.Player.items)
             - (collection element) CollectionFetchableElementEntityGraph(entity=tau.mmo.domain.Item, querySpaceUid=<gen:2>, path=tau.mmo.domain.Player.items.<elements>)
    - QuerySpaces
       - EntityQuerySpaceImpl(uid=<gen:0>, entity=tau.mmo.domain.Player)
          - SQL table alias mapping - player0_
          - alias suffix - 0_
          - suffixed key columns - {id1_1_0_}

19:40:31.054 [main] DEBUG org.hibernate.loader.entity.plan.EntityLoader - Static select for entity tau.mmo.domain.Player [PESSIMISTIC_FORCE_INCREMENT]: select player0_.id as id1_1_0_, player0_.heroclass as heroclas2_1_0_, player0_.level as level3_1_0_, player0_.name as name4_1_0_ from player player0_ where player0_.id=? for update
19:40:31.054 [main] DEBUG org.hibernate.loader.plan.build.internal.spaces.QuerySpacesImpl - Adding QuerySpace : uid = <gen:0> -> org.hibernate.loader.plan.build.internal.spaces.EntityQuerySpaceImpl@2513155a]
19:40:31.054 [main] DEBUG org.hibernate.persister.walking.spi.MetamodelGraphWalker - Visiting attribute path : heroclass
19:40:31.054 [main] DEBUG org.hibernate.persister.walking.spi.MetamodelGraphWalker - Visiting attribute path : items
19:40:31.054 [main] DEBUG org.hibernate.loader.plan.build.internal.spaces.QuerySpacesImpl - Adding QuerySpace : uid = <gen:1> -> org.hibernate.loader.plan.build.internal.spaces.CollectionQuerySpaceImpl@47fa3671]
19:40:31.054 [main] DEBUG org.hibernate.loader.plan.build.internal.spaces.QuerySpacesImpl - Adding QuerySpace : uid = <gen:2> -> org.hibernate.loader.plan.build.internal.spaces.EntityQuerySpaceImpl@60f662bd]
19:40:31.054 [main] DEBUG org.hibernate.persister.walking.spi.MetamodelGraphWalker - Visiting attribute path : level
19:40:31.054 [main] DEBUG org.hibernate.persister.walking.spi.MetamodelGraphWalker - Visiting attribute path : name
19:40:31.054 [main] DEBUG org.hibernate.loader.plan.build.internal.FetchStyleLoadPlanBuildingAssociationVisitationStrategy - Building LoadPlan...
19:40:31.054 [main] DEBUG org.hibernate.loader.plan.exec.internal.LoadQueryJoinAndFetchProcessor - processing queryspace <gen:0>
19:40:31.054 [main] DEBUG org.hibernate.loader.plan.build.spi.LoadPlanTreePrinter - LoadPlan(entity=tau.mmo.domain.Player)
    - Returns
       - EntityReturnImpl(entity=tau.mmo.domain.Player, querySpaceUid=<gen:0>, path=tau.mmo.domain.Player)
          - CollectionAttributeFetchImpl(collection=tau.mmo.domain.Player.items, querySpaceUid=<gen:1>, path=tau.mmo.domain.Player.items)
             - (collection element) CollectionFetchableElementEntityGraph(entity=tau.mmo.domain.Item, querySpaceUid=<gen:2>, path=tau.mmo.domain.Player.items.<elements>)
    - QuerySpaces
       - EntityQuerySpaceImpl(uid=<gen:0>, entity=tau.mmo.domain.Player)
          - SQL table alias mapping - player0_
          - alias suffix - 0_
          - suffixed key columns - {id1_1_0_}

19:40:31.054 [main] DEBUG org.hibernate.loader.entity.plan.EntityLoader - Static select for entity tau.mmo.domain.Player [OPTIMISTIC]: select player0_.id as id1_1_0_, player0_.heroclass as heroclas2_1_0_, player0_.level as level3_1_0_, player0_.name as name4_1_0_ from player player0_ where player0_.id=?
19:40:31.054 [main] DEBUG org.hibernate.loader.plan.build.internal.spaces.QuerySpacesImpl - Adding QuerySpace : uid = <gen:0> -> org.hibernate.loader.plan.build.internal.spaces.EntityQuerySpaceImpl@5df2023c]
19:40:31.054 [main] DEBUG org.hibernate.persister.walking.spi.MetamodelGraphWalker - Visiting attribute path : heroclass
19:40:31.054 [main] DEBUG org.hibernate.persister.walking.spi.MetamodelGraphWalker - Visiting attribute path : items
19:40:31.054 [main] DEBUG org.hibernate.loader.plan.build.internal.spaces.QuerySpacesImpl - Adding QuerySpace : uid = <gen:1> -> org.hibernate.loader.plan.build.internal.spaces.CollectionQuerySpaceImpl@3562e7c7]
19:40:31.054 [main] DEBUG org.hibernate.loader.plan.build.internal.spaces.QuerySpacesImpl - Adding QuerySpace : uid = <gen:2> -> org.hibernate.loader.plan.build.internal.spaces.EntityQuerySpaceImpl@66d2885c]
19:40:31.054 [main] DEBUG org.hibernate.persister.walking.spi.MetamodelGraphWalker - Visiting attribute path : level
19:40:31.054 [main] DEBUG org.hibernate.persister.walking.spi.MetamodelGraphWalker - Visiting attribute path : name
19:40:31.054 [main] DEBUG org.hibernate.loader.plan.build.internal.FetchStyleLoadPlanBuildingAssociationVisitationStrategy - Building LoadPlan...
19:40:31.055 [main] DEBUG org.hibernate.loader.plan.exec.internal.LoadQueryJoinAndFetchProcessor - processing queryspace <gen:0>
19:40:31.055 [main] DEBUG org.hibernate.loader.plan.build.spi.LoadPlanTreePrinter - LoadPlan(entity=tau.mmo.domain.Player)
    - Returns
       - EntityReturnImpl(entity=tau.mmo.domain.Player, querySpaceUid=<gen:0>, path=tau.mmo.domain.Player)
          - CollectionAttributeFetchImpl(collection=tau.mmo.domain.Player.items, querySpaceUid=<gen:1>, path=tau.mmo.domain.Player.items)
             - (collection element) CollectionFetchableElementEntityGraph(entity=tau.mmo.domain.Item, querySpaceUid=<gen:2>, path=tau.mmo.domain.Player.items.<elements>)
    - QuerySpaces
       - EntityQuerySpaceImpl(uid=<gen:0>, entity=tau.mmo.domain.Player)
          - SQL table alias mapping - player0_
          - alias suffix - 0_
          - suffixed key columns - {id1_1_0_}

19:40:31.055 [main] DEBUG org.hibernate.loader.entity.plan.EntityLoader - Static select for entity tau.mmo.domain.Player [OPTIMISTIC_FORCE_INCREMENT]: select player0_.id as id1_1_0_, player0_.heroclass as heroclas2_1_0_, player0_.level as level3_1_0_, player0_.name as name4_1_0_ from player player0_ where player0_.id=?
19:40:31.055 [main] DEBUG org.hibernate.loader.Loader - Static select for action ACTION_MERGE on entity tau.mmo.domain.Player: select player0_.id as id1_1_0_, player0_.heroclass as heroclas2_1_0_, player0_.level as level3_1_0_, player0_.name as name4_1_0_ from player player0_ where player0_.id=?
19:40:31.055 [main] DEBUG org.hibernate.loader.Loader - Static select for action ACTION_REFRESH on entity tau.mmo.domain.Player: select player0_.id as id1_1_0_, player0_.heroclass as heroclas2_1_0_, player0_.level as level3_1_0_, player0_.name as name4_1_0_ from player player0_ where player0_.id=?
19:40:31.055 [main] DEBUG org.hibernate.loader.plan.build.internal.spaces.QuerySpacesImpl - Adding QuerySpace : uid = <gen:0> -> org.hibernate.loader.plan.build.internal.spaces.CollectionQuerySpaceImpl@2bfc8558]
19:40:31.055 [main] DEBUG org.hibernate.loader.plan.build.internal.spaces.QuerySpacesImpl - Adding QuerySpace : uid = <gen:1> -> org.hibernate.loader.plan.build.internal.spaces.EntityQuerySpaceImpl@6029f2a4]
19:40:31.055 [main] DEBUG org.hibernate.persister.walking.spi.MetamodelGraphWalker - Visiting attribute path : itemclass
19:40:31.055 [main] DEBUG org.hibernate.persister.walking.spi.MetamodelGraphWalker - Visiting attribute path : levelreq
19:40:31.055 [main] DEBUG org.hibernate.persister.walking.spi.MetamodelGraphWalker - Visiting attribute path : name
19:40:31.055 [main] DEBUG org.hibernate.persister.walking.spi.MetamodelGraphWalker - Visiting attribute path : player
19:40:31.055 [main] DEBUG org.hibernate.persister.walking.spi.MetamodelGraphWalker - Property path deemed to be circular : player
19:40:31.055 [main] DEBUG org.hibernate.loader.plan.build.internal.FetchStyleLoadPlanBuildingAssociationVisitationStrategy - Building LoadPlan...
19:40:31.055 [main] DEBUG org.hibernate.loader.plan.exec.internal.LoadQueryJoinAndFetchProcessor - processing queryspace <gen:0>
19:40:31.055 [main] DEBUG org.hibernate.loader.plan.build.spi.LoadPlanTreePrinter - LoadPlan(collection=tau.mmo.domain.Player.items)
    - Returns
       - CollectionReturnImpl(collection=tau.mmo.domain.Player.items, querySpaceUid=<gen:0>, path=[tau.mmo.domain.Player.items])
          - (collection element) CollectionFetchableElementEntityGraph(entity=tau.mmo.domain.Item, querySpaceUid=<gen:1>, path=[tau.mmo.domain.Player.items].<elements>)
    - QuerySpaces
       - CollectionQuerySpaceImpl(uid=<gen:0>, collection=tau.mmo.domain.Player.items)
          - SQL table alias mapping - items0_
          - alias suffix - 0_
          - suffixed key columns - {player_i5_0_0_}
          - entity-element alias suffix - 1_
          - 1_entity-element suffixed key columns - id1_0_1_
          - JOIN (JoinDefinedByMetadata(elements)) : <gen:0> -> <gen:1>
             - EntityQuerySpaceImpl(uid=<gen:1>, entity=tau.mmo.domain.Item)
                - SQL table alias mapping - items0_
                - alias suffix - 1_
                - suffixed key columns - {id1_0_1_}

19:40:31.055 [main] DEBUG org.hibernate.loader.collection.plan.CollectionLoader - Static select for collection tau.mmo.domain.Player.items: select items0_.player_id as player_i5_0_0_, items0_.id as id1_0_0_, items0_.id as id1_0_1_, items0_.itemclass as itemclas2_0_1_, items0_.levelreq as levelreq3_0_1_, items0_.name as name4_0_1_, items0_.player_id as player_i5_0_1_ from item items0_ where items0_.player_id=?
19:40:31.055 [main] DEBUG org.hibernate.internal.SessionFactoryImpl - Instantiated session factory
19:40:31.056 [main] DEBUG org.springframework.jdbc.datasource.DriverManagerDataSource - Creating new JDBC DriverManager Connection to [jdbc:hsqldb:hsql://localhost/workdb]
19:40:31.056 [main] DEBUG org.hibernate.engine.jdbc.spi.SqlExceptionHelper - Unable to open JDBC Connection for DDL execution [n/a]
java.sql.SQLTransientConnectionException: java.net.ConnectException: Połączenie odrzucone (Connection refused)
	at org.hsqldb.jdbc.JDBCUtil.sqlException(Unknown Source)
	at org.hsqldb.jdbc.JDBCUtil.sqlException(Unknown Source)
	at org.hsqldb.jdbc.JDBCConnection.<init>(Unknown Source)
	at org.hsqldb.jdbc.JDBCDriver.getConnection(Unknown Source)
	at org.hsqldb.jdbc.JDBCDriver.connect(Unknown Source)
	at java.sql/java.sql.DriverManager.getConnection(DriverManager.java:677)
	at java.sql/java.sql.DriverManager.getConnection(DriverManager.java:189)
	at org.springframework.jdbc.datasource.DriverManagerDataSource.getConnectionFromDriverManager(DriverManagerDataSource.java:154)
	at org.springframework.jdbc.datasource.DriverManagerDataSource.getConnectionFromDriver(DriverManagerDataSource.java:145)
	at org.springframework.jdbc.datasource.AbstractDriverBasedDataSource.getConnectionFromDriver(AbstractDriverBasedDataSource.java:205)
	at org.springframework.jdbc.datasource.AbstractDriverBasedDataSource.getConnection(AbstractDriverBasedDataSource.java:169)
	at org.hibernate.engine.jdbc.connections.internal.DatasourceConnectionProviderImpl.getConnection(DatasourceConnectionProviderImpl.java:122)
	at org.hibernate.engine.jdbc.env.internal.JdbcEnvironmentInitiator$ConnectionProviderJdbcConnectionAccess.obtainConnection(JdbcEnvironmentInitiator.java:180)
	at org.hibernate.resource.transaction.backend.jdbc.internal.DdlTransactionIsolatorNonJtaImpl.getIsolatedConnection(DdlTransactionIsolatorNonJtaImpl.java:43)
	at org.hibernate.tool.schema.internal.exec.ImprovedExtractionContextImpl.getJdbcConnection(ImprovedExtractionContextImpl.java:60)
	at org.hibernate.tool.schema.extract.internal.SequenceInformationExtractorLegacyImpl.extractMetadata(SequenceInformationExtractorLegacyImpl.java:40)
	at org.hibernate.tool.schema.extract.internal.DatabaseInformationImpl.initializeSequences(DatabaseInformationImpl.java:65)
	at org.hibernate.tool.schema.extract.internal.DatabaseInformationImpl.<init>(DatabaseInformationImpl.java:59)
	at org.hibernate.tool.schema.internal.Helper.buildDatabaseInformation(Helper.java:130)
	at org.hibernate.tool.schema.internal.AbstractSchemaMigrator.doMigration(AbstractSchemaMigrator.java:92)
	at org.hibernate.tool.schema.spi.SchemaManagementToolCoordinator.performDatabaseAction(SchemaManagementToolCoordinator.java:176)
	at org.hibernate.tool.schema.spi.SchemaManagementToolCoordinator.process(SchemaManagementToolCoordinator.java:65)
	at org.hibernate.internal.SessionFactoryImpl.<init>(SessionFactoryImpl.java:459)
	at org.hibernate.boot.internal.SessionFactoryBuilderImpl.build(SessionFactoryBuilderImpl.java:465)
	at org.hibernate.cfg.Configuration.buildSessionFactory(Configuration.java:711)
	at org.hibernate.cfg.Configuration.buildSessionFactory(Configuration.java:727)
	at org.springframework.orm.hibernate5.LocalSessionFactoryBean.buildSessionFactory(LocalSessionFactoryBean.java:615)
	at org.springframework.orm.hibernate5.LocalSessionFactoryBean.afterPropertiesSet(LocalSessionFactoryBean.java:599)
	at org.springframework.beans.factory.support.AbstractAutowireCapableBeanFactory.invokeInitMethods(AbstractAutowireCapableBeanFactory.java:1837)
	at org.springframework.beans.factory.support.AbstractAutowireCapableBeanFactory.initializeBean(AbstractAutowireCapableBeanFactory.java:1774)
	at org.springframework.beans.factory.support.AbstractAutowireCapableBeanFactory.doCreateBean(AbstractAutowireCapableBeanFactory.java:593)
	at org.springframework.beans.factory.support.AbstractAutowireCapableBeanFactory.createBean(AbstractAutowireCapableBeanFactory.java:515)
	at org.springframework.beans.factory.support.AbstractBeanFactory.lambda$doGetBean$0(AbstractBeanFactory.java:320)
	at org.springframework.beans.factory.support.DefaultSingletonBeanRegistry.getSingleton(DefaultSingletonBeanRegistry.java:222)
	at org.springframework.beans.factory.support.AbstractBeanFactory.doGetBean(AbstractBeanFactory.java:318)
	at org.springframework.beans.factory.support.AbstractBeanFactory.getBean(AbstractBeanFactory.java:199)
	at org.springframework.beans.factory.config.DependencyDescriptor.resolveCandidate(DependencyDescriptor.java:277)
	at org.springframework.beans.factory.support.DefaultListableBeanFactory.doResolveDependency(DefaultListableBeanFactory.java:1247)
	at org.springframework.beans.factory.support.DefaultListableBeanFactory.resolveDependency(DefaultListableBeanFactory.java:1167)
	at org.springframework.beans.factory.annotation.AutowiredAnnotationBeanPostProcessor$AutowiredFieldElement.inject(AutowiredAnnotationBeanPostProcessor.java:593)
	at org.springframework.beans.factory.annotation.InjectionMetadata.inject(InjectionMetadata.java:90)
	at org.springframework.beans.factory.annotation.AutowiredAnnotationBeanPostProcessor.postProcessProperties(AutowiredAnnotationBeanPostProcessor.java:374)
	at org.springframework.beans.factory.support.AbstractAutowireCapableBeanFactory.populateBean(AbstractAutowireCapableBeanFactory.java:1411)
	at org.springframework.beans.factory.support.AbstractAutowireCapableBeanFactory.doCreateBean(AbstractAutowireCapableBeanFactory.java:592)
	at org.springframework.beans.factory.support.AbstractAutowireCapableBeanFactory.createBean(AbstractAutowireCapableBeanFactory.java:515)
	at org.springframework.beans.factory.support.AbstractBeanFactory.lambda$doGetBean$0(AbstractBeanFactory.java:320)
	at org.springframework.beans.factory.support.DefaultSingletonBeanRegistry.getSingleton(DefaultSingletonBeanRegistry.java:222)
	at org.springframework.beans.factory.support.AbstractBeanFactory.doGetBean(AbstractBeanFactory.java:318)
	at org.springframework.beans.factory.support.AbstractBeanFactory.getBean(AbstractBeanFactory.java:199)
	at org.springframework.beans.factory.config.DependencyDescriptor.resolveCandidate(DependencyDescriptor.java:277)
	at org.springframework.beans.factory.support.DefaultListableBeanFactory.doResolveDependency(DefaultListableBeanFactory.java:1247)
	at org.springframework.beans.factory.support.DefaultListableBeanFactory.resolveDependency(DefaultListableBeanFactory.java:1167)
	at org.springframework.beans.factory.annotation.AutowiredAnnotationBeanPostProcessor$AutowiredFieldElement.inject(AutowiredAnnotationBeanPostProcessor.java:593)
	at org.springframework.beans.factory.annotation.InjectionMetadata.inject(InjectionMetadata.java:90)
	at org.springframework.beans.factory.annotation.AutowiredAnnotationBeanPostProcessor.postProcessProperties(AutowiredAnnotationBeanPostProcessor.java:374)
	at org.springframework.beans.factory.support.AbstractAutowireCapableBeanFactory.populateBean(AbstractAutowireCapableBeanFactory.java:1411)
	at org.springframework.beans.factory.support.AbstractAutowireCapableBeanFactory.doCreateBean(AbstractAutowireCapableBeanFactory.java:592)
	at org.springframework.beans.factory.support.AbstractAutowireCapableBeanFactory.createBean(AbstractAutowireCapableBeanFactory.java:515)
	at org.springframework.beans.factory.support.AbstractBeanFactory.lambda$doGetBean$0(AbstractBeanFactory.java:320)
	at org.springframework.beans.factory.support.DefaultSingletonBeanRegistry.getSingleton(DefaultSingletonBeanRegistry.java:222)
	at org.springframework.beans.factory.support.AbstractBeanFactory.doGetBean(AbstractBeanFactory.java:318)
	at org.springframework.beans.factory.support.AbstractBeanFactory.getBean(AbstractBeanFactory.java:199)
	at org.springframework.beans.factory.support.DefaultListableBeanFactory.preInstantiateSingletons(DefaultListableBeanFactory.java:849)
	at org.springframework.context.support.AbstractApplicationContext.finishBeanFactoryInitialization(AbstractApplicationContext.java:877)
	at org.springframework.context.support.AbstractApplicationContext.refresh(AbstractApplicationContext.java:549)
	at org.springframework.test.context.support.AbstractGenericContextLoader.loadContext(AbstractGenericContextLoader.java:128)
	at org.springframework.test.context.support.AbstractGenericContextLoader.loadContext(AbstractGenericContextLoader.java:60)
	at org.springframework.test.context.support.AbstractDelegatingSmartContextLoader.delegateLoading(AbstractDelegatingSmartContextLoader.java:275)
	at org.springframework.test.context.support.AbstractDelegatingSmartContextLoader.loadContext(AbstractDelegatingSmartContextLoader.java:243)
	at org.springframework.test.context.cache.DefaultCacheAwareContextLoaderDelegate.loadContextInternal(DefaultCacheAwareContextLoaderDelegate.java:99)
	at org.springframework.test.context.cache.DefaultCacheAwareContextLoaderDelegate.loadContext(DefaultCacheAwareContextLoaderDelegate.java:117)
	at org.springframework.test.context.support.DefaultTestContext.getApplicationContext(DefaultTestContext.java:108)
	at org.springframework.test.context.support.DependencyInjectionTestExecutionListener.injectDependencies(DependencyInjectionTestExecutionListener.java:118)
	at org.springframework.test.context.support.DependencyInjectionTestExecutionListener.prepareTestInstance(DependencyInjectionTestExecutionListener.java:83)
	at org.springframework.test.context.TestContextManager.prepareTestInstance(TestContextManager.java:246)
	at org.springframework.test.context.junit4.SpringJUnit4ClassRunner.createTest(SpringJUnit4ClassRunner.java:227)
	at org.springframework.test.context.junit4.SpringJUnit4ClassRunner$1.runReflectiveCall(SpringJUnit4ClassRunner.java:289)
	at org.junit.internal.runners.model.ReflectiveCallable.run(ReflectiveCallable.java:12)
	at org.springframework.test.context.junit4.SpringJUnit4ClassRunner.methodBlock(SpringJUnit4ClassRunner.java:291)
	at org.springframework.test.context.junit4.SpringJUnit4ClassRunner.runChild(SpringJUnit4ClassRunner.java:246)
	at org.springframework.test.context.junit4.SpringJUnit4ClassRunner.runChild(SpringJUnit4ClassRunner.java:97)
	at org.junit.runners.ParentRunner$3.run(ParentRunner.java:290)
	at org.junit.runners.ParentRunner$1.schedule(ParentRunner.java:71)
	at org.junit.runners.ParentRunner.runChildren(ParentRunner.java:288)
	at org.junit.runners.ParentRunner.access$000(ParentRunner.java:58)
	at org.junit.runners.ParentRunner$2.evaluate(ParentRunner.java:268)
	at org.springframework.test.context.junit4.statements.RunBeforeTestClassCallbacks.evaluate(RunBeforeTestClassCallbacks.java:61)
	at org.springframework.test.context.junit4.statements.RunAfterTestClassCallbacks.evaluate(RunAfterTestClassCallbacks.java:70)
	at org.junit.runners.ParentRunner.run(ParentRunner.java:363)
	at org.springframework.test.context.junit4.SpringJUnit4ClassRunner.run(SpringJUnit4ClassRunner.java:190)
	at org.apache.maven.surefire.junit4.JUnit4Provider.execute(JUnit4Provider.java:365)
	at org.apache.maven.surefire.junit4.JUnit4Provider.executeWithRerun(JUnit4Provider.java:273)
	at org.apache.maven.surefire.junit4.JUnit4Provider.executeTestSet(JUnit4Provider.java:238)
	at org.apache.maven.surefire.junit4.JUnit4Provider.invoke(JUnit4Provider.java:159)
	at org.apache.maven.surefire.booter.ForkedBooter.invokeProviderInSameClassLoader(ForkedBooter.java:384)
	at org.apache.maven.surefire.booter.ForkedBooter.runSuitesInProcess(ForkedBooter.java:345)
	at org.apache.maven.surefire.booter.ForkedBooter.execute(ForkedBooter.java:126)
	at org.apache.maven.surefire.booter.ForkedBooter.main(ForkedBooter.java:418)
Caused by: org.hsqldb.HsqlException: java.net.ConnectException: Połączenie odrzucone (Connection refused)
	at org.hsqldb.ClientConnection.openConnection(Unknown Source)
	at org.hsqldb.ClientConnection.initConnection(Unknown Source)
	at org.hsqldb.ClientConnection.<init>(Unknown Source)
	... 96 common frames omitted
Caused by: java.net.ConnectException: Połączenie odrzucone (Connection refused)
	at java.base/java.net.PlainSocketImpl.socketConnect(Native Method)
	at java.base/java.net.AbstractPlainSocketImpl.doConnect(AbstractPlainSocketImpl.java:399)
	at java.base/java.net.AbstractPlainSocketImpl.connectToAddress(AbstractPlainSocketImpl.java:242)
	at java.base/java.net.AbstractPlainSocketImpl.connect(AbstractPlainSocketImpl.java:224)
	at java.base/java.net.SocksSocketImpl.connect(SocksSocketImpl.java:403)
	at java.base/java.net.Socket.connect(Socket.java:591)
	at java.base/java.net.Socket.connect(Socket.java:540)
	at java.base/java.net.Socket.<init>(Socket.java:436)
	at java.base/java.net.Socket.<init>(Socket.java:213)
	at org.hsqldb.server.HsqlSocketFactory.createSocket(Unknown Source)
	... 99 common frames omitted
19:40:31.057 [main] WARN org.hibernate.engine.jdbc.spi.SqlExceptionHelper - SQL Error: -1301, SQLState: 08001
19:40:31.057 [main] ERROR org.hibernate.engine.jdbc.spi.SqlExceptionHelper - java.net.ConnectException: Połączenie odrzucone (Connection refused)
19:40:31.057 [main] WARN org.springframework.context.support.GenericApplicationContext - Exception encountered during context initialization - cancelling refresh attempt: org.springframework.beans.factory.UnsatisfiedDependencyException: Error creating bean with name 'playerController': Unsatisfied dependency expressed through field 'playerManager'; nested exception is org.springframework.beans.factory.UnsatisfiedDependencyException: Error creating bean with name 'playerManagerHibernateImpl': Unsatisfied dependency expressed through field 'sessionFactory'; nested exception is org.springframework.beans.factory.BeanCreationException: Error creating bean with name 'hibernateSessionFactory' defined in class path resource [beans.xml]: Invocation of init method failed; nested exception is org.hibernate.exception.JDBCConnectionException: Unable to open JDBC Connection for DDL execution
19:40:31.058 [main] ERROR org.springframework.test.context.TestContextManager - Caught exception while allowing TestExecutionListener [org.springframework.test.context.support.DependencyInjectionTestExecutionListener@6a400542] to prepare test instance [tau.mmo.service.PlayerManagerTest@794c5f5e]
java.lang.IllegalStateException: Failed to load ApplicationContext
	at org.springframework.test.context.cache.DefaultCacheAwareContextLoaderDelegate.loadContext(DefaultCacheAwareContextLoaderDelegate.java:125)
	at org.springframework.test.context.support.DefaultTestContext.getApplicationContext(DefaultTestContext.java:108)
	at org.springframework.test.context.support.DependencyInjectionTestExecutionListener.injectDependencies(DependencyInjectionTestExecutionListener.java:118)
	at org.springframework.test.context.support.DependencyInjectionTestExecutionListener.prepareTestInstance(DependencyInjectionTestExecutionListener.java:83)
	at org.springframework.test.context.TestContextManager.prepareTestInstance(TestContextManager.java:246)
	at org.springframework.test.context.junit4.SpringJUnit4ClassRunner.createTest(SpringJUnit4ClassRunner.java:227)
	at org.springframework.test.context.junit4.SpringJUnit4ClassRunner$1.runReflectiveCall(SpringJUnit4ClassRunner.java:289)
	at org.junit.internal.runners.model.ReflectiveCallable.run(ReflectiveCallable.java:12)
	at org.springframework.test.context.junit4.SpringJUnit4ClassRunner.methodBlock(SpringJUnit4ClassRunner.java:291)
	at org.springframework.test.context.junit4.SpringJUnit4ClassRunner.runChild(SpringJUnit4ClassRunner.java:246)
	at org.springframework.test.context.junit4.SpringJUnit4ClassRunner.runChild(SpringJUnit4ClassRunner.java:97)
	at org.junit.runners.ParentRunner$3.run(ParentRunner.java:290)
	at org.junit.runners.ParentRunner$1.schedule(ParentRunner.java:71)
	at org.junit.runners.ParentRunner.runChildren(ParentRunner.java:288)
	at org.junit.runners.ParentRunner.access$000(ParentRunner.java:58)
	at org.junit.runners.ParentRunner$2.evaluate(ParentRunner.java:268)
	at org.springframework.test.context.junit4.statements.RunBeforeTestClassCallbacks.evaluate(RunBeforeTestClassCallbacks.java:61)
	at org.springframework.test.context.junit4.statements.RunAfterTestClassCallbacks.evaluate(RunAfterTestClassCallbacks.java:70)
	at org.junit.runners.ParentRunner.run(ParentRunner.java:363)
	at org.springframework.test.context.junit4.SpringJUnit4ClassRunner.run(SpringJUnit4ClassRunner.java:190)
	at org.apache.maven.surefire.junit4.JUnit4Provider.execute(JUnit4Provider.java:365)
	at org.apache.maven.surefire.junit4.JUnit4Provider.executeWithRerun(JUnit4Provider.java:273)
	at org.apache.maven.surefire.junit4.JUnit4Provider.executeTestSet(JUnit4Provider.java:238)
	at org.apache.maven.surefire.junit4.JUnit4Provider.invoke(JUnit4Provider.java:159)
	at org.apache.maven.surefire.booter.ForkedBooter.invokeProviderInSameClassLoader(ForkedBooter.java:384)
	at org.apache.maven.surefire.booter.ForkedBooter.runSuitesInProcess(ForkedBooter.java:345)
	at org.apache.maven.surefire.booter.ForkedBooter.execute(ForkedBooter.java:126)
	at org.apache.maven.surefire.booter.ForkedBooter.main(ForkedBooter.java:418)
Caused by: org.springframework.beans.factory.UnsatisfiedDependencyException: Error creating bean with name 'playerController': Unsatisfied dependency expressed through field 'playerManager'; nested exception is org.springframework.beans.factory.UnsatisfiedDependencyException: Error creating bean with name 'playerManagerHibernateImpl': Unsatisfied dependency expressed through field 'sessionFactory'; nested exception is org.springframework.beans.factory.BeanCreationException: Error creating bean with name 'hibernateSessionFactory' defined in class path resource [beans.xml]: Invocation of init method failed; nested exception is org.hibernate.exception.JDBCConnectionException: Unable to open JDBC Connection for DDL execution
	at org.springframework.beans.factory.annotation.AutowiredAnnotationBeanPostProcessor$AutowiredFieldElement.inject(AutowiredAnnotationBeanPostProcessor.java:596)
	at org.springframework.beans.factory.annotation.InjectionMetadata.inject(InjectionMetadata.java:90)
	at org.springframework.beans.factory.annotation.AutowiredAnnotationBeanPostProcessor.postProcessProperties(AutowiredAnnotationBeanPostProcessor.java:374)
	at org.springframework.beans.factory.support.AbstractAutowireCapableBeanFactory.populateBean(AbstractAutowireCapableBeanFactory.java:1411)
	at org.springframework.beans.factory.support.AbstractAutowireCapableBeanFactory.doCreateBean(AbstractAutowireCapableBeanFactory.java:592)
	at org.springframework.beans.factory.support.AbstractAutowireCapableBeanFactory.createBean(AbstractAutowireCapableBeanFactory.java:515)
	at org.springframework.beans.factory.support.AbstractBeanFactory.lambda$doGetBean$0(AbstractBeanFactory.java:320)
	at org.springframework.beans.factory.support.DefaultSingletonBeanRegistry.getSingleton(DefaultSingletonBeanRegistry.java:222)
	at org.springframework.beans.factory.support.AbstractBeanFactory.doGetBean(AbstractBeanFactory.java:318)
	at org.springframework.beans.factory.support.AbstractBeanFactory.getBean(AbstractBeanFactory.java:199)
	at org.springframework.beans.factory.support.DefaultListableBeanFactory.preInstantiateSingletons(DefaultListableBeanFactory.java:849)
	at org.springframework.context.support.AbstractApplicationContext.finishBeanFactoryInitialization(AbstractApplicationContext.java:877)
	at org.springframework.context.support.AbstractApplicationContext.refresh(AbstractApplicationContext.java:549)
	at org.springframework.test.context.support.AbstractGenericContextLoader.loadContext(AbstractGenericContextLoader.java:128)
	at org.springframework.test.context.support.AbstractGenericContextLoader.loadContext(AbstractGenericContextLoader.java:60)
	at org.springframework.test.context.support.AbstractDelegatingSmartContextLoader.delegateLoading(AbstractDelegatingSmartContextLoader.java:275)
	at org.springframework.test.context.support.AbstractDelegatingSmartContextLoader.loadContext(AbstractDelegatingSmartContextLoader.java:243)
	at org.springframework.test.context.cache.DefaultCacheAwareContextLoaderDelegate.loadContextInternal(DefaultCacheAwareContextLoaderDelegate.java:99)
	at org.springframework.test.context.cache.DefaultCacheAwareContextLoaderDelegate.loadContext(DefaultCacheAwareContextLoaderDelegate.java:117)
	... 27 common frames omitted
Caused by: org.springframework.beans.factory.UnsatisfiedDependencyException: Error creating bean with name 'playerManagerHibernateImpl': Unsatisfied dependency expressed through field 'sessionFactory'; nested exception is org.springframework.beans.factory.BeanCreationException: Error creating bean with name 'hibernateSessionFactory' defined in class path resource [beans.xml]: Invocation of init method failed; nested exception is org.hibernate.exception.JDBCConnectionException: Unable to open JDBC Connection for DDL execution
	at org.springframework.beans.factory.annotation.AutowiredAnnotationBeanPostProcessor$AutowiredFieldElement.inject(AutowiredAnnotationBeanPostProcessor.java:596)
	at org.springframework.beans.factory.annotation.InjectionMetadata.inject(InjectionMetadata.java:90)
	at org.springframework.beans.factory.annotation.AutowiredAnnotationBeanPostProcessor.postProcessProperties(AutowiredAnnotationBeanPostProcessor.java:374)
	at org.springframework.beans.factory.support.AbstractAutowireCapableBeanFactory.populateBean(AbstractAutowireCapableBeanFactory.java:1411)
	at org.springframework.beans.factory.support.AbstractAutowireCapableBeanFactory.doCreateBean(AbstractAutowireCapableBeanFactory.java:592)
	at org.springframework.beans.factory.support.AbstractAutowireCapableBeanFactory.createBean(AbstractAutowireCapableBeanFactory.java:515)
	at org.springframework.beans.factory.support.AbstractBeanFactory.lambda$doGetBean$0(AbstractBeanFactory.java:320)
	at org.springframework.beans.factory.support.DefaultSingletonBeanRegistry.getSingleton(DefaultSingletonBeanRegistry.java:222)
	at org.springframework.beans.factory.support.AbstractBeanFactory.doGetBean(AbstractBeanFactory.java:318)
	at org.springframework.beans.factory.support.AbstractBeanFactory.getBean(AbstractBeanFactory.java:199)
	at org.springframework.beans.factory.config.DependencyDescriptor.resolveCandidate(DependencyDescriptor.java:277)
	at org.springframework.beans.factory.support.DefaultListableBeanFactory.doResolveDependency(DefaultListableBeanFactory.java:1247)
	at org.springframework.beans.factory.support.DefaultListableBeanFactory.resolveDependency(DefaultListableBeanFactory.java:1167)
	at org.springframework.beans.factory.annotation.AutowiredAnnotationBeanPostProcessor$AutowiredFieldElement.inject(AutowiredAnnotationBeanPostProcessor.java:593)
	... 45 common frames omitted
Caused by: org.springframework.beans.factory.BeanCreationException: Error creating bean with name 'hibernateSessionFactory' defined in class path resource [beans.xml]: Invocation of init method failed; nested exception is org.hibernate.exception.JDBCConnectionException: Unable to open JDBC Connection for DDL execution
	at org.springframework.beans.factory.support.AbstractAutowireCapableBeanFactory.initializeBean(AbstractAutowireCapableBeanFactory.java:1778)
	at org.springframework.beans.factory.support.AbstractAutowireCapableBeanFactory.doCreateBean(AbstractAutowireCapableBeanFactory.java:593)
	at org.springframework.beans.factory.support.AbstractAutowireCapableBeanFactory.createBean(AbstractAutowireCapableBeanFactory.java:515)
	at org.springframework.beans.factory.support.AbstractBeanFactory.lambda$doGetBean$0(AbstractBeanFactory.java:320)
	at org.springframework.beans.factory.support.DefaultSingletonBeanRegistry.getSingleton(DefaultSingletonBeanRegistry.java:222)
	at org.springframework.beans.factory.support.AbstractBeanFactory.doGetBean(AbstractBeanFactory.java:318)
	at org.springframework.beans.factory.support.AbstractBeanFactory.getBean(AbstractBeanFactory.java:199)
	at org.springframework.beans.factory.config.DependencyDescriptor.resolveCandidate(DependencyDescriptor.java:277)
	at org.springframework.beans.factory.support.DefaultListableBeanFactory.doResolveDependency(DefaultListableBeanFactory.java:1247)
	at org.springframework.beans.factory.support.DefaultListableBeanFactory.resolveDependency(DefaultListableBeanFactory.java:1167)
	at org.springframework.beans.factory.annotation.AutowiredAnnotationBeanPostProcessor$AutowiredFieldElement.inject(AutowiredAnnotationBeanPostProcessor.java:593)
	... 58 common frames omitted
Caused by: org.hibernate.exception.JDBCConnectionException: Unable to open JDBC Connection for DDL execution
	at org.hibernate.exception.internal.SQLExceptionTypeDelegate.convert(SQLExceptionTypeDelegate.java:48)
	at org.hibernate.exception.internal.StandardSQLExceptionConverter.convert(StandardSQLExceptionConverter.java:42)
	at org.hibernate.engine.jdbc.spi.SqlExceptionHelper.convert(SqlExceptionHelper.java:111)
	at org.hibernate.engine.jdbc.spi.SqlExceptionHelper.convert(SqlExceptionHelper.java:97)
	at org.hibernate.resource.transaction.backend.jdbc.internal.DdlTransactionIsolatorNonJtaImpl.getIsolatedConnection(DdlTransactionIsolatorNonJtaImpl.java:69)
	at org.hibernate.tool.schema.internal.exec.ImprovedExtractionContextImpl.getJdbcConnection(ImprovedExtractionContextImpl.java:60)
	at org.hibernate.tool.schema.extract.internal.SequenceInformationExtractorLegacyImpl.extractMetadata(SequenceInformationExtractorLegacyImpl.java:40)
	at org.hibernate.tool.schema.extract.internal.DatabaseInformationImpl.initializeSequences(DatabaseInformationImpl.java:65)
	at org.hibernate.tool.schema.extract.internal.DatabaseInformationImpl.<init>(DatabaseInformationImpl.java:59)
	at org.hibernate.tool.schema.internal.Helper.buildDatabaseInformation(Helper.java:130)
	at org.hibernate.tool.schema.internal.AbstractSchemaMigrator.doMigration(AbstractSchemaMigrator.java:92)
	at org.hibernate.tool.schema.spi.SchemaManagementToolCoordinator.performDatabaseAction(SchemaManagementToolCoordinator.java:176)
	at org.hibernate.tool.schema.spi.SchemaManagementToolCoordinator.process(SchemaManagementToolCoordinator.java:65)
	at org.hibernate.internal.SessionFactoryImpl.<init>(SessionFactoryImpl.java:459)
	at org.hibernate.boot.internal.SessionFactoryBuilderImpl.build(SessionFactoryBuilderImpl.java:465)
	at org.hibernate.cfg.Configuration.buildSessionFactory(Configuration.java:711)
	at org.hibernate.cfg.Configuration.buildSessionFactory(Configuration.java:727)
	at org.springframework.orm.hibernate5.LocalSessionFactoryBean.buildSessionFactory(LocalSessionFactoryBean.java:615)
	at org.springframework.orm.hibernate5.LocalSessionFactoryBean.afterPropertiesSet(LocalSessionFactoryBean.java:599)
	at org.springframework.beans.factory.support.AbstractAutowireCapableBeanFactory.invokeInitMethods(AbstractAutowireCapableBeanFactory.java:1837)
	at org.springframework.beans.factory.support.AbstractAutowireCapableBeanFactory.initializeBean(AbstractAutowireCapableBeanFactory.java:1774)
	... 68 common frames omitted
Caused by: java.sql.SQLTransientConnectionException: java.net.ConnectException: Połączenie odrzucone (Connection refused)
	at org.hsqldb.jdbc.JDBCUtil.sqlException(Unknown Source)
	at org.hsqldb.jdbc.JDBCUtil.sqlException(Unknown Source)
	at org.hsqldb.jdbc.JDBCConnection.<init>(Unknown Source)
	at org.hsqldb.jdbc.JDBCDriver.getConnection(Unknown Source)
	at org.hsqldb.jdbc.JDBCDriver.connect(Unknown Source)
	at java.sql/java.sql.DriverManager.getConnection(DriverManager.java:677)
	at java.sql/java.sql.DriverManager.getConnection(DriverManager.java:189)
	at org.springframework.jdbc.datasource.DriverManagerDataSource.getConnectionFromDriverManager(DriverManagerDataSource.java:154)
	at org.springframework.jdbc.datasource.DriverManagerDataSource.getConnectionFromDriver(DriverManagerDataSource.java:145)
	at org.springframework.jdbc.datasource.AbstractDriverBasedDataSource.getConnectionFromDriver(AbstractDriverBasedDataSource.java:205)
	at org.springframework.jdbc.datasource.AbstractDriverBasedDataSource.getConnection(AbstractDriverBasedDataSource.java:169)
	at org.hibernate.engine.jdbc.connections.internal.DatasourceConnectionProviderImpl.getConnection(DatasourceConnectionProviderImpl.java:122)
	at org.hibernate.engine.jdbc.env.internal.JdbcEnvironmentInitiator$ConnectionProviderJdbcConnectionAccess.obtainConnection(JdbcEnvironmentInitiator.java:180)
	at org.hibernate.resource.transaction.backend.jdbc.internal.DdlTransactionIsolatorNonJtaImpl.getIsolatedConnection(DdlTransactionIsolatorNonJtaImpl.java:43)
	... 84 common frames omitted
Caused by: org.hsqldb.HsqlException: java.net.ConnectException: Połączenie odrzucone (Connection refused)
	at org.hsqldb.ClientConnection.openConnection(Unknown Source)
	at org.hsqldb.ClientConnection.initConnection(Unknown Source)
	at org.hsqldb.ClientConnection.<init>(Unknown Source)
	... 96 common frames omitted
Caused by: java.net.ConnectException: Połączenie odrzucone (Connection refused)
	at java.base/java.net.PlainSocketImpl.socketConnect(Native Method)
	at java.base/java.net.AbstractPlainSocketImpl.doConnect(AbstractPlainSocketImpl.java:399)
	at java.base/java.net.AbstractPlainSocketImpl.connectToAddress(AbstractPlainSocketImpl.java:242)
	at java.base/java.net.AbstractPlainSocketImpl.connect(AbstractPlainSocketImpl.java:224)
	at java.base/java.net.SocksSocketImpl.connect(SocksSocketImpl.java:403)
	at java.base/java.net.Socket.connect(Socket.java:591)
	at java.base/java.net.Socket.connect(Socket.java:540)
	at java.base/java.net.Socket.<init>(Socket.java:436)
	at java.base/java.net.Socket.<init>(Socket.java:213)
	at org.hsqldb.server.HsqlSocketFactory.createSocket(Unknown Source)
	... 99 common frames omitted
]]></system-out>
  </testcase>
  <testcase name="correctSetupTest" classname="tau.mmo.service.PlayerManagerTest" time="0">
    <error message="Failed to load ApplicationContext" type="java.lang.IllegalStateException">java.lang.IllegalStateException: Failed to load ApplicationContext
Caused by: org.springframework.beans.factory.UnsatisfiedDependencyException: Error creating bean with name 'playerController': Unsatisfied dependency expressed through field 'playerManager'; nested exception is org.springframework.beans.factory.UnsatisfiedDependencyException: Error creating bean with name 'playerManagerHibernateImpl': Unsatisfied dependency expressed through field 'sessionFactory'; nested exception is org.springframework.beans.factory.BeanCreationException: Error creating bean with name 'hibernateSessionFactory' defined in class path resource [beans.xml]: Invocation of init method failed; nested exception is org.hibernate.exception.JDBCConnectionException: Unable to open JDBC Connection for DDL execution
Caused by: org.springframework.beans.factory.UnsatisfiedDependencyException: Error creating bean with name 'playerManagerHibernateImpl': Unsatisfied dependency expressed through field 'sessionFactory'; nested exception is org.springframework.beans.factory.BeanCreationException: Error creating bean with name 'hibernateSessionFactory' defined in class path resource [beans.xml]: Invocation of init method failed; nested exception is org.hibernate.exception.JDBCConnectionException: Unable to open JDBC Connection for DDL execution
Caused by: org.springframework.beans.factory.BeanCreationException: Error creating bean with name 'hibernateSessionFactory' defined in class path resource [beans.xml]: Invocation of init method failed; nested exception is org.hibernate.exception.JDBCConnectionException: Unable to open JDBC Connection for DDL execution
Caused by: org.hibernate.exception.JDBCConnectionException: Unable to open JDBC Connection for DDL execution
Caused by: java.sql.SQLTransientConnectionException: java.net.ConnectException: Połączenie odrzucone (Connection refused)
Caused by: org.hsqldb.HsqlException: java.net.ConnectException: Połączenie odrzucone (Connection refused)
Caused by: java.net.ConnectException: Połączenie odrzucone (Connection refused)
</error>
    <system-out><![CDATA[19:40:31.060 [main] DEBUG org.springframework.test.annotation.ProfileValueUtils - Retrieved @ProfileValueSourceConfiguration [null] for test class [tau.mmo.service.PlayerManagerTest]
19:40:31.060 [main] DEBUG org.springframework.test.annotation.ProfileValueUtils - Retrieved ProfileValueSource type [class org.springframework.test.annotation.SystemProfileValueSource] for class [tau.mmo.service.PlayerManagerTest]
19:40:31.060 [main] DEBUG org.springframework.test.context.support.DependencyInjectionTestExecutionListener - Performing dependency injection for test context [[DefaultTestContext@7ed7259e testClass = PlayerManagerTest, testInstance = tau.mmo.service.PlayerManagerTest@7fac18dc, testMethod = [null], testException = [null], mergedContextConfiguration = [MergedContextConfiguration@28eaa59a testClass = PlayerManagerTest, locations = '{classpath:/beans.xml}', classes = '{}', contextInitializerClasses = '[]', activeProfiles = '{}', propertySourceLocations = '{}', propertySourceProperties = '{}', contextCustomizers = set[org.springframework.boot.test.context.filter.ExcludeFilterContextCustomizer@6b4a4e18, org.springframework.boot.test.json.DuplicateJsonObjectContextCustomizerFactory$DuplicateJsonObjectContextCustomizer@402e37bc, org.springframework.boot.test.mock.mockito.MockitoContextCustomizer@0, org.springframework.boot.test.autoconfigure.properties.PropertyMappingContextCustomizer@0, org.springframework.boot.test.autoconfigure.web.servlet.WebDriverContextCustomizerFactory$Customizer@6973bf95], contextLoader = 'org.springframework.test.context.support.DelegatingSmartContextLoader', parent = [null]], attributes = map[[empty]]]].
19:40:31.060 [main] DEBUG org.springframework.test.context.support.AbstractDelegatingSmartContextLoader - Delegating to GenericXmlContextLoader to load context from [MergedContextConfiguration@28eaa59a testClass = PlayerManagerTest, locations = '{classpath:/beans.xml}', classes = '{}', contextInitializerClasses = '[]', activeProfiles = '{}', propertySourceLocations = '{}', propertySourceProperties = '{}', contextCustomizers = set[org.springframework.boot.test.context.filter.ExcludeFilterContextCustomizer@6b4a4e18, org.springframework.boot.test.json.DuplicateJsonObjectContextCustomizerFactory$DuplicateJsonObjectContextCustomizer@402e37bc, org.springframework.boot.test.mock.mockito.MockitoContextCustomizer@0, org.springframework.boot.test.autoconfigure.properties.PropertyMappingContextCustomizer@0, org.springframework.boot.test.autoconfigure.web.servlet.WebDriverContextCustomizerFactory$Customizer@6973bf95], contextLoader = 'org.springframework.test.context.support.DelegatingSmartContextLoader', parent = [null]].
19:40:31.060 [main] DEBUG org.springframework.test.context.support.AbstractGenericContextLoader - Loading ApplicationContext for merged context configuration [[MergedContextConfiguration@28eaa59a testClass = PlayerManagerTest, locations = '{classpath:/beans.xml}', classes = '{}', contextInitializerClasses = '[]', activeProfiles = '{}', propertySourceLocations = '{}', propertySourceProperties = '{}', contextCustomizers = set[org.springframework.boot.test.context.filter.ExcludeFilterContextCustomizer@6b4a4e18, org.springframework.boot.test.json.DuplicateJsonObjectContextCustomizerFactory$DuplicateJsonObjectContextCustomizer@402e37bc, org.springframework.boot.test.mock.mockito.MockitoContextCustomizer@0, org.springframework.boot.test.autoconfigure.properties.PropertyMappingContextCustomizer@0, org.springframework.boot.test.autoconfigure.web.servlet.WebDriverContextCustomizerFactory$Customizer@6973bf95], contextLoader = 'org.springframework.test.context.support.DelegatingSmartContextLoader', parent = [null]]].
19:40:31.060 [main] DEBUG org.springframework.core.env.StandardEnvironment - Activating profiles []
19:40:31.074 [main] DEBUG org.springframework.context.annotation.ClassPathBeanDefinitionScanner - Identified candidate component class: file [/home/whitewolf/tau/TAU-repozytorium/tau-mmo-jmeter/target/classes/tau/mmo/Application.class]
19:40:31.074 [main] DEBUG org.springframework.context.annotation.ClassPathBeanDefinitionScanner - Identified candidate component class: file [/home/whitewolf/tau/TAU-repozytorium/tau-mmo-jmeter/target/classes/tau/mmo/api/PlayerController.class]
19:40:31.075 [main] DEBUG org.springframework.context.annotation.ClassPathBeanDefinitionScanner - Identified candidate component class: file [/home/whitewolf/tau/TAU-repozytorium/tau-mmo-jmeter/target/classes/tau/mmo/service/PlayerManagerHibernateImpl.class]
19:40:31.076 [main] DEBUG org.springframework.beans.factory.xml.XmlBeanDefinitionReader - Loaded 12 bean definitions from class path resource [beans.xml]
19:40:31.077 [main] DEBUG org.springframework.context.support.GenericApplicationContext - Refreshing org.springframework.context.support.GenericApplicationContext@50bf795f
19:40:31.077 [main] DEBUG org.springframework.beans.factory.support.DefaultListableBeanFactory - Creating shared instance of singleton bean 'org.springframework.context.annotation.internalConfigurationAnnotationProcessor'
19:40:31.080 [main] DEBUG org.springframework.context.annotation.ClassPathBeanDefinitionScanner - Identified candidate component class: file [/home/whitewolf/tau/TAU-repozytorium/tau-mmo-jmeter/target/classes/tau/mmo/api/PlayerController.class]
19:40:31.080 [main] DEBUG org.springframework.context.annotation.ClassPathBeanDefinitionScanner - Identified candidate component class: file [/home/whitewolf/tau/TAU-repozytorium/tau-mmo-jmeter/target/classes/tau/mmo/service/PlayerManagerHibernateImpl.class]
19:40:31.170 [main] DEBUG org.springframework.context.annotation.ClassPathBeanDefinitionScanner - Identified candidate component class: file [/home/whitewolf/tau/TAU-repozytorium/tau-mmo-jmeter/target/classes/tau/mmo/Application.class]
19:40:31.170 [main] DEBUG org.springframework.context.annotation.ClassPathBeanDefinitionScanner - Identified candidate component class: file [/home/whitewolf/tau/TAU-repozytorium/tau-mmo-jmeter/target/classes/tau/mmo/api/PlayerController.class]
19:40:31.170 [main] DEBUG org.springframework.context.annotation.ClassPathBeanDefinitionScanner - Identified candidate component class: file [/home/whitewolf/tau/TAU-repozytorium/tau-mmo-jmeter/target/classes/tau/mmo/service/PlayerManagerHibernateImpl.class]
19:40:31.171 [main] DEBUG org.springframework.beans.factory.xml.XmlBeanDefinitionReader - Loaded 0 bean definitions from class path resource [beans.xml]
19:40:31.171 [main] DEBUG org.springframework.beans.factory.support.DefaultListableBeanFactory - Creating shared instance of singleton bean 'org.springframework.boot.autoconfigure.condition.BeanTypeRegistry'
19:40:31.178 [main] INFO org.springframework.data.repository.config.RepositoryConfigurationDelegate - Bootstrapping Spring Data repositories in DEFAULT mode.
19:40:31.178 [main] DEBUG org.springframework.beans.factory.support.DefaultListableBeanFactory - Creating shared instance of singleton bean 'org.springframework.boot.autoconfigure.AutoConfigurationPackages'
19:40:31.178 [main] DEBUG org.springframework.boot.autoconfigure.AutoConfigurationPackages - @EnableAutoConfiguration was declared on a class in the package 'tau.mmo'. Automatic @Repository and @Entity scanning is enabled.
19:40:31.178 [main] DEBUG org.springframework.data.repository.config.RepositoryConfigurationDelegate - Scanning for repositories in packages tau.mmo.
19:40:31.180 [main] INFO org.springframework.data.repository.config.RepositoryConfigurationDelegate - Finished Spring Data repository scanning in 1ms. Found 0 repository interfaces.
19:40:31.192 [main] DEBUG org.springframework.beans.factory.support.DefaultListableBeanFactory - Creating shared instance of singleton bean 'propertySourcesPlaceholderConfigurer'
19:40:31.192 [main] DEBUG org.springframework.core.env.PropertySourcesPropertyResolver - Found key 'jdbc.driverClassName' in PropertySource 'class path resource [jdbc.properties]' with value of type String
19:40:31.192 [main] DEBUG org.springframework.core.env.PropertySourcesPropertyResolver - Found key 'jdbc.driverClassName' in PropertySource 'environmentProperties' with value of type String
19:40:31.192 [main] DEBUG org.springframework.core.env.PropertySourcesPropertyResolver - Found key 'jdbc.url' in PropertySource 'class path resource [jdbc.properties]' with value of type String
19:40:31.192 [main] DEBUG org.springframework.core.env.PropertySourcesPropertyResolver - Found key 'jdbc.url' in PropertySource 'environmentProperties' with value of type String
19:40:31.192 [main] DEBUG org.springframework.core.env.PropertySourcesPropertyResolver - Found key 'jdbc.username' in PropertySource 'class path resource [jdbc.properties]' with value of type String
19:40:31.192 [main] DEBUG org.springframework.core.env.PropertySourcesPropertyResolver - Found key 'jdbc.username' in PropertySource 'environmentProperties' with value of type String
19:40:31.192 [main] DEBUG org.springframework.core.env.PropertySourcesPropertyResolver - Found key 'jdbc.password' in PropertySource 'class path resource [jdbc.properties]' with value of type String
19:40:31.192 [main] DEBUG org.springframework.core.env.PropertySourcesPropertyResolver - Found key 'jdbc.password' in PropertySource 'environmentProperties' with value of type String
19:40:31.193 [main] DEBUG org.springframework.beans.factory.support.DefaultListableBeanFactory - Creating shared instance of singleton bean 'org.springframework.boot.test.mock.mockito.MockitoPostProcessor'
19:40:31.193 [main] DEBUG org.springframework.beans.factory.support.DefaultListableBeanFactory - Creating shared instance of singleton bean 'emBeanDefinitionRegistrarPostProcessor'
19:40:31.195 [main] DEBUG org.springframework.beans.factory.support.DefaultListableBeanFactory - Creating shared instance of singleton bean 'org.springframework.context.event.internalEventListenerProcessor'
19:40:31.195 [main] DEBUG org.springframework.beans.factory.support.DefaultListableBeanFactory - Creating shared instance of singleton bean 'org.springframework.boot.context.properties.ConfigurationBeanFactoryMetadata'
19:40:31.196 [main] DEBUG org.springframework.beans.factory.support.DefaultListableBeanFactory - Creating shared instance of singleton bean 'org.springframework.context.event.internalEventListenerFactory'
19:40:31.196 [main] DEBUG org.springframework.beans.factory.support.DefaultListableBeanFactory - Creating shared instance of singleton bean 'org.springframework.transaction.config.internalTransactionalEventListenerFactory'
19:40:31.197 [main] DEBUG org.springframework.beans.factory.support.DefaultListableBeanFactory - Creating shared instance of singleton bean 'org.springframework.context.annotation.internalAutowiredAnnotationProcessor'
19:40:31.197 [main] DEBUG org.springframework.beans.factory.support.DefaultListableBeanFactory - Creating shared instance of singleton bean 'org.springframework.context.annotation.internalCommonAnnotationProcessor'
19:40:31.197 [main] DEBUG org.springframework.beans.factory.support.DefaultListableBeanFactory - Creating shared instance of singleton bean 'org.springframework.context.annotation.internalPersistenceAnnotationProcessor'
19:40:31.197 [main] DEBUG org.springframework.beans.factory.support.DefaultListableBeanFactory - Creating shared instance of singleton bean 'org.springframework.boot.test.mock.mockito.MockitoPostProcessor$SpyPostProcessor'
19:40:31.197 [main] DEBUG org.springframework.beans.factory.support.DefaultListableBeanFactory - Creating shared instance of singleton bean 'org.springframework.boot.context.properties.ConfigurationPropertiesBindingPostProcessor'
19:40:31.200 [main] DEBUG org.springframework.beans.factory.support.DefaultListableBeanFactory - Creating shared instance of singleton bean 'methodValidationPostProcessor'
19:40:31.203 [main] DEBUG org.springframework.beans.factory.support.DefaultListableBeanFactory - Autowiring by type from bean name 'methodValidationPostProcessor' via factory method to bean named 'environment'
19:40:31.204 [main] DEBUG org.springframework.beans.factory.support.DefaultListableBeanFactory - Creating shared instance of singleton bean 'org.springframework.aop.config.internalAutoProxyCreator'
19:40:31.206 [main] DEBUG org.springframework.beans.factory.support.DefaultListableBeanFactory - Creating shared instance of singleton bean 'dataSourceInitializerPostProcessor'
19:40:31.207 [main] DEBUG org.springframework.beans.factory.support.DefaultListableBeanFactory - Creating shared instance of singleton bean 'persistenceExceptionTranslationPostProcessor'
19:40:31.208 [main] DEBUG org.springframework.beans.factory.support.DefaultListableBeanFactory - Autowiring by type from bean name 'persistenceExceptionTranslationPostProcessor' via factory method to bean named 'environment'
19:40:31.211 [main] DEBUG org.springframework.beans.factory.support.DefaultListableBeanFactory - Creating shared instance of singleton bean 'application'
19:40:31.211 [main] DEBUG org.springframework.beans.factory.support.DefaultListableBeanFactory - Creating shared instance of singleton bean 'org.springframework.transaction.config.internalTransactionAdvisor'
19:40:31.211 [main] DEBUG org.springframework.beans.factory.support.DefaultListableBeanFactory - Creating shared instance of singleton bean 'org.springframework.transaction.annotation.ProxyTransactionManagementConfiguration'
19:40:31.215 [main] DEBUG org.springframework.beans.factory.support.DefaultListableBeanFactory - Creating shared instance of singleton bean 'transactionAttributeSource'
19:40:31.216 [main] DEBUG org.springframework.beans.factory.support.DefaultListableBeanFactory - Creating shared instance of singleton bean 'transactionInterceptor'
19:40:31.218 [main] DEBUG org.springframework.beans.factory.support.DefaultListableBeanFactory - Creating shared instance of singleton bean 'playerController'
19:40:31.219 [main] DEBUG org.springframework.beans.factory.support.DefaultListableBeanFactory - Creating shared instance of singleton bean 'playerManagerHibernateImpl'
19:40:31.220 [main] DEBUG org.springframework.beans.factory.support.DefaultListableBeanFactory - Creating shared instance of singleton bean 'hibernateSessionFactory'
19:40:31.221 [main] DEBUG org.springframework.beans.factory.support.DefaultListableBeanFactory - Creating shared instance of singleton bean 'dataSource'
19:40:31.223 [main] DEBUG org.springframework.jdbc.datasource.DriverManagerDataSource - Loaded JDBC driver: org.hsqldb.jdbcDriver
19:40:31.224 [main] DEBUG org.springframework.beans.factory.support.DefaultListableBeanFactory - Creating shared instance of singleton bean 'org.springframework.boot.autoconfigure.jdbc.DataSourceInitializerInvoker'
19:40:31.225 [main] DEBUG org.springframework.beans.factory.support.DefaultListableBeanFactory - Creating shared instance of singleton bean 'spring.datasource-org.springframework.boot.autoconfigure.jdbc.DataSourceProperties'
19:40:31.231 [main] DEBUG org.springframework.beans.factory.support.DefaultListableBeanFactory - Autowiring by type from bean name 'org.springframework.boot.autoconfigure.jdbc.DataSourceInitializerInvoker' via constructor to bean named 'spring.datasource-org.springframework.boot.autoconfigure.jdbc.DataSourceProperties'
19:40:31.231 [main] DEBUG org.springframework.beans.factory.support.DefaultListableBeanFactory - Autowiring by type from bean name 'org.springframework.boot.autoconfigure.jdbc.DataSourceInitializerInvoker' via constructor to bean named 'org.springframework.context.support.GenericApplicationContext@50bf795f'
19:40:31.233 [main] DEBUG org.hibernate.integrator.internal.IntegratorServiceImpl - Adding Integrator [org.hibernate.cfg.beanvalidation.BeanValidationIntegrator].
19:40:31.234 [main] DEBUG org.hibernate.integrator.internal.IntegratorServiceImpl - Adding Integrator [org.hibernate.secure.spi.JaccIntegrator].
19:40:31.234 [main] DEBUG org.hibernate.integrator.internal.IntegratorServiceImpl - Adding Integrator [org.hibernate.cache.internal.CollectionCacheInvalidator].
19:40:31.235 [main] DEBUG org.hibernate.cfg.Configuration - Building session factory using internal StandardServiceRegistryBuilder
19:40:31.236 [main] DEBUG org.hibernate.service.spi.ServiceBinding - Overriding existing service binding [org.hibernate.secure.spi.JaccService]
19:40:31.236 [main] DEBUG org.hibernate.cfg.Configuration - Building session factory using provided StandardServiceRegistry
19:40:31.236 [main] DEBUG org.hibernate.cache.internal.RegionFactoryInitiator - Cache region factory : org.hibernate.cache.internal.NoCachingRegionFactory
19:40:31.236 [main] DEBUG org.hibernate.type.BasicTypeRegistry - Adding type registration boolean -> org.hibernate.type.BooleanType@57a2ed35
19:40:31.236 [main] DEBUG org.hibernate.type.BasicTypeRegistry - Adding type registration boolean -> org.hibernate.type.BooleanType@57a2ed35
19:40:31.236 [main] DEBUG org.hibernate.type.BasicTypeRegistry - Adding type registration java.lang.Boolean -> org.hibernate.type.BooleanType@57a2ed35
19:40:31.236 [main] DEBUG org.hibernate.type.BasicTypeRegistry - Adding type registration numeric_boolean -> org.hibernate.type.NumericBooleanType@184fb68d
19:40:31.236 [main] DEBUG org.hibernate.type.BasicTypeRegistry - Adding type registration true_false -> org.hibernate.type.TrueFalseType@205bed61
19:40:31.236 [main] DEBUG org.hibernate.type.BasicTypeRegistry - Adding type registration yes_no -> org.hibernate.type.YesNoType@7c2b58c0
19:40:31.236 [main] DEBUG org.hibernate.type.BasicTypeRegistry - Adding type registration byte -> org.hibernate.type.ByteType@aa149ed
19:40:31.236 [main] DEBUG org.hibernate.type.BasicTypeRegistry - Adding type registration byte -> org.hibernate.type.ByteType@aa149ed
19:40:31.236 [main] DEBUG org.hibernate.type.BasicTypeRegistry - Adding type registration java.lang.Byte -> org.hibernate.type.ByteType@aa149ed
19:40:31.236 [main] DEBUG org.hibernate.type.BasicTypeRegistry - Adding type registration character -> org.hibernate.type.CharacterType@8ee0c23
19:40:31.236 [main] DEBUG org.hibernate.type.BasicTypeRegistry - Adding type registration char -> org.hibernate.type.CharacterType@8ee0c23
19:40:31.236 [main] DEBUG org.hibernate.type.BasicTypeRegistry - Adding type registration java.lang.Character -> org.hibernate.type.CharacterType@8ee0c23
19:40:31.236 [main] DEBUG org.hibernate.type.BasicTypeRegistry - Adding type registration short -> org.hibernate.type.ShortType@173797f0
19:40:31.236 [main] DEBUG org.hibernate.type.BasicTypeRegistry - Adding type registration short -> org.hibernate.type.ShortType@173797f0
19:40:31.236 [main] DEBUG org.hibernate.type.BasicTypeRegistry - Adding type registration java.lang.Short -> org.hibernate.type.ShortType@173797f0
19:40:31.236 [main] DEBUG org.hibernate.type.BasicTypeRegistry - Adding type registration integer -> org.hibernate.type.IntegerType@33d53216
19:40:31.236 [main] DEBUG org.hibernate.type.BasicTypeRegistry - Adding type registration int -> org.hibernate.type.IntegerType@33d53216
19:40:31.236 [main] DEBUG org.hibernate.type.BasicTypeRegistry - Adding type registration java.lang.Integer -> org.hibernate.type.IntegerType@33d53216
19:40:31.236 [main] DEBUG org.hibernate.type.BasicTypeRegistry - Adding type registration long -> org.hibernate.type.LongType@3db663d0
19:40:31.236 [main] DEBUG org.hibernate.type.BasicTypeRegistry - Adding type registration long -> org.hibernate.type.LongType@3db663d0
19:40:31.236 [main] DEBUG org.hibernate.type.BasicTypeRegistry - Adding type registration java.lang.Long -> org.hibernate.type.LongType@3db663d0
19:40:31.236 [main] DEBUG org.hibernate.type.BasicTypeRegistry - Adding type registration float -> org.hibernate.type.FloatType@3b9632d1
19:40:31.236 [main] DEBUG org.hibernate.type.BasicTypeRegistry - Adding type registration float -> org.hibernate.type.FloatType@3b9632d1
19:40:31.236 [main] DEBUG org.hibernate.type.BasicTypeRegistry - Adding type registration java.lang.Float -> org.hibernate.type.FloatType@3b9632d1
19:40:31.236 [main] DEBUG org.hibernate.type.BasicTypeRegistry - Adding type registration double -> org.hibernate.type.DoubleType@75fc1992
19:40:31.236 [main] DEBUG org.hibernate.type.BasicTypeRegistry - Adding type registration double -> org.hibernate.type.DoubleType@75fc1992
19:40:31.236 [main] DEBUG org.hibernate.type.BasicTypeRegistry - Adding type registration java.lang.Double -> org.hibernate.type.DoubleType@75fc1992
19:40:31.236 [main] DEBUG org.hibernate.type.BasicTypeRegistry - Adding type registration big_decimal -> org.hibernate.type.BigDecimalType@27a2a089
19:40:31.236 [main] DEBUG org.hibernate.type.BasicTypeRegistry - Adding type registration java.math.BigDecimal -> org.hibernate.type.BigDecimalType@27a2a089
19:40:31.236 [main] DEBUG org.hibernate.type.BasicTypeRegistry - Adding type registration big_integer -> org.hibernate.type.BigIntegerType@5ac6c4f2
19:40:31.236 [main] DEBUG org.hibernate.type.BasicTypeRegistry - Adding type registration java.math.BigInteger -> org.hibernate.type.BigIntegerType@5ac6c4f2
19:40:31.237 [main] DEBUG org.hibernate.type.BasicTypeRegistry - Adding type registration string -> org.hibernate.type.StringType@78525ef9
19:40:31.237 [main] DEBUG org.hibernate.type.BasicTypeRegistry - Adding type registration java.lang.String -> org.hibernate.type.StringType@78525ef9
19:40:31.237 [main] DEBUG org.hibernate.type.BasicTypeRegistry - Adding type registration nstring -> org.hibernate.type.StringNVarcharType@350a94ce
19:40:31.237 [main] DEBUG org.hibernate.type.BasicTypeRegistry - Adding type registration ncharacter -> org.hibernate.type.CharacterNCharType@5fbdc49b
19:40:31.237 [main] DEBUG org.hibernate.type.BasicTypeRegistry - Adding type registration url -> org.hibernate.type.UrlType@285f38f6
19:40:31.237 [main] DEBUG org.hibernate.type.BasicTypeRegistry - Adding type registration java.net.URL -> org.hibernate.type.UrlType@285f38f6
19:40:31.237 [main] DEBUG org.hibernate.type.BasicTypeRegistry - Adding type registration date -> org.hibernate.type.DateType@21ac5eb4
19:40:31.237 [main] DEBUG org.hibernate.type.BasicTypeRegistry - Adding type registration java.sql.Date -> org.hibernate.type.DateType@21ac5eb4
19:40:31.237 [main] DEBUG org.hibernate.type.BasicTypeRegistry - Adding type registration time -> org.hibernate.type.TimeType@1d540566
19:40:31.237 [main] DEBUG org.hibernate.type.BasicTypeRegistry - Adding type registration java.sql.Time -> org.hibernate.type.TimeType@1d540566
19:40:31.237 [main] DEBUG org.hibernate.type.BasicTypeRegistry - Adding type registration timestamp -> org.hibernate.type.TimestampType@5c1f6d57
19:40:31.237 [main] DEBUG org.hibernate.type.BasicTypeRegistry - Adding type registration java.sql.Timestamp -> org.hibernate.type.TimestampType@5c1f6d57
19:40:31.237 [main] DEBUG org.hibernate.type.BasicTypeRegistry - Adding type registration java.util.Date -> org.hibernate.type.TimestampType@5c1f6d57
19:40:31.237 [main] DEBUG org.hibernate.type.BasicTypeRegistry - Adding type registration dbtimestamp -> org.hibernate.type.DbTimestampType@5cb5bb88
19:40:31.237 [main] DEBUG org.hibernate.type.BasicTypeRegistry - Adding type registration calendar -> org.hibernate.type.CalendarType@20e3c449
19:40:31.237 [main] DEBUG org.hibernate.type.BasicTypeRegistry - Adding type registration java.util.Calendar -> org.hibernate.type.CalendarType@20e3c449
19:40:31.237 [main] DEBUG org.hibernate.type.BasicTypeRegistry - Adding type registration java.util.GregorianCalendar -> org.hibernate.type.CalendarType@20e3c449
19:40:31.237 [main] DEBUG org.hibernate.type.BasicTypeRegistry - Adding type registration calendar_date -> org.hibernate.type.CalendarDateType@2dd8239
19:40:31.237 [main] DEBUG org.hibernate.type.BasicTypeRegistry - Adding type registration locale -> org.hibernate.type.LocaleType@3f92a84e
19:40:31.237 [main] DEBUG org.hibernate.type.BasicTypeRegistry - Adding type registration java.util.Locale -> org.hibernate.type.LocaleType@3f92a84e
19:40:31.237 [main] DEBUG org.hibernate.type.BasicTypeRegistry - Adding type registration currency -> org.hibernate.type.CurrencyType@5fcfca62
19:40:31.237 [main] DEBUG org.hibernate.type.BasicTypeRegistry - Adding type registration java.util.Currency -> org.hibernate.type.CurrencyType@5fcfca62
19:40:31.237 [main] DEBUG org.hibernate.type.BasicTypeRegistry - Adding type registration timezone -> org.hibernate.type.TimeZoneType@5b051a5c
19:40:31.237 [main] DEBUG org.hibernate.type.BasicTypeRegistry - Adding type registration java.util.TimeZone -> org.hibernate.type.TimeZoneType@5b051a5c
19:40:31.237 [main] DEBUG org.hibernate.type.BasicTypeRegistry - Adding type registration class -> org.hibernate.type.ClassType@10641c09
19:40:31.237 [main] DEBUG org.hibernate.type.BasicTypeRegistry - Adding type registration java.lang.Class -> org.hibernate.type.ClassType@10641c09
19:40:31.237 [main] DEBUG org.hibernate.type.BasicTypeRegistry - Adding type registration uuid-binary -> org.hibernate.type.UUIDBinaryType@12968227
19:40:31.237 [main] DEBUG org.hibernate.type.BasicTypeRegistry - Adding type registration java.util.UUID -> org.hibernate.type.UUIDBinaryType@12968227
19:40:31.237 [main] DEBUG org.hibernate.type.BasicTypeRegistry - Adding type registration uuid-char -> org.hibernate.type.UUIDCharType@48eb9836
19:40:31.237 [main] DEBUG org.hibernate.type.BasicTypeRegistry - Adding type registration binary -> org.hibernate.type.BinaryType@9e2ad91
19:40:31.237 [main] DEBUG org.hibernate.type.BasicTypeRegistry - Adding type registration byte[] -> org.hibernate.type.BinaryType@9e2ad91
19:40:31.237 [main] DEBUG org.hibernate.type.BasicTypeRegistry - Adding type registration [B -> org.hibernate.type.BinaryType@9e2ad91
19:40:31.237 [main] DEBUG org.hibernate.type.BasicTypeRegistry - Adding type registration wrapper-binary -> org.hibernate.type.WrapperBinaryType@74dbb1ee
19:40:31.237 [main] DEBUG org.hibernate.type.BasicTypeRegistry - Adding type registration Byte[] -> org.hibernate.type.WrapperBinaryType@74dbb1ee
19:40:31.237 [main] DEBUG org.hibernate.type.BasicTypeRegistry - Adding type registration [Ljava.lang.Byte; -> org.hibernate.type.WrapperBinaryType@74dbb1ee
19:40:31.237 [main] DEBUG org.hibernate.type.BasicTypeRegistry - Adding type registration row_version -> org.hibernate.type.RowVersionType@618ad2aa
19:40:31.237 [main] DEBUG org.hibernate.type.BasicTypeRegistry - Adding type registration image -> org.hibernate.type.ImageType@59e43e8c
19:40:31.237 [main] DEBUG org.hibernate.type.BasicTypeRegistry - Adding type registration characters -> org.hibernate.type.CharArrayType@3f049056
19:40:31.237 [main] DEBUG org.hibernate.type.BasicTypeRegistry - Adding type registration char[] -> org.hibernate.type.CharArrayType@3f049056
19:40:31.237 [main] DEBUG org.hibernate.type.BasicTypeRegistry - Adding type registration [C -> org.hibernate.type.CharArrayType@3f049056
19:40:31.237 [main] DEBUG org.hibernate.type.BasicTypeRegistry - Adding type registration wrapper-characters -> org.hibernate.type.CharacterArrayType@4c2fb9dd
19:40:31.237 [main] DEBUG org.hibernate.type.BasicTypeRegistry - Adding type registration [Ljava.lang.Character; -> org.hibernate.type.CharacterArrayType@4c2fb9dd
19:40:31.237 [main] DEBUG org.hibernate.type.BasicTypeRegistry - Adding type registration Character[] -> org.hibernate.type.CharacterArrayType@4c2fb9dd
19:40:31.237 [main] DEBUG org.hibernate.type.BasicTypeRegistry - Adding type registration text -> org.hibernate.type.TextType@41522537
19:40:31.237 [main] DEBUG org.hibernate.type.BasicTypeRegistry - Adding type registration ntext -> org.hibernate.type.NTextType@42c28305
19:40:31.237 [main] DEBUG org.hibernate.type.BasicTypeRegistry - Adding type registration blob -> org.hibernate.type.BlobType@ef1695a
19:40:31.237 [main] DEBUG org.hibernate.type.BasicTypeRegistry - Adding type registration java.sql.Blob -> org.hibernate.type.BlobType@ef1695a
19:40:31.237 [main] DEBUG org.hibernate.type.BasicTypeRegistry - Adding type registration materialized_blob -> org.hibernate.type.MaterializedBlobType@7139bd31
19:40:31.237 [main] DEBUG org.hibernate.type.BasicTypeRegistry - Adding type registration clob -> org.hibernate.type.ClobType@75361cf6
19:40:31.237 [main] DEBUG org.hibernate.type.BasicTypeRegistry - Adding type registration java.sql.Clob -> org.hibernate.type.ClobType@75361cf6
19:40:31.237 [main] DEBUG org.hibernate.type.BasicTypeRegistry - Adding type registration nclob -> org.hibernate.type.NClobType@102efc59
19:40:31.237 [main] DEBUG org.hibernate.type.BasicTypeRegistry - Adding type registration java.sql.NClob -> org.hibernate.type.NClobType@102efc59
19:40:31.237 [main] DEBUG org.hibernate.type.BasicTypeRegistry - Adding type registration materialized_clob -> org.hibernate.type.MaterializedClobType@75fa1be3
19:40:31.237 [main] DEBUG org.hibernate.type.BasicTypeRegistry - Adding type registration materialized_nclob -> org.hibernate.type.MaterializedNClobType@3ce53f6a
19:40:31.237 [main] DEBUG org.hibernate.type.BasicTypeRegistry - Adding type registration serializable -> org.hibernate.type.SerializableType@1daf3b44
19:40:31.237 [main] DEBUG org.hibernate.type.BasicTypeRegistry - Adding type registration object -> org.hibernate.type.ObjectType@4cb40e3b
19:40:31.237 [main] DEBUG org.hibernate.type.BasicTypeRegistry - Adding type registration java.lang.Object -> org.hibernate.type.ObjectType@4cb40e3b
19:40:31.237 [main] DEBUG org.hibernate.type.BasicTypeRegistry - Adding type registration imm_date -> org.hibernate.type.AdaptedImmutableType@69d2fb0a
19:40:31.237 [main] DEBUG org.hibernate.type.BasicTypeRegistry - Adding type registration imm_time -> org.hibernate.type.AdaptedImmutableType@7e38e254
19:40:31.237 [main] DEBUG org.hibernate.type.BasicTypeRegistry - Adding type registration imm_timestamp -> org.hibernate.type.AdaptedImmutableType@7b3feb26
19:40:31.237 [main] DEBUG org.hibernate.type.BasicTypeRegistry - Adding type registration imm_dbtimestamp -> org.hibernate.type.AdaptedImmutableType@2e4ecdf8
19:40:31.237 [main] DEBUG org.hibernate.type.BasicTypeRegistry - Adding type registration imm_calendar -> org.hibernate.type.AdaptedImmutableType@503a7990
19:40:31.237 [main] DEBUG org.hibernate.type.BasicTypeRegistry - Adding type registration imm_calendar_date -> org.hibernate.type.AdaptedImmutableType@69a90b81
19:40:31.237 [main] DEBUG org.hibernate.type.BasicTypeRegistry - Adding type registration imm_binary -> org.hibernate.type.AdaptedImmutableType@6dcbbb49
19:40:31.237 [main] DEBUG org.hibernate.type.BasicTypeRegistry - Adding type registration imm_serializable -> org.hibernate.type.AdaptedImmutableType@35329a05
19:40:31.237 [main] DEBUG org.springframework.jdbc.datasource.DriverManagerDataSource - Creating new JDBC DriverManager Connection to [jdbc:hsqldb:hsql://localhost/workdb]
19:40:31.238 [main] WARN org.hibernate.engine.jdbc.env.internal.JdbcEnvironmentInitiator - HHH000342: Could not obtain connection to query metadata : java.net.ConnectException: Połączenie odrzucone (Connection refused)
19:40:31.239 [main] INFO org.hibernate.dialect.Dialect - HHH000400: Using dialect: org.hibernate.dialect.HSQLDialect
19:40:31.240 [main] DEBUG org.hibernate.engine.jdbc.env.spi.IdentifierHelperBuilder - IdentifierCaseStrategy for both quoted and unquoted identifiers was set to the same strategy [MIXED]; that will likely lead to problems in schema update and validation if using quoted identifiers
19:40:31.240 [main] INFO org.hibernate.engine.jdbc.env.internal.LobCreatorBuilderImpl - HHH000422: Disabling contextual LOB creation as connection was null
19:40:31.240 [main] DEBUG org.hibernate.id.factory.internal.DefaultIdentifierGeneratorFactory - Registering IdentifierGenerator strategy [uuid2] -> [org.hibernate.id.UUIDGenerator]
19:40:31.240 [main] DEBUG org.hibernate.id.factory.internal.DefaultIdentifierGeneratorFactory - Registering IdentifierGenerator strategy [guid] -> [org.hibernate.id.GUIDGenerator]
19:40:31.240 [main] DEBUG org.hibernate.id.factory.internal.DefaultIdentifierGeneratorFactory - Registering IdentifierGenerator strategy [uuid] -> [org.hibernate.id.UUIDHexGenerator]
19:40:31.240 [main] DEBUG org.hibernate.id.factory.internal.DefaultIdentifierGeneratorFactory - Registering IdentifierGenerator strategy [uuid.hex] -> [org.hibernate.id.UUIDHexGenerator]
19:40:31.240 [main] DEBUG org.hibernate.id.factory.internal.DefaultIdentifierGeneratorFactory - Registering IdentifierGenerator strategy [assigned] -> [org.hibernate.id.Assigned]
19:40:31.240 [main] DEBUG org.hibernate.id.factory.internal.DefaultIdentifierGeneratorFactory - Registering IdentifierGenerator strategy [identity] -> [org.hibernate.id.IdentityGenerator]
19:40:31.240 [main] DEBUG org.hibernate.id.factory.internal.DefaultIdentifierGeneratorFactory - Registering IdentifierGenerator strategy [select] -> [org.hibernate.id.SelectGenerator]
19:40:31.240 [main] DEBUG org.hibernate.id.factory.internal.DefaultIdentifierGeneratorFactory - Registering IdentifierGenerator strategy [sequence] -> [org.hibernate.id.enhanced.SequenceStyleGenerator]
19:40:31.240 [main] DEBUG org.hibernate.id.factory.internal.DefaultIdentifierGeneratorFactory - Registering IdentifierGenerator strategy [seqhilo] -> [org.hibernate.id.SequenceHiLoGenerator]
19:40:31.240 [main] DEBUG org.hibernate.id.factory.internal.DefaultIdentifierGeneratorFactory - Registering IdentifierGenerator strategy [increment] -> [org.hibernate.id.IncrementGenerator]
19:40:31.240 [main] DEBUG org.hibernate.id.factory.internal.DefaultIdentifierGeneratorFactory - Registering IdentifierGenerator strategy [foreign] -> [org.hibernate.id.ForeignGenerator]
19:40:31.240 [main] DEBUG org.hibernate.id.factory.internal.DefaultIdentifierGeneratorFactory - Registering IdentifierGenerator strategy [sequence-identity] -> [org.hibernate.id.SequenceIdentityGenerator]
19:40:31.240 [main] DEBUG org.hibernate.id.factory.internal.DefaultIdentifierGeneratorFactory - Registering IdentifierGenerator strategy [enhanced-sequence] -> [org.hibernate.id.enhanced.SequenceStyleGenerator]
19:40:31.240 [main] DEBUG org.hibernate.id.factory.internal.DefaultIdentifierGeneratorFactory - Registering IdentifierGenerator strategy [enhanced-table] -> [org.hibernate.id.enhanced.TableGenerator]
19:40:31.240 [main] DEBUG org.hibernate.boot.model.relational.Namespace - Created database namespace [logicalName=Name{catalog=null, schema=null}, physicalName=Name{catalog=null, schema=null}]
19:40:31.240 [main] DEBUG org.hibernate.cfg.AnnotationBinder - Binding entity from annotated class: tau.mmo.domain.Item
19:40:31.240 [main] DEBUG org.hibernate.cfg.annotations.QueryBinder - Binding named query: item.all => Select p from Item p
19:40:31.240 [main] DEBUG org.hibernate.cfg.annotations.QueryBinder - Binding named query: item.allForPlayer => Select p from Item p where player_id = :id
19:40:31.240 [main] DEBUG org.hibernate.cfg.Ejb3Column - Binding column: Ejb3DiscriminatorColumn{logicalColumnName'DTYPE', discriminatorTypeName='string'}
19:40:31.241 [main] DEBUG org.hibernate.cfg.annotations.EntityBinder - Import with entity name Item
19:40:31.241 [main] DEBUG org.hibernate.cfg.annotations.EntityBinder - Bind entity tau.mmo.domain.Item on table item
19:40:31.241 [main] DEBUG org.hibernate.cfg.Ejb3Column - Binding column: Ejb3Column{table=org.hibernate.mapping.Table(item), mappingColumn=id, insertable=true, updatable=true, unique=false}
19:40:31.241 [main] DEBUG org.hibernate.cfg.annotations.PropertyBinder - MetadataSourceProcessor property id with lazy=false
19:40:31.241 [main] DEBUG org.hibernate.cfg.AbstractPropertyHolder - Attempting to locate auto-apply AttributeConverter for property [tau.mmo.domain.Item:id]
19:40:31.241 [main] DEBUG org.hibernate.cfg.annotations.SimpleValueBinder - building SimpleValue for id
19:40:31.241 [main] DEBUG org.hibernate.cfg.annotations.PropertyBinder - Building property id
19:40:31.241 [main] DEBUG org.hibernate.cfg.Ejb3Column - Binding column: Ejb3Column{table=org.hibernate.mapping.Table(item), mappingColumn=itemclass, insertable=true, updatable=true, unique=false}
19:40:31.241 [main] DEBUG org.hibernate.cfg.annotations.PropertyBinder - MetadataSourceProcessor property itemclass with lazy=false
19:40:31.241 [main] DEBUG org.hibernate.cfg.AbstractPropertyHolder - Attempting to locate auto-apply AttributeConverter for property [tau.mmo.domain.Item:itemclass]
19:40:31.241 [main] DEBUG org.hibernate.cfg.annotations.SimpleValueBinder - building SimpleValue for itemclass
19:40:31.241 [main] DEBUG org.hibernate.cfg.annotations.PropertyBinder - Building property itemclass
19:40:31.241 [main] DEBUG org.hibernate.cfg.Ejb3Column - Binding column: Ejb3Column{table=org.hibernate.mapping.Table(item), mappingColumn=levelreq, insertable=true, updatable=true, unique=false}
19:40:31.241 [main] DEBUG org.hibernate.cfg.annotations.PropertyBinder - MetadataSourceProcessor property levelreq with lazy=false
19:40:31.242 [main] DEBUG org.hibernate.cfg.AbstractPropertyHolder - Attempting to locate auto-apply AttributeConverter for property [tau.mmo.domain.Item:levelreq]
19:40:31.242 [main] DEBUG org.hibernate.cfg.annotations.SimpleValueBinder - building SimpleValue for levelreq
19:40:31.242 [main] DEBUG org.hibernate.cfg.annotations.PropertyBinder - Building property levelreq
19:40:31.242 [main] DEBUG org.hibernate.cfg.Ejb3Column - Binding column: Ejb3Column{table=org.hibernate.mapping.Table(item), mappingColumn=name, insertable=true, updatable=true, unique=false}
19:40:31.242 [main] DEBUG org.hibernate.cfg.annotations.PropertyBinder - MetadataSourceProcessor property name with lazy=false
19:40:31.242 [main] DEBUG org.hibernate.cfg.AbstractPropertyHolder - Attempting to locate auto-apply AttributeConverter for property [tau.mmo.domain.Item:name]
19:40:31.242 [main] DEBUG org.hibernate.cfg.annotations.SimpleValueBinder - building SimpleValue for name
19:40:31.242 [main] DEBUG org.hibernate.cfg.annotations.PropertyBinder - Building property name
19:40:31.242 [main] DEBUG org.hibernate.cfg.Ejb3Column - Binding column: Ejb3JoinColumn{logicalColumnName='player_id', referencedColumn='', mappedBy=''}
19:40:31.242 [main] DEBUG org.hibernate.cfg.Ejb3Column - Binding column: Ejb3Column{table=org.hibernate.mapping.Table(item), mappingColumn=player, insertable=true, updatable=true, unique=false}
19:40:31.242 [main] DEBUG org.hibernate.cfg.annotations.PropertyBinder - Building property player
19:40:31.242 [main] DEBUG org.hibernate.cfg.AnnotationBinder - Binding entity from annotated class: tau.mmo.domain.Player
19:40:31.242 [main] DEBUG org.hibernate.cfg.annotations.QueryBinder - Binding named query: player.all => Select p from Player p
19:40:31.242 [main] DEBUG org.hibernate.cfg.annotations.QueryBinder - Binding named query: player.findPlayers => Select c from Player c where c.name like :nameFragment
19:40:31.242 [main] DEBUG org.hibernate.cfg.Ejb3Column - Binding column: Ejb3DiscriminatorColumn{logicalColumnName'DTYPE', discriminatorTypeName='string'}
19:40:31.242 [main] DEBUG org.hibernate.cfg.annotations.EntityBinder - Import with entity name Player
19:40:31.243 [main] DEBUG org.hibernate.cfg.annotations.EntityBinder - Bind entity tau.mmo.domain.Player on table player
19:40:31.243 [main] DEBUG org.hibernate.cfg.Ejb3Column - Binding column: Ejb3Column{table=org.hibernate.mapping.Table(player), mappingColumn=id, insertable=true, updatable=true, unique=false}
19:40:31.243 [main] DEBUG org.hibernate.cfg.annotations.PropertyBinder - MetadataSourceProcessor property id with lazy=false
19:40:31.243 [main] DEBUG org.hibernate.cfg.AbstractPropertyHolder - Attempting to locate auto-apply AttributeConverter for property [tau.mmo.domain.Player:id]
19:40:31.243 [main] DEBUG org.hibernate.cfg.annotations.SimpleValueBinder - building SimpleValue for id
19:40:31.243 [main] DEBUG org.hibernate.cfg.annotations.PropertyBinder - Building property id
19:40:31.243 [main] DEBUG org.hibernate.cfg.Ejb3Column - Binding column: Ejb3Column{table=org.hibernate.mapping.Table(player), mappingColumn=heroclass, insertable=true, updatable=true, unique=false}
19:40:31.243 [main] DEBUG org.hibernate.cfg.annotations.PropertyBinder - MetadataSourceProcessor property heroclass with lazy=false
19:40:31.243 [main] DEBUG org.hibernate.cfg.AbstractPropertyHolder - Attempting to locate auto-apply AttributeConverter for property [tau.mmo.domain.Player:heroclass]
19:40:31.243 [main] DEBUG org.hibernate.cfg.annotations.SimpleValueBinder - building SimpleValue for heroclass
19:40:31.244 [main] DEBUG org.hibernate.cfg.annotations.PropertyBinder - Building property heroclass
19:40:31.244 [main] DEBUG org.hibernate.cfg.Ejb3Column - Binding column: Ejb3JoinColumn{logicalColumnName='null', referencedColumn='null', mappedBy='player'}
19:40:31.244 [main] DEBUG org.hibernate.cfg.Ejb3Column - Binding column: Ejb3Column{table=org.hibernate.mapping.Table(player), mappingColumn=items, insertable=true, updatable=true, unique=false}
19:40:31.244 [main] DEBUG org.hibernate.cfg.Ejb3Column - Binding column: Ejb3Column{table=org.hibernate.mapping.Table(player), mappingColumn=null, insertable=true, updatable=true, unique=false}
19:40:31.244 [main] DEBUG org.hibernate.cfg.Ejb3Column - Binding column: Ejb3Column{table=org.hibernate.mapping.Table(player), mappingColumn=element, insertable=true, updatable=true, unique=false}
19:40:31.244 [main] DEBUG org.hibernate.cfg.Ejb3Column - Binding column: Ejb3Column{table=org.hibernate.mapping.Table(player), mappingColumn=items_KEY, insertable=true, updatable=true, unique=false}
19:40:31.244 [main] DEBUG org.hibernate.cfg.Ejb3Column - Binding column: Ejb3JoinColumn{logicalColumnName='items_KEY', referencedColumn='null', mappedBy='null'}
19:40:31.244 [main] DEBUG org.hibernate.cfg.Ejb3Column - Binding column: Ejb3JoinColumn{logicalColumnName='null', referencedColumn='null', mappedBy='player'}
19:40:31.244 [main] DEBUG org.hibernate.cfg.Ejb3Column - Binding column: Ejb3JoinColumn{logicalColumnName='null', referencedColumn='null', mappedBy='player'}
19:40:31.244 [main] DEBUG org.hibernate.cfg.annotations.CollectionBinder - Collection role: tau.mmo.domain.Player.items
19:40:31.244 [main] DEBUG org.hibernate.cfg.annotations.PropertyBinder - Building property items
19:40:31.244 [main] DEBUG org.hibernate.cfg.Ejb3Column - Binding column: Ejb3Column{table=org.hibernate.mapping.Table(player), mappingColumn=level, insertable=true, updatable=true, unique=false}
19:40:31.244 [main] DEBUG org.hibernate.cfg.annotations.PropertyBinder - MetadataSourceProcessor property level with lazy=false
19:40:31.244 [main] DEBUG org.hibernate.cfg.AbstractPropertyHolder - Attempting to locate auto-apply AttributeConverter for property [tau.mmo.domain.Player:level]
19:40:31.244 [main] DEBUG org.hibernate.cfg.annotations.SimpleValueBinder - building SimpleValue for level
19:40:31.244 [main] DEBUG org.hibernate.cfg.annotations.PropertyBinder - Building property level
19:40:31.244 [main] DEBUG org.hibernate.cfg.Ejb3Column - Binding column: Ejb3Column{table=org.hibernate.mapping.Table(player), mappingColumn=name, insertable=true, updatable=true, unique=false}
19:40:31.244 [main] DEBUG org.hibernate.cfg.annotations.PropertyBinder - MetadataSourceProcessor property name with lazy=false
19:40:31.244 [main] DEBUG org.hibernate.cfg.AbstractPropertyHolder - Attempting to locate auto-apply AttributeConverter for property [tau.mmo.domain.Player:name]
19:40:31.244 [main] DEBUG org.hibernate.cfg.annotations.SimpleValueBinder - building SimpleValue for name
19:40:31.244 [main] DEBUG org.hibernate.cfg.annotations.PropertyBinder - Building property name
19:40:31.245 [main] DEBUG org.hibernate.cfg.annotations.SimpleValueBinder - Starting fillSimpleValue for id
19:40:31.245 [main] DEBUG org.hibernate.cfg.annotations.SimpleValueBinder - Starting fillSimpleValue for itemclass
19:40:31.245 [main] DEBUG org.hibernate.cfg.annotations.SimpleValueBinder - Starting fillSimpleValue for levelreq
19:40:31.245 [main] DEBUG org.hibernate.cfg.annotations.SimpleValueBinder - Starting fillSimpleValue for name
19:40:31.245 [main] DEBUG org.hibernate.cfg.annotations.SimpleValueBinder - Starting fillSimpleValue for id
19:40:31.245 [main] DEBUG org.hibernate.cfg.annotations.SimpleValueBinder - Starting fillSimpleValue for heroclass
19:40:31.245 [main] DEBUG org.hibernate.cfg.annotations.SimpleValueBinder - Starting fillSimpleValue for level
19:40:31.245 [main] DEBUG org.hibernate.cfg.annotations.SimpleValueBinder - Starting fillSimpleValue for name
19:40:31.245 [main] DEBUG org.hibernate.mapping.PrimaryKey - Forcing column [id] to be non-null as it is part of the primary key for table [item]
19:40:31.245 [main] DEBUG org.hibernate.mapping.PrimaryKey - Forcing column [id] to be non-null as it is part of the primary key for table [player]
19:40:31.245 [main] DEBUG org.hibernate.cfg.CollectionSecondPass - Second pass for collection: tau.mmo.domain.Player.items
19:40:31.245 [main] DEBUG org.hibernate.cfg.annotations.CollectionBinder - Binding a OneToMany: tau.mmo.domain.Player.items through a foreign key
19:40:31.245 [main] DEBUG org.hibernate.cfg.annotations.CollectionBinder - Mapping collection: tau.mmo.domain.Player.items -> item
19:40:31.245 [main] DEBUG org.hibernate.cfg.annotations.TableBinder - Retrieving property tau.mmo.domain.Item.player
19:40:31.245 [main] DEBUG org.hibernate.cfg.CollectionSecondPass - Mapped collection key: player_id, one-to-many: tau.mmo.domain.Item
19:40:31.245 [main] DEBUG org.hibernate.boot.internal.InFlightMetadataCollectorImpl - Resolving reference to class: tau.mmo.domain.Player
19:40:31.245 [main] DEBUG org.hibernate.boot.internal.InFlightMetadataCollectorImpl - Resolving reference to class: tau.mmo.domain.Player
19:40:31.246 [main] DEBUG org.hibernate.internal.SessionFactoryImpl - Building session factory
19:40:31.247 [main] DEBUG org.hibernate.cfg.Settings - SessionFactory name : null
19:40:31.247 [main] DEBUG org.hibernate.cfg.Settings - Automatic flush during beforeCompletion(): disabled
19:40:31.247 [main] DEBUG org.hibernate.cfg.Settings - Automatic session close at end of transaction: disabled
19:40:31.247 [main] DEBUG org.hibernate.cfg.Settings - Statistics: disabled
19:40:31.247 [main] DEBUG org.hibernate.cfg.Settings - Deleted entity synthetic identifier rollback: disabled
19:40:31.247 [main] DEBUG org.hibernate.cfg.Settings - Default entity-mode: pojo
19:40:31.247 [main] DEBUG org.hibernate.cfg.Settings - Check Nullability in Core (should be disabled when Bean Validation is on): enabled
19:40:31.247 [main] DEBUG org.hibernate.cfg.Settings - Allow initialization of lazy state outside session : disabled
19:40:31.247 [main] DEBUG org.hibernate.cfg.Settings - Using BatchFetchStyle : LEGACY
19:40:31.247 [main] DEBUG org.hibernate.cfg.Settings - Default batch fetch size: -1
19:40:31.247 [main] DEBUG org.hibernate.cfg.Settings - Maximum outer join fetch depth: null
19:40:31.247 [main] DEBUG org.hibernate.cfg.Settings - Default null ordering: NONE
19:40:31.247 [main] DEBUG org.hibernate.cfg.Settings - Order SQL updates by primary key: disabled
19:40:31.247 [main] DEBUG org.hibernate.cfg.Settings - Order SQL inserts for batching: disabled
19:40:31.247 [main] DEBUG org.hibernate.cfg.Settings - multi-tenancy strategy : NONE
19:40:31.247 [main] DEBUG org.hibernate.cfg.Settings - JTA Track by Thread: enabled
19:40:31.247 [main] DEBUG org.hibernate.cfg.Settings - Query language substitutions: {}
19:40:31.247 [main] DEBUG org.hibernate.cfg.Settings - JPA query language strict compliance: disabled
19:40:31.247 [main] DEBUG org.hibernate.cfg.Settings - Named query checking : enabled
19:40:31.247 [main] DEBUG org.hibernate.cfg.Settings - Second-level cache: enabled
19:40:31.247 [main] DEBUG org.hibernate.cfg.Settings - Second-level query cache: disabled
19:40:31.247 [main] DEBUG org.hibernate.cfg.Settings - Second-level query cache factory: org.hibernate.cache.internal.StandardQueryCacheFactory@2da16263
19:40:31.247 [main] DEBUG org.hibernate.cfg.Settings - Second-level cache region prefix: null
19:40:31.247 [main] DEBUG org.hibernate.cfg.Settings - Optimize second-level cache for minimal puts: disabled
19:40:31.247 [main] DEBUG org.hibernate.cfg.Settings - Structured second-level cache entries: disabled
19:40:31.247 [main] DEBUG org.hibernate.cfg.Settings - Second-level cache direct-reference entries: disabled
19:40:31.247 [main] DEBUG org.hibernate.cfg.Settings - Automatic eviction of collection cache: disabled
19:40:31.247 [main] DEBUG org.hibernate.cfg.Settings - JDBC batch size: 0
19:40:31.247 [main] DEBUG org.hibernate.cfg.Settings - JDBC batch updates for versioned data: enabled
19:40:31.247 [main] DEBUG org.hibernate.cfg.Settings - Scrollable result sets: disabled
19:40:31.247 [main] DEBUG org.hibernate.cfg.Settings - Wrap result sets: disabled
19:40:31.247 [main] DEBUG org.hibernate.cfg.Settings - JDBC3 getGeneratedKeys(): disabled
19:40:31.247 [main] DEBUG org.hibernate.cfg.Settings - JDBC result set fetch size: null
19:40:31.247 [main] DEBUG org.hibernate.cfg.Settings - Connection release mode: ON_CLOSE
19:40:31.247 [main] DEBUG org.hibernate.cfg.Settings - Generate SQL with comments: disabled
19:40:31.248 [main] DEBUG org.hibernate.internal.SessionFactoryImpl - Session factory constructed with filter configurations : {}
19:40:31.248 [main] DEBUG org.hibernate.internal.SessionFactoryImpl - Instantiating session factory with properties: {awt.toolkit=sun.awt.X11.XToolkit, java.specification.version=11, sun.cpu.isalist=, sun.jnu.encoding=UTF-8, hibernate.connection.release_mode=ON_CLOSE, sun.arch.data.model=64, java.vendor.url=http://java.oracle.com/, sun.boot.library.path=/usr/lib/jvm/java-11-openjdk-amd64/lib, sun.java.command=/home/whitewolf/tau/TAU-repozytorium/tau-mmo-jmeter/target/surefire/surefirebooter3068630985977223282.jar /home/whitewolf/tau/TAU-repozytorium/tau-mmo-jmeter/target/surefire 2019-05-27T19-40-27_728-jvmRun1 surefire9941762728851701862tmp surefire_013181237219562226252tmp, jdk.debug=release, java.specification.vendor=Oracle Corporation, java.version.date=2019-04-16, java.home=/usr/lib/jvm/java-11-openjdk-amd64, file.separator=/, basedir=/home/whitewolf/tau/TAU-repozytorium/tau-mmo-jmeter, java.vm.compressedOopsMode=Zero based, line.separator=
, java.specification.name=Java Platform API Specification, java.vm.specification.vendor=Oracle Corporation, hibernate.hbm2ddl.auto=update, sun.management.compiler=HotSpot 64-Bit Tiered Compilers, java.runtime.version=11.0.3+7-Ubuntu-1ubuntu218.04.1, user.name=whitewolf, file.encoding=UTF-8, hibernate.classLoaders=[jdk.internal.loader.ClassLoaders$AppClassLoader@1affbebc], hibernate.current_session_context_class=org.springframework.orm.hibernate5.SpringSessionContext, localRepository=/home/whitewolf/.m2/repository, java.io.tmpdir=/tmp, java.version=11.0.3, java.vm.specification.name=Java Virtual Machine Specification, java.awt.printerjob=sun.print.PSPrinterJob, sun.os.patch.level=unknown, java.library.path=/usr/java/packages/lib:/usr/lib/x86_64-linux-gnu/jni:/lib/x86_64-linux-gnu:/usr/lib/x86_64-linux-gnu:/usr/lib/jni:/lib:/usr/lib, java.vendor=Oracle Corporation, sun.io.unicode.encoding=UnicodeLittle, sun.desktop=gnome, hibernate.dialect=org.hibernate.dialect.HSQLDialect, java.class.path=/home/whitewolf/tau/TAU-repozytorium/tau-mmo-jmeter/target/test-classes:/home/whitewolf/tau/TAU-repozytorium/tau-mmo-jmeter/target/classes:/home/whitewolf/.m2/repository/org/springframework/boot/spring-boot-starter-web/2.1.4.RELEASE/spring-boot-starter-web-2.1.4.RELEASE.jar:/home/whitewolf/.m2/repository/org/springframework/boot/spring-boot-starter/2.1.4.RELEASE/spring-boot-starter-2.1.4.RELEASE.jar:/home/whitewolf/.m2/repository/org/springframework/boot/spring-boot/2.1.4.RELEASE/spring-boot-2.1.4.RELEASE.jar:/home/whitewolf/.m2/repository/org/springframework/boot/spring-boot-autoconfigure/2.1.4.RELEASE/spring-boot-autoconfigure-2.1.4.RELEASE.jar:/home/whitewolf/.m2/repository/org/springframework/boot/spring-boot-starter-logging/2.1.4.RELEASE/spring-boot-starter-logging-2.1.4.RELEASE.jar:/home/whitewolf/.m2/repository/ch/qos/logback/logback-classic/1.2.3/logback-classic-1.2.3.jar:/home/whitewolf/.m2/repository/ch/qos/logback/logback-core/1.2.3/logback-core-1.2.3.jar:/home/whitewolf/.m2/repository/org/apache/logging/log4j/log4j-to-slf4j/2.11.2/log4j-to-slf4j-2.11.2.jar:/home/whitewolf/.m2/repository/org/apache/logging/log4j/log4j-api/2.11.2/log4j-api-2.11.2.jar:/home/whitewolf/.m2/repository/org/slf4j/jul-to-slf4j/1.7.26/jul-to-slf4j-1.7.26.jar:/home/whitewolf/.m2/repository/org/yaml/snakeyaml/1.23/snakeyaml-1.23.jar:/home/whitewolf/.m2/repository/org/springframework/boot/spring-boot-starter-json/2.1.4.RELEASE/spring-boot-starter-json-2.1.4.RELEASE.jar:/home/whitewolf/.m2/repository/com/fasterxml/jackson/core/jackson-databind/2.9.8/jackson-databind-2.9.8.jar:/home/whitewolf/.m2/repository/com/fasterxml/jackson/core/jackson-annotations/2.9.0/jackson-annotations-2.9.0.jar:/home/whitewolf/.m2/repository/com/fasterxml/jackson/core/jackson-core/2.9.8/jackson-core-2.9.8.jar:/home/whitewolf/.m2/repository/com/fasterxml/jackson/datatype/jackson-datatype-jdk8/2.9.8/jackson-datatype-jdk8-2.9.8.jar:/home/whitewolf/.m2/repository/com/fasterxml/jackson/datatype/jackson-datatype-jsr310/2.9.8/jackson-datatype-jsr310-2.9.8.jar:/home/whitewolf/.m2/repository/com/fasterxml/jackson/module/jackson-module-parameter-names/2.9.8/jackson-module-parameter-names-2.9.8.jar:/home/whitewolf/.m2/repository/org/hibernate/validator/hibernate-validator/6.0.16.Final/hibernate-validator-6.0.16.Final.jar:/home/whitewolf/.m2/repository/javax/validation/validation-api/2.0.1.Final/validation-api-2.0.1.Final.jar:/home/whitewolf/.m2/repository/org/springframework/spring-web/5.1.6.RELEASE/spring-web-5.1.6.RELEASE.jar:/home/whitewolf/.m2/repository/org/springframework/spring-webmvc/5.1.6.RELEASE/spring-webmvc-5.1.6.RELEASE.jar:/home/whitewolf/.m2/repository/org/springframework/spring-aop/5.1.6.RELEASE/spring-aop-5.1.6.RELEASE.jar:/home/whitewolf/.m2/repository/org/springframework/spring-context/5.1.6.RELEASE/spring-context-5.1.6.RELEASE.jar:/home/whitewolf/.m2/repository/org/springframework/spring-expression/5.1.6.RELEASE/spring-expression-5.1.6.RELEASE.jar:/home/whitewolf/.m2/repository/org/springframework/boot/spring-boot-starter-test/2.1.4.RELEASE/spring-boot-starter-test-2.1.4.RELEASE.jar:/home/whitewolf/.m2/repository/org/springframework/boot/spring-boot-test/2.1.4.RELEASE/spring-boot-test-2.1.4.RELEASE.jar:/home/whitewolf/.m2/repository/org/springframework/boot/spring-boot-test-autoconfigure/2.1.4.RELEASE/spring-boot-test-autoconfigure-2.1.4.RELEASE.jar:/home/whitewolf/.m2/repository/junit/junit/4.12/junit-4.12.jar:/home/whitewolf/.m2/repository/org/assertj/assertj-core/3.11.1/assertj-core-3.11.1.jar:/home/whitewolf/.m2/repository/org/mockito/mockito-core/2.23.4/mockito-core-2.23.4.jar:/home/whitewolf/.m2/repository/net/bytebuddy/byte-buddy/1.9.12/byte-buddy-1.9.12.jar:/home/whitewolf/.m2/repository/net/bytebuddy/byte-buddy-agent/1.9.12/byte-buddy-agent-1.9.12.jar:/home/whitewolf/.m2/repository/org/objenesis/objenesis/2.6/objenesis-2.6.jar:/home/whitewolf/.m2/repository/org/hamcrest/hamcrest-core/1.3/hamcrest-core-1.3.jar:/home/whitewolf/.m2/repository/org/hamcrest/hamcrest-library/1.3/hamcrest-library-1.3.jar:/home/whitewolf/.m2/repository/org/skyscreamer/jsonassert/1.5.0/jsonassert-1.5.0.jar:/home/whitewolf/.m2/repository/com/vaadin/external/google/android-json/0.0.20131108.vaadin1/android-json-0.0.20131108.vaadin1.jar:/home/whitewolf/.m2/repository/org/springframework/spring-core/5.1.6.RELEASE/spring-core-5.1.6.RELEASE.jar:/home/whitewolf/.m2/repository/org/springframework/spring-jcl/5.1.6.RELEASE/spring-jcl-5.1.6.RELEASE.jar:/home/whitewolf/.m2/repository/org/springframework/spring-test/5.1.6.RELEASE/spring-test-5.1.6.RELEASE.jar:/home/whitewolf/.m2/repository/org/xmlunit/xmlunit-core/2.6.2/xmlunit-core-2.6.2.jar:/home/whitewolf/.m2/repository/org/springframework/boot/spring-boot-starter-tomcat/2.1.4.RELEASE/spring-boot-starter-tomcat-2.1.4.RELEASE.jar:/home/whitewolf/.m2/repository/javax/annotation/javax.annotation-api/1.3.2/javax.annotation-api-1.3.2.jar:/home/whitewolf/.m2/repository/org/apache/tomcat/embed/tomcat-embed-core/9.0.17/tomcat-embed-core-9.0.17.jar:/home/whitewolf/.m2/repository/org/apache/tomcat/embed/tomcat-embed-el/9.0.17/tomcat-embed-el-9.0.17.jar:/home/whitewolf/.m2/repository/org/apache/tomcat/embed/tomcat-embed-websocket/9.0.17/tomcat-embed-websocket-9.0.17.jar:/home/whitewolf/.m2/repository/org/springframework/boot/spring-boot-starter-data-jpa/2.1.4.RELEASE/spring-boot-starter-data-jpa-2.1.4.RELEASE.jar:/home/whitewolf/.m2/repository/org/springframework/boot/spring-boot-starter-aop/2.1.4.RELEASE/spring-boot-starter-aop-2.1.4.RELEASE.jar:/home/whitewolf/.m2/repository/org/aspectj/aspectjweaver/1.9.2/aspectjweaver-1.9.2.jar:/home/whitewolf/.m2/repository/org/springframework/boot/spring-boot-starter-jdbc/2.1.4.RELEASE/spring-boot-starter-jdbc-2.1.4.RELEASE.jar:/home/whitewolf/.m2/repository/com/zaxxer/HikariCP/3.2.0/HikariCP-3.2.0.jar:/home/whitewolf/.m2/repository/org/springframework/spring-jdbc/5.1.6.RELEASE/spring-jdbc-5.1.6.RELEASE.jar:/home/whitewolf/.m2/repository/javax/transaction/javax.transaction-api/1.3/javax.transaction-api-1.3.jar:/home/whitewolf/.m2/repository/javax/xml/bind/jaxb-api/2.3.1/jaxb-api-2.3.1.jar:/home/whitewolf/.m2/repository/javax/activation/javax.activation-api/1.2.0/javax.activation-api-1.2.0.jar:/home/whitewolf/.m2/repository/org/springframework/data/spring-data-jpa/2.1.6.RELEASE/spring-data-jpa-2.1.6.RELEASE.jar:/home/whitewolf/.m2/repository/org/springframework/data/spring-data-commons/2.1.6.RELEASE/spring-data-commons-2.1.6.RELEASE.jar:/home/whitewolf/.m2/repository/org/springframework/spring-orm/5.1.6.RELEASE/spring-orm-5.1.6.RELEASE.jar:/home/whitewolf/.m2/repository/org/springframework/spring-aspects/5.1.6.RELEASE/spring-aspects-5.1.6.RELEASE.jar:/home/whitewolf/.m2/repository/org/springframework/spring-tx/5.1.6.RELEASE/spring-tx-5.1.6.RELEASE.jar:/home/whitewolf/.m2/repository/org/springframework/spring-beans/5.1.6.RELEASE/spring-beans-5.1.6.RELEASE.jar:/home/whitewolf/.m2/repository/com/jayway/jsonpath/json-path/2.4.0/json-path-2.4.0.jar:/home/whitewolf/.m2/repository/net/minidev/json-smart/2.3/json-smart-2.3.jar:/home/whitewolf/.m2/repository/net/minidev/accessors-smart/1.2/accessors-smart-1.2.jar:/home/whitewolf/.m2/repository/org/ow2/asm/asm/5.0.4/asm-5.0.4.jar:/home/whitewolf/.m2/repository/org/slf4j/slf4j-api/1.7.26/slf4j-api-1.7.26.jar:/home/whitewolf/.m2/repository/org/hibernate/hibernate-core/5.1.6.Final/hibernate-core-5.1.6.Final.jar:/home/whitewolf/.m2/repository/org/jboss/logging/jboss-logging/3.3.2.Final/jboss-logging-3.3.2.Final.jar:/home/whitewolf/.m2/repository/org/hibernate/javax/persistence/hibernate-jpa-2.1-api/1.0.0.Final/hibernate-jpa-2.1-api-1.0.0.Final.jar:/home/whitewolf/.m2/repository/org/javassist/javassist/3.20.0-GA/javassist-3.20.0-GA.jar:/home/whitewolf/.m2/repository/antlr/antlr/2.7.7/antlr-2.7.7.jar:/home/whitewolf/.m2/repository/org/apache/geronimo/specs/geronimo-jta_1.1_spec/1.1.1/geronimo-jta_1.1_spec-1.1.1.jar:/home/whitewolf/.m2/repository/org/jboss/jandex/2.0.3.Final/jandex-2.0.3.Final.jar:/home/whitewolf/.m2/repository/com/fasterxml/classmate/1.4.0/classmate-1.4.0.jar:/home/whitewolf/.m2/repository/dom4j/dom4j/1.6.1/dom4j-1.6.1.jar:/home/whitewolf/.m2/repository/org/hibernate/common/hibernate-commons-annotations/5.0.1.Final/hibernate-commons-annotations-5.0.1.Final.jar:/home/whitewolf/.m2/repository/org/hsqldb/hsqldb/2.3.4/hsqldb-2.3.4.jar:, java.vm.vendor=Oracle Corporation, user.timezone=Europe/Warsaw, os.name=Linux, java.vm.specification.version=11, sun.java.launcher=SUN_STANDARD, user.country=PL, surefire.test.class.path=/home/whitewolf/tau/TAU-repozytorium/tau-mmo-jmeter/target/test-classes:/home/whitewolf/tau/TAU-repozytorium/tau-mmo-jmeter/target/classes:/home/whitewolf/.m2/repository/org/springframework/boot/spring-boot-starter-web/2.1.4.RELEASE/spring-boot-starter-web-2.1.4.RELEASE.jar:/home/whitewolf/.m2/repository/org/springframework/boot/spring-boot-starter/2.1.4.RELEASE/spring-boot-starter-2.1.4.RELEASE.jar:/home/whitewolf/.m2/repository/org/springframework/boot/spring-boot/2.1.4.RELEASE/spring-boot-2.1.4.RELEASE.jar:/home/whitewolf/.m2/repository/org/springframework/boot/spring-boot-autoconfigure/2.1.4.RELEASE/spring-boot-autoconfigure-2.1.4.RELEASE.jar:/home/whitewolf/.m2/repository/org/springframework/boot/spring-boot-starter-logging/2.1.4.RELEASE/spring-boot-starter-logging-2.1.4.RELEASE.jar:/home/whitewolf/.m2/repository/ch/qos/logback/logback-classic/1.2.3/logback-classic-1.2.3.jar:/home/whitewolf/.m2/repository/ch/qos/logback/logback-core/1.2.3/logback-core-1.2.3.jar:/home/whitewolf/.m2/repository/org/apache/logging/log4j/log4j-to-slf4j/2.11.2/log4j-to-slf4j-2.11.2.jar:/home/whitewolf/.m2/repository/org/apache/logging/log4j/log4j-api/2.11.2/log4j-api-2.11.2.jar:/home/whitewolf/.m2/repository/org/slf4j/jul-to-slf4j/1.7.26/jul-to-slf4j-1.7.26.jar:/home/whitewolf/.m2/repository/org/yaml/snakeyaml/1.23/snakeyaml-1.23.jar:/home/whitewolf/.m2/repository/org/springframework/boot/spring-boot-starter-json/2.1.4.RELEASE/spring-boot-starter-json-2.1.4.RELEASE.jar:/home/whitewolf/.m2/repository/com/fasterxml/jackson/core/jackson-databind/2.9.8/jackson-databind-2.9.8.jar:/home/whitewolf/.m2/repository/com/fasterxml/jackson/core/jackson-annotations/2.9.0/jackson-annotations-2.9.0.jar:/home/whitewolf/.m2/repository/com/fasterxml/jackson/core/jackson-core/2.9.8/jackson-core-2.9.8.jar:/home/whitewolf/.m2/repository/com/fasterxml/jackson/datatype/jackson-datatype-jdk8/2.9.8/jackson-datatype-jdk8-2.9.8.jar:/home/whitewolf/.m2/repository/com/fasterxml/jackson/datatype/jackson-datatype-jsr310/2.9.8/jackson-datatype-jsr310-2.9.8.jar:/home/whitewolf/.m2/repository/com/fasterxml/jackson/module/jackson-module-parameter-names/2.9.8/jackson-module-parameter-names-2.9.8.jar:/home/whitewolf/.m2/repository/org/hibernate/validator/hibernate-validator/6.0.16.Final/hibernate-validator-6.0.16.Final.jar:/home/whitewolf/.m2/repository/javax/validation/validation-api/2.0.1.Final/validation-api-2.0.1.Final.jar:/home/whitewolf/.m2/repository/org/springframework/spring-web/5.1.6.RELEASE/spring-web-5.1.6.RELEASE.jar:/home/whitewolf/.m2/repository/org/springframework/spring-webmvc/5.1.6.RELEASE/spring-webmvc-5.1.6.RELEASE.jar:/home/whitewolf/.m2/repository/org/springframework/spring-aop/5.1.6.RELEASE/spring-aop-5.1.6.RELEASE.jar:/home/whitewolf/.m2/repository/org/springframework/spring-context/5.1.6.RELEASE/spring-context-5.1.6.RELEASE.jar:/home/whitewolf/.m2/repository/org/springframework/spring-expression/5.1.6.RELEASE/spring-expression-5.1.6.RELEASE.jar:/home/whitewolf/.m2/repository/org/springframework/boot/spring-boot-starter-test/2.1.4.RELEASE/spring-boot-starter-test-2.1.4.RELEASE.jar:/home/whitewolf/.m2/repository/org/springframework/boot/spring-boot-test/2.1.4.RELEASE/spring-boot-test-2.1.4.RELEASE.jar:/home/whitewolf/.m2/repository/org/springframework/boot/spring-boot-test-autoconfigure/2.1.4.RELEASE/spring-boot-test-autoconfigure-2.1.4.RELEASE.jar:/home/whitewolf/.m2/repository/junit/junit/4.12/junit-4.12.jar:/home/whitewolf/.m2/repository/org/assertj/assertj-core/3.11.1/assertj-core-3.11.1.jar:/home/whitewolf/.m2/repository/org/mockito/mockito-core/2.23.4/mockito-core-2.23.4.jar:/home/whitewolf/.m2/repository/net/bytebuddy/byte-buddy/1.9.12/byte-buddy-1.9.12.jar:/home/whitewolf/.m2/repository/net/bytebuddy/byte-buddy-agent/1.9.12/byte-buddy-agent-1.9.12.jar:/home/whitewolf/.m2/repository/org/objenesis/objenesis/2.6/objenesis-2.6.jar:/home/whitewolf/.m2/repository/org/hamcrest/hamcrest-core/1.3/hamcrest-core-1.3.jar:/home/whitewolf/.m2/repository/org/hamcrest/hamcrest-library/1.3/hamcrest-library-1.3.jar:/home/whitewolf/.m2/repository/org/skyscreamer/jsonassert/1.5.0/jsonassert-1.5.0.jar:/home/whitewolf/.m2/repository/com/vaadin/external/google/android-json/0.0.20131108.vaadin1/android-json-0.0.20131108.vaadin1.jar:/home/whitewolf/.m2/repository/org/springframework/spring-core/5.1.6.RELEASE/spring-core-5.1.6.RELEASE.jar:/home/whitewolf/.m2/repository/org/springframework/spring-jcl/5.1.6.RELEASE/spring-jcl-5.1.6.RELEASE.jar:/home/whitewolf/.m2/repository/org/springframework/spring-test/5.1.6.RELEASE/spring-test-5.1.6.RELEASE.jar:/home/whitewolf/.m2/repository/org/xmlunit/xmlunit-core/2.6.2/xmlunit-core-2.6.2.jar:/home/whitewolf/.m2/repository/org/springframework/boot/spring-boot-starter-tomcat/2.1.4.RELEASE/spring-boot-starter-tomcat-2.1.4.RELEASE.jar:/home/whitewolf/.m2/repository/javax/annotation/javax.annotation-api/1.3.2/javax.annotation-api-1.3.2.jar:/home/whitewolf/.m2/repository/org/apache/tomcat/embed/tomcat-embed-core/9.0.17/tomcat-embed-core-9.0.17.jar:/home/whitewolf/.m2/repository/org/apache/tomcat/embed/tomcat-embed-el/9.0.17/tomcat-embed-el-9.0.17.jar:/home/whitewolf/.m2/repository/org/apache/tomcat/embed/tomcat-embed-websocket/9.0.17/tomcat-embed-websocket-9.0.17.jar:/home/whitewolf/.m2/repository/org/springframework/boot/spring-boot-starter-data-jpa/2.1.4.RELEASE/spring-boot-starter-data-jpa-2.1.4.RELEASE.jar:/home/whitewolf/.m2/repository/org/springframework/boot/spring-boot-starter-aop/2.1.4.RELEASE/spring-boot-starter-aop-2.1.4.RELEASE.jar:/home/whitewolf/.m2/repository/org/aspectj/aspectjweaver/1.9.2/aspectjweaver-1.9.2.jar:/home/whitewolf/.m2/repository/org/springframework/boot/spring-boot-starter-jdbc/2.1.4.RELEASE/spring-boot-starter-jdbc-2.1.4.RELEASE.jar:/home/whitewolf/.m2/repository/com/zaxxer/HikariCP/3.2.0/HikariCP-3.2.0.jar:/home/whitewolf/.m2/repository/org/springframework/spring-jdbc/5.1.6.RELEASE/spring-jdbc-5.1.6.RELEASE.jar:/home/whitewolf/.m2/repository/javax/transaction/javax.transaction-api/1.3/javax.transaction-api-1.3.jar:/home/whitewolf/.m2/repository/javax/xml/bind/jaxb-api/2.3.1/jaxb-api-2.3.1.jar:/home/whitewolf/.m2/repository/javax/activation/javax.activation-api/1.2.0/javax.activation-api-1.2.0.jar:/home/whitewolf/.m2/repository/org/springframework/data/spring-data-jpa/2.1.6.RELEASE/spring-data-jpa-2.1.6.RELEASE.jar:/home/whitewolf/.m2/repository/org/springframework/data/spring-data-commons/2.1.6.RELEASE/spring-data-commons-2.1.6.RELEASE.jar:/home/whitewolf/.m2/repository/org/springframework/spring-orm/5.1.6.RELEASE/spring-orm-5.1.6.RELEASE.jar:/home/whitewolf/.m2/repository/org/springframework/spring-aspects/5.1.6.RELEASE/spring-aspects-5.1.6.RELEASE.jar:/home/whitewolf/.m2/repository/org/springframework/spring-tx/5.1.6.RELEASE/spring-tx-5.1.6.RELEASE.jar:/home/whitewolf/.m2/repository/org/springframework/spring-beans/5.1.6.RELEASE/spring-beans-5.1.6.RELEASE.jar:/home/whitewolf/.m2/repository/com/jayway/jsonpath/json-path/2.4.0/json-path-2.4.0.jar:/home/whitewolf/.m2/repository/net/minidev/json-smart/2.3/json-smart-2.3.jar:/home/whitewolf/.m2/repository/net/minidev/accessors-smart/1.2/accessors-smart-1.2.jar:/home/whitewolf/.m2/repository/org/ow2/asm/asm/5.0.4/asm-5.0.4.jar:/home/whitewolf/.m2/repository/org/slf4j/slf4j-api/1.7.26/slf4j-api-1.7.26.jar:/home/whitewolf/.m2/repository/org/hibernate/hibernate-core/5.1.6.Final/hibernate-core-5.1.6.Final.jar:/home/whitewolf/.m2/repository/org/jboss/logging/jboss-logging/3.3.2.Final/jboss-logging-3.3.2.Final.jar:/home/whitewolf/.m2/repository/org/hibernate/javax/persistence/hibernate-jpa-2.1-api/1.0.0.Final/hibernate-jpa-2.1-api-1.0.0.Final.jar:/home/whitewolf/.m2/repository/org/javassist/javassist/3.20.0-GA/javassist-3.20.0-GA.jar:/home/whitewolf/.m2/repository/antlr/antlr/2.7.7/antlr-2.7.7.jar:/home/whitewolf/.m2/repository/org/apache/geronimo/specs/geronimo-jta_1.1_spec/1.1.1/geronimo-jta_1.1_spec-1.1.1.jar:/home/whitewolf/.m2/repository/org/jboss/jandex/2.0.3.Final/jandex-2.0.3.Final.jar:/home/whitewolf/.m2/repository/com/fasterxml/classmate/1.4.0/classmate-1.4.0.jar:/home/whitewolf/.m2/repository/dom4j/dom4j/1.6.1/dom4j-1.6.1.jar:/home/whitewolf/.m2/repository/org/hibernate/common/hibernate-commons-annotations/5.0.1.Final/hibernate-commons-annotations-5.0.1.Final.jar:/home/whitewolf/.m2/repository/org/hsqldb/hsqldb/2.3.4/hsqldb-2.3.4.jar:, sun.cpu.endian=little, user.home=/home/whitewolf, user.language=pl, java.awt.graphicsenv=sun.awt.X11GraphicsEnvironment, surefire.real.class.path=/home/whitewolf/tau/TAU-repozytorium/tau-mmo-jmeter/target/surefire/surefirebooter3068630985977223282.jar, path.separator=:, os.version=4.15.0-47-generic, java.runtime.name=OpenJDK Runtime Environment, java.vm.name=OpenJDK 64-Bit Server VM, hibernate.show_sql=true, java.vendor.url.bug=http://bugreport.java.com/bugreport/, user.dir=/home/whitewolf/tau/TAU-repozytorium/tau-mmo-jmeter, os.arch=amd64, hibernate.boot.CfgXmlAccessService.key=org.hibernate.boot.cfgxml.spi.LoadedConfig@2c08c787, java.vm.info=mixed mode, sharing, java.vm.version=11.0.3+7-Ubuntu-1ubuntu218.04.1, hibernate.bytecode.use_reflection_optimizer=false, hibernate.connection.datasource=org.springframework.jdbc.datasource.DriverManagerDataSource@39e3ea78, java.class.version=55.0}
19:40:31.248 [main] DEBUG org.hibernate.validator.internal.engine.resolver.TraversableResolvers - Found javax.persistence.Persistence on classpath containing 'getPersistenceUtil'. Assuming JPA 2 environment. Trying to instantiate JPA aware TraversableResolver
19:40:31.248 [main] DEBUG org.hibernate.validator.internal.engine.resolver.TraversableResolvers - Instantiated JPA aware TraversableResolver of type org.hibernate.validator.internal.engine.resolver.JPATraversableResolver.
19:40:31.249 [main] DEBUG org.hibernate.validator.internal.xml.config.ValidationXmlParser - Trying to load META-INF/validation.xml for XML based Validator configuration.
19:40:31.249 [main] DEBUG org.hibernate.validator.internal.xml.config.ResourceLoaderHelper - Trying to load META-INF/validation.xml via TCCL
19:40:31.249 [main] DEBUG org.hibernate.validator.internal.xml.config.ResourceLoaderHelper - Trying to load META-INF/validation.xml via Hibernate Validator's class loader
19:40:31.249 [main] DEBUG org.hibernate.validator.internal.xml.config.ValidationXmlParser - No META-INF/validation.xml found. Using annotation based configuration only.
19:40:31.252 [main] DEBUG org.hibernate.validator.messageinterpolation.ResourceBundleMessageInterpolator - Loaded expression factory via original TCCL
19:40:31.252 [main] DEBUG org.hibernate.validator.internal.engine.ValidatorFactoryImpl - HV000234: Using org.hibernate.validator.messageinterpolation.ResourceBundleMessageInterpolator as ValidatorFactory-scoped message interpolator.
19:40:31.252 [main] DEBUG org.hibernate.validator.internal.engine.ValidatorFactoryImpl - HV000234: Using org.hibernate.validator.internal.engine.resolver.JPATraversableResolver as ValidatorFactory-scoped traversable resolver.
19:40:31.252 [main] DEBUG org.hibernate.validator.internal.engine.ValidatorFactoryImpl - HV000234: Using org.hibernate.validator.internal.util.ExecutableParameterNameProvider as ValidatorFactory-scoped parameter name provider.
19:40:31.252 [main] DEBUG org.hibernate.validator.internal.engine.ValidatorFactoryImpl - HV000234: Using org.hibernate.validator.internal.engine.DefaultClockProvider as ValidatorFactory-scoped clock provider.
19:40:31.252 [main] DEBUG org.hibernate.validator.internal.engine.ValidatorFactoryImpl - HV000234: Using org.hibernate.validator.internal.engine.scripting.DefaultScriptEvaluatorFactory as ValidatorFactory-scoped script evaluator factory.
19:40:31.252 [main] DEBUG org.hibernate.boot.internal.ClassLoaderAccessImpl - Not known whether passed class name [tau.mmo.domain.Item] is safe
19:40:31.252 [main] DEBUG org.hibernate.boot.internal.ClassLoaderAccessImpl - No temp ClassLoader provided; using live ClassLoader for loading potentially unsafe class : tau.mmo.domain.Item
19:40:31.257 [main] DEBUG org.hibernate.boot.internal.ClassLoaderAccessImpl - Not known whether passed class name [tau.mmo.domain.Player] is safe
19:40:31.257 [main] DEBUG org.hibernate.boot.internal.ClassLoaderAccessImpl - No temp ClassLoader provided; using live ClassLoader for loading potentially unsafe class : tau.mmo.domain.Player
19:40:31.266 [main] DEBUG org.hibernate.secure.spi.JaccIntegrator - Skipping JACC integration as it was not enabled
19:40:31.266 [main] DEBUG org.hibernate.boot.internal.ClassLoaderAccessImpl - Not known whether passed class name [tau.mmo.domain.Item] is safe
19:40:31.266 [main] DEBUG org.hibernate.boot.internal.ClassLoaderAccessImpl - No temp ClassLoader provided; using live ClassLoader for loading potentially unsafe class : tau.mmo.domain.Item
19:40:31.267 [main] DEBUG org.hibernate.boot.internal.ClassLoaderAccessImpl - Not known whether passed class name [tau.mmo.domain.Item] is safe
19:40:31.267 [main] DEBUG org.hibernate.boot.internal.ClassLoaderAccessImpl - No temp ClassLoader provided; using live ClassLoader for loading potentially unsafe class : tau.mmo.domain.Item
19:40:31.267 [main] DEBUG org.hibernate.boot.internal.ClassLoaderAccessImpl - Not known whether passed class name [tau.mmo.domain.Player] is safe
19:40:31.267 [main] DEBUG org.hibernate.boot.internal.ClassLoaderAccessImpl - No temp ClassLoader provided; using live ClassLoader for loading potentially unsafe class : tau.mmo.domain.Player
19:40:31.267 [main] DEBUG org.hibernate.boot.internal.ClassLoaderAccessImpl - Not known whether passed class name [tau.mmo.domain.Player] is safe
19:40:31.267 [main] DEBUG org.hibernate.boot.internal.ClassLoaderAccessImpl - No temp ClassLoader provided; using live ClassLoader for loading potentially unsafe class : tau.mmo.domain.Player
19:40:31.268 [main] DEBUG org.hibernate.persister.collection.AbstractCollectionPersister - Static SQL for collection: tau.mmo.domain.Player.items
19:40:31.268 [main] DEBUG org.hibernate.persister.collection.AbstractCollectionPersister -  Row insert: update item set player_id=? where id=?
19:40:31.268 [main] DEBUG org.hibernate.persister.collection.AbstractCollectionPersister -  Row update: update item set  where id=?
19:40:31.268 [main] DEBUG org.hibernate.persister.collection.AbstractCollectionPersister -  Row delete: update item set player_id=null where player_id=? and id=?
19:40:31.268 [main] DEBUG org.hibernate.persister.collection.AbstractCollectionPersister -  One-shot delete: update item set player_id=null where player_id=?
19:40:31.268 [main] DEBUG org.hibernate.persister.entity.AbstractEntityPersister - Static SQL for entity: tau.mmo.domain.Item
19:40:31.268 [main] DEBUG org.hibernate.persister.entity.AbstractEntityPersister -  Version select: select id from item where id =?
19:40:31.268 [main] DEBUG org.hibernate.persister.entity.AbstractEntityPersister -  Snapshot select: select item_.id, item_.itemclass as itemclas2_0_, item_.levelreq as levelreq3_0_, item_.name as name4_0_, item_.player_id as player_i5_0_ from item item_ where item_.id=?
19:40:31.268 [main] DEBUG org.hibernate.persister.entity.AbstractEntityPersister -  Insert 0: insert into item (itemclass, levelreq, name, player_id, id) values (?, ?, ?, ?, ?)
19:40:31.268 [main] DEBUG org.hibernate.persister.entity.AbstractEntityPersister -  Update 0: update item set itemclass=?, levelreq=?, name=?, player_id=? where id=?
19:40:31.268 [main] DEBUG org.hibernate.persister.entity.AbstractEntityPersister -  Delete 0: delete from item where id=?
19:40:31.268 [main] DEBUG org.hibernate.loader.plan.build.internal.spaces.QuerySpacesImpl - Adding QuerySpace : uid = <gen:0> -> org.hibernate.loader.plan.build.internal.spaces.EntityQuerySpaceImpl@6e3b2dd3]
19:40:31.268 [main] DEBUG org.hibernate.persister.walking.spi.MetamodelGraphWalker - Visiting attribute path : itemclass
19:40:31.268 [main] DEBUG org.hibernate.persister.walking.spi.MetamodelGraphWalker - Visiting attribute path : levelreq
19:40:31.268 [main] DEBUG org.hibernate.persister.walking.spi.MetamodelGraphWalker - Visiting attribute path : name
19:40:31.269 [main] DEBUG org.hibernate.persister.walking.spi.MetamodelGraphWalker - Visiting attribute path : player
19:40:31.269 [main] DEBUG org.hibernate.loader.plan.build.internal.spaces.QuerySpacesImpl - Adding QuerySpace : uid = <gen:1> -> org.hibernate.loader.plan.build.internal.spaces.EntityQuerySpaceImpl@1c011855]
19:40:31.269 [main] DEBUG org.hibernate.loader.plan.build.internal.FetchStyleLoadPlanBuildingAssociationVisitationStrategy - Building LoadPlan...
19:40:31.269 [main] DEBUG org.hibernate.loader.plan.exec.internal.LoadQueryJoinAndFetchProcessor - processing queryspace <gen:0>
19:40:31.269 [main] DEBUG org.hibernate.loader.plan.build.spi.LoadPlanTreePrinter - LoadPlan(entity=tau.mmo.domain.Item)
    - Returns
       - EntityReturnImpl(entity=tau.mmo.domain.Item, querySpaceUid=<gen:0>, path=tau.mmo.domain.Item)
          - EntityAttributeFetchImpl(entity=tau.mmo.domain.Player, querySpaceUid=<gen:1>, path=tau.mmo.domain.Item.player)
    - QuerySpaces
       - EntityQuerySpaceImpl(uid=<gen:0>, entity=tau.mmo.domain.Item)
          - SQL table alias mapping - item0_
          - alias suffix - 0_
          - suffixed key columns - {id1_0_0_}

19:40:31.269 [main] DEBUG org.hibernate.loader.entity.plan.EntityLoader - Static select for entity tau.mmo.domain.Item [NONE]: select item0_.id as id1_0_0_, item0_.itemclass as itemclas2_0_0_, item0_.levelreq as levelreq3_0_0_, item0_.name as name4_0_0_, item0_.player_id as player_i5_0_0_ from item item0_ where item0_.id=?
19:40:31.269 [main] DEBUG org.hibernate.loader.plan.build.internal.spaces.QuerySpacesImpl - Adding QuerySpace : uid = <gen:0> -> org.hibernate.loader.plan.build.internal.spaces.EntityQuerySpaceImpl@6591f8ea]
19:40:31.269 [main] DEBUG org.hibernate.persister.walking.spi.MetamodelGraphWalker - Visiting attribute path : itemclass
19:40:31.269 [main] DEBUG org.hibernate.persister.walking.spi.MetamodelGraphWalker - Visiting attribute path : levelreq
19:40:31.269 [main] DEBUG org.hibernate.persister.walking.spi.MetamodelGraphWalker - Visiting attribute path : name
19:40:31.269 [main] DEBUG org.hibernate.persister.walking.spi.MetamodelGraphWalker - Visiting attribute path : player
19:40:31.269 [main] DEBUG org.hibernate.loader.plan.build.internal.spaces.QuerySpacesImpl - Adding QuerySpace : uid = <gen:1> -> org.hibernate.loader.plan.build.internal.spaces.EntityQuerySpaceImpl@279c4e3b]
19:40:31.269 [main] DEBUG org.hibernate.loader.plan.build.internal.FetchStyleLoadPlanBuildingAssociationVisitationStrategy - Building LoadPlan...
19:40:31.269 [main] DEBUG org.hibernate.loader.plan.exec.internal.LoadQueryJoinAndFetchProcessor - processing queryspace <gen:0>
19:40:31.269 [main] DEBUG org.hibernate.loader.plan.build.spi.LoadPlanTreePrinter - LoadPlan(entity=tau.mmo.domain.Item)
    - Returns
       - EntityReturnImpl(entity=tau.mmo.domain.Item, querySpaceUid=<gen:0>, path=tau.mmo.domain.Item)
          - EntityAttributeFetchImpl(entity=tau.mmo.domain.Player, querySpaceUid=<gen:1>, path=tau.mmo.domain.Item.player)
    - QuerySpaces
       - EntityQuerySpaceImpl(uid=<gen:0>, entity=tau.mmo.domain.Item)
          - SQL table alias mapping - item0_
          - alias suffix - 0_
          - suffixed key columns - {id1_0_0_}

19:40:31.269 [main] DEBUG org.hibernate.loader.entity.plan.EntityLoader - Static select for entity tau.mmo.domain.Item [READ]: select item0_.id as id1_0_0_, item0_.itemclass as itemclas2_0_0_, item0_.levelreq as levelreq3_0_0_, item0_.name as name4_0_0_, item0_.player_id as player_i5_0_0_ from item item0_ where item0_.id=?
19:40:31.270 [main] DEBUG org.hibernate.loader.plan.build.internal.spaces.QuerySpacesImpl - Adding QuerySpace : uid = <gen:0> -> org.hibernate.loader.plan.build.internal.spaces.EntityQuerySpaceImpl@334b392d]
19:40:31.270 [main] DEBUG org.hibernate.persister.walking.spi.MetamodelGraphWalker - Visiting attribute path : itemclass
19:40:31.270 [main] DEBUG org.hibernate.persister.walking.spi.MetamodelGraphWalker - Visiting attribute path : levelreq
19:40:31.270 [main] DEBUG org.hibernate.persister.walking.spi.MetamodelGraphWalker - Visiting attribute path : name
19:40:31.270 [main] DEBUG org.hibernate.persister.walking.spi.MetamodelGraphWalker - Visiting attribute path : player
19:40:31.270 [main] DEBUG org.hibernate.loader.plan.build.internal.spaces.QuerySpacesImpl - Adding QuerySpace : uid = <gen:1> -> org.hibernate.loader.plan.build.internal.spaces.EntityQuerySpaceImpl@136fece2]
19:40:31.270 [main] DEBUG org.hibernate.loader.plan.build.internal.FetchStyleLoadPlanBuildingAssociationVisitationStrategy - Building LoadPlan...
19:40:31.270 [main] DEBUG org.hibernate.loader.plan.exec.internal.LoadQueryJoinAndFetchProcessor - processing queryspace <gen:0>
19:40:31.270 [main] DEBUG org.hibernate.loader.plan.build.spi.LoadPlanTreePrinter - LoadPlan(entity=tau.mmo.domain.Item)
    - Returns
       - EntityReturnImpl(entity=tau.mmo.domain.Item, querySpaceUid=<gen:0>, path=tau.mmo.domain.Item)
          - EntityAttributeFetchImpl(entity=tau.mmo.domain.Player, querySpaceUid=<gen:1>, path=tau.mmo.domain.Item.player)
    - QuerySpaces
       - EntityQuerySpaceImpl(uid=<gen:0>, entity=tau.mmo.domain.Item)
          - SQL table alias mapping - item0_
          - alias suffix - 0_
          - suffixed key columns - {id1_0_0_}

19:40:31.270 [main] DEBUG org.hibernate.loader.entity.plan.EntityLoader - Static select for entity tau.mmo.domain.Item [UPGRADE]: select item0_.id as id1_0_0_, item0_.itemclass as itemclas2_0_0_, item0_.levelreq as levelreq3_0_0_, item0_.name as name4_0_0_, item0_.player_id as player_i5_0_0_ from item item0_ where item0_.id=? for update
19:40:31.270 [main] DEBUG org.hibernate.loader.plan.build.internal.spaces.QuerySpacesImpl - Adding QuerySpace : uid = <gen:0> -> org.hibernate.loader.plan.build.internal.spaces.EntityQuerySpaceImpl@56478522]
19:40:31.270 [main] DEBUG org.hibernate.persister.walking.spi.MetamodelGraphWalker - Visiting attribute path : itemclass
19:40:31.270 [main] DEBUG org.hibernate.persister.walking.spi.MetamodelGraphWalker - Visiting attribute path : levelreq
19:40:31.270 [main] DEBUG org.hibernate.persister.walking.spi.MetamodelGraphWalker - Visiting attribute path : name
19:40:31.270 [main] DEBUG org.hibernate.persister.walking.spi.MetamodelGraphWalker - Visiting attribute path : player
19:40:31.270 [main] DEBUG org.hibernate.loader.plan.build.internal.spaces.QuerySpacesImpl - Adding QuerySpace : uid = <gen:1> -> org.hibernate.loader.plan.build.internal.spaces.EntityQuerySpaceImpl@5b3755f4]
19:40:31.270 [main] DEBUG org.hibernate.loader.plan.build.internal.FetchStyleLoadPlanBuildingAssociationVisitationStrategy - Building LoadPlan...
19:40:31.270 [main] DEBUG org.hibernate.loader.plan.exec.internal.LoadQueryJoinAndFetchProcessor - processing queryspace <gen:0>
19:40:31.271 [main] DEBUG org.hibernate.loader.plan.build.spi.LoadPlanTreePrinter - LoadPlan(entity=tau.mmo.domain.Item)
    - Returns
       - EntityReturnImpl(entity=tau.mmo.domain.Item, querySpaceUid=<gen:0>, path=tau.mmo.domain.Item)
          - EntityAttributeFetchImpl(entity=tau.mmo.domain.Player, querySpaceUid=<gen:1>, path=tau.mmo.domain.Item.player)
    - QuerySpaces
       - EntityQuerySpaceImpl(uid=<gen:0>, entity=tau.mmo.domain.Item)
          - SQL table alias mapping - item0_
          - alias suffix - 0_
          - suffixed key columns - {id1_0_0_}

19:40:31.271 [main] DEBUG org.hibernate.loader.entity.plan.EntityLoader - Static select for entity tau.mmo.domain.Item [UPGRADE_NOWAIT]: select item0_.id as id1_0_0_, item0_.itemclass as itemclas2_0_0_, item0_.levelreq as levelreq3_0_0_, item0_.name as name4_0_0_, item0_.player_id as player_i5_0_0_ from item item0_ where item0_.id=? for update
19:40:31.271 [main] DEBUG org.hibernate.loader.plan.build.internal.spaces.QuerySpacesImpl - Adding QuerySpace : uid = <gen:0> -> org.hibernate.loader.plan.build.internal.spaces.EntityQuerySpaceImpl@37d3aa8c]
19:40:31.271 [main] DEBUG org.hibernate.persister.walking.spi.MetamodelGraphWalker - Visiting attribute path : itemclass
19:40:31.271 [main] DEBUG org.hibernate.persister.walking.spi.MetamodelGraphWalker - Visiting attribute path : levelreq
19:40:31.271 [main] DEBUG org.hibernate.persister.walking.spi.MetamodelGraphWalker - Visiting attribute path : name
19:40:31.271 [main] DEBUG org.hibernate.persister.walking.spi.MetamodelGraphWalker - Visiting attribute path : player
19:40:31.271 [main] DEBUG org.hibernate.loader.plan.build.internal.spaces.QuerySpacesImpl - Adding QuerySpace : uid = <gen:1> -> org.hibernate.loader.plan.build.internal.spaces.EntityQuerySpaceImpl@1bdafb01]
19:40:31.271 [main] DEBUG org.hibernate.loader.plan.build.internal.FetchStyleLoadPlanBuildingAssociationVisitationStrategy - Building LoadPlan...
19:40:31.271 [main] DEBUG org.hibernate.loader.plan.exec.internal.LoadQueryJoinAndFetchProcessor - processing queryspace <gen:0>
19:40:31.271 [main] DEBUG org.hibernate.loader.plan.build.spi.LoadPlanTreePrinter - LoadPlan(entity=tau.mmo.domain.Item)
    - Returns
       - EntityReturnImpl(entity=tau.mmo.domain.Item, querySpaceUid=<gen:0>, path=tau.mmo.domain.Item)
          - EntityAttributeFetchImpl(entity=tau.mmo.domain.Player, querySpaceUid=<gen:1>, path=tau.mmo.domain.Item.player)
    - QuerySpaces
       - EntityQuerySpaceImpl(uid=<gen:0>, entity=tau.mmo.domain.Item)
          - SQL table alias mapping - item0_
          - alias suffix - 0_
          - suffixed key columns - {id1_0_0_}

19:40:31.271 [main] DEBUG org.hibernate.loader.entity.plan.EntityLoader - Static select for entity tau.mmo.domain.Item [UPGRADE_SKIPLOCKED]: select item0_.id as id1_0_0_, item0_.itemclass as itemclas2_0_0_, item0_.levelreq as levelreq3_0_0_, item0_.name as name4_0_0_, item0_.player_id as player_i5_0_0_ from item item0_ where item0_.id=? for update
19:40:31.271 [main] DEBUG org.hibernate.loader.plan.build.internal.spaces.QuerySpacesImpl - Adding QuerySpace : uid = <gen:0> -> org.hibernate.loader.plan.build.internal.spaces.EntityQuerySpaceImpl@7aa3857b]
19:40:31.271 [main] DEBUG org.hibernate.persister.walking.spi.MetamodelGraphWalker - Visiting attribute path : itemclass
19:40:31.271 [main] DEBUG org.hibernate.persister.walking.spi.MetamodelGraphWalker - Visiting attribute path : levelreq
19:40:31.271 [main] DEBUG org.hibernate.persister.walking.spi.MetamodelGraphWalker - Visiting attribute path : name
19:40:31.271 [main] DEBUG org.hibernate.persister.walking.spi.MetamodelGraphWalker - Visiting attribute path : player
19:40:31.271 [main] DEBUG org.hibernate.loader.plan.build.internal.spaces.QuerySpacesImpl - Adding QuerySpace : uid = <gen:1> -> org.hibernate.loader.plan.build.internal.spaces.EntityQuerySpaceImpl@37806be6]
19:40:31.271 [main] DEBUG org.hibernate.loader.plan.build.internal.FetchStyleLoadPlanBuildingAssociationVisitationStrategy - Building LoadPlan...
19:40:31.271 [main] DEBUG org.hibernate.loader.plan.exec.internal.LoadQueryJoinAndFetchProcessor - processing queryspace <gen:0>
19:40:31.272 [main] DEBUG org.hibernate.loader.plan.build.spi.LoadPlanTreePrinter - LoadPlan(entity=tau.mmo.domain.Item)
    - Returns
       - EntityReturnImpl(entity=tau.mmo.domain.Item, querySpaceUid=<gen:0>, path=tau.mmo.domain.Item)
          - EntityAttributeFetchImpl(entity=tau.mmo.domain.Player, querySpaceUid=<gen:1>, path=tau.mmo.domain.Item.player)
    - QuerySpaces
       - EntityQuerySpaceImpl(uid=<gen:0>, entity=tau.mmo.domain.Item)
          - SQL table alias mapping - item0_
          - alias suffix - 0_
          - suffixed key columns - {id1_0_0_}

19:40:31.272 [main] DEBUG org.hibernate.loader.entity.plan.EntityLoader - Static select for entity tau.mmo.domain.Item [FORCE]: select item0_.id as id1_0_0_, item0_.itemclass as itemclas2_0_0_, item0_.levelreq as levelreq3_0_0_, item0_.name as name4_0_0_, item0_.player_id as player_i5_0_0_ from item item0_ where item0_.id=? for update
19:40:31.272 [main] DEBUG org.hibernate.loader.plan.build.internal.spaces.QuerySpacesImpl - Adding QuerySpace : uid = <gen:0> -> org.hibernate.loader.plan.build.internal.spaces.EntityQuerySpaceImpl@7bce9ce4]
19:40:31.272 [main] DEBUG org.hibernate.persister.walking.spi.MetamodelGraphWalker - Visiting attribute path : itemclass
19:40:31.272 [main] DEBUG org.hibernate.persister.walking.spi.MetamodelGraphWalker - Visiting attribute path : levelreq
19:40:31.272 [main] DEBUG org.hibernate.persister.walking.spi.MetamodelGraphWalker - Visiting attribute path : name
19:40:31.272 [main] DEBUG org.hibernate.persister.walking.spi.MetamodelGraphWalker - Visiting attribute path : player
19:40:31.272 [main] DEBUG org.hibernate.loader.plan.build.internal.spaces.QuerySpacesImpl - Adding QuerySpace : uid = <gen:1> -> org.hibernate.loader.plan.build.internal.spaces.EntityQuerySpaceImpl@3b33fff9]
19:40:31.272 [main] DEBUG org.hibernate.loader.plan.build.internal.FetchStyleLoadPlanBuildingAssociationVisitationStrategy - Building LoadPlan...
19:40:31.272 [main] DEBUG org.hibernate.loader.plan.exec.internal.LoadQueryJoinAndFetchProcessor - processing queryspace <gen:0>
19:40:31.272 [main] DEBUG org.hibernate.loader.plan.build.spi.LoadPlanTreePrinter - LoadPlan(entity=tau.mmo.domain.Item)
    - Returns
       - EntityReturnImpl(entity=tau.mmo.domain.Item, querySpaceUid=<gen:0>, path=tau.mmo.domain.Item)
          - EntityAttributeFetchImpl(entity=tau.mmo.domain.Player, querySpaceUid=<gen:1>, path=tau.mmo.domain.Item.player)
    - QuerySpaces
       - EntityQuerySpaceImpl(uid=<gen:0>, entity=tau.mmo.domain.Item)
          - SQL table alias mapping - item0_
          - alias suffix - 0_
          - suffixed key columns - {id1_0_0_}

19:40:31.272 [main] DEBUG org.hibernate.loader.entity.plan.EntityLoader - Static select for entity tau.mmo.domain.Item [PESSIMISTIC_READ]: select item0_.id as id1_0_0_, item0_.itemclass as itemclas2_0_0_, item0_.levelreq as levelreq3_0_0_, item0_.name as name4_0_0_, item0_.player_id as player_i5_0_0_ from item item0_ where item0_.id=? for update
19:40:31.272 [main] DEBUG org.hibernate.loader.plan.build.internal.spaces.QuerySpacesImpl - Adding QuerySpace : uid = <gen:0> -> org.hibernate.loader.plan.build.internal.spaces.EntityQuerySpaceImpl@fd87c22]
19:40:31.272 [main] DEBUG org.hibernate.persister.walking.spi.MetamodelGraphWalker - Visiting attribute path : itemclass
19:40:31.272 [main] DEBUG org.hibernate.persister.walking.spi.MetamodelGraphWalker - Visiting attribute path : levelreq
19:40:31.272 [main] DEBUG org.hibernate.persister.walking.spi.MetamodelGraphWalker - Visiting attribute path : name
19:40:31.272 [main] DEBUG org.hibernate.persister.walking.spi.MetamodelGraphWalker - Visiting attribute path : player
19:40:31.272 [main] DEBUG org.hibernate.loader.plan.build.internal.spaces.QuerySpacesImpl - Adding QuerySpace : uid = <gen:1> -> org.hibernate.loader.plan.build.internal.spaces.EntityQuerySpaceImpl@1ff463bb]
19:40:31.272 [main] DEBUG org.hibernate.loader.plan.build.internal.FetchStyleLoadPlanBuildingAssociationVisitationStrategy - Building LoadPlan...
19:40:31.272 [main] DEBUG org.hibernate.loader.plan.exec.internal.LoadQueryJoinAndFetchProcessor - processing queryspace <gen:0>
19:40:31.272 [main] DEBUG org.hibernate.loader.plan.build.spi.LoadPlanTreePrinter - LoadPlan(entity=tau.mmo.domain.Item)
    - Returns
       - EntityReturnImpl(entity=tau.mmo.domain.Item, querySpaceUid=<gen:0>, path=tau.mmo.domain.Item)
          - EntityAttributeFetchImpl(entity=tau.mmo.domain.Player, querySpaceUid=<gen:1>, path=tau.mmo.domain.Item.player)
    - QuerySpaces
       - EntityQuerySpaceImpl(uid=<gen:0>, entity=tau.mmo.domain.Item)
          - SQL table alias mapping - item0_
          - alias suffix - 0_
          - suffixed key columns - {id1_0_0_}

19:40:31.273 [main] DEBUG org.hibernate.loader.entity.plan.EntityLoader - Static select for entity tau.mmo.domain.Item [PESSIMISTIC_WRITE]: select item0_.id as id1_0_0_, item0_.itemclass as itemclas2_0_0_, item0_.levelreq as levelreq3_0_0_, item0_.name as name4_0_0_, item0_.player_id as player_i5_0_0_ from item item0_ where item0_.id=? for update
19:40:31.273 [main] DEBUG org.hibernate.loader.plan.build.internal.spaces.QuerySpacesImpl - Adding QuerySpace : uid = <gen:0> -> org.hibernate.loader.plan.build.internal.spaces.EntityQuerySpaceImpl@3b9c9b8b]
19:40:31.273 [main] DEBUG org.hibernate.persister.walking.spi.MetamodelGraphWalker - Visiting attribute path : itemclass
19:40:31.273 [main] DEBUG org.hibernate.persister.walking.spi.MetamodelGraphWalker - Visiting attribute path : levelreq
19:40:31.273 [main] DEBUG org.hibernate.persister.walking.spi.MetamodelGraphWalker - Visiting attribute path : name
19:40:31.273 [main] DEBUG org.hibernate.persister.walking.spi.MetamodelGraphWalker - Visiting attribute path : player
19:40:31.273 [main] DEBUG org.hibernate.loader.plan.build.internal.spaces.QuerySpacesImpl - Adding QuerySpace : uid = <gen:1> -> org.hibernate.loader.plan.build.internal.spaces.EntityQuerySpaceImpl@248d3a]
19:40:31.273 [main] DEBUG org.hibernate.loader.plan.build.internal.FetchStyleLoadPlanBuildingAssociationVisitationStrategy - Building LoadPlan...
19:40:31.273 [main] DEBUG org.hibernate.loader.plan.exec.internal.LoadQueryJoinAndFetchProcessor - processing queryspace <gen:0>
19:40:31.273 [main] DEBUG org.hibernate.loader.plan.build.spi.LoadPlanTreePrinter - LoadPlan(entity=tau.mmo.domain.Item)
    - Returns
       - EntityReturnImpl(entity=tau.mmo.domain.Item, querySpaceUid=<gen:0>, path=tau.mmo.domain.Item)
          - EntityAttributeFetchImpl(entity=tau.mmo.domain.Player, querySpaceUid=<gen:1>, path=tau.mmo.domain.Item.player)
    - QuerySpaces
       - EntityQuerySpaceImpl(uid=<gen:0>, entity=tau.mmo.domain.Item)
          - SQL table alias mapping - item0_
          - alias suffix - 0_
          - suffixed key columns - {id1_0_0_}

19:40:31.273 [main] DEBUG org.hibernate.loader.entity.plan.EntityLoader - Static select for entity tau.mmo.domain.Item [PESSIMISTIC_FORCE_INCREMENT]: select item0_.id as id1_0_0_, item0_.itemclass as itemclas2_0_0_, item0_.levelreq as levelreq3_0_0_, item0_.name as name4_0_0_, item0_.player_id as player_i5_0_0_ from item item0_ where item0_.id=? for update
19:40:31.273 [main] DEBUG org.hibernate.loader.plan.build.internal.spaces.QuerySpacesImpl - Adding QuerySpace : uid = <gen:0> -> org.hibernate.loader.plan.build.internal.spaces.EntityQuerySpaceImpl@3c71cf3e]
19:40:31.273 [main] DEBUG org.hibernate.persister.walking.spi.MetamodelGraphWalker - Visiting attribute path : itemclass
19:40:31.273 [main] DEBUG org.hibernate.persister.walking.spi.MetamodelGraphWalker - Visiting attribute path : levelreq
19:40:31.273 [main] DEBUG org.hibernate.persister.walking.spi.MetamodelGraphWalker - Visiting attribute path : name
19:40:31.273 [main] DEBUG org.hibernate.persister.walking.spi.MetamodelGraphWalker - Visiting attribute path : player
19:40:31.273 [main] DEBUG org.hibernate.loader.plan.build.internal.spaces.QuerySpacesImpl - Adding QuerySpace : uid = <gen:1> -> org.hibernate.loader.plan.build.internal.spaces.EntityQuerySpaceImpl@5af38a4a]
19:40:31.273 [main] DEBUG org.hibernate.loader.plan.build.internal.FetchStyleLoadPlanBuildingAssociationVisitationStrategy - Building LoadPlan...
19:40:31.273 [main] DEBUG org.hibernate.loader.plan.exec.internal.LoadQueryJoinAndFetchProcessor - processing queryspace <gen:0>
19:40:31.273 [main] DEBUG org.hibernate.loader.plan.build.spi.LoadPlanTreePrinter - LoadPlan(entity=tau.mmo.domain.Item)
    - Returns
       - EntityReturnImpl(entity=tau.mmo.domain.Item, querySpaceUid=<gen:0>, path=tau.mmo.domain.Item)
          - EntityAttributeFetchImpl(entity=tau.mmo.domain.Player, querySpaceUid=<gen:1>, path=tau.mmo.domain.Item.player)
    - QuerySpaces
       - EntityQuerySpaceImpl(uid=<gen:0>, entity=tau.mmo.domain.Item)
          - SQL table alias mapping - item0_
          - alias suffix - 0_
          - suffixed key columns - {id1_0_0_}

19:40:31.273 [main] DEBUG org.hibernate.loader.entity.plan.EntityLoader - Static select for entity tau.mmo.domain.Item [OPTIMISTIC]: select item0_.id as id1_0_0_, item0_.itemclass as itemclas2_0_0_, item0_.levelreq as levelreq3_0_0_, item0_.name as name4_0_0_, item0_.player_id as player_i5_0_0_ from item item0_ where item0_.id=?
19:40:31.273 [main] DEBUG org.hibernate.loader.plan.build.internal.spaces.QuerySpacesImpl - Adding QuerySpace : uid = <gen:0> -> org.hibernate.loader.plan.build.internal.spaces.EntityQuerySpaceImpl@7e1a9173]
19:40:31.274 [main] DEBUG org.hibernate.persister.walking.spi.MetamodelGraphWalker - Visiting attribute path : itemclass
19:40:31.274 [main] DEBUG org.hibernate.persister.walking.spi.MetamodelGraphWalker - Visiting attribute path : levelreq
19:40:31.274 [main] DEBUG org.hibernate.persister.walking.spi.MetamodelGraphWalker - Visiting attribute path : name
19:40:31.274 [main] DEBUG org.hibernate.persister.walking.spi.MetamodelGraphWalker - Visiting attribute path : player
19:40:31.274 [main] DEBUG org.hibernate.loader.plan.build.internal.spaces.QuerySpacesImpl - Adding QuerySpace : uid = <gen:1> -> org.hibernate.loader.plan.build.internal.spaces.EntityQuerySpaceImpl@5d800a56]
19:40:31.274 [main] DEBUG org.hibernate.loader.plan.build.internal.FetchStyleLoadPlanBuildingAssociationVisitationStrategy - Building LoadPlan...
19:40:31.274 [main] DEBUG org.hibernate.loader.plan.exec.internal.LoadQueryJoinAndFetchProcessor - processing queryspace <gen:0>
19:40:31.274 [main] DEBUG org.hibernate.loader.plan.build.spi.LoadPlanTreePrinter - LoadPlan(entity=tau.mmo.domain.Item)
    - Returns
       - EntityReturnImpl(entity=tau.mmo.domain.Item, querySpaceUid=<gen:0>, path=tau.mmo.domain.Item)
          - EntityAttributeFetchImpl(entity=tau.mmo.domain.Player, querySpaceUid=<gen:1>, path=tau.mmo.domain.Item.player)
    - QuerySpaces
       - EntityQuerySpaceImpl(uid=<gen:0>, entity=tau.mmo.domain.Item)
          - SQL table alias mapping - item0_
          - alias suffix - 0_
          - suffixed key columns - {id1_0_0_}

19:40:31.274 [main] DEBUG org.hibernate.loader.entity.plan.EntityLoader - Static select for entity tau.mmo.domain.Item [OPTIMISTIC_FORCE_INCREMENT]: select item0_.id as id1_0_0_, item0_.itemclass as itemclas2_0_0_, item0_.levelreq as levelreq3_0_0_, item0_.name as name4_0_0_, item0_.player_id as player_i5_0_0_ from item item0_ where item0_.id=?
19:40:31.274 [main] DEBUG org.hibernate.loader.Loader - Static select for action ACTION_MERGE on entity tau.mmo.domain.Item: select item0_.id as id1_0_0_, item0_.itemclass as itemclas2_0_0_, item0_.levelreq as levelreq3_0_0_, item0_.name as name4_0_0_, item0_.player_id as player_i5_0_0_ from item item0_ where item0_.id=?
19:40:31.274 [main] DEBUG org.hibernate.loader.Loader - Static select for action ACTION_REFRESH on entity tau.mmo.domain.Item: select item0_.id as id1_0_0_, item0_.itemclass as itemclas2_0_0_, item0_.levelreq as levelreq3_0_0_, item0_.name as name4_0_0_, item0_.player_id as player_i5_0_0_ from item item0_ where item0_.id=?
19:40:31.274 [main] DEBUG org.hibernate.persister.entity.AbstractEntityPersister - Static SQL for entity: tau.mmo.domain.Player
19:40:31.274 [main] DEBUG org.hibernate.persister.entity.AbstractEntityPersister -  Version select: select id from player where id =?
19:40:31.274 [main] DEBUG org.hibernate.persister.entity.AbstractEntityPersister -  Snapshot select: select player_.id, player_.heroclass as heroclas2_1_, player_.level as level3_1_, player_.name as name4_1_ from player player_ where player_.id=?
19:40:31.274 [main] DEBUG org.hibernate.persister.entity.AbstractEntityPersister -  Insert 0: insert into player (heroclass, level, name, id) values (?, ?, ?, ?)
19:40:31.274 [main] DEBUG org.hibernate.persister.entity.AbstractEntityPersister -  Update 0: update player set heroclass=?, level=?, name=? where id=?
19:40:31.274 [main] DEBUG org.hibernate.persister.entity.AbstractEntityPersister -  Delete 0: delete from player where id=?
19:40:31.274 [main] DEBUG org.hibernate.loader.plan.build.internal.spaces.QuerySpacesImpl - Adding QuerySpace : uid = <gen:0> -> org.hibernate.loader.plan.build.internal.spaces.EntityQuerySpaceImpl@1be77a76]
19:40:31.274 [main] DEBUG org.hibernate.persister.walking.spi.MetamodelGraphWalker - Visiting attribute path : heroclass
19:40:31.274 [main] DEBUG org.hibernate.persister.walking.spi.MetamodelGraphWalker - Visiting attribute path : items
19:40:31.275 [main] DEBUG org.hibernate.loader.plan.build.internal.spaces.QuerySpacesImpl - Adding QuerySpace : uid = <gen:1> -> org.hibernate.loader.plan.build.internal.spaces.CollectionQuerySpaceImpl@7878bbdb]
19:40:31.275 [main] DEBUG org.hibernate.loader.plan.build.internal.spaces.QuerySpacesImpl - Adding QuerySpace : uid = <gen:2> -> org.hibernate.loader.plan.build.internal.spaces.EntityQuerySpaceImpl@25f7cc38]
19:40:31.275 [main] DEBUG org.hibernate.persister.walking.spi.MetamodelGraphWalker - Visiting attribute path : items.itemclass
19:40:31.275 [main] DEBUG org.hibernate.persister.walking.spi.MetamodelGraphWalker - Visiting attribute path : items.levelreq
19:40:31.275 [main] DEBUG org.hibernate.persister.walking.spi.MetamodelGraphWalker - Visiting attribute path : items.name
19:40:31.275 [main] DEBUG org.hibernate.persister.walking.spi.MetamodelGraphWalker - Visiting attribute path : items.player
19:40:31.275 [main] DEBUG org.hibernate.persister.walking.spi.MetamodelGraphWalker - Property path deemed to be circular : items.player
19:40:31.275 [main] DEBUG org.hibernate.persister.walking.spi.MetamodelGraphWalker - Visiting attribute path : level
19:40:31.275 [main] DEBUG org.hibernate.persister.walking.spi.MetamodelGraphWalker - Visiting attribute path : name
19:40:31.275 [main] DEBUG org.hibernate.loader.plan.build.internal.FetchStyleLoadPlanBuildingAssociationVisitationStrategy - Building LoadPlan...
19:40:31.275 [main] DEBUG org.hibernate.loader.plan.exec.internal.LoadQueryJoinAndFetchProcessor - processing queryspace <gen:0>
19:40:31.275 [main] DEBUG org.hibernate.loader.plan.build.spi.LoadPlanTreePrinter - LoadPlan(entity=tau.mmo.domain.Player)
    - Returns
       - EntityReturnImpl(entity=tau.mmo.domain.Player, querySpaceUid=<gen:0>, path=tau.mmo.domain.Player)
          - CollectionAttributeFetchImpl(collection=tau.mmo.domain.Player.items, querySpaceUid=<gen:1>, path=tau.mmo.domain.Player.items)
             - (collection element) CollectionFetchableElementEntityGraph(entity=tau.mmo.domain.Item, querySpaceUid=<gen:2>, path=tau.mmo.domain.Player.items.<elements>)
    - QuerySpaces
       - EntityQuerySpaceImpl(uid=<gen:0>, entity=tau.mmo.domain.Player)
          - SQL table alias mapping - player0_
          - alias suffix - 0_
          - suffixed key columns - {id1_1_0_}
          - JOIN (JoinDefinedByMetadata(items)) : <gen:0> -> <gen:1>
             - CollectionQuerySpaceImpl(uid=<gen:1>, collection=tau.mmo.domain.Player.items)
                - SQL table alias mapping - items1_
                - alias suffix - 1_
                - suffixed key columns - {player_i5_0_1_}
                - entity-element alias suffix - 2_
                - 2_entity-element suffixed key columns - id1_0_2_
                - JOIN (JoinDefinedByMetadata(elements)) : <gen:1> -> <gen:2>
                   - EntityQuerySpaceImpl(uid=<gen:2>, entity=tau.mmo.domain.Item)
                      - SQL table alias mapping - items1_
                      - alias suffix - 2_
                      - suffixed key columns - {id1_0_2_}

19:40:31.275 [main] DEBUG org.hibernate.loader.entity.plan.EntityLoader - Static select for entity tau.mmo.domain.Player [NONE]: select player0_.id as id1_1_0_, player0_.heroclass as heroclas2_1_0_, player0_.level as level3_1_0_, player0_.name as name4_1_0_, items1_.player_id as player_i5_0_1_, items1_.id as id1_0_1_, items1_.id as id1_0_2_, items1_.itemclass as itemclas2_0_2_, items1_.levelreq as levelreq3_0_2_, items1_.name as name4_0_2_, items1_.player_id as player_i5_0_2_ from player player0_ left outer join item items1_ on player0_.id=items1_.player_id where player0_.id=?
19:40:31.275 [main] DEBUG org.hibernate.loader.plan.build.internal.spaces.QuerySpacesImpl - Adding QuerySpace : uid = <gen:0> -> org.hibernate.loader.plan.build.internal.spaces.EntityQuerySpaceImpl@6e794f53]
19:40:31.275 [main] DEBUG org.hibernate.persister.walking.spi.MetamodelGraphWalker - Visiting attribute path : heroclass
19:40:31.275 [main] DEBUG org.hibernate.persister.walking.spi.MetamodelGraphWalker - Visiting attribute path : items
19:40:31.275 [main] DEBUG org.hibernate.loader.plan.build.internal.spaces.QuerySpacesImpl - Adding QuerySpace : uid = <gen:1> -> org.hibernate.loader.plan.build.internal.spaces.CollectionQuerySpaceImpl@69ba72da]
19:40:31.275 [main] DEBUG org.hibernate.loader.plan.build.internal.spaces.QuerySpacesImpl - Adding QuerySpace : uid = <gen:2> -> org.hibernate.loader.plan.build.internal.spaces.EntityQuerySpaceImpl@2e1ba142]
19:40:31.275 [main] DEBUG org.hibernate.persister.walking.spi.MetamodelGraphWalker - Visiting attribute path : items.itemclass
19:40:31.275 [main] DEBUG org.hibernate.persister.walking.spi.MetamodelGraphWalker - Visiting attribute path : items.levelreq
19:40:31.275 [main] DEBUG org.hibernate.persister.walking.spi.MetamodelGraphWalker - Visiting attribute path : items.name
19:40:31.275 [main] DEBUG org.hibernate.persister.walking.spi.MetamodelGraphWalker - Visiting attribute path : items.player
19:40:31.275 [main] DEBUG org.hibernate.persister.walking.spi.MetamodelGraphWalker - Property path deemed to be circular : items.player
19:40:31.275 [main] DEBUG org.hibernate.persister.walking.spi.MetamodelGraphWalker - Visiting attribute path : level
19:40:31.275 [main] DEBUG org.hibernate.persister.walking.spi.MetamodelGraphWalker - Visiting attribute path : name
19:40:31.275 [main] DEBUG org.hibernate.loader.plan.build.internal.FetchStyleLoadPlanBuildingAssociationVisitationStrategy - Building LoadPlan...
19:40:31.276 [main] DEBUG org.hibernate.loader.plan.exec.internal.LoadQueryJoinAndFetchProcessor - processing queryspace <gen:0>
19:40:31.276 [main] DEBUG org.hibernate.loader.plan.build.spi.LoadPlanTreePrinter - LoadPlan(entity=tau.mmo.domain.Player)
    - Returns
       - EntityReturnImpl(entity=tau.mmo.domain.Player, querySpaceUid=<gen:0>, path=tau.mmo.domain.Player)
          - CollectionAttributeFetchImpl(collection=tau.mmo.domain.Player.items, querySpaceUid=<gen:1>, path=tau.mmo.domain.Player.items)
             - (collection element) CollectionFetchableElementEntityGraph(entity=tau.mmo.domain.Item, querySpaceUid=<gen:2>, path=tau.mmo.domain.Player.items.<elements>)
    - QuerySpaces
       - EntityQuerySpaceImpl(uid=<gen:0>, entity=tau.mmo.domain.Player)
          - SQL table alias mapping - player0_
          - alias suffix - 0_
          - suffixed key columns - {id1_1_0_}
          - JOIN (JoinDefinedByMetadata(items)) : <gen:0> -> <gen:1>
             - CollectionQuerySpaceImpl(uid=<gen:1>, collection=tau.mmo.domain.Player.items)
                - SQL table alias mapping - items1_
                - alias suffix - 1_
                - suffixed key columns - {player_i5_0_1_}
                - entity-element alias suffix - 2_
                - 2_entity-element suffixed key columns - id1_0_2_
                - JOIN (JoinDefinedByMetadata(elements)) : <gen:1> -> <gen:2>
                   - EntityQuerySpaceImpl(uid=<gen:2>, entity=tau.mmo.domain.Item)
                      - SQL table alias mapping - items1_
                      - alias suffix - 2_
                      - suffixed key columns - {id1_0_2_}

19:40:31.276 [main] DEBUG org.hibernate.loader.entity.plan.EntityLoader - Static select for entity tau.mmo.domain.Player [READ]: select player0_.id as id1_1_0_, player0_.heroclass as heroclas2_1_0_, player0_.level as level3_1_0_, player0_.name as name4_1_0_, items1_.player_id as player_i5_0_1_, items1_.id as id1_0_1_, items1_.id as id1_0_2_, items1_.itemclass as itemclas2_0_2_, items1_.levelreq as levelreq3_0_2_, items1_.name as name4_0_2_, items1_.player_id as player_i5_0_2_ from player player0_ left outer join item items1_ on player0_.id=items1_.player_id where player0_.id=?
19:40:31.276 [main] DEBUG org.hibernate.loader.plan.build.internal.spaces.QuerySpacesImpl - Adding QuerySpace : uid = <gen:0> -> org.hibernate.loader.plan.build.internal.spaces.EntityQuerySpaceImpl@63c84d31]
19:40:31.276 [main] DEBUG org.hibernate.persister.walking.spi.MetamodelGraphWalker - Visiting attribute path : heroclass
19:40:31.276 [main] DEBUG org.hibernate.persister.walking.spi.MetamodelGraphWalker - Visiting attribute path : items
19:40:31.276 [main] DEBUG org.hibernate.loader.plan.build.internal.spaces.QuerySpacesImpl - Adding QuerySpace : uid = <gen:1> -> org.hibernate.loader.plan.build.internal.spaces.CollectionQuerySpaceImpl@797f97e3]
19:40:31.276 [main] DEBUG org.hibernate.loader.plan.build.internal.spaces.QuerySpacesImpl - Adding QuerySpace : uid = <gen:2> -> org.hibernate.loader.plan.build.internal.spaces.EntityQuerySpaceImpl@56cd5d76]
19:40:31.276 [main] DEBUG org.hibernate.persister.walking.spi.MetamodelGraphWalker - Visiting attribute path : level
19:40:31.276 [main] DEBUG org.hibernate.persister.walking.spi.MetamodelGraphWalker - Visiting attribute path : name
19:40:31.276 [main] DEBUG org.hibernate.loader.plan.build.internal.FetchStyleLoadPlanBuildingAssociationVisitationStrategy - Building LoadPlan...
19:40:31.276 [main] DEBUG org.hibernate.loader.plan.exec.internal.LoadQueryJoinAndFetchProcessor - processing queryspace <gen:0>
19:40:31.276 [main] DEBUG org.hibernate.loader.plan.build.spi.LoadPlanTreePrinter - LoadPlan(entity=tau.mmo.domain.Player)
    - Returns
       - EntityReturnImpl(entity=tau.mmo.domain.Player, querySpaceUid=<gen:0>, path=tau.mmo.domain.Player)
          - CollectionAttributeFetchImpl(collection=tau.mmo.domain.Player.items, querySpaceUid=<gen:1>, path=tau.mmo.domain.Player.items)
             - (collection element) CollectionFetchableElementEntityGraph(entity=tau.mmo.domain.Item, querySpaceUid=<gen:2>, path=tau.mmo.domain.Player.items.<elements>)
    - QuerySpaces
       - EntityQuerySpaceImpl(uid=<gen:0>, entity=tau.mmo.domain.Player)
          - SQL table alias mapping - player0_
          - alias suffix - 0_
          - suffixed key columns - {id1_1_0_}

19:40:31.276 [main] DEBUG org.hibernate.loader.entity.plan.EntityLoader - Static select for entity tau.mmo.domain.Player [UPGRADE]: select player0_.id as id1_1_0_, player0_.heroclass as heroclas2_1_0_, player0_.level as level3_1_0_, player0_.name as name4_1_0_ from player player0_ where player0_.id=? for update
19:40:31.276 [main] DEBUG org.hibernate.loader.plan.build.internal.spaces.QuerySpacesImpl - Adding QuerySpace : uid = <gen:0> -> org.hibernate.loader.plan.build.internal.spaces.EntityQuerySpaceImpl@77cd235b]
19:40:31.276 [main] DEBUG org.hibernate.persister.walking.spi.MetamodelGraphWalker - Visiting attribute path : heroclass
19:40:31.276 [main] DEBUG org.hibernate.persister.walking.spi.MetamodelGraphWalker - Visiting attribute path : items
19:40:31.276 [main] DEBUG org.hibernate.loader.plan.build.internal.spaces.QuerySpacesImpl - Adding QuerySpace : uid = <gen:1> -> org.hibernate.loader.plan.build.internal.spaces.CollectionQuerySpaceImpl@3568ea59]
19:40:31.276 [main] DEBUG org.hibernate.loader.plan.build.internal.spaces.QuerySpacesImpl - Adding QuerySpace : uid = <gen:2> -> org.hibernate.loader.plan.build.internal.spaces.EntityQuerySpaceImpl@9f2376f]
19:40:31.276 [main] DEBUG org.hibernate.persister.walking.spi.MetamodelGraphWalker - Visiting attribute path : level
19:40:31.276 [main] DEBUG org.hibernate.persister.walking.spi.MetamodelGraphWalker - Visiting attribute path : name
19:40:31.277 [main] DEBUG org.hibernate.loader.plan.build.internal.FetchStyleLoadPlanBuildingAssociationVisitationStrategy - Building LoadPlan...
19:40:31.277 [main] DEBUG org.hibernate.loader.plan.exec.internal.LoadQueryJoinAndFetchProcessor - processing queryspace <gen:0>
19:40:31.277 [main] DEBUG org.hibernate.loader.plan.build.spi.LoadPlanTreePrinter - LoadPlan(entity=tau.mmo.domain.Player)
    - Returns
       - EntityReturnImpl(entity=tau.mmo.domain.Player, querySpaceUid=<gen:0>, path=tau.mmo.domain.Player)
          - CollectionAttributeFetchImpl(collection=tau.mmo.domain.Player.items, querySpaceUid=<gen:1>, path=tau.mmo.domain.Player.items)
             - (collection element) CollectionFetchableElementEntityGraph(entity=tau.mmo.domain.Item, querySpaceUid=<gen:2>, path=tau.mmo.domain.Player.items.<elements>)
    - QuerySpaces
       - EntityQuerySpaceImpl(uid=<gen:0>, entity=tau.mmo.domain.Player)
          - SQL table alias mapping - player0_
          - alias suffix - 0_
          - suffixed key columns - {id1_1_0_}

19:40:31.277 [main] DEBUG org.hibernate.loader.entity.plan.EntityLoader - Static select for entity tau.mmo.domain.Player [UPGRADE_NOWAIT]: select player0_.id as id1_1_0_, player0_.heroclass as heroclas2_1_0_, player0_.level as level3_1_0_, player0_.name as name4_1_0_ from player player0_ where player0_.id=? for update
19:40:31.277 [main] DEBUG org.hibernate.loader.plan.build.internal.spaces.QuerySpacesImpl - Adding QuerySpace : uid = <gen:0> -> org.hibernate.loader.plan.build.internal.spaces.EntityQuerySpaceImpl@173b1af1]
19:40:31.277 [main] DEBUG org.hibernate.persister.walking.spi.MetamodelGraphWalker - Visiting attribute path : heroclass
19:40:31.277 [main] DEBUG org.hibernate.persister.walking.spi.MetamodelGraphWalker - Visiting attribute path : items
19:40:31.277 [main] DEBUG org.hibernate.loader.plan.build.internal.spaces.QuerySpacesImpl - Adding QuerySpace : uid = <gen:1> -> org.hibernate.loader.plan.build.internal.spaces.CollectionQuerySpaceImpl@389a1e34]
19:40:31.277 [main] DEBUG org.hibernate.loader.plan.build.internal.spaces.QuerySpacesImpl - Adding QuerySpace : uid = <gen:2> -> org.hibernate.loader.plan.build.internal.spaces.EntityQuerySpaceImpl@204b0f07]
19:40:31.277 [main] DEBUG org.hibernate.persister.walking.spi.MetamodelGraphWalker - Visiting attribute path : level
19:40:31.277 [main] DEBUG org.hibernate.persister.walking.spi.MetamodelGraphWalker - Visiting attribute path : name
19:40:31.277 [main] DEBUG org.hibernate.loader.plan.build.internal.FetchStyleLoadPlanBuildingAssociationVisitationStrategy - Building LoadPlan...
19:40:31.277 [main] DEBUG org.hibernate.loader.plan.exec.internal.LoadQueryJoinAndFetchProcessor - processing queryspace <gen:0>
19:40:31.277 [main] DEBUG org.hibernate.loader.plan.build.spi.LoadPlanTreePrinter - LoadPlan(entity=tau.mmo.domain.Player)
    - Returns
       - EntityReturnImpl(entity=tau.mmo.domain.Player, querySpaceUid=<gen:0>, path=tau.mmo.domain.Player)
          - CollectionAttributeFetchImpl(collection=tau.mmo.domain.Player.items, querySpaceUid=<gen:1>, path=tau.mmo.domain.Player.items)
             - (collection element) CollectionFetchableElementEntityGraph(entity=tau.mmo.domain.Item, querySpaceUid=<gen:2>, path=tau.mmo.domain.Player.items.<elements>)
    - QuerySpaces
       - EntityQuerySpaceImpl(uid=<gen:0>, entity=tau.mmo.domain.Player)
          - SQL table alias mapping - player0_
          - alias suffix - 0_
          - suffixed key columns - {id1_1_0_}

19:40:31.277 [main] DEBUG org.hibernate.loader.entity.plan.EntityLoader - Static select for entity tau.mmo.domain.Player [UPGRADE_SKIPLOCKED]: select player0_.id as id1_1_0_, player0_.heroclass as heroclas2_1_0_, player0_.level as level3_1_0_, player0_.name as name4_1_0_ from player player0_ where player0_.id=? for update
19:40:31.277 [main] DEBUG org.hibernate.loader.plan.build.internal.spaces.QuerySpacesImpl - Adding QuerySpace : uid = <gen:0> -> org.hibernate.loader.plan.build.internal.spaces.EntityQuerySpaceImpl@6f68756d]
19:40:31.277 [main] DEBUG org.hibernate.persister.walking.spi.MetamodelGraphWalker - Visiting attribute path : heroclass
19:40:31.277 [main] DEBUG org.hibernate.persister.walking.spi.MetamodelGraphWalker - Visiting attribute path : items
19:40:31.277 [main] DEBUG org.hibernate.loader.plan.build.internal.spaces.QuerySpacesImpl - Adding QuerySpace : uid = <gen:1> -> org.hibernate.loader.plan.build.internal.spaces.CollectionQuerySpaceImpl@5d9bb69b]
19:40:31.277 [main] DEBUG org.hibernate.loader.plan.build.internal.spaces.QuerySpacesImpl - Adding QuerySpace : uid = <gen:2> -> org.hibernate.loader.plan.build.internal.spaces.EntityQuerySpaceImpl@25d0b918]
19:40:31.277 [main] DEBUG org.hibernate.persister.walking.spi.MetamodelGraphWalker - Visiting attribute path : level
19:40:31.277 [main] DEBUG org.hibernate.persister.walking.spi.MetamodelGraphWalker - Visiting attribute path : name
19:40:31.277 [main] DEBUG org.hibernate.loader.plan.build.internal.FetchStyleLoadPlanBuildingAssociationVisitationStrategy - Building LoadPlan...
19:40:31.278 [main] DEBUG org.hibernate.loader.plan.exec.internal.LoadQueryJoinAndFetchProcessor - processing queryspace <gen:0>
19:40:31.278 [main] DEBUG org.hibernate.loader.plan.build.spi.LoadPlanTreePrinter - LoadPlan(entity=tau.mmo.domain.Player)
    - Returns
       - EntityReturnImpl(entity=tau.mmo.domain.Player, querySpaceUid=<gen:0>, path=tau.mmo.domain.Player)
          - CollectionAttributeFetchImpl(collection=tau.mmo.domain.Player.items, querySpaceUid=<gen:1>, path=tau.mmo.domain.Player.items)
             - (collection element) CollectionFetchableElementEntityGraph(entity=tau.mmo.domain.Item, querySpaceUid=<gen:2>, path=tau.mmo.domain.Player.items.<elements>)
    - QuerySpaces
       - EntityQuerySpaceImpl(uid=<gen:0>, entity=tau.mmo.domain.Player)
          - SQL table alias mapping - player0_
          - alias suffix - 0_
          - suffixed key columns - {id1_1_0_}

19:40:31.278 [main] DEBUG org.hibernate.loader.entity.plan.EntityLoader - Static select for entity tau.mmo.domain.Player [FORCE]: select player0_.id as id1_1_0_, player0_.heroclass as heroclas2_1_0_, player0_.level as level3_1_0_, player0_.name as name4_1_0_ from player player0_ where player0_.id=? for update
19:40:31.278 [main] DEBUG org.hibernate.loader.plan.build.internal.spaces.QuerySpacesImpl - Adding QuerySpace : uid = <gen:0> -> org.hibernate.loader.plan.build.internal.spaces.EntityQuerySpaceImpl@9bf63d2]
19:40:31.278 [main] DEBUG org.hibernate.persister.walking.spi.MetamodelGraphWalker - Visiting attribute path : heroclass
19:40:31.278 [main] DEBUG org.hibernate.persister.walking.spi.MetamodelGraphWalker - Visiting attribute path : items
19:40:31.278 [main] DEBUG org.hibernate.loader.plan.build.internal.spaces.QuerySpacesImpl - Adding QuerySpace : uid = <gen:1> -> org.hibernate.loader.plan.build.internal.spaces.CollectionQuerySpaceImpl@7f53fc38]
19:40:31.278 [main] DEBUG org.hibernate.loader.plan.build.internal.spaces.QuerySpacesImpl - Adding QuerySpace : uid = <gen:2> -> org.hibernate.loader.plan.build.internal.spaces.EntityQuerySpaceImpl@5feb82b3]
19:40:31.278 [main] DEBUG org.hibernate.persister.walking.spi.MetamodelGraphWalker - Visiting attribute path : level
19:40:31.278 [main] DEBUG org.hibernate.persister.walking.spi.MetamodelGraphWalker - Visiting attribute path : name
19:40:31.278 [main] DEBUG org.hibernate.loader.plan.build.internal.FetchStyleLoadPlanBuildingAssociationVisitationStrategy - Building LoadPlan...
19:40:31.278 [main] DEBUG org.hibernate.loader.plan.exec.internal.LoadQueryJoinAndFetchProcessor - processing queryspace <gen:0>
19:40:31.278 [main] DEBUG org.hibernate.loader.plan.build.spi.LoadPlanTreePrinter - LoadPlan(entity=tau.mmo.domain.Player)
    - Returns
       - EntityReturnImpl(entity=tau.mmo.domain.Player, querySpaceUid=<gen:0>, path=tau.mmo.domain.Player)
          - CollectionAttributeFetchImpl(collection=tau.mmo.domain.Player.items, querySpaceUid=<gen:1>, path=tau.mmo.domain.Player.items)
             - (collection element) CollectionFetchableElementEntityGraph(entity=tau.mmo.domain.Item, querySpaceUid=<gen:2>, path=tau.mmo.domain.Player.items.<elements>)
    - QuerySpaces
       - EntityQuerySpaceImpl(uid=<gen:0>, entity=tau.mmo.domain.Player)
          - SQL table alias mapping - player0_
          - alias suffix - 0_
          - suffixed key columns - {id1_1_0_}

19:40:31.278 [main] DEBUG org.hibernate.loader.entity.plan.EntityLoader - Static select for entity tau.mmo.domain.Player [PESSIMISTIC_READ]: select player0_.id as id1_1_0_, player0_.heroclass as heroclas2_1_0_, player0_.level as level3_1_0_, player0_.name as name4_1_0_ from player player0_ where player0_.id=? for update
19:40:31.278 [main] DEBUG org.hibernate.loader.plan.build.internal.spaces.QuerySpacesImpl - Adding QuerySpace : uid = <gen:0> -> org.hibernate.loader.plan.build.internal.spaces.EntityQuerySpaceImpl@2d38db6f]
19:40:31.278 [main] DEBUG org.hibernate.persister.walking.spi.MetamodelGraphWalker - Visiting attribute path : heroclass
19:40:31.278 [main] DEBUG org.hibernate.persister.walking.spi.MetamodelGraphWalker - Visiting attribute path : items
19:40:31.278 [main] DEBUG org.hibernate.loader.plan.build.internal.spaces.QuerySpacesImpl - Adding QuerySpace : uid = <gen:1> -> org.hibernate.loader.plan.build.internal.spaces.CollectionQuerySpaceImpl@571d0925]
19:40:31.278 [main] DEBUG org.hibernate.loader.plan.build.internal.spaces.QuerySpacesImpl - Adding QuerySpace : uid = <gen:2> -> org.hibernate.loader.plan.build.internal.spaces.EntityQuerySpaceImpl@54e0f76f]
19:40:31.278 [main] DEBUG org.hibernate.persister.walking.spi.MetamodelGraphWalker - Visiting attribute path : level
19:40:31.278 [main] DEBUG org.hibernate.persister.walking.spi.MetamodelGraphWalker - Visiting attribute path : name
19:40:31.278 [main] DEBUG org.hibernate.loader.plan.build.internal.FetchStyleLoadPlanBuildingAssociationVisitationStrategy - Building LoadPlan...
19:40:31.279 [main] DEBUG org.hibernate.loader.plan.exec.internal.LoadQueryJoinAndFetchProcessor - processing queryspace <gen:0>
19:40:31.279 [main] DEBUG org.hibernate.loader.plan.build.spi.LoadPlanTreePrinter - LoadPlan(entity=tau.mmo.domain.Player)
    - Returns
       - EntityReturnImpl(entity=tau.mmo.domain.Player, querySpaceUid=<gen:0>, path=tau.mmo.domain.Player)
          - CollectionAttributeFetchImpl(collection=tau.mmo.domain.Player.items, querySpaceUid=<gen:1>, path=tau.mmo.domain.Player.items)
             - (collection element) CollectionFetchableElementEntityGraph(entity=tau.mmo.domain.Item, querySpaceUid=<gen:2>, path=tau.mmo.domain.Player.items.<elements>)
    - QuerySpaces
       - EntityQuerySpaceImpl(uid=<gen:0>, entity=tau.mmo.domain.Player)
          - SQL table alias mapping - player0_
          - alias suffix - 0_
          - suffixed key columns - {id1_1_0_}

19:40:31.279 [main] DEBUG org.hibernate.loader.entity.plan.EntityLoader - Static select for entity tau.mmo.domain.Player [PESSIMISTIC_WRITE]: select player0_.id as id1_1_0_, player0_.heroclass as heroclas2_1_0_, player0_.level as level3_1_0_, player0_.name as name4_1_0_ from player player0_ where player0_.id=? for update
19:40:31.279 [main] DEBUG org.hibernate.loader.plan.build.internal.spaces.QuerySpacesImpl - Adding QuerySpace : uid = <gen:0> -> org.hibernate.loader.plan.build.internal.spaces.EntityQuerySpaceImpl@3fe8ad3f]
19:40:31.279 [main] DEBUG org.hibernate.persister.walking.spi.MetamodelGraphWalker - Visiting attribute path : heroclass
19:40:31.279 [main] DEBUG org.hibernate.persister.walking.spi.MetamodelGraphWalker - Visiting attribute path : items
19:40:31.279 [main] DEBUG org.hibernate.loader.plan.build.internal.spaces.QuerySpacesImpl - Adding QuerySpace : uid = <gen:1> -> org.hibernate.loader.plan.build.internal.spaces.CollectionQuerySpaceImpl@4b09d1c3]
19:40:31.279 [main] DEBUG org.hibernate.loader.plan.build.internal.spaces.QuerySpacesImpl - Adding QuerySpace : uid = <gen:2> -> org.hibernate.loader.plan.build.internal.spaces.EntityQuerySpaceImpl@18811c42]
19:40:31.279 [main] DEBUG org.hibernate.persister.walking.spi.MetamodelGraphWalker - Visiting attribute path : level
19:40:31.279 [main] DEBUG org.hibernate.persister.walking.spi.MetamodelGraphWalker - Visiting attribute path : name
19:40:31.279 [main] DEBUG org.hibernate.loader.plan.build.internal.FetchStyleLoadPlanBuildingAssociationVisitationStrategy - Building LoadPlan...
19:40:31.279 [main] DEBUG org.hibernate.loader.plan.exec.internal.LoadQueryJoinAndFetchProcessor - processing queryspace <gen:0>
19:40:31.279 [main] DEBUG org.hibernate.loader.plan.build.spi.LoadPlanTreePrinter - LoadPlan(entity=tau.mmo.domain.Player)
    - Returns
       - EntityReturnImpl(entity=tau.mmo.domain.Player, querySpaceUid=<gen:0>, path=tau.mmo.domain.Player)
          - CollectionAttributeFetchImpl(collection=tau.mmo.domain.Player.items, querySpaceUid=<gen:1>, path=tau.mmo.domain.Player.items)
             - (collection element) CollectionFetchableElementEntityGraph(entity=tau.mmo.domain.Item, querySpaceUid=<gen:2>, path=tau.mmo.domain.Player.items.<elements>)
    - QuerySpaces
       - EntityQuerySpaceImpl(uid=<gen:0>, entity=tau.mmo.domain.Player)
          - SQL table alias mapping - player0_
          - alias suffix - 0_
          - suffixed key columns - {id1_1_0_}

19:40:31.279 [main] DEBUG org.hibernate.loader.entity.plan.EntityLoader - Static select for entity tau.mmo.domain.Player [PESSIMISTIC_FORCE_INCREMENT]: select player0_.id as id1_1_0_, player0_.heroclass as heroclas2_1_0_, player0_.level as level3_1_0_, player0_.name as name4_1_0_ from player player0_ where player0_.id=? for update
19:40:31.279 [main] DEBUG org.hibernate.loader.plan.build.internal.spaces.QuerySpacesImpl - Adding QuerySpace : uid = <gen:0> -> org.hibernate.loader.plan.build.internal.spaces.EntityQuerySpaceImpl@627acb38]
19:40:31.279 [main] DEBUG org.hibernate.persister.walking.spi.MetamodelGraphWalker - Visiting attribute path : heroclass
19:40:31.279 [main] DEBUG org.hibernate.persister.walking.spi.MetamodelGraphWalker - Visiting attribute path : items
19:40:31.279 [main] DEBUG org.hibernate.loader.plan.build.internal.spaces.QuerySpacesImpl - Adding QuerySpace : uid = <gen:1> -> org.hibernate.loader.plan.build.internal.spaces.CollectionQuerySpaceImpl@629cbb1]
19:40:31.279 [main] DEBUG org.hibernate.loader.plan.build.internal.spaces.QuerySpacesImpl - Adding QuerySpace : uid = <gen:2> -> org.hibernate.loader.plan.build.internal.spaces.EntityQuerySpaceImpl@165aa43a]
19:40:31.279 [main] DEBUG org.hibernate.persister.walking.spi.MetamodelGraphWalker - Visiting attribute path : level
19:40:31.279 [main] DEBUG org.hibernate.persister.walking.spi.MetamodelGraphWalker - Visiting attribute path : name
19:40:31.279 [main] DEBUG org.hibernate.loader.plan.build.internal.FetchStyleLoadPlanBuildingAssociationVisitationStrategy - Building LoadPlan...
19:40:31.279 [main] DEBUG org.hibernate.loader.plan.exec.internal.LoadQueryJoinAndFetchProcessor - processing queryspace <gen:0>
19:40:31.280 [main] DEBUG org.hibernate.loader.plan.build.spi.LoadPlanTreePrinter - LoadPlan(entity=tau.mmo.domain.Player)
    - Returns
       - EntityReturnImpl(entity=tau.mmo.domain.Player, querySpaceUid=<gen:0>, path=tau.mmo.domain.Player)
          - CollectionAttributeFetchImpl(collection=tau.mmo.domain.Player.items, querySpaceUid=<gen:1>, path=tau.mmo.domain.Player.items)
             - (collection element) CollectionFetchableElementEntityGraph(entity=tau.mmo.domain.Item, querySpaceUid=<gen:2>, path=tau.mmo.domain.Player.items.<elements>)
    - QuerySpaces
       - EntityQuerySpaceImpl(uid=<gen:0>, entity=tau.mmo.domain.Player)
          - SQL table alias mapping - player0_
          - alias suffix - 0_
          - suffixed key columns - {id1_1_0_}

19:40:31.280 [main] DEBUG org.hibernate.loader.entity.plan.EntityLoader - Static select for entity tau.mmo.domain.Player [OPTIMISTIC]: select player0_.id as id1_1_0_, player0_.heroclass as heroclas2_1_0_, player0_.level as level3_1_0_, player0_.name as name4_1_0_ from player player0_ where player0_.id=?
19:40:31.280 [main] DEBUG org.hibernate.loader.plan.build.internal.spaces.QuerySpacesImpl - Adding QuerySpace : uid = <gen:0> -> org.hibernate.loader.plan.build.internal.spaces.EntityQuerySpaceImpl@22cd8ec2]
19:40:31.280 [main] DEBUG org.hibernate.persister.walking.spi.MetamodelGraphWalker - Visiting attribute path : heroclass
19:40:31.280 [main] DEBUG org.hibernate.persister.walking.spi.MetamodelGraphWalker - Visiting attribute path : items
19:40:31.280 [main] DEBUG org.hibernate.loader.plan.build.internal.spaces.QuerySpacesImpl - Adding QuerySpace : uid = <gen:1> -> org.hibernate.loader.plan.build.internal.spaces.CollectionQuerySpaceImpl@35ab4260]
19:40:31.280 [main] DEBUG org.hibernate.loader.plan.build.internal.spaces.QuerySpacesImpl - Adding QuerySpace : uid = <gen:2> -> org.hibernate.loader.plan.build.internal.spaces.EntityQuerySpaceImpl@76134b9b]
19:40:31.280 [main] DEBUG org.hibernate.persister.walking.spi.MetamodelGraphWalker - Visiting attribute path : level
19:40:31.280 [main] DEBUG org.hibernate.persister.walking.spi.MetamodelGraphWalker - Visiting attribute path : name
19:40:31.280 [main] DEBUG org.hibernate.loader.plan.build.internal.FetchStyleLoadPlanBuildingAssociationVisitationStrategy - Building LoadPlan...
19:40:31.280 [main] DEBUG org.hibernate.loader.plan.exec.internal.LoadQueryJoinAndFetchProcessor - processing queryspace <gen:0>
19:40:31.280 [main] DEBUG org.hibernate.loader.plan.build.spi.LoadPlanTreePrinter - LoadPlan(entity=tau.mmo.domain.Player)
    - Returns
       - EntityReturnImpl(entity=tau.mmo.domain.Player, querySpaceUid=<gen:0>, path=tau.mmo.domain.Player)
          - CollectionAttributeFetchImpl(collection=tau.mmo.domain.Player.items, querySpaceUid=<gen:1>, path=tau.mmo.domain.Player.items)
             - (collection element) CollectionFetchableElementEntityGraph(entity=tau.mmo.domain.Item, querySpaceUid=<gen:2>, path=tau.mmo.domain.Player.items.<elements>)
    - QuerySpaces
       - EntityQuerySpaceImpl(uid=<gen:0>, entity=tau.mmo.domain.Player)
          - SQL table alias mapping - player0_
          - alias suffix - 0_
          - suffixed key columns - {id1_1_0_}

19:40:31.280 [main] DEBUG org.hibernate.loader.entity.plan.EntityLoader - Static select for entity tau.mmo.domain.Player [OPTIMISTIC_FORCE_INCREMENT]: select player0_.id as id1_1_0_, player0_.heroclass as heroclas2_1_0_, player0_.level as level3_1_0_, player0_.name as name4_1_0_ from player player0_ where player0_.id=?
19:40:31.281 [main] DEBUG org.hibernate.loader.Loader - Static select for action ACTION_MERGE on entity tau.mmo.domain.Player: select player0_.id as id1_1_0_, player0_.heroclass as heroclas2_1_0_, player0_.level as level3_1_0_, player0_.name as name4_1_0_ from player player0_ where player0_.id=?
19:40:31.281 [main] DEBUG org.hibernate.loader.Loader - Static select for action ACTION_REFRESH on entity tau.mmo.domain.Player: select player0_.id as id1_1_0_, player0_.heroclass as heroclas2_1_0_, player0_.level as level3_1_0_, player0_.name as name4_1_0_ from player player0_ where player0_.id=?
19:40:31.281 [main] DEBUG org.hibernate.loader.plan.build.internal.spaces.QuerySpacesImpl - Adding QuerySpace : uid = <gen:0> -> org.hibernate.loader.plan.build.internal.spaces.CollectionQuerySpaceImpl@38667005]
19:40:31.281 [main] DEBUG org.hibernate.loader.plan.build.internal.spaces.QuerySpacesImpl - Adding QuerySpace : uid = <gen:1> -> org.hibernate.loader.plan.build.internal.spaces.EntityQuerySpaceImpl@7ee64b53]
19:40:31.281 [main] DEBUG org.hibernate.persister.walking.spi.MetamodelGraphWalker - Visiting attribute path : itemclass
19:40:31.281 [main] DEBUG org.hibernate.persister.walking.spi.MetamodelGraphWalker - Visiting attribute path : levelreq
19:40:31.281 [main] DEBUG org.hibernate.persister.walking.spi.MetamodelGraphWalker - Visiting attribute path : name
19:40:31.281 [main] DEBUG org.hibernate.persister.walking.spi.MetamodelGraphWalker - Visiting attribute path : player
19:40:31.281 [main] DEBUG org.hibernate.persister.walking.spi.MetamodelGraphWalker - Property path deemed to be circular : player
19:40:31.281 [main] DEBUG org.hibernate.loader.plan.build.internal.FetchStyleLoadPlanBuildingAssociationVisitationStrategy - Building LoadPlan...
19:40:31.281 [main] DEBUG org.hibernate.loader.plan.exec.internal.LoadQueryJoinAndFetchProcessor - processing queryspace <gen:0>
19:40:31.281 [main] DEBUG org.hibernate.loader.plan.build.spi.LoadPlanTreePrinter - LoadPlan(collection=tau.mmo.domain.Player.items)
    - Returns
       - CollectionReturnImpl(collection=tau.mmo.domain.Player.items, querySpaceUid=<gen:0>, path=[tau.mmo.domain.Player.items])
          - (collection element) CollectionFetchableElementEntityGraph(entity=tau.mmo.domain.Item, querySpaceUid=<gen:1>, path=[tau.mmo.domain.Player.items].<elements>)
    - QuerySpaces
       - CollectionQuerySpaceImpl(uid=<gen:0>, collection=tau.mmo.domain.Player.items)
          - SQL table alias mapping - items0_
          - alias suffix - 0_
          - suffixed key columns - {player_i5_0_0_}
          - entity-element alias suffix - 1_
          - 1_entity-element suffixed key columns - id1_0_1_
          - JOIN (JoinDefinedByMetadata(elements)) : <gen:0> -> <gen:1>
             - EntityQuerySpaceImpl(uid=<gen:1>, entity=tau.mmo.domain.Item)
                - SQL table alias mapping - items0_
                - alias suffix - 1_
                - suffixed key columns - {id1_0_1_}

19:40:31.281 [main] DEBUG org.hibernate.loader.collection.plan.CollectionLoader - Static select for collection tau.mmo.domain.Player.items: select items0_.player_id as player_i5_0_0_, items0_.id as id1_0_0_, items0_.id as id1_0_1_, items0_.itemclass as itemclas2_0_1_, items0_.levelreq as levelreq3_0_1_, items0_.name as name4_0_1_, items0_.player_id as player_i5_0_1_ from item items0_ where items0_.player_id=?
19:40:31.281 [main] DEBUG org.hibernate.internal.SessionFactoryImpl - Instantiated session factory
19:40:31.281 [main] DEBUG org.springframework.jdbc.datasource.DriverManagerDataSource - Creating new JDBC DriverManager Connection to [jdbc:hsqldb:hsql://localhost/workdb]
19:40:31.282 [main] DEBUG org.hibernate.engine.jdbc.spi.SqlExceptionHelper - Unable to open JDBC Connection for DDL execution [n/a]
java.sql.SQLTransientConnectionException: java.net.ConnectException: Połączenie odrzucone (Connection refused)
	at org.hsqldb.jdbc.JDBCUtil.sqlException(Unknown Source)
	at org.hsqldb.jdbc.JDBCUtil.sqlException(Unknown Source)
	at org.hsqldb.jdbc.JDBCConnection.<init>(Unknown Source)
	at org.hsqldb.jdbc.JDBCDriver.getConnection(Unknown Source)
	at org.hsqldb.jdbc.JDBCDriver.connect(Unknown Source)
	at java.sql/java.sql.DriverManager.getConnection(DriverManager.java:677)
	at java.sql/java.sql.DriverManager.getConnection(DriverManager.java:189)
	at org.springframework.jdbc.datasource.DriverManagerDataSource.getConnectionFromDriverManager(DriverManagerDataSource.java:154)
	at org.springframework.jdbc.datasource.DriverManagerDataSource.getConnectionFromDriver(DriverManagerDataSource.java:145)
	at org.springframework.jdbc.datasource.AbstractDriverBasedDataSource.getConnectionFromDriver(AbstractDriverBasedDataSource.java:205)
	at org.springframework.jdbc.datasource.AbstractDriverBasedDataSource.getConnection(AbstractDriverBasedDataSource.java:169)
	at org.hibernate.engine.jdbc.connections.internal.DatasourceConnectionProviderImpl.getConnection(DatasourceConnectionProviderImpl.java:122)
	at org.hibernate.engine.jdbc.env.internal.JdbcEnvironmentInitiator$ConnectionProviderJdbcConnectionAccess.obtainConnection(JdbcEnvironmentInitiator.java:180)
	at org.hibernate.resource.transaction.backend.jdbc.internal.DdlTransactionIsolatorNonJtaImpl.getIsolatedConnection(DdlTransactionIsolatorNonJtaImpl.java:43)
	at org.hibernate.tool.schema.internal.exec.ImprovedExtractionContextImpl.getJdbcConnection(ImprovedExtractionContextImpl.java:60)
	at org.hibernate.tool.schema.extract.internal.SequenceInformationExtractorLegacyImpl.extractMetadata(SequenceInformationExtractorLegacyImpl.java:40)
	at org.hibernate.tool.schema.extract.internal.DatabaseInformationImpl.initializeSequences(DatabaseInformationImpl.java:65)
	at org.hibernate.tool.schema.extract.internal.DatabaseInformationImpl.<init>(DatabaseInformationImpl.java:59)
	at org.hibernate.tool.schema.internal.Helper.buildDatabaseInformation(Helper.java:130)
	at org.hibernate.tool.schema.internal.AbstractSchemaMigrator.doMigration(AbstractSchemaMigrator.java:92)
	at org.hibernate.tool.schema.spi.SchemaManagementToolCoordinator.performDatabaseAction(SchemaManagementToolCoordinator.java:176)
	at org.hibernate.tool.schema.spi.SchemaManagementToolCoordinator.process(SchemaManagementToolCoordinator.java:65)
	at org.hibernate.internal.SessionFactoryImpl.<init>(SessionFactoryImpl.java:459)
	at org.hibernate.boot.internal.SessionFactoryBuilderImpl.build(SessionFactoryBuilderImpl.java:465)
	at org.hibernate.cfg.Configuration.buildSessionFactory(Configuration.java:711)
	at org.hibernate.cfg.Configuration.buildSessionFactory(Configuration.java:727)
	at org.springframework.orm.hibernate5.LocalSessionFactoryBean.buildSessionFactory(LocalSessionFactoryBean.java:615)
	at org.springframework.orm.hibernate5.LocalSessionFactoryBean.afterPropertiesSet(LocalSessionFactoryBean.java:599)
	at org.springframework.beans.factory.support.AbstractAutowireCapableBeanFactory.invokeInitMethods(AbstractAutowireCapableBeanFactory.java:1837)
	at org.springframework.beans.factory.support.AbstractAutowireCapableBeanFactory.initializeBean(AbstractAutowireCapableBeanFactory.java:1774)
	at org.springframework.beans.factory.support.AbstractAutowireCapableBeanFactory.doCreateBean(AbstractAutowireCapableBeanFactory.java:593)
	at org.springframework.beans.factory.support.AbstractAutowireCapableBeanFactory.createBean(AbstractAutowireCapableBeanFactory.java:515)
	at org.springframework.beans.factory.support.AbstractBeanFactory.lambda$doGetBean$0(AbstractBeanFactory.java:320)
	at org.springframework.beans.factory.support.DefaultSingletonBeanRegistry.getSingleton(DefaultSingletonBeanRegistry.java:222)
	at org.springframework.beans.factory.support.AbstractBeanFactory.doGetBean(AbstractBeanFactory.java:318)
	at org.springframework.beans.factory.support.AbstractBeanFactory.getBean(AbstractBeanFactory.java:199)
	at org.springframework.beans.factory.config.DependencyDescriptor.resolveCandidate(DependencyDescriptor.java:277)
	at org.springframework.beans.factory.support.DefaultListableBeanFactory.doResolveDependency(DefaultListableBeanFactory.java:1247)
	at org.springframework.beans.factory.support.DefaultListableBeanFactory.resolveDependency(DefaultListableBeanFactory.java:1167)
	at org.springframework.beans.factory.annotation.AutowiredAnnotationBeanPostProcessor$AutowiredFieldElement.inject(AutowiredAnnotationBeanPostProcessor.java:593)
	at org.springframework.beans.factory.annotation.InjectionMetadata.inject(InjectionMetadata.java:90)
	at org.springframework.beans.factory.annotation.AutowiredAnnotationBeanPostProcessor.postProcessProperties(AutowiredAnnotationBeanPostProcessor.java:374)
	at org.springframework.beans.factory.support.AbstractAutowireCapableBeanFactory.populateBean(AbstractAutowireCapableBeanFactory.java:1411)
	at org.springframework.beans.factory.support.AbstractAutowireCapableBeanFactory.doCreateBean(AbstractAutowireCapableBeanFactory.java:592)
	at org.springframework.beans.factory.support.AbstractAutowireCapableBeanFactory.createBean(AbstractAutowireCapableBeanFactory.java:515)
	at org.springframework.beans.factory.support.AbstractBeanFactory.lambda$doGetBean$0(AbstractBeanFactory.java:320)
	at org.springframework.beans.factory.support.DefaultSingletonBeanRegistry.getSingleton(DefaultSingletonBeanRegistry.java:222)
	at org.springframework.beans.factory.support.AbstractBeanFactory.doGetBean(AbstractBeanFactory.java:318)
	at org.springframework.beans.factory.support.AbstractBeanFactory.getBean(AbstractBeanFactory.java:199)
	at org.springframework.beans.factory.config.DependencyDescriptor.resolveCandidate(DependencyDescriptor.java:277)
	at org.springframework.beans.factory.support.DefaultListableBeanFactory.doResolveDependency(DefaultListableBeanFactory.java:1247)
	at org.springframework.beans.factory.support.DefaultListableBeanFactory.resolveDependency(DefaultListableBeanFactory.java:1167)
	at org.springframework.beans.factory.annotation.AutowiredAnnotationBeanPostProcessor$AutowiredFieldElement.inject(AutowiredAnnotationBeanPostProcessor.java:593)
	at org.springframework.beans.factory.annotation.InjectionMetadata.inject(InjectionMetadata.java:90)
	at org.springframework.beans.factory.annotation.AutowiredAnnotationBeanPostProcessor.postProcessProperties(AutowiredAnnotationBeanPostProcessor.java:374)
	at org.springframework.beans.factory.support.AbstractAutowireCapableBeanFactory.populateBean(AbstractAutowireCapableBeanFactory.java:1411)
	at org.springframework.beans.factory.support.AbstractAutowireCapableBeanFactory.doCreateBean(AbstractAutowireCapableBeanFactory.java:592)
	at org.springframework.beans.factory.support.AbstractAutowireCapableBeanFactory.createBean(AbstractAutowireCapableBeanFactory.java:515)
	at org.springframework.beans.factory.support.AbstractBeanFactory.lambda$doGetBean$0(AbstractBeanFactory.java:320)
	at org.springframework.beans.factory.support.DefaultSingletonBeanRegistry.getSingleton(DefaultSingletonBeanRegistry.java:222)
	at org.springframework.beans.factory.support.AbstractBeanFactory.doGetBean(AbstractBeanFactory.java:318)
	at org.springframework.beans.factory.support.AbstractBeanFactory.getBean(AbstractBeanFactory.java:199)
	at org.springframework.beans.factory.support.DefaultListableBeanFactory.preInstantiateSingletons(DefaultListableBeanFactory.java:849)
	at org.springframework.context.support.AbstractApplicationContext.finishBeanFactoryInitialization(AbstractApplicationContext.java:877)
	at org.springframework.context.support.AbstractApplicationContext.refresh(AbstractApplicationContext.java:549)
	at org.springframework.test.context.support.AbstractGenericContextLoader.loadContext(AbstractGenericContextLoader.java:128)
	at org.springframework.test.context.support.AbstractGenericContextLoader.loadContext(AbstractGenericContextLoader.java:60)
	at org.springframework.test.context.support.AbstractDelegatingSmartContextLoader.delegateLoading(AbstractDelegatingSmartContextLoader.java:275)
	at org.springframework.test.context.support.AbstractDelegatingSmartContextLoader.loadContext(AbstractDelegatingSmartContextLoader.java:243)
	at org.springframework.test.context.cache.DefaultCacheAwareContextLoaderDelegate.loadContextInternal(DefaultCacheAwareContextLoaderDelegate.java:99)
	at org.springframework.test.context.cache.DefaultCacheAwareContextLoaderDelegate.loadContext(DefaultCacheAwareContextLoaderDelegate.java:117)
	at org.springframework.test.context.support.DefaultTestContext.getApplicationContext(DefaultTestContext.java:108)
	at org.springframework.test.context.support.DependencyInjectionTestExecutionListener.injectDependencies(DependencyInjectionTestExecutionListener.java:118)
	at org.springframework.test.context.support.DependencyInjectionTestExecutionListener.prepareTestInstance(DependencyInjectionTestExecutionListener.java:83)
	at org.springframework.test.context.TestContextManager.prepareTestInstance(TestContextManager.java:246)
	at org.springframework.test.context.junit4.SpringJUnit4ClassRunner.createTest(SpringJUnit4ClassRunner.java:227)
	at org.springframework.test.context.junit4.SpringJUnit4ClassRunner$1.runReflectiveCall(SpringJUnit4ClassRunner.java:289)
	at org.junit.internal.runners.model.ReflectiveCallable.run(ReflectiveCallable.java:12)
	at org.springframework.test.context.junit4.SpringJUnit4ClassRunner.methodBlock(SpringJUnit4ClassRunner.java:291)
	at org.springframework.test.context.junit4.SpringJUnit4ClassRunner.runChild(SpringJUnit4ClassRunner.java:246)
	at org.springframework.test.context.junit4.SpringJUnit4ClassRunner.runChild(SpringJUnit4ClassRunner.java:97)
	at org.junit.runners.ParentRunner$3.run(ParentRunner.java:290)
	at org.junit.runners.ParentRunner$1.schedule(ParentRunner.java:71)
	at org.junit.runners.ParentRunner.runChildren(ParentRunner.java:288)
	at org.junit.runners.ParentRunner.access$000(ParentRunner.java:58)
	at org.junit.runners.ParentRunner$2.evaluate(ParentRunner.java:268)
	at org.springframework.test.context.junit4.statements.RunBeforeTestClassCallbacks.evaluate(RunBeforeTestClassCallbacks.java:61)
	at org.springframework.test.context.junit4.statements.RunAfterTestClassCallbacks.evaluate(RunAfterTestClassCallbacks.java:70)
	at org.junit.runners.ParentRunner.run(ParentRunner.java:363)
	at org.springframework.test.context.junit4.SpringJUnit4ClassRunner.run(SpringJUnit4ClassRunner.java:190)
	at org.apache.maven.surefire.junit4.JUnit4Provider.execute(JUnit4Provider.java:365)
	at org.apache.maven.surefire.junit4.JUnit4Provider.executeWithRerun(JUnit4Provider.java:273)
	at org.apache.maven.surefire.junit4.JUnit4Provider.executeTestSet(JUnit4Provider.java:238)
	at org.apache.maven.surefire.junit4.JUnit4Provider.invoke(JUnit4Provider.java:159)
	at org.apache.maven.surefire.booter.ForkedBooter.invokeProviderInSameClassLoader(ForkedBooter.java:384)
	at org.apache.maven.surefire.booter.ForkedBooter.runSuitesInProcess(ForkedBooter.java:345)
	at org.apache.maven.surefire.booter.ForkedBooter.execute(ForkedBooter.java:126)
	at org.apache.maven.surefire.booter.ForkedBooter.main(ForkedBooter.java:418)
Caused by: org.hsqldb.HsqlException: java.net.ConnectException: Połączenie odrzucone (Connection refused)
	at org.hsqldb.ClientConnection.openConnection(Unknown Source)
	at org.hsqldb.ClientConnection.initConnection(Unknown Source)
	at org.hsqldb.ClientConnection.<init>(Unknown Source)
	... 96 common frames omitted
Caused by: java.net.ConnectException: Połączenie odrzucone (Connection refused)
	at java.base/java.net.PlainSocketImpl.socketConnect(Native Method)
	at java.base/java.net.AbstractPlainSocketImpl.doConnect(AbstractPlainSocketImpl.java:399)
	at java.base/java.net.AbstractPlainSocketImpl.connectToAddress(AbstractPlainSocketImpl.java:242)
	at java.base/java.net.AbstractPlainSocketImpl.connect(AbstractPlainSocketImpl.java:224)
	at java.base/java.net.SocksSocketImpl.connect(SocksSocketImpl.java:403)
	at java.base/java.net.Socket.connect(Socket.java:591)
	at java.base/java.net.Socket.connect(Socket.java:540)
	at java.base/java.net.Socket.<init>(Socket.java:436)
	at java.base/java.net.Socket.<init>(Socket.java:213)
	at org.hsqldb.server.HsqlSocketFactory.createSocket(Unknown Source)
	... 99 common frames omitted
19:40:31.283 [main] WARN org.hibernate.engine.jdbc.spi.SqlExceptionHelper - SQL Error: -1301, SQLState: 08001
19:40:31.283 [main] ERROR org.hibernate.engine.jdbc.spi.SqlExceptionHelper - java.net.ConnectException: Połączenie odrzucone (Connection refused)
19:40:31.283 [main] WARN org.springframework.context.support.GenericApplicationContext - Exception encountered during context initialization - cancelling refresh attempt: org.springframework.beans.factory.UnsatisfiedDependencyException: Error creating bean with name 'playerController': Unsatisfied dependency expressed through field 'playerManager'; nested exception is org.springframework.beans.factory.UnsatisfiedDependencyException: Error creating bean with name 'playerManagerHibernateImpl': Unsatisfied dependency expressed through field 'sessionFactory'; nested exception is org.springframework.beans.factory.BeanCreationException: Error creating bean with name 'hibernateSessionFactory' defined in class path resource [beans.xml]: Invocation of init method failed; nested exception is org.hibernate.exception.JDBCConnectionException: Unable to open JDBC Connection for DDL execution
19:40:31.284 [main] ERROR org.springframework.test.context.TestContextManager - Caught exception while allowing TestExecutionListener [org.springframework.test.context.support.DependencyInjectionTestExecutionListener@6a400542] to prepare test instance [tau.mmo.service.PlayerManagerTest@7fac18dc]
java.lang.IllegalStateException: Failed to load ApplicationContext
	at org.springframework.test.context.cache.DefaultCacheAwareContextLoaderDelegate.loadContext(DefaultCacheAwareContextLoaderDelegate.java:125)
	at org.springframework.test.context.support.DefaultTestContext.getApplicationContext(DefaultTestContext.java:108)
	at org.springframework.test.context.support.DependencyInjectionTestExecutionListener.injectDependencies(DependencyInjectionTestExecutionListener.java:118)
	at org.springframework.test.context.support.DependencyInjectionTestExecutionListener.prepareTestInstance(DependencyInjectionTestExecutionListener.java:83)
	at org.springframework.test.context.TestContextManager.prepareTestInstance(TestContextManager.java:246)
	at org.springframework.test.context.junit4.SpringJUnit4ClassRunner.createTest(SpringJUnit4ClassRunner.java:227)
	at org.springframework.test.context.junit4.SpringJUnit4ClassRunner$1.runReflectiveCall(SpringJUnit4ClassRunner.java:289)
	at org.junit.internal.runners.model.ReflectiveCallable.run(ReflectiveCallable.java:12)
	at org.springframework.test.context.junit4.SpringJUnit4ClassRunner.methodBlock(SpringJUnit4ClassRunner.java:291)
	at org.springframework.test.context.junit4.SpringJUnit4ClassRunner.runChild(SpringJUnit4ClassRunner.java:246)
	at org.springframework.test.context.junit4.SpringJUnit4ClassRunner.runChild(SpringJUnit4ClassRunner.java:97)
	at org.junit.runners.ParentRunner$3.run(ParentRunner.java:290)
	at org.junit.runners.ParentRunner$1.schedule(ParentRunner.java:71)
	at org.junit.runners.ParentRunner.runChildren(ParentRunner.java:288)
	at org.junit.runners.ParentRunner.access$000(ParentRunner.java:58)
	at org.junit.runners.ParentRunner$2.evaluate(ParentRunner.java:268)
	at org.springframework.test.context.junit4.statements.RunBeforeTestClassCallbacks.evaluate(RunBeforeTestClassCallbacks.java:61)
	at org.springframework.test.context.junit4.statements.RunAfterTestClassCallbacks.evaluate(RunAfterTestClassCallbacks.java:70)
	at org.junit.runners.ParentRunner.run(ParentRunner.java:363)
	at org.springframework.test.context.junit4.SpringJUnit4ClassRunner.run(SpringJUnit4ClassRunner.java:190)
	at org.apache.maven.surefire.junit4.JUnit4Provider.execute(JUnit4Provider.java:365)
	at org.apache.maven.surefire.junit4.JUnit4Provider.executeWithRerun(JUnit4Provider.java:273)
	at org.apache.maven.surefire.junit4.JUnit4Provider.executeTestSet(JUnit4Provider.java:238)
	at org.apache.maven.surefire.junit4.JUnit4Provider.invoke(JUnit4Provider.java:159)
	at org.apache.maven.surefire.booter.ForkedBooter.invokeProviderInSameClassLoader(ForkedBooter.java:384)
	at org.apache.maven.surefire.booter.ForkedBooter.runSuitesInProcess(ForkedBooter.java:345)
	at org.apache.maven.surefire.booter.ForkedBooter.execute(ForkedBooter.java:126)
	at org.apache.maven.surefire.booter.ForkedBooter.main(ForkedBooter.java:418)
Caused by: org.springframework.beans.factory.UnsatisfiedDependencyException: Error creating bean with name 'playerController': Unsatisfied dependency expressed through field 'playerManager'; nested exception is org.springframework.beans.factory.UnsatisfiedDependencyException: Error creating bean with name 'playerManagerHibernateImpl': Unsatisfied dependency expressed through field 'sessionFactory'; nested exception is org.springframework.beans.factory.BeanCreationException: Error creating bean with name 'hibernateSessionFactory' defined in class path resource [beans.xml]: Invocation of init method failed; nested exception is org.hibernate.exception.JDBCConnectionException: Unable to open JDBC Connection for DDL execution
	at org.springframework.beans.factory.annotation.AutowiredAnnotationBeanPostProcessor$AutowiredFieldElement.inject(AutowiredAnnotationBeanPostProcessor.java:596)
	at org.springframework.beans.factory.annotation.InjectionMetadata.inject(InjectionMetadata.java:90)
	at org.springframework.beans.factory.annotation.AutowiredAnnotationBeanPostProcessor.postProcessProperties(AutowiredAnnotationBeanPostProcessor.java:374)
	at org.springframework.beans.factory.support.AbstractAutowireCapableBeanFactory.populateBean(AbstractAutowireCapableBeanFactory.java:1411)
	at org.springframework.beans.factory.support.AbstractAutowireCapableBeanFactory.doCreateBean(AbstractAutowireCapableBeanFactory.java:592)
	at org.springframework.beans.factory.support.AbstractAutowireCapableBeanFactory.createBean(AbstractAutowireCapableBeanFactory.java:515)
	at org.springframework.beans.factory.support.AbstractBeanFactory.lambda$doGetBean$0(AbstractBeanFactory.java:320)
	at org.springframework.beans.factory.support.DefaultSingletonBeanRegistry.getSingleton(DefaultSingletonBeanRegistry.java:222)
	at org.springframework.beans.factory.support.AbstractBeanFactory.doGetBean(AbstractBeanFactory.java:318)
	at org.springframework.beans.factory.support.AbstractBeanFactory.getBean(AbstractBeanFactory.java:199)
	at org.springframework.beans.factory.support.DefaultListableBeanFactory.preInstantiateSingletons(DefaultListableBeanFactory.java:849)
	at org.springframework.context.support.AbstractApplicationContext.finishBeanFactoryInitialization(AbstractApplicationContext.java:877)
	at org.springframework.context.support.AbstractApplicationContext.refresh(AbstractApplicationContext.java:549)
	at org.springframework.test.context.support.AbstractGenericContextLoader.loadContext(AbstractGenericContextLoader.java:128)
	at org.springframework.test.context.support.AbstractGenericContextLoader.loadContext(AbstractGenericContextLoader.java:60)
	at org.springframework.test.context.support.AbstractDelegatingSmartContextLoader.delegateLoading(AbstractDelegatingSmartContextLoader.java:275)
	at org.springframework.test.context.support.AbstractDelegatingSmartContextLoader.loadContext(AbstractDelegatingSmartContextLoader.java:243)
	at org.springframework.test.context.cache.DefaultCacheAwareContextLoaderDelegate.loadContextInternal(DefaultCacheAwareContextLoaderDelegate.java:99)
	at org.springframework.test.context.cache.DefaultCacheAwareContextLoaderDelegate.loadContext(DefaultCacheAwareContextLoaderDelegate.java:117)
	... 27 common frames omitted
Caused by: org.springframework.beans.factory.UnsatisfiedDependencyException: Error creating bean with name 'playerManagerHibernateImpl': Unsatisfied dependency expressed through field 'sessionFactory'; nested exception is org.springframework.beans.factory.BeanCreationException: Error creating bean with name 'hibernateSessionFactory' defined in class path resource [beans.xml]: Invocation of init method failed; nested exception is org.hibernate.exception.JDBCConnectionException: Unable to open JDBC Connection for DDL execution
	at org.springframework.beans.factory.annotation.AutowiredAnnotationBeanPostProcessor$AutowiredFieldElement.inject(AutowiredAnnotationBeanPostProcessor.java:596)
	at org.springframework.beans.factory.annotation.InjectionMetadata.inject(InjectionMetadata.java:90)
	at org.springframework.beans.factory.annotation.AutowiredAnnotationBeanPostProcessor.postProcessProperties(AutowiredAnnotationBeanPostProcessor.java:374)
	at org.springframework.beans.factory.support.AbstractAutowireCapableBeanFactory.populateBean(AbstractAutowireCapableBeanFactory.java:1411)
	at org.springframework.beans.factory.support.AbstractAutowireCapableBeanFactory.doCreateBean(AbstractAutowireCapableBeanFactory.java:592)
	at org.springframework.beans.factory.support.AbstractAutowireCapableBeanFactory.createBean(AbstractAutowireCapableBeanFactory.java:515)
	at org.springframework.beans.factory.support.AbstractBeanFactory.lambda$doGetBean$0(AbstractBeanFactory.java:320)
	at org.springframework.beans.factory.support.DefaultSingletonBeanRegistry.getSingleton(DefaultSingletonBeanRegistry.java:222)
	at org.springframework.beans.factory.support.AbstractBeanFactory.doGetBean(AbstractBeanFactory.java:318)
	at org.springframework.beans.factory.support.AbstractBeanFactory.getBean(AbstractBeanFactory.java:199)
	at org.springframework.beans.factory.config.DependencyDescriptor.resolveCandidate(DependencyDescriptor.java:277)
	at org.springframework.beans.factory.support.DefaultListableBeanFactory.doResolveDependency(DefaultListableBeanFactory.java:1247)
	at org.springframework.beans.factory.support.DefaultListableBeanFactory.resolveDependency(DefaultListableBeanFactory.java:1167)
	at org.springframework.beans.factory.annotation.AutowiredAnnotationBeanPostProcessor$AutowiredFieldElement.inject(AutowiredAnnotationBeanPostProcessor.java:593)
	... 45 common frames omitted
Caused by: org.springframework.beans.factory.BeanCreationException: Error creating bean with name 'hibernateSessionFactory' defined in class path resource [beans.xml]: Invocation of init method failed; nested exception is org.hibernate.exception.JDBCConnectionException: Unable to open JDBC Connection for DDL execution
	at org.springframework.beans.factory.support.AbstractAutowireCapableBeanFactory.initializeBean(AbstractAutowireCapableBeanFactory.java:1778)
	at org.springframework.beans.factory.support.AbstractAutowireCapableBeanFactory.doCreateBean(AbstractAutowireCapableBeanFactory.java:593)
	at org.springframework.beans.factory.support.AbstractAutowireCapableBeanFactory.createBean(AbstractAutowireCapableBeanFactory.java:515)
	at org.springframework.beans.factory.support.AbstractBeanFactory.lambda$doGetBean$0(AbstractBeanFactory.java:320)
	at org.springframework.beans.factory.support.DefaultSingletonBeanRegistry.getSingleton(DefaultSingletonBeanRegistry.java:222)
	at org.springframework.beans.factory.support.AbstractBeanFactory.doGetBean(AbstractBeanFactory.java:318)
	at org.springframework.beans.factory.support.AbstractBeanFactory.getBean(AbstractBeanFactory.java:199)
	at org.springframework.beans.factory.config.DependencyDescriptor.resolveCandidate(DependencyDescriptor.java:277)
	at org.springframework.beans.factory.support.DefaultListableBeanFactory.doResolveDependency(DefaultListableBeanFactory.java:1247)
	at org.springframework.beans.factory.support.DefaultListableBeanFactory.resolveDependency(DefaultListableBeanFactory.java:1167)
	at org.springframework.beans.factory.annotation.AutowiredAnnotationBeanPostProcessor$AutowiredFieldElement.inject(AutowiredAnnotationBeanPostProcessor.java:593)
	... 58 common frames omitted
Caused by: org.hibernate.exception.JDBCConnectionException: Unable to open JDBC Connection for DDL execution
	at org.hibernate.exception.internal.SQLExceptionTypeDelegate.convert(SQLExceptionTypeDelegate.java:48)
	at org.hibernate.exception.internal.StandardSQLExceptionConverter.convert(StandardSQLExceptionConverter.java:42)
	at org.hibernate.engine.jdbc.spi.SqlExceptionHelper.convert(SqlExceptionHelper.java:111)
	at org.hibernate.engine.jdbc.spi.SqlExceptionHelper.convert(SqlExceptionHelper.java:97)
	at org.hibernate.resource.transaction.backend.jdbc.internal.DdlTransactionIsolatorNonJtaImpl.getIsolatedConnection(DdlTransactionIsolatorNonJtaImpl.java:69)
	at org.hibernate.tool.schema.internal.exec.ImprovedExtractionContextImpl.getJdbcConnection(ImprovedExtractionContextImpl.java:60)
	at org.hibernate.tool.schema.extract.internal.SequenceInformationExtractorLegacyImpl.extractMetadata(SequenceInformationExtractorLegacyImpl.java:40)
	at org.hibernate.tool.schema.extract.internal.DatabaseInformationImpl.initializeSequences(DatabaseInformationImpl.java:65)
	at org.hibernate.tool.schema.extract.internal.DatabaseInformationImpl.<init>(DatabaseInformationImpl.java:59)
	at org.hibernate.tool.schema.internal.Helper.buildDatabaseInformation(Helper.java:130)
	at org.hibernate.tool.schema.internal.AbstractSchemaMigrator.doMigration(AbstractSchemaMigrator.java:92)
	at org.hibernate.tool.schema.spi.SchemaManagementToolCoordinator.performDatabaseAction(SchemaManagementToolCoordinator.java:176)
	at org.hibernate.tool.schema.spi.SchemaManagementToolCoordinator.process(SchemaManagementToolCoordinator.java:65)
	at org.hibernate.internal.SessionFactoryImpl.<init>(SessionFactoryImpl.java:459)
	at org.hibernate.boot.internal.SessionFactoryBuilderImpl.build(SessionFactoryBuilderImpl.java:465)
	at org.hibernate.cfg.Configuration.buildSessionFactory(Configuration.java:711)
	at org.hibernate.cfg.Configuration.buildSessionFactory(Configuration.java:727)
	at org.springframework.orm.hibernate5.LocalSessionFactoryBean.buildSessionFactory(LocalSessionFactoryBean.java:615)
	at org.springframework.orm.hibernate5.LocalSessionFactoryBean.afterPropertiesSet(LocalSessionFactoryBean.java:599)
	at org.springframework.beans.factory.support.AbstractAutowireCapableBeanFactory.invokeInitMethods(AbstractAutowireCapableBeanFactory.java:1837)
	at org.springframework.beans.factory.support.AbstractAutowireCapableBeanFactory.initializeBean(AbstractAutowireCapableBeanFactory.java:1774)
	... 68 common frames omitted
Caused by: java.sql.SQLTransientConnectionException: java.net.ConnectException: Połączenie odrzucone (Connection refused)
	at org.hsqldb.jdbc.JDBCUtil.sqlException(Unknown Source)
	at org.hsqldb.jdbc.JDBCUtil.sqlException(Unknown Source)
	at org.hsqldb.jdbc.JDBCConnection.<init>(Unknown Source)
	at org.hsqldb.jdbc.JDBCDriver.getConnection(Unknown Source)
	at org.hsqldb.jdbc.JDBCDriver.connect(Unknown Source)
	at java.sql/java.sql.DriverManager.getConnection(DriverManager.java:677)
	at java.sql/java.sql.DriverManager.getConnection(DriverManager.java:189)
	at org.springframework.jdbc.datasource.DriverManagerDataSource.getConnectionFromDriverManager(DriverManagerDataSource.java:154)
	at org.springframework.jdbc.datasource.DriverManagerDataSource.getConnectionFromDriver(DriverManagerDataSource.java:145)
	at org.springframework.jdbc.datasource.AbstractDriverBasedDataSource.getConnectionFromDriver(AbstractDriverBasedDataSource.java:205)
	at org.springframework.jdbc.datasource.AbstractDriverBasedDataSource.getConnection(AbstractDriverBasedDataSource.java:169)
	at org.hibernate.engine.jdbc.connections.internal.DatasourceConnectionProviderImpl.getConnection(DatasourceConnectionProviderImpl.java:122)
	at org.hibernate.engine.jdbc.env.internal.JdbcEnvironmentInitiator$ConnectionProviderJdbcConnectionAccess.obtainConnection(JdbcEnvironmentInitiator.java:180)
	at org.hibernate.resource.transaction.backend.jdbc.internal.DdlTransactionIsolatorNonJtaImpl.getIsolatedConnection(DdlTransactionIsolatorNonJtaImpl.java:43)
	... 84 common frames omitted
Caused by: org.hsqldb.HsqlException: java.net.ConnectException: Połączenie odrzucone (Connection refused)
	at org.hsqldb.ClientConnection.openConnection(Unknown Source)
	at org.hsqldb.ClientConnection.initConnection(Unknown Source)
	at org.hsqldb.ClientConnection.<init>(Unknown Source)
	... 96 common frames omitted
Caused by: java.net.ConnectException: Połączenie odrzucone (Connection refused)
	at java.base/java.net.PlainSocketImpl.socketConnect(Native Method)
	at java.base/java.net.AbstractPlainSocketImpl.doConnect(AbstractPlainSocketImpl.java:399)
	at java.base/java.net.AbstractPlainSocketImpl.connectToAddress(AbstractPlainSocketImpl.java:242)
	at java.base/java.net.AbstractPlainSocketImpl.connect(AbstractPlainSocketImpl.java:224)
	at java.base/java.net.SocksSocketImpl.connect(SocksSocketImpl.java:403)
	at java.base/java.net.Socket.connect(Socket.java:591)
	at java.base/java.net.Socket.connect(Socket.java:540)
	at java.base/java.net.Socket.<init>(Socket.java:436)
	at java.base/java.net.Socket.<init>(Socket.java:213)
	at org.hsqldb.server.HsqlSocketFactory.createSocket(Unknown Source)
	... 99 common frames omitted
]]></system-out>
  </testcase>
  <testcase name="deletePlayerTest" classname="tau.mmo.service.PlayerManagerTest" time="0">
    <error message="Failed to load ApplicationContext" type="java.lang.IllegalStateException">java.lang.IllegalStateException: Failed to load ApplicationContext
Caused by: org.springframework.beans.factory.UnsatisfiedDependencyException: Error creating bean with name 'playerController': Unsatisfied dependency expressed through field 'playerManager'; nested exception is org.springframework.beans.factory.UnsatisfiedDependencyException: Error creating bean with name 'playerManagerHibernateImpl': Unsatisfied dependency expressed through field 'sessionFactory'; nested exception is org.springframework.beans.factory.BeanCreationException: Error creating bean with name 'hibernateSessionFactory' defined in class path resource [beans.xml]: Invocation of init method failed; nested exception is org.hibernate.exception.JDBCConnectionException: Unable to open JDBC Connection for DDL execution
Caused by: org.springframework.beans.factory.UnsatisfiedDependencyException: Error creating bean with name 'playerManagerHibernateImpl': Unsatisfied dependency expressed through field 'sessionFactory'; nested exception is org.springframework.beans.factory.BeanCreationException: Error creating bean with name 'hibernateSessionFactory' defined in class path resource [beans.xml]: Invocation of init method failed; nested exception is org.hibernate.exception.JDBCConnectionException: Unable to open JDBC Connection for DDL execution
Caused by: org.springframework.beans.factory.BeanCreationException: Error creating bean with name 'hibernateSessionFactory' defined in class path resource [beans.xml]: Invocation of init method failed; nested exception is org.hibernate.exception.JDBCConnectionException: Unable to open JDBC Connection for DDL execution
Caused by: org.hibernate.exception.JDBCConnectionException: Unable to open JDBC Connection for DDL execution
Caused by: java.sql.SQLTransientConnectionException: java.net.ConnectException: Połączenie odrzucone (Connection refused)
Caused by: org.hsqldb.HsqlException: java.net.ConnectException: Połączenie odrzucone (Connection refused)
Caused by: java.net.ConnectException: Połączenie odrzucone (Connection refused)
</error>
    <system-out><![CDATA[19:40:31.286 [main] DEBUG org.springframework.test.annotation.ProfileValueUtils - Retrieved @ProfileValueSourceConfiguration [null] for test class [tau.mmo.service.PlayerManagerTest]
19:40:31.286 [main] DEBUG org.springframework.test.annotation.ProfileValueUtils - Retrieved ProfileValueSource type [class org.springframework.test.annotation.SystemProfileValueSource] for class [tau.mmo.service.PlayerManagerTest]
19:40:31.286 [main] DEBUG org.springframework.test.context.support.DependencyInjectionTestExecutionListener - Performing dependency injection for test context [[DefaultTestContext@7ed7259e testClass = PlayerManagerTest, testInstance = tau.mmo.service.PlayerManagerTest@76ffc17c, testMethod = [null], testException = [null], mergedContextConfiguration = [MergedContextConfiguration@28eaa59a testClass = PlayerManagerTest, locations = '{classpath:/beans.xml}', classes = '{}', contextInitializerClasses = '[]', activeProfiles = '{}', propertySourceLocations = '{}', propertySourceProperties = '{}', contextCustomizers = set[org.springframework.boot.test.context.filter.ExcludeFilterContextCustomizer@6b4a4e18, org.springframework.boot.test.json.DuplicateJsonObjectContextCustomizerFactory$DuplicateJsonObjectContextCustomizer@402e37bc, org.springframework.boot.test.mock.mockito.MockitoContextCustomizer@0, org.springframework.boot.test.autoconfigure.properties.PropertyMappingContextCustomizer@0, org.springframework.boot.test.autoconfigure.web.servlet.WebDriverContextCustomizerFactory$Customizer@6973bf95], contextLoader = 'org.springframework.test.context.support.DelegatingSmartContextLoader', parent = [null]], attributes = map[[empty]]]].
19:40:31.286 [main] DEBUG org.springframework.test.context.support.AbstractDelegatingSmartContextLoader - Delegating to GenericXmlContextLoader to load context from [MergedContextConfiguration@28eaa59a testClass = PlayerManagerTest, locations = '{classpath:/beans.xml}', classes = '{}', contextInitializerClasses = '[]', activeProfiles = '{}', propertySourceLocations = '{}', propertySourceProperties = '{}', contextCustomizers = set[org.springframework.boot.test.context.filter.ExcludeFilterContextCustomizer@6b4a4e18, org.springframework.boot.test.json.DuplicateJsonObjectContextCustomizerFactory$DuplicateJsonObjectContextCustomizer@402e37bc, org.springframework.boot.test.mock.mockito.MockitoContextCustomizer@0, org.springframework.boot.test.autoconfigure.properties.PropertyMappingContextCustomizer@0, org.springframework.boot.test.autoconfigure.web.servlet.WebDriverContextCustomizerFactory$Customizer@6973bf95], contextLoader = 'org.springframework.test.context.support.DelegatingSmartContextLoader', parent = [null]].
19:40:31.286 [main] DEBUG org.springframework.test.context.support.AbstractGenericContextLoader - Loading ApplicationContext for merged context configuration [[MergedContextConfiguration@28eaa59a testClass = PlayerManagerTest, locations = '{classpath:/beans.xml}', classes = '{}', contextInitializerClasses = '[]', activeProfiles = '{}', propertySourceLocations = '{}', propertySourceProperties = '{}', contextCustomizers = set[org.springframework.boot.test.context.filter.ExcludeFilterContextCustomizer@6b4a4e18, org.springframework.boot.test.json.DuplicateJsonObjectContextCustomizerFactory$DuplicateJsonObjectContextCustomizer@402e37bc, org.springframework.boot.test.mock.mockito.MockitoContextCustomizer@0, org.springframework.boot.test.autoconfigure.properties.PropertyMappingContextCustomizer@0, org.springframework.boot.test.autoconfigure.web.servlet.WebDriverContextCustomizerFactory$Customizer@6973bf95], contextLoader = 'org.springframework.test.context.support.DelegatingSmartContextLoader', parent = [null]]].
19:40:31.286 [main] DEBUG org.springframework.core.env.StandardEnvironment - Activating profiles []
19:40:31.300 [main] DEBUG org.springframework.context.annotation.ClassPathBeanDefinitionScanner - Identified candidate component class: file [/home/whitewolf/tau/TAU-repozytorium/tau-mmo-jmeter/target/classes/tau/mmo/Application.class]
19:40:31.301 [main] DEBUG org.springframework.context.annotation.ClassPathBeanDefinitionScanner - Identified candidate component class: file [/home/whitewolf/tau/TAU-repozytorium/tau-mmo-jmeter/target/classes/tau/mmo/api/PlayerController.class]
19:40:31.306 [main] DEBUG org.springframework.context.annotation.ClassPathBeanDefinitionScanner - Identified candidate component class: file [/home/whitewolf/tau/TAU-repozytorium/tau-mmo-jmeter/target/classes/tau/mmo/service/PlayerManagerHibernateImpl.class]
19:40:31.308 [main] DEBUG org.springframework.beans.factory.xml.XmlBeanDefinitionReader - Loaded 12 bean definitions from class path resource [beans.xml]
19:40:31.308 [main] DEBUG org.springframework.context.support.GenericApplicationContext - Refreshing org.springframework.context.support.GenericApplicationContext@3a8fb023
19:40:31.308 [main] DEBUG org.springframework.beans.factory.support.DefaultListableBeanFactory - Creating shared instance of singleton bean 'org.springframework.context.annotation.internalConfigurationAnnotationProcessor'
19:40:31.312 [main] DEBUG org.springframework.context.annotation.ClassPathBeanDefinitionScanner - Identified candidate component class: file [/home/whitewolf/tau/TAU-repozytorium/tau-mmo-jmeter/target/classes/tau/mmo/api/PlayerController.class]
19:40:31.312 [main] DEBUG org.springframework.context.annotation.ClassPathBeanDefinitionScanner - Identified candidate component class: file [/home/whitewolf/tau/TAU-repozytorium/tau-mmo-jmeter/target/classes/tau/mmo/service/PlayerManagerHibernateImpl.class]
19:40:31.384 [main] DEBUG org.springframework.context.annotation.ClassPathBeanDefinitionScanner - Identified candidate component class: file [/home/whitewolf/tau/TAU-repozytorium/tau-mmo-jmeter/target/classes/tau/mmo/Application.class]
19:40:31.384 [main] DEBUG org.springframework.context.annotation.ClassPathBeanDefinitionScanner - Identified candidate component class: file [/home/whitewolf/tau/TAU-repozytorium/tau-mmo-jmeter/target/classes/tau/mmo/api/PlayerController.class]
19:40:31.384 [main] DEBUG org.springframework.context.annotation.ClassPathBeanDefinitionScanner - Identified candidate component class: file [/home/whitewolf/tau/TAU-repozytorium/tau-mmo-jmeter/target/classes/tau/mmo/service/PlayerManagerHibernateImpl.class]
19:40:31.385 [main] DEBUG org.springframework.beans.factory.xml.XmlBeanDefinitionReader - Loaded 0 bean definitions from class path resource [beans.xml]
19:40:31.385 [main] DEBUG org.springframework.beans.factory.support.DefaultListableBeanFactory - Creating shared instance of singleton bean 'org.springframework.boot.autoconfigure.condition.BeanTypeRegistry'
19:40:31.393 [main] INFO org.springframework.data.repository.config.RepositoryConfigurationDelegate - Bootstrapping Spring Data repositories in DEFAULT mode.
19:40:31.393 [main] DEBUG org.springframework.beans.factory.support.DefaultListableBeanFactory - Creating shared instance of singleton bean 'org.springframework.boot.autoconfigure.AutoConfigurationPackages'
19:40:31.393 [main] DEBUG org.springframework.boot.autoconfigure.AutoConfigurationPackages - @EnableAutoConfiguration was declared on a class in the package 'tau.mmo'. Automatic @Repository and @Entity scanning is enabled.
19:40:31.393 [main] DEBUG org.springframework.data.repository.config.RepositoryConfigurationDelegate - Scanning for repositories in packages tau.mmo.
19:40:31.394 [main] INFO org.springframework.data.repository.config.RepositoryConfigurationDelegate - Finished Spring Data repository scanning in 1ms. Found 0 repository interfaces.
19:40:31.407 [main] DEBUG org.springframework.beans.factory.support.DefaultListableBeanFactory - Creating shared instance of singleton bean 'propertySourcesPlaceholderConfigurer'
19:40:31.407 [main] DEBUG org.springframework.core.env.PropertySourcesPropertyResolver - Found key 'jdbc.driverClassName' in PropertySource 'class path resource [jdbc.properties]' with value of type String
19:40:31.407 [main] DEBUG org.springframework.core.env.PropertySourcesPropertyResolver - Found key 'jdbc.driverClassName' in PropertySource 'environmentProperties' with value of type String
19:40:31.407 [main] DEBUG org.springframework.core.env.PropertySourcesPropertyResolver - Found key 'jdbc.url' in PropertySource 'class path resource [jdbc.properties]' with value of type String
19:40:31.407 [main] DEBUG org.springframework.core.env.PropertySourcesPropertyResolver - Found key 'jdbc.url' in PropertySource 'environmentProperties' with value of type String
19:40:31.407 [main] DEBUG org.springframework.core.env.PropertySourcesPropertyResolver - Found key 'jdbc.username' in PropertySource 'class path resource [jdbc.properties]' with value of type String
19:40:31.407 [main] DEBUG org.springframework.core.env.PropertySourcesPropertyResolver - Found key 'jdbc.username' in PropertySource 'environmentProperties' with value of type String
19:40:31.407 [main] DEBUG org.springframework.core.env.PropertySourcesPropertyResolver - Found key 'jdbc.password' in PropertySource 'class path resource [jdbc.properties]' with value of type String
19:40:31.407 [main] DEBUG org.springframework.core.env.PropertySourcesPropertyResolver - Found key 'jdbc.password' in PropertySource 'environmentProperties' with value of type String
19:40:31.408 [main] DEBUG org.springframework.beans.factory.support.DefaultListableBeanFactory - Creating shared instance of singleton bean 'org.springframework.boot.test.mock.mockito.MockitoPostProcessor'
19:40:31.408 [main] DEBUG org.springframework.beans.factory.support.DefaultListableBeanFactory - Creating shared instance of singleton bean 'emBeanDefinitionRegistrarPostProcessor'
19:40:31.410 [main] DEBUG org.springframework.beans.factory.support.DefaultListableBeanFactory - Creating shared instance of singleton bean 'org.springframework.context.event.internalEventListenerProcessor'
19:40:31.411 [main] DEBUG org.springframework.beans.factory.support.DefaultListableBeanFactory - Creating shared instance of singleton bean 'org.springframework.boot.context.properties.ConfigurationBeanFactoryMetadata'
19:40:31.411 [main] DEBUG org.springframework.beans.factory.support.DefaultListableBeanFactory - Creating shared instance of singleton bean 'org.springframework.context.event.internalEventListenerFactory'
19:40:31.411 [main] DEBUG org.springframework.beans.factory.support.DefaultListableBeanFactory - Creating shared instance of singleton bean 'org.springframework.transaction.config.internalTransactionalEventListenerFactory'
19:40:31.412 [main] DEBUG org.springframework.beans.factory.support.DefaultListableBeanFactory - Creating shared instance of singleton bean 'org.springframework.context.annotation.internalAutowiredAnnotationProcessor'
19:40:31.412 [main] DEBUG org.springframework.beans.factory.support.DefaultListableBeanFactory - Creating shared instance of singleton bean 'org.springframework.context.annotation.internalCommonAnnotationProcessor'
19:40:31.412 [main] DEBUG org.springframework.beans.factory.support.DefaultListableBeanFactory - Creating shared instance of singleton bean 'org.springframework.context.annotation.internalPersistenceAnnotationProcessor'
19:40:31.413 [main] DEBUG org.springframework.beans.factory.support.DefaultListableBeanFactory - Creating shared instance of singleton bean 'org.springframework.boot.test.mock.mockito.MockitoPostProcessor$SpyPostProcessor'
19:40:31.413 [main] DEBUG org.springframework.beans.factory.support.DefaultListableBeanFactory - Creating shared instance of singleton bean 'org.springframework.boot.context.properties.ConfigurationPropertiesBindingPostProcessor'
19:40:31.413 [main] DEBUG org.springframework.beans.factory.support.DefaultListableBeanFactory - Creating shared instance of singleton bean 'methodValidationPostProcessor'
19:40:31.414 [main] DEBUG org.springframework.beans.factory.support.DefaultListableBeanFactory - Autowiring by type from bean name 'methodValidationPostProcessor' via factory method to bean named 'environment'
19:40:31.415 [main] DEBUG org.springframework.beans.factory.support.DefaultListableBeanFactory - Creating shared instance of singleton bean 'org.springframework.aop.config.internalAutoProxyCreator'
19:40:31.416 [main] DEBUG org.springframework.beans.factory.support.DefaultListableBeanFactory - Creating shared instance of singleton bean 'dataSourceInitializerPostProcessor'
19:40:31.416 [main] DEBUG org.springframework.beans.factory.support.DefaultListableBeanFactory - Creating shared instance of singleton bean 'persistenceExceptionTranslationPostProcessor'
19:40:31.417 [main] DEBUG org.springframework.beans.factory.support.DefaultListableBeanFactory - Autowiring by type from bean name 'persistenceExceptionTranslationPostProcessor' via factory method to bean named 'environment'
19:40:31.418 [main] DEBUG org.springframework.beans.factory.support.DefaultListableBeanFactory - Creating shared instance of singleton bean 'application'
19:40:31.419 [main] DEBUG org.springframework.beans.factory.support.DefaultListableBeanFactory - Creating shared instance of singleton bean 'org.springframework.transaction.config.internalTransactionAdvisor'
19:40:31.419 [main] DEBUG org.springframework.beans.factory.support.DefaultListableBeanFactory - Creating shared instance of singleton bean 'org.springframework.transaction.annotation.ProxyTransactionManagementConfiguration'
19:40:31.422 [main] DEBUG org.springframework.beans.factory.support.DefaultListableBeanFactory - Creating shared instance of singleton bean 'transactionAttributeSource'
19:40:31.422 [main] DEBUG org.springframework.beans.factory.support.DefaultListableBeanFactory - Creating shared instance of singleton bean 'transactionInterceptor'
19:40:31.424 [main] DEBUG org.springframework.beans.factory.support.DefaultListableBeanFactory - Creating shared instance of singleton bean 'playerController'
19:40:31.425 [main] DEBUG org.springframework.beans.factory.support.DefaultListableBeanFactory - Creating shared instance of singleton bean 'playerManagerHibernateImpl'
19:40:31.426 [main] DEBUG org.springframework.beans.factory.support.DefaultListableBeanFactory - Creating shared instance of singleton bean 'hibernateSessionFactory'
19:40:31.427 [main] DEBUG org.springframework.beans.factory.support.DefaultListableBeanFactory - Creating shared instance of singleton bean 'dataSource'
19:40:31.428 [main] DEBUG org.springframework.jdbc.datasource.DriverManagerDataSource - Loaded JDBC driver: org.hsqldb.jdbcDriver
19:40:31.430 [main] DEBUG org.springframework.beans.factory.support.DefaultListableBeanFactory - Creating shared instance of singleton bean 'org.springframework.boot.autoconfigure.jdbc.DataSourceInitializerInvoker'
19:40:31.430 [main] DEBUG org.springframework.beans.factory.support.DefaultListableBeanFactory - Creating shared instance of singleton bean 'spring.datasource-org.springframework.boot.autoconfigure.jdbc.DataSourceProperties'
19:40:31.434 [main] DEBUG org.springframework.beans.factory.support.DefaultListableBeanFactory - Autowiring by type from bean name 'org.springframework.boot.autoconfigure.jdbc.DataSourceInitializerInvoker' via constructor to bean named 'spring.datasource-org.springframework.boot.autoconfigure.jdbc.DataSourceProperties'
19:40:31.434 [main] DEBUG org.springframework.beans.factory.support.DefaultListableBeanFactory - Autowiring by type from bean name 'org.springframework.boot.autoconfigure.jdbc.DataSourceInitializerInvoker' via constructor to bean named 'org.springframework.context.support.GenericApplicationContext@3a8fb023'
19:40:31.436 [main] DEBUG org.hibernate.integrator.internal.IntegratorServiceImpl - Adding Integrator [org.hibernate.cfg.beanvalidation.BeanValidationIntegrator].
19:40:31.436 [main] DEBUG org.hibernate.integrator.internal.IntegratorServiceImpl - Adding Integrator [org.hibernate.secure.spi.JaccIntegrator].
19:40:31.436 [main] DEBUG org.hibernate.integrator.internal.IntegratorServiceImpl - Adding Integrator [org.hibernate.cache.internal.CollectionCacheInvalidator].
19:40:31.438 [main] DEBUG org.hibernate.cfg.Configuration - Building session factory using internal StandardServiceRegistryBuilder
19:40:31.438 [main] DEBUG org.hibernate.service.spi.ServiceBinding - Overriding existing service binding [org.hibernate.secure.spi.JaccService]
19:40:31.438 [main] DEBUG org.hibernate.cfg.Configuration - Building session factory using provided StandardServiceRegistry
19:40:31.438 [main] DEBUG org.hibernate.cache.internal.RegionFactoryInitiator - Cache region factory : org.hibernate.cache.internal.NoCachingRegionFactory
19:40:31.439 [main] DEBUG org.hibernate.type.BasicTypeRegistry - Adding type registration boolean -> org.hibernate.type.BooleanType@57a2ed35
19:40:31.439 [main] DEBUG org.hibernate.type.BasicTypeRegistry - Adding type registration boolean -> org.hibernate.type.BooleanType@57a2ed35
19:40:31.439 [main] DEBUG org.hibernate.type.BasicTypeRegistry - Adding type registration java.lang.Boolean -> org.hibernate.type.BooleanType@57a2ed35
19:40:31.439 [main] DEBUG org.hibernate.type.BasicTypeRegistry - Adding type registration numeric_boolean -> org.hibernate.type.NumericBooleanType@184fb68d
19:40:31.439 [main] DEBUG org.hibernate.type.BasicTypeRegistry - Adding type registration true_false -> org.hibernate.type.TrueFalseType@205bed61
19:40:31.439 [main] DEBUG org.hibernate.type.BasicTypeRegistry - Adding type registration yes_no -> org.hibernate.type.YesNoType@7c2b58c0
19:40:31.439 [main] DEBUG org.hibernate.type.BasicTypeRegistry - Adding type registration byte -> org.hibernate.type.ByteType@aa149ed
19:40:31.439 [main] DEBUG org.hibernate.type.BasicTypeRegistry - Adding type registration byte -> org.hibernate.type.ByteType@aa149ed
19:40:31.439 [main] DEBUG org.hibernate.type.BasicTypeRegistry - Adding type registration java.lang.Byte -> org.hibernate.type.ByteType@aa149ed
19:40:31.439 [main] DEBUG org.hibernate.type.BasicTypeRegistry - Adding type registration character -> org.hibernate.type.CharacterType@8ee0c23
19:40:31.439 [main] DEBUG org.hibernate.type.BasicTypeRegistry - Adding type registration char -> org.hibernate.type.CharacterType@8ee0c23
19:40:31.439 [main] DEBUG org.hibernate.type.BasicTypeRegistry - Adding type registration java.lang.Character -> org.hibernate.type.CharacterType@8ee0c23
19:40:31.439 [main] DEBUG org.hibernate.type.BasicTypeRegistry - Adding type registration short -> org.hibernate.type.ShortType@173797f0
19:40:31.439 [main] DEBUG org.hibernate.type.BasicTypeRegistry - Adding type registration short -> org.hibernate.type.ShortType@173797f0
19:40:31.439 [main] DEBUG org.hibernate.type.BasicTypeRegistry - Adding type registration java.lang.Short -> org.hibernate.type.ShortType@173797f0
19:40:31.439 [main] DEBUG org.hibernate.type.BasicTypeRegistry - Adding type registration integer -> org.hibernate.type.IntegerType@33d53216
19:40:31.439 [main] DEBUG org.hibernate.type.BasicTypeRegistry - Adding type registration int -> org.hibernate.type.IntegerType@33d53216
19:40:31.439 [main] DEBUG org.hibernate.type.BasicTypeRegistry - Adding type registration java.lang.Integer -> org.hibernate.type.IntegerType@33d53216
19:40:31.439 [main] DEBUG org.hibernate.type.BasicTypeRegistry - Adding type registration long -> org.hibernate.type.LongType@3db663d0
19:40:31.439 [main] DEBUG org.hibernate.type.BasicTypeRegistry - Adding type registration long -> org.hibernate.type.LongType@3db663d0
19:40:31.439 [main] DEBUG org.hibernate.type.BasicTypeRegistry - Adding type registration java.lang.Long -> org.hibernate.type.LongType@3db663d0
19:40:31.439 [main] DEBUG org.hibernate.type.BasicTypeRegistry - Adding type registration float -> org.hibernate.type.FloatType@3b9632d1
19:40:31.439 [main] DEBUG org.hibernate.type.BasicTypeRegistry - Adding type registration float -> org.hibernate.type.FloatType@3b9632d1
19:40:31.439 [main] DEBUG org.hibernate.type.BasicTypeRegistry - Adding type registration java.lang.Float -> org.hibernate.type.FloatType@3b9632d1
19:40:31.439 [main] DEBUG org.hibernate.type.BasicTypeRegistry - Adding type registration double -> org.hibernate.type.DoubleType@75fc1992
19:40:31.439 [main] DEBUG org.hibernate.type.BasicTypeRegistry - Adding type registration double -> org.hibernate.type.DoubleType@75fc1992
19:40:31.439 [main] DEBUG org.hibernate.type.BasicTypeRegistry - Adding type registration java.lang.Double -> org.hibernate.type.DoubleType@75fc1992
19:40:31.439 [main] DEBUG org.hibernate.type.BasicTypeRegistry - Adding type registration big_decimal -> org.hibernate.type.BigDecimalType@27a2a089
19:40:31.439 [main] DEBUG org.hibernate.type.BasicTypeRegistry - Adding type registration java.math.BigDecimal -> org.hibernate.type.BigDecimalType@27a2a089
19:40:31.439 [main] DEBUG org.hibernate.type.BasicTypeRegistry - Adding type registration big_integer -> org.hibernate.type.BigIntegerType@5ac6c4f2
19:40:31.439 [main] DEBUG org.hibernate.type.BasicTypeRegistry - Adding type registration java.math.BigInteger -> org.hibernate.type.BigIntegerType@5ac6c4f2
19:40:31.439 [main] DEBUG org.hibernate.type.BasicTypeRegistry - Adding type registration string -> org.hibernate.type.StringType@78525ef9
19:40:31.439 [main] DEBUG org.hibernate.type.BasicTypeRegistry - Adding type registration java.lang.String -> org.hibernate.type.StringType@78525ef9
19:40:31.439 [main] DEBUG org.hibernate.type.BasicTypeRegistry - Adding type registration nstring -> org.hibernate.type.StringNVarcharType@350a94ce
19:40:31.439 [main] DEBUG org.hibernate.type.BasicTypeRegistry - Adding type registration ncharacter -> org.hibernate.type.CharacterNCharType@5fbdc49b
19:40:31.439 [main] DEBUG org.hibernate.type.BasicTypeRegistry - Adding type registration url -> org.hibernate.type.UrlType@285f38f6
19:40:31.439 [main] DEBUG org.hibernate.type.BasicTypeRegistry - Adding type registration java.net.URL -> org.hibernate.type.UrlType@285f38f6
19:40:31.439 [main] DEBUG org.hibernate.type.BasicTypeRegistry - Adding type registration date -> org.hibernate.type.DateType@21ac5eb4
19:40:31.439 [main] DEBUG org.hibernate.type.BasicTypeRegistry - Adding type registration java.sql.Date -> org.hibernate.type.DateType@21ac5eb4
19:40:31.439 [main] DEBUG org.hibernate.type.BasicTypeRegistry - Adding type registration time -> org.hibernate.type.TimeType@1d540566
19:40:31.439 [main] DEBUG org.hibernate.type.BasicTypeRegistry - Adding type registration java.sql.Time -> org.hibernate.type.TimeType@1d540566
19:40:31.439 [main] DEBUG org.hibernate.type.BasicTypeRegistry - Adding type registration timestamp -> org.hibernate.type.TimestampType@5c1f6d57
19:40:31.439 [main] DEBUG org.hibernate.type.BasicTypeRegistry - Adding type registration java.sql.Timestamp -> org.hibernate.type.TimestampType@5c1f6d57
19:40:31.439 [main] DEBUG org.hibernate.type.BasicTypeRegistry - Adding type registration java.util.Date -> org.hibernate.type.TimestampType@5c1f6d57
19:40:31.439 [main] DEBUG org.hibernate.type.BasicTypeRegistry - Adding type registration dbtimestamp -> org.hibernate.type.DbTimestampType@5cb5bb88
19:40:31.439 [main] DEBUG org.hibernate.type.BasicTypeRegistry - Adding type registration calendar -> org.hibernate.type.CalendarType@20e3c449
19:40:31.439 [main] DEBUG org.hibernate.type.BasicTypeRegistry - Adding type registration java.util.Calendar -> org.hibernate.type.CalendarType@20e3c449
19:40:31.439 [main] DEBUG org.hibernate.type.BasicTypeRegistry - Adding type registration java.util.GregorianCalendar -> org.hibernate.type.CalendarType@20e3c449
19:40:31.439 [main] DEBUG org.hibernate.type.BasicTypeRegistry - Adding type registration calendar_date -> org.hibernate.type.CalendarDateType@2dd8239
19:40:31.439 [main] DEBUG org.hibernate.type.BasicTypeRegistry - Adding type registration locale -> org.hibernate.type.LocaleType@3f92a84e
19:40:31.439 [main] DEBUG org.hibernate.type.BasicTypeRegistry - Adding type registration java.util.Locale -> org.hibernate.type.LocaleType@3f92a84e
19:40:31.439 [main] DEBUG org.hibernate.type.BasicTypeRegistry - Adding type registration currency -> org.hibernate.type.CurrencyType@5fcfca62
19:40:31.440 [main] DEBUG org.hibernate.type.BasicTypeRegistry - Adding type registration java.util.Currency -> org.hibernate.type.CurrencyType@5fcfca62
19:40:31.440 [main] DEBUG org.hibernate.type.BasicTypeRegistry - Adding type registration timezone -> org.hibernate.type.TimeZoneType@5b051a5c
19:40:31.440 [main] DEBUG org.hibernate.type.BasicTypeRegistry - Adding type registration java.util.TimeZone -> org.hibernate.type.TimeZoneType@5b051a5c
19:40:31.440 [main] DEBUG org.hibernate.type.BasicTypeRegistry - Adding type registration class -> org.hibernate.type.ClassType@10641c09
19:40:31.440 [main] DEBUG org.hibernate.type.BasicTypeRegistry - Adding type registration java.lang.Class -> org.hibernate.type.ClassType@10641c09
19:40:31.440 [main] DEBUG org.hibernate.type.BasicTypeRegistry - Adding type registration uuid-binary -> org.hibernate.type.UUIDBinaryType@12968227
19:40:31.440 [main] DEBUG org.hibernate.type.BasicTypeRegistry - Adding type registration java.util.UUID -> org.hibernate.type.UUIDBinaryType@12968227
19:40:31.440 [main] DEBUG org.hibernate.type.BasicTypeRegistry - Adding type registration uuid-char -> org.hibernate.type.UUIDCharType@48eb9836
19:40:31.440 [main] DEBUG org.hibernate.type.BasicTypeRegistry - Adding type registration binary -> org.hibernate.type.BinaryType@9e2ad91
19:40:31.440 [main] DEBUG org.hibernate.type.BasicTypeRegistry - Adding type registration byte[] -> org.hibernate.type.BinaryType@9e2ad91
19:40:31.440 [main] DEBUG org.hibernate.type.BasicTypeRegistry - Adding type registration [B -> org.hibernate.type.BinaryType@9e2ad91
19:40:31.440 [main] DEBUG org.hibernate.type.BasicTypeRegistry - Adding type registration wrapper-binary -> org.hibernate.type.WrapperBinaryType@74dbb1ee
19:40:31.440 [main] DEBUG org.hibernate.type.BasicTypeRegistry - Adding type registration Byte[] -> org.hibernate.type.WrapperBinaryType@74dbb1ee
19:40:31.440 [main] DEBUG org.hibernate.type.BasicTypeRegistry - Adding type registration [Ljava.lang.Byte; -> org.hibernate.type.WrapperBinaryType@74dbb1ee
19:40:31.440 [main] DEBUG org.hibernate.type.BasicTypeRegistry - Adding type registration row_version -> org.hibernate.type.RowVersionType@618ad2aa
19:40:31.440 [main] DEBUG org.hibernate.type.BasicTypeRegistry - Adding type registration image -> org.hibernate.type.ImageType@59e43e8c
19:40:31.440 [main] DEBUG org.hibernate.type.BasicTypeRegistry - Adding type registration characters -> org.hibernate.type.CharArrayType@3f049056
19:40:31.440 [main] DEBUG org.hibernate.type.BasicTypeRegistry - Adding type registration char[] -> org.hibernate.type.CharArrayType@3f049056
19:40:31.440 [main] DEBUG org.hibernate.type.BasicTypeRegistry - Adding type registration [C -> org.hibernate.type.CharArrayType@3f049056
19:40:31.440 [main] DEBUG org.hibernate.type.BasicTypeRegistry - Adding type registration wrapper-characters -> org.hibernate.type.CharacterArrayType@4c2fb9dd
19:40:31.440 [main] DEBUG org.hibernate.type.BasicTypeRegistry - Adding type registration [Ljava.lang.Character; -> org.hibernate.type.CharacterArrayType@4c2fb9dd
19:40:31.440 [main] DEBUG org.hibernate.type.BasicTypeRegistry - Adding type registration Character[] -> org.hibernate.type.CharacterArrayType@4c2fb9dd
19:40:31.440 [main] DEBUG org.hibernate.type.BasicTypeRegistry - Adding type registration text -> org.hibernate.type.TextType@41522537
19:40:31.440 [main] DEBUG org.hibernate.type.BasicTypeRegistry - Adding type registration ntext -> org.hibernate.type.NTextType@42c28305
19:40:31.440 [main] DEBUG org.hibernate.type.BasicTypeRegistry - Adding type registration blob -> org.hibernate.type.BlobType@ef1695a
19:40:31.440 [main] DEBUG org.hibernate.type.BasicTypeRegistry - Adding type registration java.sql.Blob -> org.hibernate.type.BlobType@ef1695a
19:40:31.440 [main] DEBUG org.hibernate.type.BasicTypeRegistry - Adding type registration materialized_blob -> org.hibernate.type.MaterializedBlobType@7139bd31
19:40:31.440 [main] DEBUG org.hibernate.type.BasicTypeRegistry - Adding type registration clob -> org.hibernate.type.ClobType@75361cf6
19:40:31.440 [main] DEBUG org.hibernate.type.BasicTypeRegistry - Adding type registration java.sql.Clob -> org.hibernate.type.ClobType@75361cf6
19:40:31.440 [main] DEBUG org.hibernate.type.BasicTypeRegistry - Adding type registration nclob -> org.hibernate.type.NClobType@102efc59
19:40:31.440 [main] DEBUG org.hibernate.type.BasicTypeRegistry - Adding type registration java.sql.NClob -> org.hibernate.type.NClobType@102efc59
19:40:31.440 [main] DEBUG org.hibernate.type.BasicTypeRegistry - Adding type registration materialized_clob -> org.hibernate.type.MaterializedClobType@75fa1be3
19:40:31.440 [main] DEBUG org.hibernate.type.BasicTypeRegistry - Adding type registration materialized_nclob -> org.hibernate.type.MaterializedNClobType@3ce53f6a
19:40:31.440 [main] DEBUG org.hibernate.type.BasicTypeRegistry - Adding type registration serializable -> org.hibernate.type.SerializableType@1daf3b44
19:40:31.440 [main] DEBUG org.hibernate.type.BasicTypeRegistry - Adding type registration object -> org.hibernate.type.ObjectType@4cb40e3b
19:40:31.440 [main] DEBUG org.hibernate.type.BasicTypeRegistry - Adding type registration java.lang.Object -> org.hibernate.type.ObjectType@4cb40e3b
19:40:31.440 [main] DEBUG org.hibernate.type.BasicTypeRegistry - Adding type registration imm_date -> org.hibernate.type.AdaptedImmutableType@6282f1eb
19:40:31.440 [main] DEBUG org.hibernate.type.BasicTypeRegistry - Adding type registration imm_time -> org.hibernate.type.AdaptedImmutableType@120d6cbf
19:40:31.440 [main] DEBUG org.hibernate.type.BasicTypeRegistry - Adding type registration imm_timestamp -> org.hibernate.type.AdaptedImmutableType@70169464
19:40:31.440 [main] DEBUG org.hibernate.type.BasicTypeRegistry - Adding type registration imm_dbtimestamp -> org.hibernate.type.AdaptedImmutableType@1115be8c
19:40:31.440 [main] DEBUG org.hibernate.type.BasicTypeRegistry - Adding type registration imm_calendar -> org.hibernate.type.AdaptedImmutableType@64ed18ec
19:40:31.440 [main] DEBUG org.hibernate.type.BasicTypeRegistry - Adding type registration imm_calendar_date -> org.hibernate.type.AdaptedImmutableType@1dfcf85a
19:40:31.440 [main] DEBUG org.hibernate.type.BasicTypeRegistry - Adding type registration imm_binary -> org.hibernate.type.AdaptedImmutableType@590dea35
19:40:31.440 [main] DEBUG org.hibernate.type.BasicTypeRegistry - Adding type registration imm_serializable -> org.hibernate.type.AdaptedImmutableType@6550ce46
19:40:31.440 [main] DEBUG org.springframework.jdbc.datasource.DriverManagerDataSource - Creating new JDBC DriverManager Connection to [jdbc:hsqldb:hsql://localhost/workdb]
19:40:31.441 [main] WARN org.hibernate.engine.jdbc.env.internal.JdbcEnvironmentInitiator - HHH000342: Could not obtain connection to query metadata : java.net.ConnectException: Połączenie odrzucone (Connection refused)
19:40:31.441 [main] INFO org.hibernate.dialect.Dialect - HHH000400: Using dialect: org.hibernate.dialect.HSQLDialect
19:40:31.441 [main] DEBUG org.hibernate.engine.jdbc.env.spi.IdentifierHelperBuilder - IdentifierCaseStrategy for both quoted and unquoted identifiers was set to the same strategy [MIXED]; that will likely lead to problems in schema update and validation if using quoted identifiers
19:40:31.441 [main] INFO org.hibernate.engine.jdbc.env.internal.LobCreatorBuilderImpl - HHH000422: Disabling contextual LOB creation as connection was null
19:40:31.441 [main] DEBUG org.hibernate.id.factory.internal.DefaultIdentifierGeneratorFactory - Registering IdentifierGenerator strategy [uuid2] -> [org.hibernate.id.UUIDGenerator]
19:40:31.441 [main] DEBUG org.hibernate.id.factory.internal.DefaultIdentifierGeneratorFactory - Registering IdentifierGenerator strategy [guid] -> [org.hibernate.id.GUIDGenerator]
19:40:31.441 [main] DEBUG org.hibernate.id.factory.internal.DefaultIdentifierGeneratorFactory - Registering IdentifierGenerator strategy [uuid] -> [org.hibernate.id.UUIDHexGenerator]
19:40:31.442 [main] DEBUG org.hibernate.id.factory.internal.DefaultIdentifierGeneratorFactory - Registering IdentifierGenerator strategy [uuid.hex] -> [org.hibernate.id.UUIDHexGenerator]
19:40:31.442 [main] DEBUG org.hibernate.id.factory.internal.DefaultIdentifierGeneratorFactory - Registering IdentifierGenerator strategy [assigned] -> [org.hibernate.id.Assigned]
19:40:31.442 [main] DEBUG org.hibernate.id.factory.internal.DefaultIdentifierGeneratorFactory - Registering IdentifierGenerator strategy [identity] -> [org.hibernate.id.IdentityGenerator]
19:40:31.442 [main] DEBUG org.hibernate.id.factory.internal.DefaultIdentifierGeneratorFactory - Registering IdentifierGenerator strategy [select] -> [org.hibernate.id.SelectGenerator]
19:40:31.442 [main] DEBUG org.hibernate.id.factory.internal.DefaultIdentifierGeneratorFactory - Registering IdentifierGenerator strategy [sequence] -> [org.hibernate.id.enhanced.SequenceStyleGenerator]
19:40:31.442 [main] DEBUG org.hibernate.id.factory.internal.DefaultIdentifierGeneratorFactory - Registering IdentifierGenerator strategy [seqhilo] -> [org.hibernate.id.SequenceHiLoGenerator]
19:40:31.442 [main] DEBUG org.hibernate.id.factory.internal.DefaultIdentifierGeneratorFactory - Registering IdentifierGenerator strategy [increment] -> [org.hibernate.id.IncrementGenerator]
19:40:31.442 [main] DEBUG org.hibernate.id.factory.internal.DefaultIdentifierGeneratorFactory - Registering IdentifierGenerator strategy [foreign] -> [org.hibernate.id.ForeignGenerator]
19:40:31.442 [main] DEBUG org.hibernate.id.factory.internal.DefaultIdentifierGeneratorFactory - Registering IdentifierGenerator strategy [sequence-identity] -> [org.hibernate.id.SequenceIdentityGenerator]
19:40:31.442 [main] DEBUG org.hibernate.id.factory.internal.DefaultIdentifierGeneratorFactory - Registering IdentifierGenerator strategy [enhanced-sequence] -> [org.hibernate.id.enhanced.SequenceStyleGenerator]
19:40:31.442 [main] DEBUG org.hibernate.id.factory.internal.DefaultIdentifierGeneratorFactory - Registering IdentifierGenerator strategy [enhanced-table] -> [org.hibernate.id.enhanced.TableGenerator]
19:40:31.442 [main] DEBUG org.hibernate.boot.model.relational.Namespace - Created database namespace [logicalName=Name{catalog=null, schema=null}, physicalName=Name{catalog=null, schema=null}]
19:40:31.443 [main] DEBUG org.hibernate.cfg.AnnotationBinder - Binding entity from annotated class: tau.mmo.domain.Item
19:40:31.443 [main] DEBUG org.hibernate.cfg.annotations.QueryBinder - Binding named query: item.all => Select p from Item p
19:40:31.443 [main] DEBUG org.hibernate.cfg.annotations.QueryBinder - Binding named query: item.allForPlayer => Select p from Item p where player_id = :id
19:40:31.443 [main] DEBUG org.hibernate.cfg.Ejb3Column - Binding column: Ejb3DiscriminatorColumn{logicalColumnName'DTYPE', discriminatorTypeName='string'}
19:40:31.443 [main] DEBUG org.hibernate.cfg.annotations.EntityBinder - Import with entity name Item
19:40:31.443 [main] DEBUG org.hibernate.cfg.annotations.EntityBinder - Bind entity tau.mmo.domain.Item on table item
19:40:31.443 [main] DEBUG org.hibernate.cfg.Ejb3Column - Binding column: Ejb3Column{table=org.hibernate.mapping.Table(item), mappingColumn=id, insertable=true, updatable=true, unique=false}
19:40:31.443 [main] DEBUG org.hibernate.cfg.annotations.PropertyBinder - MetadataSourceProcessor property id with lazy=false
19:40:31.443 [main] DEBUG org.hibernate.cfg.AbstractPropertyHolder - Attempting to locate auto-apply AttributeConverter for property [tau.mmo.domain.Item:id]
19:40:31.443 [main] DEBUG org.hibernate.cfg.annotations.SimpleValueBinder - building SimpleValue for id
19:40:31.443 [main] DEBUG org.hibernate.cfg.annotations.PropertyBinder - Building property id
19:40:31.443 [main] DEBUG org.hibernate.cfg.Ejb3Column - Binding column: Ejb3Column{table=org.hibernate.mapping.Table(item), mappingColumn=itemclass, insertable=true, updatable=true, unique=false}
19:40:31.444 [main] DEBUG org.hibernate.cfg.annotations.PropertyBinder - MetadataSourceProcessor property itemclass with lazy=false
19:40:31.444 [main] DEBUG org.hibernate.cfg.AbstractPropertyHolder - Attempting to locate auto-apply AttributeConverter for property [tau.mmo.domain.Item:itemclass]
19:40:31.444 [main] DEBUG org.hibernate.cfg.annotations.SimpleValueBinder - building SimpleValue for itemclass
19:40:31.444 [main] DEBUG org.hibernate.cfg.annotations.PropertyBinder - Building property itemclass
19:40:31.444 [main] DEBUG org.hibernate.cfg.Ejb3Column - Binding column: Ejb3Column{table=org.hibernate.mapping.Table(item), mappingColumn=levelreq, insertable=true, updatable=true, unique=false}
19:40:31.444 [main] DEBUG org.hibernate.cfg.annotations.PropertyBinder - MetadataSourceProcessor property levelreq with lazy=false
19:40:31.444 [main] DEBUG org.hibernate.cfg.AbstractPropertyHolder - Attempting to locate auto-apply AttributeConverter for property [tau.mmo.domain.Item:levelreq]
19:40:31.444 [main] DEBUG org.hibernate.cfg.annotations.SimpleValueBinder - building SimpleValue for levelreq
19:40:31.444 [main] DEBUG org.hibernate.cfg.annotations.PropertyBinder - Building property levelreq
19:40:31.444 [main] DEBUG org.hibernate.cfg.Ejb3Column - Binding column: Ejb3Column{table=org.hibernate.mapping.Table(item), mappingColumn=name, insertable=true, updatable=true, unique=false}
19:40:31.444 [main] DEBUG org.hibernate.cfg.annotations.PropertyBinder - MetadataSourceProcessor property name with lazy=false
19:40:31.444 [main] DEBUG org.hibernate.cfg.AbstractPropertyHolder - Attempting to locate auto-apply AttributeConverter for property [tau.mmo.domain.Item:name]
19:40:31.444 [main] DEBUG org.hibernate.cfg.annotations.SimpleValueBinder - building SimpleValue for name
19:40:31.444 [main] DEBUG org.hibernate.cfg.annotations.PropertyBinder - Building property name
19:40:31.444 [main] DEBUG org.hibernate.cfg.Ejb3Column - Binding column: Ejb3JoinColumn{logicalColumnName='player_id', referencedColumn='', mappedBy=''}
19:40:31.444 [main] DEBUG org.hibernate.cfg.Ejb3Column - Binding column: Ejb3Column{table=org.hibernate.mapping.Table(item), mappingColumn=player, insertable=true, updatable=true, unique=false}
19:40:31.444 [main] DEBUG org.hibernate.cfg.annotations.PropertyBinder - Building property player
19:40:31.444 [main] DEBUG org.hibernate.cfg.AnnotationBinder - Binding entity from annotated class: tau.mmo.domain.Player
19:40:31.444 [main] DEBUG org.hibernate.cfg.annotations.QueryBinder - Binding named query: player.all => Select p from Player p
19:40:31.444 [main] DEBUG org.hibernate.cfg.annotations.QueryBinder - Binding named query: player.findPlayers => Select c from Player c where c.name like :nameFragment
19:40:31.444 [main] DEBUG org.hibernate.cfg.Ejb3Column - Binding column: Ejb3DiscriminatorColumn{logicalColumnName'DTYPE', discriminatorTypeName='string'}
19:40:31.444 [main] DEBUG org.hibernate.cfg.annotations.EntityBinder - Import with entity name Player
19:40:31.444 [main] DEBUG org.hibernate.cfg.annotations.EntityBinder - Bind entity tau.mmo.domain.Player on table player
19:40:31.445 [main] DEBUG org.hibernate.cfg.Ejb3Column - Binding column: Ejb3Column{table=org.hibernate.mapping.Table(player), mappingColumn=id, insertable=true, updatable=true, unique=false}
19:40:31.445 [main] DEBUG org.hibernate.cfg.annotations.PropertyBinder - MetadataSourceProcessor property id with lazy=false
19:40:31.445 [main] DEBUG org.hibernate.cfg.AbstractPropertyHolder - Attempting to locate auto-apply AttributeConverter for property [tau.mmo.domain.Player:id]
19:40:31.445 [main] DEBUG org.hibernate.cfg.annotations.SimpleValueBinder - building SimpleValue for id
19:40:31.445 [main] DEBUG org.hibernate.cfg.annotations.PropertyBinder - Building property id
19:40:31.445 [main] DEBUG org.hibernate.cfg.Ejb3Column - Binding column: Ejb3Column{table=org.hibernate.mapping.Table(player), mappingColumn=heroclass, insertable=true, updatable=true, unique=false}
19:40:31.445 [main] DEBUG org.hibernate.cfg.annotations.PropertyBinder - MetadataSourceProcessor property heroclass with lazy=false
19:40:31.445 [main] DEBUG org.hibernate.cfg.AbstractPropertyHolder - Attempting to locate auto-apply AttributeConverter for property [tau.mmo.domain.Player:heroclass]
19:40:31.445 [main] DEBUG org.hibernate.cfg.annotations.SimpleValueBinder - building SimpleValue for heroclass
19:40:31.445 [main] DEBUG org.hibernate.cfg.annotations.PropertyBinder - Building property heroclass
19:40:31.445 [main] DEBUG org.hibernate.cfg.Ejb3Column - Binding column: Ejb3JoinColumn{logicalColumnName='null', referencedColumn='null', mappedBy='player'}
19:40:31.445 [main] DEBUG org.hibernate.cfg.Ejb3Column - Binding column: Ejb3Column{table=org.hibernate.mapping.Table(player), mappingColumn=items, insertable=true, updatable=true, unique=false}
19:40:31.445 [main] DEBUG org.hibernate.cfg.Ejb3Column - Binding column: Ejb3Column{table=org.hibernate.mapping.Table(player), mappingColumn=null, insertable=true, updatable=true, unique=false}
19:40:31.445 [main] DEBUG org.hibernate.cfg.Ejb3Column - Binding column: Ejb3Column{table=org.hibernate.mapping.Table(player), mappingColumn=element, insertable=true, updatable=true, unique=false}
19:40:31.445 [main] DEBUG org.hibernate.cfg.Ejb3Column - Binding column: Ejb3Column{table=org.hibernate.mapping.Table(player), mappingColumn=items_KEY, insertable=true, updatable=true, unique=false}
19:40:31.445 [main] DEBUG org.hibernate.cfg.Ejb3Column - Binding column: Ejb3JoinColumn{logicalColumnName='items_KEY', referencedColumn='null', mappedBy='null'}
19:40:31.446 [main] DEBUG org.hibernate.cfg.Ejb3Column - Binding column: Ejb3JoinColumn{logicalColumnName='null', referencedColumn='null', mappedBy='player'}
19:40:31.446 [main] DEBUG org.hibernate.cfg.Ejb3Column - Binding column: Ejb3JoinColumn{logicalColumnName='null', referencedColumn='null', mappedBy='player'}
19:40:31.446 [main] DEBUG org.hibernate.cfg.annotations.CollectionBinder - Collection role: tau.mmo.domain.Player.items
19:40:31.446 [main] DEBUG org.hibernate.cfg.annotations.PropertyBinder - Building property items
19:40:31.446 [main] DEBUG org.hibernate.cfg.Ejb3Column - Binding column: Ejb3Column{table=org.hibernate.mapping.Table(player), mappingColumn=level, insertable=true, updatable=true, unique=false}
19:40:31.446 [main] DEBUG org.hibernate.cfg.annotations.PropertyBinder - MetadataSourceProcessor property level with lazy=false
19:40:31.446 [main] DEBUG org.hibernate.cfg.AbstractPropertyHolder - Attempting to locate auto-apply AttributeConverter for property [tau.mmo.domain.Player:level]
19:40:31.446 [main] DEBUG org.hibernate.cfg.annotations.SimpleValueBinder - building SimpleValue for level
19:40:31.446 [main] DEBUG org.hibernate.cfg.annotations.PropertyBinder - Building property level
19:40:31.446 [main] DEBUG org.hibernate.cfg.Ejb3Column - Binding column: Ejb3Column{table=org.hibernate.mapping.Table(player), mappingColumn=name, insertable=true, updatable=true, unique=false}
19:40:31.446 [main] DEBUG org.hibernate.cfg.annotations.PropertyBinder - MetadataSourceProcessor property name with lazy=false
19:40:31.446 [main] DEBUG org.hibernate.cfg.AbstractPropertyHolder - Attempting to locate auto-apply AttributeConverter for property [tau.mmo.domain.Player:name]
19:40:31.446 [main] DEBUG org.hibernate.cfg.annotations.SimpleValueBinder - building SimpleValue for name
19:40:31.446 [main] DEBUG org.hibernate.cfg.annotations.PropertyBinder - Building property name
19:40:31.446 [main] DEBUG org.hibernate.cfg.annotations.SimpleValueBinder - Starting fillSimpleValue for id
19:40:31.446 [main] DEBUG org.hibernate.cfg.annotations.SimpleValueBinder - Starting fillSimpleValue for itemclass
19:40:31.446 [main] DEBUG org.hibernate.cfg.annotations.SimpleValueBinder - Starting fillSimpleValue for levelreq
19:40:31.446 [main] DEBUG org.hibernate.cfg.annotations.SimpleValueBinder - Starting fillSimpleValue for name
19:40:31.446 [main] DEBUG org.hibernate.cfg.annotations.SimpleValueBinder - Starting fillSimpleValue for id
19:40:31.446 [main] DEBUG org.hibernate.cfg.annotations.SimpleValueBinder - Starting fillSimpleValue for heroclass
19:40:31.446 [main] DEBUG org.hibernate.cfg.annotations.SimpleValueBinder - Starting fillSimpleValue for level
19:40:31.446 [main] DEBUG org.hibernate.cfg.annotations.SimpleValueBinder - Starting fillSimpleValue for name
19:40:31.446 [main] DEBUG org.hibernate.mapping.PrimaryKey - Forcing column [id] to be non-null as it is part of the primary key for table [item]
19:40:31.446 [main] DEBUG org.hibernate.mapping.PrimaryKey - Forcing column [id] to be non-null as it is part of the primary key for table [player]
19:40:31.446 [main] DEBUG org.hibernate.cfg.CollectionSecondPass - Second pass for collection: tau.mmo.domain.Player.items
19:40:31.446 [main] DEBUG org.hibernate.cfg.annotations.CollectionBinder - Binding a OneToMany: tau.mmo.domain.Player.items through a foreign key
19:40:31.446 [main] DEBUG org.hibernate.cfg.annotations.CollectionBinder - Mapping collection: tau.mmo.domain.Player.items -> item
19:40:31.446 [main] DEBUG org.hibernate.cfg.annotations.TableBinder - Retrieving property tau.mmo.domain.Item.player
19:40:31.447 [main] DEBUG org.hibernate.cfg.CollectionSecondPass - Mapped collection key: player_id, one-to-many: tau.mmo.domain.Item
19:40:31.447 [main] DEBUG org.hibernate.boot.internal.InFlightMetadataCollectorImpl - Resolving reference to class: tau.mmo.domain.Player
19:40:31.447 [main] DEBUG org.hibernate.boot.internal.InFlightMetadataCollectorImpl - Resolving reference to class: tau.mmo.domain.Player
19:40:31.447 [main] DEBUG org.hibernate.internal.SessionFactoryImpl - Building session factory
19:40:31.448 [main] DEBUG org.hibernate.cfg.Settings - SessionFactory name : null
19:40:31.448 [main] DEBUG org.hibernate.cfg.Settings - Automatic flush during beforeCompletion(): disabled
19:40:31.448 [main] DEBUG org.hibernate.cfg.Settings - Automatic session close at end of transaction: disabled
19:40:31.448 [main] DEBUG org.hibernate.cfg.Settings - Statistics: disabled
19:40:31.448 [main] DEBUG org.hibernate.cfg.Settings - Deleted entity synthetic identifier rollback: disabled
19:40:31.448 [main] DEBUG org.hibernate.cfg.Settings - Default entity-mode: pojo
19:40:31.448 [main] DEBUG org.hibernate.cfg.Settings - Check Nullability in Core (should be disabled when Bean Validation is on): enabled
19:40:31.448 [main] DEBUG org.hibernate.cfg.Settings - Allow initialization of lazy state outside session : disabled
19:40:31.448 [main] DEBUG org.hibernate.cfg.Settings - Using BatchFetchStyle : LEGACY
19:40:31.448 [main] DEBUG org.hibernate.cfg.Settings - Default batch fetch size: -1
19:40:31.448 [main] DEBUG org.hibernate.cfg.Settings - Maximum outer join fetch depth: null
19:40:31.448 [main] DEBUG org.hibernate.cfg.Settings - Default null ordering: NONE
19:40:31.448 [main] DEBUG org.hibernate.cfg.Settings - Order SQL updates by primary key: disabled
19:40:31.448 [main] DEBUG org.hibernate.cfg.Settings - Order SQL inserts for batching: disabled
19:40:31.448 [main] DEBUG org.hibernate.cfg.Settings - multi-tenancy strategy : NONE
19:40:31.448 [main] DEBUG org.hibernate.cfg.Settings - JTA Track by Thread: enabled
19:40:31.448 [main] DEBUG org.hibernate.cfg.Settings - Query language substitutions: {}
19:40:31.448 [main] DEBUG org.hibernate.cfg.Settings - JPA query language strict compliance: disabled
19:40:31.448 [main] DEBUG org.hibernate.cfg.Settings - Named query checking : enabled
19:40:31.448 [main] DEBUG org.hibernate.cfg.Settings - Second-level cache: enabled
19:40:31.448 [main] DEBUG org.hibernate.cfg.Settings - Second-level query cache: disabled
19:40:31.448 [main] DEBUG org.hibernate.cfg.Settings - Second-level query cache factory: org.hibernate.cache.internal.StandardQueryCacheFactory@2da16263
19:40:31.448 [main] DEBUG org.hibernate.cfg.Settings - Second-level cache region prefix: null
19:40:31.448 [main] DEBUG org.hibernate.cfg.Settings - Optimize second-level cache for minimal puts: disabled
19:40:31.448 [main] DEBUG org.hibernate.cfg.Settings - Structured second-level cache entries: disabled
19:40:31.448 [main] DEBUG org.hibernate.cfg.Settings - Second-level cache direct-reference entries: disabled
19:40:31.448 [main] DEBUG org.hibernate.cfg.Settings - Automatic eviction of collection cache: disabled
19:40:31.448 [main] DEBUG org.hibernate.cfg.Settings - JDBC batch size: 0
19:40:31.448 [main] DEBUG org.hibernate.cfg.Settings - JDBC batch updates for versioned data: enabled
19:40:31.448 [main] DEBUG org.hibernate.cfg.Settings - Scrollable result sets: disabled
19:40:31.448 [main] DEBUG org.hibernate.cfg.Settings - Wrap result sets: disabled
19:40:31.448 [main] DEBUG org.hibernate.cfg.Settings - JDBC3 getGeneratedKeys(): disabled
19:40:31.448 [main] DEBUG org.hibernate.cfg.Settings - JDBC result set fetch size: null
19:40:31.448 [main] DEBUG org.hibernate.cfg.Settings - Connection release mode: ON_CLOSE
19:40:31.448 [main] DEBUG org.hibernate.cfg.Settings - Generate SQL with comments: disabled
19:40:31.448 [main] DEBUG org.hibernate.internal.SessionFactoryImpl - Session factory constructed with filter configurations : {}
19:40:31.448 [main] DEBUG org.hibernate.internal.SessionFactoryImpl - Instantiating session factory with properties: {awt.toolkit=sun.awt.X11.XToolkit, java.specification.version=11, sun.cpu.isalist=, sun.jnu.encoding=UTF-8, hibernate.connection.release_mode=ON_CLOSE, sun.arch.data.model=64, java.vendor.url=http://java.oracle.com/, sun.boot.library.path=/usr/lib/jvm/java-11-openjdk-amd64/lib, sun.java.command=/home/whitewolf/tau/TAU-repozytorium/tau-mmo-jmeter/target/surefire/surefirebooter3068630985977223282.jar /home/whitewolf/tau/TAU-repozytorium/tau-mmo-jmeter/target/surefire 2019-05-27T19-40-27_728-jvmRun1 surefire9941762728851701862tmp surefire_013181237219562226252tmp, jdk.debug=release, java.specification.vendor=Oracle Corporation, java.version.date=2019-04-16, java.home=/usr/lib/jvm/java-11-openjdk-amd64, file.separator=/, basedir=/home/whitewolf/tau/TAU-repozytorium/tau-mmo-jmeter, java.vm.compressedOopsMode=Zero based, line.separator=
, java.specification.name=Java Platform API Specification, java.vm.specification.vendor=Oracle Corporation, hibernate.hbm2ddl.auto=update, sun.management.compiler=HotSpot 64-Bit Tiered Compilers, java.runtime.version=11.0.3+7-Ubuntu-1ubuntu218.04.1, user.name=whitewolf, file.encoding=UTF-8, hibernate.classLoaders=[jdk.internal.loader.ClassLoaders$AppClassLoader@1affbebc], hibernate.current_session_context_class=org.springframework.orm.hibernate5.SpringSessionContext, localRepository=/home/whitewolf/.m2/repository, java.io.tmpdir=/tmp, java.version=11.0.3, java.vm.specification.name=Java Virtual Machine Specification, java.awt.printerjob=sun.print.PSPrinterJob, sun.os.patch.level=unknown, java.library.path=/usr/java/packages/lib:/usr/lib/x86_64-linux-gnu/jni:/lib/x86_64-linux-gnu:/usr/lib/x86_64-linux-gnu:/usr/lib/jni:/lib:/usr/lib, java.vendor=Oracle Corporation, sun.io.unicode.encoding=UnicodeLittle, sun.desktop=gnome, hibernate.dialect=org.hibernate.dialect.HSQLDialect, java.class.path=/home/whitewolf/tau/TAU-repozytorium/tau-mmo-jmeter/target/test-classes:/home/whitewolf/tau/TAU-repozytorium/tau-mmo-jmeter/target/classes:/home/whitewolf/.m2/repository/org/springframework/boot/spring-boot-starter-web/2.1.4.RELEASE/spring-boot-starter-web-2.1.4.RELEASE.jar:/home/whitewolf/.m2/repository/org/springframework/boot/spring-boot-starter/2.1.4.RELEASE/spring-boot-starter-2.1.4.RELEASE.jar:/home/whitewolf/.m2/repository/org/springframework/boot/spring-boot/2.1.4.RELEASE/spring-boot-2.1.4.RELEASE.jar:/home/whitewolf/.m2/repository/org/springframework/boot/spring-boot-autoconfigure/2.1.4.RELEASE/spring-boot-autoconfigure-2.1.4.RELEASE.jar:/home/whitewolf/.m2/repository/org/springframework/boot/spring-boot-starter-logging/2.1.4.RELEASE/spring-boot-starter-logging-2.1.4.RELEASE.jar:/home/whitewolf/.m2/repository/ch/qos/logback/logback-classic/1.2.3/logback-classic-1.2.3.jar:/home/whitewolf/.m2/repository/ch/qos/logback/logback-core/1.2.3/logback-core-1.2.3.jar:/home/whitewolf/.m2/repository/org/apache/logging/log4j/log4j-to-slf4j/2.11.2/log4j-to-slf4j-2.11.2.jar:/home/whitewolf/.m2/repository/org/apache/logging/log4j/log4j-api/2.11.2/log4j-api-2.11.2.jar:/home/whitewolf/.m2/repository/org/slf4j/jul-to-slf4j/1.7.26/jul-to-slf4j-1.7.26.jar:/home/whitewolf/.m2/repository/org/yaml/snakeyaml/1.23/snakeyaml-1.23.jar:/home/whitewolf/.m2/repository/org/springframework/boot/spring-boot-starter-json/2.1.4.RELEASE/spring-boot-starter-json-2.1.4.RELEASE.jar:/home/whitewolf/.m2/repository/com/fasterxml/jackson/core/jackson-databind/2.9.8/jackson-databind-2.9.8.jar:/home/whitewolf/.m2/repository/com/fasterxml/jackson/core/jackson-annotations/2.9.0/jackson-annotations-2.9.0.jar:/home/whitewolf/.m2/repository/com/fasterxml/jackson/core/jackson-core/2.9.8/jackson-core-2.9.8.jar:/home/whitewolf/.m2/repository/com/fasterxml/jackson/datatype/jackson-datatype-jdk8/2.9.8/jackson-datatype-jdk8-2.9.8.jar:/home/whitewolf/.m2/repository/com/fasterxml/jackson/datatype/jackson-datatype-jsr310/2.9.8/jackson-datatype-jsr310-2.9.8.jar:/home/whitewolf/.m2/repository/com/fasterxml/jackson/module/jackson-module-parameter-names/2.9.8/jackson-module-parameter-names-2.9.8.jar:/home/whitewolf/.m2/repository/org/hibernate/validator/hibernate-validator/6.0.16.Final/hibernate-validator-6.0.16.Final.jar:/home/whitewolf/.m2/repository/javax/validation/validation-api/2.0.1.Final/validation-api-2.0.1.Final.jar:/home/whitewolf/.m2/repository/org/springframework/spring-web/5.1.6.RELEASE/spring-web-5.1.6.RELEASE.jar:/home/whitewolf/.m2/repository/org/springframework/spring-webmvc/5.1.6.RELEASE/spring-webmvc-5.1.6.RELEASE.jar:/home/whitewolf/.m2/repository/org/springframework/spring-aop/5.1.6.RELEASE/spring-aop-5.1.6.RELEASE.jar:/home/whitewolf/.m2/repository/org/springframework/spring-context/5.1.6.RELEASE/spring-context-5.1.6.RELEASE.jar:/home/whitewolf/.m2/repository/org/springframework/spring-expression/5.1.6.RELEASE/spring-expression-5.1.6.RELEASE.jar:/home/whitewolf/.m2/repository/org/springframework/boot/spring-boot-starter-test/2.1.4.RELEASE/spring-boot-starter-test-2.1.4.RELEASE.jar:/home/whitewolf/.m2/repository/org/springframework/boot/spring-boot-test/2.1.4.RELEASE/spring-boot-test-2.1.4.RELEASE.jar:/home/whitewolf/.m2/repository/org/springframework/boot/spring-boot-test-autoconfigure/2.1.4.RELEASE/spring-boot-test-autoconfigure-2.1.4.RELEASE.jar:/home/whitewolf/.m2/repository/junit/junit/4.12/junit-4.12.jar:/home/whitewolf/.m2/repository/org/assertj/assertj-core/3.11.1/assertj-core-3.11.1.jar:/home/whitewolf/.m2/repository/org/mockito/mockito-core/2.23.4/mockito-core-2.23.4.jar:/home/whitewolf/.m2/repository/net/bytebuddy/byte-buddy/1.9.12/byte-buddy-1.9.12.jar:/home/whitewolf/.m2/repository/net/bytebuddy/byte-buddy-agent/1.9.12/byte-buddy-agent-1.9.12.jar:/home/whitewolf/.m2/repository/org/objenesis/objenesis/2.6/objenesis-2.6.jar:/home/whitewolf/.m2/repository/org/hamcrest/hamcrest-core/1.3/hamcrest-core-1.3.jar:/home/whitewolf/.m2/repository/org/hamcrest/hamcrest-library/1.3/hamcrest-library-1.3.jar:/home/whitewolf/.m2/repository/org/skyscreamer/jsonassert/1.5.0/jsonassert-1.5.0.jar:/home/whitewolf/.m2/repository/com/vaadin/external/google/android-json/0.0.20131108.vaadin1/android-json-0.0.20131108.vaadin1.jar:/home/whitewolf/.m2/repository/org/springframework/spring-core/5.1.6.RELEASE/spring-core-5.1.6.RELEASE.jar:/home/whitewolf/.m2/repository/org/springframework/spring-jcl/5.1.6.RELEASE/spring-jcl-5.1.6.RELEASE.jar:/home/whitewolf/.m2/repository/org/springframework/spring-test/5.1.6.RELEASE/spring-test-5.1.6.RELEASE.jar:/home/whitewolf/.m2/repository/org/xmlunit/xmlunit-core/2.6.2/xmlunit-core-2.6.2.jar:/home/whitewolf/.m2/repository/org/springframework/boot/spring-boot-starter-tomcat/2.1.4.RELEASE/spring-boot-starter-tomcat-2.1.4.RELEASE.jar:/home/whitewolf/.m2/repository/javax/annotation/javax.annotation-api/1.3.2/javax.annotation-api-1.3.2.jar:/home/whitewolf/.m2/repository/org/apache/tomcat/embed/tomcat-embed-core/9.0.17/tomcat-embed-core-9.0.17.jar:/home/whitewolf/.m2/repository/org/apache/tomcat/embed/tomcat-embed-el/9.0.17/tomcat-embed-el-9.0.17.jar:/home/whitewolf/.m2/repository/org/apache/tomcat/embed/tomcat-embed-websocket/9.0.17/tomcat-embed-websocket-9.0.17.jar:/home/whitewolf/.m2/repository/org/springframework/boot/spring-boot-starter-data-jpa/2.1.4.RELEASE/spring-boot-starter-data-jpa-2.1.4.RELEASE.jar:/home/whitewolf/.m2/repository/org/springframework/boot/spring-boot-starter-aop/2.1.4.RELEASE/spring-boot-starter-aop-2.1.4.RELEASE.jar:/home/whitewolf/.m2/repository/org/aspectj/aspectjweaver/1.9.2/aspectjweaver-1.9.2.jar:/home/whitewolf/.m2/repository/org/springframework/boot/spring-boot-starter-jdbc/2.1.4.RELEASE/spring-boot-starter-jdbc-2.1.4.RELEASE.jar:/home/whitewolf/.m2/repository/com/zaxxer/HikariCP/3.2.0/HikariCP-3.2.0.jar:/home/whitewolf/.m2/repository/org/springframework/spring-jdbc/5.1.6.RELEASE/spring-jdbc-5.1.6.RELEASE.jar:/home/whitewolf/.m2/repository/javax/transaction/javax.transaction-api/1.3/javax.transaction-api-1.3.jar:/home/whitewolf/.m2/repository/javax/xml/bind/jaxb-api/2.3.1/jaxb-api-2.3.1.jar:/home/whitewolf/.m2/repository/javax/activation/javax.activation-api/1.2.0/javax.activation-api-1.2.0.jar:/home/whitewolf/.m2/repository/org/springframework/data/spring-data-jpa/2.1.6.RELEASE/spring-data-jpa-2.1.6.RELEASE.jar:/home/whitewolf/.m2/repository/org/springframework/data/spring-data-commons/2.1.6.RELEASE/spring-data-commons-2.1.6.RELEASE.jar:/home/whitewolf/.m2/repository/org/springframework/spring-orm/5.1.6.RELEASE/spring-orm-5.1.6.RELEASE.jar:/home/whitewolf/.m2/repository/org/springframework/spring-aspects/5.1.6.RELEASE/spring-aspects-5.1.6.RELEASE.jar:/home/whitewolf/.m2/repository/org/springframework/spring-tx/5.1.6.RELEASE/spring-tx-5.1.6.RELEASE.jar:/home/whitewolf/.m2/repository/org/springframework/spring-beans/5.1.6.RELEASE/spring-beans-5.1.6.RELEASE.jar:/home/whitewolf/.m2/repository/com/jayway/jsonpath/json-path/2.4.0/json-path-2.4.0.jar:/home/whitewolf/.m2/repository/net/minidev/json-smart/2.3/json-smart-2.3.jar:/home/whitewolf/.m2/repository/net/minidev/accessors-smart/1.2/accessors-smart-1.2.jar:/home/whitewolf/.m2/repository/org/ow2/asm/asm/5.0.4/asm-5.0.4.jar:/home/whitewolf/.m2/repository/org/slf4j/slf4j-api/1.7.26/slf4j-api-1.7.26.jar:/home/whitewolf/.m2/repository/org/hibernate/hibernate-core/5.1.6.Final/hibernate-core-5.1.6.Final.jar:/home/whitewolf/.m2/repository/org/jboss/logging/jboss-logging/3.3.2.Final/jboss-logging-3.3.2.Final.jar:/home/whitewolf/.m2/repository/org/hibernate/javax/persistence/hibernate-jpa-2.1-api/1.0.0.Final/hibernate-jpa-2.1-api-1.0.0.Final.jar:/home/whitewolf/.m2/repository/org/javassist/javassist/3.20.0-GA/javassist-3.20.0-GA.jar:/home/whitewolf/.m2/repository/antlr/antlr/2.7.7/antlr-2.7.7.jar:/home/whitewolf/.m2/repository/org/apache/geronimo/specs/geronimo-jta_1.1_spec/1.1.1/geronimo-jta_1.1_spec-1.1.1.jar:/home/whitewolf/.m2/repository/org/jboss/jandex/2.0.3.Final/jandex-2.0.3.Final.jar:/home/whitewolf/.m2/repository/com/fasterxml/classmate/1.4.0/classmate-1.4.0.jar:/home/whitewolf/.m2/repository/dom4j/dom4j/1.6.1/dom4j-1.6.1.jar:/home/whitewolf/.m2/repository/org/hibernate/common/hibernate-commons-annotations/5.0.1.Final/hibernate-commons-annotations-5.0.1.Final.jar:/home/whitewolf/.m2/repository/org/hsqldb/hsqldb/2.3.4/hsqldb-2.3.4.jar:, java.vm.vendor=Oracle Corporation, user.timezone=Europe/Warsaw, os.name=Linux, java.vm.specification.version=11, sun.java.launcher=SUN_STANDARD, user.country=PL, surefire.test.class.path=/home/whitewolf/tau/TAU-repozytorium/tau-mmo-jmeter/target/test-classes:/home/whitewolf/tau/TAU-repozytorium/tau-mmo-jmeter/target/classes:/home/whitewolf/.m2/repository/org/springframework/boot/spring-boot-starter-web/2.1.4.RELEASE/spring-boot-starter-web-2.1.4.RELEASE.jar:/home/whitewolf/.m2/repository/org/springframework/boot/spring-boot-starter/2.1.4.RELEASE/spring-boot-starter-2.1.4.RELEASE.jar:/home/whitewolf/.m2/repository/org/springframework/boot/spring-boot/2.1.4.RELEASE/spring-boot-2.1.4.RELEASE.jar:/home/whitewolf/.m2/repository/org/springframework/boot/spring-boot-autoconfigure/2.1.4.RELEASE/spring-boot-autoconfigure-2.1.4.RELEASE.jar:/home/whitewolf/.m2/repository/org/springframework/boot/spring-boot-starter-logging/2.1.4.RELEASE/spring-boot-starter-logging-2.1.4.RELEASE.jar:/home/whitewolf/.m2/repository/ch/qos/logback/logback-classic/1.2.3/logback-classic-1.2.3.jar:/home/whitewolf/.m2/repository/ch/qos/logback/logback-core/1.2.3/logback-core-1.2.3.jar:/home/whitewolf/.m2/repository/org/apache/logging/log4j/log4j-to-slf4j/2.11.2/log4j-to-slf4j-2.11.2.jar:/home/whitewolf/.m2/repository/org/apache/logging/log4j/log4j-api/2.11.2/log4j-api-2.11.2.jar:/home/whitewolf/.m2/repository/org/slf4j/jul-to-slf4j/1.7.26/jul-to-slf4j-1.7.26.jar:/home/whitewolf/.m2/repository/org/yaml/snakeyaml/1.23/snakeyaml-1.23.jar:/home/whitewolf/.m2/repository/org/springframework/boot/spring-boot-starter-json/2.1.4.RELEASE/spring-boot-starter-json-2.1.4.RELEASE.jar:/home/whitewolf/.m2/repository/com/fasterxml/jackson/core/jackson-databind/2.9.8/jackson-databind-2.9.8.jar:/home/whitewolf/.m2/repository/com/fasterxml/jackson/core/jackson-annotations/2.9.0/jackson-annotations-2.9.0.jar:/home/whitewolf/.m2/repository/com/fasterxml/jackson/core/jackson-core/2.9.8/jackson-core-2.9.8.jar:/home/whitewolf/.m2/repository/com/fasterxml/jackson/datatype/jackson-datatype-jdk8/2.9.8/jackson-datatype-jdk8-2.9.8.jar:/home/whitewolf/.m2/repository/com/fasterxml/jackson/datatype/jackson-datatype-jsr310/2.9.8/jackson-datatype-jsr310-2.9.8.jar:/home/whitewolf/.m2/repository/com/fasterxml/jackson/module/jackson-module-parameter-names/2.9.8/jackson-module-parameter-names-2.9.8.jar:/home/whitewolf/.m2/repository/org/hibernate/validator/hibernate-validator/6.0.16.Final/hibernate-validator-6.0.16.Final.jar:/home/whitewolf/.m2/repository/javax/validation/validation-api/2.0.1.Final/validation-api-2.0.1.Final.jar:/home/whitewolf/.m2/repository/org/springframework/spring-web/5.1.6.RELEASE/spring-web-5.1.6.RELEASE.jar:/home/whitewolf/.m2/repository/org/springframework/spring-webmvc/5.1.6.RELEASE/spring-webmvc-5.1.6.RELEASE.jar:/home/whitewolf/.m2/repository/org/springframework/spring-aop/5.1.6.RELEASE/spring-aop-5.1.6.RELEASE.jar:/home/whitewolf/.m2/repository/org/springframework/spring-context/5.1.6.RELEASE/spring-context-5.1.6.RELEASE.jar:/home/whitewolf/.m2/repository/org/springframework/spring-expression/5.1.6.RELEASE/spring-expression-5.1.6.RELEASE.jar:/home/whitewolf/.m2/repository/org/springframework/boot/spring-boot-starter-test/2.1.4.RELEASE/spring-boot-starter-test-2.1.4.RELEASE.jar:/home/whitewolf/.m2/repository/org/springframework/boot/spring-boot-test/2.1.4.RELEASE/spring-boot-test-2.1.4.RELEASE.jar:/home/whitewolf/.m2/repository/org/springframework/boot/spring-boot-test-autoconfigure/2.1.4.RELEASE/spring-boot-test-autoconfigure-2.1.4.RELEASE.jar:/home/whitewolf/.m2/repository/junit/junit/4.12/junit-4.12.jar:/home/whitewolf/.m2/repository/org/assertj/assertj-core/3.11.1/assertj-core-3.11.1.jar:/home/whitewolf/.m2/repository/org/mockito/mockito-core/2.23.4/mockito-core-2.23.4.jar:/home/whitewolf/.m2/repository/net/bytebuddy/byte-buddy/1.9.12/byte-buddy-1.9.12.jar:/home/whitewolf/.m2/repository/net/bytebuddy/byte-buddy-agent/1.9.12/byte-buddy-agent-1.9.12.jar:/home/whitewolf/.m2/repository/org/objenesis/objenesis/2.6/objenesis-2.6.jar:/home/whitewolf/.m2/repository/org/hamcrest/hamcrest-core/1.3/hamcrest-core-1.3.jar:/home/whitewolf/.m2/repository/org/hamcrest/hamcrest-library/1.3/hamcrest-library-1.3.jar:/home/whitewolf/.m2/repository/org/skyscreamer/jsonassert/1.5.0/jsonassert-1.5.0.jar:/home/whitewolf/.m2/repository/com/vaadin/external/google/android-json/0.0.20131108.vaadin1/android-json-0.0.20131108.vaadin1.jar:/home/whitewolf/.m2/repository/org/springframework/spring-core/5.1.6.RELEASE/spring-core-5.1.6.RELEASE.jar:/home/whitewolf/.m2/repository/org/springframework/spring-jcl/5.1.6.RELEASE/spring-jcl-5.1.6.RELEASE.jar:/home/whitewolf/.m2/repository/org/springframework/spring-test/5.1.6.RELEASE/spring-test-5.1.6.RELEASE.jar:/home/whitewolf/.m2/repository/org/xmlunit/xmlunit-core/2.6.2/xmlunit-core-2.6.2.jar:/home/whitewolf/.m2/repository/org/springframework/boot/spring-boot-starter-tomcat/2.1.4.RELEASE/spring-boot-starter-tomcat-2.1.4.RELEASE.jar:/home/whitewolf/.m2/repository/javax/annotation/javax.annotation-api/1.3.2/javax.annotation-api-1.3.2.jar:/home/whitewolf/.m2/repository/org/apache/tomcat/embed/tomcat-embed-core/9.0.17/tomcat-embed-core-9.0.17.jar:/home/whitewolf/.m2/repository/org/apache/tomcat/embed/tomcat-embed-el/9.0.17/tomcat-embed-el-9.0.17.jar:/home/whitewolf/.m2/repository/org/apache/tomcat/embed/tomcat-embed-websocket/9.0.17/tomcat-embed-websocket-9.0.17.jar:/home/whitewolf/.m2/repository/org/springframework/boot/spring-boot-starter-data-jpa/2.1.4.RELEASE/spring-boot-starter-data-jpa-2.1.4.RELEASE.jar:/home/whitewolf/.m2/repository/org/springframework/boot/spring-boot-starter-aop/2.1.4.RELEASE/spring-boot-starter-aop-2.1.4.RELEASE.jar:/home/whitewolf/.m2/repository/org/aspectj/aspectjweaver/1.9.2/aspectjweaver-1.9.2.jar:/home/whitewolf/.m2/repository/org/springframework/boot/spring-boot-starter-jdbc/2.1.4.RELEASE/spring-boot-starter-jdbc-2.1.4.RELEASE.jar:/home/whitewolf/.m2/repository/com/zaxxer/HikariCP/3.2.0/HikariCP-3.2.0.jar:/home/whitewolf/.m2/repository/org/springframework/spring-jdbc/5.1.6.RELEASE/spring-jdbc-5.1.6.RELEASE.jar:/home/whitewolf/.m2/repository/javax/transaction/javax.transaction-api/1.3/javax.transaction-api-1.3.jar:/home/whitewolf/.m2/repository/javax/xml/bind/jaxb-api/2.3.1/jaxb-api-2.3.1.jar:/home/whitewolf/.m2/repository/javax/activation/javax.activation-api/1.2.0/javax.activation-api-1.2.0.jar:/home/whitewolf/.m2/repository/org/springframework/data/spring-data-jpa/2.1.6.RELEASE/spring-data-jpa-2.1.6.RELEASE.jar:/home/whitewolf/.m2/repository/org/springframework/data/spring-data-commons/2.1.6.RELEASE/spring-data-commons-2.1.6.RELEASE.jar:/home/whitewolf/.m2/repository/org/springframework/spring-orm/5.1.6.RELEASE/spring-orm-5.1.6.RELEASE.jar:/home/whitewolf/.m2/repository/org/springframework/spring-aspects/5.1.6.RELEASE/spring-aspects-5.1.6.RELEASE.jar:/home/whitewolf/.m2/repository/org/springframework/spring-tx/5.1.6.RELEASE/spring-tx-5.1.6.RELEASE.jar:/home/whitewolf/.m2/repository/org/springframework/spring-beans/5.1.6.RELEASE/spring-beans-5.1.6.RELEASE.jar:/home/whitewolf/.m2/repository/com/jayway/jsonpath/json-path/2.4.0/json-path-2.4.0.jar:/home/whitewolf/.m2/repository/net/minidev/json-smart/2.3/json-smart-2.3.jar:/home/whitewolf/.m2/repository/net/minidev/accessors-smart/1.2/accessors-smart-1.2.jar:/home/whitewolf/.m2/repository/org/ow2/asm/asm/5.0.4/asm-5.0.4.jar:/home/whitewolf/.m2/repository/org/slf4j/slf4j-api/1.7.26/slf4j-api-1.7.26.jar:/home/whitewolf/.m2/repository/org/hibernate/hibernate-core/5.1.6.Final/hibernate-core-5.1.6.Final.jar:/home/whitewolf/.m2/repository/org/jboss/logging/jboss-logging/3.3.2.Final/jboss-logging-3.3.2.Final.jar:/home/whitewolf/.m2/repository/org/hibernate/javax/persistence/hibernate-jpa-2.1-api/1.0.0.Final/hibernate-jpa-2.1-api-1.0.0.Final.jar:/home/whitewolf/.m2/repository/org/javassist/javassist/3.20.0-GA/javassist-3.20.0-GA.jar:/home/whitewolf/.m2/repository/antlr/antlr/2.7.7/antlr-2.7.7.jar:/home/whitewolf/.m2/repository/org/apache/geronimo/specs/geronimo-jta_1.1_spec/1.1.1/geronimo-jta_1.1_spec-1.1.1.jar:/home/whitewolf/.m2/repository/org/jboss/jandex/2.0.3.Final/jandex-2.0.3.Final.jar:/home/whitewolf/.m2/repository/com/fasterxml/classmate/1.4.0/classmate-1.4.0.jar:/home/whitewolf/.m2/repository/dom4j/dom4j/1.6.1/dom4j-1.6.1.jar:/home/whitewolf/.m2/repository/org/hibernate/common/hibernate-commons-annotations/5.0.1.Final/hibernate-commons-annotations-5.0.1.Final.jar:/home/whitewolf/.m2/repository/org/hsqldb/hsqldb/2.3.4/hsqldb-2.3.4.jar:, sun.cpu.endian=little, user.home=/home/whitewolf, user.language=pl, java.awt.graphicsenv=sun.awt.X11GraphicsEnvironment, surefire.real.class.path=/home/whitewolf/tau/TAU-repozytorium/tau-mmo-jmeter/target/surefire/surefirebooter3068630985977223282.jar, path.separator=:, os.version=4.15.0-47-generic, java.runtime.name=OpenJDK Runtime Environment, java.vm.name=OpenJDK 64-Bit Server VM, hibernate.show_sql=true, java.vendor.url.bug=http://bugreport.java.com/bugreport/, user.dir=/home/whitewolf/tau/TAU-repozytorium/tau-mmo-jmeter, os.arch=amd64, hibernate.boot.CfgXmlAccessService.key=org.hibernate.boot.cfgxml.spi.LoadedConfig@2e4d4d22, java.vm.info=mixed mode, sharing, java.vm.version=11.0.3+7-Ubuntu-1ubuntu218.04.1, hibernate.bytecode.use_reflection_optimizer=false, hibernate.connection.datasource=org.springframework.jdbc.datasource.DriverManagerDataSource@248b2b61, java.class.version=55.0}
19:40:31.449 [main] DEBUG org.hibernate.validator.internal.engine.resolver.TraversableResolvers - Found javax.persistence.Persistence on classpath containing 'getPersistenceUtil'. Assuming JPA 2 environment. Trying to instantiate JPA aware TraversableResolver
19:40:31.449 [main] DEBUG org.hibernate.validator.internal.engine.resolver.TraversableResolvers - Instantiated JPA aware TraversableResolver of type org.hibernate.validator.internal.engine.resolver.JPATraversableResolver.
19:40:31.449 [main] DEBUG org.hibernate.validator.internal.xml.config.ValidationXmlParser - Trying to load META-INF/validation.xml for XML based Validator configuration.
19:40:31.449 [main] DEBUG org.hibernate.validator.internal.xml.config.ResourceLoaderHelper - Trying to load META-INF/validation.xml via TCCL
19:40:31.449 [main] DEBUG org.hibernate.validator.internal.xml.config.ResourceLoaderHelper - Trying to load META-INF/validation.xml via Hibernate Validator's class loader
19:40:31.449 [main] DEBUG org.hibernate.validator.internal.xml.config.ValidationXmlParser - No META-INF/validation.xml found. Using annotation based configuration only.
19:40:31.452 [main] DEBUG org.hibernate.validator.messageinterpolation.ResourceBundleMessageInterpolator - Loaded expression factory via original TCCL
19:40:31.452 [main] DEBUG org.hibernate.validator.internal.engine.ValidatorFactoryImpl - HV000234: Using org.hibernate.validator.messageinterpolation.ResourceBundleMessageInterpolator as ValidatorFactory-scoped message interpolator.
19:40:31.452 [main] DEBUG org.hibernate.validator.internal.engine.ValidatorFactoryImpl - HV000234: Using org.hibernate.validator.internal.engine.resolver.JPATraversableResolver as ValidatorFactory-scoped traversable resolver.
19:40:31.452 [main] DEBUG org.hibernate.validator.internal.engine.ValidatorFactoryImpl - HV000234: Using org.hibernate.validator.internal.util.ExecutableParameterNameProvider as ValidatorFactory-scoped parameter name provider.
19:40:31.452 [main] DEBUG org.hibernate.validator.internal.engine.ValidatorFactoryImpl - HV000234: Using org.hibernate.validator.internal.engine.DefaultClockProvider as ValidatorFactory-scoped clock provider.
19:40:31.452 [main] DEBUG org.hibernate.validator.internal.engine.ValidatorFactoryImpl - HV000234: Using org.hibernate.validator.internal.engine.scripting.DefaultScriptEvaluatorFactory as ValidatorFactory-scoped script evaluator factory.
19:40:31.452 [main] DEBUG org.hibernate.boot.internal.ClassLoaderAccessImpl - Not known whether passed class name [tau.mmo.domain.Item] is safe
19:40:31.452 [main] DEBUG org.hibernate.boot.internal.ClassLoaderAccessImpl - No temp ClassLoader provided; using live ClassLoader for loading potentially unsafe class : tau.mmo.domain.Item
19:40:31.455 [main] DEBUG org.hibernate.boot.internal.ClassLoaderAccessImpl - Not known whether passed class name [tau.mmo.domain.Player] is safe
19:40:31.455 [main] DEBUG org.hibernate.boot.internal.ClassLoaderAccessImpl - No temp ClassLoader provided; using live ClassLoader for loading potentially unsafe class : tau.mmo.domain.Player
19:40:31.458 [main] DEBUG org.hibernate.secure.spi.JaccIntegrator - Skipping JACC integration as it was not enabled
19:40:31.458 [main] DEBUG org.hibernate.boot.internal.ClassLoaderAccessImpl - Not known whether passed class name [tau.mmo.domain.Item] is safe
19:40:31.458 [main] DEBUG org.hibernate.boot.internal.ClassLoaderAccessImpl - No temp ClassLoader provided; using live ClassLoader for loading potentially unsafe class : tau.mmo.domain.Item
19:40:31.458 [main] DEBUG org.hibernate.boot.internal.ClassLoaderAccessImpl - Not known whether passed class name [tau.mmo.domain.Item] is safe
19:40:31.458 [main] DEBUG org.hibernate.boot.internal.ClassLoaderAccessImpl - No temp ClassLoader provided; using live ClassLoader for loading potentially unsafe class : tau.mmo.domain.Item
19:40:31.459 [main] DEBUG org.hibernate.boot.internal.ClassLoaderAccessImpl - Not known whether passed class name [tau.mmo.domain.Player] is safe
19:40:31.459 [main] DEBUG org.hibernate.boot.internal.ClassLoaderAccessImpl - No temp ClassLoader provided; using live ClassLoader for loading potentially unsafe class : tau.mmo.domain.Player
19:40:31.459 [main] DEBUG org.hibernate.boot.internal.ClassLoaderAccessImpl - Not known whether passed class name [tau.mmo.domain.Player] is safe
19:40:31.459 [main] DEBUG org.hibernate.boot.internal.ClassLoaderAccessImpl - No temp ClassLoader provided; using live ClassLoader for loading potentially unsafe class : tau.mmo.domain.Player
19:40:31.459 [main] DEBUG org.hibernate.persister.collection.AbstractCollectionPersister - Static SQL for collection: tau.mmo.domain.Player.items
19:40:31.459 [main] DEBUG org.hibernate.persister.collection.AbstractCollectionPersister -  Row insert: update item set player_id=? where id=?
19:40:31.459 [main] DEBUG org.hibernate.persister.collection.AbstractCollectionPersister -  Row update: update item set  where id=?
19:40:31.459 [main] DEBUG org.hibernate.persister.collection.AbstractCollectionPersister -  Row delete: update item set player_id=null where player_id=? and id=?
19:40:31.459 [main] DEBUG org.hibernate.persister.collection.AbstractCollectionPersister -  One-shot delete: update item set player_id=null where player_id=?
19:40:31.460 [main] DEBUG org.hibernate.persister.entity.AbstractEntityPersister - Static SQL for entity: tau.mmo.domain.Item
19:40:31.460 [main] DEBUG org.hibernate.persister.entity.AbstractEntityPersister -  Version select: select id from item where id =?
19:40:31.460 [main] DEBUG org.hibernate.persister.entity.AbstractEntityPersister -  Snapshot select: select item_.id, item_.itemclass as itemclas2_0_, item_.levelreq as levelreq3_0_, item_.name as name4_0_, item_.player_id as player_i5_0_ from item item_ where item_.id=?
19:40:31.460 [main] DEBUG org.hibernate.persister.entity.AbstractEntityPersister -  Insert 0: insert into item (itemclass, levelreq, name, player_id, id) values (?, ?, ?, ?, ?)
19:40:31.460 [main] DEBUG org.hibernate.persister.entity.AbstractEntityPersister -  Update 0: update item set itemclass=?, levelreq=?, name=?, player_id=? where id=?
19:40:31.460 [main] DEBUG org.hibernate.persister.entity.AbstractEntityPersister -  Delete 0: delete from item where id=?
19:40:31.460 [main] DEBUG org.hibernate.loader.plan.build.internal.spaces.QuerySpacesImpl - Adding QuerySpace : uid = <gen:0> -> org.hibernate.loader.plan.build.internal.spaces.EntityQuerySpaceImpl@4ed19b69]
19:40:31.460 [main] DEBUG org.hibernate.persister.walking.spi.MetamodelGraphWalker - Visiting attribute path : itemclass
19:40:31.460 [main] DEBUG org.hibernate.persister.walking.spi.MetamodelGraphWalker - Visiting attribute path : levelreq
19:40:31.460 [main] DEBUG org.hibernate.persister.walking.spi.MetamodelGraphWalker - Visiting attribute path : name
19:40:31.460 [main] DEBUG org.hibernate.persister.walking.spi.MetamodelGraphWalker - Visiting attribute path : player
19:40:31.460 [main] DEBUG org.hibernate.loader.plan.build.internal.spaces.QuerySpacesImpl - Adding QuerySpace : uid = <gen:1> -> org.hibernate.loader.plan.build.internal.spaces.EntityQuerySpaceImpl@6f65aa58]
19:40:31.460 [main] DEBUG org.hibernate.loader.plan.build.internal.FetchStyleLoadPlanBuildingAssociationVisitationStrategy - Building LoadPlan...
19:40:31.460 [main] DEBUG org.hibernate.loader.plan.exec.internal.LoadQueryJoinAndFetchProcessor - processing queryspace <gen:0>
19:40:31.460 [main] DEBUG org.hibernate.loader.plan.build.spi.LoadPlanTreePrinter - LoadPlan(entity=tau.mmo.domain.Item)
    - Returns
       - EntityReturnImpl(entity=tau.mmo.domain.Item, querySpaceUid=<gen:0>, path=tau.mmo.domain.Item)
          - EntityAttributeFetchImpl(entity=tau.mmo.domain.Player, querySpaceUid=<gen:1>, path=tau.mmo.domain.Item.player)
    - QuerySpaces
       - EntityQuerySpaceImpl(uid=<gen:0>, entity=tau.mmo.domain.Item)
          - SQL table alias mapping - item0_
          - alias suffix - 0_
          - suffixed key columns - {id1_0_0_}

19:40:31.460 [main] DEBUG org.hibernate.loader.entity.plan.EntityLoader - Static select for entity tau.mmo.domain.Item [NONE]: select item0_.id as id1_0_0_, item0_.itemclass as itemclas2_0_0_, item0_.levelreq as levelreq3_0_0_, item0_.name as name4_0_0_, item0_.player_id as player_i5_0_0_ from item item0_ where item0_.id=?
19:40:31.460 [main] DEBUG org.hibernate.loader.plan.build.internal.spaces.QuerySpacesImpl - Adding QuerySpace : uid = <gen:0> -> org.hibernate.loader.plan.build.internal.spaces.EntityQuerySpaceImpl@749f61a3]
19:40:31.460 [main] DEBUG org.hibernate.persister.walking.spi.MetamodelGraphWalker - Visiting attribute path : itemclass
19:40:31.460 [main] DEBUG org.hibernate.persister.walking.spi.MetamodelGraphWalker - Visiting attribute path : levelreq
19:40:31.460 [main] DEBUG org.hibernate.persister.walking.spi.MetamodelGraphWalker - Visiting attribute path : name
19:40:31.460 [main] DEBUG org.hibernate.persister.walking.spi.MetamodelGraphWalker - Visiting attribute path : player
19:40:31.460 [main] DEBUG org.hibernate.loader.plan.build.internal.spaces.QuerySpacesImpl - Adding QuerySpace : uid = <gen:1> -> org.hibernate.loader.plan.build.internal.spaces.EntityQuerySpaceImpl@42dd7d82]
19:40:31.460 [main] DEBUG org.hibernate.loader.plan.build.internal.FetchStyleLoadPlanBuildingAssociationVisitationStrategy - Building LoadPlan...
19:40:31.460 [main] DEBUG org.hibernate.loader.plan.exec.internal.LoadQueryJoinAndFetchProcessor - processing queryspace <gen:0>
19:40:31.461 [main] DEBUG org.hibernate.loader.plan.build.spi.LoadPlanTreePrinter - LoadPlan(entity=tau.mmo.domain.Item)
    - Returns
       - EntityReturnImpl(entity=tau.mmo.domain.Item, querySpaceUid=<gen:0>, path=tau.mmo.domain.Item)
          - EntityAttributeFetchImpl(entity=tau.mmo.domain.Player, querySpaceUid=<gen:1>, path=tau.mmo.domain.Item.player)
    - QuerySpaces
       - EntityQuerySpaceImpl(uid=<gen:0>, entity=tau.mmo.domain.Item)
          - SQL table alias mapping - item0_
          - alias suffix - 0_
          - suffixed key columns - {id1_0_0_}

19:40:31.461 [main] DEBUG org.hibernate.loader.entity.plan.EntityLoader - Static select for entity tau.mmo.domain.Item [READ]: select item0_.id as id1_0_0_, item0_.itemclass as itemclas2_0_0_, item0_.levelreq as levelreq3_0_0_, item0_.name as name4_0_0_, item0_.player_id as player_i5_0_0_ from item item0_ where item0_.id=?
19:40:31.461 [main] DEBUG org.hibernate.loader.plan.build.internal.spaces.QuerySpacesImpl - Adding QuerySpace : uid = <gen:0> -> org.hibernate.loader.plan.build.internal.spaces.EntityQuerySpaceImpl@2838eb]
19:40:31.461 [main] DEBUG org.hibernate.persister.walking.spi.MetamodelGraphWalker - Visiting attribute path : itemclass
19:40:31.461 [main] DEBUG org.hibernate.persister.walking.spi.MetamodelGraphWalker - Visiting attribute path : levelreq
19:40:31.461 [main] DEBUG org.hibernate.persister.walking.spi.MetamodelGraphWalker - Visiting attribute path : name
19:40:31.461 [main] DEBUG org.hibernate.persister.walking.spi.MetamodelGraphWalker - Visiting attribute path : player
19:40:31.461 [main] DEBUG org.hibernate.loader.plan.build.internal.spaces.QuerySpacesImpl - Adding QuerySpace : uid = <gen:1> -> org.hibernate.loader.plan.build.internal.spaces.EntityQuerySpaceImpl@45dc7be]
19:40:31.461 [main] DEBUG org.hibernate.loader.plan.build.internal.FetchStyleLoadPlanBuildingAssociationVisitationStrategy - Building LoadPlan...
19:40:31.461 [main] DEBUG org.hibernate.loader.plan.exec.internal.LoadQueryJoinAndFetchProcessor - processing queryspace <gen:0>
19:40:31.461 [main] DEBUG org.hibernate.loader.plan.build.spi.LoadPlanTreePrinter - LoadPlan(entity=tau.mmo.domain.Item)
    - Returns
       - EntityReturnImpl(entity=tau.mmo.domain.Item, querySpaceUid=<gen:0>, path=tau.mmo.domain.Item)
          - EntityAttributeFetchImpl(entity=tau.mmo.domain.Player, querySpaceUid=<gen:1>, path=tau.mmo.domain.Item.player)
    - QuerySpaces
       - EntityQuerySpaceImpl(uid=<gen:0>, entity=tau.mmo.domain.Item)
          - SQL table alias mapping - item0_
          - alias suffix - 0_
          - suffixed key columns - {id1_0_0_}

19:40:31.461 [main] DEBUG org.hibernate.loader.entity.plan.EntityLoader - Static select for entity tau.mmo.domain.Item [UPGRADE]: select item0_.id as id1_0_0_, item0_.itemclass as itemclas2_0_0_, item0_.levelreq as levelreq3_0_0_, item0_.name as name4_0_0_, item0_.player_id as player_i5_0_0_ from item item0_ where item0_.id=? for update
19:40:31.461 [main] DEBUG org.hibernate.loader.plan.build.internal.spaces.QuerySpacesImpl - Adding QuerySpace : uid = <gen:0> -> org.hibernate.loader.plan.build.internal.spaces.EntityQuerySpaceImpl@2d459bda]
19:40:31.461 [main] DEBUG org.hibernate.persister.walking.spi.MetamodelGraphWalker - Visiting attribute path : itemclass
19:40:31.461 [main] DEBUG org.hibernate.persister.walking.spi.MetamodelGraphWalker - Visiting attribute path : levelreq
19:40:31.461 [main] DEBUG org.hibernate.persister.walking.spi.MetamodelGraphWalker - Visiting attribute path : name
19:40:31.461 [main] DEBUG org.hibernate.persister.walking.spi.MetamodelGraphWalker - Visiting attribute path : player
19:40:31.461 [main] DEBUG org.hibernate.loader.plan.build.internal.spaces.QuerySpacesImpl - Adding QuerySpace : uid = <gen:1> -> org.hibernate.loader.plan.build.internal.spaces.EntityQuerySpaceImpl@4d664323]
19:40:31.461 [main] DEBUG org.hibernate.loader.plan.build.internal.FetchStyleLoadPlanBuildingAssociationVisitationStrategy - Building LoadPlan...
19:40:31.461 [main] DEBUG org.hibernate.loader.plan.exec.internal.LoadQueryJoinAndFetchProcessor - processing queryspace <gen:0>
19:40:31.461 [main] DEBUG org.hibernate.loader.plan.build.spi.LoadPlanTreePrinter - LoadPlan(entity=tau.mmo.domain.Item)
    - Returns
       - EntityReturnImpl(entity=tau.mmo.domain.Item, querySpaceUid=<gen:0>, path=tau.mmo.domain.Item)
          - EntityAttributeFetchImpl(entity=tau.mmo.domain.Player, querySpaceUid=<gen:1>, path=tau.mmo.domain.Item.player)
    - QuerySpaces
       - EntityQuerySpaceImpl(uid=<gen:0>, entity=tau.mmo.domain.Item)
          - SQL table alias mapping - item0_
          - alias suffix - 0_
          - suffixed key columns - {id1_0_0_}

19:40:31.461 [main] DEBUG org.hibernate.loader.entity.plan.EntityLoader - Static select for entity tau.mmo.domain.Item [UPGRADE_NOWAIT]: select item0_.id as id1_0_0_, item0_.itemclass as itemclas2_0_0_, item0_.levelreq as levelreq3_0_0_, item0_.name as name4_0_0_, item0_.player_id as player_i5_0_0_ from item item0_ where item0_.id=? for update
19:40:31.461 [main] DEBUG org.hibernate.loader.plan.build.internal.spaces.QuerySpacesImpl - Adding QuerySpace : uid = <gen:0> -> org.hibernate.loader.plan.build.internal.spaces.EntityQuerySpaceImpl@27ec0d06]
19:40:31.462 [main] DEBUG org.hibernate.persister.walking.spi.MetamodelGraphWalker - Visiting attribute path : itemclass
19:40:31.462 [main] DEBUG org.hibernate.persister.walking.spi.MetamodelGraphWalker - Visiting attribute path : levelreq
19:40:31.462 [main] DEBUG org.hibernate.persister.walking.spi.MetamodelGraphWalker - Visiting attribute path : name
19:40:31.462 [main] DEBUG org.hibernate.persister.walking.spi.MetamodelGraphWalker - Visiting attribute path : player
19:40:31.462 [main] DEBUG org.hibernate.loader.plan.build.internal.spaces.QuerySpacesImpl - Adding QuerySpace : uid = <gen:1> -> org.hibernate.loader.plan.build.internal.spaces.EntityQuerySpaceImpl@12266084]
19:40:31.462 [main] DEBUG org.hibernate.loader.plan.build.internal.FetchStyleLoadPlanBuildingAssociationVisitationStrategy - Building LoadPlan...
19:40:31.462 [main] DEBUG org.hibernate.loader.plan.exec.internal.LoadQueryJoinAndFetchProcessor - processing queryspace <gen:0>
19:40:31.462 [main] DEBUG org.hibernate.loader.plan.build.spi.LoadPlanTreePrinter - LoadPlan(entity=tau.mmo.domain.Item)
    - Returns
       - EntityReturnImpl(entity=tau.mmo.domain.Item, querySpaceUid=<gen:0>, path=tau.mmo.domain.Item)
          - EntityAttributeFetchImpl(entity=tau.mmo.domain.Player, querySpaceUid=<gen:1>, path=tau.mmo.domain.Item.player)
    - QuerySpaces
       - EntityQuerySpaceImpl(uid=<gen:0>, entity=tau.mmo.domain.Item)
          - SQL table alias mapping - item0_
          - alias suffix - 0_
          - suffixed key columns - {id1_0_0_}

19:40:31.462 [main] DEBUG org.hibernate.loader.entity.plan.EntityLoader - Static select for entity tau.mmo.domain.Item [UPGRADE_SKIPLOCKED]: select item0_.id as id1_0_0_, item0_.itemclass as itemclas2_0_0_, item0_.levelreq as levelreq3_0_0_, item0_.name as name4_0_0_, item0_.player_id as player_i5_0_0_ from item item0_ where item0_.id=? for update
19:40:31.462 [main] DEBUG org.hibernate.loader.plan.build.internal.spaces.QuerySpacesImpl - Adding QuerySpace : uid = <gen:0> -> org.hibernate.loader.plan.build.internal.spaces.EntityQuerySpaceImpl@6da646b8]
19:40:31.462 [main] DEBUG org.hibernate.persister.walking.spi.MetamodelGraphWalker - Visiting attribute path : itemclass
19:40:31.462 [main] DEBUG org.hibernate.persister.walking.spi.MetamodelGraphWalker - Visiting attribute path : levelreq
19:40:31.462 [main] DEBUG org.hibernate.persister.walking.spi.MetamodelGraphWalker - Visiting attribute path : name
19:40:31.462 [main] DEBUG org.hibernate.persister.walking.spi.MetamodelGraphWalker - Visiting attribute path : player
19:40:31.462 [main] DEBUG org.hibernate.loader.plan.build.internal.spaces.QuerySpacesImpl - Adding QuerySpace : uid = <gen:1> -> org.hibernate.loader.plan.build.internal.spaces.EntityQuerySpaceImpl@3a48c398]
19:40:31.462 [main] DEBUG org.hibernate.loader.plan.build.internal.FetchStyleLoadPlanBuildingAssociationVisitationStrategy - Building LoadPlan...
19:40:31.462 [main] DEBUG org.hibernate.loader.plan.exec.internal.LoadQueryJoinAndFetchProcessor - processing queryspace <gen:0>
19:40:31.462 [main] DEBUG org.hibernate.loader.plan.build.spi.LoadPlanTreePrinter - LoadPlan(entity=tau.mmo.domain.Item)
    - Returns
       - EntityReturnImpl(entity=tau.mmo.domain.Item, querySpaceUid=<gen:0>, path=tau.mmo.domain.Item)
          - EntityAttributeFetchImpl(entity=tau.mmo.domain.Player, querySpaceUid=<gen:1>, path=tau.mmo.domain.Item.player)
    - QuerySpaces
       - EntityQuerySpaceImpl(uid=<gen:0>, entity=tau.mmo.domain.Item)
          - SQL table alias mapping - item0_
          - alias suffix - 0_
          - suffixed key columns - {id1_0_0_}

19:40:31.463 [main] DEBUG org.hibernate.loader.entity.plan.EntityLoader - Static select for entity tau.mmo.domain.Item [FORCE]: select item0_.id as id1_0_0_, item0_.itemclass as itemclas2_0_0_, item0_.levelreq as levelreq3_0_0_, item0_.name as name4_0_0_, item0_.player_id as player_i5_0_0_ from item item0_ where item0_.id=? for update
19:40:31.463 [main] DEBUG org.hibernate.loader.plan.build.internal.spaces.QuerySpacesImpl - Adding QuerySpace : uid = <gen:0> -> org.hibernate.loader.plan.build.internal.spaces.EntityQuerySpaceImpl@1b4ba615]
19:40:31.463 [main] DEBUG org.hibernate.persister.walking.spi.MetamodelGraphWalker - Visiting attribute path : itemclass
19:40:31.463 [main] DEBUG org.hibernate.persister.walking.spi.MetamodelGraphWalker - Visiting attribute path : levelreq
19:40:31.463 [main] DEBUG org.hibernate.persister.walking.spi.MetamodelGraphWalker - Visiting attribute path : name
19:40:31.463 [main] DEBUG org.hibernate.persister.walking.spi.MetamodelGraphWalker - Visiting attribute path : player
19:40:31.463 [main] DEBUG org.hibernate.loader.plan.build.internal.spaces.QuerySpacesImpl - Adding QuerySpace : uid = <gen:1> -> org.hibernate.loader.plan.build.internal.spaces.EntityQuerySpaceImpl@41f686af]
19:40:31.463 [main] DEBUG org.hibernate.loader.plan.build.internal.FetchStyleLoadPlanBuildingAssociationVisitationStrategy - Building LoadPlan...
19:40:31.463 [main] DEBUG org.hibernate.loader.plan.exec.internal.LoadQueryJoinAndFetchProcessor - processing queryspace <gen:0>
19:40:31.463 [main] DEBUG org.hibernate.loader.plan.build.spi.LoadPlanTreePrinter - LoadPlan(entity=tau.mmo.domain.Item)
    - Returns
       - EntityReturnImpl(entity=tau.mmo.domain.Item, querySpaceUid=<gen:0>, path=tau.mmo.domain.Item)
          - EntityAttributeFetchImpl(entity=tau.mmo.domain.Player, querySpaceUid=<gen:1>, path=tau.mmo.domain.Item.player)
    - QuerySpaces
       - EntityQuerySpaceImpl(uid=<gen:0>, entity=tau.mmo.domain.Item)
          - SQL table alias mapping - item0_
          - alias suffix - 0_
          - suffixed key columns - {id1_0_0_}

19:40:31.463 [main] DEBUG org.hibernate.loader.entity.plan.EntityLoader - Static select for entity tau.mmo.domain.Item [PESSIMISTIC_READ]: select item0_.id as id1_0_0_, item0_.itemclass as itemclas2_0_0_, item0_.levelreq as levelreq3_0_0_, item0_.name as name4_0_0_, item0_.player_id as player_i5_0_0_ from item item0_ where item0_.id=? for update
19:40:31.463 [main] DEBUG org.hibernate.loader.plan.build.internal.spaces.QuerySpacesImpl - Adding QuerySpace : uid = <gen:0> -> org.hibernate.loader.plan.build.internal.spaces.EntityQuerySpaceImpl@3dded90a]
19:40:31.463 [main] DEBUG org.hibernate.persister.walking.spi.MetamodelGraphWalker - Visiting attribute path : itemclass
19:40:31.464 [main] DEBUG org.hibernate.persister.walking.spi.MetamodelGraphWalker - Visiting attribute path : levelreq
19:40:31.464 [main] DEBUG org.hibernate.persister.walking.spi.MetamodelGraphWalker - Visiting attribute path : name
19:40:31.464 [main] DEBUG org.hibernate.persister.walking.spi.MetamodelGraphWalker - Visiting attribute path : player
19:40:31.464 [main] DEBUG org.hibernate.loader.plan.build.internal.spaces.QuerySpacesImpl - Adding QuerySpace : uid = <gen:1> -> org.hibernate.loader.plan.build.internal.spaces.EntityQuerySpaceImpl@29f8134]
19:40:31.464 [main] DEBUG org.hibernate.loader.plan.build.internal.FetchStyleLoadPlanBuildingAssociationVisitationStrategy - Building LoadPlan...
19:40:31.464 [main] DEBUG org.hibernate.loader.plan.exec.internal.LoadQueryJoinAndFetchProcessor - processing queryspace <gen:0>
19:40:31.464 [main] DEBUG org.hibernate.loader.plan.build.spi.LoadPlanTreePrinter - LoadPlan(entity=tau.mmo.domain.Item)
    - Returns
       - EntityReturnImpl(entity=tau.mmo.domain.Item, querySpaceUid=<gen:0>, path=tau.mmo.domain.Item)
          - EntityAttributeFetchImpl(entity=tau.mmo.domain.Player, querySpaceUid=<gen:1>, path=tau.mmo.domain.Item.player)
    - QuerySpaces
       - EntityQuerySpaceImpl(uid=<gen:0>, entity=tau.mmo.domain.Item)
          - SQL table alias mapping - item0_
          - alias suffix - 0_
          - suffixed key columns - {id1_0_0_}

19:40:31.465 [main] DEBUG org.hibernate.loader.entity.plan.EntityLoader - Static select for entity tau.mmo.domain.Item [PESSIMISTIC_WRITE]: select item0_.id as id1_0_0_, item0_.itemclass as itemclas2_0_0_, item0_.levelreq as levelreq3_0_0_, item0_.name as name4_0_0_, item0_.player_id as player_i5_0_0_ from item item0_ where item0_.id=? for update
19:40:31.465 [main] DEBUG org.hibernate.loader.plan.build.internal.spaces.QuerySpacesImpl - Adding QuerySpace : uid = <gen:0> -> org.hibernate.loader.plan.build.internal.spaces.EntityQuerySpaceImpl@77a9ac36]
19:40:31.465 [main] DEBUG org.hibernate.persister.walking.spi.MetamodelGraphWalker - Visiting attribute path : itemclass
19:40:31.465 [main] DEBUG org.hibernate.persister.walking.spi.MetamodelGraphWalker - Visiting attribute path : levelreq
19:40:31.465 [main] DEBUG org.hibernate.persister.walking.spi.MetamodelGraphWalker - Visiting attribute path : name
19:40:31.465 [main] DEBUG org.hibernate.persister.walking.spi.MetamodelGraphWalker - Visiting attribute path : player
19:40:31.465 [main] DEBUG org.hibernate.loader.plan.build.internal.spaces.QuerySpacesImpl - Adding QuerySpace : uid = <gen:1> -> org.hibernate.loader.plan.build.internal.spaces.EntityQuerySpaceImpl@5aac6f9f]
19:40:31.465 [main] DEBUG org.hibernate.loader.plan.build.internal.FetchStyleLoadPlanBuildingAssociationVisitationStrategy - Building LoadPlan...
19:40:31.465 [main] DEBUG org.hibernate.loader.plan.exec.internal.LoadQueryJoinAndFetchProcessor - processing queryspace <gen:0>
19:40:31.465 [main] DEBUG org.hibernate.loader.plan.build.spi.LoadPlanTreePrinter - LoadPlan(entity=tau.mmo.domain.Item)
    - Returns
       - EntityReturnImpl(entity=tau.mmo.domain.Item, querySpaceUid=<gen:0>, path=tau.mmo.domain.Item)
          - EntityAttributeFetchImpl(entity=tau.mmo.domain.Player, querySpaceUid=<gen:1>, path=tau.mmo.domain.Item.player)
    - QuerySpaces
       - EntityQuerySpaceImpl(uid=<gen:0>, entity=tau.mmo.domain.Item)
          - SQL table alias mapping - item0_
          - alias suffix - 0_
          - suffixed key columns - {id1_0_0_}

19:40:31.465 [main] DEBUG org.hibernate.loader.entity.plan.EntityLoader - Static select for entity tau.mmo.domain.Item [PESSIMISTIC_FORCE_INCREMENT]: select item0_.id as id1_0_0_, item0_.itemclass as itemclas2_0_0_, item0_.levelreq as levelreq3_0_0_, item0_.name as name4_0_0_, item0_.player_id as player_i5_0_0_ from item item0_ where item0_.id=? for update
19:40:31.465 [main] DEBUG org.hibernate.loader.plan.build.internal.spaces.QuerySpacesImpl - Adding QuerySpace : uid = <gen:0> -> org.hibernate.loader.plan.build.internal.spaces.EntityQuerySpaceImpl@2444c3df]
19:40:31.465 [main] DEBUG org.hibernate.persister.walking.spi.MetamodelGraphWalker - Visiting attribute path : itemclass
19:40:31.465 [main] DEBUG org.hibernate.persister.walking.spi.MetamodelGraphWalker - Visiting attribute path : levelreq
19:40:31.465 [main] DEBUG org.hibernate.persister.walking.spi.MetamodelGraphWalker - Visiting attribute path : name
19:40:31.465 [main] DEBUG org.hibernate.persister.walking.spi.MetamodelGraphWalker - Visiting attribute path : player
19:40:31.465 [main] DEBUG org.hibernate.loader.plan.build.internal.spaces.QuerySpacesImpl - Adding QuerySpace : uid = <gen:1> -> org.hibernate.loader.plan.build.internal.spaces.EntityQuerySpaceImpl@335b3d6]
19:40:31.465 [main] DEBUG org.hibernate.loader.plan.build.internal.FetchStyleLoadPlanBuildingAssociationVisitationStrategy - Building LoadPlan...
19:40:31.465 [main] DEBUG org.hibernate.loader.plan.exec.internal.LoadQueryJoinAndFetchProcessor - processing queryspace <gen:0>
19:40:31.465 [main] DEBUG org.hibernate.loader.plan.build.spi.LoadPlanTreePrinter - LoadPlan(entity=tau.mmo.domain.Item)
    - Returns
       - EntityReturnImpl(entity=tau.mmo.domain.Item, querySpaceUid=<gen:0>, path=tau.mmo.domain.Item)
          - EntityAttributeFetchImpl(entity=tau.mmo.domain.Player, querySpaceUid=<gen:1>, path=tau.mmo.domain.Item.player)
    - QuerySpaces
       - EntityQuerySpaceImpl(uid=<gen:0>, entity=tau.mmo.domain.Item)
          - SQL table alias mapping - item0_
          - alias suffix - 0_
          - suffixed key columns - {id1_0_0_}

19:40:31.465 [main] DEBUG org.hibernate.loader.entity.plan.EntityLoader - Static select for entity tau.mmo.domain.Item [OPTIMISTIC]: select item0_.id as id1_0_0_, item0_.itemclass as itemclas2_0_0_, item0_.levelreq as levelreq3_0_0_, item0_.name as name4_0_0_, item0_.player_id as player_i5_0_0_ from item item0_ where item0_.id=?
19:40:31.466 [main] DEBUG org.hibernate.loader.plan.build.internal.spaces.QuerySpacesImpl - Adding QuerySpace : uid = <gen:0> -> org.hibernate.loader.plan.build.internal.spaces.EntityQuerySpaceImpl@3a5ce4b8]
19:40:31.466 [main] DEBUG org.hibernate.persister.walking.spi.MetamodelGraphWalker - Visiting attribute path : itemclass
19:40:31.466 [main] DEBUG org.hibernate.persister.walking.spi.MetamodelGraphWalker - Visiting attribute path : levelreq
19:40:31.466 [main] DEBUG org.hibernate.persister.walking.spi.MetamodelGraphWalker - Visiting attribute path : name
19:40:31.466 [main] DEBUG org.hibernate.persister.walking.spi.MetamodelGraphWalker - Visiting attribute path : player
19:40:31.466 [main] DEBUG org.hibernate.loader.plan.build.internal.spaces.QuerySpacesImpl - Adding QuerySpace : uid = <gen:1> -> org.hibernate.loader.plan.build.internal.spaces.EntityQuerySpaceImpl@1607d391]
19:40:31.466 [main] DEBUG org.hibernate.loader.plan.build.internal.FetchStyleLoadPlanBuildingAssociationVisitationStrategy - Building LoadPlan...
19:40:31.466 [main] DEBUG org.hibernate.loader.plan.exec.internal.LoadQueryJoinAndFetchProcessor - processing queryspace <gen:0>
19:40:31.466 [main] DEBUG org.hibernate.loader.plan.build.spi.LoadPlanTreePrinter - LoadPlan(entity=tau.mmo.domain.Item)
    - Returns
       - EntityReturnImpl(entity=tau.mmo.domain.Item, querySpaceUid=<gen:0>, path=tau.mmo.domain.Item)
          - EntityAttributeFetchImpl(entity=tau.mmo.domain.Player, querySpaceUid=<gen:1>, path=tau.mmo.domain.Item.player)
    - QuerySpaces
       - EntityQuerySpaceImpl(uid=<gen:0>, entity=tau.mmo.domain.Item)
          - SQL table alias mapping - item0_
          - alias suffix - 0_
          - suffixed key columns - {id1_0_0_}

19:40:31.466 [main] DEBUG org.hibernate.loader.entity.plan.EntityLoader - Static select for entity tau.mmo.domain.Item [OPTIMISTIC_FORCE_INCREMENT]: select item0_.id as id1_0_0_, item0_.itemclass as itemclas2_0_0_, item0_.levelreq as levelreq3_0_0_, item0_.name as name4_0_0_, item0_.player_id as player_i5_0_0_ from item item0_ where item0_.id=?
19:40:31.466 [main] DEBUG org.hibernate.loader.Loader - Static select for action ACTION_MERGE on entity tau.mmo.domain.Item: select item0_.id as id1_0_0_, item0_.itemclass as itemclas2_0_0_, item0_.levelreq as levelreq3_0_0_, item0_.name as name4_0_0_, item0_.player_id as player_i5_0_0_ from item item0_ where item0_.id=?
19:40:31.466 [main] DEBUG org.hibernate.loader.Loader - Static select for action ACTION_REFRESH on entity tau.mmo.domain.Item: select item0_.id as id1_0_0_, item0_.itemclass as itemclas2_0_0_, item0_.levelreq as levelreq3_0_0_, item0_.name as name4_0_0_, item0_.player_id as player_i5_0_0_ from item item0_ where item0_.id=?
19:40:31.466 [main] DEBUG org.hibernate.persister.entity.AbstractEntityPersister - Static SQL for entity: tau.mmo.domain.Player
19:40:31.466 [main] DEBUG org.hibernate.persister.entity.AbstractEntityPersister -  Version select: select id from player where id =?
19:40:31.466 [main] DEBUG org.hibernate.persister.entity.AbstractEntityPersister -  Snapshot select: select player_.id, player_.heroclass as heroclas2_1_, player_.level as level3_1_, player_.name as name4_1_ from player player_ where player_.id=?
19:40:31.466 [main] DEBUG org.hibernate.persister.entity.AbstractEntityPersister -  Insert 0: insert into player (heroclass, level, name, id) values (?, ?, ?, ?)
19:40:31.466 [main] DEBUG org.hibernate.persister.entity.AbstractEntityPersister -  Update 0: update player set heroclass=?, level=?, name=? where id=?
19:40:31.466 [main] DEBUG org.hibernate.persister.entity.AbstractEntityPersister -  Delete 0: delete from player where id=?
19:40:31.466 [main] DEBUG org.hibernate.loader.plan.build.internal.spaces.QuerySpacesImpl - Adding QuerySpace : uid = <gen:0> -> org.hibernate.loader.plan.build.internal.spaces.EntityQuerySpaceImpl@38826984]
19:40:31.467 [main] DEBUG org.hibernate.persister.walking.spi.MetamodelGraphWalker - Visiting attribute path : heroclass
19:40:31.467 [main] DEBUG org.hibernate.persister.walking.spi.MetamodelGraphWalker - Visiting attribute path : items
19:40:31.467 [main] DEBUG org.hibernate.loader.plan.build.internal.spaces.QuerySpacesImpl - Adding QuerySpace : uid = <gen:1> -> org.hibernate.loader.plan.build.internal.spaces.CollectionQuerySpaceImpl@792e8181]
19:40:31.467 [main] DEBUG org.hibernate.loader.plan.build.internal.spaces.QuerySpacesImpl - Adding QuerySpace : uid = <gen:2> -> org.hibernate.loader.plan.build.internal.spaces.EntityQuerySpaceImpl@511d5e6e]
19:40:31.467 [main] DEBUG org.hibernate.persister.walking.spi.MetamodelGraphWalker - Visiting attribute path : items.itemclass
19:40:31.467 [main] DEBUG org.hibernate.persister.walking.spi.MetamodelGraphWalker - Visiting attribute path : items.levelreq
19:40:31.467 [main] DEBUG org.hibernate.persister.walking.spi.MetamodelGraphWalker - Visiting attribute path : items.name
19:40:31.467 [main] DEBUG org.hibernate.persister.walking.spi.MetamodelGraphWalker - Visiting attribute path : items.player
19:40:31.467 [main] DEBUG org.hibernate.persister.walking.spi.MetamodelGraphWalker - Property path deemed to be circular : items.player
19:40:31.467 [main] DEBUG org.hibernate.persister.walking.spi.MetamodelGraphWalker - Visiting attribute path : level
19:40:31.467 [main] DEBUG org.hibernate.persister.walking.spi.MetamodelGraphWalker - Visiting attribute path : name
19:40:31.467 [main] DEBUG org.hibernate.loader.plan.build.internal.FetchStyleLoadPlanBuildingAssociationVisitationStrategy - Building LoadPlan...
19:40:31.467 [main] DEBUG org.hibernate.loader.plan.exec.internal.LoadQueryJoinAndFetchProcessor - processing queryspace <gen:0>
19:40:31.467 [main] DEBUG org.hibernate.loader.plan.build.spi.LoadPlanTreePrinter - LoadPlan(entity=tau.mmo.domain.Player)
    - Returns
       - EntityReturnImpl(entity=tau.mmo.domain.Player, querySpaceUid=<gen:0>, path=tau.mmo.domain.Player)
          - CollectionAttributeFetchImpl(collection=tau.mmo.domain.Player.items, querySpaceUid=<gen:1>, path=tau.mmo.domain.Player.items)
             - (collection element) CollectionFetchableElementEntityGraph(entity=tau.mmo.domain.Item, querySpaceUid=<gen:2>, path=tau.mmo.domain.Player.items.<elements>)
    - QuerySpaces
       - EntityQuerySpaceImpl(uid=<gen:0>, entity=tau.mmo.domain.Player)
          - SQL table alias mapping - player0_
          - alias suffix - 0_
          - suffixed key columns - {id1_1_0_}
          - JOIN (JoinDefinedByMetadata(items)) : <gen:0> -> <gen:1>
             - CollectionQuerySpaceImpl(uid=<gen:1>, collection=tau.mmo.domain.Player.items)
                - SQL table alias mapping - items1_
                - alias suffix - 1_
                - suffixed key columns - {player_i5_0_1_}
                - entity-element alias suffix - 2_
                - 2_entity-element suffixed key columns - id1_0_2_
                - JOIN (JoinDefinedByMetadata(elements)) : <gen:1> -> <gen:2>
                   - EntityQuerySpaceImpl(uid=<gen:2>, entity=tau.mmo.domain.Item)
                      - SQL table alias mapping - items1_
                      - alias suffix - 2_
                      - suffixed key columns - {id1_0_2_}

19:40:31.467 [main] DEBUG org.hibernate.loader.entity.plan.EntityLoader - Static select for entity tau.mmo.domain.Player [NONE]: select player0_.id as id1_1_0_, player0_.heroclass as heroclas2_1_0_, player0_.level as level3_1_0_, player0_.name as name4_1_0_, items1_.player_id as player_i5_0_1_, items1_.id as id1_0_1_, items1_.id as id1_0_2_, items1_.itemclass as itemclas2_0_2_, items1_.levelreq as levelreq3_0_2_, items1_.name as name4_0_2_, items1_.player_id as player_i5_0_2_ from player player0_ left outer join item items1_ on player0_.id=items1_.player_id where player0_.id=?
19:40:31.467 [main] DEBUG org.hibernate.loader.plan.build.internal.spaces.QuerySpacesImpl - Adding QuerySpace : uid = <gen:0> -> org.hibernate.loader.plan.build.internal.spaces.EntityQuerySpaceImpl@23bd2f6e]
19:40:31.467 [main] DEBUG org.hibernate.persister.walking.spi.MetamodelGraphWalker - Visiting attribute path : heroclass
19:40:31.467 [main] DEBUG org.hibernate.persister.walking.spi.MetamodelGraphWalker - Visiting attribute path : items
19:40:31.468 [main] DEBUG org.hibernate.loader.plan.build.internal.spaces.QuerySpacesImpl - Adding QuerySpace : uid = <gen:1> -> org.hibernate.loader.plan.build.internal.spaces.CollectionQuerySpaceImpl@2430cf17]
19:40:31.468 [main] DEBUG org.hibernate.loader.plan.build.internal.spaces.QuerySpacesImpl - Adding QuerySpace : uid = <gen:2> -> org.hibernate.loader.plan.build.internal.spaces.EntityQuerySpaceImpl@1e95f584]
19:40:31.468 [main] DEBUG org.hibernate.persister.walking.spi.MetamodelGraphWalker - Visiting attribute path : items.itemclass
19:40:31.468 [main] DEBUG org.hibernate.persister.walking.spi.MetamodelGraphWalker - Visiting attribute path : items.levelreq
19:40:31.468 [main] DEBUG org.hibernate.persister.walking.spi.MetamodelGraphWalker - Visiting attribute path : items.name
19:40:31.468 [main] DEBUG org.hibernate.persister.walking.spi.MetamodelGraphWalker - Visiting attribute path : items.player
19:40:31.468 [main] DEBUG org.hibernate.persister.walking.spi.MetamodelGraphWalker - Property path deemed to be circular : items.player
19:40:31.468 [main] DEBUG org.hibernate.persister.walking.spi.MetamodelGraphWalker - Visiting attribute path : level
19:40:31.468 [main] DEBUG org.hibernate.persister.walking.spi.MetamodelGraphWalker - Visiting attribute path : name
19:40:31.468 [main] DEBUG org.hibernate.loader.plan.build.internal.FetchStyleLoadPlanBuildingAssociationVisitationStrategy - Building LoadPlan...
19:40:31.468 [main] DEBUG org.hibernate.loader.plan.exec.internal.LoadQueryJoinAndFetchProcessor - processing queryspace <gen:0>
19:40:31.468 [main] DEBUG org.hibernate.loader.plan.build.spi.LoadPlanTreePrinter - LoadPlan(entity=tau.mmo.domain.Player)
    - Returns
       - EntityReturnImpl(entity=tau.mmo.domain.Player, querySpaceUid=<gen:0>, path=tau.mmo.domain.Player)
          - CollectionAttributeFetchImpl(collection=tau.mmo.domain.Player.items, querySpaceUid=<gen:1>, path=tau.mmo.domain.Player.items)
             - (collection element) CollectionFetchableElementEntityGraph(entity=tau.mmo.domain.Item, querySpaceUid=<gen:2>, path=tau.mmo.domain.Player.items.<elements>)
    - QuerySpaces
       - EntityQuerySpaceImpl(uid=<gen:0>, entity=tau.mmo.domain.Player)
          - SQL table alias mapping - player0_
          - alias suffix - 0_
          - suffixed key columns - {id1_1_0_}
          - JOIN (JoinDefinedByMetadata(items)) : <gen:0> -> <gen:1>
             - CollectionQuerySpaceImpl(uid=<gen:1>, collection=tau.mmo.domain.Player.items)
                - SQL table alias mapping - items1_
                - alias suffix - 1_
                - suffixed key columns - {player_i5_0_1_}
                - entity-element alias suffix - 2_
                - 2_entity-element suffixed key columns - id1_0_2_
                - JOIN (JoinDefinedByMetadata(elements)) : <gen:1> -> <gen:2>
                   - EntityQuerySpaceImpl(uid=<gen:2>, entity=tau.mmo.domain.Item)
                      - SQL table alias mapping - items1_
                      - alias suffix - 2_
                      - suffixed key columns - {id1_0_2_}

19:40:31.468 [main] DEBUG org.hibernate.loader.entity.plan.EntityLoader - Static select for entity tau.mmo.domain.Player [READ]: select player0_.id as id1_1_0_, player0_.heroclass as heroclas2_1_0_, player0_.level as level3_1_0_, player0_.name as name4_1_0_, items1_.player_id as player_i5_0_1_, items1_.id as id1_0_1_, items1_.id as id1_0_2_, items1_.itemclass as itemclas2_0_2_, items1_.levelreq as levelreq3_0_2_, items1_.name as name4_0_2_, items1_.player_id as player_i5_0_2_ from player player0_ left outer join item items1_ on player0_.id=items1_.player_id where player0_.id=?
19:40:31.468 [main] DEBUG org.hibernate.loader.plan.build.internal.spaces.QuerySpacesImpl - Adding QuerySpace : uid = <gen:0> -> org.hibernate.loader.plan.build.internal.spaces.EntityQuerySpaceImpl@299eca90]
19:40:31.468 [main] DEBUG org.hibernate.persister.walking.spi.MetamodelGraphWalker - Visiting attribute path : heroclass
19:40:31.468 [main] DEBUG org.hibernate.persister.walking.spi.MetamodelGraphWalker - Visiting attribute path : items
19:40:31.469 [main] DEBUG org.hibernate.loader.plan.build.internal.spaces.QuerySpacesImpl - Adding QuerySpace : uid = <gen:1> -> org.hibernate.loader.plan.build.internal.spaces.CollectionQuerySpaceImpl@76b05c0]
19:40:31.469 [main] DEBUG org.hibernate.loader.plan.build.internal.spaces.QuerySpacesImpl - Adding QuerySpace : uid = <gen:2> -> org.hibernate.loader.plan.build.internal.spaces.EntityQuerySpaceImpl@2b974137]
19:40:31.469 [main] DEBUG org.hibernate.persister.walking.spi.MetamodelGraphWalker - Visiting attribute path : level
19:40:31.469 [main] DEBUG org.hibernate.persister.walking.spi.MetamodelGraphWalker - Visiting attribute path : name
19:40:31.469 [main] DEBUG org.hibernate.loader.plan.build.internal.FetchStyleLoadPlanBuildingAssociationVisitationStrategy - Building LoadPlan...
19:40:31.469 [main] DEBUG org.hibernate.loader.plan.exec.internal.LoadQueryJoinAndFetchProcessor - processing queryspace <gen:0>
19:40:31.469 [main] DEBUG org.hibernate.loader.plan.build.spi.LoadPlanTreePrinter - LoadPlan(entity=tau.mmo.domain.Player)
    - Returns
       - EntityReturnImpl(entity=tau.mmo.domain.Player, querySpaceUid=<gen:0>, path=tau.mmo.domain.Player)
          - CollectionAttributeFetchImpl(collection=tau.mmo.domain.Player.items, querySpaceUid=<gen:1>, path=tau.mmo.domain.Player.items)
             - (collection element) CollectionFetchableElementEntityGraph(entity=tau.mmo.domain.Item, querySpaceUid=<gen:2>, path=tau.mmo.domain.Player.items.<elements>)
    - QuerySpaces
       - EntityQuerySpaceImpl(uid=<gen:0>, entity=tau.mmo.domain.Player)
          - SQL table alias mapping - player0_
          - alias suffix - 0_
          - suffixed key columns - {id1_1_0_}

19:40:31.469 [main] DEBUG org.hibernate.loader.entity.plan.EntityLoader - Static select for entity tau.mmo.domain.Player [UPGRADE]: select player0_.id as id1_1_0_, player0_.heroclass as heroclas2_1_0_, player0_.level as level3_1_0_, player0_.name as name4_1_0_ from player player0_ where player0_.id=? for update
19:40:31.470 [main] DEBUG org.hibernate.loader.plan.build.internal.spaces.QuerySpacesImpl - Adding QuerySpace : uid = <gen:0> -> org.hibernate.loader.plan.build.internal.spaces.EntityQuerySpaceImpl@7402c49f]
19:40:31.470 [main] DEBUG org.hibernate.persister.walking.spi.MetamodelGraphWalker - Visiting attribute path : heroclass
19:40:31.470 [main] DEBUG org.hibernate.persister.walking.spi.MetamodelGraphWalker - Visiting attribute path : items
19:40:31.470 [main] DEBUG org.hibernate.loader.plan.build.internal.spaces.QuerySpacesImpl - Adding QuerySpace : uid = <gen:1> -> org.hibernate.loader.plan.build.internal.spaces.CollectionQuerySpaceImpl@2382b2f]
19:40:31.470 [main] DEBUG org.hibernate.loader.plan.build.internal.spaces.QuerySpacesImpl - Adding QuerySpace : uid = <gen:2> -> org.hibernate.loader.plan.build.internal.spaces.EntityQuerySpaceImpl@13374ca6]
19:40:31.470 [main] DEBUG org.hibernate.persister.walking.spi.MetamodelGraphWalker - Visiting attribute path : level
19:40:31.470 [main] DEBUG org.hibernate.persister.walking.spi.MetamodelGraphWalker - Visiting attribute path : name
19:40:31.470 [main] DEBUG org.hibernate.loader.plan.build.internal.FetchStyleLoadPlanBuildingAssociationVisitationStrategy - Building LoadPlan...
19:40:31.470 [main] DEBUG org.hibernate.loader.plan.exec.internal.LoadQueryJoinAndFetchProcessor - processing queryspace <gen:0>
19:40:31.470 [main] DEBUG org.hibernate.loader.plan.build.spi.LoadPlanTreePrinter - LoadPlan(entity=tau.mmo.domain.Player)
    - Returns
       - EntityReturnImpl(entity=tau.mmo.domain.Player, querySpaceUid=<gen:0>, path=tau.mmo.domain.Player)
          - CollectionAttributeFetchImpl(collection=tau.mmo.domain.Player.items, querySpaceUid=<gen:1>, path=tau.mmo.domain.Player.items)
             - (collection element) CollectionFetchableElementEntityGraph(entity=tau.mmo.domain.Item, querySpaceUid=<gen:2>, path=tau.mmo.domain.Player.items.<elements>)
    - QuerySpaces
       - EntityQuerySpaceImpl(uid=<gen:0>, entity=tau.mmo.domain.Player)
          - SQL table alias mapping - player0_
          - alias suffix - 0_
          - suffixed key columns - {id1_1_0_}

19:40:31.470 [main] DEBUG org.hibernate.loader.entity.plan.EntityLoader - Static select for entity tau.mmo.domain.Player [UPGRADE_NOWAIT]: select player0_.id as id1_1_0_, player0_.heroclass as heroclas2_1_0_, player0_.level as level3_1_0_, player0_.name as name4_1_0_ from player player0_ where player0_.id=? for update
19:40:31.470 [main] DEBUG org.hibernate.loader.plan.build.internal.spaces.QuerySpacesImpl - Adding QuerySpace : uid = <gen:0> -> org.hibernate.loader.plan.build.internal.spaces.EntityQuerySpaceImpl@71734463]
19:40:31.470 [main] DEBUG org.hibernate.persister.walking.spi.MetamodelGraphWalker - Visiting attribute path : heroclass
19:40:31.470 [main] DEBUG org.hibernate.persister.walking.spi.MetamodelGraphWalker - Visiting attribute path : items
19:40:31.470 [main] DEBUG org.hibernate.loader.plan.build.internal.spaces.QuerySpacesImpl - Adding QuerySpace : uid = <gen:1> -> org.hibernate.loader.plan.build.internal.spaces.CollectionQuerySpaceImpl@7cbf4f8c]
19:40:31.470 [main] DEBUG org.hibernate.loader.plan.build.internal.spaces.QuerySpacesImpl - Adding QuerySpace : uid = <gen:2> -> org.hibernate.loader.plan.build.internal.spaces.EntityQuerySpaceImpl@55c46ec1]
19:40:31.470 [main] DEBUG org.hibernate.persister.walking.spi.MetamodelGraphWalker - Visiting attribute path : level
19:40:31.470 [main] DEBUG org.hibernate.persister.walking.spi.MetamodelGraphWalker - Visiting attribute path : name
19:40:31.470 [main] DEBUG org.hibernate.loader.plan.build.internal.FetchStyleLoadPlanBuildingAssociationVisitationStrategy - Building LoadPlan...
19:40:31.470 [main] DEBUG org.hibernate.loader.plan.exec.internal.LoadQueryJoinAndFetchProcessor - processing queryspace <gen:0>
19:40:31.471 [main] DEBUG org.hibernate.loader.plan.build.spi.LoadPlanTreePrinter - LoadPlan(entity=tau.mmo.domain.Player)
    - Returns
       - EntityReturnImpl(entity=tau.mmo.domain.Player, querySpaceUid=<gen:0>, path=tau.mmo.domain.Player)
          - CollectionAttributeFetchImpl(collection=tau.mmo.domain.Player.items, querySpaceUid=<gen:1>, path=tau.mmo.domain.Player.items)
             - (collection element) CollectionFetchableElementEntityGraph(entity=tau.mmo.domain.Item, querySpaceUid=<gen:2>, path=tau.mmo.domain.Player.items.<elements>)
    - QuerySpaces
       - EntityQuerySpaceImpl(uid=<gen:0>, entity=tau.mmo.domain.Player)
          - SQL table alias mapping - player0_
          - alias suffix - 0_
          - suffixed key columns - {id1_1_0_}

19:40:31.471 [main] DEBUG org.hibernate.loader.entity.plan.EntityLoader - Static select for entity tau.mmo.domain.Player [UPGRADE_SKIPLOCKED]: select player0_.id as id1_1_0_, player0_.heroclass as heroclas2_1_0_, player0_.level as level3_1_0_, player0_.name as name4_1_0_ from player player0_ where player0_.id=? for update
19:40:31.471 [main] DEBUG org.hibernate.loader.plan.build.internal.spaces.QuerySpacesImpl - Adding QuerySpace : uid = <gen:0> -> org.hibernate.loader.plan.build.internal.spaces.EntityQuerySpaceImpl@3eff6846]
19:40:31.471 [main] DEBUG org.hibernate.persister.walking.spi.MetamodelGraphWalker - Visiting attribute path : heroclass
19:40:31.471 [main] DEBUG org.hibernate.persister.walking.spi.MetamodelGraphWalker - Visiting attribute path : items
19:40:31.471 [main] DEBUG org.hibernate.loader.plan.build.internal.spaces.QuerySpacesImpl - Adding QuerySpace : uid = <gen:1> -> org.hibernate.loader.plan.build.internal.spaces.CollectionQuerySpaceImpl@6ca33187]
19:40:31.471 [main] DEBUG org.hibernate.loader.plan.build.internal.spaces.QuerySpacesImpl - Adding QuerySpace : uid = <gen:2> -> org.hibernate.loader.plan.build.internal.spaces.EntityQuerySpaceImpl@1a67f8b4]
19:40:31.471 [main] DEBUG org.hibernate.persister.walking.spi.MetamodelGraphWalker - Visiting attribute path : level
19:40:31.471 [main] DEBUG org.hibernate.persister.walking.spi.MetamodelGraphWalker - Visiting attribute path : name
19:40:31.471 [main] DEBUG org.hibernate.loader.plan.build.internal.FetchStyleLoadPlanBuildingAssociationVisitationStrategy - Building LoadPlan...
19:40:31.471 [main] DEBUG org.hibernate.loader.plan.exec.internal.LoadQueryJoinAndFetchProcessor - processing queryspace <gen:0>
19:40:31.471 [main] DEBUG org.hibernate.loader.plan.build.spi.LoadPlanTreePrinter - LoadPlan(entity=tau.mmo.domain.Player)
    - Returns
       - EntityReturnImpl(entity=tau.mmo.domain.Player, querySpaceUid=<gen:0>, path=tau.mmo.domain.Player)
          - CollectionAttributeFetchImpl(collection=tau.mmo.domain.Player.items, querySpaceUid=<gen:1>, path=tau.mmo.domain.Player.items)
             - (collection element) CollectionFetchableElementEntityGraph(entity=tau.mmo.domain.Item, querySpaceUid=<gen:2>, path=tau.mmo.domain.Player.items.<elements>)
    - QuerySpaces
       - EntityQuerySpaceImpl(uid=<gen:0>, entity=tau.mmo.domain.Player)
          - SQL table alias mapping - player0_
          - alias suffix - 0_
          - suffixed key columns - {id1_1_0_}

19:40:31.471 [main] DEBUG org.hibernate.loader.entity.plan.EntityLoader - Static select for entity tau.mmo.domain.Player [FORCE]: select player0_.id as id1_1_0_, player0_.heroclass as heroclas2_1_0_, player0_.level as level3_1_0_, player0_.name as name4_1_0_ from player player0_ where player0_.id=? for update
19:40:31.471 [main] DEBUG org.hibernate.loader.plan.build.internal.spaces.QuerySpacesImpl - Adding QuerySpace : uid = <gen:0> -> org.hibernate.loader.plan.build.internal.spaces.EntityQuerySpaceImpl@5f1f0ee6]
19:40:31.472 [main] DEBUG org.hibernate.persister.walking.spi.MetamodelGraphWalker - Visiting attribute path : heroclass
19:40:31.472 [main] DEBUG org.hibernate.persister.walking.spi.MetamodelGraphWalker - Visiting attribute path : items
19:40:31.472 [main] DEBUG org.hibernate.loader.plan.build.internal.spaces.QuerySpacesImpl - Adding QuerySpace : uid = <gen:1> -> org.hibernate.loader.plan.build.internal.spaces.CollectionQuerySpaceImpl@76fc5687]
19:40:31.472 [main] DEBUG org.hibernate.loader.plan.build.internal.spaces.QuerySpacesImpl - Adding QuerySpace : uid = <gen:2> -> org.hibernate.loader.plan.build.internal.spaces.EntityQuerySpaceImpl@53fbb2b4]
19:40:31.472 [main] DEBUG org.hibernate.persister.walking.spi.MetamodelGraphWalker - Visiting attribute path : level
19:40:31.472 [main] DEBUG org.hibernate.persister.walking.spi.MetamodelGraphWalker - Visiting attribute path : name
19:40:31.472 [main] DEBUG org.hibernate.loader.plan.build.internal.FetchStyleLoadPlanBuildingAssociationVisitationStrategy - Building LoadPlan...
19:40:31.472 [main] DEBUG org.hibernate.loader.plan.exec.internal.LoadQueryJoinAndFetchProcessor - processing queryspace <gen:0>
19:40:31.472 [main] DEBUG org.hibernate.loader.plan.build.spi.LoadPlanTreePrinter - LoadPlan(entity=tau.mmo.domain.Player)
    - Returns
       - EntityReturnImpl(entity=tau.mmo.domain.Player, querySpaceUid=<gen:0>, path=tau.mmo.domain.Player)
          - CollectionAttributeFetchImpl(collection=tau.mmo.domain.Player.items, querySpaceUid=<gen:1>, path=tau.mmo.domain.Player.items)
             - (collection element) CollectionFetchableElementEntityGraph(entity=tau.mmo.domain.Item, querySpaceUid=<gen:2>, path=tau.mmo.domain.Player.items.<elements>)
    - QuerySpaces
       - EntityQuerySpaceImpl(uid=<gen:0>, entity=tau.mmo.domain.Player)
          - SQL table alias mapping - player0_
          - alias suffix - 0_
          - suffixed key columns - {id1_1_0_}

19:40:31.473 [main] DEBUG org.hibernate.loader.entity.plan.EntityLoader - Static select for entity tau.mmo.domain.Player [PESSIMISTIC_READ]: select player0_.id as id1_1_0_, player0_.heroclass as heroclas2_1_0_, player0_.level as level3_1_0_, player0_.name as name4_1_0_ from player player0_ where player0_.id=? for update
19:40:31.473 [main] DEBUG org.hibernate.loader.plan.build.internal.spaces.QuerySpacesImpl - Adding QuerySpace : uid = <gen:0> -> org.hibernate.loader.plan.build.internal.spaces.EntityQuerySpaceImpl@7434ee13]
19:40:31.473 [main] DEBUG org.hibernate.persister.walking.spi.MetamodelGraphWalker - Visiting attribute path : heroclass
19:40:31.473 [main] DEBUG org.hibernate.persister.walking.spi.MetamodelGraphWalker - Visiting attribute path : items
19:40:31.473 [main] DEBUG org.hibernate.loader.plan.build.internal.spaces.QuerySpacesImpl - Adding QuerySpace : uid = <gen:1> -> org.hibernate.loader.plan.build.internal.spaces.CollectionQuerySpaceImpl@50fd739d]
19:40:31.473 [main] DEBUG org.hibernate.loader.plan.build.internal.spaces.QuerySpacesImpl - Adding QuerySpace : uid = <gen:2> -> org.hibernate.loader.plan.build.internal.spaces.EntityQuerySpaceImpl@5e1d1524]
19:40:31.473 [main] DEBUG org.hibernate.persister.walking.spi.MetamodelGraphWalker - Visiting attribute path : level
19:40:31.473 [main] DEBUG org.hibernate.persister.walking.spi.MetamodelGraphWalker - Visiting attribute path : name
19:40:31.473 [main] DEBUG org.hibernate.loader.plan.build.internal.FetchStyleLoadPlanBuildingAssociationVisitationStrategy - Building LoadPlan...
19:40:31.473 [main] DEBUG org.hibernate.loader.plan.exec.internal.LoadQueryJoinAndFetchProcessor - processing queryspace <gen:0>
19:40:31.473 [main] DEBUG org.hibernate.loader.plan.build.spi.LoadPlanTreePrinter - LoadPlan(entity=tau.mmo.domain.Player)
    - Returns
       - EntityReturnImpl(entity=tau.mmo.domain.Player, querySpaceUid=<gen:0>, path=tau.mmo.domain.Player)
          - CollectionAttributeFetchImpl(collection=tau.mmo.domain.Player.items, querySpaceUid=<gen:1>, path=tau.mmo.domain.Player.items)
             - (collection element) CollectionFetchableElementEntityGraph(entity=tau.mmo.domain.Item, querySpaceUid=<gen:2>, path=tau.mmo.domain.Player.items.<elements>)
    - QuerySpaces
       - EntityQuerySpaceImpl(uid=<gen:0>, entity=tau.mmo.domain.Player)
          - SQL table alias mapping - player0_
          - alias suffix - 0_
          - suffixed key columns - {id1_1_0_}

19:40:31.473 [main] DEBUG org.hibernate.loader.entity.plan.EntityLoader - Static select for entity tau.mmo.domain.Player [PESSIMISTIC_WRITE]: select player0_.id as id1_1_0_, player0_.heroclass as heroclas2_1_0_, player0_.level as level3_1_0_, player0_.name as name4_1_0_ from player player0_ where player0_.id=? for update
19:40:31.473 [main] DEBUG org.hibernate.loader.plan.build.internal.spaces.QuerySpacesImpl - Adding QuerySpace : uid = <gen:0> -> org.hibernate.loader.plan.build.internal.spaces.EntityQuerySpaceImpl@d0a2c82]
19:40:31.473 [main] DEBUG org.hibernate.persister.walking.spi.MetamodelGraphWalker - Visiting attribute path : heroclass
19:40:31.473 [main] DEBUG org.hibernate.persister.walking.spi.MetamodelGraphWalker - Visiting attribute path : items
19:40:31.473 [main] DEBUG org.hibernate.loader.plan.build.internal.spaces.QuerySpacesImpl - Adding QuerySpace : uid = <gen:1> -> org.hibernate.loader.plan.build.internal.spaces.CollectionQuerySpaceImpl@78504ce9]
19:40:31.473 [main] DEBUG org.hibernate.loader.plan.build.internal.spaces.QuerySpacesImpl - Adding QuerySpace : uid = <gen:2> -> org.hibernate.loader.plan.build.internal.spaces.EntityQuerySpaceImpl@4e52d2f2]
19:40:31.473 [main] DEBUG org.hibernate.persister.walking.spi.MetamodelGraphWalker - Visiting attribute path : level
19:40:31.473 [main] DEBUG org.hibernate.persister.walking.spi.MetamodelGraphWalker - Visiting attribute path : name
19:40:31.473 [main] DEBUG org.hibernate.loader.plan.build.internal.FetchStyleLoadPlanBuildingAssociationVisitationStrategy - Building LoadPlan...
19:40:31.473 [main] DEBUG org.hibernate.loader.plan.exec.internal.LoadQueryJoinAndFetchProcessor - processing queryspace <gen:0>
19:40:31.474 [main] DEBUG org.hibernate.loader.plan.build.spi.LoadPlanTreePrinter - LoadPlan(entity=tau.mmo.domain.Player)
    - Returns
       - EntityReturnImpl(entity=tau.mmo.domain.Player, querySpaceUid=<gen:0>, path=tau.mmo.domain.Player)
          - CollectionAttributeFetchImpl(collection=tau.mmo.domain.Player.items, querySpaceUid=<gen:1>, path=tau.mmo.domain.Player.items)
             - (collection element) CollectionFetchableElementEntityGraph(entity=tau.mmo.domain.Item, querySpaceUid=<gen:2>, path=tau.mmo.domain.Player.items.<elements>)
    - QuerySpaces
       - EntityQuerySpaceImpl(uid=<gen:0>, entity=tau.mmo.domain.Player)
          - SQL table alias mapping - player0_
          - alias suffix - 0_
          - suffixed key columns - {id1_1_0_}

19:40:31.474 [main] DEBUG org.hibernate.loader.entity.plan.EntityLoader - Static select for entity tau.mmo.domain.Player [PESSIMISTIC_FORCE_INCREMENT]: select player0_.id as id1_1_0_, player0_.heroclass as heroclas2_1_0_, player0_.level as level3_1_0_, player0_.name as name4_1_0_ from player player0_ where player0_.id=? for update
19:40:31.474 [main] DEBUG org.hibernate.loader.plan.build.internal.spaces.QuerySpacesImpl - Adding QuerySpace : uid = <gen:0> -> org.hibernate.loader.plan.build.internal.spaces.EntityQuerySpaceImpl@12608986]
19:40:31.474 [main] DEBUG org.hibernate.persister.walking.spi.MetamodelGraphWalker - Visiting attribute path : heroclass
19:40:31.474 [main] DEBUG org.hibernate.persister.walking.spi.MetamodelGraphWalker - Visiting attribute path : items
19:40:31.474 [main] DEBUG org.hibernate.loader.plan.build.internal.spaces.QuerySpacesImpl - Adding QuerySpace : uid = <gen:1> -> org.hibernate.loader.plan.build.internal.spaces.CollectionQuerySpaceImpl@7ec508e6]
19:40:31.474 [main] DEBUG org.hibernate.loader.plan.build.internal.spaces.QuerySpacesImpl - Adding QuerySpace : uid = <gen:2> -> org.hibernate.loader.plan.build.internal.spaces.EntityQuerySpaceImpl@26d8908e]
19:40:31.474 [main] DEBUG org.hibernate.persister.walking.spi.MetamodelGraphWalker - Visiting attribute path : level
19:40:31.474 [main] DEBUG org.hibernate.persister.walking.spi.MetamodelGraphWalker - Visiting attribute path : name
19:40:31.474 [main] DEBUG org.hibernate.loader.plan.build.internal.FetchStyleLoadPlanBuildingAssociationVisitationStrategy - Building LoadPlan...
19:40:31.474 [main] DEBUG org.hibernate.loader.plan.exec.internal.LoadQueryJoinAndFetchProcessor - processing queryspace <gen:0>
19:40:31.474 [main] DEBUG org.hibernate.loader.plan.build.spi.LoadPlanTreePrinter - LoadPlan(entity=tau.mmo.domain.Player)
    - Returns
       - EntityReturnImpl(entity=tau.mmo.domain.Player, querySpaceUid=<gen:0>, path=tau.mmo.domain.Player)
          - CollectionAttributeFetchImpl(collection=tau.mmo.domain.Player.items, querySpaceUid=<gen:1>, path=tau.mmo.domain.Player.items)
             - (collection element) CollectionFetchableElementEntityGraph(entity=tau.mmo.domain.Item, querySpaceUid=<gen:2>, path=tau.mmo.domain.Player.items.<elements>)
    - QuerySpaces
       - EntityQuerySpaceImpl(uid=<gen:0>, entity=tau.mmo.domain.Player)
          - SQL table alias mapping - player0_
          - alias suffix - 0_
          - suffixed key columns - {id1_1_0_}

19:40:31.474 [main] DEBUG org.hibernate.loader.entity.plan.EntityLoader - Static select for entity tau.mmo.domain.Player [OPTIMISTIC]: select player0_.id as id1_1_0_, player0_.heroclass as heroclas2_1_0_, player0_.level as level3_1_0_, player0_.name as name4_1_0_ from player player0_ where player0_.id=?
19:40:31.474 [main] DEBUG org.hibernate.loader.plan.build.internal.spaces.QuerySpacesImpl - Adding QuerySpace : uid = <gen:0> -> org.hibernate.loader.plan.build.internal.spaces.EntityQuerySpaceImpl@30e2016a]
19:40:31.474 [main] DEBUG org.hibernate.persister.walking.spi.MetamodelGraphWalker - Visiting attribute path : heroclass
19:40:31.474 [main] DEBUG org.hibernate.persister.walking.spi.MetamodelGraphWalker - Visiting attribute path : items
19:40:31.475 [main] DEBUG org.hibernate.loader.plan.build.internal.spaces.QuerySpacesImpl - Adding QuerySpace : uid = <gen:1> -> org.hibernate.loader.plan.build.internal.spaces.CollectionQuerySpaceImpl@23a78c77]
19:40:31.475 [main] DEBUG org.hibernate.loader.plan.build.internal.spaces.QuerySpacesImpl - Adding QuerySpace : uid = <gen:2> -> org.hibernate.loader.plan.build.internal.spaces.EntityQuerySpaceImpl@4119346d]
19:40:31.475 [main] DEBUG org.hibernate.persister.walking.spi.MetamodelGraphWalker - Visiting attribute path : level
19:40:31.475 [main] DEBUG org.hibernate.persister.walking.spi.MetamodelGraphWalker - Visiting attribute path : name
19:40:31.475 [main] DEBUG org.hibernate.loader.plan.build.internal.FetchStyleLoadPlanBuildingAssociationVisitationStrategy - Building LoadPlan...
19:40:31.475 [main] DEBUG org.hibernate.loader.plan.exec.internal.LoadQueryJoinAndFetchProcessor - processing queryspace <gen:0>
19:40:31.475 [main] DEBUG org.hibernate.loader.plan.build.spi.LoadPlanTreePrinter - LoadPlan(entity=tau.mmo.domain.Player)
    - Returns
       - EntityReturnImpl(entity=tau.mmo.domain.Player, querySpaceUid=<gen:0>, path=tau.mmo.domain.Player)
          - CollectionAttributeFetchImpl(collection=tau.mmo.domain.Player.items, querySpaceUid=<gen:1>, path=tau.mmo.domain.Player.items)
             - (collection element) CollectionFetchableElementEntityGraph(entity=tau.mmo.domain.Item, querySpaceUid=<gen:2>, path=tau.mmo.domain.Player.items.<elements>)
    - QuerySpaces
       - EntityQuerySpaceImpl(uid=<gen:0>, entity=tau.mmo.domain.Player)
          - SQL table alias mapping - player0_
          - alias suffix - 0_
          - suffixed key columns - {id1_1_0_}

19:40:31.475 [main] DEBUG org.hibernate.loader.entity.plan.EntityLoader - Static select for entity tau.mmo.domain.Player [OPTIMISTIC_FORCE_INCREMENT]: select player0_.id as id1_1_0_, player0_.heroclass as heroclas2_1_0_, player0_.level as level3_1_0_, player0_.name as name4_1_0_ from player player0_ where player0_.id=?
19:40:31.475 [main] DEBUG org.hibernate.loader.Loader - Static select for action ACTION_MERGE on entity tau.mmo.domain.Player: select player0_.id as id1_1_0_, player0_.heroclass as heroclas2_1_0_, player0_.level as level3_1_0_, player0_.name as name4_1_0_ from player player0_ where player0_.id=?
19:40:31.475 [main] DEBUG org.hibernate.loader.Loader - Static select for action ACTION_REFRESH on entity tau.mmo.domain.Player: select player0_.id as id1_1_0_, player0_.heroclass as heroclas2_1_0_, player0_.level as level3_1_0_, player0_.name as name4_1_0_ from player player0_ where player0_.id=?
19:40:31.475 [main] DEBUG org.hibernate.loader.plan.build.internal.spaces.QuerySpacesImpl - Adding QuerySpace : uid = <gen:0> -> org.hibernate.loader.plan.build.internal.spaces.CollectionQuerySpaceImpl@61d09475]
19:40:31.475 [main] DEBUG org.hibernate.loader.plan.build.internal.spaces.QuerySpacesImpl - Adding QuerySpace : uid = <gen:1> -> org.hibernate.loader.plan.build.internal.spaces.EntityQuerySpaceImpl@d0fabc8]
19:40:31.475 [main] DEBUG org.hibernate.persister.walking.spi.MetamodelGraphWalker - Visiting attribute path : itemclass
19:40:31.475 [main] DEBUG org.hibernate.persister.walking.spi.MetamodelGraphWalker - Visiting attribute path : levelreq
19:40:31.475 [main] DEBUG org.hibernate.persister.walking.spi.MetamodelGraphWalker - Visiting attribute path : name
19:40:31.475 [main] DEBUG org.hibernate.persister.walking.spi.MetamodelGraphWalker - Visiting attribute path : player
19:40:31.475 [main] DEBUG org.hibernate.persister.walking.spi.MetamodelGraphWalker - Property path deemed to be circular : player
19:40:31.476 [main] DEBUG org.hibernate.loader.plan.build.internal.FetchStyleLoadPlanBuildingAssociationVisitationStrategy - Building LoadPlan...
19:40:31.476 [main] DEBUG org.hibernate.loader.plan.exec.internal.LoadQueryJoinAndFetchProcessor - processing queryspace <gen:0>
19:40:31.476 [main] DEBUG org.hibernate.loader.plan.build.spi.LoadPlanTreePrinter - LoadPlan(collection=tau.mmo.domain.Player.items)
    - Returns
       - CollectionReturnImpl(collection=tau.mmo.domain.Player.items, querySpaceUid=<gen:0>, path=[tau.mmo.domain.Player.items])
          - (collection element) CollectionFetchableElementEntityGraph(entity=tau.mmo.domain.Item, querySpaceUid=<gen:1>, path=[tau.mmo.domain.Player.items].<elements>)
    - QuerySpaces
       - CollectionQuerySpaceImpl(uid=<gen:0>, collection=tau.mmo.domain.Player.items)
          - SQL table alias mapping - items0_
          - alias suffix - 0_
          - suffixed key columns - {player_i5_0_0_}
          - entity-element alias suffix - 1_
          - 1_entity-element suffixed key columns - id1_0_1_
          - JOIN (JoinDefinedByMetadata(elements)) : <gen:0> -> <gen:1>
             - EntityQuerySpaceImpl(uid=<gen:1>, entity=tau.mmo.domain.Item)
                - SQL table alias mapping - items0_
                - alias suffix - 1_
                - suffixed key columns - {id1_0_1_}

19:40:31.476 [main] DEBUG org.hibernate.loader.collection.plan.CollectionLoader - Static select for collection tau.mmo.domain.Player.items: select items0_.player_id as player_i5_0_0_, items0_.id as id1_0_0_, items0_.id as id1_0_1_, items0_.itemclass as itemclas2_0_1_, items0_.levelreq as levelreq3_0_1_, items0_.name as name4_0_1_, items0_.player_id as player_i5_0_1_ from item items0_ where items0_.player_id=?
19:40:31.476 [main] DEBUG org.hibernate.internal.SessionFactoryImpl - Instantiated session factory
19:40:31.476 [main] DEBUG org.springframework.jdbc.datasource.DriverManagerDataSource - Creating new JDBC DriverManager Connection to [jdbc:hsqldb:hsql://localhost/workdb]
19:40:31.477 [main] DEBUG org.hibernate.engine.jdbc.spi.SqlExceptionHelper - Unable to open JDBC Connection for DDL execution [n/a]
java.sql.SQLTransientConnectionException: java.net.ConnectException: Połączenie odrzucone (Connection refused)
	at org.hsqldb.jdbc.JDBCUtil.sqlException(Unknown Source)
	at org.hsqldb.jdbc.JDBCUtil.sqlException(Unknown Source)
	at org.hsqldb.jdbc.JDBCConnection.<init>(Unknown Source)
	at org.hsqldb.jdbc.JDBCDriver.getConnection(Unknown Source)
	at org.hsqldb.jdbc.JDBCDriver.connect(Unknown Source)
	at java.sql/java.sql.DriverManager.getConnection(DriverManager.java:677)
	at java.sql/java.sql.DriverManager.getConnection(DriverManager.java:189)
	at org.springframework.jdbc.datasource.DriverManagerDataSource.getConnectionFromDriverManager(DriverManagerDataSource.java:154)
	at org.springframework.jdbc.datasource.DriverManagerDataSource.getConnectionFromDriver(DriverManagerDataSource.java:145)
	at org.springframework.jdbc.datasource.AbstractDriverBasedDataSource.getConnectionFromDriver(AbstractDriverBasedDataSource.java:205)
	at org.springframework.jdbc.datasource.AbstractDriverBasedDataSource.getConnection(AbstractDriverBasedDataSource.java:169)
	at org.hibernate.engine.jdbc.connections.internal.DatasourceConnectionProviderImpl.getConnection(DatasourceConnectionProviderImpl.java:122)
	at org.hibernate.engine.jdbc.env.internal.JdbcEnvironmentInitiator$ConnectionProviderJdbcConnectionAccess.obtainConnection(JdbcEnvironmentInitiator.java:180)
	at org.hibernate.resource.transaction.backend.jdbc.internal.DdlTransactionIsolatorNonJtaImpl.getIsolatedConnection(DdlTransactionIsolatorNonJtaImpl.java:43)
	at org.hibernate.tool.schema.internal.exec.ImprovedExtractionContextImpl.getJdbcConnection(ImprovedExtractionContextImpl.java:60)
	at org.hibernate.tool.schema.extract.internal.SequenceInformationExtractorLegacyImpl.extractMetadata(SequenceInformationExtractorLegacyImpl.java:40)
	at org.hibernate.tool.schema.extract.internal.DatabaseInformationImpl.initializeSequences(DatabaseInformationImpl.java:65)
	at org.hibernate.tool.schema.extract.internal.DatabaseInformationImpl.<init>(DatabaseInformationImpl.java:59)
	at org.hibernate.tool.schema.internal.Helper.buildDatabaseInformation(Helper.java:130)
	at org.hibernate.tool.schema.internal.AbstractSchemaMigrator.doMigration(AbstractSchemaMigrator.java:92)
	at org.hibernate.tool.schema.spi.SchemaManagementToolCoordinator.performDatabaseAction(SchemaManagementToolCoordinator.java:176)
	at org.hibernate.tool.schema.spi.SchemaManagementToolCoordinator.process(SchemaManagementToolCoordinator.java:65)
	at org.hibernate.internal.SessionFactoryImpl.<init>(SessionFactoryImpl.java:459)
	at org.hibernate.boot.internal.SessionFactoryBuilderImpl.build(SessionFactoryBuilderImpl.java:465)
	at org.hibernate.cfg.Configuration.buildSessionFactory(Configuration.java:711)
	at org.hibernate.cfg.Configuration.buildSessionFactory(Configuration.java:727)
	at org.springframework.orm.hibernate5.LocalSessionFactoryBean.buildSessionFactory(LocalSessionFactoryBean.java:615)
	at org.springframework.orm.hibernate5.LocalSessionFactoryBean.afterPropertiesSet(LocalSessionFactoryBean.java:599)
	at org.springframework.beans.factory.support.AbstractAutowireCapableBeanFactory.invokeInitMethods(AbstractAutowireCapableBeanFactory.java:1837)
	at org.springframework.beans.factory.support.AbstractAutowireCapableBeanFactory.initializeBean(AbstractAutowireCapableBeanFactory.java:1774)
	at org.springframework.beans.factory.support.AbstractAutowireCapableBeanFactory.doCreateBean(AbstractAutowireCapableBeanFactory.java:593)
	at org.springframework.beans.factory.support.AbstractAutowireCapableBeanFactory.createBean(AbstractAutowireCapableBeanFactory.java:515)
	at org.springframework.beans.factory.support.AbstractBeanFactory.lambda$doGetBean$0(AbstractBeanFactory.java:320)
	at org.springframework.beans.factory.support.DefaultSingletonBeanRegistry.getSingleton(DefaultSingletonBeanRegistry.java:222)
	at org.springframework.beans.factory.support.AbstractBeanFactory.doGetBean(AbstractBeanFactory.java:318)
	at org.springframework.beans.factory.support.AbstractBeanFactory.getBean(AbstractBeanFactory.java:199)
	at org.springframework.beans.factory.config.DependencyDescriptor.resolveCandidate(DependencyDescriptor.java:277)
	at org.springframework.beans.factory.support.DefaultListableBeanFactory.doResolveDependency(DefaultListableBeanFactory.java:1247)
	at org.springframework.beans.factory.support.DefaultListableBeanFactory.resolveDependency(DefaultListableBeanFactory.java:1167)
	at org.springframework.beans.factory.annotation.AutowiredAnnotationBeanPostProcessor$AutowiredFieldElement.inject(AutowiredAnnotationBeanPostProcessor.java:593)
	at org.springframework.beans.factory.annotation.InjectionMetadata.inject(InjectionMetadata.java:90)
	at org.springframework.beans.factory.annotation.AutowiredAnnotationBeanPostProcessor.postProcessProperties(AutowiredAnnotationBeanPostProcessor.java:374)
	at org.springframework.beans.factory.support.AbstractAutowireCapableBeanFactory.populateBean(AbstractAutowireCapableBeanFactory.java:1411)
	at org.springframework.beans.factory.support.AbstractAutowireCapableBeanFactory.doCreateBean(AbstractAutowireCapableBeanFactory.java:592)
	at org.springframework.beans.factory.support.AbstractAutowireCapableBeanFactory.createBean(AbstractAutowireCapableBeanFactory.java:515)
	at org.springframework.beans.factory.support.AbstractBeanFactory.lambda$doGetBean$0(AbstractBeanFactory.java:320)
	at org.springframework.beans.factory.support.DefaultSingletonBeanRegistry.getSingleton(DefaultSingletonBeanRegistry.java:222)
	at org.springframework.beans.factory.support.AbstractBeanFactory.doGetBean(AbstractBeanFactory.java:318)
	at org.springframework.beans.factory.support.AbstractBeanFactory.getBean(AbstractBeanFactory.java:199)
	at org.springframework.beans.factory.config.DependencyDescriptor.resolveCandidate(DependencyDescriptor.java:277)
	at org.springframework.beans.factory.support.DefaultListableBeanFactory.doResolveDependency(DefaultListableBeanFactory.java:1247)
	at org.springframework.beans.factory.support.DefaultListableBeanFactory.resolveDependency(DefaultListableBeanFactory.java:1167)
	at org.springframework.beans.factory.annotation.AutowiredAnnotationBeanPostProcessor$AutowiredFieldElement.inject(AutowiredAnnotationBeanPostProcessor.java:593)
	at org.springframework.beans.factory.annotation.InjectionMetadata.inject(InjectionMetadata.java:90)
	at org.springframework.beans.factory.annotation.AutowiredAnnotationBeanPostProcessor.postProcessProperties(AutowiredAnnotationBeanPostProcessor.java:374)
	at org.springframework.beans.factory.support.AbstractAutowireCapableBeanFactory.populateBean(AbstractAutowireCapableBeanFactory.java:1411)
	at org.springframework.beans.factory.support.AbstractAutowireCapableBeanFactory.doCreateBean(AbstractAutowireCapableBeanFactory.java:592)
	at org.springframework.beans.factory.support.AbstractAutowireCapableBeanFactory.createBean(AbstractAutowireCapableBeanFactory.java:515)
	at org.springframework.beans.factory.support.AbstractBeanFactory.lambda$doGetBean$0(AbstractBeanFactory.java:320)
	at org.springframework.beans.factory.support.DefaultSingletonBeanRegistry.getSingleton(DefaultSingletonBeanRegistry.java:222)
	at org.springframework.beans.factory.support.AbstractBeanFactory.doGetBean(AbstractBeanFactory.java:318)
	at org.springframework.beans.factory.support.AbstractBeanFactory.getBean(AbstractBeanFactory.java:199)
	at org.springframework.beans.factory.support.DefaultListableBeanFactory.preInstantiateSingletons(DefaultListableBeanFactory.java:849)
	at org.springframework.context.support.AbstractApplicationContext.finishBeanFactoryInitialization(AbstractApplicationContext.java:877)
	at org.springframework.context.support.AbstractApplicationContext.refresh(AbstractApplicationContext.java:549)
	at org.springframework.test.context.support.AbstractGenericContextLoader.loadContext(AbstractGenericContextLoader.java:128)
	at org.springframework.test.context.support.AbstractGenericContextLoader.loadContext(AbstractGenericContextLoader.java:60)
	at org.springframework.test.context.support.AbstractDelegatingSmartContextLoader.delegateLoading(AbstractDelegatingSmartContextLoader.java:275)
	at org.springframework.test.context.support.AbstractDelegatingSmartContextLoader.loadContext(AbstractDelegatingSmartContextLoader.java:243)
	at org.springframework.test.context.cache.DefaultCacheAwareContextLoaderDelegate.loadContextInternal(DefaultCacheAwareContextLoaderDelegate.java:99)
	at org.springframework.test.context.cache.DefaultCacheAwareContextLoaderDelegate.loadContext(DefaultCacheAwareContextLoaderDelegate.java:117)
	at org.springframework.test.context.support.DefaultTestContext.getApplicationContext(DefaultTestContext.java:108)
	at org.springframework.test.context.support.DependencyInjectionTestExecutionListener.injectDependencies(DependencyInjectionTestExecutionListener.java:118)
	at org.springframework.test.context.support.DependencyInjectionTestExecutionListener.prepareTestInstance(DependencyInjectionTestExecutionListener.java:83)
	at org.springframework.test.context.TestContextManager.prepareTestInstance(TestContextManager.java:246)
	at org.springframework.test.context.junit4.SpringJUnit4ClassRunner.createTest(SpringJUnit4ClassRunner.java:227)
	at org.springframework.test.context.junit4.SpringJUnit4ClassRunner$1.runReflectiveCall(SpringJUnit4ClassRunner.java:289)
	at org.junit.internal.runners.model.ReflectiveCallable.run(ReflectiveCallable.java:12)
	at org.springframework.test.context.junit4.SpringJUnit4ClassRunner.methodBlock(SpringJUnit4ClassRunner.java:291)
	at org.springframework.test.context.junit4.SpringJUnit4ClassRunner.runChild(SpringJUnit4ClassRunner.java:246)
	at org.springframework.test.context.junit4.SpringJUnit4ClassRunner.runChild(SpringJUnit4ClassRunner.java:97)
	at org.junit.runners.ParentRunner$3.run(ParentRunner.java:290)
	at org.junit.runners.ParentRunner$1.schedule(ParentRunner.java:71)
	at org.junit.runners.ParentRunner.runChildren(ParentRunner.java:288)
	at org.junit.runners.ParentRunner.access$000(ParentRunner.java:58)
	at org.junit.runners.ParentRunner$2.evaluate(ParentRunner.java:268)
	at org.springframework.test.context.junit4.statements.RunBeforeTestClassCallbacks.evaluate(RunBeforeTestClassCallbacks.java:61)
	at org.springframework.test.context.junit4.statements.RunAfterTestClassCallbacks.evaluate(RunAfterTestClassCallbacks.java:70)
	at org.junit.runners.ParentRunner.run(ParentRunner.java:363)
	at org.springframework.test.context.junit4.SpringJUnit4ClassRunner.run(SpringJUnit4ClassRunner.java:190)
	at org.apache.maven.surefire.junit4.JUnit4Provider.execute(JUnit4Provider.java:365)
	at org.apache.maven.surefire.junit4.JUnit4Provider.executeWithRerun(JUnit4Provider.java:273)
	at org.apache.maven.surefire.junit4.JUnit4Provider.executeTestSet(JUnit4Provider.java:238)
	at org.apache.maven.surefire.junit4.JUnit4Provider.invoke(JUnit4Provider.java:159)
	at org.apache.maven.surefire.booter.ForkedBooter.invokeProviderInSameClassLoader(ForkedBooter.java:384)
	at org.apache.maven.surefire.booter.ForkedBooter.runSuitesInProcess(ForkedBooter.java:345)
	at org.apache.maven.surefire.booter.ForkedBooter.execute(ForkedBooter.java:126)
	at org.apache.maven.surefire.booter.ForkedBooter.main(ForkedBooter.java:418)
Caused by: org.hsqldb.HsqlException: java.net.ConnectException: Połączenie odrzucone (Connection refused)
	at org.hsqldb.ClientConnection.openConnection(Unknown Source)
	at org.hsqldb.ClientConnection.initConnection(Unknown Source)
	at org.hsqldb.ClientConnection.<init>(Unknown Source)
	... 96 common frames omitted
Caused by: java.net.ConnectException: Połączenie odrzucone (Connection refused)
	at java.base/java.net.PlainSocketImpl.socketConnect(Native Method)
	at java.base/java.net.AbstractPlainSocketImpl.doConnect(AbstractPlainSocketImpl.java:399)
	at java.base/java.net.AbstractPlainSocketImpl.connectToAddress(AbstractPlainSocketImpl.java:242)
	at java.base/java.net.AbstractPlainSocketImpl.connect(AbstractPlainSocketImpl.java:224)
	at java.base/java.net.SocksSocketImpl.connect(SocksSocketImpl.java:403)
	at java.base/java.net.Socket.connect(Socket.java:591)
	at java.base/java.net.Socket.connect(Socket.java:540)
	at java.base/java.net.Socket.<init>(Socket.java:436)
	at java.base/java.net.Socket.<init>(Socket.java:213)
	at org.hsqldb.server.HsqlSocketFactory.createSocket(Unknown Source)
	... 99 common frames omitted
19:40:31.477 [main] WARN org.hibernate.engine.jdbc.spi.SqlExceptionHelper - SQL Error: -1301, SQLState: 08001
19:40:31.477 [main] ERROR org.hibernate.engine.jdbc.spi.SqlExceptionHelper - java.net.ConnectException: Połączenie odrzucone (Connection refused)
19:40:31.477 [main] WARN org.springframework.context.support.GenericApplicationContext - Exception encountered during context initialization - cancelling refresh attempt: org.springframework.beans.factory.UnsatisfiedDependencyException: Error creating bean with name 'playerController': Unsatisfied dependency expressed through field 'playerManager'; nested exception is org.springframework.beans.factory.UnsatisfiedDependencyException: Error creating bean with name 'playerManagerHibernateImpl': Unsatisfied dependency expressed through field 'sessionFactory'; nested exception is org.springframework.beans.factory.BeanCreationException: Error creating bean with name 'hibernateSessionFactory' defined in class path resource [beans.xml]: Invocation of init method failed; nested exception is org.hibernate.exception.JDBCConnectionException: Unable to open JDBC Connection for DDL execution
19:40:31.478 [main] ERROR org.springframework.test.context.TestContextManager - Caught exception while allowing TestExecutionListener [org.springframework.test.context.support.DependencyInjectionTestExecutionListener@6a400542] to prepare test instance [tau.mmo.service.PlayerManagerTest@76ffc17c]
java.lang.IllegalStateException: Failed to load ApplicationContext
	at org.springframework.test.context.cache.DefaultCacheAwareContextLoaderDelegate.loadContext(DefaultCacheAwareContextLoaderDelegate.java:125)
	at org.springframework.test.context.support.DefaultTestContext.getApplicationContext(DefaultTestContext.java:108)
	at org.springframework.test.context.support.DependencyInjectionTestExecutionListener.injectDependencies(DependencyInjectionTestExecutionListener.java:118)
	at org.springframework.test.context.support.DependencyInjectionTestExecutionListener.prepareTestInstance(DependencyInjectionTestExecutionListener.java:83)
	at org.springframework.test.context.TestContextManager.prepareTestInstance(TestContextManager.java:246)
	at org.springframework.test.context.junit4.SpringJUnit4ClassRunner.createTest(SpringJUnit4ClassRunner.java:227)
	at org.springframework.test.context.junit4.SpringJUnit4ClassRunner$1.runReflectiveCall(SpringJUnit4ClassRunner.java:289)
	at org.junit.internal.runners.model.ReflectiveCallable.run(ReflectiveCallable.java:12)
	at org.springframework.test.context.junit4.SpringJUnit4ClassRunner.methodBlock(SpringJUnit4ClassRunner.java:291)
	at org.springframework.test.context.junit4.SpringJUnit4ClassRunner.runChild(SpringJUnit4ClassRunner.java:246)
	at org.springframework.test.context.junit4.SpringJUnit4ClassRunner.runChild(SpringJUnit4ClassRunner.java:97)
	at org.junit.runners.ParentRunner$3.run(ParentRunner.java:290)
	at org.junit.runners.ParentRunner$1.schedule(ParentRunner.java:71)
	at org.junit.runners.ParentRunner.runChildren(ParentRunner.java:288)
	at org.junit.runners.ParentRunner.access$000(ParentRunner.java:58)
	at org.junit.runners.ParentRunner$2.evaluate(ParentRunner.java:268)
	at org.springframework.test.context.junit4.statements.RunBeforeTestClassCallbacks.evaluate(RunBeforeTestClassCallbacks.java:61)
	at org.springframework.test.context.junit4.statements.RunAfterTestClassCallbacks.evaluate(RunAfterTestClassCallbacks.java:70)
	at org.junit.runners.ParentRunner.run(ParentRunner.java:363)
	at org.springframework.test.context.junit4.SpringJUnit4ClassRunner.run(SpringJUnit4ClassRunner.java:190)
	at org.apache.maven.surefire.junit4.JUnit4Provider.execute(JUnit4Provider.java:365)
	at org.apache.maven.surefire.junit4.JUnit4Provider.executeWithRerun(JUnit4Provider.java:273)
	at org.apache.maven.surefire.junit4.JUnit4Provider.executeTestSet(JUnit4Provider.java:238)
	at org.apache.maven.surefire.junit4.JUnit4Provider.invoke(JUnit4Provider.java:159)
	at org.apache.maven.surefire.booter.ForkedBooter.invokeProviderInSameClassLoader(ForkedBooter.java:384)
	at org.apache.maven.surefire.booter.ForkedBooter.runSuitesInProcess(ForkedBooter.java:345)
	at org.apache.maven.surefire.booter.ForkedBooter.execute(ForkedBooter.java:126)
	at org.apache.maven.surefire.booter.ForkedBooter.main(ForkedBooter.java:418)
Caused by: org.springframework.beans.factory.UnsatisfiedDependencyException: Error creating bean with name 'playerController': Unsatisfied dependency expressed through field 'playerManager'; nested exception is org.springframework.beans.factory.UnsatisfiedDependencyException: Error creating bean with name 'playerManagerHibernateImpl': Unsatisfied dependency expressed through field 'sessionFactory'; nested exception is org.springframework.beans.factory.BeanCreationException: Error creating bean with name 'hibernateSessionFactory' defined in class path resource [beans.xml]: Invocation of init method failed; nested exception is org.hibernate.exception.JDBCConnectionException: Unable to open JDBC Connection for DDL execution
	at org.springframework.beans.factory.annotation.AutowiredAnnotationBeanPostProcessor$AutowiredFieldElement.inject(AutowiredAnnotationBeanPostProcessor.java:596)
	at org.springframework.beans.factory.annotation.InjectionMetadata.inject(InjectionMetadata.java:90)
	at org.springframework.beans.factory.annotation.AutowiredAnnotationBeanPostProcessor.postProcessProperties(AutowiredAnnotationBeanPostProcessor.java:374)
	at org.springframework.beans.factory.support.AbstractAutowireCapableBeanFactory.populateBean(AbstractAutowireCapableBeanFactory.java:1411)
	at org.springframework.beans.factory.support.AbstractAutowireCapableBeanFactory.doCreateBean(AbstractAutowireCapableBeanFactory.java:592)
	at org.springframework.beans.factory.support.AbstractAutowireCapableBeanFactory.createBean(AbstractAutowireCapableBeanFactory.java:515)
	at org.springframework.beans.factory.support.AbstractBeanFactory.lambda$doGetBean$0(AbstractBeanFactory.java:320)
	at org.springframework.beans.factory.support.DefaultSingletonBeanRegistry.getSingleton(DefaultSingletonBeanRegistry.java:222)
	at org.springframework.beans.factory.support.AbstractBeanFactory.doGetBean(AbstractBeanFactory.java:318)
	at org.springframework.beans.factory.support.AbstractBeanFactory.getBean(AbstractBeanFactory.java:199)
	at org.springframework.beans.factory.support.DefaultListableBeanFactory.preInstantiateSingletons(DefaultListableBeanFactory.java:849)
	at org.springframework.context.support.AbstractApplicationContext.finishBeanFactoryInitialization(AbstractApplicationContext.java:877)
	at org.springframework.context.support.AbstractApplicationContext.refresh(AbstractApplicationContext.java:549)
	at org.springframework.test.context.support.AbstractGenericContextLoader.loadContext(AbstractGenericContextLoader.java:128)
	at org.springframework.test.context.support.AbstractGenericContextLoader.loadContext(AbstractGenericContextLoader.java:60)
	at org.springframework.test.context.support.AbstractDelegatingSmartContextLoader.delegateLoading(AbstractDelegatingSmartContextLoader.java:275)
	at org.springframework.test.context.support.AbstractDelegatingSmartContextLoader.loadContext(AbstractDelegatingSmartContextLoader.java:243)
	at org.springframework.test.context.cache.DefaultCacheAwareContextLoaderDelegate.loadContextInternal(DefaultCacheAwareContextLoaderDelegate.java:99)
	at org.springframework.test.context.cache.DefaultCacheAwareContextLoaderDelegate.loadContext(DefaultCacheAwareContextLoaderDelegate.java:117)
	... 27 common frames omitted
Caused by: org.springframework.beans.factory.UnsatisfiedDependencyException: Error creating bean with name 'playerManagerHibernateImpl': Unsatisfied dependency expressed through field 'sessionFactory'; nested exception is org.springframework.beans.factory.BeanCreationException: Error creating bean with name 'hibernateSessionFactory' defined in class path resource [beans.xml]: Invocation of init method failed; nested exception is org.hibernate.exception.JDBCConnectionException: Unable to open JDBC Connection for DDL execution
	at org.springframework.beans.factory.annotation.AutowiredAnnotationBeanPostProcessor$AutowiredFieldElement.inject(AutowiredAnnotationBeanPostProcessor.java:596)
	at org.springframework.beans.factory.annotation.InjectionMetadata.inject(InjectionMetadata.java:90)
	at org.springframework.beans.factory.annotation.AutowiredAnnotationBeanPostProcessor.postProcessProperties(AutowiredAnnotationBeanPostProcessor.java:374)
	at org.springframework.beans.factory.support.AbstractAutowireCapableBeanFactory.populateBean(AbstractAutowireCapableBeanFactory.java:1411)
	at org.springframework.beans.factory.support.AbstractAutowireCapableBeanFactory.doCreateBean(AbstractAutowireCapableBeanFactory.java:592)
	at org.springframework.beans.factory.support.AbstractAutowireCapableBeanFactory.createBean(AbstractAutowireCapableBeanFactory.java:515)
	at org.springframework.beans.factory.support.AbstractBeanFactory.lambda$doGetBean$0(AbstractBeanFactory.java:320)
	at org.springframework.beans.factory.support.DefaultSingletonBeanRegistry.getSingleton(DefaultSingletonBeanRegistry.java:222)
	at org.springframework.beans.factory.support.AbstractBeanFactory.doGetBean(AbstractBeanFactory.java:318)
	at org.springframework.beans.factory.support.AbstractBeanFactory.getBean(AbstractBeanFactory.java:199)
	at org.springframework.beans.factory.config.DependencyDescriptor.resolveCandidate(DependencyDescriptor.java:277)
	at org.springframework.beans.factory.support.DefaultListableBeanFactory.doResolveDependency(DefaultListableBeanFactory.java:1247)
	at org.springframework.beans.factory.support.DefaultListableBeanFactory.resolveDependency(DefaultListableBeanFactory.java:1167)
	at org.springframework.beans.factory.annotation.AutowiredAnnotationBeanPostProcessor$AutowiredFieldElement.inject(AutowiredAnnotationBeanPostProcessor.java:593)
	... 45 common frames omitted
Caused by: org.springframework.beans.factory.BeanCreationException: Error creating bean with name 'hibernateSessionFactory' defined in class path resource [beans.xml]: Invocation of init method failed; nested exception is org.hibernate.exception.JDBCConnectionException: Unable to open JDBC Connection for DDL execution
	at org.springframework.beans.factory.support.AbstractAutowireCapableBeanFactory.initializeBean(AbstractAutowireCapableBeanFactory.java:1778)
	at org.springframework.beans.factory.support.AbstractAutowireCapableBeanFactory.doCreateBean(AbstractAutowireCapableBeanFactory.java:593)
	at org.springframework.beans.factory.support.AbstractAutowireCapableBeanFactory.createBean(AbstractAutowireCapableBeanFactory.java:515)
	at org.springframework.beans.factory.support.AbstractBeanFactory.lambda$doGetBean$0(AbstractBeanFactory.java:320)
	at org.springframework.beans.factory.support.DefaultSingletonBeanRegistry.getSingleton(DefaultSingletonBeanRegistry.java:222)
	at org.springframework.beans.factory.support.AbstractBeanFactory.doGetBean(AbstractBeanFactory.java:318)
	at org.springframework.beans.factory.support.AbstractBeanFactory.getBean(AbstractBeanFactory.java:199)
	at org.springframework.beans.factory.config.DependencyDescriptor.resolveCandidate(DependencyDescriptor.java:277)
	at org.springframework.beans.factory.support.DefaultListableBeanFactory.doResolveDependency(DefaultListableBeanFactory.java:1247)
	at org.springframework.beans.factory.support.DefaultListableBeanFactory.resolveDependency(DefaultListableBeanFactory.java:1167)
	at org.springframework.beans.factory.annotation.AutowiredAnnotationBeanPostProcessor$AutowiredFieldElement.inject(AutowiredAnnotationBeanPostProcessor.java:593)
	... 58 common frames omitted
Caused by: org.hibernate.exception.JDBCConnectionException: Unable to open JDBC Connection for DDL execution
	at org.hibernate.exception.internal.SQLExceptionTypeDelegate.convert(SQLExceptionTypeDelegate.java:48)
	at org.hibernate.exception.internal.StandardSQLExceptionConverter.convert(StandardSQLExceptionConverter.java:42)
	at org.hibernate.engine.jdbc.spi.SqlExceptionHelper.convert(SqlExceptionHelper.java:111)
	at org.hibernate.engine.jdbc.spi.SqlExceptionHelper.convert(SqlExceptionHelper.java:97)
	at org.hibernate.resource.transaction.backend.jdbc.internal.DdlTransactionIsolatorNonJtaImpl.getIsolatedConnection(DdlTransactionIsolatorNonJtaImpl.java:69)
	at org.hibernate.tool.schema.internal.exec.ImprovedExtractionContextImpl.getJdbcConnection(ImprovedExtractionContextImpl.java:60)
	at org.hibernate.tool.schema.extract.internal.SequenceInformationExtractorLegacyImpl.extractMetadata(SequenceInformationExtractorLegacyImpl.java:40)
	at org.hibernate.tool.schema.extract.internal.DatabaseInformationImpl.initializeSequences(DatabaseInformationImpl.java:65)
	at org.hibernate.tool.schema.extract.internal.DatabaseInformationImpl.<init>(DatabaseInformationImpl.java:59)
	at org.hibernate.tool.schema.internal.Helper.buildDatabaseInformation(Helper.java:130)
	at org.hibernate.tool.schema.internal.AbstractSchemaMigrator.doMigration(AbstractSchemaMigrator.java:92)
	at org.hibernate.tool.schema.spi.SchemaManagementToolCoordinator.performDatabaseAction(SchemaManagementToolCoordinator.java:176)
	at org.hibernate.tool.schema.spi.SchemaManagementToolCoordinator.process(SchemaManagementToolCoordinator.java:65)
	at org.hibernate.internal.SessionFactoryImpl.<init>(SessionFactoryImpl.java:459)
	at org.hibernate.boot.internal.SessionFactoryBuilderImpl.build(SessionFactoryBuilderImpl.java:465)
	at org.hibernate.cfg.Configuration.buildSessionFactory(Configuration.java:711)
	at org.hibernate.cfg.Configuration.buildSessionFactory(Configuration.java:727)
	at org.springframework.orm.hibernate5.LocalSessionFactoryBean.buildSessionFactory(LocalSessionFactoryBean.java:615)
	at org.springframework.orm.hibernate5.LocalSessionFactoryBean.afterPropertiesSet(LocalSessionFactoryBean.java:599)
	at org.springframework.beans.factory.support.AbstractAutowireCapableBeanFactory.invokeInitMethods(AbstractAutowireCapableBeanFactory.java:1837)
	at org.springframework.beans.factory.support.AbstractAutowireCapableBeanFactory.initializeBean(AbstractAutowireCapableBeanFactory.java:1774)
	... 68 common frames omitted
Caused by: java.sql.SQLTransientConnectionException: java.net.ConnectException: Połączenie odrzucone (Connection refused)
	at org.hsqldb.jdbc.JDBCUtil.sqlException(Unknown Source)
	at org.hsqldb.jdbc.JDBCUtil.sqlException(Unknown Source)
	at org.hsqldb.jdbc.JDBCConnection.<init>(Unknown Source)
	at org.hsqldb.jdbc.JDBCDriver.getConnection(Unknown Source)
	at org.hsqldb.jdbc.JDBCDriver.connect(Unknown Source)
	at java.sql/java.sql.DriverManager.getConnection(DriverManager.java:677)
	at java.sql/java.sql.DriverManager.getConnection(DriverManager.java:189)
	at org.springframework.jdbc.datasource.DriverManagerDataSource.getConnectionFromDriverManager(DriverManagerDataSource.java:154)
	at org.springframework.jdbc.datasource.DriverManagerDataSource.getConnectionFromDriver(DriverManagerDataSource.java:145)
	at org.springframework.jdbc.datasource.AbstractDriverBasedDataSource.getConnectionFromDriver(AbstractDriverBasedDataSource.java:205)
	at org.springframework.jdbc.datasource.AbstractDriverBasedDataSource.getConnection(AbstractDriverBasedDataSource.java:169)
	at org.hibernate.engine.jdbc.connections.internal.DatasourceConnectionProviderImpl.getConnection(DatasourceConnectionProviderImpl.java:122)
	at org.hibernate.engine.jdbc.env.internal.JdbcEnvironmentInitiator$ConnectionProviderJdbcConnectionAccess.obtainConnection(JdbcEnvironmentInitiator.java:180)
	at org.hibernate.resource.transaction.backend.jdbc.internal.DdlTransactionIsolatorNonJtaImpl.getIsolatedConnection(DdlTransactionIsolatorNonJtaImpl.java:43)
	... 84 common frames omitted
Caused by: org.hsqldb.HsqlException: java.net.ConnectException: Połączenie odrzucone (Connection refused)
	at org.hsqldb.ClientConnection.openConnection(Unknown Source)
	at org.hsqldb.ClientConnection.initConnection(Unknown Source)
	at org.hsqldb.ClientConnection.<init>(Unknown Source)
	... 96 common frames omitted
Caused by: java.net.ConnectException: Połączenie odrzucone (Connection refused)
	at java.base/java.net.PlainSocketImpl.socketConnect(Native Method)
	at java.base/java.net.AbstractPlainSocketImpl.doConnect(AbstractPlainSocketImpl.java:399)
	at java.base/java.net.AbstractPlainSocketImpl.connectToAddress(AbstractPlainSocketImpl.java:242)
	at java.base/java.net.AbstractPlainSocketImpl.connect(AbstractPlainSocketImpl.java:224)
	at java.base/java.net.SocksSocketImpl.connect(SocksSocketImpl.java:403)
	at java.base/java.net.Socket.connect(Socket.java:591)
	at java.base/java.net.Socket.connect(Socket.java:540)
	at java.base/java.net.Socket.<init>(Socket.java:436)
	at java.base/java.net.Socket.<init>(Socket.java:213)
	at org.hsqldb.server.HsqlSocketFactory.createSocket(Unknown Source)
	... 99 common frames omitted
]]></system-out>
  </testcase>
  <testcase name="addItemtoPlayer" classname="tau.mmo.service.PlayerManagerTest" time="0.001">
    <error message="Failed to load ApplicationContext" type="java.lang.IllegalStateException">java.lang.IllegalStateException: Failed to load ApplicationContext
Caused by: org.springframework.beans.factory.UnsatisfiedDependencyException: Error creating bean with name 'playerController': Unsatisfied dependency expressed through field 'playerManager'; nested exception is org.springframework.beans.factory.UnsatisfiedDependencyException: Error creating bean with name 'playerManagerHibernateImpl': Unsatisfied dependency expressed through field 'sessionFactory'; nested exception is org.springframework.beans.factory.BeanCreationException: Error creating bean with name 'hibernateSessionFactory' defined in class path resource [beans.xml]: Invocation of init method failed; nested exception is org.hibernate.exception.JDBCConnectionException: Unable to open JDBC Connection for DDL execution
Caused by: org.springframework.beans.factory.UnsatisfiedDependencyException: Error creating bean with name 'playerManagerHibernateImpl': Unsatisfied dependency expressed through field 'sessionFactory'; nested exception is org.springframework.beans.factory.BeanCreationException: Error creating bean with name 'hibernateSessionFactory' defined in class path resource [beans.xml]: Invocation of init method failed; nested exception is org.hibernate.exception.JDBCConnectionException: Unable to open JDBC Connection for DDL execution
Caused by: org.springframework.beans.factory.BeanCreationException: Error creating bean with name 'hibernateSessionFactory' defined in class path resource [beans.xml]: Invocation of init method failed; nested exception is org.hibernate.exception.JDBCConnectionException: Unable to open JDBC Connection for DDL execution
Caused by: org.hibernate.exception.JDBCConnectionException: Unable to open JDBC Connection for DDL execution
Caused by: java.sql.SQLTransientConnectionException: java.net.ConnectException: Połączenie odrzucone (Connection refused)
Caused by: org.hsqldb.HsqlException: java.net.ConnectException: Połączenie odrzucone (Connection refused)
Caused by: java.net.ConnectException: Połączenie odrzucone (Connection refused)
</error>
    <system-out><![CDATA[19:40:31.479 [main] DEBUG org.springframework.test.annotation.ProfileValueUtils - Retrieved @ProfileValueSourceConfiguration [null] for test class [tau.mmo.service.PlayerManagerTest]
19:40:31.479 [main] DEBUG org.springframework.test.annotation.ProfileValueUtils - Retrieved ProfileValueSource type [class org.springframework.test.annotation.SystemProfileValueSource] for class [tau.mmo.service.PlayerManagerTest]
19:40:31.479 [main] DEBUG org.springframework.test.context.support.DependencyInjectionTestExecutionListener - Performing dependency injection for test context [[DefaultTestContext@7ed7259e testClass = PlayerManagerTest, testInstance = tau.mmo.service.PlayerManagerTest@7f70e244, testMethod = [null], testException = [null], mergedContextConfiguration = [MergedContextConfiguration@28eaa59a testClass = PlayerManagerTest, locations = '{classpath:/beans.xml}', classes = '{}', contextInitializerClasses = '[]', activeProfiles = '{}', propertySourceLocations = '{}', propertySourceProperties = '{}', contextCustomizers = set[org.springframework.boot.test.context.filter.ExcludeFilterContextCustomizer@6b4a4e18, org.springframework.boot.test.json.DuplicateJsonObjectContextCustomizerFactory$DuplicateJsonObjectContextCustomizer@402e37bc, org.springframework.boot.test.mock.mockito.MockitoContextCustomizer@0, org.springframework.boot.test.autoconfigure.properties.PropertyMappingContextCustomizer@0, org.springframework.boot.test.autoconfigure.web.servlet.WebDriverContextCustomizerFactory$Customizer@6973bf95], contextLoader = 'org.springframework.test.context.support.DelegatingSmartContextLoader', parent = [null]], attributes = map[[empty]]]].
19:40:31.480 [main] DEBUG org.springframework.test.context.support.AbstractDelegatingSmartContextLoader - Delegating to GenericXmlContextLoader to load context from [MergedContextConfiguration@28eaa59a testClass = PlayerManagerTest, locations = '{classpath:/beans.xml}', classes = '{}', contextInitializerClasses = '[]', activeProfiles = '{}', propertySourceLocations = '{}', propertySourceProperties = '{}', contextCustomizers = set[org.springframework.boot.test.context.filter.ExcludeFilterContextCustomizer@6b4a4e18, org.springframework.boot.test.json.DuplicateJsonObjectContextCustomizerFactory$DuplicateJsonObjectContextCustomizer@402e37bc, org.springframework.boot.test.mock.mockito.MockitoContextCustomizer@0, org.springframework.boot.test.autoconfigure.properties.PropertyMappingContextCustomizer@0, org.springframework.boot.test.autoconfigure.web.servlet.WebDriverContextCustomizerFactory$Customizer@6973bf95], contextLoader = 'org.springframework.test.context.support.DelegatingSmartContextLoader', parent = [null]].
19:40:31.480 [main] DEBUG org.springframework.test.context.support.AbstractGenericContextLoader - Loading ApplicationContext for merged context configuration [[MergedContextConfiguration@28eaa59a testClass = PlayerManagerTest, locations = '{classpath:/beans.xml}', classes = '{}', contextInitializerClasses = '[]', activeProfiles = '{}', propertySourceLocations = '{}', propertySourceProperties = '{}', contextCustomizers = set[org.springframework.boot.test.context.filter.ExcludeFilterContextCustomizer@6b4a4e18, org.springframework.boot.test.json.DuplicateJsonObjectContextCustomizerFactory$DuplicateJsonObjectContextCustomizer@402e37bc, org.springframework.boot.test.mock.mockito.MockitoContextCustomizer@0, org.springframework.boot.test.autoconfigure.properties.PropertyMappingContextCustomizer@0, org.springframework.boot.test.autoconfigure.web.servlet.WebDriverContextCustomizerFactory$Customizer@6973bf95], contextLoader = 'org.springframework.test.context.support.DelegatingSmartContextLoader', parent = [null]]].
19:40:31.480 [main] DEBUG org.springframework.core.env.StandardEnvironment - Activating profiles []
19:40:31.495 [main] DEBUG org.springframework.context.annotation.ClassPathBeanDefinitionScanner - Identified candidate component class: file [/home/whitewolf/tau/TAU-repozytorium/tau-mmo-jmeter/target/classes/tau/mmo/Application.class]
19:40:31.495 [main] DEBUG org.springframework.context.annotation.ClassPathBeanDefinitionScanner - Identified candidate component class: file [/home/whitewolf/tau/TAU-repozytorium/tau-mmo-jmeter/target/classes/tau/mmo/api/PlayerController.class]
19:40:31.496 [main] DEBUG org.springframework.context.annotation.ClassPathBeanDefinitionScanner - Identified candidate component class: file [/home/whitewolf/tau/TAU-repozytorium/tau-mmo-jmeter/target/classes/tau/mmo/service/PlayerManagerHibernateImpl.class]
19:40:31.497 [main] DEBUG org.springframework.beans.factory.xml.XmlBeanDefinitionReader - Loaded 12 bean definitions from class path resource [beans.xml]
19:40:31.498 [main] DEBUG org.springframework.context.support.GenericApplicationContext - Refreshing org.springframework.context.support.GenericApplicationContext@fd14789
19:40:31.498 [main] DEBUG org.springframework.beans.factory.support.DefaultListableBeanFactory - Creating shared instance of singleton bean 'org.springframework.context.annotation.internalConfigurationAnnotationProcessor'
19:40:31.502 [main] DEBUG org.springframework.context.annotation.ClassPathBeanDefinitionScanner - Identified candidate component class: file [/home/whitewolf/tau/TAU-repozytorium/tau-mmo-jmeter/target/classes/tau/mmo/api/PlayerController.class]
19:40:31.502 [main] DEBUG org.springframework.context.annotation.ClassPathBeanDefinitionScanner - Identified candidate component class: file [/home/whitewolf/tau/TAU-repozytorium/tau-mmo-jmeter/target/classes/tau/mmo/service/PlayerManagerHibernateImpl.class]
19:40:31.578 [main] DEBUG org.springframework.context.annotation.ClassPathBeanDefinitionScanner - Identified candidate component class: file [/home/whitewolf/tau/TAU-repozytorium/tau-mmo-jmeter/target/classes/tau/mmo/Application.class]
19:40:31.578 [main] DEBUG org.springframework.context.annotation.ClassPathBeanDefinitionScanner - Identified candidate component class: file [/home/whitewolf/tau/TAU-repozytorium/tau-mmo-jmeter/target/classes/tau/mmo/api/PlayerController.class]
19:40:31.578 [main] DEBUG org.springframework.context.annotation.ClassPathBeanDefinitionScanner - Identified candidate component class: file [/home/whitewolf/tau/TAU-repozytorium/tau-mmo-jmeter/target/classes/tau/mmo/service/PlayerManagerHibernateImpl.class]
19:40:31.578 [main] DEBUG org.springframework.beans.factory.xml.XmlBeanDefinitionReader - Loaded 0 bean definitions from class path resource [beans.xml]
19:40:31.579 [main] DEBUG org.springframework.beans.factory.support.DefaultListableBeanFactory - Creating shared instance of singleton bean 'org.springframework.boot.autoconfigure.condition.BeanTypeRegistry'
19:40:31.584 [main] INFO org.springframework.data.repository.config.RepositoryConfigurationDelegate - Bootstrapping Spring Data repositories in DEFAULT mode.
19:40:31.584 [main] DEBUG org.springframework.beans.factory.support.DefaultListableBeanFactory - Creating shared instance of singleton bean 'org.springframework.boot.autoconfigure.AutoConfigurationPackages'
19:40:31.584 [main] DEBUG org.springframework.boot.autoconfigure.AutoConfigurationPackages - @EnableAutoConfiguration was declared on a class in the package 'tau.mmo'. Automatic @Repository and @Entity scanning is enabled.
19:40:31.584 [main] DEBUG org.springframework.data.repository.config.RepositoryConfigurationDelegate - Scanning for repositories in packages tau.mmo.
19:40:31.585 [main] INFO org.springframework.data.repository.config.RepositoryConfigurationDelegate - Finished Spring Data repository scanning in 1ms. Found 0 repository interfaces.
19:40:31.595 [main] DEBUG org.springframework.beans.factory.support.DefaultListableBeanFactory - Creating shared instance of singleton bean 'propertySourcesPlaceholderConfigurer'
19:40:31.596 [main] DEBUG org.springframework.core.env.PropertySourcesPropertyResolver - Found key 'jdbc.driverClassName' in PropertySource 'class path resource [jdbc.properties]' with value of type String
19:40:31.596 [main] DEBUG org.springframework.core.env.PropertySourcesPropertyResolver - Found key 'jdbc.driverClassName' in PropertySource 'environmentProperties' with value of type String
19:40:31.596 [main] DEBUG org.springframework.core.env.PropertySourcesPropertyResolver - Found key 'jdbc.url' in PropertySource 'class path resource [jdbc.properties]' with value of type String
19:40:31.596 [main] DEBUG org.springframework.core.env.PropertySourcesPropertyResolver - Found key 'jdbc.url' in PropertySource 'environmentProperties' with value of type String
19:40:31.596 [main] DEBUG org.springframework.core.env.PropertySourcesPropertyResolver - Found key 'jdbc.username' in PropertySource 'class path resource [jdbc.properties]' with value of type String
19:40:31.596 [main] DEBUG org.springframework.core.env.PropertySourcesPropertyResolver - Found key 'jdbc.username' in PropertySource 'environmentProperties' with value of type String
19:40:31.596 [main] DEBUG org.springframework.core.env.PropertySourcesPropertyResolver - Found key 'jdbc.password' in PropertySource 'class path resource [jdbc.properties]' with value of type String
19:40:31.596 [main] DEBUG org.springframework.core.env.PropertySourcesPropertyResolver - Found key 'jdbc.password' in PropertySource 'environmentProperties' with value of type String
19:40:31.596 [main] DEBUG org.springframework.beans.factory.support.DefaultListableBeanFactory - Creating shared instance of singleton bean 'org.springframework.boot.test.mock.mockito.MockitoPostProcessor'
19:40:31.596 [main] DEBUG org.springframework.beans.factory.support.DefaultListableBeanFactory - Creating shared instance of singleton bean 'emBeanDefinitionRegistrarPostProcessor'
19:40:31.598 [main] DEBUG org.springframework.beans.factory.support.DefaultListableBeanFactory - Creating shared instance of singleton bean 'org.springframework.context.event.internalEventListenerProcessor'
19:40:31.598 [main] DEBUG org.springframework.beans.factory.support.DefaultListableBeanFactory - Creating shared instance of singleton bean 'org.springframework.boot.context.properties.ConfigurationBeanFactoryMetadata'
19:40:31.599 [main] DEBUG org.springframework.beans.factory.support.DefaultListableBeanFactory - Creating shared instance of singleton bean 'org.springframework.context.event.internalEventListenerFactory'
19:40:31.599 [main] DEBUG org.springframework.beans.factory.support.DefaultListableBeanFactory - Creating shared instance of singleton bean 'org.springframework.transaction.config.internalTransactionalEventListenerFactory'
19:40:31.599 [main] DEBUG org.springframework.beans.factory.support.DefaultListableBeanFactory - Creating shared instance of singleton bean 'org.springframework.context.annotation.internalAutowiredAnnotationProcessor'
19:40:31.600 [main] DEBUG org.springframework.beans.factory.support.DefaultListableBeanFactory - Creating shared instance of singleton bean 'org.springframework.context.annotation.internalCommonAnnotationProcessor'
19:40:31.600 [main] DEBUG org.springframework.beans.factory.support.DefaultListableBeanFactory - Creating shared instance of singleton bean 'org.springframework.context.annotation.internalPersistenceAnnotationProcessor'
19:40:31.600 [main] DEBUG org.springframework.beans.factory.support.DefaultListableBeanFactory - Creating shared instance of singleton bean 'org.springframework.boot.test.mock.mockito.MockitoPostProcessor$SpyPostProcessor'
19:40:31.600 [main] DEBUG org.springframework.beans.factory.support.DefaultListableBeanFactory - Creating shared instance of singleton bean 'org.springframework.boot.context.properties.ConfigurationPropertiesBindingPostProcessor'
19:40:31.601 [main] DEBUG org.springframework.beans.factory.support.DefaultListableBeanFactory - Creating shared instance of singleton bean 'methodValidationPostProcessor'
19:40:31.601 [main] DEBUG org.springframework.beans.factory.support.DefaultListableBeanFactory - Autowiring by type from bean name 'methodValidationPostProcessor' via factory method to bean named 'environment'
19:40:31.602 [main] DEBUG org.springframework.beans.factory.support.DefaultListableBeanFactory - Creating shared instance of singleton bean 'org.springframework.aop.config.internalAutoProxyCreator'
19:40:31.603 [main] DEBUG org.springframework.beans.factory.support.DefaultListableBeanFactory - Creating shared instance of singleton bean 'dataSourceInitializerPostProcessor'
19:40:31.603 [main] DEBUG org.springframework.beans.factory.support.DefaultListableBeanFactory - Creating shared instance of singleton bean 'persistenceExceptionTranslationPostProcessor'
19:40:31.604 [main] DEBUG org.springframework.beans.factory.support.DefaultListableBeanFactory - Autowiring by type from bean name 'persistenceExceptionTranslationPostProcessor' via factory method to bean named 'environment'
19:40:31.605 [main] DEBUG org.springframework.beans.factory.support.DefaultListableBeanFactory - Creating shared instance of singleton bean 'application'
19:40:31.605 [main] DEBUG org.springframework.beans.factory.support.DefaultListableBeanFactory - Creating shared instance of singleton bean 'org.springframework.transaction.config.internalTransactionAdvisor'
19:40:31.606 [main] DEBUG org.springframework.beans.factory.support.DefaultListableBeanFactory - Creating shared instance of singleton bean 'org.springframework.transaction.annotation.ProxyTransactionManagementConfiguration'
19:40:31.608 [main] DEBUG org.springframework.beans.factory.support.DefaultListableBeanFactory - Creating shared instance of singleton bean 'transactionAttributeSource'
19:40:31.609 [main] DEBUG org.springframework.beans.factory.support.DefaultListableBeanFactory - Creating shared instance of singleton bean 'transactionInterceptor'
19:40:31.611 [main] DEBUG org.springframework.beans.factory.support.DefaultListableBeanFactory - Creating shared instance of singleton bean 'playerController'
19:40:31.612 [main] DEBUG org.springframework.beans.factory.support.DefaultListableBeanFactory - Creating shared instance of singleton bean 'playerManagerHibernateImpl'
19:40:31.613 [main] DEBUG org.springframework.beans.factory.support.DefaultListableBeanFactory - Creating shared instance of singleton bean 'hibernateSessionFactory'
19:40:31.614 [main] DEBUG org.springframework.beans.factory.support.DefaultListableBeanFactory - Creating shared instance of singleton bean 'dataSource'
19:40:31.614 [main] DEBUG org.springframework.jdbc.datasource.DriverManagerDataSource - Loaded JDBC driver: org.hsqldb.jdbcDriver
19:40:31.615 [main] DEBUG org.springframework.beans.factory.support.DefaultListableBeanFactory - Creating shared instance of singleton bean 'org.springframework.boot.autoconfigure.jdbc.DataSourceInitializerInvoker'
19:40:31.617 [main] DEBUG org.springframework.beans.factory.support.DefaultListableBeanFactory - Creating shared instance of singleton bean 'spring.datasource-org.springframework.boot.autoconfigure.jdbc.DataSourceProperties'
19:40:31.620 [main] DEBUG org.springframework.beans.factory.support.DefaultListableBeanFactory - Autowiring by type from bean name 'org.springframework.boot.autoconfigure.jdbc.DataSourceInitializerInvoker' via constructor to bean named 'spring.datasource-org.springframework.boot.autoconfigure.jdbc.DataSourceProperties'
19:40:31.620 [main] DEBUG org.springframework.beans.factory.support.DefaultListableBeanFactory - Autowiring by type from bean name 'org.springframework.boot.autoconfigure.jdbc.DataSourceInitializerInvoker' via constructor to bean named 'org.springframework.context.support.GenericApplicationContext@fd14789'
19:40:31.622 [main] DEBUG org.hibernate.integrator.internal.IntegratorServiceImpl - Adding Integrator [org.hibernate.cfg.beanvalidation.BeanValidationIntegrator].
19:40:31.622 [main] DEBUG org.hibernate.integrator.internal.IntegratorServiceImpl - Adding Integrator [org.hibernate.secure.spi.JaccIntegrator].
19:40:31.622 [main] DEBUG org.hibernate.integrator.internal.IntegratorServiceImpl - Adding Integrator [org.hibernate.cache.internal.CollectionCacheInvalidator].
19:40:31.624 [main] DEBUG org.hibernate.cfg.Configuration - Building session factory using internal StandardServiceRegistryBuilder
19:40:31.624 [main] DEBUG org.hibernate.service.spi.ServiceBinding - Overriding existing service binding [org.hibernate.secure.spi.JaccService]
19:40:31.624 [main] DEBUG org.hibernate.cfg.Configuration - Building session factory using provided StandardServiceRegistry
19:40:31.624 [main] DEBUG org.hibernate.cache.internal.RegionFactoryInitiator - Cache region factory : org.hibernate.cache.internal.NoCachingRegionFactory
19:40:31.624 [main] DEBUG org.hibernate.type.BasicTypeRegistry - Adding type registration boolean -> org.hibernate.type.BooleanType@57a2ed35
19:40:31.625 [main] DEBUG org.hibernate.type.BasicTypeRegistry - Adding type registration boolean -> org.hibernate.type.BooleanType@57a2ed35
19:40:31.625 [main] DEBUG org.hibernate.type.BasicTypeRegistry - Adding type registration java.lang.Boolean -> org.hibernate.type.BooleanType@57a2ed35
19:40:31.625 [main] DEBUG org.hibernate.type.BasicTypeRegistry - Adding type registration numeric_boolean -> org.hibernate.type.NumericBooleanType@184fb68d
19:40:31.625 [main] DEBUG org.hibernate.type.BasicTypeRegistry - Adding type registration true_false -> org.hibernate.type.TrueFalseType@205bed61
19:40:31.625 [main] DEBUG org.hibernate.type.BasicTypeRegistry - Adding type registration yes_no -> org.hibernate.type.YesNoType@7c2b58c0
19:40:31.625 [main] DEBUG org.hibernate.type.BasicTypeRegistry - Adding type registration byte -> org.hibernate.type.ByteType@aa149ed
19:40:31.625 [main] DEBUG org.hibernate.type.BasicTypeRegistry - Adding type registration byte -> org.hibernate.type.ByteType@aa149ed
19:40:31.625 [main] DEBUG org.hibernate.type.BasicTypeRegistry - Adding type registration java.lang.Byte -> org.hibernate.type.ByteType@aa149ed
19:40:31.625 [main] DEBUG org.hibernate.type.BasicTypeRegistry - Adding type registration character -> org.hibernate.type.CharacterType@8ee0c23
19:40:31.625 [main] DEBUG org.hibernate.type.BasicTypeRegistry - Adding type registration char -> org.hibernate.type.CharacterType@8ee0c23
19:40:31.625 [main] DEBUG org.hibernate.type.BasicTypeRegistry - Adding type registration java.lang.Character -> org.hibernate.type.CharacterType@8ee0c23
19:40:31.625 [main] DEBUG org.hibernate.type.BasicTypeRegistry - Adding type registration short -> org.hibernate.type.ShortType@173797f0
19:40:31.625 [main] DEBUG org.hibernate.type.BasicTypeRegistry - Adding type registration short -> org.hibernate.type.ShortType@173797f0
19:40:31.625 [main] DEBUG org.hibernate.type.BasicTypeRegistry - Adding type registration java.lang.Short -> org.hibernate.type.ShortType@173797f0
19:40:31.625 [main] DEBUG org.hibernate.type.BasicTypeRegistry - Adding type registration integer -> org.hibernate.type.IntegerType@33d53216
19:40:31.625 [main] DEBUG org.hibernate.type.BasicTypeRegistry - Adding type registration int -> org.hibernate.type.IntegerType@33d53216
19:40:31.625 [main] DEBUG org.hibernate.type.BasicTypeRegistry - Adding type registration java.lang.Integer -> org.hibernate.type.IntegerType@33d53216
19:40:31.625 [main] DEBUG org.hibernate.type.BasicTypeRegistry - Adding type registration long -> org.hibernate.type.LongType@3db663d0
19:40:31.625 [main] DEBUG org.hibernate.type.BasicTypeRegistry - Adding type registration long -> org.hibernate.type.LongType@3db663d0
19:40:31.625 [main] DEBUG org.hibernate.type.BasicTypeRegistry - Adding type registration java.lang.Long -> org.hibernate.type.LongType@3db663d0
19:40:31.625 [main] DEBUG org.hibernate.type.BasicTypeRegistry - Adding type registration float -> org.hibernate.type.FloatType@3b9632d1
19:40:31.625 [main] DEBUG org.hibernate.type.BasicTypeRegistry - Adding type registration float -> org.hibernate.type.FloatType@3b9632d1
19:40:31.625 [main] DEBUG org.hibernate.type.BasicTypeRegistry - Adding type registration java.lang.Float -> org.hibernate.type.FloatType@3b9632d1
19:40:31.625 [main] DEBUG org.hibernate.type.BasicTypeRegistry - Adding type registration double -> org.hibernate.type.DoubleType@75fc1992
19:40:31.625 [main] DEBUG org.hibernate.type.BasicTypeRegistry - Adding type registration double -> org.hibernate.type.DoubleType@75fc1992
19:40:31.625 [main] DEBUG org.hibernate.type.BasicTypeRegistry - Adding type registration java.lang.Double -> org.hibernate.type.DoubleType@75fc1992
19:40:31.625 [main] DEBUG org.hibernate.type.BasicTypeRegistry - Adding type registration big_decimal -> org.hibernate.type.BigDecimalType@27a2a089
19:40:31.625 [main] DEBUG org.hibernate.type.BasicTypeRegistry - Adding type registration java.math.BigDecimal -> org.hibernate.type.BigDecimalType@27a2a089
19:40:31.625 [main] DEBUG org.hibernate.type.BasicTypeRegistry - Adding type registration big_integer -> org.hibernate.type.BigIntegerType@5ac6c4f2
19:40:31.625 [main] DEBUG org.hibernate.type.BasicTypeRegistry - Adding type registration java.math.BigInteger -> org.hibernate.type.BigIntegerType@5ac6c4f2
19:40:31.625 [main] DEBUG org.hibernate.type.BasicTypeRegistry - Adding type registration string -> org.hibernate.type.StringType@78525ef9
19:40:31.625 [main] DEBUG org.hibernate.type.BasicTypeRegistry - Adding type registration java.lang.String -> org.hibernate.type.StringType@78525ef9
19:40:31.625 [main] DEBUG org.hibernate.type.BasicTypeRegistry - Adding type registration nstring -> org.hibernate.type.StringNVarcharType@350a94ce
19:40:31.625 [main] DEBUG org.hibernate.type.BasicTypeRegistry - Adding type registration ncharacter -> org.hibernate.type.CharacterNCharType@5fbdc49b
19:40:31.625 [main] DEBUG org.hibernate.type.BasicTypeRegistry - Adding type registration url -> org.hibernate.type.UrlType@285f38f6
19:40:31.625 [main] DEBUG org.hibernate.type.BasicTypeRegistry - Adding type registration java.net.URL -> org.hibernate.type.UrlType@285f38f6
19:40:31.625 [main] DEBUG org.hibernate.type.BasicTypeRegistry - Adding type registration date -> org.hibernate.type.DateType@21ac5eb4
19:40:31.625 [main] DEBUG org.hibernate.type.BasicTypeRegistry - Adding type registration java.sql.Date -> org.hibernate.type.DateType@21ac5eb4
19:40:31.625 [main] DEBUG org.hibernate.type.BasicTypeRegistry - Adding type registration time -> org.hibernate.type.TimeType@1d540566
19:40:31.625 [main] DEBUG org.hibernate.type.BasicTypeRegistry - Adding type registration java.sql.Time -> org.hibernate.type.TimeType@1d540566
19:40:31.625 [main] DEBUG org.hibernate.type.BasicTypeRegistry - Adding type registration timestamp -> org.hibernate.type.TimestampType@5c1f6d57
19:40:31.625 [main] DEBUG org.hibernate.type.BasicTypeRegistry - Adding type registration java.sql.Timestamp -> org.hibernate.type.TimestampType@5c1f6d57
19:40:31.625 [main] DEBUG org.hibernate.type.BasicTypeRegistry - Adding type registration java.util.Date -> org.hibernate.type.TimestampType@5c1f6d57
19:40:31.625 [main] DEBUG org.hibernate.type.BasicTypeRegistry - Adding type registration dbtimestamp -> org.hibernate.type.DbTimestampType@5cb5bb88
19:40:31.626 [main] DEBUG org.hibernate.type.BasicTypeRegistry - Adding type registration calendar -> org.hibernate.type.CalendarType@20e3c449
19:40:31.626 [main] DEBUG org.hibernate.type.BasicTypeRegistry - Adding type registration java.util.Calendar -> org.hibernate.type.CalendarType@20e3c449
19:40:31.626 [main] DEBUG org.hibernate.type.BasicTypeRegistry - Adding type registration java.util.GregorianCalendar -> org.hibernate.type.CalendarType@20e3c449
19:40:31.626 [main] DEBUG org.hibernate.type.BasicTypeRegistry - Adding type registration calendar_date -> org.hibernate.type.CalendarDateType@2dd8239
19:40:31.626 [main] DEBUG org.hibernate.type.BasicTypeRegistry - Adding type registration locale -> org.hibernate.type.LocaleType@3f92a84e
19:40:31.626 [main] DEBUG org.hibernate.type.BasicTypeRegistry - Adding type registration java.util.Locale -> org.hibernate.type.LocaleType@3f92a84e
19:40:31.626 [main] DEBUG org.hibernate.type.BasicTypeRegistry - Adding type registration currency -> org.hibernate.type.CurrencyType@5fcfca62
19:40:31.626 [main] DEBUG org.hibernate.type.BasicTypeRegistry - Adding type registration java.util.Currency -> org.hibernate.type.CurrencyType@5fcfca62
19:40:31.626 [main] DEBUG org.hibernate.type.BasicTypeRegistry - Adding type registration timezone -> org.hibernate.type.TimeZoneType@5b051a5c
19:40:31.626 [main] DEBUG org.hibernate.type.BasicTypeRegistry - Adding type registration java.util.TimeZone -> org.hibernate.type.TimeZoneType@5b051a5c
19:40:31.626 [main] DEBUG org.hibernate.type.BasicTypeRegistry - Adding type registration class -> org.hibernate.type.ClassType@10641c09
19:40:31.626 [main] DEBUG org.hibernate.type.BasicTypeRegistry - Adding type registration java.lang.Class -> org.hibernate.type.ClassType@10641c09
19:40:31.626 [main] DEBUG org.hibernate.type.BasicTypeRegistry - Adding type registration uuid-binary -> org.hibernate.type.UUIDBinaryType@12968227
19:40:31.626 [main] DEBUG org.hibernate.type.BasicTypeRegistry - Adding type registration java.util.UUID -> org.hibernate.type.UUIDBinaryType@12968227
19:40:31.626 [main] DEBUG org.hibernate.type.BasicTypeRegistry - Adding type registration uuid-char -> org.hibernate.type.UUIDCharType@48eb9836
19:40:31.626 [main] DEBUG org.hibernate.type.BasicTypeRegistry - Adding type registration binary -> org.hibernate.type.BinaryType@9e2ad91
19:40:31.626 [main] DEBUG org.hibernate.type.BasicTypeRegistry - Adding type registration byte[] -> org.hibernate.type.BinaryType@9e2ad91
19:40:31.626 [main] DEBUG org.hibernate.type.BasicTypeRegistry - Adding type registration [B -> org.hibernate.type.BinaryType@9e2ad91
19:40:31.626 [main] DEBUG org.hibernate.type.BasicTypeRegistry - Adding type registration wrapper-binary -> org.hibernate.type.WrapperBinaryType@74dbb1ee
19:40:31.626 [main] DEBUG org.hibernate.type.BasicTypeRegistry - Adding type registration Byte[] -> org.hibernate.type.WrapperBinaryType@74dbb1ee
19:40:31.626 [main] DEBUG org.hibernate.type.BasicTypeRegistry - Adding type registration [Ljava.lang.Byte; -> org.hibernate.type.WrapperBinaryType@74dbb1ee
19:40:31.626 [main] DEBUG org.hibernate.type.BasicTypeRegistry - Adding type registration row_version -> org.hibernate.type.RowVersionType@618ad2aa
19:40:31.626 [main] DEBUG org.hibernate.type.BasicTypeRegistry - Adding type registration image -> org.hibernate.type.ImageType@59e43e8c
19:40:31.626 [main] DEBUG org.hibernate.type.BasicTypeRegistry - Adding type registration characters -> org.hibernate.type.CharArrayType@3f049056
19:40:31.626 [main] DEBUG org.hibernate.type.BasicTypeRegistry - Adding type registration char[] -> org.hibernate.type.CharArrayType@3f049056
19:40:31.626 [main] DEBUG org.hibernate.type.BasicTypeRegistry - Adding type registration [C -> org.hibernate.type.CharArrayType@3f049056
19:40:31.626 [main] DEBUG org.hibernate.type.BasicTypeRegistry - Adding type registration wrapper-characters -> org.hibernate.type.CharacterArrayType@4c2fb9dd
19:40:31.626 [main] DEBUG org.hibernate.type.BasicTypeRegistry - Adding type registration [Ljava.lang.Character; -> org.hibernate.type.CharacterArrayType@4c2fb9dd
19:40:31.626 [main] DEBUG org.hibernate.type.BasicTypeRegistry - Adding type registration Character[] -> org.hibernate.type.CharacterArrayType@4c2fb9dd
19:40:31.626 [main] DEBUG org.hibernate.type.BasicTypeRegistry - Adding type registration text -> org.hibernate.type.TextType@41522537
19:40:31.626 [main] DEBUG org.hibernate.type.BasicTypeRegistry - Adding type registration ntext -> org.hibernate.type.NTextType@42c28305
19:40:31.626 [main] DEBUG org.hibernate.type.BasicTypeRegistry - Adding type registration blob -> org.hibernate.type.BlobType@ef1695a
19:40:31.626 [main] DEBUG org.hibernate.type.BasicTypeRegistry - Adding type registration java.sql.Blob -> org.hibernate.type.BlobType@ef1695a
19:40:31.626 [main] DEBUG org.hibernate.type.BasicTypeRegistry - Adding type registration materialized_blob -> org.hibernate.type.MaterializedBlobType@7139bd31
19:40:31.626 [main] DEBUG org.hibernate.type.BasicTypeRegistry - Adding type registration clob -> org.hibernate.type.ClobType@75361cf6
19:40:31.626 [main] DEBUG org.hibernate.type.BasicTypeRegistry - Adding type registration java.sql.Clob -> org.hibernate.type.ClobType@75361cf6
19:40:31.626 [main] DEBUG org.hibernate.type.BasicTypeRegistry - Adding type registration nclob -> org.hibernate.type.NClobType@102efc59
19:40:31.626 [main] DEBUG org.hibernate.type.BasicTypeRegistry - Adding type registration java.sql.NClob -> org.hibernate.type.NClobType@102efc59
19:40:31.626 [main] DEBUG org.hibernate.type.BasicTypeRegistry - Adding type registration materialized_clob -> org.hibernate.type.MaterializedClobType@75fa1be3
19:40:31.626 [main] DEBUG org.hibernate.type.BasicTypeRegistry - Adding type registration materialized_nclob -> org.hibernate.type.MaterializedNClobType@3ce53f6a
19:40:31.626 [main] DEBUG org.hibernate.type.BasicTypeRegistry - Adding type registration serializable -> org.hibernate.type.SerializableType@1daf3b44
19:40:31.626 [main] DEBUG org.hibernate.type.BasicTypeRegistry - Adding type registration object -> org.hibernate.type.ObjectType@4cb40e3b
19:40:31.626 [main] DEBUG org.hibernate.type.BasicTypeRegistry - Adding type registration java.lang.Object -> org.hibernate.type.ObjectType@4cb40e3b
19:40:31.626 [main] DEBUG org.hibernate.type.BasicTypeRegistry - Adding type registration imm_date -> org.hibernate.type.AdaptedImmutableType@37e491e2
19:40:31.627 [main] DEBUG org.hibernate.type.BasicTypeRegistry - Adding type registration imm_time -> org.hibernate.type.AdaptedImmutableType@56f84c9b
19:40:31.627 [main] DEBUG org.hibernate.type.BasicTypeRegistry - Adding type registration imm_timestamp -> org.hibernate.type.AdaptedImmutableType@26679788
19:40:31.627 [main] DEBUG org.hibernate.type.BasicTypeRegistry - Adding type registration imm_dbtimestamp -> org.hibernate.type.AdaptedImmutableType@5cdda548
19:40:31.627 [main] DEBUG org.hibernate.type.BasicTypeRegistry - Adding type registration imm_calendar -> org.hibernate.type.AdaptedImmutableType@4f2544b0
19:40:31.627 [main] DEBUG org.hibernate.type.BasicTypeRegistry - Adding type registration imm_calendar_date -> org.hibernate.type.AdaptedImmutableType@5bad555b
19:40:31.627 [main] DEBUG org.hibernate.type.BasicTypeRegistry - Adding type registration imm_binary -> org.hibernate.type.AdaptedImmutableType@41ec4271
19:40:31.627 [main] DEBUG org.hibernate.type.BasicTypeRegistry - Adding type registration imm_serializable -> org.hibernate.type.AdaptedImmutableType@70aa58e1
19:40:31.627 [main] DEBUG org.springframework.jdbc.datasource.DriverManagerDataSource - Creating new JDBC DriverManager Connection to [jdbc:hsqldb:hsql://localhost/workdb]
19:40:31.627 [main] WARN org.hibernate.engine.jdbc.env.internal.JdbcEnvironmentInitiator - HHH000342: Could not obtain connection to query metadata : java.net.ConnectException: Połączenie odrzucone (Connection refused)
19:40:31.627 [main] INFO org.hibernate.dialect.Dialect - HHH000400: Using dialect: org.hibernate.dialect.HSQLDialect
19:40:31.628 [main] DEBUG org.hibernate.engine.jdbc.env.spi.IdentifierHelperBuilder - IdentifierCaseStrategy for both quoted and unquoted identifiers was set to the same strategy [MIXED]; that will likely lead to problems in schema update and validation if using quoted identifiers
19:40:31.628 [main] INFO org.hibernate.engine.jdbc.env.internal.LobCreatorBuilderImpl - HHH000422: Disabling contextual LOB creation as connection was null
19:40:31.628 [main] DEBUG org.hibernate.id.factory.internal.DefaultIdentifierGeneratorFactory - Registering IdentifierGenerator strategy [uuid2] -> [org.hibernate.id.UUIDGenerator]
19:40:31.629 [main] DEBUG org.hibernate.id.factory.internal.DefaultIdentifierGeneratorFactory - Registering IdentifierGenerator strategy [guid] -> [org.hibernate.id.GUIDGenerator]
19:40:31.629 [main] DEBUG org.hibernate.id.factory.internal.DefaultIdentifierGeneratorFactory - Registering IdentifierGenerator strategy [uuid] -> [org.hibernate.id.UUIDHexGenerator]
19:40:31.629 [main] DEBUG org.hibernate.id.factory.internal.DefaultIdentifierGeneratorFactory - Registering IdentifierGenerator strategy [uuid.hex] -> [org.hibernate.id.UUIDHexGenerator]
19:40:31.629 [main] DEBUG org.hibernate.id.factory.internal.DefaultIdentifierGeneratorFactory - Registering IdentifierGenerator strategy [assigned] -> [org.hibernate.id.Assigned]
19:40:31.629 [main] DEBUG org.hibernate.id.factory.internal.DefaultIdentifierGeneratorFactory - Registering IdentifierGenerator strategy [identity] -> [org.hibernate.id.IdentityGenerator]
19:40:31.629 [main] DEBUG org.hibernate.id.factory.internal.DefaultIdentifierGeneratorFactory - Registering IdentifierGenerator strategy [select] -> [org.hibernate.id.SelectGenerator]
19:40:31.629 [main] DEBUG org.hibernate.id.factory.internal.DefaultIdentifierGeneratorFactory - Registering IdentifierGenerator strategy [sequence] -> [org.hibernate.id.enhanced.SequenceStyleGenerator]
19:40:31.629 [main] DEBUG org.hibernate.id.factory.internal.DefaultIdentifierGeneratorFactory - Registering IdentifierGenerator strategy [seqhilo] -> [org.hibernate.id.SequenceHiLoGenerator]
19:40:31.629 [main] DEBUG org.hibernate.id.factory.internal.DefaultIdentifierGeneratorFactory - Registering IdentifierGenerator strategy [increment] -> [org.hibernate.id.IncrementGenerator]
19:40:31.629 [main] DEBUG org.hibernate.id.factory.internal.DefaultIdentifierGeneratorFactory - Registering IdentifierGenerator strategy [foreign] -> [org.hibernate.id.ForeignGenerator]
19:40:31.629 [main] DEBUG org.hibernate.id.factory.internal.DefaultIdentifierGeneratorFactory - Registering IdentifierGenerator strategy [sequence-identity] -> [org.hibernate.id.SequenceIdentityGenerator]
19:40:31.629 [main] DEBUG org.hibernate.id.factory.internal.DefaultIdentifierGeneratorFactory - Registering IdentifierGenerator strategy [enhanced-sequence] -> [org.hibernate.id.enhanced.SequenceStyleGenerator]
19:40:31.629 [main] DEBUG org.hibernate.id.factory.internal.DefaultIdentifierGeneratorFactory - Registering IdentifierGenerator strategy [enhanced-table] -> [org.hibernate.id.enhanced.TableGenerator]
19:40:31.629 [main] DEBUG org.hibernate.boot.model.relational.Namespace - Created database namespace [logicalName=Name{catalog=null, schema=null}, physicalName=Name{catalog=null, schema=null}]
19:40:31.629 [main] DEBUG org.hibernate.cfg.AnnotationBinder - Binding entity from annotated class: tau.mmo.domain.Item
19:40:31.629 [main] DEBUG org.hibernate.cfg.annotations.QueryBinder - Binding named query: item.all => Select p from Item p
19:40:31.629 [main] DEBUG org.hibernate.cfg.annotations.QueryBinder - Binding named query: item.allForPlayer => Select p from Item p where player_id = :id
19:40:31.629 [main] DEBUG org.hibernate.cfg.Ejb3Column - Binding column: Ejb3DiscriminatorColumn{logicalColumnName'DTYPE', discriminatorTypeName='string'}
19:40:31.630 [main] DEBUG org.hibernate.cfg.annotations.EntityBinder - Import with entity name Item
19:40:31.630 [main] DEBUG org.hibernate.cfg.annotations.EntityBinder - Bind entity tau.mmo.domain.Item on table item
19:40:31.630 [main] DEBUG org.hibernate.cfg.Ejb3Column - Binding column: Ejb3Column{table=org.hibernate.mapping.Table(item), mappingColumn=id, insertable=true, updatable=true, unique=false}
19:40:31.631 [main] DEBUG org.hibernate.cfg.annotations.PropertyBinder - MetadataSourceProcessor property id with lazy=false
19:40:31.631 [main] DEBUG org.hibernate.cfg.AbstractPropertyHolder - Attempting to locate auto-apply AttributeConverter for property [tau.mmo.domain.Item:id]
19:40:31.631 [main] DEBUG org.hibernate.cfg.annotations.SimpleValueBinder - building SimpleValue for id
19:40:31.631 [main] DEBUG org.hibernate.cfg.annotations.PropertyBinder - Building property id
19:40:31.631 [main] DEBUG org.hibernate.cfg.Ejb3Column - Binding column: Ejb3Column{table=org.hibernate.mapping.Table(item), mappingColumn=itemclass, insertable=true, updatable=true, unique=false}
19:40:31.631 [main] DEBUG org.hibernate.cfg.annotations.PropertyBinder - MetadataSourceProcessor property itemclass with lazy=false
19:40:31.631 [main] DEBUG org.hibernate.cfg.AbstractPropertyHolder - Attempting to locate auto-apply AttributeConverter for property [tau.mmo.domain.Item:itemclass]
19:40:31.631 [main] DEBUG org.hibernate.cfg.annotations.SimpleValueBinder - building SimpleValue for itemclass
19:40:31.631 [main] DEBUG org.hibernate.cfg.annotations.PropertyBinder - Building property itemclass
19:40:31.631 [main] DEBUG org.hibernate.cfg.Ejb3Column - Binding column: Ejb3Column{table=org.hibernate.mapping.Table(item), mappingColumn=levelreq, insertable=true, updatable=true, unique=false}
19:40:31.631 [main] DEBUG org.hibernate.cfg.annotations.PropertyBinder - MetadataSourceProcessor property levelreq with lazy=false
19:40:31.631 [main] DEBUG org.hibernate.cfg.AbstractPropertyHolder - Attempting to locate auto-apply AttributeConverter for property [tau.mmo.domain.Item:levelreq]
19:40:31.631 [main] DEBUG org.hibernate.cfg.annotations.SimpleValueBinder - building SimpleValue for levelreq
19:40:31.631 [main] DEBUG org.hibernate.cfg.annotations.PropertyBinder - Building property levelreq
19:40:31.631 [main] DEBUG org.hibernate.cfg.Ejb3Column - Binding column: Ejb3Column{table=org.hibernate.mapping.Table(item), mappingColumn=name, insertable=true, updatable=true, unique=false}
19:40:31.631 [main] DEBUG org.hibernate.cfg.annotations.PropertyBinder - MetadataSourceProcessor property name with lazy=false
19:40:31.631 [main] DEBUG org.hibernate.cfg.AbstractPropertyHolder - Attempting to locate auto-apply AttributeConverter for property [tau.mmo.domain.Item:name]
19:40:31.631 [main] DEBUG org.hibernate.cfg.annotations.SimpleValueBinder - building SimpleValue for name
19:40:31.631 [main] DEBUG org.hibernate.cfg.annotations.PropertyBinder - Building property name
19:40:31.632 [main] DEBUG org.hibernate.cfg.Ejb3Column - Binding column: Ejb3JoinColumn{logicalColumnName='player_id', referencedColumn='', mappedBy=''}
19:40:31.632 [main] DEBUG org.hibernate.cfg.Ejb3Column - Binding column: Ejb3Column{table=org.hibernate.mapping.Table(item), mappingColumn=player, insertable=true, updatable=true, unique=false}
19:40:31.632 [main] DEBUG org.hibernate.cfg.annotations.PropertyBinder - Building property player
19:40:31.632 [main] DEBUG org.hibernate.cfg.AnnotationBinder - Binding entity from annotated class: tau.mmo.domain.Player
19:40:31.632 [main] DEBUG org.hibernate.cfg.annotations.QueryBinder - Binding named query: player.all => Select p from Player p
19:40:31.632 [main] DEBUG org.hibernate.cfg.annotations.QueryBinder - Binding named query: player.findPlayers => Select c from Player c where c.name like :nameFragment
19:40:31.632 [main] DEBUG org.hibernate.cfg.Ejb3Column - Binding column: Ejb3DiscriminatorColumn{logicalColumnName'DTYPE', discriminatorTypeName='string'}
19:40:31.632 [main] DEBUG org.hibernate.cfg.annotations.EntityBinder - Import with entity name Player
19:40:31.632 [main] DEBUG org.hibernate.cfg.annotations.EntityBinder - Bind entity tau.mmo.domain.Player on table player
19:40:31.633 [main] DEBUG org.hibernate.cfg.Ejb3Column - Binding column: Ejb3Column{table=org.hibernate.mapping.Table(player), mappingColumn=id, insertable=true, updatable=true, unique=false}
19:40:31.633 [main] DEBUG org.hibernate.cfg.annotations.PropertyBinder - MetadataSourceProcessor property id with lazy=false
19:40:31.633 [main] DEBUG org.hibernate.cfg.AbstractPropertyHolder - Attempting to locate auto-apply AttributeConverter for property [tau.mmo.domain.Player:id]
19:40:31.633 [main] DEBUG org.hibernate.cfg.annotations.SimpleValueBinder - building SimpleValue for id
19:40:31.633 [main] DEBUG org.hibernate.cfg.annotations.PropertyBinder - Building property id
19:40:31.633 [main] DEBUG org.hibernate.cfg.Ejb3Column - Binding column: Ejb3Column{table=org.hibernate.mapping.Table(player), mappingColumn=heroclass, insertable=true, updatable=true, unique=false}
19:40:31.633 [main] DEBUG org.hibernate.cfg.annotations.PropertyBinder - MetadataSourceProcessor property heroclass with lazy=false
19:40:31.633 [main] DEBUG org.hibernate.cfg.AbstractPropertyHolder - Attempting to locate auto-apply AttributeConverter for property [tau.mmo.domain.Player:heroclass]
19:40:31.633 [main] DEBUG org.hibernate.cfg.annotations.SimpleValueBinder - building SimpleValue for heroclass
19:40:31.633 [main] DEBUG org.hibernate.cfg.annotations.PropertyBinder - Building property heroclass
19:40:31.633 [main] DEBUG org.hibernate.cfg.Ejb3Column - Binding column: Ejb3JoinColumn{logicalColumnName='null', referencedColumn='null', mappedBy='player'}
19:40:31.633 [main] DEBUG org.hibernate.cfg.Ejb3Column - Binding column: Ejb3Column{table=org.hibernate.mapping.Table(player), mappingColumn=items, insertable=true, updatable=true, unique=false}
19:40:31.633 [main] DEBUG org.hibernate.cfg.Ejb3Column - Binding column: Ejb3Column{table=org.hibernate.mapping.Table(player), mappingColumn=null, insertable=true, updatable=true, unique=false}
19:40:31.633 [main] DEBUG org.hibernate.cfg.Ejb3Column - Binding column: Ejb3Column{table=org.hibernate.mapping.Table(player), mappingColumn=element, insertable=true, updatable=true, unique=false}
19:40:31.634 [main] DEBUG org.hibernate.cfg.Ejb3Column - Binding column: Ejb3Column{table=org.hibernate.mapping.Table(player), mappingColumn=items_KEY, insertable=true, updatable=true, unique=false}
19:40:31.634 [main] DEBUG org.hibernate.cfg.Ejb3Column - Binding column: Ejb3JoinColumn{logicalColumnName='items_KEY', referencedColumn='null', mappedBy='null'}
19:40:31.634 [main] DEBUG org.hibernate.cfg.Ejb3Column - Binding column: Ejb3JoinColumn{logicalColumnName='null', referencedColumn='null', mappedBy='player'}
19:40:31.634 [main] DEBUG org.hibernate.cfg.Ejb3Column - Binding column: Ejb3JoinColumn{logicalColumnName='null', referencedColumn='null', mappedBy='player'}
19:40:31.634 [main] DEBUG org.hibernate.cfg.annotations.CollectionBinder - Collection role: tau.mmo.domain.Player.items
19:40:31.634 [main] DEBUG org.hibernate.cfg.annotations.PropertyBinder - Building property items
19:40:31.634 [main] DEBUG org.hibernate.cfg.Ejb3Column - Binding column: Ejb3Column{table=org.hibernate.mapping.Table(player), mappingColumn=level, insertable=true, updatable=true, unique=false}
19:40:31.634 [main] DEBUG org.hibernate.cfg.annotations.PropertyBinder - MetadataSourceProcessor property level with lazy=false
19:40:31.634 [main] DEBUG org.hibernate.cfg.AbstractPropertyHolder - Attempting to locate auto-apply AttributeConverter for property [tau.mmo.domain.Player:level]
19:40:31.634 [main] DEBUG org.hibernate.cfg.annotations.SimpleValueBinder - building SimpleValue for level
19:40:31.634 [main] DEBUG org.hibernate.cfg.annotations.PropertyBinder - Building property level
19:40:31.634 [main] DEBUG org.hibernate.cfg.Ejb3Column - Binding column: Ejb3Column{table=org.hibernate.mapping.Table(player), mappingColumn=name, insertable=true, updatable=true, unique=false}
19:40:31.634 [main] DEBUG org.hibernate.cfg.annotations.PropertyBinder - MetadataSourceProcessor property name with lazy=false
19:40:31.634 [main] DEBUG org.hibernate.cfg.AbstractPropertyHolder - Attempting to locate auto-apply AttributeConverter for property [tau.mmo.domain.Player:name]
19:40:31.634 [main] DEBUG org.hibernate.cfg.annotations.SimpleValueBinder - building SimpleValue for name
19:40:31.634 [main] DEBUG org.hibernate.cfg.annotations.PropertyBinder - Building property name
19:40:31.634 [main] DEBUG org.hibernate.cfg.annotations.SimpleValueBinder - Starting fillSimpleValue for id
19:40:31.635 [main] DEBUG org.hibernate.cfg.annotations.SimpleValueBinder - Starting fillSimpleValue for itemclass
19:40:31.635 [main] DEBUG org.hibernate.cfg.annotations.SimpleValueBinder - Starting fillSimpleValue for levelreq
19:40:31.635 [main] DEBUG org.hibernate.cfg.annotations.SimpleValueBinder - Starting fillSimpleValue for name
19:40:31.635 [main] DEBUG org.hibernate.cfg.annotations.SimpleValueBinder - Starting fillSimpleValue for id
19:40:31.635 [main] DEBUG org.hibernate.cfg.annotations.SimpleValueBinder - Starting fillSimpleValue for heroclass
19:40:31.635 [main] DEBUG org.hibernate.cfg.annotations.SimpleValueBinder - Starting fillSimpleValue for level
19:40:31.635 [main] DEBUG org.hibernate.cfg.annotations.SimpleValueBinder - Starting fillSimpleValue for name
19:40:31.635 [main] DEBUG org.hibernate.mapping.PrimaryKey - Forcing column [id] to be non-null as it is part of the primary key for table [item]
19:40:31.635 [main] DEBUG org.hibernate.mapping.PrimaryKey - Forcing column [id] to be non-null as it is part of the primary key for table [player]
19:40:31.635 [main] DEBUG org.hibernate.cfg.CollectionSecondPass - Second pass for collection: tau.mmo.domain.Player.items
19:40:31.635 [main] DEBUG org.hibernate.cfg.annotations.CollectionBinder - Binding a OneToMany: tau.mmo.domain.Player.items through a foreign key
19:40:31.635 [main] DEBUG org.hibernate.cfg.annotations.CollectionBinder - Mapping collection: tau.mmo.domain.Player.items -> item
19:40:31.635 [main] DEBUG org.hibernate.cfg.annotations.TableBinder - Retrieving property tau.mmo.domain.Item.player
19:40:31.635 [main] DEBUG org.hibernate.cfg.CollectionSecondPass - Mapped collection key: player_id, one-to-many: tau.mmo.domain.Item
19:40:31.635 [main] DEBUG org.hibernate.boot.internal.InFlightMetadataCollectorImpl - Resolving reference to class: tau.mmo.domain.Player
19:40:31.636 [main] DEBUG org.hibernate.boot.internal.InFlightMetadataCollectorImpl - Resolving reference to class: tau.mmo.domain.Player
19:40:31.636 [main] DEBUG org.hibernate.internal.SessionFactoryImpl - Building session factory
19:40:31.636 [main] DEBUG org.hibernate.cfg.Settings - SessionFactory name : null
19:40:31.636 [main] DEBUG org.hibernate.cfg.Settings - Automatic flush during beforeCompletion(): disabled
19:40:31.636 [main] DEBUG org.hibernate.cfg.Settings - Automatic session close at end of transaction: disabled
19:40:31.636 [main] DEBUG org.hibernate.cfg.Settings - Statistics: disabled
19:40:31.636 [main] DEBUG org.hibernate.cfg.Settings - Deleted entity synthetic identifier rollback: disabled
19:40:31.636 [main] DEBUG org.hibernate.cfg.Settings - Default entity-mode: pojo
19:40:31.636 [main] DEBUG org.hibernate.cfg.Settings - Check Nullability in Core (should be disabled when Bean Validation is on): enabled
19:40:31.636 [main] DEBUG org.hibernate.cfg.Settings - Allow initialization of lazy state outside session : disabled
19:40:31.636 [main] DEBUG org.hibernate.cfg.Settings - Using BatchFetchStyle : LEGACY
19:40:31.636 [main] DEBUG org.hibernate.cfg.Settings - Default batch fetch size: -1
19:40:31.636 [main] DEBUG org.hibernate.cfg.Settings - Maximum outer join fetch depth: null
19:40:31.636 [main] DEBUG org.hibernate.cfg.Settings - Default null ordering: NONE
19:40:31.636 [main] DEBUG org.hibernate.cfg.Settings - Order SQL updates by primary key: disabled
19:40:31.636 [main] DEBUG org.hibernate.cfg.Settings - Order SQL inserts for batching: disabled
19:40:31.636 [main] DEBUG org.hibernate.cfg.Settings - multi-tenancy strategy : NONE
19:40:31.636 [main] DEBUG org.hibernate.cfg.Settings - JTA Track by Thread: enabled
19:40:31.636 [main] DEBUG org.hibernate.cfg.Settings - Query language substitutions: {}
19:40:31.636 [main] DEBUG org.hibernate.cfg.Settings - JPA query language strict compliance: disabled
19:40:31.636 [main] DEBUG org.hibernate.cfg.Settings - Named query checking : enabled
19:40:31.636 [main] DEBUG org.hibernate.cfg.Settings - Second-level cache: enabled
19:40:31.636 [main] DEBUG org.hibernate.cfg.Settings - Second-level query cache: disabled
19:40:31.637 [main] DEBUG org.hibernate.cfg.Settings - Second-level query cache factory: org.hibernate.cache.internal.StandardQueryCacheFactory@2da16263
19:40:31.637 [main] DEBUG org.hibernate.cfg.Settings - Second-level cache region prefix: null
19:40:31.637 [main] DEBUG org.hibernate.cfg.Settings - Optimize second-level cache for minimal puts: disabled
19:40:31.637 [main] DEBUG org.hibernate.cfg.Settings - Structured second-level cache entries: disabled
19:40:31.637 [main] DEBUG org.hibernate.cfg.Settings - Second-level cache direct-reference entries: disabled
19:40:31.637 [main] DEBUG org.hibernate.cfg.Settings - Automatic eviction of collection cache: disabled
19:40:31.637 [main] DEBUG org.hibernate.cfg.Settings - JDBC batch size: 0
19:40:31.637 [main] DEBUG org.hibernate.cfg.Settings - JDBC batch updates for versioned data: enabled
19:40:31.637 [main] DEBUG org.hibernate.cfg.Settings - Scrollable result sets: disabled
19:40:31.637 [main] DEBUG org.hibernate.cfg.Settings - Wrap result sets: disabled
19:40:31.637 [main] DEBUG org.hibernate.cfg.Settings - JDBC3 getGeneratedKeys(): disabled
19:40:31.637 [main] DEBUG org.hibernate.cfg.Settings - JDBC result set fetch size: null
19:40:31.637 [main] DEBUG org.hibernate.cfg.Settings - Connection release mode: ON_CLOSE
19:40:31.637 [main] DEBUG org.hibernate.cfg.Settings - Generate SQL with comments: disabled
19:40:31.637 [main] DEBUG org.hibernate.internal.SessionFactoryImpl - Session factory constructed with filter configurations : {}
19:40:31.637 [main] DEBUG org.hibernate.internal.SessionFactoryImpl - Instantiating session factory with properties: {awt.toolkit=sun.awt.X11.XToolkit, java.specification.version=11, sun.cpu.isalist=, sun.jnu.encoding=UTF-8, hibernate.connection.release_mode=ON_CLOSE, sun.arch.data.model=64, java.vendor.url=http://java.oracle.com/, sun.boot.library.path=/usr/lib/jvm/java-11-openjdk-amd64/lib, sun.java.command=/home/whitewolf/tau/TAU-repozytorium/tau-mmo-jmeter/target/surefire/surefirebooter3068630985977223282.jar /home/whitewolf/tau/TAU-repozytorium/tau-mmo-jmeter/target/surefire 2019-05-27T19-40-27_728-jvmRun1 surefire9941762728851701862tmp surefire_013181237219562226252tmp, jdk.debug=release, java.specification.vendor=Oracle Corporation, java.version.date=2019-04-16, java.home=/usr/lib/jvm/java-11-openjdk-amd64, file.separator=/, basedir=/home/whitewolf/tau/TAU-repozytorium/tau-mmo-jmeter, java.vm.compressedOopsMode=Zero based, line.separator=
, java.specification.name=Java Platform API Specification, java.vm.specification.vendor=Oracle Corporation, hibernate.hbm2ddl.auto=update, sun.management.compiler=HotSpot 64-Bit Tiered Compilers, java.runtime.version=11.0.3+7-Ubuntu-1ubuntu218.04.1, user.name=whitewolf, file.encoding=UTF-8, hibernate.classLoaders=[jdk.internal.loader.ClassLoaders$AppClassLoader@1affbebc], hibernate.current_session_context_class=org.springframework.orm.hibernate5.SpringSessionContext, localRepository=/home/whitewolf/.m2/repository, java.io.tmpdir=/tmp, java.version=11.0.3, java.vm.specification.name=Java Virtual Machine Specification, java.awt.printerjob=sun.print.PSPrinterJob, sun.os.patch.level=unknown, java.library.path=/usr/java/packages/lib:/usr/lib/x86_64-linux-gnu/jni:/lib/x86_64-linux-gnu:/usr/lib/x86_64-linux-gnu:/usr/lib/jni:/lib:/usr/lib, java.vendor=Oracle Corporation, sun.io.unicode.encoding=UnicodeLittle, sun.desktop=gnome, hibernate.dialect=org.hibernate.dialect.HSQLDialect, java.class.path=/home/whitewolf/tau/TAU-repozytorium/tau-mmo-jmeter/target/test-classes:/home/whitewolf/tau/TAU-repozytorium/tau-mmo-jmeter/target/classes:/home/whitewolf/.m2/repository/org/springframework/boot/spring-boot-starter-web/2.1.4.RELEASE/spring-boot-starter-web-2.1.4.RELEASE.jar:/home/whitewolf/.m2/repository/org/springframework/boot/spring-boot-starter/2.1.4.RELEASE/spring-boot-starter-2.1.4.RELEASE.jar:/home/whitewolf/.m2/repository/org/springframework/boot/spring-boot/2.1.4.RELEASE/spring-boot-2.1.4.RELEASE.jar:/home/whitewolf/.m2/repository/org/springframework/boot/spring-boot-autoconfigure/2.1.4.RELEASE/spring-boot-autoconfigure-2.1.4.RELEASE.jar:/home/whitewolf/.m2/repository/org/springframework/boot/spring-boot-starter-logging/2.1.4.RELEASE/spring-boot-starter-logging-2.1.4.RELEASE.jar:/home/whitewolf/.m2/repository/ch/qos/logback/logback-classic/1.2.3/logback-classic-1.2.3.jar:/home/whitewolf/.m2/repository/ch/qos/logback/logback-core/1.2.3/logback-core-1.2.3.jar:/home/whitewolf/.m2/repository/org/apache/logging/log4j/log4j-to-slf4j/2.11.2/log4j-to-slf4j-2.11.2.jar:/home/whitewolf/.m2/repository/org/apache/logging/log4j/log4j-api/2.11.2/log4j-api-2.11.2.jar:/home/whitewolf/.m2/repository/org/slf4j/jul-to-slf4j/1.7.26/jul-to-slf4j-1.7.26.jar:/home/whitewolf/.m2/repository/org/yaml/snakeyaml/1.23/snakeyaml-1.23.jar:/home/whitewolf/.m2/repository/org/springframework/boot/spring-boot-starter-json/2.1.4.RELEASE/spring-boot-starter-json-2.1.4.RELEASE.jar:/home/whitewolf/.m2/repository/com/fasterxml/jackson/core/jackson-databind/2.9.8/jackson-databind-2.9.8.jar:/home/whitewolf/.m2/repository/com/fasterxml/jackson/core/jackson-annotations/2.9.0/jackson-annotations-2.9.0.jar:/home/whitewolf/.m2/repository/com/fasterxml/jackson/core/jackson-core/2.9.8/jackson-core-2.9.8.jar:/home/whitewolf/.m2/repository/com/fasterxml/jackson/datatype/jackson-datatype-jdk8/2.9.8/jackson-datatype-jdk8-2.9.8.jar:/home/whitewolf/.m2/repository/com/fasterxml/jackson/datatype/jackson-datatype-jsr310/2.9.8/jackson-datatype-jsr310-2.9.8.jar:/home/whitewolf/.m2/repository/com/fasterxml/jackson/module/jackson-module-parameter-names/2.9.8/jackson-module-parameter-names-2.9.8.jar:/home/whitewolf/.m2/repository/org/hibernate/validator/hibernate-validator/6.0.16.Final/hibernate-validator-6.0.16.Final.jar:/home/whitewolf/.m2/repository/javax/validation/validation-api/2.0.1.Final/validation-api-2.0.1.Final.jar:/home/whitewolf/.m2/repository/org/springframework/spring-web/5.1.6.RELEASE/spring-web-5.1.6.RELEASE.jar:/home/whitewolf/.m2/repository/org/springframework/spring-webmvc/5.1.6.RELEASE/spring-webmvc-5.1.6.RELEASE.jar:/home/whitewolf/.m2/repository/org/springframework/spring-aop/5.1.6.RELEASE/spring-aop-5.1.6.RELEASE.jar:/home/whitewolf/.m2/repository/org/springframework/spring-context/5.1.6.RELEASE/spring-context-5.1.6.RELEASE.jar:/home/whitewolf/.m2/repository/org/springframework/spring-expression/5.1.6.RELEASE/spring-expression-5.1.6.RELEASE.jar:/home/whitewolf/.m2/repository/org/springframework/boot/spring-boot-starter-test/2.1.4.RELEASE/spring-boot-starter-test-2.1.4.RELEASE.jar:/home/whitewolf/.m2/repository/org/springframework/boot/spring-boot-test/2.1.4.RELEASE/spring-boot-test-2.1.4.RELEASE.jar:/home/whitewolf/.m2/repository/org/springframework/boot/spring-boot-test-autoconfigure/2.1.4.RELEASE/spring-boot-test-autoconfigure-2.1.4.RELEASE.jar:/home/whitewolf/.m2/repository/junit/junit/4.12/junit-4.12.jar:/home/whitewolf/.m2/repository/org/assertj/assertj-core/3.11.1/assertj-core-3.11.1.jar:/home/whitewolf/.m2/repository/org/mockito/mockito-core/2.23.4/mockito-core-2.23.4.jar:/home/whitewolf/.m2/repository/net/bytebuddy/byte-buddy/1.9.12/byte-buddy-1.9.12.jar:/home/whitewolf/.m2/repository/net/bytebuddy/byte-buddy-agent/1.9.12/byte-buddy-agent-1.9.12.jar:/home/whitewolf/.m2/repository/org/objenesis/objenesis/2.6/objenesis-2.6.jar:/home/whitewolf/.m2/repository/org/hamcrest/hamcrest-core/1.3/hamcrest-core-1.3.jar:/home/whitewolf/.m2/repository/org/hamcrest/hamcrest-library/1.3/hamcrest-library-1.3.jar:/home/whitewolf/.m2/repository/org/skyscreamer/jsonassert/1.5.0/jsonassert-1.5.0.jar:/home/whitewolf/.m2/repository/com/vaadin/external/google/android-json/0.0.20131108.vaadin1/android-json-0.0.20131108.vaadin1.jar:/home/whitewolf/.m2/repository/org/springframework/spring-core/5.1.6.RELEASE/spring-core-5.1.6.RELEASE.jar:/home/whitewolf/.m2/repository/org/springframework/spring-jcl/5.1.6.RELEASE/spring-jcl-5.1.6.RELEASE.jar:/home/whitewolf/.m2/repository/org/springframework/spring-test/5.1.6.RELEASE/spring-test-5.1.6.RELEASE.jar:/home/whitewolf/.m2/repository/org/xmlunit/xmlunit-core/2.6.2/xmlunit-core-2.6.2.jar:/home/whitewolf/.m2/repository/org/springframework/boot/spring-boot-starter-tomcat/2.1.4.RELEASE/spring-boot-starter-tomcat-2.1.4.RELEASE.jar:/home/whitewolf/.m2/repository/javax/annotation/javax.annotation-api/1.3.2/javax.annotation-api-1.3.2.jar:/home/whitewolf/.m2/repository/org/apache/tomcat/embed/tomcat-embed-core/9.0.17/tomcat-embed-core-9.0.17.jar:/home/whitewolf/.m2/repository/org/apache/tomcat/embed/tomcat-embed-el/9.0.17/tomcat-embed-el-9.0.17.jar:/home/whitewolf/.m2/repository/org/apache/tomcat/embed/tomcat-embed-websocket/9.0.17/tomcat-embed-websocket-9.0.17.jar:/home/whitewolf/.m2/repository/org/springframework/boot/spring-boot-starter-data-jpa/2.1.4.RELEASE/spring-boot-starter-data-jpa-2.1.4.RELEASE.jar:/home/whitewolf/.m2/repository/org/springframework/boot/spring-boot-starter-aop/2.1.4.RELEASE/spring-boot-starter-aop-2.1.4.RELEASE.jar:/home/whitewolf/.m2/repository/org/aspectj/aspectjweaver/1.9.2/aspectjweaver-1.9.2.jar:/home/whitewolf/.m2/repository/org/springframework/boot/spring-boot-starter-jdbc/2.1.4.RELEASE/spring-boot-starter-jdbc-2.1.4.RELEASE.jar:/home/whitewolf/.m2/repository/com/zaxxer/HikariCP/3.2.0/HikariCP-3.2.0.jar:/home/whitewolf/.m2/repository/org/springframework/spring-jdbc/5.1.6.RELEASE/spring-jdbc-5.1.6.RELEASE.jar:/home/whitewolf/.m2/repository/javax/transaction/javax.transaction-api/1.3/javax.transaction-api-1.3.jar:/home/whitewolf/.m2/repository/javax/xml/bind/jaxb-api/2.3.1/jaxb-api-2.3.1.jar:/home/whitewolf/.m2/repository/javax/activation/javax.activation-api/1.2.0/javax.activation-api-1.2.0.jar:/home/whitewolf/.m2/repository/org/springframework/data/spring-data-jpa/2.1.6.RELEASE/spring-data-jpa-2.1.6.RELEASE.jar:/home/whitewolf/.m2/repository/org/springframework/data/spring-data-commons/2.1.6.RELEASE/spring-data-commons-2.1.6.RELEASE.jar:/home/whitewolf/.m2/repository/org/springframework/spring-orm/5.1.6.RELEASE/spring-orm-5.1.6.RELEASE.jar:/home/whitewolf/.m2/repository/org/springframework/spring-aspects/5.1.6.RELEASE/spring-aspects-5.1.6.RELEASE.jar:/home/whitewolf/.m2/repository/org/springframework/spring-tx/5.1.6.RELEASE/spring-tx-5.1.6.RELEASE.jar:/home/whitewolf/.m2/repository/org/springframework/spring-beans/5.1.6.RELEASE/spring-beans-5.1.6.RELEASE.jar:/home/whitewolf/.m2/repository/com/jayway/jsonpath/json-path/2.4.0/json-path-2.4.0.jar:/home/whitewolf/.m2/repository/net/minidev/json-smart/2.3/json-smart-2.3.jar:/home/whitewolf/.m2/repository/net/minidev/accessors-smart/1.2/accessors-smart-1.2.jar:/home/whitewolf/.m2/repository/org/ow2/asm/asm/5.0.4/asm-5.0.4.jar:/home/whitewolf/.m2/repository/org/slf4j/slf4j-api/1.7.26/slf4j-api-1.7.26.jar:/home/whitewolf/.m2/repository/org/hibernate/hibernate-core/5.1.6.Final/hibernate-core-5.1.6.Final.jar:/home/whitewolf/.m2/repository/org/jboss/logging/jboss-logging/3.3.2.Final/jboss-logging-3.3.2.Final.jar:/home/whitewolf/.m2/repository/org/hibernate/javax/persistence/hibernate-jpa-2.1-api/1.0.0.Final/hibernate-jpa-2.1-api-1.0.0.Final.jar:/home/whitewolf/.m2/repository/org/javassist/javassist/3.20.0-GA/javassist-3.20.0-GA.jar:/home/whitewolf/.m2/repository/antlr/antlr/2.7.7/antlr-2.7.7.jar:/home/whitewolf/.m2/repository/org/apache/geronimo/specs/geronimo-jta_1.1_spec/1.1.1/geronimo-jta_1.1_spec-1.1.1.jar:/home/whitewolf/.m2/repository/org/jboss/jandex/2.0.3.Final/jandex-2.0.3.Final.jar:/home/whitewolf/.m2/repository/com/fasterxml/classmate/1.4.0/classmate-1.4.0.jar:/home/whitewolf/.m2/repository/dom4j/dom4j/1.6.1/dom4j-1.6.1.jar:/home/whitewolf/.m2/repository/org/hibernate/common/hibernate-commons-annotations/5.0.1.Final/hibernate-commons-annotations-5.0.1.Final.jar:/home/whitewolf/.m2/repository/org/hsqldb/hsqldb/2.3.4/hsqldb-2.3.4.jar:, java.vm.vendor=Oracle Corporation, user.timezone=Europe/Warsaw, os.name=Linux, java.vm.specification.version=11, sun.java.launcher=SUN_STANDARD, user.country=PL, surefire.test.class.path=/home/whitewolf/tau/TAU-repozytorium/tau-mmo-jmeter/target/test-classes:/home/whitewolf/tau/TAU-repozytorium/tau-mmo-jmeter/target/classes:/home/whitewolf/.m2/repository/org/springframework/boot/spring-boot-starter-web/2.1.4.RELEASE/spring-boot-starter-web-2.1.4.RELEASE.jar:/home/whitewolf/.m2/repository/org/springframework/boot/spring-boot-starter/2.1.4.RELEASE/spring-boot-starter-2.1.4.RELEASE.jar:/home/whitewolf/.m2/repository/org/springframework/boot/spring-boot/2.1.4.RELEASE/spring-boot-2.1.4.RELEASE.jar:/home/whitewolf/.m2/repository/org/springframework/boot/spring-boot-autoconfigure/2.1.4.RELEASE/spring-boot-autoconfigure-2.1.4.RELEASE.jar:/home/whitewolf/.m2/repository/org/springframework/boot/spring-boot-starter-logging/2.1.4.RELEASE/spring-boot-starter-logging-2.1.4.RELEASE.jar:/home/whitewolf/.m2/repository/ch/qos/logback/logback-classic/1.2.3/logback-classic-1.2.3.jar:/home/whitewolf/.m2/repository/ch/qos/logback/logback-core/1.2.3/logback-core-1.2.3.jar:/home/whitewolf/.m2/repository/org/apache/logging/log4j/log4j-to-slf4j/2.11.2/log4j-to-slf4j-2.11.2.jar:/home/whitewolf/.m2/repository/org/apache/logging/log4j/log4j-api/2.11.2/log4j-api-2.11.2.jar:/home/whitewolf/.m2/repository/org/slf4j/jul-to-slf4j/1.7.26/jul-to-slf4j-1.7.26.jar:/home/whitewolf/.m2/repository/org/yaml/snakeyaml/1.23/snakeyaml-1.23.jar:/home/whitewolf/.m2/repository/org/springframework/boot/spring-boot-starter-json/2.1.4.RELEASE/spring-boot-starter-json-2.1.4.RELEASE.jar:/home/whitewolf/.m2/repository/com/fasterxml/jackson/core/jackson-databind/2.9.8/jackson-databind-2.9.8.jar:/home/whitewolf/.m2/repository/com/fasterxml/jackson/core/jackson-annotations/2.9.0/jackson-annotations-2.9.0.jar:/home/whitewolf/.m2/repository/com/fasterxml/jackson/core/jackson-core/2.9.8/jackson-core-2.9.8.jar:/home/whitewolf/.m2/repository/com/fasterxml/jackson/datatype/jackson-datatype-jdk8/2.9.8/jackson-datatype-jdk8-2.9.8.jar:/home/whitewolf/.m2/repository/com/fasterxml/jackson/datatype/jackson-datatype-jsr310/2.9.8/jackson-datatype-jsr310-2.9.8.jar:/home/whitewolf/.m2/repository/com/fasterxml/jackson/module/jackson-module-parameter-names/2.9.8/jackson-module-parameter-names-2.9.8.jar:/home/whitewolf/.m2/repository/org/hibernate/validator/hibernate-validator/6.0.16.Final/hibernate-validator-6.0.16.Final.jar:/home/whitewolf/.m2/repository/javax/validation/validation-api/2.0.1.Final/validation-api-2.0.1.Final.jar:/home/whitewolf/.m2/repository/org/springframework/spring-web/5.1.6.RELEASE/spring-web-5.1.6.RELEASE.jar:/home/whitewolf/.m2/repository/org/springframework/spring-webmvc/5.1.6.RELEASE/spring-webmvc-5.1.6.RELEASE.jar:/home/whitewolf/.m2/repository/org/springframework/spring-aop/5.1.6.RELEASE/spring-aop-5.1.6.RELEASE.jar:/home/whitewolf/.m2/repository/org/springframework/spring-context/5.1.6.RELEASE/spring-context-5.1.6.RELEASE.jar:/home/whitewolf/.m2/repository/org/springframework/spring-expression/5.1.6.RELEASE/spring-expression-5.1.6.RELEASE.jar:/home/whitewolf/.m2/repository/org/springframework/boot/spring-boot-starter-test/2.1.4.RELEASE/spring-boot-starter-test-2.1.4.RELEASE.jar:/home/whitewolf/.m2/repository/org/springframework/boot/spring-boot-test/2.1.4.RELEASE/spring-boot-test-2.1.4.RELEASE.jar:/home/whitewolf/.m2/repository/org/springframework/boot/spring-boot-test-autoconfigure/2.1.4.RELEASE/spring-boot-test-autoconfigure-2.1.4.RELEASE.jar:/home/whitewolf/.m2/repository/junit/junit/4.12/junit-4.12.jar:/home/whitewolf/.m2/repository/org/assertj/assertj-core/3.11.1/assertj-core-3.11.1.jar:/home/whitewolf/.m2/repository/org/mockito/mockito-core/2.23.4/mockito-core-2.23.4.jar:/home/whitewolf/.m2/repository/net/bytebuddy/byte-buddy/1.9.12/byte-buddy-1.9.12.jar:/home/whitewolf/.m2/repository/net/bytebuddy/byte-buddy-agent/1.9.12/byte-buddy-agent-1.9.12.jar:/home/whitewolf/.m2/repository/org/objenesis/objenesis/2.6/objenesis-2.6.jar:/home/whitewolf/.m2/repository/org/hamcrest/hamcrest-core/1.3/hamcrest-core-1.3.jar:/home/whitewolf/.m2/repository/org/hamcrest/hamcrest-library/1.3/hamcrest-library-1.3.jar:/home/whitewolf/.m2/repository/org/skyscreamer/jsonassert/1.5.0/jsonassert-1.5.0.jar:/home/whitewolf/.m2/repository/com/vaadin/external/google/android-json/0.0.20131108.vaadin1/android-json-0.0.20131108.vaadin1.jar:/home/whitewolf/.m2/repository/org/springframework/spring-core/5.1.6.RELEASE/spring-core-5.1.6.RELEASE.jar:/home/whitewolf/.m2/repository/org/springframework/spring-jcl/5.1.6.RELEASE/spring-jcl-5.1.6.RELEASE.jar:/home/whitewolf/.m2/repository/org/springframework/spring-test/5.1.6.RELEASE/spring-test-5.1.6.RELEASE.jar:/home/whitewolf/.m2/repository/org/xmlunit/xmlunit-core/2.6.2/xmlunit-core-2.6.2.jar:/home/whitewolf/.m2/repository/org/springframework/boot/spring-boot-starter-tomcat/2.1.4.RELEASE/spring-boot-starter-tomcat-2.1.4.RELEASE.jar:/home/whitewolf/.m2/repository/javax/annotation/javax.annotation-api/1.3.2/javax.annotation-api-1.3.2.jar:/home/whitewolf/.m2/repository/org/apache/tomcat/embed/tomcat-embed-core/9.0.17/tomcat-embed-core-9.0.17.jar:/home/whitewolf/.m2/repository/org/apache/tomcat/embed/tomcat-embed-el/9.0.17/tomcat-embed-el-9.0.17.jar:/home/whitewolf/.m2/repository/org/apache/tomcat/embed/tomcat-embed-websocket/9.0.17/tomcat-embed-websocket-9.0.17.jar:/home/whitewolf/.m2/repository/org/springframework/boot/spring-boot-starter-data-jpa/2.1.4.RELEASE/spring-boot-starter-data-jpa-2.1.4.RELEASE.jar:/home/whitewolf/.m2/repository/org/springframework/boot/spring-boot-starter-aop/2.1.4.RELEASE/spring-boot-starter-aop-2.1.4.RELEASE.jar:/home/whitewolf/.m2/repository/org/aspectj/aspectjweaver/1.9.2/aspectjweaver-1.9.2.jar:/home/whitewolf/.m2/repository/org/springframework/boot/spring-boot-starter-jdbc/2.1.4.RELEASE/spring-boot-starter-jdbc-2.1.4.RELEASE.jar:/home/whitewolf/.m2/repository/com/zaxxer/HikariCP/3.2.0/HikariCP-3.2.0.jar:/home/whitewolf/.m2/repository/org/springframework/spring-jdbc/5.1.6.RELEASE/spring-jdbc-5.1.6.RELEASE.jar:/home/whitewolf/.m2/repository/javax/transaction/javax.transaction-api/1.3/javax.transaction-api-1.3.jar:/home/whitewolf/.m2/repository/javax/xml/bind/jaxb-api/2.3.1/jaxb-api-2.3.1.jar:/home/whitewolf/.m2/repository/javax/activation/javax.activation-api/1.2.0/javax.activation-api-1.2.0.jar:/home/whitewolf/.m2/repository/org/springframework/data/spring-data-jpa/2.1.6.RELEASE/spring-data-jpa-2.1.6.RELEASE.jar:/home/whitewolf/.m2/repository/org/springframework/data/spring-data-commons/2.1.6.RELEASE/spring-data-commons-2.1.6.RELEASE.jar:/home/whitewolf/.m2/repository/org/springframework/spring-orm/5.1.6.RELEASE/spring-orm-5.1.6.RELEASE.jar:/home/whitewolf/.m2/repository/org/springframework/spring-aspects/5.1.6.RELEASE/spring-aspects-5.1.6.RELEASE.jar:/home/whitewolf/.m2/repository/org/springframework/spring-tx/5.1.6.RELEASE/spring-tx-5.1.6.RELEASE.jar:/home/whitewolf/.m2/repository/org/springframework/spring-beans/5.1.6.RELEASE/spring-beans-5.1.6.RELEASE.jar:/home/whitewolf/.m2/repository/com/jayway/jsonpath/json-path/2.4.0/json-path-2.4.0.jar:/home/whitewolf/.m2/repository/net/minidev/json-smart/2.3/json-smart-2.3.jar:/home/whitewolf/.m2/repository/net/minidev/accessors-smart/1.2/accessors-smart-1.2.jar:/home/whitewolf/.m2/repository/org/ow2/asm/asm/5.0.4/asm-5.0.4.jar:/home/whitewolf/.m2/repository/org/slf4j/slf4j-api/1.7.26/slf4j-api-1.7.26.jar:/home/whitewolf/.m2/repository/org/hibernate/hibernate-core/5.1.6.Final/hibernate-core-5.1.6.Final.jar:/home/whitewolf/.m2/repository/org/jboss/logging/jboss-logging/3.3.2.Final/jboss-logging-3.3.2.Final.jar:/home/whitewolf/.m2/repository/org/hibernate/javax/persistence/hibernate-jpa-2.1-api/1.0.0.Final/hibernate-jpa-2.1-api-1.0.0.Final.jar:/home/whitewolf/.m2/repository/org/javassist/javassist/3.20.0-GA/javassist-3.20.0-GA.jar:/home/whitewolf/.m2/repository/antlr/antlr/2.7.7/antlr-2.7.7.jar:/home/whitewolf/.m2/repository/org/apache/geronimo/specs/geronimo-jta_1.1_spec/1.1.1/geronimo-jta_1.1_spec-1.1.1.jar:/home/whitewolf/.m2/repository/org/jboss/jandex/2.0.3.Final/jandex-2.0.3.Final.jar:/home/whitewolf/.m2/repository/com/fasterxml/classmate/1.4.0/classmate-1.4.0.jar:/home/whitewolf/.m2/repository/dom4j/dom4j/1.6.1/dom4j-1.6.1.jar:/home/whitewolf/.m2/repository/org/hibernate/common/hibernate-commons-annotations/5.0.1.Final/hibernate-commons-annotations-5.0.1.Final.jar:/home/whitewolf/.m2/repository/org/hsqldb/hsqldb/2.3.4/hsqldb-2.3.4.jar:, sun.cpu.endian=little, user.home=/home/whitewolf, user.language=pl, java.awt.graphicsenv=sun.awt.X11GraphicsEnvironment, surefire.real.class.path=/home/whitewolf/tau/TAU-repozytorium/tau-mmo-jmeter/target/surefire/surefirebooter3068630985977223282.jar, path.separator=:, os.version=4.15.0-47-generic, java.runtime.name=OpenJDK Runtime Environment, java.vm.name=OpenJDK 64-Bit Server VM, hibernate.show_sql=true, java.vendor.url.bug=http://bugreport.java.com/bugreport/, user.dir=/home/whitewolf/tau/TAU-repozytorium/tau-mmo-jmeter, os.arch=amd64, hibernate.boot.CfgXmlAccessService.key=org.hibernate.boot.cfgxml.spi.LoadedConfig@35d88a54, java.vm.info=mixed mode, sharing, java.vm.version=11.0.3+7-Ubuntu-1ubuntu218.04.1, hibernate.bytecode.use_reflection_optimizer=false, hibernate.connection.datasource=org.springframework.jdbc.datasource.DriverManagerDataSource@454e9d65, java.class.version=55.0}
19:40:31.638 [main] DEBUG org.hibernate.validator.internal.engine.resolver.TraversableResolvers - Found javax.persistence.Persistence on classpath containing 'getPersistenceUtil'. Assuming JPA 2 environment. Trying to instantiate JPA aware TraversableResolver
19:40:31.638 [main] DEBUG org.hibernate.validator.internal.engine.resolver.TraversableResolvers - Instantiated JPA aware TraversableResolver of type org.hibernate.validator.internal.engine.resolver.JPATraversableResolver.
19:40:31.638 [main] DEBUG org.hibernate.validator.internal.xml.config.ValidationXmlParser - Trying to load META-INF/validation.xml for XML based Validator configuration.
19:40:31.638 [main] DEBUG org.hibernate.validator.internal.xml.config.ResourceLoaderHelper - Trying to load META-INF/validation.xml via TCCL
19:40:31.638 [main] DEBUG org.hibernate.validator.internal.xml.config.ResourceLoaderHelper - Trying to load META-INF/validation.xml via Hibernate Validator's class loader
19:40:31.638 [main] DEBUG org.hibernate.validator.internal.xml.config.ValidationXmlParser - No META-INF/validation.xml found. Using annotation based configuration only.
19:40:31.641 [main] DEBUG org.hibernate.validator.messageinterpolation.ResourceBundleMessageInterpolator - Loaded expression factory via original TCCL
19:40:31.641 [main] DEBUG org.hibernate.validator.internal.engine.ValidatorFactoryImpl - HV000234: Using org.hibernate.validator.messageinterpolation.ResourceBundleMessageInterpolator as ValidatorFactory-scoped message interpolator.
19:40:31.641 [main] DEBUG org.hibernate.validator.internal.engine.ValidatorFactoryImpl - HV000234: Using org.hibernate.validator.internal.engine.resolver.JPATraversableResolver as ValidatorFactory-scoped traversable resolver.
19:40:31.641 [main] DEBUG org.hibernate.validator.internal.engine.ValidatorFactoryImpl - HV000234: Using org.hibernate.validator.internal.util.ExecutableParameterNameProvider as ValidatorFactory-scoped parameter name provider.
19:40:31.641 [main] DEBUG org.hibernate.validator.internal.engine.ValidatorFactoryImpl - HV000234: Using org.hibernate.validator.internal.engine.DefaultClockProvider as ValidatorFactory-scoped clock provider.
19:40:31.641 [main] DEBUG org.hibernate.validator.internal.engine.ValidatorFactoryImpl - HV000234: Using org.hibernate.validator.internal.engine.scripting.DefaultScriptEvaluatorFactory as ValidatorFactory-scoped script evaluator factory.
19:40:31.641 [main] DEBUG org.hibernate.boot.internal.ClassLoaderAccessImpl - Not known whether passed class name [tau.mmo.domain.Item] is safe
19:40:31.641 [main] DEBUG org.hibernate.boot.internal.ClassLoaderAccessImpl - No temp ClassLoader provided; using live ClassLoader for loading potentially unsafe class : tau.mmo.domain.Item
19:40:31.644 [main] DEBUG org.hibernate.boot.internal.ClassLoaderAccessImpl - Not known whether passed class name [tau.mmo.domain.Player] is safe
19:40:31.644 [main] DEBUG org.hibernate.boot.internal.ClassLoaderAccessImpl - No temp ClassLoader provided; using live ClassLoader for loading potentially unsafe class : tau.mmo.domain.Player
19:40:31.647 [main] DEBUG org.hibernate.secure.spi.JaccIntegrator - Skipping JACC integration as it was not enabled
19:40:31.647 [main] DEBUG org.hibernate.boot.internal.ClassLoaderAccessImpl - Not known whether passed class name [tau.mmo.domain.Item] is safe
19:40:31.647 [main] DEBUG org.hibernate.boot.internal.ClassLoaderAccessImpl - No temp ClassLoader provided; using live ClassLoader for loading potentially unsafe class : tau.mmo.domain.Item
19:40:31.648 [main] DEBUG org.hibernate.boot.internal.ClassLoaderAccessImpl - Not known whether passed class name [tau.mmo.domain.Item] is safe
19:40:31.648 [main] DEBUG org.hibernate.boot.internal.ClassLoaderAccessImpl - No temp ClassLoader provided; using live ClassLoader for loading potentially unsafe class : tau.mmo.domain.Item
19:40:31.648 [main] DEBUG org.hibernate.boot.internal.ClassLoaderAccessImpl - Not known whether passed class name [tau.mmo.domain.Player] is safe
19:40:31.648 [main] DEBUG org.hibernate.boot.internal.ClassLoaderAccessImpl - No temp ClassLoader provided; using live ClassLoader for loading potentially unsafe class : tau.mmo.domain.Player
19:40:31.649 [main] DEBUG org.hibernate.boot.internal.ClassLoaderAccessImpl - Not known whether passed class name [tau.mmo.domain.Player] is safe
19:40:31.649 [main] DEBUG org.hibernate.boot.internal.ClassLoaderAccessImpl - No temp ClassLoader provided; using live ClassLoader for loading potentially unsafe class : tau.mmo.domain.Player
19:40:31.649 [main] DEBUG org.hibernate.persister.collection.AbstractCollectionPersister - Static SQL for collection: tau.mmo.domain.Player.items
19:40:31.650 [main] DEBUG org.hibernate.persister.collection.AbstractCollectionPersister -  Row insert: update item set player_id=? where id=?
19:40:31.650 [main] DEBUG org.hibernate.persister.collection.AbstractCollectionPersister -  Row update: update item set  where id=?
19:40:31.650 [main] DEBUG org.hibernate.persister.collection.AbstractCollectionPersister -  Row delete: update item set player_id=null where player_id=? and id=?
19:40:31.650 [main] DEBUG org.hibernate.persister.collection.AbstractCollectionPersister -  One-shot delete: update item set player_id=null where player_id=?
19:40:31.650 [main] DEBUG org.hibernate.persister.entity.AbstractEntityPersister - Static SQL for entity: tau.mmo.domain.Item
19:40:31.650 [main] DEBUG org.hibernate.persister.entity.AbstractEntityPersister -  Version select: select id from item where id =?
19:40:31.650 [main] DEBUG org.hibernate.persister.entity.AbstractEntityPersister -  Snapshot select: select item_.id, item_.itemclass as itemclas2_0_, item_.levelreq as levelreq3_0_, item_.name as name4_0_, item_.player_id as player_i5_0_ from item item_ where item_.id=?
19:40:31.650 [main] DEBUG org.hibernate.persister.entity.AbstractEntityPersister -  Insert 0: insert into item (itemclass, levelreq, name, player_id, id) values (?, ?, ?, ?, ?)
19:40:31.650 [main] DEBUG org.hibernate.persister.entity.AbstractEntityPersister -  Update 0: update item set itemclass=?, levelreq=?, name=?, player_id=? where id=?
19:40:31.650 [main] DEBUG org.hibernate.persister.entity.AbstractEntityPersister -  Delete 0: delete from item where id=?
19:40:31.650 [main] DEBUG org.hibernate.loader.plan.build.internal.spaces.QuerySpacesImpl - Adding QuerySpace : uid = <gen:0> -> org.hibernate.loader.plan.build.internal.spaces.EntityQuerySpaceImpl@3e8afc2d]
19:40:31.650 [main] DEBUG org.hibernate.persister.walking.spi.MetamodelGraphWalker - Visiting attribute path : itemclass
19:40:31.650 [main] DEBUG org.hibernate.persister.walking.spi.MetamodelGraphWalker - Visiting attribute path : levelreq
19:40:31.650 [main] DEBUG org.hibernate.persister.walking.spi.MetamodelGraphWalker - Visiting attribute path : name
19:40:31.650 [main] DEBUG org.hibernate.persister.walking.spi.MetamodelGraphWalker - Visiting attribute path : player
19:40:31.650 [main] DEBUG org.hibernate.loader.plan.build.internal.spaces.QuerySpacesImpl - Adding QuerySpace : uid = <gen:1> -> org.hibernate.loader.plan.build.internal.spaces.EntityQuerySpaceImpl@115ef673]
19:40:31.650 [main] DEBUG org.hibernate.loader.plan.build.internal.FetchStyleLoadPlanBuildingAssociationVisitationStrategy - Building LoadPlan...
19:40:31.650 [main] DEBUG org.hibernate.loader.plan.exec.internal.LoadQueryJoinAndFetchProcessor - processing queryspace <gen:0>
19:40:31.650 [main] DEBUG org.hibernate.loader.plan.build.spi.LoadPlanTreePrinter - LoadPlan(entity=tau.mmo.domain.Item)
    - Returns
       - EntityReturnImpl(entity=tau.mmo.domain.Item, querySpaceUid=<gen:0>, path=tau.mmo.domain.Item)
          - EntityAttributeFetchImpl(entity=tau.mmo.domain.Player, querySpaceUid=<gen:1>, path=tau.mmo.domain.Item.player)
    - QuerySpaces
       - EntityQuerySpaceImpl(uid=<gen:0>, entity=tau.mmo.domain.Item)
          - SQL table alias mapping - item0_
          - alias suffix - 0_
          - suffixed key columns - {id1_0_0_}

19:40:31.651 [main] DEBUG org.hibernate.loader.entity.plan.EntityLoader - Static select for entity tau.mmo.domain.Item [NONE]: select item0_.id as id1_0_0_, item0_.itemclass as itemclas2_0_0_, item0_.levelreq as levelreq3_0_0_, item0_.name as name4_0_0_, item0_.player_id as player_i5_0_0_ from item item0_ where item0_.id=?
19:40:31.651 [main] DEBUG org.hibernate.loader.plan.build.internal.spaces.QuerySpacesImpl - Adding QuerySpace : uid = <gen:0> -> org.hibernate.loader.plan.build.internal.spaces.EntityQuerySpaceImpl@8ce3f27]
19:40:31.651 [main] DEBUG org.hibernate.persister.walking.spi.MetamodelGraphWalker - Visiting attribute path : itemclass
19:40:31.651 [main] DEBUG org.hibernate.persister.walking.spi.MetamodelGraphWalker - Visiting attribute path : levelreq
19:40:31.651 [main] DEBUG org.hibernate.persister.walking.spi.MetamodelGraphWalker - Visiting attribute path : name
19:40:31.651 [main] DEBUG org.hibernate.persister.walking.spi.MetamodelGraphWalker - Visiting attribute path : player
19:40:31.651 [main] DEBUG org.hibernate.loader.plan.build.internal.spaces.QuerySpacesImpl - Adding QuerySpace : uid = <gen:1> -> org.hibernate.loader.plan.build.internal.spaces.EntityQuerySpaceImpl@6802d023]
19:40:31.651 [main] DEBUG org.hibernate.loader.plan.build.internal.FetchStyleLoadPlanBuildingAssociationVisitationStrategy - Building LoadPlan...
19:40:31.651 [main] DEBUG org.hibernate.loader.plan.exec.internal.LoadQueryJoinAndFetchProcessor - processing queryspace <gen:0>
19:40:31.651 [main] DEBUG org.hibernate.loader.plan.build.spi.LoadPlanTreePrinter - LoadPlan(entity=tau.mmo.domain.Item)
    - Returns
       - EntityReturnImpl(entity=tau.mmo.domain.Item, querySpaceUid=<gen:0>, path=tau.mmo.domain.Item)
          - EntityAttributeFetchImpl(entity=tau.mmo.domain.Player, querySpaceUid=<gen:1>, path=tau.mmo.domain.Item.player)
    - QuerySpaces
       - EntityQuerySpaceImpl(uid=<gen:0>, entity=tau.mmo.domain.Item)
          - SQL table alias mapping - item0_
          - alias suffix - 0_
          - suffixed key columns - {id1_0_0_}

19:40:31.651 [main] DEBUG org.hibernate.loader.entity.plan.EntityLoader - Static select for entity tau.mmo.domain.Item [READ]: select item0_.id as id1_0_0_, item0_.itemclass as itemclas2_0_0_, item0_.levelreq as levelreq3_0_0_, item0_.name as name4_0_0_, item0_.player_id as player_i5_0_0_ from item item0_ where item0_.id=?
19:40:31.651 [main] DEBUG org.hibernate.loader.plan.build.internal.spaces.QuerySpacesImpl - Adding QuerySpace : uid = <gen:0> -> org.hibernate.loader.plan.build.internal.spaces.EntityQuerySpaceImpl@e895e3e]
19:40:31.651 [main] DEBUG org.hibernate.persister.walking.spi.MetamodelGraphWalker - Visiting attribute path : itemclass
19:40:31.651 [main] DEBUG org.hibernate.persister.walking.spi.MetamodelGraphWalker - Visiting attribute path : levelreq
19:40:31.651 [main] DEBUG org.hibernate.persister.walking.spi.MetamodelGraphWalker - Visiting attribute path : name
19:40:31.651 [main] DEBUG org.hibernate.persister.walking.spi.MetamodelGraphWalker - Visiting attribute path : player
19:40:31.652 [main] DEBUG org.hibernate.loader.plan.build.internal.spaces.QuerySpacesImpl - Adding QuerySpace : uid = <gen:1> -> org.hibernate.loader.plan.build.internal.spaces.EntityQuerySpaceImpl@70805849]
19:40:31.652 [main] DEBUG org.hibernate.loader.plan.build.internal.FetchStyleLoadPlanBuildingAssociationVisitationStrategy - Building LoadPlan...
19:40:31.652 [main] DEBUG org.hibernate.loader.plan.exec.internal.LoadQueryJoinAndFetchProcessor - processing queryspace <gen:0>
19:40:31.652 [main] DEBUG org.hibernate.loader.plan.build.spi.LoadPlanTreePrinter - LoadPlan(entity=tau.mmo.domain.Item)
    - Returns
       - EntityReturnImpl(entity=tau.mmo.domain.Item, querySpaceUid=<gen:0>, path=tau.mmo.domain.Item)
          - EntityAttributeFetchImpl(entity=tau.mmo.domain.Player, querySpaceUid=<gen:1>, path=tau.mmo.domain.Item.player)
    - QuerySpaces
       - EntityQuerySpaceImpl(uid=<gen:0>, entity=tau.mmo.domain.Item)
          - SQL table alias mapping - item0_
          - alias suffix - 0_
          - suffixed key columns - {id1_0_0_}

19:40:31.652 [main] DEBUG org.hibernate.loader.entity.plan.EntityLoader - Static select for entity tau.mmo.domain.Item [UPGRADE]: select item0_.id as id1_0_0_, item0_.itemclass as itemclas2_0_0_, item0_.levelreq as levelreq3_0_0_, item0_.name as name4_0_0_, item0_.player_id as player_i5_0_0_ from item item0_ where item0_.id=? for update
19:40:31.652 [main] DEBUG org.hibernate.loader.plan.build.internal.spaces.QuerySpacesImpl - Adding QuerySpace : uid = <gen:0> -> org.hibernate.loader.plan.build.internal.spaces.EntityQuerySpaceImpl@e7d0db2]
19:40:31.652 [main] DEBUG org.hibernate.persister.walking.spi.MetamodelGraphWalker - Visiting attribute path : itemclass
19:40:31.652 [main] DEBUG org.hibernate.persister.walking.spi.MetamodelGraphWalker - Visiting attribute path : levelreq
19:40:31.652 [main] DEBUG org.hibernate.persister.walking.spi.MetamodelGraphWalker - Visiting attribute path : name
19:40:31.652 [main] DEBUG org.hibernate.persister.walking.spi.MetamodelGraphWalker - Visiting attribute path : player
19:40:31.652 [main] DEBUG org.hibernate.loader.plan.build.internal.spaces.QuerySpacesImpl - Adding QuerySpace : uid = <gen:1> -> org.hibernate.loader.plan.build.internal.spaces.EntityQuerySpaceImpl@6b4fd7d]
19:40:31.652 [main] DEBUG org.hibernate.loader.plan.build.internal.FetchStyleLoadPlanBuildingAssociationVisitationStrategy - Building LoadPlan...
19:40:31.652 [main] DEBUG org.hibernate.loader.plan.exec.internal.LoadQueryJoinAndFetchProcessor - processing queryspace <gen:0>
19:40:31.652 [main] DEBUG org.hibernate.loader.plan.build.spi.LoadPlanTreePrinter - LoadPlan(entity=tau.mmo.domain.Item)
    - Returns
       - EntityReturnImpl(entity=tau.mmo.domain.Item, querySpaceUid=<gen:0>, path=tau.mmo.domain.Item)
          - EntityAttributeFetchImpl(entity=tau.mmo.domain.Player, querySpaceUid=<gen:1>, path=tau.mmo.domain.Item.player)
    - QuerySpaces
       - EntityQuerySpaceImpl(uid=<gen:0>, entity=tau.mmo.domain.Item)
          - SQL table alias mapping - item0_
          - alias suffix - 0_
          - suffixed key columns - {id1_0_0_}

19:40:31.652 [main] DEBUG org.hibernate.loader.entity.plan.EntityLoader - Static select for entity tau.mmo.domain.Item [UPGRADE_NOWAIT]: select item0_.id as id1_0_0_, item0_.itemclass as itemclas2_0_0_, item0_.levelreq as levelreq3_0_0_, item0_.name as name4_0_0_, item0_.player_id as player_i5_0_0_ from item item0_ where item0_.id=? for update
19:40:31.652 [main] DEBUG org.hibernate.loader.plan.build.internal.spaces.QuerySpacesImpl - Adding QuerySpace : uid = <gen:0> -> org.hibernate.loader.plan.build.internal.spaces.EntityQuerySpaceImpl@7404aff2]
19:40:31.652 [main] DEBUG org.hibernate.persister.walking.spi.MetamodelGraphWalker - Visiting attribute path : itemclass
19:40:31.653 [main] DEBUG org.hibernate.persister.walking.spi.MetamodelGraphWalker - Visiting attribute path : levelreq
19:40:31.653 [main] DEBUG org.hibernate.persister.walking.spi.MetamodelGraphWalker - Visiting attribute path : name
19:40:31.653 [main] DEBUG org.hibernate.persister.walking.spi.MetamodelGraphWalker - Visiting attribute path : player
19:40:31.653 [main] DEBUG org.hibernate.loader.plan.build.internal.spaces.QuerySpacesImpl - Adding QuerySpace : uid = <gen:1> -> org.hibernate.loader.plan.build.internal.spaces.EntityQuerySpaceImpl@56a09a5c]
19:40:31.653 [main] DEBUG org.hibernate.loader.plan.build.internal.FetchStyleLoadPlanBuildingAssociationVisitationStrategy - Building LoadPlan...
19:40:31.653 [main] DEBUG org.hibernate.loader.plan.exec.internal.LoadQueryJoinAndFetchProcessor - processing queryspace <gen:0>
19:40:31.653 [main] DEBUG org.hibernate.loader.plan.build.spi.LoadPlanTreePrinter - LoadPlan(entity=tau.mmo.domain.Item)
    - Returns
       - EntityReturnImpl(entity=tau.mmo.domain.Item, querySpaceUid=<gen:0>, path=tau.mmo.domain.Item)
          - EntityAttributeFetchImpl(entity=tau.mmo.domain.Player, querySpaceUid=<gen:1>, path=tau.mmo.domain.Item.player)
    - QuerySpaces
       - EntityQuerySpaceImpl(uid=<gen:0>, entity=tau.mmo.domain.Item)
          - SQL table alias mapping - item0_
          - alias suffix - 0_
          - suffixed key columns - {id1_0_0_}

19:40:31.653 [main] DEBUG org.hibernate.loader.entity.plan.EntityLoader - Static select for entity tau.mmo.domain.Item [UPGRADE_SKIPLOCKED]: select item0_.id as id1_0_0_, item0_.itemclass as itemclas2_0_0_, item0_.levelreq as levelreq3_0_0_, item0_.name as name4_0_0_, item0_.player_id as player_i5_0_0_ from item item0_ where item0_.id=? for update
19:40:31.653 [main] DEBUG org.hibernate.loader.plan.build.internal.spaces.QuerySpacesImpl - Adding QuerySpace : uid = <gen:0> -> org.hibernate.loader.plan.build.internal.spaces.EntityQuerySpaceImpl@775edae0]
19:40:31.653 [main] DEBUG org.hibernate.persister.walking.spi.MetamodelGraphWalker - Visiting attribute path : itemclass
19:40:31.653 [main] DEBUG org.hibernate.persister.walking.spi.MetamodelGraphWalker - Visiting attribute path : levelreq
19:40:31.653 [main] DEBUG org.hibernate.persister.walking.spi.MetamodelGraphWalker - Visiting attribute path : name
19:40:31.653 [main] DEBUG org.hibernate.persister.walking.spi.MetamodelGraphWalker - Visiting attribute path : player
19:40:31.653 [main] DEBUG org.hibernate.loader.plan.build.internal.spaces.QuerySpacesImpl - Adding QuerySpace : uid = <gen:1> -> org.hibernate.loader.plan.build.internal.spaces.EntityQuerySpaceImpl@2567c091]
19:40:31.653 [main] DEBUG org.hibernate.loader.plan.build.internal.FetchStyleLoadPlanBuildingAssociationVisitationStrategy - Building LoadPlan...
19:40:31.653 [main] DEBUG org.hibernate.loader.plan.exec.internal.LoadQueryJoinAndFetchProcessor - processing queryspace <gen:0>
19:40:31.654 [main] DEBUG org.hibernate.loader.plan.build.spi.LoadPlanTreePrinter - LoadPlan(entity=tau.mmo.domain.Item)
    - Returns
       - EntityReturnImpl(entity=tau.mmo.domain.Item, querySpaceUid=<gen:0>, path=tau.mmo.domain.Item)
          - EntityAttributeFetchImpl(entity=tau.mmo.domain.Player, querySpaceUid=<gen:1>, path=tau.mmo.domain.Item.player)
    - QuerySpaces
       - EntityQuerySpaceImpl(uid=<gen:0>, entity=tau.mmo.domain.Item)
          - SQL table alias mapping - item0_
          - alias suffix - 0_
          - suffixed key columns - {id1_0_0_}

19:40:31.654 [main] DEBUG org.hibernate.loader.entity.plan.EntityLoader - Static select for entity tau.mmo.domain.Item [FORCE]: select item0_.id as id1_0_0_, item0_.itemclass as itemclas2_0_0_, item0_.levelreq as levelreq3_0_0_, item0_.name as name4_0_0_, item0_.player_id as player_i5_0_0_ from item item0_ where item0_.id=? for update
19:40:31.654 [main] DEBUG org.hibernate.loader.plan.build.internal.spaces.QuerySpacesImpl - Adding QuerySpace : uid = <gen:0> -> org.hibernate.loader.plan.build.internal.spaces.EntityQuerySpaceImpl@7747cc1b]
19:40:31.654 [main] DEBUG org.hibernate.persister.walking.spi.MetamodelGraphWalker - Visiting attribute path : itemclass
19:40:31.654 [main] DEBUG org.hibernate.persister.walking.spi.MetamodelGraphWalker - Visiting attribute path : levelreq
19:40:31.654 [main] DEBUG org.hibernate.persister.walking.spi.MetamodelGraphWalker - Visiting attribute path : name
19:40:31.654 [main] DEBUG org.hibernate.persister.walking.spi.MetamodelGraphWalker - Visiting attribute path : player
19:40:31.654 [main] DEBUG org.hibernate.loader.plan.build.internal.spaces.QuerySpacesImpl - Adding QuerySpace : uid = <gen:1> -> org.hibernate.loader.plan.build.internal.spaces.EntityQuerySpaceImpl@74bfdd66]
19:40:31.654 [main] DEBUG org.hibernate.loader.plan.build.internal.FetchStyleLoadPlanBuildingAssociationVisitationStrategy - Building LoadPlan...
19:40:31.654 [main] DEBUG org.hibernate.loader.plan.exec.internal.LoadQueryJoinAndFetchProcessor - processing queryspace <gen:0>
19:40:31.654 [main] DEBUG org.hibernate.loader.plan.build.spi.LoadPlanTreePrinter - LoadPlan(entity=tau.mmo.domain.Item)
    - Returns
       - EntityReturnImpl(entity=tau.mmo.domain.Item, querySpaceUid=<gen:0>, path=tau.mmo.domain.Item)
          - EntityAttributeFetchImpl(entity=tau.mmo.domain.Player, querySpaceUid=<gen:1>, path=tau.mmo.domain.Item.player)
    - QuerySpaces
       - EntityQuerySpaceImpl(uid=<gen:0>, entity=tau.mmo.domain.Item)
          - SQL table alias mapping - item0_
          - alias suffix - 0_
          - suffixed key columns - {id1_0_0_}

19:40:31.654 [main] DEBUG org.hibernate.loader.entity.plan.EntityLoader - Static select for entity tau.mmo.domain.Item [PESSIMISTIC_READ]: select item0_.id as id1_0_0_, item0_.itemclass as itemclas2_0_0_, item0_.levelreq as levelreq3_0_0_, item0_.name as name4_0_0_, item0_.player_id as player_i5_0_0_ from item item0_ where item0_.id=? for update
19:40:31.654 [main] DEBUG org.hibernate.loader.plan.build.internal.spaces.QuerySpacesImpl - Adding QuerySpace : uid = <gen:0> -> org.hibernate.loader.plan.build.internal.spaces.EntityQuerySpaceImpl@6fc7e828]
19:40:31.654 [main] DEBUG org.hibernate.persister.walking.spi.MetamodelGraphWalker - Visiting attribute path : itemclass
19:40:31.654 [main] DEBUG org.hibernate.persister.walking.spi.MetamodelGraphWalker - Visiting attribute path : levelreq
19:40:31.654 [main] DEBUG org.hibernate.persister.walking.spi.MetamodelGraphWalker - Visiting attribute path : name
19:40:31.654 [main] DEBUG org.hibernate.persister.walking.spi.MetamodelGraphWalker - Visiting attribute path : player
19:40:31.655 [main] DEBUG org.hibernate.loader.plan.build.internal.spaces.QuerySpacesImpl - Adding QuerySpace : uid = <gen:1> -> org.hibernate.loader.plan.build.internal.spaces.EntityQuerySpaceImpl@2ce24a1a]
19:40:31.655 [main] DEBUG org.hibernate.loader.plan.build.internal.FetchStyleLoadPlanBuildingAssociationVisitationStrategy - Building LoadPlan...
19:40:31.655 [main] DEBUG org.hibernate.loader.plan.exec.internal.LoadQueryJoinAndFetchProcessor - processing queryspace <gen:0>
19:40:31.655 [main] DEBUG org.hibernate.loader.plan.build.spi.LoadPlanTreePrinter - LoadPlan(entity=tau.mmo.domain.Item)
    - Returns
       - EntityReturnImpl(entity=tau.mmo.domain.Item, querySpaceUid=<gen:0>, path=tau.mmo.domain.Item)
          - EntityAttributeFetchImpl(entity=tau.mmo.domain.Player, querySpaceUid=<gen:1>, path=tau.mmo.domain.Item.player)
    - QuerySpaces
       - EntityQuerySpaceImpl(uid=<gen:0>, entity=tau.mmo.domain.Item)
          - SQL table alias mapping - item0_
          - alias suffix - 0_
          - suffixed key columns - {id1_0_0_}

19:40:31.655 [main] DEBUG org.hibernate.loader.entity.plan.EntityLoader - Static select for entity tau.mmo.domain.Item [PESSIMISTIC_WRITE]: select item0_.id as id1_0_0_, item0_.itemclass as itemclas2_0_0_, item0_.levelreq as levelreq3_0_0_, item0_.name as name4_0_0_, item0_.player_id as player_i5_0_0_ from item item0_ where item0_.id=? for update
19:40:31.655 [main] DEBUG org.hibernate.loader.plan.build.internal.spaces.QuerySpacesImpl - Adding QuerySpace : uid = <gen:0> -> org.hibernate.loader.plan.build.internal.spaces.EntityQuerySpaceImpl@26bce60d]
19:40:31.655 [main] DEBUG org.hibernate.persister.walking.spi.MetamodelGraphWalker - Visiting attribute path : itemclass
19:40:31.655 [main] DEBUG org.hibernate.persister.walking.spi.MetamodelGraphWalker - Visiting attribute path : levelreq
19:40:31.655 [main] DEBUG org.hibernate.persister.walking.spi.MetamodelGraphWalker - Visiting attribute path : name
19:40:31.655 [main] DEBUG org.hibernate.persister.walking.spi.MetamodelGraphWalker - Visiting attribute path : player
19:40:31.655 [main] DEBUG org.hibernate.loader.plan.build.internal.spaces.QuerySpacesImpl - Adding QuerySpace : uid = <gen:1> -> org.hibernate.loader.plan.build.internal.spaces.EntityQuerySpaceImpl@1e9d7366]
19:40:31.655 [main] DEBUG org.hibernate.loader.plan.build.internal.FetchStyleLoadPlanBuildingAssociationVisitationStrategy - Building LoadPlan...
19:40:31.655 [main] DEBUG org.hibernate.loader.plan.exec.internal.LoadQueryJoinAndFetchProcessor - processing queryspace <gen:0>
19:40:31.655 [main] DEBUG org.hibernate.loader.plan.build.spi.LoadPlanTreePrinter - LoadPlan(entity=tau.mmo.domain.Item)
    - Returns
       - EntityReturnImpl(entity=tau.mmo.domain.Item, querySpaceUid=<gen:0>, path=tau.mmo.domain.Item)
          - EntityAttributeFetchImpl(entity=tau.mmo.domain.Player, querySpaceUid=<gen:1>, path=tau.mmo.domain.Item.player)
    - QuerySpaces
       - EntityQuerySpaceImpl(uid=<gen:0>, entity=tau.mmo.domain.Item)
          - SQL table alias mapping - item0_
          - alias suffix - 0_
          - suffixed key columns - {id1_0_0_}

19:40:31.655 [main] DEBUG org.hibernate.loader.entity.plan.EntityLoader - Static select for entity tau.mmo.domain.Item [PESSIMISTIC_FORCE_INCREMENT]: select item0_.id as id1_0_0_, item0_.itemclass as itemclas2_0_0_, item0_.levelreq as levelreq3_0_0_, item0_.name as name4_0_0_, item0_.player_id as player_i5_0_0_ from item item0_ where item0_.id=? for update
19:40:31.655 [main] DEBUG org.hibernate.loader.plan.build.internal.spaces.QuerySpacesImpl - Adding QuerySpace : uid = <gen:0> -> org.hibernate.loader.plan.build.internal.spaces.EntityQuerySpaceImpl@20914835]
19:40:31.656 [main] DEBUG org.hibernate.persister.walking.spi.MetamodelGraphWalker - Visiting attribute path : itemclass
19:40:31.656 [main] DEBUG org.hibernate.persister.walking.spi.MetamodelGraphWalker - Visiting attribute path : levelreq
19:40:31.656 [main] DEBUG org.hibernate.persister.walking.spi.MetamodelGraphWalker - Visiting attribute path : name
19:40:31.656 [main] DEBUG org.hibernate.persister.walking.spi.MetamodelGraphWalker - Visiting attribute path : player
19:40:31.656 [main] DEBUG org.hibernate.loader.plan.build.internal.spaces.QuerySpacesImpl - Adding QuerySpace : uid = <gen:1> -> org.hibernate.loader.plan.build.internal.spaces.EntityQuerySpaceImpl@417446d9]
19:40:31.656 [main] DEBUG org.hibernate.loader.plan.build.internal.FetchStyleLoadPlanBuildingAssociationVisitationStrategy - Building LoadPlan...
19:40:31.657 [main] DEBUG org.hibernate.loader.plan.exec.internal.LoadQueryJoinAndFetchProcessor - processing queryspace <gen:0>
19:40:31.657 [main] DEBUG org.hibernate.loader.plan.build.spi.LoadPlanTreePrinter - LoadPlan(entity=tau.mmo.domain.Item)
    - Returns
       - EntityReturnImpl(entity=tau.mmo.domain.Item, querySpaceUid=<gen:0>, path=tau.mmo.domain.Item)
          - EntityAttributeFetchImpl(entity=tau.mmo.domain.Player, querySpaceUid=<gen:1>, path=tau.mmo.domain.Item.player)
    - QuerySpaces
       - EntityQuerySpaceImpl(uid=<gen:0>, entity=tau.mmo.domain.Item)
          - SQL table alias mapping - item0_
          - alias suffix - 0_
          - suffixed key columns - {id1_0_0_}

19:40:31.657 [main] DEBUG org.hibernate.loader.entity.plan.EntityLoader - Static select for entity tau.mmo.domain.Item [OPTIMISTIC]: select item0_.id as id1_0_0_, item0_.itemclass as itemclas2_0_0_, item0_.levelreq as levelreq3_0_0_, item0_.name as name4_0_0_, item0_.player_id as player_i5_0_0_ from item item0_ where item0_.id=?
19:40:31.657 [main] DEBUG org.hibernate.loader.plan.build.internal.spaces.QuerySpacesImpl - Adding QuerySpace : uid = <gen:0> -> org.hibernate.loader.plan.build.internal.spaces.EntityQuerySpaceImpl@34070bd2]
19:40:31.657 [main] DEBUG org.hibernate.persister.walking.spi.MetamodelGraphWalker - Visiting attribute path : itemclass
19:40:31.657 [main] DEBUG org.hibernate.persister.walking.spi.MetamodelGraphWalker - Visiting attribute path : levelreq
19:40:31.657 [main] DEBUG org.hibernate.persister.walking.spi.MetamodelGraphWalker - Visiting attribute path : name
19:40:31.657 [main] DEBUG org.hibernate.persister.walking.spi.MetamodelGraphWalker - Visiting attribute path : player
19:40:31.658 [main] DEBUG org.hibernate.loader.plan.build.internal.spaces.QuerySpacesImpl - Adding QuerySpace : uid = <gen:1> -> org.hibernate.loader.plan.build.internal.spaces.EntityQuerySpaceImpl@1dd76982]
19:40:31.658 [main] DEBUG org.hibernate.loader.plan.build.internal.FetchStyleLoadPlanBuildingAssociationVisitationStrategy - Building LoadPlan...
19:40:31.658 [main] DEBUG org.hibernate.loader.plan.exec.internal.LoadQueryJoinAndFetchProcessor - processing queryspace <gen:0>
19:40:31.658 [main] DEBUG org.hibernate.loader.plan.build.spi.LoadPlanTreePrinter - LoadPlan(entity=tau.mmo.domain.Item)
    - Returns
       - EntityReturnImpl(entity=tau.mmo.domain.Item, querySpaceUid=<gen:0>, path=tau.mmo.domain.Item)
          - EntityAttributeFetchImpl(entity=tau.mmo.domain.Player, querySpaceUid=<gen:1>, path=tau.mmo.domain.Item.player)
    - QuerySpaces
       - EntityQuerySpaceImpl(uid=<gen:0>, entity=tau.mmo.domain.Item)
          - SQL table alias mapping - item0_
          - alias suffix - 0_
          - suffixed key columns - {id1_0_0_}

19:40:31.658 [main] DEBUG org.hibernate.loader.entity.plan.EntityLoader - Static select for entity tau.mmo.domain.Item [OPTIMISTIC_FORCE_INCREMENT]: select item0_.id as id1_0_0_, item0_.itemclass as itemclas2_0_0_, item0_.levelreq as levelreq3_0_0_, item0_.name as name4_0_0_, item0_.player_id as player_i5_0_0_ from item item0_ where item0_.id=?
19:40:31.658 [main] DEBUG org.hibernate.loader.Loader - Static select for action ACTION_MERGE on entity tau.mmo.domain.Item: select item0_.id as id1_0_0_, item0_.itemclass as itemclas2_0_0_, item0_.levelreq as levelreq3_0_0_, item0_.name as name4_0_0_, item0_.player_id as player_i5_0_0_ from item item0_ where item0_.id=?
19:40:31.658 [main] DEBUG org.hibernate.loader.Loader - Static select for action ACTION_REFRESH on entity tau.mmo.domain.Item: select item0_.id as id1_0_0_, item0_.itemclass as itemclas2_0_0_, item0_.levelreq as levelreq3_0_0_, item0_.name as name4_0_0_, item0_.player_id as player_i5_0_0_ from item item0_ where item0_.id=?
19:40:31.658 [main] DEBUG org.hibernate.persister.entity.AbstractEntityPersister - Static SQL for entity: tau.mmo.domain.Player
19:40:31.658 [main] DEBUG org.hibernate.persister.entity.AbstractEntityPersister -  Version select: select id from player where id =?
19:40:31.658 [main] DEBUG org.hibernate.persister.entity.AbstractEntityPersister -  Snapshot select: select player_.id, player_.heroclass as heroclas2_1_, player_.level as level3_1_, player_.name as name4_1_ from player player_ where player_.id=?
19:40:31.658 [main] DEBUG org.hibernate.persister.entity.AbstractEntityPersister -  Insert 0: insert into player (heroclass, level, name, id) values (?, ?, ?, ?)
19:40:31.658 [main] DEBUG org.hibernate.persister.entity.AbstractEntityPersister -  Update 0: update player set heroclass=?, level=?, name=? where id=?
19:40:31.658 [main] DEBUG org.hibernate.persister.entity.AbstractEntityPersister -  Delete 0: delete from player where id=?
19:40:31.658 [main] DEBUG org.hibernate.loader.plan.build.internal.spaces.QuerySpacesImpl - Adding QuerySpace : uid = <gen:0> -> org.hibernate.loader.plan.build.internal.spaces.EntityQuerySpaceImpl@7e76a66f]
19:40:31.659 [main] DEBUG org.hibernate.persister.walking.spi.MetamodelGraphWalker - Visiting attribute path : heroclass
19:40:31.659 [main] DEBUG org.hibernate.persister.walking.spi.MetamodelGraphWalker - Visiting attribute path : items
19:40:31.659 [main] DEBUG org.hibernate.loader.plan.build.internal.spaces.QuerySpacesImpl - Adding QuerySpace : uid = <gen:1> -> org.hibernate.loader.plan.build.internal.spaces.CollectionQuerySpaceImpl@5c5f12e]
19:40:31.659 [main] DEBUG org.hibernate.loader.plan.build.internal.spaces.QuerySpacesImpl - Adding QuerySpace : uid = <gen:2> -> org.hibernate.loader.plan.build.internal.spaces.EntityQuerySpaceImpl@23f8036d]
19:40:31.659 [main] DEBUG org.hibernate.persister.walking.spi.MetamodelGraphWalker - Visiting attribute path : items.itemclass
19:40:31.659 [main] DEBUG org.hibernate.persister.walking.spi.MetamodelGraphWalker - Visiting attribute path : items.levelreq
19:40:31.659 [main] DEBUG org.hibernate.persister.walking.spi.MetamodelGraphWalker - Visiting attribute path : items.name
19:40:31.659 [main] DEBUG org.hibernate.persister.walking.spi.MetamodelGraphWalker - Visiting attribute path : items.player
19:40:31.659 [main] DEBUG org.hibernate.persister.walking.spi.MetamodelGraphWalker - Property path deemed to be circular : items.player
19:40:31.659 [main] DEBUG org.hibernate.persister.walking.spi.MetamodelGraphWalker - Visiting attribute path : level
19:40:31.659 [main] DEBUG org.hibernate.persister.walking.spi.MetamodelGraphWalker - Visiting attribute path : name
19:40:31.659 [main] DEBUG org.hibernate.loader.plan.build.internal.FetchStyleLoadPlanBuildingAssociationVisitationStrategy - Building LoadPlan...
19:40:31.659 [main] DEBUG org.hibernate.loader.plan.exec.internal.LoadQueryJoinAndFetchProcessor - processing queryspace <gen:0>
19:40:31.659 [main] DEBUG org.hibernate.loader.plan.build.spi.LoadPlanTreePrinter - LoadPlan(entity=tau.mmo.domain.Player)
    - Returns
       - EntityReturnImpl(entity=tau.mmo.domain.Player, querySpaceUid=<gen:0>, path=tau.mmo.domain.Player)
          - CollectionAttributeFetchImpl(collection=tau.mmo.domain.Player.items, querySpaceUid=<gen:1>, path=tau.mmo.domain.Player.items)
             - (collection element) CollectionFetchableElementEntityGraph(entity=tau.mmo.domain.Item, querySpaceUid=<gen:2>, path=tau.mmo.domain.Player.items.<elements>)
    - QuerySpaces
       - EntityQuerySpaceImpl(uid=<gen:0>, entity=tau.mmo.domain.Player)
          - SQL table alias mapping - player0_
          - alias suffix - 0_
          - suffixed key columns - {id1_1_0_}
          - JOIN (JoinDefinedByMetadata(items)) : <gen:0> -> <gen:1>
             - CollectionQuerySpaceImpl(uid=<gen:1>, collection=tau.mmo.domain.Player.items)
                - SQL table alias mapping - items1_
                - alias suffix - 1_
                - suffixed key columns - {player_i5_0_1_}
                - entity-element alias suffix - 2_
                - 2_entity-element suffixed key columns - id1_0_2_
                - JOIN (JoinDefinedByMetadata(elements)) : <gen:1> -> <gen:2>
                   - EntityQuerySpaceImpl(uid=<gen:2>, entity=tau.mmo.domain.Item)
                      - SQL table alias mapping - items1_
                      - alias suffix - 2_
                      - suffixed key columns - {id1_0_2_}

19:40:31.659 [main] DEBUG org.hibernate.loader.entity.plan.EntityLoader - Static select for entity tau.mmo.domain.Player [NONE]: select player0_.id as id1_1_0_, player0_.heroclass as heroclas2_1_0_, player0_.level as level3_1_0_, player0_.name as name4_1_0_, items1_.player_id as player_i5_0_1_, items1_.id as id1_0_1_, items1_.id as id1_0_2_, items1_.itemclass as itemclas2_0_2_, items1_.levelreq as levelreq3_0_2_, items1_.name as name4_0_2_, items1_.player_id as player_i5_0_2_ from player player0_ left outer join item items1_ on player0_.id=items1_.player_id where player0_.id=?
19:40:31.659 [main] DEBUG org.hibernate.loader.plan.build.internal.spaces.QuerySpacesImpl - Adding QuerySpace : uid = <gen:0> -> org.hibernate.loader.plan.build.internal.spaces.EntityQuerySpaceImpl@2b058bfd]
19:40:31.659 [main] DEBUG org.hibernate.persister.walking.spi.MetamodelGraphWalker - Visiting attribute path : heroclass
19:40:31.659 [main] DEBUG org.hibernate.persister.walking.spi.MetamodelGraphWalker - Visiting attribute path : items
19:40:31.659 [main] DEBUG org.hibernate.loader.plan.build.internal.spaces.QuerySpacesImpl - Adding QuerySpace : uid = <gen:1> -> org.hibernate.loader.plan.build.internal.spaces.CollectionQuerySpaceImpl@14ca88bc]
19:40:31.660 [main] DEBUG org.hibernate.loader.plan.build.internal.spaces.QuerySpacesImpl - Adding QuerySpace : uid = <gen:2> -> org.hibernate.loader.plan.build.internal.spaces.EntityQuerySpaceImpl@f01fc6d]
19:40:31.660 [main] DEBUG org.hibernate.persister.walking.spi.MetamodelGraphWalker - Visiting attribute path : items.itemclass
19:40:31.660 [main] DEBUG org.hibernate.persister.walking.spi.MetamodelGraphWalker - Visiting attribute path : items.levelreq
19:40:31.660 [main] DEBUG org.hibernate.persister.walking.spi.MetamodelGraphWalker - Visiting attribute path : items.name
19:40:31.660 [main] DEBUG org.hibernate.persister.walking.spi.MetamodelGraphWalker - Visiting attribute path : items.player
19:40:31.660 [main] DEBUG org.hibernate.persister.walking.spi.MetamodelGraphWalker - Property path deemed to be circular : items.player
19:40:31.660 [main] DEBUG org.hibernate.persister.walking.spi.MetamodelGraphWalker - Visiting attribute path : level
19:40:31.660 [main] DEBUG org.hibernate.persister.walking.spi.MetamodelGraphWalker - Visiting attribute path : name
19:40:31.660 [main] DEBUG org.hibernate.loader.plan.build.internal.FetchStyleLoadPlanBuildingAssociationVisitationStrategy - Building LoadPlan...
19:40:31.660 [main] DEBUG org.hibernate.loader.plan.exec.internal.LoadQueryJoinAndFetchProcessor - processing queryspace <gen:0>
19:40:31.660 [main] DEBUG org.hibernate.loader.plan.build.spi.LoadPlanTreePrinter - LoadPlan(entity=tau.mmo.domain.Player)
    - Returns
       - EntityReturnImpl(entity=tau.mmo.domain.Player, querySpaceUid=<gen:0>, path=tau.mmo.domain.Player)
          - CollectionAttributeFetchImpl(collection=tau.mmo.domain.Player.items, querySpaceUid=<gen:1>, path=tau.mmo.domain.Player.items)
             - (collection element) CollectionFetchableElementEntityGraph(entity=tau.mmo.domain.Item, querySpaceUid=<gen:2>, path=tau.mmo.domain.Player.items.<elements>)
    - QuerySpaces
       - EntityQuerySpaceImpl(uid=<gen:0>, entity=tau.mmo.domain.Player)
          - SQL table alias mapping - player0_
          - alias suffix - 0_
          - suffixed key columns - {id1_1_0_}
          - JOIN (JoinDefinedByMetadata(items)) : <gen:0> -> <gen:1>
             - CollectionQuerySpaceImpl(uid=<gen:1>, collection=tau.mmo.domain.Player.items)
                - SQL table alias mapping - items1_
                - alias suffix - 1_
                - suffixed key columns - {player_i5_0_1_}
                - entity-element alias suffix - 2_
                - 2_entity-element suffixed key columns - id1_0_2_
                - JOIN (JoinDefinedByMetadata(elements)) : <gen:1> -> <gen:2>
                   - EntityQuerySpaceImpl(uid=<gen:2>, entity=tau.mmo.domain.Item)
                      - SQL table alias mapping - items1_
                      - alias suffix - 2_
                      - suffixed key columns - {id1_0_2_}

19:40:31.660 [main] DEBUG org.hibernate.loader.entity.plan.EntityLoader - Static select for entity tau.mmo.domain.Player [READ]: select player0_.id as id1_1_0_, player0_.heroclass as heroclas2_1_0_, player0_.level as level3_1_0_, player0_.name as name4_1_0_, items1_.player_id as player_i5_0_1_, items1_.id as id1_0_1_, items1_.id as id1_0_2_, items1_.itemclass as itemclas2_0_2_, items1_.levelreq as levelreq3_0_2_, items1_.name as name4_0_2_, items1_.player_id as player_i5_0_2_ from player player0_ left outer join item items1_ on player0_.id=items1_.player_id where player0_.id=?
19:40:31.660 [main] DEBUG org.hibernate.loader.plan.build.internal.spaces.QuerySpacesImpl - Adding QuerySpace : uid = <gen:0> -> org.hibernate.loader.plan.build.internal.spaces.EntityQuerySpaceImpl@2842c098]
19:40:31.660 [main] DEBUG org.hibernate.persister.walking.spi.MetamodelGraphWalker - Visiting attribute path : heroclass
19:40:31.660 [main] DEBUG org.hibernate.persister.walking.spi.MetamodelGraphWalker - Visiting attribute path : items
19:40:31.660 [main] DEBUG org.hibernate.loader.plan.build.internal.spaces.QuerySpacesImpl - Adding QuerySpace : uid = <gen:1> -> org.hibernate.loader.plan.build.internal.spaces.CollectionQuerySpaceImpl@46b21632]
19:40:31.660 [main] DEBUG org.hibernate.loader.plan.build.internal.spaces.QuerySpacesImpl - Adding QuerySpace : uid = <gen:2> -> org.hibernate.loader.plan.build.internal.spaces.EntityQuerySpaceImpl@476c137b]
19:40:31.661 [main] DEBUG org.hibernate.persister.walking.spi.MetamodelGraphWalker - Visiting attribute path : level
19:40:31.661 [main] DEBUG org.hibernate.persister.walking.spi.MetamodelGraphWalker - Visiting attribute path : name
19:40:31.661 [main] DEBUG org.hibernate.loader.plan.build.internal.FetchStyleLoadPlanBuildingAssociationVisitationStrategy - Building LoadPlan...
19:40:31.661 [main] DEBUG org.hibernate.loader.plan.exec.internal.LoadQueryJoinAndFetchProcessor - processing queryspace <gen:0>
19:40:31.661 [main] DEBUG org.hibernate.loader.plan.build.spi.LoadPlanTreePrinter - LoadPlan(entity=tau.mmo.domain.Player)
    - Returns
       - EntityReturnImpl(entity=tau.mmo.domain.Player, querySpaceUid=<gen:0>, path=tau.mmo.domain.Player)
          - CollectionAttributeFetchImpl(collection=tau.mmo.domain.Player.items, querySpaceUid=<gen:1>, path=tau.mmo.domain.Player.items)
             - (collection element) CollectionFetchableElementEntityGraph(entity=tau.mmo.domain.Item, querySpaceUid=<gen:2>, path=tau.mmo.domain.Player.items.<elements>)
    - QuerySpaces
       - EntityQuerySpaceImpl(uid=<gen:0>, entity=tau.mmo.domain.Player)
          - SQL table alias mapping - player0_
          - alias suffix - 0_
          - suffixed key columns - {id1_1_0_}

19:40:31.661 [main] DEBUG org.hibernate.loader.entity.plan.EntityLoader - Static select for entity tau.mmo.domain.Player [UPGRADE]: select player0_.id as id1_1_0_, player0_.heroclass as heroclas2_1_0_, player0_.level as level3_1_0_, player0_.name as name4_1_0_ from player player0_ where player0_.id=? for update
19:40:31.661 [main] DEBUG org.hibernate.loader.plan.build.internal.spaces.QuerySpacesImpl - Adding QuerySpace : uid = <gen:0> -> org.hibernate.loader.plan.build.internal.spaces.EntityQuerySpaceImpl@79144d0e]
19:40:31.661 [main] DEBUG org.hibernate.persister.walking.spi.MetamodelGraphWalker - Visiting attribute path : heroclass
19:40:31.661 [main] DEBUG org.hibernate.persister.walking.spi.MetamodelGraphWalker - Visiting attribute path : items
19:40:31.661 [main] DEBUG org.hibernate.loader.plan.build.internal.spaces.QuerySpacesImpl - Adding QuerySpace : uid = <gen:1> -> org.hibernate.loader.plan.build.internal.spaces.CollectionQuerySpaceImpl@2579d8a]
19:40:31.661 [main] DEBUG org.hibernate.loader.plan.build.internal.spaces.QuerySpacesImpl - Adding QuerySpace : uid = <gen:2> -> org.hibernate.loader.plan.build.internal.spaces.EntityQuerySpaceImpl@2507a170]
19:40:31.661 [main] DEBUG org.hibernate.persister.walking.spi.MetamodelGraphWalker - Visiting attribute path : level
19:40:31.661 [main] DEBUG org.hibernate.persister.walking.spi.MetamodelGraphWalker - Visiting attribute path : name
19:40:31.661 [main] DEBUG org.hibernate.loader.plan.build.internal.FetchStyleLoadPlanBuildingAssociationVisitationStrategy - Building LoadPlan...
19:40:31.661 [main] DEBUG org.hibernate.loader.plan.exec.internal.LoadQueryJoinAndFetchProcessor - processing queryspace <gen:0>
19:40:31.661 [main] DEBUG org.hibernate.loader.plan.build.spi.LoadPlanTreePrinter - LoadPlan(entity=tau.mmo.domain.Player)
    - Returns
       - EntityReturnImpl(entity=tau.mmo.domain.Player, querySpaceUid=<gen:0>, path=tau.mmo.domain.Player)
          - CollectionAttributeFetchImpl(collection=tau.mmo.domain.Player.items, querySpaceUid=<gen:1>, path=tau.mmo.domain.Player.items)
             - (collection element) CollectionFetchableElementEntityGraph(entity=tau.mmo.domain.Item, querySpaceUid=<gen:2>, path=tau.mmo.domain.Player.items.<elements>)
    - QuerySpaces
       - EntityQuerySpaceImpl(uid=<gen:0>, entity=tau.mmo.domain.Player)
          - SQL table alias mapping - player0_
          - alias suffix - 0_
          - suffixed key columns - {id1_1_0_}

19:40:31.661 [main] DEBUG org.hibernate.loader.entity.plan.EntityLoader - Static select for entity tau.mmo.domain.Player [UPGRADE_NOWAIT]: select player0_.id as id1_1_0_, player0_.heroclass as heroclas2_1_0_, player0_.level as level3_1_0_, player0_.name as name4_1_0_ from player player0_ where player0_.id=? for update
19:40:31.662 [main] DEBUG org.hibernate.loader.plan.build.internal.spaces.QuerySpacesImpl - Adding QuerySpace : uid = <gen:0> -> org.hibernate.loader.plan.build.internal.spaces.EntityQuerySpaceImpl@7e20f4e3]
19:40:31.662 [main] DEBUG org.hibernate.persister.walking.spi.MetamodelGraphWalker - Visiting attribute path : heroclass
19:40:31.662 [main] DEBUG org.hibernate.persister.walking.spi.MetamodelGraphWalker - Visiting attribute path : items
19:40:31.662 [main] DEBUG org.hibernate.loader.plan.build.internal.spaces.QuerySpacesImpl - Adding QuerySpace : uid = <gen:1> -> org.hibernate.loader.plan.build.internal.spaces.CollectionQuerySpaceImpl@4f6ff62]
19:40:31.662 [main] DEBUG org.hibernate.loader.plan.build.internal.spaces.QuerySpacesImpl - Adding QuerySpace : uid = <gen:2> -> org.hibernate.loader.plan.build.internal.spaces.EntityQuerySpaceImpl@1c62d2ad]
19:40:31.662 [main] DEBUG org.hibernate.persister.walking.spi.MetamodelGraphWalker - Visiting attribute path : level
19:40:31.662 [main] DEBUG org.hibernate.persister.walking.spi.MetamodelGraphWalker - Visiting attribute path : name
19:40:31.662 [main] DEBUG org.hibernate.loader.plan.build.internal.FetchStyleLoadPlanBuildingAssociationVisitationStrategy - Building LoadPlan...
19:40:31.662 [main] DEBUG org.hibernate.loader.plan.exec.internal.LoadQueryJoinAndFetchProcessor - processing queryspace <gen:0>
19:40:31.662 [main] DEBUG org.hibernate.loader.plan.build.spi.LoadPlanTreePrinter - LoadPlan(entity=tau.mmo.domain.Player)
    - Returns
       - EntityReturnImpl(entity=tau.mmo.domain.Player, querySpaceUid=<gen:0>, path=tau.mmo.domain.Player)
          - CollectionAttributeFetchImpl(collection=tau.mmo.domain.Player.items, querySpaceUid=<gen:1>, path=tau.mmo.domain.Player.items)
             - (collection element) CollectionFetchableElementEntityGraph(entity=tau.mmo.domain.Item, querySpaceUid=<gen:2>, path=tau.mmo.domain.Player.items.<elements>)
    - QuerySpaces
       - EntityQuerySpaceImpl(uid=<gen:0>, entity=tau.mmo.domain.Player)
          - SQL table alias mapping - player0_
          - alias suffix - 0_
          - suffixed key columns - {id1_1_0_}

19:40:31.662 [main] DEBUG org.hibernate.loader.entity.plan.EntityLoader - Static select for entity tau.mmo.domain.Player [UPGRADE_SKIPLOCKED]: select player0_.id as id1_1_0_, player0_.heroclass as heroclas2_1_0_, player0_.level as level3_1_0_, player0_.name as name4_1_0_ from player player0_ where player0_.id=? for update
19:40:31.662 [main] DEBUG org.hibernate.loader.plan.build.internal.spaces.QuerySpacesImpl - Adding QuerySpace : uid = <gen:0> -> org.hibernate.loader.plan.build.internal.spaces.EntityQuerySpaceImpl@651caa2e]
19:40:31.662 [main] DEBUG org.hibernate.persister.walking.spi.MetamodelGraphWalker - Visiting attribute path : heroclass
19:40:31.662 [main] DEBUG org.hibernate.persister.walking.spi.MetamodelGraphWalker - Visiting attribute path : items
19:40:31.662 [main] DEBUG org.hibernate.loader.plan.build.internal.spaces.QuerySpacesImpl - Adding QuerySpace : uid = <gen:1> -> org.hibernate.loader.plan.build.internal.spaces.CollectionQuerySpaceImpl@70840a5a]
19:40:31.662 [main] DEBUG org.hibernate.loader.plan.build.internal.spaces.QuerySpacesImpl - Adding QuerySpace : uid = <gen:2> -> org.hibernate.loader.plan.build.internal.spaces.EntityQuerySpaceImpl@7af9595d]
19:40:31.662 [main] DEBUG org.hibernate.persister.walking.spi.MetamodelGraphWalker - Visiting attribute path : level
19:40:31.662 [main] DEBUG org.hibernate.persister.walking.spi.MetamodelGraphWalker - Visiting attribute path : name
19:40:31.662 [main] DEBUG org.hibernate.loader.plan.build.internal.FetchStyleLoadPlanBuildingAssociationVisitationStrategy - Building LoadPlan...
19:40:31.662 [main] DEBUG org.hibernate.loader.plan.exec.internal.LoadQueryJoinAndFetchProcessor - processing queryspace <gen:0>
19:40:31.662 [main] DEBUG org.hibernate.loader.plan.build.spi.LoadPlanTreePrinter - LoadPlan(entity=tau.mmo.domain.Player)
    - Returns
       - EntityReturnImpl(entity=tau.mmo.domain.Player, querySpaceUid=<gen:0>, path=tau.mmo.domain.Player)
          - CollectionAttributeFetchImpl(collection=tau.mmo.domain.Player.items, querySpaceUid=<gen:1>, path=tau.mmo.domain.Player.items)
             - (collection element) CollectionFetchableElementEntityGraph(entity=tau.mmo.domain.Item, querySpaceUid=<gen:2>, path=tau.mmo.domain.Player.items.<elements>)
    - QuerySpaces
       - EntityQuerySpaceImpl(uid=<gen:0>, entity=tau.mmo.domain.Player)
          - SQL table alias mapping - player0_
          - alias suffix - 0_
          - suffixed key columns - {id1_1_0_}

19:40:31.662 [main] DEBUG org.hibernate.loader.entity.plan.EntityLoader - Static select for entity tau.mmo.domain.Player [FORCE]: select player0_.id as id1_1_0_, player0_.heroclass as heroclas2_1_0_, player0_.level as level3_1_0_, player0_.name as name4_1_0_ from player player0_ where player0_.id=? for update
19:40:31.663 [main] DEBUG org.hibernate.loader.plan.build.internal.spaces.QuerySpacesImpl - Adding QuerySpace : uid = <gen:0> -> org.hibernate.loader.plan.build.internal.spaces.EntityQuerySpaceImpl@7a34c1f6]
19:40:31.663 [main] DEBUG org.hibernate.persister.walking.spi.MetamodelGraphWalker - Visiting attribute path : heroclass
19:40:31.663 [main] DEBUG org.hibernate.persister.walking.spi.MetamodelGraphWalker - Visiting attribute path : items
19:40:31.663 [main] DEBUG org.hibernate.loader.plan.build.internal.spaces.QuerySpacesImpl - Adding QuerySpace : uid = <gen:1> -> org.hibernate.loader.plan.build.internal.spaces.CollectionQuerySpaceImpl@3e998033]
19:40:31.663 [main] DEBUG org.hibernate.loader.plan.build.internal.spaces.QuerySpacesImpl - Adding QuerySpace : uid = <gen:2> -> org.hibernate.loader.plan.build.internal.spaces.EntityQuerySpaceImpl@e1a150c]
19:40:31.663 [main] DEBUG org.hibernate.persister.walking.spi.MetamodelGraphWalker - Visiting attribute path : level
19:40:31.663 [main] DEBUG org.hibernate.persister.walking.spi.MetamodelGraphWalker - Visiting attribute path : name
19:40:31.663 [main] DEBUG org.hibernate.loader.plan.build.internal.FetchStyleLoadPlanBuildingAssociationVisitationStrategy - Building LoadPlan...
19:40:31.663 [main] DEBUG org.hibernate.loader.plan.exec.internal.LoadQueryJoinAndFetchProcessor - processing queryspace <gen:0>
19:40:31.663 [main] DEBUG org.hibernate.loader.plan.build.spi.LoadPlanTreePrinter - LoadPlan(entity=tau.mmo.domain.Player)
    - Returns
       - EntityReturnImpl(entity=tau.mmo.domain.Player, querySpaceUid=<gen:0>, path=tau.mmo.domain.Player)
          - CollectionAttributeFetchImpl(collection=tau.mmo.domain.Player.items, querySpaceUid=<gen:1>, path=tau.mmo.domain.Player.items)
             - (collection element) CollectionFetchableElementEntityGraph(entity=tau.mmo.domain.Item, querySpaceUid=<gen:2>, path=tau.mmo.domain.Player.items.<elements>)
    - QuerySpaces
       - EntityQuerySpaceImpl(uid=<gen:0>, entity=tau.mmo.domain.Player)
          - SQL table alias mapping - player0_
          - alias suffix - 0_
          - suffixed key columns - {id1_1_0_}

19:40:31.663 [main] DEBUG org.hibernate.loader.entity.plan.EntityLoader - Static select for entity tau.mmo.domain.Player [PESSIMISTIC_READ]: select player0_.id as id1_1_0_, player0_.heroclass as heroclas2_1_0_, player0_.level as level3_1_0_, player0_.name as name4_1_0_ from player player0_ where player0_.id=? for update
19:40:31.663 [main] DEBUG org.hibernate.loader.plan.build.internal.spaces.QuerySpacesImpl - Adding QuerySpace : uid = <gen:0> -> org.hibernate.loader.plan.build.internal.spaces.EntityQuerySpaceImpl@527d5e48]
19:40:31.663 [main] DEBUG org.hibernate.persister.walking.spi.MetamodelGraphWalker - Visiting attribute path : heroclass
19:40:31.663 [main] DEBUG org.hibernate.persister.walking.spi.MetamodelGraphWalker - Visiting attribute path : items
19:40:31.663 [main] DEBUG org.hibernate.loader.plan.build.internal.spaces.QuerySpacesImpl - Adding QuerySpace : uid = <gen:1> -> org.hibernate.loader.plan.build.internal.spaces.CollectionQuerySpaceImpl@3291d9c2]
19:40:31.663 [main] DEBUG org.hibernate.loader.plan.build.internal.spaces.QuerySpacesImpl - Adding QuerySpace : uid = <gen:2> -> org.hibernate.loader.plan.build.internal.spaces.EntityQuerySpaceImpl@6cfd08e9]
19:40:31.663 [main] DEBUG org.hibernate.persister.walking.spi.MetamodelGraphWalker - Visiting attribute path : level
19:40:31.663 [main] DEBUG org.hibernate.persister.walking.spi.MetamodelGraphWalker - Visiting attribute path : name
19:40:31.663 [main] DEBUG org.hibernate.loader.plan.build.internal.FetchStyleLoadPlanBuildingAssociationVisitationStrategy - Building LoadPlan...
19:40:31.664 [main] DEBUG org.hibernate.loader.plan.exec.internal.LoadQueryJoinAndFetchProcessor - processing queryspace <gen:0>
19:40:31.664 [main] DEBUG org.hibernate.loader.plan.build.spi.LoadPlanTreePrinter - LoadPlan(entity=tau.mmo.domain.Player)
    - Returns
       - EntityReturnImpl(entity=tau.mmo.domain.Player, querySpaceUid=<gen:0>, path=tau.mmo.domain.Player)
          - CollectionAttributeFetchImpl(collection=tau.mmo.domain.Player.items, querySpaceUid=<gen:1>, path=tau.mmo.domain.Player.items)
             - (collection element) CollectionFetchableElementEntityGraph(entity=tau.mmo.domain.Item, querySpaceUid=<gen:2>, path=tau.mmo.domain.Player.items.<elements>)
    - QuerySpaces
       - EntityQuerySpaceImpl(uid=<gen:0>, entity=tau.mmo.domain.Player)
          - SQL table alias mapping - player0_
          - alias suffix - 0_
          - suffixed key columns - {id1_1_0_}

19:40:31.664 [main] DEBUG org.hibernate.loader.entity.plan.EntityLoader - Static select for entity tau.mmo.domain.Player [PESSIMISTIC_WRITE]: select player0_.id as id1_1_0_, player0_.heroclass as heroclas2_1_0_, player0_.level as level3_1_0_, player0_.name as name4_1_0_ from player player0_ where player0_.id=? for update
19:40:31.664 [main] DEBUG org.hibernate.loader.plan.build.internal.spaces.QuerySpacesImpl - Adding QuerySpace : uid = <gen:0> -> org.hibernate.loader.plan.build.internal.spaces.EntityQuerySpaceImpl@54ca9420]
19:40:31.664 [main] DEBUG org.hibernate.persister.walking.spi.MetamodelGraphWalker - Visiting attribute path : heroclass
19:40:31.664 [main] DEBUG org.hibernate.persister.walking.spi.MetamodelGraphWalker - Visiting attribute path : items
19:40:31.664 [main] DEBUG org.hibernate.loader.plan.build.internal.spaces.QuerySpacesImpl - Adding QuerySpace : uid = <gen:1> -> org.hibernate.loader.plan.build.internal.spaces.CollectionQuerySpaceImpl@72c704f1]
19:40:31.664 [main] DEBUG org.hibernate.loader.plan.build.internal.spaces.QuerySpacesImpl - Adding QuerySpace : uid = <gen:2> -> org.hibernate.loader.plan.build.internal.spaces.EntityQuerySpaceImpl@76f9e000]
19:40:31.664 [main] DEBUG org.hibernate.persister.walking.spi.MetamodelGraphWalker - Visiting attribute path : level
19:40:31.664 [main] DEBUG org.hibernate.persister.walking.spi.MetamodelGraphWalker - Visiting attribute path : name
19:40:31.664 [main] DEBUG org.hibernate.loader.plan.build.internal.FetchStyleLoadPlanBuildingAssociationVisitationStrategy - Building LoadPlan...
19:40:31.664 [main] DEBUG org.hibernate.loader.plan.exec.internal.LoadQueryJoinAndFetchProcessor - processing queryspace <gen:0>
19:40:31.664 [main] DEBUG org.hibernate.loader.plan.build.spi.LoadPlanTreePrinter - LoadPlan(entity=tau.mmo.domain.Player)
    - Returns
       - EntityReturnImpl(entity=tau.mmo.domain.Player, querySpaceUid=<gen:0>, path=tau.mmo.domain.Player)
          - CollectionAttributeFetchImpl(collection=tau.mmo.domain.Player.items, querySpaceUid=<gen:1>, path=tau.mmo.domain.Player.items)
             - (collection element) CollectionFetchableElementEntityGraph(entity=tau.mmo.domain.Item, querySpaceUid=<gen:2>, path=tau.mmo.domain.Player.items.<elements>)
    - QuerySpaces
       - EntityQuerySpaceImpl(uid=<gen:0>, entity=tau.mmo.domain.Player)
          - SQL table alias mapping - player0_
          - alias suffix - 0_
          - suffixed key columns - {id1_1_0_}

19:40:31.664 [main] DEBUG org.hibernate.loader.entity.plan.EntityLoader - Static select for entity tau.mmo.domain.Player [PESSIMISTIC_FORCE_INCREMENT]: select player0_.id as id1_1_0_, player0_.heroclass as heroclas2_1_0_, player0_.level as level3_1_0_, player0_.name as name4_1_0_ from player player0_ where player0_.id=? for update
19:40:31.664 [main] DEBUG org.hibernate.loader.plan.build.internal.spaces.QuerySpacesImpl - Adding QuerySpace : uid = <gen:0> -> org.hibernate.loader.plan.build.internal.spaces.EntityQuerySpaceImpl@7612116b]
19:40:31.664 [main] DEBUG org.hibernate.persister.walking.spi.MetamodelGraphWalker - Visiting attribute path : heroclass
19:40:31.664 [main] DEBUG org.hibernate.persister.walking.spi.MetamodelGraphWalker - Visiting attribute path : items
19:40:31.664 [main] DEBUG org.hibernate.loader.plan.build.internal.spaces.QuerySpacesImpl - Adding QuerySpace : uid = <gen:1> -> org.hibernate.loader.plan.build.internal.spaces.CollectionQuerySpaceImpl@562f6681]
19:40:31.664 [main] DEBUG org.hibernate.loader.plan.build.internal.spaces.QuerySpacesImpl - Adding QuerySpace : uid = <gen:2> -> org.hibernate.loader.plan.build.internal.spaces.EntityQuerySpaceImpl@6f6f65a4]
19:40:31.665 [main] DEBUG org.hibernate.persister.walking.spi.MetamodelGraphWalker - Visiting attribute path : level
19:40:31.665 [main] DEBUG org.hibernate.persister.walking.spi.MetamodelGraphWalker - Visiting attribute path : name
19:40:31.665 [main] DEBUG org.hibernate.loader.plan.build.internal.FetchStyleLoadPlanBuildingAssociationVisitationStrategy - Building LoadPlan...
19:40:31.665 [main] DEBUG org.hibernate.loader.plan.exec.internal.LoadQueryJoinAndFetchProcessor - processing queryspace <gen:0>
19:40:31.665 [main] DEBUG org.hibernate.loader.plan.build.spi.LoadPlanTreePrinter - LoadPlan(entity=tau.mmo.domain.Player)
    - Returns
       - EntityReturnImpl(entity=tau.mmo.domain.Player, querySpaceUid=<gen:0>, path=tau.mmo.domain.Player)
          - CollectionAttributeFetchImpl(collection=tau.mmo.domain.Player.items, querySpaceUid=<gen:1>, path=tau.mmo.domain.Player.items)
             - (collection element) CollectionFetchableElementEntityGraph(entity=tau.mmo.domain.Item, querySpaceUid=<gen:2>, path=tau.mmo.domain.Player.items.<elements>)
    - QuerySpaces
       - EntityQuerySpaceImpl(uid=<gen:0>, entity=tau.mmo.domain.Player)
          - SQL table alias mapping - player0_
          - alias suffix - 0_
          - suffixed key columns - {id1_1_0_}

19:40:31.665 [main] DEBUG org.hibernate.loader.entity.plan.EntityLoader - Static select for entity tau.mmo.domain.Player [OPTIMISTIC]: select player0_.id as id1_1_0_, player0_.heroclass as heroclas2_1_0_, player0_.level as level3_1_0_, player0_.name as name4_1_0_ from player player0_ where player0_.id=?
19:40:31.665 [main] DEBUG org.hibernate.loader.plan.build.internal.spaces.QuerySpacesImpl - Adding QuerySpace : uid = <gen:0> -> org.hibernate.loader.plan.build.internal.spaces.EntityQuerySpaceImpl@990b86b]
19:40:31.665 [main] DEBUG org.hibernate.persister.walking.spi.MetamodelGraphWalker - Visiting attribute path : heroclass
19:40:31.665 [main] DEBUG org.hibernate.persister.walking.spi.MetamodelGraphWalker - Visiting attribute path : items
19:40:31.665 [main] DEBUG org.hibernate.loader.plan.build.internal.spaces.QuerySpacesImpl - Adding QuerySpace : uid = <gen:1> -> org.hibernate.loader.plan.build.internal.spaces.CollectionQuerySpaceImpl@105c6c9e]
19:40:31.665 [main] DEBUG org.hibernate.loader.plan.build.internal.spaces.QuerySpacesImpl - Adding QuerySpace : uid = <gen:2> -> org.hibernate.loader.plan.build.internal.spaces.EntityQuerySpaceImpl@40a7974]
19:40:31.665 [main] DEBUG org.hibernate.persister.walking.spi.MetamodelGraphWalker - Visiting attribute path : level
19:40:31.665 [main] DEBUG org.hibernate.persister.walking.spi.MetamodelGraphWalker - Visiting attribute path : name
19:40:31.665 [main] DEBUG org.hibernate.loader.plan.build.internal.FetchStyleLoadPlanBuildingAssociationVisitationStrategy - Building LoadPlan...
19:40:31.665 [main] DEBUG org.hibernate.loader.plan.exec.internal.LoadQueryJoinAndFetchProcessor - processing queryspace <gen:0>
19:40:31.665 [main] DEBUG org.hibernate.loader.plan.build.spi.LoadPlanTreePrinter - LoadPlan(entity=tau.mmo.domain.Player)
    - Returns
       - EntityReturnImpl(entity=tau.mmo.domain.Player, querySpaceUid=<gen:0>, path=tau.mmo.domain.Player)
          - CollectionAttributeFetchImpl(collection=tau.mmo.domain.Player.items, querySpaceUid=<gen:1>, path=tau.mmo.domain.Player.items)
             - (collection element) CollectionFetchableElementEntityGraph(entity=tau.mmo.domain.Item, querySpaceUid=<gen:2>, path=tau.mmo.domain.Player.items.<elements>)
    - QuerySpaces
       - EntityQuerySpaceImpl(uid=<gen:0>, entity=tau.mmo.domain.Player)
          - SQL table alias mapping - player0_
          - alias suffix - 0_
          - suffixed key columns - {id1_1_0_}

19:40:31.665 [main] DEBUG org.hibernate.loader.entity.plan.EntityLoader - Static select for entity tau.mmo.domain.Player [OPTIMISTIC_FORCE_INCREMENT]: select player0_.id as id1_1_0_, player0_.heroclass as heroclas2_1_0_, player0_.level as level3_1_0_, player0_.name as name4_1_0_ from player player0_ where player0_.id=?
19:40:31.666 [main] DEBUG org.hibernate.loader.Loader - Static select for action ACTION_MERGE on entity tau.mmo.domain.Player: select player0_.id as id1_1_0_, player0_.heroclass as heroclas2_1_0_, player0_.level as level3_1_0_, player0_.name as name4_1_0_ from player player0_ where player0_.id=?
19:40:31.666 [main] DEBUG org.hibernate.loader.Loader - Static select for action ACTION_REFRESH on entity tau.mmo.domain.Player: select player0_.id as id1_1_0_, player0_.heroclass as heroclas2_1_0_, player0_.level as level3_1_0_, player0_.name as name4_1_0_ from player player0_ where player0_.id=?
19:40:31.666 [main] DEBUG org.hibernate.loader.plan.build.internal.spaces.QuerySpacesImpl - Adding QuerySpace : uid = <gen:0> -> org.hibernate.loader.plan.build.internal.spaces.CollectionQuerySpaceImpl@8d5da7e]
19:40:31.666 [main] DEBUG org.hibernate.loader.plan.build.internal.spaces.QuerySpacesImpl - Adding QuerySpace : uid = <gen:1> -> org.hibernate.loader.plan.build.internal.spaces.EntityQuerySpaceImpl@65a4b9d6]
19:40:31.666 [main] DEBUG org.hibernate.persister.walking.spi.MetamodelGraphWalker - Visiting attribute path : itemclass
19:40:31.666 [main] DEBUG org.hibernate.persister.walking.spi.MetamodelGraphWalker - Visiting attribute path : levelreq
19:40:31.666 [main] DEBUG org.hibernate.persister.walking.spi.MetamodelGraphWalker - Visiting attribute path : name
19:40:31.666 [main] DEBUG org.hibernate.persister.walking.spi.MetamodelGraphWalker - Visiting attribute path : player
19:40:31.666 [main] DEBUG org.hibernate.persister.walking.spi.MetamodelGraphWalker - Property path deemed to be circular : player
19:40:31.666 [main] DEBUG org.hibernate.loader.plan.build.internal.FetchStyleLoadPlanBuildingAssociationVisitationStrategy - Building LoadPlan...
19:40:31.666 [main] DEBUG org.hibernate.loader.plan.exec.internal.LoadQueryJoinAndFetchProcessor - processing queryspace <gen:0>
19:40:31.666 [main] DEBUG org.hibernate.loader.plan.build.spi.LoadPlanTreePrinter - LoadPlan(collection=tau.mmo.domain.Player.items)
    - Returns
       - CollectionReturnImpl(collection=tau.mmo.domain.Player.items, querySpaceUid=<gen:0>, path=[tau.mmo.domain.Player.items])
          - (collection element) CollectionFetchableElementEntityGraph(entity=tau.mmo.domain.Item, querySpaceUid=<gen:1>, path=[tau.mmo.domain.Player.items].<elements>)
    - QuerySpaces
       - CollectionQuerySpaceImpl(uid=<gen:0>, collection=tau.mmo.domain.Player.items)
          - SQL table alias mapping - items0_
          - alias suffix - 0_
          - suffixed key columns - {player_i5_0_0_}
          - entity-element alias suffix - 1_
          - 1_entity-element suffixed key columns - id1_0_1_
          - JOIN (JoinDefinedByMetadata(elements)) : <gen:0> -> <gen:1>
             - EntityQuerySpaceImpl(uid=<gen:1>, entity=tau.mmo.domain.Item)
                - SQL table alias mapping - items0_
                - alias suffix - 1_
                - suffixed key columns - {id1_0_1_}

19:40:31.666 [main] DEBUG org.hibernate.loader.collection.plan.CollectionLoader - Static select for collection tau.mmo.domain.Player.items: select items0_.player_id as player_i5_0_0_, items0_.id as id1_0_0_, items0_.id as id1_0_1_, items0_.itemclass as itemclas2_0_1_, items0_.levelreq as levelreq3_0_1_, items0_.name as name4_0_1_, items0_.player_id as player_i5_0_1_ from item items0_ where items0_.player_id=?
19:40:31.666 [main] DEBUG org.hibernate.internal.SessionFactoryImpl - Instantiated session factory
19:40:31.666 [main] DEBUG org.springframework.jdbc.datasource.DriverManagerDataSource - Creating new JDBC DriverManager Connection to [jdbc:hsqldb:hsql://localhost/workdb]
19:40:31.667 [main] DEBUG org.hibernate.engine.jdbc.spi.SqlExceptionHelper - Unable to open JDBC Connection for DDL execution [n/a]
java.sql.SQLTransientConnectionException: java.net.ConnectException: Połączenie odrzucone (Connection refused)
	at org.hsqldb.jdbc.JDBCUtil.sqlException(Unknown Source)
	at org.hsqldb.jdbc.JDBCUtil.sqlException(Unknown Source)
	at org.hsqldb.jdbc.JDBCConnection.<init>(Unknown Source)
	at org.hsqldb.jdbc.JDBCDriver.getConnection(Unknown Source)
	at org.hsqldb.jdbc.JDBCDriver.connect(Unknown Source)
	at java.sql/java.sql.DriverManager.getConnection(DriverManager.java:677)
	at java.sql/java.sql.DriverManager.getConnection(DriverManager.java:189)
	at org.springframework.jdbc.datasource.DriverManagerDataSource.getConnectionFromDriverManager(DriverManagerDataSource.java:154)
	at org.springframework.jdbc.datasource.DriverManagerDataSource.getConnectionFromDriver(DriverManagerDataSource.java:145)
	at org.springframework.jdbc.datasource.AbstractDriverBasedDataSource.getConnectionFromDriver(AbstractDriverBasedDataSource.java:205)
	at org.springframework.jdbc.datasource.AbstractDriverBasedDataSource.getConnection(AbstractDriverBasedDataSource.java:169)
	at org.hibernate.engine.jdbc.connections.internal.DatasourceConnectionProviderImpl.getConnection(DatasourceConnectionProviderImpl.java:122)
	at org.hibernate.engine.jdbc.env.internal.JdbcEnvironmentInitiator$ConnectionProviderJdbcConnectionAccess.obtainConnection(JdbcEnvironmentInitiator.java:180)
	at org.hibernate.resource.transaction.backend.jdbc.internal.DdlTransactionIsolatorNonJtaImpl.getIsolatedConnection(DdlTransactionIsolatorNonJtaImpl.java:43)
	at org.hibernate.tool.schema.internal.exec.ImprovedExtractionContextImpl.getJdbcConnection(ImprovedExtractionContextImpl.java:60)
	at org.hibernate.tool.schema.extract.internal.SequenceInformationExtractorLegacyImpl.extractMetadata(SequenceInformationExtractorLegacyImpl.java:40)
	at org.hibernate.tool.schema.extract.internal.DatabaseInformationImpl.initializeSequences(DatabaseInformationImpl.java:65)
	at org.hibernate.tool.schema.extract.internal.DatabaseInformationImpl.<init>(DatabaseInformationImpl.java:59)
	at org.hibernate.tool.schema.internal.Helper.buildDatabaseInformation(Helper.java:130)
	at org.hibernate.tool.schema.internal.AbstractSchemaMigrator.doMigration(AbstractSchemaMigrator.java:92)
	at org.hibernate.tool.schema.spi.SchemaManagementToolCoordinator.performDatabaseAction(SchemaManagementToolCoordinator.java:176)
	at org.hibernate.tool.schema.spi.SchemaManagementToolCoordinator.process(SchemaManagementToolCoordinator.java:65)
	at org.hibernate.internal.SessionFactoryImpl.<init>(SessionFactoryImpl.java:459)
	at org.hibernate.boot.internal.SessionFactoryBuilderImpl.build(SessionFactoryBuilderImpl.java:465)
	at org.hibernate.cfg.Configuration.buildSessionFactory(Configuration.java:711)
	at org.hibernate.cfg.Configuration.buildSessionFactory(Configuration.java:727)
	at org.springframework.orm.hibernate5.LocalSessionFactoryBean.buildSessionFactory(LocalSessionFactoryBean.java:615)
	at org.springframework.orm.hibernate5.LocalSessionFactoryBean.afterPropertiesSet(LocalSessionFactoryBean.java:599)
	at org.springframework.beans.factory.support.AbstractAutowireCapableBeanFactory.invokeInitMethods(AbstractAutowireCapableBeanFactory.java:1837)
	at org.springframework.beans.factory.support.AbstractAutowireCapableBeanFactory.initializeBean(AbstractAutowireCapableBeanFactory.java:1774)
	at org.springframework.beans.factory.support.AbstractAutowireCapableBeanFactory.doCreateBean(AbstractAutowireCapableBeanFactory.java:593)
	at org.springframework.beans.factory.support.AbstractAutowireCapableBeanFactory.createBean(AbstractAutowireCapableBeanFactory.java:515)
	at org.springframework.beans.factory.support.AbstractBeanFactory.lambda$doGetBean$0(AbstractBeanFactory.java:320)
	at org.springframework.beans.factory.support.DefaultSingletonBeanRegistry.getSingleton(DefaultSingletonBeanRegistry.java:222)
	at org.springframework.beans.factory.support.AbstractBeanFactory.doGetBean(AbstractBeanFactory.java:318)
	at org.springframework.beans.factory.support.AbstractBeanFactory.getBean(AbstractBeanFactory.java:199)
	at org.springframework.beans.factory.config.DependencyDescriptor.resolveCandidate(DependencyDescriptor.java:277)
	at org.springframework.beans.factory.support.DefaultListableBeanFactory.doResolveDependency(DefaultListableBeanFactory.java:1247)
	at org.springframework.beans.factory.support.DefaultListableBeanFactory.resolveDependency(DefaultListableBeanFactory.java:1167)
	at org.springframework.beans.factory.annotation.AutowiredAnnotationBeanPostProcessor$AutowiredFieldElement.inject(AutowiredAnnotationBeanPostProcessor.java:593)
	at org.springframework.beans.factory.annotation.InjectionMetadata.inject(InjectionMetadata.java:90)
	at org.springframework.beans.factory.annotation.AutowiredAnnotationBeanPostProcessor.postProcessProperties(AutowiredAnnotationBeanPostProcessor.java:374)
	at org.springframework.beans.factory.support.AbstractAutowireCapableBeanFactory.populateBean(AbstractAutowireCapableBeanFactory.java:1411)
	at org.springframework.beans.factory.support.AbstractAutowireCapableBeanFactory.doCreateBean(AbstractAutowireCapableBeanFactory.java:592)
	at org.springframework.beans.factory.support.AbstractAutowireCapableBeanFactory.createBean(AbstractAutowireCapableBeanFactory.java:515)
	at org.springframework.beans.factory.support.AbstractBeanFactory.lambda$doGetBean$0(AbstractBeanFactory.java:320)
	at org.springframework.beans.factory.support.DefaultSingletonBeanRegistry.getSingleton(DefaultSingletonBeanRegistry.java:222)
	at org.springframework.beans.factory.support.AbstractBeanFactory.doGetBean(AbstractBeanFactory.java:318)
	at org.springframework.beans.factory.support.AbstractBeanFactory.getBean(AbstractBeanFactory.java:199)
	at org.springframework.beans.factory.config.DependencyDescriptor.resolveCandidate(DependencyDescriptor.java:277)
	at org.springframework.beans.factory.support.DefaultListableBeanFactory.doResolveDependency(DefaultListableBeanFactory.java:1247)
	at org.springframework.beans.factory.support.DefaultListableBeanFactory.resolveDependency(DefaultListableBeanFactory.java:1167)
	at org.springframework.beans.factory.annotation.AutowiredAnnotationBeanPostProcessor$AutowiredFieldElement.inject(AutowiredAnnotationBeanPostProcessor.java:593)
	at org.springframework.beans.factory.annotation.InjectionMetadata.inject(InjectionMetadata.java:90)
	at org.springframework.beans.factory.annotation.AutowiredAnnotationBeanPostProcessor.postProcessProperties(AutowiredAnnotationBeanPostProcessor.java:374)
	at org.springframework.beans.factory.support.AbstractAutowireCapableBeanFactory.populateBean(AbstractAutowireCapableBeanFactory.java:1411)
	at org.springframework.beans.factory.support.AbstractAutowireCapableBeanFactory.doCreateBean(AbstractAutowireCapableBeanFactory.java:592)
	at org.springframework.beans.factory.support.AbstractAutowireCapableBeanFactory.createBean(AbstractAutowireCapableBeanFactory.java:515)
	at org.springframework.beans.factory.support.AbstractBeanFactory.lambda$doGetBean$0(AbstractBeanFactory.java:320)
	at org.springframework.beans.factory.support.DefaultSingletonBeanRegistry.getSingleton(DefaultSingletonBeanRegistry.java:222)
	at org.springframework.beans.factory.support.AbstractBeanFactory.doGetBean(AbstractBeanFactory.java:318)
	at org.springframework.beans.factory.support.AbstractBeanFactory.getBean(AbstractBeanFactory.java:199)
	at org.springframework.beans.factory.support.DefaultListableBeanFactory.preInstantiateSingletons(DefaultListableBeanFactory.java:849)
	at org.springframework.context.support.AbstractApplicationContext.finishBeanFactoryInitialization(AbstractApplicationContext.java:877)
	at org.springframework.context.support.AbstractApplicationContext.refresh(AbstractApplicationContext.java:549)
	at org.springframework.test.context.support.AbstractGenericContextLoader.loadContext(AbstractGenericContextLoader.java:128)
	at org.springframework.test.context.support.AbstractGenericContextLoader.loadContext(AbstractGenericContextLoader.java:60)
	at org.springframework.test.context.support.AbstractDelegatingSmartContextLoader.delegateLoading(AbstractDelegatingSmartContextLoader.java:275)
	at org.springframework.test.context.support.AbstractDelegatingSmartContextLoader.loadContext(AbstractDelegatingSmartContextLoader.java:243)
	at org.springframework.test.context.cache.DefaultCacheAwareContextLoaderDelegate.loadContextInternal(DefaultCacheAwareContextLoaderDelegate.java:99)
	at org.springframework.test.context.cache.DefaultCacheAwareContextLoaderDelegate.loadContext(DefaultCacheAwareContextLoaderDelegate.java:117)
	at org.springframework.test.context.support.DefaultTestContext.getApplicationContext(DefaultTestContext.java:108)
	at org.springframework.test.context.support.DependencyInjectionTestExecutionListener.injectDependencies(DependencyInjectionTestExecutionListener.java:118)
	at org.springframework.test.context.support.DependencyInjectionTestExecutionListener.prepareTestInstance(DependencyInjectionTestExecutionListener.java:83)
	at org.springframework.test.context.TestContextManager.prepareTestInstance(TestContextManager.java:246)
	at org.springframework.test.context.junit4.SpringJUnit4ClassRunner.createTest(SpringJUnit4ClassRunner.java:227)
	at org.springframework.test.context.junit4.SpringJUnit4ClassRunner$1.runReflectiveCall(SpringJUnit4ClassRunner.java:289)
	at org.junit.internal.runners.model.ReflectiveCallable.run(ReflectiveCallable.java:12)
	at org.springframework.test.context.junit4.SpringJUnit4ClassRunner.methodBlock(SpringJUnit4ClassRunner.java:291)
	at org.springframework.test.context.junit4.SpringJUnit4ClassRunner.runChild(SpringJUnit4ClassRunner.java:246)
	at org.springframework.test.context.junit4.SpringJUnit4ClassRunner.runChild(SpringJUnit4ClassRunner.java:97)
	at org.junit.runners.ParentRunner$3.run(ParentRunner.java:290)
	at org.junit.runners.ParentRunner$1.schedule(ParentRunner.java:71)
	at org.junit.runners.ParentRunner.runChildren(ParentRunner.java:288)
	at org.junit.runners.ParentRunner.access$000(ParentRunner.java:58)
	at org.junit.runners.ParentRunner$2.evaluate(ParentRunner.java:268)
	at org.springframework.test.context.junit4.statements.RunBeforeTestClassCallbacks.evaluate(RunBeforeTestClassCallbacks.java:61)
	at org.springframework.test.context.junit4.statements.RunAfterTestClassCallbacks.evaluate(RunAfterTestClassCallbacks.java:70)
	at org.junit.runners.ParentRunner.run(ParentRunner.java:363)
	at org.springframework.test.context.junit4.SpringJUnit4ClassRunner.run(SpringJUnit4ClassRunner.java:190)
	at org.apache.maven.surefire.junit4.JUnit4Provider.execute(JUnit4Provider.java:365)
	at org.apache.maven.surefire.junit4.JUnit4Provider.executeWithRerun(JUnit4Provider.java:273)
	at org.apache.maven.surefire.junit4.JUnit4Provider.executeTestSet(JUnit4Provider.java:238)
	at org.apache.maven.surefire.junit4.JUnit4Provider.invoke(JUnit4Provider.java:159)
	at org.apache.maven.surefire.booter.ForkedBooter.invokeProviderInSameClassLoader(ForkedBooter.java:384)
	at org.apache.maven.surefire.booter.ForkedBooter.runSuitesInProcess(ForkedBooter.java:345)
	at org.apache.maven.surefire.booter.ForkedBooter.execute(ForkedBooter.java:126)
	at org.apache.maven.surefire.booter.ForkedBooter.main(ForkedBooter.java:418)
Caused by: org.hsqldb.HsqlException: java.net.ConnectException: Połączenie odrzucone (Connection refused)
	at org.hsqldb.ClientConnection.openConnection(Unknown Source)
	at org.hsqldb.ClientConnection.initConnection(Unknown Source)
	at org.hsqldb.ClientConnection.<init>(Unknown Source)
	... 96 common frames omitted
Caused by: java.net.ConnectException: Połączenie odrzucone (Connection refused)
	at java.base/java.net.PlainSocketImpl.socketConnect(Native Method)
	at java.base/java.net.AbstractPlainSocketImpl.doConnect(AbstractPlainSocketImpl.java:399)
	at java.base/java.net.AbstractPlainSocketImpl.connectToAddress(AbstractPlainSocketImpl.java:242)
	at java.base/java.net.AbstractPlainSocketImpl.connect(AbstractPlainSocketImpl.java:224)
	at java.base/java.net.SocksSocketImpl.connect(SocksSocketImpl.java:403)
	at java.base/java.net.Socket.connect(Socket.java:591)
	at java.base/java.net.Socket.connect(Socket.java:540)
	at java.base/java.net.Socket.<init>(Socket.java:436)
	at java.base/java.net.Socket.<init>(Socket.java:213)
	at org.hsqldb.server.HsqlSocketFactory.createSocket(Unknown Source)
	... 99 common frames omitted
19:40:31.668 [main] WARN org.hibernate.engine.jdbc.spi.SqlExceptionHelper - SQL Error: -1301, SQLState: 08001
19:40:31.668 [main] ERROR org.hibernate.engine.jdbc.spi.SqlExceptionHelper - java.net.ConnectException: Połączenie odrzucone (Connection refused)
19:40:31.668 [main] WARN org.springframework.context.support.GenericApplicationContext - Exception encountered during context initialization - cancelling refresh attempt: org.springframework.beans.factory.UnsatisfiedDependencyException: Error creating bean with name 'playerController': Unsatisfied dependency expressed through field 'playerManager'; nested exception is org.springframework.beans.factory.UnsatisfiedDependencyException: Error creating bean with name 'playerManagerHibernateImpl': Unsatisfied dependency expressed through field 'sessionFactory'; nested exception is org.springframework.beans.factory.BeanCreationException: Error creating bean with name 'hibernateSessionFactory' defined in class path resource [beans.xml]: Invocation of init method failed; nested exception is org.hibernate.exception.JDBCConnectionException: Unable to open JDBC Connection for DDL execution
19:40:31.668 [main] ERROR org.springframework.test.context.TestContextManager - Caught exception while allowing TestExecutionListener [org.springframework.test.context.support.DependencyInjectionTestExecutionListener@6a400542] to prepare test instance [tau.mmo.service.PlayerManagerTest@7f70e244]
java.lang.IllegalStateException: Failed to load ApplicationContext
	at org.springframework.test.context.cache.DefaultCacheAwareContextLoaderDelegate.loadContext(DefaultCacheAwareContextLoaderDelegate.java:125)
	at org.springframework.test.context.support.DefaultTestContext.getApplicationContext(DefaultTestContext.java:108)
	at org.springframework.test.context.support.DependencyInjectionTestExecutionListener.injectDependencies(DependencyInjectionTestExecutionListener.java:118)
	at org.springframework.test.context.support.DependencyInjectionTestExecutionListener.prepareTestInstance(DependencyInjectionTestExecutionListener.java:83)
	at org.springframework.test.context.TestContextManager.prepareTestInstance(TestContextManager.java:246)
	at org.springframework.test.context.junit4.SpringJUnit4ClassRunner.createTest(SpringJUnit4ClassRunner.java:227)
	at org.springframework.test.context.junit4.SpringJUnit4ClassRunner$1.runReflectiveCall(SpringJUnit4ClassRunner.java:289)
	at org.junit.internal.runners.model.ReflectiveCallable.run(ReflectiveCallable.java:12)
	at org.springframework.test.context.junit4.SpringJUnit4ClassRunner.methodBlock(SpringJUnit4ClassRunner.java:291)
	at org.springframework.test.context.junit4.SpringJUnit4ClassRunner.runChild(SpringJUnit4ClassRunner.java:246)
	at org.springframework.test.context.junit4.SpringJUnit4ClassRunner.runChild(SpringJUnit4ClassRunner.java:97)
	at org.junit.runners.ParentRunner$3.run(ParentRunner.java:290)
	at org.junit.runners.ParentRunner$1.schedule(ParentRunner.java:71)
	at org.junit.runners.ParentRunner.runChildren(ParentRunner.java:288)
	at org.junit.runners.ParentRunner.access$000(ParentRunner.java:58)
	at org.junit.runners.ParentRunner$2.evaluate(ParentRunner.java:268)
	at org.springframework.test.context.junit4.statements.RunBeforeTestClassCallbacks.evaluate(RunBeforeTestClassCallbacks.java:61)
	at org.springframework.test.context.junit4.statements.RunAfterTestClassCallbacks.evaluate(RunAfterTestClassCallbacks.java:70)
	at org.junit.runners.ParentRunner.run(ParentRunner.java:363)
	at org.springframework.test.context.junit4.SpringJUnit4ClassRunner.run(SpringJUnit4ClassRunner.java:190)
	at org.apache.maven.surefire.junit4.JUnit4Provider.execute(JUnit4Provider.java:365)
	at org.apache.maven.surefire.junit4.JUnit4Provider.executeWithRerun(JUnit4Provider.java:273)
	at org.apache.maven.surefire.junit4.JUnit4Provider.executeTestSet(JUnit4Provider.java:238)
	at org.apache.maven.surefire.junit4.JUnit4Provider.invoke(JUnit4Provider.java:159)
	at org.apache.maven.surefire.booter.ForkedBooter.invokeProviderInSameClassLoader(ForkedBooter.java:384)
	at org.apache.maven.surefire.booter.ForkedBooter.runSuitesInProcess(ForkedBooter.java:345)
	at org.apache.maven.surefire.booter.ForkedBooter.execute(ForkedBooter.java:126)
	at org.apache.maven.surefire.booter.ForkedBooter.main(ForkedBooter.java:418)
Caused by: org.springframework.beans.factory.UnsatisfiedDependencyException: Error creating bean with name 'playerController': Unsatisfied dependency expressed through field 'playerManager'; nested exception is org.springframework.beans.factory.UnsatisfiedDependencyException: Error creating bean with name 'playerManagerHibernateImpl': Unsatisfied dependency expressed through field 'sessionFactory'; nested exception is org.springframework.beans.factory.BeanCreationException: Error creating bean with name 'hibernateSessionFactory' defined in class path resource [beans.xml]: Invocation of init method failed; nested exception is org.hibernate.exception.JDBCConnectionException: Unable to open JDBC Connection for DDL execution
	at org.springframework.beans.factory.annotation.AutowiredAnnotationBeanPostProcessor$AutowiredFieldElement.inject(AutowiredAnnotationBeanPostProcessor.java:596)
	at org.springframework.beans.factory.annotation.InjectionMetadata.inject(InjectionMetadata.java:90)
	at org.springframework.beans.factory.annotation.AutowiredAnnotationBeanPostProcessor.postProcessProperties(AutowiredAnnotationBeanPostProcessor.java:374)
	at org.springframework.beans.factory.support.AbstractAutowireCapableBeanFactory.populateBean(AbstractAutowireCapableBeanFactory.java:1411)
	at org.springframework.beans.factory.support.AbstractAutowireCapableBeanFactory.doCreateBean(AbstractAutowireCapableBeanFactory.java:592)
	at org.springframework.beans.factory.support.AbstractAutowireCapableBeanFactory.createBean(AbstractAutowireCapableBeanFactory.java:515)
	at org.springframework.beans.factory.support.AbstractBeanFactory.lambda$doGetBean$0(AbstractBeanFactory.java:320)
	at org.springframework.beans.factory.support.DefaultSingletonBeanRegistry.getSingleton(DefaultSingletonBeanRegistry.java:222)
	at org.springframework.beans.factory.support.AbstractBeanFactory.doGetBean(AbstractBeanFactory.java:318)
	at org.springframework.beans.factory.support.AbstractBeanFactory.getBean(AbstractBeanFactory.java:199)
	at org.springframework.beans.factory.support.DefaultListableBeanFactory.preInstantiateSingletons(DefaultListableBeanFactory.java:849)
	at org.springframework.context.support.AbstractApplicationContext.finishBeanFactoryInitialization(AbstractApplicationContext.java:877)
	at org.springframework.context.support.AbstractApplicationContext.refresh(AbstractApplicationContext.java:549)
	at org.springframework.test.context.support.AbstractGenericContextLoader.loadContext(AbstractGenericContextLoader.java:128)
	at org.springframework.test.context.support.AbstractGenericContextLoader.loadContext(AbstractGenericContextLoader.java:60)
	at org.springframework.test.context.support.AbstractDelegatingSmartContextLoader.delegateLoading(AbstractDelegatingSmartContextLoader.java:275)
	at org.springframework.test.context.support.AbstractDelegatingSmartContextLoader.loadContext(AbstractDelegatingSmartContextLoader.java:243)
	at org.springframework.test.context.cache.DefaultCacheAwareContextLoaderDelegate.loadContextInternal(DefaultCacheAwareContextLoaderDelegate.java:99)
	at org.springframework.test.context.cache.DefaultCacheAwareContextLoaderDelegate.loadContext(DefaultCacheAwareContextLoaderDelegate.java:117)
	... 27 common frames omitted
Caused by: org.springframework.beans.factory.UnsatisfiedDependencyException: Error creating bean with name 'playerManagerHibernateImpl': Unsatisfied dependency expressed through field 'sessionFactory'; nested exception is org.springframework.beans.factory.BeanCreationException: Error creating bean with name 'hibernateSessionFactory' defined in class path resource [beans.xml]: Invocation of init method failed; nested exception is org.hibernate.exception.JDBCConnectionException: Unable to open JDBC Connection for DDL execution
	at org.springframework.beans.factory.annotation.AutowiredAnnotationBeanPostProcessor$AutowiredFieldElement.inject(AutowiredAnnotationBeanPostProcessor.java:596)
	at org.springframework.beans.factory.annotation.InjectionMetadata.inject(InjectionMetadata.java:90)
	at org.springframework.beans.factory.annotation.AutowiredAnnotationBeanPostProcessor.postProcessProperties(AutowiredAnnotationBeanPostProcessor.java:374)
	at org.springframework.beans.factory.support.AbstractAutowireCapableBeanFactory.populateBean(AbstractAutowireCapableBeanFactory.java:1411)
	at org.springframework.beans.factory.support.AbstractAutowireCapableBeanFactory.doCreateBean(AbstractAutowireCapableBeanFactory.java:592)
	at org.springframework.beans.factory.support.AbstractAutowireCapableBeanFactory.createBean(AbstractAutowireCapableBeanFactory.java:515)
	at org.springframework.beans.factory.support.AbstractBeanFactory.lambda$doGetBean$0(AbstractBeanFactory.java:320)
	at org.springframework.beans.factory.support.DefaultSingletonBeanRegistry.getSingleton(DefaultSingletonBeanRegistry.java:222)
	at org.springframework.beans.factory.support.AbstractBeanFactory.doGetBean(AbstractBeanFactory.java:318)
	at org.springframework.beans.factory.support.AbstractBeanFactory.getBean(AbstractBeanFactory.java:199)
	at org.springframework.beans.factory.config.DependencyDescriptor.resolveCandidate(DependencyDescriptor.java:277)
	at org.springframework.beans.factory.support.DefaultListableBeanFactory.doResolveDependency(DefaultListableBeanFactory.java:1247)
	at org.springframework.beans.factory.support.DefaultListableBeanFactory.resolveDependency(DefaultListableBeanFactory.java:1167)
	at org.springframework.beans.factory.annotation.AutowiredAnnotationBeanPostProcessor$AutowiredFieldElement.inject(AutowiredAnnotationBeanPostProcessor.java:593)
	... 45 common frames omitted
Caused by: org.springframework.beans.factory.BeanCreationException: Error creating bean with name 'hibernateSessionFactory' defined in class path resource [beans.xml]: Invocation of init method failed; nested exception is org.hibernate.exception.JDBCConnectionException: Unable to open JDBC Connection for DDL execution
	at org.springframework.beans.factory.support.AbstractAutowireCapableBeanFactory.initializeBean(AbstractAutowireCapableBeanFactory.java:1778)
	at org.springframework.beans.factory.support.AbstractAutowireCapableBeanFactory.doCreateBean(AbstractAutowireCapableBeanFactory.java:593)
	at org.springframework.beans.factory.support.AbstractAutowireCapableBeanFactory.createBean(AbstractAutowireCapableBeanFactory.java:515)
	at org.springframework.beans.factory.support.AbstractBeanFactory.lambda$doGetBean$0(AbstractBeanFactory.java:320)
	at org.springframework.beans.factory.support.DefaultSingletonBeanRegistry.getSingleton(DefaultSingletonBeanRegistry.java:222)
	at org.springframework.beans.factory.support.AbstractBeanFactory.doGetBean(AbstractBeanFactory.java:318)
	at org.springframework.beans.factory.support.AbstractBeanFactory.getBean(AbstractBeanFactory.java:199)
	at org.springframework.beans.factory.config.DependencyDescriptor.resolveCandidate(DependencyDescriptor.java:277)
	at org.springframework.beans.factory.support.DefaultListableBeanFactory.doResolveDependency(DefaultListableBeanFactory.java:1247)
	at org.springframework.beans.factory.support.DefaultListableBeanFactory.resolveDependency(DefaultListableBeanFactory.java:1167)
	at org.springframework.beans.factory.annotation.AutowiredAnnotationBeanPostProcessor$AutowiredFieldElement.inject(AutowiredAnnotationBeanPostProcessor.java:593)
	... 58 common frames omitted
Caused by: org.hibernate.exception.JDBCConnectionException: Unable to open JDBC Connection for DDL execution
	at org.hibernate.exception.internal.SQLExceptionTypeDelegate.convert(SQLExceptionTypeDelegate.java:48)
	at org.hibernate.exception.internal.StandardSQLExceptionConverter.convert(StandardSQLExceptionConverter.java:42)
	at org.hibernate.engine.jdbc.spi.SqlExceptionHelper.convert(SqlExceptionHelper.java:111)
	at org.hibernate.engine.jdbc.spi.SqlExceptionHelper.convert(SqlExceptionHelper.java:97)
	at org.hibernate.resource.transaction.backend.jdbc.internal.DdlTransactionIsolatorNonJtaImpl.getIsolatedConnection(DdlTransactionIsolatorNonJtaImpl.java:69)
	at org.hibernate.tool.schema.internal.exec.ImprovedExtractionContextImpl.getJdbcConnection(ImprovedExtractionContextImpl.java:60)
	at org.hibernate.tool.schema.extract.internal.SequenceInformationExtractorLegacyImpl.extractMetadata(SequenceInformationExtractorLegacyImpl.java:40)
	at org.hibernate.tool.schema.extract.internal.DatabaseInformationImpl.initializeSequences(DatabaseInformationImpl.java:65)
	at org.hibernate.tool.schema.extract.internal.DatabaseInformationImpl.<init>(DatabaseInformationImpl.java:59)
	at org.hibernate.tool.schema.internal.Helper.buildDatabaseInformation(Helper.java:130)
	at org.hibernate.tool.schema.internal.AbstractSchemaMigrator.doMigration(AbstractSchemaMigrator.java:92)
	at org.hibernate.tool.schema.spi.SchemaManagementToolCoordinator.performDatabaseAction(SchemaManagementToolCoordinator.java:176)
	at org.hibernate.tool.schema.spi.SchemaManagementToolCoordinator.process(SchemaManagementToolCoordinator.java:65)
	at org.hibernate.internal.SessionFactoryImpl.<init>(SessionFactoryImpl.java:459)
	at org.hibernate.boot.internal.SessionFactoryBuilderImpl.build(SessionFactoryBuilderImpl.java:465)
	at org.hibernate.cfg.Configuration.buildSessionFactory(Configuration.java:711)
	at org.hibernate.cfg.Configuration.buildSessionFactory(Configuration.java:727)
	at org.springframework.orm.hibernate5.LocalSessionFactoryBean.buildSessionFactory(LocalSessionFactoryBean.java:615)
	at org.springframework.orm.hibernate5.LocalSessionFactoryBean.afterPropertiesSet(LocalSessionFactoryBean.java:599)
	at org.springframework.beans.factory.support.AbstractAutowireCapableBeanFactory.invokeInitMethods(AbstractAutowireCapableBeanFactory.java:1837)
	at org.springframework.beans.factory.support.AbstractAutowireCapableBeanFactory.initializeBean(AbstractAutowireCapableBeanFactory.java:1774)
	... 68 common frames omitted
Caused by: java.sql.SQLTransientConnectionException: java.net.ConnectException: Połączenie odrzucone (Connection refused)
	at org.hsqldb.jdbc.JDBCUtil.sqlException(Unknown Source)
	at org.hsqldb.jdbc.JDBCUtil.sqlException(Unknown Source)
	at org.hsqldb.jdbc.JDBCConnection.<init>(Unknown Source)
	at org.hsqldb.jdbc.JDBCDriver.getConnection(Unknown Source)
	at org.hsqldb.jdbc.JDBCDriver.connect(Unknown Source)
	at java.sql/java.sql.DriverManager.getConnection(DriverManager.java:677)
	at java.sql/java.sql.DriverManager.getConnection(DriverManager.java:189)
	at org.springframework.jdbc.datasource.DriverManagerDataSource.getConnectionFromDriverManager(DriverManagerDataSource.java:154)
	at org.springframework.jdbc.datasource.DriverManagerDataSource.getConnectionFromDriver(DriverManagerDataSource.java:145)
	at org.springframework.jdbc.datasource.AbstractDriverBasedDataSource.getConnectionFromDriver(AbstractDriverBasedDataSource.java:205)
	at org.springframework.jdbc.datasource.AbstractDriverBasedDataSource.getConnection(AbstractDriverBasedDataSource.java:169)
	at org.hibernate.engine.jdbc.connections.internal.DatasourceConnectionProviderImpl.getConnection(DatasourceConnectionProviderImpl.java:122)
	at org.hibernate.engine.jdbc.env.internal.JdbcEnvironmentInitiator$ConnectionProviderJdbcConnectionAccess.obtainConnection(JdbcEnvironmentInitiator.java:180)
	at org.hibernate.resource.transaction.backend.jdbc.internal.DdlTransactionIsolatorNonJtaImpl.getIsolatedConnection(DdlTransactionIsolatorNonJtaImpl.java:43)
	... 84 common frames omitted
Caused by: org.hsqldb.HsqlException: java.net.ConnectException: Połączenie odrzucone (Connection refused)
	at org.hsqldb.ClientConnection.openConnection(Unknown Source)
	at org.hsqldb.ClientConnection.initConnection(Unknown Source)
	at org.hsqldb.ClientConnection.<init>(Unknown Source)
	... 96 common frames omitted
Caused by: java.net.ConnectException: Połączenie odrzucone (Connection refused)
	at java.base/java.net.PlainSocketImpl.socketConnect(Native Method)
	at java.base/java.net.AbstractPlainSocketImpl.doConnect(AbstractPlainSocketImpl.java:399)
	at java.base/java.net.AbstractPlainSocketImpl.connectToAddress(AbstractPlainSocketImpl.java:242)
	at java.base/java.net.AbstractPlainSocketImpl.connect(AbstractPlainSocketImpl.java:224)
	at java.base/java.net.SocksSocketImpl.connect(SocksSocketImpl.java:403)
	at java.base/java.net.Socket.connect(Socket.java:591)
	at java.base/java.net.Socket.connect(Socket.java:540)
	at java.base/java.net.Socket.<init>(Socket.java:436)
	at java.base/java.net.Socket.<init>(Socket.java:213)
	at org.hsqldb.server.HsqlSocketFactory.createSocket(Unknown Source)
	... 99 common frames omitted
]]></system-out>
  </testcase>
  <testcase name="updatePlayerTest" classname="tau.mmo.service.PlayerManagerTest" time="0.003">
    <error message="Failed to load ApplicationContext" type="java.lang.IllegalStateException">java.lang.IllegalStateException: Failed to load ApplicationContext
Caused by: org.springframework.beans.factory.UnsatisfiedDependencyException: Error creating bean with name 'playerController': Unsatisfied dependency expressed through field 'playerManager'; nested exception is org.springframework.beans.factory.UnsatisfiedDependencyException: Error creating bean with name 'playerManagerHibernateImpl': Unsatisfied dependency expressed through field 'sessionFactory'; nested exception is org.springframework.beans.factory.BeanCreationException: Error creating bean with name 'hibernateSessionFactory' defined in class path resource [beans.xml]: Invocation of init method failed; nested exception is org.hibernate.exception.JDBCConnectionException: Unable to open JDBC Connection for DDL execution
Caused by: org.springframework.beans.factory.UnsatisfiedDependencyException: Error creating bean with name 'playerManagerHibernateImpl': Unsatisfied dependency expressed through field 'sessionFactory'; nested exception is org.springframework.beans.factory.BeanCreationException: Error creating bean with name 'hibernateSessionFactory' defined in class path resource [beans.xml]: Invocation of init method failed; nested exception is org.hibernate.exception.JDBCConnectionException: Unable to open JDBC Connection for DDL execution
Caused by: org.springframework.beans.factory.BeanCreationException: Error creating bean with name 'hibernateSessionFactory' defined in class path resource [beans.xml]: Invocation of init method failed; nested exception is org.hibernate.exception.JDBCConnectionException: Unable to open JDBC Connection for DDL execution
Caused by: org.hibernate.exception.JDBCConnectionException: Unable to open JDBC Connection for DDL execution
Caused by: java.sql.SQLTransientConnectionException: java.net.ConnectException: Połączenie odrzucone (Connection refused)
Caused by: org.hsqldb.HsqlException: java.net.ConnectException: Połączenie odrzucone (Connection refused)
Caused by: java.net.ConnectException: Połączenie odrzucone (Connection refused)
</error>
    <system-out><![CDATA[19:40:31.670 [main] DEBUG org.springframework.test.annotation.ProfileValueUtils - Retrieved @ProfileValueSourceConfiguration [null] for test class [tau.mmo.service.PlayerManagerTest]
19:40:31.670 [main] DEBUG org.springframework.test.annotation.ProfileValueUtils - Retrieved ProfileValueSource type [class org.springframework.test.annotation.SystemProfileValueSource] for class [tau.mmo.service.PlayerManagerTest]
19:40:31.670 [main] DEBUG org.springframework.test.context.support.DependencyInjectionTestExecutionListener - Performing dependency injection for test context [[DefaultTestContext@7ed7259e testClass = PlayerManagerTest, testInstance = tau.mmo.service.PlayerManagerTest@67593f7b, testMethod = [null], testException = [null], mergedContextConfiguration = [MergedContextConfiguration@28eaa59a testClass = PlayerManagerTest, locations = '{classpath:/beans.xml}', classes = '{}', contextInitializerClasses = '[]', activeProfiles = '{}', propertySourceLocations = '{}', propertySourceProperties = '{}', contextCustomizers = set[org.springframework.boot.test.context.filter.ExcludeFilterContextCustomizer@6b4a4e18, org.springframework.boot.test.json.DuplicateJsonObjectContextCustomizerFactory$DuplicateJsonObjectContextCustomizer@402e37bc, org.springframework.boot.test.mock.mockito.MockitoContextCustomizer@0, org.springframework.boot.test.autoconfigure.properties.PropertyMappingContextCustomizer@0, org.springframework.boot.test.autoconfigure.web.servlet.WebDriverContextCustomizerFactory$Customizer@6973bf95], contextLoader = 'org.springframework.test.context.support.DelegatingSmartContextLoader', parent = [null]], attributes = map[[empty]]]].
19:40:31.670 [main] DEBUG org.springframework.test.context.support.AbstractDelegatingSmartContextLoader - Delegating to GenericXmlContextLoader to load context from [MergedContextConfiguration@28eaa59a testClass = PlayerManagerTest, locations = '{classpath:/beans.xml}', classes = '{}', contextInitializerClasses = '[]', activeProfiles = '{}', propertySourceLocations = '{}', propertySourceProperties = '{}', contextCustomizers = set[org.springframework.boot.test.context.filter.ExcludeFilterContextCustomizer@6b4a4e18, org.springframework.boot.test.json.DuplicateJsonObjectContextCustomizerFactory$DuplicateJsonObjectContextCustomizer@402e37bc, org.springframework.boot.test.mock.mockito.MockitoContextCustomizer@0, org.springframework.boot.test.autoconfigure.properties.PropertyMappingContextCustomizer@0, org.springframework.boot.test.autoconfigure.web.servlet.WebDriverContextCustomizerFactory$Customizer@6973bf95], contextLoader = 'org.springframework.test.context.support.DelegatingSmartContextLoader', parent = [null]].
19:40:31.670 [main] DEBUG org.springframework.test.context.support.AbstractGenericContextLoader - Loading ApplicationContext for merged context configuration [[MergedContextConfiguration@28eaa59a testClass = PlayerManagerTest, locations = '{classpath:/beans.xml}', classes = '{}', contextInitializerClasses = '[]', activeProfiles = '{}', propertySourceLocations = '{}', propertySourceProperties = '{}', contextCustomizers = set[org.springframework.boot.test.context.filter.ExcludeFilterContextCustomizer@6b4a4e18, org.springframework.boot.test.json.DuplicateJsonObjectContextCustomizerFactory$DuplicateJsonObjectContextCustomizer@402e37bc, org.springframework.boot.test.mock.mockito.MockitoContextCustomizer@0, org.springframework.boot.test.autoconfigure.properties.PropertyMappingContextCustomizer@0, org.springframework.boot.test.autoconfigure.web.servlet.WebDriverContextCustomizerFactory$Customizer@6973bf95], contextLoader = 'org.springframework.test.context.support.DelegatingSmartContextLoader', parent = [null]]].
19:40:31.670 [main] DEBUG org.springframework.core.env.StandardEnvironment - Activating profiles []
19:40:31.683 [main] DEBUG org.springframework.context.annotation.ClassPathBeanDefinitionScanner - Identified candidate component class: file [/home/whitewolf/tau/TAU-repozytorium/tau-mmo-jmeter/target/classes/tau/mmo/Application.class]
19:40:31.684 [main] DEBUG org.springframework.context.annotation.ClassPathBeanDefinitionScanner - Identified candidate component class: file [/home/whitewolf/tau/TAU-repozytorium/tau-mmo-jmeter/target/classes/tau/mmo/api/PlayerController.class]
19:40:31.685 [main] DEBUG org.springframework.context.annotation.ClassPathBeanDefinitionScanner - Identified candidate component class: file [/home/whitewolf/tau/TAU-repozytorium/tau-mmo-jmeter/target/classes/tau/mmo/service/PlayerManagerHibernateImpl.class]
19:40:31.685 [main] DEBUG org.springframework.beans.factory.xml.XmlBeanDefinitionReader - Loaded 12 bean definitions from class path resource [beans.xml]
19:40:31.686 [main] DEBUG org.springframework.context.support.GenericApplicationContext - Refreshing org.springframework.context.support.GenericApplicationContext@2773504f
19:40:31.686 [main] DEBUG org.springframework.beans.factory.support.DefaultListableBeanFactory - Creating shared instance of singleton bean 'org.springframework.context.annotation.internalConfigurationAnnotationProcessor'
19:40:31.691 [main] DEBUG org.springframework.context.annotation.ClassPathBeanDefinitionScanner - Identified candidate component class: file [/home/whitewolf/tau/TAU-repozytorium/tau-mmo-jmeter/target/classes/tau/mmo/api/PlayerController.class]
19:40:31.691 [main] DEBUG org.springframework.context.annotation.ClassPathBeanDefinitionScanner - Identified candidate component class: file [/home/whitewolf/tau/TAU-repozytorium/tau-mmo-jmeter/target/classes/tau/mmo/service/PlayerManagerHibernateImpl.class]
19:40:31.790 [main] DEBUG org.springframework.context.annotation.ClassPathBeanDefinitionScanner - Identified candidate component class: file [/home/whitewolf/tau/TAU-repozytorium/tau-mmo-jmeter/target/classes/tau/mmo/Application.class]
19:40:31.790 [main] DEBUG org.springframework.context.annotation.ClassPathBeanDefinitionScanner - Identified candidate component class: file [/home/whitewolf/tau/TAU-repozytorium/tau-mmo-jmeter/target/classes/tau/mmo/api/PlayerController.class]
19:40:31.790 [main] DEBUG org.springframework.context.annotation.ClassPathBeanDefinitionScanner - Identified candidate component class: file [/home/whitewolf/tau/TAU-repozytorium/tau-mmo-jmeter/target/classes/tau/mmo/service/PlayerManagerHibernateImpl.class]
19:40:31.790 [main] DEBUG org.springframework.beans.factory.xml.XmlBeanDefinitionReader - Loaded 0 bean definitions from class path resource [beans.xml]
19:40:31.791 [main] DEBUG org.springframework.beans.factory.support.DefaultListableBeanFactory - Creating shared instance of singleton bean 'org.springframework.boot.autoconfigure.condition.BeanTypeRegistry'
19:40:31.796 [main] INFO org.springframework.data.repository.config.RepositoryConfigurationDelegate - Bootstrapping Spring Data repositories in DEFAULT mode.
19:40:31.796 [main] DEBUG org.springframework.beans.factory.support.DefaultListableBeanFactory - Creating shared instance of singleton bean 'org.springframework.boot.autoconfigure.AutoConfigurationPackages'
19:40:31.796 [main] DEBUG org.springframework.boot.autoconfigure.AutoConfigurationPackages - @EnableAutoConfiguration was declared on a class in the package 'tau.mmo'. Automatic @Repository and @Entity scanning is enabled.
19:40:31.796 [main] DEBUG org.springframework.data.repository.config.RepositoryConfigurationDelegate - Scanning for repositories in packages tau.mmo.
19:40:31.797 [main] INFO org.springframework.data.repository.config.RepositoryConfigurationDelegate - Finished Spring Data repository scanning in 1ms. Found 0 repository interfaces.
19:40:31.807 [main] DEBUG org.springframework.beans.factory.support.DefaultListableBeanFactory - Creating shared instance of singleton bean 'propertySourcesPlaceholderConfigurer'
19:40:31.807 [main] DEBUG org.springframework.core.env.PropertySourcesPropertyResolver - Found key 'jdbc.driverClassName' in PropertySource 'class path resource [jdbc.properties]' with value of type String
19:40:31.807 [main] DEBUG org.springframework.core.env.PropertySourcesPropertyResolver - Found key 'jdbc.driverClassName' in PropertySource 'environmentProperties' with value of type String
19:40:31.807 [main] DEBUG org.springframework.core.env.PropertySourcesPropertyResolver - Found key 'jdbc.url' in PropertySource 'class path resource [jdbc.properties]' with value of type String
19:40:31.807 [main] DEBUG org.springframework.core.env.PropertySourcesPropertyResolver - Found key 'jdbc.url' in PropertySource 'environmentProperties' with value of type String
19:40:31.807 [main] DEBUG org.springframework.core.env.PropertySourcesPropertyResolver - Found key 'jdbc.username' in PropertySource 'class path resource [jdbc.properties]' with value of type String
19:40:31.807 [main] DEBUG org.springframework.core.env.PropertySourcesPropertyResolver - Found key 'jdbc.username' in PropertySource 'environmentProperties' with value of type String
19:40:31.807 [main] DEBUG org.springframework.core.env.PropertySourcesPropertyResolver - Found key 'jdbc.password' in PropertySource 'class path resource [jdbc.properties]' with value of type String
19:40:31.807 [main] DEBUG org.springframework.core.env.PropertySourcesPropertyResolver - Found key 'jdbc.password' in PropertySource 'environmentProperties' with value of type String
19:40:31.807 [main] DEBUG org.springframework.beans.factory.support.DefaultListableBeanFactory - Creating shared instance of singleton bean 'org.springframework.boot.test.mock.mockito.MockitoPostProcessor'
19:40:31.808 [main] DEBUG org.springframework.beans.factory.support.DefaultListableBeanFactory - Creating shared instance of singleton bean 'emBeanDefinitionRegistrarPostProcessor'
19:40:31.809 [main] DEBUG org.springframework.beans.factory.support.DefaultListableBeanFactory - Creating shared instance of singleton bean 'org.springframework.context.event.internalEventListenerProcessor'
19:40:31.809 [main] DEBUG org.springframework.beans.factory.support.DefaultListableBeanFactory - Creating shared instance of singleton bean 'org.springframework.boot.context.properties.ConfigurationBeanFactoryMetadata'
19:40:31.810 [main] DEBUG org.springframework.beans.factory.support.DefaultListableBeanFactory - Creating shared instance of singleton bean 'org.springframework.context.event.internalEventListenerFactory'
19:40:31.810 [main] DEBUG org.springframework.beans.factory.support.DefaultListableBeanFactory - Creating shared instance of singleton bean 'org.springframework.transaction.config.internalTransactionalEventListenerFactory'
19:40:31.811 [main] DEBUG org.springframework.beans.factory.support.DefaultListableBeanFactory - Creating shared instance of singleton bean 'org.springframework.context.annotation.internalAutowiredAnnotationProcessor'
19:40:31.811 [main] DEBUG org.springframework.beans.factory.support.DefaultListableBeanFactory - Creating shared instance of singleton bean 'org.springframework.context.annotation.internalCommonAnnotationProcessor'
19:40:31.811 [main] DEBUG org.springframework.beans.factory.support.DefaultListableBeanFactory - Creating shared instance of singleton bean 'org.springframework.context.annotation.internalPersistenceAnnotationProcessor'
19:40:31.811 [main] DEBUG org.springframework.beans.factory.support.DefaultListableBeanFactory - Creating shared instance of singleton bean 'org.springframework.boot.test.mock.mockito.MockitoPostProcessor$SpyPostProcessor'
19:40:31.811 [main] DEBUG org.springframework.beans.factory.support.DefaultListableBeanFactory - Creating shared instance of singleton bean 'org.springframework.boot.context.properties.ConfigurationPropertiesBindingPostProcessor'
19:40:31.811 [main] DEBUG org.springframework.beans.factory.support.DefaultListableBeanFactory - Creating shared instance of singleton bean 'methodValidationPostProcessor'
19:40:31.812 [main] DEBUG org.springframework.beans.factory.support.DefaultListableBeanFactory - Autowiring by type from bean name 'methodValidationPostProcessor' via factory method to bean named 'environment'
19:40:31.813 [main] DEBUG org.springframework.beans.factory.support.DefaultListableBeanFactory - Creating shared instance of singleton bean 'org.springframework.aop.config.internalAutoProxyCreator'
19:40:31.814 [main] DEBUG org.springframework.beans.factory.support.DefaultListableBeanFactory - Creating shared instance of singleton bean 'dataSourceInitializerPostProcessor'
19:40:31.814 [main] DEBUG org.springframework.beans.factory.support.DefaultListableBeanFactory - Creating shared instance of singleton bean 'persistenceExceptionTranslationPostProcessor'
19:40:31.815 [main] DEBUG org.springframework.beans.factory.support.DefaultListableBeanFactory - Autowiring by type from bean name 'persistenceExceptionTranslationPostProcessor' via factory method to bean named 'environment'
19:40:31.816 [main] DEBUG org.springframework.beans.factory.support.DefaultListableBeanFactory - Creating shared instance of singleton bean 'application'
19:40:31.816 [main] DEBUG org.springframework.beans.factory.support.DefaultListableBeanFactory - Creating shared instance of singleton bean 'org.springframework.transaction.config.internalTransactionAdvisor'
19:40:31.816 [main] DEBUG org.springframework.beans.factory.support.DefaultListableBeanFactory - Creating shared instance of singleton bean 'org.springframework.transaction.annotation.ProxyTransactionManagementConfiguration'
19:40:31.819 [main] DEBUG org.springframework.beans.factory.support.DefaultListableBeanFactory - Creating shared instance of singleton bean 'transactionAttributeSource'
19:40:31.819 [main] DEBUG org.springframework.beans.factory.support.DefaultListableBeanFactory - Creating shared instance of singleton bean 'transactionInterceptor'
19:40:31.821 [main] DEBUG org.springframework.beans.factory.support.DefaultListableBeanFactory - Creating shared instance of singleton bean 'playerController'
19:40:31.822 [main] DEBUG org.springframework.beans.factory.support.DefaultListableBeanFactory - Creating shared instance of singleton bean 'playerManagerHibernateImpl'
19:40:31.822 [main] DEBUG org.springframework.beans.factory.support.DefaultListableBeanFactory - Creating shared instance of singleton bean 'hibernateSessionFactory'
19:40:31.823 [main] DEBUG org.springframework.beans.factory.support.DefaultListableBeanFactory - Creating shared instance of singleton bean 'dataSource'
19:40:31.824 [main] DEBUG org.springframework.jdbc.datasource.DriverManagerDataSource - Loaded JDBC driver: org.hsqldb.jdbcDriver
19:40:31.825 [main] DEBUG org.springframework.beans.factory.support.DefaultListableBeanFactory - Creating shared instance of singleton bean 'org.springframework.boot.autoconfigure.jdbc.DataSourceInitializerInvoker'
19:40:31.825 [main] DEBUG org.springframework.beans.factory.support.DefaultListableBeanFactory - Creating shared instance of singleton bean 'spring.datasource-org.springframework.boot.autoconfigure.jdbc.DataSourceProperties'
19:40:31.828 [main] DEBUG org.springframework.beans.factory.support.DefaultListableBeanFactory - Autowiring by type from bean name 'org.springframework.boot.autoconfigure.jdbc.DataSourceInitializerInvoker' via constructor to bean named 'spring.datasource-org.springframework.boot.autoconfigure.jdbc.DataSourceProperties'
19:40:31.828 [main] DEBUG org.springframework.beans.factory.support.DefaultListableBeanFactory - Autowiring by type from bean name 'org.springframework.boot.autoconfigure.jdbc.DataSourceInitializerInvoker' via constructor to bean named 'org.springframework.context.support.GenericApplicationContext@2773504f'
19:40:31.830 [main] DEBUG org.hibernate.integrator.internal.IntegratorServiceImpl - Adding Integrator [org.hibernate.cfg.beanvalidation.BeanValidationIntegrator].
19:40:31.830 [main] DEBUG org.hibernate.integrator.internal.IntegratorServiceImpl - Adding Integrator [org.hibernate.secure.spi.JaccIntegrator].
19:40:31.830 [main] DEBUG org.hibernate.integrator.internal.IntegratorServiceImpl - Adding Integrator [org.hibernate.cache.internal.CollectionCacheInvalidator].
19:40:31.832 [main] DEBUG org.hibernate.cfg.Configuration - Building session factory using internal StandardServiceRegistryBuilder
19:40:31.832 [main] DEBUG org.hibernate.service.spi.ServiceBinding - Overriding existing service binding [org.hibernate.secure.spi.JaccService]
19:40:31.832 [main] DEBUG org.hibernate.cfg.Configuration - Building session factory using provided StandardServiceRegistry
19:40:31.832 [main] DEBUG org.hibernate.cache.internal.RegionFactoryInitiator - Cache region factory : org.hibernate.cache.internal.NoCachingRegionFactory
19:40:31.832 [main] DEBUG org.hibernate.type.BasicTypeRegistry - Adding type registration boolean -> org.hibernate.type.BooleanType@57a2ed35
19:40:31.832 [main] DEBUG org.hibernate.type.BasicTypeRegistry - Adding type registration boolean -> org.hibernate.type.BooleanType@57a2ed35
19:40:31.832 [main] DEBUG org.hibernate.type.BasicTypeRegistry - Adding type registration java.lang.Boolean -> org.hibernate.type.BooleanType@57a2ed35
19:40:31.832 [main] DEBUG org.hibernate.type.BasicTypeRegistry - Adding type registration numeric_boolean -> org.hibernate.type.NumericBooleanType@184fb68d
19:40:31.832 [main] DEBUG org.hibernate.type.BasicTypeRegistry - Adding type registration true_false -> org.hibernate.type.TrueFalseType@205bed61
19:40:31.832 [main] DEBUG org.hibernate.type.BasicTypeRegistry - Adding type registration yes_no -> org.hibernate.type.YesNoType@7c2b58c0
19:40:31.832 [main] DEBUG org.hibernate.type.BasicTypeRegistry - Adding type registration byte -> org.hibernate.type.ByteType@aa149ed
19:40:31.832 [main] DEBUG org.hibernate.type.BasicTypeRegistry - Adding type registration byte -> org.hibernate.type.ByteType@aa149ed
19:40:31.832 [main] DEBUG org.hibernate.type.BasicTypeRegistry - Adding type registration java.lang.Byte -> org.hibernate.type.ByteType@aa149ed
19:40:31.832 [main] DEBUG org.hibernate.type.BasicTypeRegistry - Adding type registration character -> org.hibernate.type.CharacterType@8ee0c23
19:40:31.832 [main] DEBUG org.hibernate.type.BasicTypeRegistry - Adding type registration char -> org.hibernate.type.CharacterType@8ee0c23
19:40:31.832 [main] DEBUG org.hibernate.type.BasicTypeRegistry - Adding type registration java.lang.Character -> org.hibernate.type.CharacterType@8ee0c23
19:40:31.832 [main] DEBUG org.hibernate.type.BasicTypeRegistry - Adding type registration short -> org.hibernate.type.ShortType@173797f0
19:40:31.832 [main] DEBUG org.hibernate.type.BasicTypeRegistry - Adding type registration short -> org.hibernate.type.ShortType@173797f0
19:40:31.832 [main] DEBUG org.hibernate.type.BasicTypeRegistry - Adding type registration java.lang.Short -> org.hibernate.type.ShortType@173797f0
19:40:31.832 [main] DEBUG org.hibernate.type.BasicTypeRegistry - Adding type registration integer -> org.hibernate.type.IntegerType@33d53216
19:40:31.833 [main] DEBUG org.hibernate.type.BasicTypeRegistry - Adding type registration int -> org.hibernate.type.IntegerType@33d53216
19:40:31.833 [main] DEBUG org.hibernate.type.BasicTypeRegistry - Adding type registration java.lang.Integer -> org.hibernate.type.IntegerType@33d53216
19:40:31.833 [main] DEBUG org.hibernate.type.BasicTypeRegistry - Adding type registration long -> org.hibernate.type.LongType@3db663d0
19:40:31.833 [main] DEBUG org.hibernate.type.BasicTypeRegistry - Adding type registration long -> org.hibernate.type.LongType@3db663d0
19:40:31.833 [main] DEBUG org.hibernate.type.BasicTypeRegistry - Adding type registration java.lang.Long -> org.hibernate.type.LongType@3db663d0
19:40:31.833 [main] DEBUG org.hibernate.type.BasicTypeRegistry - Adding type registration float -> org.hibernate.type.FloatType@3b9632d1
19:40:31.833 [main] DEBUG org.hibernate.type.BasicTypeRegistry - Adding type registration float -> org.hibernate.type.FloatType@3b9632d1
19:40:31.833 [main] DEBUG org.hibernate.type.BasicTypeRegistry - Adding type registration java.lang.Float -> org.hibernate.type.FloatType@3b9632d1
19:40:31.833 [main] DEBUG org.hibernate.type.BasicTypeRegistry - Adding type registration double -> org.hibernate.type.DoubleType@75fc1992
19:40:31.833 [main] DEBUG org.hibernate.type.BasicTypeRegistry - Adding type registration double -> org.hibernate.type.DoubleType@75fc1992
19:40:31.833 [main] DEBUG org.hibernate.type.BasicTypeRegistry - Adding type registration java.lang.Double -> org.hibernate.type.DoubleType@75fc1992
19:40:31.833 [main] DEBUG org.hibernate.type.BasicTypeRegistry - Adding type registration big_decimal -> org.hibernate.type.BigDecimalType@27a2a089
19:40:31.833 [main] DEBUG org.hibernate.type.BasicTypeRegistry - Adding type registration java.math.BigDecimal -> org.hibernate.type.BigDecimalType@27a2a089
19:40:31.833 [main] DEBUG org.hibernate.type.BasicTypeRegistry - Adding type registration big_integer -> org.hibernate.type.BigIntegerType@5ac6c4f2
19:40:31.833 [main] DEBUG org.hibernate.type.BasicTypeRegistry - Adding type registration java.math.BigInteger -> org.hibernate.type.BigIntegerType@5ac6c4f2
19:40:31.833 [main] DEBUG org.hibernate.type.BasicTypeRegistry - Adding type registration string -> org.hibernate.type.StringType@78525ef9
19:40:31.833 [main] DEBUG org.hibernate.type.BasicTypeRegistry - Adding type registration java.lang.String -> org.hibernate.type.StringType@78525ef9
19:40:31.833 [main] DEBUG org.hibernate.type.BasicTypeRegistry - Adding type registration nstring -> org.hibernate.type.StringNVarcharType@350a94ce
19:40:31.833 [main] DEBUG org.hibernate.type.BasicTypeRegistry - Adding type registration ncharacter -> org.hibernate.type.CharacterNCharType@5fbdc49b
19:40:31.833 [main] DEBUG org.hibernate.type.BasicTypeRegistry - Adding type registration url -> org.hibernate.type.UrlType@285f38f6
19:40:31.833 [main] DEBUG org.hibernate.type.BasicTypeRegistry - Adding type registration java.net.URL -> org.hibernate.type.UrlType@285f38f6
19:40:31.833 [main] DEBUG org.hibernate.type.BasicTypeRegistry - Adding type registration date -> org.hibernate.type.DateType@21ac5eb4
19:40:31.833 [main] DEBUG org.hibernate.type.BasicTypeRegistry - Adding type registration java.sql.Date -> org.hibernate.type.DateType@21ac5eb4
19:40:31.833 [main] DEBUG org.hibernate.type.BasicTypeRegistry - Adding type registration time -> org.hibernate.type.TimeType@1d540566
19:40:31.833 [main] DEBUG org.hibernate.type.BasicTypeRegistry - Adding type registration java.sql.Time -> org.hibernate.type.TimeType@1d540566
19:40:31.833 [main] DEBUG org.hibernate.type.BasicTypeRegistry - Adding type registration timestamp -> org.hibernate.type.TimestampType@5c1f6d57
19:40:31.833 [main] DEBUG org.hibernate.type.BasicTypeRegistry - Adding type registration java.sql.Timestamp -> org.hibernate.type.TimestampType@5c1f6d57
19:40:31.833 [main] DEBUG org.hibernate.type.BasicTypeRegistry - Adding type registration java.util.Date -> org.hibernate.type.TimestampType@5c1f6d57
19:40:31.833 [main] DEBUG org.hibernate.type.BasicTypeRegistry - Adding type registration dbtimestamp -> org.hibernate.type.DbTimestampType@5cb5bb88
19:40:31.833 [main] DEBUG org.hibernate.type.BasicTypeRegistry - Adding type registration calendar -> org.hibernate.type.CalendarType@20e3c449
19:40:31.833 [main] DEBUG org.hibernate.type.BasicTypeRegistry - Adding type registration java.util.Calendar -> org.hibernate.type.CalendarType@20e3c449
19:40:31.833 [main] DEBUG org.hibernate.type.BasicTypeRegistry - Adding type registration java.util.GregorianCalendar -> org.hibernate.type.CalendarType@20e3c449
19:40:31.833 [main] DEBUG org.hibernate.type.BasicTypeRegistry - Adding type registration calendar_date -> org.hibernate.type.CalendarDateType@2dd8239
19:40:31.833 [main] DEBUG org.hibernate.type.BasicTypeRegistry - Adding type registration locale -> org.hibernate.type.LocaleType@3f92a84e
19:40:31.833 [main] DEBUG org.hibernate.type.BasicTypeRegistry - Adding type registration java.util.Locale -> org.hibernate.type.LocaleType@3f92a84e
19:40:31.833 [main] DEBUG org.hibernate.type.BasicTypeRegistry - Adding type registration currency -> org.hibernate.type.CurrencyType@5fcfca62
19:40:31.833 [main] DEBUG org.hibernate.type.BasicTypeRegistry - Adding type registration java.util.Currency -> org.hibernate.type.CurrencyType@5fcfca62
19:40:31.833 [main] DEBUG org.hibernate.type.BasicTypeRegistry - Adding type registration timezone -> org.hibernate.type.TimeZoneType@5b051a5c
19:40:31.833 [main] DEBUG org.hibernate.type.BasicTypeRegistry - Adding type registration java.util.TimeZone -> org.hibernate.type.TimeZoneType@5b051a5c
19:40:31.833 [main] DEBUG org.hibernate.type.BasicTypeRegistry - Adding type registration class -> org.hibernate.type.ClassType@10641c09
19:40:31.833 [main] DEBUG org.hibernate.type.BasicTypeRegistry - Adding type registration java.lang.Class -> org.hibernate.type.ClassType@10641c09
19:40:31.833 [main] DEBUG org.hibernate.type.BasicTypeRegistry - Adding type registration uuid-binary -> org.hibernate.type.UUIDBinaryType@12968227
19:40:31.833 [main] DEBUG org.hibernate.type.BasicTypeRegistry - Adding type registration java.util.UUID -> org.hibernate.type.UUIDBinaryType@12968227
19:40:31.833 [main] DEBUG org.hibernate.type.BasicTypeRegistry - Adding type registration uuid-char -> org.hibernate.type.UUIDCharType@48eb9836
19:40:31.833 [main] DEBUG org.hibernate.type.BasicTypeRegistry - Adding type registration binary -> org.hibernate.type.BinaryType@9e2ad91
19:40:31.833 [main] DEBUG org.hibernate.type.BasicTypeRegistry - Adding type registration byte[] -> org.hibernate.type.BinaryType@9e2ad91
19:40:31.833 [main] DEBUG org.hibernate.type.BasicTypeRegistry - Adding type registration [B -> org.hibernate.type.BinaryType@9e2ad91
19:40:31.833 [main] DEBUG org.hibernate.type.BasicTypeRegistry - Adding type registration wrapper-binary -> org.hibernate.type.WrapperBinaryType@74dbb1ee
19:40:31.833 [main] DEBUG org.hibernate.type.BasicTypeRegistry - Adding type registration Byte[] -> org.hibernate.type.WrapperBinaryType@74dbb1ee
19:40:31.833 [main] DEBUG org.hibernate.type.BasicTypeRegistry - Adding type registration [Ljava.lang.Byte; -> org.hibernate.type.WrapperBinaryType@74dbb1ee
19:40:31.833 [main] DEBUG org.hibernate.type.BasicTypeRegistry - Adding type registration row_version -> org.hibernate.type.RowVersionType@618ad2aa
19:40:31.833 [main] DEBUG org.hibernate.type.BasicTypeRegistry - Adding type registration image -> org.hibernate.type.ImageType@59e43e8c
19:40:31.833 [main] DEBUG org.hibernate.type.BasicTypeRegistry - Adding type registration characters -> org.hibernate.type.CharArrayType@3f049056
19:40:31.833 [main] DEBUG org.hibernate.type.BasicTypeRegistry - Adding type registration char[] -> org.hibernate.type.CharArrayType@3f049056
19:40:31.833 [main] DEBUG org.hibernate.type.BasicTypeRegistry - Adding type registration [C -> org.hibernate.type.CharArrayType@3f049056
19:40:31.833 [main] DEBUG org.hibernate.type.BasicTypeRegistry - Adding type registration wrapper-characters -> org.hibernate.type.CharacterArrayType@4c2fb9dd
19:40:31.833 [main] DEBUG org.hibernate.type.BasicTypeRegistry - Adding type registration [Ljava.lang.Character; -> org.hibernate.type.CharacterArrayType@4c2fb9dd
19:40:31.833 [main] DEBUG org.hibernate.type.BasicTypeRegistry - Adding type registration Character[] -> org.hibernate.type.CharacterArrayType@4c2fb9dd
19:40:31.833 [main] DEBUG org.hibernate.type.BasicTypeRegistry - Adding type registration text -> org.hibernate.type.TextType@41522537
19:40:31.833 [main] DEBUG org.hibernate.type.BasicTypeRegistry - Adding type registration ntext -> org.hibernate.type.NTextType@42c28305
19:40:31.833 [main] DEBUG org.hibernate.type.BasicTypeRegistry - Adding type registration blob -> org.hibernate.type.BlobType@ef1695a
19:40:31.833 [main] DEBUG org.hibernate.type.BasicTypeRegistry - Adding type registration java.sql.Blob -> org.hibernate.type.BlobType@ef1695a
19:40:31.833 [main] DEBUG org.hibernate.type.BasicTypeRegistry - Adding type registration materialized_blob -> org.hibernate.type.MaterializedBlobType@7139bd31
19:40:31.833 [main] DEBUG org.hibernate.type.BasicTypeRegistry - Adding type registration clob -> org.hibernate.type.ClobType@75361cf6
19:40:31.833 [main] DEBUG org.hibernate.type.BasicTypeRegistry - Adding type registration java.sql.Clob -> org.hibernate.type.ClobType@75361cf6
19:40:31.833 [main] DEBUG org.hibernate.type.BasicTypeRegistry - Adding type registration nclob -> org.hibernate.type.NClobType@102efc59
19:40:31.833 [main] DEBUG org.hibernate.type.BasicTypeRegistry - Adding type registration java.sql.NClob -> org.hibernate.type.NClobType@102efc59
19:40:31.833 [main] DEBUG org.hibernate.type.BasicTypeRegistry - Adding type registration materialized_clob -> org.hibernate.type.MaterializedClobType@75fa1be3
19:40:31.833 [main] DEBUG org.hibernate.type.BasicTypeRegistry - Adding type registration materialized_nclob -> org.hibernate.type.MaterializedNClobType@3ce53f6a
19:40:31.833 [main] DEBUG org.hibernate.type.BasicTypeRegistry - Adding type registration serializable -> org.hibernate.type.SerializableType@1daf3b44
19:40:31.833 [main] DEBUG org.hibernate.type.BasicTypeRegistry - Adding type registration object -> org.hibernate.type.ObjectType@4cb40e3b
19:40:31.833 [main] DEBUG org.hibernate.type.BasicTypeRegistry - Adding type registration java.lang.Object -> org.hibernate.type.ObjectType@4cb40e3b
19:40:31.833 [main] DEBUG org.hibernate.type.BasicTypeRegistry - Adding type registration imm_date -> org.hibernate.type.AdaptedImmutableType@5bdb9c69
19:40:31.833 [main] DEBUG org.hibernate.type.BasicTypeRegistry - Adding type registration imm_time -> org.hibernate.type.AdaptedImmutableType@511de4dd
19:40:31.833 [main] DEBUG org.hibernate.type.BasicTypeRegistry - Adding type registration imm_timestamp -> org.hibernate.type.AdaptedImmutableType@37e64e37
19:40:31.833 [main] DEBUG org.hibernate.type.BasicTypeRegistry - Adding type registration imm_dbtimestamp -> org.hibernate.type.AdaptedImmutableType@31204303
19:40:31.833 [main] DEBUG org.hibernate.type.BasicTypeRegistry - Adding type registration imm_calendar -> org.hibernate.type.AdaptedImmutableType@369fb99a
19:40:31.833 [main] DEBUG org.hibernate.type.BasicTypeRegistry - Adding type registration imm_calendar_date -> org.hibernate.type.AdaptedImmutableType@81a8898
19:40:31.833 [main] DEBUG org.hibernate.type.BasicTypeRegistry - Adding type registration imm_binary -> org.hibernate.type.AdaptedImmutableType@d08f85a
19:40:31.833 [main] DEBUG org.hibernate.type.BasicTypeRegistry - Adding type registration imm_serializable -> org.hibernate.type.AdaptedImmutableType@3e839aa3
19:40:31.834 [main] DEBUG org.springframework.jdbc.datasource.DriverManagerDataSource - Creating new JDBC DriverManager Connection to [jdbc:hsqldb:hsql://localhost/workdb]
19:40:31.834 [main] WARN org.hibernate.engine.jdbc.env.internal.JdbcEnvironmentInitiator - HHH000342: Could not obtain connection to query metadata : java.net.ConnectException: Połączenie odrzucone (Connection refused)
19:40:31.834 [main] INFO org.hibernate.dialect.Dialect - HHH000400: Using dialect: org.hibernate.dialect.HSQLDialect
19:40:31.834 [main] DEBUG org.hibernate.engine.jdbc.env.spi.IdentifierHelperBuilder - IdentifierCaseStrategy for both quoted and unquoted identifiers was set to the same strategy [MIXED]; that will likely lead to problems in schema update and validation if using quoted identifiers
19:40:31.835 [main] INFO org.hibernate.engine.jdbc.env.internal.LobCreatorBuilderImpl - HHH000422: Disabling contextual LOB creation as connection was null
19:40:31.835 [main] DEBUG org.hibernate.id.factory.internal.DefaultIdentifierGeneratorFactory - Registering IdentifierGenerator strategy [uuid2] -> [org.hibernate.id.UUIDGenerator]
19:40:31.835 [main] DEBUG org.hibernate.id.factory.internal.DefaultIdentifierGeneratorFactory - Registering IdentifierGenerator strategy [guid] -> [org.hibernate.id.GUIDGenerator]
19:40:31.835 [main] DEBUG org.hibernate.id.factory.internal.DefaultIdentifierGeneratorFactory - Registering IdentifierGenerator strategy [uuid] -> [org.hibernate.id.UUIDHexGenerator]
19:40:31.835 [main] DEBUG org.hibernate.id.factory.internal.DefaultIdentifierGeneratorFactory - Registering IdentifierGenerator strategy [uuid.hex] -> [org.hibernate.id.UUIDHexGenerator]
19:40:31.835 [main] DEBUG org.hibernate.id.factory.internal.DefaultIdentifierGeneratorFactory - Registering IdentifierGenerator strategy [assigned] -> [org.hibernate.id.Assigned]
19:40:31.835 [main] DEBUG org.hibernate.id.factory.internal.DefaultIdentifierGeneratorFactory - Registering IdentifierGenerator strategy [identity] -> [org.hibernate.id.IdentityGenerator]
19:40:31.835 [main] DEBUG org.hibernate.id.factory.internal.DefaultIdentifierGeneratorFactory - Registering IdentifierGenerator strategy [select] -> [org.hibernate.id.SelectGenerator]
19:40:31.835 [main] DEBUG org.hibernate.id.factory.internal.DefaultIdentifierGeneratorFactory - Registering IdentifierGenerator strategy [sequence] -> [org.hibernate.id.enhanced.SequenceStyleGenerator]
19:40:31.835 [main] DEBUG org.hibernate.id.factory.internal.DefaultIdentifierGeneratorFactory - Registering IdentifierGenerator strategy [seqhilo] -> [org.hibernate.id.SequenceHiLoGenerator]
19:40:31.835 [main] DEBUG org.hibernate.id.factory.internal.DefaultIdentifierGeneratorFactory - Registering IdentifierGenerator strategy [increment] -> [org.hibernate.id.IncrementGenerator]
19:40:31.835 [main] DEBUG org.hibernate.id.factory.internal.DefaultIdentifierGeneratorFactory - Registering IdentifierGenerator strategy [foreign] -> [org.hibernate.id.ForeignGenerator]
19:40:31.835 [main] DEBUG org.hibernate.id.factory.internal.DefaultIdentifierGeneratorFactory - Registering IdentifierGenerator strategy [sequence-identity] -> [org.hibernate.id.SequenceIdentityGenerator]
19:40:31.835 [main] DEBUG org.hibernate.id.factory.internal.DefaultIdentifierGeneratorFactory - Registering IdentifierGenerator strategy [enhanced-sequence] -> [org.hibernate.id.enhanced.SequenceStyleGenerator]
19:40:31.835 [main] DEBUG org.hibernate.id.factory.internal.DefaultIdentifierGeneratorFactory - Registering IdentifierGenerator strategy [enhanced-table] -> [org.hibernate.id.enhanced.TableGenerator]
19:40:31.835 [main] DEBUG org.hibernate.boot.model.relational.Namespace - Created database namespace [logicalName=Name{catalog=null, schema=null}, physicalName=Name{catalog=null, schema=null}]
19:40:31.835 [main] DEBUG org.hibernate.cfg.AnnotationBinder - Binding entity from annotated class: tau.mmo.domain.Item
19:40:31.835 [main] DEBUG org.hibernate.cfg.annotations.QueryBinder - Binding named query: item.all => Select p from Item p
19:40:31.835 [main] DEBUG org.hibernate.cfg.annotations.QueryBinder - Binding named query: item.allForPlayer => Select p from Item p where player_id = :id
19:40:31.835 [main] DEBUG org.hibernate.cfg.Ejb3Column - Binding column: Ejb3DiscriminatorColumn{logicalColumnName'DTYPE', discriminatorTypeName='string'}
19:40:31.835 [main] DEBUG org.hibernate.cfg.annotations.EntityBinder - Import with entity name Item
19:40:31.835 [main] DEBUG org.hibernate.cfg.annotations.EntityBinder - Bind entity tau.mmo.domain.Item on table item
19:40:31.835 [main] DEBUG org.hibernate.cfg.Ejb3Column - Binding column: Ejb3Column{table=org.hibernate.mapping.Table(item), mappingColumn=id, insertable=true, updatable=true, unique=false}
19:40:31.836 [main] DEBUG org.hibernate.cfg.annotations.PropertyBinder - MetadataSourceProcessor property id with lazy=false
19:40:31.836 [main] DEBUG org.hibernate.cfg.AbstractPropertyHolder - Attempting to locate auto-apply AttributeConverter for property [tau.mmo.domain.Item:id]
19:40:31.836 [main] DEBUG org.hibernate.cfg.annotations.SimpleValueBinder - building SimpleValue for id
19:40:31.836 [main] DEBUG org.hibernate.cfg.annotations.PropertyBinder - Building property id
19:40:31.836 [main] DEBUG org.hibernate.cfg.Ejb3Column - Binding column: Ejb3Column{table=org.hibernate.mapping.Table(item), mappingColumn=itemclass, insertable=true, updatable=true, unique=false}
19:40:31.836 [main] DEBUG org.hibernate.cfg.annotations.PropertyBinder - MetadataSourceProcessor property itemclass with lazy=false
19:40:31.836 [main] DEBUG org.hibernate.cfg.AbstractPropertyHolder - Attempting to locate auto-apply AttributeConverter for property [tau.mmo.domain.Item:itemclass]
19:40:31.836 [main] DEBUG org.hibernate.cfg.annotations.SimpleValueBinder - building SimpleValue for itemclass
19:40:31.836 [main] DEBUG org.hibernate.cfg.annotations.PropertyBinder - Building property itemclass
19:40:31.836 [main] DEBUG org.hibernate.cfg.Ejb3Column - Binding column: Ejb3Column{table=org.hibernate.mapping.Table(item), mappingColumn=levelreq, insertable=true, updatable=true, unique=false}
19:40:31.836 [main] DEBUG org.hibernate.cfg.annotations.PropertyBinder - MetadataSourceProcessor property levelreq with lazy=false
19:40:31.836 [main] DEBUG org.hibernate.cfg.AbstractPropertyHolder - Attempting to locate auto-apply AttributeConverter for property [tau.mmo.domain.Item:levelreq]
19:40:31.836 [main] DEBUG org.hibernate.cfg.annotations.SimpleValueBinder - building SimpleValue for levelreq
19:40:31.836 [main] DEBUG org.hibernate.cfg.annotations.PropertyBinder - Building property levelreq
19:40:31.836 [main] DEBUG org.hibernate.cfg.Ejb3Column - Binding column: Ejb3Column{table=org.hibernate.mapping.Table(item), mappingColumn=name, insertable=true, updatable=true, unique=false}
19:40:31.836 [main] DEBUG org.hibernate.cfg.annotations.PropertyBinder - MetadataSourceProcessor property name with lazy=false
19:40:31.836 [main] DEBUG org.hibernate.cfg.AbstractPropertyHolder - Attempting to locate auto-apply AttributeConverter for property [tau.mmo.domain.Item:name]
19:40:31.836 [main] DEBUG org.hibernate.cfg.annotations.SimpleValueBinder - building SimpleValue for name
19:40:31.836 [main] DEBUG org.hibernate.cfg.annotations.PropertyBinder - Building property name
19:40:31.836 [main] DEBUG org.hibernate.cfg.Ejb3Column - Binding column: Ejb3JoinColumn{logicalColumnName='player_id', referencedColumn='', mappedBy=''}
19:40:31.836 [main] DEBUG org.hibernate.cfg.Ejb3Column - Binding column: Ejb3Column{table=org.hibernate.mapping.Table(item), mappingColumn=player, insertable=true, updatable=true, unique=false}
19:40:31.836 [main] DEBUG org.hibernate.cfg.annotations.PropertyBinder - Building property player
19:40:31.836 [main] DEBUG org.hibernate.cfg.AnnotationBinder - Binding entity from annotated class: tau.mmo.domain.Player
19:40:31.836 [main] DEBUG org.hibernate.cfg.annotations.QueryBinder - Binding named query: player.all => Select p from Player p
19:40:31.836 [main] DEBUG org.hibernate.cfg.annotations.QueryBinder - Binding named query: player.findPlayers => Select c from Player c where c.name like :nameFragment
19:40:31.836 [main] DEBUG org.hibernate.cfg.Ejb3Column - Binding column: Ejb3DiscriminatorColumn{logicalColumnName'DTYPE', discriminatorTypeName='string'}
19:40:31.836 [main] DEBUG org.hibernate.cfg.annotations.EntityBinder - Import with entity name Player
19:40:31.836 [main] DEBUG org.hibernate.cfg.annotations.EntityBinder - Bind entity tau.mmo.domain.Player on table player
19:40:31.837 [main] DEBUG org.hibernate.cfg.Ejb3Column - Binding column: Ejb3Column{table=org.hibernate.mapping.Table(player), mappingColumn=id, insertable=true, updatable=true, unique=false}
19:40:31.837 [main] DEBUG org.hibernate.cfg.annotations.PropertyBinder - MetadataSourceProcessor property id with lazy=false
19:40:31.837 [main] DEBUG org.hibernate.cfg.AbstractPropertyHolder - Attempting to locate auto-apply AttributeConverter for property [tau.mmo.domain.Player:id]
19:40:31.837 [main] DEBUG org.hibernate.cfg.annotations.SimpleValueBinder - building SimpleValue for id
19:40:31.837 [main] DEBUG org.hibernate.cfg.annotations.PropertyBinder - Building property id
19:40:31.837 [main] DEBUG org.hibernate.cfg.Ejb3Column - Binding column: Ejb3Column{table=org.hibernate.mapping.Table(player), mappingColumn=heroclass, insertable=true, updatable=true, unique=false}
19:40:31.837 [main] DEBUG org.hibernate.cfg.annotations.PropertyBinder - MetadataSourceProcessor property heroclass with lazy=false
19:40:31.837 [main] DEBUG org.hibernate.cfg.AbstractPropertyHolder - Attempting to locate auto-apply AttributeConverter for property [tau.mmo.domain.Player:heroclass]
19:40:31.837 [main] DEBUG org.hibernate.cfg.annotations.SimpleValueBinder - building SimpleValue for heroclass
19:40:31.837 [main] DEBUG org.hibernate.cfg.annotations.PropertyBinder - Building property heroclass
19:40:31.837 [main] DEBUG org.hibernate.cfg.Ejb3Column - Binding column: Ejb3JoinColumn{logicalColumnName='null', referencedColumn='null', mappedBy='player'}
19:40:31.837 [main] DEBUG org.hibernate.cfg.Ejb3Column - Binding column: Ejb3Column{table=org.hibernate.mapping.Table(player), mappingColumn=items, insertable=true, updatable=true, unique=false}
19:40:31.837 [main] DEBUG org.hibernate.cfg.Ejb3Column - Binding column: Ejb3Column{table=org.hibernate.mapping.Table(player), mappingColumn=null, insertable=true, updatable=true, unique=false}
19:40:31.837 [main] DEBUG org.hibernate.cfg.Ejb3Column - Binding column: Ejb3Column{table=org.hibernate.mapping.Table(player), mappingColumn=element, insertable=true, updatable=true, unique=false}
19:40:31.837 [main] DEBUG org.hibernate.cfg.Ejb3Column - Binding column: Ejb3Column{table=org.hibernate.mapping.Table(player), mappingColumn=items_KEY, insertable=true, updatable=true, unique=false}
19:40:31.837 [main] DEBUG org.hibernate.cfg.Ejb3Column - Binding column: Ejb3JoinColumn{logicalColumnName='items_KEY', referencedColumn='null', mappedBy='null'}
19:40:31.837 [main] DEBUG org.hibernate.cfg.Ejb3Column - Binding column: Ejb3JoinColumn{logicalColumnName='null', referencedColumn='null', mappedBy='player'}
19:40:31.837 [main] DEBUG org.hibernate.cfg.Ejb3Column - Binding column: Ejb3JoinColumn{logicalColumnName='null', referencedColumn='null', mappedBy='player'}
19:40:31.837 [main] DEBUG org.hibernate.cfg.annotations.CollectionBinder - Collection role: tau.mmo.domain.Player.items
19:40:31.837 [main] DEBUG org.hibernate.cfg.annotations.PropertyBinder - Building property items
19:40:31.838 [main] DEBUG org.hibernate.cfg.Ejb3Column - Binding column: Ejb3Column{table=org.hibernate.mapping.Table(player), mappingColumn=level, insertable=true, updatable=true, unique=false}
19:40:31.838 [main] DEBUG org.hibernate.cfg.annotations.PropertyBinder - MetadataSourceProcessor property level with lazy=false
19:40:31.838 [main] DEBUG org.hibernate.cfg.AbstractPropertyHolder - Attempting to locate auto-apply AttributeConverter for property [tau.mmo.domain.Player:level]
19:40:31.838 [main] DEBUG org.hibernate.cfg.annotations.SimpleValueBinder - building SimpleValue for level
19:40:31.838 [main] DEBUG org.hibernate.cfg.annotations.PropertyBinder - Building property level
19:40:31.838 [main] DEBUG org.hibernate.cfg.Ejb3Column - Binding column: Ejb3Column{table=org.hibernate.mapping.Table(player), mappingColumn=name, insertable=true, updatable=true, unique=false}
19:40:31.838 [main] DEBUG org.hibernate.cfg.annotations.PropertyBinder - MetadataSourceProcessor property name with lazy=false
19:40:31.838 [main] DEBUG org.hibernate.cfg.AbstractPropertyHolder - Attempting to locate auto-apply AttributeConverter for property [tau.mmo.domain.Player:name]
19:40:31.838 [main] DEBUG org.hibernate.cfg.annotations.SimpleValueBinder - building SimpleValue for name
19:40:31.838 [main] DEBUG org.hibernate.cfg.annotations.PropertyBinder - Building property name
19:40:31.838 [main] DEBUG org.hibernate.cfg.annotations.SimpleValueBinder - Starting fillSimpleValue for id
19:40:31.838 [main] DEBUG org.hibernate.cfg.annotations.SimpleValueBinder - Starting fillSimpleValue for itemclass
19:40:31.838 [main] DEBUG org.hibernate.cfg.annotations.SimpleValueBinder - Starting fillSimpleValue for levelreq
19:40:31.838 [main] DEBUG org.hibernate.cfg.annotations.SimpleValueBinder - Starting fillSimpleValue for name
19:40:31.838 [main] DEBUG org.hibernate.cfg.annotations.SimpleValueBinder - Starting fillSimpleValue for id
19:40:31.838 [main] DEBUG org.hibernate.cfg.annotations.SimpleValueBinder - Starting fillSimpleValue for heroclass
19:40:31.838 [main] DEBUG org.hibernate.cfg.annotations.SimpleValueBinder - Starting fillSimpleValue for level
19:40:31.838 [main] DEBUG org.hibernate.cfg.annotations.SimpleValueBinder - Starting fillSimpleValue for name
19:40:31.838 [main] DEBUG org.hibernate.mapping.PrimaryKey - Forcing column [id] to be non-null as it is part of the primary key for table [item]
19:40:31.838 [main] DEBUG org.hibernate.mapping.PrimaryKey - Forcing column [id] to be non-null as it is part of the primary key for table [player]
19:40:31.838 [main] DEBUG org.hibernate.cfg.CollectionSecondPass - Second pass for collection: tau.mmo.domain.Player.items
19:40:31.838 [main] DEBUG org.hibernate.cfg.annotations.CollectionBinder - Binding a OneToMany: tau.mmo.domain.Player.items through a foreign key
19:40:31.838 [main] DEBUG org.hibernate.cfg.annotations.CollectionBinder - Mapping collection: tau.mmo.domain.Player.items -> item
19:40:31.838 [main] DEBUG org.hibernate.cfg.annotations.TableBinder - Retrieving property tau.mmo.domain.Item.player
19:40:31.838 [main] DEBUG org.hibernate.cfg.CollectionSecondPass - Mapped collection key: player_id, one-to-many: tau.mmo.domain.Item
19:40:31.838 [main] DEBUG org.hibernate.boot.internal.InFlightMetadataCollectorImpl - Resolving reference to class: tau.mmo.domain.Player
19:40:31.839 [main] DEBUG org.hibernate.boot.internal.InFlightMetadataCollectorImpl - Resolving reference to class: tau.mmo.domain.Player
19:40:31.840 [main] DEBUG org.hibernate.internal.SessionFactoryImpl - Building session factory
19:40:31.840 [main] DEBUG org.hibernate.cfg.Settings - SessionFactory name : null
19:40:31.840 [main] DEBUG org.hibernate.cfg.Settings - Automatic flush during beforeCompletion(): disabled
19:40:31.840 [main] DEBUG org.hibernate.cfg.Settings - Automatic session close at end of transaction: disabled
19:40:31.840 [main] DEBUG org.hibernate.cfg.Settings - Statistics: disabled
19:40:31.840 [main] DEBUG org.hibernate.cfg.Settings - Deleted entity synthetic identifier rollback: disabled
19:40:31.840 [main] DEBUG org.hibernate.cfg.Settings - Default entity-mode: pojo
19:40:31.840 [main] DEBUG org.hibernate.cfg.Settings - Check Nullability in Core (should be disabled when Bean Validation is on): enabled
19:40:31.840 [main] DEBUG org.hibernate.cfg.Settings - Allow initialization of lazy state outside session : disabled
19:40:31.840 [main] DEBUG org.hibernate.cfg.Settings - Using BatchFetchStyle : LEGACY
19:40:31.840 [main] DEBUG org.hibernate.cfg.Settings - Default batch fetch size: -1
19:40:31.840 [main] DEBUG org.hibernate.cfg.Settings - Maximum outer join fetch depth: null
19:40:31.840 [main] DEBUG org.hibernate.cfg.Settings - Default null ordering: NONE
19:40:31.840 [main] DEBUG org.hibernate.cfg.Settings - Order SQL updates by primary key: disabled
19:40:31.840 [main] DEBUG org.hibernate.cfg.Settings - Order SQL inserts for batching: disabled
19:40:31.840 [main] DEBUG org.hibernate.cfg.Settings - multi-tenancy strategy : NONE
19:40:31.840 [main] DEBUG org.hibernate.cfg.Settings - JTA Track by Thread: enabled
19:40:31.840 [main] DEBUG org.hibernate.cfg.Settings - Query language substitutions: {}
19:40:31.840 [main] DEBUG org.hibernate.cfg.Settings - JPA query language strict compliance: disabled
19:40:31.840 [main] DEBUG org.hibernate.cfg.Settings - Named query checking : enabled
19:40:31.840 [main] DEBUG org.hibernate.cfg.Settings - Second-level cache: enabled
19:40:31.840 [main] DEBUG org.hibernate.cfg.Settings - Second-level query cache: disabled
19:40:31.840 [main] DEBUG org.hibernate.cfg.Settings - Second-level query cache factory: org.hibernate.cache.internal.StandardQueryCacheFactory@2da16263
19:40:31.840 [main] DEBUG org.hibernate.cfg.Settings - Second-level cache region prefix: null
19:40:31.840 [main] DEBUG org.hibernate.cfg.Settings - Optimize second-level cache for minimal puts: disabled
19:40:31.840 [main] DEBUG org.hibernate.cfg.Settings - Structured second-level cache entries: disabled
19:40:31.840 [main] DEBUG org.hibernate.cfg.Settings - Second-level cache direct-reference entries: disabled
19:40:31.840 [main] DEBUG org.hibernate.cfg.Settings - Automatic eviction of collection cache: disabled
19:40:31.840 [main] DEBUG org.hibernate.cfg.Settings - JDBC batch size: 0
19:40:31.840 [main] DEBUG org.hibernate.cfg.Settings - JDBC batch updates for versioned data: enabled
19:40:31.840 [main] DEBUG org.hibernate.cfg.Settings - Scrollable result sets: disabled
19:40:31.840 [main] DEBUG org.hibernate.cfg.Settings - Wrap result sets: disabled
19:40:31.840 [main] DEBUG org.hibernate.cfg.Settings - JDBC3 getGeneratedKeys(): disabled
19:40:31.840 [main] DEBUG org.hibernate.cfg.Settings - JDBC result set fetch size: null
19:40:31.840 [main] DEBUG org.hibernate.cfg.Settings - Connection release mode: ON_CLOSE
19:40:31.840 [main] DEBUG org.hibernate.cfg.Settings - Generate SQL with comments: disabled
19:40:31.840 [main] DEBUG org.hibernate.internal.SessionFactoryImpl - Session factory constructed with filter configurations : {}
19:40:31.840 [main] DEBUG org.hibernate.internal.SessionFactoryImpl - Instantiating session factory with properties: {awt.toolkit=sun.awt.X11.XToolkit, java.specification.version=11, sun.cpu.isalist=, sun.jnu.encoding=UTF-8, hibernate.connection.release_mode=ON_CLOSE, sun.arch.data.model=64, java.vendor.url=http://java.oracle.com/, sun.boot.library.path=/usr/lib/jvm/java-11-openjdk-amd64/lib, sun.java.command=/home/whitewolf/tau/TAU-repozytorium/tau-mmo-jmeter/target/surefire/surefirebooter3068630985977223282.jar /home/whitewolf/tau/TAU-repozytorium/tau-mmo-jmeter/target/surefire 2019-05-27T19-40-27_728-jvmRun1 surefire9941762728851701862tmp surefire_013181237219562226252tmp, jdk.debug=release, java.specification.vendor=Oracle Corporation, java.version.date=2019-04-16, java.home=/usr/lib/jvm/java-11-openjdk-amd64, file.separator=/, basedir=/home/whitewolf/tau/TAU-repozytorium/tau-mmo-jmeter, java.vm.compressedOopsMode=Zero based, line.separator=
, java.specification.name=Java Platform API Specification, java.vm.specification.vendor=Oracle Corporation, hibernate.hbm2ddl.auto=update, sun.management.compiler=HotSpot 64-Bit Tiered Compilers, java.runtime.version=11.0.3+7-Ubuntu-1ubuntu218.04.1, user.name=whitewolf, file.encoding=UTF-8, hibernate.classLoaders=[jdk.internal.loader.ClassLoaders$AppClassLoader@1affbebc], hibernate.current_session_context_class=org.springframework.orm.hibernate5.SpringSessionContext, localRepository=/home/whitewolf/.m2/repository, java.io.tmpdir=/tmp, java.version=11.0.3, java.vm.specification.name=Java Virtual Machine Specification, java.awt.printerjob=sun.print.PSPrinterJob, sun.os.patch.level=unknown, java.library.path=/usr/java/packages/lib:/usr/lib/x86_64-linux-gnu/jni:/lib/x86_64-linux-gnu:/usr/lib/x86_64-linux-gnu:/usr/lib/jni:/lib:/usr/lib, java.vendor=Oracle Corporation, sun.io.unicode.encoding=UnicodeLittle, sun.desktop=gnome, hibernate.dialect=org.hibernate.dialect.HSQLDialect, java.class.path=/home/whitewolf/tau/TAU-repozytorium/tau-mmo-jmeter/target/test-classes:/home/whitewolf/tau/TAU-repozytorium/tau-mmo-jmeter/target/classes:/home/whitewolf/.m2/repository/org/springframework/boot/spring-boot-starter-web/2.1.4.RELEASE/spring-boot-starter-web-2.1.4.RELEASE.jar:/home/whitewolf/.m2/repository/org/springframework/boot/spring-boot-starter/2.1.4.RELEASE/spring-boot-starter-2.1.4.RELEASE.jar:/home/whitewolf/.m2/repository/org/springframework/boot/spring-boot/2.1.4.RELEASE/spring-boot-2.1.4.RELEASE.jar:/home/whitewolf/.m2/repository/org/springframework/boot/spring-boot-autoconfigure/2.1.4.RELEASE/spring-boot-autoconfigure-2.1.4.RELEASE.jar:/home/whitewolf/.m2/repository/org/springframework/boot/spring-boot-starter-logging/2.1.4.RELEASE/spring-boot-starter-logging-2.1.4.RELEASE.jar:/home/whitewolf/.m2/repository/ch/qos/logback/logback-classic/1.2.3/logback-classic-1.2.3.jar:/home/whitewolf/.m2/repository/ch/qos/logback/logback-core/1.2.3/logback-core-1.2.3.jar:/home/whitewolf/.m2/repository/org/apache/logging/log4j/log4j-to-slf4j/2.11.2/log4j-to-slf4j-2.11.2.jar:/home/whitewolf/.m2/repository/org/apache/logging/log4j/log4j-api/2.11.2/log4j-api-2.11.2.jar:/home/whitewolf/.m2/repository/org/slf4j/jul-to-slf4j/1.7.26/jul-to-slf4j-1.7.26.jar:/home/whitewolf/.m2/repository/org/yaml/snakeyaml/1.23/snakeyaml-1.23.jar:/home/whitewolf/.m2/repository/org/springframework/boot/spring-boot-starter-json/2.1.4.RELEASE/spring-boot-starter-json-2.1.4.RELEASE.jar:/home/whitewolf/.m2/repository/com/fasterxml/jackson/core/jackson-databind/2.9.8/jackson-databind-2.9.8.jar:/home/whitewolf/.m2/repository/com/fasterxml/jackson/core/jackson-annotations/2.9.0/jackson-annotations-2.9.0.jar:/home/whitewolf/.m2/repository/com/fasterxml/jackson/core/jackson-core/2.9.8/jackson-core-2.9.8.jar:/home/whitewolf/.m2/repository/com/fasterxml/jackson/datatype/jackson-datatype-jdk8/2.9.8/jackson-datatype-jdk8-2.9.8.jar:/home/whitewolf/.m2/repository/com/fasterxml/jackson/datatype/jackson-datatype-jsr310/2.9.8/jackson-datatype-jsr310-2.9.8.jar:/home/whitewolf/.m2/repository/com/fasterxml/jackson/module/jackson-module-parameter-names/2.9.8/jackson-module-parameter-names-2.9.8.jar:/home/whitewolf/.m2/repository/org/hibernate/validator/hibernate-validator/6.0.16.Final/hibernate-validator-6.0.16.Final.jar:/home/whitewolf/.m2/repository/javax/validation/validation-api/2.0.1.Final/validation-api-2.0.1.Final.jar:/home/whitewolf/.m2/repository/org/springframework/spring-web/5.1.6.RELEASE/spring-web-5.1.6.RELEASE.jar:/home/whitewolf/.m2/repository/org/springframework/spring-webmvc/5.1.6.RELEASE/spring-webmvc-5.1.6.RELEASE.jar:/home/whitewolf/.m2/repository/org/springframework/spring-aop/5.1.6.RELEASE/spring-aop-5.1.6.RELEASE.jar:/home/whitewolf/.m2/repository/org/springframework/spring-context/5.1.6.RELEASE/spring-context-5.1.6.RELEASE.jar:/home/whitewolf/.m2/repository/org/springframework/spring-expression/5.1.6.RELEASE/spring-expression-5.1.6.RELEASE.jar:/home/whitewolf/.m2/repository/org/springframework/boot/spring-boot-starter-test/2.1.4.RELEASE/spring-boot-starter-test-2.1.4.RELEASE.jar:/home/whitewolf/.m2/repository/org/springframework/boot/spring-boot-test/2.1.4.RELEASE/spring-boot-test-2.1.4.RELEASE.jar:/home/whitewolf/.m2/repository/org/springframework/boot/spring-boot-test-autoconfigure/2.1.4.RELEASE/spring-boot-test-autoconfigure-2.1.4.RELEASE.jar:/home/whitewolf/.m2/repository/junit/junit/4.12/junit-4.12.jar:/home/whitewolf/.m2/repository/org/assertj/assertj-core/3.11.1/assertj-core-3.11.1.jar:/home/whitewolf/.m2/repository/org/mockito/mockito-core/2.23.4/mockito-core-2.23.4.jar:/home/whitewolf/.m2/repository/net/bytebuddy/byte-buddy/1.9.12/byte-buddy-1.9.12.jar:/home/whitewolf/.m2/repository/net/bytebuddy/byte-buddy-agent/1.9.12/byte-buddy-agent-1.9.12.jar:/home/whitewolf/.m2/repository/org/objenesis/objenesis/2.6/objenesis-2.6.jar:/home/whitewolf/.m2/repository/org/hamcrest/hamcrest-core/1.3/hamcrest-core-1.3.jar:/home/whitewolf/.m2/repository/org/hamcrest/hamcrest-library/1.3/hamcrest-library-1.3.jar:/home/whitewolf/.m2/repository/org/skyscreamer/jsonassert/1.5.0/jsonassert-1.5.0.jar:/home/whitewolf/.m2/repository/com/vaadin/external/google/android-json/0.0.20131108.vaadin1/android-json-0.0.20131108.vaadin1.jar:/home/whitewolf/.m2/repository/org/springframework/spring-core/5.1.6.RELEASE/spring-core-5.1.6.RELEASE.jar:/home/whitewolf/.m2/repository/org/springframework/spring-jcl/5.1.6.RELEASE/spring-jcl-5.1.6.RELEASE.jar:/home/whitewolf/.m2/repository/org/springframework/spring-test/5.1.6.RELEASE/spring-test-5.1.6.RELEASE.jar:/home/whitewolf/.m2/repository/org/xmlunit/xmlunit-core/2.6.2/xmlunit-core-2.6.2.jar:/home/whitewolf/.m2/repository/org/springframework/boot/spring-boot-starter-tomcat/2.1.4.RELEASE/spring-boot-starter-tomcat-2.1.4.RELEASE.jar:/home/whitewolf/.m2/repository/javax/annotation/javax.annotation-api/1.3.2/javax.annotation-api-1.3.2.jar:/home/whitewolf/.m2/repository/org/apache/tomcat/embed/tomcat-embed-core/9.0.17/tomcat-embed-core-9.0.17.jar:/home/whitewolf/.m2/repository/org/apache/tomcat/embed/tomcat-embed-el/9.0.17/tomcat-embed-el-9.0.17.jar:/home/whitewolf/.m2/repository/org/apache/tomcat/embed/tomcat-embed-websocket/9.0.17/tomcat-embed-websocket-9.0.17.jar:/home/whitewolf/.m2/repository/org/springframework/boot/spring-boot-starter-data-jpa/2.1.4.RELEASE/spring-boot-starter-data-jpa-2.1.4.RELEASE.jar:/home/whitewolf/.m2/repository/org/springframework/boot/spring-boot-starter-aop/2.1.4.RELEASE/spring-boot-starter-aop-2.1.4.RELEASE.jar:/home/whitewolf/.m2/repository/org/aspectj/aspectjweaver/1.9.2/aspectjweaver-1.9.2.jar:/home/whitewolf/.m2/repository/org/springframework/boot/spring-boot-starter-jdbc/2.1.4.RELEASE/spring-boot-starter-jdbc-2.1.4.RELEASE.jar:/home/whitewolf/.m2/repository/com/zaxxer/HikariCP/3.2.0/HikariCP-3.2.0.jar:/home/whitewolf/.m2/repository/org/springframework/spring-jdbc/5.1.6.RELEASE/spring-jdbc-5.1.6.RELEASE.jar:/home/whitewolf/.m2/repository/javax/transaction/javax.transaction-api/1.3/javax.transaction-api-1.3.jar:/home/whitewolf/.m2/repository/javax/xml/bind/jaxb-api/2.3.1/jaxb-api-2.3.1.jar:/home/whitewolf/.m2/repository/javax/activation/javax.activation-api/1.2.0/javax.activation-api-1.2.0.jar:/home/whitewolf/.m2/repository/org/springframework/data/spring-data-jpa/2.1.6.RELEASE/spring-data-jpa-2.1.6.RELEASE.jar:/home/whitewolf/.m2/repository/org/springframework/data/spring-data-commons/2.1.6.RELEASE/spring-data-commons-2.1.6.RELEASE.jar:/home/whitewolf/.m2/repository/org/springframework/spring-orm/5.1.6.RELEASE/spring-orm-5.1.6.RELEASE.jar:/home/whitewolf/.m2/repository/org/springframework/spring-aspects/5.1.6.RELEASE/spring-aspects-5.1.6.RELEASE.jar:/home/whitewolf/.m2/repository/org/springframework/spring-tx/5.1.6.RELEASE/spring-tx-5.1.6.RELEASE.jar:/home/whitewolf/.m2/repository/org/springframework/spring-beans/5.1.6.RELEASE/spring-beans-5.1.6.RELEASE.jar:/home/whitewolf/.m2/repository/com/jayway/jsonpath/json-path/2.4.0/json-path-2.4.0.jar:/home/whitewolf/.m2/repository/net/minidev/json-smart/2.3/json-smart-2.3.jar:/home/whitewolf/.m2/repository/net/minidev/accessors-smart/1.2/accessors-smart-1.2.jar:/home/whitewolf/.m2/repository/org/ow2/asm/asm/5.0.4/asm-5.0.4.jar:/home/whitewolf/.m2/repository/org/slf4j/slf4j-api/1.7.26/slf4j-api-1.7.26.jar:/home/whitewolf/.m2/repository/org/hibernate/hibernate-core/5.1.6.Final/hibernate-core-5.1.6.Final.jar:/home/whitewolf/.m2/repository/org/jboss/logging/jboss-logging/3.3.2.Final/jboss-logging-3.3.2.Final.jar:/home/whitewolf/.m2/repository/org/hibernate/javax/persistence/hibernate-jpa-2.1-api/1.0.0.Final/hibernate-jpa-2.1-api-1.0.0.Final.jar:/home/whitewolf/.m2/repository/org/javassist/javassist/3.20.0-GA/javassist-3.20.0-GA.jar:/home/whitewolf/.m2/repository/antlr/antlr/2.7.7/antlr-2.7.7.jar:/home/whitewolf/.m2/repository/org/apache/geronimo/specs/geronimo-jta_1.1_spec/1.1.1/geronimo-jta_1.1_spec-1.1.1.jar:/home/whitewolf/.m2/repository/org/jboss/jandex/2.0.3.Final/jandex-2.0.3.Final.jar:/home/whitewolf/.m2/repository/com/fasterxml/classmate/1.4.0/classmate-1.4.0.jar:/home/whitewolf/.m2/repository/dom4j/dom4j/1.6.1/dom4j-1.6.1.jar:/home/whitewolf/.m2/repository/org/hibernate/common/hibernate-commons-annotations/5.0.1.Final/hibernate-commons-annotations-5.0.1.Final.jar:/home/whitewolf/.m2/repository/org/hsqldb/hsqldb/2.3.4/hsqldb-2.3.4.jar:, java.vm.vendor=Oracle Corporation, user.timezone=Europe/Warsaw, os.name=Linux, java.vm.specification.version=11, sun.java.launcher=SUN_STANDARD, user.country=PL, surefire.test.class.path=/home/whitewolf/tau/TAU-repozytorium/tau-mmo-jmeter/target/test-classes:/home/whitewolf/tau/TAU-repozytorium/tau-mmo-jmeter/target/classes:/home/whitewolf/.m2/repository/org/springframework/boot/spring-boot-starter-web/2.1.4.RELEASE/spring-boot-starter-web-2.1.4.RELEASE.jar:/home/whitewolf/.m2/repository/org/springframework/boot/spring-boot-starter/2.1.4.RELEASE/spring-boot-starter-2.1.4.RELEASE.jar:/home/whitewolf/.m2/repository/org/springframework/boot/spring-boot/2.1.4.RELEASE/spring-boot-2.1.4.RELEASE.jar:/home/whitewolf/.m2/repository/org/springframework/boot/spring-boot-autoconfigure/2.1.4.RELEASE/spring-boot-autoconfigure-2.1.4.RELEASE.jar:/home/whitewolf/.m2/repository/org/springframework/boot/spring-boot-starter-logging/2.1.4.RELEASE/spring-boot-starter-logging-2.1.4.RELEASE.jar:/home/whitewolf/.m2/repository/ch/qos/logback/logback-classic/1.2.3/logback-classic-1.2.3.jar:/home/whitewolf/.m2/repository/ch/qos/logback/logback-core/1.2.3/logback-core-1.2.3.jar:/home/whitewolf/.m2/repository/org/apache/logging/log4j/log4j-to-slf4j/2.11.2/log4j-to-slf4j-2.11.2.jar:/home/whitewolf/.m2/repository/org/apache/logging/log4j/log4j-api/2.11.2/log4j-api-2.11.2.jar:/home/whitewolf/.m2/repository/org/slf4j/jul-to-slf4j/1.7.26/jul-to-slf4j-1.7.26.jar:/home/whitewolf/.m2/repository/org/yaml/snakeyaml/1.23/snakeyaml-1.23.jar:/home/whitewolf/.m2/repository/org/springframework/boot/spring-boot-starter-json/2.1.4.RELEASE/spring-boot-starter-json-2.1.4.RELEASE.jar:/home/whitewolf/.m2/repository/com/fasterxml/jackson/core/jackson-databind/2.9.8/jackson-databind-2.9.8.jar:/home/whitewolf/.m2/repository/com/fasterxml/jackson/core/jackson-annotations/2.9.0/jackson-annotations-2.9.0.jar:/home/whitewolf/.m2/repository/com/fasterxml/jackson/core/jackson-core/2.9.8/jackson-core-2.9.8.jar:/home/whitewolf/.m2/repository/com/fasterxml/jackson/datatype/jackson-datatype-jdk8/2.9.8/jackson-datatype-jdk8-2.9.8.jar:/home/whitewolf/.m2/repository/com/fasterxml/jackson/datatype/jackson-datatype-jsr310/2.9.8/jackson-datatype-jsr310-2.9.8.jar:/home/whitewolf/.m2/repository/com/fasterxml/jackson/module/jackson-module-parameter-names/2.9.8/jackson-module-parameter-names-2.9.8.jar:/home/whitewolf/.m2/repository/org/hibernate/validator/hibernate-validator/6.0.16.Final/hibernate-validator-6.0.16.Final.jar:/home/whitewolf/.m2/repository/javax/validation/validation-api/2.0.1.Final/validation-api-2.0.1.Final.jar:/home/whitewolf/.m2/repository/org/springframework/spring-web/5.1.6.RELEASE/spring-web-5.1.6.RELEASE.jar:/home/whitewolf/.m2/repository/org/springframework/spring-webmvc/5.1.6.RELEASE/spring-webmvc-5.1.6.RELEASE.jar:/home/whitewolf/.m2/repository/org/springframework/spring-aop/5.1.6.RELEASE/spring-aop-5.1.6.RELEASE.jar:/home/whitewolf/.m2/repository/org/springframework/spring-context/5.1.6.RELEASE/spring-context-5.1.6.RELEASE.jar:/home/whitewolf/.m2/repository/org/springframework/spring-expression/5.1.6.RELEASE/spring-expression-5.1.6.RELEASE.jar:/home/whitewolf/.m2/repository/org/springframework/boot/spring-boot-starter-test/2.1.4.RELEASE/spring-boot-starter-test-2.1.4.RELEASE.jar:/home/whitewolf/.m2/repository/org/springframework/boot/spring-boot-test/2.1.4.RELEASE/spring-boot-test-2.1.4.RELEASE.jar:/home/whitewolf/.m2/repository/org/springframework/boot/spring-boot-test-autoconfigure/2.1.4.RELEASE/spring-boot-test-autoconfigure-2.1.4.RELEASE.jar:/home/whitewolf/.m2/repository/junit/junit/4.12/junit-4.12.jar:/home/whitewolf/.m2/repository/org/assertj/assertj-core/3.11.1/assertj-core-3.11.1.jar:/home/whitewolf/.m2/repository/org/mockito/mockito-core/2.23.4/mockito-core-2.23.4.jar:/home/whitewolf/.m2/repository/net/bytebuddy/byte-buddy/1.9.12/byte-buddy-1.9.12.jar:/home/whitewolf/.m2/repository/net/bytebuddy/byte-buddy-agent/1.9.12/byte-buddy-agent-1.9.12.jar:/home/whitewolf/.m2/repository/org/objenesis/objenesis/2.6/objenesis-2.6.jar:/home/whitewolf/.m2/repository/org/hamcrest/hamcrest-core/1.3/hamcrest-core-1.3.jar:/home/whitewolf/.m2/repository/org/hamcrest/hamcrest-library/1.3/hamcrest-library-1.3.jar:/home/whitewolf/.m2/repository/org/skyscreamer/jsonassert/1.5.0/jsonassert-1.5.0.jar:/home/whitewolf/.m2/repository/com/vaadin/external/google/android-json/0.0.20131108.vaadin1/android-json-0.0.20131108.vaadin1.jar:/home/whitewolf/.m2/repository/org/springframework/spring-core/5.1.6.RELEASE/spring-core-5.1.6.RELEASE.jar:/home/whitewolf/.m2/repository/org/springframework/spring-jcl/5.1.6.RELEASE/spring-jcl-5.1.6.RELEASE.jar:/home/whitewolf/.m2/repository/org/springframework/spring-test/5.1.6.RELEASE/spring-test-5.1.6.RELEASE.jar:/home/whitewolf/.m2/repository/org/xmlunit/xmlunit-core/2.6.2/xmlunit-core-2.6.2.jar:/home/whitewolf/.m2/repository/org/springframework/boot/spring-boot-starter-tomcat/2.1.4.RELEASE/spring-boot-starter-tomcat-2.1.4.RELEASE.jar:/home/whitewolf/.m2/repository/javax/annotation/javax.annotation-api/1.3.2/javax.annotation-api-1.3.2.jar:/home/whitewolf/.m2/repository/org/apache/tomcat/embed/tomcat-embed-core/9.0.17/tomcat-embed-core-9.0.17.jar:/home/whitewolf/.m2/repository/org/apache/tomcat/embed/tomcat-embed-el/9.0.17/tomcat-embed-el-9.0.17.jar:/home/whitewolf/.m2/repository/org/apache/tomcat/embed/tomcat-embed-websocket/9.0.17/tomcat-embed-websocket-9.0.17.jar:/home/whitewolf/.m2/repository/org/springframework/boot/spring-boot-starter-data-jpa/2.1.4.RELEASE/spring-boot-starter-data-jpa-2.1.4.RELEASE.jar:/home/whitewolf/.m2/repository/org/springframework/boot/spring-boot-starter-aop/2.1.4.RELEASE/spring-boot-starter-aop-2.1.4.RELEASE.jar:/home/whitewolf/.m2/repository/org/aspectj/aspectjweaver/1.9.2/aspectjweaver-1.9.2.jar:/home/whitewolf/.m2/repository/org/springframework/boot/spring-boot-starter-jdbc/2.1.4.RELEASE/spring-boot-starter-jdbc-2.1.4.RELEASE.jar:/home/whitewolf/.m2/repository/com/zaxxer/HikariCP/3.2.0/HikariCP-3.2.0.jar:/home/whitewolf/.m2/repository/org/springframework/spring-jdbc/5.1.6.RELEASE/spring-jdbc-5.1.6.RELEASE.jar:/home/whitewolf/.m2/repository/javax/transaction/javax.transaction-api/1.3/javax.transaction-api-1.3.jar:/home/whitewolf/.m2/repository/javax/xml/bind/jaxb-api/2.3.1/jaxb-api-2.3.1.jar:/home/whitewolf/.m2/repository/javax/activation/javax.activation-api/1.2.0/javax.activation-api-1.2.0.jar:/home/whitewolf/.m2/repository/org/springframework/data/spring-data-jpa/2.1.6.RELEASE/spring-data-jpa-2.1.6.RELEASE.jar:/home/whitewolf/.m2/repository/org/springframework/data/spring-data-commons/2.1.6.RELEASE/spring-data-commons-2.1.6.RELEASE.jar:/home/whitewolf/.m2/repository/org/springframework/spring-orm/5.1.6.RELEASE/spring-orm-5.1.6.RELEASE.jar:/home/whitewolf/.m2/repository/org/springframework/spring-aspects/5.1.6.RELEASE/spring-aspects-5.1.6.RELEASE.jar:/home/whitewolf/.m2/repository/org/springframework/spring-tx/5.1.6.RELEASE/spring-tx-5.1.6.RELEASE.jar:/home/whitewolf/.m2/repository/org/springframework/spring-beans/5.1.6.RELEASE/spring-beans-5.1.6.RELEASE.jar:/home/whitewolf/.m2/repository/com/jayway/jsonpath/json-path/2.4.0/json-path-2.4.0.jar:/home/whitewolf/.m2/repository/net/minidev/json-smart/2.3/json-smart-2.3.jar:/home/whitewolf/.m2/repository/net/minidev/accessors-smart/1.2/accessors-smart-1.2.jar:/home/whitewolf/.m2/repository/org/ow2/asm/asm/5.0.4/asm-5.0.4.jar:/home/whitewolf/.m2/repository/org/slf4j/slf4j-api/1.7.26/slf4j-api-1.7.26.jar:/home/whitewolf/.m2/repository/org/hibernate/hibernate-core/5.1.6.Final/hibernate-core-5.1.6.Final.jar:/home/whitewolf/.m2/repository/org/jboss/logging/jboss-logging/3.3.2.Final/jboss-logging-3.3.2.Final.jar:/home/whitewolf/.m2/repository/org/hibernate/javax/persistence/hibernate-jpa-2.1-api/1.0.0.Final/hibernate-jpa-2.1-api-1.0.0.Final.jar:/home/whitewolf/.m2/repository/org/javassist/javassist/3.20.0-GA/javassist-3.20.0-GA.jar:/home/whitewolf/.m2/repository/antlr/antlr/2.7.7/antlr-2.7.7.jar:/home/whitewolf/.m2/repository/org/apache/geronimo/specs/geronimo-jta_1.1_spec/1.1.1/geronimo-jta_1.1_spec-1.1.1.jar:/home/whitewolf/.m2/repository/org/jboss/jandex/2.0.3.Final/jandex-2.0.3.Final.jar:/home/whitewolf/.m2/repository/com/fasterxml/classmate/1.4.0/classmate-1.4.0.jar:/home/whitewolf/.m2/repository/dom4j/dom4j/1.6.1/dom4j-1.6.1.jar:/home/whitewolf/.m2/repository/org/hibernate/common/hibernate-commons-annotations/5.0.1.Final/hibernate-commons-annotations-5.0.1.Final.jar:/home/whitewolf/.m2/repository/org/hsqldb/hsqldb/2.3.4/hsqldb-2.3.4.jar:, sun.cpu.endian=little, user.home=/home/whitewolf, user.language=pl, java.awt.graphicsenv=sun.awt.X11GraphicsEnvironment, surefire.real.class.path=/home/whitewolf/tau/TAU-repozytorium/tau-mmo-jmeter/target/surefire/surefirebooter3068630985977223282.jar, path.separator=:, os.version=4.15.0-47-generic, java.runtime.name=OpenJDK Runtime Environment, java.vm.name=OpenJDK 64-Bit Server VM, hibernate.show_sql=true, java.vendor.url.bug=http://bugreport.java.com/bugreport/, user.dir=/home/whitewolf/tau/TAU-repozytorium/tau-mmo-jmeter, os.arch=amd64, hibernate.boot.CfgXmlAccessService.key=org.hibernate.boot.cfgxml.spi.LoadedConfig@14499b52, java.vm.info=mixed mode, sharing, java.vm.version=11.0.3+7-Ubuntu-1ubuntu218.04.1, hibernate.bytecode.use_reflection_optimizer=false, hibernate.connection.datasource=org.springframework.jdbc.datasource.DriverManagerDataSource@3458dab6, java.class.version=55.0}
19:40:31.841 [main] DEBUG org.hibernate.validator.internal.engine.resolver.TraversableResolvers - Found javax.persistence.Persistence on classpath containing 'getPersistenceUtil'. Assuming JPA 2 environment. Trying to instantiate JPA aware TraversableResolver
19:40:31.841 [main] DEBUG org.hibernate.validator.internal.engine.resolver.TraversableResolvers - Instantiated JPA aware TraversableResolver of type org.hibernate.validator.internal.engine.resolver.JPATraversableResolver.
19:40:31.841 [main] DEBUG org.hibernate.validator.internal.xml.config.ValidationXmlParser - Trying to load META-INF/validation.xml for XML based Validator configuration.
19:40:31.841 [main] DEBUG org.hibernate.validator.internal.xml.config.ResourceLoaderHelper - Trying to load META-INF/validation.xml via TCCL
19:40:31.841 [main] DEBUG org.hibernate.validator.internal.xml.config.ResourceLoaderHelper - Trying to load META-INF/validation.xml via Hibernate Validator's class loader
19:40:31.841 [main] DEBUG org.hibernate.validator.internal.xml.config.ValidationXmlParser - No META-INF/validation.xml found. Using annotation based configuration only.
19:40:31.843 [main] DEBUG org.hibernate.validator.messageinterpolation.ResourceBundleMessageInterpolator - Loaded expression factory via original TCCL
19:40:31.843 [main] DEBUG org.hibernate.validator.internal.engine.ValidatorFactoryImpl - HV000234: Using org.hibernate.validator.messageinterpolation.ResourceBundleMessageInterpolator as ValidatorFactory-scoped message interpolator.
19:40:31.843 [main] DEBUG org.hibernate.validator.internal.engine.ValidatorFactoryImpl - HV000234: Using org.hibernate.validator.internal.engine.resolver.JPATraversableResolver as ValidatorFactory-scoped traversable resolver.
19:40:31.843 [main] DEBUG org.hibernate.validator.internal.engine.ValidatorFactoryImpl - HV000234: Using org.hibernate.validator.internal.util.ExecutableParameterNameProvider as ValidatorFactory-scoped parameter name provider.
19:40:31.843 [main] DEBUG org.hibernate.validator.internal.engine.ValidatorFactoryImpl - HV000234: Using org.hibernate.validator.internal.engine.DefaultClockProvider as ValidatorFactory-scoped clock provider.
19:40:31.843 [main] DEBUG org.hibernate.validator.internal.engine.ValidatorFactoryImpl - HV000234: Using org.hibernate.validator.internal.engine.scripting.DefaultScriptEvaluatorFactory as ValidatorFactory-scoped script evaluator factory.
19:40:31.843 [main] DEBUG org.hibernate.boot.internal.ClassLoaderAccessImpl - Not known whether passed class name [tau.mmo.domain.Item] is safe
19:40:31.843 [main] DEBUG org.hibernate.boot.internal.ClassLoaderAccessImpl - No temp ClassLoader provided; using live ClassLoader for loading potentially unsafe class : tau.mmo.domain.Item
19:40:31.845 [main] DEBUG org.hibernate.boot.internal.ClassLoaderAccessImpl - Not known whether passed class name [tau.mmo.domain.Player] is safe
19:40:31.846 [main] DEBUG org.hibernate.boot.internal.ClassLoaderAccessImpl - No temp ClassLoader provided; using live ClassLoader for loading potentially unsafe class : tau.mmo.domain.Player
19:40:31.847 [main] DEBUG org.hibernate.secure.spi.JaccIntegrator - Skipping JACC integration as it was not enabled
19:40:31.848 [main] DEBUG org.hibernate.boot.internal.ClassLoaderAccessImpl - Not known whether passed class name [tau.mmo.domain.Item] is safe
19:40:31.848 [main] DEBUG org.hibernate.boot.internal.ClassLoaderAccessImpl - No temp ClassLoader provided; using live ClassLoader for loading potentially unsafe class : tau.mmo.domain.Item
19:40:31.848 [main] DEBUG org.hibernate.boot.internal.ClassLoaderAccessImpl - Not known whether passed class name [tau.mmo.domain.Item] is safe
19:40:31.848 [main] DEBUG org.hibernate.boot.internal.ClassLoaderAccessImpl - No temp ClassLoader provided; using live ClassLoader for loading potentially unsafe class : tau.mmo.domain.Item
19:40:31.848 [main] DEBUG org.hibernate.boot.internal.ClassLoaderAccessImpl - Not known whether passed class name [tau.mmo.domain.Player] is safe
19:40:31.848 [main] DEBUG org.hibernate.boot.internal.ClassLoaderAccessImpl - No temp ClassLoader provided; using live ClassLoader for loading potentially unsafe class : tau.mmo.domain.Player
19:40:31.849 [main] DEBUG org.hibernate.boot.internal.ClassLoaderAccessImpl - Not known whether passed class name [tau.mmo.domain.Player] is safe
19:40:31.849 [main] DEBUG org.hibernate.boot.internal.ClassLoaderAccessImpl - No temp ClassLoader provided; using live ClassLoader for loading potentially unsafe class : tau.mmo.domain.Player
19:40:31.849 [main] DEBUG org.hibernate.persister.collection.AbstractCollectionPersister - Static SQL for collection: tau.mmo.domain.Player.items
19:40:31.849 [main] DEBUG org.hibernate.persister.collection.AbstractCollectionPersister -  Row insert: update item set player_id=? where id=?
19:40:31.849 [main] DEBUG org.hibernate.persister.collection.AbstractCollectionPersister -  Row update: update item set  where id=?
19:40:31.849 [main] DEBUG org.hibernate.persister.collection.AbstractCollectionPersister -  Row delete: update item set player_id=null where player_id=? and id=?
19:40:31.849 [main] DEBUG org.hibernate.persister.collection.AbstractCollectionPersister -  One-shot delete: update item set player_id=null where player_id=?
19:40:31.849 [main] DEBUG org.hibernate.persister.entity.AbstractEntityPersister - Static SQL for entity: tau.mmo.domain.Item
19:40:31.849 [main] DEBUG org.hibernate.persister.entity.AbstractEntityPersister -  Version select: select id from item where id =?
19:40:31.849 [main] DEBUG org.hibernate.persister.entity.AbstractEntityPersister -  Snapshot select: select item_.id, item_.itemclass as itemclas2_0_, item_.levelreq as levelreq3_0_, item_.name as name4_0_, item_.player_id as player_i5_0_ from item item_ where item_.id=?
19:40:31.849 [main] DEBUG org.hibernate.persister.entity.AbstractEntityPersister -  Insert 0: insert into item (itemclass, levelreq, name, player_id, id) values (?, ?, ?, ?, ?)
19:40:31.849 [main] DEBUG org.hibernate.persister.entity.AbstractEntityPersister -  Update 0: update item set itemclass=?, levelreq=?, name=?, player_id=? where id=?
19:40:31.850 [main] DEBUG org.hibernate.persister.entity.AbstractEntityPersister -  Delete 0: delete from item where id=?
19:40:31.850 [main] DEBUG org.hibernate.loader.plan.build.internal.spaces.QuerySpacesImpl - Adding QuerySpace : uid = <gen:0> -> org.hibernate.loader.plan.build.internal.spaces.EntityQuerySpaceImpl@15f11bfb]
19:40:31.850 [main] DEBUG org.hibernate.persister.walking.spi.MetamodelGraphWalker - Visiting attribute path : itemclass
19:40:31.850 [main] DEBUG org.hibernate.persister.walking.spi.MetamodelGraphWalker - Visiting attribute path : levelreq
19:40:31.850 [main] DEBUG org.hibernate.persister.walking.spi.MetamodelGraphWalker - Visiting attribute path : name
19:40:31.850 [main] DEBUG org.hibernate.persister.walking.spi.MetamodelGraphWalker - Visiting attribute path : player
19:40:31.850 [main] DEBUG org.hibernate.loader.plan.build.internal.spaces.QuerySpacesImpl - Adding QuerySpace : uid = <gen:1> -> org.hibernate.loader.plan.build.internal.spaces.EntityQuerySpaceImpl@2bf4fa1]
19:40:31.850 [main] DEBUG org.hibernate.loader.plan.build.internal.FetchStyleLoadPlanBuildingAssociationVisitationStrategy - Building LoadPlan...
19:40:31.850 [main] DEBUG org.hibernate.loader.plan.exec.internal.LoadQueryJoinAndFetchProcessor - processing queryspace <gen:0>
19:40:31.850 [main] DEBUG org.hibernate.loader.plan.build.spi.LoadPlanTreePrinter - LoadPlan(entity=tau.mmo.domain.Item)
    - Returns
       - EntityReturnImpl(entity=tau.mmo.domain.Item, querySpaceUid=<gen:0>, path=tau.mmo.domain.Item)
          - EntityAttributeFetchImpl(entity=tau.mmo.domain.Player, querySpaceUid=<gen:1>, path=tau.mmo.domain.Item.player)
    - QuerySpaces
       - EntityQuerySpaceImpl(uid=<gen:0>, entity=tau.mmo.domain.Item)
          - SQL table alias mapping - item0_
          - alias suffix - 0_
          - suffixed key columns - {id1_0_0_}

19:40:31.850 [main] DEBUG org.hibernate.loader.entity.plan.EntityLoader - Static select for entity tau.mmo.domain.Item [NONE]: select item0_.id as id1_0_0_, item0_.itemclass as itemclas2_0_0_, item0_.levelreq as levelreq3_0_0_, item0_.name as name4_0_0_, item0_.player_id as player_i5_0_0_ from item item0_ where item0_.id=?
19:40:31.850 [main] DEBUG org.hibernate.loader.plan.build.internal.spaces.QuerySpacesImpl - Adding QuerySpace : uid = <gen:0> -> org.hibernate.loader.plan.build.internal.spaces.EntityQuerySpaceImpl@27210a3b]
19:40:31.850 [main] DEBUG org.hibernate.persister.walking.spi.MetamodelGraphWalker - Visiting attribute path : itemclass
19:40:31.850 [main] DEBUG org.hibernate.persister.walking.spi.MetamodelGraphWalker - Visiting attribute path : levelreq
19:40:31.850 [main] DEBUG org.hibernate.persister.walking.spi.MetamodelGraphWalker - Visiting attribute path : name
19:40:31.850 [main] DEBUG org.hibernate.persister.walking.spi.MetamodelGraphWalker - Visiting attribute path : player
19:40:31.850 [main] DEBUG org.hibernate.loader.plan.build.internal.spaces.QuerySpacesImpl - Adding QuerySpace : uid = <gen:1> -> org.hibernate.loader.plan.build.internal.spaces.EntityQuerySpaceImpl@84a9f65]
19:40:31.850 [main] DEBUG org.hibernate.loader.plan.build.internal.FetchStyleLoadPlanBuildingAssociationVisitationStrategy - Building LoadPlan...
19:40:31.850 [main] DEBUG org.hibernate.loader.plan.exec.internal.LoadQueryJoinAndFetchProcessor - processing queryspace <gen:0>
19:40:31.850 [main] DEBUG org.hibernate.loader.plan.build.spi.LoadPlanTreePrinter - LoadPlan(entity=tau.mmo.domain.Item)
    - Returns
       - EntityReturnImpl(entity=tau.mmo.domain.Item, querySpaceUid=<gen:0>, path=tau.mmo.domain.Item)
          - EntityAttributeFetchImpl(entity=tau.mmo.domain.Player, querySpaceUid=<gen:1>, path=tau.mmo.domain.Item.player)
    - QuerySpaces
       - EntityQuerySpaceImpl(uid=<gen:0>, entity=tau.mmo.domain.Item)
          - SQL table alias mapping - item0_
          - alias suffix - 0_
          - suffixed key columns - {id1_0_0_}

19:40:31.850 [main] DEBUG org.hibernate.loader.entity.plan.EntityLoader - Static select for entity tau.mmo.domain.Item [READ]: select item0_.id as id1_0_0_, item0_.itemclass as itemclas2_0_0_, item0_.levelreq as levelreq3_0_0_, item0_.name as name4_0_0_, item0_.player_id as player_i5_0_0_ from item item0_ where item0_.id=?
19:40:31.850 [main] DEBUG org.hibernate.loader.plan.build.internal.spaces.QuerySpacesImpl - Adding QuerySpace : uid = <gen:0> -> org.hibernate.loader.plan.build.internal.spaces.EntityQuerySpaceImpl@70700b8a]
19:40:31.850 [main] DEBUG org.hibernate.persister.walking.spi.MetamodelGraphWalker - Visiting attribute path : itemclass
19:40:31.850 [main] DEBUG org.hibernate.persister.walking.spi.MetamodelGraphWalker - Visiting attribute path : levelreq
19:40:31.850 [main] DEBUG org.hibernate.persister.walking.spi.MetamodelGraphWalker - Visiting attribute path : name
19:40:31.850 [main] DEBUG org.hibernate.persister.walking.spi.MetamodelGraphWalker - Visiting attribute path : player
19:40:31.850 [main] DEBUG org.hibernate.loader.plan.build.internal.spaces.QuerySpacesImpl - Adding QuerySpace : uid = <gen:1> -> org.hibernate.loader.plan.build.internal.spaces.EntityQuerySpaceImpl@720ffab4]
19:40:31.850 [main] DEBUG org.hibernate.loader.plan.build.internal.FetchStyleLoadPlanBuildingAssociationVisitationStrategy - Building LoadPlan...
19:40:31.850 [main] DEBUG org.hibernate.loader.plan.exec.internal.LoadQueryJoinAndFetchProcessor - processing queryspace <gen:0>
19:40:31.851 [main] DEBUG org.hibernate.loader.plan.build.spi.LoadPlanTreePrinter - LoadPlan(entity=tau.mmo.domain.Item)
    - Returns
       - EntityReturnImpl(entity=tau.mmo.domain.Item, querySpaceUid=<gen:0>, path=tau.mmo.domain.Item)
          - EntityAttributeFetchImpl(entity=tau.mmo.domain.Player, querySpaceUid=<gen:1>, path=tau.mmo.domain.Item.player)
    - QuerySpaces
       - EntityQuerySpaceImpl(uid=<gen:0>, entity=tau.mmo.domain.Item)
          - SQL table alias mapping - item0_
          - alias suffix - 0_
          - suffixed key columns - {id1_0_0_}

19:40:31.851 [main] DEBUG org.hibernate.loader.entity.plan.EntityLoader - Static select for entity tau.mmo.domain.Item [UPGRADE]: select item0_.id as id1_0_0_, item0_.itemclass as itemclas2_0_0_, item0_.levelreq as levelreq3_0_0_, item0_.name as name4_0_0_, item0_.player_id as player_i5_0_0_ from item item0_ where item0_.id=? for update
19:40:31.851 [main] DEBUG org.hibernate.loader.plan.build.internal.spaces.QuerySpacesImpl - Adding QuerySpace : uid = <gen:0> -> org.hibernate.loader.plan.build.internal.spaces.EntityQuerySpaceImpl@2e62e227]
19:40:31.851 [main] DEBUG org.hibernate.persister.walking.spi.MetamodelGraphWalker - Visiting attribute path : itemclass
19:40:31.851 [main] DEBUG org.hibernate.persister.walking.spi.MetamodelGraphWalker - Visiting attribute path : levelreq
19:40:31.851 [main] DEBUG org.hibernate.persister.walking.spi.MetamodelGraphWalker - Visiting attribute path : name
19:40:31.851 [main] DEBUG org.hibernate.persister.walking.spi.MetamodelGraphWalker - Visiting attribute path : player
19:40:31.851 [main] DEBUG org.hibernate.loader.plan.build.internal.spaces.QuerySpacesImpl - Adding QuerySpace : uid = <gen:1> -> org.hibernate.loader.plan.build.internal.spaces.EntityQuerySpaceImpl@7c88d04f]
19:40:31.851 [main] DEBUG org.hibernate.loader.plan.build.internal.FetchStyleLoadPlanBuildingAssociationVisitationStrategy - Building LoadPlan...
19:40:31.851 [main] DEBUG org.hibernate.loader.plan.exec.internal.LoadQueryJoinAndFetchProcessor - processing queryspace <gen:0>
19:40:31.851 [main] DEBUG org.hibernate.loader.plan.build.spi.LoadPlanTreePrinter - LoadPlan(entity=tau.mmo.domain.Item)
    - Returns
       - EntityReturnImpl(entity=tau.mmo.domain.Item, querySpaceUid=<gen:0>, path=tau.mmo.domain.Item)
          - EntityAttributeFetchImpl(entity=tau.mmo.domain.Player, querySpaceUid=<gen:1>, path=tau.mmo.domain.Item.player)
    - QuerySpaces
       - EntityQuerySpaceImpl(uid=<gen:0>, entity=tau.mmo.domain.Item)
          - SQL table alias mapping - item0_
          - alias suffix - 0_
          - suffixed key columns - {id1_0_0_}

19:40:31.851 [main] DEBUG org.hibernate.loader.entity.plan.EntityLoader - Static select for entity tau.mmo.domain.Item [UPGRADE_NOWAIT]: select item0_.id as id1_0_0_, item0_.itemclass as itemclas2_0_0_, item0_.levelreq as levelreq3_0_0_, item0_.name as name4_0_0_, item0_.player_id as player_i5_0_0_ from item item0_ where item0_.id=? for update
19:40:31.851 [main] DEBUG org.hibernate.loader.plan.build.internal.spaces.QuerySpacesImpl - Adding QuerySpace : uid = <gen:0> -> org.hibernate.loader.plan.build.internal.spaces.EntityQuerySpaceImpl@71df5f30]
19:40:31.851 [main] DEBUG org.hibernate.persister.walking.spi.MetamodelGraphWalker - Visiting attribute path : itemclass
19:40:31.851 [main] DEBUG org.hibernate.persister.walking.spi.MetamodelGraphWalker - Visiting attribute path : levelreq
19:40:31.851 [main] DEBUG org.hibernate.persister.walking.spi.MetamodelGraphWalker - Visiting attribute path : name
19:40:31.851 [main] DEBUG org.hibernate.persister.walking.spi.MetamodelGraphWalker - Visiting attribute path : player
19:40:31.851 [main] DEBUG org.hibernate.loader.plan.build.internal.spaces.QuerySpacesImpl - Adding QuerySpace : uid = <gen:1> -> org.hibernate.loader.plan.build.internal.spaces.EntityQuerySpaceImpl@62808e9e]
19:40:31.851 [main] DEBUG org.hibernate.loader.plan.build.internal.FetchStyleLoadPlanBuildingAssociationVisitationStrategy - Building LoadPlan...
19:40:31.851 [main] DEBUG org.hibernate.loader.plan.exec.internal.LoadQueryJoinAndFetchProcessor - processing queryspace <gen:0>
19:40:31.851 [main] DEBUG org.hibernate.loader.plan.build.spi.LoadPlanTreePrinter - LoadPlan(entity=tau.mmo.domain.Item)
    - Returns
       - EntityReturnImpl(entity=tau.mmo.domain.Item, querySpaceUid=<gen:0>, path=tau.mmo.domain.Item)
          - EntityAttributeFetchImpl(entity=tau.mmo.domain.Player, querySpaceUid=<gen:1>, path=tau.mmo.domain.Item.player)
    - QuerySpaces
       - EntityQuerySpaceImpl(uid=<gen:0>, entity=tau.mmo.domain.Item)
          - SQL table alias mapping - item0_
          - alias suffix - 0_
          - suffixed key columns - {id1_0_0_}

19:40:31.851 [main] DEBUG org.hibernate.loader.entity.plan.EntityLoader - Static select for entity tau.mmo.domain.Item [UPGRADE_SKIPLOCKED]: select item0_.id as id1_0_0_, item0_.itemclass as itemclas2_0_0_, item0_.levelreq as levelreq3_0_0_, item0_.name as name4_0_0_, item0_.player_id as player_i5_0_0_ from item item0_ where item0_.id=? for update
19:40:31.851 [main] DEBUG org.hibernate.loader.plan.build.internal.spaces.QuerySpacesImpl - Adding QuerySpace : uid = <gen:0> -> org.hibernate.loader.plan.build.internal.spaces.EntityQuerySpaceImpl@58b03029]
19:40:31.852 [main] DEBUG org.hibernate.persister.walking.spi.MetamodelGraphWalker - Visiting attribute path : itemclass
19:40:31.852 [main] DEBUG org.hibernate.persister.walking.spi.MetamodelGraphWalker - Visiting attribute path : levelreq
19:40:31.852 [main] DEBUG org.hibernate.persister.walking.spi.MetamodelGraphWalker - Visiting attribute path : name
19:40:31.852 [main] DEBUG org.hibernate.persister.walking.spi.MetamodelGraphWalker - Visiting attribute path : player
19:40:31.852 [main] DEBUG org.hibernate.loader.plan.build.internal.spaces.QuerySpacesImpl - Adding QuerySpace : uid = <gen:1> -> org.hibernate.loader.plan.build.internal.spaces.EntityQuerySpaceImpl@3428420d]
19:40:31.852 [main] DEBUG org.hibernate.loader.plan.build.internal.FetchStyleLoadPlanBuildingAssociationVisitationStrategy - Building LoadPlan...
19:40:31.852 [main] DEBUG org.hibernate.loader.plan.exec.internal.LoadQueryJoinAndFetchProcessor - processing queryspace <gen:0>
19:40:31.852 [main] DEBUG org.hibernate.loader.plan.build.spi.LoadPlanTreePrinter - LoadPlan(entity=tau.mmo.domain.Item)
    - Returns
       - EntityReturnImpl(entity=tau.mmo.domain.Item, querySpaceUid=<gen:0>, path=tau.mmo.domain.Item)
          - EntityAttributeFetchImpl(entity=tau.mmo.domain.Player, querySpaceUid=<gen:1>, path=tau.mmo.domain.Item.player)
    - QuerySpaces
       - EntityQuerySpaceImpl(uid=<gen:0>, entity=tau.mmo.domain.Item)
          - SQL table alias mapping - item0_
          - alias suffix - 0_
          - suffixed key columns - {id1_0_0_}

19:40:31.852 [main] DEBUG org.hibernate.loader.entity.plan.EntityLoader - Static select for entity tau.mmo.domain.Item [FORCE]: select item0_.id as id1_0_0_, item0_.itemclass as itemclas2_0_0_, item0_.levelreq as levelreq3_0_0_, item0_.name as name4_0_0_, item0_.player_id as player_i5_0_0_ from item item0_ where item0_.id=? for update
19:40:31.852 [main] DEBUG org.hibernate.loader.plan.build.internal.spaces.QuerySpacesImpl - Adding QuerySpace : uid = <gen:0> -> org.hibernate.loader.plan.build.internal.spaces.EntityQuerySpaceImpl@523ade68]
19:40:31.852 [main] DEBUG org.hibernate.persister.walking.spi.MetamodelGraphWalker - Visiting attribute path : itemclass
19:40:31.852 [main] DEBUG org.hibernate.persister.walking.spi.MetamodelGraphWalker - Visiting attribute path : levelreq
19:40:31.852 [main] DEBUG org.hibernate.persister.walking.spi.MetamodelGraphWalker - Visiting attribute path : name
19:40:31.852 [main] DEBUG org.hibernate.persister.walking.spi.MetamodelGraphWalker - Visiting attribute path : player
19:40:31.852 [main] DEBUG org.hibernate.loader.plan.build.internal.spaces.QuerySpacesImpl - Adding QuerySpace : uid = <gen:1> -> org.hibernate.loader.plan.build.internal.spaces.EntityQuerySpaceImpl@3664c596]
19:40:31.852 [main] DEBUG org.hibernate.loader.plan.build.internal.FetchStyleLoadPlanBuildingAssociationVisitationStrategy - Building LoadPlan...
19:40:31.852 [main] DEBUG org.hibernate.loader.plan.exec.internal.LoadQueryJoinAndFetchProcessor - processing queryspace <gen:0>
19:40:31.852 [main] DEBUG org.hibernate.loader.plan.build.spi.LoadPlanTreePrinter - LoadPlan(entity=tau.mmo.domain.Item)
    - Returns
       - EntityReturnImpl(entity=tau.mmo.domain.Item, querySpaceUid=<gen:0>, path=tau.mmo.domain.Item)
          - EntityAttributeFetchImpl(entity=tau.mmo.domain.Player, querySpaceUid=<gen:1>, path=tau.mmo.domain.Item.player)
    - QuerySpaces
       - EntityQuerySpaceImpl(uid=<gen:0>, entity=tau.mmo.domain.Item)
          - SQL table alias mapping - item0_
          - alias suffix - 0_
          - suffixed key columns - {id1_0_0_}

19:40:31.852 [main] DEBUG org.hibernate.loader.entity.plan.EntityLoader - Static select for entity tau.mmo.domain.Item [PESSIMISTIC_READ]: select item0_.id as id1_0_0_, item0_.itemclass as itemclas2_0_0_, item0_.levelreq as levelreq3_0_0_, item0_.name as name4_0_0_, item0_.player_id as player_i5_0_0_ from item item0_ where item0_.id=? for update
19:40:31.852 [main] DEBUG org.hibernate.loader.plan.build.internal.spaces.QuerySpacesImpl - Adding QuerySpace : uid = <gen:0> -> org.hibernate.loader.plan.build.internal.spaces.EntityQuerySpaceImpl@40aad17d]
19:40:31.852 [main] DEBUG org.hibernate.persister.walking.spi.MetamodelGraphWalker - Visiting attribute path : itemclass
19:40:31.852 [main] DEBUG org.hibernate.persister.walking.spi.MetamodelGraphWalker - Visiting attribute path : levelreq
19:40:31.852 [main] DEBUG org.hibernate.persister.walking.spi.MetamodelGraphWalker - Visiting attribute path : name
19:40:31.852 [main] DEBUG org.hibernate.persister.walking.spi.MetamodelGraphWalker - Visiting attribute path : player
19:40:31.852 [main] DEBUG org.hibernate.loader.plan.build.internal.spaces.QuerySpacesImpl - Adding QuerySpace : uid = <gen:1> -> org.hibernate.loader.plan.build.internal.spaces.EntityQuerySpaceImpl@5bc14211]
19:40:31.853 [main] DEBUG org.hibernate.loader.plan.build.internal.FetchStyleLoadPlanBuildingAssociationVisitationStrategy - Building LoadPlan...
19:40:31.853 [main] DEBUG org.hibernate.loader.plan.exec.internal.LoadQueryJoinAndFetchProcessor - processing queryspace <gen:0>
19:40:31.853 [main] DEBUG org.hibernate.loader.plan.build.spi.LoadPlanTreePrinter - LoadPlan(entity=tau.mmo.domain.Item)
    - Returns
       - EntityReturnImpl(entity=tau.mmo.domain.Item, querySpaceUid=<gen:0>, path=tau.mmo.domain.Item)
          - EntityAttributeFetchImpl(entity=tau.mmo.domain.Player, querySpaceUid=<gen:1>, path=tau.mmo.domain.Item.player)
    - QuerySpaces
       - EntityQuerySpaceImpl(uid=<gen:0>, entity=tau.mmo.domain.Item)
          - SQL table alias mapping - item0_
          - alias suffix - 0_
          - suffixed key columns - {id1_0_0_}

19:40:31.853 [main] DEBUG org.hibernate.loader.entity.plan.EntityLoader - Static select for entity tau.mmo.domain.Item [PESSIMISTIC_WRITE]: select item0_.id as id1_0_0_, item0_.itemclass as itemclas2_0_0_, item0_.levelreq as levelreq3_0_0_, item0_.name as name4_0_0_, item0_.player_id as player_i5_0_0_ from item item0_ where item0_.id=? for update
19:40:31.853 [main] DEBUG org.hibernate.loader.plan.build.internal.spaces.QuerySpacesImpl - Adding QuerySpace : uid = <gen:0> -> org.hibernate.loader.plan.build.internal.spaces.EntityQuerySpaceImpl@4b99648a]
19:40:31.853 [main] DEBUG org.hibernate.persister.walking.spi.MetamodelGraphWalker - Visiting attribute path : itemclass
19:40:31.853 [main] DEBUG org.hibernate.persister.walking.spi.MetamodelGraphWalker - Visiting attribute path : levelreq
19:40:31.853 [main] DEBUG org.hibernate.persister.walking.spi.MetamodelGraphWalker - Visiting attribute path : name
19:40:31.853 [main] DEBUG org.hibernate.persister.walking.spi.MetamodelGraphWalker - Visiting attribute path : player
19:40:31.853 [main] DEBUG org.hibernate.loader.plan.build.internal.spaces.QuerySpacesImpl - Adding QuerySpace : uid = <gen:1> -> org.hibernate.loader.plan.build.internal.spaces.EntityQuerySpaceImpl@254513e8]
19:40:31.853 [main] DEBUG org.hibernate.loader.plan.build.internal.FetchStyleLoadPlanBuildingAssociationVisitationStrategy - Building LoadPlan...
19:40:31.853 [main] DEBUG org.hibernate.loader.plan.exec.internal.LoadQueryJoinAndFetchProcessor - processing queryspace <gen:0>
19:40:31.853 [main] DEBUG org.hibernate.loader.plan.build.spi.LoadPlanTreePrinter - LoadPlan(entity=tau.mmo.domain.Item)
    - Returns
       - EntityReturnImpl(entity=tau.mmo.domain.Item, querySpaceUid=<gen:0>, path=tau.mmo.domain.Item)
          - EntityAttributeFetchImpl(entity=tau.mmo.domain.Player, querySpaceUid=<gen:1>, path=tau.mmo.domain.Item.player)
    - QuerySpaces
       - EntityQuerySpaceImpl(uid=<gen:0>, entity=tau.mmo.domain.Item)
          - SQL table alias mapping - item0_
          - alias suffix - 0_
          - suffixed key columns - {id1_0_0_}

19:40:31.853 [main] DEBUG org.hibernate.loader.entity.plan.EntityLoader - Static select for entity tau.mmo.domain.Item [PESSIMISTIC_FORCE_INCREMENT]: select item0_.id as id1_0_0_, item0_.itemclass as itemclas2_0_0_, item0_.levelreq as levelreq3_0_0_, item0_.name as name4_0_0_, item0_.player_id as player_i5_0_0_ from item item0_ where item0_.id=? for update
19:40:31.853 [main] DEBUG org.hibernate.loader.plan.build.internal.spaces.QuerySpacesImpl - Adding QuerySpace : uid = <gen:0> -> org.hibernate.loader.plan.build.internal.spaces.EntityQuerySpaceImpl@74450c9b]
19:40:31.853 [main] DEBUG org.hibernate.persister.walking.spi.MetamodelGraphWalker - Visiting attribute path : itemclass
19:40:31.853 [main] DEBUG org.hibernate.persister.walking.spi.MetamodelGraphWalker - Visiting attribute path : levelreq
19:40:31.853 [main] DEBUG org.hibernate.persister.walking.spi.MetamodelGraphWalker - Visiting attribute path : name
19:40:31.853 [main] DEBUG org.hibernate.persister.walking.spi.MetamodelGraphWalker - Visiting attribute path : player
19:40:31.853 [main] DEBUG org.hibernate.loader.plan.build.internal.spaces.QuerySpacesImpl - Adding QuerySpace : uid = <gen:1> -> org.hibernate.loader.plan.build.internal.spaces.EntityQuerySpaceImpl@5ad50b02]
19:40:31.853 [main] DEBUG org.hibernate.loader.plan.build.internal.FetchStyleLoadPlanBuildingAssociationVisitationStrategy - Building LoadPlan...
19:40:31.853 [main] DEBUG org.hibernate.loader.plan.exec.internal.LoadQueryJoinAndFetchProcessor - processing queryspace <gen:0>
19:40:31.854 [main] DEBUG org.hibernate.loader.plan.build.spi.LoadPlanTreePrinter - LoadPlan(entity=tau.mmo.domain.Item)
    - Returns
       - EntityReturnImpl(entity=tau.mmo.domain.Item, querySpaceUid=<gen:0>, path=tau.mmo.domain.Item)
          - EntityAttributeFetchImpl(entity=tau.mmo.domain.Player, querySpaceUid=<gen:1>, path=tau.mmo.domain.Item.player)
    - QuerySpaces
       - EntityQuerySpaceImpl(uid=<gen:0>, entity=tau.mmo.domain.Item)
          - SQL table alias mapping - item0_
          - alias suffix - 0_
          - suffixed key columns - {id1_0_0_}

19:40:31.854 [main] DEBUG org.hibernate.loader.entity.plan.EntityLoader - Static select for entity tau.mmo.domain.Item [OPTIMISTIC]: select item0_.id as id1_0_0_, item0_.itemclass as itemclas2_0_0_, item0_.levelreq as levelreq3_0_0_, item0_.name as name4_0_0_, item0_.player_id as player_i5_0_0_ from item item0_ where item0_.id=?
19:40:31.854 [main] DEBUG org.hibernate.loader.plan.build.internal.spaces.QuerySpacesImpl - Adding QuerySpace : uid = <gen:0> -> org.hibernate.loader.plan.build.internal.spaces.EntityQuerySpaceImpl@570299e3]
19:40:31.854 [main] DEBUG org.hibernate.persister.walking.spi.MetamodelGraphWalker - Visiting attribute path : itemclass
19:40:31.854 [main] DEBUG org.hibernate.persister.walking.spi.MetamodelGraphWalker - Visiting attribute path : levelreq
19:40:31.854 [main] DEBUG org.hibernate.persister.walking.spi.MetamodelGraphWalker - Visiting attribute path : name
19:40:31.854 [main] DEBUG org.hibernate.persister.walking.spi.MetamodelGraphWalker - Visiting attribute path : player
19:40:31.854 [main] DEBUG org.hibernate.loader.plan.build.internal.spaces.QuerySpacesImpl - Adding QuerySpace : uid = <gen:1> -> org.hibernate.loader.plan.build.internal.spaces.EntityQuerySpaceImpl@3beaa16d]
19:40:31.854 [main] DEBUG org.hibernate.loader.plan.build.internal.FetchStyleLoadPlanBuildingAssociationVisitationStrategy - Building LoadPlan...
19:40:31.854 [main] DEBUG org.hibernate.loader.plan.exec.internal.LoadQueryJoinAndFetchProcessor - processing queryspace <gen:0>
19:40:31.854 [main] DEBUG org.hibernate.loader.plan.build.spi.LoadPlanTreePrinter - LoadPlan(entity=tau.mmo.domain.Item)
    - Returns
       - EntityReturnImpl(entity=tau.mmo.domain.Item, querySpaceUid=<gen:0>, path=tau.mmo.domain.Item)
          - EntityAttributeFetchImpl(entity=tau.mmo.domain.Player, querySpaceUid=<gen:1>, path=tau.mmo.domain.Item.player)
    - QuerySpaces
       - EntityQuerySpaceImpl(uid=<gen:0>, entity=tau.mmo.domain.Item)
          - SQL table alias mapping - item0_
          - alias suffix - 0_
          - suffixed key columns - {id1_0_0_}

19:40:31.854 [main] DEBUG org.hibernate.loader.entity.plan.EntityLoader - Static select for entity tau.mmo.domain.Item [OPTIMISTIC_FORCE_INCREMENT]: select item0_.id as id1_0_0_, item0_.itemclass as itemclas2_0_0_, item0_.levelreq as levelreq3_0_0_, item0_.name as name4_0_0_, item0_.player_id as player_i5_0_0_ from item item0_ where item0_.id=?
19:40:31.854 [main] DEBUG org.hibernate.loader.Loader - Static select for action ACTION_MERGE on entity tau.mmo.domain.Item: select item0_.id as id1_0_0_, item0_.itemclass as itemclas2_0_0_, item0_.levelreq as levelreq3_0_0_, item0_.name as name4_0_0_, item0_.player_id as player_i5_0_0_ from item item0_ where item0_.id=?
19:40:31.854 [main] DEBUG org.hibernate.loader.Loader - Static select for action ACTION_REFRESH on entity tau.mmo.domain.Item: select item0_.id as id1_0_0_, item0_.itemclass as itemclas2_0_0_, item0_.levelreq as levelreq3_0_0_, item0_.name as name4_0_0_, item0_.player_id as player_i5_0_0_ from item item0_ where item0_.id=?
19:40:31.854 [main] DEBUG org.hibernate.persister.entity.AbstractEntityPersister - Static SQL for entity: tau.mmo.domain.Player
19:40:31.854 [main] DEBUG org.hibernate.persister.entity.AbstractEntityPersister -  Version select: select id from player where id =?
19:40:31.854 [main] DEBUG org.hibernate.persister.entity.AbstractEntityPersister -  Snapshot select: select player_.id, player_.heroclass as heroclas2_1_, player_.level as level3_1_, player_.name as name4_1_ from player player_ where player_.id=?
19:40:31.854 [main] DEBUG org.hibernate.persister.entity.AbstractEntityPersister -  Insert 0: insert into player (heroclass, level, name, id) values (?, ?, ?, ?)
19:40:31.854 [main] DEBUG org.hibernate.persister.entity.AbstractEntityPersister -  Update 0: update player set heroclass=?, level=?, name=? where id=?
19:40:31.854 [main] DEBUG org.hibernate.persister.entity.AbstractEntityPersister -  Delete 0: delete from player where id=?
19:40:31.854 [main] DEBUG org.hibernate.loader.plan.build.internal.spaces.QuerySpacesImpl - Adding QuerySpace : uid = <gen:0> -> org.hibernate.loader.plan.build.internal.spaces.EntityQuerySpaceImpl@49153009]
19:40:31.854 [main] DEBUG org.hibernate.persister.walking.spi.MetamodelGraphWalker - Visiting attribute path : heroclass
19:40:31.854 [main] DEBUG org.hibernate.persister.walking.spi.MetamodelGraphWalker - Visiting attribute path : items
19:40:31.854 [main] DEBUG org.hibernate.loader.plan.build.internal.spaces.QuerySpacesImpl - Adding QuerySpace : uid = <gen:1> -> org.hibernate.loader.plan.build.internal.spaces.CollectionQuerySpaceImpl@7aa63f50]
19:40:31.854 [main] DEBUG org.hibernate.loader.plan.build.internal.spaces.QuerySpacesImpl - Adding QuerySpace : uid = <gen:2> -> org.hibernate.loader.plan.build.internal.spaces.EntityQuerySpaceImpl@142918a0]
19:40:31.854 [main] DEBUG org.hibernate.persister.walking.spi.MetamodelGraphWalker - Visiting attribute path : items.itemclass
19:40:31.854 [main] DEBUG org.hibernate.persister.walking.spi.MetamodelGraphWalker - Visiting attribute path : items.levelreq
19:40:31.854 [main] DEBUG org.hibernate.persister.walking.spi.MetamodelGraphWalker - Visiting attribute path : items.name
19:40:31.854 [main] DEBUG org.hibernate.persister.walking.spi.MetamodelGraphWalker - Visiting attribute path : items.player
19:40:31.854 [main] DEBUG org.hibernate.persister.walking.spi.MetamodelGraphWalker - Property path deemed to be circular : items.player
19:40:31.855 [main] DEBUG org.hibernate.persister.walking.spi.MetamodelGraphWalker - Visiting attribute path : level
19:40:31.855 [main] DEBUG org.hibernate.persister.walking.spi.MetamodelGraphWalker - Visiting attribute path : name
19:40:31.855 [main] DEBUG org.hibernate.loader.plan.build.internal.FetchStyleLoadPlanBuildingAssociationVisitationStrategy - Building LoadPlan...
19:40:31.855 [main] DEBUG org.hibernate.loader.plan.exec.internal.LoadQueryJoinAndFetchProcessor - processing queryspace <gen:0>
19:40:31.855 [main] DEBUG org.hibernate.loader.plan.build.spi.LoadPlanTreePrinter - LoadPlan(entity=tau.mmo.domain.Player)
    - Returns
       - EntityReturnImpl(entity=tau.mmo.domain.Player, querySpaceUid=<gen:0>, path=tau.mmo.domain.Player)
          - CollectionAttributeFetchImpl(collection=tau.mmo.domain.Player.items, querySpaceUid=<gen:1>, path=tau.mmo.domain.Player.items)
             - (collection element) CollectionFetchableElementEntityGraph(entity=tau.mmo.domain.Item, querySpaceUid=<gen:2>, path=tau.mmo.domain.Player.items.<elements>)
    - QuerySpaces
       - EntityQuerySpaceImpl(uid=<gen:0>, entity=tau.mmo.domain.Player)
          - SQL table alias mapping - player0_
          - alias suffix - 0_
          - suffixed key columns - {id1_1_0_}
          - JOIN (JoinDefinedByMetadata(items)) : <gen:0> -> <gen:1>
             - CollectionQuerySpaceImpl(uid=<gen:1>, collection=tau.mmo.domain.Player.items)
                - SQL table alias mapping - items1_
                - alias suffix - 1_
                - suffixed key columns - {player_i5_0_1_}
                - entity-element alias suffix - 2_
                - 2_entity-element suffixed key columns - id1_0_2_
                - JOIN (JoinDefinedByMetadata(elements)) : <gen:1> -> <gen:2>
                   - EntityQuerySpaceImpl(uid=<gen:2>, entity=tau.mmo.domain.Item)
                      - SQL table alias mapping - items1_
                      - alias suffix - 2_
                      - suffixed key columns - {id1_0_2_}

19:40:31.855 [main] DEBUG org.hibernate.loader.entity.plan.EntityLoader - Static select for entity tau.mmo.domain.Player [NONE]: select player0_.id as id1_1_0_, player0_.heroclass as heroclas2_1_0_, player0_.level as level3_1_0_, player0_.name as name4_1_0_, items1_.player_id as player_i5_0_1_, items1_.id as id1_0_1_, items1_.id as id1_0_2_, items1_.itemclass as itemclas2_0_2_, items1_.levelreq as levelreq3_0_2_, items1_.name as name4_0_2_, items1_.player_id as player_i5_0_2_ from player player0_ left outer join item items1_ on player0_.id=items1_.player_id where player0_.id=?
19:40:31.855 [main] DEBUG org.hibernate.loader.plan.build.internal.spaces.QuerySpacesImpl - Adding QuerySpace : uid = <gen:0> -> org.hibernate.loader.plan.build.internal.spaces.EntityQuerySpaceImpl@6eab92f3]
19:40:31.855 [main] DEBUG org.hibernate.persister.walking.spi.MetamodelGraphWalker - Visiting attribute path : heroclass
19:40:31.855 [main] DEBUG org.hibernate.persister.walking.spi.MetamodelGraphWalker - Visiting attribute path : items
19:40:31.855 [main] DEBUG org.hibernate.loader.plan.build.internal.spaces.QuerySpacesImpl - Adding QuerySpace : uid = <gen:1> -> org.hibernate.loader.plan.build.internal.spaces.CollectionQuerySpaceImpl@21eedcde]
19:40:31.855 [main] DEBUG org.hibernate.loader.plan.build.internal.spaces.QuerySpacesImpl - Adding QuerySpace : uid = <gen:2> -> org.hibernate.loader.plan.build.internal.spaces.EntityQuerySpaceImpl@67396475]
19:40:31.855 [main] DEBUG org.hibernate.persister.walking.spi.MetamodelGraphWalker - Visiting attribute path : items.itemclass
19:40:31.855 [main] DEBUG org.hibernate.persister.walking.spi.MetamodelGraphWalker - Visiting attribute path : items.levelreq
19:40:31.855 [main] DEBUG org.hibernate.persister.walking.spi.MetamodelGraphWalker - Visiting attribute path : items.name
19:40:31.855 [main] DEBUG org.hibernate.persister.walking.spi.MetamodelGraphWalker - Visiting attribute path : items.player
19:40:31.855 [main] DEBUG org.hibernate.persister.walking.spi.MetamodelGraphWalker - Property path deemed to be circular : items.player
19:40:31.855 [main] DEBUG org.hibernate.persister.walking.spi.MetamodelGraphWalker - Visiting attribute path : level
19:40:31.855 [main] DEBUG org.hibernate.persister.walking.spi.MetamodelGraphWalker - Visiting attribute path : name
19:40:31.855 [main] DEBUG org.hibernate.loader.plan.build.internal.FetchStyleLoadPlanBuildingAssociationVisitationStrategy - Building LoadPlan...
19:40:31.855 [main] DEBUG org.hibernate.loader.plan.exec.internal.LoadQueryJoinAndFetchProcessor - processing queryspace <gen:0>
19:40:31.855 [main] DEBUG org.hibernate.loader.plan.build.spi.LoadPlanTreePrinter - LoadPlan(entity=tau.mmo.domain.Player)
    - Returns
       - EntityReturnImpl(entity=tau.mmo.domain.Player, querySpaceUid=<gen:0>, path=tau.mmo.domain.Player)
          - CollectionAttributeFetchImpl(collection=tau.mmo.domain.Player.items, querySpaceUid=<gen:1>, path=tau.mmo.domain.Player.items)
             - (collection element) CollectionFetchableElementEntityGraph(entity=tau.mmo.domain.Item, querySpaceUid=<gen:2>, path=tau.mmo.domain.Player.items.<elements>)
    - QuerySpaces
       - EntityQuerySpaceImpl(uid=<gen:0>, entity=tau.mmo.domain.Player)
          - SQL table alias mapping - player0_
          - alias suffix - 0_
          - suffixed key columns - {id1_1_0_}
          - JOIN (JoinDefinedByMetadata(items)) : <gen:0> -> <gen:1>
             - CollectionQuerySpaceImpl(uid=<gen:1>, collection=tau.mmo.domain.Player.items)
                - SQL table alias mapping - items1_
                - alias suffix - 1_
                - suffixed key columns - {player_i5_0_1_}
                - entity-element alias suffix - 2_
                - 2_entity-element suffixed key columns - id1_0_2_
                - JOIN (JoinDefinedByMetadata(elements)) : <gen:1> -> <gen:2>
                   - EntityQuerySpaceImpl(uid=<gen:2>, entity=tau.mmo.domain.Item)
                      - SQL table alias mapping - items1_
                      - alias suffix - 2_
                      - suffixed key columns - {id1_0_2_}

19:40:31.855 [main] DEBUG org.hibernate.loader.entity.plan.EntityLoader - Static select for entity tau.mmo.domain.Player [READ]: select player0_.id as id1_1_0_, player0_.heroclass as heroclas2_1_0_, player0_.level as level3_1_0_, player0_.name as name4_1_0_, items1_.player_id as player_i5_0_1_, items1_.id as id1_0_1_, items1_.id as id1_0_2_, items1_.itemclass as itemclas2_0_2_, items1_.levelreq as levelreq3_0_2_, items1_.name as name4_0_2_, items1_.player_id as player_i5_0_2_ from player player0_ left outer join item items1_ on player0_.id=items1_.player_id where player0_.id=?
19:40:31.855 [main] DEBUG org.hibernate.loader.plan.build.internal.spaces.QuerySpacesImpl - Adding QuerySpace : uid = <gen:0> -> org.hibernate.loader.plan.build.internal.spaces.EntityQuerySpaceImpl@6bc62bb9]
19:40:31.856 [main] DEBUG org.hibernate.persister.walking.spi.MetamodelGraphWalker - Visiting attribute path : heroclass
19:40:31.856 [main] DEBUG org.hibernate.persister.walking.spi.MetamodelGraphWalker - Visiting attribute path : items
19:40:31.856 [main] DEBUG org.hibernate.loader.plan.build.internal.spaces.QuerySpacesImpl - Adding QuerySpace : uid = <gen:1> -> org.hibernate.loader.plan.build.internal.spaces.CollectionQuerySpaceImpl@28db2afb]
19:40:31.856 [main] DEBUG org.hibernate.loader.plan.build.internal.spaces.QuerySpacesImpl - Adding QuerySpace : uid = <gen:2> -> org.hibernate.loader.plan.build.internal.spaces.EntityQuerySpaceImpl@5c703860]
19:40:31.856 [main] DEBUG org.hibernate.persister.walking.spi.MetamodelGraphWalker - Visiting attribute path : level
19:40:31.856 [main] DEBUG org.hibernate.persister.walking.spi.MetamodelGraphWalker - Visiting attribute path : name
19:40:31.856 [main] DEBUG org.hibernate.loader.plan.build.internal.FetchStyleLoadPlanBuildingAssociationVisitationStrategy - Building LoadPlan...
19:40:31.856 [main] DEBUG org.hibernate.loader.plan.exec.internal.LoadQueryJoinAndFetchProcessor - processing queryspace <gen:0>
19:40:31.856 [main] DEBUG org.hibernate.loader.plan.build.spi.LoadPlanTreePrinter - LoadPlan(entity=tau.mmo.domain.Player)
    - Returns
       - EntityReturnImpl(entity=tau.mmo.domain.Player, querySpaceUid=<gen:0>, path=tau.mmo.domain.Player)
          - CollectionAttributeFetchImpl(collection=tau.mmo.domain.Player.items, querySpaceUid=<gen:1>, path=tau.mmo.domain.Player.items)
             - (collection element) CollectionFetchableElementEntityGraph(entity=tau.mmo.domain.Item, querySpaceUid=<gen:2>, path=tau.mmo.domain.Player.items.<elements>)
    - QuerySpaces
       - EntityQuerySpaceImpl(uid=<gen:0>, entity=tau.mmo.domain.Player)
          - SQL table alias mapping - player0_
          - alias suffix - 0_
          - suffixed key columns - {id1_1_0_}

19:40:31.856 [main] DEBUG org.hibernate.loader.entity.plan.EntityLoader - Static select for entity tau.mmo.domain.Player [UPGRADE]: select player0_.id as id1_1_0_, player0_.heroclass as heroclas2_1_0_, player0_.level as level3_1_0_, player0_.name as name4_1_0_ from player player0_ where player0_.id=? for update
19:40:31.856 [main] DEBUG org.hibernate.loader.plan.build.internal.spaces.QuerySpacesImpl - Adding QuerySpace : uid = <gen:0> -> org.hibernate.loader.plan.build.internal.spaces.EntityQuerySpaceImpl@6315bb4]
19:40:31.856 [main] DEBUG org.hibernate.persister.walking.spi.MetamodelGraphWalker - Visiting attribute path : heroclass
19:40:31.856 [main] DEBUG org.hibernate.persister.walking.spi.MetamodelGraphWalker - Visiting attribute path : items
19:40:31.856 [main] DEBUG org.hibernate.loader.plan.build.internal.spaces.QuerySpacesImpl - Adding QuerySpace : uid = <gen:1> -> org.hibernate.loader.plan.build.internal.spaces.CollectionQuerySpaceImpl@37fffef3]
19:40:31.856 [main] DEBUG org.hibernate.loader.plan.build.internal.spaces.QuerySpacesImpl - Adding QuerySpace : uid = <gen:2> -> org.hibernate.loader.plan.build.internal.spaces.EntityQuerySpaceImpl@6a116354]
19:40:31.856 [main] DEBUG org.hibernate.persister.walking.spi.MetamodelGraphWalker - Visiting attribute path : level
19:40:31.856 [main] DEBUG org.hibernate.persister.walking.spi.MetamodelGraphWalker - Visiting attribute path : name
19:40:31.856 [main] DEBUG org.hibernate.loader.plan.build.internal.FetchStyleLoadPlanBuildingAssociationVisitationStrategy - Building LoadPlan...
19:40:31.856 [main] DEBUG org.hibernate.loader.plan.exec.internal.LoadQueryJoinAndFetchProcessor - processing queryspace <gen:0>
19:40:31.856 [main] DEBUG org.hibernate.loader.plan.build.spi.LoadPlanTreePrinter - LoadPlan(entity=tau.mmo.domain.Player)
    - Returns
       - EntityReturnImpl(entity=tau.mmo.domain.Player, querySpaceUid=<gen:0>, path=tau.mmo.domain.Player)
          - CollectionAttributeFetchImpl(collection=tau.mmo.domain.Player.items, querySpaceUid=<gen:1>, path=tau.mmo.domain.Player.items)
             - (collection element) CollectionFetchableElementEntityGraph(entity=tau.mmo.domain.Item, querySpaceUid=<gen:2>, path=tau.mmo.domain.Player.items.<elements>)
    - QuerySpaces
       - EntityQuerySpaceImpl(uid=<gen:0>, entity=tau.mmo.domain.Player)
          - SQL table alias mapping - player0_
          - alias suffix - 0_
          - suffixed key columns - {id1_1_0_}

19:40:31.856 [main] DEBUG org.hibernate.loader.entity.plan.EntityLoader - Static select for entity tau.mmo.domain.Player [UPGRADE_NOWAIT]: select player0_.id as id1_1_0_, player0_.heroclass as heroclas2_1_0_, player0_.level as level3_1_0_, player0_.name as name4_1_0_ from player player0_ where player0_.id=? for update
19:40:31.856 [main] DEBUG org.hibernate.loader.plan.build.internal.spaces.QuerySpacesImpl - Adding QuerySpace : uid = <gen:0> -> org.hibernate.loader.plan.build.internal.spaces.EntityQuerySpaceImpl@66716959]
19:40:31.856 [main] DEBUG org.hibernate.persister.walking.spi.MetamodelGraphWalker - Visiting attribute path : heroclass
19:40:31.856 [main] DEBUG org.hibernate.persister.walking.spi.MetamodelGraphWalker - Visiting attribute path : items
19:40:31.856 [main] DEBUG org.hibernate.loader.plan.build.internal.spaces.QuerySpacesImpl - Adding QuerySpace : uid = <gen:1> -> org.hibernate.loader.plan.build.internal.spaces.CollectionQuerySpaceImpl@7ca0166c]
19:40:31.856 [main] DEBUG org.hibernate.loader.plan.build.internal.spaces.QuerySpacesImpl - Adding QuerySpace : uid = <gen:2> -> org.hibernate.loader.plan.build.internal.spaces.EntityQuerySpaceImpl@1dcad16f]
19:40:31.856 [main] DEBUG org.hibernate.persister.walking.spi.MetamodelGraphWalker - Visiting attribute path : level
19:40:31.856 [main] DEBUG org.hibernate.persister.walking.spi.MetamodelGraphWalker - Visiting attribute path : name
19:40:31.856 [main] DEBUG org.hibernate.loader.plan.build.internal.FetchStyleLoadPlanBuildingAssociationVisitationStrategy - Building LoadPlan...
19:40:31.856 [main] DEBUG org.hibernate.loader.plan.exec.internal.LoadQueryJoinAndFetchProcessor - processing queryspace <gen:0>
19:40:31.856 [main] DEBUG org.hibernate.loader.plan.build.spi.LoadPlanTreePrinter - LoadPlan(entity=tau.mmo.domain.Player)
    - Returns
       - EntityReturnImpl(entity=tau.mmo.domain.Player, querySpaceUid=<gen:0>, path=tau.mmo.domain.Player)
          - CollectionAttributeFetchImpl(collection=tau.mmo.domain.Player.items, querySpaceUid=<gen:1>, path=tau.mmo.domain.Player.items)
             - (collection element) CollectionFetchableElementEntityGraph(entity=tau.mmo.domain.Item, querySpaceUid=<gen:2>, path=tau.mmo.domain.Player.items.<elements>)
    - QuerySpaces
       - EntityQuerySpaceImpl(uid=<gen:0>, entity=tau.mmo.domain.Player)
          - SQL table alias mapping - player0_
          - alias suffix - 0_
          - suffixed key columns - {id1_1_0_}

19:40:31.856 [main] DEBUG org.hibernate.loader.entity.plan.EntityLoader - Static select for entity tau.mmo.domain.Player [UPGRADE_SKIPLOCKED]: select player0_.id as id1_1_0_, player0_.heroclass as heroclas2_1_0_, player0_.level as level3_1_0_, player0_.name as name4_1_0_ from player player0_ where player0_.id=? for update
19:40:31.856 [main] DEBUG org.hibernate.loader.plan.build.internal.spaces.QuerySpacesImpl - Adding QuerySpace : uid = <gen:0> -> org.hibernate.loader.plan.build.internal.spaces.EntityQuerySpaceImpl@701c482e]
19:40:31.856 [main] DEBUG org.hibernate.persister.walking.spi.MetamodelGraphWalker - Visiting attribute path : heroclass
19:40:31.856 [main] DEBUG org.hibernate.persister.walking.spi.MetamodelGraphWalker - Visiting attribute path : items
19:40:31.856 [main] DEBUG org.hibernate.loader.plan.build.internal.spaces.QuerySpacesImpl - Adding QuerySpace : uid = <gen:1> -> org.hibernate.loader.plan.build.internal.spaces.CollectionQuerySpaceImpl@3b576ee3]
19:40:31.857 [main] DEBUG org.hibernate.loader.plan.build.internal.spaces.QuerySpacesImpl - Adding QuerySpace : uid = <gen:2> -> org.hibernate.loader.plan.build.internal.spaces.EntityQuerySpaceImpl@705d914f]
19:40:31.857 [main] DEBUG org.hibernate.persister.walking.spi.MetamodelGraphWalker - Visiting attribute path : level
19:40:31.857 [main] DEBUG org.hibernate.persister.walking.spi.MetamodelGraphWalker - Visiting attribute path : name
19:40:31.857 [main] DEBUG org.hibernate.loader.plan.build.internal.FetchStyleLoadPlanBuildingAssociationVisitationStrategy - Building LoadPlan...
19:40:31.857 [main] DEBUG org.hibernate.loader.plan.exec.internal.LoadQueryJoinAndFetchProcessor - processing queryspace <gen:0>
19:40:31.857 [main] DEBUG org.hibernate.loader.plan.build.spi.LoadPlanTreePrinter - LoadPlan(entity=tau.mmo.domain.Player)
    - Returns
       - EntityReturnImpl(entity=tau.mmo.domain.Player, querySpaceUid=<gen:0>, path=tau.mmo.domain.Player)
          - CollectionAttributeFetchImpl(collection=tau.mmo.domain.Player.items, querySpaceUid=<gen:1>, path=tau.mmo.domain.Player.items)
             - (collection element) CollectionFetchableElementEntityGraph(entity=tau.mmo.domain.Item, querySpaceUid=<gen:2>, path=tau.mmo.domain.Player.items.<elements>)
    - QuerySpaces
       - EntityQuerySpaceImpl(uid=<gen:0>, entity=tau.mmo.domain.Player)
          - SQL table alias mapping - player0_
          - alias suffix - 0_
          - suffixed key columns - {id1_1_0_}

19:40:31.857 [main] DEBUG org.hibernate.loader.entity.plan.EntityLoader - Static select for entity tau.mmo.domain.Player [FORCE]: select player0_.id as id1_1_0_, player0_.heroclass as heroclas2_1_0_, player0_.level as level3_1_0_, player0_.name as name4_1_0_ from player player0_ where player0_.id=? for update
19:40:31.857 [main] DEBUG org.hibernate.loader.plan.build.internal.spaces.QuerySpacesImpl - Adding QuerySpace : uid = <gen:0> -> org.hibernate.loader.plan.build.internal.spaces.EntityQuerySpaceImpl@6212ea52]
19:40:31.857 [main] DEBUG org.hibernate.persister.walking.spi.MetamodelGraphWalker - Visiting attribute path : heroclass
19:40:31.857 [main] DEBUG org.hibernate.persister.walking.spi.MetamodelGraphWalker - Visiting attribute path : items
19:40:31.857 [main] DEBUG org.hibernate.loader.plan.build.internal.spaces.QuerySpacesImpl - Adding QuerySpace : uid = <gen:1> -> org.hibernate.loader.plan.build.internal.spaces.CollectionQuerySpaceImpl@6595ffce]
19:40:31.857 [main] DEBUG org.hibernate.loader.plan.build.internal.spaces.QuerySpacesImpl - Adding QuerySpace : uid = <gen:2> -> org.hibernate.loader.plan.build.internal.spaces.EntityQuerySpaceImpl@795eddda]
19:40:31.857 [main] DEBUG org.hibernate.persister.walking.spi.MetamodelGraphWalker - Visiting attribute path : level
19:40:31.857 [main] DEBUG org.hibernate.persister.walking.spi.MetamodelGraphWalker - Visiting attribute path : name
19:40:31.857 [main] DEBUG org.hibernate.loader.plan.build.internal.FetchStyleLoadPlanBuildingAssociationVisitationStrategy - Building LoadPlan...
19:40:31.857 [main] DEBUG org.hibernate.loader.plan.exec.internal.LoadQueryJoinAndFetchProcessor - processing queryspace <gen:0>
19:40:31.857 [main] DEBUG org.hibernate.loader.plan.build.spi.LoadPlanTreePrinter - LoadPlan(entity=tau.mmo.domain.Player)
    - Returns
       - EntityReturnImpl(entity=tau.mmo.domain.Player, querySpaceUid=<gen:0>, path=tau.mmo.domain.Player)
          - CollectionAttributeFetchImpl(collection=tau.mmo.domain.Player.items, querySpaceUid=<gen:1>, path=tau.mmo.domain.Player.items)
             - (collection element) CollectionFetchableElementEntityGraph(entity=tau.mmo.domain.Item, querySpaceUid=<gen:2>, path=tau.mmo.domain.Player.items.<elements>)
    - QuerySpaces
       - EntityQuerySpaceImpl(uid=<gen:0>, entity=tau.mmo.domain.Player)
          - SQL table alias mapping - player0_
          - alias suffix - 0_
          - suffixed key columns - {id1_1_0_}

19:40:31.857 [main] DEBUG org.hibernate.loader.entity.plan.EntityLoader - Static select for entity tau.mmo.domain.Player [PESSIMISTIC_READ]: select player0_.id as id1_1_0_, player0_.heroclass as heroclas2_1_0_, player0_.level as level3_1_0_, player0_.name as name4_1_0_ from player player0_ where player0_.id=? for update
19:40:31.857 [main] DEBUG org.hibernate.loader.plan.build.internal.spaces.QuerySpacesImpl - Adding QuerySpace : uid = <gen:0> -> org.hibernate.loader.plan.build.internal.spaces.EntityQuerySpaceImpl@c6bf8d9]
19:40:31.857 [main] DEBUG org.hibernate.persister.walking.spi.MetamodelGraphWalker - Visiting attribute path : heroclass
19:40:31.857 [main] DEBUG org.hibernate.persister.walking.spi.MetamodelGraphWalker - Visiting attribute path : items
19:40:31.857 [main] DEBUG org.hibernate.loader.plan.build.internal.spaces.QuerySpacesImpl - Adding QuerySpace : uid = <gen:1> -> org.hibernate.loader.plan.build.internal.spaces.CollectionQuerySpaceImpl@e18d2a2]
19:40:31.857 [main] DEBUG org.hibernate.loader.plan.build.internal.spaces.QuerySpacesImpl - Adding QuerySpace : uid = <gen:2> -> org.hibernate.loader.plan.build.internal.spaces.EntityQuerySpaceImpl@1a77eb6]
19:40:31.857 [main] DEBUG org.hibernate.persister.walking.spi.MetamodelGraphWalker - Visiting attribute path : level
19:40:31.857 [main] DEBUG org.hibernate.persister.walking.spi.MetamodelGraphWalker - Visiting attribute path : name
19:40:31.857 [main] DEBUG org.hibernate.loader.plan.build.internal.FetchStyleLoadPlanBuildingAssociationVisitationStrategy - Building LoadPlan...
19:40:31.857 [main] DEBUG org.hibernate.loader.plan.exec.internal.LoadQueryJoinAndFetchProcessor - processing queryspace <gen:0>
19:40:31.858 [main] DEBUG org.hibernate.loader.plan.build.spi.LoadPlanTreePrinter - LoadPlan(entity=tau.mmo.domain.Player)
    - Returns
       - EntityReturnImpl(entity=tau.mmo.domain.Player, querySpaceUid=<gen:0>, path=tau.mmo.domain.Player)
          - CollectionAttributeFetchImpl(collection=tau.mmo.domain.Player.items, querySpaceUid=<gen:1>, path=tau.mmo.domain.Player.items)
             - (collection element) CollectionFetchableElementEntityGraph(entity=tau.mmo.domain.Item, querySpaceUid=<gen:2>, path=tau.mmo.domain.Player.items.<elements>)
    - QuerySpaces
       - EntityQuerySpaceImpl(uid=<gen:0>, entity=tau.mmo.domain.Player)
          - SQL table alias mapping - player0_
          - alias suffix - 0_
          - suffixed key columns - {id1_1_0_}

19:40:31.858 [main] DEBUG org.hibernate.loader.entity.plan.EntityLoader - Static select for entity tau.mmo.domain.Player [PESSIMISTIC_WRITE]: select player0_.id as id1_1_0_, player0_.heroclass as heroclas2_1_0_, player0_.level as level3_1_0_, player0_.name as name4_1_0_ from player player0_ where player0_.id=? for update
19:40:31.858 [main] DEBUG org.hibernate.loader.plan.build.internal.spaces.QuerySpacesImpl - Adding QuerySpace : uid = <gen:0> -> org.hibernate.loader.plan.build.internal.spaces.EntityQuerySpaceImpl@52d9f36b]
19:40:31.858 [main] DEBUG org.hibernate.persister.walking.spi.MetamodelGraphWalker - Visiting attribute path : heroclass
19:40:31.858 [main] DEBUG org.hibernate.persister.walking.spi.MetamodelGraphWalker - Visiting attribute path : items
19:40:31.858 [main] DEBUG org.hibernate.loader.plan.build.internal.spaces.QuerySpacesImpl - Adding QuerySpace : uid = <gen:1> -> org.hibernate.loader.plan.build.internal.spaces.CollectionQuerySpaceImpl@175bf9c9]
19:40:31.858 [main] DEBUG org.hibernate.loader.plan.build.internal.spaces.QuerySpacesImpl - Adding QuerySpace : uid = <gen:2> -> org.hibernate.loader.plan.build.internal.spaces.EntityQuerySpaceImpl@2db3675a]
19:40:31.858 [main] DEBUG org.hibernate.persister.walking.spi.MetamodelGraphWalker - Visiting attribute path : level
19:40:31.858 [main] DEBUG org.hibernate.persister.walking.spi.MetamodelGraphWalker - Visiting attribute path : name
19:40:31.858 [main] DEBUG org.hibernate.loader.plan.build.internal.FetchStyleLoadPlanBuildingAssociationVisitationStrategy - Building LoadPlan...
19:40:31.858 [main] DEBUG org.hibernate.loader.plan.exec.internal.LoadQueryJoinAndFetchProcessor - processing queryspace <gen:0>
19:40:31.858 [main] DEBUG org.hibernate.loader.plan.build.spi.LoadPlanTreePrinter - LoadPlan(entity=tau.mmo.domain.Player)
    - Returns
       - EntityReturnImpl(entity=tau.mmo.domain.Player, querySpaceUid=<gen:0>, path=tau.mmo.domain.Player)
          - CollectionAttributeFetchImpl(collection=tau.mmo.domain.Player.items, querySpaceUid=<gen:1>, path=tau.mmo.domain.Player.items)
             - (collection element) CollectionFetchableElementEntityGraph(entity=tau.mmo.domain.Item, querySpaceUid=<gen:2>, path=tau.mmo.domain.Player.items.<elements>)
    - QuerySpaces
       - EntityQuerySpaceImpl(uid=<gen:0>, entity=tau.mmo.domain.Player)
          - SQL table alias mapping - player0_
          - alias suffix - 0_
          - suffixed key columns - {id1_1_0_}

19:40:31.858 [main] DEBUG org.hibernate.loader.entity.plan.EntityLoader - Static select for entity tau.mmo.domain.Player [PESSIMISTIC_FORCE_INCREMENT]: select player0_.id as id1_1_0_, player0_.heroclass as heroclas2_1_0_, player0_.level as level3_1_0_, player0_.name as name4_1_0_ from player player0_ where player0_.id=? for update
19:40:31.858 [main] DEBUG org.hibernate.loader.plan.build.internal.spaces.QuerySpacesImpl - Adding QuerySpace : uid = <gen:0> -> org.hibernate.loader.plan.build.internal.spaces.EntityQuerySpaceImpl@306c9b2c]
19:40:31.858 [main] DEBUG org.hibernate.persister.walking.spi.MetamodelGraphWalker - Visiting attribute path : heroclass
19:40:31.858 [main] DEBUG org.hibernate.persister.walking.spi.MetamodelGraphWalker - Visiting attribute path : items
19:40:31.858 [main] DEBUG org.hibernate.loader.plan.build.internal.spaces.QuerySpacesImpl - Adding QuerySpace : uid = <gen:1> -> org.hibernate.loader.plan.build.internal.spaces.CollectionQuerySpaceImpl@52efb338]
19:40:31.858 [main] DEBUG org.hibernate.loader.plan.build.internal.spaces.QuerySpacesImpl - Adding QuerySpace : uid = <gen:2> -> org.hibernate.loader.plan.build.internal.spaces.EntityQuerySpaceImpl@64508788]
19:40:31.858 [main] DEBUG org.hibernate.persister.walking.spi.MetamodelGraphWalker - Visiting attribute path : level
19:40:31.858 [main] DEBUG org.hibernate.persister.walking.spi.MetamodelGraphWalker - Visiting attribute path : name
19:40:31.858 [main] DEBUG org.hibernate.loader.plan.build.internal.FetchStyleLoadPlanBuildingAssociationVisitationStrategy - Building LoadPlan...
19:40:31.858 [main] DEBUG org.hibernate.loader.plan.exec.internal.LoadQueryJoinAndFetchProcessor - processing queryspace <gen:0>
19:40:31.858 [main] DEBUG org.hibernate.loader.plan.build.spi.LoadPlanTreePrinter - LoadPlan(entity=tau.mmo.domain.Player)
    - Returns
       - EntityReturnImpl(entity=tau.mmo.domain.Player, querySpaceUid=<gen:0>, path=tau.mmo.domain.Player)
          - CollectionAttributeFetchImpl(collection=tau.mmo.domain.Player.items, querySpaceUid=<gen:1>, path=tau.mmo.domain.Player.items)
             - (collection element) CollectionFetchableElementEntityGraph(entity=tau.mmo.domain.Item, querySpaceUid=<gen:2>, path=tau.mmo.domain.Player.items.<elements>)
    - QuerySpaces
       - EntityQuerySpaceImpl(uid=<gen:0>, entity=tau.mmo.domain.Player)
          - SQL table alias mapping - player0_
          - alias suffix - 0_
          - suffixed key columns - {id1_1_0_}

19:40:31.858 [main] DEBUG org.hibernate.loader.entity.plan.EntityLoader - Static select for entity tau.mmo.domain.Player [OPTIMISTIC]: select player0_.id as id1_1_0_, player0_.heroclass as heroclas2_1_0_, player0_.level as level3_1_0_, player0_.name as name4_1_0_ from player player0_ where player0_.id=?
19:40:31.858 [main] DEBUG org.hibernate.loader.plan.build.internal.spaces.QuerySpacesImpl - Adding QuerySpace : uid = <gen:0> -> org.hibernate.loader.plan.build.internal.spaces.EntityQuerySpaceImpl@30b1c5d5]
19:40:31.858 [main] DEBUG org.hibernate.persister.walking.spi.MetamodelGraphWalker - Visiting attribute path : heroclass
19:40:31.858 [main] DEBUG org.hibernate.persister.walking.spi.MetamodelGraphWalker - Visiting attribute path : items
19:40:31.858 [main] DEBUG org.hibernate.loader.plan.build.internal.spaces.QuerySpacesImpl - Adding QuerySpace : uid = <gen:1> -> org.hibernate.loader.plan.build.internal.spaces.CollectionQuerySpaceImpl@1174676f]
19:40:31.858 [main] DEBUG org.hibernate.loader.plan.build.internal.spaces.QuerySpacesImpl - Adding QuerySpace : uid = <gen:2> -> org.hibernate.loader.plan.build.internal.spaces.EntityQuerySpaceImpl@71f8ce0e]
19:40:31.858 [main] DEBUG org.hibernate.persister.walking.spi.MetamodelGraphWalker - Visiting attribute path : level
19:40:31.859 [main] DEBUG org.hibernate.persister.walking.spi.MetamodelGraphWalker - Visiting attribute path : name
19:40:31.859 [main] DEBUG org.hibernate.loader.plan.build.internal.FetchStyleLoadPlanBuildingAssociationVisitationStrategy - Building LoadPlan...
19:40:31.859 [main] DEBUG org.hibernate.loader.plan.exec.internal.LoadQueryJoinAndFetchProcessor - processing queryspace <gen:0>
19:40:31.859 [main] DEBUG org.hibernate.loader.plan.build.spi.LoadPlanTreePrinter - LoadPlan(entity=tau.mmo.domain.Player)
    - Returns
       - EntityReturnImpl(entity=tau.mmo.domain.Player, querySpaceUid=<gen:0>, path=tau.mmo.domain.Player)
          - CollectionAttributeFetchImpl(collection=tau.mmo.domain.Player.items, querySpaceUid=<gen:1>, path=tau.mmo.domain.Player.items)
             - (collection element) CollectionFetchableElementEntityGraph(entity=tau.mmo.domain.Item, querySpaceUid=<gen:2>, path=tau.mmo.domain.Player.items.<elements>)
    - QuerySpaces
       - EntityQuerySpaceImpl(uid=<gen:0>, entity=tau.mmo.domain.Player)
          - SQL table alias mapping - player0_
          - alias suffix - 0_
          - suffixed key columns - {id1_1_0_}

19:40:31.859 [main] DEBUG org.hibernate.loader.entity.plan.EntityLoader - Static select for entity tau.mmo.domain.Player [OPTIMISTIC_FORCE_INCREMENT]: select player0_.id as id1_1_0_, player0_.heroclass as heroclas2_1_0_, player0_.level as level3_1_0_, player0_.name as name4_1_0_ from player player0_ where player0_.id=?
19:40:31.859 [main] DEBUG org.hibernate.loader.Loader - Static select for action ACTION_MERGE on entity tau.mmo.domain.Player: select player0_.id as id1_1_0_, player0_.heroclass as heroclas2_1_0_, player0_.level as level3_1_0_, player0_.name as name4_1_0_ from player player0_ where player0_.id=?
19:40:31.859 [main] DEBUG org.hibernate.loader.Loader - Static select for action ACTION_REFRESH on entity tau.mmo.domain.Player: select player0_.id as id1_1_0_, player0_.heroclass as heroclas2_1_0_, player0_.level as level3_1_0_, player0_.name as name4_1_0_ from player player0_ where player0_.id=?
19:40:31.859 [main] DEBUG org.hibernate.loader.plan.build.internal.spaces.QuerySpacesImpl - Adding QuerySpace : uid = <gen:0> -> org.hibernate.loader.plan.build.internal.spaces.CollectionQuerySpaceImpl@4fd92289]
19:40:31.859 [main] DEBUG org.hibernate.loader.plan.build.internal.spaces.QuerySpacesImpl - Adding QuerySpace : uid = <gen:1> -> org.hibernate.loader.plan.build.internal.spaces.EntityQuerySpaceImpl@1a8e44fe]
19:40:31.859 [main] DEBUG org.hibernate.persister.walking.spi.MetamodelGraphWalker - Visiting attribute path : itemclass
19:40:31.859 [main] DEBUG org.hibernate.persister.walking.spi.MetamodelGraphWalker - Visiting attribute path : levelreq
19:40:31.859 [main] DEBUG org.hibernate.persister.walking.spi.MetamodelGraphWalker - Visiting attribute path : name
19:40:31.859 [main] DEBUG org.hibernate.persister.walking.spi.MetamodelGraphWalker - Visiting attribute path : player
19:40:31.859 [main] DEBUG org.hibernate.persister.walking.spi.MetamodelGraphWalker - Property path deemed to be circular : player
19:40:31.859 [main] DEBUG org.hibernate.loader.plan.build.internal.FetchStyleLoadPlanBuildingAssociationVisitationStrategy - Building LoadPlan...
19:40:31.859 [main] DEBUG org.hibernate.loader.plan.exec.internal.LoadQueryJoinAndFetchProcessor - processing queryspace <gen:0>
19:40:31.859 [main] DEBUG org.hibernate.loader.plan.build.spi.LoadPlanTreePrinter - LoadPlan(collection=tau.mmo.domain.Player.items)
    - Returns
       - CollectionReturnImpl(collection=tau.mmo.domain.Player.items, querySpaceUid=<gen:0>, path=[tau.mmo.domain.Player.items])
          - (collection element) CollectionFetchableElementEntityGraph(entity=tau.mmo.domain.Item, querySpaceUid=<gen:1>, path=[tau.mmo.domain.Player.items].<elements>)
    - QuerySpaces
       - CollectionQuerySpaceImpl(uid=<gen:0>, collection=tau.mmo.domain.Player.items)
          - SQL table alias mapping - items0_
          - alias suffix - 0_
          - suffixed key columns - {player_i5_0_0_}
          - entity-element alias suffix - 1_
          - 1_entity-element suffixed key columns - id1_0_1_
          - JOIN (JoinDefinedByMetadata(elements)) : <gen:0> -> <gen:1>
             - EntityQuerySpaceImpl(uid=<gen:1>, entity=tau.mmo.domain.Item)
                - SQL table alias mapping - items0_
                - alias suffix - 1_
                - suffixed key columns - {id1_0_1_}

19:40:31.859 [main] DEBUG org.hibernate.loader.collection.plan.CollectionLoader - Static select for collection tau.mmo.domain.Player.items: select items0_.player_id as player_i5_0_0_, items0_.id as id1_0_0_, items0_.id as id1_0_1_, items0_.itemclass as itemclas2_0_1_, items0_.levelreq as levelreq3_0_1_, items0_.name as name4_0_1_, items0_.player_id as player_i5_0_1_ from item items0_ where items0_.player_id=?
19:40:31.859 [main] DEBUG org.hibernate.internal.SessionFactoryImpl - Instantiated session factory
19:40:31.859 [main] DEBUG org.springframework.jdbc.datasource.DriverManagerDataSource - Creating new JDBC DriverManager Connection to [jdbc:hsqldb:hsql://localhost/workdb]
19:40:31.860 [main] DEBUG org.hibernate.engine.jdbc.spi.SqlExceptionHelper - Unable to open JDBC Connection for DDL execution [n/a]
java.sql.SQLTransientConnectionException: java.net.ConnectException: Połączenie odrzucone (Connection refused)
	at org.hsqldb.jdbc.JDBCUtil.sqlException(Unknown Source)
	at org.hsqldb.jdbc.JDBCUtil.sqlException(Unknown Source)
	at org.hsqldb.jdbc.JDBCConnection.<init>(Unknown Source)
	at org.hsqldb.jdbc.JDBCDriver.getConnection(Unknown Source)
	at org.hsqldb.jdbc.JDBCDriver.connect(Unknown Source)
	at java.sql/java.sql.DriverManager.getConnection(DriverManager.java:677)
	at java.sql/java.sql.DriverManager.getConnection(DriverManager.java:189)
	at org.springframework.jdbc.datasource.DriverManagerDataSource.getConnectionFromDriverManager(DriverManagerDataSource.java:154)
	at org.springframework.jdbc.datasource.DriverManagerDataSource.getConnectionFromDriver(DriverManagerDataSource.java:145)
	at org.springframework.jdbc.datasource.AbstractDriverBasedDataSource.getConnectionFromDriver(AbstractDriverBasedDataSource.java:205)
	at org.springframework.jdbc.datasource.AbstractDriverBasedDataSource.getConnection(AbstractDriverBasedDataSource.java:169)
	at org.hibernate.engine.jdbc.connections.internal.DatasourceConnectionProviderImpl.getConnection(DatasourceConnectionProviderImpl.java:122)
	at org.hibernate.engine.jdbc.env.internal.JdbcEnvironmentInitiator$ConnectionProviderJdbcConnectionAccess.obtainConnection(JdbcEnvironmentInitiator.java:180)
	at org.hibernate.resource.transaction.backend.jdbc.internal.DdlTransactionIsolatorNonJtaImpl.getIsolatedConnection(DdlTransactionIsolatorNonJtaImpl.java:43)
	at org.hibernate.tool.schema.internal.exec.ImprovedExtractionContextImpl.getJdbcConnection(ImprovedExtractionContextImpl.java:60)
	at org.hibernate.tool.schema.extract.internal.SequenceInformationExtractorLegacyImpl.extractMetadata(SequenceInformationExtractorLegacyImpl.java:40)
	at org.hibernate.tool.schema.extract.internal.DatabaseInformationImpl.initializeSequences(DatabaseInformationImpl.java:65)
	at org.hibernate.tool.schema.extract.internal.DatabaseInformationImpl.<init>(DatabaseInformationImpl.java:59)
	at org.hibernate.tool.schema.internal.Helper.buildDatabaseInformation(Helper.java:130)
	at org.hibernate.tool.schema.internal.AbstractSchemaMigrator.doMigration(AbstractSchemaMigrator.java:92)
	at org.hibernate.tool.schema.spi.SchemaManagementToolCoordinator.performDatabaseAction(SchemaManagementToolCoordinator.java:176)
	at org.hibernate.tool.schema.spi.SchemaManagementToolCoordinator.process(SchemaManagementToolCoordinator.java:65)
	at org.hibernate.internal.SessionFactoryImpl.<init>(SessionFactoryImpl.java:459)
	at org.hibernate.boot.internal.SessionFactoryBuilderImpl.build(SessionFactoryBuilderImpl.java:465)
	at org.hibernate.cfg.Configuration.buildSessionFactory(Configuration.java:711)
	at org.hibernate.cfg.Configuration.buildSessionFactory(Configuration.java:727)
	at org.springframework.orm.hibernate5.LocalSessionFactoryBean.buildSessionFactory(LocalSessionFactoryBean.java:615)
	at org.springframework.orm.hibernate5.LocalSessionFactoryBean.afterPropertiesSet(LocalSessionFactoryBean.java:599)
	at org.springframework.beans.factory.support.AbstractAutowireCapableBeanFactory.invokeInitMethods(AbstractAutowireCapableBeanFactory.java:1837)
	at org.springframework.beans.factory.support.AbstractAutowireCapableBeanFactory.initializeBean(AbstractAutowireCapableBeanFactory.java:1774)
	at org.springframework.beans.factory.support.AbstractAutowireCapableBeanFactory.doCreateBean(AbstractAutowireCapableBeanFactory.java:593)
	at org.springframework.beans.factory.support.AbstractAutowireCapableBeanFactory.createBean(AbstractAutowireCapableBeanFactory.java:515)
	at org.springframework.beans.factory.support.AbstractBeanFactory.lambda$doGetBean$0(AbstractBeanFactory.java:320)
	at org.springframework.beans.factory.support.DefaultSingletonBeanRegistry.getSingleton(DefaultSingletonBeanRegistry.java:222)
	at org.springframework.beans.factory.support.AbstractBeanFactory.doGetBean(AbstractBeanFactory.java:318)
	at org.springframework.beans.factory.support.AbstractBeanFactory.getBean(AbstractBeanFactory.java:199)
	at org.springframework.beans.factory.config.DependencyDescriptor.resolveCandidate(DependencyDescriptor.java:277)
	at org.springframework.beans.factory.support.DefaultListableBeanFactory.doResolveDependency(DefaultListableBeanFactory.java:1247)
	at org.springframework.beans.factory.support.DefaultListableBeanFactory.resolveDependency(DefaultListableBeanFactory.java:1167)
	at org.springframework.beans.factory.annotation.AutowiredAnnotationBeanPostProcessor$AutowiredFieldElement.inject(AutowiredAnnotationBeanPostProcessor.java:593)
	at org.springframework.beans.factory.annotation.InjectionMetadata.inject(InjectionMetadata.java:90)
	at org.springframework.beans.factory.annotation.AutowiredAnnotationBeanPostProcessor.postProcessProperties(AutowiredAnnotationBeanPostProcessor.java:374)
	at org.springframework.beans.factory.support.AbstractAutowireCapableBeanFactory.populateBean(AbstractAutowireCapableBeanFactory.java:1411)
	at org.springframework.beans.factory.support.AbstractAutowireCapableBeanFactory.doCreateBean(AbstractAutowireCapableBeanFactory.java:592)
	at org.springframework.beans.factory.support.AbstractAutowireCapableBeanFactory.createBean(AbstractAutowireCapableBeanFactory.java:515)
	at org.springframework.beans.factory.support.AbstractBeanFactory.lambda$doGetBean$0(AbstractBeanFactory.java:320)
	at org.springframework.beans.factory.support.DefaultSingletonBeanRegistry.getSingleton(DefaultSingletonBeanRegistry.java:222)
	at org.springframework.beans.factory.support.AbstractBeanFactory.doGetBean(AbstractBeanFactory.java:318)
	at org.springframework.beans.factory.support.AbstractBeanFactory.getBean(AbstractBeanFactory.java:199)
	at org.springframework.beans.factory.config.DependencyDescriptor.resolveCandidate(DependencyDescriptor.java:277)
	at org.springframework.beans.factory.support.DefaultListableBeanFactory.doResolveDependency(DefaultListableBeanFactory.java:1247)
	at org.springframework.beans.factory.support.DefaultListableBeanFactory.resolveDependency(DefaultListableBeanFactory.java:1167)
	at org.springframework.beans.factory.annotation.AutowiredAnnotationBeanPostProcessor$AutowiredFieldElement.inject(AutowiredAnnotationBeanPostProcessor.java:593)
	at org.springframework.beans.factory.annotation.InjectionMetadata.inject(InjectionMetadata.java:90)
	at org.springframework.beans.factory.annotation.AutowiredAnnotationBeanPostProcessor.postProcessProperties(AutowiredAnnotationBeanPostProcessor.java:374)
	at org.springframework.beans.factory.support.AbstractAutowireCapableBeanFactory.populateBean(AbstractAutowireCapableBeanFactory.java:1411)
	at org.springframework.beans.factory.support.AbstractAutowireCapableBeanFactory.doCreateBean(AbstractAutowireCapableBeanFactory.java:592)
	at org.springframework.beans.factory.support.AbstractAutowireCapableBeanFactory.createBean(AbstractAutowireCapableBeanFactory.java:515)
	at org.springframework.beans.factory.support.AbstractBeanFactory.lambda$doGetBean$0(AbstractBeanFactory.java:320)
	at org.springframework.beans.factory.support.DefaultSingletonBeanRegistry.getSingleton(DefaultSingletonBeanRegistry.java:222)
	at org.springframework.beans.factory.support.AbstractBeanFactory.doGetBean(AbstractBeanFactory.java:318)
	at org.springframework.beans.factory.support.AbstractBeanFactory.getBean(AbstractBeanFactory.java:199)
	at org.springframework.beans.factory.support.DefaultListableBeanFactory.preInstantiateSingletons(DefaultListableBeanFactory.java:849)
	at org.springframework.context.support.AbstractApplicationContext.finishBeanFactoryInitialization(AbstractApplicationContext.java:877)
	at org.springframework.context.support.AbstractApplicationContext.refresh(AbstractApplicationContext.java:549)
	at org.springframework.test.context.support.AbstractGenericContextLoader.loadContext(AbstractGenericContextLoader.java:128)
	at org.springframework.test.context.support.AbstractGenericContextLoader.loadContext(AbstractGenericContextLoader.java:60)
	at org.springframework.test.context.support.AbstractDelegatingSmartContextLoader.delegateLoading(AbstractDelegatingSmartContextLoader.java:275)
	at org.springframework.test.context.support.AbstractDelegatingSmartContextLoader.loadContext(AbstractDelegatingSmartContextLoader.java:243)
	at org.springframework.test.context.cache.DefaultCacheAwareContextLoaderDelegate.loadContextInternal(DefaultCacheAwareContextLoaderDelegate.java:99)
	at org.springframework.test.context.cache.DefaultCacheAwareContextLoaderDelegate.loadContext(DefaultCacheAwareContextLoaderDelegate.java:117)
	at org.springframework.test.context.support.DefaultTestContext.getApplicationContext(DefaultTestContext.java:108)
	at org.springframework.test.context.support.DependencyInjectionTestExecutionListener.injectDependencies(DependencyInjectionTestExecutionListener.java:118)
	at org.springframework.test.context.support.DependencyInjectionTestExecutionListener.prepareTestInstance(DependencyInjectionTestExecutionListener.java:83)
	at org.springframework.test.context.TestContextManager.prepareTestInstance(TestContextManager.java:246)
	at org.springframework.test.context.junit4.SpringJUnit4ClassRunner.createTest(SpringJUnit4ClassRunner.java:227)
	at org.springframework.test.context.junit4.SpringJUnit4ClassRunner$1.runReflectiveCall(SpringJUnit4ClassRunner.java:289)
	at org.junit.internal.runners.model.ReflectiveCallable.run(ReflectiveCallable.java:12)
	at org.springframework.test.context.junit4.SpringJUnit4ClassRunner.methodBlock(SpringJUnit4ClassRunner.java:291)
	at org.springframework.test.context.junit4.SpringJUnit4ClassRunner.runChild(SpringJUnit4ClassRunner.java:246)
	at org.springframework.test.context.junit4.SpringJUnit4ClassRunner.runChild(SpringJUnit4ClassRunner.java:97)
	at org.junit.runners.ParentRunner$3.run(ParentRunner.java:290)
	at org.junit.runners.ParentRunner$1.schedule(ParentRunner.java:71)
	at org.junit.runners.ParentRunner.runChildren(ParentRunner.java:288)
	at org.junit.runners.ParentRunner.access$000(ParentRunner.java:58)
	at org.junit.runners.ParentRunner$2.evaluate(ParentRunner.java:268)
	at org.springframework.test.context.junit4.statements.RunBeforeTestClassCallbacks.evaluate(RunBeforeTestClassCallbacks.java:61)
	at org.springframework.test.context.junit4.statements.RunAfterTestClassCallbacks.evaluate(RunAfterTestClassCallbacks.java:70)
	at org.junit.runners.ParentRunner.run(ParentRunner.java:363)
	at org.springframework.test.context.junit4.SpringJUnit4ClassRunner.run(SpringJUnit4ClassRunner.java:190)
	at org.apache.maven.surefire.junit4.JUnit4Provider.execute(JUnit4Provider.java:365)
	at org.apache.maven.surefire.junit4.JUnit4Provider.executeWithRerun(JUnit4Provider.java:273)
	at org.apache.maven.surefire.junit4.JUnit4Provider.executeTestSet(JUnit4Provider.java:238)
	at org.apache.maven.surefire.junit4.JUnit4Provider.invoke(JUnit4Provider.java:159)
	at org.apache.maven.surefire.booter.ForkedBooter.invokeProviderInSameClassLoader(ForkedBooter.java:384)
	at org.apache.maven.surefire.booter.ForkedBooter.runSuitesInProcess(ForkedBooter.java:345)
	at org.apache.maven.surefire.booter.ForkedBooter.execute(ForkedBooter.java:126)
	at org.apache.maven.surefire.booter.ForkedBooter.main(ForkedBooter.java:418)
Caused by: org.hsqldb.HsqlException: java.net.ConnectException: Połączenie odrzucone (Connection refused)
	at org.hsqldb.ClientConnection.openConnection(Unknown Source)
	at org.hsqldb.ClientConnection.initConnection(Unknown Source)
	at org.hsqldb.ClientConnection.<init>(Unknown Source)
	... 96 common frames omitted
Caused by: java.net.ConnectException: Połączenie odrzucone (Connection refused)
	at java.base/java.net.PlainSocketImpl.socketConnect(Native Method)
	at java.base/java.net.AbstractPlainSocketImpl.doConnect(AbstractPlainSocketImpl.java:399)
	at java.base/java.net.AbstractPlainSocketImpl.connectToAddress(AbstractPlainSocketImpl.java:242)
	at java.base/java.net.AbstractPlainSocketImpl.connect(AbstractPlainSocketImpl.java:224)
	at java.base/java.net.SocksSocketImpl.connect(SocksSocketImpl.java:403)
	at java.base/java.net.Socket.connect(Socket.java:591)
	at java.base/java.net.Socket.connect(Socket.java:540)
	at java.base/java.net.Socket.<init>(Socket.java:436)
	at java.base/java.net.Socket.<init>(Socket.java:213)
	at org.hsqldb.server.HsqlSocketFactory.createSocket(Unknown Source)
	... 99 common frames omitted
19:40:31.861 [main] WARN org.hibernate.engine.jdbc.spi.SqlExceptionHelper - SQL Error: -1301, SQLState: 08001
19:40:31.861 [main] ERROR org.hibernate.engine.jdbc.spi.SqlExceptionHelper - java.net.ConnectException: Połączenie odrzucone (Connection refused)
19:40:31.861 [main] WARN org.springframework.context.support.GenericApplicationContext - Exception encountered during context initialization - cancelling refresh attempt: org.springframework.beans.factory.UnsatisfiedDependencyException: Error creating bean with name 'playerController': Unsatisfied dependency expressed through field 'playerManager'; nested exception is org.springframework.beans.factory.UnsatisfiedDependencyException: Error creating bean with name 'playerManagerHibernateImpl': Unsatisfied dependency expressed through field 'sessionFactory'; nested exception is org.springframework.beans.factory.BeanCreationException: Error creating bean with name 'hibernateSessionFactory' defined in class path resource [beans.xml]: Invocation of init method failed; nested exception is org.hibernate.exception.JDBCConnectionException: Unable to open JDBC Connection for DDL execution
19:40:31.861 [main] ERROR org.springframework.test.context.TestContextManager - Caught exception while allowing TestExecutionListener [org.springframework.test.context.support.DependencyInjectionTestExecutionListener@6a400542] to prepare test instance [tau.mmo.service.PlayerManagerTest@67593f7b]
java.lang.IllegalStateException: Failed to load ApplicationContext
	at org.springframework.test.context.cache.DefaultCacheAwareContextLoaderDelegate.loadContext(DefaultCacheAwareContextLoaderDelegate.java:125)
	at org.springframework.test.context.support.DefaultTestContext.getApplicationContext(DefaultTestContext.java:108)
	at org.springframework.test.context.support.DependencyInjectionTestExecutionListener.injectDependencies(DependencyInjectionTestExecutionListener.java:118)
	at org.springframework.test.context.support.DependencyInjectionTestExecutionListener.prepareTestInstance(DependencyInjectionTestExecutionListener.java:83)
	at org.springframework.test.context.TestContextManager.prepareTestInstance(TestContextManager.java:246)
	at org.springframework.test.context.junit4.SpringJUnit4ClassRunner.createTest(SpringJUnit4ClassRunner.java:227)
	at org.springframework.test.context.junit4.SpringJUnit4ClassRunner$1.runReflectiveCall(SpringJUnit4ClassRunner.java:289)
	at org.junit.internal.runners.model.ReflectiveCallable.run(ReflectiveCallable.java:12)
	at org.springframework.test.context.junit4.SpringJUnit4ClassRunner.methodBlock(SpringJUnit4ClassRunner.java:291)
	at org.springframework.test.context.junit4.SpringJUnit4ClassRunner.runChild(SpringJUnit4ClassRunner.java:246)
	at org.springframework.test.context.junit4.SpringJUnit4ClassRunner.runChild(SpringJUnit4ClassRunner.java:97)
	at org.junit.runners.ParentRunner$3.run(ParentRunner.java:290)
	at org.junit.runners.ParentRunner$1.schedule(ParentRunner.java:71)
	at org.junit.runners.ParentRunner.runChildren(ParentRunner.java:288)
	at org.junit.runners.ParentRunner.access$000(ParentRunner.java:58)
	at org.junit.runners.ParentRunner$2.evaluate(ParentRunner.java:268)
	at org.springframework.test.context.junit4.statements.RunBeforeTestClassCallbacks.evaluate(RunBeforeTestClassCallbacks.java:61)
	at org.springframework.test.context.junit4.statements.RunAfterTestClassCallbacks.evaluate(RunAfterTestClassCallbacks.java:70)
	at org.junit.runners.ParentRunner.run(ParentRunner.java:363)
	at org.springframework.test.context.junit4.SpringJUnit4ClassRunner.run(SpringJUnit4ClassRunner.java:190)
	at org.apache.maven.surefire.junit4.JUnit4Provider.execute(JUnit4Provider.java:365)
	at org.apache.maven.surefire.junit4.JUnit4Provider.executeWithRerun(JUnit4Provider.java:273)
	at org.apache.maven.surefire.junit4.JUnit4Provider.executeTestSet(JUnit4Provider.java:238)
	at org.apache.maven.surefire.junit4.JUnit4Provider.invoke(JUnit4Provider.java:159)
	at org.apache.maven.surefire.booter.ForkedBooter.invokeProviderInSameClassLoader(ForkedBooter.java:384)
	at org.apache.maven.surefire.booter.ForkedBooter.runSuitesInProcess(ForkedBooter.java:345)
	at org.apache.maven.surefire.booter.ForkedBooter.execute(ForkedBooter.java:126)
	at org.apache.maven.surefire.booter.ForkedBooter.main(ForkedBooter.java:418)
Caused by: org.springframework.beans.factory.UnsatisfiedDependencyException: Error creating bean with name 'playerController': Unsatisfied dependency expressed through field 'playerManager'; nested exception is org.springframework.beans.factory.UnsatisfiedDependencyException: Error creating bean with name 'playerManagerHibernateImpl': Unsatisfied dependency expressed through field 'sessionFactory'; nested exception is org.springframework.beans.factory.BeanCreationException: Error creating bean with name 'hibernateSessionFactory' defined in class path resource [beans.xml]: Invocation of init method failed; nested exception is org.hibernate.exception.JDBCConnectionException: Unable to open JDBC Connection for DDL execution
	at org.springframework.beans.factory.annotation.AutowiredAnnotationBeanPostProcessor$AutowiredFieldElement.inject(AutowiredAnnotationBeanPostProcessor.java:596)
	at org.springframework.beans.factory.annotation.InjectionMetadata.inject(InjectionMetadata.java:90)
	at org.springframework.beans.factory.annotation.AutowiredAnnotationBeanPostProcessor.postProcessProperties(AutowiredAnnotationBeanPostProcessor.java:374)
	at org.springframework.beans.factory.support.AbstractAutowireCapableBeanFactory.populateBean(AbstractAutowireCapableBeanFactory.java:1411)
	at org.springframework.beans.factory.support.AbstractAutowireCapableBeanFactory.doCreateBean(AbstractAutowireCapableBeanFactory.java:592)
	at org.springframework.beans.factory.support.AbstractAutowireCapableBeanFactory.createBean(AbstractAutowireCapableBeanFactory.java:515)
	at org.springframework.beans.factory.support.AbstractBeanFactory.lambda$doGetBean$0(AbstractBeanFactory.java:320)
	at org.springframework.beans.factory.support.DefaultSingletonBeanRegistry.getSingleton(DefaultSingletonBeanRegistry.java:222)
	at org.springframework.beans.factory.support.AbstractBeanFactory.doGetBean(AbstractBeanFactory.java:318)
	at org.springframework.beans.factory.support.AbstractBeanFactory.getBean(AbstractBeanFactory.java:199)
	at org.springframework.beans.factory.support.DefaultListableBeanFactory.preInstantiateSingletons(DefaultListableBeanFactory.java:849)
	at org.springframework.context.support.AbstractApplicationContext.finishBeanFactoryInitialization(AbstractApplicationContext.java:877)
	at org.springframework.context.support.AbstractApplicationContext.refresh(AbstractApplicationContext.java:549)
	at org.springframework.test.context.support.AbstractGenericContextLoader.loadContext(AbstractGenericContextLoader.java:128)
	at org.springframework.test.context.support.AbstractGenericContextLoader.loadContext(AbstractGenericContextLoader.java:60)
	at org.springframework.test.context.support.AbstractDelegatingSmartContextLoader.delegateLoading(AbstractDelegatingSmartContextLoader.java:275)
	at org.springframework.test.context.support.AbstractDelegatingSmartContextLoader.loadContext(AbstractDelegatingSmartContextLoader.java:243)
	at org.springframework.test.context.cache.DefaultCacheAwareContextLoaderDelegate.loadContextInternal(DefaultCacheAwareContextLoaderDelegate.java:99)
	at org.springframework.test.context.cache.DefaultCacheAwareContextLoaderDelegate.loadContext(DefaultCacheAwareContextLoaderDelegate.java:117)
	... 27 common frames omitted
Caused by: org.springframework.beans.factory.UnsatisfiedDependencyException: Error creating bean with name 'playerManagerHibernateImpl': Unsatisfied dependency expressed through field 'sessionFactory'; nested exception is org.springframework.beans.factory.BeanCreationException: Error creating bean with name 'hibernateSessionFactory' defined in class path resource [beans.xml]: Invocation of init method failed; nested exception is org.hibernate.exception.JDBCConnectionException: Unable to open JDBC Connection for DDL execution
	at org.springframework.beans.factory.annotation.AutowiredAnnotationBeanPostProcessor$AutowiredFieldElement.inject(AutowiredAnnotationBeanPostProcessor.java:596)
	at org.springframework.beans.factory.annotation.InjectionMetadata.inject(InjectionMetadata.java:90)
	at org.springframework.beans.factory.annotation.AutowiredAnnotationBeanPostProcessor.postProcessProperties(AutowiredAnnotationBeanPostProcessor.java:374)
	at org.springframework.beans.factory.support.AbstractAutowireCapableBeanFactory.populateBean(AbstractAutowireCapableBeanFactory.java:1411)
	at org.springframework.beans.factory.support.AbstractAutowireCapableBeanFactory.doCreateBean(AbstractAutowireCapableBeanFactory.java:592)
	at org.springframework.beans.factory.support.AbstractAutowireCapableBeanFactory.createBean(AbstractAutowireCapableBeanFactory.java:515)
	at org.springframework.beans.factory.support.AbstractBeanFactory.lambda$doGetBean$0(AbstractBeanFactory.java:320)
	at org.springframework.beans.factory.support.DefaultSingletonBeanRegistry.getSingleton(DefaultSingletonBeanRegistry.java:222)
	at org.springframework.beans.factory.support.AbstractBeanFactory.doGetBean(AbstractBeanFactory.java:318)
	at org.springframework.beans.factory.support.AbstractBeanFactory.getBean(AbstractBeanFactory.java:199)
	at org.springframework.beans.factory.config.DependencyDescriptor.resolveCandidate(DependencyDescriptor.java:277)
	at org.springframework.beans.factory.support.DefaultListableBeanFactory.doResolveDependency(DefaultListableBeanFactory.java:1247)
	at org.springframework.beans.factory.support.DefaultListableBeanFactory.resolveDependency(DefaultListableBeanFactory.java:1167)
	at org.springframework.beans.factory.annotation.AutowiredAnnotationBeanPostProcessor$AutowiredFieldElement.inject(AutowiredAnnotationBeanPostProcessor.java:593)
	... 45 common frames omitted
Caused by: org.springframework.beans.factory.BeanCreationException: Error creating bean with name 'hibernateSessionFactory' defined in class path resource [beans.xml]: Invocation of init method failed; nested exception is org.hibernate.exception.JDBCConnectionException: Unable to open JDBC Connection for DDL execution
	at org.springframework.beans.factory.support.AbstractAutowireCapableBeanFactory.initializeBean(AbstractAutowireCapableBeanFactory.java:1778)
	at org.springframework.beans.factory.support.AbstractAutowireCapableBeanFactory.doCreateBean(AbstractAutowireCapableBeanFactory.java:593)
	at org.springframework.beans.factory.support.AbstractAutowireCapableBeanFactory.createBean(AbstractAutowireCapableBeanFactory.java:515)
	at org.springframework.beans.factory.support.AbstractBeanFactory.lambda$doGetBean$0(AbstractBeanFactory.java:320)
	at org.springframework.beans.factory.support.DefaultSingletonBeanRegistry.getSingleton(DefaultSingletonBeanRegistry.java:222)
	at org.springframework.beans.factory.support.AbstractBeanFactory.doGetBean(AbstractBeanFactory.java:318)
	at org.springframework.beans.factory.support.AbstractBeanFactory.getBean(AbstractBeanFactory.java:199)
	at org.springframework.beans.factory.config.DependencyDescriptor.resolveCandidate(DependencyDescriptor.java:277)
	at org.springframework.beans.factory.support.DefaultListableBeanFactory.doResolveDependency(DefaultListableBeanFactory.java:1247)
	at org.springframework.beans.factory.support.DefaultListableBeanFactory.resolveDependency(DefaultListableBeanFactory.java:1167)
	at org.springframework.beans.factory.annotation.AutowiredAnnotationBeanPostProcessor$AutowiredFieldElement.inject(AutowiredAnnotationBeanPostProcessor.java:593)
	... 58 common frames omitted
Caused by: org.hibernate.exception.JDBCConnectionException: Unable to open JDBC Connection for DDL execution
	at org.hibernate.exception.internal.SQLExceptionTypeDelegate.convert(SQLExceptionTypeDelegate.java:48)
	at org.hibernate.exception.internal.StandardSQLExceptionConverter.convert(StandardSQLExceptionConverter.java:42)
	at org.hibernate.engine.jdbc.spi.SqlExceptionHelper.convert(SqlExceptionHelper.java:111)
	at org.hibernate.engine.jdbc.spi.SqlExceptionHelper.convert(SqlExceptionHelper.java:97)
	at org.hibernate.resource.transaction.backend.jdbc.internal.DdlTransactionIsolatorNonJtaImpl.getIsolatedConnection(DdlTransactionIsolatorNonJtaImpl.java:69)
	at org.hibernate.tool.schema.internal.exec.ImprovedExtractionContextImpl.getJdbcConnection(ImprovedExtractionContextImpl.java:60)
	at org.hibernate.tool.schema.extract.internal.SequenceInformationExtractorLegacyImpl.extractMetadata(SequenceInformationExtractorLegacyImpl.java:40)
	at org.hibernate.tool.schema.extract.internal.DatabaseInformationImpl.initializeSequences(DatabaseInformationImpl.java:65)
	at org.hibernate.tool.schema.extract.internal.DatabaseInformationImpl.<init>(DatabaseInformationImpl.java:59)
	at org.hibernate.tool.schema.internal.Helper.buildDatabaseInformation(Helper.java:130)
	at org.hibernate.tool.schema.internal.AbstractSchemaMigrator.doMigration(AbstractSchemaMigrator.java:92)
	at org.hibernate.tool.schema.spi.SchemaManagementToolCoordinator.performDatabaseAction(SchemaManagementToolCoordinator.java:176)
	at org.hibernate.tool.schema.spi.SchemaManagementToolCoordinator.process(SchemaManagementToolCoordinator.java:65)
	at org.hibernate.internal.SessionFactoryImpl.<init>(SessionFactoryImpl.java:459)
	at org.hibernate.boot.internal.SessionFactoryBuilderImpl.build(SessionFactoryBuilderImpl.java:465)
	at org.hibernate.cfg.Configuration.buildSessionFactory(Configuration.java:711)
	at org.hibernate.cfg.Configuration.buildSessionFactory(Configuration.java:727)
	at org.springframework.orm.hibernate5.LocalSessionFactoryBean.buildSessionFactory(LocalSessionFactoryBean.java:615)
	at org.springframework.orm.hibernate5.LocalSessionFactoryBean.afterPropertiesSet(LocalSessionFactoryBean.java:599)
	at org.springframework.beans.factory.support.AbstractAutowireCapableBeanFactory.invokeInitMethods(AbstractAutowireCapableBeanFactory.java:1837)
	at org.springframework.beans.factory.support.AbstractAutowireCapableBeanFactory.initializeBean(AbstractAutowireCapableBeanFactory.java:1774)
	... 68 common frames omitted
Caused by: java.sql.SQLTransientConnectionException: java.net.ConnectException: Połączenie odrzucone (Connection refused)
	at org.hsqldb.jdbc.JDBCUtil.sqlException(Unknown Source)
	at org.hsqldb.jdbc.JDBCUtil.sqlException(Unknown Source)
	at org.hsqldb.jdbc.JDBCConnection.<init>(Unknown Source)
	at org.hsqldb.jdbc.JDBCDriver.getConnection(Unknown Source)
	at org.hsqldb.jdbc.JDBCDriver.connect(Unknown Source)
	at java.sql/java.sql.DriverManager.getConnection(DriverManager.java:677)
	at java.sql/java.sql.DriverManager.getConnection(DriverManager.java:189)
	at org.springframework.jdbc.datasource.DriverManagerDataSource.getConnectionFromDriverManager(DriverManagerDataSource.java:154)
	at org.springframework.jdbc.datasource.DriverManagerDataSource.getConnectionFromDriver(DriverManagerDataSource.java:145)
	at org.springframework.jdbc.datasource.AbstractDriverBasedDataSource.getConnectionFromDriver(AbstractDriverBasedDataSource.java:205)
	at org.springframework.jdbc.datasource.AbstractDriverBasedDataSource.getConnection(AbstractDriverBasedDataSource.java:169)
	at org.hibernate.engine.jdbc.connections.internal.DatasourceConnectionProviderImpl.getConnection(DatasourceConnectionProviderImpl.java:122)
	at org.hibernate.engine.jdbc.env.internal.JdbcEnvironmentInitiator$ConnectionProviderJdbcConnectionAccess.obtainConnection(JdbcEnvironmentInitiator.java:180)
	at org.hibernate.resource.transaction.backend.jdbc.internal.DdlTransactionIsolatorNonJtaImpl.getIsolatedConnection(DdlTransactionIsolatorNonJtaImpl.java:43)
	... 84 common frames omitted
Caused by: org.hsqldb.HsqlException: java.net.ConnectException: Połączenie odrzucone (Connection refused)
	at org.hsqldb.ClientConnection.openConnection(Unknown Source)
	at org.hsqldb.ClientConnection.initConnection(Unknown Source)
	at org.hsqldb.ClientConnection.<init>(Unknown Source)
	... 96 common frames omitted
Caused by: java.net.ConnectException: Połączenie odrzucone (Connection refused)
	at java.base/java.net.PlainSocketImpl.socketConnect(Native Method)
	at java.base/java.net.AbstractPlainSocketImpl.doConnect(AbstractPlainSocketImpl.java:399)
	at java.base/java.net.AbstractPlainSocketImpl.connectToAddress(AbstractPlainSocketImpl.java:242)
	at java.base/java.net.AbstractPlainSocketImpl.connect(AbstractPlainSocketImpl.java:224)
	at java.base/java.net.SocksSocketImpl.connect(SocksSocketImpl.java:403)
	at java.base/java.net.Socket.connect(Socket.java:591)
	at java.base/java.net.Socket.connect(Socket.java:540)
	at java.base/java.net.Socket.<init>(Socket.java:436)
	at java.base/java.net.Socket.<init>(Socket.java:213)
	at org.hsqldb.server.HsqlSocketFactory.createSocket(Unknown Source)
	... 99 common frames omitted
]]></system-out>
  </testcase>
  <testcase name="getPlayerByIdTest" classname="tau.mmo.service.PlayerManagerTest" time="0">
    <error message="Failed to load ApplicationContext" type="java.lang.IllegalStateException">java.lang.IllegalStateException: Failed to load ApplicationContext
Caused by: org.springframework.beans.factory.UnsatisfiedDependencyException: Error creating bean with name 'playerController': Unsatisfied dependency expressed through field 'playerManager'; nested exception is org.springframework.beans.factory.UnsatisfiedDependencyException: Error creating bean with name 'playerManagerHibernateImpl': Unsatisfied dependency expressed through field 'sessionFactory'; nested exception is org.springframework.beans.factory.BeanCreationException: Error creating bean with name 'hibernateSessionFactory' defined in class path resource [beans.xml]: Invocation of init method failed; nested exception is org.hibernate.exception.JDBCConnectionException: Unable to open JDBC Connection for DDL execution
Caused by: org.springframework.beans.factory.UnsatisfiedDependencyException: Error creating bean with name 'playerManagerHibernateImpl': Unsatisfied dependency expressed through field 'sessionFactory'; nested exception is org.springframework.beans.factory.BeanCreationException: Error creating bean with name 'hibernateSessionFactory' defined in class path resource [beans.xml]: Invocation of init method failed; nested exception is org.hibernate.exception.JDBCConnectionException: Unable to open JDBC Connection for DDL execution
Caused by: org.springframework.beans.factory.BeanCreationException: Error creating bean with name 'hibernateSessionFactory' defined in class path resource [beans.xml]: Invocation of init method failed; nested exception is org.hibernate.exception.JDBCConnectionException: Unable to open JDBC Connection for DDL execution
Caused by: org.hibernate.exception.JDBCConnectionException: Unable to open JDBC Connection for DDL execution
Caused by: java.sql.SQLTransientConnectionException: java.net.ConnectException: Połączenie odrzucone (Connection refused)
Caused by: org.hsqldb.HsqlException: java.net.ConnectException: Połączenie odrzucone (Connection refused)
Caused by: java.net.ConnectException: Połączenie odrzucone (Connection refused)
</error>
    <system-out><![CDATA[19:40:31.862 [main] DEBUG org.springframework.test.annotation.ProfileValueUtils - Retrieved @ProfileValueSourceConfiguration [null] for test class [tau.mmo.service.PlayerManagerTest]
19:40:31.863 [main] DEBUG org.springframework.test.annotation.ProfileValueUtils - Retrieved ProfileValueSource type [class org.springframework.test.annotation.SystemProfileValueSource] for class [tau.mmo.service.PlayerManagerTest]
19:40:31.863 [main] DEBUG org.springframework.test.context.support.DependencyInjectionTestExecutionListener - Performing dependency injection for test context [[DefaultTestContext@7ed7259e testClass = PlayerManagerTest, testInstance = tau.mmo.service.PlayerManagerTest@1987807b, testMethod = [null], testException = [null], mergedContextConfiguration = [MergedContextConfiguration@28eaa59a testClass = PlayerManagerTest, locations = '{classpath:/beans.xml}', classes = '{}', contextInitializerClasses = '[]', activeProfiles = '{}', propertySourceLocations = '{}', propertySourceProperties = '{}', contextCustomizers = set[org.springframework.boot.test.context.filter.ExcludeFilterContextCustomizer@6b4a4e18, org.springframework.boot.test.json.DuplicateJsonObjectContextCustomizerFactory$DuplicateJsonObjectContextCustomizer@402e37bc, org.springframework.boot.test.mock.mockito.MockitoContextCustomizer@0, org.springframework.boot.test.autoconfigure.properties.PropertyMappingContextCustomizer@0, org.springframework.boot.test.autoconfigure.web.servlet.WebDriverContextCustomizerFactory$Customizer@6973bf95], contextLoader = 'org.springframework.test.context.support.DelegatingSmartContextLoader', parent = [null]], attributes = map[[empty]]]].
19:40:31.863 [main] DEBUG org.springframework.test.context.support.AbstractDelegatingSmartContextLoader - Delegating to GenericXmlContextLoader to load context from [MergedContextConfiguration@28eaa59a testClass = PlayerManagerTest, locations = '{classpath:/beans.xml}', classes = '{}', contextInitializerClasses = '[]', activeProfiles = '{}', propertySourceLocations = '{}', propertySourceProperties = '{}', contextCustomizers = set[org.springframework.boot.test.context.filter.ExcludeFilterContextCustomizer@6b4a4e18, org.springframework.boot.test.json.DuplicateJsonObjectContextCustomizerFactory$DuplicateJsonObjectContextCustomizer@402e37bc, org.springframework.boot.test.mock.mockito.MockitoContextCustomizer@0, org.springframework.boot.test.autoconfigure.properties.PropertyMappingContextCustomizer@0, org.springframework.boot.test.autoconfigure.web.servlet.WebDriverContextCustomizerFactory$Customizer@6973bf95], contextLoader = 'org.springframework.test.context.support.DelegatingSmartContextLoader', parent = [null]].
19:40:31.863 [main] DEBUG org.springframework.test.context.support.AbstractGenericContextLoader - Loading ApplicationContext for merged context configuration [[MergedContextConfiguration@28eaa59a testClass = PlayerManagerTest, locations = '{classpath:/beans.xml}', classes = '{}', contextInitializerClasses = '[]', activeProfiles = '{}', propertySourceLocations = '{}', propertySourceProperties = '{}', contextCustomizers = set[org.springframework.boot.test.context.filter.ExcludeFilterContextCustomizer@6b4a4e18, org.springframework.boot.test.json.DuplicateJsonObjectContextCustomizerFactory$DuplicateJsonObjectContextCustomizer@402e37bc, org.springframework.boot.test.mock.mockito.MockitoContextCustomizer@0, org.springframework.boot.test.autoconfigure.properties.PropertyMappingContextCustomizer@0, org.springframework.boot.test.autoconfigure.web.servlet.WebDriverContextCustomizerFactory$Customizer@6973bf95], contextLoader = 'org.springframework.test.context.support.DelegatingSmartContextLoader', parent = [null]]].
19:40:31.863 [main] DEBUG org.springframework.core.env.StandardEnvironment - Activating profiles []
19:40:31.875 [main] DEBUG org.springframework.context.annotation.ClassPathBeanDefinitionScanner - Identified candidate component class: file [/home/whitewolf/tau/TAU-repozytorium/tau-mmo-jmeter/target/classes/tau/mmo/Application.class]
19:40:31.875 [main] DEBUG org.springframework.context.annotation.ClassPathBeanDefinitionScanner - Identified candidate component class: file [/home/whitewolf/tau/TAU-repozytorium/tau-mmo-jmeter/target/classes/tau/mmo/api/PlayerController.class]
19:40:31.876 [main] DEBUG org.springframework.context.annotation.ClassPathBeanDefinitionScanner - Identified candidate component class: file [/home/whitewolf/tau/TAU-repozytorium/tau-mmo-jmeter/target/classes/tau/mmo/service/PlayerManagerHibernateImpl.class]
19:40:31.877 [main] DEBUG org.springframework.beans.factory.xml.XmlBeanDefinitionReader - Loaded 12 bean definitions from class path resource [beans.xml]
19:40:31.877 [main] DEBUG org.springframework.context.support.GenericApplicationContext - Refreshing org.springframework.context.support.GenericApplicationContext@71469e01
19:40:31.878 [main] DEBUG org.springframework.beans.factory.support.DefaultListableBeanFactory - Creating shared instance of singleton bean 'org.springframework.context.annotation.internalConfigurationAnnotationProcessor'
19:40:31.881 [main] DEBUG org.springframework.context.annotation.ClassPathBeanDefinitionScanner - Identified candidate component class: file [/home/whitewolf/tau/TAU-repozytorium/tau-mmo-jmeter/target/classes/tau/mmo/api/PlayerController.class]
19:40:31.881 [main] DEBUG org.springframework.context.annotation.ClassPathBeanDefinitionScanner - Identified candidate component class: file [/home/whitewolf/tau/TAU-repozytorium/tau-mmo-jmeter/target/classes/tau/mmo/service/PlayerManagerHibernateImpl.class]
19:40:31.934 [main] DEBUG org.springframework.context.annotation.ClassPathBeanDefinitionScanner - Identified candidate component class: file [/home/whitewolf/tau/TAU-repozytorium/tau-mmo-jmeter/target/classes/tau/mmo/Application.class]
19:40:31.934 [main] DEBUG org.springframework.context.annotation.ClassPathBeanDefinitionScanner - Identified candidate component class: file [/home/whitewolf/tau/TAU-repozytorium/tau-mmo-jmeter/target/classes/tau/mmo/api/PlayerController.class]
19:40:31.934 [main] DEBUG org.springframework.context.annotation.ClassPathBeanDefinitionScanner - Identified candidate component class: file [/home/whitewolf/tau/TAU-repozytorium/tau-mmo-jmeter/target/classes/tau/mmo/service/PlayerManagerHibernateImpl.class]
19:40:31.935 [main] DEBUG org.springframework.beans.factory.xml.XmlBeanDefinitionReader - Loaded 0 bean definitions from class path resource [beans.xml]
19:40:31.935 [main] DEBUG org.springframework.beans.factory.support.DefaultListableBeanFactory - Creating shared instance of singleton bean 'org.springframework.boot.autoconfigure.condition.BeanTypeRegistry'
19:40:31.941 [main] INFO org.springframework.data.repository.config.RepositoryConfigurationDelegate - Bootstrapping Spring Data repositories in DEFAULT mode.
19:40:31.941 [main] DEBUG org.springframework.beans.factory.support.DefaultListableBeanFactory - Creating shared instance of singleton bean 'org.springframework.boot.autoconfigure.AutoConfigurationPackages'
19:40:31.941 [main] DEBUG org.springframework.boot.autoconfigure.AutoConfigurationPackages - @EnableAutoConfiguration was declared on a class in the package 'tau.mmo'. Automatic @Repository and @Entity scanning is enabled.
19:40:31.941 [main] DEBUG org.springframework.data.repository.config.RepositoryConfigurationDelegate - Scanning for repositories in packages tau.mmo.
19:40:31.942 [main] INFO org.springframework.data.repository.config.RepositoryConfigurationDelegate - Finished Spring Data repository scanning in 1ms. Found 0 repository interfaces.
19:40:31.951 [main] DEBUG org.springframework.beans.factory.support.DefaultListableBeanFactory - Creating shared instance of singleton bean 'propertySourcesPlaceholderConfigurer'
19:40:31.951 [main] DEBUG org.springframework.core.env.PropertySourcesPropertyResolver - Found key 'jdbc.driverClassName' in PropertySource 'class path resource [jdbc.properties]' with value of type String
19:40:31.951 [main] DEBUG org.springframework.core.env.PropertySourcesPropertyResolver - Found key 'jdbc.driverClassName' in PropertySource 'environmentProperties' with value of type String
19:40:31.951 [main] DEBUG org.springframework.core.env.PropertySourcesPropertyResolver - Found key 'jdbc.url' in PropertySource 'class path resource [jdbc.properties]' with value of type String
19:40:31.951 [main] DEBUG org.springframework.core.env.PropertySourcesPropertyResolver - Found key 'jdbc.url' in PropertySource 'environmentProperties' with value of type String
19:40:31.951 [main] DEBUG org.springframework.core.env.PropertySourcesPropertyResolver - Found key 'jdbc.username' in PropertySource 'class path resource [jdbc.properties]' with value of type String
19:40:31.951 [main] DEBUG org.springframework.core.env.PropertySourcesPropertyResolver - Found key 'jdbc.username' in PropertySource 'environmentProperties' with value of type String
19:40:31.951 [main] DEBUG org.springframework.core.env.PropertySourcesPropertyResolver - Found key 'jdbc.password' in PropertySource 'class path resource [jdbc.properties]' with value of type String
19:40:31.951 [main] DEBUG org.springframework.core.env.PropertySourcesPropertyResolver - Found key 'jdbc.password' in PropertySource 'environmentProperties' with value of type String
19:40:31.952 [main] DEBUG org.springframework.beans.factory.support.DefaultListableBeanFactory - Creating shared instance of singleton bean 'org.springframework.boot.test.mock.mockito.MockitoPostProcessor'
19:40:31.952 [main] DEBUG org.springframework.beans.factory.support.DefaultListableBeanFactory - Creating shared instance of singleton bean 'emBeanDefinitionRegistrarPostProcessor'
19:40:31.953 [main] DEBUG org.springframework.beans.factory.support.DefaultListableBeanFactory - Creating shared instance of singleton bean 'org.springframework.context.event.internalEventListenerProcessor'
19:40:31.954 [main] DEBUG org.springframework.beans.factory.support.DefaultListableBeanFactory - Creating shared instance of singleton bean 'org.springframework.boot.context.properties.ConfigurationBeanFactoryMetadata'
19:40:31.954 [main] DEBUG org.springframework.beans.factory.support.DefaultListableBeanFactory - Creating shared instance of singleton bean 'org.springframework.context.event.internalEventListenerFactory'
19:40:31.954 [main] DEBUG org.springframework.beans.factory.support.DefaultListableBeanFactory - Creating shared instance of singleton bean 'org.springframework.transaction.config.internalTransactionalEventListenerFactory'
19:40:31.955 [main] DEBUG org.springframework.beans.factory.support.DefaultListableBeanFactory - Creating shared instance of singleton bean 'org.springframework.context.annotation.internalAutowiredAnnotationProcessor'
19:40:31.955 [main] DEBUG org.springframework.beans.factory.support.DefaultListableBeanFactory - Creating shared instance of singleton bean 'org.springframework.context.annotation.internalCommonAnnotationProcessor'
19:40:31.955 [main] DEBUG org.springframework.beans.factory.support.DefaultListableBeanFactory - Creating shared instance of singleton bean 'org.springframework.context.annotation.internalPersistenceAnnotationProcessor'
19:40:31.955 [main] DEBUG org.springframework.beans.factory.support.DefaultListableBeanFactory - Creating shared instance of singleton bean 'org.springframework.boot.test.mock.mockito.MockitoPostProcessor$SpyPostProcessor'
19:40:31.955 [main] DEBUG org.springframework.beans.factory.support.DefaultListableBeanFactory - Creating shared instance of singleton bean 'org.springframework.boot.context.properties.ConfigurationPropertiesBindingPostProcessor'
19:40:31.956 [main] DEBUG org.springframework.beans.factory.support.DefaultListableBeanFactory - Creating shared instance of singleton bean 'methodValidationPostProcessor'
19:40:31.956 [main] DEBUG org.springframework.beans.factory.support.DefaultListableBeanFactory - Autowiring by type from bean name 'methodValidationPostProcessor' via factory method to bean named 'environment'
19:40:31.957 [main] DEBUG org.springframework.beans.factory.support.DefaultListableBeanFactory - Creating shared instance of singleton bean 'org.springframework.aop.config.internalAutoProxyCreator'
19:40:31.958 [main] DEBUG org.springframework.beans.factory.support.DefaultListableBeanFactory - Creating shared instance of singleton bean 'dataSourceInitializerPostProcessor'
19:40:31.958 [main] DEBUG org.springframework.beans.factory.support.DefaultListableBeanFactory - Creating shared instance of singleton bean 'persistenceExceptionTranslationPostProcessor'
19:40:31.959 [main] DEBUG org.springframework.beans.factory.support.DefaultListableBeanFactory - Autowiring by type from bean name 'persistenceExceptionTranslationPostProcessor' via factory method to bean named 'environment'
19:40:31.960 [main] DEBUG org.springframework.beans.factory.support.DefaultListableBeanFactory - Creating shared instance of singleton bean 'application'
19:40:31.960 [main] DEBUG org.springframework.beans.factory.support.DefaultListableBeanFactory - Creating shared instance of singleton bean 'org.springframework.transaction.config.internalTransactionAdvisor'
19:40:31.961 [main] DEBUG org.springframework.beans.factory.support.DefaultListableBeanFactory - Creating shared instance of singleton bean 'org.springframework.transaction.annotation.ProxyTransactionManagementConfiguration'
19:40:31.964 [main] DEBUG org.springframework.beans.factory.support.DefaultListableBeanFactory - Creating shared instance of singleton bean 'transactionAttributeSource'
19:40:31.965 [main] DEBUG org.springframework.beans.factory.support.DefaultListableBeanFactory - Creating shared instance of singleton bean 'transactionInterceptor'
19:40:31.966 [main] DEBUG org.springframework.beans.factory.support.DefaultListableBeanFactory - Creating shared instance of singleton bean 'playerController'
19:40:31.967 [main] DEBUG org.springframework.beans.factory.support.DefaultListableBeanFactory - Creating shared instance of singleton bean 'playerManagerHibernateImpl'
19:40:31.968 [main] DEBUG org.springframework.beans.factory.support.DefaultListableBeanFactory - Creating shared instance of singleton bean 'hibernateSessionFactory'
19:40:31.969 [main] DEBUG org.springframework.beans.factory.support.DefaultListableBeanFactory - Creating shared instance of singleton bean 'dataSource'
19:40:31.969 [main] DEBUG org.springframework.jdbc.datasource.DriverManagerDataSource - Loaded JDBC driver: org.hsqldb.jdbcDriver
19:40:31.970 [main] DEBUG org.springframework.beans.factory.support.DefaultListableBeanFactory - Creating shared instance of singleton bean 'org.springframework.boot.autoconfigure.jdbc.DataSourceInitializerInvoker'
19:40:31.971 [main] DEBUG org.springframework.beans.factory.support.DefaultListableBeanFactory - Creating shared instance of singleton bean 'spring.datasource-org.springframework.boot.autoconfigure.jdbc.DataSourceProperties'
19:40:31.976 [main] DEBUG org.springframework.beans.factory.support.DefaultListableBeanFactory - Autowiring by type from bean name 'org.springframework.boot.autoconfigure.jdbc.DataSourceInitializerInvoker' via constructor to bean named 'spring.datasource-org.springframework.boot.autoconfigure.jdbc.DataSourceProperties'
19:40:31.976 [main] DEBUG org.springframework.beans.factory.support.DefaultListableBeanFactory - Autowiring by type from bean name 'org.springframework.boot.autoconfigure.jdbc.DataSourceInitializerInvoker' via constructor to bean named 'org.springframework.context.support.GenericApplicationContext@71469e01'
19:40:31.977 [main] DEBUG org.hibernate.integrator.internal.IntegratorServiceImpl - Adding Integrator [org.hibernate.cfg.beanvalidation.BeanValidationIntegrator].
19:40:31.977 [main] DEBUG org.hibernate.integrator.internal.IntegratorServiceImpl - Adding Integrator [org.hibernate.secure.spi.JaccIntegrator].
19:40:31.977 [main] DEBUG org.hibernate.integrator.internal.IntegratorServiceImpl - Adding Integrator [org.hibernate.cache.internal.CollectionCacheInvalidator].
19:40:31.979 [main] DEBUG org.hibernate.cfg.Configuration - Building session factory using internal StandardServiceRegistryBuilder
19:40:31.979 [main] DEBUG org.hibernate.service.spi.ServiceBinding - Overriding existing service binding [org.hibernate.secure.spi.JaccService]
19:40:31.979 [main] DEBUG org.hibernate.cfg.Configuration - Building session factory using provided StandardServiceRegistry
19:40:31.979 [main] DEBUG org.hibernate.cache.internal.RegionFactoryInitiator - Cache region factory : org.hibernate.cache.internal.NoCachingRegionFactory
19:40:31.979 [main] DEBUG org.hibernate.type.BasicTypeRegistry - Adding type registration boolean -> org.hibernate.type.BooleanType@57a2ed35
19:40:31.979 [main] DEBUG org.hibernate.type.BasicTypeRegistry - Adding type registration boolean -> org.hibernate.type.BooleanType@57a2ed35
19:40:31.979 [main] DEBUG org.hibernate.type.BasicTypeRegistry - Adding type registration java.lang.Boolean -> org.hibernate.type.BooleanType@57a2ed35
19:40:31.979 [main] DEBUG org.hibernate.type.BasicTypeRegistry - Adding type registration numeric_boolean -> org.hibernate.type.NumericBooleanType@184fb68d
19:40:31.980 [main] DEBUG org.hibernate.type.BasicTypeRegistry - Adding type registration true_false -> org.hibernate.type.TrueFalseType@205bed61
19:40:31.980 [main] DEBUG org.hibernate.type.BasicTypeRegistry - Adding type registration yes_no -> org.hibernate.type.YesNoType@7c2b58c0
19:40:31.980 [main] DEBUG org.hibernate.type.BasicTypeRegistry - Adding type registration byte -> org.hibernate.type.ByteType@aa149ed
19:40:31.980 [main] DEBUG org.hibernate.type.BasicTypeRegistry - Adding type registration byte -> org.hibernate.type.ByteType@aa149ed
19:40:31.980 [main] DEBUG org.hibernate.type.BasicTypeRegistry - Adding type registration java.lang.Byte -> org.hibernate.type.ByteType@aa149ed
19:40:31.980 [main] DEBUG org.hibernate.type.BasicTypeRegistry - Adding type registration character -> org.hibernate.type.CharacterType@8ee0c23
19:40:31.980 [main] DEBUG org.hibernate.type.BasicTypeRegistry - Adding type registration char -> org.hibernate.type.CharacterType@8ee0c23
19:40:31.980 [main] DEBUG org.hibernate.type.BasicTypeRegistry - Adding type registration java.lang.Character -> org.hibernate.type.CharacterType@8ee0c23
19:40:31.980 [main] DEBUG org.hibernate.type.BasicTypeRegistry - Adding type registration short -> org.hibernate.type.ShortType@173797f0
19:40:31.980 [main] DEBUG org.hibernate.type.BasicTypeRegistry - Adding type registration short -> org.hibernate.type.ShortType@173797f0
19:40:31.980 [main] DEBUG org.hibernate.type.BasicTypeRegistry - Adding type registration java.lang.Short -> org.hibernate.type.ShortType@173797f0
19:40:31.980 [main] DEBUG org.hibernate.type.BasicTypeRegistry - Adding type registration integer -> org.hibernate.type.IntegerType@33d53216
19:40:31.980 [main] DEBUG org.hibernate.type.BasicTypeRegistry - Adding type registration int -> org.hibernate.type.IntegerType@33d53216
19:40:31.980 [main] DEBUG org.hibernate.type.BasicTypeRegistry - Adding type registration java.lang.Integer -> org.hibernate.type.IntegerType@33d53216
19:40:31.980 [main] DEBUG org.hibernate.type.BasicTypeRegistry - Adding type registration long -> org.hibernate.type.LongType@3db663d0
19:40:31.980 [main] DEBUG org.hibernate.type.BasicTypeRegistry - Adding type registration long -> org.hibernate.type.LongType@3db663d0
19:40:31.980 [main] DEBUG org.hibernate.type.BasicTypeRegistry - Adding type registration java.lang.Long -> org.hibernate.type.LongType@3db663d0
19:40:31.980 [main] DEBUG org.hibernate.type.BasicTypeRegistry - Adding type registration float -> org.hibernate.type.FloatType@3b9632d1
19:40:31.980 [main] DEBUG org.hibernate.type.BasicTypeRegistry - Adding type registration float -> org.hibernate.type.FloatType@3b9632d1
19:40:31.980 [main] DEBUG org.hibernate.type.BasicTypeRegistry - Adding type registration java.lang.Float -> org.hibernate.type.FloatType@3b9632d1
19:40:31.980 [main] DEBUG org.hibernate.type.BasicTypeRegistry - Adding type registration double -> org.hibernate.type.DoubleType@75fc1992
19:40:31.980 [main] DEBUG org.hibernate.type.BasicTypeRegistry - Adding type registration double -> org.hibernate.type.DoubleType@75fc1992
19:40:31.980 [main] DEBUG org.hibernate.type.BasicTypeRegistry - Adding type registration java.lang.Double -> org.hibernate.type.DoubleType@75fc1992
19:40:31.980 [main] DEBUG org.hibernate.type.BasicTypeRegistry - Adding type registration big_decimal -> org.hibernate.type.BigDecimalType@27a2a089
19:40:31.980 [main] DEBUG org.hibernate.type.BasicTypeRegistry - Adding type registration java.math.BigDecimal -> org.hibernate.type.BigDecimalType@27a2a089
19:40:31.980 [main] DEBUG org.hibernate.type.BasicTypeRegistry - Adding type registration big_integer -> org.hibernate.type.BigIntegerType@5ac6c4f2
19:40:31.980 [main] DEBUG org.hibernate.type.BasicTypeRegistry - Adding type registration java.math.BigInteger -> org.hibernate.type.BigIntegerType@5ac6c4f2
19:40:31.980 [main] DEBUG org.hibernate.type.BasicTypeRegistry - Adding type registration string -> org.hibernate.type.StringType@78525ef9
19:40:31.980 [main] DEBUG org.hibernate.type.BasicTypeRegistry - Adding type registration java.lang.String -> org.hibernate.type.StringType@78525ef9
19:40:31.980 [main] DEBUG org.hibernate.type.BasicTypeRegistry - Adding type registration nstring -> org.hibernate.type.StringNVarcharType@350a94ce
19:40:31.980 [main] DEBUG org.hibernate.type.BasicTypeRegistry - Adding type registration ncharacter -> org.hibernate.type.CharacterNCharType@5fbdc49b
19:40:31.980 [main] DEBUG org.hibernate.type.BasicTypeRegistry - Adding type registration url -> org.hibernate.type.UrlType@285f38f6
19:40:31.980 [main] DEBUG org.hibernate.type.BasicTypeRegistry - Adding type registration java.net.URL -> org.hibernate.type.UrlType@285f38f6
19:40:31.980 [main] DEBUG org.hibernate.type.BasicTypeRegistry - Adding type registration date -> org.hibernate.type.DateType@21ac5eb4
19:40:31.980 [main] DEBUG org.hibernate.type.BasicTypeRegistry - Adding type registration java.sql.Date -> org.hibernate.type.DateType@21ac5eb4
19:40:31.980 [main] DEBUG org.hibernate.type.BasicTypeRegistry - Adding type registration time -> org.hibernate.type.TimeType@1d540566
19:40:31.980 [main] DEBUG org.hibernate.type.BasicTypeRegistry - Adding type registration java.sql.Time -> org.hibernate.type.TimeType@1d540566
19:40:31.980 [main] DEBUG org.hibernate.type.BasicTypeRegistry - Adding type registration timestamp -> org.hibernate.type.TimestampType@5c1f6d57
19:40:31.980 [main] DEBUG org.hibernate.type.BasicTypeRegistry - Adding type registration java.sql.Timestamp -> org.hibernate.type.TimestampType@5c1f6d57
19:40:31.980 [main] DEBUG org.hibernate.type.BasicTypeRegistry - Adding type registration java.util.Date -> org.hibernate.type.TimestampType@5c1f6d57
19:40:31.980 [main] DEBUG org.hibernate.type.BasicTypeRegistry - Adding type registration dbtimestamp -> org.hibernate.type.DbTimestampType@5cb5bb88
19:40:31.980 [main] DEBUG org.hibernate.type.BasicTypeRegistry - Adding type registration calendar -> org.hibernate.type.CalendarType@20e3c449
19:40:31.980 [main] DEBUG org.hibernate.type.BasicTypeRegistry - Adding type registration java.util.Calendar -> org.hibernate.type.CalendarType@20e3c449
19:40:31.980 [main] DEBUG org.hibernate.type.BasicTypeRegistry - Adding type registration java.util.GregorianCalendar -> org.hibernate.type.CalendarType@20e3c449
19:40:31.980 [main] DEBUG org.hibernate.type.BasicTypeRegistry - Adding type registration calendar_date -> org.hibernate.type.CalendarDateType@2dd8239
19:40:31.980 [main] DEBUG org.hibernate.type.BasicTypeRegistry - Adding type registration locale -> org.hibernate.type.LocaleType@3f92a84e
19:40:31.980 [main] DEBUG org.hibernate.type.BasicTypeRegistry - Adding type registration java.util.Locale -> org.hibernate.type.LocaleType@3f92a84e
19:40:31.980 [main] DEBUG org.hibernate.type.BasicTypeRegistry - Adding type registration currency -> org.hibernate.type.CurrencyType@5fcfca62
19:40:31.980 [main] DEBUG org.hibernate.type.BasicTypeRegistry - Adding type registration java.util.Currency -> org.hibernate.type.CurrencyType@5fcfca62
19:40:31.980 [main] DEBUG org.hibernate.type.BasicTypeRegistry - Adding type registration timezone -> org.hibernate.type.TimeZoneType@5b051a5c
19:40:31.980 [main] DEBUG org.hibernate.type.BasicTypeRegistry - Adding type registration java.util.TimeZone -> org.hibernate.type.TimeZoneType@5b051a5c
19:40:31.980 [main] DEBUG org.hibernate.type.BasicTypeRegistry - Adding type registration class -> org.hibernate.type.ClassType@10641c09
19:40:31.980 [main] DEBUG org.hibernate.type.BasicTypeRegistry - Adding type registration java.lang.Class -> org.hibernate.type.ClassType@10641c09
19:40:31.980 [main] DEBUG org.hibernate.type.BasicTypeRegistry - Adding type registration uuid-binary -> org.hibernate.type.UUIDBinaryType@12968227
19:40:31.980 [main] DEBUG org.hibernate.type.BasicTypeRegistry - Adding type registration java.util.UUID -> org.hibernate.type.UUIDBinaryType@12968227
19:40:31.980 [main] DEBUG org.hibernate.type.BasicTypeRegistry - Adding type registration uuid-char -> org.hibernate.type.UUIDCharType@48eb9836
19:40:31.980 [main] DEBUG org.hibernate.type.BasicTypeRegistry - Adding type registration binary -> org.hibernate.type.BinaryType@9e2ad91
19:40:31.980 [main] DEBUG org.hibernate.type.BasicTypeRegistry - Adding type registration byte[] -> org.hibernate.type.BinaryType@9e2ad91
19:40:31.980 [main] DEBUG org.hibernate.type.BasicTypeRegistry - Adding type registration [B -> org.hibernate.type.BinaryType@9e2ad91
19:40:31.980 [main] DEBUG org.hibernate.type.BasicTypeRegistry - Adding type registration wrapper-binary -> org.hibernate.type.WrapperBinaryType@74dbb1ee
19:40:31.980 [main] DEBUG org.hibernate.type.BasicTypeRegistry - Adding type registration Byte[] -> org.hibernate.type.WrapperBinaryType@74dbb1ee
19:40:31.980 [main] DEBUG org.hibernate.type.BasicTypeRegistry - Adding type registration [Ljava.lang.Byte; -> org.hibernate.type.WrapperBinaryType@74dbb1ee
19:40:31.980 [main] DEBUG org.hibernate.type.BasicTypeRegistry - Adding type registration row_version -> org.hibernate.type.RowVersionType@618ad2aa
19:40:31.980 [main] DEBUG org.hibernate.type.BasicTypeRegistry - Adding type registration image -> org.hibernate.type.ImageType@59e43e8c
19:40:31.980 [main] DEBUG org.hibernate.type.BasicTypeRegistry - Adding type registration characters -> org.hibernate.type.CharArrayType@3f049056
19:40:31.980 [main] DEBUG org.hibernate.type.BasicTypeRegistry - Adding type registration char[] -> org.hibernate.type.CharArrayType@3f049056
19:40:31.980 [main] DEBUG org.hibernate.type.BasicTypeRegistry - Adding type registration [C -> org.hibernate.type.CharArrayType@3f049056
19:40:31.980 [main] DEBUG org.hibernate.type.BasicTypeRegistry - Adding type registration wrapper-characters -> org.hibernate.type.CharacterArrayType@4c2fb9dd
19:40:31.980 [main] DEBUG org.hibernate.type.BasicTypeRegistry - Adding type registration [Ljava.lang.Character; -> org.hibernate.type.CharacterArrayType@4c2fb9dd
19:40:31.980 [main] DEBUG org.hibernate.type.BasicTypeRegistry - Adding type registration Character[] -> org.hibernate.type.CharacterArrayType@4c2fb9dd
19:40:31.980 [main] DEBUG org.hibernate.type.BasicTypeRegistry - Adding type registration text -> org.hibernate.type.TextType@41522537
19:40:31.980 [main] DEBUG org.hibernate.type.BasicTypeRegistry - Adding type registration ntext -> org.hibernate.type.NTextType@42c28305
19:40:31.980 [main] DEBUG org.hibernate.type.BasicTypeRegistry - Adding type registration blob -> org.hibernate.type.BlobType@ef1695a
19:40:31.980 [main] DEBUG org.hibernate.type.BasicTypeRegistry - Adding type registration java.sql.Blob -> org.hibernate.type.BlobType@ef1695a
19:40:31.980 [main] DEBUG org.hibernate.type.BasicTypeRegistry - Adding type registration materialized_blob -> org.hibernate.type.MaterializedBlobType@7139bd31
19:40:31.980 [main] DEBUG org.hibernate.type.BasicTypeRegistry - Adding type registration clob -> org.hibernate.type.ClobType@75361cf6
19:40:31.980 [main] DEBUG org.hibernate.type.BasicTypeRegistry - Adding type registration java.sql.Clob -> org.hibernate.type.ClobType@75361cf6
19:40:31.980 [main] DEBUG org.hibernate.type.BasicTypeRegistry - Adding type registration nclob -> org.hibernate.type.NClobType@102efc59
19:40:31.980 [main] DEBUG org.hibernate.type.BasicTypeRegistry - Adding type registration java.sql.NClob -> org.hibernate.type.NClobType@102efc59
19:40:31.980 [main] DEBUG org.hibernate.type.BasicTypeRegistry - Adding type registration materialized_clob -> org.hibernate.type.MaterializedClobType@75fa1be3
19:40:31.980 [main] DEBUG org.hibernate.type.BasicTypeRegistry - Adding type registration materialized_nclob -> org.hibernate.type.MaterializedNClobType@3ce53f6a
19:40:31.980 [main] DEBUG org.hibernate.type.BasicTypeRegistry - Adding type registration serializable -> org.hibernate.type.SerializableType@1daf3b44
19:40:31.980 [main] DEBUG org.hibernate.type.BasicTypeRegistry - Adding type registration object -> org.hibernate.type.ObjectType@4cb40e3b
19:40:31.980 [main] DEBUG org.hibernate.type.BasicTypeRegistry - Adding type registration java.lang.Object -> org.hibernate.type.ObjectType@4cb40e3b
19:40:31.980 [main] DEBUG org.hibernate.type.BasicTypeRegistry - Adding type registration imm_date -> org.hibernate.type.AdaptedImmutableType@61b0af9f
19:40:31.980 [main] DEBUG org.hibernate.type.BasicTypeRegistry - Adding type registration imm_time -> org.hibernate.type.AdaptedImmutableType@71fb1da3
19:40:31.980 [main] DEBUG org.hibernate.type.BasicTypeRegistry - Adding type registration imm_timestamp -> org.hibernate.type.AdaptedImmutableType@1ecec098
19:40:31.980 [main] DEBUG org.hibernate.type.BasicTypeRegistry - Adding type registration imm_dbtimestamp -> org.hibernate.type.AdaptedImmutableType@6cc44207
19:40:31.980 [main] DEBUG org.hibernate.type.BasicTypeRegistry - Adding type registration imm_calendar -> org.hibernate.type.AdaptedImmutableType@8ecc457
19:40:31.980 [main] DEBUG org.hibernate.type.BasicTypeRegistry - Adding type registration imm_calendar_date -> org.hibernate.type.AdaptedImmutableType@21d3d6ec
19:40:31.980 [main] DEBUG org.hibernate.type.BasicTypeRegistry - Adding type registration imm_binary -> org.hibernate.type.AdaptedImmutableType@49f1184e
19:40:31.980 [main] DEBUG org.hibernate.type.BasicTypeRegistry - Adding type registration imm_serializable -> org.hibernate.type.AdaptedImmutableType@7ebaf0d
19:40:31.980 [main] DEBUG org.springframework.jdbc.datasource.DriverManagerDataSource - Creating new JDBC DriverManager Connection to [jdbc:hsqldb:hsql://localhost/workdb]
19:40:31.982 [main] WARN org.hibernate.engine.jdbc.env.internal.JdbcEnvironmentInitiator - HHH000342: Could not obtain connection to query metadata : java.net.ConnectException: Połączenie odrzucone (Connection refused)
19:40:31.982 [main] INFO org.hibernate.dialect.Dialect - HHH000400: Using dialect: org.hibernate.dialect.HSQLDialect
19:40:31.982 [main] DEBUG org.hibernate.engine.jdbc.env.spi.IdentifierHelperBuilder - IdentifierCaseStrategy for both quoted and unquoted identifiers was set to the same strategy [MIXED]; that will likely lead to problems in schema update and validation if using quoted identifiers
19:40:31.983 [main] INFO org.hibernate.engine.jdbc.env.internal.LobCreatorBuilderImpl - HHH000422: Disabling contextual LOB creation as connection was null
19:40:31.983 [main] DEBUG org.hibernate.id.factory.internal.DefaultIdentifierGeneratorFactory - Registering IdentifierGenerator strategy [uuid2] -> [org.hibernate.id.UUIDGenerator]
19:40:31.983 [main] DEBUG org.hibernate.id.factory.internal.DefaultIdentifierGeneratorFactory - Registering IdentifierGenerator strategy [guid] -> [org.hibernate.id.GUIDGenerator]
19:40:31.983 [main] DEBUG org.hibernate.id.factory.internal.DefaultIdentifierGeneratorFactory - Registering IdentifierGenerator strategy [uuid] -> [org.hibernate.id.UUIDHexGenerator]
19:40:31.983 [main] DEBUG org.hibernate.id.factory.internal.DefaultIdentifierGeneratorFactory - Registering IdentifierGenerator strategy [uuid.hex] -> [org.hibernate.id.UUIDHexGenerator]
19:40:31.983 [main] DEBUG org.hibernate.id.factory.internal.DefaultIdentifierGeneratorFactory - Registering IdentifierGenerator strategy [assigned] -> [org.hibernate.id.Assigned]
19:40:31.983 [main] DEBUG org.hibernate.id.factory.internal.DefaultIdentifierGeneratorFactory - Registering IdentifierGenerator strategy [identity] -> [org.hibernate.id.IdentityGenerator]
19:40:31.983 [main] DEBUG org.hibernate.id.factory.internal.DefaultIdentifierGeneratorFactory - Registering IdentifierGenerator strategy [select] -> [org.hibernate.id.SelectGenerator]
19:40:31.983 [main] DEBUG org.hibernate.id.factory.internal.DefaultIdentifierGeneratorFactory - Registering IdentifierGenerator strategy [sequence] -> [org.hibernate.id.enhanced.SequenceStyleGenerator]
19:40:31.983 [main] DEBUG org.hibernate.id.factory.internal.DefaultIdentifierGeneratorFactory - Registering IdentifierGenerator strategy [seqhilo] -> [org.hibernate.id.SequenceHiLoGenerator]
19:40:31.983 [main] DEBUG org.hibernate.id.factory.internal.DefaultIdentifierGeneratorFactory - Registering IdentifierGenerator strategy [increment] -> [org.hibernate.id.IncrementGenerator]
19:40:31.983 [main] DEBUG org.hibernate.id.factory.internal.DefaultIdentifierGeneratorFactory - Registering IdentifierGenerator strategy [foreign] -> [org.hibernate.id.ForeignGenerator]
19:40:31.983 [main] DEBUG org.hibernate.id.factory.internal.DefaultIdentifierGeneratorFactory - Registering IdentifierGenerator strategy [sequence-identity] -> [org.hibernate.id.SequenceIdentityGenerator]
19:40:31.983 [main] DEBUG org.hibernate.id.factory.internal.DefaultIdentifierGeneratorFactory - Registering IdentifierGenerator strategy [enhanced-sequence] -> [org.hibernate.id.enhanced.SequenceStyleGenerator]
19:40:31.983 [main] DEBUG org.hibernate.id.factory.internal.DefaultIdentifierGeneratorFactory - Registering IdentifierGenerator strategy [enhanced-table] -> [org.hibernate.id.enhanced.TableGenerator]
19:40:31.983 [main] DEBUG org.hibernate.boot.model.relational.Namespace - Created database namespace [logicalName=Name{catalog=null, schema=null}, physicalName=Name{catalog=null, schema=null}]
19:40:31.983 [main] DEBUG org.hibernate.cfg.AnnotationBinder - Binding entity from annotated class: tau.mmo.domain.Item
19:40:31.983 [main] DEBUG org.hibernate.cfg.annotations.QueryBinder - Binding named query: item.all => Select p from Item p
19:40:31.983 [main] DEBUG org.hibernate.cfg.annotations.QueryBinder - Binding named query: item.allForPlayer => Select p from Item p where player_id = :id
19:40:31.984 [main] DEBUG org.hibernate.cfg.Ejb3Column - Binding column: Ejb3DiscriminatorColumn{logicalColumnName'DTYPE', discriminatorTypeName='string'}
19:40:31.984 [main] DEBUG org.hibernate.cfg.annotations.EntityBinder - Import with entity name Item
19:40:31.984 [main] DEBUG org.hibernate.cfg.annotations.EntityBinder - Bind entity tau.mmo.domain.Item on table item
19:40:31.984 [main] DEBUG org.hibernate.cfg.Ejb3Column - Binding column: Ejb3Column{table=org.hibernate.mapping.Table(item), mappingColumn=id, insertable=true, updatable=true, unique=false}
19:40:31.984 [main] DEBUG org.hibernate.cfg.annotations.PropertyBinder - MetadataSourceProcessor property id with lazy=false
19:40:31.984 [main] DEBUG org.hibernate.cfg.AbstractPropertyHolder - Attempting to locate auto-apply AttributeConverter for property [tau.mmo.domain.Item:id]
19:40:31.990 [main] DEBUG org.hibernate.cfg.annotations.SimpleValueBinder - building SimpleValue for id
19:40:31.990 [main] DEBUG org.hibernate.cfg.annotations.PropertyBinder - Building property id
19:40:31.990 [main] DEBUG org.hibernate.cfg.Ejb3Column - Binding column: Ejb3Column{table=org.hibernate.mapping.Table(item), mappingColumn=itemclass, insertable=true, updatable=true, unique=false}
19:40:31.990 [main] DEBUG org.hibernate.cfg.annotations.PropertyBinder - MetadataSourceProcessor property itemclass with lazy=false
19:40:31.990 [main] DEBUG org.hibernate.cfg.AbstractPropertyHolder - Attempting to locate auto-apply AttributeConverter for property [tau.mmo.domain.Item:itemclass]
19:40:31.990 [main] DEBUG org.hibernate.cfg.annotations.SimpleValueBinder - building SimpleValue for itemclass
19:40:31.990 [main] DEBUG org.hibernate.cfg.annotations.PropertyBinder - Building property itemclass
19:40:31.990 [main] DEBUG org.hibernate.cfg.Ejb3Column - Binding column: Ejb3Column{table=org.hibernate.mapping.Table(item), mappingColumn=levelreq, insertable=true, updatable=true, unique=false}
19:40:31.990 [main] DEBUG org.hibernate.cfg.annotations.PropertyBinder - MetadataSourceProcessor property levelreq with lazy=false
19:40:31.990 [main] DEBUG org.hibernate.cfg.AbstractPropertyHolder - Attempting to locate auto-apply AttributeConverter for property [tau.mmo.domain.Item:levelreq]
19:40:31.990 [main] DEBUG org.hibernate.cfg.annotations.SimpleValueBinder - building SimpleValue for levelreq
19:40:31.990 [main] DEBUG org.hibernate.cfg.annotations.PropertyBinder - Building property levelreq
19:40:31.990 [main] DEBUG org.hibernate.cfg.Ejb3Column - Binding column: Ejb3Column{table=org.hibernate.mapping.Table(item), mappingColumn=name, insertable=true, updatable=true, unique=false}
19:40:31.991 [main] DEBUG org.hibernate.cfg.annotations.PropertyBinder - MetadataSourceProcessor property name with lazy=false
19:40:31.991 [main] DEBUG org.hibernate.cfg.AbstractPropertyHolder - Attempting to locate auto-apply AttributeConverter for property [tau.mmo.domain.Item:name]
19:40:31.991 [main] DEBUG org.hibernate.cfg.annotations.SimpleValueBinder - building SimpleValue for name
19:40:31.991 [main] DEBUG org.hibernate.cfg.annotations.PropertyBinder - Building property name
19:40:31.991 [main] DEBUG org.hibernate.cfg.Ejb3Column - Binding column: Ejb3JoinColumn{logicalColumnName='player_id', referencedColumn='', mappedBy=''}
19:40:31.991 [main] DEBUG org.hibernate.cfg.Ejb3Column - Binding column: Ejb3Column{table=org.hibernate.mapping.Table(item), mappingColumn=player, insertable=true, updatable=true, unique=false}
19:40:31.991 [main] DEBUG org.hibernate.cfg.annotations.PropertyBinder - Building property player
19:40:31.991 [main] DEBUG org.hibernate.cfg.AnnotationBinder - Binding entity from annotated class: tau.mmo.domain.Player
19:40:31.991 [main] DEBUG org.hibernate.cfg.annotations.QueryBinder - Binding named query: player.all => Select p from Player p
19:40:31.991 [main] DEBUG org.hibernate.cfg.annotations.QueryBinder - Binding named query: player.findPlayers => Select c from Player c where c.name like :nameFragment
19:40:31.991 [main] DEBUG org.hibernate.cfg.Ejb3Column - Binding column: Ejb3DiscriminatorColumn{logicalColumnName'DTYPE', discriminatorTypeName='string'}
19:40:31.991 [main] DEBUG org.hibernate.cfg.annotations.EntityBinder - Import with entity name Player
19:40:31.991 [main] DEBUG org.hibernate.cfg.annotations.EntityBinder - Bind entity tau.mmo.domain.Player on table player
19:40:31.992 [main] DEBUG org.hibernate.cfg.Ejb3Column - Binding column: Ejb3Column{table=org.hibernate.mapping.Table(player), mappingColumn=id, insertable=true, updatable=true, unique=false}
19:40:31.992 [main] DEBUG org.hibernate.cfg.annotations.PropertyBinder - MetadataSourceProcessor property id with lazy=false
19:40:31.992 [main] DEBUG org.hibernate.cfg.AbstractPropertyHolder - Attempting to locate auto-apply AttributeConverter for property [tau.mmo.domain.Player:id]
19:40:31.992 [main] DEBUG org.hibernate.cfg.annotations.SimpleValueBinder - building SimpleValue for id
19:40:31.993 [main] DEBUG org.hibernate.cfg.annotations.PropertyBinder - Building property id
19:40:31.993 [main] DEBUG org.hibernate.cfg.Ejb3Column - Binding column: Ejb3Column{table=org.hibernate.mapping.Table(player), mappingColumn=heroclass, insertable=true, updatable=true, unique=false}
19:40:31.993 [main] DEBUG org.hibernate.cfg.annotations.PropertyBinder - MetadataSourceProcessor property heroclass with lazy=false
19:40:31.993 [main] DEBUG org.hibernate.cfg.AbstractPropertyHolder - Attempting to locate auto-apply AttributeConverter for property [tau.mmo.domain.Player:heroclass]
19:40:31.993 [main] DEBUG org.hibernate.cfg.annotations.SimpleValueBinder - building SimpleValue for heroclass
19:40:31.993 [main] DEBUG org.hibernate.cfg.annotations.PropertyBinder - Building property heroclass
19:40:31.993 [main] DEBUG org.hibernate.cfg.Ejb3Column - Binding column: Ejb3JoinColumn{logicalColumnName='null', referencedColumn='null', mappedBy='player'}
19:40:31.993 [main] DEBUG org.hibernate.cfg.Ejb3Column - Binding column: Ejb3Column{table=org.hibernate.mapping.Table(player), mappingColumn=items, insertable=true, updatable=true, unique=false}
19:40:31.993 [main] DEBUG org.hibernate.cfg.Ejb3Column - Binding column: Ejb3Column{table=org.hibernate.mapping.Table(player), mappingColumn=null, insertable=true, updatable=true, unique=false}
19:40:31.993 [main] DEBUG org.hibernate.cfg.Ejb3Column - Binding column: Ejb3Column{table=org.hibernate.mapping.Table(player), mappingColumn=element, insertable=true, updatable=true, unique=false}
19:40:31.993 [main] DEBUG org.hibernate.cfg.Ejb3Column - Binding column: Ejb3Column{table=org.hibernate.mapping.Table(player), mappingColumn=items_KEY, insertable=true, updatable=true, unique=false}
19:40:31.993 [main] DEBUG org.hibernate.cfg.Ejb3Column - Binding column: Ejb3JoinColumn{logicalColumnName='items_KEY', referencedColumn='null', mappedBy='null'}
19:40:31.993 [main] DEBUG org.hibernate.cfg.Ejb3Column - Binding column: Ejb3JoinColumn{logicalColumnName='null', referencedColumn='null', mappedBy='player'}
19:40:31.993 [main] DEBUG org.hibernate.cfg.Ejb3Column - Binding column: Ejb3JoinColumn{logicalColumnName='null', referencedColumn='null', mappedBy='player'}
19:40:31.993 [main] DEBUG org.hibernate.cfg.annotations.CollectionBinder - Collection role: tau.mmo.domain.Player.items
19:40:31.993 [main] DEBUG org.hibernate.cfg.annotations.PropertyBinder - Building property items
19:40:31.994 [main] DEBUG org.hibernate.cfg.Ejb3Column - Binding column: Ejb3Column{table=org.hibernate.mapping.Table(player), mappingColumn=level, insertable=true, updatable=true, unique=false}
19:40:31.994 [main] DEBUG org.hibernate.cfg.annotations.PropertyBinder - MetadataSourceProcessor property level with lazy=false
19:40:31.994 [main] DEBUG org.hibernate.cfg.AbstractPropertyHolder - Attempting to locate auto-apply AttributeConverter for property [tau.mmo.domain.Player:level]
19:40:31.994 [main] DEBUG org.hibernate.cfg.annotations.SimpleValueBinder - building SimpleValue for level
19:40:31.994 [main] DEBUG org.hibernate.cfg.annotations.PropertyBinder - Building property level
19:40:31.994 [main] DEBUG org.hibernate.cfg.Ejb3Column - Binding column: Ejb3Column{table=org.hibernate.mapping.Table(player), mappingColumn=name, insertable=true, updatable=true, unique=false}
19:40:31.994 [main] DEBUG org.hibernate.cfg.annotations.PropertyBinder - MetadataSourceProcessor property name with lazy=false
19:40:31.994 [main] DEBUG org.hibernate.cfg.AbstractPropertyHolder - Attempting to locate auto-apply AttributeConverter for property [tau.mmo.domain.Player:name]
19:40:31.994 [main] DEBUG org.hibernate.cfg.annotations.SimpleValueBinder - building SimpleValue for name
19:40:31.994 [main] DEBUG org.hibernate.cfg.annotations.PropertyBinder - Building property name
19:40:31.994 [main] DEBUG org.hibernate.cfg.annotations.SimpleValueBinder - Starting fillSimpleValue for id
19:40:31.994 [main] DEBUG org.hibernate.cfg.annotations.SimpleValueBinder - Starting fillSimpleValue for itemclass
19:40:31.994 [main] DEBUG org.hibernate.cfg.annotations.SimpleValueBinder - Starting fillSimpleValue for levelreq
19:40:31.994 [main] DEBUG org.hibernate.cfg.annotations.SimpleValueBinder - Starting fillSimpleValue for name
19:40:31.994 [main] DEBUG org.hibernate.cfg.annotations.SimpleValueBinder - Starting fillSimpleValue for id
19:40:31.994 [main] DEBUG org.hibernate.cfg.annotations.SimpleValueBinder - Starting fillSimpleValue for heroclass
19:40:31.994 [main] DEBUG org.hibernate.cfg.annotations.SimpleValueBinder - Starting fillSimpleValue for level
19:40:31.994 [main] DEBUG org.hibernate.cfg.annotations.SimpleValueBinder - Starting fillSimpleValue for name
19:40:31.994 [main] DEBUG org.hibernate.mapping.PrimaryKey - Forcing column [id] to be non-null as it is part of the primary key for table [item]
19:40:31.994 [main] DEBUG org.hibernate.mapping.PrimaryKey - Forcing column [id] to be non-null as it is part of the primary key for table [player]
19:40:31.994 [main] DEBUG org.hibernate.cfg.CollectionSecondPass - Second pass for collection: tau.mmo.domain.Player.items
19:40:31.994 [main] DEBUG org.hibernate.cfg.annotations.CollectionBinder - Binding a OneToMany: tau.mmo.domain.Player.items through a foreign key
19:40:31.995 [main] DEBUG org.hibernate.cfg.annotations.CollectionBinder - Mapping collection: tau.mmo.domain.Player.items -> item
19:40:31.995 [main] DEBUG org.hibernate.cfg.annotations.TableBinder - Retrieving property tau.mmo.domain.Item.player
19:40:31.995 [main] DEBUG org.hibernate.cfg.CollectionSecondPass - Mapped collection key: player_id, one-to-many: tau.mmo.domain.Item
19:40:31.995 [main] DEBUG org.hibernate.boot.internal.InFlightMetadataCollectorImpl - Resolving reference to class: tau.mmo.domain.Player
19:40:31.995 [main] DEBUG org.hibernate.boot.internal.InFlightMetadataCollectorImpl - Resolving reference to class: tau.mmo.domain.Player
19:40:31.996 [main] DEBUG org.hibernate.internal.SessionFactoryImpl - Building session factory
19:40:31.996 [main] DEBUG org.hibernate.cfg.Settings - SessionFactory name : null
19:40:31.996 [main] DEBUG org.hibernate.cfg.Settings - Automatic flush during beforeCompletion(): disabled
19:40:31.996 [main] DEBUG org.hibernate.cfg.Settings - Automatic session close at end of transaction: disabled
19:40:31.996 [main] DEBUG org.hibernate.cfg.Settings - Statistics: disabled
19:40:31.997 [main] DEBUG org.hibernate.cfg.Settings - Deleted entity synthetic identifier rollback: disabled
19:40:31.997 [main] DEBUG org.hibernate.cfg.Settings - Default entity-mode: pojo
19:40:31.997 [main] DEBUG org.hibernate.cfg.Settings - Check Nullability in Core (should be disabled when Bean Validation is on): enabled
19:40:31.997 [main] DEBUG org.hibernate.cfg.Settings - Allow initialization of lazy state outside session : disabled
19:40:31.997 [main] DEBUG org.hibernate.cfg.Settings - Using BatchFetchStyle : LEGACY
19:40:31.997 [main] DEBUG org.hibernate.cfg.Settings - Default batch fetch size: -1
19:40:31.997 [main] DEBUG org.hibernate.cfg.Settings - Maximum outer join fetch depth: null
19:40:31.997 [main] DEBUG org.hibernate.cfg.Settings - Default null ordering: NONE
19:40:31.997 [main] DEBUG org.hibernate.cfg.Settings - Order SQL updates by primary key: disabled
19:40:31.997 [main] DEBUG org.hibernate.cfg.Settings - Order SQL inserts for batching: disabled
19:40:31.997 [main] DEBUG org.hibernate.cfg.Settings - multi-tenancy strategy : NONE
19:40:31.997 [main] DEBUG org.hibernate.cfg.Settings - JTA Track by Thread: enabled
19:40:31.997 [main] DEBUG org.hibernate.cfg.Settings - Query language substitutions: {}
19:40:31.997 [main] DEBUG org.hibernate.cfg.Settings - JPA query language strict compliance: disabled
19:40:31.997 [main] DEBUG org.hibernate.cfg.Settings - Named query checking : enabled
19:40:31.997 [main] DEBUG org.hibernate.cfg.Settings - Second-level cache: enabled
19:40:31.997 [main] DEBUG org.hibernate.cfg.Settings - Second-level query cache: disabled
19:40:31.997 [main] DEBUG org.hibernate.cfg.Settings - Second-level query cache factory: org.hibernate.cache.internal.StandardQueryCacheFactory@2da16263
19:40:31.997 [main] DEBUG org.hibernate.cfg.Settings - Second-level cache region prefix: null
19:40:31.997 [main] DEBUG org.hibernate.cfg.Settings - Optimize second-level cache for minimal puts: disabled
19:40:31.997 [main] DEBUG org.hibernate.cfg.Settings - Structured second-level cache entries: disabled
19:40:31.997 [main] DEBUG org.hibernate.cfg.Settings - Second-level cache direct-reference entries: disabled
19:40:31.997 [main] DEBUG org.hibernate.cfg.Settings - Automatic eviction of collection cache: disabled
19:40:31.997 [main] DEBUG org.hibernate.cfg.Settings - JDBC batch size: 0
19:40:31.997 [main] DEBUG org.hibernate.cfg.Settings - JDBC batch updates for versioned data: enabled
19:40:31.997 [main] DEBUG org.hibernate.cfg.Settings - Scrollable result sets: disabled
19:40:31.997 [main] DEBUG org.hibernate.cfg.Settings - Wrap result sets: disabled
19:40:31.997 [main] DEBUG org.hibernate.cfg.Settings - JDBC3 getGeneratedKeys(): disabled
19:40:31.997 [main] DEBUG org.hibernate.cfg.Settings - JDBC result set fetch size: null
19:40:31.997 [main] DEBUG org.hibernate.cfg.Settings - Connection release mode: ON_CLOSE
19:40:31.997 [main] DEBUG org.hibernate.cfg.Settings - Generate SQL with comments: disabled
19:40:31.998 [main] DEBUG org.hibernate.internal.SessionFactoryImpl - Session factory constructed with filter configurations : {}
19:40:31.998 [main] DEBUG org.hibernate.internal.SessionFactoryImpl - Instantiating session factory with properties: {awt.toolkit=sun.awt.X11.XToolkit, java.specification.version=11, sun.cpu.isalist=, sun.jnu.encoding=UTF-8, hibernate.connection.release_mode=ON_CLOSE, sun.arch.data.model=64, java.vendor.url=http://java.oracle.com/, sun.boot.library.path=/usr/lib/jvm/java-11-openjdk-amd64/lib, sun.java.command=/home/whitewolf/tau/TAU-repozytorium/tau-mmo-jmeter/target/surefire/surefirebooter3068630985977223282.jar /home/whitewolf/tau/TAU-repozytorium/tau-mmo-jmeter/target/surefire 2019-05-27T19-40-27_728-jvmRun1 surefire9941762728851701862tmp surefire_013181237219562226252tmp, jdk.debug=release, java.specification.vendor=Oracle Corporation, java.version.date=2019-04-16, java.home=/usr/lib/jvm/java-11-openjdk-amd64, file.separator=/, basedir=/home/whitewolf/tau/TAU-repozytorium/tau-mmo-jmeter, java.vm.compressedOopsMode=Zero based, line.separator=
, java.specification.name=Java Platform API Specification, java.vm.specification.vendor=Oracle Corporation, hibernate.hbm2ddl.auto=update, sun.management.compiler=HotSpot 64-Bit Tiered Compilers, java.runtime.version=11.0.3+7-Ubuntu-1ubuntu218.04.1, user.name=whitewolf, file.encoding=UTF-8, hibernate.classLoaders=[jdk.internal.loader.ClassLoaders$AppClassLoader@1affbebc], hibernate.current_session_context_class=org.springframework.orm.hibernate5.SpringSessionContext, localRepository=/home/whitewolf/.m2/repository, java.io.tmpdir=/tmp, java.version=11.0.3, java.vm.specification.name=Java Virtual Machine Specification, java.awt.printerjob=sun.print.PSPrinterJob, sun.os.patch.level=unknown, java.library.path=/usr/java/packages/lib:/usr/lib/x86_64-linux-gnu/jni:/lib/x86_64-linux-gnu:/usr/lib/x86_64-linux-gnu:/usr/lib/jni:/lib:/usr/lib, java.vendor=Oracle Corporation, sun.io.unicode.encoding=UnicodeLittle, sun.desktop=gnome, hibernate.dialect=org.hibernate.dialect.HSQLDialect, java.class.path=/home/whitewolf/tau/TAU-repozytorium/tau-mmo-jmeter/target/test-classes:/home/whitewolf/tau/TAU-repozytorium/tau-mmo-jmeter/target/classes:/home/whitewolf/.m2/repository/org/springframework/boot/spring-boot-starter-web/2.1.4.RELEASE/spring-boot-starter-web-2.1.4.RELEASE.jar:/home/whitewolf/.m2/repository/org/springframework/boot/spring-boot-starter/2.1.4.RELEASE/spring-boot-starter-2.1.4.RELEASE.jar:/home/whitewolf/.m2/repository/org/springframework/boot/spring-boot/2.1.4.RELEASE/spring-boot-2.1.4.RELEASE.jar:/home/whitewolf/.m2/repository/org/springframework/boot/spring-boot-autoconfigure/2.1.4.RELEASE/spring-boot-autoconfigure-2.1.4.RELEASE.jar:/home/whitewolf/.m2/repository/org/springframework/boot/spring-boot-starter-logging/2.1.4.RELEASE/spring-boot-starter-logging-2.1.4.RELEASE.jar:/home/whitewolf/.m2/repository/ch/qos/logback/logback-classic/1.2.3/logback-classic-1.2.3.jar:/home/whitewolf/.m2/repository/ch/qos/logback/logback-core/1.2.3/logback-core-1.2.3.jar:/home/whitewolf/.m2/repository/org/apache/logging/log4j/log4j-to-slf4j/2.11.2/log4j-to-slf4j-2.11.2.jar:/home/whitewolf/.m2/repository/org/apache/logging/log4j/log4j-api/2.11.2/log4j-api-2.11.2.jar:/home/whitewolf/.m2/repository/org/slf4j/jul-to-slf4j/1.7.26/jul-to-slf4j-1.7.26.jar:/home/whitewolf/.m2/repository/org/yaml/snakeyaml/1.23/snakeyaml-1.23.jar:/home/whitewolf/.m2/repository/org/springframework/boot/spring-boot-starter-json/2.1.4.RELEASE/spring-boot-starter-json-2.1.4.RELEASE.jar:/home/whitewolf/.m2/repository/com/fasterxml/jackson/core/jackson-databind/2.9.8/jackson-databind-2.9.8.jar:/home/whitewolf/.m2/repository/com/fasterxml/jackson/core/jackson-annotations/2.9.0/jackson-annotations-2.9.0.jar:/home/whitewolf/.m2/repository/com/fasterxml/jackson/core/jackson-core/2.9.8/jackson-core-2.9.8.jar:/home/whitewolf/.m2/repository/com/fasterxml/jackson/datatype/jackson-datatype-jdk8/2.9.8/jackson-datatype-jdk8-2.9.8.jar:/home/whitewolf/.m2/repository/com/fasterxml/jackson/datatype/jackson-datatype-jsr310/2.9.8/jackson-datatype-jsr310-2.9.8.jar:/home/whitewolf/.m2/repository/com/fasterxml/jackson/module/jackson-module-parameter-names/2.9.8/jackson-module-parameter-names-2.9.8.jar:/home/whitewolf/.m2/repository/org/hibernate/validator/hibernate-validator/6.0.16.Final/hibernate-validator-6.0.16.Final.jar:/home/whitewolf/.m2/repository/javax/validation/validation-api/2.0.1.Final/validation-api-2.0.1.Final.jar:/home/whitewolf/.m2/repository/org/springframework/spring-web/5.1.6.RELEASE/spring-web-5.1.6.RELEASE.jar:/home/whitewolf/.m2/repository/org/springframework/spring-webmvc/5.1.6.RELEASE/spring-webmvc-5.1.6.RELEASE.jar:/home/whitewolf/.m2/repository/org/springframework/spring-aop/5.1.6.RELEASE/spring-aop-5.1.6.RELEASE.jar:/home/whitewolf/.m2/repository/org/springframework/spring-context/5.1.6.RELEASE/spring-context-5.1.6.RELEASE.jar:/home/whitewolf/.m2/repository/org/springframework/spring-expression/5.1.6.RELEASE/spring-expression-5.1.6.RELEASE.jar:/home/whitewolf/.m2/repository/org/springframework/boot/spring-boot-starter-test/2.1.4.RELEASE/spring-boot-starter-test-2.1.4.RELEASE.jar:/home/whitewolf/.m2/repository/org/springframework/boot/spring-boot-test/2.1.4.RELEASE/spring-boot-test-2.1.4.RELEASE.jar:/home/whitewolf/.m2/repository/org/springframework/boot/spring-boot-test-autoconfigure/2.1.4.RELEASE/spring-boot-test-autoconfigure-2.1.4.RELEASE.jar:/home/whitewolf/.m2/repository/junit/junit/4.12/junit-4.12.jar:/home/whitewolf/.m2/repository/org/assertj/assertj-core/3.11.1/assertj-core-3.11.1.jar:/home/whitewolf/.m2/repository/org/mockito/mockito-core/2.23.4/mockito-core-2.23.4.jar:/home/whitewolf/.m2/repository/net/bytebuddy/byte-buddy/1.9.12/byte-buddy-1.9.12.jar:/home/whitewolf/.m2/repository/net/bytebuddy/byte-buddy-agent/1.9.12/byte-buddy-agent-1.9.12.jar:/home/whitewolf/.m2/repository/org/objenesis/objenesis/2.6/objenesis-2.6.jar:/home/whitewolf/.m2/repository/org/hamcrest/hamcrest-core/1.3/hamcrest-core-1.3.jar:/home/whitewolf/.m2/repository/org/hamcrest/hamcrest-library/1.3/hamcrest-library-1.3.jar:/home/whitewolf/.m2/repository/org/skyscreamer/jsonassert/1.5.0/jsonassert-1.5.0.jar:/home/whitewolf/.m2/repository/com/vaadin/external/google/android-json/0.0.20131108.vaadin1/android-json-0.0.20131108.vaadin1.jar:/home/whitewolf/.m2/repository/org/springframework/spring-core/5.1.6.RELEASE/spring-core-5.1.6.RELEASE.jar:/home/whitewolf/.m2/repository/org/springframework/spring-jcl/5.1.6.RELEASE/spring-jcl-5.1.6.RELEASE.jar:/home/whitewolf/.m2/repository/org/springframework/spring-test/5.1.6.RELEASE/spring-test-5.1.6.RELEASE.jar:/home/whitewolf/.m2/repository/org/xmlunit/xmlunit-core/2.6.2/xmlunit-core-2.6.2.jar:/home/whitewolf/.m2/repository/org/springframework/boot/spring-boot-starter-tomcat/2.1.4.RELEASE/spring-boot-starter-tomcat-2.1.4.RELEASE.jar:/home/whitewolf/.m2/repository/javax/annotation/javax.annotation-api/1.3.2/javax.annotation-api-1.3.2.jar:/home/whitewolf/.m2/repository/org/apache/tomcat/embed/tomcat-embed-core/9.0.17/tomcat-embed-core-9.0.17.jar:/home/whitewolf/.m2/repository/org/apache/tomcat/embed/tomcat-embed-el/9.0.17/tomcat-embed-el-9.0.17.jar:/home/whitewolf/.m2/repository/org/apache/tomcat/embed/tomcat-embed-websocket/9.0.17/tomcat-embed-websocket-9.0.17.jar:/home/whitewolf/.m2/repository/org/springframework/boot/spring-boot-starter-data-jpa/2.1.4.RELEASE/spring-boot-starter-data-jpa-2.1.4.RELEASE.jar:/home/whitewolf/.m2/repository/org/springframework/boot/spring-boot-starter-aop/2.1.4.RELEASE/spring-boot-starter-aop-2.1.4.RELEASE.jar:/home/whitewolf/.m2/repository/org/aspectj/aspectjweaver/1.9.2/aspectjweaver-1.9.2.jar:/home/whitewolf/.m2/repository/org/springframework/boot/spring-boot-starter-jdbc/2.1.4.RELEASE/spring-boot-starter-jdbc-2.1.4.RELEASE.jar:/home/whitewolf/.m2/repository/com/zaxxer/HikariCP/3.2.0/HikariCP-3.2.0.jar:/home/whitewolf/.m2/repository/org/springframework/spring-jdbc/5.1.6.RELEASE/spring-jdbc-5.1.6.RELEASE.jar:/home/whitewolf/.m2/repository/javax/transaction/javax.transaction-api/1.3/javax.transaction-api-1.3.jar:/home/whitewolf/.m2/repository/javax/xml/bind/jaxb-api/2.3.1/jaxb-api-2.3.1.jar:/home/whitewolf/.m2/repository/javax/activation/javax.activation-api/1.2.0/javax.activation-api-1.2.0.jar:/home/whitewolf/.m2/repository/org/springframework/data/spring-data-jpa/2.1.6.RELEASE/spring-data-jpa-2.1.6.RELEASE.jar:/home/whitewolf/.m2/repository/org/springframework/data/spring-data-commons/2.1.6.RELEASE/spring-data-commons-2.1.6.RELEASE.jar:/home/whitewolf/.m2/repository/org/springframework/spring-orm/5.1.6.RELEASE/spring-orm-5.1.6.RELEASE.jar:/home/whitewolf/.m2/repository/org/springframework/spring-aspects/5.1.6.RELEASE/spring-aspects-5.1.6.RELEASE.jar:/home/whitewolf/.m2/repository/org/springframework/spring-tx/5.1.6.RELEASE/spring-tx-5.1.6.RELEASE.jar:/home/whitewolf/.m2/repository/org/springframework/spring-beans/5.1.6.RELEASE/spring-beans-5.1.6.RELEASE.jar:/home/whitewolf/.m2/repository/com/jayway/jsonpath/json-path/2.4.0/json-path-2.4.0.jar:/home/whitewolf/.m2/repository/net/minidev/json-smart/2.3/json-smart-2.3.jar:/home/whitewolf/.m2/repository/net/minidev/accessors-smart/1.2/accessors-smart-1.2.jar:/home/whitewolf/.m2/repository/org/ow2/asm/asm/5.0.4/asm-5.0.4.jar:/home/whitewolf/.m2/repository/org/slf4j/slf4j-api/1.7.26/slf4j-api-1.7.26.jar:/home/whitewolf/.m2/repository/org/hibernate/hibernate-core/5.1.6.Final/hibernate-core-5.1.6.Final.jar:/home/whitewolf/.m2/repository/org/jboss/logging/jboss-logging/3.3.2.Final/jboss-logging-3.3.2.Final.jar:/home/whitewolf/.m2/repository/org/hibernate/javax/persistence/hibernate-jpa-2.1-api/1.0.0.Final/hibernate-jpa-2.1-api-1.0.0.Final.jar:/home/whitewolf/.m2/repository/org/javassist/javassist/3.20.0-GA/javassist-3.20.0-GA.jar:/home/whitewolf/.m2/repository/antlr/antlr/2.7.7/antlr-2.7.7.jar:/home/whitewolf/.m2/repository/org/apache/geronimo/specs/geronimo-jta_1.1_spec/1.1.1/geronimo-jta_1.1_spec-1.1.1.jar:/home/whitewolf/.m2/repository/org/jboss/jandex/2.0.3.Final/jandex-2.0.3.Final.jar:/home/whitewolf/.m2/repository/com/fasterxml/classmate/1.4.0/classmate-1.4.0.jar:/home/whitewolf/.m2/repository/dom4j/dom4j/1.6.1/dom4j-1.6.1.jar:/home/whitewolf/.m2/repository/org/hibernate/common/hibernate-commons-annotations/5.0.1.Final/hibernate-commons-annotations-5.0.1.Final.jar:/home/whitewolf/.m2/repository/org/hsqldb/hsqldb/2.3.4/hsqldb-2.3.4.jar:, java.vm.vendor=Oracle Corporation, user.timezone=Europe/Warsaw, os.name=Linux, java.vm.specification.version=11, sun.java.launcher=SUN_STANDARD, user.country=PL, surefire.test.class.path=/home/whitewolf/tau/TAU-repozytorium/tau-mmo-jmeter/target/test-classes:/home/whitewolf/tau/TAU-repozytorium/tau-mmo-jmeter/target/classes:/home/whitewolf/.m2/repository/org/springframework/boot/spring-boot-starter-web/2.1.4.RELEASE/spring-boot-starter-web-2.1.4.RELEASE.jar:/home/whitewolf/.m2/repository/org/springframework/boot/spring-boot-starter/2.1.4.RELEASE/spring-boot-starter-2.1.4.RELEASE.jar:/home/whitewolf/.m2/repository/org/springframework/boot/spring-boot/2.1.4.RELEASE/spring-boot-2.1.4.RELEASE.jar:/home/whitewolf/.m2/repository/org/springframework/boot/spring-boot-autoconfigure/2.1.4.RELEASE/spring-boot-autoconfigure-2.1.4.RELEASE.jar:/home/whitewolf/.m2/repository/org/springframework/boot/spring-boot-starter-logging/2.1.4.RELEASE/spring-boot-starter-logging-2.1.4.RELEASE.jar:/home/whitewolf/.m2/repository/ch/qos/logback/logback-classic/1.2.3/logback-classic-1.2.3.jar:/home/whitewolf/.m2/repository/ch/qos/logback/logback-core/1.2.3/logback-core-1.2.3.jar:/home/whitewolf/.m2/repository/org/apache/logging/log4j/log4j-to-slf4j/2.11.2/log4j-to-slf4j-2.11.2.jar:/home/whitewolf/.m2/repository/org/apache/logging/log4j/log4j-api/2.11.2/log4j-api-2.11.2.jar:/home/whitewolf/.m2/repository/org/slf4j/jul-to-slf4j/1.7.26/jul-to-slf4j-1.7.26.jar:/home/whitewolf/.m2/repository/org/yaml/snakeyaml/1.23/snakeyaml-1.23.jar:/home/whitewolf/.m2/repository/org/springframework/boot/spring-boot-starter-json/2.1.4.RELEASE/spring-boot-starter-json-2.1.4.RELEASE.jar:/home/whitewolf/.m2/repository/com/fasterxml/jackson/core/jackson-databind/2.9.8/jackson-databind-2.9.8.jar:/home/whitewolf/.m2/repository/com/fasterxml/jackson/core/jackson-annotations/2.9.0/jackson-annotations-2.9.0.jar:/home/whitewolf/.m2/repository/com/fasterxml/jackson/core/jackson-core/2.9.8/jackson-core-2.9.8.jar:/home/whitewolf/.m2/repository/com/fasterxml/jackson/datatype/jackson-datatype-jdk8/2.9.8/jackson-datatype-jdk8-2.9.8.jar:/home/whitewolf/.m2/repository/com/fasterxml/jackson/datatype/jackson-datatype-jsr310/2.9.8/jackson-datatype-jsr310-2.9.8.jar:/home/whitewolf/.m2/repository/com/fasterxml/jackson/module/jackson-module-parameter-names/2.9.8/jackson-module-parameter-names-2.9.8.jar:/home/whitewolf/.m2/repository/org/hibernate/validator/hibernate-validator/6.0.16.Final/hibernate-validator-6.0.16.Final.jar:/home/whitewolf/.m2/repository/javax/validation/validation-api/2.0.1.Final/validation-api-2.0.1.Final.jar:/home/whitewolf/.m2/repository/org/springframework/spring-web/5.1.6.RELEASE/spring-web-5.1.6.RELEASE.jar:/home/whitewolf/.m2/repository/org/springframework/spring-webmvc/5.1.6.RELEASE/spring-webmvc-5.1.6.RELEASE.jar:/home/whitewolf/.m2/repository/org/springframework/spring-aop/5.1.6.RELEASE/spring-aop-5.1.6.RELEASE.jar:/home/whitewolf/.m2/repository/org/springframework/spring-context/5.1.6.RELEASE/spring-context-5.1.6.RELEASE.jar:/home/whitewolf/.m2/repository/org/springframework/spring-expression/5.1.6.RELEASE/spring-expression-5.1.6.RELEASE.jar:/home/whitewolf/.m2/repository/org/springframework/boot/spring-boot-starter-test/2.1.4.RELEASE/spring-boot-starter-test-2.1.4.RELEASE.jar:/home/whitewolf/.m2/repository/org/springframework/boot/spring-boot-test/2.1.4.RELEASE/spring-boot-test-2.1.4.RELEASE.jar:/home/whitewolf/.m2/repository/org/springframework/boot/spring-boot-test-autoconfigure/2.1.4.RELEASE/spring-boot-test-autoconfigure-2.1.4.RELEASE.jar:/home/whitewolf/.m2/repository/junit/junit/4.12/junit-4.12.jar:/home/whitewolf/.m2/repository/org/assertj/assertj-core/3.11.1/assertj-core-3.11.1.jar:/home/whitewolf/.m2/repository/org/mockito/mockito-core/2.23.4/mockito-core-2.23.4.jar:/home/whitewolf/.m2/repository/net/bytebuddy/byte-buddy/1.9.12/byte-buddy-1.9.12.jar:/home/whitewolf/.m2/repository/net/bytebuddy/byte-buddy-agent/1.9.12/byte-buddy-agent-1.9.12.jar:/home/whitewolf/.m2/repository/org/objenesis/objenesis/2.6/objenesis-2.6.jar:/home/whitewolf/.m2/repository/org/hamcrest/hamcrest-core/1.3/hamcrest-core-1.3.jar:/home/whitewolf/.m2/repository/org/hamcrest/hamcrest-library/1.3/hamcrest-library-1.3.jar:/home/whitewolf/.m2/repository/org/skyscreamer/jsonassert/1.5.0/jsonassert-1.5.0.jar:/home/whitewolf/.m2/repository/com/vaadin/external/google/android-json/0.0.20131108.vaadin1/android-json-0.0.20131108.vaadin1.jar:/home/whitewolf/.m2/repository/org/springframework/spring-core/5.1.6.RELEASE/spring-core-5.1.6.RELEASE.jar:/home/whitewolf/.m2/repository/org/springframework/spring-jcl/5.1.6.RELEASE/spring-jcl-5.1.6.RELEASE.jar:/home/whitewolf/.m2/repository/org/springframework/spring-test/5.1.6.RELEASE/spring-test-5.1.6.RELEASE.jar:/home/whitewolf/.m2/repository/org/xmlunit/xmlunit-core/2.6.2/xmlunit-core-2.6.2.jar:/home/whitewolf/.m2/repository/org/springframework/boot/spring-boot-starter-tomcat/2.1.4.RELEASE/spring-boot-starter-tomcat-2.1.4.RELEASE.jar:/home/whitewolf/.m2/repository/javax/annotation/javax.annotation-api/1.3.2/javax.annotation-api-1.3.2.jar:/home/whitewolf/.m2/repository/org/apache/tomcat/embed/tomcat-embed-core/9.0.17/tomcat-embed-core-9.0.17.jar:/home/whitewolf/.m2/repository/org/apache/tomcat/embed/tomcat-embed-el/9.0.17/tomcat-embed-el-9.0.17.jar:/home/whitewolf/.m2/repository/org/apache/tomcat/embed/tomcat-embed-websocket/9.0.17/tomcat-embed-websocket-9.0.17.jar:/home/whitewolf/.m2/repository/org/springframework/boot/spring-boot-starter-data-jpa/2.1.4.RELEASE/spring-boot-starter-data-jpa-2.1.4.RELEASE.jar:/home/whitewolf/.m2/repository/org/springframework/boot/spring-boot-starter-aop/2.1.4.RELEASE/spring-boot-starter-aop-2.1.4.RELEASE.jar:/home/whitewolf/.m2/repository/org/aspectj/aspectjweaver/1.9.2/aspectjweaver-1.9.2.jar:/home/whitewolf/.m2/repository/org/springframework/boot/spring-boot-starter-jdbc/2.1.4.RELEASE/spring-boot-starter-jdbc-2.1.4.RELEASE.jar:/home/whitewolf/.m2/repository/com/zaxxer/HikariCP/3.2.0/HikariCP-3.2.0.jar:/home/whitewolf/.m2/repository/org/springframework/spring-jdbc/5.1.6.RELEASE/spring-jdbc-5.1.6.RELEASE.jar:/home/whitewolf/.m2/repository/javax/transaction/javax.transaction-api/1.3/javax.transaction-api-1.3.jar:/home/whitewolf/.m2/repository/javax/xml/bind/jaxb-api/2.3.1/jaxb-api-2.3.1.jar:/home/whitewolf/.m2/repository/javax/activation/javax.activation-api/1.2.0/javax.activation-api-1.2.0.jar:/home/whitewolf/.m2/repository/org/springframework/data/spring-data-jpa/2.1.6.RELEASE/spring-data-jpa-2.1.6.RELEASE.jar:/home/whitewolf/.m2/repository/org/springframework/data/spring-data-commons/2.1.6.RELEASE/spring-data-commons-2.1.6.RELEASE.jar:/home/whitewolf/.m2/repository/org/springframework/spring-orm/5.1.6.RELEASE/spring-orm-5.1.6.RELEASE.jar:/home/whitewolf/.m2/repository/org/springframework/spring-aspects/5.1.6.RELEASE/spring-aspects-5.1.6.RELEASE.jar:/home/whitewolf/.m2/repository/org/springframework/spring-tx/5.1.6.RELEASE/spring-tx-5.1.6.RELEASE.jar:/home/whitewolf/.m2/repository/org/springframework/spring-beans/5.1.6.RELEASE/spring-beans-5.1.6.RELEASE.jar:/home/whitewolf/.m2/repository/com/jayway/jsonpath/json-path/2.4.0/json-path-2.4.0.jar:/home/whitewolf/.m2/repository/net/minidev/json-smart/2.3/json-smart-2.3.jar:/home/whitewolf/.m2/repository/net/minidev/accessors-smart/1.2/accessors-smart-1.2.jar:/home/whitewolf/.m2/repository/org/ow2/asm/asm/5.0.4/asm-5.0.4.jar:/home/whitewolf/.m2/repository/org/slf4j/slf4j-api/1.7.26/slf4j-api-1.7.26.jar:/home/whitewolf/.m2/repository/org/hibernate/hibernate-core/5.1.6.Final/hibernate-core-5.1.6.Final.jar:/home/whitewolf/.m2/repository/org/jboss/logging/jboss-logging/3.3.2.Final/jboss-logging-3.3.2.Final.jar:/home/whitewolf/.m2/repository/org/hibernate/javax/persistence/hibernate-jpa-2.1-api/1.0.0.Final/hibernate-jpa-2.1-api-1.0.0.Final.jar:/home/whitewolf/.m2/repository/org/javassist/javassist/3.20.0-GA/javassist-3.20.0-GA.jar:/home/whitewolf/.m2/repository/antlr/antlr/2.7.7/antlr-2.7.7.jar:/home/whitewolf/.m2/repository/org/apache/geronimo/specs/geronimo-jta_1.1_spec/1.1.1/geronimo-jta_1.1_spec-1.1.1.jar:/home/whitewolf/.m2/repository/org/jboss/jandex/2.0.3.Final/jandex-2.0.3.Final.jar:/home/whitewolf/.m2/repository/com/fasterxml/classmate/1.4.0/classmate-1.4.0.jar:/home/whitewolf/.m2/repository/dom4j/dom4j/1.6.1/dom4j-1.6.1.jar:/home/whitewolf/.m2/repository/org/hibernate/common/hibernate-commons-annotations/5.0.1.Final/hibernate-commons-annotations-5.0.1.Final.jar:/home/whitewolf/.m2/repository/org/hsqldb/hsqldb/2.3.4/hsqldb-2.3.4.jar:, sun.cpu.endian=little, user.home=/home/whitewolf, user.language=pl, java.awt.graphicsenv=sun.awt.X11GraphicsEnvironment, surefire.real.class.path=/home/whitewolf/tau/TAU-repozytorium/tau-mmo-jmeter/target/surefire/surefirebooter3068630985977223282.jar, path.separator=:, os.version=4.15.0-47-generic, java.runtime.name=OpenJDK Runtime Environment, java.vm.name=OpenJDK 64-Bit Server VM, hibernate.show_sql=true, java.vendor.url.bug=http://bugreport.java.com/bugreport/, user.dir=/home/whitewolf/tau/TAU-repozytorium/tau-mmo-jmeter, os.arch=amd64, hibernate.boot.CfgXmlAccessService.key=org.hibernate.boot.cfgxml.spi.LoadedConfig@5db90818, java.vm.info=mixed mode, sharing, java.vm.version=11.0.3+7-Ubuntu-1ubuntu218.04.1, hibernate.bytecode.use_reflection_optimizer=false, hibernate.connection.datasource=org.springframework.jdbc.datasource.DriverManagerDataSource@320fc4b0, java.class.version=55.0}
19:40:31.998 [main] DEBUG org.hibernate.validator.internal.engine.resolver.TraversableResolvers - Found javax.persistence.Persistence on classpath containing 'getPersistenceUtil'. Assuming JPA 2 environment. Trying to instantiate JPA aware TraversableResolver
19:40:31.998 [main] DEBUG org.hibernate.validator.internal.engine.resolver.TraversableResolvers - Instantiated JPA aware TraversableResolver of type org.hibernate.validator.internal.engine.resolver.JPATraversableResolver.
19:40:31.998 [main] DEBUG org.hibernate.validator.internal.xml.config.ValidationXmlParser - Trying to load META-INF/validation.xml for XML based Validator configuration.
19:40:31.999 [main] DEBUG org.hibernate.validator.internal.xml.config.ResourceLoaderHelper - Trying to load META-INF/validation.xml via TCCL
19:40:32.000 [main] DEBUG org.hibernate.validator.internal.xml.config.ResourceLoaderHelper - Trying to load META-INF/validation.xml via Hibernate Validator's class loader
19:40:32.000 [main] DEBUG org.hibernate.validator.internal.xml.config.ValidationXmlParser - No META-INF/validation.xml found. Using annotation based configuration only.
19:40:32.003 [main] DEBUG org.hibernate.validator.messageinterpolation.ResourceBundleMessageInterpolator - Loaded expression factory via original TCCL
19:40:32.003 [main] DEBUG org.hibernate.validator.internal.engine.ValidatorFactoryImpl - HV000234: Using org.hibernate.validator.messageinterpolation.ResourceBundleMessageInterpolator as ValidatorFactory-scoped message interpolator.
19:40:32.003 [main] DEBUG org.hibernate.validator.internal.engine.ValidatorFactoryImpl - HV000234: Using org.hibernate.validator.internal.engine.resolver.JPATraversableResolver as ValidatorFactory-scoped traversable resolver.
19:40:32.003 [main] DEBUG org.hibernate.validator.internal.engine.ValidatorFactoryImpl - HV000234: Using org.hibernate.validator.internal.util.ExecutableParameterNameProvider as ValidatorFactory-scoped parameter name provider.
19:40:32.003 [main] DEBUG org.hibernate.validator.internal.engine.ValidatorFactoryImpl - HV000234: Using org.hibernate.validator.internal.engine.DefaultClockProvider as ValidatorFactory-scoped clock provider.
19:40:32.003 [main] DEBUG org.hibernate.validator.internal.engine.ValidatorFactoryImpl - HV000234: Using org.hibernate.validator.internal.engine.scripting.DefaultScriptEvaluatorFactory as ValidatorFactory-scoped script evaluator factory.
19:40:32.003 [main] DEBUG org.hibernate.boot.internal.ClassLoaderAccessImpl - Not known whether passed class name [tau.mmo.domain.Item] is safe
19:40:32.003 [main] DEBUG org.hibernate.boot.internal.ClassLoaderAccessImpl - No temp ClassLoader provided; using live ClassLoader for loading potentially unsafe class : tau.mmo.domain.Item
19:40:32.010 [main] DEBUG org.hibernate.boot.internal.ClassLoaderAccessImpl - Not known whether passed class name [tau.mmo.domain.Player] is safe
19:40:32.010 [main] DEBUG org.hibernate.boot.internal.ClassLoaderAccessImpl - No temp ClassLoader provided; using live ClassLoader for loading potentially unsafe class : tau.mmo.domain.Player
19:40:32.015 [main] DEBUG org.hibernate.secure.spi.JaccIntegrator - Skipping JACC integration as it was not enabled
19:40:32.016 [main] DEBUG org.hibernate.boot.internal.ClassLoaderAccessImpl - Not known whether passed class name [tau.mmo.domain.Item] is safe
19:40:32.016 [main] DEBUG org.hibernate.boot.internal.ClassLoaderAccessImpl - No temp ClassLoader provided; using live ClassLoader for loading potentially unsafe class : tau.mmo.domain.Item
19:40:32.016 [main] DEBUG org.hibernate.boot.internal.ClassLoaderAccessImpl - Not known whether passed class name [tau.mmo.domain.Item] is safe
19:40:32.016 [main] DEBUG org.hibernate.boot.internal.ClassLoaderAccessImpl - No temp ClassLoader provided; using live ClassLoader for loading potentially unsafe class : tau.mmo.domain.Item
19:40:32.016 [main] DEBUG org.hibernate.boot.internal.ClassLoaderAccessImpl - Not known whether passed class name [tau.mmo.domain.Player] is safe
19:40:32.017 [main] DEBUG org.hibernate.boot.internal.ClassLoaderAccessImpl - No temp ClassLoader provided; using live ClassLoader for loading potentially unsafe class : tau.mmo.domain.Player
19:40:32.018 [main] DEBUG org.hibernate.boot.internal.ClassLoaderAccessImpl - Not known whether passed class name [tau.mmo.domain.Player] is safe
19:40:32.018 [main] DEBUG org.hibernate.boot.internal.ClassLoaderAccessImpl - No temp ClassLoader provided; using live ClassLoader for loading potentially unsafe class : tau.mmo.domain.Player
19:40:32.019 [main] DEBUG org.hibernate.persister.collection.AbstractCollectionPersister - Static SQL for collection: tau.mmo.domain.Player.items
19:40:32.020 [main] DEBUG org.hibernate.persister.collection.AbstractCollectionPersister -  Row insert: update item set player_id=? where id=?
19:40:32.020 [main] DEBUG org.hibernate.persister.collection.AbstractCollectionPersister -  Row update: update item set  where id=?
19:40:32.020 [main] DEBUG org.hibernate.persister.collection.AbstractCollectionPersister -  Row delete: update item set player_id=null where player_id=? and id=?
19:40:32.020 [main] DEBUG org.hibernate.persister.collection.AbstractCollectionPersister -  One-shot delete: update item set player_id=null where player_id=?
19:40:32.020 [main] DEBUG org.hibernate.persister.entity.AbstractEntityPersister - Static SQL for entity: tau.mmo.domain.Item
19:40:32.020 [main] DEBUG org.hibernate.persister.entity.AbstractEntityPersister -  Version select: select id from item where id =?
19:40:32.020 [main] DEBUG org.hibernate.persister.entity.AbstractEntityPersister -  Snapshot select: select item_.id, item_.itemclass as itemclas2_0_, item_.levelreq as levelreq3_0_, item_.name as name4_0_, item_.player_id as player_i5_0_ from item item_ where item_.id=?
19:40:32.020 [main] DEBUG org.hibernate.persister.entity.AbstractEntityPersister -  Insert 0: insert into item (itemclass, levelreq, name, player_id, id) values (?, ?, ?, ?, ?)
19:40:32.020 [main] DEBUG org.hibernate.persister.entity.AbstractEntityPersister -  Update 0: update item set itemclass=?, levelreq=?, name=?, player_id=? where id=?
19:40:32.020 [main] DEBUG org.hibernate.persister.entity.AbstractEntityPersister -  Delete 0: delete from item where id=?
19:40:32.020 [main] DEBUG org.hibernate.loader.plan.build.internal.spaces.QuerySpacesImpl - Adding QuerySpace : uid = <gen:0> -> org.hibernate.loader.plan.build.internal.spaces.EntityQuerySpaceImpl@2419a5db]
19:40:32.020 [main] DEBUG org.hibernate.persister.walking.spi.MetamodelGraphWalker - Visiting attribute path : itemclass
19:40:32.020 [main] DEBUG org.hibernate.persister.walking.spi.MetamodelGraphWalker - Visiting attribute path : levelreq
19:40:32.020 [main] DEBUG org.hibernate.persister.walking.spi.MetamodelGraphWalker - Visiting attribute path : name
19:40:32.020 [main] DEBUG org.hibernate.persister.walking.spi.MetamodelGraphWalker - Visiting attribute path : player
19:40:32.021 [main] DEBUG org.hibernate.loader.plan.build.internal.spaces.QuerySpacesImpl - Adding QuerySpace : uid = <gen:1> -> org.hibernate.loader.plan.build.internal.spaces.EntityQuerySpaceImpl@654db80b]
19:40:32.021 [main] DEBUG org.hibernate.loader.plan.build.internal.FetchStyleLoadPlanBuildingAssociationVisitationStrategy - Building LoadPlan...
19:40:32.021 [main] DEBUG org.hibernate.loader.plan.exec.internal.LoadQueryJoinAndFetchProcessor - processing queryspace <gen:0>
19:40:32.021 [main] DEBUG org.hibernate.loader.plan.build.spi.LoadPlanTreePrinter - LoadPlan(entity=tau.mmo.domain.Item)
    - Returns
       - EntityReturnImpl(entity=tau.mmo.domain.Item, querySpaceUid=<gen:0>, path=tau.mmo.domain.Item)
          - EntityAttributeFetchImpl(entity=tau.mmo.domain.Player, querySpaceUid=<gen:1>, path=tau.mmo.domain.Item.player)
    - QuerySpaces
       - EntityQuerySpaceImpl(uid=<gen:0>, entity=tau.mmo.domain.Item)
          - SQL table alias mapping - item0_
          - alias suffix - 0_
          - suffixed key columns - {id1_0_0_}

19:40:32.021 [main] DEBUG org.hibernate.loader.entity.plan.EntityLoader - Static select for entity tau.mmo.domain.Item [NONE]: select item0_.id as id1_0_0_, item0_.itemclass as itemclas2_0_0_, item0_.levelreq as levelreq3_0_0_, item0_.name as name4_0_0_, item0_.player_id as player_i5_0_0_ from item item0_ where item0_.id=?
19:40:32.021 [main] DEBUG org.hibernate.loader.plan.build.internal.spaces.QuerySpacesImpl - Adding QuerySpace : uid = <gen:0> -> org.hibernate.loader.plan.build.internal.spaces.EntityQuerySpaceImpl@516037be]
19:40:32.021 [main] DEBUG org.hibernate.persister.walking.spi.MetamodelGraphWalker - Visiting attribute path : itemclass
19:40:32.021 [main] DEBUG org.hibernate.persister.walking.spi.MetamodelGraphWalker - Visiting attribute path : levelreq
19:40:32.021 [main] DEBUG org.hibernate.persister.walking.spi.MetamodelGraphWalker - Visiting attribute path : name
19:40:32.021 [main] DEBUG org.hibernate.persister.walking.spi.MetamodelGraphWalker - Visiting attribute path : player
19:40:32.021 [main] DEBUG org.hibernate.loader.plan.build.internal.spaces.QuerySpacesImpl - Adding QuerySpace : uid = <gen:1> -> org.hibernate.loader.plan.build.internal.spaces.EntityQuerySpaceImpl@336070ab]
19:40:32.021 [main] DEBUG org.hibernate.loader.plan.build.internal.FetchStyleLoadPlanBuildingAssociationVisitationStrategy - Building LoadPlan...
19:40:32.022 [main] DEBUG org.hibernate.loader.plan.exec.internal.LoadQueryJoinAndFetchProcessor - processing queryspace <gen:0>
19:40:32.022 [main] DEBUG org.hibernate.loader.plan.build.spi.LoadPlanTreePrinter - LoadPlan(entity=tau.mmo.domain.Item)
    - Returns
       - EntityReturnImpl(entity=tau.mmo.domain.Item, querySpaceUid=<gen:0>, path=tau.mmo.domain.Item)
          - EntityAttributeFetchImpl(entity=tau.mmo.domain.Player, querySpaceUid=<gen:1>, path=tau.mmo.domain.Item.player)
    - QuerySpaces
       - EntityQuerySpaceImpl(uid=<gen:0>, entity=tau.mmo.domain.Item)
          - SQL table alias mapping - item0_
          - alias suffix - 0_
          - suffixed key columns - {id1_0_0_}

19:40:32.022 [main] DEBUG org.hibernate.loader.entity.plan.EntityLoader - Static select for entity tau.mmo.domain.Item [READ]: select item0_.id as id1_0_0_, item0_.itemclass as itemclas2_0_0_, item0_.levelreq as levelreq3_0_0_, item0_.name as name4_0_0_, item0_.player_id as player_i5_0_0_ from item item0_ where item0_.id=?
19:40:32.022 [main] DEBUG org.hibernate.loader.plan.build.internal.spaces.QuerySpacesImpl - Adding QuerySpace : uid = <gen:0> -> org.hibernate.loader.plan.build.internal.spaces.EntityQuerySpaceImpl@3be50b2c]
19:40:32.022 [main] DEBUG org.hibernate.persister.walking.spi.MetamodelGraphWalker - Visiting attribute path : itemclass
19:40:32.022 [main] DEBUG org.hibernate.persister.walking.spi.MetamodelGraphWalker - Visiting attribute path : levelreq
19:40:32.022 [main] DEBUG org.hibernate.persister.walking.spi.MetamodelGraphWalker - Visiting attribute path : name
19:40:32.022 [main] DEBUG org.hibernate.persister.walking.spi.MetamodelGraphWalker - Visiting attribute path : player
19:40:32.022 [main] DEBUG org.hibernate.loader.plan.build.internal.spaces.QuerySpacesImpl - Adding QuerySpace : uid = <gen:1> -> org.hibernate.loader.plan.build.internal.spaces.EntityQuerySpaceImpl@20a4cba7]
19:40:32.022 [main] DEBUG org.hibernate.loader.plan.build.internal.FetchStyleLoadPlanBuildingAssociationVisitationStrategy - Building LoadPlan...
19:40:32.022 [main] DEBUG org.hibernate.loader.plan.exec.internal.LoadQueryJoinAndFetchProcessor - processing queryspace <gen:0>
19:40:32.022 [main] DEBUG org.hibernate.loader.plan.build.spi.LoadPlanTreePrinter - LoadPlan(entity=tau.mmo.domain.Item)
    - Returns
       - EntityReturnImpl(entity=tau.mmo.domain.Item, querySpaceUid=<gen:0>, path=tau.mmo.domain.Item)
          - EntityAttributeFetchImpl(entity=tau.mmo.domain.Player, querySpaceUid=<gen:1>, path=tau.mmo.domain.Item.player)
    - QuerySpaces
       - EntityQuerySpaceImpl(uid=<gen:0>, entity=tau.mmo.domain.Item)
          - SQL table alias mapping - item0_
          - alias suffix - 0_
          - suffixed key columns - {id1_0_0_}

19:40:32.022 [main] DEBUG org.hibernate.loader.entity.plan.EntityLoader - Static select for entity tau.mmo.domain.Item [UPGRADE]: select item0_.id as id1_0_0_, item0_.itemclass as itemclas2_0_0_, item0_.levelreq as levelreq3_0_0_, item0_.name as name4_0_0_, item0_.player_id as player_i5_0_0_ from item item0_ where item0_.id=? for update
19:40:32.022 [main] DEBUG org.hibernate.loader.plan.build.internal.spaces.QuerySpacesImpl - Adding QuerySpace : uid = <gen:0> -> org.hibernate.loader.plan.build.internal.spaces.EntityQuerySpaceImpl@10f10230]
19:40:32.022 [main] DEBUG org.hibernate.persister.walking.spi.MetamodelGraphWalker - Visiting attribute path : itemclass
19:40:32.022 [main] DEBUG org.hibernate.persister.walking.spi.MetamodelGraphWalker - Visiting attribute path : levelreq
19:40:32.022 [main] DEBUG org.hibernate.persister.walking.spi.MetamodelGraphWalker - Visiting attribute path : name
19:40:32.022 [main] DEBUG org.hibernate.persister.walking.spi.MetamodelGraphWalker - Visiting attribute path : player
19:40:32.022 [main] DEBUG org.hibernate.loader.plan.build.internal.spaces.QuerySpacesImpl - Adding QuerySpace : uid = <gen:1> -> org.hibernate.loader.plan.build.internal.spaces.EntityQuerySpaceImpl@282c5075]
19:40:32.023 [main] DEBUG org.hibernate.loader.plan.build.internal.FetchStyleLoadPlanBuildingAssociationVisitationStrategy - Building LoadPlan...
19:40:32.023 [main] DEBUG org.hibernate.loader.plan.exec.internal.LoadQueryJoinAndFetchProcessor - processing queryspace <gen:0>
19:40:32.023 [main] DEBUG org.hibernate.loader.plan.build.spi.LoadPlanTreePrinter - LoadPlan(entity=tau.mmo.domain.Item)
    - Returns
       - EntityReturnImpl(entity=tau.mmo.domain.Item, querySpaceUid=<gen:0>, path=tau.mmo.domain.Item)
          - EntityAttributeFetchImpl(entity=tau.mmo.domain.Player, querySpaceUid=<gen:1>, path=tau.mmo.domain.Item.player)
    - QuerySpaces
       - EntityQuerySpaceImpl(uid=<gen:0>, entity=tau.mmo.domain.Item)
          - SQL table alias mapping - item0_
          - alias suffix - 0_
          - suffixed key columns - {id1_0_0_}

19:40:32.023 [main] DEBUG org.hibernate.loader.entity.plan.EntityLoader - Static select for entity tau.mmo.domain.Item [UPGRADE_NOWAIT]: select item0_.id as id1_0_0_, item0_.itemclass as itemclas2_0_0_, item0_.levelreq as levelreq3_0_0_, item0_.name as name4_0_0_, item0_.player_id as player_i5_0_0_ from item item0_ where item0_.id=? for update
19:40:32.023 [main] DEBUG org.hibernate.loader.plan.build.internal.spaces.QuerySpacesImpl - Adding QuerySpace : uid = <gen:0> -> org.hibernate.loader.plan.build.internal.spaces.EntityQuerySpaceImpl@2ed35f24]
19:40:32.023 [main] DEBUG org.hibernate.persister.walking.spi.MetamodelGraphWalker - Visiting attribute path : itemclass
19:40:32.023 [main] DEBUG org.hibernate.persister.walking.spi.MetamodelGraphWalker - Visiting attribute path : levelreq
19:40:32.023 [main] DEBUG org.hibernate.persister.walking.spi.MetamodelGraphWalker - Visiting attribute path : name
19:40:32.023 [main] DEBUG org.hibernate.persister.walking.spi.MetamodelGraphWalker - Visiting attribute path : player
19:40:32.023 [main] DEBUG org.hibernate.loader.plan.build.internal.spaces.QuerySpacesImpl - Adding QuerySpace : uid = <gen:1> -> org.hibernate.loader.plan.build.internal.spaces.EntityQuerySpaceImpl@433b546f]
19:40:32.023 [main] DEBUG org.hibernate.loader.plan.build.internal.FetchStyleLoadPlanBuildingAssociationVisitationStrategy - Building LoadPlan...
19:40:32.023 [main] DEBUG org.hibernate.loader.plan.exec.internal.LoadQueryJoinAndFetchProcessor - processing queryspace <gen:0>
19:40:32.023 [main] DEBUG org.hibernate.loader.plan.build.spi.LoadPlanTreePrinter - LoadPlan(entity=tau.mmo.domain.Item)
    - Returns
       - EntityReturnImpl(entity=tau.mmo.domain.Item, querySpaceUid=<gen:0>, path=tau.mmo.domain.Item)
          - EntityAttributeFetchImpl(entity=tau.mmo.domain.Player, querySpaceUid=<gen:1>, path=tau.mmo.domain.Item.player)
    - QuerySpaces
       - EntityQuerySpaceImpl(uid=<gen:0>, entity=tau.mmo.domain.Item)
          - SQL table alias mapping - item0_
          - alias suffix - 0_
          - suffixed key columns - {id1_0_0_}

19:40:32.023 [main] DEBUG org.hibernate.loader.entity.plan.EntityLoader - Static select for entity tau.mmo.domain.Item [UPGRADE_SKIPLOCKED]: select item0_.id as id1_0_0_, item0_.itemclass as itemclas2_0_0_, item0_.levelreq as levelreq3_0_0_, item0_.name as name4_0_0_, item0_.player_id as player_i5_0_0_ from item item0_ where item0_.id=? for update
19:40:32.023 [main] DEBUG org.hibernate.loader.plan.build.internal.spaces.QuerySpacesImpl - Adding QuerySpace : uid = <gen:0> -> org.hibernate.loader.plan.build.internal.spaces.EntityQuerySpaceImpl@9de1b85]
19:40:32.023 [main] DEBUG org.hibernate.persister.walking.spi.MetamodelGraphWalker - Visiting attribute path : itemclass
19:40:32.023 [main] DEBUG org.hibernate.persister.walking.spi.MetamodelGraphWalker - Visiting attribute path : levelreq
19:40:32.024 [main] DEBUG org.hibernate.persister.walking.spi.MetamodelGraphWalker - Visiting attribute path : name
19:40:32.024 [main] DEBUG org.hibernate.persister.walking.spi.MetamodelGraphWalker - Visiting attribute path : player
19:40:32.024 [main] DEBUG org.hibernate.loader.plan.build.internal.spaces.QuerySpacesImpl - Adding QuerySpace : uid = <gen:1> -> org.hibernate.loader.plan.build.internal.spaces.EntityQuerySpaceImpl@52c6e959]
19:40:32.024 [main] DEBUG org.hibernate.loader.plan.build.internal.FetchStyleLoadPlanBuildingAssociationVisitationStrategy - Building LoadPlan...
19:40:32.024 [main] DEBUG org.hibernate.loader.plan.exec.internal.LoadQueryJoinAndFetchProcessor - processing queryspace <gen:0>
19:40:32.024 [main] DEBUG org.hibernate.loader.plan.build.spi.LoadPlanTreePrinter - LoadPlan(entity=tau.mmo.domain.Item)
    - Returns
       - EntityReturnImpl(entity=tau.mmo.domain.Item, querySpaceUid=<gen:0>, path=tau.mmo.domain.Item)
          - EntityAttributeFetchImpl(entity=tau.mmo.domain.Player, querySpaceUid=<gen:1>, path=tau.mmo.domain.Item.player)
    - QuerySpaces
       - EntityQuerySpaceImpl(uid=<gen:0>, entity=tau.mmo.domain.Item)
          - SQL table alias mapping - item0_
          - alias suffix - 0_
          - suffixed key columns - {id1_0_0_}

19:40:32.024 [main] DEBUG org.hibernate.loader.entity.plan.EntityLoader - Static select for entity tau.mmo.domain.Item [FORCE]: select item0_.id as id1_0_0_, item0_.itemclass as itemclas2_0_0_, item0_.levelreq as levelreq3_0_0_, item0_.name as name4_0_0_, item0_.player_id as player_i5_0_0_ from item item0_ where item0_.id=? for update
19:40:32.024 [main] DEBUG org.hibernate.loader.plan.build.internal.spaces.QuerySpacesImpl - Adding QuerySpace : uid = <gen:0> -> org.hibernate.loader.plan.build.internal.spaces.EntityQuerySpaceImpl@4b475742]
19:40:32.024 [main] DEBUG org.hibernate.persister.walking.spi.MetamodelGraphWalker - Visiting attribute path : itemclass
19:40:32.024 [main] DEBUG org.hibernate.persister.walking.spi.MetamodelGraphWalker - Visiting attribute path : levelreq
19:40:32.024 [main] DEBUG org.hibernate.persister.walking.spi.MetamodelGraphWalker - Visiting attribute path : name
19:40:32.024 [main] DEBUG org.hibernate.persister.walking.spi.MetamodelGraphWalker - Visiting attribute path : player
19:40:32.024 [main] DEBUG org.hibernate.loader.plan.build.internal.spaces.QuerySpacesImpl - Adding QuerySpace : uid = <gen:1> -> org.hibernate.loader.plan.build.internal.spaces.EntityQuerySpaceImpl@dbca149]
19:40:32.024 [main] DEBUG org.hibernate.loader.plan.build.internal.FetchStyleLoadPlanBuildingAssociationVisitationStrategy - Building LoadPlan...
19:40:32.024 [main] DEBUG org.hibernate.loader.plan.exec.internal.LoadQueryJoinAndFetchProcessor - processing queryspace <gen:0>
19:40:32.025 [main] DEBUG org.hibernate.loader.plan.build.spi.LoadPlanTreePrinter - LoadPlan(entity=tau.mmo.domain.Item)
    - Returns
       - EntityReturnImpl(entity=tau.mmo.domain.Item, querySpaceUid=<gen:0>, path=tau.mmo.domain.Item)
          - EntityAttributeFetchImpl(entity=tau.mmo.domain.Player, querySpaceUid=<gen:1>, path=tau.mmo.domain.Item.player)
    - QuerySpaces
       - EntityQuerySpaceImpl(uid=<gen:0>, entity=tau.mmo.domain.Item)
          - SQL table alias mapping - item0_
          - alias suffix - 0_
          - suffixed key columns - {id1_0_0_}

19:40:32.025 [main] DEBUG org.hibernate.loader.entity.plan.EntityLoader - Static select for entity tau.mmo.domain.Item [PESSIMISTIC_READ]: select item0_.id as id1_0_0_, item0_.itemclass as itemclas2_0_0_, item0_.levelreq as levelreq3_0_0_, item0_.name as name4_0_0_, item0_.player_id as player_i5_0_0_ from item item0_ where item0_.id=? for update
19:40:32.025 [main] DEBUG org.hibernate.loader.plan.build.internal.spaces.QuerySpacesImpl - Adding QuerySpace : uid = <gen:0> -> org.hibernate.loader.plan.build.internal.spaces.EntityQuerySpaceImpl@68550d86]
19:40:32.026 [main] DEBUG org.hibernate.persister.walking.spi.MetamodelGraphWalker - Visiting attribute path : itemclass
19:40:32.026 [main] DEBUG org.hibernate.persister.walking.spi.MetamodelGraphWalker - Visiting attribute path : levelreq
19:40:32.026 [main] DEBUG org.hibernate.persister.walking.spi.MetamodelGraphWalker - Visiting attribute path : name
19:40:32.026 [main] DEBUG org.hibernate.persister.walking.spi.MetamodelGraphWalker - Visiting attribute path : player
19:40:32.026 [main] DEBUG org.hibernate.loader.plan.build.internal.spaces.QuerySpacesImpl - Adding QuerySpace : uid = <gen:1> -> org.hibernate.loader.plan.build.internal.spaces.EntityQuerySpaceImpl@484876a1]
19:40:32.026 [main] DEBUG org.hibernate.loader.plan.build.internal.FetchStyleLoadPlanBuildingAssociationVisitationStrategy - Building LoadPlan...
19:40:32.026 [main] DEBUG org.hibernate.loader.plan.exec.internal.LoadQueryJoinAndFetchProcessor - processing queryspace <gen:0>
19:40:32.026 [main] DEBUG org.hibernate.loader.plan.build.spi.LoadPlanTreePrinter - LoadPlan(entity=tau.mmo.domain.Item)
    - Returns
       - EntityReturnImpl(entity=tau.mmo.domain.Item, querySpaceUid=<gen:0>, path=tau.mmo.domain.Item)
          - EntityAttributeFetchImpl(entity=tau.mmo.domain.Player, querySpaceUid=<gen:1>, path=tau.mmo.domain.Item.player)
    - QuerySpaces
       - EntityQuerySpaceImpl(uid=<gen:0>, entity=tau.mmo.domain.Item)
          - SQL table alias mapping - item0_
          - alias suffix - 0_
          - suffixed key columns - {id1_0_0_}

19:40:32.026 [main] DEBUG org.hibernate.loader.entity.plan.EntityLoader - Static select for entity tau.mmo.domain.Item [PESSIMISTIC_WRITE]: select item0_.id as id1_0_0_, item0_.itemclass as itemclas2_0_0_, item0_.levelreq as levelreq3_0_0_, item0_.name as name4_0_0_, item0_.player_id as player_i5_0_0_ from item item0_ where item0_.id=? for update
19:40:32.026 [main] DEBUG org.hibernate.loader.plan.build.internal.spaces.QuerySpacesImpl - Adding QuerySpace : uid = <gen:0> -> org.hibernate.loader.plan.build.internal.spaces.EntityQuerySpaceImpl@20163008]
19:40:32.027 [main] DEBUG org.hibernate.persister.walking.spi.MetamodelGraphWalker - Visiting attribute path : itemclass
19:40:32.027 [main] DEBUG org.hibernate.persister.walking.spi.MetamodelGraphWalker - Visiting attribute path : levelreq
19:40:32.027 [main] DEBUG org.hibernate.persister.walking.spi.MetamodelGraphWalker - Visiting attribute path : name
19:40:32.027 [main] DEBUG org.hibernate.persister.walking.spi.MetamodelGraphWalker - Visiting attribute path : player
19:40:32.027 [main] DEBUG org.hibernate.loader.plan.build.internal.spaces.QuerySpacesImpl - Adding QuerySpace : uid = <gen:1> -> org.hibernate.loader.plan.build.internal.spaces.EntityQuerySpaceImpl@3436d3d7]
19:40:32.027 [main] DEBUG org.hibernate.loader.plan.build.internal.FetchStyleLoadPlanBuildingAssociationVisitationStrategy - Building LoadPlan...
19:40:32.027 [main] DEBUG org.hibernate.loader.plan.exec.internal.LoadQueryJoinAndFetchProcessor - processing queryspace <gen:0>
19:40:32.027 [main] DEBUG org.hibernate.loader.plan.build.spi.LoadPlanTreePrinter - LoadPlan(entity=tau.mmo.domain.Item)
    - Returns
       - EntityReturnImpl(entity=tau.mmo.domain.Item, querySpaceUid=<gen:0>, path=tau.mmo.domain.Item)
          - EntityAttributeFetchImpl(entity=tau.mmo.domain.Player, querySpaceUid=<gen:1>, path=tau.mmo.domain.Item.player)
    - QuerySpaces
       - EntityQuerySpaceImpl(uid=<gen:0>, entity=tau.mmo.domain.Item)
          - SQL table alias mapping - item0_
          - alias suffix - 0_
          - suffixed key columns - {id1_0_0_}

19:40:32.027 [main] DEBUG org.hibernate.loader.entity.plan.EntityLoader - Static select for entity tau.mmo.domain.Item [PESSIMISTIC_FORCE_INCREMENT]: select item0_.id as id1_0_0_, item0_.itemclass as itemclas2_0_0_, item0_.levelreq as levelreq3_0_0_, item0_.name as name4_0_0_, item0_.player_id as player_i5_0_0_ from item item0_ where item0_.id=? for update
19:40:32.027 [main] DEBUG org.hibernate.loader.plan.build.internal.spaces.QuerySpacesImpl - Adding QuerySpace : uid = <gen:0> -> org.hibernate.loader.plan.build.internal.spaces.EntityQuerySpaceImpl@3f40568e]
19:40:32.027 [main] DEBUG org.hibernate.persister.walking.spi.MetamodelGraphWalker - Visiting attribute path : itemclass
19:40:32.027 [main] DEBUG org.hibernate.persister.walking.spi.MetamodelGraphWalker - Visiting attribute path : levelreq
19:40:32.027 [main] DEBUG org.hibernate.persister.walking.spi.MetamodelGraphWalker - Visiting attribute path : name
19:40:32.027 [main] DEBUG org.hibernate.persister.walking.spi.MetamodelGraphWalker - Visiting attribute path : player
19:40:32.027 [main] DEBUG org.hibernate.loader.plan.build.internal.spaces.QuerySpacesImpl - Adding QuerySpace : uid = <gen:1> -> org.hibernate.loader.plan.build.internal.spaces.EntityQuerySpaceImpl@37b470df]
19:40:32.027 [main] DEBUG org.hibernate.loader.plan.build.internal.FetchStyleLoadPlanBuildingAssociationVisitationStrategy - Building LoadPlan...
19:40:32.028 [main] DEBUG org.hibernate.loader.plan.exec.internal.LoadQueryJoinAndFetchProcessor - processing queryspace <gen:0>
19:40:32.028 [main] DEBUG org.hibernate.loader.plan.build.spi.LoadPlanTreePrinter - LoadPlan(entity=tau.mmo.domain.Item)
    - Returns
       - EntityReturnImpl(entity=tau.mmo.domain.Item, querySpaceUid=<gen:0>, path=tau.mmo.domain.Item)
          - EntityAttributeFetchImpl(entity=tau.mmo.domain.Player, querySpaceUid=<gen:1>, path=tau.mmo.domain.Item.player)
    - QuerySpaces
       - EntityQuerySpaceImpl(uid=<gen:0>, entity=tau.mmo.domain.Item)
          - SQL table alias mapping - item0_
          - alias suffix - 0_
          - suffixed key columns - {id1_0_0_}

19:40:32.028 [main] DEBUG org.hibernate.loader.entity.plan.EntityLoader - Static select for entity tau.mmo.domain.Item [OPTIMISTIC]: select item0_.id as id1_0_0_, item0_.itemclass as itemclas2_0_0_, item0_.levelreq as levelreq3_0_0_, item0_.name as name4_0_0_, item0_.player_id as player_i5_0_0_ from item item0_ where item0_.id=?
19:40:32.028 [main] DEBUG org.hibernate.loader.plan.build.internal.spaces.QuerySpacesImpl - Adding QuerySpace : uid = <gen:0> -> org.hibernate.loader.plan.build.internal.spaces.EntityQuerySpaceImpl@359ea595]
19:40:32.028 [main] DEBUG org.hibernate.persister.walking.spi.MetamodelGraphWalker - Visiting attribute path : itemclass
19:40:32.028 [main] DEBUG org.hibernate.persister.walking.spi.MetamodelGraphWalker - Visiting attribute path : levelreq
19:40:32.028 [main] DEBUG org.hibernate.persister.walking.spi.MetamodelGraphWalker - Visiting attribute path : name
19:40:32.028 [main] DEBUG org.hibernate.persister.walking.spi.MetamodelGraphWalker - Visiting attribute path : player
19:40:32.028 [main] DEBUG org.hibernate.loader.plan.build.internal.spaces.QuerySpacesImpl - Adding QuerySpace : uid = <gen:1> -> org.hibernate.loader.plan.build.internal.spaces.EntityQuerySpaceImpl@1bbb48dd]
19:40:32.028 [main] DEBUG org.hibernate.loader.plan.build.internal.FetchStyleLoadPlanBuildingAssociationVisitationStrategy - Building LoadPlan...
19:40:32.028 [main] DEBUG org.hibernate.loader.plan.exec.internal.LoadQueryJoinAndFetchProcessor - processing queryspace <gen:0>
19:40:32.029 [main] DEBUG org.hibernate.loader.plan.build.spi.LoadPlanTreePrinter - LoadPlan(entity=tau.mmo.domain.Item)
    - Returns
       - EntityReturnImpl(entity=tau.mmo.domain.Item, querySpaceUid=<gen:0>, path=tau.mmo.domain.Item)
          - EntityAttributeFetchImpl(entity=tau.mmo.domain.Player, querySpaceUid=<gen:1>, path=tau.mmo.domain.Item.player)
    - QuerySpaces
       - EntityQuerySpaceImpl(uid=<gen:0>, entity=tau.mmo.domain.Item)
          - SQL table alias mapping - item0_
          - alias suffix - 0_
          - suffixed key columns - {id1_0_0_}

19:40:32.029 [main] DEBUG org.hibernate.loader.entity.plan.EntityLoader - Static select for entity tau.mmo.domain.Item [OPTIMISTIC_FORCE_INCREMENT]: select item0_.id as id1_0_0_, item0_.itemclass as itemclas2_0_0_, item0_.levelreq as levelreq3_0_0_, item0_.name as name4_0_0_, item0_.player_id as player_i5_0_0_ from item item0_ where item0_.id=?
19:40:32.029 [main] DEBUG org.hibernate.loader.Loader - Static select for action ACTION_MERGE on entity tau.mmo.domain.Item: select item0_.id as id1_0_0_, item0_.itemclass as itemclas2_0_0_, item0_.levelreq as levelreq3_0_0_, item0_.name as name4_0_0_, item0_.player_id as player_i5_0_0_ from item item0_ where item0_.id=?
19:40:32.029 [main] DEBUG org.hibernate.loader.Loader - Static select for action ACTION_REFRESH on entity tau.mmo.domain.Item: select item0_.id as id1_0_0_, item0_.itemclass as itemclas2_0_0_, item0_.levelreq as levelreq3_0_0_, item0_.name as name4_0_0_, item0_.player_id as player_i5_0_0_ from item item0_ where item0_.id=?
19:40:32.029 [main] DEBUG org.hibernate.persister.entity.AbstractEntityPersister - Static SQL for entity: tau.mmo.domain.Player
19:40:32.029 [main] DEBUG org.hibernate.persister.entity.AbstractEntityPersister -  Version select: select id from player where id =?
19:40:32.029 [main] DEBUG org.hibernate.persister.entity.AbstractEntityPersister -  Snapshot select: select player_.id, player_.heroclass as heroclas2_1_, player_.level as level3_1_, player_.name as name4_1_ from player player_ where player_.id=?
19:40:32.029 [main] DEBUG org.hibernate.persister.entity.AbstractEntityPersister -  Insert 0: insert into player (heroclass, level, name, id) values (?, ?, ?, ?)
19:40:32.029 [main] DEBUG org.hibernate.persister.entity.AbstractEntityPersister -  Update 0: update player set heroclass=?, level=?, name=? where id=?
19:40:32.029 [main] DEBUG org.hibernate.persister.entity.AbstractEntityPersister -  Delete 0: delete from player where id=?
19:40:32.030 [main] DEBUG org.hibernate.loader.plan.build.internal.spaces.QuerySpacesImpl - Adding QuerySpace : uid = <gen:0> -> org.hibernate.loader.plan.build.internal.spaces.EntityQuerySpaceImpl@f9de1fd]
19:40:32.030 [main] DEBUG org.hibernate.persister.walking.spi.MetamodelGraphWalker - Visiting attribute path : heroclass
19:40:32.030 [main] DEBUG org.hibernate.persister.walking.spi.MetamodelGraphWalker - Visiting attribute path : items
19:40:32.030 [main] DEBUG org.hibernate.loader.plan.build.internal.spaces.QuerySpacesImpl - Adding QuerySpace : uid = <gen:1> -> org.hibernate.loader.plan.build.internal.spaces.CollectionQuerySpaceImpl@7c871ce4]
19:40:32.030 [main] DEBUG org.hibernate.loader.plan.build.internal.spaces.QuerySpacesImpl - Adding QuerySpace : uid = <gen:2> -> org.hibernate.loader.plan.build.internal.spaces.EntityQuerySpaceImpl@3d3b4e09]
19:40:32.031 [main] DEBUG org.hibernate.persister.walking.spi.MetamodelGraphWalker - Visiting attribute path : items.itemclass
19:40:32.031 [main] DEBUG org.hibernate.persister.walking.spi.MetamodelGraphWalker - Visiting attribute path : items.levelreq
19:40:32.031 [main] DEBUG org.hibernate.persister.walking.spi.MetamodelGraphWalker - Visiting attribute path : items.name
19:40:32.031 [main] DEBUG org.hibernate.persister.walking.spi.MetamodelGraphWalker - Visiting attribute path : items.player
19:40:32.031 [main] DEBUG org.hibernate.persister.walking.spi.MetamodelGraphWalker - Property path deemed to be circular : items.player
19:40:32.031 [main] DEBUG org.hibernate.persister.walking.spi.MetamodelGraphWalker - Visiting attribute path : level
19:40:32.031 [main] DEBUG org.hibernate.persister.walking.spi.MetamodelGraphWalker - Visiting attribute path : name
19:40:32.031 [main] DEBUG org.hibernate.loader.plan.build.internal.FetchStyleLoadPlanBuildingAssociationVisitationStrategy - Building LoadPlan...
19:40:32.031 [main] DEBUG org.hibernate.loader.plan.exec.internal.LoadQueryJoinAndFetchProcessor - processing queryspace <gen:0>
19:40:32.034 [main] DEBUG org.hibernate.loader.plan.build.spi.LoadPlanTreePrinter - LoadPlan(entity=tau.mmo.domain.Player)
    - Returns
       - EntityReturnImpl(entity=tau.mmo.domain.Player, querySpaceUid=<gen:0>, path=tau.mmo.domain.Player)
          - CollectionAttributeFetchImpl(collection=tau.mmo.domain.Player.items, querySpaceUid=<gen:1>, path=tau.mmo.domain.Player.items)
             - (collection element) CollectionFetchableElementEntityGraph(entity=tau.mmo.domain.Item, querySpaceUid=<gen:2>, path=tau.mmo.domain.Player.items.<elements>)
    - QuerySpaces
       - EntityQuerySpaceImpl(uid=<gen:0>, entity=tau.mmo.domain.Player)
          - SQL table alias mapping - player0_
          - alias suffix - 0_
          - suffixed key columns - {id1_1_0_}
          - JOIN (JoinDefinedByMetadata(items)) : <gen:0> -> <gen:1>
             - CollectionQuerySpaceImpl(uid=<gen:1>, collection=tau.mmo.domain.Player.items)
                - SQL table alias mapping - items1_
                - alias suffix - 1_
                - suffixed key columns - {player_i5_0_1_}
                - entity-element alias suffix - 2_
                - 2_entity-element suffixed key columns - id1_0_2_
                - JOIN (JoinDefinedByMetadata(elements)) : <gen:1> -> <gen:2>
                   - EntityQuerySpaceImpl(uid=<gen:2>, entity=tau.mmo.domain.Item)
                      - SQL table alias mapping - items1_
                      - alias suffix - 2_
                      - suffixed key columns - {id1_0_2_}

19:40:32.034 [main] DEBUG org.hibernate.loader.entity.plan.EntityLoader - Static select for entity tau.mmo.domain.Player [NONE]: select player0_.id as id1_1_0_, player0_.heroclass as heroclas2_1_0_, player0_.level as level3_1_0_, player0_.name as name4_1_0_, items1_.player_id as player_i5_0_1_, items1_.id as id1_0_1_, items1_.id as id1_0_2_, items1_.itemclass as itemclas2_0_2_, items1_.levelreq as levelreq3_0_2_, items1_.name as name4_0_2_, items1_.player_id as player_i5_0_2_ from player player0_ left outer join item items1_ on player0_.id=items1_.player_id where player0_.id=?
19:40:32.034 [main] DEBUG org.hibernate.loader.plan.build.internal.spaces.QuerySpacesImpl - Adding QuerySpace : uid = <gen:0> -> org.hibernate.loader.plan.build.internal.spaces.EntityQuerySpaceImpl@2c4be45f]
19:40:32.035 [main] DEBUG org.hibernate.persister.walking.spi.MetamodelGraphWalker - Visiting attribute path : heroclass
19:40:32.035 [main] DEBUG org.hibernate.persister.walking.spi.MetamodelGraphWalker - Visiting attribute path : items
19:40:32.035 [main] DEBUG org.hibernate.loader.plan.build.internal.spaces.QuerySpacesImpl - Adding QuerySpace : uid = <gen:1> -> org.hibernate.loader.plan.build.internal.spaces.CollectionQuerySpaceImpl@58afecfd]
19:40:32.035 [main] DEBUG org.hibernate.loader.plan.build.internal.spaces.QuerySpacesImpl - Adding QuerySpace : uid = <gen:2> -> org.hibernate.loader.plan.build.internal.spaces.EntityQuerySpaceImpl@4d79d187]
19:40:32.035 [main] DEBUG org.hibernate.persister.walking.spi.MetamodelGraphWalker - Visiting attribute path : items.itemclass
19:40:32.035 [main] DEBUG org.hibernate.persister.walking.spi.MetamodelGraphWalker - Visiting attribute path : items.levelreq
19:40:32.035 [main] DEBUG org.hibernate.persister.walking.spi.MetamodelGraphWalker - Visiting attribute path : items.name
19:40:32.035 [main] DEBUG org.hibernate.persister.walking.spi.MetamodelGraphWalker - Visiting attribute path : items.player
19:40:32.035 [main] DEBUG org.hibernate.persister.walking.spi.MetamodelGraphWalker - Property path deemed to be circular : items.player
19:40:32.035 [main] DEBUG org.hibernate.persister.walking.spi.MetamodelGraphWalker - Visiting attribute path : level
19:40:32.035 [main] DEBUG org.hibernate.persister.walking.spi.MetamodelGraphWalker - Visiting attribute path : name
19:40:32.035 [main] DEBUG org.hibernate.loader.plan.build.internal.FetchStyleLoadPlanBuildingAssociationVisitationStrategy - Building LoadPlan...
19:40:32.035 [main] DEBUG org.hibernate.loader.plan.exec.internal.LoadQueryJoinAndFetchProcessor - processing queryspace <gen:0>
19:40:32.036 [main] DEBUG org.hibernate.loader.plan.build.spi.LoadPlanTreePrinter - LoadPlan(entity=tau.mmo.domain.Player)
    - Returns
       - EntityReturnImpl(entity=tau.mmo.domain.Player, querySpaceUid=<gen:0>, path=tau.mmo.domain.Player)
          - CollectionAttributeFetchImpl(collection=tau.mmo.domain.Player.items, querySpaceUid=<gen:1>, path=tau.mmo.domain.Player.items)
             - (collection element) CollectionFetchableElementEntityGraph(entity=tau.mmo.domain.Item, querySpaceUid=<gen:2>, path=tau.mmo.domain.Player.items.<elements>)
    - QuerySpaces
       - EntityQuerySpaceImpl(uid=<gen:0>, entity=tau.mmo.domain.Player)
          - SQL table alias mapping - player0_
          - alias suffix - 0_
          - suffixed key columns - {id1_1_0_}
          - JOIN (JoinDefinedByMetadata(items)) : <gen:0> -> <gen:1>
             - CollectionQuerySpaceImpl(uid=<gen:1>, collection=tau.mmo.domain.Player.items)
                - SQL table alias mapping - items1_
                - alias suffix - 1_
                - suffixed key columns - {player_i5_0_1_}
                - entity-element alias suffix - 2_
                - 2_entity-element suffixed key columns - id1_0_2_
                - JOIN (JoinDefinedByMetadata(elements)) : <gen:1> -> <gen:2>
                   - EntityQuerySpaceImpl(uid=<gen:2>, entity=tau.mmo.domain.Item)
                      - SQL table alias mapping - items1_
                      - alias suffix - 2_
                      - suffixed key columns - {id1_0_2_}

19:40:32.036 [main] DEBUG org.hibernate.loader.entity.plan.EntityLoader - Static select for entity tau.mmo.domain.Player [READ]: select player0_.id as id1_1_0_, player0_.heroclass as heroclas2_1_0_, player0_.level as level3_1_0_, player0_.name as name4_1_0_, items1_.player_id as player_i5_0_1_, items1_.id as id1_0_1_, items1_.id as id1_0_2_, items1_.itemclass as itemclas2_0_2_, items1_.levelreq as levelreq3_0_2_, items1_.name as name4_0_2_, items1_.player_id as player_i5_0_2_ from player player0_ left outer join item items1_ on player0_.id=items1_.player_id where player0_.id=?
19:40:32.036 [main] DEBUG org.hibernate.loader.plan.build.internal.spaces.QuerySpacesImpl - Adding QuerySpace : uid = <gen:0> -> org.hibernate.loader.plan.build.internal.spaces.EntityQuerySpaceImpl@6f7b8ae1]
19:40:32.036 [main] DEBUG org.hibernate.persister.walking.spi.MetamodelGraphWalker - Visiting attribute path : heroclass
19:40:32.036 [main] DEBUG org.hibernate.persister.walking.spi.MetamodelGraphWalker - Visiting attribute path : items
19:40:32.036 [main] DEBUG org.hibernate.loader.plan.build.internal.spaces.QuerySpacesImpl - Adding QuerySpace : uid = <gen:1> -> org.hibernate.loader.plan.build.internal.spaces.CollectionQuerySpaceImpl@4fa6fb7f]
19:40:32.036 [main] DEBUG org.hibernate.loader.plan.build.internal.spaces.QuerySpacesImpl - Adding QuerySpace : uid = <gen:2> -> org.hibernate.loader.plan.build.internal.spaces.EntityQuerySpaceImpl@2520010e]
19:40:32.036 [main] DEBUG org.hibernate.persister.walking.spi.MetamodelGraphWalker - Visiting attribute path : level
19:40:32.036 [main] DEBUG org.hibernate.persister.walking.spi.MetamodelGraphWalker - Visiting attribute path : name
19:40:32.036 [main] DEBUG org.hibernate.loader.plan.build.internal.FetchStyleLoadPlanBuildingAssociationVisitationStrategy - Building LoadPlan...
19:40:32.036 [main] DEBUG org.hibernate.loader.plan.exec.internal.LoadQueryJoinAndFetchProcessor - processing queryspace <gen:0>
19:40:32.036 [main] DEBUG org.hibernate.loader.plan.build.spi.LoadPlanTreePrinter - LoadPlan(entity=tau.mmo.domain.Player)
    - Returns
       - EntityReturnImpl(entity=tau.mmo.domain.Player, querySpaceUid=<gen:0>, path=tau.mmo.domain.Player)
          - CollectionAttributeFetchImpl(collection=tau.mmo.domain.Player.items, querySpaceUid=<gen:1>, path=tau.mmo.domain.Player.items)
             - (collection element) CollectionFetchableElementEntityGraph(entity=tau.mmo.domain.Item, querySpaceUid=<gen:2>, path=tau.mmo.domain.Player.items.<elements>)
    - QuerySpaces
       - EntityQuerySpaceImpl(uid=<gen:0>, entity=tau.mmo.domain.Player)
          - SQL table alias mapping - player0_
          - alias suffix - 0_
          - suffixed key columns - {id1_1_0_}

19:40:32.036 [main] DEBUG org.hibernate.loader.entity.plan.EntityLoader - Static select for entity tau.mmo.domain.Player [UPGRADE]: select player0_.id as id1_1_0_, player0_.heroclass as heroclas2_1_0_, player0_.level as level3_1_0_, player0_.name as name4_1_0_ from player player0_ where player0_.id=? for update
19:40:32.036 [main] DEBUG org.hibernate.loader.plan.build.internal.spaces.QuerySpacesImpl - Adding QuerySpace : uid = <gen:0> -> org.hibernate.loader.plan.build.internal.spaces.EntityQuerySpaceImpl@163fbbc9]
19:40:32.037 [main] DEBUG org.hibernate.persister.walking.spi.MetamodelGraphWalker - Visiting attribute path : heroclass
19:40:32.037 [main] DEBUG org.hibernate.persister.walking.spi.MetamodelGraphWalker - Visiting attribute path : items
19:40:32.037 [main] DEBUG org.hibernate.loader.plan.build.internal.spaces.QuerySpacesImpl - Adding QuerySpace : uid = <gen:1> -> org.hibernate.loader.plan.build.internal.spaces.CollectionQuerySpaceImpl@6e6c8854]
19:40:32.037 [main] DEBUG org.hibernate.loader.plan.build.internal.spaces.QuerySpacesImpl - Adding QuerySpace : uid = <gen:2> -> org.hibernate.loader.plan.build.internal.spaces.EntityQuerySpaceImpl@4be1dce6]
19:40:32.037 [main] DEBUG org.hibernate.persister.walking.spi.MetamodelGraphWalker - Visiting attribute path : level
19:40:32.037 [main] DEBUG org.hibernate.persister.walking.spi.MetamodelGraphWalker - Visiting attribute path : name
19:40:32.037 [main] DEBUG org.hibernate.loader.plan.build.internal.FetchStyleLoadPlanBuildingAssociationVisitationStrategy - Building LoadPlan...
19:40:32.037 [main] DEBUG org.hibernate.loader.plan.exec.internal.LoadQueryJoinAndFetchProcessor - processing queryspace <gen:0>
19:40:32.037 [main] DEBUG org.hibernate.loader.plan.build.spi.LoadPlanTreePrinter - LoadPlan(entity=tau.mmo.domain.Player)
    - Returns
       - EntityReturnImpl(entity=tau.mmo.domain.Player, querySpaceUid=<gen:0>, path=tau.mmo.domain.Player)
          - CollectionAttributeFetchImpl(collection=tau.mmo.domain.Player.items, querySpaceUid=<gen:1>, path=tau.mmo.domain.Player.items)
             - (collection element) CollectionFetchableElementEntityGraph(entity=tau.mmo.domain.Item, querySpaceUid=<gen:2>, path=tau.mmo.domain.Player.items.<elements>)
    - QuerySpaces
       - EntityQuerySpaceImpl(uid=<gen:0>, entity=tau.mmo.domain.Player)
          - SQL table alias mapping - player0_
          - alias suffix - 0_
          - suffixed key columns - {id1_1_0_}

19:40:32.037 [main] DEBUG org.hibernate.loader.entity.plan.EntityLoader - Static select for entity tau.mmo.domain.Player [UPGRADE_NOWAIT]: select player0_.id as id1_1_0_, player0_.heroclass as heroclas2_1_0_, player0_.level as level3_1_0_, player0_.name as name4_1_0_ from player player0_ where player0_.id=? for update
19:40:32.037 [main] DEBUG org.hibernate.loader.plan.build.internal.spaces.QuerySpacesImpl - Adding QuerySpace : uid = <gen:0> -> org.hibernate.loader.plan.build.internal.spaces.EntityQuerySpaceImpl@206bd7a0]
19:40:32.037 [main] DEBUG org.hibernate.persister.walking.spi.MetamodelGraphWalker - Visiting attribute path : heroclass
19:40:32.037 [main] DEBUG org.hibernate.persister.walking.spi.MetamodelGraphWalker - Visiting attribute path : items
19:40:32.037 [main] DEBUG org.hibernate.loader.plan.build.internal.spaces.QuerySpacesImpl - Adding QuerySpace : uid = <gen:1> -> org.hibernate.loader.plan.build.internal.spaces.CollectionQuerySpaceImpl@73d8c8d7]
19:40:32.037 [main] DEBUG org.hibernate.loader.plan.build.internal.spaces.QuerySpacesImpl - Adding QuerySpace : uid = <gen:2> -> org.hibernate.loader.plan.build.internal.spaces.EntityQuerySpaceImpl@361b3ca6]
19:40:32.037 [main] DEBUG org.hibernate.persister.walking.spi.MetamodelGraphWalker - Visiting attribute path : level
19:40:32.037 [main] DEBUG org.hibernate.persister.walking.spi.MetamodelGraphWalker - Visiting attribute path : name
19:40:32.037 [main] DEBUG org.hibernate.loader.plan.build.internal.FetchStyleLoadPlanBuildingAssociationVisitationStrategy - Building LoadPlan...
19:40:32.037 [main] DEBUG org.hibernate.loader.plan.exec.internal.LoadQueryJoinAndFetchProcessor - processing queryspace <gen:0>
19:40:32.037 [main] DEBUG org.hibernate.loader.plan.build.spi.LoadPlanTreePrinter - LoadPlan(entity=tau.mmo.domain.Player)
    - Returns
       - EntityReturnImpl(entity=tau.mmo.domain.Player, querySpaceUid=<gen:0>, path=tau.mmo.domain.Player)
          - CollectionAttributeFetchImpl(collection=tau.mmo.domain.Player.items, querySpaceUid=<gen:1>, path=tau.mmo.domain.Player.items)
             - (collection element) CollectionFetchableElementEntityGraph(entity=tau.mmo.domain.Item, querySpaceUid=<gen:2>, path=tau.mmo.domain.Player.items.<elements>)
    - QuerySpaces
       - EntityQuerySpaceImpl(uid=<gen:0>, entity=tau.mmo.domain.Player)
          - SQL table alias mapping - player0_
          - alias suffix - 0_
          - suffixed key columns - {id1_1_0_}

19:40:32.037 [main] DEBUG org.hibernate.loader.entity.plan.EntityLoader - Static select for entity tau.mmo.domain.Player [UPGRADE_SKIPLOCKED]: select player0_.id as id1_1_0_, player0_.heroclass as heroclas2_1_0_, player0_.level as level3_1_0_, player0_.name as name4_1_0_ from player player0_ where player0_.id=? for update
19:40:32.037 [main] DEBUG org.hibernate.loader.plan.build.internal.spaces.QuerySpacesImpl - Adding QuerySpace : uid = <gen:0> -> org.hibernate.loader.plan.build.internal.spaces.EntityQuerySpaceImpl@48333b12]
19:40:32.037 [main] DEBUG org.hibernate.persister.walking.spi.MetamodelGraphWalker - Visiting attribute path : heroclass
19:40:32.037 [main] DEBUG org.hibernate.persister.walking.spi.MetamodelGraphWalker - Visiting attribute path : items
19:40:32.037 [main] DEBUG org.hibernate.loader.plan.build.internal.spaces.QuerySpacesImpl - Adding QuerySpace : uid = <gen:1> -> org.hibernate.loader.plan.build.internal.spaces.CollectionQuerySpaceImpl@62f7d7bd]
19:40:32.038 [main] DEBUG org.hibernate.loader.plan.build.internal.spaces.QuerySpacesImpl - Adding QuerySpace : uid = <gen:2> -> org.hibernate.loader.plan.build.internal.spaces.EntityQuerySpaceImpl@de63949]
19:40:32.038 [main] DEBUG org.hibernate.persister.walking.spi.MetamodelGraphWalker - Visiting attribute path : level
19:40:32.038 [main] DEBUG org.hibernate.persister.walking.spi.MetamodelGraphWalker - Visiting attribute path : name
19:40:32.038 [main] DEBUG org.hibernate.loader.plan.build.internal.FetchStyleLoadPlanBuildingAssociationVisitationStrategy - Building LoadPlan...
19:40:32.038 [main] DEBUG org.hibernate.loader.plan.exec.internal.LoadQueryJoinAndFetchProcessor - processing queryspace <gen:0>
19:40:32.038 [main] DEBUG org.hibernate.loader.plan.build.spi.LoadPlanTreePrinter - LoadPlan(entity=tau.mmo.domain.Player)
    - Returns
       - EntityReturnImpl(entity=tau.mmo.domain.Player, querySpaceUid=<gen:0>, path=tau.mmo.domain.Player)
          - CollectionAttributeFetchImpl(collection=tau.mmo.domain.Player.items, querySpaceUid=<gen:1>, path=tau.mmo.domain.Player.items)
             - (collection element) CollectionFetchableElementEntityGraph(entity=tau.mmo.domain.Item, querySpaceUid=<gen:2>, path=tau.mmo.domain.Player.items.<elements>)
    - QuerySpaces
       - EntityQuerySpaceImpl(uid=<gen:0>, entity=tau.mmo.domain.Player)
          - SQL table alias mapping - player0_
          - alias suffix - 0_
          - suffixed key columns - {id1_1_0_}

19:40:32.038 [main] DEBUG org.hibernate.loader.entity.plan.EntityLoader - Static select for entity tau.mmo.domain.Player [FORCE]: select player0_.id as id1_1_0_, player0_.heroclass as heroclas2_1_0_, player0_.level as level3_1_0_, player0_.name as name4_1_0_ from player player0_ where player0_.id=? for update
19:40:32.038 [main] DEBUG org.hibernate.loader.plan.build.internal.spaces.QuerySpacesImpl - Adding QuerySpace : uid = <gen:0> -> org.hibernate.loader.plan.build.internal.spaces.EntityQuerySpaceImpl@5c5c784c]
19:40:32.038 [main] DEBUG org.hibernate.persister.walking.spi.MetamodelGraphWalker - Visiting attribute path : heroclass
19:40:32.038 [main] DEBUG org.hibernate.persister.walking.spi.MetamodelGraphWalker - Visiting attribute path : items
19:40:32.038 [main] DEBUG org.hibernate.loader.plan.build.internal.spaces.QuerySpacesImpl - Adding QuerySpace : uid = <gen:1> -> org.hibernate.loader.plan.build.internal.spaces.CollectionQuerySpaceImpl@363fe35a]
19:40:32.038 [main] DEBUG org.hibernate.loader.plan.build.internal.spaces.QuerySpacesImpl - Adding QuerySpace : uid = <gen:2> -> org.hibernate.loader.plan.build.internal.spaces.EntityQuerySpaceImpl@a2fb8a5]
19:40:32.038 [main] DEBUG org.hibernate.persister.walking.spi.MetamodelGraphWalker - Visiting attribute path : level
19:40:32.038 [main] DEBUG org.hibernate.persister.walking.spi.MetamodelGraphWalker - Visiting attribute path : name
19:40:32.038 [main] DEBUG org.hibernate.loader.plan.build.internal.FetchStyleLoadPlanBuildingAssociationVisitationStrategy - Building LoadPlan...
19:40:32.038 [main] DEBUG org.hibernate.loader.plan.exec.internal.LoadQueryJoinAndFetchProcessor - processing queryspace <gen:0>
19:40:32.039 [main] DEBUG org.hibernate.loader.plan.build.spi.LoadPlanTreePrinter - LoadPlan(entity=tau.mmo.domain.Player)
    - Returns
       - EntityReturnImpl(entity=tau.mmo.domain.Player, querySpaceUid=<gen:0>, path=tau.mmo.domain.Player)
          - CollectionAttributeFetchImpl(collection=tau.mmo.domain.Player.items, querySpaceUid=<gen:1>, path=tau.mmo.domain.Player.items)
             - (collection element) CollectionFetchableElementEntityGraph(entity=tau.mmo.domain.Item, querySpaceUid=<gen:2>, path=tau.mmo.domain.Player.items.<elements>)
    - QuerySpaces
       - EntityQuerySpaceImpl(uid=<gen:0>, entity=tau.mmo.domain.Player)
          - SQL table alias mapping - player0_
          - alias suffix - 0_
          - suffixed key columns - {id1_1_0_}

19:40:32.039 [main] DEBUG org.hibernate.loader.entity.plan.EntityLoader - Static select for entity tau.mmo.domain.Player [PESSIMISTIC_READ]: select player0_.id as id1_1_0_, player0_.heroclass as heroclas2_1_0_, player0_.level as level3_1_0_, player0_.name as name4_1_0_ from player player0_ where player0_.id=? for update
19:40:32.039 [main] DEBUG org.hibernate.loader.plan.build.internal.spaces.QuerySpacesImpl - Adding QuerySpace : uid = <gen:0> -> org.hibernate.loader.plan.build.internal.spaces.EntityQuerySpaceImpl@350e3fb4]
19:40:32.039 [main] DEBUG org.hibernate.persister.walking.spi.MetamodelGraphWalker - Visiting attribute path : heroclass
19:40:32.039 [main] DEBUG org.hibernate.persister.walking.spi.MetamodelGraphWalker - Visiting attribute path : items
19:40:32.039 [main] DEBUG org.hibernate.loader.plan.build.internal.spaces.QuerySpacesImpl - Adding QuerySpace : uid = <gen:1> -> org.hibernate.loader.plan.build.internal.spaces.CollectionQuerySpaceImpl@5a31abe9]
19:40:32.039 [main] DEBUG org.hibernate.loader.plan.build.internal.spaces.QuerySpacesImpl - Adding QuerySpace : uid = <gen:2> -> org.hibernate.loader.plan.build.internal.spaces.EntityQuerySpaceImpl@2dacda9a]
19:40:32.039 [main] DEBUG org.hibernate.persister.walking.spi.MetamodelGraphWalker - Visiting attribute path : level
19:40:32.039 [main] DEBUG org.hibernate.persister.walking.spi.MetamodelGraphWalker - Visiting attribute path : name
19:40:32.039 [main] DEBUG org.hibernate.loader.plan.build.internal.FetchStyleLoadPlanBuildingAssociationVisitationStrategy - Building LoadPlan...
19:40:32.039 [main] DEBUG org.hibernate.loader.plan.exec.internal.LoadQueryJoinAndFetchProcessor - processing queryspace <gen:0>
19:40:32.039 [main] DEBUG org.hibernate.loader.plan.build.spi.LoadPlanTreePrinter - LoadPlan(entity=tau.mmo.domain.Player)
    - Returns
       - EntityReturnImpl(entity=tau.mmo.domain.Player, querySpaceUid=<gen:0>, path=tau.mmo.domain.Player)
          - CollectionAttributeFetchImpl(collection=tau.mmo.domain.Player.items, querySpaceUid=<gen:1>, path=tau.mmo.domain.Player.items)
             - (collection element) CollectionFetchableElementEntityGraph(entity=tau.mmo.domain.Item, querySpaceUid=<gen:2>, path=tau.mmo.domain.Player.items.<elements>)
    - QuerySpaces
       - EntityQuerySpaceImpl(uid=<gen:0>, entity=tau.mmo.domain.Player)
          - SQL table alias mapping - player0_
          - alias suffix - 0_
          - suffixed key columns - {id1_1_0_}

19:40:32.039 [main] DEBUG org.hibernate.loader.entity.plan.EntityLoader - Static select for entity tau.mmo.domain.Player [PESSIMISTIC_WRITE]: select player0_.id as id1_1_0_, player0_.heroclass as heroclas2_1_0_, player0_.level as level3_1_0_, player0_.name as name4_1_0_ from player player0_ where player0_.id=? for update
19:40:32.039 [main] DEBUG org.hibernate.loader.plan.build.internal.spaces.QuerySpacesImpl - Adding QuerySpace : uid = <gen:0> -> org.hibernate.loader.plan.build.internal.spaces.EntityQuerySpaceImpl@699bb304]
19:40:32.039 [main] DEBUG org.hibernate.persister.walking.spi.MetamodelGraphWalker - Visiting attribute path : heroclass
19:40:32.039 [main] DEBUG org.hibernate.persister.walking.spi.MetamodelGraphWalker - Visiting attribute path : items
19:40:32.039 [main] DEBUG org.hibernate.loader.plan.build.internal.spaces.QuerySpacesImpl - Adding QuerySpace : uid = <gen:1> -> org.hibernate.loader.plan.build.internal.spaces.CollectionQuerySpaceImpl@40fee459]
19:40:32.039 [main] DEBUG org.hibernate.loader.plan.build.internal.spaces.QuerySpacesImpl - Adding QuerySpace : uid = <gen:2> -> org.hibernate.loader.plan.build.internal.spaces.EntityQuerySpaceImpl@bcd9ed6]
19:40:32.039 [main] DEBUG org.hibernate.persister.walking.spi.MetamodelGraphWalker - Visiting attribute path : level
19:40:32.039 [main] DEBUG org.hibernate.persister.walking.spi.MetamodelGraphWalker - Visiting attribute path : name
19:40:32.039 [main] DEBUG org.hibernate.loader.plan.build.internal.FetchStyleLoadPlanBuildingAssociationVisitationStrategy - Building LoadPlan...
19:40:32.043 [main] DEBUG org.hibernate.loader.plan.exec.internal.LoadQueryJoinAndFetchProcessor - processing queryspace <gen:0>
19:40:32.043 [main] DEBUG org.hibernate.loader.plan.build.spi.LoadPlanTreePrinter - LoadPlan(entity=tau.mmo.domain.Player)
    - Returns
       - EntityReturnImpl(entity=tau.mmo.domain.Player, querySpaceUid=<gen:0>, path=tau.mmo.domain.Player)
          - CollectionAttributeFetchImpl(collection=tau.mmo.domain.Player.items, querySpaceUid=<gen:1>, path=tau.mmo.domain.Player.items)
             - (collection element) CollectionFetchableElementEntityGraph(entity=tau.mmo.domain.Item, querySpaceUid=<gen:2>, path=tau.mmo.domain.Player.items.<elements>)
    - QuerySpaces
       - EntityQuerySpaceImpl(uid=<gen:0>, entity=tau.mmo.domain.Player)
          - SQL table alias mapping - player0_
          - alias suffix - 0_
          - suffixed key columns - {id1_1_0_}

19:40:32.043 [main] DEBUG org.hibernate.loader.entity.plan.EntityLoader - Static select for entity tau.mmo.domain.Player [PESSIMISTIC_FORCE_INCREMENT]: select player0_.id as id1_1_0_, player0_.heroclass as heroclas2_1_0_, player0_.level as level3_1_0_, player0_.name as name4_1_0_ from player player0_ where player0_.id=? for update
19:40:32.043 [main] DEBUG org.hibernate.loader.plan.build.internal.spaces.QuerySpacesImpl - Adding QuerySpace : uid = <gen:0> -> org.hibernate.loader.plan.build.internal.spaces.EntityQuerySpaceImpl@3ffa0f38]
19:40:32.043 [main] DEBUG org.hibernate.persister.walking.spi.MetamodelGraphWalker - Visiting attribute path : heroclass
19:40:32.043 [main] DEBUG org.hibernate.persister.walking.spi.MetamodelGraphWalker - Visiting attribute path : items
19:40:32.043 [main] DEBUG org.hibernate.loader.plan.build.internal.spaces.QuerySpacesImpl - Adding QuerySpace : uid = <gen:1> -> org.hibernate.loader.plan.build.internal.spaces.CollectionQuerySpaceImpl@24a7d3d3]
19:40:32.043 [main] DEBUG org.hibernate.loader.plan.build.internal.spaces.QuerySpacesImpl - Adding QuerySpace : uid = <gen:2> -> org.hibernate.loader.plan.build.internal.spaces.EntityQuerySpaceImpl@43fbc2bf]
19:40:32.043 [main] DEBUG org.hibernate.persister.walking.spi.MetamodelGraphWalker - Visiting attribute path : level
19:40:32.043 [main] DEBUG org.hibernate.persister.walking.spi.MetamodelGraphWalker - Visiting attribute path : name
19:40:32.043 [main] DEBUG org.hibernate.loader.plan.build.internal.FetchStyleLoadPlanBuildingAssociationVisitationStrategy - Building LoadPlan...
19:40:32.043 [main] DEBUG org.hibernate.loader.plan.exec.internal.LoadQueryJoinAndFetchProcessor - processing queryspace <gen:0>
19:40:32.044 [main] DEBUG org.hibernate.loader.plan.build.spi.LoadPlanTreePrinter - LoadPlan(entity=tau.mmo.domain.Player)
    - Returns
       - EntityReturnImpl(entity=tau.mmo.domain.Player, querySpaceUid=<gen:0>, path=tau.mmo.domain.Player)
          - CollectionAttributeFetchImpl(collection=tau.mmo.domain.Player.items, querySpaceUid=<gen:1>, path=tau.mmo.domain.Player.items)
             - (collection element) CollectionFetchableElementEntityGraph(entity=tau.mmo.domain.Item, querySpaceUid=<gen:2>, path=tau.mmo.domain.Player.items.<elements>)
    - QuerySpaces
       - EntityQuerySpaceImpl(uid=<gen:0>, entity=tau.mmo.domain.Player)
          - SQL table alias mapping - player0_
          - alias suffix - 0_
          - suffixed key columns - {id1_1_0_}

19:40:32.044 [main] DEBUG org.hibernate.loader.entity.plan.EntityLoader - Static select for entity tau.mmo.domain.Player [OPTIMISTIC]: select player0_.id as id1_1_0_, player0_.heroclass as heroclas2_1_0_, player0_.level as level3_1_0_, player0_.name as name4_1_0_ from player player0_ where player0_.id=?
19:40:32.045 [main] DEBUG org.hibernate.loader.plan.build.internal.spaces.QuerySpacesImpl - Adding QuerySpace : uid = <gen:0> -> org.hibernate.loader.plan.build.internal.spaces.EntityQuerySpaceImpl@440461ef]
19:40:32.045 [main] DEBUG org.hibernate.persister.walking.spi.MetamodelGraphWalker - Visiting attribute path : heroclass
19:40:32.045 [main] DEBUG org.hibernate.persister.walking.spi.MetamodelGraphWalker - Visiting attribute path : items
19:40:32.045 [main] DEBUG org.hibernate.loader.plan.build.internal.spaces.QuerySpacesImpl - Adding QuerySpace : uid = <gen:1> -> org.hibernate.loader.plan.build.internal.spaces.CollectionQuerySpaceImpl@49c13ecd]
19:40:32.045 [main] DEBUG org.hibernate.loader.plan.build.internal.spaces.QuerySpacesImpl - Adding QuerySpace : uid = <gen:2> -> org.hibernate.loader.plan.build.internal.spaces.EntityQuerySpaceImpl@2f4545c6]
19:40:32.045 [main] DEBUG org.hibernate.persister.walking.spi.MetamodelGraphWalker - Visiting attribute path : level
19:40:32.045 [main] DEBUG org.hibernate.persister.walking.spi.MetamodelGraphWalker - Visiting attribute path : name
19:40:32.045 [main] DEBUG org.hibernate.loader.plan.build.internal.FetchStyleLoadPlanBuildingAssociationVisitationStrategy - Building LoadPlan...
19:40:32.046 [main] DEBUG org.hibernate.loader.plan.exec.internal.LoadQueryJoinAndFetchProcessor - processing queryspace <gen:0>
19:40:32.046 [main] DEBUG org.hibernate.loader.plan.build.spi.LoadPlanTreePrinter - LoadPlan(entity=tau.mmo.domain.Player)
    - Returns
       - EntityReturnImpl(entity=tau.mmo.domain.Player, querySpaceUid=<gen:0>, path=tau.mmo.domain.Player)
          - CollectionAttributeFetchImpl(collection=tau.mmo.domain.Player.items, querySpaceUid=<gen:1>, path=tau.mmo.domain.Player.items)
             - (collection element) CollectionFetchableElementEntityGraph(entity=tau.mmo.domain.Item, querySpaceUid=<gen:2>, path=tau.mmo.domain.Player.items.<elements>)
    - QuerySpaces
       - EntityQuerySpaceImpl(uid=<gen:0>, entity=tau.mmo.domain.Player)
          - SQL table alias mapping - player0_
          - alias suffix - 0_
          - suffixed key columns - {id1_1_0_}

19:40:32.046 [main] DEBUG org.hibernate.loader.entity.plan.EntityLoader - Static select for entity tau.mmo.domain.Player [OPTIMISTIC_FORCE_INCREMENT]: select player0_.id as id1_1_0_, player0_.heroclass as heroclas2_1_0_, player0_.level as level3_1_0_, player0_.name as name4_1_0_ from player player0_ where player0_.id=?
19:40:32.046 [main] DEBUG org.hibernate.loader.Loader - Static select for action ACTION_MERGE on entity tau.mmo.domain.Player: select player0_.id as id1_1_0_, player0_.heroclass as heroclas2_1_0_, player0_.level as level3_1_0_, player0_.name as name4_1_0_ from player player0_ where player0_.id=?
19:40:32.046 [main] DEBUG org.hibernate.loader.Loader - Static select for action ACTION_REFRESH on entity tau.mmo.domain.Player: select player0_.id as id1_1_0_, player0_.heroclass as heroclas2_1_0_, player0_.level as level3_1_0_, player0_.name as name4_1_0_ from player player0_ where player0_.id=?
19:40:32.047 [main] DEBUG org.hibernate.loader.plan.build.internal.spaces.QuerySpacesImpl - Adding QuerySpace : uid = <gen:0> -> org.hibernate.loader.plan.build.internal.spaces.CollectionQuerySpaceImpl@482942d8]
19:40:32.047 [main] DEBUG org.hibernate.loader.plan.build.internal.spaces.QuerySpacesImpl - Adding QuerySpace : uid = <gen:1> -> org.hibernate.loader.plan.build.internal.spaces.EntityQuerySpaceImpl@2cd52eda]
19:40:32.047 [main] DEBUG org.hibernate.persister.walking.spi.MetamodelGraphWalker - Visiting attribute path : itemclass
19:40:32.047 [main] DEBUG org.hibernate.persister.walking.spi.MetamodelGraphWalker - Visiting attribute path : levelreq
19:40:32.047 [main] DEBUG org.hibernate.persister.walking.spi.MetamodelGraphWalker - Visiting attribute path : name
19:40:32.047 [main] DEBUG org.hibernate.persister.walking.spi.MetamodelGraphWalker - Visiting attribute path : player
19:40:32.047 [main] DEBUG org.hibernate.persister.walking.spi.MetamodelGraphWalker - Property path deemed to be circular : player
19:40:32.047 [main] DEBUG org.hibernate.loader.plan.build.internal.FetchStyleLoadPlanBuildingAssociationVisitationStrategy - Building LoadPlan...
19:40:32.047 [main] DEBUG org.hibernate.loader.plan.exec.internal.LoadQueryJoinAndFetchProcessor - processing queryspace <gen:0>
19:40:32.047 [main] DEBUG org.hibernate.loader.plan.build.spi.LoadPlanTreePrinter - LoadPlan(collection=tau.mmo.domain.Player.items)
    - Returns
       - CollectionReturnImpl(collection=tau.mmo.domain.Player.items, querySpaceUid=<gen:0>, path=[tau.mmo.domain.Player.items])
          - (collection element) CollectionFetchableElementEntityGraph(entity=tau.mmo.domain.Item, querySpaceUid=<gen:1>, path=[tau.mmo.domain.Player.items].<elements>)
    - QuerySpaces
       - CollectionQuerySpaceImpl(uid=<gen:0>, collection=tau.mmo.domain.Player.items)
          - SQL table alias mapping - items0_
          - alias suffix - 0_
          - suffixed key columns - {player_i5_0_0_}
          - entity-element alias suffix - 1_
          - 1_entity-element suffixed key columns - id1_0_1_
          - JOIN (JoinDefinedByMetadata(elements)) : <gen:0> -> <gen:1>
             - EntityQuerySpaceImpl(uid=<gen:1>, entity=tau.mmo.domain.Item)
                - SQL table alias mapping - items0_
                - alias suffix - 1_
                - suffixed key columns - {id1_0_1_}

19:40:32.047 [main] DEBUG org.hibernate.loader.collection.plan.CollectionLoader - Static select for collection tau.mmo.domain.Player.items: select items0_.player_id as player_i5_0_0_, items0_.id as id1_0_0_, items0_.id as id1_0_1_, items0_.itemclass as itemclas2_0_1_, items0_.levelreq as levelreq3_0_1_, items0_.name as name4_0_1_, items0_.player_id as player_i5_0_1_ from item items0_ where items0_.player_id=?
19:40:32.047 [main] DEBUG org.hibernate.internal.SessionFactoryImpl - Instantiated session factory
19:40:32.048 [main] DEBUG org.springframework.jdbc.datasource.DriverManagerDataSource - Creating new JDBC DriverManager Connection to [jdbc:hsqldb:hsql://localhost/workdb]
19:40:32.049 [main] DEBUG org.hibernate.engine.jdbc.spi.SqlExceptionHelper - Unable to open JDBC Connection for DDL execution [n/a]
java.sql.SQLTransientConnectionException: java.net.ConnectException: Połączenie odrzucone (Connection refused)
	at org.hsqldb.jdbc.JDBCUtil.sqlException(Unknown Source)
	at org.hsqldb.jdbc.JDBCUtil.sqlException(Unknown Source)
	at org.hsqldb.jdbc.JDBCConnection.<init>(Unknown Source)
	at org.hsqldb.jdbc.JDBCDriver.getConnection(Unknown Source)
	at org.hsqldb.jdbc.JDBCDriver.connect(Unknown Source)
	at java.sql/java.sql.DriverManager.getConnection(DriverManager.java:677)
	at java.sql/java.sql.DriverManager.getConnection(DriverManager.java:189)
	at org.springframework.jdbc.datasource.DriverManagerDataSource.getConnectionFromDriverManager(DriverManagerDataSource.java:154)
	at org.springframework.jdbc.datasource.DriverManagerDataSource.getConnectionFromDriver(DriverManagerDataSource.java:145)
	at org.springframework.jdbc.datasource.AbstractDriverBasedDataSource.getConnectionFromDriver(AbstractDriverBasedDataSource.java:205)
	at org.springframework.jdbc.datasource.AbstractDriverBasedDataSource.getConnection(AbstractDriverBasedDataSource.java:169)
	at org.hibernate.engine.jdbc.connections.internal.DatasourceConnectionProviderImpl.getConnection(DatasourceConnectionProviderImpl.java:122)
	at org.hibernate.engine.jdbc.env.internal.JdbcEnvironmentInitiator$ConnectionProviderJdbcConnectionAccess.obtainConnection(JdbcEnvironmentInitiator.java:180)
	at org.hibernate.resource.transaction.backend.jdbc.internal.DdlTransactionIsolatorNonJtaImpl.getIsolatedConnection(DdlTransactionIsolatorNonJtaImpl.java:43)
	at org.hibernate.tool.schema.internal.exec.ImprovedExtractionContextImpl.getJdbcConnection(ImprovedExtractionContextImpl.java:60)
	at org.hibernate.tool.schema.extract.internal.SequenceInformationExtractorLegacyImpl.extractMetadata(SequenceInformationExtractorLegacyImpl.java:40)
	at org.hibernate.tool.schema.extract.internal.DatabaseInformationImpl.initializeSequences(DatabaseInformationImpl.java:65)
	at org.hibernate.tool.schema.extract.internal.DatabaseInformationImpl.<init>(DatabaseInformationImpl.java:59)
	at org.hibernate.tool.schema.internal.Helper.buildDatabaseInformation(Helper.java:130)
	at org.hibernate.tool.schema.internal.AbstractSchemaMigrator.doMigration(AbstractSchemaMigrator.java:92)
	at org.hibernate.tool.schema.spi.SchemaManagementToolCoordinator.performDatabaseAction(SchemaManagementToolCoordinator.java:176)
	at org.hibernate.tool.schema.spi.SchemaManagementToolCoordinator.process(SchemaManagementToolCoordinator.java:65)
	at org.hibernate.internal.SessionFactoryImpl.<init>(SessionFactoryImpl.java:459)
	at org.hibernate.boot.internal.SessionFactoryBuilderImpl.build(SessionFactoryBuilderImpl.java:465)
	at org.hibernate.cfg.Configuration.buildSessionFactory(Configuration.java:711)
	at org.hibernate.cfg.Configuration.buildSessionFactory(Configuration.java:727)
	at org.springframework.orm.hibernate5.LocalSessionFactoryBean.buildSessionFactory(LocalSessionFactoryBean.java:615)
	at org.springframework.orm.hibernate5.LocalSessionFactoryBean.afterPropertiesSet(LocalSessionFactoryBean.java:599)
	at org.springframework.beans.factory.support.AbstractAutowireCapableBeanFactory.invokeInitMethods(AbstractAutowireCapableBeanFactory.java:1837)
	at org.springframework.beans.factory.support.AbstractAutowireCapableBeanFactory.initializeBean(AbstractAutowireCapableBeanFactory.java:1774)
	at org.springframework.beans.factory.support.AbstractAutowireCapableBeanFactory.doCreateBean(AbstractAutowireCapableBeanFactory.java:593)
	at org.springframework.beans.factory.support.AbstractAutowireCapableBeanFactory.createBean(AbstractAutowireCapableBeanFactory.java:515)
	at org.springframework.beans.factory.support.AbstractBeanFactory.lambda$doGetBean$0(AbstractBeanFactory.java:320)
	at org.springframework.beans.factory.support.DefaultSingletonBeanRegistry.getSingleton(DefaultSingletonBeanRegistry.java:222)
	at org.springframework.beans.factory.support.AbstractBeanFactory.doGetBean(AbstractBeanFactory.java:318)
	at org.springframework.beans.factory.support.AbstractBeanFactory.getBean(AbstractBeanFactory.java:199)
	at org.springframework.beans.factory.config.DependencyDescriptor.resolveCandidate(DependencyDescriptor.java:277)
	at org.springframework.beans.factory.support.DefaultListableBeanFactory.doResolveDependency(DefaultListableBeanFactory.java:1247)
	at org.springframework.beans.factory.support.DefaultListableBeanFactory.resolveDependency(DefaultListableBeanFactory.java:1167)
	at org.springframework.beans.factory.annotation.AutowiredAnnotationBeanPostProcessor$AutowiredFieldElement.inject(AutowiredAnnotationBeanPostProcessor.java:593)
	at org.springframework.beans.factory.annotation.InjectionMetadata.inject(InjectionMetadata.java:90)
	at org.springframework.beans.factory.annotation.AutowiredAnnotationBeanPostProcessor.postProcessProperties(AutowiredAnnotationBeanPostProcessor.java:374)
	at org.springframework.beans.factory.support.AbstractAutowireCapableBeanFactory.populateBean(AbstractAutowireCapableBeanFactory.java:1411)
	at org.springframework.beans.factory.support.AbstractAutowireCapableBeanFactory.doCreateBean(AbstractAutowireCapableBeanFactory.java:592)
	at org.springframework.beans.factory.support.AbstractAutowireCapableBeanFactory.createBean(AbstractAutowireCapableBeanFactory.java:515)
	at org.springframework.beans.factory.support.AbstractBeanFactory.lambda$doGetBean$0(AbstractBeanFactory.java:320)
	at org.springframework.beans.factory.support.DefaultSingletonBeanRegistry.getSingleton(DefaultSingletonBeanRegistry.java:222)
	at org.springframework.beans.factory.support.AbstractBeanFactory.doGetBean(AbstractBeanFactory.java:318)
	at org.springframework.beans.factory.support.AbstractBeanFactory.getBean(AbstractBeanFactory.java:199)
	at org.springframework.beans.factory.config.DependencyDescriptor.resolveCandidate(DependencyDescriptor.java:277)
	at org.springframework.beans.factory.support.DefaultListableBeanFactory.doResolveDependency(DefaultListableBeanFactory.java:1247)
	at org.springframework.beans.factory.support.DefaultListableBeanFactory.resolveDependency(DefaultListableBeanFactory.java:1167)
	at org.springframework.beans.factory.annotation.AutowiredAnnotationBeanPostProcessor$AutowiredFieldElement.inject(AutowiredAnnotationBeanPostProcessor.java:593)
	at org.springframework.beans.factory.annotation.InjectionMetadata.inject(InjectionMetadata.java:90)
	at org.springframework.beans.factory.annotation.AutowiredAnnotationBeanPostProcessor.postProcessProperties(AutowiredAnnotationBeanPostProcessor.java:374)
	at org.springframework.beans.factory.support.AbstractAutowireCapableBeanFactory.populateBean(AbstractAutowireCapableBeanFactory.java:1411)
	at org.springframework.beans.factory.support.AbstractAutowireCapableBeanFactory.doCreateBean(AbstractAutowireCapableBeanFactory.java:592)
	at org.springframework.beans.factory.support.AbstractAutowireCapableBeanFactory.createBean(AbstractAutowireCapableBeanFactory.java:515)
	at org.springframework.beans.factory.support.AbstractBeanFactory.lambda$doGetBean$0(AbstractBeanFactory.java:320)
	at org.springframework.beans.factory.support.DefaultSingletonBeanRegistry.getSingleton(DefaultSingletonBeanRegistry.java:222)
	at org.springframework.beans.factory.support.AbstractBeanFactory.doGetBean(AbstractBeanFactory.java:318)
	at org.springframework.beans.factory.support.AbstractBeanFactory.getBean(AbstractBeanFactory.java:199)
	at org.springframework.beans.factory.support.DefaultListableBeanFactory.preInstantiateSingletons(DefaultListableBeanFactory.java:849)
	at org.springframework.context.support.AbstractApplicationContext.finishBeanFactoryInitialization(AbstractApplicationContext.java:877)
	at org.springframework.context.support.AbstractApplicationContext.refresh(AbstractApplicationContext.java:549)
	at org.springframework.test.context.support.AbstractGenericContextLoader.loadContext(AbstractGenericContextLoader.java:128)
	at org.springframework.test.context.support.AbstractGenericContextLoader.loadContext(AbstractGenericContextLoader.java:60)
	at org.springframework.test.context.support.AbstractDelegatingSmartContextLoader.delegateLoading(AbstractDelegatingSmartContextLoader.java:275)
	at org.springframework.test.context.support.AbstractDelegatingSmartContextLoader.loadContext(AbstractDelegatingSmartContextLoader.java:243)
	at org.springframework.test.context.cache.DefaultCacheAwareContextLoaderDelegate.loadContextInternal(DefaultCacheAwareContextLoaderDelegate.java:99)
	at org.springframework.test.context.cache.DefaultCacheAwareContextLoaderDelegate.loadContext(DefaultCacheAwareContextLoaderDelegate.java:117)
	at org.springframework.test.context.support.DefaultTestContext.getApplicationContext(DefaultTestContext.java:108)
	at org.springframework.test.context.support.DependencyInjectionTestExecutionListener.injectDependencies(DependencyInjectionTestExecutionListener.java:118)
	at org.springframework.test.context.support.DependencyInjectionTestExecutionListener.prepareTestInstance(DependencyInjectionTestExecutionListener.java:83)
	at org.springframework.test.context.TestContextManager.prepareTestInstance(TestContextManager.java:246)
	at org.springframework.test.context.junit4.SpringJUnit4ClassRunner.createTest(SpringJUnit4ClassRunner.java:227)
	at org.springframework.test.context.junit4.SpringJUnit4ClassRunner$1.runReflectiveCall(SpringJUnit4ClassRunner.java:289)
	at org.junit.internal.runners.model.ReflectiveCallable.run(ReflectiveCallable.java:12)
	at org.springframework.test.context.junit4.SpringJUnit4ClassRunner.methodBlock(SpringJUnit4ClassRunner.java:291)
	at org.springframework.test.context.junit4.SpringJUnit4ClassRunner.runChild(SpringJUnit4ClassRunner.java:246)
	at org.springframework.test.context.junit4.SpringJUnit4ClassRunner.runChild(SpringJUnit4ClassRunner.java:97)
	at org.junit.runners.ParentRunner$3.run(ParentRunner.java:290)
	at org.junit.runners.ParentRunner$1.schedule(ParentRunner.java:71)
	at org.junit.runners.ParentRunner.runChildren(ParentRunner.java:288)
	at org.junit.runners.ParentRunner.access$000(ParentRunner.java:58)
	at org.junit.runners.ParentRunner$2.evaluate(ParentRunner.java:268)
	at org.springframework.test.context.junit4.statements.RunBeforeTestClassCallbacks.evaluate(RunBeforeTestClassCallbacks.java:61)
	at org.springframework.test.context.junit4.statements.RunAfterTestClassCallbacks.evaluate(RunAfterTestClassCallbacks.java:70)
	at org.junit.runners.ParentRunner.run(ParentRunner.java:363)
	at org.springframework.test.context.junit4.SpringJUnit4ClassRunner.run(SpringJUnit4ClassRunner.java:190)
	at org.apache.maven.surefire.junit4.JUnit4Provider.execute(JUnit4Provider.java:365)
	at org.apache.maven.surefire.junit4.JUnit4Provider.executeWithRerun(JUnit4Provider.java:273)
	at org.apache.maven.surefire.junit4.JUnit4Provider.executeTestSet(JUnit4Provider.java:238)
	at org.apache.maven.surefire.junit4.JUnit4Provider.invoke(JUnit4Provider.java:159)
	at org.apache.maven.surefire.booter.ForkedBooter.invokeProviderInSameClassLoader(ForkedBooter.java:384)
	at org.apache.maven.surefire.booter.ForkedBooter.runSuitesInProcess(ForkedBooter.java:345)
	at org.apache.maven.surefire.booter.ForkedBooter.execute(ForkedBooter.java:126)
	at org.apache.maven.surefire.booter.ForkedBooter.main(ForkedBooter.java:418)
Caused by: org.hsqldb.HsqlException: java.net.ConnectException: Połączenie odrzucone (Connection refused)
	at org.hsqldb.ClientConnection.openConnection(Unknown Source)
	at org.hsqldb.ClientConnection.initConnection(Unknown Source)
	at org.hsqldb.ClientConnection.<init>(Unknown Source)
	... 96 common frames omitted
Caused by: java.net.ConnectException: Połączenie odrzucone (Connection refused)
	at java.base/java.net.PlainSocketImpl.socketConnect(Native Method)
	at java.base/java.net.AbstractPlainSocketImpl.doConnect(AbstractPlainSocketImpl.java:399)
	at java.base/java.net.AbstractPlainSocketImpl.connectToAddress(AbstractPlainSocketImpl.java:242)
	at java.base/java.net.AbstractPlainSocketImpl.connect(AbstractPlainSocketImpl.java:224)
	at java.base/java.net.SocksSocketImpl.connect(SocksSocketImpl.java:403)
	at java.base/java.net.Socket.connect(Socket.java:591)
	at java.base/java.net.Socket.connect(Socket.java:540)
	at java.base/java.net.Socket.<init>(Socket.java:436)
	at java.base/java.net.Socket.<init>(Socket.java:213)
	at org.hsqldb.server.HsqlSocketFactory.createSocket(Unknown Source)
	... 99 common frames omitted
19:40:32.049 [main] WARN org.hibernate.engine.jdbc.spi.SqlExceptionHelper - SQL Error: -1301, SQLState: 08001
19:40:32.049 [main] ERROR org.hibernate.engine.jdbc.spi.SqlExceptionHelper - java.net.ConnectException: Połączenie odrzucone (Connection refused)
19:40:32.049 [main] WARN org.springframework.context.support.GenericApplicationContext - Exception encountered during context initialization - cancelling refresh attempt: org.springframework.beans.factory.UnsatisfiedDependencyException: Error creating bean with name 'playerController': Unsatisfied dependency expressed through field 'playerManager'; nested exception is org.springframework.beans.factory.UnsatisfiedDependencyException: Error creating bean with name 'playerManagerHibernateImpl': Unsatisfied dependency expressed through field 'sessionFactory'; nested exception is org.springframework.beans.factory.BeanCreationException: Error creating bean with name 'hibernateSessionFactory' defined in class path resource [beans.xml]: Invocation of init method failed; nested exception is org.hibernate.exception.JDBCConnectionException: Unable to open JDBC Connection for DDL execution
19:40:32.050 [main] ERROR org.springframework.test.context.TestContextManager - Caught exception while allowing TestExecutionListener [org.springframework.test.context.support.DependencyInjectionTestExecutionListener@6a400542] to prepare test instance [tau.mmo.service.PlayerManagerTest@1987807b]
java.lang.IllegalStateException: Failed to load ApplicationContext
	at org.springframework.test.context.cache.DefaultCacheAwareContextLoaderDelegate.loadContext(DefaultCacheAwareContextLoaderDelegate.java:125)
	at org.springframework.test.context.support.DefaultTestContext.getApplicationContext(DefaultTestContext.java:108)
	at org.springframework.test.context.support.DependencyInjectionTestExecutionListener.injectDependencies(DependencyInjectionTestExecutionListener.java:118)
	at org.springframework.test.context.support.DependencyInjectionTestExecutionListener.prepareTestInstance(DependencyInjectionTestExecutionListener.java:83)
	at org.springframework.test.context.TestContextManager.prepareTestInstance(TestContextManager.java:246)
	at org.springframework.test.context.junit4.SpringJUnit4ClassRunner.createTest(SpringJUnit4ClassRunner.java:227)
	at org.springframework.test.context.junit4.SpringJUnit4ClassRunner$1.runReflectiveCall(SpringJUnit4ClassRunner.java:289)
	at org.junit.internal.runners.model.ReflectiveCallable.run(ReflectiveCallable.java:12)
	at org.springframework.test.context.junit4.SpringJUnit4ClassRunner.methodBlock(SpringJUnit4ClassRunner.java:291)
	at org.springframework.test.context.junit4.SpringJUnit4ClassRunner.runChild(SpringJUnit4ClassRunner.java:246)
	at org.springframework.test.context.junit4.SpringJUnit4ClassRunner.runChild(SpringJUnit4ClassRunner.java:97)
	at org.junit.runners.ParentRunner$3.run(ParentRunner.java:290)
	at org.junit.runners.ParentRunner$1.schedule(ParentRunner.java:71)
	at org.junit.runners.ParentRunner.runChildren(ParentRunner.java:288)
	at org.junit.runners.ParentRunner.access$000(ParentRunner.java:58)
	at org.junit.runners.ParentRunner$2.evaluate(ParentRunner.java:268)
	at org.springframework.test.context.junit4.statements.RunBeforeTestClassCallbacks.evaluate(RunBeforeTestClassCallbacks.java:61)
	at org.springframework.test.context.junit4.statements.RunAfterTestClassCallbacks.evaluate(RunAfterTestClassCallbacks.java:70)
	at org.junit.runners.ParentRunner.run(ParentRunner.java:363)
	at org.springframework.test.context.junit4.SpringJUnit4ClassRunner.run(SpringJUnit4ClassRunner.java:190)
	at org.apache.maven.surefire.junit4.JUnit4Provider.execute(JUnit4Provider.java:365)
	at org.apache.maven.surefire.junit4.JUnit4Provider.executeWithRerun(JUnit4Provider.java:273)
	at org.apache.maven.surefire.junit4.JUnit4Provider.executeTestSet(JUnit4Provider.java:238)
	at org.apache.maven.surefire.junit4.JUnit4Provider.invoke(JUnit4Provider.java:159)
	at org.apache.maven.surefire.booter.ForkedBooter.invokeProviderInSameClassLoader(ForkedBooter.java:384)
	at org.apache.maven.surefire.booter.ForkedBooter.runSuitesInProcess(ForkedBooter.java:345)
	at org.apache.maven.surefire.booter.ForkedBooter.execute(ForkedBooter.java:126)
	at org.apache.maven.surefire.booter.ForkedBooter.main(ForkedBooter.java:418)
Caused by: org.springframework.beans.factory.UnsatisfiedDependencyException: Error creating bean with name 'playerController': Unsatisfied dependency expressed through field 'playerManager'; nested exception is org.springframework.beans.factory.UnsatisfiedDependencyException: Error creating bean with name 'playerManagerHibernateImpl': Unsatisfied dependency expressed through field 'sessionFactory'; nested exception is org.springframework.beans.factory.BeanCreationException: Error creating bean with name 'hibernateSessionFactory' defined in class path resource [beans.xml]: Invocation of init method failed; nested exception is org.hibernate.exception.JDBCConnectionException: Unable to open JDBC Connection for DDL execution
	at org.springframework.beans.factory.annotation.AutowiredAnnotationBeanPostProcessor$AutowiredFieldElement.inject(AutowiredAnnotationBeanPostProcessor.java:596)
	at org.springframework.beans.factory.annotation.InjectionMetadata.inject(InjectionMetadata.java:90)
	at org.springframework.beans.factory.annotation.AutowiredAnnotationBeanPostProcessor.postProcessProperties(AutowiredAnnotationBeanPostProcessor.java:374)
	at org.springframework.beans.factory.support.AbstractAutowireCapableBeanFactory.populateBean(AbstractAutowireCapableBeanFactory.java:1411)
	at org.springframework.beans.factory.support.AbstractAutowireCapableBeanFactory.doCreateBean(AbstractAutowireCapableBeanFactory.java:592)
	at org.springframework.beans.factory.support.AbstractAutowireCapableBeanFactory.createBean(AbstractAutowireCapableBeanFactory.java:515)
	at org.springframework.beans.factory.support.AbstractBeanFactory.lambda$doGetBean$0(AbstractBeanFactory.java:320)
	at org.springframework.beans.factory.support.DefaultSingletonBeanRegistry.getSingleton(DefaultSingletonBeanRegistry.java:222)
	at org.springframework.beans.factory.support.AbstractBeanFactory.doGetBean(AbstractBeanFactory.java:318)
	at org.springframework.beans.factory.support.AbstractBeanFactory.getBean(AbstractBeanFactory.java:199)
	at org.springframework.beans.factory.support.DefaultListableBeanFactory.preInstantiateSingletons(DefaultListableBeanFactory.java:849)
	at org.springframework.context.support.AbstractApplicationContext.finishBeanFactoryInitialization(AbstractApplicationContext.java:877)
	at org.springframework.context.support.AbstractApplicationContext.refresh(AbstractApplicationContext.java:549)
	at org.springframework.test.context.support.AbstractGenericContextLoader.loadContext(AbstractGenericContextLoader.java:128)
	at org.springframework.test.context.support.AbstractGenericContextLoader.loadContext(AbstractGenericContextLoader.java:60)
	at org.springframework.test.context.support.AbstractDelegatingSmartContextLoader.delegateLoading(AbstractDelegatingSmartContextLoader.java:275)
	at org.springframework.test.context.support.AbstractDelegatingSmartContextLoader.loadContext(AbstractDelegatingSmartContextLoader.java:243)
	at org.springframework.test.context.cache.DefaultCacheAwareContextLoaderDelegate.loadContextInternal(DefaultCacheAwareContextLoaderDelegate.java:99)
	at org.springframework.test.context.cache.DefaultCacheAwareContextLoaderDelegate.loadContext(DefaultCacheAwareContextLoaderDelegate.java:117)
	... 27 common frames omitted
Caused by: org.springframework.beans.factory.UnsatisfiedDependencyException: Error creating bean with name 'playerManagerHibernateImpl': Unsatisfied dependency expressed through field 'sessionFactory'; nested exception is org.springframework.beans.factory.BeanCreationException: Error creating bean with name 'hibernateSessionFactory' defined in class path resource [beans.xml]: Invocation of init method failed; nested exception is org.hibernate.exception.JDBCConnectionException: Unable to open JDBC Connection for DDL execution
	at org.springframework.beans.factory.annotation.AutowiredAnnotationBeanPostProcessor$AutowiredFieldElement.inject(AutowiredAnnotationBeanPostProcessor.java:596)
	at org.springframework.beans.factory.annotation.InjectionMetadata.inject(InjectionMetadata.java:90)
	at org.springframework.beans.factory.annotation.AutowiredAnnotationBeanPostProcessor.postProcessProperties(AutowiredAnnotationBeanPostProcessor.java:374)
	at org.springframework.beans.factory.support.AbstractAutowireCapableBeanFactory.populateBean(AbstractAutowireCapableBeanFactory.java:1411)
	at org.springframework.beans.factory.support.AbstractAutowireCapableBeanFactory.doCreateBean(AbstractAutowireCapableBeanFactory.java:592)
	at org.springframework.beans.factory.support.AbstractAutowireCapableBeanFactory.createBean(AbstractAutowireCapableBeanFactory.java:515)
	at org.springframework.beans.factory.support.AbstractBeanFactory.lambda$doGetBean$0(AbstractBeanFactory.java:320)
	at org.springframework.beans.factory.support.DefaultSingletonBeanRegistry.getSingleton(DefaultSingletonBeanRegistry.java:222)
	at org.springframework.beans.factory.support.AbstractBeanFactory.doGetBean(AbstractBeanFactory.java:318)
	at org.springframework.beans.factory.support.AbstractBeanFactory.getBean(AbstractBeanFactory.java:199)
	at org.springframework.beans.factory.config.DependencyDescriptor.resolveCandidate(DependencyDescriptor.java:277)
	at org.springframework.beans.factory.support.DefaultListableBeanFactory.doResolveDependency(DefaultListableBeanFactory.java:1247)
	at org.springframework.beans.factory.support.DefaultListableBeanFactory.resolveDependency(DefaultListableBeanFactory.java:1167)
	at org.springframework.beans.factory.annotation.AutowiredAnnotationBeanPostProcessor$AutowiredFieldElement.inject(AutowiredAnnotationBeanPostProcessor.java:593)
	... 45 common frames omitted
Caused by: org.springframework.beans.factory.BeanCreationException: Error creating bean with name 'hibernateSessionFactory' defined in class path resource [beans.xml]: Invocation of init method failed; nested exception is org.hibernate.exception.JDBCConnectionException: Unable to open JDBC Connection for DDL execution
	at org.springframework.beans.factory.support.AbstractAutowireCapableBeanFactory.initializeBean(AbstractAutowireCapableBeanFactory.java:1778)
	at org.springframework.beans.factory.support.AbstractAutowireCapableBeanFactory.doCreateBean(AbstractAutowireCapableBeanFactory.java:593)
	at org.springframework.beans.factory.support.AbstractAutowireCapableBeanFactory.createBean(AbstractAutowireCapableBeanFactory.java:515)
	at org.springframework.beans.factory.support.AbstractBeanFactory.lambda$doGetBean$0(AbstractBeanFactory.java:320)
	at org.springframework.beans.factory.support.DefaultSingletonBeanRegistry.getSingleton(DefaultSingletonBeanRegistry.java:222)
	at org.springframework.beans.factory.support.AbstractBeanFactory.doGetBean(AbstractBeanFactory.java:318)
	at org.springframework.beans.factory.support.AbstractBeanFactory.getBean(AbstractBeanFactory.java:199)
	at org.springframework.beans.factory.config.DependencyDescriptor.resolveCandidate(DependencyDescriptor.java:277)
	at org.springframework.beans.factory.support.DefaultListableBeanFactory.doResolveDependency(DefaultListableBeanFactory.java:1247)
	at org.springframework.beans.factory.support.DefaultListableBeanFactory.resolveDependency(DefaultListableBeanFactory.java:1167)
	at org.springframework.beans.factory.annotation.AutowiredAnnotationBeanPostProcessor$AutowiredFieldElement.inject(AutowiredAnnotationBeanPostProcessor.java:593)
	... 58 common frames omitted
Caused by: org.hibernate.exception.JDBCConnectionException: Unable to open JDBC Connection for DDL execution
	at org.hibernate.exception.internal.SQLExceptionTypeDelegate.convert(SQLExceptionTypeDelegate.java:48)
	at org.hibernate.exception.internal.StandardSQLExceptionConverter.convert(StandardSQLExceptionConverter.java:42)
	at org.hibernate.engine.jdbc.spi.SqlExceptionHelper.convert(SqlExceptionHelper.java:111)
	at org.hibernate.engine.jdbc.spi.SqlExceptionHelper.convert(SqlExceptionHelper.java:97)
	at org.hibernate.resource.transaction.backend.jdbc.internal.DdlTransactionIsolatorNonJtaImpl.getIsolatedConnection(DdlTransactionIsolatorNonJtaImpl.java:69)
	at org.hibernate.tool.schema.internal.exec.ImprovedExtractionContextImpl.getJdbcConnection(ImprovedExtractionContextImpl.java:60)
	at org.hibernate.tool.schema.extract.internal.SequenceInformationExtractorLegacyImpl.extractMetadata(SequenceInformationExtractorLegacyImpl.java:40)
	at org.hibernate.tool.schema.extract.internal.DatabaseInformationImpl.initializeSequences(DatabaseInformationImpl.java:65)
	at org.hibernate.tool.schema.extract.internal.DatabaseInformationImpl.<init>(DatabaseInformationImpl.java:59)
	at org.hibernate.tool.schema.internal.Helper.buildDatabaseInformation(Helper.java:130)
	at org.hibernate.tool.schema.internal.AbstractSchemaMigrator.doMigration(AbstractSchemaMigrator.java:92)
	at org.hibernate.tool.schema.spi.SchemaManagementToolCoordinator.performDatabaseAction(SchemaManagementToolCoordinator.java:176)
	at org.hibernate.tool.schema.spi.SchemaManagementToolCoordinator.process(SchemaManagementToolCoordinator.java:65)
	at org.hibernate.internal.SessionFactoryImpl.<init>(SessionFactoryImpl.java:459)
	at org.hibernate.boot.internal.SessionFactoryBuilderImpl.build(SessionFactoryBuilderImpl.java:465)
	at org.hibernate.cfg.Configuration.buildSessionFactory(Configuration.java:711)
	at org.hibernate.cfg.Configuration.buildSessionFactory(Configuration.java:727)
	at org.springframework.orm.hibernate5.LocalSessionFactoryBean.buildSessionFactory(LocalSessionFactoryBean.java:615)
	at org.springframework.orm.hibernate5.LocalSessionFactoryBean.afterPropertiesSet(LocalSessionFactoryBean.java:599)
	at org.springframework.beans.factory.support.AbstractAutowireCapableBeanFactory.invokeInitMethods(AbstractAutowireCapableBeanFactory.java:1837)
	at org.springframework.beans.factory.support.AbstractAutowireCapableBeanFactory.initializeBean(AbstractAutowireCapableBeanFactory.java:1774)
	... 68 common frames omitted
Caused by: java.sql.SQLTransientConnectionException: java.net.ConnectException: Połączenie odrzucone (Connection refused)
	at org.hsqldb.jdbc.JDBCUtil.sqlException(Unknown Source)
	at org.hsqldb.jdbc.JDBCUtil.sqlException(Unknown Source)
	at org.hsqldb.jdbc.JDBCConnection.<init>(Unknown Source)
	at org.hsqldb.jdbc.JDBCDriver.getConnection(Unknown Source)
	at org.hsqldb.jdbc.JDBCDriver.connect(Unknown Source)
	at java.sql/java.sql.DriverManager.getConnection(DriverManager.java:677)
	at java.sql/java.sql.DriverManager.getConnection(DriverManager.java:189)
	at org.springframework.jdbc.datasource.DriverManagerDataSource.getConnectionFromDriverManager(DriverManagerDataSource.java:154)
	at org.springframework.jdbc.datasource.DriverManagerDataSource.getConnectionFromDriver(DriverManagerDataSource.java:145)
	at org.springframework.jdbc.datasource.AbstractDriverBasedDataSource.getConnectionFromDriver(AbstractDriverBasedDataSource.java:205)
	at org.springframework.jdbc.datasource.AbstractDriverBasedDataSource.getConnection(AbstractDriverBasedDataSource.java:169)
	at org.hibernate.engine.jdbc.connections.internal.DatasourceConnectionProviderImpl.getConnection(DatasourceConnectionProviderImpl.java:122)
	at org.hibernate.engine.jdbc.env.internal.JdbcEnvironmentInitiator$ConnectionProviderJdbcConnectionAccess.obtainConnection(JdbcEnvironmentInitiator.java:180)
	at org.hibernate.resource.transaction.backend.jdbc.internal.DdlTransactionIsolatorNonJtaImpl.getIsolatedConnection(DdlTransactionIsolatorNonJtaImpl.java:43)
	... 84 common frames omitted
Caused by: org.hsqldb.HsqlException: java.net.ConnectException: Połączenie odrzucone (Connection refused)
	at org.hsqldb.ClientConnection.openConnection(Unknown Source)
	at org.hsqldb.ClientConnection.initConnection(Unknown Source)
	at org.hsqldb.ClientConnection.<init>(Unknown Source)
	... 96 common frames omitted
Caused by: java.net.ConnectException: Połączenie odrzucone (Connection refused)
	at java.base/java.net.PlainSocketImpl.socketConnect(Native Method)
	at java.base/java.net.AbstractPlainSocketImpl.doConnect(AbstractPlainSocketImpl.java:399)
	at java.base/java.net.AbstractPlainSocketImpl.connectToAddress(AbstractPlainSocketImpl.java:242)
	at java.base/java.net.AbstractPlainSocketImpl.connect(AbstractPlainSocketImpl.java:224)
	at java.base/java.net.SocksSocketImpl.connect(SocksSocketImpl.java:403)
	at java.base/java.net.Socket.connect(Socket.java:591)
	at java.base/java.net.Socket.connect(Socket.java:540)
	at java.base/java.net.Socket.<init>(Socket.java:436)
	at java.base/java.net.Socket.<init>(Socket.java:213)
	at org.hsqldb.server.HsqlSocketFactory.createSocket(Unknown Source)
	... 99 common frames omitted
]]></system-out>
  </testcase>
  <testcase name="deleteItemtoPlayer" classname="tau.mmo.service.PlayerManagerTest" time="0.011">
    <error message="Failed to load ApplicationContext" type="java.lang.IllegalStateException">java.lang.IllegalStateException: Failed to load ApplicationContext
Caused by: org.springframework.beans.factory.UnsatisfiedDependencyException: Error creating bean with name 'playerController': Unsatisfied dependency expressed through field 'playerManager'; nested exception is org.springframework.beans.factory.UnsatisfiedDependencyException: Error creating bean with name 'playerManagerHibernateImpl': Unsatisfied dependency expressed through field 'sessionFactory'; nested exception is org.springframework.beans.factory.BeanCreationException: Error creating bean with name 'hibernateSessionFactory' defined in class path resource [beans.xml]: Invocation of init method failed; nested exception is org.hibernate.exception.JDBCConnectionException: Unable to open JDBC Connection for DDL execution
Caused by: org.springframework.beans.factory.UnsatisfiedDependencyException: Error creating bean with name 'playerManagerHibernateImpl': Unsatisfied dependency expressed through field 'sessionFactory'; nested exception is org.springframework.beans.factory.BeanCreationException: Error creating bean with name 'hibernateSessionFactory' defined in class path resource [beans.xml]: Invocation of init method failed; nested exception is org.hibernate.exception.JDBCConnectionException: Unable to open JDBC Connection for DDL execution
Caused by: org.springframework.beans.factory.BeanCreationException: Error creating bean with name 'hibernateSessionFactory' defined in class path resource [beans.xml]: Invocation of init method failed; nested exception is org.hibernate.exception.JDBCConnectionException: Unable to open JDBC Connection for DDL execution
Caused by: org.hibernate.exception.JDBCConnectionException: Unable to open JDBC Connection for DDL execution
Caused by: java.sql.SQLTransientConnectionException: java.net.ConnectException: Połączenie odrzucone (Connection refused)
Caused by: org.hsqldb.HsqlException: java.net.ConnectException: Połączenie odrzucone (Connection refused)
Caused by: java.net.ConnectException: Połączenie odrzucone (Connection refused)
</error>
    <system-out><![CDATA[19:40:32.052 [main] DEBUG org.springframework.test.annotation.ProfileValueUtils - Retrieved @ProfileValueSourceConfiguration [null] for test class [tau.mmo.service.PlayerManagerTest]
19:40:32.052 [main] DEBUG org.springframework.test.annotation.ProfileValueUtils - Retrieved ProfileValueSource type [class org.springframework.test.annotation.SystemProfileValueSource] for class [tau.mmo.service.PlayerManagerTest]
19:40:32.052 [main] DEBUG org.springframework.test.context.support.DependencyInjectionTestExecutionListener - Performing dependency injection for test context [[DefaultTestContext@7ed7259e testClass = PlayerManagerTest, testInstance = tau.mmo.service.PlayerManagerTest@6b71e98f, testMethod = [null], testException = [null], mergedContextConfiguration = [MergedContextConfiguration@28eaa59a testClass = PlayerManagerTest, locations = '{classpath:/beans.xml}', classes = '{}', contextInitializerClasses = '[]', activeProfiles = '{}', propertySourceLocations = '{}', propertySourceProperties = '{}', contextCustomizers = set[org.springframework.boot.test.context.filter.ExcludeFilterContextCustomizer@6b4a4e18, org.springframework.boot.test.json.DuplicateJsonObjectContextCustomizerFactory$DuplicateJsonObjectContextCustomizer@402e37bc, org.springframework.boot.test.mock.mockito.MockitoContextCustomizer@0, org.springframework.boot.test.autoconfigure.properties.PropertyMappingContextCustomizer@0, org.springframework.boot.test.autoconfigure.web.servlet.WebDriverContextCustomizerFactory$Customizer@6973bf95], contextLoader = 'org.springframework.test.context.support.DelegatingSmartContextLoader', parent = [null]], attributes = map[[empty]]]].
19:40:32.052 [main] DEBUG org.springframework.test.context.support.AbstractDelegatingSmartContextLoader - Delegating to GenericXmlContextLoader to load context from [MergedContextConfiguration@28eaa59a testClass = PlayerManagerTest, locations = '{classpath:/beans.xml}', classes = '{}', contextInitializerClasses = '[]', activeProfiles = '{}', propertySourceLocations = '{}', propertySourceProperties = '{}', contextCustomizers = set[org.springframework.boot.test.context.filter.ExcludeFilterContextCustomizer@6b4a4e18, org.springframework.boot.test.json.DuplicateJsonObjectContextCustomizerFactory$DuplicateJsonObjectContextCustomizer@402e37bc, org.springframework.boot.test.mock.mockito.MockitoContextCustomizer@0, org.springframework.boot.test.autoconfigure.properties.PropertyMappingContextCustomizer@0, org.springframework.boot.test.autoconfigure.web.servlet.WebDriverContextCustomizerFactory$Customizer@6973bf95], contextLoader = 'org.springframework.test.context.support.DelegatingSmartContextLoader', parent = [null]].
19:40:32.052 [main] DEBUG org.springframework.test.context.support.AbstractGenericContextLoader - Loading ApplicationContext for merged context configuration [[MergedContextConfiguration@28eaa59a testClass = PlayerManagerTest, locations = '{classpath:/beans.xml}', classes = '{}', contextInitializerClasses = '[]', activeProfiles = '{}', propertySourceLocations = '{}', propertySourceProperties = '{}', contextCustomizers = set[org.springframework.boot.test.context.filter.ExcludeFilterContextCustomizer@6b4a4e18, org.springframework.boot.test.json.DuplicateJsonObjectContextCustomizerFactory$DuplicateJsonObjectContextCustomizer@402e37bc, org.springframework.boot.test.mock.mockito.MockitoContextCustomizer@0, org.springframework.boot.test.autoconfigure.properties.PropertyMappingContextCustomizer@0, org.springframework.boot.test.autoconfigure.web.servlet.WebDriverContextCustomizerFactory$Customizer@6973bf95], contextLoader = 'org.springframework.test.context.support.DelegatingSmartContextLoader', parent = [null]]].
19:40:32.054 [main] DEBUG org.springframework.core.env.StandardEnvironment - Activating profiles []
19:40:32.067 [main] DEBUG org.springframework.context.annotation.ClassPathBeanDefinitionScanner - Identified candidate component class: file [/home/whitewolf/tau/TAU-repozytorium/tau-mmo-jmeter/target/classes/tau/mmo/Application.class]
19:40:32.068 [main] DEBUG org.springframework.context.annotation.ClassPathBeanDefinitionScanner - Identified candidate component class: file [/home/whitewolf/tau/TAU-repozytorium/tau-mmo-jmeter/target/classes/tau/mmo/api/PlayerController.class]
19:40:32.068 [main] DEBUG org.springframework.context.annotation.ClassPathBeanDefinitionScanner - Identified candidate component class: file [/home/whitewolf/tau/TAU-repozytorium/tau-mmo-jmeter/target/classes/tau/mmo/service/PlayerManagerHibernateImpl.class]
19:40:32.069 [main] DEBUG org.springframework.beans.factory.xml.XmlBeanDefinitionReader - Loaded 12 bean definitions from class path resource [beans.xml]
19:40:32.069 [main] DEBUG org.springframework.context.support.GenericApplicationContext - Refreshing org.springframework.context.support.GenericApplicationContext@6ed7b9c5
19:40:32.070 [main] DEBUG org.springframework.beans.factory.support.DefaultListableBeanFactory - Creating shared instance of singleton bean 'org.springframework.context.annotation.internalConfigurationAnnotationProcessor'
19:40:32.072 [main] DEBUG org.springframework.context.annotation.ClassPathBeanDefinitionScanner - Identified candidate component class: file [/home/whitewolf/tau/TAU-repozytorium/tau-mmo-jmeter/target/classes/tau/mmo/api/PlayerController.class]
19:40:32.072 [main] DEBUG org.springframework.context.annotation.ClassPathBeanDefinitionScanner - Identified candidate component class: file [/home/whitewolf/tau/TAU-repozytorium/tau-mmo-jmeter/target/classes/tau/mmo/service/PlayerManagerHibernateImpl.class]
19:40:32.124 [main] DEBUG org.springframework.context.annotation.ClassPathBeanDefinitionScanner - Identified candidate component class: file [/home/whitewolf/tau/TAU-repozytorium/tau-mmo-jmeter/target/classes/tau/mmo/Application.class]
19:40:32.124 [main] DEBUG org.springframework.context.annotation.ClassPathBeanDefinitionScanner - Identified candidate component class: file [/home/whitewolf/tau/TAU-repozytorium/tau-mmo-jmeter/target/classes/tau/mmo/api/PlayerController.class]
19:40:32.124 [main] DEBUG org.springframework.context.annotation.ClassPathBeanDefinitionScanner - Identified candidate component class: file [/home/whitewolf/tau/TAU-repozytorium/tau-mmo-jmeter/target/classes/tau/mmo/service/PlayerManagerHibernateImpl.class]
19:40:32.124 [main] DEBUG org.springframework.beans.factory.xml.XmlBeanDefinitionReader - Loaded 0 bean definitions from class path resource [beans.xml]
19:40:32.125 [main] DEBUG org.springframework.beans.factory.support.DefaultListableBeanFactory - Creating shared instance of singleton bean 'org.springframework.boot.autoconfigure.condition.BeanTypeRegistry'
19:40:32.130 [main] INFO org.springframework.data.repository.config.RepositoryConfigurationDelegate - Bootstrapping Spring Data repositories in DEFAULT mode.
19:40:32.130 [main] DEBUG org.springframework.beans.factory.support.DefaultListableBeanFactory - Creating shared instance of singleton bean 'org.springframework.boot.autoconfigure.AutoConfigurationPackages'
19:40:32.130 [main] DEBUG org.springframework.boot.autoconfigure.AutoConfigurationPackages - @EnableAutoConfiguration was declared on a class in the package 'tau.mmo'. Automatic @Repository and @Entity scanning is enabled.
19:40:32.130 [main] DEBUG org.springframework.data.repository.config.RepositoryConfigurationDelegate - Scanning for repositories in packages tau.mmo.
19:40:32.131 [main] INFO org.springframework.data.repository.config.RepositoryConfigurationDelegate - Finished Spring Data repository scanning in 1ms. Found 0 repository interfaces.
19:40:32.139 [main] DEBUG org.springframework.beans.factory.support.DefaultListableBeanFactory - Creating shared instance of singleton bean 'propertySourcesPlaceholderConfigurer'
19:40:32.140 [main] DEBUG org.springframework.core.env.PropertySourcesPropertyResolver - Found key 'jdbc.driverClassName' in PropertySource 'class path resource [jdbc.properties]' with value of type String
19:40:32.140 [main] DEBUG org.springframework.core.env.PropertySourcesPropertyResolver - Found key 'jdbc.driverClassName' in PropertySource 'environmentProperties' with value of type String
19:40:32.140 [main] DEBUG org.springframework.core.env.PropertySourcesPropertyResolver - Found key 'jdbc.url' in PropertySource 'class path resource [jdbc.properties]' with value of type String
19:40:32.140 [main] DEBUG org.springframework.core.env.PropertySourcesPropertyResolver - Found key 'jdbc.url' in PropertySource 'environmentProperties' with value of type String
19:40:32.140 [main] DEBUG org.springframework.core.env.PropertySourcesPropertyResolver - Found key 'jdbc.username' in PropertySource 'class path resource [jdbc.properties]' with value of type String
19:40:32.140 [main] DEBUG org.springframework.core.env.PropertySourcesPropertyResolver - Found key 'jdbc.username' in PropertySource 'environmentProperties' with value of type String
19:40:32.140 [main] DEBUG org.springframework.core.env.PropertySourcesPropertyResolver - Found key 'jdbc.password' in PropertySource 'class path resource [jdbc.properties]' with value of type String
19:40:32.140 [main] DEBUG org.springframework.core.env.PropertySourcesPropertyResolver - Found key 'jdbc.password' in PropertySource 'environmentProperties' with value of type String
19:40:32.140 [main] DEBUG org.springframework.beans.factory.support.DefaultListableBeanFactory - Creating shared instance of singleton bean 'org.springframework.boot.test.mock.mockito.MockitoPostProcessor'
19:40:32.140 [main] DEBUG org.springframework.beans.factory.support.DefaultListableBeanFactory - Creating shared instance of singleton bean 'emBeanDefinitionRegistrarPostProcessor'
19:40:32.142 [main] DEBUG org.springframework.beans.factory.support.DefaultListableBeanFactory - Creating shared instance of singleton bean 'org.springframework.context.event.internalEventListenerProcessor'
19:40:32.142 [main] DEBUG org.springframework.beans.factory.support.DefaultListableBeanFactory - Creating shared instance of singleton bean 'org.springframework.boot.context.properties.ConfigurationBeanFactoryMetadata'
19:40:32.142 [main] DEBUG org.springframework.beans.factory.support.DefaultListableBeanFactory - Creating shared instance of singleton bean 'org.springframework.context.event.internalEventListenerFactory'
19:40:32.142 [main] DEBUG org.springframework.beans.factory.support.DefaultListableBeanFactory - Creating shared instance of singleton bean 'org.springframework.transaction.config.internalTransactionalEventListenerFactory'
19:40:32.143 [main] DEBUG org.springframework.beans.factory.support.DefaultListableBeanFactory - Creating shared instance of singleton bean 'org.springframework.context.annotation.internalAutowiredAnnotationProcessor'
19:40:32.143 [main] DEBUG org.springframework.beans.factory.support.DefaultListableBeanFactory - Creating shared instance of singleton bean 'org.springframework.context.annotation.internalCommonAnnotationProcessor'
19:40:32.143 [main] DEBUG org.springframework.beans.factory.support.DefaultListableBeanFactory - Creating shared instance of singleton bean 'org.springframework.context.annotation.internalPersistenceAnnotationProcessor'
19:40:32.143 [main] DEBUG org.springframework.beans.factory.support.DefaultListableBeanFactory - Creating shared instance of singleton bean 'org.springframework.boot.test.mock.mockito.MockitoPostProcessor$SpyPostProcessor'
19:40:32.143 [main] DEBUG org.springframework.beans.factory.support.DefaultListableBeanFactory - Creating shared instance of singleton bean 'org.springframework.boot.context.properties.ConfigurationPropertiesBindingPostProcessor'
19:40:32.144 [main] DEBUG org.springframework.beans.factory.support.DefaultListableBeanFactory - Creating shared instance of singleton bean 'methodValidationPostProcessor'
19:40:32.144 [main] DEBUG org.springframework.beans.factory.support.DefaultListableBeanFactory - Autowiring by type from bean name 'methodValidationPostProcessor' via factory method to bean named 'environment'
19:40:32.145 [main] DEBUG org.springframework.beans.factory.support.DefaultListableBeanFactory - Creating shared instance of singleton bean 'org.springframework.aop.config.internalAutoProxyCreator'
19:40:32.146 [main] DEBUG org.springframework.beans.factory.support.DefaultListableBeanFactory - Creating shared instance of singleton bean 'dataSourceInitializerPostProcessor'
19:40:32.146 [main] DEBUG org.springframework.beans.factory.support.DefaultListableBeanFactory - Creating shared instance of singleton bean 'persistenceExceptionTranslationPostProcessor'
19:40:32.147 [main] DEBUG org.springframework.beans.factory.support.DefaultListableBeanFactory - Autowiring by type from bean name 'persistenceExceptionTranslationPostProcessor' via factory method to bean named 'environment'
19:40:32.148 [main] DEBUG org.springframework.beans.factory.support.DefaultListableBeanFactory - Creating shared instance of singleton bean 'application'
19:40:32.148 [main] DEBUG org.springframework.beans.factory.support.DefaultListableBeanFactory - Creating shared instance of singleton bean 'org.springframework.transaction.config.internalTransactionAdvisor'
19:40:32.148 [main] DEBUG org.springframework.beans.factory.support.DefaultListableBeanFactory - Creating shared instance of singleton bean 'org.springframework.transaction.annotation.ProxyTransactionManagementConfiguration'
19:40:32.150 [main] DEBUG org.springframework.beans.factory.support.DefaultListableBeanFactory - Creating shared instance of singleton bean 'transactionAttributeSource'
19:40:32.151 [main] DEBUG org.springframework.beans.factory.support.DefaultListableBeanFactory - Creating shared instance of singleton bean 'transactionInterceptor'
19:40:32.153 [main] DEBUG org.springframework.beans.factory.support.DefaultListableBeanFactory - Creating shared instance of singleton bean 'playerController'
19:40:32.153 [main] DEBUG org.springframework.beans.factory.support.DefaultListableBeanFactory - Creating shared instance of singleton bean 'playerManagerHibernateImpl'
19:40:32.154 [main] DEBUG org.springframework.beans.factory.support.DefaultListableBeanFactory - Creating shared instance of singleton bean 'hibernateSessionFactory'
19:40:32.155 [main] DEBUG org.springframework.beans.factory.support.DefaultListableBeanFactory - Creating shared instance of singleton bean 'dataSource'
19:40:32.155 [main] DEBUG org.springframework.jdbc.datasource.DriverManagerDataSource - Loaded JDBC driver: org.hsqldb.jdbcDriver
19:40:32.156 [main] DEBUG org.springframework.beans.factory.support.DefaultListableBeanFactory - Creating shared instance of singleton bean 'org.springframework.boot.autoconfigure.jdbc.DataSourceInitializerInvoker'
19:40:32.157 [main] DEBUG org.springframework.beans.factory.support.DefaultListableBeanFactory - Creating shared instance of singleton bean 'spring.datasource-org.springframework.boot.autoconfigure.jdbc.DataSourceProperties'
19:40:32.160 [main] DEBUG org.springframework.beans.factory.support.DefaultListableBeanFactory - Autowiring by type from bean name 'org.springframework.boot.autoconfigure.jdbc.DataSourceInitializerInvoker' via constructor to bean named 'spring.datasource-org.springframework.boot.autoconfigure.jdbc.DataSourceProperties'
19:40:32.160 [main] DEBUG org.springframework.beans.factory.support.DefaultListableBeanFactory - Autowiring by type from bean name 'org.springframework.boot.autoconfigure.jdbc.DataSourceInitializerInvoker' via constructor to bean named 'org.springframework.context.support.GenericApplicationContext@6ed7b9c5'
19:40:32.162 [main] DEBUG org.hibernate.integrator.internal.IntegratorServiceImpl - Adding Integrator [org.hibernate.cfg.beanvalidation.BeanValidationIntegrator].
19:40:32.162 [main] DEBUG org.hibernate.integrator.internal.IntegratorServiceImpl - Adding Integrator [org.hibernate.secure.spi.JaccIntegrator].
19:40:32.162 [main] DEBUG org.hibernate.integrator.internal.IntegratorServiceImpl - Adding Integrator [org.hibernate.cache.internal.CollectionCacheInvalidator].
19:40:32.163 [main] DEBUG org.hibernate.cfg.Configuration - Building session factory using internal StandardServiceRegistryBuilder
19:40:32.163 [main] DEBUG org.hibernate.service.spi.ServiceBinding - Overriding existing service binding [org.hibernate.secure.spi.JaccService]
19:40:32.163 [main] DEBUG org.hibernate.cfg.Configuration - Building session factory using provided StandardServiceRegistry
19:40:32.163 [main] DEBUG org.hibernate.cache.internal.RegionFactoryInitiator - Cache region factory : org.hibernate.cache.internal.NoCachingRegionFactory
19:40:32.164 [main] DEBUG org.hibernate.type.BasicTypeRegistry - Adding type registration boolean -> org.hibernate.type.BooleanType@57a2ed35
19:40:32.164 [main] DEBUG org.hibernate.type.BasicTypeRegistry - Adding type registration boolean -> org.hibernate.type.BooleanType@57a2ed35
19:40:32.164 [main] DEBUG org.hibernate.type.BasicTypeRegistry - Adding type registration java.lang.Boolean -> org.hibernate.type.BooleanType@57a2ed35
19:40:32.164 [main] DEBUG org.hibernate.type.BasicTypeRegistry - Adding type registration numeric_boolean -> org.hibernate.type.NumericBooleanType@184fb68d
19:40:32.164 [main] DEBUG org.hibernate.type.BasicTypeRegistry - Adding type registration true_false -> org.hibernate.type.TrueFalseType@205bed61
19:40:32.164 [main] DEBUG org.hibernate.type.BasicTypeRegistry - Adding type registration yes_no -> org.hibernate.type.YesNoType@7c2b58c0
19:40:32.164 [main] DEBUG org.hibernate.type.BasicTypeRegistry - Adding type registration byte -> org.hibernate.type.ByteType@aa149ed
19:40:32.164 [main] DEBUG org.hibernate.type.BasicTypeRegistry - Adding type registration byte -> org.hibernate.type.ByteType@aa149ed
19:40:32.164 [main] DEBUG org.hibernate.type.BasicTypeRegistry - Adding type registration java.lang.Byte -> org.hibernate.type.ByteType@aa149ed
19:40:32.164 [main] DEBUG org.hibernate.type.BasicTypeRegistry - Adding type registration character -> org.hibernate.type.CharacterType@8ee0c23
19:40:32.164 [main] DEBUG org.hibernate.type.BasicTypeRegistry - Adding type registration char -> org.hibernate.type.CharacterType@8ee0c23
19:40:32.164 [main] DEBUG org.hibernate.type.BasicTypeRegistry - Adding type registration java.lang.Character -> org.hibernate.type.CharacterType@8ee0c23
19:40:32.164 [main] DEBUG org.hibernate.type.BasicTypeRegistry - Adding type registration short -> org.hibernate.type.ShortType@173797f0
19:40:32.164 [main] DEBUG org.hibernate.type.BasicTypeRegistry - Adding type registration short -> org.hibernate.type.ShortType@173797f0
19:40:32.164 [main] DEBUG org.hibernate.type.BasicTypeRegistry - Adding type registration java.lang.Short -> org.hibernate.type.ShortType@173797f0
19:40:32.164 [main] DEBUG org.hibernate.type.BasicTypeRegistry - Adding type registration integer -> org.hibernate.type.IntegerType@33d53216
19:40:32.164 [main] DEBUG org.hibernate.type.BasicTypeRegistry - Adding type registration int -> org.hibernate.type.IntegerType@33d53216
19:40:32.164 [main] DEBUG org.hibernate.type.BasicTypeRegistry - Adding type registration java.lang.Integer -> org.hibernate.type.IntegerType@33d53216
19:40:32.164 [main] DEBUG org.hibernate.type.BasicTypeRegistry - Adding type registration long -> org.hibernate.type.LongType@3db663d0
19:40:32.164 [main] DEBUG org.hibernate.type.BasicTypeRegistry - Adding type registration long -> org.hibernate.type.LongType@3db663d0
19:40:32.164 [main] DEBUG org.hibernate.type.BasicTypeRegistry - Adding type registration java.lang.Long -> org.hibernate.type.LongType@3db663d0
19:40:32.164 [main] DEBUG org.hibernate.type.BasicTypeRegistry - Adding type registration float -> org.hibernate.type.FloatType@3b9632d1
19:40:32.164 [main] DEBUG org.hibernate.type.BasicTypeRegistry - Adding type registration float -> org.hibernate.type.FloatType@3b9632d1
19:40:32.164 [main] DEBUG org.hibernate.type.BasicTypeRegistry - Adding type registration java.lang.Float -> org.hibernate.type.FloatType@3b9632d1
19:40:32.164 [main] DEBUG org.hibernate.type.BasicTypeRegistry - Adding type registration double -> org.hibernate.type.DoubleType@75fc1992
19:40:32.164 [main] DEBUG org.hibernate.type.BasicTypeRegistry - Adding type registration double -> org.hibernate.type.DoubleType@75fc1992
19:40:32.164 [main] DEBUG org.hibernate.type.BasicTypeRegistry - Adding type registration java.lang.Double -> org.hibernate.type.DoubleType@75fc1992
19:40:32.164 [main] DEBUG org.hibernate.type.BasicTypeRegistry - Adding type registration big_decimal -> org.hibernate.type.BigDecimalType@27a2a089
19:40:32.164 [main] DEBUG org.hibernate.type.BasicTypeRegistry - Adding type registration java.math.BigDecimal -> org.hibernate.type.BigDecimalType@27a2a089
19:40:32.164 [main] DEBUG org.hibernate.type.BasicTypeRegistry - Adding type registration big_integer -> org.hibernate.type.BigIntegerType@5ac6c4f2
19:40:32.164 [main] DEBUG org.hibernate.type.BasicTypeRegistry - Adding type registration java.math.BigInteger -> org.hibernate.type.BigIntegerType@5ac6c4f2
19:40:32.164 [main] DEBUG org.hibernate.type.BasicTypeRegistry - Adding type registration string -> org.hibernate.type.StringType@78525ef9
19:40:32.164 [main] DEBUG org.hibernate.type.BasicTypeRegistry - Adding type registration java.lang.String -> org.hibernate.type.StringType@78525ef9
19:40:32.164 [main] DEBUG org.hibernate.type.BasicTypeRegistry - Adding type registration nstring -> org.hibernate.type.StringNVarcharType@350a94ce
19:40:32.164 [main] DEBUG org.hibernate.type.BasicTypeRegistry - Adding type registration ncharacter -> org.hibernate.type.CharacterNCharType@5fbdc49b
19:40:32.164 [main] DEBUG org.hibernate.type.BasicTypeRegistry - Adding type registration url -> org.hibernate.type.UrlType@285f38f6
19:40:32.164 [main] DEBUG org.hibernate.type.BasicTypeRegistry - Adding type registration java.net.URL -> org.hibernate.type.UrlType@285f38f6
19:40:32.164 [main] DEBUG org.hibernate.type.BasicTypeRegistry - Adding type registration date -> org.hibernate.type.DateType@21ac5eb4
19:40:32.164 [main] DEBUG org.hibernate.type.BasicTypeRegistry - Adding type registration java.sql.Date -> org.hibernate.type.DateType@21ac5eb4
19:40:32.164 [main] DEBUG org.hibernate.type.BasicTypeRegistry - Adding type registration time -> org.hibernate.type.TimeType@1d540566
19:40:32.164 [main] DEBUG org.hibernate.type.BasicTypeRegistry - Adding type registration java.sql.Time -> org.hibernate.type.TimeType@1d540566
19:40:32.164 [main] DEBUG org.hibernate.type.BasicTypeRegistry - Adding type registration timestamp -> org.hibernate.type.TimestampType@5c1f6d57
19:40:32.164 [main] DEBUG org.hibernate.type.BasicTypeRegistry - Adding type registration java.sql.Timestamp -> org.hibernate.type.TimestampType@5c1f6d57
19:40:32.164 [main] DEBUG org.hibernate.type.BasicTypeRegistry - Adding type registration java.util.Date -> org.hibernate.type.TimestampType@5c1f6d57
19:40:32.164 [main] DEBUG org.hibernate.type.BasicTypeRegistry - Adding type registration dbtimestamp -> org.hibernate.type.DbTimestampType@5cb5bb88
19:40:32.164 [main] DEBUG org.hibernate.type.BasicTypeRegistry - Adding type registration calendar -> org.hibernate.type.CalendarType@20e3c449
19:40:32.164 [main] DEBUG org.hibernate.type.BasicTypeRegistry - Adding type registration java.util.Calendar -> org.hibernate.type.CalendarType@20e3c449
19:40:32.164 [main] DEBUG org.hibernate.type.BasicTypeRegistry - Adding type registration java.util.GregorianCalendar -> org.hibernate.type.CalendarType@20e3c449
19:40:32.164 [main] DEBUG org.hibernate.type.BasicTypeRegistry - Adding type registration calendar_date -> org.hibernate.type.CalendarDateType@2dd8239
19:40:32.164 [main] DEBUG org.hibernate.type.BasicTypeRegistry - Adding type registration locale -> org.hibernate.type.LocaleType@3f92a84e
19:40:32.164 [main] DEBUG org.hibernate.type.BasicTypeRegistry - Adding type registration java.util.Locale -> org.hibernate.type.LocaleType@3f92a84e
19:40:32.164 [main] DEBUG org.hibernate.type.BasicTypeRegistry - Adding type registration currency -> org.hibernate.type.CurrencyType@5fcfca62
19:40:32.164 [main] DEBUG org.hibernate.type.BasicTypeRegistry - Adding type registration java.util.Currency -> org.hibernate.type.CurrencyType@5fcfca62
19:40:32.164 [main] DEBUG org.hibernate.type.BasicTypeRegistry - Adding type registration timezone -> org.hibernate.type.TimeZoneType@5b051a5c
19:40:32.164 [main] DEBUG org.hibernate.type.BasicTypeRegistry - Adding type registration java.util.TimeZone -> org.hibernate.type.TimeZoneType@5b051a5c
19:40:32.164 [main] DEBUG org.hibernate.type.BasicTypeRegistry - Adding type registration class -> org.hibernate.type.ClassType@10641c09
19:40:32.164 [main] DEBUG org.hibernate.type.BasicTypeRegistry - Adding type registration java.lang.Class -> org.hibernate.type.ClassType@10641c09
19:40:32.164 [main] DEBUG org.hibernate.type.BasicTypeRegistry - Adding type registration uuid-binary -> org.hibernate.type.UUIDBinaryType@12968227
19:40:32.164 [main] DEBUG org.hibernate.type.BasicTypeRegistry - Adding type registration java.util.UUID -> org.hibernate.type.UUIDBinaryType@12968227
19:40:32.164 [main] DEBUG org.hibernate.type.BasicTypeRegistry - Adding type registration uuid-char -> org.hibernate.type.UUIDCharType@48eb9836
19:40:32.164 [main] DEBUG org.hibernate.type.BasicTypeRegistry - Adding type registration binary -> org.hibernate.type.BinaryType@9e2ad91
19:40:32.164 [main] DEBUG org.hibernate.type.BasicTypeRegistry - Adding type registration byte[] -> org.hibernate.type.BinaryType@9e2ad91
19:40:32.164 [main] DEBUG org.hibernate.type.BasicTypeRegistry - Adding type registration [B -> org.hibernate.type.BinaryType@9e2ad91
19:40:32.164 [main] DEBUG org.hibernate.type.BasicTypeRegistry - Adding type registration wrapper-binary -> org.hibernate.type.WrapperBinaryType@74dbb1ee
19:40:32.164 [main] DEBUG org.hibernate.type.BasicTypeRegistry - Adding type registration Byte[] -> org.hibernate.type.WrapperBinaryType@74dbb1ee
19:40:32.164 [main] DEBUG org.hibernate.type.BasicTypeRegistry - Adding type registration [Ljava.lang.Byte; -> org.hibernate.type.WrapperBinaryType@74dbb1ee
19:40:32.164 [main] DEBUG org.hibernate.type.BasicTypeRegistry - Adding type registration row_version -> org.hibernate.type.RowVersionType@618ad2aa
19:40:32.164 [main] DEBUG org.hibernate.type.BasicTypeRegistry - Adding type registration image -> org.hibernate.type.ImageType@59e43e8c
19:40:32.164 [main] DEBUG org.hibernate.type.BasicTypeRegistry - Adding type registration characters -> org.hibernate.type.CharArrayType@3f049056
19:40:32.164 [main] DEBUG org.hibernate.type.BasicTypeRegistry - Adding type registration char[] -> org.hibernate.type.CharArrayType@3f049056
19:40:32.164 [main] DEBUG org.hibernate.type.BasicTypeRegistry - Adding type registration [C -> org.hibernate.type.CharArrayType@3f049056
19:40:32.164 [main] DEBUG org.hibernate.type.BasicTypeRegistry - Adding type registration wrapper-characters -> org.hibernate.type.CharacterArrayType@4c2fb9dd
19:40:32.164 [main] DEBUG org.hibernate.type.BasicTypeRegistry - Adding type registration [Ljava.lang.Character; -> org.hibernate.type.CharacterArrayType@4c2fb9dd
19:40:32.164 [main] DEBUG org.hibernate.type.BasicTypeRegistry - Adding type registration Character[] -> org.hibernate.type.CharacterArrayType@4c2fb9dd
19:40:32.164 [main] DEBUG org.hibernate.type.BasicTypeRegistry - Adding type registration text -> org.hibernate.type.TextType@41522537
19:40:32.164 [main] DEBUG org.hibernate.type.BasicTypeRegistry - Adding type registration ntext -> org.hibernate.type.NTextType@42c28305
19:40:32.164 [main] DEBUG org.hibernate.type.BasicTypeRegistry - Adding type registration blob -> org.hibernate.type.BlobType@ef1695a
19:40:32.164 [main] DEBUG org.hibernate.type.BasicTypeRegistry - Adding type registration java.sql.Blob -> org.hibernate.type.BlobType@ef1695a
19:40:32.164 [main] DEBUG org.hibernate.type.BasicTypeRegistry - Adding type registration materialized_blob -> org.hibernate.type.MaterializedBlobType@7139bd31
19:40:32.164 [main] DEBUG org.hibernate.type.BasicTypeRegistry - Adding type registration clob -> org.hibernate.type.ClobType@75361cf6
19:40:32.164 [main] DEBUG org.hibernate.type.BasicTypeRegistry - Adding type registration java.sql.Clob -> org.hibernate.type.ClobType@75361cf6
19:40:32.164 [main] DEBUG org.hibernate.type.BasicTypeRegistry - Adding type registration nclob -> org.hibernate.type.NClobType@102efc59
19:40:32.164 [main] DEBUG org.hibernate.type.BasicTypeRegistry - Adding type registration java.sql.NClob -> org.hibernate.type.NClobType@102efc59
19:40:32.164 [main] DEBUG org.hibernate.type.BasicTypeRegistry - Adding type registration materialized_clob -> org.hibernate.type.MaterializedClobType@75fa1be3
19:40:32.164 [main] DEBUG org.hibernate.type.BasicTypeRegistry - Adding type registration materialized_nclob -> org.hibernate.type.MaterializedNClobType@3ce53f6a
19:40:32.164 [main] DEBUG org.hibernate.type.BasicTypeRegistry - Adding type registration serializable -> org.hibernate.type.SerializableType@1daf3b44
19:40:32.164 [main] DEBUG org.hibernate.type.BasicTypeRegistry - Adding type registration object -> org.hibernate.type.ObjectType@4cb40e3b
19:40:32.164 [main] DEBUG org.hibernate.type.BasicTypeRegistry - Adding type registration java.lang.Object -> org.hibernate.type.ObjectType@4cb40e3b
19:40:32.164 [main] DEBUG org.hibernate.type.BasicTypeRegistry - Adding type registration imm_date -> org.hibernate.type.AdaptedImmutableType@508b4f70
19:40:32.164 [main] DEBUG org.hibernate.type.BasicTypeRegistry - Adding type registration imm_time -> org.hibernate.type.AdaptedImmutableType@32f14274
19:40:32.164 [main] DEBUG org.hibernate.type.BasicTypeRegistry - Adding type registration imm_timestamp -> org.hibernate.type.AdaptedImmutableType@7af56b26
19:40:32.164 [main] DEBUG org.hibernate.type.BasicTypeRegistry - Adding type registration imm_dbtimestamp -> org.hibernate.type.AdaptedImmutableType@c86c486
19:40:32.164 [main] DEBUG org.hibernate.type.BasicTypeRegistry - Adding type registration imm_calendar -> org.hibernate.type.AdaptedImmutableType@67ceaa9
19:40:32.164 [main] DEBUG org.hibernate.type.BasicTypeRegistry - Adding type registration imm_calendar_date -> org.hibernate.type.AdaptedImmutableType@3ea6faf0
19:40:32.165 [main] DEBUG org.hibernate.type.BasicTypeRegistry - Adding type registration imm_binary -> org.hibernate.type.AdaptedImmutableType@6fdb1a59
19:40:32.165 [main] DEBUG org.hibernate.type.BasicTypeRegistry - Adding type registration imm_serializable -> org.hibernate.type.AdaptedImmutableType@55c341d0
19:40:32.165 [main] DEBUG org.springframework.jdbc.datasource.DriverManagerDataSource - Creating new JDBC DriverManager Connection to [jdbc:hsqldb:hsql://localhost/workdb]
19:40:32.165 [main] WARN org.hibernate.engine.jdbc.env.internal.JdbcEnvironmentInitiator - HHH000342: Could not obtain connection to query metadata : java.net.ConnectException: Połączenie odrzucone (Connection refused)
19:40:32.165 [main] INFO org.hibernate.dialect.Dialect - HHH000400: Using dialect: org.hibernate.dialect.HSQLDialect
19:40:32.165 [main] DEBUG org.hibernate.engine.jdbc.env.spi.IdentifierHelperBuilder - IdentifierCaseStrategy for both quoted and unquoted identifiers was set to the same strategy [MIXED]; that will likely lead to problems in schema update and validation if using quoted identifiers
19:40:32.166 [main] INFO org.hibernate.engine.jdbc.env.internal.LobCreatorBuilderImpl - HHH000422: Disabling contextual LOB creation as connection was null
19:40:32.166 [main] DEBUG org.hibernate.id.factory.internal.DefaultIdentifierGeneratorFactory - Registering IdentifierGenerator strategy [uuid2] -> [org.hibernate.id.UUIDGenerator]
19:40:32.166 [main] DEBUG org.hibernate.id.factory.internal.DefaultIdentifierGeneratorFactory - Registering IdentifierGenerator strategy [guid] -> [org.hibernate.id.GUIDGenerator]
19:40:32.166 [main] DEBUG org.hibernate.id.factory.internal.DefaultIdentifierGeneratorFactory - Registering IdentifierGenerator strategy [uuid] -> [org.hibernate.id.UUIDHexGenerator]
19:40:32.166 [main] DEBUG org.hibernate.id.factory.internal.DefaultIdentifierGeneratorFactory - Registering IdentifierGenerator strategy [uuid.hex] -> [org.hibernate.id.UUIDHexGenerator]
19:40:32.166 [main] DEBUG org.hibernate.id.factory.internal.DefaultIdentifierGeneratorFactory - Registering IdentifierGenerator strategy [assigned] -> [org.hibernate.id.Assigned]
19:40:32.166 [main] DEBUG org.hibernate.id.factory.internal.DefaultIdentifierGeneratorFactory - Registering IdentifierGenerator strategy [identity] -> [org.hibernate.id.IdentityGenerator]
19:40:32.166 [main] DEBUG org.hibernate.id.factory.internal.DefaultIdentifierGeneratorFactory - Registering IdentifierGenerator strategy [select] -> [org.hibernate.id.SelectGenerator]
19:40:32.166 [main] DEBUG org.hibernate.id.factory.internal.DefaultIdentifierGeneratorFactory - Registering IdentifierGenerator strategy [sequence] -> [org.hibernate.id.enhanced.SequenceStyleGenerator]
19:40:32.166 [main] DEBUG org.hibernate.id.factory.internal.DefaultIdentifierGeneratorFactory - Registering IdentifierGenerator strategy [seqhilo] -> [org.hibernate.id.SequenceHiLoGenerator]
19:40:32.166 [main] DEBUG org.hibernate.id.factory.internal.DefaultIdentifierGeneratorFactory - Registering IdentifierGenerator strategy [increment] -> [org.hibernate.id.IncrementGenerator]
19:40:32.166 [main] DEBUG org.hibernate.id.factory.internal.DefaultIdentifierGeneratorFactory - Registering IdentifierGenerator strategy [foreign] -> [org.hibernate.id.ForeignGenerator]
19:40:32.166 [main] DEBUG org.hibernate.id.factory.internal.DefaultIdentifierGeneratorFactory - Registering IdentifierGenerator strategy [sequence-identity] -> [org.hibernate.id.SequenceIdentityGenerator]
19:40:32.166 [main] DEBUG org.hibernate.id.factory.internal.DefaultIdentifierGeneratorFactory - Registering IdentifierGenerator strategy [enhanced-sequence] -> [org.hibernate.id.enhanced.SequenceStyleGenerator]
19:40:32.166 [main] DEBUG org.hibernate.id.factory.internal.DefaultIdentifierGeneratorFactory - Registering IdentifierGenerator strategy [enhanced-table] -> [org.hibernate.id.enhanced.TableGenerator]
19:40:32.166 [main] DEBUG org.hibernate.boot.model.relational.Namespace - Created database namespace [logicalName=Name{catalog=null, schema=null}, physicalName=Name{catalog=null, schema=null}]
19:40:32.166 [main] DEBUG org.hibernate.cfg.AnnotationBinder - Binding entity from annotated class: tau.mmo.domain.Item
19:40:32.166 [main] DEBUG org.hibernate.cfg.annotations.QueryBinder - Binding named query: item.all => Select p from Item p
19:40:32.166 [main] DEBUG org.hibernate.cfg.annotations.QueryBinder - Binding named query: item.allForPlayer => Select p from Item p where player_id = :id
19:40:32.166 [main] DEBUG org.hibernate.cfg.Ejb3Column - Binding column: Ejb3DiscriminatorColumn{logicalColumnName'DTYPE', discriminatorTypeName='string'}
19:40:32.166 [main] DEBUG org.hibernate.cfg.annotations.EntityBinder - Import with entity name Item
19:40:32.166 [main] DEBUG org.hibernate.cfg.annotations.EntityBinder - Bind entity tau.mmo.domain.Item on table item
19:40:32.166 [main] DEBUG org.hibernate.cfg.Ejb3Column - Binding column: Ejb3Column{table=org.hibernate.mapping.Table(item), mappingColumn=id, insertable=true, updatable=true, unique=false}
19:40:32.167 [main] DEBUG org.hibernate.cfg.annotations.PropertyBinder - MetadataSourceProcessor property id with lazy=false
19:40:32.167 [main] DEBUG org.hibernate.cfg.AbstractPropertyHolder - Attempting to locate auto-apply AttributeConverter for property [tau.mmo.domain.Item:id]
19:40:32.167 [main] DEBUG org.hibernate.cfg.annotations.SimpleValueBinder - building SimpleValue for id
19:40:32.167 [main] DEBUG org.hibernate.cfg.annotations.PropertyBinder - Building property id
19:40:32.167 [main] DEBUG org.hibernate.cfg.Ejb3Column - Binding column: Ejb3Column{table=org.hibernate.mapping.Table(item), mappingColumn=itemclass, insertable=true, updatable=true, unique=false}
19:40:32.167 [main] DEBUG org.hibernate.cfg.annotations.PropertyBinder - MetadataSourceProcessor property itemclass with lazy=false
19:40:32.167 [main] DEBUG org.hibernate.cfg.AbstractPropertyHolder - Attempting to locate auto-apply AttributeConverter for property [tau.mmo.domain.Item:itemclass]
19:40:32.167 [main] DEBUG org.hibernate.cfg.annotations.SimpleValueBinder - building SimpleValue for itemclass
19:40:32.167 [main] DEBUG org.hibernate.cfg.annotations.PropertyBinder - Building property itemclass
19:40:32.167 [main] DEBUG org.hibernate.cfg.Ejb3Column - Binding column: Ejb3Column{table=org.hibernate.mapping.Table(item), mappingColumn=levelreq, insertable=true, updatable=true, unique=false}
19:40:32.167 [main] DEBUG org.hibernate.cfg.annotations.PropertyBinder - MetadataSourceProcessor property levelreq with lazy=false
19:40:32.167 [main] DEBUG org.hibernate.cfg.AbstractPropertyHolder - Attempting to locate auto-apply AttributeConverter for property [tau.mmo.domain.Item:levelreq]
19:40:32.167 [main] DEBUG org.hibernate.cfg.annotations.SimpleValueBinder - building SimpleValue for levelreq
19:40:32.167 [main] DEBUG org.hibernate.cfg.annotations.PropertyBinder - Building property levelreq
19:40:32.167 [main] DEBUG org.hibernate.cfg.Ejb3Column - Binding column: Ejb3Column{table=org.hibernate.mapping.Table(item), mappingColumn=name, insertable=true, updatable=true, unique=false}
19:40:32.167 [main] DEBUG org.hibernate.cfg.annotations.PropertyBinder - MetadataSourceProcessor property name with lazy=false
19:40:32.167 [main] DEBUG org.hibernate.cfg.AbstractPropertyHolder - Attempting to locate auto-apply AttributeConverter for property [tau.mmo.domain.Item:name]
19:40:32.167 [main] DEBUG org.hibernate.cfg.annotations.SimpleValueBinder - building SimpleValue for name
19:40:32.167 [main] DEBUG org.hibernate.cfg.annotations.PropertyBinder - Building property name
19:40:32.167 [main] DEBUG org.hibernate.cfg.Ejb3Column - Binding column: Ejb3JoinColumn{logicalColumnName='player_id', referencedColumn='', mappedBy=''}
19:40:32.167 [main] DEBUG org.hibernate.cfg.Ejb3Column - Binding column: Ejb3Column{table=org.hibernate.mapping.Table(item), mappingColumn=player, insertable=true, updatable=true, unique=false}
19:40:32.167 [main] DEBUG org.hibernate.cfg.annotations.PropertyBinder - Building property player
19:40:32.167 [main] DEBUG org.hibernate.cfg.AnnotationBinder - Binding entity from annotated class: tau.mmo.domain.Player
19:40:32.167 [main] DEBUG org.hibernate.cfg.annotations.QueryBinder - Binding named query: player.all => Select p from Player p
19:40:32.167 [main] DEBUG org.hibernate.cfg.annotations.QueryBinder - Binding named query: player.findPlayers => Select c from Player c where c.name like :nameFragment
19:40:32.167 [main] DEBUG org.hibernate.cfg.Ejb3Column - Binding column: Ejb3DiscriminatorColumn{logicalColumnName'DTYPE', discriminatorTypeName='string'}
19:40:32.167 [main] DEBUG org.hibernate.cfg.annotations.EntityBinder - Import with entity name Player
19:40:32.167 [main] DEBUG org.hibernate.cfg.annotations.EntityBinder - Bind entity tau.mmo.domain.Player on table player
19:40:32.168 [main] DEBUG org.hibernate.cfg.Ejb3Column - Binding column: Ejb3Column{table=org.hibernate.mapping.Table(player), mappingColumn=id, insertable=true, updatable=true, unique=false}
19:40:32.168 [main] DEBUG org.hibernate.cfg.annotations.PropertyBinder - MetadataSourceProcessor property id with lazy=false
19:40:32.168 [main] DEBUG org.hibernate.cfg.AbstractPropertyHolder - Attempting to locate auto-apply AttributeConverter for property [tau.mmo.domain.Player:id]
19:40:32.168 [main] DEBUG org.hibernate.cfg.annotations.SimpleValueBinder - building SimpleValue for id
19:40:32.168 [main] DEBUG org.hibernate.cfg.annotations.PropertyBinder - Building property id
19:40:32.168 [main] DEBUG org.hibernate.cfg.Ejb3Column - Binding column: Ejb3Column{table=org.hibernate.mapping.Table(player), mappingColumn=heroclass, insertable=true, updatable=true, unique=false}
19:40:32.168 [main] DEBUG org.hibernate.cfg.annotations.PropertyBinder - MetadataSourceProcessor property heroclass with lazy=false
19:40:32.168 [main] DEBUG org.hibernate.cfg.AbstractPropertyHolder - Attempting to locate auto-apply AttributeConverter for property [tau.mmo.domain.Player:heroclass]
19:40:32.168 [main] DEBUG org.hibernate.cfg.annotations.SimpleValueBinder - building SimpleValue for heroclass
19:40:32.168 [main] DEBUG org.hibernate.cfg.annotations.PropertyBinder - Building property heroclass
19:40:32.168 [main] DEBUG org.hibernate.cfg.Ejb3Column - Binding column: Ejb3JoinColumn{logicalColumnName='null', referencedColumn='null', mappedBy='player'}
19:40:32.168 [main] DEBUG org.hibernate.cfg.Ejb3Column - Binding column: Ejb3Column{table=org.hibernate.mapping.Table(player), mappingColumn=items, insertable=true, updatable=true, unique=false}
19:40:32.168 [main] DEBUG org.hibernate.cfg.Ejb3Column - Binding column: Ejb3Column{table=org.hibernate.mapping.Table(player), mappingColumn=null, insertable=true, updatable=true, unique=false}
19:40:32.168 [main] DEBUG org.hibernate.cfg.Ejb3Column - Binding column: Ejb3Column{table=org.hibernate.mapping.Table(player), mappingColumn=element, insertable=true, updatable=true, unique=false}
19:40:32.168 [main] DEBUG org.hibernate.cfg.Ejb3Column - Binding column: Ejb3Column{table=org.hibernate.mapping.Table(player), mappingColumn=items_KEY, insertable=true, updatable=true, unique=false}
19:40:32.168 [main] DEBUG org.hibernate.cfg.Ejb3Column - Binding column: Ejb3JoinColumn{logicalColumnName='items_KEY', referencedColumn='null', mappedBy='null'}
19:40:32.168 [main] DEBUG org.hibernate.cfg.Ejb3Column - Binding column: Ejb3JoinColumn{logicalColumnName='null', referencedColumn='null', mappedBy='player'}
19:40:32.168 [main] DEBUG org.hibernate.cfg.Ejb3Column - Binding column: Ejb3JoinColumn{logicalColumnName='null', referencedColumn='null', mappedBy='player'}
19:40:32.168 [main] DEBUG org.hibernate.cfg.annotations.CollectionBinder - Collection role: tau.mmo.domain.Player.items
19:40:32.168 [main] DEBUG org.hibernate.cfg.annotations.PropertyBinder - Building property items
19:40:32.168 [main] DEBUG org.hibernate.cfg.Ejb3Column - Binding column: Ejb3Column{table=org.hibernate.mapping.Table(player), mappingColumn=level, insertable=true, updatable=true, unique=false}
19:40:32.168 [main] DEBUG org.hibernate.cfg.annotations.PropertyBinder - MetadataSourceProcessor property level with lazy=false
19:40:32.168 [main] DEBUG org.hibernate.cfg.AbstractPropertyHolder - Attempting to locate auto-apply AttributeConverter for property [tau.mmo.domain.Player:level]
19:40:32.168 [main] DEBUG org.hibernate.cfg.annotations.SimpleValueBinder - building SimpleValue for level
19:40:32.168 [main] DEBUG org.hibernate.cfg.annotations.PropertyBinder - Building property level
19:40:32.168 [main] DEBUG org.hibernate.cfg.Ejb3Column - Binding column: Ejb3Column{table=org.hibernate.mapping.Table(player), mappingColumn=name, insertable=true, updatable=true, unique=false}
19:40:32.169 [main] DEBUG org.hibernate.cfg.annotations.PropertyBinder - MetadataSourceProcessor property name with lazy=false
19:40:32.169 [main] DEBUG org.hibernate.cfg.AbstractPropertyHolder - Attempting to locate auto-apply AttributeConverter for property [tau.mmo.domain.Player:name]
19:40:32.169 [main] DEBUG org.hibernate.cfg.annotations.SimpleValueBinder - building SimpleValue for name
19:40:32.169 [main] DEBUG org.hibernate.cfg.annotations.PropertyBinder - Building property name
19:40:32.169 [main] DEBUG org.hibernate.cfg.annotations.SimpleValueBinder - Starting fillSimpleValue for id
19:40:32.169 [main] DEBUG org.hibernate.cfg.annotations.SimpleValueBinder - Starting fillSimpleValue for itemclass
19:40:32.169 [main] DEBUG org.hibernate.cfg.annotations.SimpleValueBinder - Starting fillSimpleValue for levelreq
19:40:32.169 [main] DEBUG org.hibernate.cfg.annotations.SimpleValueBinder - Starting fillSimpleValue for name
19:40:32.169 [main] DEBUG org.hibernate.cfg.annotations.SimpleValueBinder - Starting fillSimpleValue for id
19:40:32.169 [main] DEBUG org.hibernate.cfg.annotations.SimpleValueBinder - Starting fillSimpleValue for heroclass
19:40:32.169 [main] DEBUG org.hibernate.cfg.annotations.SimpleValueBinder - Starting fillSimpleValue for level
19:40:32.169 [main] DEBUG org.hibernate.cfg.annotations.SimpleValueBinder - Starting fillSimpleValue for name
19:40:32.169 [main] DEBUG org.hibernate.mapping.PrimaryKey - Forcing column [id] to be non-null as it is part of the primary key for table [item]
19:40:32.169 [main] DEBUG org.hibernate.mapping.PrimaryKey - Forcing column [id] to be non-null as it is part of the primary key for table [player]
19:40:32.169 [main] DEBUG org.hibernate.cfg.CollectionSecondPass - Second pass for collection: tau.mmo.domain.Player.items
19:40:32.169 [main] DEBUG org.hibernate.cfg.annotations.CollectionBinder - Binding a OneToMany: tau.mmo.domain.Player.items through a foreign key
19:40:32.169 [main] DEBUG org.hibernate.cfg.annotations.CollectionBinder - Mapping collection: tau.mmo.domain.Player.items -> item
19:40:32.169 [main] DEBUG org.hibernate.cfg.annotations.TableBinder - Retrieving property tau.mmo.domain.Item.player
19:40:32.169 [main] DEBUG org.hibernate.cfg.CollectionSecondPass - Mapped collection key: player_id, one-to-many: tau.mmo.domain.Item
19:40:32.169 [main] DEBUG org.hibernate.boot.internal.InFlightMetadataCollectorImpl - Resolving reference to class: tau.mmo.domain.Player
19:40:32.169 [main] DEBUG org.hibernate.boot.internal.InFlightMetadataCollectorImpl - Resolving reference to class: tau.mmo.domain.Player
19:40:32.170 [main] DEBUG org.hibernate.internal.SessionFactoryImpl - Building session factory
19:40:32.170 [main] DEBUG org.hibernate.cfg.Settings - SessionFactory name : null
19:40:32.170 [main] DEBUG org.hibernate.cfg.Settings - Automatic flush during beforeCompletion(): disabled
19:40:32.170 [main] DEBUG org.hibernate.cfg.Settings - Automatic session close at end of transaction: disabled
19:40:32.170 [main] DEBUG org.hibernate.cfg.Settings - Statistics: disabled
19:40:32.170 [main] DEBUG org.hibernate.cfg.Settings - Deleted entity synthetic identifier rollback: disabled
19:40:32.170 [main] DEBUG org.hibernate.cfg.Settings - Default entity-mode: pojo
19:40:32.170 [main] DEBUG org.hibernate.cfg.Settings - Check Nullability in Core (should be disabled when Bean Validation is on): enabled
19:40:32.170 [main] DEBUG org.hibernate.cfg.Settings - Allow initialization of lazy state outside session : disabled
19:40:32.170 [main] DEBUG org.hibernate.cfg.Settings - Using BatchFetchStyle : LEGACY
19:40:32.170 [main] DEBUG org.hibernate.cfg.Settings - Default batch fetch size: -1
19:40:32.170 [main] DEBUG org.hibernate.cfg.Settings - Maximum outer join fetch depth: null
19:40:32.170 [main] DEBUG org.hibernate.cfg.Settings - Default null ordering: NONE
19:40:32.170 [main] DEBUG org.hibernate.cfg.Settings - Order SQL updates by primary key: disabled
19:40:32.170 [main] DEBUG org.hibernate.cfg.Settings - Order SQL inserts for batching: disabled
19:40:32.170 [main] DEBUG org.hibernate.cfg.Settings - multi-tenancy strategy : NONE
19:40:32.170 [main] DEBUG org.hibernate.cfg.Settings - JTA Track by Thread: enabled
19:40:32.170 [main] DEBUG org.hibernate.cfg.Settings - Query language substitutions: {}
19:40:32.170 [main] DEBUG org.hibernate.cfg.Settings - JPA query language strict compliance: disabled
19:40:32.170 [main] DEBUG org.hibernate.cfg.Settings - Named query checking : enabled
19:40:32.170 [main] DEBUG org.hibernate.cfg.Settings - Second-level cache: enabled
19:40:32.170 [main] DEBUG org.hibernate.cfg.Settings - Second-level query cache: disabled
19:40:32.170 [main] DEBUG org.hibernate.cfg.Settings - Second-level query cache factory: org.hibernate.cache.internal.StandardQueryCacheFactory@2da16263
19:40:32.170 [main] DEBUG org.hibernate.cfg.Settings - Second-level cache region prefix: null
19:40:32.170 [main] DEBUG org.hibernate.cfg.Settings - Optimize second-level cache for minimal puts: disabled
19:40:32.170 [main] DEBUG org.hibernate.cfg.Settings - Structured second-level cache entries: disabled
19:40:32.170 [main] DEBUG org.hibernate.cfg.Settings - Second-level cache direct-reference entries: disabled
19:40:32.170 [main] DEBUG org.hibernate.cfg.Settings - Automatic eviction of collection cache: disabled
19:40:32.170 [main] DEBUG org.hibernate.cfg.Settings - JDBC batch size: 0
19:40:32.170 [main] DEBUG org.hibernate.cfg.Settings - JDBC batch updates for versioned data: enabled
19:40:32.170 [main] DEBUG org.hibernate.cfg.Settings - Scrollable result sets: disabled
19:40:32.170 [main] DEBUG org.hibernate.cfg.Settings - Wrap result sets: disabled
19:40:32.170 [main] DEBUG org.hibernate.cfg.Settings - JDBC3 getGeneratedKeys(): disabled
19:40:32.170 [main] DEBUG org.hibernate.cfg.Settings - JDBC result set fetch size: null
19:40:32.170 [main] DEBUG org.hibernate.cfg.Settings - Connection release mode: ON_CLOSE
19:40:32.170 [main] DEBUG org.hibernate.cfg.Settings - Generate SQL with comments: disabled
19:40:32.170 [main] DEBUG org.hibernate.internal.SessionFactoryImpl - Session factory constructed with filter configurations : {}
19:40:32.170 [main] DEBUG org.hibernate.internal.SessionFactoryImpl - Instantiating session factory with properties: {awt.toolkit=sun.awt.X11.XToolkit, java.specification.version=11, sun.cpu.isalist=, sun.jnu.encoding=UTF-8, hibernate.connection.release_mode=ON_CLOSE, sun.arch.data.model=64, java.vendor.url=http://java.oracle.com/, sun.boot.library.path=/usr/lib/jvm/java-11-openjdk-amd64/lib, sun.java.command=/home/whitewolf/tau/TAU-repozytorium/tau-mmo-jmeter/target/surefire/surefirebooter3068630985977223282.jar /home/whitewolf/tau/TAU-repozytorium/tau-mmo-jmeter/target/surefire 2019-05-27T19-40-27_728-jvmRun1 surefire9941762728851701862tmp surefire_013181237219562226252tmp, jdk.debug=release, java.specification.vendor=Oracle Corporation, java.version.date=2019-04-16, java.home=/usr/lib/jvm/java-11-openjdk-amd64, file.separator=/, basedir=/home/whitewolf/tau/TAU-repozytorium/tau-mmo-jmeter, java.vm.compressedOopsMode=Zero based, line.separator=
, java.specification.name=Java Platform API Specification, java.vm.specification.vendor=Oracle Corporation, hibernate.hbm2ddl.auto=update, sun.management.compiler=HotSpot 64-Bit Tiered Compilers, java.runtime.version=11.0.3+7-Ubuntu-1ubuntu218.04.1, user.name=whitewolf, file.encoding=UTF-8, hibernate.classLoaders=[jdk.internal.loader.ClassLoaders$AppClassLoader@1affbebc], hibernate.current_session_context_class=org.springframework.orm.hibernate5.SpringSessionContext, localRepository=/home/whitewolf/.m2/repository, java.io.tmpdir=/tmp, java.version=11.0.3, java.vm.specification.name=Java Virtual Machine Specification, java.awt.printerjob=sun.print.PSPrinterJob, sun.os.patch.level=unknown, java.library.path=/usr/java/packages/lib:/usr/lib/x86_64-linux-gnu/jni:/lib/x86_64-linux-gnu:/usr/lib/x86_64-linux-gnu:/usr/lib/jni:/lib:/usr/lib, java.vendor=Oracle Corporation, sun.io.unicode.encoding=UnicodeLittle, sun.desktop=gnome, hibernate.dialect=org.hibernate.dialect.HSQLDialect, java.class.path=/home/whitewolf/tau/TAU-repozytorium/tau-mmo-jmeter/target/test-classes:/home/whitewolf/tau/TAU-repozytorium/tau-mmo-jmeter/target/classes:/home/whitewolf/.m2/repository/org/springframework/boot/spring-boot-starter-web/2.1.4.RELEASE/spring-boot-starter-web-2.1.4.RELEASE.jar:/home/whitewolf/.m2/repository/org/springframework/boot/spring-boot-starter/2.1.4.RELEASE/spring-boot-starter-2.1.4.RELEASE.jar:/home/whitewolf/.m2/repository/org/springframework/boot/spring-boot/2.1.4.RELEASE/spring-boot-2.1.4.RELEASE.jar:/home/whitewolf/.m2/repository/org/springframework/boot/spring-boot-autoconfigure/2.1.4.RELEASE/spring-boot-autoconfigure-2.1.4.RELEASE.jar:/home/whitewolf/.m2/repository/org/springframework/boot/spring-boot-starter-logging/2.1.4.RELEASE/spring-boot-starter-logging-2.1.4.RELEASE.jar:/home/whitewolf/.m2/repository/ch/qos/logback/logback-classic/1.2.3/logback-classic-1.2.3.jar:/home/whitewolf/.m2/repository/ch/qos/logback/logback-core/1.2.3/logback-core-1.2.3.jar:/home/whitewolf/.m2/repository/org/apache/logging/log4j/log4j-to-slf4j/2.11.2/log4j-to-slf4j-2.11.2.jar:/home/whitewolf/.m2/repository/org/apache/logging/log4j/log4j-api/2.11.2/log4j-api-2.11.2.jar:/home/whitewolf/.m2/repository/org/slf4j/jul-to-slf4j/1.7.26/jul-to-slf4j-1.7.26.jar:/home/whitewolf/.m2/repository/org/yaml/snakeyaml/1.23/snakeyaml-1.23.jar:/home/whitewolf/.m2/repository/org/springframework/boot/spring-boot-starter-json/2.1.4.RELEASE/spring-boot-starter-json-2.1.4.RELEASE.jar:/home/whitewolf/.m2/repository/com/fasterxml/jackson/core/jackson-databind/2.9.8/jackson-databind-2.9.8.jar:/home/whitewolf/.m2/repository/com/fasterxml/jackson/core/jackson-annotations/2.9.0/jackson-annotations-2.9.0.jar:/home/whitewolf/.m2/repository/com/fasterxml/jackson/core/jackson-core/2.9.8/jackson-core-2.9.8.jar:/home/whitewolf/.m2/repository/com/fasterxml/jackson/datatype/jackson-datatype-jdk8/2.9.8/jackson-datatype-jdk8-2.9.8.jar:/home/whitewolf/.m2/repository/com/fasterxml/jackson/datatype/jackson-datatype-jsr310/2.9.8/jackson-datatype-jsr310-2.9.8.jar:/home/whitewolf/.m2/repository/com/fasterxml/jackson/module/jackson-module-parameter-names/2.9.8/jackson-module-parameter-names-2.9.8.jar:/home/whitewolf/.m2/repository/org/hibernate/validator/hibernate-validator/6.0.16.Final/hibernate-validator-6.0.16.Final.jar:/home/whitewolf/.m2/repository/javax/validation/validation-api/2.0.1.Final/validation-api-2.0.1.Final.jar:/home/whitewolf/.m2/repository/org/springframework/spring-web/5.1.6.RELEASE/spring-web-5.1.6.RELEASE.jar:/home/whitewolf/.m2/repository/org/springframework/spring-webmvc/5.1.6.RELEASE/spring-webmvc-5.1.6.RELEASE.jar:/home/whitewolf/.m2/repository/org/springframework/spring-aop/5.1.6.RELEASE/spring-aop-5.1.6.RELEASE.jar:/home/whitewolf/.m2/repository/org/springframework/spring-context/5.1.6.RELEASE/spring-context-5.1.6.RELEASE.jar:/home/whitewolf/.m2/repository/org/springframework/spring-expression/5.1.6.RELEASE/spring-expression-5.1.6.RELEASE.jar:/home/whitewolf/.m2/repository/org/springframework/boot/spring-boot-starter-test/2.1.4.RELEASE/spring-boot-starter-test-2.1.4.RELEASE.jar:/home/whitewolf/.m2/repository/org/springframework/boot/spring-boot-test/2.1.4.RELEASE/spring-boot-test-2.1.4.RELEASE.jar:/home/whitewolf/.m2/repository/org/springframework/boot/spring-boot-test-autoconfigure/2.1.4.RELEASE/spring-boot-test-autoconfigure-2.1.4.RELEASE.jar:/home/whitewolf/.m2/repository/junit/junit/4.12/junit-4.12.jar:/home/whitewolf/.m2/repository/org/assertj/assertj-core/3.11.1/assertj-core-3.11.1.jar:/home/whitewolf/.m2/repository/org/mockito/mockito-core/2.23.4/mockito-core-2.23.4.jar:/home/whitewolf/.m2/repository/net/bytebuddy/byte-buddy/1.9.12/byte-buddy-1.9.12.jar:/home/whitewolf/.m2/repository/net/bytebuddy/byte-buddy-agent/1.9.12/byte-buddy-agent-1.9.12.jar:/home/whitewolf/.m2/repository/org/objenesis/objenesis/2.6/objenesis-2.6.jar:/home/whitewolf/.m2/repository/org/hamcrest/hamcrest-core/1.3/hamcrest-core-1.3.jar:/home/whitewolf/.m2/repository/org/hamcrest/hamcrest-library/1.3/hamcrest-library-1.3.jar:/home/whitewolf/.m2/repository/org/skyscreamer/jsonassert/1.5.0/jsonassert-1.5.0.jar:/home/whitewolf/.m2/repository/com/vaadin/external/google/android-json/0.0.20131108.vaadin1/android-json-0.0.20131108.vaadin1.jar:/home/whitewolf/.m2/repository/org/springframework/spring-core/5.1.6.RELEASE/spring-core-5.1.6.RELEASE.jar:/home/whitewolf/.m2/repository/org/springframework/spring-jcl/5.1.6.RELEASE/spring-jcl-5.1.6.RELEASE.jar:/home/whitewolf/.m2/repository/org/springframework/spring-test/5.1.6.RELEASE/spring-test-5.1.6.RELEASE.jar:/home/whitewolf/.m2/repository/org/xmlunit/xmlunit-core/2.6.2/xmlunit-core-2.6.2.jar:/home/whitewolf/.m2/repository/org/springframework/boot/spring-boot-starter-tomcat/2.1.4.RELEASE/spring-boot-starter-tomcat-2.1.4.RELEASE.jar:/home/whitewolf/.m2/repository/javax/annotation/javax.annotation-api/1.3.2/javax.annotation-api-1.3.2.jar:/home/whitewolf/.m2/repository/org/apache/tomcat/embed/tomcat-embed-core/9.0.17/tomcat-embed-core-9.0.17.jar:/home/whitewolf/.m2/repository/org/apache/tomcat/embed/tomcat-embed-el/9.0.17/tomcat-embed-el-9.0.17.jar:/home/whitewolf/.m2/repository/org/apache/tomcat/embed/tomcat-embed-websocket/9.0.17/tomcat-embed-websocket-9.0.17.jar:/home/whitewolf/.m2/repository/org/springframework/boot/spring-boot-starter-data-jpa/2.1.4.RELEASE/spring-boot-starter-data-jpa-2.1.4.RELEASE.jar:/home/whitewolf/.m2/repository/org/springframework/boot/spring-boot-starter-aop/2.1.4.RELEASE/spring-boot-starter-aop-2.1.4.RELEASE.jar:/home/whitewolf/.m2/repository/org/aspectj/aspectjweaver/1.9.2/aspectjweaver-1.9.2.jar:/home/whitewolf/.m2/repository/org/springframework/boot/spring-boot-starter-jdbc/2.1.4.RELEASE/spring-boot-starter-jdbc-2.1.4.RELEASE.jar:/home/whitewolf/.m2/repository/com/zaxxer/HikariCP/3.2.0/HikariCP-3.2.0.jar:/home/whitewolf/.m2/repository/org/springframework/spring-jdbc/5.1.6.RELEASE/spring-jdbc-5.1.6.RELEASE.jar:/home/whitewolf/.m2/repository/javax/transaction/javax.transaction-api/1.3/javax.transaction-api-1.3.jar:/home/whitewolf/.m2/repository/javax/xml/bind/jaxb-api/2.3.1/jaxb-api-2.3.1.jar:/home/whitewolf/.m2/repository/javax/activation/javax.activation-api/1.2.0/javax.activation-api-1.2.0.jar:/home/whitewolf/.m2/repository/org/springframework/data/spring-data-jpa/2.1.6.RELEASE/spring-data-jpa-2.1.6.RELEASE.jar:/home/whitewolf/.m2/repository/org/springframework/data/spring-data-commons/2.1.6.RELEASE/spring-data-commons-2.1.6.RELEASE.jar:/home/whitewolf/.m2/repository/org/springframework/spring-orm/5.1.6.RELEASE/spring-orm-5.1.6.RELEASE.jar:/home/whitewolf/.m2/repository/org/springframework/spring-aspects/5.1.6.RELEASE/spring-aspects-5.1.6.RELEASE.jar:/home/whitewolf/.m2/repository/org/springframework/spring-tx/5.1.6.RELEASE/spring-tx-5.1.6.RELEASE.jar:/home/whitewolf/.m2/repository/org/springframework/spring-beans/5.1.6.RELEASE/spring-beans-5.1.6.RELEASE.jar:/home/whitewolf/.m2/repository/com/jayway/jsonpath/json-path/2.4.0/json-path-2.4.0.jar:/home/whitewolf/.m2/repository/net/minidev/json-smart/2.3/json-smart-2.3.jar:/home/whitewolf/.m2/repository/net/minidev/accessors-smart/1.2/accessors-smart-1.2.jar:/home/whitewolf/.m2/repository/org/ow2/asm/asm/5.0.4/asm-5.0.4.jar:/home/whitewolf/.m2/repository/org/slf4j/slf4j-api/1.7.26/slf4j-api-1.7.26.jar:/home/whitewolf/.m2/repository/org/hibernate/hibernate-core/5.1.6.Final/hibernate-core-5.1.6.Final.jar:/home/whitewolf/.m2/repository/org/jboss/logging/jboss-logging/3.3.2.Final/jboss-logging-3.3.2.Final.jar:/home/whitewolf/.m2/repository/org/hibernate/javax/persistence/hibernate-jpa-2.1-api/1.0.0.Final/hibernate-jpa-2.1-api-1.0.0.Final.jar:/home/whitewolf/.m2/repository/org/javassist/javassist/3.20.0-GA/javassist-3.20.0-GA.jar:/home/whitewolf/.m2/repository/antlr/antlr/2.7.7/antlr-2.7.7.jar:/home/whitewolf/.m2/repository/org/apache/geronimo/specs/geronimo-jta_1.1_spec/1.1.1/geronimo-jta_1.1_spec-1.1.1.jar:/home/whitewolf/.m2/repository/org/jboss/jandex/2.0.3.Final/jandex-2.0.3.Final.jar:/home/whitewolf/.m2/repository/com/fasterxml/classmate/1.4.0/classmate-1.4.0.jar:/home/whitewolf/.m2/repository/dom4j/dom4j/1.6.1/dom4j-1.6.1.jar:/home/whitewolf/.m2/repository/org/hibernate/common/hibernate-commons-annotations/5.0.1.Final/hibernate-commons-annotations-5.0.1.Final.jar:/home/whitewolf/.m2/repository/org/hsqldb/hsqldb/2.3.4/hsqldb-2.3.4.jar:, java.vm.vendor=Oracle Corporation, user.timezone=Europe/Warsaw, os.name=Linux, java.vm.specification.version=11, sun.java.launcher=SUN_STANDARD, user.country=PL, surefire.test.class.path=/home/whitewolf/tau/TAU-repozytorium/tau-mmo-jmeter/target/test-classes:/home/whitewolf/tau/TAU-repozytorium/tau-mmo-jmeter/target/classes:/home/whitewolf/.m2/repository/org/springframework/boot/spring-boot-starter-web/2.1.4.RELEASE/spring-boot-starter-web-2.1.4.RELEASE.jar:/home/whitewolf/.m2/repository/org/springframework/boot/spring-boot-starter/2.1.4.RELEASE/spring-boot-starter-2.1.4.RELEASE.jar:/home/whitewolf/.m2/repository/org/springframework/boot/spring-boot/2.1.4.RELEASE/spring-boot-2.1.4.RELEASE.jar:/home/whitewolf/.m2/repository/org/springframework/boot/spring-boot-autoconfigure/2.1.4.RELEASE/spring-boot-autoconfigure-2.1.4.RELEASE.jar:/home/whitewolf/.m2/repository/org/springframework/boot/spring-boot-starter-logging/2.1.4.RELEASE/spring-boot-starter-logging-2.1.4.RELEASE.jar:/home/whitewolf/.m2/repository/ch/qos/logback/logback-classic/1.2.3/logback-classic-1.2.3.jar:/home/whitewolf/.m2/repository/ch/qos/logback/logback-core/1.2.3/logback-core-1.2.3.jar:/home/whitewolf/.m2/repository/org/apache/logging/log4j/log4j-to-slf4j/2.11.2/log4j-to-slf4j-2.11.2.jar:/home/whitewolf/.m2/repository/org/apache/logging/log4j/log4j-api/2.11.2/log4j-api-2.11.2.jar:/home/whitewolf/.m2/repository/org/slf4j/jul-to-slf4j/1.7.26/jul-to-slf4j-1.7.26.jar:/home/whitewolf/.m2/repository/org/yaml/snakeyaml/1.23/snakeyaml-1.23.jar:/home/whitewolf/.m2/repository/org/springframework/boot/spring-boot-starter-json/2.1.4.RELEASE/spring-boot-starter-json-2.1.4.RELEASE.jar:/home/whitewolf/.m2/repository/com/fasterxml/jackson/core/jackson-databind/2.9.8/jackson-databind-2.9.8.jar:/home/whitewolf/.m2/repository/com/fasterxml/jackson/core/jackson-annotations/2.9.0/jackson-annotations-2.9.0.jar:/home/whitewolf/.m2/repository/com/fasterxml/jackson/core/jackson-core/2.9.8/jackson-core-2.9.8.jar:/home/whitewolf/.m2/repository/com/fasterxml/jackson/datatype/jackson-datatype-jdk8/2.9.8/jackson-datatype-jdk8-2.9.8.jar:/home/whitewolf/.m2/repository/com/fasterxml/jackson/datatype/jackson-datatype-jsr310/2.9.8/jackson-datatype-jsr310-2.9.8.jar:/home/whitewolf/.m2/repository/com/fasterxml/jackson/module/jackson-module-parameter-names/2.9.8/jackson-module-parameter-names-2.9.8.jar:/home/whitewolf/.m2/repository/org/hibernate/validator/hibernate-validator/6.0.16.Final/hibernate-validator-6.0.16.Final.jar:/home/whitewolf/.m2/repository/javax/validation/validation-api/2.0.1.Final/validation-api-2.0.1.Final.jar:/home/whitewolf/.m2/repository/org/springframework/spring-web/5.1.6.RELEASE/spring-web-5.1.6.RELEASE.jar:/home/whitewolf/.m2/repository/org/springframework/spring-webmvc/5.1.6.RELEASE/spring-webmvc-5.1.6.RELEASE.jar:/home/whitewolf/.m2/repository/org/springframework/spring-aop/5.1.6.RELEASE/spring-aop-5.1.6.RELEASE.jar:/home/whitewolf/.m2/repository/org/springframework/spring-context/5.1.6.RELEASE/spring-context-5.1.6.RELEASE.jar:/home/whitewolf/.m2/repository/org/springframework/spring-expression/5.1.6.RELEASE/spring-expression-5.1.6.RELEASE.jar:/home/whitewolf/.m2/repository/org/springframework/boot/spring-boot-starter-test/2.1.4.RELEASE/spring-boot-starter-test-2.1.4.RELEASE.jar:/home/whitewolf/.m2/repository/org/springframework/boot/spring-boot-test/2.1.4.RELEASE/spring-boot-test-2.1.4.RELEASE.jar:/home/whitewolf/.m2/repository/org/springframework/boot/spring-boot-test-autoconfigure/2.1.4.RELEASE/spring-boot-test-autoconfigure-2.1.4.RELEASE.jar:/home/whitewolf/.m2/repository/junit/junit/4.12/junit-4.12.jar:/home/whitewolf/.m2/repository/org/assertj/assertj-core/3.11.1/assertj-core-3.11.1.jar:/home/whitewolf/.m2/repository/org/mockito/mockito-core/2.23.4/mockito-core-2.23.4.jar:/home/whitewolf/.m2/repository/net/bytebuddy/byte-buddy/1.9.12/byte-buddy-1.9.12.jar:/home/whitewolf/.m2/repository/net/bytebuddy/byte-buddy-agent/1.9.12/byte-buddy-agent-1.9.12.jar:/home/whitewolf/.m2/repository/org/objenesis/objenesis/2.6/objenesis-2.6.jar:/home/whitewolf/.m2/repository/org/hamcrest/hamcrest-core/1.3/hamcrest-core-1.3.jar:/home/whitewolf/.m2/repository/org/hamcrest/hamcrest-library/1.3/hamcrest-library-1.3.jar:/home/whitewolf/.m2/repository/org/skyscreamer/jsonassert/1.5.0/jsonassert-1.5.0.jar:/home/whitewolf/.m2/repository/com/vaadin/external/google/android-json/0.0.20131108.vaadin1/android-json-0.0.20131108.vaadin1.jar:/home/whitewolf/.m2/repository/org/springframework/spring-core/5.1.6.RELEASE/spring-core-5.1.6.RELEASE.jar:/home/whitewolf/.m2/repository/org/springframework/spring-jcl/5.1.6.RELEASE/spring-jcl-5.1.6.RELEASE.jar:/home/whitewolf/.m2/repository/org/springframework/spring-test/5.1.6.RELEASE/spring-test-5.1.6.RELEASE.jar:/home/whitewolf/.m2/repository/org/xmlunit/xmlunit-core/2.6.2/xmlunit-core-2.6.2.jar:/home/whitewolf/.m2/repository/org/springframework/boot/spring-boot-starter-tomcat/2.1.4.RELEASE/spring-boot-starter-tomcat-2.1.4.RELEASE.jar:/home/whitewolf/.m2/repository/javax/annotation/javax.annotation-api/1.3.2/javax.annotation-api-1.3.2.jar:/home/whitewolf/.m2/repository/org/apache/tomcat/embed/tomcat-embed-core/9.0.17/tomcat-embed-core-9.0.17.jar:/home/whitewolf/.m2/repository/org/apache/tomcat/embed/tomcat-embed-el/9.0.17/tomcat-embed-el-9.0.17.jar:/home/whitewolf/.m2/repository/org/apache/tomcat/embed/tomcat-embed-websocket/9.0.17/tomcat-embed-websocket-9.0.17.jar:/home/whitewolf/.m2/repository/org/springframework/boot/spring-boot-starter-data-jpa/2.1.4.RELEASE/spring-boot-starter-data-jpa-2.1.4.RELEASE.jar:/home/whitewolf/.m2/repository/org/springframework/boot/spring-boot-starter-aop/2.1.4.RELEASE/spring-boot-starter-aop-2.1.4.RELEASE.jar:/home/whitewolf/.m2/repository/org/aspectj/aspectjweaver/1.9.2/aspectjweaver-1.9.2.jar:/home/whitewolf/.m2/repository/org/springframework/boot/spring-boot-starter-jdbc/2.1.4.RELEASE/spring-boot-starter-jdbc-2.1.4.RELEASE.jar:/home/whitewolf/.m2/repository/com/zaxxer/HikariCP/3.2.0/HikariCP-3.2.0.jar:/home/whitewolf/.m2/repository/org/springframework/spring-jdbc/5.1.6.RELEASE/spring-jdbc-5.1.6.RELEASE.jar:/home/whitewolf/.m2/repository/javax/transaction/javax.transaction-api/1.3/javax.transaction-api-1.3.jar:/home/whitewolf/.m2/repository/javax/xml/bind/jaxb-api/2.3.1/jaxb-api-2.3.1.jar:/home/whitewolf/.m2/repository/javax/activation/javax.activation-api/1.2.0/javax.activation-api-1.2.0.jar:/home/whitewolf/.m2/repository/org/springframework/data/spring-data-jpa/2.1.6.RELEASE/spring-data-jpa-2.1.6.RELEASE.jar:/home/whitewolf/.m2/repository/org/springframework/data/spring-data-commons/2.1.6.RELEASE/spring-data-commons-2.1.6.RELEASE.jar:/home/whitewolf/.m2/repository/org/springframework/spring-orm/5.1.6.RELEASE/spring-orm-5.1.6.RELEASE.jar:/home/whitewolf/.m2/repository/org/springframework/spring-aspects/5.1.6.RELEASE/spring-aspects-5.1.6.RELEASE.jar:/home/whitewolf/.m2/repository/org/springframework/spring-tx/5.1.6.RELEASE/spring-tx-5.1.6.RELEASE.jar:/home/whitewolf/.m2/repository/org/springframework/spring-beans/5.1.6.RELEASE/spring-beans-5.1.6.RELEASE.jar:/home/whitewolf/.m2/repository/com/jayway/jsonpath/json-path/2.4.0/json-path-2.4.0.jar:/home/whitewolf/.m2/repository/net/minidev/json-smart/2.3/json-smart-2.3.jar:/home/whitewolf/.m2/repository/net/minidev/accessors-smart/1.2/accessors-smart-1.2.jar:/home/whitewolf/.m2/repository/org/ow2/asm/asm/5.0.4/asm-5.0.4.jar:/home/whitewolf/.m2/repository/org/slf4j/slf4j-api/1.7.26/slf4j-api-1.7.26.jar:/home/whitewolf/.m2/repository/org/hibernate/hibernate-core/5.1.6.Final/hibernate-core-5.1.6.Final.jar:/home/whitewolf/.m2/repository/org/jboss/logging/jboss-logging/3.3.2.Final/jboss-logging-3.3.2.Final.jar:/home/whitewolf/.m2/repository/org/hibernate/javax/persistence/hibernate-jpa-2.1-api/1.0.0.Final/hibernate-jpa-2.1-api-1.0.0.Final.jar:/home/whitewolf/.m2/repository/org/javassist/javassist/3.20.0-GA/javassist-3.20.0-GA.jar:/home/whitewolf/.m2/repository/antlr/antlr/2.7.7/antlr-2.7.7.jar:/home/whitewolf/.m2/repository/org/apache/geronimo/specs/geronimo-jta_1.1_spec/1.1.1/geronimo-jta_1.1_spec-1.1.1.jar:/home/whitewolf/.m2/repository/org/jboss/jandex/2.0.3.Final/jandex-2.0.3.Final.jar:/home/whitewolf/.m2/repository/com/fasterxml/classmate/1.4.0/classmate-1.4.0.jar:/home/whitewolf/.m2/repository/dom4j/dom4j/1.6.1/dom4j-1.6.1.jar:/home/whitewolf/.m2/repository/org/hibernate/common/hibernate-commons-annotations/5.0.1.Final/hibernate-commons-annotations-5.0.1.Final.jar:/home/whitewolf/.m2/repository/org/hsqldb/hsqldb/2.3.4/hsqldb-2.3.4.jar:, sun.cpu.endian=little, user.home=/home/whitewolf, user.language=pl, java.awt.graphicsenv=sun.awt.X11GraphicsEnvironment, surefire.real.class.path=/home/whitewolf/tau/TAU-repozytorium/tau-mmo-jmeter/target/surefire/surefirebooter3068630985977223282.jar, path.separator=:, os.version=4.15.0-47-generic, java.runtime.name=OpenJDK Runtime Environment, java.vm.name=OpenJDK 64-Bit Server VM, hibernate.show_sql=true, java.vendor.url.bug=http://bugreport.java.com/bugreport/, user.dir=/home/whitewolf/tau/TAU-repozytorium/tau-mmo-jmeter, os.arch=amd64, hibernate.boot.CfgXmlAccessService.key=org.hibernate.boot.cfgxml.spi.LoadedConfig@1bf52f10, java.vm.info=mixed mode, sharing, java.vm.version=11.0.3+7-Ubuntu-1ubuntu218.04.1, hibernate.bytecode.use_reflection_optimizer=false, hibernate.connection.datasource=org.springframework.jdbc.datasource.DriverManagerDataSource@789d8fd6, java.class.version=55.0}
19:40:32.171 [main] DEBUG org.hibernate.validator.internal.engine.resolver.TraversableResolvers - Found javax.persistence.Persistence on classpath containing 'getPersistenceUtil'. Assuming JPA 2 environment. Trying to instantiate JPA aware TraversableResolver
19:40:32.171 [main] DEBUG org.hibernate.validator.internal.engine.resolver.TraversableResolvers - Instantiated JPA aware TraversableResolver of type org.hibernate.validator.internal.engine.resolver.JPATraversableResolver.
19:40:32.171 [main] DEBUG org.hibernate.validator.internal.xml.config.ValidationXmlParser - Trying to load META-INF/validation.xml for XML based Validator configuration.
19:40:32.171 [main] DEBUG org.hibernate.validator.internal.xml.config.ResourceLoaderHelper - Trying to load META-INF/validation.xml via TCCL
19:40:32.171 [main] DEBUG org.hibernate.validator.internal.xml.config.ResourceLoaderHelper - Trying to load META-INF/validation.xml via Hibernate Validator's class loader
19:40:32.171 [main] DEBUG org.hibernate.validator.internal.xml.config.ValidationXmlParser - No META-INF/validation.xml found. Using annotation based configuration only.
19:40:32.173 [main] DEBUG org.hibernate.validator.messageinterpolation.ResourceBundleMessageInterpolator - Loaded expression factory via original TCCL
19:40:32.173 [main] DEBUG org.hibernate.validator.internal.engine.ValidatorFactoryImpl - HV000234: Using org.hibernate.validator.messageinterpolation.ResourceBundleMessageInterpolator as ValidatorFactory-scoped message interpolator.
19:40:32.173 [main] DEBUG org.hibernate.validator.internal.engine.ValidatorFactoryImpl - HV000234: Using org.hibernate.validator.internal.engine.resolver.JPATraversableResolver as ValidatorFactory-scoped traversable resolver.
19:40:32.173 [main] DEBUG org.hibernate.validator.internal.engine.ValidatorFactoryImpl - HV000234: Using org.hibernate.validator.internal.util.ExecutableParameterNameProvider as ValidatorFactory-scoped parameter name provider.
19:40:32.173 [main] DEBUG org.hibernate.validator.internal.engine.ValidatorFactoryImpl - HV000234: Using org.hibernate.validator.internal.engine.DefaultClockProvider as ValidatorFactory-scoped clock provider.
19:40:32.173 [main] DEBUG org.hibernate.validator.internal.engine.ValidatorFactoryImpl - HV000234: Using org.hibernate.validator.internal.engine.scripting.DefaultScriptEvaluatorFactory as ValidatorFactory-scoped script evaluator factory.
19:40:32.173 [main] DEBUG org.hibernate.boot.internal.ClassLoaderAccessImpl - Not known whether passed class name [tau.mmo.domain.Item] is safe
19:40:32.173 [main] DEBUG org.hibernate.boot.internal.ClassLoaderAccessImpl - No temp ClassLoader provided; using live ClassLoader for loading potentially unsafe class : tau.mmo.domain.Item
19:40:32.175 [main] DEBUG org.hibernate.boot.internal.ClassLoaderAccessImpl - Not known whether passed class name [tau.mmo.domain.Player] is safe
19:40:32.175 [main] DEBUG org.hibernate.boot.internal.ClassLoaderAccessImpl - No temp ClassLoader provided; using live ClassLoader for loading potentially unsafe class : tau.mmo.domain.Player
19:40:32.176 [main] DEBUG org.hibernate.secure.spi.JaccIntegrator - Skipping JACC integration as it was not enabled
19:40:32.176 [main] DEBUG org.hibernate.boot.internal.ClassLoaderAccessImpl - Not known whether passed class name [tau.mmo.domain.Item] is safe
19:40:32.176 [main] DEBUG org.hibernate.boot.internal.ClassLoaderAccessImpl - No temp ClassLoader provided; using live ClassLoader for loading potentially unsafe class : tau.mmo.domain.Item
19:40:32.176 [main] DEBUG org.hibernate.boot.internal.ClassLoaderAccessImpl - Not known whether passed class name [tau.mmo.domain.Item] is safe
19:40:32.176 [main] DEBUG org.hibernate.boot.internal.ClassLoaderAccessImpl - No temp ClassLoader provided; using live ClassLoader for loading potentially unsafe class : tau.mmo.domain.Item
19:40:32.177 [main] DEBUG org.hibernate.boot.internal.ClassLoaderAccessImpl - Not known whether passed class name [tau.mmo.domain.Player] is safe
19:40:32.177 [main] DEBUG org.hibernate.boot.internal.ClassLoaderAccessImpl - No temp ClassLoader provided; using live ClassLoader for loading potentially unsafe class : tau.mmo.domain.Player
19:40:32.177 [main] DEBUG org.hibernate.boot.internal.ClassLoaderAccessImpl - Not known whether passed class name [tau.mmo.domain.Player] is safe
19:40:32.177 [main] DEBUG org.hibernate.boot.internal.ClassLoaderAccessImpl - No temp ClassLoader provided; using live ClassLoader for loading potentially unsafe class : tau.mmo.domain.Player
19:40:32.178 [main] DEBUG org.hibernate.persister.collection.AbstractCollectionPersister - Static SQL for collection: tau.mmo.domain.Player.items
19:40:32.178 [main] DEBUG org.hibernate.persister.collection.AbstractCollectionPersister -  Row insert: update item set player_id=? where id=?
19:40:32.178 [main] DEBUG org.hibernate.persister.collection.AbstractCollectionPersister -  Row update: update item set  where id=?
19:40:32.178 [main] DEBUG org.hibernate.persister.collection.AbstractCollectionPersister -  Row delete: update item set player_id=null where player_id=? and id=?
19:40:32.178 [main] DEBUG org.hibernate.persister.collection.AbstractCollectionPersister -  One-shot delete: update item set player_id=null where player_id=?
19:40:32.178 [main] DEBUG org.hibernate.persister.entity.AbstractEntityPersister - Static SQL for entity: tau.mmo.domain.Item
19:40:32.178 [main] DEBUG org.hibernate.persister.entity.AbstractEntityPersister -  Version select: select id from item where id =?
19:40:32.178 [main] DEBUG org.hibernate.persister.entity.AbstractEntityPersister -  Snapshot select: select item_.id, item_.itemclass as itemclas2_0_, item_.levelreq as levelreq3_0_, item_.name as name4_0_, item_.player_id as player_i5_0_ from item item_ where item_.id=?
19:40:32.178 [main] DEBUG org.hibernate.persister.entity.AbstractEntityPersister -  Insert 0: insert into item (itemclass, levelreq, name, player_id, id) values (?, ?, ?, ?, ?)
19:40:32.178 [main] DEBUG org.hibernate.persister.entity.AbstractEntityPersister -  Update 0: update item set itemclass=?, levelreq=?, name=?, player_id=? where id=?
19:40:32.178 [main] DEBUG org.hibernate.persister.entity.AbstractEntityPersister -  Delete 0: delete from item where id=?
19:40:32.178 [main] DEBUG org.hibernate.loader.plan.build.internal.spaces.QuerySpacesImpl - Adding QuerySpace : uid = <gen:0> -> org.hibernate.loader.plan.build.internal.spaces.EntityQuerySpaceImpl@4b5cdd07]
19:40:32.178 [main] DEBUG org.hibernate.persister.walking.spi.MetamodelGraphWalker - Visiting attribute path : itemclass
19:40:32.178 [main] DEBUG org.hibernate.persister.walking.spi.MetamodelGraphWalker - Visiting attribute path : levelreq
19:40:32.178 [main] DEBUG org.hibernate.persister.walking.spi.MetamodelGraphWalker - Visiting attribute path : name
19:40:32.178 [main] DEBUG org.hibernate.persister.walking.spi.MetamodelGraphWalker - Visiting attribute path : player
19:40:32.178 [main] DEBUG org.hibernate.loader.plan.build.internal.spaces.QuerySpacesImpl - Adding QuerySpace : uid = <gen:1> -> org.hibernate.loader.plan.build.internal.spaces.EntityQuerySpaceImpl@1aaf73b7]
19:40:32.178 [main] DEBUG org.hibernate.loader.plan.build.internal.FetchStyleLoadPlanBuildingAssociationVisitationStrategy - Building LoadPlan...
19:40:32.178 [main] DEBUG org.hibernate.loader.plan.exec.internal.LoadQueryJoinAndFetchProcessor - processing queryspace <gen:0>
19:40:32.178 [main] DEBUG org.hibernate.loader.plan.build.spi.LoadPlanTreePrinter - LoadPlan(entity=tau.mmo.domain.Item)
    - Returns
       - EntityReturnImpl(entity=tau.mmo.domain.Item, querySpaceUid=<gen:0>, path=tau.mmo.domain.Item)
          - EntityAttributeFetchImpl(entity=tau.mmo.domain.Player, querySpaceUid=<gen:1>, path=tau.mmo.domain.Item.player)
    - QuerySpaces
       - EntityQuerySpaceImpl(uid=<gen:0>, entity=tau.mmo.domain.Item)
          - SQL table alias mapping - item0_
          - alias suffix - 0_
          - suffixed key columns - {id1_0_0_}

19:40:32.178 [main] DEBUG org.hibernate.loader.entity.plan.EntityLoader - Static select for entity tau.mmo.domain.Item [NONE]: select item0_.id as id1_0_0_, item0_.itemclass as itemclas2_0_0_, item0_.levelreq as levelreq3_0_0_, item0_.name as name4_0_0_, item0_.player_id as player_i5_0_0_ from item item0_ where item0_.id=?
19:40:32.178 [main] DEBUG org.hibernate.loader.plan.build.internal.spaces.QuerySpacesImpl - Adding QuerySpace : uid = <gen:0> -> org.hibernate.loader.plan.build.internal.spaces.EntityQuerySpaceImpl@731d0d5c]
19:40:32.178 [main] DEBUG org.hibernate.persister.walking.spi.MetamodelGraphWalker - Visiting attribute path : itemclass
19:40:32.178 [main] DEBUG org.hibernate.persister.walking.spi.MetamodelGraphWalker - Visiting attribute path : levelreq
19:40:32.178 [main] DEBUG org.hibernate.persister.walking.spi.MetamodelGraphWalker - Visiting attribute path : name
19:40:32.178 [main] DEBUG org.hibernate.persister.walking.spi.MetamodelGraphWalker - Visiting attribute path : player
19:40:32.178 [main] DEBUG org.hibernate.loader.plan.build.internal.spaces.QuerySpacesImpl - Adding QuerySpace : uid = <gen:1> -> org.hibernate.loader.plan.build.internal.spaces.EntityQuerySpaceImpl@18e76101]
19:40:32.178 [main] DEBUG org.hibernate.loader.plan.build.internal.FetchStyleLoadPlanBuildingAssociationVisitationStrategy - Building LoadPlan...
19:40:32.178 [main] DEBUG org.hibernate.loader.plan.exec.internal.LoadQueryJoinAndFetchProcessor - processing queryspace <gen:0>
19:40:32.178 [main] DEBUG org.hibernate.loader.plan.build.spi.LoadPlanTreePrinter - LoadPlan(entity=tau.mmo.domain.Item)
    - Returns
       - EntityReturnImpl(entity=tau.mmo.domain.Item, querySpaceUid=<gen:0>, path=tau.mmo.domain.Item)
          - EntityAttributeFetchImpl(entity=tau.mmo.domain.Player, querySpaceUid=<gen:1>, path=tau.mmo.domain.Item.player)
    - QuerySpaces
       - EntityQuerySpaceImpl(uid=<gen:0>, entity=tau.mmo.domain.Item)
          - SQL table alias mapping - item0_
          - alias suffix - 0_
          - suffixed key columns - {id1_0_0_}

19:40:32.179 [main] DEBUG org.hibernate.loader.entity.plan.EntityLoader - Static select for entity tau.mmo.domain.Item [READ]: select item0_.id as id1_0_0_, item0_.itemclass as itemclas2_0_0_, item0_.levelreq as levelreq3_0_0_, item0_.name as name4_0_0_, item0_.player_id as player_i5_0_0_ from item item0_ where item0_.id=?
19:40:32.179 [main] DEBUG org.hibernate.loader.plan.build.internal.spaces.QuerySpacesImpl - Adding QuerySpace : uid = <gen:0> -> org.hibernate.loader.plan.build.internal.spaces.EntityQuerySpaceImpl@79349b61]
19:40:32.179 [main] DEBUG org.hibernate.persister.walking.spi.MetamodelGraphWalker - Visiting attribute path : itemclass
19:40:32.179 [main] DEBUG org.hibernate.persister.walking.spi.MetamodelGraphWalker - Visiting attribute path : levelreq
19:40:32.179 [main] DEBUG org.hibernate.persister.walking.spi.MetamodelGraphWalker - Visiting attribute path : name
19:40:32.179 [main] DEBUG org.hibernate.persister.walking.spi.MetamodelGraphWalker - Visiting attribute path : player
19:40:32.179 [main] DEBUG org.hibernate.loader.plan.build.internal.spaces.QuerySpacesImpl - Adding QuerySpace : uid = <gen:1> -> org.hibernate.loader.plan.build.internal.spaces.EntityQuerySpaceImpl@1e36baca]
19:40:32.179 [main] DEBUG org.hibernate.loader.plan.build.internal.FetchStyleLoadPlanBuildingAssociationVisitationStrategy - Building LoadPlan...
19:40:32.179 [main] DEBUG org.hibernate.loader.plan.exec.internal.LoadQueryJoinAndFetchProcessor - processing queryspace <gen:0>
19:40:32.179 [main] DEBUG org.hibernate.loader.plan.build.spi.LoadPlanTreePrinter - LoadPlan(entity=tau.mmo.domain.Item)
    - Returns
       - EntityReturnImpl(entity=tau.mmo.domain.Item, querySpaceUid=<gen:0>, path=tau.mmo.domain.Item)
          - EntityAttributeFetchImpl(entity=tau.mmo.domain.Player, querySpaceUid=<gen:1>, path=tau.mmo.domain.Item.player)
    - QuerySpaces
       - EntityQuerySpaceImpl(uid=<gen:0>, entity=tau.mmo.domain.Item)
          - SQL table alias mapping - item0_
          - alias suffix - 0_
          - suffixed key columns - {id1_0_0_}

19:40:32.179 [main] DEBUG org.hibernate.loader.entity.plan.EntityLoader - Static select for entity tau.mmo.domain.Item [UPGRADE]: select item0_.id as id1_0_0_, item0_.itemclass as itemclas2_0_0_, item0_.levelreq as levelreq3_0_0_, item0_.name as name4_0_0_, item0_.player_id as player_i5_0_0_ from item item0_ where item0_.id=? for update
19:40:32.179 [main] DEBUG org.hibernate.loader.plan.build.internal.spaces.QuerySpacesImpl - Adding QuerySpace : uid = <gen:0> -> org.hibernate.loader.plan.build.internal.spaces.EntityQuerySpaceImpl@3dfa2f64]
19:40:32.179 [main] DEBUG org.hibernate.persister.walking.spi.MetamodelGraphWalker - Visiting attribute path : itemclass
19:40:32.179 [main] DEBUG org.hibernate.persister.walking.spi.MetamodelGraphWalker - Visiting attribute path : levelreq
19:40:32.179 [main] DEBUG org.hibernate.persister.walking.spi.MetamodelGraphWalker - Visiting attribute path : name
19:40:32.179 [main] DEBUG org.hibernate.persister.walking.spi.MetamodelGraphWalker - Visiting attribute path : player
19:40:32.179 [main] DEBUG org.hibernate.loader.plan.build.internal.spaces.QuerySpacesImpl - Adding QuerySpace : uid = <gen:1> -> org.hibernate.loader.plan.build.internal.spaces.EntityQuerySpaceImpl@42c55978]
19:40:32.179 [main] DEBUG org.hibernate.loader.plan.build.internal.FetchStyleLoadPlanBuildingAssociationVisitationStrategy - Building LoadPlan...
19:40:32.179 [main] DEBUG org.hibernate.loader.plan.exec.internal.LoadQueryJoinAndFetchProcessor - processing queryspace <gen:0>
19:40:32.179 [main] DEBUG org.hibernate.loader.plan.build.spi.LoadPlanTreePrinter - LoadPlan(entity=tau.mmo.domain.Item)
    - Returns
       - EntityReturnImpl(entity=tau.mmo.domain.Item, querySpaceUid=<gen:0>, path=tau.mmo.domain.Item)
          - EntityAttributeFetchImpl(entity=tau.mmo.domain.Player, querySpaceUid=<gen:1>, path=tau.mmo.domain.Item.player)
    - QuerySpaces
       - EntityQuerySpaceImpl(uid=<gen:0>, entity=tau.mmo.domain.Item)
          - SQL table alias mapping - item0_
          - alias suffix - 0_
          - suffixed key columns - {id1_0_0_}

19:40:32.179 [main] DEBUG org.hibernate.loader.entity.plan.EntityLoader - Static select for entity tau.mmo.domain.Item [UPGRADE_NOWAIT]: select item0_.id as id1_0_0_, item0_.itemclass as itemclas2_0_0_, item0_.levelreq as levelreq3_0_0_, item0_.name as name4_0_0_, item0_.player_id as player_i5_0_0_ from item item0_ where item0_.id=? for update
19:40:32.179 [main] DEBUG org.hibernate.loader.plan.build.internal.spaces.QuerySpacesImpl - Adding QuerySpace : uid = <gen:0> -> org.hibernate.loader.plan.build.internal.spaces.EntityQuerySpaceImpl@690e4b00]
19:40:32.179 [main] DEBUG org.hibernate.persister.walking.spi.MetamodelGraphWalker - Visiting attribute path : itemclass
19:40:32.179 [main] DEBUG org.hibernate.persister.walking.spi.MetamodelGraphWalker - Visiting attribute path : levelreq
19:40:32.179 [main] DEBUG org.hibernate.persister.walking.spi.MetamodelGraphWalker - Visiting attribute path : name
19:40:32.179 [main] DEBUG org.hibernate.persister.walking.spi.MetamodelGraphWalker - Visiting attribute path : player
19:40:32.179 [main] DEBUG org.hibernate.loader.plan.build.internal.spaces.QuerySpacesImpl - Adding QuerySpace : uid = <gen:1> -> org.hibernate.loader.plan.build.internal.spaces.EntityQuerySpaceImpl@2728add3]
19:40:32.179 [main] DEBUG org.hibernate.loader.plan.build.internal.FetchStyleLoadPlanBuildingAssociationVisitationStrategy - Building LoadPlan...
19:40:32.179 [main] DEBUG org.hibernate.loader.plan.exec.internal.LoadQueryJoinAndFetchProcessor - processing queryspace <gen:0>
19:40:32.179 [main] DEBUG org.hibernate.loader.plan.build.spi.LoadPlanTreePrinter - LoadPlan(entity=tau.mmo.domain.Item)
    - Returns
       - EntityReturnImpl(entity=tau.mmo.domain.Item, querySpaceUid=<gen:0>, path=tau.mmo.domain.Item)
          - EntityAttributeFetchImpl(entity=tau.mmo.domain.Player, querySpaceUid=<gen:1>, path=tau.mmo.domain.Item.player)
    - QuerySpaces
       - EntityQuerySpaceImpl(uid=<gen:0>, entity=tau.mmo.domain.Item)
          - SQL table alias mapping - item0_
          - alias suffix - 0_
          - suffixed key columns - {id1_0_0_}

19:40:32.179 [main] DEBUG org.hibernate.loader.entity.plan.EntityLoader - Static select for entity tau.mmo.domain.Item [UPGRADE_SKIPLOCKED]: select item0_.id as id1_0_0_, item0_.itemclass as itemclas2_0_0_, item0_.levelreq as levelreq3_0_0_, item0_.name as name4_0_0_, item0_.player_id as player_i5_0_0_ from item item0_ where item0_.id=? for update
19:40:32.179 [main] DEBUG org.hibernate.loader.plan.build.internal.spaces.QuerySpacesImpl - Adding QuerySpace : uid = <gen:0> -> org.hibernate.loader.plan.build.internal.spaces.EntityQuerySpaceImpl@4fce3ed7]
19:40:32.179 [main] DEBUG org.hibernate.persister.walking.spi.MetamodelGraphWalker - Visiting attribute path : itemclass
19:40:32.179 [main] DEBUG org.hibernate.persister.walking.spi.MetamodelGraphWalker - Visiting attribute path : levelreq
19:40:32.179 [main] DEBUG org.hibernate.persister.walking.spi.MetamodelGraphWalker - Visiting attribute path : name
19:40:32.179 [main] DEBUG org.hibernate.persister.walking.spi.MetamodelGraphWalker - Visiting attribute path : player
19:40:32.179 [main] DEBUG org.hibernate.loader.plan.build.internal.spaces.QuerySpacesImpl - Adding QuerySpace : uid = <gen:1> -> org.hibernate.loader.plan.build.internal.spaces.EntityQuerySpaceImpl@4fb99927]
19:40:32.179 [main] DEBUG org.hibernate.loader.plan.build.internal.FetchStyleLoadPlanBuildingAssociationVisitationStrategy - Building LoadPlan...
19:40:32.179 [main] DEBUG org.hibernate.loader.plan.exec.internal.LoadQueryJoinAndFetchProcessor - processing queryspace <gen:0>
19:40:32.180 [main] DEBUG org.hibernate.loader.plan.build.spi.LoadPlanTreePrinter - LoadPlan(entity=tau.mmo.domain.Item)
    - Returns
       - EntityReturnImpl(entity=tau.mmo.domain.Item, querySpaceUid=<gen:0>, path=tau.mmo.domain.Item)
          - EntityAttributeFetchImpl(entity=tau.mmo.domain.Player, querySpaceUid=<gen:1>, path=tau.mmo.domain.Item.player)
    - QuerySpaces
       - EntityQuerySpaceImpl(uid=<gen:0>, entity=tau.mmo.domain.Item)
          - SQL table alias mapping - item0_
          - alias suffix - 0_
          - suffixed key columns - {id1_0_0_}

19:40:32.180 [main] DEBUG org.hibernate.loader.entity.plan.EntityLoader - Static select for entity tau.mmo.domain.Item [FORCE]: select item0_.id as id1_0_0_, item0_.itemclass as itemclas2_0_0_, item0_.levelreq as levelreq3_0_0_, item0_.name as name4_0_0_, item0_.player_id as player_i5_0_0_ from item item0_ where item0_.id=? for update
19:40:32.180 [main] DEBUG org.hibernate.loader.plan.build.internal.spaces.QuerySpacesImpl - Adding QuerySpace : uid = <gen:0> -> org.hibernate.loader.plan.build.internal.spaces.EntityQuerySpaceImpl@2d9df336]
19:40:32.180 [main] DEBUG org.hibernate.persister.walking.spi.MetamodelGraphWalker - Visiting attribute path : itemclass
19:40:32.180 [main] DEBUG org.hibernate.persister.walking.spi.MetamodelGraphWalker - Visiting attribute path : levelreq
19:40:32.180 [main] DEBUG org.hibernate.persister.walking.spi.MetamodelGraphWalker - Visiting attribute path : name
19:40:32.180 [main] DEBUG org.hibernate.persister.walking.spi.MetamodelGraphWalker - Visiting attribute path : player
19:40:32.180 [main] DEBUG org.hibernate.loader.plan.build.internal.spaces.QuerySpacesImpl - Adding QuerySpace : uid = <gen:1> -> org.hibernate.loader.plan.build.internal.spaces.EntityQuerySpaceImpl@5e8698c0]
19:40:32.180 [main] DEBUG org.hibernate.loader.plan.build.internal.FetchStyleLoadPlanBuildingAssociationVisitationStrategy - Building LoadPlan...
19:40:32.180 [main] DEBUG org.hibernate.loader.plan.exec.internal.LoadQueryJoinAndFetchProcessor - processing queryspace <gen:0>
19:40:32.180 [main] DEBUG org.hibernate.loader.plan.build.spi.LoadPlanTreePrinter - LoadPlan(entity=tau.mmo.domain.Item)
    - Returns
       - EntityReturnImpl(entity=tau.mmo.domain.Item, querySpaceUid=<gen:0>, path=tau.mmo.domain.Item)
          - EntityAttributeFetchImpl(entity=tau.mmo.domain.Player, querySpaceUid=<gen:1>, path=tau.mmo.domain.Item.player)
    - QuerySpaces
       - EntityQuerySpaceImpl(uid=<gen:0>, entity=tau.mmo.domain.Item)
          - SQL table alias mapping - item0_
          - alias suffix - 0_
          - suffixed key columns - {id1_0_0_}

19:40:32.180 [main] DEBUG org.hibernate.loader.entity.plan.EntityLoader - Static select for entity tau.mmo.domain.Item [PESSIMISTIC_READ]: select item0_.id as id1_0_0_, item0_.itemclass as itemclas2_0_0_, item0_.levelreq as levelreq3_0_0_, item0_.name as name4_0_0_, item0_.player_id as player_i5_0_0_ from item item0_ where item0_.id=? for update
19:40:32.180 [main] DEBUG org.hibernate.loader.plan.build.internal.spaces.QuerySpacesImpl - Adding QuerySpace : uid = <gen:0> -> org.hibernate.loader.plan.build.internal.spaces.EntityQuerySpaceImpl@5df54296]
19:40:32.180 [main] DEBUG org.hibernate.persister.walking.spi.MetamodelGraphWalker - Visiting attribute path : itemclass
19:40:32.180 [main] DEBUG org.hibernate.persister.walking.spi.MetamodelGraphWalker - Visiting attribute path : levelreq
19:40:32.180 [main] DEBUG org.hibernate.persister.walking.spi.MetamodelGraphWalker - Visiting attribute path : name
19:40:32.180 [main] DEBUG org.hibernate.persister.walking.spi.MetamodelGraphWalker - Visiting attribute path : player
19:40:32.180 [main] DEBUG org.hibernate.loader.plan.build.internal.spaces.QuerySpacesImpl - Adding QuerySpace : uid = <gen:1> -> org.hibernate.loader.plan.build.internal.spaces.EntityQuerySpaceImpl@56a72887]
19:40:32.180 [main] DEBUG org.hibernate.loader.plan.build.internal.FetchStyleLoadPlanBuildingAssociationVisitationStrategy - Building LoadPlan...
19:40:32.180 [main] DEBUG org.hibernate.loader.plan.exec.internal.LoadQueryJoinAndFetchProcessor - processing queryspace <gen:0>
19:40:32.180 [main] DEBUG org.hibernate.loader.plan.build.spi.LoadPlanTreePrinter - LoadPlan(entity=tau.mmo.domain.Item)
    - Returns
       - EntityReturnImpl(entity=tau.mmo.domain.Item, querySpaceUid=<gen:0>, path=tau.mmo.domain.Item)
          - EntityAttributeFetchImpl(entity=tau.mmo.domain.Player, querySpaceUid=<gen:1>, path=tau.mmo.domain.Item.player)
    - QuerySpaces
       - EntityQuerySpaceImpl(uid=<gen:0>, entity=tau.mmo.domain.Item)
          - SQL table alias mapping - item0_
          - alias suffix - 0_
          - suffixed key columns - {id1_0_0_}

19:40:32.180 [main] DEBUG org.hibernate.loader.entity.plan.EntityLoader - Static select for entity tau.mmo.domain.Item [PESSIMISTIC_WRITE]: select item0_.id as id1_0_0_, item0_.itemclass as itemclas2_0_0_, item0_.levelreq as levelreq3_0_0_, item0_.name as name4_0_0_, item0_.player_id as player_i5_0_0_ from item item0_ where item0_.id=? for update
19:40:32.180 [main] DEBUG org.hibernate.loader.plan.build.internal.spaces.QuerySpacesImpl - Adding QuerySpace : uid = <gen:0> -> org.hibernate.loader.plan.build.internal.spaces.EntityQuerySpaceImpl@3c8dea0b]
19:40:32.180 [main] DEBUG org.hibernate.persister.walking.spi.MetamodelGraphWalker - Visiting attribute path : itemclass
19:40:32.180 [main] DEBUG org.hibernate.persister.walking.spi.MetamodelGraphWalker - Visiting attribute path : levelreq
19:40:32.180 [main] DEBUG org.hibernate.persister.walking.spi.MetamodelGraphWalker - Visiting attribute path : name
19:40:32.180 [main] DEBUG org.hibernate.persister.walking.spi.MetamodelGraphWalker - Visiting attribute path : player
19:40:32.180 [main] DEBUG org.hibernate.loader.plan.build.internal.spaces.QuerySpacesImpl - Adding QuerySpace : uid = <gen:1> -> org.hibernate.loader.plan.build.internal.spaces.EntityQuerySpaceImpl@4cddc036]
19:40:32.180 [main] DEBUG org.hibernate.loader.plan.build.internal.FetchStyleLoadPlanBuildingAssociationVisitationStrategy - Building LoadPlan...
19:40:32.180 [main] DEBUG org.hibernate.loader.plan.exec.internal.LoadQueryJoinAndFetchProcessor - processing queryspace <gen:0>
19:40:32.180 [main] DEBUG org.hibernate.loader.plan.build.spi.LoadPlanTreePrinter - LoadPlan(entity=tau.mmo.domain.Item)
    - Returns
       - EntityReturnImpl(entity=tau.mmo.domain.Item, querySpaceUid=<gen:0>, path=tau.mmo.domain.Item)
          - EntityAttributeFetchImpl(entity=tau.mmo.domain.Player, querySpaceUid=<gen:1>, path=tau.mmo.domain.Item.player)
    - QuerySpaces
       - EntityQuerySpaceImpl(uid=<gen:0>, entity=tau.mmo.domain.Item)
          - SQL table alias mapping - item0_
          - alias suffix - 0_
          - suffixed key columns - {id1_0_0_}

19:40:32.180 [main] DEBUG org.hibernate.loader.entity.plan.EntityLoader - Static select for entity tau.mmo.domain.Item [PESSIMISTIC_FORCE_INCREMENT]: select item0_.id as id1_0_0_, item0_.itemclass as itemclas2_0_0_, item0_.levelreq as levelreq3_0_0_, item0_.name as name4_0_0_, item0_.player_id as player_i5_0_0_ from item item0_ where item0_.id=? for update
19:40:32.180 [main] DEBUG org.hibernate.loader.plan.build.internal.spaces.QuerySpacesImpl - Adding QuerySpace : uid = <gen:0> -> org.hibernate.loader.plan.build.internal.spaces.EntityQuerySpaceImpl@23d12a3a]
19:40:32.180 [main] DEBUG org.hibernate.persister.walking.spi.MetamodelGraphWalker - Visiting attribute path : itemclass
19:40:32.180 [main] DEBUG org.hibernate.persister.walking.spi.MetamodelGraphWalker - Visiting attribute path : levelreq
19:40:32.180 [main] DEBUG org.hibernate.persister.walking.spi.MetamodelGraphWalker - Visiting attribute path : name
19:40:32.180 [main] DEBUG org.hibernate.persister.walking.spi.MetamodelGraphWalker - Visiting attribute path : player
19:40:32.180 [main] DEBUG org.hibernate.loader.plan.build.internal.spaces.QuerySpacesImpl - Adding QuerySpace : uid = <gen:1> -> org.hibernate.loader.plan.build.internal.spaces.EntityQuerySpaceImpl@64a7ad02]
19:40:32.180 [main] DEBUG org.hibernate.loader.plan.build.internal.FetchStyleLoadPlanBuildingAssociationVisitationStrategy - Building LoadPlan...
19:40:32.180 [main] DEBUG org.hibernate.loader.plan.exec.internal.LoadQueryJoinAndFetchProcessor - processing queryspace <gen:0>
19:40:32.181 [main] DEBUG org.hibernate.loader.plan.build.spi.LoadPlanTreePrinter - LoadPlan(entity=tau.mmo.domain.Item)
    - Returns
       - EntityReturnImpl(entity=tau.mmo.domain.Item, querySpaceUid=<gen:0>, path=tau.mmo.domain.Item)
          - EntityAttributeFetchImpl(entity=tau.mmo.domain.Player, querySpaceUid=<gen:1>, path=tau.mmo.domain.Item.player)
    - QuerySpaces
       - EntityQuerySpaceImpl(uid=<gen:0>, entity=tau.mmo.domain.Item)
          - SQL table alias mapping - item0_
          - alias suffix - 0_
          - suffixed key columns - {id1_0_0_}

19:40:32.181 [main] DEBUG org.hibernate.loader.entity.plan.EntityLoader - Static select for entity tau.mmo.domain.Item [OPTIMISTIC]: select item0_.id as id1_0_0_, item0_.itemclass as itemclas2_0_0_, item0_.levelreq as levelreq3_0_0_, item0_.name as name4_0_0_, item0_.player_id as player_i5_0_0_ from item item0_ where item0_.id=?
19:40:32.181 [main] DEBUG org.hibernate.loader.plan.build.internal.spaces.QuerySpacesImpl - Adding QuerySpace : uid = <gen:0> -> org.hibernate.loader.plan.build.internal.spaces.EntityQuerySpaceImpl@46590dd0]
19:40:32.181 [main] DEBUG org.hibernate.persister.walking.spi.MetamodelGraphWalker - Visiting attribute path : itemclass
19:40:32.181 [main] DEBUG org.hibernate.persister.walking.spi.MetamodelGraphWalker - Visiting attribute path : levelreq
19:40:32.181 [main] DEBUG org.hibernate.persister.walking.spi.MetamodelGraphWalker - Visiting attribute path : name
19:40:32.181 [main] DEBUG org.hibernate.persister.walking.spi.MetamodelGraphWalker - Visiting attribute path : player
19:40:32.181 [main] DEBUG org.hibernate.loader.plan.build.internal.spaces.QuerySpacesImpl - Adding QuerySpace : uid = <gen:1> -> org.hibernate.loader.plan.build.internal.spaces.EntityQuerySpaceImpl@66a93b25]
19:40:32.181 [main] DEBUG org.hibernate.loader.plan.build.internal.FetchStyleLoadPlanBuildingAssociationVisitationStrategy - Building LoadPlan...
19:40:32.181 [main] DEBUG org.hibernate.loader.plan.exec.internal.LoadQueryJoinAndFetchProcessor - processing queryspace <gen:0>
19:40:32.181 [main] DEBUG org.hibernate.loader.plan.build.spi.LoadPlanTreePrinter - LoadPlan(entity=tau.mmo.domain.Item)
    - Returns
       - EntityReturnImpl(entity=tau.mmo.domain.Item, querySpaceUid=<gen:0>, path=tau.mmo.domain.Item)
          - EntityAttributeFetchImpl(entity=tau.mmo.domain.Player, querySpaceUid=<gen:1>, path=tau.mmo.domain.Item.player)
    - QuerySpaces
       - EntityQuerySpaceImpl(uid=<gen:0>, entity=tau.mmo.domain.Item)
          - SQL table alias mapping - item0_
          - alias suffix - 0_
          - suffixed key columns - {id1_0_0_}

19:40:32.181 [main] DEBUG org.hibernate.loader.entity.plan.EntityLoader - Static select for entity tau.mmo.domain.Item [OPTIMISTIC_FORCE_INCREMENT]: select item0_.id as id1_0_0_, item0_.itemclass as itemclas2_0_0_, item0_.levelreq as levelreq3_0_0_, item0_.name as name4_0_0_, item0_.player_id as player_i5_0_0_ from item item0_ where item0_.id=?
19:40:32.181 [main] DEBUG org.hibernate.loader.Loader - Static select for action ACTION_MERGE on entity tau.mmo.domain.Item: select item0_.id as id1_0_0_, item0_.itemclass as itemclas2_0_0_, item0_.levelreq as levelreq3_0_0_, item0_.name as name4_0_0_, item0_.player_id as player_i5_0_0_ from item item0_ where item0_.id=?
19:40:32.181 [main] DEBUG org.hibernate.loader.Loader - Static select for action ACTION_REFRESH on entity tau.mmo.domain.Item: select item0_.id as id1_0_0_, item0_.itemclass as itemclas2_0_0_, item0_.levelreq as levelreq3_0_0_, item0_.name as name4_0_0_, item0_.player_id as player_i5_0_0_ from item item0_ where item0_.id=?
19:40:32.181 [main] DEBUG org.hibernate.persister.entity.AbstractEntityPersister - Static SQL for entity: tau.mmo.domain.Player
19:40:32.181 [main] DEBUG org.hibernate.persister.entity.AbstractEntityPersister -  Version select: select id from player where id =?
19:40:32.181 [main] DEBUG org.hibernate.persister.entity.AbstractEntityPersister -  Snapshot select: select player_.id, player_.heroclass as heroclas2_1_, player_.level as level3_1_, player_.name as name4_1_ from player player_ where player_.id=?
19:40:32.181 [main] DEBUG org.hibernate.persister.entity.AbstractEntityPersister -  Insert 0: insert into player (heroclass, level, name, id) values (?, ?, ?, ?)
19:40:32.181 [main] DEBUG org.hibernate.persister.entity.AbstractEntityPersister -  Update 0: update player set heroclass=?, level=?, name=? where id=?
19:40:32.181 [main] DEBUG org.hibernate.persister.entity.AbstractEntityPersister -  Delete 0: delete from player where id=?
19:40:32.181 [main] DEBUG org.hibernate.loader.plan.build.internal.spaces.QuerySpacesImpl - Adding QuerySpace : uid = <gen:0> -> org.hibernate.loader.plan.build.internal.spaces.EntityQuerySpaceImpl@3f3f554f]
19:40:32.181 [main] DEBUG org.hibernate.persister.walking.spi.MetamodelGraphWalker - Visiting attribute path : heroclass
19:40:32.181 [main] DEBUG org.hibernate.persister.walking.spi.MetamodelGraphWalker - Visiting attribute path : items
19:40:32.181 [main] DEBUG org.hibernate.loader.plan.build.internal.spaces.QuerySpacesImpl - Adding QuerySpace : uid = <gen:1> -> org.hibernate.loader.plan.build.internal.spaces.CollectionQuerySpaceImpl@467cd4b9]
19:40:32.181 [main] DEBUG org.hibernate.loader.plan.build.internal.spaces.QuerySpacesImpl - Adding QuerySpace : uid = <gen:2> -> org.hibernate.loader.plan.build.internal.spaces.EntityQuerySpaceImpl@69a3bf40]
19:40:32.181 [main] DEBUG org.hibernate.persister.walking.spi.MetamodelGraphWalker - Visiting attribute path : items.itemclass
19:40:32.181 [main] DEBUG org.hibernate.persister.walking.spi.MetamodelGraphWalker - Visiting attribute path : items.levelreq
19:40:32.181 [main] DEBUG org.hibernate.persister.walking.spi.MetamodelGraphWalker - Visiting attribute path : items.name
19:40:32.181 [main] DEBUG org.hibernate.persister.walking.spi.MetamodelGraphWalker - Visiting attribute path : items.player
19:40:32.181 [main] DEBUG org.hibernate.persister.walking.spi.MetamodelGraphWalker - Property path deemed to be circular : items.player
19:40:32.181 [main] DEBUG org.hibernate.persister.walking.spi.MetamodelGraphWalker - Visiting attribute path : level
19:40:32.181 [main] DEBUG org.hibernate.persister.walking.spi.MetamodelGraphWalker - Visiting attribute path : name
19:40:32.181 [main] DEBUG org.hibernate.loader.plan.build.internal.FetchStyleLoadPlanBuildingAssociationVisitationStrategy - Building LoadPlan...
19:40:32.181 [main] DEBUG org.hibernate.loader.plan.exec.internal.LoadQueryJoinAndFetchProcessor - processing queryspace <gen:0>
19:40:32.182 [main] DEBUG org.hibernate.loader.plan.build.spi.LoadPlanTreePrinter - LoadPlan(entity=tau.mmo.domain.Player)
    - Returns
       - EntityReturnImpl(entity=tau.mmo.domain.Player, querySpaceUid=<gen:0>, path=tau.mmo.domain.Player)
          - CollectionAttributeFetchImpl(collection=tau.mmo.domain.Player.items, querySpaceUid=<gen:1>, path=tau.mmo.domain.Player.items)
             - (collection element) CollectionFetchableElementEntityGraph(entity=tau.mmo.domain.Item, querySpaceUid=<gen:2>, path=tau.mmo.domain.Player.items.<elements>)
    - QuerySpaces
       - EntityQuerySpaceImpl(uid=<gen:0>, entity=tau.mmo.domain.Player)
          - SQL table alias mapping - player0_
          - alias suffix - 0_
          - suffixed key columns - {id1_1_0_}
          - JOIN (JoinDefinedByMetadata(items)) : <gen:0> -> <gen:1>
             - CollectionQuerySpaceImpl(uid=<gen:1>, collection=tau.mmo.domain.Player.items)
                - SQL table alias mapping - items1_
                - alias suffix - 1_
                - suffixed key columns - {player_i5_0_1_}
                - entity-element alias suffix - 2_
                - 2_entity-element suffixed key columns - id1_0_2_
                - JOIN (JoinDefinedByMetadata(elements)) : <gen:1> -> <gen:2>
                   - EntityQuerySpaceImpl(uid=<gen:2>, entity=tau.mmo.domain.Item)
                      - SQL table alias mapping - items1_
                      - alias suffix - 2_
                      - suffixed key columns - {id1_0_2_}

19:40:32.182 [main] DEBUG org.hibernate.loader.entity.plan.EntityLoader - Static select for entity tau.mmo.domain.Player [NONE]: select player0_.id as id1_1_0_, player0_.heroclass as heroclas2_1_0_, player0_.level as level3_1_0_, player0_.name as name4_1_0_, items1_.player_id as player_i5_0_1_, items1_.id as id1_0_1_, items1_.id as id1_0_2_, items1_.itemclass as itemclas2_0_2_, items1_.levelreq as levelreq3_0_2_, items1_.name as name4_0_2_, items1_.player_id as player_i5_0_2_ from player player0_ left outer join item items1_ on player0_.id=items1_.player_id where player0_.id=?
19:40:32.182 [main] DEBUG org.hibernate.loader.plan.build.internal.spaces.QuerySpacesImpl - Adding QuerySpace : uid = <gen:0> -> org.hibernate.loader.plan.build.internal.spaces.EntityQuerySpaceImpl@a4dcede]
19:40:32.182 [main] DEBUG org.hibernate.persister.walking.spi.MetamodelGraphWalker - Visiting attribute path : heroclass
19:40:32.182 [main] DEBUG org.hibernate.persister.walking.spi.MetamodelGraphWalker - Visiting attribute path : items
19:40:32.182 [main] DEBUG org.hibernate.loader.plan.build.internal.spaces.QuerySpacesImpl - Adding QuerySpace : uid = <gen:1> -> org.hibernate.loader.plan.build.internal.spaces.CollectionQuerySpaceImpl@4a773f08]
19:40:32.182 [main] DEBUG org.hibernate.loader.plan.build.internal.spaces.QuerySpacesImpl - Adding QuerySpace : uid = <gen:2> -> org.hibernate.loader.plan.build.internal.spaces.EntityQuerySpaceImpl@40b8158d]
19:40:32.182 [main] DEBUG org.hibernate.persister.walking.spi.MetamodelGraphWalker - Visiting attribute path : items.itemclass
19:40:32.182 [main] DEBUG org.hibernate.persister.walking.spi.MetamodelGraphWalker - Visiting attribute path : items.levelreq
19:40:32.182 [main] DEBUG org.hibernate.persister.walking.spi.MetamodelGraphWalker - Visiting attribute path : items.name
19:40:32.182 [main] DEBUG org.hibernate.persister.walking.spi.MetamodelGraphWalker - Visiting attribute path : items.player
19:40:32.182 [main] DEBUG org.hibernate.persister.walking.spi.MetamodelGraphWalker - Property path deemed to be circular : items.player
19:40:32.182 [main] DEBUG org.hibernate.persister.walking.spi.MetamodelGraphWalker - Visiting attribute path : level
19:40:32.182 [main] DEBUG org.hibernate.persister.walking.spi.MetamodelGraphWalker - Visiting attribute path : name
19:40:32.182 [main] DEBUG org.hibernate.loader.plan.build.internal.FetchStyleLoadPlanBuildingAssociationVisitationStrategy - Building LoadPlan...
19:40:32.182 [main] DEBUG org.hibernate.loader.plan.exec.internal.LoadQueryJoinAndFetchProcessor - processing queryspace <gen:0>
19:40:32.182 [main] DEBUG org.hibernate.loader.plan.build.spi.LoadPlanTreePrinter - LoadPlan(entity=tau.mmo.domain.Player)
    - Returns
       - EntityReturnImpl(entity=tau.mmo.domain.Player, querySpaceUid=<gen:0>, path=tau.mmo.domain.Player)
          - CollectionAttributeFetchImpl(collection=tau.mmo.domain.Player.items, querySpaceUid=<gen:1>, path=tau.mmo.domain.Player.items)
             - (collection element) CollectionFetchableElementEntityGraph(entity=tau.mmo.domain.Item, querySpaceUid=<gen:2>, path=tau.mmo.domain.Player.items.<elements>)
    - QuerySpaces
       - EntityQuerySpaceImpl(uid=<gen:0>, entity=tau.mmo.domain.Player)
          - SQL table alias mapping - player0_
          - alias suffix - 0_
          - suffixed key columns - {id1_1_0_}
          - JOIN (JoinDefinedByMetadata(items)) : <gen:0> -> <gen:1>
             - CollectionQuerySpaceImpl(uid=<gen:1>, collection=tau.mmo.domain.Player.items)
                - SQL table alias mapping - items1_
                - alias suffix - 1_
                - suffixed key columns - {player_i5_0_1_}
                - entity-element alias suffix - 2_
                - 2_entity-element suffixed key columns - id1_0_2_
                - JOIN (JoinDefinedByMetadata(elements)) : <gen:1> -> <gen:2>
                   - EntityQuerySpaceImpl(uid=<gen:2>, entity=tau.mmo.domain.Item)
                      - SQL table alias mapping - items1_
                      - alias suffix - 2_
                      - suffixed key columns - {id1_0_2_}

19:40:32.182 [main] DEBUG org.hibernate.loader.entity.plan.EntityLoader - Static select for entity tau.mmo.domain.Player [READ]: select player0_.id as id1_1_0_, player0_.heroclass as heroclas2_1_0_, player0_.level as level3_1_0_, player0_.name as name4_1_0_, items1_.player_id as player_i5_0_1_, items1_.id as id1_0_1_, items1_.id as id1_0_2_, items1_.itemclass as itemclas2_0_2_, items1_.levelreq as levelreq3_0_2_, items1_.name as name4_0_2_, items1_.player_id as player_i5_0_2_ from player player0_ left outer join item items1_ on player0_.id=items1_.player_id where player0_.id=?
19:40:32.182 [main] DEBUG org.hibernate.loader.plan.build.internal.spaces.QuerySpacesImpl - Adding QuerySpace : uid = <gen:0> -> org.hibernate.loader.plan.build.internal.spaces.EntityQuerySpaceImpl@284f25e6]
19:40:32.182 [main] DEBUG org.hibernate.persister.walking.spi.MetamodelGraphWalker - Visiting attribute path : heroclass
19:40:32.182 [main] DEBUG org.hibernate.persister.walking.spi.MetamodelGraphWalker - Visiting attribute path : items
19:40:32.182 [main] DEBUG org.hibernate.loader.plan.build.internal.spaces.QuerySpacesImpl - Adding QuerySpace : uid = <gen:1> -> org.hibernate.loader.plan.build.internal.spaces.CollectionQuerySpaceImpl@346330b6]
19:40:32.182 [main] DEBUG org.hibernate.loader.plan.build.internal.spaces.QuerySpacesImpl - Adding QuerySpace : uid = <gen:2> -> org.hibernate.loader.plan.build.internal.spaces.EntityQuerySpaceImpl@71e2843b]
19:40:32.182 [main] DEBUG org.hibernate.persister.walking.spi.MetamodelGraphWalker - Visiting attribute path : level
19:40:32.182 [main] DEBUG org.hibernate.persister.walking.spi.MetamodelGraphWalker - Visiting attribute path : name
19:40:32.182 [main] DEBUG org.hibernate.loader.plan.build.internal.FetchStyleLoadPlanBuildingAssociationVisitationStrategy - Building LoadPlan...
19:40:32.182 [main] DEBUG org.hibernate.loader.plan.exec.internal.LoadQueryJoinAndFetchProcessor - processing queryspace <gen:0>
19:40:32.183 [main] DEBUG org.hibernate.loader.plan.build.spi.LoadPlanTreePrinter - LoadPlan(entity=tau.mmo.domain.Player)
    - Returns
       - EntityReturnImpl(entity=tau.mmo.domain.Player, querySpaceUid=<gen:0>, path=tau.mmo.domain.Player)
          - CollectionAttributeFetchImpl(collection=tau.mmo.domain.Player.items, querySpaceUid=<gen:1>, path=tau.mmo.domain.Player.items)
             - (collection element) CollectionFetchableElementEntityGraph(entity=tau.mmo.domain.Item, querySpaceUid=<gen:2>, path=tau.mmo.domain.Player.items.<elements>)
    - QuerySpaces
       - EntityQuerySpaceImpl(uid=<gen:0>, entity=tau.mmo.domain.Player)
          - SQL table alias mapping - player0_
          - alias suffix - 0_
          - suffixed key columns - {id1_1_0_}

19:40:32.183 [main] DEBUG org.hibernate.loader.entity.plan.EntityLoader - Static select for entity tau.mmo.domain.Player [UPGRADE]: select player0_.id as id1_1_0_, player0_.heroclass as heroclas2_1_0_, player0_.level as level3_1_0_, player0_.name as name4_1_0_ from player player0_ where player0_.id=? for update
19:40:32.183 [main] DEBUG org.hibernate.loader.plan.build.internal.spaces.QuerySpacesImpl - Adding QuerySpace : uid = <gen:0> -> org.hibernate.loader.plan.build.internal.spaces.EntityQuerySpaceImpl@20d3fff4]
19:40:32.183 [main] DEBUG org.hibernate.persister.walking.spi.MetamodelGraphWalker - Visiting attribute path : heroclass
19:40:32.183 [main] DEBUG org.hibernate.persister.walking.spi.MetamodelGraphWalker - Visiting attribute path : items
19:40:32.183 [main] DEBUG org.hibernate.loader.plan.build.internal.spaces.QuerySpacesImpl - Adding QuerySpace : uid = <gen:1> -> org.hibernate.loader.plan.build.internal.spaces.CollectionQuerySpaceImpl@7f792530]
19:40:32.183 [main] DEBUG org.hibernate.loader.plan.build.internal.spaces.QuerySpacesImpl - Adding QuerySpace : uid = <gen:2> -> org.hibernate.loader.plan.build.internal.spaces.EntityQuerySpaceImpl@1adfb5b8]
19:40:32.183 [main] DEBUG org.hibernate.persister.walking.spi.MetamodelGraphWalker - Visiting attribute path : level
19:40:32.183 [main] DEBUG org.hibernate.persister.walking.spi.MetamodelGraphWalker - Visiting attribute path : name
19:40:32.183 [main] DEBUG org.hibernate.loader.plan.build.internal.FetchStyleLoadPlanBuildingAssociationVisitationStrategy - Building LoadPlan...
19:40:32.183 [main] DEBUG org.hibernate.loader.plan.exec.internal.LoadQueryJoinAndFetchProcessor - processing queryspace <gen:0>
19:40:32.183 [main] DEBUG org.hibernate.loader.plan.build.spi.LoadPlanTreePrinter - LoadPlan(entity=tau.mmo.domain.Player)
    - Returns
       - EntityReturnImpl(entity=tau.mmo.domain.Player, querySpaceUid=<gen:0>, path=tau.mmo.domain.Player)
          - CollectionAttributeFetchImpl(collection=tau.mmo.domain.Player.items, querySpaceUid=<gen:1>, path=tau.mmo.domain.Player.items)
             - (collection element) CollectionFetchableElementEntityGraph(entity=tau.mmo.domain.Item, querySpaceUid=<gen:2>, path=tau.mmo.domain.Player.items.<elements>)
    - QuerySpaces
       - EntityQuerySpaceImpl(uid=<gen:0>, entity=tau.mmo.domain.Player)
          - SQL table alias mapping - player0_
          - alias suffix - 0_
          - suffixed key columns - {id1_1_0_}

19:40:32.183 [main] DEBUG org.hibernate.loader.entity.plan.EntityLoader - Static select for entity tau.mmo.domain.Player [UPGRADE_NOWAIT]: select player0_.id as id1_1_0_, player0_.heroclass as heroclas2_1_0_, player0_.level as level3_1_0_, player0_.name as name4_1_0_ from player player0_ where player0_.id=? for update
19:40:32.183 [main] DEBUG org.hibernate.loader.plan.build.internal.spaces.QuerySpacesImpl - Adding QuerySpace : uid = <gen:0> -> org.hibernate.loader.plan.build.internal.spaces.EntityQuerySpaceImpl@254cc548]
19:40:32.183 [main] DEBUG org.hibernate.persister.walking.spi.MetamodelGraphWalker - Visiting attribute path : heroclass
19:40:32.183 [main] DEBUG org.hibernate.persister.walking.spi.MetamodelGraphWalker - Visiting attribute path : items
19:40:32.183 [main] DEBUG org.hibernate.loader.plan.build.internal.spaces.QuerySpacesImpl - Adding QuerySpace : uid = <gen:1> -> org.hibernate.loader.plan.build.internal.spaces.CollectionQuerySpaceImpl@531299d3]
19:40:32.183 [main] DEBUG org.hibernate.loader.plan.build.internal.spaces.QuerySpacesImpl - Adding QuerySpace : uid = <gen:2> -> org.hibernate.loader.plan.build.internal.spaces.EntityQuerySpaceImpl@3487947c]
19:40:32.183 [main] DEBUG org.hibernate.persister.walking.spi.MetamodelGraphWalker - Visiting attribute path : level
19:40:32.183 [main] DEBUG org.hibernate.persister.walking.spi.MetamodelGraphWalker - Visiting attribute path : name
19:40:32.183 [main] DEBUG org.hibernate.loader.plan.build.internal.FetchStyleLoadPlanBuildingAssociationVisitationStrategy - Building LoadPlan...
19:40:32.183 [main] DEBUG org.hibernate.loader.plan.exec.internal.LoadQueryJoinAndFetchProcessor - processing queryspace <gen:0>
19:40:32.183 [main] DEBUG org.hibernate.loader.plan.build.spi.LoadPlanTreePrinter - LoadPlan(entity=tau.mmo.domain.Player)
    - Returns
       - EntityReturnImpl(entity=tau.mmo.domain.Player, querySpaceUid=<gen:0>, path=tau.mmo.domain.Player)
          - CollectionAttributeFetchImpl(collection=tau.mmo.domain.Player.items, querySpaceUid=<gen:1>, path=tau.mmo.domain.Player.items)
             - (collection element) CollectionFetchableElementEntityGraph(entity=tau.mmo.domain.Item, querySpaceUid=<gen:2>, path=tau.mmo.domain.Player.items.<elements>)
    - QuerySpaces
       - EntityQuerySpaceImpl(uid=<gen:0>, entity=tau.mmo.domain.Player)
          - SQL table alias mapping - player0_
          - alias suffix - 0_
          - suffixed key columns - {id1_1_0_}

19:40:32.183 [main] DEBUG org.hibernate.loader.entity.plan.EntityLoader - Static select for entity tau.mmo.domain.Player [UPGRADE_SKIPLOCKED]: select player0_.id as id1_1_0_, player0_.heroclass as heroclas2_1_0_, player0_.level as level3_1_0_, player0_.name as name4_1_0_ from player player0_ where player0_.id=? for update
19:40:32.183 [main] DEBUG org.hibernate.loader.plan.build.internal.spaces.QuerySpacesImpl - Adding QuerySpace : uid = <gen:0> -> org.hibernate.loader.plan.build.internal.spaces.EntityQuerySpaceImpl@77226121]
19:40:32.183 [main] DEBUG org.hibernate.persister.walking.spi.MetamodelGraphWalker - Visiting attribute path : heroclass
19:40:32.183 [main] DEBUG org.hibernate.persister.walking.spi.MetamodelGraphWalker - Visiting attribute path : items
19:40:32.183 [main] DEBUG org.hibernate.loader.plan.build.internal.spaces.QuerySpacesImpl - Adding QuerySpace : uid = <gen:1> -> org.hibernate.loader.plan.build.internal.spaces.CollectionQuerySpaceImpl@760c777d]
19:40:32.183 [main] DEBUG org.hibernate.loader.plan.build.internal.spaces.QuerySpacesImpl - Adding QuerySpace : uid = <gen:2> -> org.hibernate.loader.plan.build.internal.spaces.EntityQuerySpaceImpl@7ea039b4]
19:40:32.183 [main] DEBUG org.hibernate.persister.walking.spi.MetamodelGraphWalker - Visiting attribute path : level
19:40:32.183 [main] DEBUG org.hibernate.persister.walking.spi.MetamodelGraphWalker - Visiting attribute path : name
19:40:32.183 [main] DEBUG org.hibernate.loader.plan.build.internal.FetchStyleLoadPlanBuildingAssociationVisitationStrategy - Building LoadPlan...
19:40:32.183 [main] DEBUG org.hibernate.loader.plan.exec.internal.LoadQueryJoinAndFetchProcessor - processing queryspace <gen:0>
19:40:32.183 [main] DEBUG org.hibernate.loader.plan.build.spi.LoadPlanTreePrinter - LoadPlan(entity=tau.mmo.domain.Player)
    - Returns
       - EntityReturnImpl(entity=tau.mmo.domain.Player, querySpaceUid=<gen:0>, path=tau.mmo.domain.Player)
          - CollectionAttributeFetchImpl(collection=tau.mmo.domain.Player.items, querySpaceUid=<gen:1>, path=tau.mmo.domain.Player.items)
             - (collection element) CollectionFetchableElementEntityGraph(entity=tau.mmo.domain.Item, querySpaceUid=<gen:2>, path=tau.mmo.domain.Player.items.<elements>)
    - QuerySpaces
       - EntityQuerySpaceImpl(uid=<gen:0>, entity=tau.mmo.domain.Player)
          - SQL table alias mapping - player0_
          - alias suffix - 0_
          - suffixed key columns - {id1_1_0_}

19:40:32.184 [main] DEBUG org.hibernate.loader.entity.plan.EntityLoader - Static select for entity tau.mmo.domain.Player [FORCE]: select player0_.id as id1_1_0_, player0_.heroclass as heroclas2_1_0_, player0_.level as level3_1_0_, player0_.name as name4_1_0_ from player player0_ where player0_.id=? for update
19:40:32.184 [main] DEBUG org.hibernate.loader.plan.build.internal.spaces.QuerySpacesImpl - Adding QuerySpace : uid = <gen:0> -> org.hibernate.loader.plan.build.internal.spaces.EntityQuerySpaceImpl@1aef7428]
19:40:32.184 [main] DEBUG org.hibernate.persister.walking.spi.MetamodelGraphWalker - Visiting attribute path : heroclass
19:40:32.184 [main] DEBUG org.hibernate.persister.walking.spi.MetamodelGraphWalker - Visiting attribute path : items
19:40:32.184 [main] DEBUG org.hibernate.loader.plan.build.internal.spaces.QuerySpacesImpl - Adding QuerySpace : uid = <gen:1> -> org.hibernate.loader.plan.build.internal.spaces.CollectionQuerySpaceImpl@332fa1c]
19:40:32.184 [main] DEBUG org.hibernate.loader.plan.build.internal.spaces.QuerySpacesImpl - Adding QuerySpace : uid = <gen:2> -> org.hibernate.loader.plan.build.internal.spaces.EntityQuerySpaceImpl@7c200e57]
19:40:32.184 [main] DEBUG org.hibernate.persister.walking.spi.MetamodelGraphWalker - Visiting attribute path : level
19:40:32.184 [main] DEBUG org.hibernate.persister.walking.spi.MetamodelGraphWalker - Visiting attribute path : name
19:40:32.184 [main] DEBUG org.hibernate.loader.plan.build.internal.FetchStyleLoadPlanBuildingAssociationVisitationStrategy - Building LoadPlan...
19:40:32.184 [main] DEBUG org.hibernate.loader.plan.exec.internal.LoadQueryJoinAndFetchProcessor - processing queryspace <gen:0>
19:40:32.184 [main] DEBUG org.hibernate.loader.plan.build.spi.LoadPlanTreePrinter - LoadPlan(entity=tau.mmo.domain.Player)
    - Returns
       - EntityReturnImpl(entity=tau.mmo.domain.Player, querySpaceUid=<gen:0>, path=tau.mmo.domain.Player)
          - CollectionAttributeFetchImpl(collection=tau.mmo.domain.Player.items, querySpaceUid=<gen:1>, path=tau.mmo.domain.Player.items)
             - (collection element) CollectionFetchableElementEntityGraph(entity=tau.mmo.domain.Item, querySpaceUid=<gen:2>, path=tau.mmo.domain.Player.items.<elements>)
    - QuerySpaces
       - EntityQuerySpaceImpl(uid=<gen:0>, entity=tau.mmo.domain.Player)
          - SQL table alias mapping - player0_
          - alias suffix - 0_
          - suffixed key columns - {id1_1_0_}

19:40:32.184 [main] DEBUG org.hibernate.loader.entity.plan.EntityLoader - Static select for entity tau.mmo.domain.Player [PESSIMISTIC_READ]: select player0_.id as id1_1_0_, player0_.heroclass as heroclas2_1_0_, player0_.level as level3_1_0_, player0_.name as name4_1_0_ from player player0_ where player0_.id=? for update
19:40:32.184 [main] DEBUG org.hibernate.loader.plan.build.internal.spaces.QuerySpacesImpl - Adding QuerySpace : uid = <gen:0> -> org.hibernate.loader.plan.build.internal.spaces.EntityQuerySpaceImpl@1d0f7bcf]
19:40:32.184 [main] DEBUG org.hibernate.persister.walking.spi.MetamodelGraphWalker - Visiting attribute path : heroclass
19:40:32.184 [main] DEBUG org.hibernate.persister.walking.spi.MetamodelGraphWalker - Visiting attribute path : items
19:40:32.184 [main] DEBUG org.hibernate.loader.plan.build.internal.spaces.QuerySpacesImpl - Adding QuerySpace : uid = <gen:1> -> org.hibernate.loader.plan.build.internal.spaces.CollectionQuerySpaceImpl@1978b0d5]
19:40:32.184 [main] DEBUG org.hibernate.loader.plan.build.internal.spaces.QuerySpacesImpl - Adding QuerySpace : uid = <gen:2> -> org.hibernate.loader.plan.build.internal.spaces.EntityQuerySpaceImpl@6556471b]
19:40:32.184 [main] DEBUG org.hibernate.persister.walking.spi.MetamodelGraphWalker - Visiting attribute path : level
19:40:32.184 [main] DEBUG org.hibernate.persister.walking.spi.MetamodelGraphWalker - Visiting attribute path : name
19:40:32.184 [main] DEBUG org.hibernate.loader.plan.build.internal.FetchStyleLoadPlanBuildingAssociationVisitationStrategy - Building LoadPlan...
19:40:32.184 [main] DEBUG org.hibernate.loader.plan.exec.internal.LoadQueryJoinAndFetchProcessor - processing queryspace <gen:0>
19:40:32.184 [main] DEBUG org.hibernate.loader.plan.build.spi.LoadPlanTreePrinter - LoadPlan(entity=tau.mmo.domain.Player)
    - Returns
       - EntityReturnImpl(entity=tau.mmo.domain.Player, querySpaceUid=<gen:0>, path=tau.mmo.domain.Player)
          - CollectionAttributeFetchImpl(collection=tau.mmo.domain.Player.items, querySpaceUid=<gen:1>, path=tau.mmo.domain.Player.items)
             - (collection element) CollectionFetchableElementEntityGraph(entity=tau.mmo.domain.Item, querySpaceUid=<gen:2>, path=tau.mmo.domain.Player.items.<elements>)
    - QuerySpaces
       - EntityQuerySpaceImpl(uid=<gen:0>, entity=tau.mmo.domain.Player)
          - SQL table alias mapping - player0_
          - alias suffix - 0_
          - suffixed key columns - {id1_1_0_}

19:40:32.184 [main] DEBUG org.hibernate.loader.entity.plan.EntityLoader - Static select for entity tau.mmo.domain.Player [PESSIMISTIC_WRITE]: select player0_.id as id1_1_0_, player0_.heroclass as heroclas2_1_0_, player0_.level as level3_1_0_, player0_.name as name4_1_0_ from player player0_ where player0_.id=? for update
19:40:32.184 [main] DEBUG org.hibernate.loader.plan.build.internal.spaces.QuerySpacesImpl - Adding QuerySpace : uid = <gen:0> -> org.hibernate.loader.plan.build.internal.spaces.EntityQuerySpaceImpl@3e1897d]
19:40:32.184 [main] DEBUG org.hibernate.persister.walking.spi.MetamodelGraphWalker - Visiting attribute path : heroclass
19:40:32.184 [main] DEBUG org.hibernate.persister.walking.spi.MetamodelGraphWalker - Visiting attribute path : items
19:40:32.184 [main] DEBUG org.hibernate.loader.plan.build.internal.spaces.QuerySpacesImpl - Adding QuerySpace : uid = <gen:1> -> org.hibernate.loader.plan.build.internal.spaces.CollectionQuerySpaceImpl@2079fcfc]
19:40:32.184 [main] DEBUG org.hibernate.loader.plan.build.internal.spaces.QuerySpacesImpl - Adding QuerySpace : uid = <gen:2> -> org.hibernate.loader.plan.build.internal.spaces.EntityQuerySpaceImpl@77401977]
19:40:32.184 [main] DEBUG org.hibernate.persister.walking.spi.MetamodelGraphWalker - Visiting attribute path : level
19:40:32.184 [main] DEBUG org.hibernate.persister.walking.spi.MetamodelGraphWalker - Visiting attribute path : name
19:40:32.184 [main] DEBUG org.hibernate.loader.plan.build.internal.FetchStyleLoadPlanBuildingAssociationVisitationStrategy - Building LoadPlan...
19:40:32.184 [main] DEBUG org.hibernate.loader.plan.exec.internal.LoadQueryJoinAndFetchProcessor - processing queryspace <gen:0>
19:40:32.184 [main] DEBUG org.hibernate.loader.plan.build.spi.LoadPlanTreePrinter - LoadPlan(entity=tau.mmo.domain.Player)
    - Returns
       - EntityReturnImpl(entity=tau.mmo.domain.Player, querySpaceUid=<gen:0>, path=tau.mmo.domain.Player)
          - CollectionAttributeFetchImpl(collection=tau.mmo.domain.Player.items, querySpaceUid=<gen:1>, path=tau.mmo.domain.Player.items)
             - (collection element) CollectionFetchableElementEntityGraph(entity=tau.mmo.domain.Item, querySpaceUid=<gen:2>, path=tau.mmo.domain.Player.items.<elements>)
    - QuerySpaces
       - EntityQuerySpaceImpl(uid=<gen:0>, entity=tau.mmo.domain.Player)
          - SQL table alias mapping - player0_
          - alias suffix - 0_
          - suffixed key columns - {id1_1_0_}

19:40:32.184 [main] DEBUG org.hibernate.loader.entity.plan.EntityLoader - Static select for entity tau.mmo.domain.Player [PESSIMISTIC_FORCE_INCREMENT]: select player0_.id as id1_1_0_, player0_.heroclass as heroclas2_1_0_, player0_.level as level3_1_0_, player0_.name as name4_1_0_ from player player0_ where player0_.id=? for update
19:40:32.184 [main] DEBUG org.hibernate.loader.plan.build.internal.spaces.QuerySpacesImpl - Adding QuerySpace : uid = <gen:0> -> org.hibernate.loader.plan.build.internal.spaces.EntityQuerySpaceImpl@7865cc83]
19:40:32.184 [main] DEBUG org.hibernate.persister.walking.spi.MetamodelGraphWalker - Visiting attribute path : heroclass
19:40:32.184 [main] DEBUG org.hibernate.persister.walking.spi.MetamodelGraphWalker - Visiting attribute path : items
19:40:32.185 [main] DEBUG org.hibernate.loader.plan.build.internal.spaces.QuerySpacesImpl - Adding QuerySpace : uid = <gen:1> -> org.hibernate.loader.plan.build.internal.spaces.CollectionQuerySpaceImpl@3346e906]
19:40:32.185 [main] DEBUG org.hibernate.loader.plan.build.internal.spaces.QuerySpacesImpl - Adding QuerySpace : uid = <gen:2> -> org.hibernate.loader.plan.build.internal.spaces.EntityQuerySpaceImpl@443ac5b8]
19:40:32.185 [main] DEBUG org.hibernate.persister.walking.spi.MetamodelGraphWalker - Visiting attribute path : level
19:40:32.185 [main] DEBUG org.hibernate.persister.walking.spi.MetamodelGraphWalker - Visiting attribute path : name
19:40:32.185 [main] DEBUG org.hibernate.loader.plan.build.internal.FetchStyleLoadPlanBuildingAssociationVisitationStrategy - Building LoadPlan...
19:40:32.185 [main] DEBUG org.hibernate.loader.plan.exec.internal.LoadQueryJoinAndFetchProcessor - processing queryspace <gen:0>
19:40:32.185 [main] DEBUG org.hibernate.loader.plan.build.spi.LoadPlanTreePrinter - LoadPlan(entity=tau.mmo.domain.Player)
    - Returns
       - EntityReturnImpl(entity=tau.mmo.domain.Player, querySpaceUid=<gen:0>, path=tau.mmo.domain.Player)
          - CollectionAttributeFetchImpl(collection=tau.mmo.domain.Player.items, querySpaceUid=<gen:1>, path=tau.mmo.domain.Player.items)
             - (collection element) CollectionFetchableElementEntityGraph(entity=tau.mmo.domain.Item, querySpaceUid=<gen:2>, path=tau.mmo.domain.Player.items.<elements>)
    - QuerySpaces
       - EntityQuerySpaceImpl(uid=<gen:0>, entity=tau.mmo.domain.Player)
          - SQL table alias mapping - player0_
          - alias suffix - 0_
          - suffixed key columns - {id1_1_0_}

19:40:32.185 [main] DEBUG org.hibernate.loader.entity.plan.EntityLoader - Static select for entity tau.mmo.domain.Player [OPTIMISTIC]: select player0_.id as id1_1_0_, player0_.heroclass as heroclas2_1_0_, player0_.level as level3_1_0_, player0_.name as name4_1_0_ from player player0_ where player0_.id=?
19:40:32.185 [main] DEBUG org.hibernate.loader.plan.build.internal.spaces.QuerySpacesImpl - Adding QuerySpace : uid = <gen:0> -> org.hibernate.loader.plan.build.internal.spaces.EntityQuerySpaceImpl@126d0868]
19:40:32.185 [main] DEBUG org.hibernate.persister.walking.spi.MetamodelGraphWalker - Visiting attribute path : heroclass
19:40:32.185 [main] DEBUG org.hibernate.persister.walking.spi.MetamodelGraphWalker - Visiting attribute path : items
19:40:32.185 [main] DEBUG org.hibernate.loader.plan.build.internal.spaces.QuerySpacesImpl - Adding QuerySpace : uid = <gen:1> -> org.hibernate.loader.plan.build.internal.spaces.CollectionQuerySpaceImpl@713497cd]
19:40:32.185 [main] DEBUG org.hibernate.loader.plan.build.internal.spaces.QuerySpacesImpl - Adding QuerySpace : uid = <gen:2> -> org.hibernate.loader.plan.build.internal.spaces.EntityQuerySpaceImpl@63318b56]
19:40:32.185 [main] DEBUG org.hibernate.persister.walking.spi.MetamodelGraphWalker - Visiting attribute path : level
19:40:32.185 [main] DEBUG org.hibernate.persister.walking.spi.MetamodelGraphWalker - Visiting attribute path : name
19:40:32.185 [main] DEBUG org.hibernate.loader.plan.build.internal.FetchStyleLoadPlanBuildingAssociationVisitationStrategy - Building LoadPlan...
19:40:32.185 [main] DEBUG org.hibernate.loader.plan.exec.internal.LoadQueryJoinAndFetchProcessor - processing queryspace <gen:0>
19:40:32.185 [main] DEBUG org.hibernate.loader.plan.build.spi.LoadPlanTreePrinter - LoadPlan(entity=tau.mmo.domain.Player)
    - Returns
       - EntityReturnImpl(entity=tau.mmo.domain.Player, querySpaceUid=<gen:0>, path=tau.mmo.domain.Player)
          - CollectionAttributeFetchImpl(collection=tau.mmo.domain.Player.items, querySpaceUid=<gen:1>, path=tau.mmo.domain.Player.items)
             - (collection element) CollectionFetchableElementEntityGraph(entity=tau.mmo.domain.Item, querySpaceUid=<gen:2>, path=tau.mmo.domain.Player.items.<elements>)
    - QuerySpaces
       - EntityQuerySpaceImpl(uid=<gen:0>, entity=tau.mmo.domain.Player)
          - SQL table alias mapping - player0_
          - alias suffix - 0_
          - suffixed key columns - {id1_1_0_}

19:40:32.185 [main] DEBUG org.hibernate.loader.entity.plan.EntityLoader - Static select for entity tau.mmo.domain.Player [OPTIMISTIC_FORCE_INCREMENT]: select player0_.id as id1_1_0_, player0_.heroclass as heroclas2_1_0_, player0_.level as level3_1_0_, player0_.name as name4_1_0_ from player player0_ where player0_.id=?
19:40:32.185 [main] DEBUG org.hibernate.loader.Loader - Static select for action ACTION_MERGE on entity tau.mmo.domain.Player: select player0_.id as id1_1_0_, player0_.heroclass as heroclas2_1_0_, player0_.level as level3_1_0_, player0_.name as name4_1_0_ from player player0_ where player0_.id=?
19:40:32.185 [main] DEBUG org.hibernate.loader.Loader - Static select for action ACTION_REFRESH on entity tau.mmo.domain.Player: select player0_.id as id1_1_0_, player0_.heroclass as heroclas2_1_0_, player0_.level as level3_1_0_, player0_.name as name4_1_0_ from player player0_ where player0_.id=?
19:40:32.185 [main] DEBUG org.hibernate.loader.plan.build.internal.spaces.QuerySpacesImpl - Adding QuerySpace : uid = <gen:0> -> org.hibernate.loader.plan.build.internal.spaces.CollectionQuerySpaceImpl@19e5e110]
19:40:32.185 [main] DEBUG org.hibernate.loader.plan.build.internal.spaces.QuerySpacesImpl - Adding QuerySpace : uid = <gen:1> -> org.hibernate.loader.plan.build.internal.spaces.EntityQuerySpaceImpl@1e295f7f]
19:40:32.185 [main] DEBUG org.hibernate.persister.walking.spi.MetamodelGraphWalker - Visiting attribute path : itemclass
19:40:32.185 [main] DEBUG org.hibernate.persister.walking.spi.MetamodelGraphWalker - Visiting attribute path : levelreq
19:40:32.185 [main] DEBUG org.hibernate.persister.walking.spi.MetamodelGraphWalker - Visiting attribute path : name
19:40:32.185 [main] DEBUG org.hibernate.persister.walking.spi.MetamodelGraphWalker - Visiting attribute path : player
19:40:32.185 [main] DEBUG org.hibernate.persister.walking.spi.MetamodelGraphWalker - Property path deemed to be circular : player
19:40:32.185 [main] DEBUG org.hibernate.loader.plan.build.internal.FetchStyleLoadPlanBuildingAssociationVisitationStrategy - Building LoadPlan...
19:40:32.185 [main] DEBUG org.hibernate.loader.plan.exec.internal.LoadQueryJoinAndFetchProcessor - processing queryspace <gen:0>
19:40:32.186 [main] DEBUG org.hibernate.loader.plan.build.spi.LoadPlanTreePrinter - LoadPlan(collection=tau.mmo.domain.Player.items)
    - Returns
       - CollectionReturnImpl(collection=tau.mmo.domain.Player.items, querySpaceUid=<gen:0>, path=[tau.mmo.domain.Player.items])
          - (collection element) CollectionFetchableElementEntityGraph(entity=tau.mmo.domain.Item, querySpaceUid=<gen:1>, path=[tau.mmo.domain.Player.items].<elements>)
    - QuerySpaces
       - CollectionQuerySpaceImpl(uid=<gen:0>, collection=tau.mmo.domain.Player.items)
          - SQL table alias mapping - items0_
          - alias suffix - 0_
          - suffixed key columns - {player_i5_0_0_}
          - entity-element alias suffix - 1_
          - 1_entity-element suffixed key columns - id1_0_1_
          - JOIN (JoinDefinedByMetadata(elements)) : <gen:0> -> <gen:1>
             - EntityQuerySpaceImpl(uid=<gen:1>, entity=tau.mmo.domain.Item)
                - SQL table alias mapping - items0_
                - alias suffix - 1_
                - suffixed key columns - {id1_0_1_}

19:40:32.186 [main] DEBUG org.hibernate.loader.collection.plan.CollectionLoader - Static select for collection tau.mmo.domain.Player.items: select items0_.player_id as player_i5_0_0_, items0_.id as id1_0_0_, items0_.id as id1_0_1_, items0_.itemclass as itemclas2_0_1_, items0_.levelreq as levelreq3_0_1_, items0_.name as name4_0_1_, items0_.player_id as player_i5_0_1_ from item items0_ where items0_.player_id=?
19:40:32.186 [main] DEBUG org.hibernate.internal.SessionFactoryImpl - Instantiated session factory
19:40:32.186 [main] DEBUG org.springframework.jdbc.datasource.DriverManagerDataSource - Creating new JDBC DriverManager Connection to [jdbc:hsqldb:hsql://localhost/workdb]
19:40:32.186 [main] DEBUG org.hibernate.engine.jdbc.spi.SqlExceptionHelper - Unable to open JDBC Connection for DDL execution [n/a]
java.sql.SQLTransientConnectionException: java.net.ConnectException: Połączenie odrzucone (Connection refused)
	at org.hsqldb.jdbc.JDBCUtil.sqlException(Unknown Source)
	at org.hsqldb.jdbc.JDBCUtil.sqlException(Unknown Source)
	at org.hsqldb.jdbc.JDBCConnection.<init>(Unknown Source)
	at org.hsqldb.jdbc.JDBCDriver.getConnection(Unknown Source)
	at org.hsqldb.jdbc.JDBCDriver.connect(Unknown Source)
	at java.sql/java.sql.DriverManager.getConnection(DriverManager.java:677)
	at java.sql/java.sql.DriverManager.getConnection(DriverManager.java:189)
	at org.springframework.jdbc.datasource.DriverManagerDataSource.getConnectionFromDriverManager(DriverManagerDataSource.java:154)
	at org.springframework.jdbc.datasource.DriverManagerDataSource.getConnectionFromDriver(DriverManagerDataSource.java:145)
	at org.springframework.jdbc.datasource.AbstractDriverBasedDataSource.getConnectionFromDriver(AbstractDriverBasedDataSource.java:205)
	at org.springframework.jdbc.datasource.AbstractDriverBasedDataSource.getConnection(AbstractDriverBasedDataSource.java:169)
	at org.hibernate.engine.jdbc.connections.internal.DatasourceConnectionProviderImpl.getConnection(DatasourceConnectionProviderImpl.java:122)
	at org.hibernate.engine.jdbc.env.internal.JdbcEnvironmentInitiator$ConnectionProviderJdbcConnectionAccess.obtainConnection(JdbcEnvironmentInitiator.java:180)
	at org.hibernate.resource.transaction.backend.jdbc.internal.DdlTransactionIsolatorNonJtaImpl.getIsolatedConnection(DdlTransactionIsolatorNonJtaImpl.java:43)
	at org.hibernate.tool.schema.internal.exec.ImprovedExtractionContextImpl.getJdbcConnection(ImprovedExtractionContextImpl.java:60)
	at org.hibernate.tool.schema.extract.internal.SequenceInformationExtractorLegacyImpl.extractMetadata(SequenceInformationExtractorLegacyImpl.java:40)
	at org.hibernate.tool.schema.extract.internal.DatabaseInformationImpl.initializeSequences(DatabaseInformationImpl.java:65)
	at org.hibernate.tool.schema.extract.internal.DatabaseInformationImpl.<init>(DatabaseInformationImpl.java:59)
	at org.hibernate.tool.schema.internal.Helper.buildDatabaseInformation(Helper.java:130)
	at org.hibernate.tool.schema.internal.AbstractSchemaMigrator.doMigration(AbstractSchemaMigrator.java:92)
	at org.hibernate.tool.schema.spi.SchemaManagementToolCoordinator.performDatabaseAction(SchemaManagementToolCoordinator.java:176)
	at org.hibernate.tool.schema.spi.SchemaManagementToolCoordinator.process(SchemaManagementToolCoordinator.java:65)
	at org.hibernate.internal.SessionFactoryImpl.<init>(SessionFactoryImpl.java:459)
	at org.hibernate.boot.internal.SessionFactoryBuilderImpl.build(SessionFactoryBuilderImpl.java:465)
	at org.hibernate.cfg.Configuration.buildSessionFactory(Configuration.java:711)
	at org.hibernate.cfg.Configuration.buildSessionFactory(Configuration.java:727)
	at org.springframework.orm.hibernate5.LocalSessionFactoryBean.buildSessionFactory(LocalSessionFactoryBean.java:615)
	at org.springframework.orm.hibernate5.LocalSessionFactoryBean.afterPropertiesSet(LocalSessionFactoryBean.java:599)
	at org.springframework.beans.factory.support.AbstractAutowireCapableBeanFactory.invokeInitMethods(AbstractAutowireCapableBeanFactory.java:1837)
	at org.springframework.beans.factory.support.AbstractAutowireCapableBeanFactory.initializeBean(AbstractAutowireCapableBeanFactory.java:1774)
	at org.springframework.beans.factory.support.AbstractAutowireCapableBeanFactory.doCreateBean(AbstractAutowireCapableBeanFactory.java:593)
	at org.springframework.beans.factory.support.AbstractAutowireCapableBeanFactory.createBean(AbstractAutowireCapableBeanFactory.java:515)
	at org.springframework.beans.factory.support.AbstractBeanFactory.lambda$doGetBean$0(AbstractBeanFactory.java:320)
	at org.springframework.beans.factory.support.DefaultSingletonBeanRegistry.getSingleton(DefaultSingletonBeanRegistry.java:222)
	at org.springframework.beans.factory.support.AbstractBeanFactory.doGetBean(AbstractBeanFactory.java:318)
	at org.springframework.beans.factory.support.AbstractBeanFactory.getBean(AbstractBeanFactory.java:199)
	at org.springframework.beans.factory.config.DependencyDescriptor.resolveCandidate(DependencyDescriptor.java:277)
	at org.springframework.beans.factory.support.DefaultListableBeanFactory.doResolveDependency(DefaultListableBeanFactory.java:1247)
	at org.springframework.beans.factory.support.DefaultListableBeanFactory.resolveDependency(DefaultListableBeanFactory.java:1167)
	at org.springframework.beans.factory.annotation.AutowiredAnnotationBeanPostProcessor$AutowiredFieldElement.inject(AutowiredAnnotationBeanPostProcessor.java:593)
	at org.springframework.beans.factory.annotation.InjectionMetadata.inject(InjectionMetadata.java:90)
	at org.springframework.beans.factory.annotation.AutowiredAnnotationBeanPostProcessor.postProcessProperties(AutowiredAnnotationBeanPostProcessor.java:374)
	at org.springframework.beans.factory.support.AbstractAutowireCapableBeanFactory.populateBean(AbstractAutowireCapableBeanFactory.java:1411)
	at org.springframework.beans.factory.support.AbstractAutowireCapableBeanFactory.doCreateBean(AbstractAutowireCapableBeanFactory.java:592)
	at org.springframework.beans.factory.support.AbstractAutowireCapableBeanFactory.createBean(AbstractAutowireCapableBeanFactory.java:515)
	at org.springframework.beans.factory.support.AbstractBeanFactory.lambda$doGetBean$0(AbstractBeanFactory.java:320)
	at org.springframework.beans.factory.support.DefaultSingletonBeanRegistry.getSingleton(DefaultSingletonBeanRegistry.java:222)
	at org.springframework.beans.factory.support.AbstractBeanFactory.doGetBean(AbstractBeanFactory.java:318)
	at org.springframework.beans.factory.support.AbstractBeanFactory.getBean(AbstractBeanFactory.java:199)
	at org.springframework.beans.factory.config.DependencyDescriptor.resolveCandidate(DependencyDescriptor.java:277)
	at org.springframework.beans.factory.support.DefaultListableBeanFactory.doResolveDependency(DefaultListableBeanFactory.java:1247)
	at org.springframework.beans.factory.support.DefaultListableBeanFactory.resolveDependency(DefaultListableBeanFactory.java:1167)
	at org.springframework.beans.factory.annotation.AutowiredAnnotationBeanPostProcessor$AutowiredFieldElement.inject(AutowiredAnnotationBeanPostProcessor.java:593)
	at org.springframework.beans.factory.annotation.InjectionMetadata.inject(InjectionMetadata.java:90)
	at org.springframework.beans.factory.annotation.AutowiredAnnotationBeanPostProcessor.postProcessProperties(AutowiredAnnotationBeanPostProcessor.java:374)
	at org.springframework.beans.factory.support.AbstractAutowireCapableBeanFactory.populateBean(AbstractAutowireCapableBeanFactory.java:1411)
	at org.springframework.beans.factory.support.AbstractAutowireCapableBeanFactory.doCreateBean(AbstractAutowireCapableBeanFactory.java:592)
	at org.springframework.beans.factory.support.AbstractAutowireCapableBeanFactory.createBean(AbstractAutowireCapableBeanFactory.java:515)
	at org.springframework.beans.factory.support.AbstractBeanFactory.lambda$doGetBean$0(AbstractBeanFactory.java:320)
	at org.springframework.beans.factory.support.DefaultSingletonBeanRegistry.getSingleton(DefaultSingletonBeanRegistry.java:222)
	at org.springframework.beans.factory.support.AbstractBeanFactory.doGetBean(AbstractBeanFactory.java:318)
	at org.springframework.beans.factory.support.AbstractBeanFactory.getBean(AbstractBeanFactory.java:199)
	at org.springframework.beans.factory.support.DefaultListableBeanFactory.preInstantiateSingletons(DefaultListableBeanFactory.java:849)
	at org.springframework.context.support.AbstractApplicationContext.finishBeanFactoryInitialization(AbstractApplicationContext.java:877)
	at org.springframework.context.support.AbstractApplicationContext.refresh(AbstractApplicationContext.java:549)
	at org.springframework.test.context.support.AbstractGenericContextLoader.loadContext(AbstractGenericContextLoader.java:128)
	at org.springframework.test.context.support.AbstractGenericContextLoader.loadContext(AbstractGenericContextLoader.java:60)
	at org.springframework.test.context.support.AbstractDelegatingSmartContextLoader.delegateLoading(AbstractDelegatingSmartContextLoader.java:275)
	at org.springframework.test.context.support.AbstractDelegatingSmartContextLoader.loadContext(AbstractDelegatingSmartContextLoader.java:243)
	at org.springframework.test.context.cache.DefaultCacheAwareContextLoaderDelegate.loadContextInternal(DefaultCacheAwareContextLoaderDelegate.java:99)
	at org.springframework.test.context.cache.DefaultCacheAwareContextLoaderDelegate.loadContext(DefaultCacheAwareContextLoaderDelegate.java:117)
	at org.springframework.test.context.support.DefaultTestContext.getApplicationContext(DefaultTestContext.java:108)
	at org.springframework.test.context.support.DependencyInjectionTestExecutionListener.injectDependencies(DependencyInjectionTestExecutionListener.java:118)
	at org.springframework.test.context.support.DependencyInjectionTestExecutionListener.prepareTestInstance(DependencyInjectionTestExecutionListener.java:83)
	at org.springframework.test.context.TestContextManager.prepareTestInstance(TestContextManager.java:246)
	at org.springframework.test.context.junit4.SpringJUnit4ClassRunner.createTest(SpringJUnit4ClassRunner.java:227)
	at org.springframework.test.context.junit4.SpringJUnit4ClassRunner$1.runReflectiveCall(SpringJUnit4ClassRunner.java:289)
	at org.junit.internal.runners.model.ReflectiveCallable.run(ReflectiveCallable.java:12)
	at org.springframework.test.context.junit4.SpringJUnit4ClassRunner.methodBlock(SpringJUnit4ClassRunner.java:291)
	at org.springframework.test.context.junit4.SpringJUnit4ClassRunner.runChild(SpringJUnit4ClassRunner.java:246)
	at org.springframework.test.context.junit4.SpringJUnit4ClassRunner.runChild(SpringJUnit4ClassRunner.java:97)
	at org.junit.runners.ParentRunner$3.run(ParentRunner.java:290)
	at org.junit.runners.ParentRunner$1.schedule(ParentRunner.java:71)
	at org.junit.runners.ParentRunner.runChildren(ParentRunner.java:288)
	at org.junit.runners.ParentRunner.access$000(ParentRunner.java:58)
	at org.junit.runners.ParentRunner$2.evaluate(ParentRunner.java:268)
	at org.springframework.test.context.junit4.statements.RunBeforeTestClassCallbacks.evaluate(RunBeforeTestClassCallbacks.java:61)
	at org.springframework.test.context.junit4.statements.RunAfterTestClassCallbacks.evaluate(RunAfterTestClassCallbacks.java:70)
	at org.junit.runners.ParentRunner.run(ParentRunner.java:363)
	at org.springframework.test.context.junit4.SpringJUnit4ClassRunner.run(SpringJUnit4ClassRunner.java:190)
	at org.apache.maven.surefire.junit4.JUnit4Provider.execute(JUnit4Provider.java:365)
	at org.apache.maven.surefire.junit4.JUnit4Provider.executeWithRerun(JUnit4Provider.java:273)
	at org.apache.maven.surefire.junit4.JUnit4Provider.executeTestSet(JUnit4Provider.java:238)
	at org.apache.maven.surefire.junit4.JUnit4Provider.invoke(JUnit4Provider.java:159)
	at org.apache.maven.surefire.booter.ForkedBooter.invokeProviderInSameClassLoader(ForkedBooter.java:384)
	at org.apache.maven.surefire.booter.ForkedBooter.runSuitesInProcess(ForkedBooter.java:345)
	at org.apache.maven.surefire.booter.ForkedBooter.execute(ForkedBooter.java:126)
	at org.apache.maven.surefire.booter.ForkedBooter.main(ForkedBooter.java:418)
Caused by: org.hsqldb.HsqlException: java.net.ConnectException: Połączenie odrzucone (Connection refused)
	at org.hsqldb.ClientConnection.openConnection(Unknown Source)
	at org.hsqldb.ClientConnection.initConnection(Unknown Source)
	at org.hsqldb.ClientConnection.<init>(Unknown Source)
	... 96 common frames omitted
Caused by: java.net.ConnectException: Połączenie odrzucone (Connection refused)
	at java.base/java.net.PlainSocketImpl.socketConnect(Native Method)
	at java.base/java.net.AbstractPlainSocketImpl.doConnect(AbstractPlainSocketImpl.java:399)
	at java.base/java.net.AbstractPlainSocketImpl.connectToAddress(AbstractPlainSocketImpl.java:242)
	at java.base/java.net.AbstractPlainSocketImpl.connect(AbstractPlainSocketImpl.java:224)
	at java.base/java.net.SocksSocketImpl.connect(SocksSocketImpl.java:403)
	at java.base/java.net.Socket.connect(Socket.java:591)
	at java.base/java.net.Socket.connect(Socket.java:540)
	at java.base/java.net.Socket.<init>(Socket.java:436)
	at java.base/java.net.Socket.<init>(Socket.java:213)
	at org.hsqldb.server.HsqlSocketFactory.createSocket(Unknown Source)
	... 99 common frames omitted
19:40:32.187 [main] WARN org.hibernate.engine.jdbc.spi.SqlExceptionHelper - SQL Error: -1301, SQLState: 08001
19:40:32.187 [main] ERROR org.hibernate.engine.jdbc.spi.SqlExceptionHelper - java.net.ConnectException: Połączenie odrzucone (Connection refused)
19:40:32.187 [main] WARN org.springframework.context.support.GenericApplicationContext - Exception encountered during context initialization - cancelling refresh attempt: org.springframework.beans.factory.UnsatisfiedDependencyException: Error creating bean with name 'playerController': Unsatisfied dependency expressed through field 'playerManager'; nested exception is org.springframework.beans.factory.UnsatisfiedDependencyException: Error creating bean with name 'playerManagerHibernateImpl': Unsatisfied dependency expressed through field 'sessionFactory'; nested exception is org.springframework.beans.factory.BeanCreationException: Error creating bean with name 'hibernateSessionFactory' defined in class path resource [beans.xml]: Invocation of init method failed; nested exception is org.hibernate.exception.JDBCConnectionException: Unable to open JDBC Connection for DDL execution
19:40:32.187 [main] ERROR org.springframework.test.context.TestContextManager - Caught exception while allowing TestExecutionListener [org.springframework.test.context.support.DependencyInjectionTestExecutionListener@6a400542] to prepare test instance [tau.mmo.service.PlayerManagerTest@6b71e98f]
java.lang.IllegalStateException: Failed to load ApplicationContext
	at org.springframework.test.context.cache.DefaultCacheAwareContextLoaderDelegate.loadContext(DefaultCacheAwareContextLoaderDelegate.java:125)
	at org.springframework.test.context.support.DefaultTestContext.getApplicationContext(DefaultTestContext.java:108)
	at org.springframework.test.context.support.DependencyInjectionTestExecutionListener.injectDependencies(DependencyInjectionTestExecutionListener.java:118)
	at org.springframework.test.context.support.DependencyInjectionTestExecutionListener.prepareTestInstance(DependencyInjectionTestExecutionListener.java:83)
	at org.springframework.test.context.TestContextManager.prepareTestInstance(TestContextManager.java:246)
	at org.springframework.test.context.junit4.SpringJUnit4ClassRunner.createTest(SpringJUnit4ClassRunner.java:227)
	at org.springframework.test.context.junit4.SpringJUnit4ClassRunner$1.runReflectiveCall(SpringJUnit4ClassRunner.java:289)
	at org.junit.internal.runners.model.ReflectiveCallable.run(ReflectiveCallable.java:12)
	at org.springframework.test.context.junit4.SpringJUnit4ClassRunner.methodBlock(SpringJUnit4ClassRunner.java:291)
	at org.springframework.test.context.junit4.SpringJUnit4ClassRunner.runChild(SpringJUnit4ClassRunner.java:246)
	at org.springframework.test.context.junit4.SpringJUnit4ClassRunner.runChild(SpringJUnit4ClassRunner.java:97)
	at org.junit.runners.ParentRunner$3.run(ParentRunner.java:290)
	at org.junit.runners.ParentRunner$1.schedule(ParentRunner.java:71)
	at org.junit.runners.ParentRunner.runChildren(ParentRunner.java:288)
	at org.junit.runners.ParentRunner.access$000(ParentRunner.java:58)
	at org.junit.runners.ParentRunner$2.evaluate(ParentRunner.java:268)
	at org.springframework.test.context.junit4.statements.RunBeforeTestClassCallbacks.evaluate(RunBeforeTestClassCallbacks.java:61)
	at org.springframework.test.context.junit4.statements.RunAfterTestClassCallbacks.evaluate(RunAfterTestClassCallbacks.java:70)
	at org.junit.runners.ParentRunner.run(ParentRunner.java:363)
	at org.springframework.test.context.junit4.SpringJUnit4ClassRunner.run(SpringJUnit4ClassRunner.java:190)
	at org.apache.maven.surefire.junit4.JUnit4Provider.execute(JUnit4Provider.java:365)
	at org.apache.maven.surefire.junit4.JUnit4Provider.executeWithRerun(JUnit4Provider.java:273)
	at org.apache.maven.surefire.junit4.JUnit4Provider.executeTestSet(JUnit4Provider.java:238)
	at org.apache.maven.surefire.junit4.JUnit4Provider.invoke(JUnit4Provider.java:159)
	at org.apache.maven.surefire.booter.ForkedBooter.invokeProviderInSameClassLoader(ForkedBooter.java:384)
	at org.apache.maven.surefire.booter.ForkedBooter.runSuitesInProcess(ForkedBooter.java:345)
	at org.apache.maven.surefire.booter.ForkedBooter.execute(ForkedBooter.java:126)
	at org.apache.maven.surefire.booter.ForkedBooter.main(ForkedBooter.java:418)
Caused by: org.springframework.beans.factory.UnsatisfiedDependencyException: Error creating bean with name 'playerController': Unsatisfied dependency expressed through field 'playerManager'; nested exception is org.springframework.beans.factory.UnsatisfiedDependencyException: Error creating bean with name 'playerManagerHibernateImpl': Unsatisfied dependency expressed through field 'sessionFactory'; nested exception is org.springframework.beans.factory.BeanCreationException: Error creating bean with name 'hibernateSessionFactory' defined in class path resource [beans.xml]: Invocation of init method failed; nested exception is org.hibernate.exception.JDBCConnectionException: Unable to open JDBC Connection for DDL execution
	at org.springframework.beans.factory.annotation.AutowiredAnnotationBeanPostProcessor$AutowiredFieldElement.inject(AutowiredAnnotationBeanPostProcessor.java:596)
	at org.springframework.beans.factory.annotation.InjectionMetadata.inject(InjectionMetadata.java:90)
	at org.springframework.beans.factory.annotation.AutowiredAnnotationBeanPostProcessor.postProcessProperties(AutowiredAnnotationBeanPostProcessor.java:374)
	at org.springframework.beans.factory.support.AbstractAutowireCapableBeanFactory.populateBean(AbstractAutowireCapableBeanFactory.java:1411)
	at org.springframework.beans.factory.support.AbstractAutowireCapableBeanFactory.doCreateBean(AbstractAutowireCapableBeanFactory.java:592)
	at org.springframework.beans.factory.support.AbstractAutowireCapableBeanFactory.createBean(AbstractAutowireCapableBeanFactory.java:515)
	at org.springframework.beans.factory.support.AbstractBeanFactory.lambda$doGetBean$0(AbstractBeanFactory.java:320)
	at org.springframework.beans.factory.support.DefaultSingletonBeanRegistry.getSingleton(DefaultSingletonBeanRegistry.java:222)
	at org.springframework.beans.factory.support.AbstractBeanFactory.doGetBean(AbstractBeanFactory.java:318)
	at org.springframework.beans.factory.support.AbstractBeanFactory.getBean(AbstractBeanFactory.java:199)
	at org.springframework.beans.factory.support.DefaultListableBeanFactory.preInstantiateSingletons(DefaultListableBeanFactory.java:849)
	at org.springframework.context.support.AbstractApplicationContext.finishBeanFactoryInitialization(AbstractApplicationContext.java:877)
	at org.springframework.context.support.AbstractApplicationContext.refresh(AbstractApplicationContext.java:549)
	at org.springframework.test.context.support.AbstractGenericContextLoader.loadContext(AbstractGenericContextLoader.java:128)
	at org.springframework.test.context.support.AbstractGenericContextLoader.loadContext(AbstractGenericContextLoader.java:60)
	at org.springframework.test.context.support.AbstractDelegatingSmartContextLoader.delegateLoading(AbstractDelegatingSmartContextLoader.java:275)
	at org.springframework.test.context.support.AbstractDelegatingSmartContextLoader.loadContext(AbstractDelegatingSmartContextLoader.java:243)
	at org.springframework.test.context.cache.DefaultCacheAwareContextLoaderDelegate.loadContextInternal(DefaultCacheAwareContextLoaderDelegate.java:99)
	at org.springframework.test.context.cache.DefaultCacheAwareContextLoaderDelegate.loadContext(DefaultCacheAwareContextLoaderDelegate.java:117)
	... 27 common frames omitted
Caused by: org.springframework.beans.factory.UnsatisfiedDependencyException: Error creating bean with name 'playerManagerHibernateImpl': Unsatisfied dependency expressed through field 'sessionFactory'; nested exception is org.springframework.beans.factory.BeanCreationException: Error creating bean with name 'hibernateSessionFactory' defined in class path resource [beans.xml]: Invocation of init method failed; nested exception is org.hibernate.exception.JDBCConnectionException: Unable to open JDBC Connection for DDL execution
	at org.springframework.beans.factory.annotation.AutowiredAnnotationBeanPostProcessor$AutowiredFieldElement.inject(AutowiredAnnotationBeanPostProcessor.java:596)
	at org.springframework.beans.factory.annotation.InjectionMetadata.inject(InjectionMetadata.java:90)
	at org.springframework.beans.factory.annotation.AutowiredAnnotationBeanPostProcessor.postProcessProperties(AutowiredAnnotationBeanPostProcessor.java:374)
	at org.springframework.beans.factory.support.AbstractAutowireCapableBeanFactory.populateBean(AbstractAutowireCapableBeanFactory.java:1411)
	at org.springframework.beans.factory.support.AbstractAutowireCapableBeanFactory.doCreateBean(AbstractAutowireCapableBeanFactory.java:592)
	at org.springframework.beans.factory.support.AbstractAutowireCapableBeanFactory.createBean(AbstractAutowireCapableBeanFactory.java:515)
	at org.springframework.beans.factory.support.AbstractBeanFactory.lambda$doGetBean$0(AbstractBeanFactory.java:320)
	at org.springframework.beans.factory.support.DefaultSingletonBeanRegistry.getSingleton(DefaultSingletonBeanRegistry.java:222)
	at org.springframework.beans.factory.support.AbstractBeanFactory.doGetBean(AbstractBeanFactory.java:318)
	at org.springframework.beans.factory.support.AbstractBeanFactory.getBean(AbstractBeanFactory.java:199)
	at org.springframework.beans.factory.config.DependencyDescriptor.resolveCandidate(DependencyDescriptor.java:277)
	at org.springframework.beans.factory.support.DefaultListableBeanFactory.doResolveDependency(DefaultListableBeanFactory.java:1247)
	at org.springframework.beans.factory.support.DefaultListableBeanFactory.resolveDependency(DefaultListableBeanFactory.java:1167)
	at org.springframework.beans.factory.annotation.AutowiredAnnotationBeanPostProcessor$AutowiredFieldElement.inject(AutowiredAnnotationBeanPostProcessor.java:593)
	... 45 common frames omitted
Caused by: org.springframework.beans.factory.BeanCreationException: Error creating bean with name 'hibernateSessionFactory' defined in class path resource [beans.xml]: Invocation of init method failed; nested exception is org.hibernate.exception.JDBCConnectionException: Unable to open JDBC Connection for DDL execution
	at org.springframework.beans.factory.support.AbstractAutowireCapableBeanFactory.initializeBean(AbstractAutowireCapableBeanFactory.java:1778)
	at org.springframework.beans.factory.support.AbstractAutowireCapableBeanFactory.doCreateBean(AbstractAutowireCapableBeanFactory.java:593)
	at org.springframework.beans.factory.support.AbstractAutowireCapableBeanFactory.createBean(AbstractAutowireCapableBeanFactory.java:515)
	at org.springframework.beans.factory.support.AbstractBeanFactory.lambda$doGetBean$0(AbstractBeanFactory.java:320)
	at org.springframework.beans.factory.support.DefaultSingletonBeanRegistry.getSingleton(DefaultSingletonBeanRegistry.java:222)
	at org.springframework.beans.factory.support.AbstractBeanFactory.doGetBean(AbstractBeanFactory.java:318)
	at org.springframework.beans.factory.support.AbstractBeanFactory.getBean(AbstractBeanFactory.java:199)
	at org.springframework.beans.factory.config.DependencyDescriptor.resolveCandidate(DependencyDescriptor.java:277)
	at org.springframework.beans.factory.support.DefaultListableBeanFactory.doResolveDependency(DefaultListableBeanFactory.java:1247)
	at org.springframework.beans.factory.support.DefaultListableBeanFactory.resolveDependency(DefaultListableBeanFactory.java:1167)
	at org.springframework.beans.factory.annotation.AutowiredAnnotationBeanPostProcessor$AutowiredFieldElement.inject(AutowiredAnnotationBeanPostProcessor.java:593)
	... 58 common frames omitted
Caused by: org.hibernate.exception.JDBCConnectionException: Unable to open JDBC Connection for DDL execution
	at org.hibernate.exception.internal.SQLExceptionTypeDelegate.convert(SQLExceptionTypeDelegate.java:48)
	at org.hibernate.exception.internal.StandardSQLExceptionConverter.convert(StandardSQLExceptionConverter.java:42)
	at org.hibernate.engine.jdbc.spi.SqlExceptionHelper.convert(SqlExceptionHelper.java:111)
	at org.hibernate.engine.jdbc.spi.SqlExceptionHelper.convert(SqlExceptionHelper.java:97)
	at org.hibernate.resource.transaction.backend.jdbc.internal.DdlTransactionIsolatorNonJtaImpl.getIsolatedConnection(DdlTransactionIsolatorNonJtaImpl.java:69)
	at org.hibernate.tool.schema.internal.exec.ImprovedExtractionContextImpl.getJdbcConnection(ImprovedExtractionContextImpl.java:60)
	at org.hibernate.tool.schema.extract.internal.SequenceInformationExtractorLegacyImpl.extractMetadata(SequenceInformationExtractorLegacyImpl.java:40)
	at org.hibernate.tool.schema.extract.internal.DatabaseInformationImpl.initializeSequences(DatabaseInformationImpl.java:65)
	at org.hibernate.tool.schema.extract.internal.DatabaseInformationImpl.<init>(DatabaseInformationImpl.java:59)
	at org.hibernate.tool.schema.internal.Helper.buildDatabaseInformation(Helper.java:130)
	at org.hibernate.tool.schema.internal.AbstractSchemaMigrator.doMigration(AbstractSchemaMigrator.java:92)
	at org.hibernate.tool.schema.spi.SchemaManagementToolCoordinator.performDatabaseAction(SchemaManagementToolCoordinator.java:176)
	at org.hibernate.tool.schema.spi.SchemaManagementToolCoordinator.process(SchemaManagementToolCoordinator.java:65)
	at org.hibernate.internal.SessionFactoryImpl.<init>(SessionFactoryImpl.java:459)
	at org.hibernate.boot.internal.SessionFactoryBuilderImpl.build(SessionFactoryBuilderImpl.java:465)
	at org.hibernate.cfg.Configuration.buildSessionFactory(Configuration.java:711)
	at org.hibernate.cfg.Configuration.buildSessionFactory(Configuration.java:727)
	at org.springframework.orm.hibernate5.LocalSessionFactoryBean.buildSessionFactory(LocalSessionFactoryBean.java:615)
	at org.springframework.orm.hibernate5.LocalSessionFactoryBean.afterPropertiesSet(LocalSessionFactoryBean.java:599)
	at org.springframework.beans.factory.support.AbstractAutowireCapableBeanFactory.invokeInitMethods(AbstractAutowireCapableBeanFactory.java:1837)
	at org.springframework.beans.factory.support.AbstractAutowireCapableBeanFactory.initializeBean(AbstractAutowireCapableBeanFactory.java:1774)
	... 68 common frames omitted
Caused by: java.sql.SQLTransientConnectionException: java.net.ConnectException: Połączenie odrzucone (Connection refused)
	at org.hsqldb.jdbc.JDBCUtil.sqlException(Unknown Source)
	at org.hsqldb.jdbc.JDBCUtil.sqlException(Unknown Source)
	at org.hsqldb.jdbc.JDBCConnection.<init>(Unknown Source)
	at org.hsqldb.jdbc.JDBCDriver.getConnection(Unknown Source)
	at org.hsqldb.jdbc.JDBCDriver.connect(Unknown Source)
	at java.sql/java.sql.DriverManager.getConnection(DriverManager.java:677)
	at java.sql/java.sql.DriverManager.getConnection(DriverManager.java:189)
	at org.springframework.jdbc.datasource.DriverManagerDataSource.getConnectionFromDriverManager(DriverManagerDataSource.java:154)
	at org.springframework.jdbc.datasource.DriverManagerDataSource.getConnectionFromDriver(DriverManagerDataSource.java:145)
	at org.springframework.jdbc.datasource.AbstractDriverBasedDataSource.getConnectionFromDriver(AbstractDriverBasedDataSource.java:205)
	at org.springframework.jdbc.datasource.AbstractDriverBasedDataSource.getConnection(AbstractDriverBasedDataSource.java:169)
	at org.hibernate.engine.jdbc.connections.internal.DatasourceConnectionProviderImpl.getConnection(DatasourceConnectionProviderImpl.java:122)
	at org.hibernate.engine.jdbc.env.internal.JdbcEnvironmentInitiator$ConnectionProviderJdbcConnectionAccess.obtainConnection(JdbcEnvironmentInitiator.java:180)
	at org.hibernate.resource.transaction.backend.jdbc.internal.DdlTransactionIsolatorNonJtaImpl.getIsolatedConnection(DdlTransactionIsolatorNonJtaImpl.java:43)
	... 84 common frames omitted
Caused by: org.hsqldb.HsqlException: java.net.ConnectException: Połączenie odrzucone (Connection refused)
	at org.hsqldb.ClientConnection.openConnection(Unknown Source)
	at org.hsqldb.ClientConnection.initConnection(Unknown Source)
	at org.hsqldb.ClientConnection.<init>(Unknown Source)
	... 96 common frames omitted
Caused by: java.net.ConnectException: Połączenie odrzucone (Connection refused)
	at java.base/java.net.PlainSocketImpl.socketConnect(Native Method)
	at java.base/java.net.AbstractPlainSocketImpl.doConnect(AbstractPlainSocketImpl.java:399)
	at java.base/java.net.AbstractPlainSocketImpl.connectToAddress(AbstractPlainSocketImpl.java:242)
	at java.base/java.net.AbstractPlainSocketImpl.connect(AbstractPlainSocketImpl.java:224)
	at java.base/java.net.SocksSocketImpl.connect(SocksSocketImpl.java:403)
	at java.base/java.net.Socket.connect(Socket.java:591)
	at java.base/java.net.Socket.connect(Socket.java:540)
	at java.base/java.net.Socket.<init>(Socket.java:436)
	at java.base/java.net.Socket.<init>(Socket.java:213)
	at org.hsqldb.server.HsqlSocketFactory.createSocket(Unknown Source)
	... 99 common frames omitted
]]></system-out>
  </testcase>
  <testcase name="findPlayersByNameFragment" classname="tau.mmo.service.PlayerManagerTest" time="0">
    <error message="Failed to load ApplicationContext" type="java.lang.IllegalStateException">java.lang.IllegalStateException: Failed to load ApplicationContext
Caused by: org.springframework.beans.factory.UnsatisfiedDependencyException: Error creating bean with name 'playerController': Unsatisfied dependency expressed through field 'playerManager'; nested exception is org.springframework.beans.factory.UnsatisfiedDependencyException: Error creating bean with name 'playerManagerHibernateImpl': Unsatisfied dependency expressed through field 'sessionFactory'; nested exception is org.springframework.beans.factory.BeanCreationException: Error creating bean with name 'hibernateSessionFactory' defined in class path resource [beans.xml]: Invocation of init method failed; nested exception is org.hibernate.exception.JDBCConnectionException: Unable to open JDBC Connection for DDL execution
Caused by: org.springframework.beans.factory.UnsatisfiedDependencyException: Error creating bean with name 'playerManagerHibernateImpl': Unsatisfied dependency expressed through field 'sessionFactory'; nested exception is org.springframework.beans.factory.BeanCreationException: Error creating bean with name 'hibernateSessionFactory' defined in class path resource [beans.xml]: Invocation of init method failed; nested exception is org.hibernate.exception.JDBCConnectionException: Unable to open JDBC Connection for DDL execution
Caused by: org.springframework.beans.factory.BeanCreationException: Error creating bean with name 'hibernateSessionFactory' defined in class path resource [beans.xml]: Invocation of init method failed; nested exception is org.hibernate.exception.JDBCConnectionException: Unable to open JDBC Connection for DDL execution
Caused by: org.hibernate.exception.JDBCConnectionException: Unable to open JDBC Connection for DDL execution
Caused by: java.sql.SQLTransientConnectionException: java.net.ConnectException: Połączenie odrzucone (Connection refused)
Caused by: org.hsqldb.HsqlException: java.net.ConnectException: Połączenie odrzucone (Connection refused)
Caused by: java.net.ConnectException: Połączenie odrzucone (Connection refused)
</error>
    <system-out><![CDATA[19:40:32.188 [main] DEBUG org.springframework.test.annotation.ProfileValueUtils - Retrieved @ProfileValueSourceConfiguration [null] for test class [tau.mmo.service.PlayerManagerTest]
19:40:32.188 [main] DEBUG org.springframework.test.annotation.ProfileValueUtils - Retrieved ProfileValueSource type [class org.springframework.test.annotation.SystemProfileValueSource] for class [tau.mmo.service.PlayerManagerTest]
19:40:32.188 [main] DEBUG org.springframework.test.context.support.DependencyInjectionTestExecutionListener - Performing dependency injection for test context [[DefaultTestContext@7ed7259e testClass = PlayerManagerTest, testInstance = tau.mmo.service.PlayerManagerTest@12a9e864, testMethod = [null], testException = [null], mergedContextConfiguration = [MergedContextConfiguration@28eaa59a testClass = PlayerManagerTest, locations = '{classpath:/beans.xml}', classes = '{}', contextInitializerClasses = '[]', activeProfiles = '{}', propertySourceLocations = '{}', propertySourceProperties = '{}', contextCustomizers = set[org.springframework.boot.test.context.filter.ExcludeFilterContextCustomizer@6b4a4e18, org.springframework.boot.test.json.DuplicateJsonObjectContextCustomizerFactory$DuplicateJsonObjectContextCustomizer@402e37bc, org.springframework.boot.test.mock.mockito.MockitoContextCustomizer@0, org.springframework.boot.test.autoconfigure.properties.PropertyMappingContextCustomizer@0, org.springframework.boot.test.autoconfigure.web.servlet.WebDriverContextCustomizerFactory$Customizer@6973bf95], contextLoader = 'org.springframework.test.context.support.DelegatingSmartContextLoader', parent = [null]], attributes = map[[empty]]]].
19:40:32.189 [main] DEBUG org.springframework.test.context.support.AbstractDelegatingSmartContextLoader - Delegating to GenericXmlContextLoader to load context from [MergedContextConfiguration@28eaa59a testClass = PlayerManagerTest, locations = '{classpath:/beans.xml}', classes = '{}', contextInitializerClasses = '[]', activeProfiles = '{}', propertySourceLocations = '{}', propertySourceProperties = '{}', contextCustomizers = set[org.springframework.boot.test.context.filter.ExcludeFilterContextCustomizer@6b4a4e18, org.springframework.boot.test.json.DuplicateJsonObjectContextCustomizerFactory$DuplicateJsonObjectContextCustomizer@402e37bc, org.springframework.boot.test.mock.mockito.MockitoContextCustomizer@0, org.springframework.boot.test.autoconfigure.properties.PropertyMappingContextCustomizer@0, org.springframework.boot.test.autoconfigure.web.servlet.WebDriverContextCustomizerFactory$Customizer@6973bf95], contextLoader = 'org.springframework.test.context.support.DelegatingSmartContextLoader', parent = [null]].
19:40:32.189 [main] DEBUG org.springframework.test.context.support.AbstractGenericContextLoader - Loading ApplicationContext for merged context configuration [[MergedContextConfiguration@28eaa59a testClass = PlayerManagerTest, locations = '{classpath:/beans.xml}', classes = '{}', contextInitializerClasses = '[]', activeProfiles = '{}', propertySourceLocations = '{}', propertySourceProperties = '{}', contextCustomizers = set[org.springframework.boot.test.context.filter.ExcludeFilterContextCustomizer@6b4a4e18, org.springframework.boot.test.json.DuplicateJsonObjectContextCustomizerFactory$DuplicateJsonObjectContextCustomizer@402e37bc, org.springframework.boot.test.mock.mockito.MockitoContextCustomizer@0, org.springframework.boot.test.autoconfigure.properties.PropertyMappingContextCustomizer@0, org.springframework.boot.test.autoconfigure.web.servlet.WebDriverContextCustomizerFactory$Customizer@6973bf95], contextLoader = 'org.springframework.test.context.support.DelegatingSmartContextLoader', parent = [null]]].
19:40:32.189 [main] DEBUG org.springframework.core.env.StandardEnvironment - Activating profiles []
19:40:32.199 [main] DEBUG org.springframework.context.annotation.ClassPathBeanDefinitionScanner - Identified candidate component class: file [/home/whitewolf/tau/TAU-repozytorium/tau-mmo-jmeter/target/classes/tau/mmo/Application.class]
19:40:32.199 [main] DEBUG org.springframework.context.annotation.ClassPathBeanDefinitionScanner - Identified candidate component class: file [/home/whitewolf/tau/TAU-repozytorium/tau-mmo-jmeter/target/classes/tau/mmo/api/PlayerController.class]
19:40:32.200 [main] DEBUG org.springframework.context.annotation.ClassPathBeanDefinitionScanner - Identified candidate component class: file [/home/whitewolf/tau/TAU-repozytorium/tau-mmo-jmeter/target/classes/tau/mmo/service/PlayerManagerHibernateImpl.class]
19:40:32.200 [main] DEBUG org.springframework.beans.factory.xml.XmlBeanDefinitionReader - Loaded 12 bean definitions from class path resource [beans.xml]
19:40:32.201 [main] DEBUG org.springframework.context.support.GenericApplicationContext - Refreshing org.springframework.context.support.GenericApplicationContext@462f8fe9
19:40:32.201 [main] DEBUG org.springframework.beans.factory.support.DefaultListableBeanFactory - Creating shared instance of singleton bean 'org.springframework.context.annotation.internalConfigurationAnnotationProcessor'
19:40:32.203 [main] DEBUG org.springframework.context.annotation.ClassPathBeanDefinitionScanner - Identified candidate component class: file [/home/whitewolf/tau/TAU-repozytorium/tau-mmo-jmeter/target/classes/tau/mmo/api/PlayerController.class]
19:40:32.204 [main] DEBUG org.springframework.context.annotation.ClassPathBeanDefinitionScanner - Identified candidate component class: file [/home/whitewolf/tau/TAU-repozytorium/tau-mmo-jmeter/target/classes/tau/mmo/service/PlayerManagerHibernateImpl.class]
19:40:32.269 [main] DEBUG org.springframework.context.annotation.ClassPathBeanDefinitionScanner - Identified candidate component class: file [/home/whitewolf/tau/TAU-repozytorium/tau-mmo-jmeter/target/classes/tau/mmo/Application.class]
19:40:32.272 [main] DEBUG org.springframework.context.annotation.ClassPathBeanDefinitionScanner - Identified candidate component class: file [/home/whitewolf/tau/TAU-repozytorium/tau-mmo-jmeter/target/classes/tau/mmo/api/PlayerController.class]
19:40:32.273 [main] DEBUG org.springframework.context.annotation.ClassPathBeanDefinitionScanner - Identified candidate component class: file [/home/whitewolf/tau/TAU-repozytorium/tau-mmo-jmeter/target/classes/tau/mmo/service/PlayerManagerHibernateImpl.class]
19:40:32.277 [main] DEBUG org.springframework.beans.factory.xml.XmlBeanDefinitionReader - Loaded 0 bean definitions from class path resource [beans.xml]
19:40:32.278 [main] DEBUG org.springframework.beans.factory.support.DefaultListableBeanFactory - Creating shared instance of singleton bean 'org.springframework.boot.autoconfigure.condition.BeanTypeRegistry'
19:40:32.284 [main] INFO org.springframework.data.repository.config.RepositoryConfigurationDelegate - Bootstrapping Spring Data repositories in DEFAULT mode.
19:40:32.289 [main] DEBUG org.springframework.beans.factory.support.DefaultListableBeanFactory - Creating shared instance of singleton bean 'org.springframework.boot.autoconfigure.AutoConfigurationPackages'
19:40:32.290 [main] DEBUG org.springframework.boot.autoconfigure.AutoConfigurationPackages - @EnableAutoConfiguration was declared on a class in the package 'tau.mmo'. Automatic @Repository and @Entity scanning is enabled.
19:40:32.290 [main] DEBUG org.springframework.data.repository.config.RepositoryConfigurationDelegate - Scanning for repositories in packages tau.mmo.
19:40:32.291 [main] INFO org.springframework.data.repository.config.RepositoryConfigurationDelegate - Finished Spring Data repository scanning in 1ms. Found 0 repository interfaces.
19:40:32.305 [main] DEBUG org.springframework.beans.factory.support.DefaultListableBeanFactory - Creating shared instance of singleton bean 'propertySourcesPlaceholderConfigurer'
19:40:32.306 [main] DEBUG org.springframework.core.env.PropertySourcesPropertyResolver - Found key 'jdbc.driverClassName' in PropertySource 'class path resource [jdbc.properties]' with value of type String
19:40:32.306 [main] DEBUG org.springframework.core.env.PropertySourcesPropertyResolver - Found key 'jdbc.driverClassName' in PropertySource 'environmentProperties' with value of type String
19:40:32.306 [main] DEBUG org.springframework.core.env.PropertySourcesPropertyResolver - Found key 'jdbc.url' in PropertySource 'class path resource [jdbc.properties]' with value of type String
19:40:32.306 [main] DEBUG org.springframework.core.env.PropertySourcesPropertyResolver - Found key 'jdbc.url' in PropertySource 'environmentProperties' with value of type String
19:40:32.306 [main] DEBUG org.springframework.core.env.PropertySourcesPropertyResolver - Found key 'jdbc.username' in PropertySource 'class path resource [jdbc.properties]' with value of type String
19:40:32.306 [main] DEBUG org.springframework.core.env.PropertySourcesPropertyResolver - Found key 'jdbc.username' in PropertySource 'environmentProperties' with value of type String
19:40:32.306 [main] DEBUG org.springframework.core.env.PropertySourcesPropertyResolver - Found key 'jdbc.password' in PropertySource 'class path resource [jdbc.properties]' with value of type String
19:40:32.306 [main] DEBUG org.springframework.core.env.PropertySourcesPropertyResolver - Found key 'jdbc.password' in PropertySource 'environmentProperties' with value of type String
19:40:32.306 [main] DEBUG org.springframework.beans.factory.support.DefaultListableBeanFactory - Creating shared instance of singleton bean 'org.springframework.boot.test.mock.mockito.MockitoPostProcessor'
19:40:32.307 [main] DEBUG org.springframework.beans.factory.support.DefaultListableBeanFactory - Creating shared instance of singleton bean 'emBeanDefinitionRegistrarPostProcessor'
19:40:32.309 [main] DEBUG org.springframework.beans.factory.support.DefaultListableBeanFactory - Creating shared instance of singleton bean 'org.springframework.context.event.internalEventListenerProcessor'
19:40:32.309 [main] DEBUG org.springframework.beans.factory.support.DefaultListableBeanFactory - Creating shared instance of singleton bean 'org.springframework.boot.context.properties.ConfigurationBeanFactoryMetadata'
19:40:32.310 [main] DEBUG org.springframework.beans.factory.support.DefaultListableBeanFactory - Creating shared instance of singleton bean 'org.springframework.context.event.internalEventListenerFactory'
19:40:32.310 [main] DEBUG org.springframework.beans.factory.support.DefaultListableBeanFactory - Creating shared instance of singleton bean 'org.springframework.transaction.config.internalTransactionalEventListenerFactory'
19:40:32.311 [main] DEBUG org.springframework.beans.factory.support.DefaultListableBeanFactory - Creating shared instance of singleton bean 'org.springframework.context.annotation.internalAutowiredAnnotationProcessor'
19:40:32.312 [main] DEBUG org.springframework.beans.factory.support.DefaultListableBeanFactory - Creating shared instance of singleton bean 'org.springframework.context.annotation.internalCommonAnnotationProcessor'
19:40:32.312 [main] DEBUG org.springframework.beans.factory.support.DefaultListableBeanFactory - Creating shared instance of singleton bean 'org.springframework.context.annotation.internalPersistenceAnnotationProcessor'
19:40:32.313 [main] DEBUG org.springframework.beans.factory.support.DefaultListableBeanFactory - Creating shared instance of singleton bean 'org.springframework.boot.test.mock.mockito.MockitoPostProcessor$SpyPostProcessor'
19:40:32.313 [main] DEBUG org.springframework.beans.factory.support.DefaultListableBeanFactory - Creating shared instance of singleton bean 'org.springframework.boot.context.properties.ConfigurationPropertiesBindingPostProcessor'
19:40:32.314 [main] DEBUG org.springframework.beans.factory.support.DefaultListableBeanFactory - Creating shared instance of singleton bean 'methodValidationPostProcessor'
19:40:32.315 [main] DEBUG org.springframework.beans.factory.support.DefaultListableBeanFactory - Autowiring by type from bean name 'methodValidationPostProcessor' via factory method to bean named 'environment'
19:40:32.316 [main] DEBUG org.springframework.beans.factory.support.DefaultListableBeanFactory - Creating shared instance of singleton bean 'org.springframework.aop.config.internalAutoProxyCreator'
19:40:32.317 [main] DEBUG org.springframework.beans.factory.support.DefaultListableBeanFactory - Creating shared instance of singleton bean 'dataSourceInitializerPostProcessor'
19:40:32.318 [main] DEBUG org.springframework.beans.factory.support.DefaultListableBeanFactory - Creating shared instance of singleton bean 'persistenceExceptionTranslationPostProcessor'
19:40:32.318 [main] DEBUG org.springframework.beans.factory.support.DefaultListableBeanFactory - Autowiring by type from bean name 'persistenceExceptionTranslationPostProcessor' via factory method to bean named 'environment'
19:40:32.321 [main] DEBUG org.springframework.beans.factory.support.DefaultListableBeanFactory - Creating shared instance of singleton bean 'application'
19:40:32.321 [main] DEBUG org.springframework.beans.factory.support.DefaultListableBeanFactory - Creating shared instance of singleton bean 'org.springframework.transaction.config.internalTransactionAdvisor'
19:40:32.321 [main] DEBUG org.springframework.beans.factory.support.DefaultListableBeanFactory - Creating shared instance of singleton bean 'org.springframework.transaction.annotation.ProxyTransactionManagementConfiguration'
19:40:32.328 [main] DEBUG org.springframework.beans.factory.support.DefaultListableBeanFactory - Creating shared instance of singleton bean 'transactionAttributeSource'
19:40:32.329 [main] DEBUG org.springframework.beans.factory.support.DefaultListableBeanFactory - Creating shared instance of singleton bean 'transactionInterceptor'
19:40:32.331 [main] DEBUG org.springframework.beans.factory.support.DefaultListableBeanFactory - Creating shared instance of singleton bean 'playerController'
19:40:32.332 [main] DEBUG org.springframework.beans.factory.support.DefaultListableBeanFactory - Creating shared instance of singleton bean 'playerManagerHibernateImpl'
19:40:32.333 [main] DEBUG org.springframework.beans.factory.support.DefaultListableBeanFactory - Creating shared instance of singleton bean 'hibernateSessionFactory'
19:40:32.334 [main] DEBUG org.springframework.beans.factory.support.DefaultListableBeanFactory - Creating shared instance of singleton bean 'dataSource'
19:40:32.336 [main] DEBUG org.springframework.jdbc.datasource.DriverManagerDataSource - Loaded JDBC driver: org.hsqldb.jdbcDriver
19:40:32.337 [main] DEBUG org.springframework.beans.factory.support.DefaultListableBeanFactory - Creating shared instance of singleton bean 'org.springframework.boot.autoconfigure.jdbc.DataSourceInitializerInvoker'
19:40:32.337 [main] DEBUG org.springframework.beans.factory.support.DefaultListableBeanFactory - Creating shared instance of singleton bean 'spring.datasource-org.springframework.boot.autoconfigure.jdbc.DataSourceProperties'
19:40:32.341 [main] DEBUG org.springframework.beans.factory.support.DefaultListableBeanFactory - Autowiring by type from bean name 'org.springframework.boot.autoconfigure.jdbc.DataSourceInitializerInvoker' via constructor to bean named 'spring.datasource-org.springframework.boot.autoconfigure.jdbc.DataSourceProperties'
19:40:32.341 [main] DEBUG org.springframework.beans.factory.support.DefaultListableBeanFactory - Autowiring by type from bean name 'org.springframework.boot.autoconfigure.jdbc.DataSourceInitializerInvoker' via constructor to bean named 'org.springframework.context.support.GenericApplicationContext@462f8fe9'
19:40:32.343 [main] DEBUG org.hibernate.integrator.internal.IntegratorServiceImpl - Adding Integrator [org.hibernate.cfg.beanvalidation.BeanValidationIntegrator].
19:40:32.343 [main] DEBUG org.hibernate.integrator.internal.IntegratorServiceImpl - Adding Integrator [org.hibernate.secure.spi.JaccIntegrator].
19:40:32.343 [main] DEBUG org.hibernate.integrator.internal.IntegratorServiceImpl - Adding Integrator [org.hibernate.cache.internal.CollectionCacheInvalidator].
19:40:32.344 [main] DEBUG org.hibernate.cfg.Configuration - Building session factory using internal StandardServiceRegistryBuilder
19:40:32.345 [main] DEBUG org.hibernate.service.spi.ServiceBinding - Overriding existing service binding [org.hibernate.secure.spi.JaccService]
19:40:32.345 [main] DEBUG org.hibernate.cfg.Configuration - Building session factory using provided StandardServiceRegistry
19:40:32.345 [main] DEBUG org.hibernate.cache.internal.RegionFactoryInitiator - Cache region factory : org.hibernate.cache.internal.NoCachingRegionFactory
19:40:32.346 [main] DEBUG org.hibernate.type.BasicTypeRegistry - Adding type registration boolean -> org.hibernate.type.BooleanType@57a2ed35
19:40:32.346 [main] DEBUG org.hibernate.type.BasicTypeRegistry - Adding type registration boolean -> org.hibernate.type.BooleanType@57a2ed35
19:40:32.346 [main] DEBUG org.hibernate.type.BasicTypeRegistry - Adding type registration java.lang.Boolean -> org.hibernate.type.BooleanType@57a2ed35
19:40:32.346 [main] DEBUG org.hibernate.type.BasicTypeRegistry - Adding type registration numeric_boolean -> org.hibernate.type.NumericBooleanType@184fb68d
19:40:32.346 [main] DEBUG org.hibernate.type.BasicTypeRegistry - Adding type registration true_false -> org.hibernate.type.TrueFalseType@205bed61
19:40:32.346 [main] DEBUG org.hibernate.type.BasicTypeRegistry - Adding type registration yes_no -> org.hibernate.type.YesNoType@7c2b58c0
19:40:32.346 [main] DEBUG org.hibernate.type.BasicTypeRegistry - Adding type registration byte -> org.hibernate.type.ByteType@aa149ed
19:40:32.346 [main] DEBUG org.hibernate.type.BasicTypeRegistry - Adding type registration byte -> org.hibernate.type.ByteType@aa149ed
19:40:32.346 [main] DEBUG org.hibernate.type.BasicTypeRegistry - Adding type registration java.lang.Byte -> org.hibernate.type.ByteType@aa149ed
19:40:32.346 [main] DEBUG org.hibernate.type.BasicTypeRegistry - Adding type registration character -> org.hibernate.type.CharacterType@8ee0c23
19:40:32.346 [main] DEBUG org.hibernate.type.BasicTypeRegistry - Adding type registration char -> org.hibernate.type.CharacterType@8ee0c23
19:40:32.346 [main] DEBUG org.hibernate.type.BasicTypeRegistry - Adding type registration java.lang.Character -> org.hibernate.type.CharacterType@8ee0c23
19:40:32.346 [main] DEBUG org.hibernate.type.BasicTypeRegistry - Adding type registration short -> org.hibernate.type.ShortType@173797f0
19:40:32.346 [main] DEBUG org.hibernate.type.BasicTypeRegistry - Adding type registration short -> org.hibernate.type.ShortType@173797f0
19:40:32.346 [main] DEBUG org.hibernate.type.BasicTypeRegistry - Adding type registration java.lang.Short -> org.hibernate.type.ShortType@173797f0
19:40:32.346 [main] DEBUG org.hibernate.type.BasicTypeRegistry - Adding type registration integer -> org.hibernate.type.IntegerType@33d53216
19:40:32.346 [main] DEBUG org.hibernate.type.BasicTypeRegistry - Adding type registration int -> org.hibernate.type.IntegerType@33d53216
19:40:32.346 [main] DEBUG org.hibernate.type.BasicTypeRegistry - Adding type registration java.lang.Integer -> org.hibernate.type.IntegerType@33d53216
19:40:32.346 [main] DEBUG org.hibernate.type.BasicTypeRegistry - Adding type registration long -> org.hibernate.type.LongType@3db663d0
19:40:32.346 [main] DEBUG org.hibernate.type.BasicTypeRegistry - Adding type registration long -> org.hibernate.type.LongType@3db663d0
19:40:32.346 [main] DEBUG org.hibernate.type.BasicTypeRegistry - Adding type registration java.lang.Long -> org.hibernate.type.LongType@3db663d0
19:40:32.346 [main] DEBUG org.hibernate.type.BasicTypeRegistry - Adding type registration float -> org.hibernate.type.FloatType@3b9632d1
19:40:32.346 [main] DEBUG org.hibernate.type.BasicTypeRegistry - Adding type registration float -> org.hibernate.type.FloatType@3b9632d1
19:40:32.346 [main] DEBUG org.hibernate.type.BasicTypeRegistry - Adding type registration java.lang.Float -> org.hibernate.type.FloatType@3b9632d1
19:40:32.346 [main] DEBUG org.hibernate.type.BasicTypeRegistry - Adding type registration double -> org.hibernate.type.DoubleType@75fc1992
19:40:32.346 [main] DEBUG org.hibernate.type.BasicTypeRegistry - Adding type registration double -> org.hibernate.type.DoubleType@75fc1992
19:40:32.346 [main] DEBUG org.hibernate.type.BasicTypeRegistry - Adding type registration java.lang.Double -> org.hibernate.type.DoubleType@75fc1992
19:40:32.346 [main] DEBUG org.hibernate.type.BasicTypeRegistry - Adding type registration big_decimal -> org.hibernate.type.BigDecimalType@27a2a089
19:40:32.346 [main] DEBUG org.hibernate.type.BasicTypeRegistry - Adding type registration java.math.BigDecimal -> org.hibernate.type.BigDecimalType@27a2a089
19:40:32.346 [main] DEBUG org.hibernate.type.BasicTypeRegistry - Adding type registration big_integer -> org.hibernate.type.BigIntegerType@5ac6c4f2
19:40:32.346 [main] DEBUG org.hibernate.type.BasicTypeRegistry - Adding type registration java.math.BigInteger -> org.hibernate.type.BigIntegerType@5ac6c4f2
19:40:32.347 [main] DEBUG org.hibernate.type.BasicTypeRegistry - Adding type registration string -> org.hibernate.type.StringType@78525ef9
19:40:32.347 [main] DEBUG org.hibernate.type.BasicTypeRegistry - Adding type registration java.lang.String -> org.hibernate.type.StringType@78525ef9
19:40:32.347 [main] DEBUG org.hibernate.type.BasicTypeRegistry - Adding type registration nstring -> org.hibernate.type.StringNVarcharType@350a94ce
19:40:32.347 [main] DEBUG org.hibernate.type.BasicTypeRegistry - Adding type registration ncharacter -> org.hibernate.type.CharacterNCharType@5fbdc49b
19:40:32.347 [main] DEBUG org.hibernate.type.BasicTypeRegistry - Adding type registration url -> org.hibernate.type.UrlType@285f38f6
19:40:32.347 [main] DEBUG org.hibernate.type.BasicTypeRegistry - Adding type registration java.net.URL -> org.hibernate.type.UrlType@285f38f6
19:40:32.347 [main] DEBUG org.hibernate.type.BasicTypeRegistry - Adding type registration date -> org.hibernate.type.DateType@21ac5eb4
19:40:32.347 [main] DEBUG org.hibernate.type.BasicTypeRegistry - Adding type registration java.sql.Date -> org.hibernate.type.DateType@21ac5eb4
19:40:32.347 [main] DEBUG org.hibernate.type.BasicTypeRegistry - Adding type registration time -> org.hibernate.type.TimeType@1d540566
19:40:32.347 [main] DEBUG org.hibernate.type.BasicTypeRegistry - Adding type registration java.sql.Time -> org.hibernate.type.TimeType@1d540566
19:40:32.347 [main] DEBUG org.hibernate.type.BasicTypeRegistry - Adding type registration timestamp -> org.hibernate.type.TimestampType@5c1f6d57
19:40:32.347 [main] DEBUG org.hibernate.type.BasicTypeRegistry - Adding type registration java.sql.Timestamp -> org.hibernate.type.TimestampType@5c1f6d57
19:40:32.347 [main] DEBUG org.hibernate.type.BasicTypeRegistry - Adding type registration java.util.Date -> org.hibernate.type.TimestampType@5c1f6d57
19:40:32.347 [main] DEBUG org.hibernate.type.BasicTypeRegistry - Adding type registration dbtimestamp -> org.hibernate.type.DbTimestampType@5cb5bb88
19:40:32.347 [main] DEBUG org.hibernate.type.BasicTypeRegistry - Adding type registration calendar -> org.hibernate.type.CalendarType@20e3c449
19:40:32.347 [main] DEBUG org.hibernate.type.BasicTypeRegistry - Adding type registration java.util.Calendar -> org.hibernate.type.CalendarType@20e3c449
19:40:32.347 [main] DEBUG org.hibernate.type.BasicTypeRegistry - Adding type registration java.util.GregorianCalendar -> org.hibernate.type.CalendarType@20e3c449
19:40:32.347 [main] DEBUG org.hibernate.type.BasicTypeRegistry - Adding type registration calendar_date -> org.hibernate.type.CalendarDateType@2dd8239
19:40:32.347 [main] DEBUG org.hibernate.type.BasicTypeRegistry - Adding type registration locale -> org.hibernate.type.LocaleType@3f92a84e
19:40:32.347 [main] DEBUG org.hibernate.type.BasicTypeRegistry - Adding type registration java.util.Locale -> org.hibernate.type.LocaleType@3f92a84e
19:40:32.347 [main] DEBUG org.hibernate.type.BasicTypeRegistry - Adding type registration currency -> org.hibernate.type.CurrencyType@5fcfca62
19:40:32.347 [main] DEBUG org.hibernate.type.BasicTypeRegistry - Adding type registration java.util.Currency -> org.hibernate.type.CurrencyType@5fcfca62
19:40:32.347 [main] DEBUG org.hibernate.type.BasicTypeRegistry - Adding type registration timezone -> org.hibernate.type.TimeZoneType@5b051a5c
19:40:32.347 [main] DEBUG org.hibernate.type.BasicTypeRegistry - Adding type registration java.util.TimeZone -> org.hibernate.type.TimeZoneType@5b051a5c
19:40:32.347 [main] DEBUG org.hibernate.type.BasicTypeRegistry - Adding type registration class -> org.hibernate.type.ClassType@10641c09
19:40:32.347 [main] DEBUG org.hibernate.type.BasicTypeRegistry - Adding type registration java.lang.Class -> org.hibernate.type.ClassType@10641c09
19:40:32.347 [main] DEBUG org.hibernate.type.BasicTypeRegistry - Adding type registration uuid-binary -> org.hibernate.type.UUIDBinaryType@12968227
19:40:32.347 [main] DEBUG org.hibernate.type.BasicTypeRegistry - Adding type registration java.util.UUID -> org.hibernate.type.UUIDBinaryType@12968227
19:40:32.347 [main] DEBUG org.hibernate.type.BasicTypeRegistry - Adding type registration uuid-char -> org.hibernate.type.UUIDCharType@48eb9836
19:40:32.347 [main] DEBUG org.hibernate.type.BasicTypeRegistry - Adding type registration binary -> org.hibernate.type.BinaryType@9e2ad91
19:40:32.347 [main] DEBUG org.hibernate.type.BasicTypeRegistry - Adding type registration byte[] -> org.hibernate.type.BinaryType@9e2ad91
19:40:32.347 [main] DEBUG org.hibernate.type.BasicTypeRegistry - Adding type registration [B -> org.hibernate.type.BinaryType@9e2ad91
19:40:32.347 [main] DEBUG org.hibernate.type.BasicTypeRegistry - Adding type registration wrapper-binary -> org.hibernate.type.WrapperBinaryType@74dbb1ee
19:40:32.347 [main] DEBUG org.hibernate.type.BasicTypeRegistry - Adding type registration Byte[] -> org.hibernate.type.WrapperBinaryType@74dbb1ee
19:40:32.347 [main] DEBUG org.hibernate.type.BasicTypeRegistry - Adding type registration [Ljava.lang.Byte; -> org.hibernate.type.WrapperBinaryType@74dbb1ee
19:40:32.347 [main] DEBUG org.hibernate.type.BasicTypeRegistry - Adding type registration row_version -> org.hibernate.type.RowVersionType@618ad2aa
19:40:32.347 [main] DEBUG org.hibernate.type.BasicTypeRegistry - Adding type registration image -> org.hibernate.type.ImageType@59e43e8c
19:40:32.347 [main] DEBUG org.hibernate.type.BasicTypeRegistry - Adding type registration characters -> org.hibernate.type.CharArrayType@3f049056
19:40:32.347 [main] DEBUG org.hibernate.type.BasicTypeRegistry - Adding type registration char[] -> org.hibernate.type.CharArrayType@3f049056
19:40:32.347 [main] DEBUG org.hibernate.type.BasicTypeRegistry - Adding type registration [C -> org.hibernate.type.CharArrayType@3f049056
19:40:32.347 [main] DEBUG org.hibernate.type.BasicTypeRegistry - Adding type registration wrapper-characters -> org.hibernate.type.CharacterArrayType@4c2fb9dd
19:40:32.347 [main] DEBUG org.hibernate.type.BasicTypeRegistry - Adding type registration [Ljava.lang.Character; -> org.hibernate.type.CharacterArrayType@4c2fb9dd
19:40:32.347 [main] DEBUG org.hibernate.type.BasicTypeRegistry - Adding type registration Character[] -> org.hibernate.type.CharacterArrayType@4c2fb9dd
19:40:32.347 [main] DEBUG org.hibernate.type.BasicTypeRegistry - Adding type registration text -> org.hibernate.type.TextType@41522537
19:40:32.347 [main] DEBUG org.hibernate.type.BasicTypeRegistry - Adding type registration ntext -> org.hibernate.type.NTextType@42c28305
19:40:32.347 [main] DEBUG org.hibernate.type.BasicTypeRegistry - Adding type registration blob -> org.hibernate.type.BlobType@ef1695a
19:40:32.347 [main] DEBUG org.hibernate.type.BasicTypeRegistry - Adding type registration java.sql.Blob -> org.hibernate.type.BlobType@ef1695a
19:40:32.347 [main] DEBUG org.hibernate.type.BasicTypeRegistry - Adding type registration materialized_blob -> org.hibernate.type.MaterializedBlobType@7139bd31
19:40:32.347 [main] DEBUG org.hibernate.type.BasicTypeRegistry - Adding type registration clob -> org.hibernate.type.ClobType@75361cf6
19:40:32.347 [main] DEBUG org.hibernate.type.BasicTypeRegistry - Adding type registration java.sql.Clob -> org.hibernate.type.ClobType@75361cf6
19:40:32.347 [main] DEBUG org.hibernate.type.BasicTypeRegistry - Adding type registration nclob -> org.hibernate.type.NClobType@102efc59
19:40:32.347 [main] DEBUG org.hibernate.type.BasicTypeRegistry - Adding type registration java.sql.NClob -> org.hibernate.type.NClobType@102efc59
19:40:32.347 [main] DEBUG org.hibernate.type.BasicTypeRegistry - Adding type registration materialized_clob -> org.hibernate.type.MaterializedClobType@75fa1be3
19:40:32.347 [main] DEBUG org.hibernate.type.BasicTypeRegistry - Adding type registration materialized_nclob -> org.hibernate.type.MaterializedNClobType@3ce53f6a
19:40:32.347 [main] DEBUG org.hibernate.type.BasicTypeRegistry - Adding type registration serializable -> org.hibernate.type.SerializableType@1daf3b44
19:40:32.348 [main] DEBUG org.hibernate.type.BasicTypeRegistry - Adding type registration object -> org.hibernate.type.ObjectType@4cb40e3b
19:40:32.348 [main] DEBUG org.hibernate.type.BasicTypeRegistry - Adding type registration java.lang.Object -> org.hibernate.type.ObjectType@4cb40e3b
19:40:32.348 [main] DEBUG org.hibernate.type.BasicTypeRegistry - Adding type registration imm_date -> org.hibernate.type.AdaptedImmutableType@b63365c
19:40:32.348 [main] DEBUG org.hibernate.type.BasicTypeRegistry - Adding type registration imm_time -> org.hibernate.type.AdaptedImmutableType@6839d03b
19:40:32.348 [main] DEBUG org.hibernate.type.BasicTypeRegistry - Adding type registration imm_timestamp -> org.hibernate.type.AdaptedImmutableType@a44ad33
19:40:32.348 [main] DEBUG org.hibernate.type.BasicTypeRegistry - Adding type registration imm_dbtimestamp -> org.hibernate.type.AdaptedImmutableType@703e5614
19:40:32.348 [main] DEBUG org.hibernate.type.BasicTypeRegistry - Adding type registration imm_calendar -> org.hibernate.type.AdaptedImmutableType@627d5f99
19:40:32.348 [main] DEBUG org.hibernate.type.BasicTypeRegistry - Adding type registration imm_calendar_date -> org.hibernate.type.AdaptedImmutableType@44e3f3e5
19:40:32.348 [main] DEBUG org.hibernate.type.BasicTypeRegistry - Adding type registration imm_binary -> org.hibernate.type.AdaptedImmutableType@6be1f37f
19:40:32.348 [main] DEBUG org.hibernate.type.BasicTypeRegistry - Adding type registration imm_serializable -> org.hibernate.type.AdaptedImmutableType@69ed96e1
19:40:32.349 [main] DEBUG org.springframework.jdbc.datasource.DriverManagerDataSource - Creating new JDBC DriverManager Connection to [jdbc:hsqldb:hsql://localhost/workdb]
19:40:32.349 [main] WARN org.hibernate.engine.jdbc.env.internal.JdbcEnvironmentInitiator - HHH000342: Could not obtain connection to query metadata : java.net.ConnectException: Połączenie odrzucone (Connection refused)
19:40:32.350 [main] INFO org.hibernate.dialect.Dialect - HHH000400: Using dialect: org.hibernate.dialect.HSQLDialect
19:40:32.350 [main] DEBUG org.hibernate.engine.jdbc.env.spi.IdentifierHelperBuilder - IdentifierCaseStrategy for both quoted and unquoted identifiers was set to the same strategy [MIXED]; that will likely lead to problems in schema update and validation if using quoted identifiers
19:40:32.350 [main] INFO org.hibernate.engine.jdbc.env.internal.LobCreatorBuilderImpl - HHH000422: Disabling contextual LOB creation as connection was null
19:40:32.351 [main] DEBUG org.hibernate.id.factory.internal.DefaultIdentifierGeneratorFactory - Registering IdentifierGenerator strategy [uuid2] -> [org.hibernate.id.UUIDGenerator]
19:40:32.351 [main] DEBUG org.hibernate.id.factory.internal.DefaultIdentifierGeneratorFactory - Registering IdentifierGenerator strategy [guid] -> [org.hibernate.id.GUIDGenerator]
19:40:32.351 [main] DEBUG org.hibernate.id.factory.internal.DefaultIdentifierGeneratorFactory - Registering IdentifierGenerator strategy [uuid] -> [org.hibernate.id.UUIDHexGenerator]
19:40:32.351 [main] DEBUG org.hibernate.id.factory.internal.DefaultIdentifierGeneratorFactory - Registering IdentifierGenerator strategy [uuid.hex] -> [org.hibernate.id.UUIDHexGenerator]
19:40:32.351 [main] DEBUG org.hibernate.id.factory.internal.DefaultIdentifierGeneratorFactory - Registering IdentifierGenerator strategy [assigned] -> [org.hibernate.id.Assigned]
19:40:32.351 [main] DEBUG org.hibernate.id.factory.internal.DefaultIdentifierGeneratorFactory - Registering IdentifierGenerator strategy [identity] -> [org.hibernate.id.IdentityGenerator]
19:40:32.351 [main] DEBUG org.hibernate.id.factory.internal.DefaultIdentifierGeneratorFactory - Registering IdentifierGenerator strategy [select] -> [org.hibernate.id.SelectGenerator]
19:40:32.351 [main] DEBUG org.hibernate.id.factory.internal.DefaultIdentifierGeneratorFactory - Registering IdentifierGenerator strategy [sequence] -> [org.hibernate.id.enhanced.SequenceStyleGenerator]
19:40:32.351 [main] DEBUG org.hibernate.id.factory.internal.DefaultIdentifierGeneratorFactory - Registering IdentifierGenerator strategy [seqhilo] -> [org.hibernate.id.SequenceHiLoGenerator]
19:40:32.351 [main] DEBUG org.hibernate.id.factory.internal.DefaultIdentifierGeneratorFactory - Registering IdentifierGenerator strategy [increment] -> [org.hibernate.id.IncrementGenerator]
19:40:32.351 [main] DEBUG org.hibernate.id.factory.internal.DefaultIdentifierGeneratorFactory - Registering IdentifierGenerator strategy [foreign] -> [org.hibernate.id.ForeignGenerator]
19:40:32.351 [main] DEBUG org.hibernate.id.factory.internal.DefaultIdentifierGeneratorFactory - Registering IdentifierGenerator strategy [sequence-identity] -> [org.hibernate.id.SequenceIdentityGenerator]
19:40:32.351 [main] DEBUG org.hibernate.id.factory.internal.DefaultIdentifierGeneratorFactory - Registering IdentifierGenerator strategy [enhanced-sequence] -> [org.hibernate.id.enhanced.SequenceStyleGenerator]
19:40:32.351 [main] DEBUG org.hibernate.id.factory.internal.DefaultIdentifierGeneratorFactory - Registering IdentifierGenerator strategy [enhanced-table] -> [org.hibernate.id.enhanced.TableGenerator]
19:40:32.351 [main] DEBUG org.hibernate.boot.model.relational.Namespace - Created database namespace [logicalName=Name{catalog=null, schema=null}, physicalName=Name{catalog=null, schema=null}]
19:40:32.351 [main] DEBUG org.hibernate.cfg.AnnotationBinder - Binding entity from annotated class: tau.mmo.domain.Item
19:40:32.351 [main] DEBUG org.hibernate.cfg.annotations.QueryBinder - Binding named query: item.all => Select p from Item p
19:40:32.351 [main] DEBUG org.hibernate.cfg.annotations.QueryBinder - Binding named query: item.allForPlayer => Select p from Item p where player_id = :id
19:40:32.351 [main] DEBUG org.hibernate.cfg.Ejb3Column - Binding column: Ejb3DiscriminatorColumn{logicalColumnName'DTYPE', discriminatorTypeName='string'}
19:40:32.351 [main] DEBUG org.hibernate.cfg.annotations.EntityBinder - Import with entity name Item
19:40:32.351 [main] DEBUG org.hibernate.cfg.annotations.EntityBinder - Bind entity tau.mmo.domain.Item on table item
19:40:32.352 [main] DEBUG org.hibernate.cfg.Ejb3Column - Binding column: Ejb3Column{table=org.hibernate.mapping.Table(item), mappingColumn=id, insertable=true, updatable=true, unique=false}
19:40:32.352 [main] DEBUG org.hibernate.cfg.annotations.PropertyBinder - MetadataSourceProcessor property id with lazy=false
19:40:32.352 [main] DEBUG org.hibernate.cfg.AbstractPropertyHolder - Attempting to locate auto-apply AttributeConverter for property [tau.mmo.domain.Item:id]
19:40:32.352 [main] DEBUG org.hibernate.cfg.annotations.SimpleValueBinder - building SimpleValue for id
19:40:32.352 [main] DEBUG org.hibernate.cfg.annotations.PropertyBinder - Building property id
19:40:32.352 [main] DEBUG org.hibernate.cfg.Ejb3Column - Binding column: Ejb3Column{table=org.hibernate.mapping.Table(item), mappingColumn=itemclass, insertable=true, updatable=true, unique=false}
19:40:32.352 [main] DEBUG org.hibernate.cfg.annotations.PropertyBinder - MetadataSourceProcessor property itemclass with lazy=false
19:40:32.352 [main] DEBUG org.hibernate.cfg.AbstractPropertyHolder - Attempting to locate auto-apply AttributeConverter for property [tau.mmo.domain.Item:itemclass]
19:40:32.352 [main] DEBUG org.hibernate.cfg.annotations.SimpleValueBinder - building SimpleValue for itemclass
19:40:32.352 [main] DEBUG org.hibernate.cfg.annotations.PropertyBinder - Building property itemclass
19:40:32.352 [main] DEBUG org.hibernate.cfg.Ejb3Column - Binding column: Ejb3Column{table=org.hibernate.mapping.Table(item), mappingColumn=levelreq, insertable=true, updatable=true, unique=false}
19:40:32.352 [main] DEBUG org.hibernate.cfg.annotations.PropertyBinder - MetadataSourceProcessor property levelreq with lazy=false
19:40:32.352 [main] DEBUG org.hibernate.cfg.AbstractPropertyHolder - Attempting to locate auto-apply AttributeConverter for property [tau.mmo.domain.Item:levelreq]
19:40:32.352 [main] DEBUG org.hibernate.cfg.annotations.SimpleValueBinder - building SimpleValue for levelreq
19:40:32.352 [main] DEBUG org.hibernate.cfg.annotations.PropertyBinder - Building property levelreq
19:40:32.352 [main] DEBUG org.hibernate.cfg.Ejb3Column - Binding column: Ejb3Column{table=org.hibernate.mapping.Table(item), mappingColumn=name, insertable=true, updatable=true, unique=false}
19:40:32.352 [main] DEBUG org.hibernate.cfg.annotations.PropertyBinder - MetadataSourceProcessor property name with lazy=false
19:40:32.352 [main] DEBUG org.hibernate.cfg.AbstractPropertyHolder - Attempting to locate auto-apply AttributeConverter for property [tau.mmo.domain.Item:name]
19:40:32.352 [main] DEBUG org.hibernate.cfg.annotations.SimpleValueBinder - building SimpleValue for name
19:40:32.352 [main] DEBUG org.hibernate.cfg.annotations.PropertyBinder - Building property name
19:40:32.352 [main] DEBUG org.hibernate.cfg.Ejb3Column - Binding column: Ejb3JoinColumn{logicalColumnName='player_id', referencedColumn='', mappedBy=''}
19:40:32.353 [main] DEBUG org.hibernate.cfg.Ejb3Column - Binding column: Ejb3Column{table=org.hibernate.mapping.Table(item), mappingColumn=player, insertable=true, updatable=true, unique=false}
19:40:32.353 [main] DEBUG org.hibernate.cfg.annotations.PropertyBinder - Building property player
19:40:32.353 [main] DEBUG org.hibernate.cfg.AnnotationBinder - Binding entity from annotated class: tau.mmo.domain.Player
19:40:32.353 [main] DEBUG org.hibernate.cfg.annotations.QueryBinder - Binding named query: player.all => Select p from Player p
19:40:32.353 [main] DEBUG org.hibernate.cfg.annotations.QueryBinder - Binding named query: player.findPlayers => Select c from Player c where c.name like :nameFragment
19:40:32.353 [main] DEBUG org.hibernate.cfg.Ejb3Column - Binding column: Ejb3DiscriminatorColumn{logicalColumnName'DTYPE', discriminatorTypeName='string'}
19:40:32.353 [main] DEBUG org.hibernate.cfg.annotations.EntityBinder - Import with entity name Player
19:40:32.353 [main] DEBUG org.hibernate.cfg.annotations.EntityBinder - Bind entity tau.mmo.domain.Player on table player
19:40:32.354 [main] DEBUG org.hibernate.cfg.Ejb3Column - Binding column: Ejb3Column{table=org.hibernate.mapping.Table(player), mappingColumn=id, insertable=true, updatable=true, unique=false}
19:40:32.354 [main] DEBUG org.hibernate.cfg.annotations.PropertyBinder - MetadataSourceProcessor property id with lazy=false
19:40:32.354 [main] DEBUG org.hibernate.cfg.AbstractPropertyHolder - Attempting to locate auto-apply AttributeConverter for property [tau.mmo.domain.Player:id]
19:40:32.354 [main] DEBUG org.hibernate.cfg.annotations.SimpleValueBinder - building SimpleValue for id
19:40:32.354 [main] DEBUG org.hibernate.cfg.annotations.PropertyBinder - Building property id
19:40:32.354 [main] DEBUG org.hibernate.cfg.Ejb3Column - Binding column: Ejb3Column{table=org.hibernate.mapping.Table(player), mappingColumn=heroclass, insertable=true, updatable=true, unique=false}
19:40:32.355 [main] DEBUG org.hibernate.cfg.annotations.PropertyBinder - MetadataSourceProcessor property heroclass with lazy=false
19:40:32.355 [main] DEBUG org.hibernate.cfg.AbstractPropertyHolder - Attempting to locate auto-apply AttributeConverter for property [tau.mmo.domain.Player:heroclass]
19:40:32.355 [main] DEBUG org.hibernate.cfg.annotations.SimpleValueBinder - building SimpleValue for heroclass
19:40:32.355 [main] DEBUG org.hibernate.cfg.annotations.PropertyBinder - Building property heroclass
19:40:32.355 [main] DEBUG org.hibernate.cfg.Ejb3Column - Binding column: Ejb3JoinColumn{logicalColumnName='null', referencedColumn='null', mappedBy='player'}
19:40:32.355 [main] DEBUG org.hibernate.cfg.Ejb3Column - Binding column: Ejb3Column{table=org.hibernate.mapping.Table(player), mappingColumn=items, insertable=true, updatable=true, unique=false}
19:40:32.355 [main] DEBUG org.hibernate.cfg.Ejb3Column - Binding column: Ejb3Column{table=org.hibernate.mapping.Table(player), mappingColumn=null, insertable=true, updatable=true, unique=false}
19:40:32.355 [main] DEBUG org.hibernate.cfg.Ejb3Column - Binding column: Ejb3Column{table=org.hibernate.mapping.Table(player), mappingColumn=element, insertable=true, updatable=true, unique=false}
19:40:32.355 [main] DEBUG org.hibernate.cfg.Ejb3Column - Binding column: Ejb3Column{table=org.hibernate.mapping.Table(player), mappingColumn=items_KEY, insertable=true, updatable=true, unique=false}
19:40:32.355 [main] DEBUG org.hibernate.cfg.Ejb3Column - Binding column: Ejb3JoinColumn{logicalColumnName='items_KEY', referencedColumn='null', mappedBy='null'}
19:40:32.355 [main] DEBUG org.hibernate.cfg.Ejb3Column - Binding column: Ejb3JoinColumn{logicalColumnName='null', referencedColumn='null', mappedBy='player'}
19:40:32.356 [main] DEBUG org.hibernate.cfg.Ejb3Column - Binding column: Ejb3JoinColumn{logicalColumnName='null', referencedColumn='null', mappedBy='player'}
19:40:32.356 [main] DEBUG org.hibernate.cfg.annotations.CollectionBinder - Collection role: tau.mmo.domain.Player.items
19:40:32.356 [main] DEBUG org.hibernate.cfg.annotations.PropertyBinder - Building property items
19:40:32.356 [main] DEBUG org.hibernate.cfg.Ejb3Column - Binding column: Ejb3Column{table=org.hibernate.mapping.Table(player), mappingColumn=level, insertable=true, updatable=true, unique=false}
19:40:32.356 [main] DEBUG org.hibernate.cfg.annotations.PropertyBinder - MetadataSourceProcessor property level with lazy=false
19:40:32.356 [main] DEBUG org.hibernate.cfg.AbstractPropertyHolder - Attempting to locate auto-apply AttributeConverter for property [tau.mmo.domain.Player:level]
19:40:32.356 [main] DEBUG org.hibernate.cfg.annotations.SimpleValueBinder - building SimpleValue for level
19:40:32.356 [main] DEBUG org.hibernate.cfg.annotations.PropertyBinder - Building property level
19:40:32.356 [main] DEBUG org.hibernate.cfg.Ejb3Column - Binding column: Ejb3Column{table=org.hibernate.mapping.Table(player), mappingColumn=name, insertable=true, updatable=true, unique=false}
19:40:32.356 [main] DEBUG org.hibernate.cfg.annotations.PropertyBinder - MetadataSourceProcessor property name with lazy=false
19:40:32.356 [main] DEBUG org.hibernate.cfg.AbstractPropertyHolder - Attempting to locate auto-apply AttributeConverter for property [tau.mmo.domain.Player:name]
19:40:32.356 [main] DEBUG org.hibernate.cfg.annotations.SimpleValueBinder - building SimpleValue for name
19:40:32.356 [main] DEBUG org.hibernate.cfg.annotations.PropertyBinder - Building property name
19:40:32.356 [main] DEBUG org.hibernate.cfg.annotations.SimpleValueBinder - Starting fillSimpleValue for id
19:40:32.356 [main] DEBUG org.hibernate.cfg.annotations.SimpleValueBinder - Starting fillSimpleValue for itemclass
19:40:32.356 [main] DEBUG org.hibernate.cfg.annotations.SimpleValueBinder - Starting fillSimpleValue for levelreq
19:40:32.357 [main] DEBUG org.hibernate.cfg.annotations.SimpleValueBinder - Starting fillSimpleValue for name
19:40:32.357 [main] DEBUG org.hibernate.cfg.annotations.SimpleValueBinder - Starting fillSimpleValue for id
19:40:32.357 [main] DEBUG org.hibernate.cfg.annotations.SimpleValueBinder - Starting fillSimpleValue for heroclass
19:40:32.357 [main] DEBUG org.hibernate.cfg.annotations.SimpleValueBinder - Starting fillSimpleValue for level
19:40:32.357 [main] DEBUG org.hibernate.cfg.annotations.SimpleValueBinder - Starting fillSimpleValue for name
19:40:32.357 [main] DEBUG org.hibernate.mapping.PrimaryKey - Forcing column [id] to be non-null as it is part of the primary key for table [item]
19:40:32.357 [main] DEBUG org.hibernate.mapping.PrimaryKey - Forcing column [id] to be non-null as it is part of the primary key for table [player]
19:40:32.357 [main] DEBUG org.hibernate.cfg.CollectionSecondPass - Second pass for collection: tau.mmo.domain.Player.items
19:40:32.357 [main] DEBUG org.hibernate.cfg.annotations.CollectionBinder - Binding a OneToMany: tau.mmo.domain.Player.items through a foreign key
19:40:32.357 [main] DEBUG org.hibernate.cfg.annotations.CollectionBinder - Mapping collection: tau.mmo.domain.Player.items -> item
19:40:32.357 [main] DEBUG org.hibernate.cfg.annotations.TableBinder - Retrieving property tau.mmo.domain.Item.player
19:40:32.357 [main] DEBUG org.hibernate.cfg.CollectionSecondPass - Mapped collection key: player_id, one-to-many: tau.mmo.domain.Item
19:40:32.357 [main] DEBUG org.hibernate.boot.internal.InFlightMetadataCollectorImpl - Resolving reference to class: tau.mmo.domain.Player
19:40:32.357 [main] DEBUG org.hibernate.boot.internal.InFlightMetadataCollectorImpl - Resolving reference to class: tau.mmo.domain.Player
19:40:32.358 [main] DEBUG org.hibernate.internal.SessionFactoryImpl - Building session factory
19:40:32.358 [main] DEBUG org.hibernate.cfg.Settings - SessionFactory name : null
19:40:32.358 [main] DEBUG org.hibernate.cfg.Settings - Automatic flush during beforeCompletion(): disabled
19:40:32.358 [main] DEBUG org.hibernate.cfg.Settings - Automatic session close at end of transaction: disabled
19:40:32.358 [main] DEBUG org.hibernate.cfg.Settings - Statistics: disabled
19:40:32.358 [main] DEBUG org.hibernate.cfg.Settings - Deleted entity synthetic identifier rollback: disabled
19:40:32.358 [main] DEBUG org.hibernate.cfg.Settings - Default entity-mode: pojo
19:40:32.358 [main] DEBUG org.hibernate.cfg.Settings - Check Nullability in Core (should be disabled when Bean Validation is on): enabled
19:40:32.358 [main] DEBUG org.hibernate.cfg.Settings - Allow initialization of lazy state outside session : disabled
19:40:32.358 [main] DEBUG org.hibernate.cfg.Settings - Using BatchFetchStyle : LEGACY
19:40:32.358 [main] DEBUG org.hibernate.cfg.Settings - Default batch fetch size: -1
19:40:32.358 [main] DEBUG org.hibernate.cfg.Settings - Maximum outer join fetch depth: null
19:40:32.358 [main] DEBUG org.hibernate.cfg.Settings - Default null ordering: NONE
19:40:32.358 [main] DEBUG org.hibernate.cfg.Settings - Order SQL updates by primary key: disabled
19:40:32.358 [main] DEBUG org.hibernate.cfg.Settings - Order SQL inserts for batching: disabled
19:40:32.358 [main] DEBUG org.hibernate.cfg.Settings - multi-tenancy strategy : NONE
19:40:32.358 [main] DEBUG org.hibernate.cfg.Settings - JTA Track by Thread: enabled
19:40:32.358 [main] DEBUG org.hibernate.cfg.Settings - Query language substitutions: {}
19:40:32.358 [main] DEBUG org.hibernate.cfg.Settings - JPA query language strict compliance: disabled
19:40:32.358 [main] DEBUG org.hibernate.cfg.Settings - Named query checking : enabled
19:40:32.358 [main] DEBUG org.hibernate.cfg.Settings - Second-level cache: enabled
19:40:32.358 [main] DEBUG org.hibernate.cfg.Settings - Second-level query cache: disabled
19:40:32.358 [main] DEBUG org.hibernate.cfg.Settings - Second-level query cache factory: org.hibernate.cache.internal.StandardQueryCacheFactory@2da16263
19:40:32.358 [main] DEBUG org.hibernate.cfg.Settings - Second-level cache region prefix: null
19:40:32.358 [main] DEBUG org.hibernate.cfg.Settings - Optimize second-level cache for minimal puts: disabled
19:40:32.358 [main] DEBUG org.hibernate.cfg.Settings - Structured second-level cache entries: disabled
19:40:32.358 [main] DEBUG org.hibernate.cfg.Settings - Second-level cache direct-reference entries: disabled
19:40:32.358 [main] DEBUG org.hibernate.cfg.Settings - Automatic eviction of collection cache: disabled
19:40:32.358 [main] DEBUG org.hibernate.cfg.Settings - JDBC batch size: 0
19:40:32.358 [main] DEBUG org.hibernate.cfg.Settings - JDBC batch updates for versioned data: enabled
19:40:32.358 [main] DEBUG org.hibernate.cfg.Settings - Scrollable result sets: disabled
19:40:32.358 [main] DEBUG org.hibernate.cfg.Settings - Wrap result sets: disabled
19:40:32.358 [main] DEBUG org.hibernate.cfg.Settings - JDBC3 getGeneratedKeys(): disabled
19:40:32.358 [main] DEBUG org.hibernate.cfg.Settings - JDBC result set fetch size: null
19:40:32.358 [main] DEBUG org.hibernate.cfg.Settings - Connection release mode: ON_CLOSE
19:40:32.358 [main] DEBUG org.hibernate.cfg.Settings - Generate SQL with comments: disabled
19:40:32.359 [main] DEBUG org.hibernate.internal.SessionFactoryImpl - Session factory constructed with filter configurations : {}
19:40:32.359 [main] DEBUG org.hibernate.internal.SessionFactoryImpl - Instantiating session factory with properties: {awt.toolkit=sun.awt.X11.XToolkit, java.specification.version=11, sun.cpu.isalist=, sun.jnu.encoding=UTF-8, hibernate.connection.release_mode=ON_CLOSE, sun.arch.data.model=64, java.vendor.url=http://java.oracle.com/, sun.boot.library.path=/usr/lib/jvm/java-11-openjdk-amd64/lib, sun.java.command=/home/whitewolf/tau/TAU-repozytorium/tau-mmo-jmeter/target/surefire/surefirebooter3068630985977223282.jar /home/whitewolf/tau/TAU-repozytorium/tau-mmo-jmeter/target/surefire 2019-05-27T19-40-27_728-jvmRun1 surefire9941762728851701862tmp surefire_013181237219562226252tmp, jdk.debug=release, java.specification.vendor=Oracle Corporation, java.version.date=2019-04-16, java.home=/usr/lib/jvm/java-11-openjdk-amd64, file.separator=/, basedir=/home/whitewolf/tau/TAU-repozytorium/tau-mmo-jmeter, java.vm.compressedOopsMode=Zero based, line.separator=
, java.specification.name=Java Platform API Specification, java.vm.specification.vendor=Oracle Corporation, hibernate.hbm2ddl.auto=update, sun.management.compiler=HotSpot 64-Bit Tiered Compilers, java.runtime.version=11.0.3+7-Ubuntu-1ubuntu218.04.1, user.name=whitewolf, file.encoding=UTF-8, hibernate.classLoaders=[jdk.internal.loader.ClassLoaders$AppClassLoader@1affbebc], hibernate.current_session_context_class=org.springframework.orm.hibernate5.SpringSessionContext, localRepository=/home/whitewolf/.m2/repository, java.io.tmpdir=/tmp, java.version=11.0.3, java.vm.specification.name=Java Virtual Machine Specification, java.awt.printerjob=sun.print.PSPrinterJob, sun.os.patch.level=unknown, java.library.path=/usr/java/packages/lib:/usr/lib/x86_64-linux-gnu/jni:/lib/x86_64-linux-gnu:/usr/lib/x86_64-linux-gnu:/usr/lib/jni:/lib:/usr/lib, java.vendor=Oracle Corporation, sun.io.unicode.encoding=UnicodeLittle, sun.desktop=gnome, hibernate.dialect=org.hibernate.dialect.HSQLDialect, java.class.path=/home/whitewolf/tau/TAU-repozytorium/tau-mmo-jmeter/target/test-classes:/home/whitewolf/tau/TAU-repozytorium/tau-mmo-jmeter/target/classes:/home/whitewolf/.m2/repository/org/springframework/boot/spring-boot-starter-web/2.1.4.RELEASE/spring-boot-starter-web-2.1.4.RELEASE.jar:/home/whitewolf/.m2/repository/org/springframework/boot/spring-boot-starter/2.1.4.RELEASE/spring-boot-starter-2.1.4.RELEASE.jar:/home/whitewolf/.m2/repository/org/springframework/boot/spring-boot/2.1.4.RELEASE/spring-boot-2.1.4.RELEASE.jar:/home/whitewolf/.m2/repository/org/springframework/boot/spring-boot-autoconfigure/2.1.4.RELEASE/spring-boot-autoconfigure-2.1.4.RELEASE.jar:/home/whitewolf/.m2/repository/org/springframework/boot/spring-boot-starter-logging/2.1.4.RELEASE/spring-boot-starter-logging-2.1.4.RELEASE.jar:/home/whitewolf/.m2/repository/ch/qos/logback/logback-classic/1.2.3/logback-classic-1.2.3.jar:/home/whitewolf/.m2/repository/ch/qos/logback/logback-core/1.2.3/logback-core-1.2.3.jar:/home/whitewolf/.m2/repository/org/apache/logging/log4j/log4j-to-slf4j/2.11.2/log4j-to-slf4j-2.11.2.jar:/home/whitewolf/.m2/repository/org/apache/logging/log4j/log4j-api/2.11.2/log4j-api-2.11.2.jar:/home/whitewolf/.m2/repository/org/slf4j/jul-to-slf4j/1.7.26/jul-to-slf4j-1.7.26.jar:/home/whitewolf/.m2/repository/org/yaml/snakeyaml/1.23/snakeyaml-1.23.jar:/home/whitewolf/.m2/repository/org/springframework/boot/spring-boot-starter-json/2.1.4.RELEASE/spring-boot-starter-json-2.1.4.RELEASE.jar:/home/whitewolf/.m2/repository/com/fasterxml/jackson/core/jackson-databind/2.9.8/jackson-databind-2.9.8.jar:/home/whitewolf/.m2/repository/com/fasterxml/jackson/core/jackson-annotations/2.9.0/jackson-annotations-2.9.0.jar:/home/whitewolf/.m2/repository/com/fasterxml/jackson/core/jackson-core/2.9.8/jackson-core-2.9.8.jar:/home/whitewolf/.m2/repository/com/fasterxml/jackson/datatype/jackson-datatype-jdk8/2.9.8/jackson-datatype-jdk8-2.9.8.jar:/home/whitewolf/.m2/repository/com/fasterxml/jackson/datatype/jackson-datatype-jsr310/2.9.8/jackson-datatype-jsr310-2.9.8.jar:/home/whitewolf/.m2/repository/com/fasterxml/jackson/module/jackson-module-parameter-names/2.9.8/jackson-module-parameter-names-2.9.8.jar:/home/whitewolf/.m2/repository/org/hibernate/validator/hibernate-validator/6.0.16.Final/hibernate-validator-6.0.16.Final.jar:/home/whitewolf/.m2/repository/javax/validation/validation-api/2.0.1.Final/validation-api-2.0.1.Final.jar:/home/whitewolf/.m2/repository/org/springframework/spring-web/5.1.6.RELEASE/spring-web-5.1.6.RELEASE.jar:/home/whitewolf/.m2/repository/org/springframework/spring-webmvc/5.1.6.RELEASE/spring-webmvc-5.1.6.RELEASE.jar:/home/whitewolf/.m2/repository/org/springframework/spring-aop/5.1.6.RELEASE/spring-aop-5.1.6.RELEASE.jar:/home/whitewolf/.m2/repository/org/springframework/spring-context/5.1.6.RELEASE/spring-context-5.1.6.RELEASE.jar:/home/whitewolf/.m2/repository/org/springframework/spring-expression/5.1.6.RELEASE/spring-expression-5.1.6.RELEASE.jar:/home/whitewolf/.m2/repository/org/springframework/boot/spring-boot-starter-test/2.1.4.RELEASE/spring-boot-starter-test-2.1.4.RELEASE.jar:/home/whitewolf/.m2/repository/org/springframework/boot/spring-boot-test/2.1.4.RELEASE/spring-boot-test-2.1.4.RELEASE.jar:/home/whitewolf/.m2/repository/org/springframework/boot/spring-boot-test-autoconfigure/2.1.4.RELEASE/spring-boot-test-autoconfigure-2.1.4.RELEASE.jar:/home/whitewolf/.m2/repository/junit/junit/4.12/junit-4.12.jar:/home/whitewolf/.m2/repository/org/assertj/assertj-core/3.11.1/assertj-core-3.11.1.jar:/home/whitewolf/.m2/repository/org/mockito/mockito-core/2.23.4/mockito-core-2.23.4.jar:/home/whitewolf/.m2/repository/net/bytebuddy/byte-buddy/1.9.12/byte-buddy-1.9.12.jar:/home/whitewolf/.m2/repository/net/bytebuddy/byte-buddy-agent/1.9.12/byte-buddy-agent-1.9.12.jar:/home/whitewolf/.m2/repository/org/objenesis/objenesis/2.6/objenesis-2.6.jar:/home/whitewolf/.m2/repository/org/hamcrest/hamcrest-core/1.3/hamcrest-core-1.3.jar:/home/whitewolf/.m2/repository/org/hamcrest/hamcrest-library/1.3/hamcrest-library-1.3.jar:/home/whitewolf/.m2/repository/org/skyscreamer/jsonassert/1.5.0/jsonassert-1.5.0.jar:/home/whitewolf/.m2/repository/com/vaadin/external/google/android-json/0.0.20131108.vaadin1/android-json-0.0.20131108.vaadin1.jar:/home/whitewolf/.m2/repository/org/springframework/spring-core/5.1.6.RELEASE/spring-core-5.1.6.RELEASE.jar:/home/whitewolf/.m2/repository/org/springframework/spring-jcl/5.1.6.RELEASE/spring-jcl-5.1.6.RELEASE.jar:/home/whitewolf/.m2/repository/org/springframework/spring-test/5.1.6.RELEASE/spring-test-5.1.6.RELEASE.jar:/home/whitewolf/.m2/repository/org/xmlunit/xmlunit-core/2.6.2/xmlunit-core-2.6.2.jar:/home/whitewolf/.m2/repository/org/springframework/boot/spring-boot-starter-tomcat/2.1.4.RELEASE/spring-boot-starter-tomcat-2.1.4.RELEASE.jar:/home/whitewolf/.m2/repository/javax/annotation/javax.annotation-api/1.3.2/javax.annotation-api-1.3.2.jar:/home/whitewolf/.m2/repository/org/apache/tomcat/embed/tomcat-embed-core/9.0.17/tomcat-embed-core-9.0.17.jar:/home/whitewolf/.m2/repository/org/apache/tomcat/embed/tomcat-embed-el/9.0.17/tomcat-embed-el-9.0.17.jar:/home/whitewolf/.m2/repository/org/apache/tomcat/embed/tomcat-embed-websocket/9.0.17/tomcat-embed-websocket-9.0.17.jar:/home/whitewolf/.m2/repository/org/springframework/boot/spring-boot-starter-data-jpa/2.1.4.RELEASE/spring-boot-starter-data-jpa-2.1.4.RELEASE.jar:/home/whitewolf/.m2/repository/org/springframework/boot/spring-boot-starter-aop/2.1.4.RELEASE/spring-boot-starter-aop-2.1.4.RELEASE.jar:/home/whitewolf/.m2/repository/org/aspectj/aspectjweaver/1.9.2/aspectjweaver-1.9.2.jar:/home/whitewolf/.m2/repository/org/springframework/boot/spring-boot-starter-jdbc/2.1.4.RELEASE/spring-boot-starter-jdbc-2.1.4.RELEASE.jar:/home/whitewolf/.m2/repository/com/zaxxer/HikariCP/3.2.0/HikariCP-3.2.0.jar:/home/whitewolf/.m2/repository/org/springframework/spring-jdbc/5.1.6.RELEASE/spring-jdbc-5.1.6.RELEASE.jar:/home/whitewolf/.m2/repository/javax/transaction/javax.transaction-api/1.3/javax.transaction-api-1.3.jar:/home/whitewolf/.m2/repository/javax/xml/bind/jaxb-api/2.3.1/jaxb-api-2.3.1.jar:/home/whitewolf/.m2/repository/javax/activation/javax.activation-api/1.2.0/javax.activation-api-1.2.0.jar:/home/whitewolf/.m2/repository/org/springframework/data/spring-data-jpa/2.1.6.RELEASE/spring-data-jpa-2.1.6.RELEASE.jar:/home/whitewolf/.m2/repository/org/springframework/data/spring-data-commons/2.1.6.RELEASE/spring-data-commons-2.1.6.RELEASE.jar:/home/whitewolf/.m2/repository/org/springframework/spring-orm/5.1.6.RELEASE/spring-orm-5.1.6.RELEASE.jar:/home/whitewolf/.m2/repository/org/springframework/spring-aspects/5.1.6.RELEASE/spring-aspects-5.1.6.RELEASE.jar:/home/whitewolf/.m2/repository/org/springframework/spring-tx/5.1.6.RELEASE/spring-tx-5.1.6.RELEASE.jar:/home/whitewolf/.m2/repository/org/springframework/spring-beans/5.1.6.RELEASE/spring-beans-5.1.6.RELEASE.jar:/home/whitewolf/.m2/repository/com/jayway/jsonpath/json-path/2.4.0/json-path-2.4.0.jar:/home/whitewolf/.m2/repository/net/minidev/json-smart/2.3/json-smart-2.3.jar:/home/whitewolf/.m2/repository/net/minidev/accessors-smart/1.2/accessors-smart-1.2.jar:/home/whitewolf/.m2/repository/org/ow2/asm/asm/5.0.4/asm-5.0.4.jar:/home/whitewolf/.m2/repository/org/slf4j/slf4j-api/1.7.26/slf4j-api-1.7.26.jar:/home/whitewolf/.m2/repository/org/hibernate/hibernate-core/5.1.6.Final/hibernate-core-5.1.6.Final.jar:/home/whitewolf/.m2/repository/org/jboss/logging/jboss-logging/3.3.2.Final/jboss-logging-3.3.2.Final.jar:/home/whitewolf/.m2/repository/org/hibernate/javax/persistence/hibernate-jpa-2.1-api/1.0.0.Final/hibernate-jpa-2.1-api-1.0.0.Final.jar:/home/whitewolf/.m2/repository/org/javassist/javassist/3.20.0-GA/javassist-3.20.0-GA.jar:/home/whitewolf/.m2/repository/antlr/antlr/2.7.7/antlr-2.7.7.jar:/home/whitewolf/.m2/repository/org/apache/geronimo/specs/geronimo-jta_1.1_spec/1.1.1/geronimo-jta_1.1_spec-1.1.1.jar:/home/whitewolf/.m2/repository/org/jboss/jandex/2.0.3.Final/jandex-2.0.3.Final.jar:/home/whitewolf/.m2/repository/com/fasterxml/classmate/1.4.0/classmate-1.4.0.jar:/home/whitewolf/.m2/repository/dom4j/dom4j/1.6.1/dom4j-1.6.1.jar:/home/whitewolf/.m2/repository/org/hibernate/common/hibernate-commons-annotations/5.0.1.Final/hibernate-commons-annotations-5.0.1.Final.jar:/home/whitewolf/.m2/repository/org/hsqldb/hsqldb/2.3.4/hsqldb-2.3.4.jar:, java.vm.vendor=Oracle Corporation, user.timezone=Europe/Warsaw, os.name=Linux, java.vm.specification.version=11, sun.java.launcher=SUN_STANDARD, user.country=PL, surefire.test.class.path=/home/whitewolf/tau/TAU-repozytorium/tau-mmo-jmeter/target/test-classes:/home/whitewolf/tau/TAU-repozytorium/tau-mmo-jmeter/target/classes:/home/whitewolf/.m2/repository/org/springframework/boot/spring-boot-starter-web/2.1.4.RELEASE/spring-boot-starter-web-2.1.4.RELEASE.jar:/home/whitewolf/.m2/repository/org/springframework/boot/spring-boot-starter/2.1.4.RELEASE/spring-boot-starter-2.1.4.RELEASE.jar:/home/whitewolf/.m2/repository/org/springframework/boot/spring-boot/2.1.4.RELEASE/spring-boot-2.1.4.RELEASE.jar:/home/whitewolf/.m2/repository/org/springframework/boot/spring-boot-autoconfigure/2.1.4.RELEASE/spring-boot-autoconfigure-2.1.4.RELEASE.jar:/home/whitewolf/.m2/repository/org/springframework/boot/spring-boot-starter-logging/2.1.4.RELEASE/spring-boot-starter-logging-2.1.4.RELEASE.jar:/home/whitewolf/.m2/repository/ch/qos/logback/logback-classic/1.2.3/logback-classic-1.2.3.jar:/home/whitewolf/.m2/repository/ch/qos/logback/logback-core/1.2.3/logback-core-1.2.3.jar:/home/whitewolf/.m2/repository/org/apache/logging/log4j/log4j-to-slf4j/2.11.2/log4j-to-slf4j-2.11.2.jar:/home/whitewolf/.m2/repository/org/apache/logging/log4j/log4j-api/2.11.2/log4j-api-2.11.2.jar:/home/whitewolf/.m2/repository/org/slf4j/jul-to-slf4j/1.7.26/jul-to-slf4j-1.7.26.jar:/home/whitewolf/.m2/repository/org/yaml/snakeyaml/1.23/snakeyaml-1.23.jar:/home/whitewolf/.m2/repository/org/springframework/boot/spring-boot-starter-json/2.1.4.RELEASE/spring-boot-starter-json-2.1.4.RELEASE.jar:/home/whitewolf/.m2/repository/com/fasterxml/jackson/core/jackson-databind/2.9.8/jackson-databind-2.9.8.jar:/home/whitewolf/.m2/repository/com/fasterxml/jackson/core/jackson-annotations/2.9.0/jackson-annotations-2.9.0.jar:/home/whitewolf/.m2/repository/com/fasterxml/jackson/core/jackson-core/2.9.8/jackson-core-2.9.8.jar:/home/whitewolf/.m2/repository/com/fasterxml/jackson/datatype/jackson-datatype-jdk8/2.9.8/jackson-datatype-jdk8-2.9.8.jar:/home/whitewolf/.m2/repository/com/fasterxml/jackson/datatype/jackson-datatype-jsr310/2.9.8/jackson-datatype-jsr310-2.9.8.jar:/home/whitewolf/.m2/repository/com/fasterxml/jackson/module/jackson-module-parameter-names/2.9.8/jackson-module-parameter-names-2.9.8.jar:/home/whitewolf/.m2/repository/org/hibernate/validator/hibernate-validator/6.0.16.Final/hibernate-validator-6.0.16.Final.jar:/home/whitewolf/.m2/repository/javax/validation/validation-api/2.0.1.Final/validation-api-2.0.1.Final.jar:/home/whitewolf/.m2/repository/org/springframework/spring-web/5.1.6.RELEASE/spring-web-5.1.6.RELEASE.jar:/home/whitewolf/.m2/repository/org/springframework/spring-webmvc/5.1.6.RELEASE/spring-webmvc-5.1.6.RELEASE.jar:/home/whitewolf/.m2/repository/org/springframework/spring-aop/5.1.6.RELEASE/spring-aop-5.1.6.RELEASE.jar:/home/whitewolf/.m2/repository/org/springframework/spring-context/5.1.6.RELEASE/spring-context-5.1.6.RELEASE.jar:/home/whitewolf/.m2/repository/org/springframework/spring-expression/5.1.6.RELEASE/spring-expression-5.1.6.RELEASE.jar:/home/whitewolf/.m2/repository/org/springframework/boot/spring-boot-starter-test/2.1.4.RELEASE/spring-boot-starter-test-2.1.4.RELEASE.jar:/home/whitewolf/.m2/repository/org/springframework/boot/spring-boot-test/2.1.4.RELEASE/spring-boot-test-2.1.4.RELEASE.jar:/home/whitewolf/.m2/repository/org/springframework/boot/spring-boot-test-autoconfigure/2.1.4.RELEASE/spring-boot-test-autoconfigure-2.1.4.RELEASE.jar:/home/whitewolf/.m2/repository/junit/junit/4.12/junit-4.12.jar:/home/whitewolf/.m2/repository/org/assertj/assertj-core/3.11.1/assertj-core-3.11.1.jar:/home/whitewolf/.m2/repository/org/mockito/mockito-core/2.23.4/mockito-core-2.23.4.jar:/home/whitewolf/.m2/repository/net/bytebuddy/byte-buddy/1.9.12/byte-buddy-1.9.12.jar:/home/whitewolf/.m2/repository/net/bytebuddy/byte-buddy-agent/1.9.12/byte-buddy-agent-1.9.12.jar:/home/whitewolf/.m2/repository/org/objenesis/objenesis/2.6/objenesis-2.6.jar:/home/whitewolf/.m2/repository/org/hamcrest/hamcrest-core/1.3/hamcrest-core-1.3.jar:/home/whitewolf/.m2/repository/org/hamcrest/hamcrest-library/1.3/hamcrest-library-1.3.jar:/home/whitewolf/.m2/repository/org/skyscreamer/jsonassert/1.5.0/jsonassert-1.5.0.jar:/home/whitewolf/.m2/repository/com/vaadin/external/google/android-json/0.0.20131108.vaadin1/android-json-0.0.20131108.vaadin1.jar:/home/whitewolf/.m2/repository/org/springframework/spring-core/5.1.6.RELEASE/spring-core-5.1.6.RELEASE.jar:/home/whitewolf/.m2/repository/org/springframework/spring-jcl/5.1.6.RELEASE/spring-jcl-5.1.6.RELEASE.jar:/home/whitewolf/.m2/repository/org/springframework/spring-test/5.1.6.RELEASE/spring-test-5.1.6.RELEASE.jar:/home/whitewolf/.m2/repository/org/xmlunit/xmlunit-core/2.6.2/xmlunit-core-2.6.2.jar:/home/whitewolf/.m2/repository/org/springframework/boot/spring-boot-starter-tomcat/2.1.4.RELEASE/spring-boot-starter-tomcat-2.1.4.RELEASE.jar:/home/whitewolf/.m2/repository/javax/annotation/javax.annotation-api/1.3.2/javax.annotation-api-1.3.2.jar:/home/whitewolf/.m2/repository/org/apache/tomcat/embed/tomcat-embed-core/9.0.17/tomcat-embed-core-9.0.17.jar:/home/whitewolf/.m2/repository/org/apache/tomcat/embed/tomcat-embed-el/9.0.17/tomcat-embed-el-9.0.17.jar:/home/whitewolf/.m2/repository/org/apache/tomcat/embed/tomcat-embed-websocket/9.0.17/tomcat-embed-websocket-9.0.17.jar:/home/whitewolf/.m2/repository/org/springframework/boot/spring-boot-starter-data-jpa/2.1.4.RELEASE/spring-boot-starter-data-jpa-2.1.4.RELEASE.jar:/home/whitewolf/.m2/repository/org/springframework/boot/spring-boot-starter-aop/2.1.4.RELEASE/spring-boot-starter-aop-2.1.4.RELEASE.jar:/home/whitewolf/.m2/repository/org/aspectj/aspectjweaver/1.9.2/aspectjweaver-1.9.2.jar:/home/whitewolf/.m2/repository/org/springframework/boot/spring-boot-starter-jdbc/2.1.4.RELEASE/spring-boot-starter-jdbc-2.1.4.RELEASE.jar:/home/whitewolf/.m2/repository/com/zaxxer/HikariCP/3.2.0/HikariCP-3.2.0.jar:/home/whitewolf/.m2/repository/org/springframework/spring-jdbc/5.1.6.RELEASE/spring-jdbc-5.1.6.RELEASE.jar:/home/whitewolf/.m2/repository/javax/transaction/javax.transaction-api/1.3/javax.transaction-api-1.3.jar:/home/whitewolf/.m2/repository/javax/xml/bind/jaxb-api/2.3.1/jaxb-api-2.3.1.jar:/home/whitewolf/.m2/repository/javax/activation/javax.activation-api/1.2.0/javax.activation-api-1.2.0.jar:/home/whitewolf/.m2/repository/org/springframework/data/spring-data-jpa/2.1.6.RELEASE/spring-data-jpa-2.1.6.RELEASE.jar:/home/whitewolf/.m2/repository/org/springframework/data/spring-data-commons/2.1.6.RELEASE/spring-data-commons-2.1.6.RELEASE.jar:/home/whitewolf/.m2/repository/org/springframework/spring-orm/5.1.6.RELEASE/spring-orm-5.1.6.RELEASE.jar:/home/whitewolf/.m2/repository/org/springframework/spring-aspects/5.1.6.RELEASE/spring-aspects-5.1.6.RELEASE.jar:/home/whitewolf/.m2/repository/org/springframework/spring-tx/5.1.6.RELEASE/spring-tx-5.1.6.RELEASE.jar:/home/whitewolf/.m2/repository/org/springframework/spring-beans/5.1.6.RELEASE/spring-beans-5.1.6.RELEASE.jar:/home/whitewolf/.m2/repository/com/jayway/jsonpath/json-path/2.4.0/json-path-2.4.0.jar:/home/whitewolf/.m2/repository/net/minidev/json-smart/2.3/json-smart-2.3.jar:/home/whitewolf/.m2/repository/net/minidev/accessors-smart/1.2/accessors-smart-1.2.jar:/home/whitewolf/.m2/repository/org/ow2/asm/asm/5.0.4/asm-5.0.4.jar:/home/whitewolf/.m2/repository/org/slf4j/slf4j-api/1.7.26/slf4j-api-1.7.26.jar:/home/whitewolf/.m2/repository/org/hibernate/hibernate-core/5.1.6.Final/hibernate-core-5.1.6.Final.jar:/home/whitewolf/.m2/repository/org/jboss/logging/jboss-logging/3.3.2.Final/jboss-logging-3.3.2.Final.jar:/home/whitewolf/.m2/repository/org/hibernate/javax/persistence/hibernate-jpa-2.1-api/1.0.0.Final/hibernate-jpa-2.1-api-1.0.0.Final.jar:/home/whitewolf/.m2/repository/org/javassist/javassist/3.20.0-GA/javassist-3.20.0-GA.jar:/home/whitewolf/.m2/repository/antlr/antlr/2.7.7/antlr-2.7.7.jar:/home/whitewolf/.m2/repository/org/apache/geronimo/specs/geronimo-jta_1.1_spec/1.1.1/geronimo-jta_1.1_spec-1.1.1.jar:/home/whitewolf/.m2/repository/org/jboss/jandex/2.0.3.Final/jandex-2.0.3.Final.jar:/home/whitewolf/.m2/repository/com/fasterxml/classmate/1.4.0/classmate-1.4.0.jar:/home/whitewolf/.m2/repository/dom4j/dom4j/1.6.1/dom4j-1.6.1.jar:/home/whitewolf/.m2/repository/org/hibernate/common/hibernate-commons-annotations/5.0.1.Final/hibernate-commons-annotations-5.0.1.Final.jar:/home/whitewolf/.m2/repository/org/hsqldb/hsqldb/2.3.4/hsqldb-2.3.4.jar:, sun.cpu.endian=little, user.home=/home/whitewolf, user.language=pl, java.awt.graphicsenv=sun.awt.X11GraphicsEnvironment, surefire.real.class.path=/home/whitewolf/tau/TAU-repozytorium/tau-mmo-jmeter/target/surefire/surefirebooter3068630985977223282.jar, path.separator=:, os.version=4.15.0-47-generic, java.runtime.name=OpenJDK Runtime Environment, java.vm.name=OpenJDK 64-Bit Server VM, hibernate.show_sql=true, java.vendor.url.bug=http://bugreport.java.com/bugreport/, user.dir=/home/whitewolf/tau/TAU-repozytorium/tau-mmo-jmeter, os.arch=amd64, hibernate.boot.CfgXmlAccessService.key=org.hibernate.boot.cfgxml.spi.LoadedConfig@39296cef, java.vm.info=mixed mode, sharing, java.vm.version=11.0.3+7-Ubuntu-1ubuntu218.04.1, hibernate.bytecode.use_reflection_optimizer=false, hibernate.connection.datasource=org.springframework.jdbc.datasource.DriverManagerDataSource@42d7e8bc, java.class.version=55.0}
19:40:32.359 [main] DEBUG org.hibernate.validator.internal.engine.resolver.TraversableResolvers - Found javax.persistence.Persistence on classpath containing 'getPersistenceUtil'. Assuming JPA 2 environment. Trying to instantiate JPA aware TraversableResolver
19:40:32.359 [main] DEBUG org.hibernate.validator.internal.engine.resolver.TraversableResolvers - Instantiated JPA aware TraversableResolver of type org.hibernate.validator.internal.engine.resolver.JPATraversableResolver.
19:40:32.359 [main] DEBUG org.hibernate.validator.internal.xml.config.ValidationXmlParser - Trying to load META-INF/validation.xml for XML based Validator configuration.
19:40:32.359 [main] DEBUG org.hibernate.validator.internal.xml.config.ResourceLoaderHelper - Trying to load META-INF/validation.xml via TCCL
19:40:32.360 [main] DEBUG org.hibernate.validator.internal.xml.config.ResourceLoaderHelper - Trying to load META-INF/validation.xml via Hibernate Validator's class loader
19:40:32.360 [main] DEBUG org.hibernate.validator.internal.xml.config.ValidationXmlParser - No META-INF/validation.xml found. Using annotation based configuration only.
19:40:32.362 [main] DEBUG org.hibernate.validator.messageinterpolation.ResourceBundleMessageInterpolator - Loaded expression factory via original TCCL
19:40:32.362 [main] DEBUG org.hibernate.validator.internal.engine.ValidatorFactoryImpl - HV000234: Using org.hibernate.validator.messageinterpolation.ResourceBundleMessageInterpolator as ValidatorFactory-scoped message interpolator.
19:40:32.362 [main] DEBUG org.hibernate.validator.internal.engine.ValidatorFactoryImpl - HV000234: Using org.hibernate.validator.internal.engine.resolver.JPATraversableResolver as ValidatorFactory-scoped traversable resolver.
19:40:32.362 [main] DEBUG org.hibernate.validator.internal.engine.ValidatorFactoryImpl - HV000234: Using org.hibernate.validator.internal.util.ExecutableParameterNameProvider as ValidatorFactory-scoped parameter name provider.
19:40:32.362 [main] DEBUG org.hibernate.validator.internal.engine.ValidatorFactoryImpl - HV000234: Using org.hibernate.validator.internal.engine.DefaultClockProvider as ValidatorFactory-scoped clock provider.
19:40:32.362 [main] DEBUG org.hibernate.validator.internal.engine.ValidatorFactoryImpl - HV000234: Using org.hibernate.validator.internal.engine.scripting.DefaultScriptEvaluatorFactory as ValidatorFactory-scoped script evaluator factory.
19:40:32.362 [main] DEBUG org.hibernate.boot.internal.ClassLoaderAccessImpl - Not known whether passed class name [tau.mmo.domain.Item] is safe
19:40:32.362 [main] DEBUG org.hibernate.boot.internal.ClassLoaderAccessImpl - No temp ClassLoader provided; using live ClassLoader for loading potentially unsafe class : tau.mmo.domain.Item
19:40:32.364 [main] DEBUG org.hibernate.boot.internal.ClassLoaderAccessImpl - Not known whether passed class name [tau.mmo.domain.Player] is safe
19:40:32.364 [main] DEBUG org.hibernate.boot.internal.ClassLoaderAccessImpl - No temp ClassLoader provided; using live ClassLoader for loading potentially unsafe class : tau.mmo.domain.Player
19:40:32.365 [main] DEBUG org.hibernate.secure.spi.JaccIntegrator - Skipping JACC integration as it was not enabled
19:40:32.366 [main] DEBUG org.hibernate.boot.internal.ClassLoaderAccessImpl - Not known whether passed class name [tau.mmo.domain.Item] is safe
19:40:32.366 [main] DEBUG org.hibernate.boot.internal.ClassLoaderAccessImpl - No temp ClassLoader provided; using live ClassLoader for loading potentially unsafe class : tau.mmo.domain.Item
19:40:32.366 [main] DEBUG org.hibernate.boot.internal.ClassLoaderAccessImpl - Not known whether passed class name [tau.mmo.domain.Item] is safe
19:40:32.366 [main] DEBUG org.hibernate.boot.internal.ClassLoaderAccessImpl - No temp ClassLoader provided; using live ClassLoader for loading potentially unsafe class : tau.mmo.domain.Item
19:40:32.366 [main] DEBUG org.hibernate.boot.internal.ClassLoaderAccessImpl - Not known whether passed class name [tau.mmo.domain.Player] is safe
19:40:32.366 [main] DEBUG org.hibernate.boot.internal.ClassLoaderAccessImpl - No temp ClassLoader provided; using live ClassLoader for loading potentially unsafe class : tau.mmo.domain.Player
19:40:32.366 [main] DEBUG org.hibernate.boot.internal.ClassLoaderAccessImpl - Not known whether passed class name [tau.mmo.domain.Player] is safe
19:40:32.366 [main] DEBUG org.hibernate.boot.internal.ClassLoaderAccessImpl - No temp ClassLoader provided; using live ClassLoader for loading potentially unsafe class : tau.mmo.domain.Player
19:40:32.367 [main] DEBUG org.hibernate.persister.collection.AbstractCollectionPersister - Static SQL for collection: tau.mmo.domain.Player.items
19:40:32.367 [main] DEBUG org.hibernate.persister.collection.AbstractCollectionPersister -  Row insert: update item set player_id=? where id=?
19:40:32.367 [main] DEBUG org.hibernate.persister.collection.AbstractCollectionPersister -  Row update: update item set  where id=?
19:40:32.367 [main] DEBUG org.hibernate.persister.collection.AbstractCollectionPersister -  Row delete: update item set player_id=null where player_id=? and id=?
19:40:32.367 [main] DEBUG org.hibernate.persister.collection.AbstractCollectionPersister -  One-shot delete: update item set player_id=null where player_id=?
19:40:32.367 [main] DEBUG org.hibernate.persister.entity.AbstractEntityPersister - Static SQL for entity: tau.mmo.domain.Item
19:40:32.367 [main] DEBUG org.hibernate.persister.entity.AbstractEntityPersister -  Version select: select id from item where id =?
19:40:32.367 [main] DEBUG org.hibernate.persister.entity.AbstractEntityPersister -  Snapshot select: select item_.id, item_.itemclass as itemclas2_0_, item_.levelreq as levelreq3_0_, item_.name as name4_0_, item_.player_id as player_i5_0_ from item item_ where item_.id=?
19:40:32.367 [main] DEBUG org.hibernate.persister.entity.AbstractEntityPersister -  Insert 0: insert into item (itemclass, levelreq, name, player_id, id) values (?, ?, ?, ?, ?)
19:40:32.367 [main] DEBUG org.hibernate.persister.entity.AbstractEntityPersister -  Update 0: update item set itemclass=?, levelreq=?, name=?, player_id=? where id=?
19:40:32.367 [main] DEBUG org.hibernate.persister.entity.AbstractEntityPersister -  Delete 0: delete from item where id=?
19:40:32.367 [main] DEBUG org.hibernate.loader.plan.build.internal.spaces.QuerySpacesImpl - Adding QuerySpace : uid = <gen:0> -> org.hibernate.loader.plan.build.internal.spaces.EntityQuerySpaceImpl@684f7f1c]
19:40:32.367 [main] DEBUG org.hibernate.persister.walking.spi.MetamodelGraphWalker - Visiting attribute path : itemclass
19:40:32.367 [main] DEBUG org.hibernate.persister.walking.spi.MetamodelGraphWalker - Visiting attribute path : levelreq
19:40:32.367 [main] DEBUG org.hibernate.persister.walking.spi.MetamodelGraphWalker - Visiting attribute path : name
19:40:32.367 [main] DEBUG org.hibernate.persister.walking.spi.MetamodelGraphWalker - Visiting attribute path : player
19:40:32.367 [main] DEBUG org.hibernate.loader.plan.build.internal.spaces.QuerySpacesImpl - Adding QuerySpace : uid = <gen:1> -> org.hibernate.loader.plan.build.internal.spaces.EntityQuerySpaceImpl@5e0bba2f]
19:40:32.368 [main] DEBUG org.hibernate.loader.plan.build.internal.FetchStyleLoadPlanBuildingAssociationVisitationStrategy - Building LoadPlan...
19:40:32.368 [main] DEBUG org.hibernate.loader.plan.exec.internal.LoadQueryJoinAndFetchProcessor - processing queryspace <gen:0>
19:40:32.368 [main] DEBUG org.hibernate.loader.plan.build.spi.LoadPlanTreePrinter - LoadPlan(entity=tau.mmo.domain.Item)
    - Returns
       - EntityReturnImpl(entity=tau.mmo.domain.Item, querySpaceUid=<gen:0>, path=tau.mmo.domain.Item)
          - EntityAttributeFetchImpl(entity=tau.mmo.domain.Player, querySpaceUid=<gen:1>, path=tau.mmo.domain.Item.player)
    - QuerySpaces
       - EntityQuerySpaceImpl(uid=<gen:0>, entity=tau.mmo.domain.Item)
          - SQL table alias mapping - item0_
          - alias suffix - 0_
          - suffixed key columns - {id1_0_0_}

19:40:32.368 [main] DEBUG org.hibernate.loader.entity.plan.EntityLoader - Static select for entity tau.mmo.domain.Item [NONE]: select item0_.id as id1_0_0_, item0_.itemclass as itemclas2_0_0_, item0_.levelreq as levelreq3_0_0_, item0_.name as name4_0_0_, item0_.player_id as player_i5_0_0_ from item item0_ where item0_.id=?
19:40:32.368 [main] DEBUG org.hibernate.loader.plan.build.internal.spaces.QuerySpacesImpl - Adding QuerySpace : uid = <gen:0> -> org.hibernate.loader.plan.build.internal.spaces.EntityQuerySpaceImpl@41d53813]
19:40:32.368 [main] DEBUG org.hibernate.persister.walking.spi.MetamodelGraphWalker - Visiting attribute path : itemclass
19:40:32.368 [main] DEBUG org.hibernate.persister.walking.spi.MetamodelGraphWalker - Visiting attribute path : levelreq
19:40:32.368 [main] DEBUG org.hibernate.persister.walking.spi.MetamodelGraphWalker - Visiting attribute path : name
19:40:32.368 [main] DEBUG org.hibernate.persister.walking.spi.MetamodelGraphWalker - Visiting attribute path : player
19:40:32.368 [main] DEBUG org.hibernate.loader.plan.build.internal.spaces.QuerySpacesImpl - Adding QuerySpace : uid = <gen:1> -> org.hibernate.loader.plan.build.internal.spaces.EntityQuerySpaceImpl@31cd0efa]
19:40:32.368 [main] DEBUG org.hibernate.loader.plan.build.internal.FetchStyleLoadPlanBuildingAssociationVisitationStrategy - Building LoadPlan...
19:40:32.368 [main] DEBUG org.hibernate.loader.plan.exec.internal.LoadQueryJoinAndFetchProcessor - processing queryspace <gen:0>
19:40:32.368 [main] DEBUG org.hibernate.loader.plan.build.spi.LoadPlanTreePrinter - LoadPlan(entity=tau.mmo.domain.Item)
    - Returns
       - EntityReturnImpl(entity=tau.mmo.domain.Item, querySpaceUid=<gen:0>, path=tau.mmo.domain.Item)
          - EntityAttributeFetchImpl(entity=tau.mmo.domain.Player, querySpaceUid=<gen:1>, path=tau.mmo.domain.Item.player)
    - QuerySpaces
       - EntityQuerySpaceImpl(uid=<gen:0>, entity=tau.mmo.domain.Item)
          - SQL table alias mapping - item0_
          - alias suffix - 0_
          - suffixed key columns - {id1_0_0_}

19:40:32.368 [main] DEBUG org.hibernate.loader.entity.plan.EntityLoader - Static select for entity tau.mmo.domain.Item [READ]: select item0_.id as id1_0_0_, item0_.itemclass as itemclas2_0_0_, item0_.levelreq as levelreq3_0_0_, item0_.name as name4_0_0_, item0_.player_id as player_i5_0_0_ from item item0_ where item0_.id=?
19:40:32.368 [main] DEBUG org.hibernate.loader.plan.build.internal.spaces.QuerySpacesImpl - Adding QuerySpace : uid = <gen:0> -> org.hibernate.loader.plan.build.internal.spaces.EntityQuerySpaceImpl@3294102e]
19:40:32.368 [main] DEBUG org.hibernate.persister.walking.spi.MetamodelGraphWalker - Visiting attribute path : itemclass
19:40:32.368 [main] DEBUG org.hibernate.persister.walking.spi.MetamodelGraphWalker - Visiting attribute path : levelreq
19:40:32.368 [main] DEBUG org.hibernate.persister.walking.spi.MetamodelGraphWalker - Visiting attribute path : name
19:40:32.368 [main] DEBUG org.hibernate.persister.walking.spi.MetamodelGraphWalker - Visiting attribute path : player
19:40:32.368 [main] DEBUG org.hibernate.loader.plan.build.internal.spaces.QuerySpacesImpl - Adding QuerySpace : uid = <gen:1> -> org.hibernate.loader.plan.build.internal.spaces.EntityQuerySpaceImpl@7c460]
19:40:32.368 [main] DEBUG org.hibernate.loader.plan.build.internal.FetchStyleLoadPlanBuildingAssociationVisitationStrategy - Building LoadPlan...
19:40:32.368 [main] DEBUG org.hibernate.loader.plan.exec.internal.LoadQueryJoinAndFetchProcessor - processing queryspace <gen:0>
19:40:32.369 [main] DEBUG org.hibernate.loader.plan.build.spi.LoadPlanTreePrinter - LoadPlan(entity=tau.mmo.domain.Item)
    - Returns
       - EntityReturnImpl(entity=tau.mmo.domain.Item, querySpaceUid=<gen:0>, path=tau.mmo.domain.Item)
          - EntityAttributeFetchImpl(entity=tau.mmo.domain.Player, querySpaceUid=<gen:1>, path=tau.mmo.domain.Item.player)
    - QuerySpaces
       - EntityQuerySpaceImpl(uid=<gen:0>, entity=tau.mmo.domain.Item)
          - SQL table alias mapping - item0_
          - alias suffix - 0_
          - suffixed key columns - {id1_0_0_}

19:40:32.369 [main] DEBUG org.hibernate.loader.entity.plan.EntityLoader - Static select for entity tau.mmo.domain.Item [UPGRADE]: select item0_.id as id1_0_0_, item0_.itemclass as itemclas2_0_0_, item0_.levelreq as levelreq3_0_0_, item0_.name as name4_0_0_, item0_.player_id as player_i5_0_0_ from item item0_ where item0_.id=? for update
19:40:32.369 [main] DEBUG org.hibernate.loader.plan.build.internal.spaces.QuerySpacesImpl - Adding QuerySpace : uid = <gen:0> -> org.hibernate.loader.plan.build.internal.spaces.EntityQuerySpaceImpl@59e4a044]
19:40:32.369 [main] DEBUG org.hibernate.persister.walking.spi.MetamodelGraphWalker - Visiting attribute path : itemclass
19:40:32.369 [main] DEBUG org.hibernate.persister.walking.spi.MetamodelGraphWalker - Visiting attribute path : levelreq
19:40:32.369 [main] DEBUG org.hibernate.persister.walking.spi.MetamodelGraphWalker - Visiting attribute path : name
19:40:32.369 [main] DEBUG org.hibernate.persister.walking.spi.MetamodelGraphWalker - Visiting attribute path : player
19:40:32.369 [main] DEBUG org.hibernate.loader.plan.build.internal.spaces.QuerySpacesImpl - Adding QuerySpace : uid = <gen:1> -> org.hibernate.loader.plan.build.internal.spaces.EntityQuerySpaceImpl@5c03eb4e]
19:40:32.369 [main] DEBUG org.hibernate.loader.plan.build.internal.FetchStyleLoadPlanBuildingAssociationVisitationStrategy - Building LoadPlan...
19:40:32.369 [main] DEBUG org.hibernate.loader.plan.exec.internal.LoadQueryJoinAndFetchProcessor - processing queryspace <gen:0>
19:40:32.369 [main] DEBUG org.hibernate.loader.plan.build.spi.LoadPlanTreePrinter - LoadPlan(entity=tau.mmo.domain.Item)
    - Returns
       - EntityReturnImpl(entity=tau.mmo.domain.Item, querySpaceUid=<gen:0>, path=tau.mmo.domain.Item)
          - EntityAttributeFetchImpl(entity=tau.mmo.domain.Player, querySpaceUid=<gen:1>, path=tau.mmo.domain.Item.player)
    - QuerySpaces
       - EntityQuerySpaceImpl(uid=<gen:0>, entity=tau.mmo.domain.Item)
          - SQL table alias mapping - item0_
          - alias suffix - 0_
          - suffixed key columns - {id1_0_0_}

19:40:32.369 [main] DEBUG org.hibernate.loader.entity.plan.EntityLoader - Static select for entity tau.mmo.domain.Item [UPGRADE_NOWAIT]: select item0_.id as id1_0_0_, item0_.itemclass as itemclas2_0_0_, item0_.levelreq as levelreq3_0_0_, item0_.name as name4_0_0_, item0_.player_id as player_i5_0_0_ from item item0_ where item0_.id=? for update
19:40:32.369 [main] DEBUG org.hibernate.loader.plan.build.internal.spaces.QuerySpacesImpl - Adding QuerySpace : uid = <gen:0> -> org.hibernate.loader.plan.build.internal.spaces.EntityQuerySpaceImpl@6219006a]
19:40:32.369 [main] DEBUG org.hibernate.persister.walking.spi.MetamodelGraphWalker - Visiting attribute path : itemclass
19:40:32.369 [main] DEBUG org.hibernate.persister.walking.spi.MetamodelGraphWalker - Visiting attribute path : levelreq
19:40:32.369 [main] DEBUG org.hibernate.persister.walking.spi.MetamodelGraphWalker - Visiting attribute path : name
19:40:32.369 [main] DEBUG org.hibernate.persister.walking.spi.MetamodelGraphWalker - Visiting attribute path : player
19:40:32.369 [main] DEBUG org.hibernate.loader.plan.build.internal.spaces.QuerySpacesImpl - Adding QuerySpace : uid = <gen:1> -> org.hibernate.loader.plan.build.internal.spaces.EntityQuerySpaceImpl@4bc41565]
19:40:32.369 [main] DEBUG org.hibernate.loader.plan.build.internal.FetchStyleLoadPlanBuildingAssociationVisitationStrategy - Building LoadPlan...
19:40:32.369 [main] DEBUG org.hibernate.loader.plan.exec.internal.LoadQueryJoinAndFetchProcessor - processing queryspace <gen:0>
19:40:32.370 [main] DEBUG org.hibernate.loader.plan.build.spi.LoadPlanTreePrinter - LoadPlan(entity=tau.mmo.domain.Item)
    - Returns
       - EntityReturnImpl(entity=tau.mmo.domain.Item, querySpaceUid=<gen:0>, path=tau.mmo.domain.Item)
          - EntityAttributeFetchImpl(entity=tau.mmo.domain.Player, querySpaceUid=<gen:1>, path=tau.mmo.domain.Item.player)
    - QuerySpaces
       - EntityQuerySpaceImpl(uid=<gen:0>, entity=tau.mmo.domain.Item)
          - SQL table alias mapping - item0_
          - alias suffix - 0_
          - suffixed key columns - {id1_0_0_}

19:40:32.370 [main] DEBUG org.hibernate.loader.entity.plan.EntityLoader - Static select for entity tau.mmo.domain.Item [UPGRADE_SKIPLOCKED]: select item0_.id as id1_0_0_, item0_.itemclass as itemclas2_0_0_, item0_.levelreq as levelreq3_0_0_, item0_.name as name4_0_0_, item0_.player_id as player_i5_0_0_ from item item0_ where item0_.id=? for update
19:40:32.370 [main] DEBUG org.hibernate.loader.plan.build.internal.spaces.QuerySpacesImpl - Adding QuerySpace : uid = <gen:0> -> org.hibernate.loader.plan.build.internal.spaces.EntityQuerySpaceImpl@8dedec8]
19:40:32.370 [main] DEBUG org.hibernate.persister.walking.spi.MetamodelGraphWalker - Visiting attribute path : itemclass
19:40:32.370 [main] DEBUG org.hibernate.persister.walking.spi.MetamodelGraphWalker - Visiting attribute path : levelreq
19:40:32.370 [main] DEBUG org.hibernate.persister.walking.spi.MetamodelGraphWalker - Visiting attribute path : name
19:40:32.370 [main] DEBUG org.hibernate.persister.walking.spi.MetamodelGraphWalker - Visiting attribute path : player
19:40:32.371 [main] DEBUG org.hibernate.loader.plan.build.internal.spaces.QuerySpacesImpl - Adding QuerySpace : uid = <gen:1> -> org.hibernate.loader.plan.build.internal.spaces.EntityQuerySpaceImpl@27bf574b]
19:40:32.371 [main] DEBUG org.hibernate.loader.plan.build.internal.FetchStyleLoadPlanBuildingAssociationVisitationStrategy - Building LoadPlan...
19:40:32.371 [main] DEBUG org.hibernate.loader.plan.exec.internal.LoadQueryJoinAndFetchProcessor - processing queryspace <gen:0>
19:40:32.371 [main] DEBUG org.hibernate.loader.plan.build.spi.LoadPlanTreePrinter - LoadPlan(entity=tau.mmo.domain.Item)
    - Returns
       - EntityReturnImpl(entity=tau.mmo.domain.Item, querySpaceUid=<gen:0>, path=tau.mmo.domain.Item)
          - EntityAttributeFetchImpl(entity=tau.mmo.domain.Player, querySpaceUid=<gen:1>, path=tau.mmo.domain.Item.player)
    - QuerySpaces
       - EntityQuerySpaceImpl(uid=<gen:0>, entity=tau.mmo.domain.Item)
          - SQL table alias mapping - item0_
          - alias suffix - 0_
          - suffixed key columns - {id1_0_0_}

19:40:32.371 [main] DEBUG org.hibernate.loader.entity.plan.EntityLoader - Static select for entity tau.mmo.domain.Item [FORCE]: select item0_.id as id1_0_0_, item0_.itemclass as itemclas2_0_0_, item0_.levelreq as levelreq3_0_0_, item0_.name as name4_0_0_, item0_.player_id as player_i5_0_0_ from item item0_ where item0_.id=? for update
19:40:32.371 [main] DEBUG org.hibernate.loader.plan.build.internal.spaces.QuerySpacesImpl - Adding QuerySpace : uid = <gen:0> -> org.hibernate.loader.plan.build.internal.spaces.EntityQuerySpaceImpl@4cbb11e4]
19:40:32.372 [main] DEBUG org.hibernate.persister.walking.spi.MetamodelGraphWalker - Visiting attribute path : itemclass
19:40:32.372 [main] DEBUG org.hibernate.persister.walking.spi.MetamodelGraphWalker - Visiting attribute path : levelreq
19:40:32.372 [main] DEBUG org.hibernate.persister.walking.spi.MetamodelGraphWalker - Visiting attribute path : name
19:40:32.372 [main] DEBUG org.hibernate.persister.walking.spi.MetamodelGraphWalker - Visiting attribute path : player
19:40:32.372 [main] DEBUG org.hibernate.loader.plan.build.internal.spaces.QuerySpacesImpl - Adding QuerySpace : uid = <gen:1> -> org.hibernate.loader.plan.build.internal.spaces.EntityQuerySpaceImpl@647aa45c]
19:40:32.372 [main] DEBUG org.hibernate.loader.plan.build.internal.FetchStyleLoadPlanBuildingAssociationVisitationStrategy - Building LoadPlan...
19:40:32.372 [main] DEBUG org.hibernate.loader.plan.exec.internal.LoadQueryJoinAndFetchProcessor - processing queryspace <gen:0>
19:40:32.372 [main] DEBUG org.hibernate.loader.plan.build.spi.LoadPlanTreePrinter - LoadPlan(entity=tau.mmo.domain.Item)
    - Returns
       - EntityReturnImpl(entity=tau.mmo.domain.Item, querySpaceUid=<gen:0>, path=tau.mmo.domain.Item)
          - EntityAttributeFetchImpl(entity=tau.mmo.domain.Player, querySpaceUid=<gen:1>, path=tau.mmo.domain.Item.player)
    - QuerySpaces
       - EntityQuerySpaceImpl(uid=<gen:0>, entity=tau.mmo.domain.Item)
          - SQL table alias mapping - item0_
          - alias suffix - 0_
          - suffixed key columns - {id1_0_0_}

19:40:32.372 [main] DEBUG org.hibernate.loader.entity.plan.EntityLoader - Static select for entity tau.mmo.domain.Item [PESSIMISTIC_READ]: select item0_.id as id1_0_0_, item0_.itemclass as itemclas2_0_0_, item0_.levelreq as levelreq3_0_0_, item0_.name as name4_0_0_, item0_.player_id as player_i5_0_0_ from item item0_ where item0_.id=? for update
19:40:32.372 [main] DEBUG org.hibernate.loader.plan.build.internal.spaces.QuerySpacesImpl - Adding QuerySpace : uid = <gen:0> -> org.hibernate.loader.plan.build.internal.spaces.EntityQuerySpaceImpl@3922b297]
19:40:32.372 [main] DEBUG org.hibernate.persister.walking.spi.MetamodelGraphWalker - Visiting attribute path : itemclass
19:40:32.372 [main] DEBUG org.hibernate.persister.walking.spi.MetamodelGraphWalker - Visiting attribute path : levelreq
19:40:32.372 [main] DEBUG org.hibernate.persister.walking.spi.MetamodelGraphWalker - Visiting attribute path : name
19:40:32.372 [main] DEBUG org.hibernate.persister.walking.spi.MetamodelGraphWalker - Visiting attribute path : player
19:40:32.373 [main] DEBUG org.hibernate.loader.plan.build.internal.spaces.QuerySpacesImpl - Adding QuerySpace : uid = <gen:1> -> org.hibernate.loader.plan.build.internal.spaces.EntityQuerySpaceImpl@72c1bf75]
19:40:32.373 [main] DEBUG org.hibernate.loader.plan.build.internal.FetchStyleLoadPlanBuildingAssociationVisitationStrategy - Building LoadPlan...
19:40:32.373 [main] DEBUG org.hibernate.loader.plan.exec.internal.LoadQueryJoinAndFetchProcessor - processing queryspace <gen:0>
19:40:32.373 [main] DEBUG org.hibernate.loader.plan.build.spi.LoadPlanTreePrinter - LoadPlan(entity=tau.mmo.domain.Item)
    - Returns
       - EntityReturnImpl(entity=tau.mmo.domain.Item, querySpaceUid=<gen:0>, path=tau.mmo.domain.Item)
          - EntityAttributeFetchImpl(entity=tau.mmo.domain.Player, querySpaceUid=<gen:1>, path=tau.mmo.domain.Item.player)
    - QuerySpaces
       - EntityQuerySpaceImpl(uid=<gen:0>, entity=tau.mmo.domain.Item)
          - SQL table alias mapping - item0_
          - alias suffix - 0_
          - suffixed key columns - {id1_0_0_}

19:40:32.373 [main] DEBUG org.hibernate.loader.entity.plan.EntityLoader - Static select for entity tau.mmo.domain.Item [PESSIMISTIC_WRITE]: select item0_.id as id1_0_0_, item0_.itemclass as itemclas2_0_0_, item0_.levelreq as levelreq3_0_0_, item0_.name as name4_0_0_, item0_.player_id as player_i5_0_0_ from item item0_ where item0_.id=? for update
19:40:32.373 [main] DEBUG org.hibernate.loader.plan.build.internal.spaces.QuerySpacesImpl - Adding QuerySpace : uid = <gen:0> -> org.hibernate.loader.plan.build.internal.spaces.EntityQuerySpaceImpl@43a8bd35]
19:40:32.373 [main] DEBUG org.hibernate.persister.walking.spi.MetamodelGraphWalker - Visiting attribute path : itemclass
19:40:32.373 [main] DEBUG org.hibernate.persister.walking.spi.MetamodelGraphWalker - Visiting attribute path : levelreq
19:40:32.373 [main] DEBUG org.hibernate.persister.walking.spi.MetamodelGraphWalker - Visiting attribute path : name
19:40:32.373 [main] DEBUG org.hibernate.persister.walking.spi.MetamodelGraphWalker - Visiting attribute path : player
19:40:32.373 [main] DEBUG org.hibernate.loader.plan.build.internal.spaces.QuerySpacesImpl - Adding QuerySpace : uid = <gen:1> -> org.hibernate.loader.plan.build.internal.spaces.EntityQuerySpaceImpl@570b85dd]
19:40:32.373 [main] DEBUG org.hibernate.loader.plan.build.internal.FetchStyleLoadPlanBuildingAssociationVisitationStrategy - Building LoadPlan...
19:40:32.373 [main] DEBUG org.hibernate.loader.plan.exec.internal.LoadQueryJoinAndFetchProcessor - processing queryspace <gen:0>
19:40:32.373 [main] DEBUG org.hibernate.loader.plan.build.spi.LoadPlanTreePrinter - LoadPlan(entity=tau.mmo.domain.Item)
    - Returns
       - EntityReturnImpl(entity=tau.mmo.domain.Item, querySpaceUid=<gen:0>, path=tau.mmo.domain.Item)
          - EntityAttributeFetchImpl(entity=tau.mmo.domain.Player, querySpaceUid=<gen:1>, path=tau.mmo.domain.Item.player)
    - QuerySpaces
       - EntityQuerySpaceImpl(uid=<gen:0>, entity=tau.mmo.domain.Item)
          - SQL table alias mapping - item0_
          - alias suffix - 0_
          - suffixed key columns - {id1_0_0_}

19:40:32.373 [main] DEBUG org.hibernate.loader.entity.plan.EntityLoader - Static select for entity tau.mmo.domain.Item [PESSIMISTIC_FORCE_INCREMENT]: select item0_.id as id1_0_0_, item0_.itemclass as itemclas2_0_0_, item0_.levelreq as levelreq3_0_0_, item0_.name as name4_0_0_, item0_.player_id as player_i5_0_0_ from item item0_ where item0_.id=? for update
19:40:32.373 [main] DEBUG org.hibernate.loader.plan.build.internal.spaces.QuerySpacesImpl - Adding QuerySpace : uid = <gen:0> -> org.hibernate.loader.plan.build.internal.spaces.EntityQuerySpaceImpl@28ceb25e]
19:40:32.373 [main] DEBUG org.hibernate.persister.walking.spi.MetamodelGraphWalker - Visiting attribute path : itemclass
19:40:32.373 [main] DEBUG org.hibernate.persister.walking.spi.MetamodelGraphWalker - Visiting attribute path : levelreq
19:40:32.373 [main] DEBUG org.hibernate.persister.walking.spi.MetamodelGraphWalker - Visiting attribute path : name
19:40:32.373 [main] DEBUG org.hibernate.persister.walking.spi.MetamodelGraphWalker - Visiting attribute path : player
19:40:32.373 [main] DEBUG org.hibernate.loader.plan.build.internal.spaces.QuerySpacesImpl - Adding QuerySpace : uid = <gen:1> -> org.hibernate.loader.plan.build.internal.spaces.EntityQuerySpaceImpl@518a7b8a]
19:40:32.373 [main] DEBUG org.hibernate.loader.plan.build.internal.FetchStyleLoadPlanBuildingAssociationVisitationStrategy - Building LoadPlan...
19:40:32.374 [main] DEBUG org.hibernate.loader.plan.exec.internal.LoadQueryJoinAndFetchProcessor - processing queryspace <gen:0>
19:40:32.374 [main] DEBUG org.hibernate.loader.plan.build.spi.LoadPlanTreePrinter - LoadPlan(entity=tau.mmo.domain.Item)
    - Returns
       - EntityReturnImpl(entity=tau.mmo.domain.Item, querySpaceUid=<gen:0>, path=tau.mmo.domain.Item)
          - EntityAttributeFetchImpl(entity=tau.mmo.domain.Player, querySpaceUid=<gen:1>, path=tau.mmo.domain.Item.player)
    - QuerySpaces
       - EntityQuerySpaceImpl(uid=<gen:0>, entity=tau.mmo.domain.Item)
          - SQL table alias mapping - item0_
          - alias suffix - 0_
          - suffixed key columns - {id1_0_0_}

19:40:32.374 [main] DEBUG org.hibernate.loader.entity.plan.EntityLoader - Static select for entity tau.mmo.domain.Item [OPTIMISTIC]: select item0_.id as id1_0_0_, item0_.itemclass as itemclas2_0_0_, item0_.levelreq as levelreq3_0_0_, item0_.name as name4_0_0_, item0_.player_id as player_i5_0_0_ from item item0_ where item0_.id=?
19:40:32.374 [main] DEBUG org.hibernate.loader.plan.build.internal.spaces.QuerySpacesImpl - Adding QuerySpace : uid = <gen:0> -> org.hibernate.loader.plan.build.internal.spaces.EntityQuerySpaceImpl@5a24390b]
19:40:32.374 [main] DEBUG org.hibernate.persister.walking.spi.MetamodelGraphWalker - Visiting attribute path : itemclass
19:40:32.374 [main] DEBUG org.hibernate.persister.walking.spi.MetamodelGraphWalker - Visiting attribute path : levelreq
19:40:32.374 [main] DEBUG org.hibernate.persister.walking.spi.MetamodelGraphWalker - Visiting attribute path : name
19:40:32.374 [main] DEBUG org.hibernate.persister.walking.spi.MetamodelGraphWalker - Visiting attribute path : player
19:40:32.374 [main] DEBUG org.hibernate.loader.plan.build.internal.spaces.QuerySpacesImpl - Adding QuerySpace : uid = <gen:1> -> org.hibernate.loader.plan.build.internal.spaces.EntityQuerySpaceImpl@66d6e50b]
19:40:32.374 [main] DEBUG org.hibernate.loader.plan.build.internal.FetchStyleLoadPlanBuildingAssociationVisitationStrategy - Building LoadPlan...
19:40:32.374 [main] DEBUG org.hibernate.loader.plan.exec.internal.LoadQueryJoinAndFetchProcessor - processing queryspace <gen:0>
19:40:32.374 [main] DEBUG org.hibernate.loader.plan.build.spi.LoadPlanTreePrinter - LoadPlan(entity=tau.mmo.domain.Item)
    - Returns
       - EntityReturnImpl(entity=tau.mmo.domain.Item, querySpaceUid=<gen:0>, path=tau.mmo.domain.Item)
          - EntityAttributeFetchImpl(entity=tau.mmo.domain.Player, querySpaceUid=<gen:1>, path=tau.mmo.domain.Item.player)
    - QuerySpaces
       - EntityQuerySpaceImpl(uid=<gen:0>, entity=tau.mmo.domain.Item)
          - SQL table alias mapping - item0_
          - alias suffix - 0_
          - suffixed key columns - {id1_0_0_}

19:40:32.374 [main] DEBUG org.hibernate.loader.entity.plan.EntityLoader - Static select for entity tau.mmo.domain.Item [OPTIMISTIC_FORCE_INCREMENT]: select item0_.id as id1_0_0_, item0_.itemclass as itemclas2_0_0_, item0_.levelreq as levelreq3_0_0_, item0_.name as name4_0_0_, item0_.player_id as player_i5_0_0_ from item item0_ where item0_.id=?
19:40:32.374 [main] DEBUG org.hibernate.loader.Loader - Static select for action ACTION_MERGE on entity tau.mmo.domain.Item: select item0_.id as id1_0_0_, item0_.itemclass as itemclas2_0_0_, item0_.levelreq as levelreq3_0_0_, item0_.name as name4_0_0_, item0_.player_id as player_i5_0_0_ from item item0_ where item0_.id=?
19:40:32.374 [main] DEBUG org.hibernate.loader.Loader - Static select for action ACTION_REFRESH on entity tau.mmo.domain.Item: select item0_.id as id1_0_0_, item0_.itemclass as itemclas2_0_0_, item0_.levelreq as levelreq3_0_0_, item0_.name as name4_0_0_, item0_.player_id as player_i5_0_0_ from item item0_ where item0_.id=?
19:40:32.374 [main] DEBUG org.hibernate.persister.entity.AbstractEntityPersister - Static SQL for entity: tau.mmo.domain.Player
19:40:32.374 [main] DEBUG org.hibernate.persister.entity.AbstractEntityPersister -  Version select: select id from player where id =?
19:40:32.374 [main] DEBUG org.hibernate.persister.entity.AbstractEntityPersister -  Snapshot select: select player_.id, player_.heroclass as heroclas2_1_, player_.level as level3_1_, player_.name as name4_1_ from player player_ where player_.id=?
19:40:32.374 [main] DEBUG org.hibernate.persister.entity.AbstractEntityPersister -  Insert 0: insert into player (heroclass, level, name, id) values (?, ?, ?, ?)
19:40:32.375 [main] DEBUG org.hibernate.persister.entity.AbstractEntityPersister -  Update 0: update player set heroclass=?, level=?, name=? where id=?
19:40:32.375 [main] DEBUG org.hibernate.persister.entity.AbstractEntityPersister -  Delete 0: delete from player where id=?
19:40:32.375 [main] DEBUG org.hibernate.loader.plan.build.internal.spaces.QuerySpacesImpl - Adding QuerySpace : uid = <gen:0> -> org.hibernate.loader.plan.build.internal.spaces.EntityQuerySpaceImpl@64829470]
19:40:32.375 [main] DEBUG org.hibernate.persister.walking.spi.MetamodelGraphWalker - Visiting attribute path : heroclass
19:40:32.375 [main] DEBUG org.hibernate.persister.walking.spi.MetamodelGraphWalker - Visiting attribute path : items
19:40:32.375 [main] DEBUG org.hibernate.loader.plan.build.internal.spaces.QuerySpacesImpl - Adding QuerySpace : uid = <gen:1> -> org.hibernate.loader.plan.build.internal.spaces.CollectionQuerySpaceImpl@31fc658f]
19:40:32.375 [main] DEBUG org.hibernate.loader.plan.build.internal.spaces.QuerySpacesImpl - Adding QuerySpace : uid = <gen:2> -> org.hibernate.loader.plan.build.internal.spaces.EntityQuerySpaceImpl@60d32006]
19:40:32.375 [main] DEBUG org.hibernate.persister.walking.spi.MetamodelGraphWalker - Visiting attribute path : items.itemclass
19:40:32.375 [main] DEBUG org.hibernate.persister.walking.spi.MetamodelGraphWalker - Visiting attribute path : items.levelreq
19:40:32.375 [main] DEBUG org.hibernate.persister.walking.spi.MetamodelGraphWalker - Visiting attribute path : items.name
19:40:32.375 [main] DEBUG org.hibernate.persister.walking.spi.MetamodelGraphWalker - Visiting attribute path : items.player
19:40:32.375 [main] DEBUG org.hibernate.persister.walking.spi.MetamodelGraphWalker - Property path deemed to be circular : items.player
19:40:32.375 [main] DEBUG org.hibernate.persister.walking.spi.MetamodelGraphWalker - Visiting attribute path : level
19:40:32.375 [main] DEBUG org.hibernate.persister.walking.spi.MetamodelGraphWalker - Visiting attribute path : name
19:40:32.375 [main] DEBUG org.hibernate.loader.plan.build.internal.FetchStyleLoadPlanBuildingAssociationVisitationStrategy - Building LoadPlan...
19:40:32.375 [main] DEBUG org.hibernate.loader.plan.exec.internal.LoadQueryJoinAndFetchProcessor - processing queryspace <gen:0>
19:40:32.375 [main] DEBUG org.hibernate.loader.plan.build.spi.LoadPlanTreePrinter - LoadPlan(entity=tau.mmo.domain.Player)
    - Returns
       - EntityReturnImpl(entity=tau.mmo.domain.Player, querySpaceUid=<gen:0>, path=tau.mmo.domain.Player)
          - CollectionAttributeFetchImpl(collection=tau.mmo.domain.Player.items, querySpaceUid=<gen:1>, path=tau.mmo.domain.Player.items)
             - (collection element) CollectionFetchableElementEntityGraph(entity=tau.mmo.domain.Item, querySpaceUid=<gen:2>, path=tau.mmo.domain.Player.items.<elements>)
    - QuerySpaces
       - EntityQuerySpaceImpl(uid=<gen:0>, entity=tau.mmo.domain.Player)
          - SQL table alias mapping - player0_
          - alias suffix - 0_
          - suffixed key columns - {id1_1_0_}
          - JOIN (JoinDefinedByMetadata(items)) : <gen:0> -> <gen:1>
             - CollectionQuerySpaceImpl(uid=<gen:1>, collection=tau.mmo.domain.Player.items)
                - SQL table alias mapping - items1_
                - alias suffix - 1_
                - suffixed key columns - {player_i5_0_1_}
                - entity-element alias suffix - 2_
                - 2_entity-element suffixed key columns - id1_0_2_
                - JOIN (JoinDefinedByMetadata(elements)) : <gen:1> -> <gen:2>
                   - EntityQuerySpaceImpl(uid=<gen:2>, entity=tau.mmo.domain.Item)
                      - SQL table alias mapping - items1_
                      - alias suffix - 2_
                      - suffixed key columns - {id1_0_2_}

19:40:32.375 [main] DEBUG org.hibernate.loader.entity.plan.EntityLoader - Static select for entity tau.mmo.domain.Player [NONE]: select player0_.id as id1_1_0_, player0_.heroclass as heroclas2_1_0_, player0_.level as level3_1_0_, player0_.name as name4_1_0_, items1_.player_id as player_i5_0_1_, items1_.id as id1_0_1_, items1_.id as id1_0_2_, items1_.itemclass as itemclas2_0_2_, items1_.levelreq as levelreq3_0_2_, items1_.name as name4_0_2_, items1_.player_id as player_i5_0_2_ from player player0_ left outer join item items1_ on player0_.id=items1_.player_id where player0_.id=?
19:40:32.375 [main] DEBUG org.hibernate.loader.plan.build.internal.spaces.QuerySpacesImpl - Adding QuerySpace : uid = <gen:0> -> org.hibernate.loader.plan.build.internal.spaces.EntityQuerySpaceImpl@758ebec4]
19:40:32.375 [main] DEBUG org.hibernate.persister.walking.spi.MetamodelGraphWalker - Visiting attribute path : heroclass
19:40:32.375 [main] DEBUG org.hibernate.persister.walking.spi.MetamodelGraphWalker - Visiting attribute path : items
19:40:32.376 [main] DEBUG org.hibernate.loader.plan.build.internal.spaces.QuerySpacesImpl - Adding QuerySpace : uid = <gen:1> -> org.hibernate.loader.plan.build.internal.spaces.CollectionQuerySpaceImpl@c6d7256]
19:40:32.376 [main] DEBUG org.hibernate.loader.plan.build.internal.spaces.QuerySpacesImpl - Adding QuerySpace : uid = <gen:2> -> org.hibernate.loader.plan.build.internal.spaces.EntityQuerySpaceImpl@48188d23]
19:40:32.376 [main] DEBUG org.hibernate.persister.walking.spi.MetamodelGraphWalker - Visiting attribute path : items.itemclass
19:40:32.376 [main] DEBUG org.hibernate.persister.walking.spi.MetamodelGraphWalker - Visiting attribute path : items.levelreq
19:40:32.376 [main] DEBUG org.hibernate.persister.walking.spi.MetamodelGraphWalker - Visiting attribute path : items.name
19:40:32.376 [main] DEBUG org.hibernate.persister.walking.spi.MetamodelGraphWalker - Visiting attribute path : items.player
19:40:32.376 [main] DEBUG org.hibernate.persister.walking.spi.MetamodelGraphWalker - Property path deemed to be circular : items.player
19:40:32.376 [main] DEBUG org.hibernate.persister.walking.spi.MetamodelGraphWalker - Visiting attribute path : level
19:40:32.376 [main] DEBUG org.hibernate.persister.walking.spi.MetamodelGraphWalker - Visiting attribute path : name
19:40:32.376 [main] DEBUG org.hibernate.loader.plan.build.internal.FetchStyleLoadPlanBuildingAssociationVisitationStrategy - Building LoadPlan...
19:40:32.376 [main] DEBUG org.hibernate.loader.plan.exec.internal.LoadQueryJoinAndFetchProcessor - processing queryspace <gen:0>
19:40:32.376 [main] DEBUG org.hibernate.loader.plan.build.spi.LoadPlanTreePrinter - LoadPlan(entity=tau.mmo.domain.Player)
    - Returns
       - EntityReturnImpl(entity=tau.mmo.domain.Player, querySpaceUid=<gen:0>, path=tau.mmo.domain.Player)
          - CollectionAttributeFetchImpl(collection=tau.mmo.domain.Player.items, querySpaceUid=<gen:1>, path=tau.mmo.domain.Player.items)
             - (collection element) CollectionFetchableElementEntityGraph(entity=tau.mmo.domain.Item, querySpaceUid=<gen:2>, path=tau.mmo.domain.Player.items.<elements>)
    - QuerySpaces
       - EntityQuerySpaceImpl(uid=<gen:0>, entity=tau.mmo.domain.Player)
          - SQL table alias mapping - player0_
          - alias suffix - 0_
          - suffixed key columns - {id1_1_0_}
          - JOIN (JoinDefinedByMetadata(items)) : <gen:0> -> <gen:1>
             - CollectionQuerySpaceImpl(uid=<gen:1>, collection=tau.mmo.domain.Player.items)
                - SQL table alias mapping - items1_
                - alias suffix - 1_
                - suffixed key columns - {player_i5_0_1_}
                - entity-element alias suffix - 2_
                - 2_entity-element suffixed key columns - id1_0_2_
                - JOIN (JoinDefinedByMetadata(elements)) : <gen:1> -> <gen:2>
                   - EntityQuerySpaceImpl(uid=<gen:2>, entity=tau.mmo.domain.Item)
                      - SQL table alias mapping - items1_
                      - alias suffix - 2_
                      - suffixed key columns - {id1_0_2_}

19:40:32.376 [main] DEBUG org.hibernate.loader.entity.plan.EntityLoader - Static select for entity tau.mmo.domain.Player [READ]: select player0_.id as id1_1_0_, player0_.heroclass as heroclas2_1_0_, player0_.level as level3_1_0_, player0_.name as name4_1_0_, items1_.player_id as player_i5_0_1_, items1_.id as id1_0_1_, items1_.id as id1_0_2_, items1_.itemclass as itemclas2_0_2_, items1_.levelreq as levelreq3_0_2_, items1_.name as name4_0_2_, items1_.player_id as player_i5_0_2_ from player player0_ left outer join item items1_ on player0_.id=items1_.player_id where player0_.id=?
19:40:32.376 [main] DEBUG org.hibernate.loader.plan.build.internal.spaces.QuerySpacesImpl - Adding QuerySpace : uid = <gen:0> -> org.hibernate.loader.plan.build.internal.spaces.EntityQuerySpaceImpl@e88e14]
19:40:32.376 [main] DEBUG org.hibernate.persister.walking.spi.MetamodelGraphWalker - Visiting attribute path : heroclass
19:40:32.376 [main] DEBUG org.hibernate.persister.walking.spi.MetamodelGraphWalker - Visiting attribute path : items
19:40:32.376 [main] DEBUG org.hibernate.loader.plan.build.internal.spaces.QuerySpacesImpl - Adding QuerySpace : uid = <gen:1> -> org.hibernate.loader.plan.build.internal.spaces.CollectionQuerySpaceImpl@472dbaf5]
19:40:32.376 [main] DEBUG org.hibernate.loader.plan.build.internal.spaces.QuerySpacesImpl - Adding QuerySpace : uid = <gen:2> -> org.hibernate.loader.plan.build.internal.spaces.EntityQuerySpaceImpl@25c4f621]
19:40:32.376 [main] DEBUG org.hibernate.persister.walking.spi.MetamodelGraphWalker - Visiting attribute path : level
19:40:32.376 [main] DEBUG org.hibernate.persister.walking.spi.MetamodelGraphWalker - Visiting attribute path : name
19:40:32.376 [main] DEBUG org.hibernate.loader.plan.build.internal.FetchStyleLoadPlanBuildingAssociationVisitationStrategy - Building LoadPlan...
19:40:32.377 [main] DEBUG org.hibernate.loader.plan.exec.internal.LoadQueryJoinAndFetchProcessor - processing queryspace <gen:0>
19:40:32.377 [main] DEBUG org.hibernate.loader.plan.build.spi.LoadPlanTreePrinter - LoadPlan(entity=tau.mmo.domain.Player)
    - Returns
       - EntityReturnImpl(entity=tau.mmo.domain.Player, querySpaceUid=<gen:0>, path=tau.mmo.domain.Player)
          - CollectionAttributeFetchImpl(collection=tau.mmo.domain.Player.items, querySpaceUid=<gen:1>, path=tau.mmo.domain.Player.items)
             - (collection element) CollectionFetchableElementEntityGraph(entity=tau.mmo.domain.Item, querySpaceUid=<gen:2>, path=tau.mmo.domain.Player.items.<elements>)
    - QuerySpaces
       - EntityQuerySpaceImpl(uid=<gen:0>, entity=tau.mmo.domain.Player)
          - SQL table alias mapping - player0_
          - alias suffix - 0_
          - suffixed key columns - {id1_1_0_}

19:40:32.377 [main] DEBUG org.hibernate.loader.entity.plan.EntityLoader - Static select for entity tau.mmo.domain.Player [UPGRADE]: select player0_.id as id1_1_0_, player0_.heroclass as heroclas2_1_0_, player0_.level as level3_1_0_, player0_.name as name4_1_0_ from player player0_ where player0_.id=? for update
19:40:32.377 [main] DEBUG org.hibernate.loader.plan.build.internal.spaces.QuerySpacesImpl - Adding QuerySpace : uid = <gen:0> -> org.hibernate.loader.plan.build.internal.spaces.EntityQuerySpaceImpl@619854a3]
19:40:32.377 [main] DEBUG org.hibernate.persister.walking.spi.MetamodelGraphWalker - Visiting attribute path : heroclass
19:40:32.377 [main] DEBUG org.hibernate.persister.walking.spi.MetamodelGraphWalker - Visiting attribute path : items
19:40:32.377 [main] DEBUG org.hibernate.loader.plan.build.internal.spaces.QuerySpacesImpl - Adding QuerySpace : uid = <gen:1> -> org.hibernate.loader.plan.build.internal.spaces.CollectionQuerySpaceImpl@6c2fea95]
19:40:32.377 [main] DEBUG org.hibernate.loader.plan.build.internal.spaces.QuerySpacesImpl - Adding QuerySpace : uid = <gen:2> -> org.hibernate.loader.plan.build.internal.spaces.EntityQuerySpaceImpl@6ed87ccf]
19:40:32.377 [main] DEBUG org.hibernate.persister.walking.spi.MetamodelGraphWalker - Visiting attribute path : level
19:40:32.377 [main] DEBUG org.hibernate.persister.walking.spi.MetamodelGraphWalker - Visiting attribute path : name
19:40:32.377 [main] DEBUG org.hibernate.loader.plan.build.internal.FetchStyleLoadPlanBuildingAssociationVisitationStrategy - Building LoadPlan...
19:40:32.377 [main] DEBUG org.hibernate.loader.plan.exec.internal.LoadQueryJoinAndFetchProcessor - processing queryspace <gen:0>
19:40:32.377 [main] DEBUG org.hibernate.loader.plan.build.spi.LoadPlanTreePrinter - LoadPlan(entity=tau.mmo.domain.Player)
    - Returns
       - EntityReturnImpl(entity=tau.mmo.domain.Player, querySpaceUid=<gen:0>, path=tau.mmo.domain.Player)
          - CollectionAttributeFetchImpl(collection=tau.mmo.domain.Player.items, querySpaceUid=<gen:1>, path=tau.mmo.domain.Player.items)
             - (collection element) CollectionFetchableElementEntityGraph(entity=tau.mmo.domain.Item, querySpaceUid=<gen:2>, path=tau.mmo.domain.Player.items.<elements>)
    - QuerySpaces
       - EntityQuerySpaceImpl(uid=<gen:0>, entity=tau.mmo.domain.Player)
          - SQL table alias mapping - player0_
          - alias suffix - 0_
          - suffixed key columns - {id1_1_0_}

19:40:32.377 [main] DEBUG org.hibernate.loader.entity.plan.EntityLoader - Static select for entity tau.mmo.domain.Player [UPGRADE_NOWAIT]: select player0_.id as id1_1_0_, player0_.heroclass as heroclas2_1_0_, player0_.level as level3_1_0_, player0_.name as name4_1_0_ from player player0_ where player0_.id=? for update
19:40:32.377 [main] DEBUG org.hibernate.loader.plan.build.internal.spaces.QuerySpacesImpl - Adding QuerySpace : uid = <gen:0> -> org.hibernate.loader.plan.build.internal.spaces.EntityQuerySpaceImpl@4d4600fb]
19:40:32.377 [main] DEBUG org.hibernate.persister.walking.spi.MetamodelGraphWalker - Visiting attribute path : heroclass
19:40:32.377 [main] DEBUG org.hibernate.persister.walking.spi.MetamodelGraphWalker - Visiting attribute path : items
19:40:32.377 [main] DEBUG org.hibernate.loader.plan.build.internal.spaces.QuerySpacesImpl - Adding QuerySpace : uid = <gen:1> -> org.hibernate.loader.plan.build.internal.spaces.CollectionQuerySpaceImpl@60ba6631]
19:40:32.377 [main] DEBUG org.hibernate.loader.plan.build.internal.spaces.QuerySpacesImpl - Adding QuerySpace : uid = <gen:2> -> org.hibernate.loader.plan.build.internal.spaces.EntityQuerySpaceImpl@4d2950ed]
19:40:32.377 [main] DEBUG org.hibernate.persister.walking.spi.MetamodelGraphWalker - Visiting attribute path : level
19:40:32.377 [main] DEBUG org.hibernate.persister.walking.spi.MetamodelGraphWalker - Visiting attribute path : name
19:40:32.377 [main] DEBUG org.hibernate.loader.plan.build.internal.FetchStyleLoadPlanBuildingAssociationVisitationStrategy - Building LoadPlan...
19:40:32.377 [main] DEBUG org.hibernate.loader.plan.exec.internal.LoadQueryJoinAndFetchProcessor - processing queryspace <gen:0>
19:40:32.378 [main] DEBUG org.hibernate.loader.plan.build.spi.LoadPlanTreePrinter - LoadPlan(entity=tau.mmo.domain.Player)
    - Returns
       - EntityReturnImpl(entity=tau.mmo.domain.Player, querySpaceUid=<gen:0>, path=tau.mmo.domain.Player)
          - CollectionAttributeFetchImpl(collection=tau.mmo.domain.Player.items, querySpaceUid=<gen:1>, path=tau.mmo.domain.Player.items)
             - (collection element) CollectionFetchableElementEntityGraph(entity=tau.mmo.domain.Item, querySpaceUid=<gen:2>, path=tau.mmo.domain.Player.items.<elements>)
    - QuerySpaces
       - EntityQuerySpaceImpl(uid=<gen:0>, entity=tau.mmo.domain.Player)
          - SQL table alias mapping - player0_
          - alias suffix - 0_
          - suffixed key columns - {id1_1_0_}

19:40:32.378 [main] DEBUG org.hibernate.loader.entity.plan.EntityLoader - Static select for entity tau.mmo.domain.Player [UPGRADE_SKIPLOCKED]: select player0_.id as id1_1_0_, player0_.heroclass as heroclas2_1_0_, player0_.level as level3_1_0_, player0_.name as name4_1_0_ from player player0_ where player0_.id=? for update
19:40:32.378 [main] DEBUG org.hibernate.loader.plan.build.internal.spaces.QuerySpacesImpl - Adding QuerySpace : uid = <gen:0> -> org.hibernate.loader.plan.build.internal.spaces.EntityQuerySpaceImpl@3095d06b]
19:40:32.378 [main] DEBUG org.hibernate.persister.walking.spi.MetamodelGraphWalker - Visiting attribute path : heroclass
19:40:32.378 [main] DEBUG org.hibernate.persister.walking.spi.MetamodelGraphWalker - Visiting attribute path : items
19:40:32.378 [main] DEBUG org.hibernate.loader.plan.build.internal.spaces.QuerySpacesImpl - Adding QuerySpace : uid = <gen:1> -> org.hibernate.loader.plan.build.internal.spaces.CollectionQuerySpaceImpl@6292c63e]
19:40:32.378 [main] DEBUG org.hibernate.loader.plan.build.internal.spaces.QuerySpacesImpl - Adding QuerySpace : uid = <gen:2> -> org.hibernate.loader.plan.build.internal.spaces.EntityQuerySpaceImpl@65bb4cb9]
19:40:32.378 [main] DEBUG org.hibernate.persister.walking.spi.MetamodelGraphWalker - Visiting attribute path : level
19:40:32.378 [main] DEBUG org.hibernate.persister.walking.spi.MetamodelGraphWalker - Visiting attribute path : name
19:40:32.378 [main] DEBUG org.hibernate.loader.plan.build.internal.FetchStyleLoadPlanBuildingAssociationVisitationStrategy - Building LoadPlan...
19:40:32.378 [main] DEBUG org.hibernate.loader.plan.exec.internal.LoadQueryJoinAndFetchProcessor - processing queryspace <gen:0>
19:40:32.378 [main] DEBUG org.hibernate.loader.plan.build.spi.LoadPlanTreePrinter - LoadPlan(entity=tau.mmo.domain.Player)
    - Returns
       - EntityReturnImpl(entity=tau.mmo.domain.Player, querySpaceUid=<gen:0>, path=tau.mmo.domain.Player)
          - CollectionAttributeFetchImpl(collection=tau.mmo.domain.Player.items, querySpaceUid=<gen:1>, path=tau.mmo.domain.Player.items)
             - (collection element) CollectionFetchableElementEntityGraph(entity=tau.mmo.domain.Item, querySpaceUid=<gen:2>, path=tau.mmo.domain.Player.items.<elements>)
    - QuerySpaces
       - EntityQuerySpaceImpl(uid=<gen:0>, entity=tau.mmo.domain.Player)
          - SQL table alias mapping - player0_
          - alias suffix - 0_
          - suffixed key columns - {id1_1_0_}

19:40:32.379 [main] DEBUG org.hibernate.loader.entity.plan.EntityLoader - Static select for entity tau.mmo.domain.Player [FORCE]: select player0_.id as id1_1_0_, player0_.heroclass as heroclas2_1_0_, player0_.level as level3_1_0_, player0_.name as name4_1_0_ from player player0_ where player0_.id=? for update
19:40:32.379 [main] DEBUG org.hibernate.loader.plan.build.internal.spaces.QuerySpacesImpl - Adding QuerySpace : uid = <gen:0> -> org.hibernate.loader.plan.build.internal.spaces.EntityQuerySpaceImpl@7b33deed]
19:40:32.379 [main] DEBUG org.hibernate.persister.walking.spi.MetamodelGraphWalker - Visiting attribute path : heroclass
19:40:32.379 [main] DEBUG org.hibernate.persister.walking.spi.MetamodelGraphWalker - Visiting attribute path : items
19:40:32.379 [main] DEBUG org.hibernate.loader.plan.build.internal.spaces.QuerySpacesImpl - Adding QuerySpace : uid = <gen:1> -> org.hibernate.loader.plan.build.internal.spaces.CollectionQuerySpaceImpl@b04a6a4]
19:40:32.379 [main] DEBUG org.hibernate.loader.plan.build.internal.spaces.QuerySpacesImpl - Adding QuerySpace : uid = <gen:2> -> org.hibernate.loader.plan.build.internal.spaces.EntityQuerySpaceImpl@3465edf9]
19:40:32.379 [main] DEBUG org.hibernate.persister.walking.spi.MetamodelGraphWalker - Visiting attribute path : level
19:40:32.379 [main] DEBUG org.hibernate.persister.walking.spi.MetamodelGraphWalker - Visiting attribute path : name
19:40:32.379 [main] DEBUG org.hibernate.loader.plan.build.internal.FetchStyleLoadPlanBuildingAssociationVisitationStrategy - Building LoadPlan...
19:40:32.379 [main] DEBUG org.hibernate.loader.plan.exec.internal.LoadQueryJoinAndFetchProcessor - processing queryspace <gen:0>
19:40:32.379 [main] DEBUG org.hibernate.loader.plan.build.spi.LoadPlanTreePrinter - LoadPlan(entity=tau.mmo.domain.Player)
    - Returns
       - EntityReturnImpl(entity=tau.mmo.domain.Player, querySpaceUid=<gen:0>, path=tau.mmo.domain.Player)
          - CollectionAttributeFetchImpl(collection=tau.mmo.domain.Player.items, querySpaceUid=<gen:1>, path=tau.mmo.domain.Player.items)
             - (collection element) CollectionFetchableElementEntityGraph(entity=tau.mmo.domain.Item, querySpaceUid=<gen:2>, path=tau.mmo.domain.Player.items.<elements>)
    - QuerySpaces
       - EntityQuerySpaceImpl(uid=<gen:0>, entity=tau.mmo.domain.Player)
          - SQL table alias mapping - player0_
          - alias suffix - 0_
          - suffixed key columns - {id1_1_0_}

19:40:32.379 [main] DEBUG org.hibernate.loader.entity.plan.EntityLoader - Static select for entity tau.mmo.domain.Player [PESSIMISTIC_READ]: select player0_.id as id1_1_0_, player0_.heroclass as heroclas2_1_0_, player0_.level as level3_1_0_, player0_.name as name4_1_0_ from player player0_ where player0_.id=? for update
19:40:32.379 [main] DEBUG org.hibernate.loader.plan.build.internal.spaces.QuerySpacesImpl - Adding QuerySpace : uid = <gen:0> -> org.hibernate.loader.plan.build.internal.spaces.EntityQuerySpaceImpl@51c4992e]
19:40:32.379 [main] DEBUG org.hibernate.persister.walking.spi.MetamodelGraphWalker - Visiting attribute path : heroclass
19:40:32.379 [main] DEBUG org.hibernate.persister.walking.spi.MetamodelGraphWalker - Visiting attribute path : items
19:40:32.379 [main] DEBUG org.hibernate.loader.plan.build.internal.spaces.QuerySpacesImpl - Adding QuerySpace : uid = <gen:1> -> org.hibernate.loader.plan.build.internal.spaces.CollectionQuerySpaceImpl@198c0f1c]
19:40:32.379 [main] DEBUG org.hibernate.loader.plan.build.internal.spaces.QuerySpacesImpl - Adding QuerySpace : uid = <gen:2> -> org.hibernate.loader.plan.build.internal.spaces.EntityQuerySpaceImpl@29d33f1]
19:40:32.379 [main] DEBUG org.hibernate.persister.walking.spi.MetamodelGraphWalker - Visiting attribute path : level
19:40:32.379 [main] DEBUG org.hibernate.persister.walking.spi.MetamodelGraphWalker - Visiting attribute path : name
19:40:32.379 [main] DEBUG org.hibernate.loader.plan.build.internal.FetchStyleLoadPlanBuildingAssociationVisitationStrategy - Building LoadPlan...
19:40:32.379 [main] DEBUG org.hibernate.loader.plan.exec.internal.LoadQueryJoinAndFetchProcessor - processing queryspace <gen:0>
19:40:32.379 [main] DEBUG org.hibernate.loader.plan.build.spi.LoadPlanTreePrinter - LoadPlan(entity=tau.mmo.domain.Player)
    - Returns
       - EntityReturnImpl(entity=tau.mmo.domain.Player, querySpaceUid=<gen:0>, path=tau.mmo.domain.Player)
          - CollectionAttributeFetchImpl(collection=tau.mmo.domain.Player.items, querySpaceUid=<gen:1>, path=tau.mmo.domain.Player.items)
             - (collection element) CollectionFetchableElementEntityGraph(entity=tau.mmo.domain.Item, querySpaceUid=<gen:2>, path=tau.mmo.domain.Player.items.<elements>)
    - QuerySpaces
       - EntityQuerySpaceImpl(uid=<gen:0>, entity=tau.mmo.domain.Player)
          - SQL table alias mapping - player0_
          - alias suffix - 0_
          - suffixed key columns - {id1_1_0_}

19:40:32.379 [main] DEBUG org.hibernate.loader.entity.plan.EntityLoader - Static select for entity tau.mmo.domain.Player [PESSIMISTIC_WRITE]: select player0_.id as id1_1_0_, player0_.heroclass as heroclas2_1_0_, player0_.level as level3_1_0_, player0_.name as name4_1_0_ from player player0_ where player0_.id=? for update
19:40:32.379 [main] DEBUG org.hibernate.loader.plan.build.internal.spaces.QuerySpacesImpl - Adding QuerySpace : uid = <gen:0> -> org.hibernate.loader.plan.build.internal.spaces.EntityQuerySpaceImpl@77e5c765]
19:40:32.380 [main] DEBUG org.hibernate.persister.walking.spi.MetamodelGraphWalker - Visiting attribute path : heroclass
19:40:32.380 [main] DEBUG org.hibernate.persister.walking.spi.MetamodelGraphWalker - Visiting attribute path : items
19:40:32.380 [main] DEBUG org.hibernate.loader.plan.build.internal.spaces.QuerySpacesImpl - Adding QuerySpace : uid = <gen:1> -> org.hibernate.loader.plan.build.internal.spaces.CollectionQuerySpaceImpl@24a7725d]
19:40:32.380 [main] DEBUG org.hibernate.loader.plan.build.internal.spaces.QuerySpacesImpl - Adding QuerySpace : uid = <gen:2> -> org.hibernate.loader.plan.build.internal.spaces.EntityQuerySpaceImpl@4fcedf83]
19:40:32.380 [main] DEBUG org.hibernate.persister.walking.spi.MetamodelGraphWalker - Visiting attribute path : level
19:40:32.380 [main] DEBUG org.hibernate.persister.walking.spi.MetamodelGraphWalker - Visiting attribute path : name
19:40:32.380 [main] DEBUG org.hibernate.loader.plan.build.internal.FetchStyleLoadPlanBuildingAssociationVisitationStrategy - Building LoadPlan...
19:40:32.380 [main] DEBUG org.hibernate.loader.plan.exec.internal.LoadQueryJoinAndFetchProcessor - processing queryspace <gen:0>
19:40:32.380 [main] DEBUG org.hibernate.loader.plan.build.spi.LoadPlanTreePrinter - LoadPlan(entity=tau.mmo.domain.Player)
    - Returns
       - EntityReturnImpl(entity=tau.mmo.domain.Player, querySpaceUid=<gen:0>, path=tau.mmo.domain.Player)
          - CollectionAttributeFetchImpl(collection=tau.mmo.domain.Player.items, querySpaceUid=<gen:1>, path=tau.mmo.domain.Player.items)
             - (collection element) CollectionFetchableElementEntityGraph(entity=tau.mmo.domain.Item, querySpaceUid=<gen:2>, path=tau.mmo.domain.Player.items.<elements>)
    - QuerySpaces
       - EntityQuerySpaceImpl(uid=<gen:0>, entity=tau.mmo.domain.Player)
          - SQL table alias mapping - player0_
          - alias suffix - 0_
          - suffixed key columns - {id1_1_0_}

19:40:32.380 [main] DEBUG org.hibernate.loader.entity.plan.EntityLoader - Static select for entity tau.mmo.domain.Player [PESSIMISTIC_FORCE_INCREMENT]: select player0_.id as id1_1_0_, player0_.heroclass as heroclas2_1_0_, player0_.level as level3_1_0_, player0_.name as name4_1_0_ from player player0_ where player0_.id=? for update
19:40:32.380 [main] DEBUG org.hibernate.loader.plan.build.internal.spaces.QuerySpacesImpl - Adding QuerySpace : uid = <gen:0> -> org.hibernate.loader.plan.build.internal.spaces.EntityQuerySpaceImpl@16c9f7f0]
19:40:32.380 [main] DEBUG org.hibernate.persister.walking.spi.MetamodelGraphWalker - Visiting attribute path : heroclass
19:40:32.380 [main] DEBUG org.hibernate.persister.walking.spi.MetamodelGraphWalker - Visiting attribute path : items
19:40:32.380 [main] DEBUG org.hibernate.loader.plan.build.internal.spaces.QuerySpacesImpl - Adding QuerySpace : uid = <gen:1> -> org.hibernate.loader.plan.build.internal.spaces.CollectionQuerySpaceImpl@7d75940]
19:40:32.380 [main] DEBUG org.hibernate.loader.plan.build.internal.spaces.QuerySpacesImpl - Adding QuerySpace : uid = <gen:2> -> org.hibernate.loader.plan.build.internal.spaces.EntityQuerySpaceImpl@3e5cbcfe]
19:40:32.380 [main] DEBUG org.hibernate.persister.walking.spi.MetamodelGraphWalker - Visiting attribute path : level
19:40:32.380 [main] DEBUG org.hibernate.persister.walking.spi.MetamodelGraphWalker - Visiting attribute path : name
19:40:32.380 [main] DEBUG org.hibernate.loader.plan.build.internal.FetchStyleLoadPlanBuildingAssociationVisitationStrategy - Building LoadPlan...
19:40:32.380 [main] DEBUG org.hibernate.loader.plan.exec.internal.LoadQueryJoinAndFetchProcessor - processing queryspace <gen:0>
19:40:32.380 [main] DEBUG org.hibernate.loader.plan.build.spi.LoadPlanTreePrinter - LoadPlan(entity=tau.mmo.domain.Player)
    - Returns
       - EntityReturnImpl(entity=tau.mmo.domain.Player, querySpaceUid=<gen:0>, path=tau.mmo.domain.Player)
          - CollectionAttributeFetchImpl(collection=tau.mmo.domain.Player.items, querySpaceUid=<gen:1>, path=tau.mmo.domain.Player.items)
             - (collection element) CollectionFetchableElementEntityGraph(entity=tau.mmo.domain.Item, querySpaceUid=<gen:2>, path=tau.mmo.domain.Player.items.<elements>)
    - QuerySpaces
       - EntityQuerySpaceImpl(uid=<gen:0>, entity=tau.mmo.domain.Player)
          - SQL table alias mapping - player0_
          - alias suffix - 0_
          - suffixed key columns - {id1_1_0_}

19:40:32.380 [main] DEBUG org.hibernate.loader.entity.plan.EntityLoader - Static select for entity tau.mmo.domain.Player [OPTIMISTIC]: select player0_.id as id1_1_0_, player0_.heroclass as heroclas2_1_0_, player0_.level as level3_1_0_, player0_.name as name4_1_0_ from player player0_ where player0_.id=?
19:40:32.380 [main] DEBUG org.hibernate.loader.plan.build.internal.spaces.QuerySpacesImpl - Adding QuerySpace : uid = <gen:0> -> org.hibernate.loader.plan.build.internal.spaces.EntityQuerySpaceImpl@6773bab2]
19:40:32.380 [main] DEBUG org.hibernate.persister.walking.spi.MetamodelGraphWalker - Visiting attribute path : heroclass
19:40:32.380 [main] DEBUG org.hibernate.persister.walking.spi.MetamodelGraphWalker - Visiting attribute path : items
19:40:32.380 [main] DEBUG org.hibernate.loader.plan.build.internal.spaces.QuerySpacesImpl - Adding QuerySpace : uid = <gen:1> -> org.hibernate.loader.plan.build.internal.spaces.CollectionQuerySpaceImpl@2d758472]
19:40:32.380 [main] DEBUG org.hibernate.loader.plan.build.internal.spaces.QuerySpacesImpl - Adding QuerySpace : uid = <gen:2> -> org.hibernate.loader.plan.build.internal.spaces.EntityQuerySpaceImpl@7615666e]
19:40:32.380 [main] DEBUG org.hibernate.persister.walking.spi.MetamodelGraphWalker - Visiting attribute path : level
19:40:32.380 [main] DEBUG org.hibernate.persister.walking.spi.MetamodelGraphWalker - Visiting attribute path : name
19:40:32.380 [main] DEBUG org.hibernate.loader.plan.build.internal.FetchStyleLoadPlanBuildingAssociationVisitationStrategy - Building LoadPlan...
19:40:32.381 [main] DEBUG org.hibernate.loader.plan.exec.internal.LoadQueryJoinAndFetchProcessor - processing queryspace <gen:0>
19:40:32.381 [main] DEBUG org.hibernate.loader.plan.build.spi.LoadPlanTreePrinter - LoadPlan(entity=tau.mmo.domain.Player)
    - Returns
       - EntityReturnImpl(entity=tau.mmo.domain.Player, querySpaceUid=<gen:0>, path=tau.mmo.domain.Player)
          - CollectionAttributeFetchImpl(collection=tau.mmo.domain.Player.items, querySpaceUid=<gen:1>, path=tau.mmo.domain.Player.items)
             - (collection element) CollectionFetchableElementEntityGraph(entity=tau.mmo.domain.Item, querySpaceUid=<gen:2>, path=tau.mmo.domain.Player.items.<elements>)
    - QuerySpaces
       - EntityQuerySpaceImpl(uid=<gen:0>, entity=tau.mmo.domain.Player)
          - SQL table alias mapping - player0_
          - alias suffix - 0_
          - suffixed key columns - {id1_1_0_}

19:40:32.381 [main] DEBUG org.hibernate.loader.entity.plan.EntityLoader - Static select for entity tau.mmo.domain.Player [OPTIMISTIC_FORCE_INCREMENT]: select player0_.id as id1_1_0_, player0_.heroclass as heroclas2_1_0_, player0_.level as level3_1_0_, player0_.name as name4_1_0_ from player player0_ where player0_.id=?
19:40:32.381 [main] DEBUG org.hibernate.loader.Loader - Static select for action ACTION_MERGE on entity tau.mmo.domain.Player: select player0_.id as id1_1_0_, player0_.heroclass as heroclas2_1_0_, player0_.level as level3_1_0_, player0_.name as name4_1_0_ from player player0_ where player0_.id=?
19:40:32.381 [main] DEBUG org.hibernate.loader.Loader - Static select for action ACTION_REFRESH on entity tau.mmo.domain.Player: select player0_.id as id1_1_0_, player0_.heroclass as heroclas2_1_0_, player0_.level as level3_1_0_, player0_.name as name4_1_0_ from player player0_ where player0_.id=?
19:40:32.381 [main] DEBUG org.hibernate.loader.plan.build.internal.spaces.QuerySpacesImpl - Adding QuerySpace : uid = <gen:0> -> org.hibernate.loader.plan.build.internal.spaces.CollectionQuerySpaceImpl@c49e434]
19:40:32.381 [main] DEBUG org.hibernate.loader.plan.build.internal.spaces.QuerySpacesImpl - Adding QuerySpace : uid = <gen:1> -> org.hibernate.loader.plan.build.internal.spaces.EntityQuerySpaceImpl@32b1e906]
19:40:32.381 [main] DEBUG org.hibernate.persister.walking.spi.MetamodelGraphWalker - Visiting attribute path : itemclass
19:40:32.381 [main] DEBUG org.hibernate.persister.walking.spi.MetamodelGraphWalker - Visiting attribute path : levelreq
19:40:32.381 [main] DEBUG org.hibernate.persister.walking.spi.MetamodelGraphWalker - Visiting attribute path : name
19:40:32.381 [main] DEBUG org.hibernate.persister.walking.spi.MetamodelGraphWalker - Visiting attribute path : player
19:40:32.381 [main] DEBUG org.hibernate.persister.walking.spi.MetamodelGraphWalker - Property path deemed to be circular : player
19:40:32.381 [main] DEBUG org.hibernate.loader.plan.build.internal.FetchStyleLoadPlanBuildingAssociationVisitationStrategy - Building LoadPlan...
19:40:32.381 [main] DEBUG org.hibernate.loader.plan.exec.internal.LoadQueryJoinAndFetchProcessor - processing queryspace <gen:0>
19:40:32.381 [main] DEBUG org.hibernate.loader.plan.build.spi.LoadPlanTreePrinter - LoadPlan(collection=tau.mmo.domain.Player.items)
    - Returns
       - CollectionReturnImpl(collection=tau.mmo.domain.Player.items, querySpaceUid=<gen:0>, path=[tau.mmo.domain.Player.items])
          - (collection element) CollectionFetchableElementEntityGraph(entity=tau.mmo.domain.Item, querySpaceUid=<gen:1>, path=[tau.mmo.domain.Player.items].<elements>)
    - QuerySpaces
       - CollectionQuerySpaceImpl(uid=<gen:0>, collection=tau.mmo.domain.Player.items)
          - SQL table alias mapping - items0_
          - alias suffix - 0_
          - suffixed key columns - {player_i5_0_0_}
          - entity-element alias suffix - 1_
          - 1_entity-element suffixed key columns - id1_0_1_
          - JOIN (JoinDefinedByMetadata(elements)) : <gen:0> -> <gen:1>
             - EntityQuerySpaceImpl(uid=<gen:1>, entity=tau.mmo.domain.Item)
                - SQL table alias mapping - items0_
                - alias suffix - 1_
                - suffixed key columns - {id1_0_1_}

19:40:32.381 [main] DEBUG org.hibernate.loader.collection.plan.CollectionLoader - Static select for collection tau.mmo.domain.Player.items: select items0_.player_id as player_i5_0_0_, items0_.id as id1_0_0_, items0_.id as id1_0_1_, items0_.itemclass as itemclas2_0_1_, items0_.levelreq as levelreq3_0_1_, items0_.name as name4_0_1_, items0_.player_id as player_i5_0_1_ from item items0_ where items0_.player_id=?
19:40:32.381 [main] DEBUG org.hibernate.internal.SessionFactoryImpl - Instantiated session factory
19:40:32.382 [main] DEBUG org.springframework.jdbc.datasource.DriverManagerDataSource - Creating new JDBC DriverManager Connection to [jdbc:hsqldb:hsql://localhost/workdb]
19:40:32.382 [main] DEBUG org.hibernate.engine.jdbc.spi.SqlExceptionHelper - Unable to open JDBC Connection for DDL execution [n/a]
java.sql.SQLTransientConnectionException: java.net.ConnectException: Połączenie odrzucone (Connection refused)
	at org.hsqldb.jdbc.JDBCUtil.sqlException(Unknown Source)
	at org.hsqldb.jdbc.JDBCUtil.sqlException(Unknown Source)
	at org.hsqldb.jdbc.JDBCConnection.<init>(Unknown Source)
	at org.hsqldb.jdbc.JDBCDriver.getConnection(Unknown Source)
	at org.hsqldb.jdbc.JDBCDriver.connect(Unknown Source)
	at java.sql/java.sql.DriverManager.getConnection(DriverManager.java:677)
	at java.sql/java.sql.DriverManager.getConnection(DriverManager.java:189)
	at org.springframework.jdbc.datasource.DriverManagerDataSource.getConnectionFromDriverManager(DriverManagerDataSource.java:154)
	at org.springframework.jdbc.datasource.DriverManagerDataSource.getConnectionFromDriver(DriverManagerDataSource.java:145)
	at org.springframework.jdbc.datasource.AbstractDriverBasedDataSource.getConnectionFromDriver(AbstractDriverBasedDataSource.java:205)
	at org.springframework.jdbc.datasource.AbstractDriverBasedDataSource.getConnection(AbstractDriverBasedDataSource.java:169)
	at org.hibernate.engine.jdbc.connections.internal.DatasourceConnectionProviderImpl.getConnection(DatasourceConnectionProviderImpl.java:122)
	at org.hibernate.engine.jdbc.env.internal.JdbcEnvironmentInitiator$ConnectionProviderJdbcConnectionAccess.obtainConnection(JdbcEnvironmentInitiator.java:180)
	at org.hibernate.resource.transaction.backend.jdbc.internal.DdlTransactionIsolatorNonJtaImpl.getIsolatedConnection(DdlTransactionIsolatorNonJtaImpl.java:43)
	at org.hibernate.tool.schema.internal.exec.ImprovedExtractionContextImpl.getJdbcConnection(ImprovedExtractionContextImpl.java:60)
	at org.hibernate.tool.schema.extract.internal.SequenceInformationExtractorLegacyImpl.extractMetadata(SequenceInformationExtractorLegacyImpl.java:40)
	at org.hibernate.tool.schema.extract.internal.DatabaseInformationImpl.initializeSequences(DatabaseInformationImpl.java:65)
	at org.hibernate.tool.schema.extract.internal.DatabaseInformationImpl.<init>(DatabaseInformationImpl.java:59)
	at org.hibernate.tool.schema.internal.Helper.buildDatabaseInformation(Helper.java:130)
	at org.hibernate.tool.schema.internal.AbstractSchemaMigrator.doMigration(AbstractSchemaMigrator.java:92)
	at org.hibernate.tool.schema.spi.SchemaManagementToolCoordinator.performDatabaseAction(SchemaManagementToolCoordinator.java:176)
	at org.hibernate.tool.schema.spi.SchemaManagementToolCoordinator.process(SchemaManagementToolCoordinator.java:65)
	at org.hibernate.internal.SessionFactoryImpl.<init>(SessionFactoryImpl.java:459)
	at org.hibernate.boot.internal.SessionFactoryBuilderImpl.build(SessionFactoryBuilderImpl.java:465)
	at org.hibernate.cfg.Configuration.buildSessionFactory(Configuration.java:711)
	at org.hibernate.cfg.Configuration.buildSessionFactory(Configuration.java:727)
	at org.springframework.orm.hibernate5.LocalSessionFactoryBean.buildSessionFactory(LocalSessionFactoryBean.java:615)
	at org.springframework.orm.hibernate5.LocalSessionFactoryBean.afterPropertiesSet(LocalSessionFactoryBean.java:599)
	at org.springframework.beans.factory.support.AbstractAutowireCapableBeanFactory.invokeInitMethods(AbstractAutowireCapableBeanFactory.java:1837)
	at org.springframework.beans.factory.support.AbstractAutowireCapableBeanFactory.initializeBean(AbstractAutowireCapableBeanFactory.java:1774)
	at org.springframework.beans.factory.support.AbstractAutowireCapableBeanFactory.doCreateBean(AbstractAutowireCapableBeanFactory.java:593)
	at org.springframework.beans.factory.support.AbstractAutowireCapableBeanFactory.createBean(AbstractAutowireCapableBeanFactory.java:515)
	at org.springframework.beans.factory.support.AbstractBeanFactory.lambda$doGetBean$0(AbstractBeanFactory.java:320)
	at org.springframework.beans.factory.support.DefaultSingletonBeanRegistry.getSingleton(DefaultSingletonBeanRegistry.java:222)
	at org.springframework.beans.factory.support.AbstractBeanFactory.doGetBean(AbstractBeanFactory.java:318)
	at org.springframework.beans.factory.support.AbstractBeanFactory.getBean(AbstractBeanFactory.java:199)
	at org.springframework.beans.factory.config.DependencyDescriptor.resolveCandidate(DependencyDescriptor.java:277)
	at org.springframework.beans.factory.support.DefaultListableBeanFactory.doResolveDependency(DefaultListableBeanFactory.java:1247)
	at org.springframework.beans.factory.support.DefaultListableBeanFactory.resolveDependency(DefaultListableBeanFactory.java:1167)
	at org.springframework.beans.factory.annotation.AutowiredAnnotationBeanPostProcessor$AutowiredFieldElement.inject(AutowiredAnnotationBeanPostProcessor.java:593)
	at org.springframework.beans.factory.annotation.InjectionMetadata.inject(InjectionMetadata.java:90)
	at org.springframework.beans.factory.annotation.AutowiredAnnotationBeanPostProcessor.postProcessProperties(AutowiredAnnotationBeanPostProcessor.java:374)
	at org.springframework.beans.factory.support.AbstractAutowireCapableBeanFactory.populateBean(AbstractAutowireCapableBeanFactory.java:1411)
	at org.springframework.beans.factory.support.AbstractAutowireCapableBeanFactory.doCreateBean(AbstractAutowireCapableBeanFactory.java:592)
	at org.springframework.beans.factory.support.AbstractAutowireCapableBeanFactory.createBean(AbstractAutowireCapableBeanFactory.java:515)
	at org.springframework.beans.factory.support.AbstractBeanFactory.lambda$doGetBean$0(AbstractBeanFactory.java:320)
	at org.springframework.beans.factory.support.DefaultSingletonBeanRegistry.getSingleton(DefaultSingletonBeanRegistry.java:222)
	at org.springframework.beans.factory.support.AbstractBeanFactory.doGetBean(AbstractBeanFactory.java:318)
	at org.springframework.beans.factory.support.AbstractBeanFactory.getBean(AbstractBeanFactory.java:199)
	at org.springframework.beans.factory.config.DependencyDescriptor.resolveCandidate(DependencyDescriptor.java:277)
	at org.springframework.beans.factory.support.DefaultListableBeanFactory.doResolveDependency(DefaultListableBeanFactory.java:1247)
	at org.springframework.beans.factory.support.DefaultListableBeanFactory.resolveDependency(DefaultListableBeanFactory.java:1167)
	at org.springframework.beans.factory.annotation.AutowiredAnnotationBeanPostProcessor$AutowiredFieldElement.inject(AutowiredAnnotationBeanPostProcessor.java:593)
	at org.springframework.beans.factory.annotation.InjectionMetadata.inject(InjectionMetadata.java:90)
	at org.springframework.beans.factory.annotation.AutowiredAnnotationBeanPostProcessor.postProcessProperties(AutowiredAnnotationBeanPostProcessor.java:374)
	at org.springframework.beans.factory.support.AbstractAutowireCapableBeanFactory.populateBean(AbstractAutowireCapableBeanFactory.java:1411)
	at org.springframework.beans.factory.support.AbstractAutowireCapableBeanFactory.doCreateBean(AbstractAutowireCapableBeanFactory.java:592)
	at org.springframework.beans.factory.support.AbstractAutowireCapableBeanFactory.createBean(AbstractAutowireCapableBeanFactory.java:515)
	at org.springframework.beans.factory.support.AbstractBeanFactory.lambda$doGetBean$0(AbstractBeanFactory.java:320)
	at org.springframework.beans.factory.support.DefaultSingletonBeanRegistry.getSingleton(DefaultSingletonBeanRegistry.java:222)
	at org.springframework.beans.factory.support.AbstractBeanFactory.doGetBean(AbstractBeanFactory.java:318)
	at org.springframework.beans.factory.support.AbstractBeanFactory.getBean(AbstractBeanFactory.java:199)
	at org.springframework.beans.factory.support.DefaultListableBeanFactory.preInstantiateSingletons(DefaultListableBeanFactory.java:849)
	at org.springframework.context.support.AbstractApplicationContext.finishBeanFactoryInitialization(AbstractApplicationContext.java:877)
	at org.springframework.context.support.AbstractApplicationContext.refresh(AbstractApplicationContext.java:549)
	at org.springframework.test.context.support.AbstractGenericContextLoader.loadContext(AbstractGenericContextLoader.java:128)
	at org.springframework.test.context.support.AbstractGenericContextLoader.loadContext(AbstractGenericContextLoader.java:60)
	at org.springframework.test.context.support.AbstractDelegatingSmartContextLoader.delegateLoading(AbstractDelegatingSmartContextLoader.java:275)
	at org.springframework.test.context.support.AbstractDelegatingSmartContextLoader.loadContext(AbstractDelegatingSmartContextLoader.java:243)
	at org.springframework.test.context.cache.DefaultCacheAwareContextLoaderDelegate.loadContextInternal(DefaultCacheAwareContextLoaderDelegate.java:99)
	at org.springframework.test.context.cache.DefaultCacheAwareContextLoaderDelegate.loadContext(DefaultCacheAwareContextLoaderDelegate.java:117)
	at org.springframework.test.context.support.DefaultTestContext.getApplicationContext(DefaultTestContext.java:108)
	at org.springframework.test.context.support.DependencyInjectionTestExecutionListener.injectDependencies(DependencyInjectionTestExecutionListener.java:118)
	at org.springframework.test.context.support.DependencyInjectionTestExecutionListener.prepareTestInstance(DependencyInjectionTestExecutionListener.java:83)
	at org.springframework.test.context.TestContextManager.prepareTestInstance(TestContextManager.java:246)
	at org.springframework.test.context.junit4.SpringJUnit4ClassRunner.createTest(SpringJUnit4ClassRunner.java:227)
	at org.springframework.test.context.junit4.SpringJUnit4ClassRunner$1.runReflectiveCall(SpringJUnit4ClassRunner.java:289)
	at org.junit.internal.runners.model.ReflectiveCallable.run(ReflectiveCallable.java:12)
	at org.springframework.test.context.junit4.SpringJUnit4ClassRunner.methodBlock(SpringJUnit4ClassRunner.java:291)
	at org.springframework.test.context.junit4.SpringJUnit4ClassRunner.runChild(SpringJUnit4ClassRunner.java:246)
	at org.springframework.test.context.junit4.SpringJUnit4ClassRunner.runChild(SpringJUnit4ClassRunner.java:97)
	at org.junit.runners.ParentRunner$3.run(ParentRunner.java:290)
	at org.junit.runners.ParentRunner$1.schedule(ParentRunner.java:71)
	at org.junit.runners.ParentRunner.runChildren(ParentRunner.java:288)
	at org.junit.runners.ParentRunner.access$000(ParentRunner.java:58)
	at org.junit.runners.ParentRunner$2.evaluate(ParentRunner.java:268)
	at org.springframework.test.context.junit4.statements.RunBeforeTestClassCallbacks.evaluate(RunBeforeTestClassCallbacks.java:61)
	at org.springframework.test.context.junit4.statements.RunAfterTestClassCallbacks.evaluate(RunAfterTestClassCallbacks.java:70)
	at org.junit.runners.ParentRunner.run(ParentRunner.java:363)
	at org.springframework.test.context.junit4.SpringJUnit4ClassRunner.run(SpringJUnit4ClassRunner.java:190)
	at org.apache.maven.surefire.junit4.JUnit4Provider.execute(JUnit4Provider.java:365)
	at org.apache.maven.surefire.junit4.JUnit4Provider.executeWithRerun(JUnit4Provider.java:273)
	at org.apache.maven.surefire.junit4.JUnit4Provider.executeTestSet(JUnit4Provider.java:238)
	at org.apache.maven.surefire.junit4.JUnit4Provider.invoke(JUnit4Provider.java:159)
	at org.apache.maven.surefire.booter.ForkedBooter.invokeProviderInSameClassLoader(ForkedBooter.java:384)
	at org.apache.maven.surefire.booter.ForkedBooter.runSuitesInProcess(ForkedBooter.java:345)
	at org.apache.maven.surefire.booter.ForkedBooter.execute(ForkedBooter.java:126)
	at org.apache.maven.surefire.booter.ForkedBooter.main(ForkedBooter.java:418)
Caused by: org.hsqldb.HsqlException: java.net.ConnectException: Połączenie odrzucone (Connection refused)
	at org.hsqldb.ClientConnection.openConnection(Unknown Source)
	at org.hsqldb.ClientConnection.initConnection(Unknown Source)
	at org.hsqldb.ClientConnection.<init>(Unknown Source)
	... 96 common frames omitted
Caused by: java.net.ConnectException: Połączenie odrzucone (Connection refused)
	at java.base/java.net.PlainSocketImpl.socketConnect(Native Method)
	at java.base/java.net.AbstractPlainSocketImpl.doConnect(AbstractPlainSocketImpl.java:399)
	at java.base/java.net.AbstractPlainSocketImpl.connectToAddress(AbstractPlainSocketImpl.java:242)
	at java.base/java.net.AbstractPlainSocketImpl.connect(AbstractPlainSocketImpl.java:224)
	at java.base/java.net.SocksSocketImpl.connect(SocksSocketImpl.java:403)
	at java.base/java.net.Socket.connect(Socket.java:591)
	at java.base/java.net.Socket.connect(Socket.java:540)
	at java.base/java.net.Socket.<init>(Socket.java:436)
	at java.base/java.net.Socket.<init>(Socket.java:213)
	at org.hsqldb.server.HsqlSocketFactory.createSocket(Unknown Source)
	... 99 common frames omitted
19:40:32.383 [main] WARN org.hibernate.engine.jdbc.spi.SqlExceptionHelper - SQL Error: -1301, SQLState: 08001
19:40:32.383 [main] ERROR org.hibernate.engine.jdbc.spi.SqlExceptionHelper - java.net.ConnectException: Połączenie odrzucone (Connection refused)
19:40:32.383 [main] WARN org.springframework.context.support.GenericApplicationContext - Exception encountered during context initialization - cancelling refresh attempt: org.springframework.beans.factory.UnsatisfiedDependencyException: Error creating bean with name 'playerController': Unsatisfied dependency expressed through field 'playerManager'; nested exception is org.springframework.beans.factory.UnsatisfiedDependencyException: Error creating bean with name 'playerManagerHibernateImpl': Unsatisfied dependency expressed through field 'sessionFactory'; nested exception is org.springframework.beans.factory.BeanCreationException: Error creating bean with name 'hibernateSessionFactory' defined in class path resource [beans.xml]: Invocation of init method failed; nested exception is org.hibernate.exception.JDBCConnectionException: Unable to open JDBC Connection for DDL execution
19:40:32.383 [main] ERROR org.springframework.test.context.TestContextManager - Caught exception while allowing TestExecutionListener [org.springframework.test.context.support.DependencyInjectionTestExecutionListener@6a400542] to prepare test instance [tau.mmo.service.PlayerManagerTest@12a9e864]
java.lang.IllegalStateException: Failed to load ApplicationContext
	at org.springframework.test.context.cache.DefaultCacheAwareContextLoaderDelegate.loadContext(DefaultCacheAwareContextLoaderDelegate.java:125)
	at org.springframework.test.context.support.DefaultTestContext.getApplicationContext(DefaultTestContext.java:108)
	at org.springframework.test.context.support.DependencyInjectionTestExecutionListener.injectDependencies(DependencyInjectionTestExecutionListener.java:118)
	at org.springframework.test.context.support.DependencyInjectionTestExecutionListener.prepareTestInstance(DependencyInjectionTestExecutionListener.java:83)
	at org.springframework.test.context.TestContextManager.prepareTestInstance(TestContextManager.java:246)
	at org.springframework.test.context.junit4.SpringJUnit4ClassRunner.createTest(SpringJUnit4ClassRunner.java:227)
	at org.springframework.test.context.junit4.SpringJUnit4ClassRunner$1.runReflectiveCall(SpringJUnit4ClassRunner.java:289)
	at org.junit.internal.runners.model.ReflectiveCallable.run(ReflectiveCallable.java:12)
	at org.springframework.test.context.junit4.SpringJUnit4ClassRunner.methodBlock(SpringJUnit4ClassRunner.java:291)
	at org.springframework.test.context.junit4.SpringJUnit4ClassRunner.runChild(SpringJUnit4ClassRunner.java:246)
	at org.springframework.test.context.junit4.SpringJUnit4ClassRunner.runChild(SpringJUnit4ClassRunner.java:97)
	at org.junit.runners.ParentRunner$3.run(ParentRunner.java:290)
	at org.junit.runners.ParentRunner$1.schedule(ParentRunner.java:71)
	at org.junit.runners.ParentRunner.runChildren(ParentRunner.java:288)
	at org.junit.runners.ParentRunner.access$000(ParentRunner.java:58)
	at org.junit.runners.ParentRunner$2.evaluate(ParentRunner.java:268)
	at org.springframework.test.context.junit4.statements.RunBeforeTestClassCallbacks.evaluate(RunBeforeTestClassCallbacks.java:61)
	at org.springframework.test.context.junit4.statements.RunAfterTestClassCallbacks.evaluate(RunAfterTestClassCallbacks.java:70)
	at org.junit.runners.ParentRunner.run(ParentRunner.java:363)
	at org.springframework.test.context.junit4.SpringJUnit4ClassRunner.run(SpringJUnit4ClassRunner.java:190)
	at org.apache.maven.surefire.junit4.JUnit4Provider.execute(JUnit4Provider.java:365)
	at org.apache.maven.surefire.junit4.JUnit4Provider.executeWithRerun(JUnit4Provider.java:273)
	at org.apache.maven.surefire.junit4.JUnit4Provider.executeTestSet(JUnit4Provider.java:238)
	at org.apache.maven.surefire.junit4.JUnit4Provider.invoke(JUnit4Provider.java:159)
	at org.apache.maven.surefire.booter.ForkedBooter.invokeProviderInSameClassLoader(ForkedBooter.java:384)
	at org.apache.maven.surefire.booter.ForkedBooter.runSuitesInProcess(ForkedBooter.java:345)
	at org.apache.maven.surefire.booter.ForkedBooter.execute(ForkedBooter.java:126)
	at org.apache.maven.surefire.booter.ForkedBooter.main(ForkedBooter.java:418)
Caused by: org.springframework.beans.factory.UnsatisfiedDependencyException: Error creating bean with name 'playerController': Unsatisfied dependency expressed through field 'playerManager'; nested exception is org.springframework.beans.factory.UnsatisfiedDependencyException: Error creating bean with name 'playerManagerHibernateImpl': Unsatisfied dependency expressed through field 'sessionFactory'; nested exception is org.springframework.beans.factory.BeanCreationException: Error creating bean with name 'hibernateSessionFactory' defined in class path resource [beans.xml]: Invocation of init method failed; nested exception is org.hibernate.exception.JDBCConnectionException: Unable to open JDBC Connection for DDL execution
	at org.springframework.beans.factory.annotation.AutowiredAnnotationBeanPostProcessor$AutowiredFieldElement.inject(AutowiredAnnotationBeanPostProcessor.java:596)
	at org.springframework.beans.factory.annotation.InjectionMetadata.inject(InjectionMetadata.java:90)
	at org.springframework.beans.factory.annotation.AutowiredAnnotationBeanPostProcessor.postProcessProperties(AutowiredAnnotationBeanPostProcessor.java:374)
	at org.springframework.beans.factory.support.AbstractAutowireCapableBeanFactory.populateBean(AbstractAutowireCapableBeanFactory.java:1411)
	at org.springframework.beans.factory.support.AbstractAutowireCapableBeanFactory.doCreateBean(AbstractAutowireCapableBeanFactory.java:592)
	at org.springframework.beans.factory.support.AbstractAutowireCapableBeanFactory.createBean(AbstractAutowireCapableBeanFactory.java:515)
	at org.springframework.beans.factory.support.AbstractBeanFactory.lambda$doGetBean$0(AbstractBeanFactory.java:320)
	at org.springframework.beans.factory.support.DefaultSingletonBeanRegistry.getSingleton(DefaultSingletonBeanRegistry.java:222)
	at org.springframework.beans.factory.support.AbstractBeanFactory.doGetBean(AbstractBeanFactory.java:318)
	at org.springframework.beans.factory.support.AbstractBeanFactory.getBean(AbstractBeanFactory.java:199)
	at org.springframework.beans.factory.support.DefaultListableBeanFactory.preInstantiateSingletons(DefaultListableBeanFactory.java:849)
	at org.springframework.context.support.AbstractApplicationContext.finishBeanFactoryInitialization(AbstractApplicationContext.java:877)
	at org.springframework.context.support.AbstractApplicationContext.refresh(AbstractApplicationContext.java:549)
	at org.springframework.test.context.support.AbstractGenericContextLoader.loadContext(AbstractGenericContextLoader.java:128)
	at org.springframework.test.context.support.AbstractGenericContextLoader.loadContext(AbstractGenericContextLoader.java:60)
	at org.springframework.test.context.support.AbstractDelegatingSmartContextLoader.delegateLoading(AbstractDelegatingSmartContextLoader.java:275)
	at org.springframework.test.context.support.AbstractDelegatingSmartContextLoader.loadContext(AbstractDelegatingSmartContextLoader.java:243)
	at org.springframework.test.context.cache.DefaultCacheAwareContextLoaderDelegate.loadContextInternal(DefaultCacheAwareContextLoaderDelegate.java:99)
	at org.springframework.test.context.cache.DefaultCacheAwareContextLoaderDelegate.loadContext(DefaultCacheAwareContextLoaderDelegate.java:117)
	... 27 common frames omitted
Caused by: org.springframework.beans.factory.UnsatisfiedDependencyException: Error creating bean with name 'playerManagerHibernateImpl': Unsatisfied dependency expressed through field 'sessionFactory'; nested exception is org.springframework.beans.factory.BeanCreationException: Error creating bean with name 'hibernateSessionFactory' defined in class path resource [beans.xml]: Invocation of init method failed; nested exception is org.hibernate.exception.JDBCConnectionException: Unable to open JDBC Connection for DDL execution
	at org.springframework.beans.factory.annotation.AutowiredAnnotationBeanPostProcessor$AutowiredFieldElement.inject(AutowiredAnnotationBeanPostProcessor.java:596)
	at org.springframework.beans.factory.annotation.InjectionMetadata.inject(InjectionMetadata.java:90)
	at org.springframework.beans.factory.annotation.AutowiredAnnotationBeanPostProcessor.postProcessProperties(AutowiredAnnotationBeanPostProcessor.java:374)
	at org.springframework.beans.factory.support.AbstractAutowireCapableBeanFactory.populateBean(AbstractAutowireCapableBeanFactory.java:1411)
	at org.springframework.beans.factory.support.AbstractAutowireCapableBeanFactory.doCreateBean(AbstractAutowireCapableBeanFactory.java:592)
	at org.springframework.beans.factory.support.AbstractAutowireCapableBeanFactory.createBean(AbstractAutowireCapableBeanFactory.java:515)
	at org.springframework.beans.factory.support.AbstractBeanFactory.lambda$doGetBean$0(AbstractBeanFactory.java:320)
	at org.springframework.beans.factory.support.DefaultSingletonBeanRegistry.getSingleton(DefaultSingletonBeanRegistry.java:222)
	at org.springframework.beans.factory.support.AbstractBeanFactory.doGetBean(AbstractBeanFactory.java:318)
	at org.springframework.beans.factory.support.AbstractBeanFactory.getBean(AbstractBeanFactory.java:199)
	at org.springframework.beans.factory.config.DependencyDescriptor.resolveCandidate(DependencyDescriptor.java:277)
	at org.springframework.beans.factory.support.DefaultListableBeanFactory.doResolveDependency(DefaultListableBeanFactory.java:1247)
	at org.springframework.beans.factory.support.DefaultListableBeanFactory.resolveDependency(DefaultListableBeanFactory.java:1167)
	at org.springframework.beans.factory.annotation.AutowiredAnnotationBeanPostProcessor$AutowiredFieldElement.inject(AutowiredAnnotationBeanPostProcessor.java:593)
	... 45 common frames omitted
Caused by: org.springframework.beans.factory.BeanCreationException: Error creating bean with name 'hibernateSessionFactory' defined in class path resource [beans.xml]: Invocation of init method failed; nested exception is org.hibernate.exception.JDBCConnectionException: Unable to open JDBC Connection for DDL execution
	at org.springframework.beans.factory.support.AbstractAutowireCapableBeanFactory.initializeBean(AbstractAutowireCapableBeanFactory.java:1778)
	at org.springframework.beans.factory.support.AbstractAutowireCapableBeanFactory.doCreateBean(AbstractAutowireCapableBeanFactory.java:593)
	at org.springframework.beans.factory.support.AbstractAutowireCapableBeanFactory.createBean(AbstractAutowireCapableBeanFactory.java:515)
	at org.springframework.beans.factory.support.AbstractBeanFactory.lambda$doGetBean$0(AbstractBeanFactory.java:320)
	at org.springframework.beans.factory.support.DefaultSingletonBeanRegistry.getSingleton(DefaultSingletonBeanRegistry.java:222)
	at org.springframework.beans.factory.support.AbstractBeanFactory.doGetBean(AbstractBeanFactory.java:318)
	at org.springframework.beans.factory.support.AbstractBeanFactory.getBean(AbstractBeanFactory.java:199)
	at org.springframework.beans.factory.config.DependencyDescriptor.resolveCandidate(DependencyDescriptor.java:277)
	at org.springframework.beans.factory.support.DefaultListableBeanFactory.doResolveDependency(DefaultListableBeanFactory.java:1247)
	at org.springframework.beans.factory.support.DefaultListableBeanFactory.resolveDependency(DefaultListableBeanFactory.java:1167)
	at org.springframework.beans.factory.annotation.AutowiredAnnotationBeanPostProcessor$AutowiredFieldElement.inject(AutowiredAnnotationBeanPostProcessor.java:593)
	... 58 common frames omitted
Caused by: org.hibernate.exception.JDBCConnectionException: Unable to open JDBC Connection for DDL execution
	at org.hibernate.exception.internal.SQLExceptionTypeDelegate.convert(SQLExceptionTypeDelegate.java:48)
	at org.hibernate.exception.internal.StandardSQLExceptionConverter.convert(StandardSQLExceptionConverter.java:42)
	at org.hibernate.engine.jdbc.spi.SqlExceptionHelper.convert(SqlExceptionHelper.java:111)
	at org.hibernate.engine.jdbc.spi.SqlExceptionHelper.convert(SqlExceptionHelper.java:97)
	at org.hibernate.resource.transaction.backend.jdbc.internal.DdlTransactionIsolatorNonJtaImpl.getIsolatedConnection(DdlTransactionIsolatorNonJtaImpl.java:69)
	at org.hibernate.tool.schema.internal.exec.ImprovedExtractionContextImpl.getJdbcConnection(ImprovedExtractionContextImpl.java:60)
	at org.hibernate.tool.schema.extract.internal.SequenceInformationExtractorLegacyImpl.extractMetadata(SequenceInformationExtractorLegacyImpl.java:40)
	at org.hibernate.tool.schema.extract.internal.DatabaseInformationImpl.initializeSequences(DatabaseInformationImpl.java:65)
	at org.hibernate.tool.schema.extract.internal.DatabaseInformationImpl.<init>(DatabaseInformationImpl.java:59)
	at org.hibernate.tool.schema.internal.Helper.buildDatabaseInformation(Helper.java:130)
	at org.hibernate.tool.schema.internal.AbstractSchemaMigrator.doMigration(AbstractSchemaMigrator.java:92)
	at org.hibernate.tool.schema.spi.SchemaManagementToolCoordinator.performDatabaseAction(SchemaManagementToolCoordinator.java:176)
	at org.hibernate.tool.schema.spi.SchemaManagementToolCoordinator.process(SchemaManagementToolCoordinator.java:65)
	at org.hibernate.internal.SessionFactoryImpl.<init>(SessionFactoryImpl.java:459)
	at org.hibernate.boot.internal.SessionFactoryBuilderImpl.build(SessionFactoryBuilderImpl.java:465)
	at org.hibernate.cfg.Configuration.buildSessionFactory(Configuration.java:711)
	at org.hibernate.cfg.Configuration.buildSessionFactory(Configuration.java:727)
	at org.springframework.orm.hibernate5.LocalSessionFactoryBean.buildSessionFactory(LocalSessionFactoryBean.java:615)
	at org.springframework.orm.hibernate5.LocalSessionFactoryBean.afterPropertiesSet(LocalSessionFactoryBean.java:599)
	at org.springframework.beans.factory.support.AbstractAutowireCapableBeanFactory.invokeInitMethods(AbstractAutowireCapableBeanFactory.java:1837)
	at org.springframework.beans.factory.support.AbstractAutowireCapableBeanFactory.initializeBean(AbstractAutowireCapableBeanFactory.java:1774)
	... 68 common frames omitted
Caused by: java.sql.SQLTransientConnectionException: java.net.ConnectException: Połączenie odrzucone (Connection refused)
	at org.hsqldb.jdbc.JDBCUtil.sqlException(Unknown Source)
	at org.hsqldb.jdbc.JDBCUtil.sqlException(Unknown Source)
	at org.hsqldb.jdbc.JDBCConnection.<init>(Unknown Source)
	at org.hsqldb.jdbc.JDBCDriver.getConnection(Unknown Source)
	at org.hsqldb.jdbc.JDBCDriver.connect(Unknown Source)
	at java.sql/java.sql.DriverManager.getConnection(DriverManager.java:677)
	at java.sql/java.sql.DriverManager.getConnection(DriverManager.java:189)
	at org.springframework.jdbc.datasource.DriverManagerDataSource.getConnectionFromDriverManager(DriverManagerDataSource.java:154)
	at org.springframework.jdbc.datasource.DriverManagerDataSource.getConnectionFromDriver(DriverManagerDataSource.java:145)
	at org.springframework.jdbc.datasource.AbstractDriverBasedDataSource.getConnectionFromDriver(AbstractDriverBasedDataSource.java:205)
	at org.springframework.jdbc.datasource.AbstractDriverBasedDataSource.getConnection(AbstractDriverBasedDataSource.java:169)
	at org.hibernate.engine.jdbc.connections.internal.DatasourceConnectionProviderImpl.getConnection(DatasourceConnectionProviderImpl.java:122)
	at org.hibernate.engine.jdbc.env.internal.JdbcEnvironmentInitiator$ConnectionProviderJdbcConnectionAccess.obtainConnection(JdbcEnvironmentInitiator.java:180)
	at org.hibernate.resource.transaction.backend.jdbc.internal.DdlTransactionIsolatorNonJtaImpl.getIsolatedConnection(DdlTransactionIsolatorNonJtaImpl.java:43)
	... 84 common frames omitted
Caused by: org.hsqldb.HsqlException: java.net.ConnectException: Połączenie odrzucone (Connection refused)
	at org.hsqldb.ClientConnection.openConnection(Unknown Source)
	at org.hsqldb.ClientConnection.initConnection(Unknown Source)
	at org.hsqldb.ClientConnection.<init>(Unknown Source)
	... 96 common frames omitted
Caused by: java.net.ConnectException: Połączenie odrzucone (Connection refused)
	at java.base/java.net.PlainSocketImpl.socketConnect(Native Method)
	at java.base/java.net.AbstractPlainSocketImpl.doConnect(AbstractPlainSocketImpl.java:399)
	at java.base/java.net.AbstractPlainSocketImpl.connectToAddress(AbstractPlainSocketImpl.java:242)
	at java.base/java.net.AbstractPlainSocketImpl.connect(AbstractPlainSocketImpl.java:224)
	at java.base/java.net.SocksSocketImpl.connect(SocksSocketImpl.java:403)
	at java.base/java.net.Socket.connect(Socket.java:591)
	at java.base/java.net.Socket.connect(Socket.java:540)
	at java.base/java.net.Socket.<init>(Socket.java:436)
	at java.base/java.net.Socket.<init>(Socket.java:213)
	at org.hsqldb.server.HsqlSocketFactory.createSocket(Unknown Source)
	... 99 common frames omitted
]]></system-out>
  </testcase>
  <testcase name="addPlayerTest" classname="tau.mmo.service.PlayerManagerTest" time="0">
    <error message="Failed to load ApplicationContext" type="java.lang.IllegalStateException">java.lang.IllegalStateException: Failed to load ApplicationContext
Caused by: org.springframework.beans.factory.UnsatisfiedDependencyException: Error creating bean with name 'playerController': Unsatisfied dependency expressed through field 'playerManager'; nested exception is org.springframework.beans.factory.UnsatisfiedDependencyException: Error creating bean with name 'playerManagerHibernateImpl': Unsatisfied dependency expressed through field 'sessionFactory'; nested exception is org.springframework.beans.factory.BeanCreationException: Error creating bean with name 'hibernateSessionFactory' defined in class path resource [beans.xml]: Invocation of init method failed; nested exception is org.hibernate.exception.JDBCConnectionException: Unable to open JDBC Connection for DDL execution
Caused by: org.springframework.beans.factory.UnsatisfiedDependencyException: Error creating bean with name 'playerManagerHibernateImpl': Unsatisfied dependency expressed through field 'sessionFactory'; nested exception is org.springframework.beans.factory.BeanCreationException: Error creating bean with name 'hibernateSessionFactory' defined in class path resource [beans.xml]: Invocation of init method failed; nested exception is org.hibernate.exception.JDBCConnectionException: Unable to open JDBC Connection for DDL execution
Caused by: org.springframework.beans.factory.BeanCreationException: Error creating bean with name 'hibernateSessionFactory' defined in class path resource [beans.xml]: Invocation of init method failed; nested exception is org.hibernate.exception.JDBCConnectionException: Unable to open JDBC Connection for DDL execution
Caused by: org.hibernate.exception.JDBCConnectionException: Unable to open JDBC Connection for DDL execution
Caused by: java.sql.SQLTransientConnectionException: java.net.ConnectException: Połączenie odrzucone (Connection refused)
Caused by: org.hsqldb.HsqlException: java.net.ConnectException: Połączenie odrzucone (Connection refused)
Caused by: java.net.ConnectException: Połączenie odrzucone (Connection refused)
</error>
    <system-out><![CDATA[19:40:32.385 [main] DEBUG org.springframework.test.annotation.ProfileValueUtils - Retrieved @ProfileValueSourceConfiguration [null] for test class [tau.mmo.service.PlayerManagerTest]
19:40:32.385 [main] DEBUG org.springframework.test.annotation.ProfileValueUtils - Retrieved ProfileValueSource type [class org.springframework.test.annotation.SystemProfileValueSource] for class [tau.mmo.service.PlayerManagerTest]
19:40:32.385 [main] DEBUG org.springframework.test.context.support.DependencyInjectionTestExecutionListener - Performing dependency injection for test context [[DefaultTestContext@7ed7259e testClass = PlayerManagerTest, testInstance = tau.mmo.service.PlayerManagerTest@2db6ba81, testMethod = [null], testException = [null], mergedContextConfiguration = [MergedContextConfiguration@28eaa59a testClass = PlayerManagerTest, locations = '{classpath:/beans.xml}', classes = '{}', contextInitializerClasses = '[]', activeProfiles = '{}', propertySourceLocations = '{}', propertySourceProperties = '{}', contextCustomizers = set[org.springframework.boot.test.context.filter.ExcludeFilterContextCustomizer@6b4a4e18, org.springframework.boot.test.json.DuplicateJsonObjectContextCustomizerFactory$DuplicateJsonObjectContextCustomizer@402e37bc, org.springframework.boot.test.mock.mockito.MockitoContextCustomizer@0, org.springframework.boot.test.autoconfigure.properties.PropertyMappingContextCustomizer@0, org.springframework.boot.test.autoconfigure.web.servlet.WebDriverContextCustomizerFactory$Customizer@6973bf95], contextLoader = 'org.springframework.test.context.support.DelegatingSmartContextLoader', parent = [null]], attributes = map[[empty]]]].
19:40:32.385 [main] DEBUG org.springframework.test.context.support.AbstractDelegatingSmartContextLoader - Delegating to GenericXmlContextLoader to load context from [MergedContextConfiguration@28eaa59a testClass = PlayerManagerTest, locations = '{classpath:/beans.xml}', classes = '{}', contextInitializerClasses = '[]', activeProfiles = '{}', propertySourceLocations = '{}', propertySourceProperties = '{}', contextCustomizers = set[org.springframework.boot.test.context.filter.ExcludeFilterContextCustomizer@6b4a4e18, org.springframework.boot.test.json.DuplicateJsonObjectContextCustomizerFactory$DuplicateJsonObjectContextCustomizer@402e37bc, org.springframework.boot.test.mock.mockito.MockitoContextCustomizer@0, org.springframework.boot.test.autoconfigure.properties.PropertyMappingContextCustomizer@0, org.springframework.boot.test.autoconfigure.web.servlet.WebDriverContextCustomizerFactory$Customizer@6973bf95], contextLoader = 'org.springframework.test.context.support.DelegatingSmartContextLoader', parent = [null]].
19:40:32.385 [main] DEBUG org.springframework.test.context.support.AbstractGenericContextLoader - Loading ApplicationContext for merged context configuration [[MergedContextConfiguration@28eaa59a testClass = PlayerManagerTest, locations = '{classpath:/beans.xml}', classes = '{}', contextInitializerClasses = '[]', activeProfiles = '{}', propertySourceLocations = '{}', propertySourceProperties = '{}', contextCustomizers = set[org.springframework.boot.test.context.filter.ExcludeFilterContextCustomizer@6b4a4e18, org.springframework.boot.test.json.DuplicateJsonObjectContextCustomizerFactory$DuplicateJsonObjectContextCustomizer@402e37bc, org.springframework.boot.test.mock.mockito.MockitoContextCustomizer@0, org.springframework.boot.test.autoconfigure.properties.PropertyMappingContextCustomizer@0, org.springframework.boot.test.autoconfigure.web.servlet.WebDriverContextCustomizerFactory$Customizer@6973bf95], contextLoader = 'org.springframework.test.context.support.DelegatingSmartContextLoader', parent = [null]]].
19:40:32.385 [main] DEBUG org.springframework.core.env.StandardEnvironment - Activating profiles []
19:40:32.396 [main] DEBUG org.springframework.context.annotation.ClassPathBeanDefinitionScanner - Identified candidate component class: file [/home/whitewolf/tau/TAU-repozytorium/tau-mmo-jmeter/target/classes/tau/mmo/Application.class]
19:40:32.396 [main] DEBUG org.springframework.context.annotation.ClassPathBeanDefinitionScanner - Identified candidate component class: file [/home/whitewolf/tau/TAU-repozytorium/tau-mmo-jmeter/target/classes/tau/mmo/api/PlayerController.class]
19:40:32.397 [main] DEBUG org.springframework.context.annotation.ClassPathBeanDefinitionScanner - Identified candidate component class: file [/home/whitewolf/tau/TAU-repozytorium/tau-mmo-jmeter/target/classes/tau/mmo/service/PlayerManagerHibernateImpl.class]
19:40:32.398 [main] DEBUG org.springframework.beans.factory.xml.XmlBeanDefinitionReader - Loaded 12 bean definitions from class path resource [beans.xml]
19:40:32.398 [main] DEBUG org.springframework.context.support.GenericApplicationContext - Refreshing org.springframework.context.support.GenericApplicationContext@10728fe8
19:40:32.398 [main] DEBUG org.springframework.beans.factory.support.DefaultListableBeanFactory - Creating shared instance of singleton bean 'org.springframework.context.annotation.internalConfigurationAnnotationProcessor'
19:40:32.401 [main] DEBUG org.springframework.context.annotation.ClassPathBeanDefinitionScanner - Identified candidate component class: file [/home/whitewolf/tau/TAU-repozytorium/tau-mmo-jmeter/target/classes/tau/mmo/api/PlayerController.class]
19:40:32.401 [main] DEBUG org.springframework.context.annotation.ClassPathBeanDefinitionScanner - Identified candidate component class: file [/home/whitewolf/tau/TAU-repozytorium/tau-mmo-jmeter/target/classes/tau/mmo/service/PlayerManagerHibernateImpl.class]
19:40:32.450 [main] DEBUG org.springframework.context.annotation.ClassPathBeanDefinitionScanner - Identified candidate component class: file [/home/whitewolf/tau/TAU-repozytorium/tau-mmo-jmeter/target/classes/tau/mmo/Application.class]
19:40:32.450 [main] DEBUG org.springframework.context.annotation.ClassPathBeanDefinitionScanner - Identified candidate component class: file [/home/whitewolf/tau/TAU-repozytorium/tau-mmo-jmeter/target/classes/tau/mmo/api/PlayerController.class]
19:40:32.450 [main] DEBUG org.springframework.context.annotation.ClassPathBeanDefinitionScanner - Identified candidate component class: file [/home/whitewolf/tau/TAU-repozytorium/tau-mmo-jmeter/target/classes/tau/mmo/service/PlayerManagerHibernateImpl.class]
19:40:32.451 [main] DEBUG org.springframework.beans.factory.xml.XmlBeanDefinitionReader - Loaded 0 bean definitions from class path resource [beans.xml]
19:40:32.451 [main] DEBUG org.springframework.beans.factory.support.DefaultListableBeanFactory - Creating shared instance of singleton bean 'org.springframework.boot.autoconfigure.condition.BeanTypeRegistry'
19:40:32.457 [main] INFO org.springframework.data.repository.config.RepositoryConfigurationDelegate - Bootstrapping Spring Data repositories in DEFAULT mode.
19:40:32.457 [main] DEBUG org.springframework.beans.factory.support.DefaultListableBeanFactory - Creating shared instance of singleton bean 'org.springframework.boot.autoconfigure.AutoConfigurationPackages'
19:40:32.457 [main] DEBUG org.springframework.boot.autoconfigure.AutoConfigurationPackages - @EnableAutoConfiguration was declared on a class in the package 'tau.mmo'. Automatic @Repository and @Entity scanning is enabled.
19:40:32.457 [main] DEBUG org.springframework.data.repository.config.RepositoryConfigurationDelegate - Scanning for repositories in packages tau.mmo.
19:40:32.458 [main] INFO org.springframework.data.repository.config.RepositoryConfigurationDelegate - Finished Spring Data repository scanning in 1ms. Found 0 repository interfaces.
19:40:32.467 [main] DEBUG org.springframework.beans.factory.support.DefaultListableBeanFactory - Creating shared instance of singleton bean 'propertySourcesPlaceholderConfigurer'
19:40:32.467 [main] DEBUG org.springframework.core.env.PropertySourcesPropertyResolver - Found key 'jdbc.driverClassName' in PropertySource 'class path resource [jdbc.properties]' with value of type String
19:40:32.467 [main] DEBUG org.springframework.core.env.PropertySourcesPropertyResolver - Found key 'jdbc.driverClassName' in PropertySource 'environmentProperties' with value of type String
19:40:32.467 [main] DEBUG org.springframework.core.env.PropertySourcesPropertyResolver - Found key 'jdbc.url' in PropertySource 'class path resource [jdbc.properties]' with value of type String
19:40:32.467 [main] DEBUG org.springframework.core.env.PropertySourcesPropertyResolver - Found key 'jdbc.url' in PropertySource 'environmentProperties' with value of type String
19:40:32.467 [main] DEBUG org.springframework.core.env.PropertySourcesPropertyResolver - Found key 'jdbc.username' in PropertySource 'class path resource [jdbc.properties]' with value of type String
19:40:32.467 [main] DEBUG org.springframework.core.env.PropertySourcesPropertyResolver - Found key 'jdbc.username' in PropertySource 'environmentProperties' with value of type String
19:40:32.467 [main] DEBUG org.springframework.core.env.PropertySourcesPropertyResolver - Found key 'jdbc.password' in PropertySource 'class path resource [jdbc.properties]' with value of type String
19:40:32.467 [main] DEBUG org.springframework.core.env.PropertySourcesPropertyResolver - Found key 'jdbc.password' in PropertySource 'environmentProperties' with value of type String
19:40:32.468 [main] DEBUG org.springframework.beans.factory.support.DefaultListableBeanFactory - Creating shared instance of singleton bean 'org.springframework.boot.test.mock.mockito.MockitoPostProcessor'
19:40:32.468 [main] DEBUG org.springframework.beans.factory.support.DefaultListableBeanFactory - Creating shared instance of singleton bean 'emBeanDefinitionRegistrarPostProcessor'
19:40:32.469 [main] DEBUG org.springframework.beans.factory.support.DefaultListableBeanFactory - Creating shared instance of singleton bean 'org.springframework.context.event.internalEventListenerProcessor'
19:40:32.470 [main] DEBUG org.springframework.beans.factory.support.DefaultListableBeanFactory - Creating shared instance of singleton bean 'org.springframework.boot.context.properties.ConfigurationBeanFactoryMetadata'
19:40:32.470 [main] DEBUG org.springframework.beans.factory.support.DefaultListableBeanFactory - Creating shared instance of singleton bean 'org.springframework.context.event.internalEventListenerFactory'
19:40:32.470 [main] DEBUG org.springframework.beans.factory.support.DefaultListableBeanFactory - Creating shared instance of singleton bean 'org.springframework.transaction.config.internalTransactionalEventListenerFactory'
19:40:32.471 [main] DEBUG org.springframework.beans.factory.support.DefaultListableBeanFactory - Creating shared instance of singleton bean 'org.springframework.context.annotation.internalAutowiredAnnotationProcessor'
19:40:32.471 [main] DEBUG org.springframework.beans.factory.support.DefaultListableBeanFactory - Creating shared instance of singleton bean 'org.springframework.context.annotation.internalCommonAnnotationProcessor'
19:40:32.471 [main] DEBUG org.springframework.beans.factory.support.DefaultListableBeanFactory - Creating shared instance of singleton bean 'org.springframework.context.annotation.internalPersistenceAnnotationProcessor'
19:40:32.471 [main] DEBUG org.springframework.beans.factory.support.DefaultListableBeanFactory - Creating shared instance of singleton bean 'org.springframework.boot.test.mock.mockito.MockitoPostProcessor$SpyPostProcessor'
19:40:32.471 [main] DEBUG org.springframework.beans.factory.support.DefaultListableBeanFactory - Creating shared instance of singleton bean 'org.springframework.boot.context.properties.ConfigurationPropertiesBindingPostProcessor'
19:40:32.472 [main] DEBUG org.springframework.beans.factory.support.DefaultListableBeanFactory - Creating shared instance of singleton bean 'methodValidationPostProcessor'
19:40:32.473 [main] DEBUG org.springframework.beans.factory.support.DefaultListableBeanFactory - Autowiring by type from bean name 'methodValidationPostProcessor' via factory method to bean named 'environment'
19:40:32.473 [main] DEBUG org.springframework.beans.factory.support.DefaultListableBeanFactory - Creating shared instance of singleton bean 'org.springframework.aop.config.internalAutoProxyCreator'
19:40:32.474 [main] DEBUG org.springframework.beans.factory.support.DefaultListableBeanFactory - Creating shared instance of singleton bean 'dataSourceInitializerPostProcessor'
19:40:32.475 [main] DEBUG org.springframework.beans.factory.support.DefaultListableBeanFactory - Creating shared instance of singleton bean 'persistenceExceptionTranslationPostProcessor'
19:40:32.475 [main] DEBUG org.springframework.beans.factory.support.DefaultListableBeanFactory - Autowiring by type from bean name 'persistenceExceptionTranslationPostProcessor' via factory method to bean named 'environment'
19:40:32.478 [main] DEBUG org.springframework.beans.factory.support.DefaultListableBeanFactory - Creating shared instance of singleton bean 'application'
19:40:32.478 [main] DEBUG org.springframework.beans.factory.support.DefaultListableBeanFactory - Creating shared instance of singleton bean 'org.springframework.transaction.config.internalTransactionAdvisor'
19:40:32.478 [main] DEBUG org.springframework.beans.factory.support.DefaultListableBeanFactory - Creating shared instance of singleton bean 'org.springframework.transaction.annotation.ProxyTransactionManagementConfiguration'
19:40:32.482 [main] DEBUG org.springframework.beans.factory.support.DefaultListableBeanFactory - Creating shared instance of singleton bean 'transactionAttributeSource'
19:40:32.482 [main] DEBUG org.springframework.beans.factory.support.DefaultListableBeanFactory - Creating shared instance of singleton bean 'transactionInterceptor'
19:40:32.484 [main] DEBUG org.springframework.beans.factory.support.DefaultListableBeanFactory - Creating shared instance of singleton bean 'playerController'
19:40:32.485 [main] DEBUG org.springframework.beans.factory.support.DefaultListableBeanFactory - Creating shared instance of singleton bean 'playerManagerHibernateImpl'
19:40:32.485 [main] DEBUG org.springframework.beans.factory.support.DefaultListableBeanFactory - Creating shared instance of singleton bean 'hibernateSessionFactory'
19:40:32.486 [main] DEBUG org.springframework.beans.factory.support.DefaultListableBeanFactory - Creating shared instance of singleton bean 'dataSource'
19:40:32.487 [main] DEBUG org.springframework.jdbc.datasource.DriverManagerDataSource - Loaded JDBC driver: org.hsqldb.jdbcDriver
19:40:32.487 [main] DEBUG org.springframework.beans.factory.support.DefaultListableBeanFactory - Creating shared instance of singleton bean 'org.springframework.boot.autoconfigure.jdbc.DataSourceInitializerInvoker'
19:40:32.488 [main] DEBUG org.springframework.beans.factory.support.DefaultListableBeanFactory - Creating shared instance of singleton bean 'spring.datasource-org.springframework.boot.autoconfigure.jdbc.DataSourceProperties'
19:40:32.491 [main] DEBUG org.springframework.beans.factory.support.DefaultListableBeanFactory - Autowiring by type from bean name 'org.springframework.boot.autoconfigure.jdbc.DataSourceInitializerInvoker' via constructor to bean named 'spring.datasource-org.springframework.boot.autoconfigure.jdbc.DataSourceProperties'
19:40:32.491 [main] DEBUG org.springframework.beans.factory.support.DefaultListableBeanFactory - Autowiring by type from bean name 'org.springframework.boot.autoconfigure.jdbc.DataSourceInitializerInvoker' via constructor to bean named 'org.springframework.context.support.GenericApplicationContext@10728fe8'
19:40:32.493 [main] DEBUG org.hibernate.integrator.internal.IntegratorServiceImpl - Adding Integrator [org.hibernate.cfg.beanvalidation.BeanValidationIntegrator].
19:40:32.493 [main] DEBUG org.hibernate.integrator.internal.IntegratorServiceImpl - Adding Integrator [org.hibernate.secure.spi.JaccIntegrator].
19:40:32.493 [main] DEBUG org.hibernate.integrator.internal.IntegratorServiceImpl - Adding Integrator [org.hibernate.cache.internal.CollectionCacheInvalidator].
19:40:32.496 [main] DEBUG org.hibernate.cfg.Configuration - Building session factory using internal StandardServiceRegistryBuilder
19:40:32.497 [main] DEBUG org.hibernate.service.spi.ServiceBinding - Overriding existing service binding [org.hibernate.secure.spi.JaccService]
19:40:32.497 [main] DEBUG org.hibernate.cfg.Configuration - Building session factory using provided StandardServiceRegistry
19:40:32.497 [main] DEBUG org.hibernate.cache.internal.RegionFactoryInitiator - Cache region factory : org.hibernate.cache.internal.NoCachingRegionFactory
19:40:32.497 [main] DEBUG org.hibernate.type.BasicTypeRegistry - Adding type registration boolean -> org.hibernate.type.BooleanType@57a2ed35
19:40:32.497 [main] DEBUG org.hibernate.type.BasicTypeRegistry - Adding type registration boolean -> org.hibernate.type.BooleanType@57a2ed35
19:40:32.497 [main] DEBUG org.hibernate.type.BasicTypeRegistry - Adding type registration java.lang.Boolean -> org.hibernate.type.BooleanType@57a2ed35
19:40:32.497 [main] DEBUG org.hibernate.type.BasicTypeRegistry - Adding type registration numeric_boolean -> org.hibernate.type.NumericBooleanType@184fb68d
19:40:32.497 [main] DEBUG org.hibernate.type.BasicTypeRegistry - Adding type registration true_false -> org.hibernate.type.TrueFalseType@205bed61
19:40:32.497 [main] DEBUG org.hibernate.type.BasicTypeRegistry - Adding type registration yes_no -> org.hibernate.type.YesNoType@7c2b58c0
19:40:32.497 [main] DEBUG org.hibernate.type.BasicTypeRegistry - Adding type registration byte -> org.hibernate.type.ByteType@aa149ed
19:40:32.497 [main] DEBUG org.hibernate.type.BasicTypeRegistry - Adding type registration byte -> org.hibernate.type.ByteType@aa149ed
19:40:32.497 [main] DEBUG org.hibernate.type.BasicTypeRegistry - Adding type registration java.lang.Byte -> org.hibernate.type.ByteType@aa149ed
19:40:32.498 [main] DEBUG org.hibernate.type.BasicTypeRegistry - Adding type registration character -> org.hibernate.type.CharacterType@8ee0c23
19:40:32.498 [main] DEBUG org.hibernate.type.BasicTypeRegistry - Adding type registration char -> org.hibernate.type.CharacterType@8ee0c23
19:40:32.498 [main] DEBUG org.hibernate.type.BasicTypeRegistry - Adding type registration java.lang.Character -> org.hibernate.type.CharacterType@8ee0c23
19:40:32.498 [main] DEBUG org.hibernate.type.BasicTypeRegistry - Adding type registration short -> org.hibernate.type.ShortType@173797f0
19:40:32.498 [main] DEBUG org.hibernate.type.BasicTypeRegistry - Adding type registration short -> org.hibernate.type.ShortType@173797f0
19:40:32.498 [main] DEBUG org.hibernate.type.BasicTypeRegistry - Adding type registration java.lang.Short -> org.hibernate.type.ShortType@173797f0
19:40:32.498 [main] DEBUG org.hibernate.type.BasicTypeRegistry - Adding type registration integer -> org.hibernate.type.IntegerType@33d53216
19:40:32.498 [main] DEBUG org.hibernate.type.BasicTypeRegistry - Adding type registration int -> org.hibernate.type.IntegerType@33d53216
19:40:32.498 [main] DEBUG org.hibernate.type.BasicTypeRegistry - Adding type registration java.lang.Integer -> org.hibernate.type.IntegerType@33d53216
19:40:32.498 [main] DEBUG org.hibernate.type.BasicTypeRegistry - Adding type registration long -> org.hibernate.type.LongType@3db663d0
19:40:32.498 [main] DEBUG org.hibernate.type.BasicTypeRegistry - Adding type registration long -> org.hibernate.type.LongType@3db663d0
19:40:32.498 [main] DEBUG org.hibernate.type.BasicTypeRegistry - Adding type registration java.lang.Long -> org.hibernate.type.LongType@3db663d0
19:40:32.498 [main] DEBUG org.hibernate.type.BasicTypeRegistry - Adding type registration float -> org.hibernate.type.FloatType@3b9632d1
19:40:32.498 [main] DEBUG org.hibernate.type.BasicTypeRegistry - Adding type registration float -> org.hibernate.type.FloatType@3b9632d1
19:40:32.498 [main] DEBUG org.hibernate.type.BasicTypeRegistry - Adding type registration java.lang.Float -> org.hibernate.type.FloatType@3b9632d1
19:40:32.498 [main] DEBUG org.hibernate.type.BasicTypeRegistry - Adding type registration double -> org.hibernate.type.DoubleType@75fc1992
19:40:32.498 [main] DEBUG org.hibernate.type.BasicTypeRegistry - Adding type registration double -> org.hibernate.type.DoubleType@75fc1992
19:40:32.498 [main] DEBUG org.hibernate.type.BasicTypeRegistry - Adding type registration java.lang.Double -> org.hibernate.type.DoubleType@75fc1992
19:40:32.498 [main] DEBUG org.hibernate.type.BasicTypeRegistry - Adding type registration big_decimal -> org.hibernate.type.BigDecimalType@27a2a089
19:40:32.498 [main] DEBUG org.hibernate.type.BasicTypeRegistry - Adding type registration java.math.BigDecimal -> org.hibernate.type.BigDecimalType@27a2a089
19:40:32.498 [main] DEBUG org.hibernate.type.BasicTypeRegistry - Adding type registration big_integer -> org.hibernate.type.BigIntegerType@5ac6c4f2
19:40:32.498 [main] DEBUG org.hibernate.type.BasicTypeRegistry - Adding type registration java.math.BigInteger -> org.hibernate.type.BigIntegerType@5ac6c4f2
19:40:32.498 [main] DEBUG org.hibernate.type.BasicTypeRegistry - Adding type registration string -> org.hibernate.type.StringType@78525ef9
19:40:32.498 [main] DEBUG org.hibernate.type.BasicTypeRegistry - Adding type registration java.lang.String -> org.hibernate.type.StringType@78525ef9
19:40:32.498 [main] DEBUG org.hibernate.type.BasicTypeRegistry - Adding type registration nstring -> org.hibernate.type.StringNVarcharType@350a94ce
19:40:32.498 [main] DEBUG org.hibernate.type.BasicTypeRegistry - Adding type registration ncharacter -> org.hibernate.type.CharacterNCharType@5fbdc49b
19:40:32.498 [main] DEBUG org.hibernate.type.BasicTypeRegistry - Adding type registration url -> org.hibernate.type.UrlType@285f38f6
19:40:32.498 [main] DEBUG org.hibernate.type.BasicTypeRegistry - Adding type registration java.net.URL -> org.hibernate.type.UrlType@285f38f6
19:40:32.498 [main] DEBUG org.hibernate.type.BasicTypeRegistry - Adding type registration date -> org.hibernate.type.DateType@21ac5eb4
19:40:32.498 [main] DEBUG org.hibernate.type.BasicTypeRegistry - Adding type registration java.sql.Date -> org.hibernate.type.DateType@21ac5eb4
19:40:32.498 [main] DEBUG org.hibernate.type.BasicTypeRegistry - Adding type registration time -> org.hibernate.type.TimeType@1d540566
19:40:32.498 [main] DEBUG org.hibernate.type.BasicTypeRegistry - Adding type registration java.sql.Time -> org.hibernate.type.TimeType@1d540566
19:40:32.498 [main] DEBUG org.hibernate.type.BasicTypeRegistry - Adding type registration timestamp -> org.hibernate.type.TimestampType@5c1f6d57
19:40:32.498 [main] DEBUG org.hibernate.type.BasicTypeRegistry - Adding type registration java.sql.Timestamp -> org.hibernate.type.TimestampType@5c1f6d57
19:40:32.498 [main] DEBUG org.hibernate.type.BasicTypeRegistry - Adding type registration java.util.Date -> org.hibernate.type.TimestampType@5c1f6d57
19:40:32.498 [main] DEBUG org.hibernate.type.BasicTypeRegistry - Adding type registration dbtimestamp -> org.hibernate.type.DbTimestampType@5cb5bb88
19:40:32.498 [main] DEBUG org.hibernate.type.BasicTypeRegistry - Adding type registration calendar -> org.hibernate.type.CalendarType@20e3c449
19:40:32.498 [main] DEBUG org.hibernate.type.BasicTypeRegistry - Adding type registration java.util.Calendar -> org.hibernate.type.CalendarType@20e3c449
19:40:32.498 [main] DEBUG org.hibernate.type.BasicTypeRegistry - Adding type registration java.util.GregorianCalendar -> org.hibernate.type.CalendarType@20e3c449
19:40:32.498 [main] DEBUG org.hibernate.type.BasicTypeRegistry - Adding type registration calendar_date -> org.hibernate.type.CalendarDateType@2dd8239
19:40:32.498 [main] DEBUG org.hibernate.type.BasicTypeRegistry - Adding type registration locale -> org.hibernate.type.LocaleType@3f92a84e
19:40:32.498 [main] DEBUG org.hibernate.type.BasicTypeRegistry - Adding type registration java.util.Locale -> org.hibernate.type.LocaleType@3f92a84e
19:40:32.498 [main] DEBUG org.hibernate.type.BasicTypeRegistry - Adding type registration currency -> org.hibernate.type.CurrencyType@5fcfca62
19:40:32.498 [main] DEBUG org.hibernate.type.BasicTypeRegistry - Adding type registration java.util.Currency -> org.hibernate.type.CurrencyType@5fcfca62
19:40:32.498 [main] DEBUG org.hibernate.type.BasicTypeRegistry - Adding type registration timezone -> org.hibernate.type.TimeZoneType@5b051a5c
19:40:32.498 [main] DEBUG org.hibernate.type.BasicTypeRegistry - Adding type registration java.util.TimeZone -> org.hibernate.type.TimeZoneType@5b051a5c
19:40:32.498 [main] DEBUG org.hibernate.type.BasicTypeRegistry - Adding type registration class -> org.hibernate.type.ClassType@10641c09
19:40:32.498 [main] DEBUG org.hibernate.type.BasicTypeRegistry - Adding type registration java.lang.Class -> org.hibernate.type.ClassType@10641c09
19:40:32.498 [main] DEBUG org.hibernate.type.BasicTypeRegistry - Adding type registration uuid-binary -> org.hibernate.type.UUIDBinaryType@12968227
19:40:32.498 [main] DEBUG org.hibernate.type.BasicTypeRegistry - Adding type registration java.util.UUID -> org.hibernate.type.UUIDBinaryType@12968227
19:40:32.498 [main] DEBUG org.hibernate.type.BasicTypeRegistry - Adding type registration uuid-char -> org.hibernate.type.UUIDCharType@48eb9836
19:40:32.499 [main] DEBUG org.hibernate.type.BasicTypeRegistry - Adding type registration binary -> org.hibernate.type.BinaryType@9e2ad91
19:40:32.499 [main] DEBUG org.hibernate.type.BasicTypeRegistry - Adding type registration byte[] -> org.hibernate.type.BinaryType@9e2ad91
19:40:32.499 [main] DEBUG org.hibernate.type.BasicTypeRegistry - Adding type registration [B -> org.hibernate.type.BinaryType@9e2ad91
19:40:32.499 [main] DEBUG org.hibernate.type.BasicTypeRegistry - Adding type registration wrapper-binary -> org.hibernate.type.WrapperBinaryType@74dbb1ee
19:40:32.499 [main] DEBUG org.hibernate.type.BasicTypeRegistry - Adding type registration Byte[] -> org.hibernate.type.WrapperBinaryType@74dbb1ee
19:40:32.499 [main] DEBUG org.hibernate.type.BasicTypeRegistry - Adding type registration [Ljava.lang.Byte; -> org.hibernate.type.WrapperBinaryType@74dbb1ee
19:40:32.499 [main] DEBUG org.hibernate.type.BasicTypeRegistry - Adding type registration row_version -> org.hibernate.type.RowVersionType@618ad2aa
19:40:32.499 [main] DEBUG org.hibernate.type.BasicTypeRegistry - Adding type registration image -> org.hibernate.type.ImageType@59e43e8c
19:40:32.499 [main] DEBUG org.hibernate.type.BasicTypeRegistry - Adding type registration characters -> org.hibernate.type.CharArrayType@3f049056
19:40:32.499 [main] DEBUG org.hibernate.type.BasicTypeRegistry - Adding type registration char[] -> org.hibernate.type.CharArrayType@3f049056
19:40:32.499 [main] DEBUG org.hibernate.type.BasicTypeRegistry - Adding type registration [C -> org.hibernate.type.CharArrayType@3f049056
19:40:32.499 [main] DEBUG org.hibernate.type.BasicTypeRegistry - Adding type registration wrapper-characters -> org.hibernate.type.CharacterArrayType@4c2fb9dd
19:40:32.499 [main] DEBUG org.hibernate.type.BasicTypeRegistry - Adding type registration [Ljava.lang.Character; -> org.hibernate.type.CharacterArrayType@4c2fb9dd
19:40:32.499 [main] DEBUG org.hibernate.type.BasicTypeRegistry - Adding type registration Character[] -> org.hibernate.type.CharacterArrayType@4c2fb9dd
19:40:32.499 [main] DEBUG org.hibernate.type.BasicTypeRegistry - Adding type registration text -> org.hibernate.type.TextType@41522537
19:40:32.499 [main] DEBUG org.hibernate.type.BasicTypeRegistry - Adding type registration ntext -> org.hibernate.type.NTextType@42c28305
19:40:32.499 [main] DEBUG org.hibernate.type.BasicTypeRegistry - Adding type registration blob -> org.hibernate.type.BlobType@ef1695a
19:40:32.499 [main] DEBUG org.hibernate.type.BasicTypeRegistry - Adding type registration java.sql.Blob -> org.hibernate.type.BlobType@ef1695a
19:40:32.499 [main] DEBUG org.hibernate.type.BasicTypeRegistry - Adding type registration materialized_blob -> org.hibernate.type.MaterializedBlobType@7139bd31
19:40:32.499 [main] DEBUG org.hibernate.type.BasicTypeRegistry - Adding type registration clob -> org.hibernate.type.ClobType@75361cf6
19:40:32.499 [main] DEBUG org.hibernate.type.BasicTypeRegistry - Adding type registration java.sql.Clob -> org.hibernate.type.ClobType@75361cf6
19:40:32.499 [main] DEBUG org.hibernate.type.BasicTypeRegistry - Adding type registration nclob -> org.hibernate.type.NClobType@102efc59
19:40:32.499 [main] DEBUG org.hibernate.type.BasicTypeRegistry - Adding type registration java.sql.NClob -> org.hibernate.type.NClobType@102efc59
19:40:32.499 [main] DEBUG org.hibernate.type.BasicTypeRegistry - Adding type registration materialized_clob -> org.hibernate.type.MaterializedClobType@75fa1be3
19:40:32.499 [main] DEBUG org.hibernate.type.BasicTypeRegistry - Adding type registration materialized_nclob -> org.hibernate.type.MaterializedNClobType@3ce53f6a
19:40:32.499 [main] DEBUG org.hibernate.type.BasicTypeRegistry - Adding type registration serializable -> org.hibernate.type.SerializableType@1daf3b44
19:40:32.499 [main] DEBUG org.hibernate.type.BasicTypeRegistry - Adding type registration object -> org.hibernate.type.ObjectType@4cb40e3b
19:40:32.499 [main] DEBUG org.hibernate.type.BasicTypeRegistry - Adding type registration java.lang.Object -> org.hibernate.type.ObjectType@4cb40e3b
19:40:32.499 [main] DEBUG org.hibernate.type.BasicTypeRegistry - Adding type registration imm_date -> org.hibernate.type.AdaptedImmutableType@641cea11
19:40:32.499 [main] DEBUG org.hibernate.type.BasicTypeRegistry - Adding type registration imm_time -> org.hibernate.type.AdaptedImmutableType@4e3d36c2
19:40:32.499 [main] DEBUG org.hibernate.type.BasicTypeRegistry - Adding type registration imm_timestamp -> org.hibernate.type.AdaptedImmutableType@4add4dff
19:40:32.499 [main] DEBUG org.hibernate.type.BasicTypeRegistry - Adding type registration imm_dbtimestamp -> org.hibernate.type.AdaptedImmutableType@25dc2c0
19:40:32.499 [main] DEBUG org.hibernate.type.BasicTypeRegistry - Adding type registration imm_calendar -> org.hibernate.type.AdaptedImmutableType@192ecf8
19:40:32.499 [main] DEBUG org.hibernate.type.BasicTypeRegistry - Adding type registration imm_calendar_date -> org.hibernate.type.AdaptedImmutableType@263e512e
19:40:32.499 [main] DEBUG org.hibernate.type.BasicTypeRegistry - Adding type registration imm_binary -> org.hibernate.type.AdaptedImmutableType@62c42a3
19:40:32.499 [main] DEBUG org.hibernate.type.BasicTypeRegistry - Adding type registration imm_serializable -> org.hibernate.type.AdaptedImmutableType@6a8bcb64
19:40:32.500 [main] DEBUG org.springframework.jdbc.datasource.DriverManagerDataSource - Creating new JDBC DriverManager Connection to [jdbc:hsqldb:hsql://localhost/workdb]
19:40:32.500 [main] WARN org.hibernate.engine.jdbc.env.internal.JdbcEnvironmentInitiator - HHH000342: Could not obtain connection to query metadata : java.net.ConnectException: Połączenie odrzucone (Connection refused)
19:40:32.500 [main] INFO org.hibernate.dialect.Dialect - HHH000400: Using dialect: org.hibernate.dialect.HSQLDialect
19:40:32.500 [main] DEBUG org.hibernate.engine.jdbc.env.spi.IdentifierHelperBuilder - IdentifierCaseStrategy for both quoted and unquoted identifiers was set to the same strategy [MIXED]; that will likely lead to problems in schema update and validation if using quoted identifiers
19:40:32.500 [main] INFO org.hibernate.engine.jdbc.env.internal.LobCreatorBuilderImpl - HHH000422: Disabling contextual LOB creation as connection was null
19:40:32.501 [main] DEBUG org.hibernate.id.factory.internal.DefaultIdentifierGeneratorFactory - Registering IdentifierGenerator strategy [uuid2] -> [org.hibernate.id.UUIDGenerator]
19:40:32.501 [main] DEBUG org.hibernate.id.factory.internal.DefaultIdentifierGeneratorFactory - Registering IdentifierGenerator strategy [guid] -> [org.hibernate.id.GUIDGenerator]
19:40:32.501 [main] DEBUG org.hibernate.id.factory.internal.DefaultIdentifierGeneratorFactory - Registering IdentifierGenerator strategy [uuid] -> [org.hibernate.id.UUIDHexGenerator]
19:40:32.501 [main] DEBUG org.hibernate.id.factory.internal.DefaultIdentifierGeneratorFactory - Registering IdentifierGenerator strategy [uuid.hex] -> [org.hibernate.id.UUIDHexGenerator]
19:40:32.501 [main] DEBUG org.hibernate.id.factory.internal.DefaultIdentifierGeneratorFactory - Registering IdentifierGenerator strategy [assigned] -> [org.hibernate.id.Assigned]
19:40:32.501 [main] DEBUG org.hibernate.id.factory.internal.DefaultIdentifierGeneratorFactory - Registering IdentifierGenerator strategy [identity] -> [org.hibernate.id.IdentityGenerator]
19:40:32.501 [main] DEBUG org.hibernate.id.factory.internal.DefaultIdentifierGeneratorFactory - Registering IdentifierGenerator strategy [select] -> [org.hibernate.id.SelectGenerator]
19:40:32.501 [main] DEBUG org.hibernate.id.factory.internal.DefaultIdentifierGeneratorFactory - Registering IdentifierGenerator strategy [sequence] -> [org.hibernate.id.enhanced.SequenceStyleGenerator]
19:40:32.501 [main] DEBUG org.hibernate.id.factory.internal.DefaultIdentifierGeneratorFactory - Registering IdentifierGenerator strategy [seqhilo] -> [org.hibernate.id.SequenceHiLoGenerator]
19:40:32.501 [main] DEBUG org.hibernate.id.factory.internal.DefaultIdentifierGeneratorFactory - Registering IdentifierGenerator strategy [increment] -> [org.hibernate.id.IncrementGenerator]
19:40:32.501 [main] DEBUG org.hibernate.id.factory.internal.DefaultIdentifierGeneratorFactory - Registering IdentifierGenerator strategy [foreign] -> [org.hibernate.id.ForeignGenerator]
19:40:32.501 [main] DEBUG org.hibernate.id.factory.internal.DefaultIdentifierGeneratorFactory - Registering IdentifierGenerator strategy [sequence-identity] -> [org.hibernate.id.SequenceIdentityGenerator]
19:40:32.501 [main] DEBUG org.hibernate.id.factory.internal.DefaultIdentifierGeneratorFactory - Registering IdentifierGenerator strategy [enhanced-sequence] -> [org.hibernate.id.enhanced.SequenceStyleGenerator]
19:40:32.501 [main] DEBUG org.hibernate.id.factory.internal.DefaultIdentifierGeneratorFactory - Registering IdentifierGenerator strategy [enhanced-table] -> [org.hibernate.id.enhanced.TableGenerator]
19:40:32.501 [main] DEBUG org.hibernate.boot.model.relational.Namespace - Created database namespace [logicalName=Name{catalog=null, schema=null}, physicalName=Name{catalog=null, schema=null}]
19:40:32.501 [main] DEBUG org.hibernate.cfg.AnnotationBinder - Binding entity from annotated class: tau.mmo.domain.Item
19:40:32.501 [main] DEBUG org.hibernate.cfg.annotations.QueryBinder - Binding named query: item.all => Select p from Item p
19:40:32.501 [main] DEBUG org.hibernate.cfg.annotations.QueryBinder - Binding named query: item.allForPlayer => Select p from Item p where player_id = :id
19:40:32.501 [main] DEBUG org.hibernate.cfg.Ejb3Column - Binding column: Ejb3DiscriminatorColumn{logicalColumnName'DTYPE', discriminatorTypeName='string'}
19:40:32.501 [main] DEBUG org.hibernate.cfg.annotations.EntityBinder - Import with entity name Item
19:40:32.501 [main] DEBUG org.hibernate.cfg.annotations.EntityBinder - Bind entity tau.mmo.domain.Item on table item
19:40:32.502 [main] DEBUG org.hibernate.cfg.Ejb3Column - Binding column: Ejb3Column{table=org.hibernate.mapping.Table(item), mappingColumn=id, insertable=true, updatable=true, unique=false}
19:40:32.502 [main] DEBUG org.hibernate.cfg.annotations.PropertyBinder - MetadataSourceProcessor property id with lazy=false
19:40:32.502 [main] DEBUG org.hibernate.cfg.AbstractPropertyHolder - Attempting to locate auto-apply AttributeConverter for property [tau.mmo.domain.Item:id]
19:40:32.502 [main] DEBUG org.hibernate.cfg.annotations.SimpleValueBinder - building SimpleValue for id
19:40:32.502 [main] DEBUG org.hibernate.cfg.annotations.PropertyBinder - Building property id
19:40:32.502 [main] DEBUG org.hibernate.cfg.Ejb3Column - Binding column: Ejb3Column{table=org.hibernate.mapping.Table(item), mappingColumn=itemclass, insertable=true, updatable=true, unique=false}
19:40:32.502 [main] DEBUG org.hibernate.cfg.annotations.PropertyBinder - MetadataSourceProcessor property itemclass with lazy=false
19:40:32.502 [main] DEBUG org.hibernate.cfg.AbstractPropertyHolder - Attempting to locate auto-apply AttributeConverter for property [tau.mmo.domain.Item:itemclass]
19:40:32.502 [main] DEBUG org.hibernate.cfg.annotations.SimpleValueBinder - building SimpleValue for itemclass
19:40:32.502 [main] DEBUG org.hibernate.cfg.annotations.PropertyBinder - Building property itemclass
19:40:32.502 [main] DEBUG org.hibernate.cfg.Ejb3Column - Binding column: Ejb3Column{table=org.hibernate.mapping.Table(item), mappingColumn=levelreq, insertable=true, updatable=true, unique=false}
19:40:32.502 [main] DEBUG org.hibernate.cfg.annotations.PropertyBinder - MetadataSourceProcessor property levelreq with lazy=false
19:40:32.502 [main] DEBUG org.hibernate.cfg.AbstractPropertyHolder - Attempting to locate auto-apply AttributeConverter for property [tau.mmo.domain.Item:levelreq]
19:40:32.502 [main] DEBUG org.hibernate.cfg.annotations.SimpleValueBinder - building SimpleValue for levelreq
19:40:32.502 [main] DEBUG org.hibernate.cfg.annotations.PropertyBinder - Building property levelreq
19:40:32.502 [main] DEBUG org.hibernate.cfg.Ejb3Column - Binding column: Ejb3Column{table=org.hibernate.mapping.Table(item), mappingColumn=name, insertable=true, updatable=true, unique=false}
19:40:32.502 [main] DEBUG org.hibernate.cfg.annotations.PropertyBinder - MetadataSourceProcessor property name with lazy=false
19:40:32.503 [main] DEBUG org.hibernate.cfg.AbstractPropertyHolder - Attempting to locate auto-apply AttributeConverter for property [tau.mmo.domain.Item:name]
19:40:32.503 [main] DEBUG org.hibernate.cfg.annotations.SimpleValueBinder - building SimpleValue for name
19:40:32.503 [main] DEBUG org.hibernate.cfg.annotations.PropertyBinder - Building property name
19:40:32.503 [main] DEBUG org.hibernate.cfg.Ejb3Column - Binding column: Ejb3JoinColumn{logicalColumnName='player_id', referencedColumn='', mappedBy=''}
19:40:32.503 [main] DEBUG org.hibernate.cfg.Ejb3Column - Binding column: Ejb3Column{table=org.hibernate.mapping.Table(item), mappingColumn=player, insertable=true, updatable=true, unique=false}
19:40:32.503 [main] DEBUG org.hibernate.cfg.annotations.PropertyBinder - Building property player
19:40:32.503 [main] DEBUG org.hibernate.cfg.AnnotationBinder - Binding entity from annotated class: tau.mmo.domain.Player
19:40:32.503 [main] DEBUG org.hibernate.cfg.annotations.QueryBinder - Binding named query: player.all => Select p from Player p
19:40:32.503 [main] DEBUG org.hibernate.cfg.annotations.QueryBinder - Binding named query: player.findPlayers => Select c from Player c where c.name like :nameFragment
19:40:32.503 [main] DEBUG org.hibernate.cfg.Ejb3Column - Binding column: Ejb3DiscriminatorColumn{logicalColumnName'DTYPE', discriminatorTypeName='string'}
19:40:32.503 [main] DEBUG org.hibernate.cfg.annotations.EntityBinder - Import with entity name Player
19:40:32.503 [main] DEBUG org.hibernate.cfg.annotations.EntityBinder - Bind entity tau.mmo.domain.Player on table player
19:40:32.503 [main] DEBUG org.hibernate.cfg.Ejb3Column - Binding column: Ejb3Column{table=org.hibernate.mapping.Table(player), mappingColumn=id, insertable=true, updatable=true, unique=false}
19:40:32.504 [main] DEBUG org.hibernate.cfg.annotations.PropertyBinder - MetadataSourceProcessor property id with lazy=false
19:40:32.504 [main] DEBUG org.hibernate.cfg.AbstractPropertyHolder - Attempting to locate auto-apply AttributeConverter for property [tau.mmo.domain.Player:id]
19:40:32.504 [main] DEBUG org.hibernate.cfg.annotations.SimpleValueBinder - building SimpleValue for id
19:40:32.504 [main] DEBUG org.hibernate.cfg.annotations.PropertyBinder - Building property id
19:40:32.504 [main] DEBUG org.hibernate.cfg.Ejb3Column - Binding column: Ejb3Column{table=org.hibernate.mapping.Table(player), mappingColumn=heroclass, insertable=true, updatable=true, unique=false}
19:40:32.504 [main] DEBUG org.hibernate.cfg.annotations.PropertyBinder - MetadataSourceProcessor property heroclass with lazy=false
19:40:32.504 [main] DEBUG org.hibernate.cfg.AbstractPropertyHolder - Attempting to locate auto-apply AttributeConverter for property [tau.mmo.domain.Player:heroclass]
19:40:32.504 [main] DEBUG org.hibernate.cfg.annotations.SimpleValueBinder - building SimpleValue for heroclass
19:40:32.504 [main] DEBUG org.hibernate.cfg.annotations.PropertyBinder - Building property heroclass
19:40:32.504 [main] DEBUG org.hibernate.cfg.Ejb3Column - Binding column: Ejb3JoinColumn{logicalColumnName='null', referencedColumn='null', mappedBy='player'}
19:40:32.504 [main] DEBUG org.hibernate.cfg.Ejb3Column - Binding column: Ejb3Column{table=org.hibernate.mapping.Table(player), mappingColumn=items, insertable=true, updatable=true, unique=false}
19:40:32.504 [main] DEBUG org.hibernate.cfg.Ejb3Column - Binding column: Ejb3Column{table=org.hibernate.mapping.Table(player), mappingColumn=null, insertable=true, updatable=true, unique=false}
19:40:32.504 [main] DEBUG org.hibernate.cfg.Ejb3Column - Binding column: Ejb3Column{table=org.hibernate.mapping.Table(player), mappingColumn=element, insertable=true, updatable=true, unique=false}
19:40:32.504 [main] DEBUG org.hibernate.cfg.Ejb3Column - Binding column: Ejb3Column{table=org.hibernate.mapping.Table(player), mappingColumn=items_KEY, insertable=true, updatable=true, unique=false}
19:40:32.504 [main] DEBUG org.hibernate.cfg.Ejb3Column - Binding column: Ejb3JoinColumn{logicalColumnName='items_KEY', referencedColumn='null', mappedBy='null'}
19:40:32.504 [main] DEBUG org.hibernate.cfg.Ejb3Column - Binding column: Ejb3JoinColumn{logicalColumnName='null', referencedColumn='null', mappedBy='player'}
19:40:32.504 [main] DEBUG org.hibernate.cfg.Ejb3Column - Binding column: Ejb3JoinColumn{logicalColumnName='null', referencedColumn='null', mappedBy='player'}
19:40:32.505 [main] DEBUG org.hibernate.cfg.annotations.CollectionBinder - Collection role: tau.mmo.domain.Player.items
19:40:32.505 [main] DEBUG org.hibernate.cfg.annotations.PropertyBinder - Building property items
19:40:32.505 [main] DEBUG org.hibernate.cfg.Ejb3Column - Binding column: Ejb3Column{table=org.hibernate.mapping.Table(player), mappingColumn=level, insertable=true, updatable=true, unique=false}
19:40:32.505 [main] DEBUG org.hibernate.cfg.annotations.PropertyBinder - MetadataSourceProcessor property level with lazy=false
19:40:32.505 [main] DEBUG org.hibernate.cfg.AbstractPropertyHolder - Attempting to locate auto-apply AttributeConverter for property [tau.mmo.domain.Player:level]
19:40:32.505 [main] DEBUG org.hibernate.cfg.annotations.SimpleValueBinder - building SimpleValue for level
19:40:32.505 [main] DEBUG org.hibernate.cfg.annotations.PropertyBinder - Building property level
19:40:32.505 [main] DEBUG org.hibernate.cfg.Ejb3Column - Binding column: Ejb3Column{table=org.hibernate.mapping.Table(player), mappingColumn=name, insertable=true, updatable=true, unique=false}
19:40:32.505 [main] DEBUG org.hibernate.cfg.annotations.PropertyBinder - MetadataSourceProcessor property name with lazy=false
19:40:32.505 [main] DEBUG org.hibernate.cfg.AbstractPropertyHolder - Attempting to locate auto-apply AttributeConverter for property [tau.mmo.domain.Player:name]
19:40:32.505 [main] DEBUG org.hibernate.cfg.annotations.SimpleValueBinder - building SimpleValue for name
19:40:32.505 [main] DEBUG org.hibernate.cfg.annotations.PropertyBinder - Building property name
19:40:32.505 [main] DEBUG org.hibernate.cfg.annotations.SimpleValueBinder - Starting fillSimpleValue for id
19:40:32.505 [main] DEBUG org.hibernate.cfg.annotations.SimpleValueBinder - Starting fillSimpleValue for itemclass
19:40:32.505 [main] DEBUG org.hibernate.cfg.annotations.SimpleValueBinder - Starting fillSimpleValue for levelreq
19:40:32.505 [main] DEBUG org.hibernate.cfg.annotations.SimpleValueBinder - Starting fillSimpleValue for name
19:40:32.505 [main] DEBUG org.hibernate.cfg.annotations.SimpleValueBinder - Starting fillSimpleValue for id
19:40:32.505 [main] DEBUG org.hibernate.cfg.annotations.SimpleValueBinder - Starting fillSimpleValue for heroclass
19:40:32.505 [main] DEBUG org.hibernate.cfg.annotations.SimpleValueBinder - Starting fillSimpleValue for level
19:40:32.505 [main] DEBUG org.hibernate.cfg.annotations.SimpleValueBinder - Starting fillSimpleValue for name
19:40:32.505 [main] DEBUG org.hibernate.mapping.PrimaryKey - Forcing column [id] to be non-null as it is part of the primary key for table [item]
19:40:32.505 [main] DEBUG org.hibernate.mapping.PrimaryKey - Forcing column [id] to be non-null as it is part of the primary key for table [player]
19:40:32.505 [main] DEBUG org.hibernate.cfg.CollectionSecondPass - Second pass for collection: tau.mmo.domain.Player.items
19:40:32.506 [main] DEBUG org.hibernate.cfg.annotations.CollectionBinder - Binding a OneToMany: tau.mmo.domain.Player.items through a foreign key
19:40:32.506 [main] DEBUG org.hibernate.cfg.annotations.CollectionBinder - Mapping collection: tau.mmo.domain.Player.items -> item
19:40:32.506 [main] DEBUG org.hibernate.cfg.annotations.TableBinder - Retrieving property tau.mmo.domain.Item.player
19:40:32.506 [main] DEBUG org.hibernate.cfg.CollectionSecondPass - Mapped collection key: player_id, one-to-many: tau.mmo.domain.Item
19:40:32.506 [main] DEBUG org.hibernate.boot.internal.InFlightMetadataCollectorImpl - Resolving reference to class: tau.mmo.domain.Player
19:40:32.506 [main] DEBUG org.hibernate.boot.internal.InFlightMetadataCollectorImpl - Resolving reference to class: tau.mmo.domain.Player
19:40:32.507 [main] DEBUG org.hibernate.internal.SessionFactoryImpl - Building session factory
19:40:32.507 [main] DEBUG org.hibernate.cfg.Settings - SessionFactory name : null
19:40:32.507 [main] DEBUG org.hibernate.cfg.Settings - Automatic flush during beforeCompletion(): disabled
19:40:32.507 [main] DEBUG org.hibernate.cfg.Settings - Automatic session close at end of transaction: disabled
19:40:32.507 [main] DEBUG org.hibernate.cfg.Settings - Statistics: disabled
19:40:32.507 [main] DEBUG org.hibernate.cfg.Settings - Deleted entity synthetic identifier rollback: disabled
19:40:32.507 [main] DEBUG org.hibernate.cfg.Settings - Default entity-mode: pojo
19:40:32.507 [main] DEBUG org.hibernate.cfg.Settings - Check Nullability in Core (should be disabled when Bean Validation is on): enabled
19:40:32.507 [main] DEBUG org.hibernate.cfg.Settings - Allow initialization of lazy state outside session : disabled
19:40:32.507 [main] DEBUG org.hibernate.cfg.Settings - Using BatchFetchStyle : LEGACY
19:40:32.507 [main] DEBUG org.hibernate.cfg.Settings - Default batch fetch size: -1
19:40:32.507 [main] DEBUG org.hibernate.cfg.Settings - Maximum outer join fetch depth: null
19:40:32.507 [main] DEBUG org.hibernate.cfg.Settings - Default null ordering: NONE
19:40:32.507 [main] DEBUG org.hibernate.cfg.Settings - Order SQL updates by primary key: disabled
19:40:32.507 [main] DEBUG org.hibernate.cfg.Settings - Order SQL inserts for batching: disabled
19:40:32.507 [main] DEBUG org.hibernate.cfg.Settings - multi-tenancy strategy : NONE
19:40:32.507 [main] DEBUG org.hibernate.cfg.Settings - JTA Track by Thread: enabled
19:40:32.507 [main] DEBUG org.hibernate.cfg.Settings - Query language substitutions: {}
19:40:32.507 [main] DEBUG org.hibernate.cfg.Settings - JPA query language strict compliance: disabled
19:40:32.507 [main] DEBUG org.hibernate.cfg.Settings - Named query checking : enabled
19:40:32.507 [main] DEBUG org.hibernate.cfg.Settings - Second-level cache: enabled
19:40:32.507 [main] DEBUG org.hibernate.cfg.Settings - Second-level query cache: disabled
19:40:32.507 [main] DEBUG org.hibernate.cfg.Settings - Second-level query cache factory: org.hibernate.cache.internal.StandardQueryCacheFactory@2da16263
19:40:32.507 [main] DEBUG org.hibernate.cfg.Settings - Second-level cache region prefix: null
19:40:32.507 [main] DEBUG org.hibernate.cfg.Settings - Optimize second-level cache for minimal puts: disabled
19:40:32.507 [main] DEBUG org.hibernate.cfg.Settings - Structured second-level cache entries: disabled
19:40:32.507 [main] DEBUG org.hibernate.cfg.Settings - Second-level cache direct-reference entries: disabled
19:40:32.507 [main] DEBUG org.hibernate.cfg.Settings - Automatic eviction of collection cache: disabled
19:40:32.507 [main] DEBUG org.hibernate.cfg.Settings - JDBC batch size: 0
19:40:32.507 [main] DEBUG org.hibernate.cfg.Settings - JDBC batch updates for versioned data: enabled
19:40:32.507 [main] DEBUG org.hibernate.cfg.Settings - Scrollable result sets: disabled
19:40:32.507 [main] DEBUG org.hibernate.cfg.Settings - Wrap result sets: disabled
19:40:32.507 [main] DEBUG org.hibernate.cfg.Settings - JDBC3 getGeneratedKeys(): disabled
19:40:32.507 [main] DEBUG org.hibernate.cfg.Settings - JDBC result set fetch size: null
19:40:32.507 [main] DEBUG org.hibernate.cfg.Settings - Connection release mode: ON_CLOSE
19:40:32.507 [main] DEBUG org.hibernate.cfg.Settings - Generate SQL with comments: disabled
19:40:32.508 [main] DEBUG org.hibernate.internal.SessionFactoryImpl - Session factory constructed with filter configurations : {}
19:40:32.508 [main] DEBUG org.hibernate.internal.SessionFactoryImpl - Instantiating session factory with properties: {awt.toolkit=sun.awt.X11.XToolkit, java.specification.version=11, sun.cpu.isalist=, sun.jnu.encoding=UTF-8, hibernate.connection.release_mode=ON_CLOSE, sun.arch.data.model=64, java.vendor.url=http://java.oracle.com/, sun.boot.library.path=/usr/lib/jvm/java-11-openjdk-amd64/lib, sun.java.command=/home/whitewolf/tau/TAU-repozytorium/tau-mmo-jmeter/target/surefire/surefirebooter3068630985977223282.jar /home/whitewolf/tau/TAU-repozytorium/tau-mmo-jmeter/target/surefire 2019-05-27T19-40-27_728-jvmRun1 surefire9941762728851701862tmp surefire_013181237219562226252tmp, jdk.debug=release, java.specification.vendor=Oracle Corporation, java.version.date=2019-04-16, java.home=/usr/lib/jvm/java-11-openjdk-amd64, file.separator=/, basedir=/home/whitewolf/tau/TAU-repozytorium/tau-mmo-jmeter, java.vm.compressedOopsMode=Zero based, line.separator=
, java.specification.name=Java Platform API Specification, java.vm.specification.vendor=Oracle Corporation, hibernate.hbm2ddl.auto=update, sun.management.compiler=HotSpot 64-Bit Tiered Compilers, java.runtime.version=11.0.3+7-Ubuntu-1ubuntu218.04.1, user.name=whitewolf, file.encoding=UTF-8, hibernate.classLoaders=[jdk.internal.loader.ClassLoaders$AppClassLoader@1affbebc], hibernate.current_session_context_class=org.springframework.orm.hibernate5.SpringSessionContext, localRepository=/home/whitewolf/.m2/repository, java.io.tmpdir=/tmp, java.version=11.0.3, java.vm.specification.name=Java Virtual Machine Specification, java.awt.printerjob=sun.print.PSPrinterJob, sun.os.patch.level=unknown, java.library.path=/usr/java/packages/lib:/usr/lib/x86_64-linux-gnu/jni:/lib/x86_64-linux-gnu:/usr/lib/x86_64-linux-gnu:/usr/lib/jni:/lib:/usr/lib, java.vendor=Oracle Corporation, sun.io.unicode.encoding=UnicodeLittle, sun.desktop=gnome, hibernate.dialect=org.hibernate.dialect.HSQLDialect, java.class.path=/home/whitewolf/tau/TAU-repozytorium/tau-mmo-jmeter/target/test-classes:/home/whitewolf/tau/TAU-repozytorium/tau-mmo-jmeter/target/classes:/home/whitewolf/.m2/repository/org/springframework/boot/spring-boot-starter-web/2.1.4.RELEASE/spring-boot-starter-web-2.1.4.RELEASE.jar:/home/whitewolf/.m2/repository/org/springframework/boot/spring-boot-starter/2.1.4.RELEASE/spring-boot-starter-2.1.4.RELEASE.jar:/home/whitewolf/.m2/repository/org/springframework/boot/spring-boot/2.1.4.RELEASE/spring-boot-2.1.4.RELEASE.jar:/home/whitewolf/.m2/repository/org/springframework/boot/spring-boot-autoconfigure/2.1.4.RELEASE/spring-boot-autoconfigure-2.1.4.RELEASE.jar:/home/whitewolf/.m2/repository/org/springframework/boot/spring-boot-starter-logging/2.1.4.RELEASE/spring-boot-starter-logging-2.1.4.RELEASE.jar:/home/whitewolf/.m2/repository/ch/qos/logback/logback-classic/1.2.3/logback-classic-1.2.3.jar:/home/whitewolf/.m2/repository/ch/qos/logback/logback-core/1.2.3/logback-core-1.2.3.jar:/home/whitewolf/.m2/repository/org/apache/logging/log4j/log4j-to-slf4j/2.11.2/log4j-to-slf4j-2.11.2.jar:/home/whitewolf/.m2/repository/org/apache/logging/log4j/log4j-api/2.11.2/log4j-api-2.11.2.jar:/home/whitewolf/.m2/repository/org/slf4j/jul-to-slf4j/1.7.26/jul-to-slf4j-1.7.26.jar:/home/whitewolf/.m2/repository/org/yaml/snakeyaml/1.23/snakeyaml-1.23.jar:/home/whitewolf/.m2/repository/org/springframework/boot/spring-boot-starter-json/2.1.4.RELEASE/spring-boot-starter-json-2.1.4.RELEASE.jar:/home/whitewolf/.m2/repository/com/fasterxml/jackson/core/jackson-databind/2.9.8/jackson-databind-2.9.8.jar:/home/whitewolf/.m2/repository/com/fasterxml/jackson/core/jackson-annotations/2.9.0/jackson-annotations-2.9.0.jar:/home/whitewolf/.m2/repository/com/fasterxml/jackson/core/jackson-core/2.9.8/jackson-core-2.9.8.jar:/home/whitewolf/.m2/repository/com/fasterxml/jackson/datatype/jackson-datatype-jdk8/2.9.8/jackson-datatype-jdk8-2.9.8.jar:/home/whitewolf/.m2/repository/com/fasterxml/jackson/datatype/jackson-datatype-jsr310/2.9.8/jackson-datatype-jsr310-2.9.8.jar:/home/whitewolf/.m2/repository/com/fasterxml/jackson/module/jackson-module-parameter-names/2.9.8/jackson-module-parameter-names-2.9.8.jar:/home/whitewolf/.m2/repository/org/hibernate/validator/hibernate-validator/6.0.16.Final/hibernate-validator-6.0.16.Final.jar:/home/whitewolf/.m2/repository/javax/validation/validation-api/2.0.1.Final/validation-api-2.0.1.Final.jar:/home/whitewolf/.m2/repository/org/springframework/spring-web/5.1.6.RELEASE/spring-web-5.1.6.RELEASE.jar:/home/whitewolf/.m2/repository/org/springframework/spring-webmvc/5.1.6.RELEASE/spring-webmvc-5.1.6.RELEASE.jar:/home/whitewolf/.m2/repository/org/springframework/spring-aop/5.1.6.RELEASE/spring-aop-5.1.6.RELEASE.jar:/home/whitewolf/.m2/repository/org/springframework/spring-context/5.1.6.RELEASE/spring-context-5.1.6.RELEASE.jar:/home/whitewolf/.m2/repository/org/springframework/spring-expression/5.1.6.RELEASE/spring-expression-5.1.6.RELEASE.jar:/home/whitewolf/.m2/repository/org/springframework/boot/spring-boot-starter-test/2.1.4.RELEASE/spring-boot-starter-test-2.1.4.RELEASE.jar:/home/whitewolf/.m2/repository/org/springframework/boot/spring-boot-test/2.1.4.RELEASE/spring-boot-test-2.1.4.RELEASE.jar:/home/whitewolf/.m2/repository/org/springframework/boot/spring-boot-test-autoconfigure/2.1.4.RELEASE/spring-boot-test-autoconfigure-2.1.4.RELEASE.jar:/home/whitewolf/.m2/repository/junit/junit/4.12/junit-4.12.jar:/home/whitewolf/.m2/repository/org/assertj/assertj-core/3.11.1/assertj-core-3.11.1.jar:/home/whitewolf/.m2/repository/org/mockito/mockito-core/2.23.4/mockito-core-2.23.4.jar:/home/whitewolf/.m2/repository/net/bytebuddy/byte-buddy/1.9.12/byte-buddy-1.9.12.jar:/home/whitewolf/.m2/repository/net/bytebuddy/byte-buddy-agent/1.9.12/byte-buddy-agent-1.9.12.jar:/home/whitewolf/.m2/repository/org/objenesis/objenesis/2.6/objenesis-2.6.jar:/home/whitewolf/.m2/repository/org/hamcrest/hamcrest-core/1.3/hamcrest-core-1.3.jar:/home/whitewolf/.m2/repository/org/hamcrest/hamcrest-library/1.3/hamcrest-library-1.3.jar:/home/whitewolf/.m2/repository/org/skyscreamer/jsonassert/1.5.0/jsonassert-1.5.0.jar:/home/whitewolf/.m2/repository/com/vaadin/external/google/android-json/0.0.20131108.vaadin1/android-json-0.0.20131108.vaadin1.jar:/home/whitewolf/.m2/repository/org/springframework/spring-core/5.1.6.RELEASE/spring-core-5.1.6.RELEASE.jar:/home/whitewolf/.m2/repository/org/springframework/spring-jcl/5.1.6.RELEASE/spring-jcl-5.1.6.RELEASE.jar:/home/whitewolf/.m2/repository/org/springframework/spring-test/5.1.6.RELEASE/spring-test-5.1.6.RELEASE.jar:/home/whitewolf/.m2/repository/org/xmlunit/xmlunit-core/2.6.2/xmlunit-core-2.6.2.jar:/home/whitewolf/.m2/repository/org/springframework/boot/spring-boot-starter-tomcat/2.1.4.RELEASE/spring-boot-starter-tomcat-2.1.4.RELEASE.jar:/home/whitewolf/.m2/repository/javax/annotation/javax.annotation-api/1.3.2/javax.annotation-api-1.3.2.jar:/home/whitewolf/.m2/repository/org/apache/tomcat/embed/tomcat-embed-core/9.0.17/tomcat-embed-core-9.0.17.jar:/home/whitewolf/.m2/repository/org/apache/tomcat/embed/tomcat-embed-el/9.0.17/tomcat-embed-el-9.0.17.jar:/home/whitewolf/.m2/repository/org/apache/tomcat/embed/tomcat-embed-websocket/9.0.17/tomcat-embed-websocket-9.0.17.jar:/home/whitewolf/.m2/repository/org/springframework/boot/spring-boot-starter-data-jpa/2.1.4.RELEASE/spring-boot-starter-data-jpa-2.1.4.RELEASE.jar:/home/whitewolf/.m2/repository/org/springframework/boot/spring-boot-starter-aop/2.1.4.RELEASE/spring-boot-starter-aop-2.1.4.RELEASE.jar:/home/whitewolf/.m2/repository/org/aspectj/aspectjweaver/1.9.2/aspectjweaver-1.9.2.jar:/home/whitewolf/.m2/repository/org/springframework/boot/spring-boot-starter-jdbc/2.1.4.RELEASE/spring-boot-starter-jdbc-2.1.4.RELEASE.jar:/home/whitewolf/.m2/repository/com/zaxxer/HikariCP/3.2.0/HikariCP-3.2.0.jar:/home/whitewolf/.m2/repository/org/springframework/spring-jdbc/5.1.6.RELEASE/spring-jdbc-5.1.6.RELEASE.jar:/home/whitewolf/.m2/repository/javax/transaction/javax.transaction-api/1.3/javax.transaction-api-1.3.jar:/home/whitewolf/.m2/repository/javax/xml/bind/jaxb-api/2.3.1/jaxb-api-2.3.1.jar:/home/whitewolf/.m2/repository/javax/activation/javax.activation-api/1.2.0/javax.activation-api-1.2.0.jar:/home/whitewolf/.m2/repository/org/springframework/data/spring-data-jpa/2.1.6.RELEASE/spring-data-jpa-2.1.6.RELEASE.jar:/home/whitewolf/.m2/repository/org/springframework/data/spring-data-commons/2.1.6.RELEASE/spring-data-commons-2.1.6.RELEASE.jar:/home/whitewolf/.m2/repository/org/springframework/spring-orm/5.1.6.RELEASE/spring-orm-5.1.6.RELEASE.jar:/home/whitewolf/.m2/repository/org/springframework/spring-aspects/5.1.6.RELEASE/spring-aspects-5.1.6.RELEASE.jar:/home/whitewolf/.m2/repository/org/springframework/spring-tx/5.1.6.RELEASE/spring-tx-5.1.6.RELEASE.jar:/home/whitewolf/.m2/repository/org/springframework/spring-beans/5.1.6.RELEASE/spring-beans-5.1.6.RELEASE.jar:/home/whitewolf/.m2/repository/com/jayway/jsonpath/json-path/2.4.0/json-path-2.4.0.jar:/home/whitewolf/.m2/repository/net/minidev/json-smart/2.3/json-smart-2.3.jar:/home/whitewolf/.m2/repository/net/minidev/accessors-smart/1.2/accessors-smart-1.2.jar:/home/whitewolf/.m2/repository/org/ow2/asm/asm/5.0.4/asm-5.0.4.jar:/home/whitewolf/.m2/repository/org/slf4j/slf4j-api/1.7.26/slf4j-api-1.7.26.jar:/home/whitewolf/.m2/repository/org/hibernate/hibernate-core/5.1.6.Final/hibernate-core-5.1.6.Final.jar:/home/whitewolf/.m2/repository/org/jboss/logging/jboss-logging/3.3.2.Final/jboss-logging-3.3.2.Final.jar:/home/whitewolf/.m2/repository/org/hibernate/javax/persistence/hibernate-jpa-2.1-api/1.0.0.Final/hibernate-jpa-2.1-api-1.0.0.Final.jar:/home/whitewolf/.m2/repository/org/javassist/javassist/3.20.0-GA/javassist-3.20.0-GA.jar:/home/whitewolf/.m2/repository/antlr/antlr/2.7.7/antlr-2.7.7.jar:/home/whitewolf/.m2/repository/org/apache/geronimo/specs/geronimo-jta_1.1_spec/1.1.1/geronimo-jta_1.1_spec-1.1.1.jar:/home/whitewolf/.m2/repository/org/jboss/jandex/2.0.3.Final/jandex-2.0.3.Final.jar:/home/whitewolf/.m2/repository/com/fasterxml/classmate/1.4.0/classmate-1.4.0.jar:/home/whitewolf/.m2/repository/dom4j/dom4j/1.6.1/dom4j-1.6.1.jar:/home/whitewolf/.m2/repository/org/hibernate/common/hibernate-commons-annotations/5.0.1.Final/hibernate-commons-annotations-5.0.1.Final.jar:/home/whitewolf/.m2/repository/org/hsqldb/hsqldb/2.3.4/hsqldb-2.3.4.jar:, java.vm.vendor=Oracle Corporation, user.timezone=Europe/Warsaw, os.name=Linux, java.vm.specification.version=11, sun.java.launcher=SUN_STANDARD, user.country=PL, surefire.test.class.path=/home/whitewolf/tau/TAU-repozytorium/tau-mmo-jmeter/target/test-classes:/home/whitewolf/tau/TAU-repozytorium/tau-mmo-jmeter/target/classes:/home/whitewolf/.m2/repository/org/springframework/boot/spring-boot-starter-web/2.1.4.RELEASE/spring-boot-starter-web-2.1.4.RELEASE.jar:/home/whitewolf/.m2/repository/org/springframework/boot/spring-boot-starter/2.1.4.RELEASE/spring-boot-starter-2.1.4.RELEASE.jar:/home/whitewolf/.m2/repository/org/springframework/boot/spring-boot/2.1.4.RELEASE/spring-boot-2.1.4.RELEASE.jar:/home/whitewolf/.m2/repository/org/springframework/boot/spring-boot-autoconfigure/2.1.4.RELEASE/spring-boot-autoconfigure-2.1.4.RELEASE.jar:/home/whitewolf/.m2/repository/org/springframework/boot/spring-boot-starter-logging/2.1.4.RELEASE/spring-boot-starter-logging-2.1.4.RELEASE.jar:/home/whitewolf/.m2/repository/ch/qos/logback/logback-classic/1.2.3/logback-classic-1.2.3.jar:/home/whitewolf/.m2/repository/ch/qos/logback/logback-core/1.2.3/logback-core-1.2.3.jar:/home/whitewolf/.m2/repository/org/apache/logging/log4j/log4j-to-slf4j/2.11.2/log4j-to-slf4j-2.11.2.jar:/home/whitewolf/.m2/repository/org/apache/logging/log4j/log4j-api/2.11.2/log4j-api-2.11.2.jar:/home/whitewolf/.m2/repository/org/slf4j/jul-to-slf4j/1.7.26/jul-to-slf4j-1.7.26.jar:/home/whitewolf/.m2/repository/org/yaml/snakeyaml/1.23/snakeyaml-1.23.jar:/home/whitewolf/.m2/repository/org/springframework/boot/spring-boot-starter-json/2.1.4.RELEASE/spring-boot-starter-json-2.1.4.RELEASE.jar:/home/whitewolf/.m2/repository/com/fasterxml/jackson/core/jackson-databind/2.9.8/jackson-databind-2.9.8.jar:/home/whitewolf/.m2/repository/com/fasterxml/jackson/core/jackson-annotations/2.9.0/jackson-annotations-2.9.0.jar:/home/whitewolf/.m2/repository/com/fasterxml/jackson/core/jackson-core/2.9.8/jackson-core-2.9.8.jar:/home/whitewolf/.m2/repository/com/fasterxml/jackson/datatype/jackson-datatype-jdk8/2.9.8/jackson-datatype-jdk8-2.9.8.jar:/home/whitewolf/.m2/repository/com/fasterxml/jackson/datatype/jackson-datatype-jsr310/2.9.8/jackson-datatype-jsr310-2.9.8.jar:/home/whitewolf/.m2/repository/com/fasterxml/jackson/module/jackson-module-parameter-names/2.9.8/jackson-module-parameter-names-2.9.8.jar:/home/whitewolf/.m2/repository/org/hibernate/validator/hibernate-validator/6.0.16.Final/hibernate-validator-6.0.16.Final.jar:/home/whitewolf/.m2/repository/javax/validation/validation-api/2.0.1.Final/validation-api-2.0.1.Final.jar:/home/whitewolf/.m2/repository/org/springframework/spring-web/5.1.6.RELEASE/spring-web-5.1.6.RELEASE.jar:/home/whitewolf/.m2/repository/org/springframework/spring-webmvc/5.1.6.RELEASE/spring-webmvc-5.1.6.RELEASE.jar:/home/whitewolf/.m2/repository/org/springframework/spring-aop/5.1.6.RELEASE/spring-aop-5.1.6.RELEASE.jar:/home/whitewolf/.m2/repository/org/springframework/spring-context/5.1.6.RELEASE/spring-context-5.1.6.RELEASE.jar:/home/whitewolf/.m2/repository/org/springframework/spring-expression/5.1.6.RELEASE/spring-expression-5.1.6.RELEASE.jar:/home/whitewolf/.m2/repository/org/springframework/boot/spring-boot-starter-test/2.1.4.RELEASE/spring-boot-starter-test-2.1.4.RELEASE.jar:/home/whitewolf/.m2/repository/org/springframework/boot/spring-boot-test/2.1.4.RELEASE/spring-boot-test-2.1.4.RELEASE.jar:/home/whitewolf/.m2/repository/org/springframework/boot/spring-boot-test-autoconfigure/2.1.4.RELEASE/spring-boot-test-autoconfigure-2.1.4.RELEASE.jar:/home/whitewolf/.m2/repository/junit/junit/4.12/junit-4.12.jar:/home/whitewolf/.m2/repository/org/assertj/assertj-core/3.11.1/assertj-core-3.11.1.jar:/home/whitewolf/.m2/repository/org/mockito/mockito-core/2.23.4/mockito-core-2.23.4.jar:/home/whitewolf/.m2/repository/net/bytebuddy/byte-buddy/1.9.12/byte-buddy-1.9.12.jar:/home/whitewolf/.m2/repository/net/bytebuddy/byte-buddy-agent/1.9.12/byte-buddy-agent-1.9.12.jar:/home/whitewolf/.m2/repository/org/objenesis/objenesis/2.6/objenesis-2.6.jar:/home/whitewolf/.m2/repository/org/hamcrest/hamcrest-core/1.3/hamcrest-core-1.3.jar:/home/whitewolf/.m2/repository/org/hamcrest/hamcrest-library/1.3/hamcrest-library-1.3.jar:/home/whitewolf/.m2/repository/org/skyscreamer/jsonassert/1.5.0/jsonassert-1.5.0.jar:/home/whitewolf/.m2/repository/com/vaadin/external/google/android-json/0.0.20131108.vaadin1/android-json-0.0.20131108.vaadin1.jar:/home/whitewolf/.m2/repository/org/springframework/spring-core/5.1.6.RELEASE/spring-core-5.1.6.RELEASE.jar:/home/whitewolf/.m2/repository/org/springframework/spring-jcl/5.1.6.RELEASE/spring-jcl-5.1.6.RELEASE.jar:/home/whitewolf/.m2/repository/org/springframework/spring-test/5.1.6.RELEASE/spring-test-5.1.6.RELEASE.jar:/home/whitewolf/.m2/repository/org/xmlunit/xmlunit-core/2.6.2/xmlunit-core-2.6.2.jar:/home/whitewolf/.m2/repository/org/springframework/boot/spring-boot-starter-tomcat/2.1.4.RELEASE/spring-boot-starter-tomcat-2.1.4.RELEASE.jar:/home/whitewolf/.m2/repository/javax/annotation/javax.annotation-api/1.3.2/javax.annotation-api-1.3.2.jar:/home/whitewolf/.m2/repository/org/apache/tomcat/embed/tomcat-embed-core/9.0.17/tomcat-embed-core-9.0.17.jar:/home/whitewolf/.m2/repository/org/apache/tomcat/embed/tomcat-embed-el/9.0.17/tomcat-embed-el-9.0.17.jar:/home/whitewolf/.m2/repository/org/apache/tomcat/embed/tomcat-embed-websocket/9.0.17/tomcat-embed-websocket-9.0.17.jar:/home/whitewolf/.m2/repository/org/springframework/boot/spring-boot-starter-data-jpa/2.1.4.RELEASE/spring-boot-starter-data-jpa-2.1.4.RELEASE.jar:/home/whitewolf/.m2/repository/org/springframework/boot/spring-boot-starter-aop/2.1.4.RELEASE/spring-boot-starter-aop-2.1.4.RELEASE.jar:/home/whitewolf/.m2/repository/org/aspectj/aspectjweaver/1.9.2/aspectjweaver-1.9.2.jar:/home/whitewolf/.m2/repository/org/springframework/boot/spring-boot-starter-jdbc/2.1.4.RELEASE/spring-boot-starter-jdbc-2.1.4.RELEASE.jar:/home/whitewolf/.m2/repository/com/zaxxer/HikariCP/3.2.0/HikariCP-3.2.0.jar:/home/whitewolf/.m2/repository/org/springframework/spring-jdbc/5.1.6.RELEASE/spring-jdbc-5.1.6.RELEASE.jar:/home/whitewolf/.m2/repository/javax/transaction/javax.transaction-api/1.3/javax.transaction-api-1.3.jar:/home/whitewolf/.m2/repository/javax/xml/bind/jaxb-api/2.3.1/jaxb-api-2.3.1.jar:/home/whitewolf/.m2/repository/javax/activation/javax.activation-api/1.2.0/javax.activation-api-1.2.0.jar:/home/whitewolf/.m2/repository/org/springframework/data/spring-data-jpa/2.1.6.RELEASE/spring-data-jpa-2.1.6.RELEASE.jar:/home/whitewolf/.m2/repository/org/springframework/data/spring-data-commons/2.1.6.RELEASE/spring-data-commons-2.1.6.RELEASE.jar:/home/whitewolf/.m2/repository/org/springframework/spring-orm/5.1.6.RELEASE/spring-orm-5.1.6.RELEASE.jar:/home/whitewolf/.m2/repository/org/springframework/spring-aspects/5.1.6.RELEASE/spring-aspects-5.1.6.RELEASE.jar:/home/whitewolf/.m2/repository/org/springframework/spring-tx/5.1.6.RELEASE/spring-tx-5.1.6.RELEASE.jar:/home/whitewolf/.m2/repository/org/springframework/spring-beans/5.1.6.RELEASE/spring-beans-5.1.6.RELEASE.jar:/home/whitewolf/.m2/repository/com/jayway/jsonpath/json-path/2.4.0/json-path-2.4.0.jar:/home/whitewolf/.m2/repository/net/minidev/json-smart/2.3/json-smart-2.3.jar:/home/whitewolf/.m2/repository/net/minidev/accessors-smart/1.2/accessors-smart-1.2.jar:/home/whitewolf/.m2/repository/org/ow2/asm/asm/5.0.4/asm-5.0.4.jar:/home/whitewolf/.m2/repository/org/slf4j/slf4j-api/1.7.26/slf4j-api-1.7.26.jar:/home/whitewolf/.m2/repository/org/hibernate/hibernate-core/5.1.6.Final/hibernate-core-5.1.6.Final.jar:/home/whitewolf/.m2/repository/org/jboss/logging/jboss-logging/3.3.2.Final/jboss-logging-3.3.2.Final.jar:/home/whitewolf/.m2/repository/org/hibernate/javax/persistence/hibernate-jpa-2.1-api/1.0.0.Final/hibernate-jpa-2.1-api-1.0.0.Final.jar:/home/whitewolf/.m2/repository/org/javassist/javassist/3.20.0-GA/javassist-3.20.0-GA.jar:/home/whitewolf/.m2/repository/antlr/antlr/2.7.7/antlr-2.7.7.jar:/home/whitewolf/.m2/repository/org/apache/geronimo/specs/geronimo-jta_1.1_spec/1.1.1/geronimo-jta_1.1_spec-1.1.1.jar:/home/whitewolf/.m2/repository/org/jboss/jandex/2.0.3.Final/jandex-2.0.3.Final.jar:/home/whitewolf/.m2/repository/com/fasterxml/classmate/1.4.0/classmate-1.4.0.jar:/home/whitewolf/.m2/repository/dom4j/dom4j/1.6.1/dom4j-1.6.1.jar:/home/whitewolf/.m2/repository/org/hibernate/common/hibernate-commons-annotations/5.0.1.Final/hibernate-commons-annotations-5.0.1.Final.jar:/home/whitewolf/.m2/repository/org/hsqldb/hsqldb/2.3.4/hsqldb-2.3.4.jar:, sun.cpu.endian=little, user.home=/home/whitewolf, user.language=pl, java.awt.graphicsenv=sun.awt.X11GraphicsEnvironment, surefire.real.class.path=/home/whitewolf/tau/TAU-repozytorium/tau-mmo-jmeter/target/surefire/surefirebooter3068630985977223282.jar, path.separator=:, os.version=4.15.0-47-generic, java.runtime.name=OpenJDK Runtime Environment, java.vm.name=OpenJDK 64-Bit Server VM, hibernate.show_sql=true, java.vendor.url.bug=http://bugreport.java.com/bugreport/, user.dir=/home/whitewolf/tau/TAU-repozytorium/tau-mmo-jmeter, os.arch=amd64, hibernate.boot.CfgXmlAccessService.key=org.hibernate.boot.cfgxml.spi.LoadedConfig@58e4aa67, java.vm.info=mixed mode, sharing, java.vm.version=11.0.3+7-Ubuntu-1ubuntu218.04.1, hibernate.bytecode.use_reflection_optimizer=false, hibernate.connection.datasource=org.springframework.jdbc.datasource.DriverManagerDataSource@4a7c72af, java.class.version=55.0}
19:40:32.508 [main] DEBUG org.hibernate.validator.internal.engine.resolver.TraversableResolvers - Found javax.persistence.Persistence on classpath containing 'getPersistenceUtil'. Assuming JPA 2 environment. Trying to instantiate JPA aware TraversableResolver
19:40:32.508 [main] DEBUG org.hibernate.validator.internal.engine.resolver.TraversableResolvers - Instantiated JPA aware TraversableResolver of type org.hibernate.validator.internal.engine.resolver.JPATraversableResolver.
19:40:32.508 [main] DEBUG org.hibernate.validator.internal.xml.config.ValidationXmlParser - Trying to load META-INF/validation.xml for XML based Validator configuration.
19:40:32.508 [main] DEBUG org.hibernate.validator.internal.xml.config.ResourceLoaderHelper - Trying to load META-INF/validation.xml via TCCL
19:40:32.508 [main] DEBUG org.hibernate.validator.internal.xml.config.ResourceLoaderHelper - Trying to load META-INF/validation.xml via Hibernate Validator's class loader
19:40:32.508 [main] DEBUG org.hibernate.validator.internal.xml.config.ValidationXmlParser - No META-INF/validation.xml found. Using annotation based configuration only.
19:40:32.512 [main] DEBUG org.hibernate.validator.messageinterpolation.ResourceBundleMessageInterpolator - Loaded expression factory via original TCCL
19:40:32.512 [main] DEBUG org.hibernate.validator.internal.engine.ValidatorFactoryImpl - HV000234: Using org.hibernate.validator.messageinterpolation.ResourceBundleMessageInterpolator as ValidatorFactory-scoped message interpolator.
19:40:32.512 [main] DEBUG org.hibernate.validator.internal.engine.ValidatorFactoryImpl - HV000234: Using org.hibernate.validator.internal.engine.resolver.JPATraversableResolver as ValidatorFactory-scoped traversable resolver.
19:40:32.512 [main] DEBUG org.hibernate.validator.internal.engine.ValidatorFactoryImpl - HV000234: Using org.hibernate.validator.internal.util.ExecutableParameterNameProvider as ValidatorFactory-scoped parameter name provider.
19:40:32.512 [main] DEBUG org.hibernate.validator.internal.engine.ValidatorFactoryImpl - HV000234: Using org.hibernate.validator.internal.engine.DefaultClockProvider as ValidatorFactory-scoped clock provider.
19:40:32.512 [main] DEBUG org.hibernate.validator.internal.engine.ValidatorFactoryImpl - HV000234: Using org.hibernate.validator.internal.engine.scripting.DefaultScriptEvaluatorFactory as ValidatorFactory-scoped script evaluator factory.
19:40:32.512 [main] DEBUG org.hibernate.boot.internal.ClassLoaderAccessImpl - Not known whether passed class name [tau.mmo.domain.Item] is safe
19:40:32.512 [main] DEBUG org.hibernate.boot.internal.ClassLoaderAccessImpl - No temp ClassLoader provided; using live ClassLoader for loading potentially unsafe class : tau.mmo.domain.Item
19:40:32.514 [main] DEBUG org.hibernate.boot.internal.ClassLoaderAccessImpl - Not known whether passed class name [tau.mmo.domain.Player] is safe
19:40:32.514 [main] DEBUG org.hibernate.boot.internal.ClassLoaderAccessImpl - No temp ClassLoader provided; using live ClassLoader for loading potentially unsafe class : tau.mmo.domain.Player
19:40:32.515 [main] DEBUG org.hibernate.secure.spi.JaccIntegrator - Skipping JACC integration as it was not enabled
19:40:32.516 [main] DEBUG org.hibernate.boot.internal.ClassLoaderAccessImpl - Not known whether passed class name [tau.mmo.domain.Item] is safe
19:40:32.516 [main] DEBUG org.hibernate.boot.internal.ClassLoaderAccessImpl - No temp ClassLoader provided; using live ClassLoader for loading potentially unsafe class : tau.mmo.domain.Item
19:40:32.516 [main] DEBUG org.hibernate.boot.internal.ClassLoaderAccessImpl - Not known whether passed class name [tau.mmo.domain.Item] is safe
19:40:32.516 [main] DEBUG org.hibernate.boot.internal.ClassLoaderAccessImpl - No temp ClassLoader provided; using live ClassLoader for loading potentially unsafe class : tau.mmo.domain.Item
19:40:32.516 [main] DEBUG org.hibernate.boot.internal.ClassLoaderAccessImpl - Not known whether passed class name [tau.mmo.domain.Player] is safe
19:40:32.516 [main] DEBUG org.hibernate.boot.internal.ClassLoaderAccessImpl - No temp ClassLoader provided; using live ClassLoader for loading potentially unsafe class : tau.mmo.domain.Player
19:40:32.517 [main] DEBUG org.hibernate.boot.internal.ClassLoaderAccessImpl - Not known whether passed class name [tau.mmo.domain.Player] is safe
19:40:32.517 [main] DEBUG org.hibernate.boot.internal.ClassLoaderAccessImpl - No temp ClassLoader provided; using live ClassLoader for loading potentially unsafe class : tau.mmo.domain.Player
19:40:32.517 [main] DEBUG org.hibernate.persister.collection.AbstractCollectionPersister - Static SQL for collection: tau.mmo.domain.Player.items
19:40:32.517 [main] DEBUG org.hibernate.persister.collection.AbstractCollectionPersister -  Row insert: update item set player_id=? where id=?
19:40:32.517 [main] DEBUG org.hibernate.persister.collection.AbstractCollectionPersister -  Row update: update item set  where id=?
19:40:32.517 [main] DEBUG org.hibernate.persister.collection.AbstractCollectionPersister -  Row delete: update item set player_id=null where player_id=? and id=?
19:40:32.517 [main] DEBUG org.hibernate.persister.collection.AbstractCollectionPersister -  One-shot delete: update item set player_id=null where player_id=?
19:40:32.517 [main] DEBUG org.hibernate.persister.entity.AbstractEntityPersister - Static SQL for entity: tau.mmo.domain.Item
19:40:32.517 [main] DEBUG org.hibernate.persister.entity.AbstractEntityPersister -  Version select: select id from item where id =?
19:40:32.517 [main] DEBUG org.hibernate.persister.entity.AbstractEntityPersister -  Snapshot select: select item_.id, item_.itemclass as itemclas2_0_, item_.levelreq as levelreq3_0_, item_.name as name4_0_, item_.player_id as player_i5_0_ from item item_ where item_.id=?
19:40:32.517 [main] DEBUG org.hibernate.persister.entity.AbstractEntityPersister -  Insert 0: insert into item (itemclass, levelreq, name, player_id, id) values (?, ?, ?, ?, ?)
19:40:32.517 [main] DEBUG org.hibernate.persister.entity.AbstractEntityPersister -  Update 0: update item set itemclass=?, levelreq=?, name=?, player_id=? where id=?
19:40:32.517 [main] DEBUG org.hibernate.persister.entity.AbstractEntityPersister -  Delete 0: delete from item where id=?
19:40:32.517 [main] DEBUG org.hibernate.loader.plan.build.internal.spaces.QuerySpacesImpl - Adding QuerySpace : uid = <gen:0> -> org.hibernate.loader.plan.build.internal.spaces.EntityQuerySpaceImpl@7730da00]
19:40:32.518 [main] DEBUG org.hibernate.persister.walking.spi.MetamodelGraphWalker - Visiting attribute path : itemclass
19:40:32.518 [main] DEBUG org.hibernate.persister.walking.spi.MetamodelGraphWalker - Visiting attribute path : levelreq
19:40:32.518 [main] DEBUG org.hibernate.persister.walking.spi.MetamodelGraphWalker - Visiting attribute path : name
19:40:32.518 [main] DEBUG org.hibernate.persister.walking.spi.MetamodelGraphWalker - Visiting attribute path : player
19:40:32.518 [main] DEBUG org.hibernate.loader.plan.build.internal.spaces.QuerySpacesImpl - Adding QuerySpace : uid = <gen:1> -> org.hibernate.loader.plan.build.internal.spaces.EntityQuerySpaceImpl@3fdede3a]
19:40:32.518 [main] DEBUG org.hibernate.loader.plan.build.internal.FetchStyleLoadPlanBuildingAssociationVisitationStrategy - Building LoadPlan...
19:40:32.518 [main] DEBUG org.hibernate.loader.plan.exec.internal.LoadQueryJoinAndFetchProcessor - processing queryspace <gen:0>
19:40:32.518 [main] DEBUG org.hibernate.loader.plan.build.spi.LoadPlanTreePrinter - LoadPlan(entity=tau.mmo.domain.Item)
    - Returns
       - EntityReturnImpl(entity=tau.mmo.domain.Item, querySpaceUid=<gen:0>, path=tau.mmo.domain.Item)
          - EntityAttributeFetchImpl(entity=tau.mmo.domain.Player, querySpaceUid=<gen:1>, path=tau.mmo.domain.Item.player)
    - QuerySpaces
       - EntityQuerySpaceImpl(uid=<gen:0>, entity=tau.mmo.domain.Item)
          - SQL table alias mapping - item0_
          - alias suffix - 0_
          - suffixed key columns - {id1_0_0_}

19:40:32.518 [main] DEBUG org.hibernate.loader.entity.plan.EntityLoader - Static select for entity tau.mmo.domain.Item [NONE]: select item0_.id as id1_0_0_, item0_.itemclass as itemclas2_0_0_, item0_.levelreq as levelreq3_0_0_, item0_.name as name4_0_0_, item0_.player_id as player_i5_0_0_ from item item0_ where item0_.id=?
19:40:32.518 [main] DEBUG org.hibernate.loader.plan.build.internal.spaces.QuerySpacesImpl - Adding QuerySpace : uid = <gen:0> -> org.hibernate.loader.plan.build.internal.spaces.EntityQuerySpaceImpl@41948c13]
19:40:32.518 [main] DEBUG org.hibernate.persister.walking.spi.MetamodelGraphWalker - Visiting attribute path : itemclass
19:40:32.518 [main] DEBUG org.hibernate.persister.walking.spi.MetamodelGraphWalker - Visiting attribute path : levelreq
19:40:32.518 [main] DEBUG org.hibernate.persister.walking.spi.MetamodelGraphWalker - Visiting attribute path : name
19:40:32.518 [main] DEBUG org.hibernate.persister.walking.spi.MetamodelGraphWalker - Visiting attribute path : player
19:40:32.518 [main] DEBUG org.hibernate.loader.plan.build.internal.spaces.QuerySpacesImpl - Adding QuerySpace : uid = <gen:1> -> org.hibernate.loader.plan.build.internal.spaces.EntityQuerySpaceImpl@62264d4f]
19:40:32.518 [main] DEBUG org.hibernate.loader.plan.build.internal.FetchStyleLoadPlanBuildingAssociationVisitationStrategy - Building LoadPlan...
19:40:32.518 [main] DEBUG org.hibernate.loader.plan.exec.internal.LoadQueryJoinAndFetchProcessor - processing queryspace <gen:0>
19:40:32.518 [main] DEBUG org.hibernate.loader.plan.build.spi.LoadPlanTreePrinter - LoadPlan(entity=tau.mmo.domain.Item)
    - Returns
       - EntityReturnImpl(entity=tau.mmo.domain.Item, querySpaceUid=<gen:0>, path=tau.mmo.domain.Item)
          - EntityAttributeFetchImpl(entity=tau.mmo.domain.Player, querySpaceUid=<gen:1>, path=tau.mmo.domain.Item.player)
    - QuerySpaces
       - EntityQuerySpaceImpl(uid=<gen:0>, entity=tau.mmo.domain.Item)
          - SQL table alias mapping - item0_
          - alias suffix - 0_
          - suffixed key columns - {id1_0_0_}

19:40:32.518 [main] DEBUG org.hibernate.loader.entity.plan.EntityLoader - Static select for entity tau.mmo.domain.Item [READ]: select item0_.id as id1_0_0_, item0_.itemclass as itemclas2_0_0_, item0_.levelreq as levelreq3_0_0_, item0_.name as name4_0_0_, item0_.player_id as player_i5_0_0_ from item item0_ where item0_.id=?
19:40:32.519 [main] DEBUG org.hibernate.loader.plan.build.internal.spaces.QuerySpacesImpl - Adding QuerySpace : uid = <gen:0> -> org.hibernate.loader.plan.build.internal.spaces.EntityQuerySpaceImpl@2bc0603f]
19:40:32.519 [main] DEBUG org.hibernate.persister.walking.spi.MetamodelGraphWalker - Visiting attribute path : itemclass
19:40:32.519 [main] DEBUG org.hibernate.persister.walking.spi.MetamodelGraphWalker - Visiting attribute path : levelreq
19:40:32.519 [main] DEBUG org.hibernate.persister.walking.spi.MetamodelGraphWalker - Visiting attribute path : name
19:40:32.519 [main] DEBUG org.hibernate.persister.walking.spi.MetamodelGraphWalker - Visiting attribute path : player
19:40:32.519 [main] DEBUG org.hibernate.loader.plan.build.internal.spaces.QuerySpacesImpl - Adding QuerySpace : uid = <gen:1> -> org.hibernate.loader.plan.build.internal.spaces.EntityQuerySpaceImpl@533e8807]
19:40:32.519 [main] DEBUG org.hibernate.loader.plan.build.internal.FetchStyleLoadPlanBuildingAssociationVisitationStrategy - Building LoadPlan...
19:40:32.519 [main] DEBUG org.hibernate.loader.plan.exec.internal.LoadQueryJoinAndFetchProcessor - processing queryspace <gen:0>
19:40:32.519 [main] DEBUG org.hibernate.loader.plan.build.spi.LoadPlanTreePrinter - LoadPlan(entity=tau.mmo.domain.Item)
    - Returns
       - EntityReturnImpl(entity=tau.mmo.domain.Item, querySpaceUid=<gen:0>, path=tau.mmo.domain.Item)
          - EntityAttributeFetchImpl(entity=tau.mmo.domain.Player, querySpaceUid=<gen:1>, path=tau.mmo.domain.Item.player)
    - QuerySpaces
       - EntityQuerySpaceImpl(uid=<gen:0>, entity=tau.mmo.domain.Item)
          - SQL table alias mapping - item0_
          - alias suffix - 0_
          - suffixed key columns - {id1_0_0_}

19:40:32.519 [main] DEBUG org.hibernate.loader.entity.plan.EntityLoader - Static select for entity tau.mmo.domain.Item [UPGRADE]: select item0_.id as id1_0_0_, item0_.itemclass as itemclas2_0_0_, item0_.levelreq as levelreq3_0_0_, item0_.name as name4_0_0_, item0_.player_id as player_i5_0_0_ from item item0_ where item0_.id=? for update
19:40:32.519 [main] DEBUG org.hibernate.loader.plan.build.internal.spaces.QuerySpacesImpl - Adding QuerySpace : uid = <gen:0> -> org.hibernate.loader.plan.build.internal.spaces.EntityQuerySpaceImpl@322eb1a]
19:40:32.519 [main] DEBUG org.hibernate.persister.walking.spi.MetamodelGraphWalker - Visiting attribute path : itemclass
19:40:32.519 [main] DEBUG org.hibernate.persister.walking.spi.MetamodelGraphWalker - Visiting attribute path : levelreq
19:40:32.519 [main] DEBUG org.hibernate.persister.walking.spi.MetamodelGraphWalker - Visiting attribute path : name
19:40:32.519 [main] DEBUG org.hibernate.persister.walking.spi.MetamodelGraphWalker - Visiting attribute path : player
19:40:32.519 [main] DEBUG org.hibernate.loader.plan.build.internal.spaces.QuerySpacesImpl - Adding QuerySpace : uid = <gen:1> -> org.hibernate.loader.plan.build.internal.spaces.EntityQuerySpaceImpl@69f24965]
19:40:32.519 [main] DEBUG org.hibernate.loader.plan.build.internal.FetchStyleLoadPlanBuildingAssociationVisitationStrategy - Building LoadPlan...
19:40:32.519 [main] DEBUG org.hibernate.loader.plan.exec.internal.LoadQueryJoinAndFetchProcessor - processing queryspace <gen:0>
19:40:32.519 [main] DEBUG org.hibernate.loader.plan.build.spi.LoadPlanTreePrinter - LoadPlan(entity=tau.mmo.domain.Item)
    - Returns
       - EntityReturnImpl(entity=tau.mmo.domain.Item, querySpaceUid=<gen:0>, path=tau.mmo.domain.Item)
          - EntityAttributeFetchImpl(entity=tau.mmo.domain.Player, querySpaceUid=<gen:1>, path=tau.mmo.domain.Item.player)
    - QuerySpaces
       - EntityQuerySpaceImpl(uid=<gen:0>, entity=tau.mmo.domain.Item)
          - SQL table alias mapping - item0_
          - alias suffix - 0_
          - suffixed key columns - {id1_0_0_}

19:40:32.519 [main] DEBUG org.hibernate.loader.entity.plan.EntityLoader - Static select for entity tau.mmo.domain.Item [UPGRADE_NOWAIT]: select item0_.id as id1_0_0_, item0_.itemclass as itemclas2_0_0_, item0_.levelreq as levelreq3_0_0_, item0_.name as name4_0_0_, item0_.player_id as player_i5_0_0_ from item item0_ where item0_.id=? for update
19:40:32.520 [main] DEBUG org.hibernate.loader.plan.build.internal.spaces.QuerySpacesImpl - Adding QuerySpace : uid = <gen:0> -> org.hibernate.loader.plan.build.internal.spaces.EntityQuerySpaceImpl@4eab9aec]
19:40:32.520 [main] DEBUG org.hibernate.persister.walking.spi.MetamodelGraphWalker - Visiting attribute path : itemclass
19:40:32.520 [main] DEBUG org.hibernate.persister.walking.spi.MetamodelGraphWalker - Visiting attribute path : levelreq
19:40:32.520 [main] DEBUG org.hibernate.persister.walking.spi.MetamodelGraphWalker - Visiting attribute path : name
19:40:32.520 [main] DEBUG org.hibernate.persister.walking.spi.MetamodelGraphWalker - Visiting attribute path : player
19:40:32.520 [main] DEBUG org.hibernate.loader.plan.build.internal.spaces.QuerySpacesImpl - Adding QuerySpace : uid = <gen:1> -> org.hibernate.loader.plan.build.internal.spaces.EntityQuerySpaceImpl@2c6efee3]
19:40:32.520 [main] DEBUG org.hibernate.loader.plan.build.internal.FetchStyleLoadPlanBuildingAssociationVisitationStrategy - Building LoadPlan...
19:40:32.520 [main] DEBUG org.hibernate.loader.plan.exec.internal.LoadQueryJoinAndFetchProcessor - processing queryspace <gen:0>
19:40:32.520 [main] DEBUG org.hibernate.loader.plan.build.spi.LoadPlanTreePrinter - LoadPlan(entity=tau.mmo.domain.Item)
    - Returns
       - EntityReturnImpl(entity=tau.mmo.domain.Item, querySpaceUid=<gen:0>, path=tau.mmo.domain.Item)
          - EntityAttributeFetchImpl(entity=tau.mmo.domain.Player, querySpaceUid=<gen:1>, path=tau.mmo.domain.Item.player)
    - QuerySpaces
       - EntityQuerySpaceImpl(uid=<gen:0>, entity=tau.mmo.domain.Item)
          - SQL table alias mapping - item0_
          - alias suffix - 0_
          - suffixed key columns - {id1_0_0_}

19:40:32.520 [main] DEBUG org.hibernate.loader.entity.plan.EntityLoader - Static select for entity tau.mmo.domain.Item [UPGRADE_SKIPLOCKED]: select item0_.id as id1_0_0_, item0_.itemclass as itemclas2_0_0_, item0_.levelreq as levelreq3_0_0_, item0_.name as name4_0_0_, item0_.player_id as player_i5_0_0_ from item item0_ where item0_.id=? for update
19:40:32.520 [main] DEBUG org.hibernate.loader.plan.build.internal.spaces.QuerySpacesImpl - Adding QuerySpace : uid = <gen:0> -> org.hibernate.loader.plan.build.internal.spaces.EntityQuerySpaceImpl@57ac236a]
19:40:32.520 [main] DEBUG org.hibernate.persister.walking.spi.MetamodelGraphWalker - Visiting attribute path : itemclass
19:40:32.520 [main] DEBUG org.hibernate.persister.walking.spi.MetamodelGraphWalker - Visiting attribute path : levelreq
19:40:32.520 [main] DEBUG org.hibernate.persister.walking.spi.MetamodelGraphWalker - Visiting attribute path : name
19:40:32.520 [main] DEBUG org.hibernate.persister.walking.spi.MetamodelGraphWalker - Visiting attribute path : player
19:40:32.520 [main] DEBUG org.hibernate.loader.plan.build.internal.spaces.QuerySpacesImpl - Adding QuerySpace : uid = <gen:1> -> org.hibernate.loader.plan.build.internal.spaces.EntityQuerySpaceImpl@3163e03b]
19:40:32.520 [main] DEBUG org.hibernate.loader.plan.build.internal.FetchStyleLoadPlanBuildingAssociationVisitationStrategy - Building LoadPlan...
19:40:32.520 [main] DEBUG org.hibernate.loader.plan.exec.internal.LoadQueryJoinAndFetchProcessor - processing queryspace <gen:0>
19:40:32.520 [main] DEBUG org.hibernate.loader.plan.build.spi.LoadPlanTreePrinter - LoadPlan(entity=tau.mmo.domain.Item)
    - Returns
       - EntityReturnImpl(entity=tau.mmo.domain.Item, querySpaceUid=<gen:0>, path=tau.mmo.domain.Item)
          - EntityAttributeFetchImpl(entity=tau.mmo.domain.Player, querySpaceUid=<gen:1>, path=tau.mmo.domain.Item.player)
    - QuerySpaces
       - EntityQuerySpaceImpl(uid=<gen:0>, entity=tau.mmo.domain.Item)
          - SQL table alias mapping - item0_
          - alias suffix - 0_
          - suffixed key columns - {id1_0_0_}

19:40:32.520 [main] DEBUG org.hibernate.loader.entity.plan.EntityLoader - Static select for entity tau.mmo.domain.Item [FORCE]: select item0_.id as id1_0_0_, item0_.itemclass as itemclas2_0_0_, item0_.levelreq as levelreq3_0_0_, item0_.name as name4_0_0_, item0_.player_id as player_i5_0_0_ from item item0_ where item0_.id=? for update
19:40:32.520 [main] DEBUG org.hibernate.loader.plan.build.internal.spaces.QuerySpacesImpl - Adding QuerySpace : uid = <gen:0> -> org.hibernate.loader.plan.build.internal.spaces.EntityQuerySpaceImpl@6aa18912]
19:40:32.521 [main] DEBUG org.hibernate.persister.walking.spi.MetamodelGraphWalker - Visiting attribute path : itemclass
19:40:32.521 [main] DEBUG org.hibernate.persister.walking.spi.MetamodelGraphWalker - Visiting attribute path : levelreq
19:40:32.521 [main] DEBUG org.hibernate.persister.walking.spi.MetamodelGraphWalker - Visiting attribute path : name
19:40:32.521 [main] DEBUG org.hibernate.persister.walking.spi.MetamodelGraphWalker - Visiting attribute path : player
19:40:32.521 [main] DEBUG org.hibernate.loader.plan.build.internal.spaces.QuerySpacesImpl - Adding QuerySpace : uid = <gen:1> -> org.hibernate.loader.plan.build.internal.spaces.EntityQuerySpaceImpl@cce92b5]
19:40:32.521 [main] DEBUG org.hibernate.loader.plan.build.internal.FetchStyleLoadPlanBuildingAssociationVisitationStrategy - Building LoadPlan...
19:40:32.521 [main] DEBUG org.hibernate.loader.plan.exec.internal.LoadQueryJoinAndFetchProcessor - processing queryspace <gen:0>
19:40:32.521 [main] DEBUG org.hibernate.loader.plan.build.spi.LoadPlanTreePrinter - LoadPlan(entity=tau.mmo.domain.Item)
    - Returns
       - EntityReturnImpl(entity=tau.mmo.domain.Item, querySpaceUid=<gen:0>, path=tau.mmo.domain.Item)
          - EntityAttributeFetchImpl(entity=tau.mmo.domain.Player, querySpaceUid=<gen:1>, path=tau.mmo.domain.Item.player)
    - QuerySpaces
       - EntityQuerySpaceImpl(uid=<gen:0>, entity=tau.mmo.domain.Item)
          - SQL table alias mapping - item0_
          - alias suffix - 0_
          - suffixed key columns - {id1_0_0_}

19:40:32.521 [main] DEBUG org.hibernate.loader.entity.plan.EntityLoader - Static select for entity tau.mmo.domain.Item [PESSIMISTIC_READ]: select item0_.id as id1_0_0_, item0_.itemclass as itemclas2_0_0_, item0_.levelreq as levelreq3_0_0_, item0_.name as name4_0_0_, item0_.player_id as player_i5_0_0_ from item item0_ where item0_.id=? for update
19:40:32.521 [main] DEBUG org.hibernate.loader.plan.build.internal.spaces.QuerySpacesImpl - Adding QuerySpace : uid = <gen:0> -> org.hibernate.loader.plan.build.internal.spaces.EntityQuerySpaceImpl@2202c92f]
19:40:32.521 [main] DEBUG org.hibernate.persister.walking.spi.MetamodelGraphWalker - Visiting attribute path : itemclass
19:40:32.521 [main] DEBUG org.hibernate.persister.walking.spi.MetamodelGraphWalker - Visiting attribute path : levelreq
19:40:32.521 [main] DEBUG org.hibernate.persister.walking.spi.MetamodelGraphWalker - Visiting attribute path : name
19:40:32.521 [main] DEBUG org.hibernate.persister.walking.spi.MetamodelGraphWalker - Visiting attribute path : player
19:40:32.521 [main] DEBUG org.hibernate.loader.plan.build.internal.spaces.QuerySpacesImpl - Adding QuerySpace : uid = <gen:1> -> org.hibernate.loader.plan.build.internal.spaces.EntityQuerySpaceImpl@1a712f12]
19:40:32.521 [main] DEBUG org.hibernate.loader.plan.build.internal.FetchStyleLoadPlanBuildingAssociationVisitationStrategy - Building LoadPlan...
19:40:32.521 [main] DEBUG org.hibernate.loader.plan.exec.internal.LoadQueryJoinAndFetchProcessor - processing queryspace <gen:0>
19:40:32.521 [main] DEBUG org.hibernate.loader.plan.build.spi.LoadPlanTreePrinter - LoadPlan(entity=tau.mmo.domain.Item)
    - Returns
       - EntityReturnImpl(entity=tau.mmo.domain.Item, querySpaceUid=<gen:0>, path=tau.mmo.domain.Item)
          - EntityAttributeFetchImpl(entity=tau.mmo.domain.Player, querySpaceUid=<gen:1>, path=tau.mmo.domain.Item.player)
    - QuerySpaces
       - EntityQuerySpaceImpl(uid=<gen:0>, entity=tau.mmo.domain.Item)
          - SQL table alias mapping - item0_
          - alias suffix - 0_
          - suffixed key columns - {id1_0_0_}

19:40:32.521 [main] DEBUG org.hibernate.loader.entity.plan.EntityLoader - Static select for entity tau.mmo.domain.Item [PESSIMISTIC_WRITE]: select item0_.id as id1_0_0_, item0_.itemclass as itemclas2_0_0_, item0_.levelreq as levelreq3_0_0_, item0_.name as name4_0_0_, item0_.player_id as player_i5_0_0_ from item item0_ where item0_.id=? for update
19:40:32.521 [main] DEBUG org.hibernate.loader.plan.build.internal.spaces.QuerySpacesImpl - Adding QuerySpace : uid = <gen:0> -> org.hibernate.loader.plan.build.internal.spaces.EntityQuerySpaceImpl@62525dd3]
19:40:32.521 [main] DEBUG org.hibernate.persister.walking.spi.MetamodelGraphWalker - Visiting attribute path : itemclass
19:40:32.521 [main] DEBUG org.hibernate.persister.walking.spi.MetamodelGraphWalker - Visiting attribute path : levelreq
19:40:32.521 [main] DEBUG org.hibernate.persister.walking.spi.MetamodelGraphWalker - Visiting attribute path : name
19:40:32.521 [main] DEBUG org.hibernate.persister.walking.spi.MetamodelGraphWalker - Visiting attribute path : player
19:40:32.521 [main] DEBUG org.hibernate.loader.plan.build.internal.spaces.QuerySpacesImpl - Adding QuerySpace : uid = <gen:1> -> org.hibernate.loader.plan.build.internal.spaces.EntityQuerySpaceImpl@7be6dabb]
19:40:32.521 [main] DEBUG org.hibernate.loader.plan.build.internal.FetchStyleLoadPlanBuildingAssociationVisitationStrategy - Building LoadPlan...
19:40:32.521 [main] DEBUG org.hibernate.loader.plan.exec.internal.LoadQueryJoinAndFetchProcessor - processing queryspace <gen:0>
19:40:32.521 [main] DEBUG org.hibernate.loader.plan.build.spi.LoadPlanTreePrinter - LoadPlan(entity=tau.mmo.domain.Item)
    - Returns
       - EntityReturnImpl(entity=tau.mmo.domain.Item, querySpaceUid=<gen:0>, path=tau.mmo.domain.Item)
          - EntityAttributeFetchImpl(entity=tau.mmo.domain.Player, querySpaceUid=<gen:1>, path=tau.mmo.domain.Item.player)
    - QuerySpaces
       - EntityQuerySpaceImpl(uid=<gen:0>, entity=tau.mmo.domain.Item)
          - SQL table alias mapping - item0_
          - alias suffix - 0_
          - suffixed key columns - {id1_0_0_}

19:40:32.521 [main] DEBUG org.hibernate.loader.entity.plan.EntityLoader - Static select for entity tau.mmo.domain.Item [PESSIMISTIC_FORCE_INCREMENT]: select item0_.id as id1_0_0_, item0_.itemclass as itemclas2_0_0_, item0_.levelreq as levelreq3_0_0_, item0_.name as name4_0_0_, item0_.player_id as player_i5_0_0_ from item item0_ where item0_.id=? for update
19:40:32.521 [main] DEBUG org.hibernate.loader.plan.build.internal.spaces.QuerySpacesImpl - Adding QuerySpace : uid = <gen:0> -> org.hibernate.loader.plan.build.internal.spaces.EntityQuerySpaceImpl@68fc636a]
19:40:32.521 [main] DEBUG org.hibernate.persister.walking.spi.MetamodelGraphWalker - Visiting attribute path : itemclass
19:40:32.521 [main] DEBUG org.hibernate.persister.walking.spi.MetamodelGraphWalker - Visiting attribute path : levelreq
19:40:32.521 [main] DEBUG org.hibernate.persister.walking.spi.MetamodelGraphWalker - Visiting attribute path : name
19:40:32.521 [main] DEBUG org.hibernate.persister.walking.spi.MetamodelGraphWalker - Visiting attribute path : player
19:40:32.521 [main] DEBUG org.hibernate.loader.plan.build.internal.spaces.QuerySpacesImpl - Adding QuerySpace : uid = <gen:1> -> org.hibernate.loader.plan.build.internal.spaces.EntityQuerySpaceImpl@237ee2e1]
19:40:32.521 [main] DEBUG org.hibernate.loader.plan.build.internal.FetchStyleLoadPlanBuildingAssociationVisitationStrategy - Building LoadPlan...
19:40:32.522 [main] DEBUG org.hibernate.loader.plan.exec.internal.LoadQueryJoinAndFetchProcessor - processing queryspace <gen:0>
19:40:32.522 [main] DEBUG org.hibernate.loader.plan.build.spi.LoadPlanTreePrinter - LoadPlan(entity=tau.mmo.domain.Item)
    - Returns
       - EntityReturnImpl(entity=tau.mmo.domain.Item, querySpaceUid=<gen:0>, path=tau.mmo.domain.Item)
          - EntityAttributeFetchImpl(entity=tau.mmo.domain.Player, querySpaceUid=<gen:1>, path=tau.mmo.domain.Item.player)
    - QuerySpaces
       - EntityQuerySpaceImpl(uid=<gen:0>, entity=tau.mmo.domain.Item)
          - SQL table alias mapping - item0_
          - alias suffix - 0_
          - suffixed key columns - {id1_0_0_}

19:40:32.522 [main] DEBUG org.hibernate.loader.entity.plan.EntityLoader - Static select for entity tau.mmo.domain.Item [OPTIMISTIC]: select item0_.id as id1_0_0_, item0_.itemclass as itemclas2_0_0_, item0_.levelreq as levelreq3_0_0_, item0_.name as name4_0_0_, item0_.player_id as player_i5_0_0_ from item item0_ where item0_.id=?
19:40:32.522 [main] DEBUG org.hibernate.loader.plan.build.internal.spaces.QuerySpacesImpl - Adding QuerySpace : uid = <gen:0> -> org.hibernate.loader.plan.build.internal.spaces.EntityQuerySpaceImpl@6e00d737]
19:40:32.522 [main] DEBUG org.hibernate.persister.walking.spi.MetamodelGraphWalker - Visiting attribute path : itemclass
19:40:32.522 [main] DEBUG org.hibernate.persister.walking.spi.MetamodelGraphWalker - Visiting attribute path : levelreq
19:40:32.522 [main] DEBUG org.hibernate.persister.walking.spi.MetamodelGraphWalker - Visiting attribute path : name
19:40:32.522 [main] DEBUG org.hibernate.persister.walking.spi.MetamodelGraphWalker - Visiting attribute path : player
19:40:32.522 [main] DEBUG org.hibernate.loader.plan.build.internal.spaces.QuerySpacesImpl - Adding QuerySpace : uid = <gen:1> -> org.hibernate.loader.plan.build.internal.spaces.EntityQuerySpaceImpl@7d7f966f]
19:40:32.522 [main] DEBUG org.hibernate.loader.plan.build.internal.FetchStyleLoadPlanBuildingAssociationVisitationStrategy - Building LoadPlan...
19:40:32.522 [main] DEBUG org.hibernate.loader.plan.exec.internal.LoadQueryJoinAndFetchProcessor - processing queryspace <gen:0>
19:40:32.522 [main] DEBUG org.hibernate.loader.plan.build.spi.LoadPlanTreePrinter - LoadPlan(entity=tau.mmo.domain.Item)
    - Returns
       - EntityReturnImpl(entity=tau.mmo.domain.Item, querySpaceUid=<gen:0>, path=tau.mmo.domain.Item)
          - EntityAttributeFetchImpl(entity=tau.mmo.domain.Player, querySpaceUid=<gen:1>, path=tau.mmo.domain.Item.player)
    - QuerySpaces
       - EntityQuerySpaceImpl(uid=<gen:0>, entity=tau.mmo.domain.Item)
          - SQL table alias mapping - item0_
          - alias suffix - 0_
          - suffixed key columns - {id1_0_0_}

19:40:32.522 [main] DEBUG org.hibernate.loader.entity.plan.EntityLoader - Static select for entity tau.mmo.domain.Item [OPTIMISTIC_FORCE_INCREMENT]: select item0_.id as id1_0_0_, item0_.itemclass as itemclas2_0_0_, item0_.levelreq as levelreq3_0_0_, item0_.name as name4_0_0_, item0_.player_id as player_i5_0_0_ from item item0_ where item0_.id=?
19:40:32.522 [main] DEBUG org.hibernate.loader.Loader - Static select for action ACTION_MERGE on entity tau.mmo.domain.Item: select item0_.id as id1_0_0_, item0_.itemclass as itemclas2_0_0_, item0_.levelreq as levelreq3_0_0_, item0_.name as name4_0_0_, item0_.player_id as player_i5_0_0_ from item item0_ where item0_.id=?
19:40:32.523 [main] DEBUG org.hibernate.loader.Loader - Static select for action ACTION_REFRESH on entity tau.mmo.domain.Item: select item0_.id as id1_0_0_, item0_.itemclass as itemclas2_0_0_, item0_.levelreq as levelreq3_0_0_, item0_.name as name4_0_0_, item0_.player_id as player_i5_0_0_ from item item0_ where item0_.id=?
19:40:32.523 [main] DEBUG org.hibernate.persister.entity.AbstractEntityPersister - Static SQL for entity: tau.mmo.domain.Player
19:40:32.523 [main] DEBUG org.hibernate.persister.entity.AbstractEntityPersister -  Version select: select id from player where id =?
19:40:32.523 [main] DEBUG org.hibernate.persister.entity.AbstractEntityPersister -  Snapshot select: select player_.id, player_.heroclass as heroclas2_1_, player_.level as level3_1_, player_.name as name4_1_ from player player_ where player_.id=?
19:40:32.523 [main] DEBUG org.hibernate.persister.entity.AbstractEntityPersister -  Insert 0: insert into player (heroclass, level, name, id) values (?, ?, ?, ?)
19:40:32.523 [main] DEBUG org.hibernate.persister.entity.AbstractEntityPersister -  Update 0: update player set heroclass=?, level=?, name=? where id=?
19:40:32.523 [main] DEBUG org.hibernate.persister.entity.AbstractEntityPersister -  Delete 0: delete from player where id=?
19:40:32.523 [main] DEBUG org.hibernate.loader.plan.build.internal.spaces.QuerySpacesImpl - Adding QuerySpace : uid = <gen:0> -> org.hibernate.loader.plan.build.internal.spaces.EntityQuerySpaceImpl@29c21acb]
19:40:32.523 [main] DEBUG org.hibernate.persister.walking.spi.MetamodelGraphWalker - Visiting attribute path : heroclass
19:40:32.523 [main] DEBUG org.hibernate.persister.walking.spi.MetamodelGraphWalker - Visiting attribute path : items
19:40:32.523 [main] DEBUG org.hibernate.loader.plan.build.internal.spaces.QuerySpacesImpl - Adding QuerySpace : uid = <gen:1> -> org.hibernate.loader.plan.build.internal.spaces.CollectionQuerySpaceImpl@448fa659]
19:40:32.523 [main] DEBUG org.hibernate.loader.plan.build.internal.spaces.QuerySpacesImpl - Adding QuerySpace : uid = <gen:2> -> org.hibernate.loader.plan.build.internal.spaces.EntityQuerySpaceImpl@45c28c49]
19:40:32.523 [main] DEBUG org.hibernate.persister.walking.spi.MetamodelGraphWalker - Visiting attribute path : items.itemclass
19:40:32.523 [main] DEBUG org.hibernate.persister.walking.spi.MetamodelGraphWalker - Visiting attribute path : items.levelreq
19:40:32.523 [main] DEBUG org.hibernate.persister.walking.spi.MetamodelGraphWalker - Visiting attribute path : items.name
19:40:32.523 [main] DEBUG org.hibernate.persister.walking.spi.MetamodelGraphWalker - Visiting attribute path : items.player
19:40:32.523 [main] DEBUG org.hibernate.persister.walking.spi.MetamodelGraphWalker - Property path deemed to be circular : items.player
19:40:32.523 [main] DEBUG org.hibernate.persister.walking.spi.MetamodelGraphWalker - Visiting attribute path : level
19:40:32.523 [main] DEBUG org.hibernate.persister.walking.spi.MetamodelGraphWalker - Visiting attribute path : name
19:40:32.523 [main] DEBUG org.hibernate.loader.plan.build.internal.FetchStyleLoadPlanBuildingAssociationVisitationStrategy - Building LoadPlan...
19:40:32.523 [main] DEBUG org.hibernate.loader.plan.exec.internal.LoadQueryJoinAndFetchProcessor - processing queryspace <gen:0>
19:40:32.524 [main] DEBUG org.hibernate.loader.plan.build.spi.LoadPlanTreePrinter - LoadPlan(entity=tau.mmo.domain.Player)
    - Returns
       - EntityReturnImpl(entity=tau.mmo.domain.Player, querySpaceUid=<gen:0>, path=tau.mmo.domain.Player)
          - CollectionAttributeFetchImpl(collection=tau.mmo.domain.Player.items, querySpaceUid=<gen:1>, path=tau.mmo.domain.Player.items)
             - (collection element) CollectionFetchableElementEntityGraph(entity=tau.mmo.domain.Item, querySpaceUid=<gen:2>, path=tau.mmo.domain.Player.items.<elements>)
    - QuerySpaces
       - EntityQuerySpaceImpl(uid=<gen:0>, entity=tau.mmo.domain.Player)
          - SQL table alias mapping - player0_
          - alias suffix - 0_
          - suffixed key columns - {id1_1_0_}
          - JOIN (JoinDefinedByMetadata(items)) : <gen:0> -> <gen:1>
             - CollectionQuerySpaceImpl(uid=<gen:1>, collection=tau.mmo.domain.Player.items)
                - SQL table alias mapping - items1_
                - alias suffix - 1_
                - suffixed key columns - {player_i5_0_1_}
                - entity-element alias suffix - 2_
                - 2_entity-element suffixed key columns - id1_0_2_
                - JOIN (JoinDefinedByMetadata(elements)) : <gen:1> -> <gen:2>
                   - EntityQuerySpaceImpl(uid=<gen:2>, entity=tau.mmo.domain.Item)
                      - SQL table alias mapping - items1_
                      - alias suffix - 2_
                      - suffixed key columns - {id1_0_2_}

19:40:32.524 [main] DEBUG org.hibernate.loader.entity.plan.EntityLoader - Static select for entity tau.mmo.domain.Player [NONE]: select player0_.id as id1_1_0_, player0_.heroclass as heroclas2_1_0_, player0_.level as level3_1_0_, player0_.name as name4_1_0_, items1_.player_id as player_i5_0_1_, items1_.id as id1_0_1_, items1_.id as id1_0_2_, items1_.itemclass as itemclas2_0_2_, items1_.levelreq as levelreq3_0_2_, items1_.name as name4_0_2_, items1_.player_id as player_i5_0_2_ from player player0_ left outer join item items1_ on player0_.id=items1_.player_id where player0_.id=?
19:40:32.524 [main] DEBUG org.hibernate.loader.plan.build.internal.spaces.QuerySpacesImpl - Adding QuerySpace : uid = <gen:0> -> org.hibernate.loader.plan.build.internal.spaces.EntityQuerySpaceImpl@1a6a4595]
19:40:32.524 [main] DEBUG org.hibernate.persister.walking.spi.MetamodelGraphWalker - Visiting attribute path : heroclass
19:40:32.524 [main] DEBUG org.hibernate.persister.walking.spi.MetamodelGraphWalker - Visiting attribute path : items
19:40:32.524 [main] DEBUG org.hibernate.loader.plan.build.internal.spaces.QuerySpacesImpl - Adding QuerySpace : uid = <gen:1> -> org.hibernate.loader.plan.build.internal.spaces.CollectionQuerySpaceImpl@4965454c]
19:40:32.524 [main] DEBUG org.hibernate.loader.plan.build.internal.spaces.QuerySpacesImpl - Adding QuerySpace : uid = <gen:2> -> org.hibernate.loader.plan.build.internal.spaces.EntityQuerySpaceImpl@1e4a4ed5]
19:40:32.524 [main] DEBUG org.hibernate.persister.walking.spi.MetamodelGraphWalker - Visiting attribute path : items.itemclass
19:40:32.524 [main] DEBUG org.hibernate.persister.walking.spi.MetamodelGraphWalker - Visiting attribute path : items.levelreq
19:40:32.524 [main] DEBUG org.hibernate.persister.walking.spi.MetamodelGraphWalker - Visiting attribute path : items.name
19:40:32.524 [main] DEBUG org.hibernate.persister.walking.spi.MetamodelGraphWalker - Visiting attribute path : items.player
19:40:32.524 [main] DEBUG org.hibernate.persister.walking.spi.MetamodelGraphWalker - Property path deemed to be circular : items.player
19:40:32.524 [main] DEBUG org.hibernate.persister.walking.spi.MetamodelGraphWalker - Visiting attribute path : level
19:40:32.524 [main] DEBUG org.hibernate.persister.walking.spi.MetamodelGraphWalker - Visiting attribute path : name
19:40:32.524 [main] DEBUG org.hibernate.loader.plan.build.internal.FetchStyleLoadPlanBuildingAssociationVisitationStrategy - Building LoadPlan...
19:40:32.526 [main] DEBUG org.hibernate.loader.plan.exec.internal.LoadQueryJoinAndFetchProcessor - processing queryspace <gen:0>
19:40:32.526 [main] DEBUG org.hibernate.loader.plan.build.spi.LoadPlanTreePrinter - LoadPlan(entity=tau.mmo.domain.Player)
    - Returns
       - EntityReturnImpl(entity=tau.mmo.domain.Player, querySpaceUid=<gen:0>, path=tau.mmo.domain.Player)
          - CollectionAttributeFetchImpl(collection=tau.mmo.domain.Player.items, querySpaceUid=<gen:1>, path=tau.mmo.domain.Player.items)
             - (collection element) CollectionFetchableElementEntityGraph(entity=tau.mmo.domain.Item, querySpaceUid=<gen:2>, path=tau.mmo.domain.Player.items.<elements>)
    - QuerySpaces
       - EntityQuerySpaceImpl(uid=<gen:0>, entity=tau.mmo.domain.Player)
          - SQL table alias mapping - player0_
          - alias suffix - 0_
          - suffixed key columns - {id1_1_0_}
          - JOIN (JoinDefinedByMetadata(items)) : <gen:0> -> <gen:1>
             - CollectionQuerySpaceImpl(uid=<gen:1>, collection=tau.mmo.domain.Player.items)
                - SQL table alias mapping - items1_
                - alias suffix - 1_
                - suffixed key columns - {player_i5_0_1_}
                - entity-element alias suffix - 2_
                - 2_entity-element suffixed key columns - id1_0_2_
                - JOIN (JoinDefinedByMetadata(elements)) : <gen:1> -> <gen:2>
                   - EntityQuerySpaceImpl(uid=<gen:2>, entity=tau.mmo.domain.Item)
                      - SQL table alias mapping - items1_
                      - alias suffix - 2_
                      - suffixed key columns - {id1_0_2_}

19:40:32.526 [main] DEBUG org.hibernate.loader.entity.plan.EntityLoader - Static select for entity tau.mmo.domain.Player [READ]: select player0_.id as id1_1_0_, player0_.heroclass as heroclas2_1_0_, player0_.level as level3_1_0_, player0_.name as name4_1_0_, items1_.player_id as player_i5_0_1_, items1_.id as id1_0_1_, items1_.id as id1_0_2_, items1_.itemclass as itemclas2_0_2_, items1_.levelreq as levelreq3_0_2_, items1_.name as name4_0_2_, items1_.player_id as player_i5_0_2_ from player player0_ left outer join item items1_ on player0_.id=items1_.player_id where player0_.id=?
19:40:32.526 [main] DEBUG org.hibernate.loader.plan.build.internal.spaces.QuerySpacesImpl - Adding QuerySpace : uid = <gen:0> -> org.hibernate.loader.plan.build.internal.spaces.EntityQuerySpaceImpl@27f31d91]
19:40:32.526 [main] DEBUG org.hibernate.persister.walking.spi.MetamodelGraphWalker - Visiting attribute path : heroclass
19:40:32.526 [main] DEBUG org.hibernate.persister.walking.spi.MetamodelGraphWalker - Visiting attribute path : items
19:40:32.526 [main] DEBUG org.hibernate.loader.plan.build.internal.spaces.QuerySpacesImpl - Adding QuerySpace : uid = <gen:1> -> org.hibernate.loader.plan.build.internal.spaces.CollectionQuerySpaceImpl@1a05ff8e]
19:40:32.526 [main] DEBUG org.hibernate.loader.plan.build.internal.spaces.QuerySpacesImpl - Adding QuerySpace : uid = <gen:2> -> org.hibernate.loader.plan.build.internal.spaces.EntityQuerySpaceImpl@251e2f4a]
19:40:32.526 [main] DEBUG org.hibernate.persister.walking.spi.MetamodelGraphWalker - Visiting attribute path : level
19:40:32.526 [main] DEBUG org.hibernate.persister.walking.spi.MetamodelGraphWalker - Visiting attribute path : name
19:40:32.526 [main] DEBUG org.hibernate.loader.plan.build.internal.FetchStyleLoadPlanBuildingAssociationVisitationStrategy - Building LoadPlan...
19:40:32.527 [main] DEBUG org.hibernate.loader.plan.exec.internal.LoadQueryJoinAndFetchProcessor - processing queryspace <gen:0>
19:40:32.527 [main] DEBUG org.hibernate.loader.plan.build.spi.LoadPlanTreePrinter - LoadPlan(entity=tau.mmo.domain.Player)
    - Returns
       - EntityReturnImpl(entity=tau.mmo.domain.Player, querySpaceUid=<gen:0>, path=tau.mmo.domain.Player)
          - CollectionAttributeFetchImpl(collection=tau.mmo.domain.Player.items, querySpaceUid=<gen:1>, path=tau.mmo.domain.Player.items)
             - (collection element) CollectionFetchableElementEntityGraph(entity=tau.mmo.domain.Item, querySpaceUid=<gen:2>, path=tau.mmo.domain.Player.items.<elements>)
    - QuerySpaces
       - EntityQuerySpaceImpl(uid=<gen:0>, entity=tau.mmo.domain.Player)
          - SQL table alias mapping - player0_
          - alias suffix - 0_
          - suffixed key columns - {id1_1_0_}

19:40:32.527 [main] DEBUG org.hibernate.loader.entity.plan.EntityLoader - Static select for entity tau.mmo.domain.Player [UPGRADE]: select player0_.id as id1_1_0_, player0_.heroclass as heroclas2_1_0_, player0_.level as level3_1_0_, player0_.name as name4_1_0_ from player player0_ where player0_.id=? for update
19:40:32.527 [main] DEBUG org.hibernate.loader.plan.build.internal.spaces.QuerySpacesImpl - Adding QuerySpace : uid = <gen:0> -> org.hibernate.loader.plan.build.internal.spaces.EntityQuerySpaceImpl@1abea1ed]
19:40:32.527 [main] DEBUG org.hibernate.persister.walking.spi.MetamodelGraphWalker - Visiting attribute path : heroclass
19:40:32.527 [main] DEBUG org.hibernate.persister.walking.spi.MetamodelGraphWalker - Visiting attribute path : items
19:40:32.527 [main] DEBUG org.hibernate.loader.plan.build.internal.spaces.QuerySpacesImpl - Adding QuerySpace : uid = <gen:1> -> org.hibernate.loader.plan.build.internal.spaces.CollectionQuerySpaceImpl@5a9ef32e]
19:40:32.527 [main] DEBUG org.hibernate.loader.plan.build.internal.spaces.QuerySpacesImpl - Adding QuerySpace : uid = <gen:2> -> org.hibernate.loader.plan.build.internal.spaces.EntityQuerySpaceImpl@e2ee348]
19:40:32.527 [main] DEBUG org.hibernate.persister.walking.spi.MetamodelGraphWalker - Visiting attribute path : level
19:40:32.527 [main] DEBUG org.hibernate.persister.walking.spi.MetamodelGraphWalker - Visiting attribute path : name
19:40:32.527 [main] DEBUG org.hibernate.loader.plan.build.internal.FetchStyleLoadPlanBuildingAssociationVisitationStrategy - Building LoadPlan...
19:40:32.527 [main] DEBUG org.hibernate.loader.plan.exec.internal.LoadQueryJoinAndFetchProcessor - processing queryspace <gen:0>
19:40:32.527 [main] DEBUG org.hibernate.loader.plan.build.spi.LoadPlanTreePrinter - LoadPlan(entity=tau.mmo.domain.Player)
    - Returns
       - EntityReturnImpl(entity=tau.mmo.domain.Player, querySpaceUid=<gen:0>, path=tau.mmo.domain.Player)
          - CollectionAttributeFetchImpl(collection=tau.mmo.domain.Player.items, querySpaceUid=<gen:1>, path=tau.mmo.domain.Player.items)
             - (collection element) CollectionFetchableElementEntityGraph(entity=tau.mmo.domain.Item, querySpaceUid=<gen:2>, path=tau.mmo.domain.Player.items.<elements>)
    - QuerySpaces
       - EntityQuerySpaceImpl(uid=<gen:0>, entity=tau.mmo.domain.Player)
          - SQL table alias mapping - player0_
          - alias suffix - 0_
          - suffixed key columns - {id1_1_0_}

19:40:32.527 [main] DEBUG org.hibernate.loader.entity.plan.EntityLoader - Static select for entity tau.mmo.domain.Player [UPGRADE_NOWAIT]: select player0_.id as id1_1_0_, player0_.heroclass as heroclas2_1_0_, player0_.level as level3_1_0_, player0_.name as name4_1_0_ from player player0_ where player0_.id=? for update
19:40:32.527 [main] DEBUG org.hibernate.loader.plan.build.internal.spaces.QuerySpacesImpl - Adding QuerySpace : uid = <gen:0> -> org.hibernate.loader.plan.build.internal.spaces.EntityQuerySpaceImpl@61f08aa9]
19:40:32.527 [main] DEBUG org.hibernate.persister.walking.spi.MetamodelGraphWalker - Visiting attribute path : heroclass
19:40:32.527 [main] DEBUG org.hibernate.persister.walking.spi.MetamodelGraphWalker - Visiting attribute path : items
19:40:32.527 [main] DEBUG org.hibernate.loader.plan.build.internal.spaces.QuerySpacesImpl - Adding QuerySpace : uid = <gen:1> -> org.hibernate.loader.plan.build.internal.spaces.CollectionQuerySpaceImpl@37b5a51c]
19:40:32.527 [main] DEBUG org.hibernate.loader.plan.build.internal.spaces.QuerySpacesImpl - Adding QuerySpace : uid = <gen:2> -> org.hibernate.loader.plan.build.internal.spaces.EntityQuerySpaceImpl@4e782401]
19:40:32.527 [main] DEBUG org.hibernate.persister.walking.spi.MetamodelGraphWalker - Visiting attribute path : level
19:40:32.527 [main] DEBUG org.hibernate.persister.walking.spi.MetamodelGraphWalker - Visiting attribute path : name
19:40:32.527 [main] DEBUG org.hibernate.loader.plan.build.internal.FetchStyleLoadPlanBuildingAssociationVisitationStrategy - Building LoadPlan...
19:40:32.527 [main] DEBUG org.hibernate.loader.plan.exec.internal.LoadQueryJoinAndFetchProcessor - processing queryspace <gen:0>
19:40:32.527 [main] DEBUG org.hibernate.loader.plan.build.spi.LoadPlanTreePrinter - LoadPlan(entity=tau.mmo.domain.Player)
    - Returns
       - EntityReturnImpl(entity=tau.mmo.domain.Player, querySpaceUid=<gen:0>, path=tau.mmo.domain.Player)
          - CollectionAttributeFetchImpl(collection=tau.mmo.domain.Player.items, querySpaceUid=<gen:1>, path=tau.mmo.domain.Player.items)
             - (collection element) CollectionFetchableElementEntityGraph(entity=tau.mmo.domain.Item, querySpaceUid=<gen:2>, path=tau.mmo.domain.Player.items.<elements>)
    - QuerySpaces
       - EntityQuerySpaceImpl(uid=<gen:0>, entity=tau.mmo.domain.Player)
          - SQL table alias mapping - player0_
          - alias suffix - 0_
          - suffixed key columns - {id1_1_0_}

19:40:32.527 [main] DEBUG org.hibernate.loader.entity.plan.EntityLoader - Static select for entity tau.mmo.domain.Player [UPGRADE_SKIPLOCKED]: select player0_.id as id1_1_0_, player0_.heroclass as heroclas2_1_0_, player0_.level as level3_1_0_, player0_.name as name4_1_0_ from player player0_ where player0_.id=? for update
19:40:32.527 [main] DEBUG org.hibernate.loader.plan.build.internal.spaces.QuerySpacesImpl - Adding QuerySpace : uid = <gen:0> -> org.hibernate.loader.plan.build.internal.spaces.EntityQuerySpaceImpl@2bb84aa5]
19:40:32.527 [main] DEBUG org.hibernate.persister.walking.spi.MetamodelGraphWalker - Visiting attribute path : heroclass
19:40:32.527 [main] DEBUG org.hibernate.persister.walking.spi.MetamodelGraphWalker - Visiting attribute path : items
19:40:32.527 [main] DEBUG org.hibernate.loader.plan.build.internal.spaces.QuerySpacesImpl - Adding QuerySpace : uid = <gen:1> -> org.hibernate.loader.plan.build.internal.spaces.CollectionQuerySpaceImpl@52d434c1]
19:40:32.527 [main] DEBUG org.hibernate.loader.plan.build.internal.spaces.QuerySpacesImpl - Adding QuerySpace : uid = <gen:2> -> org.hibernate.loader.plan.build.internal.spaces.EntityQuerySpaceImpl@5d035ab6]
19:40:32.527 [main] DEBUG org.hibernate.persister.walking.spi.MetamodelGraphWalker - Visiting attribute path : level
19:40:32.527 [main] DEBUG org.hibernate.persister.walking.spi.MetamodelGraphWalker - Visiting attribute path : name
19:40:32.527 [main] DEBUG org.hibernate.loader.plan.build.internal.FetchStyleLoadPlanBuildingAssociationVisitationStrategy - Building LoadPlan...
19:40:32.527 [main] DEBUG org.hibernate.loader.plan.exec.internal.LoadQueryJoinAndFetchProcessor - processing queryspace <gen:0>
19:40:32.527 [main] DEBUG org.hibernate.loader.plan.build.spi.LoadPlanTreePrinter - LoadPlan(entity=tau.mmo.domain.Player)
    - Returns
       - EntityReturnImpl(entity=tau.mmo.domain.Player, querySpaceUid=<gen:0>, path=tau.mmo.domain.Player)
          - CollectionAttributeFetchImpl(collection=tau.mmo.domain.Player.items, querySpaceUid=<gen:1>, path=tau.mmo.domain.Player.items)
             - (collection element) CollectionFetchableElementEntityGraph(entity=tau.mmo.domain.Item, querySpaceUid=<gen:2>, path=tau.mmo.domain.Player.items.<elements>)
    - QuerySpaces
       - EntityQuerySpaceImpl(uid=<gen:0>, entity=tau.mmo.domain.Player)
          - SQL table alias mapping - player0_
          - alias suffix - 0_
          - suffixed key columns - {id1_1_0_}

19:40:32.528 [main] DEBUG org.hibernate.loader.entity.plan.EntityLoader - Static select for entity tau.mmo.domain.Player [FORCE]: select player0_.id as id1_1_0_, player0_.heroclass as heroclas2_1_0_, player0_.level as level3_1_0_, player0_.name as name4_1_0_ from player player0_ where player0_.id=? for update
19:40:32.528 [main] DEBUG org.hibernate.loader.plan.build.internal.spaces.QuerySpacesImpl - Adding QuerySpace : uid = <gen:0> -> org.hibernate.loader.plan.build.internal.spaces.EntityQuerySpaceImpl@3407ded1]
19:40:32.528 [main] DEBUG org.hibernate.persister.walking.spi.MetamodelGraphWalker - Visiting attribute path : heroclass
19:40:32.528 [main] DEBUG org.hibernate.persister.walking.spi.MetamodelGraphWalker - Visiting attribute path : items
19:40:32.528 [main] DEBUG org.hibernate.loader.plan.build.internal.spaces.QuerySpacesImpl - Adding QuerySpace : uid = <gen:1> -> org.hibernate.loader.plan.build.internal.spaces.CollectionQuerySpaceImpl@10ae002e]
19:40:32.528 [main] DEBUG org.hibernate.loader.plan.build.internal.spaces.QuerySpacesImpl - Adding QuerySpace : uid = <gen:2> -> org.hibernate.loader.plan.build.internal.spaces.EntityQuerySpaceImpl@573f2e67]
19:40:32.528 [main] DEBUG org.hibernate.persister.walking.spi.MetamodelGraphWalker - Visiting attribute path : level
19:40:32.528 [main] DEBUG org.hibernate.persister.walking.spi.MetamodelGraphWalker - Visiting attribute path : name
19:40:32.528 [main] DEBUG org.hibernate.loader.plan.build.internal.FetchStyleLoadPlanBuildingAssociationVisitationStrategy - Building LoadPlan...
19:40:32.528 [main] DEBUG org.hibernate.loader.plan.exec.internal.LoadQueryJoinAndFetchProcessor - processing queryspace <gen:0>
19:40:32.528 [main] DEBUG org.hibernate.loader.plan.build.spi.LoadPlanTreePrinter - LoadPlan(entity=tau.mmo.domain.Player)
    - Returns
       - EntityReturnImpl(entity=tau.mmo.domain.Player, querySpaceUid=<gen:0>, path=tau.mmo.domain.Player)
          - CollectionAttributeFetchImpl(collection=tau.mmo.domain.Player.items, querySpaceUid=<gen:1>, path=tau.mmo.domain.Player.items)
             - (collection element) CollectionFetchableElementEntityGraph(entity=tau.mmo.domain.Item, querySpaceUid=<gen:2>, path=tau.mmo.domain.Player.items.<elements>)
    - QuerySpaces
       - EntityQuerySpaceImpl(uid=<gen:0>, entity=tau.mmo.domain.Player)
          - SQL table alias mapping - player0_
          - alias suffix - 0_
          - suffixed key columns - {id1_1_0_}

19:40:32.528 [main] DEBUG org.hibernate.loader.entity.plan.EntityLoader - Static select for entity tau.mmo.domain.Player [PESSIMISTIC_READ]: select player0_.id as id1_1_0_, player0_.heroclass as heroclas2_1_0_, player0_.level as level3_1_0_, player0_.name as name4_1_0_ from player player0_ where player0_.id=? for update
19:40:32.528 [main] DEBUG org.hibernate.loader.plan.build.internal.spaces.QuerySpacesImpl - Adding QuerySpace : uid = <gen:0> -> org.hibernate.loader.plan.build.internal.spaces.EntityQuerySpaceImpl@5d449307]
19:40:32.528 [main] DEBUG org.hibernate.persister.walking.spi.MetamodelGraphWalker - Visiting attribute path : heroclass
19:40:32.528 [main] DEBUG org.hibernate.persister.walking.spi.MetamodelGraphWalker - Visiting attribute path : items
19:40:32.528 [main] DEBUG org.hibernate.loader.plan.build.internal.spaces.QuerySpacesImpl - Adding QuerySpace : uid = <gen:1> -> org.hibernate.loader.plan.build.internal.spaces.CollectionQuerySpaceImpl@24a807a9]
19:40:32.528 [main] DEBUG org.hibernate.loader.plan.build.internal.spaces.QuerySpacesImpl - Adding QuerySpace : uid = <gen:2> -> org.hibernate.loader.plan.build.internal.spaces.EntityQuerySpaceImpl@aca594d]
19:40:32.528 [main] DEBUG org.hibernate.persister.walking.spi.MetamodelGraphWalker - Visiting attribute path : level
19:40:32.528 [main] DEBUG org.hibernate.persister.walking.spi.MetamodelGraphWalker - Visiting attribute path : name
19:40:32.528 [main] DEBUG org.hibernate.loader.plan.build.internal.FetchStyleLoadPlanBuildingAssociationVisitationStrategy - Building LoadPlan...
19:40:32.528 [main] DEBUG org.hibernate.loader.plan.exec.internal.LoadQueryJoinAndFetchProcessor - processing queryspace <gen:0>
19:40:32.528 [main] DEBUG org.hibernate.loader.plan.build.spi.LoadPlanTreePrinter - LoadPlan(entity=tau.mmo.domain.Player)
    - Returns
       - EntityReturnImpl(entity=tau.mmo.domain.Player, querySpaceUid=<gen:0>, path=tau.mmo.domain.Player)
          - CollectionAttributeFetchImpl(collection=tau.mmo.domain.Player.items, querySpaceUid=<gen:1>, path=tau.mmo.domain.Player.items)
             - (collection element) CollectionFetchableElementEntityGraph(entity=tau.mmo.domain.Item, querySpaceUid=<gen:2>, path=tau.mmo.domain.Player.items.<elements>)
    - QuerySpaces
       - EntityQuerySpaceImpl(uid=<gen:0>, entity=tau.mmo.domain.Player)
          - SQL table alias mapping - player0_
          - alias suffix - 0_
          - suffixed key columns - {id1_1_0_}

19:40:32.528 [main] DEBUG org.hibernate.loader.entity.plan.EntityLoader - Static select for entity tau.mmo.domain.Player [PESSIMISTIC_WRITE]: select player0_.id as id1_1_0_, player0_.heroclass as heroclas2_1_0_, player0_.level as level3_1_0_, player0_.name as name4_1_0_ from player player0_ where player0_.id=? for update
19:40:32.528 [main] DEBUG org.hibernate.loader.plan.build.internal.spaces.QuerySpacesImpl - Adding QuerySpace : uid = <gen:0> -> org.hibernate.loader.plan.build.internal.spaces.EntityQuerySpaceImpl@736f2fb8]
19:40:32.528 [main] DEBUG org.hibernate.persister.walking.spi.MetamodelGraphWalker - Visiting attribute path : heroclass
19:40:32.528 [main] DEBUG org.hibernate.persister.walking.spi.MetamodelGraphWalker - Visiting attribute path : items
19:40:32.528 [main] DEBUG org.hibernate.loader.plan.build.internal.spaces.QuerySpacesImpl - Adding QuerySpace : uid = <gen:1> -> org.hibernate.loader.plan.build.internal.spaces.CollectionQuerySpaceImpl@6d8096ee]
19:40:32.528 [main] DEBUG org.hibernate.loader.plan.build.internal.spaces.QuerySpacesImpl - Adding QuerySpace : uid = <gen:2> -> org.hibernate.loader.plan.build.internal.spaces.EntityQuerySpaceImpl@35d8ba22]
19:40:32.528 [main] DEBUG org.hibernate.persister.walking.spi.MetamodelGraphWalker - Visiting attribute path : level
19:40:32.528 [main] DEBUG org.hibernate.persister.walking.spi.MetamodelGraphWalker - Visiting attribute path : name
19:40:32.528 [main] DEBUG org.hibernate.loader.plan.build.internal.FetchStyleLoadPlanBuildingAssociationVisitationStrategy - Building LoadPlan...
19:40:32.528 [main] DEBUG org.hibernate.loader.plan.exec.internal.LoadQueryJoinAndFetchProcessor - processing queryspace <gen:0>
19:40:32.528 [main] DEBUG org.hibernate.loader.plan.build.spi.LoadPlanTreePrinter - LoadPlan(entity=tau.mmo.domain.Player)
    - Returns
       - EntityReturnImpl(entity=tau.mmo.domain.Player, querySpaceUid=<gen:0>, path=tau.mmo.domain.Player)
          - CollectionAttributeFetchImpl(collection=tau.mmo.domain.Player.items, querySpaceUid=<gen:1>, path=tau.mmo.domain.Player.items)
             - (collection element) CollectionFetchableElementEntityGraph(entity=tau.mmo.domain.Item, querySpaceUid=<gen:2>, path=tau.mmo.domain.Player.items.<elements>)
    - QuerySpaces
       - EntityQuerySpaceImpl(uid=<gen:0>, entity=tau.mmo.domain.Player)
          - SQL table alias mapping - player0_
          - alias suffix - 0_
          - suffixed key columns - {id1_1_0_}

19:40:32.528 [main] DEBUG org.hibernate.loader.entity.plan.EntityLoader - Static select for entity tau.mmo.domain.Player [PESSIMISTIC_FORCE_INCREMENT]: select player0_.id as id1_1_0_, player0_.heroclass as heroclas2_1_0_, player0_.level as level3_1_0_, player0_.name as name4_1_0_ from player player0_ where player0_.id=? for update
19:40:32.528 [main] DEBUG org.hibernate.loader.plan.build.internal.spaces.QuerySpacesImpl - Adding QuerySpace : uid = <gen:0> -> org.hibernate.loader.plan.build.internal.spaces.EntityQuerySpaceImpl@3fc051ce]
19:40:32.528 [main] DEBUG org.hibernate.persister.walking.spi.MetamodelGraphWalker - Visiting attribute path : heroclass
19:40:32.528 [main] DEBUG org.hibernate.persister.walking.spi.MetamodelGraphWalker - Visiting attribute path : items
19:40:32.528 [main] DEBUG org.hibernate.loader.plan.build.internal.spaces.QuerySpacesImpl - Adding QuerySpace : uid = <gen:1> -> org.hibernate.loader.plan.build.internal.spaces.CollectionQuerySpaceImpl@558575fe]
19:40:32.528 [main] DEBUG org.hibernate.loader.plan.build.internal.spaces.QuerySpacesImpl - Adding QuerySpace : uid = <gen:2> -> org.hibernate.loader.plan.build.internal.spaces.EntityQuerySpaceImpl@25fcdcc6]
19:40:32.528 [main] DEBUG org.hibernate.persister.walking.spi.MetamodelGraphWalker - Visiting attribute path : level
19:40:32.528 [main] DEBUG org.hibernate.persister.walking.spi.MetamodelGraphWalker - Visiting attribute path : name
19:40:32.528 [main] DEBUG org.hibernate.loader.plan.build.internal.FetchStyleLoadPlanBuildingAssociationVisitationStrategy - Building LoadPlan...
19:40:32.528 [main] DEBUG org.hibernate.loader.plan.exec.internal.LoadQueryJoinAndFetchProcessor - processing queryspace <gen:0>
19:40:32.528 [main] DEBUG org.hibernate.loader.plan.build.spi.LoadPlanTreePrinter - LoadPlan(entity=tau.mmo.domain.Player)
    - Returns
       - EntityReturnImpl(entity=tau.mmo.domain.Player, querySpaceUid=<gen:0>, path=tau.mmo.domain.Player)
          - CollectionAttributeFetchImpl(collection=tau.mmo.domain.Player.items, querySpaceUid=<gen:1>, path=tau.mmo.domain.Player.items)
             - (collection element) CollectionFetchableElementEntityGraph(entity=tau.mmo.domain.Item, querySpaceUid=<gen:2>, path=tau.mmo.domain.Player.items.<elements>)
    - QuerySpaces
       - EntityQuerySpaceImpl(uid=<gen:0>, entity=tau.mmo.domain.Player)
          - SQL table alias mapping - player0_
          - alias suffix - 0_
          - suffixed key columns - {id1_1_0_}

19:40:32.529 [main] DEBUG org.hibernate.loader.entity.plan.EntityLoader - Static select for entity tau.mmo.domain.Player [OPTIMISTIC]: select player0_.id as id1_1_0_, player0_.heroclass as heroclas2_1_0_, player0_.level as level3_1_0_, player0_.name as name4_1_0_ from player player0_ where player0_.id=?
19:40:32.529 [main] DEBUG org.hibernate.loader.plan.build.internal.spaces.QuerySpacesImpl - Adding QuerySpace : uid = <gen:0> -> org.hibernate.loader.plan.build.internal.spaces.EntityQuerySpaceImpl@180fb796]
19:40:32.529 [main] DEBUG org.hibernate.persister.walking.spi.MetamodelGraphWalker - Visiting attribute path : heroclass
19:40:32.529 [main] DEBUG org.hibernate.persister.walking.spi.MetamodelGraphWalker - Visiting attribute path : items
19:40:32.529 [main] DEBUG org.hibernate.loader.plan.build.internal.spaces.QuerySpacesImpl - Adding QuerySpace : uid = <gen:1> -> org.hibernate.loader.plan.build.internal.spaces.CollectionQuerySpaceImpl@7fa8fff]
19:40:32.529 [main] DEBUG org.hibernate.loader.plan.build.internal.spaces.QuerySpacesImpl - Adding QuerySpace : uid = <gen:2> -> org.hibernate.loader.plan.build.internal.spaces.EntityQuerySpaceImpl@4423692a]
19:40:32.529 [main] DEBUG org.hibernate.persister.walking.spi.MetamodelGraphWalker - Visiting attribute path : level
19:40:32.529 [main] DEBUG org.hibernate.persister.walking.spi.MetamodelGraphWalker - Visiting attribute path : name
19:40:32.529 [main] DEBUG org.hibernate.loader.plan.build.internal.FetchStyleLoadPlanBuildingAssociationVisitationStrategy - Building LoadPlan...
19:40:32.529 [main] DEBUG org.hibernate.loader.plan.exec.internal.LoadQueryJoinAndFetchProcessor - processing queryspace <gen:0>
19:40:32.529 [main] DEBUG org.hibernate.loader.plan.build.spi.LoadPlanTreePrinter - LoadPlan(entity=tau.mmo.domain.Player)
    - Returns
       - EntityReturnImpl(entity=tau.mmo.domain.Player, querySpaceUid=<gen:0>, path=tau.mmo.domain.Player)
          - CollectionAttributeFetchImpl(collection=tau.mmo.domain.Player.items, querySpaceUid=<gen:1>, path=tau.mmo.domain.Player.items)
             - (collection element) CollectionFetchableElementEntityGraph(entity=tau.mmo.domain.Item, querySpaceUid=<gen:2>, path=tau.mmo.domain.Player.items.<elements>)
    - QuerySpaces
       - EntityQuerySpaceImpl(uid=<gen:0>, entity=tau.mmo.domain.Player)
          - SQL table alias mapping - player0_
          - alias suffix - 0_
          - suffixed key columns - {id1_1_0_}

19:40:32.529 [main] DEBUG org.hibernate.loader.entity.plan.EntityLoader - Static select for entity tau.mmo.domain.Player [OPTIMISTIC_FORCE_INCREMENT]: select player0_.id as id1_1_0_, player0_.heroclass as heroclas2_1_0_, player0_.level as level3_1_0_, player0_.name as name4_1_0_ from player player0_ where player0_.id=?
19:40:32.529 [main] DEBUG org.hibernate.loader.Loader - Static select for action ACTION_MERGE on entity tau.mmo.domain.Player: select player0_.id as id1_1_0_, player0_.heroclass as heroclas2_1_0_, player0_.level as level3_1_0_, player0_.name as name4_1_0_ from player player0_ where player0_.id=?
19:40:32.529 [main] DEBUG org.hibernate.loader.Loader - Static select for action ACTION_REFRESH on entity tau.mmo.domain.Player: select player0_.id as id1_1_0_, player0_.heroclass as heroclas2_1_0_, player0_.level as level3_1_0_, player0_.name as name4_1_0_ from player player0_ where player0_.id=?
19:40:32.529 [main] DEBUG org.hibernate.loader.plan.build.internal.spaces.QuerySpacesImpl - Adding QuerySpace : uid = <gen:0> -> org.hibernate.loader.plan.build.internal.spaces.CollectionQuerySpaceImpl@2175d53f]
19:40:32.529 [main] DEBUG org.hibernate.loader.plan.build.internal.spaces.QuerySpacesImpl - Adding QuerySpace : uid = <gen:1> -> org.hibernate.loader.plan.build.internal.spaces.EntityQuerySpaceImpl@29ae2517]
19:40:32.529 [main] DEBUG org.hibernate.persister.walking.spi.MetamodelGraphWalker - Visiting attribute path : itemclass
19:40:32.529 [main] DEBUG org.hibernate.persister.walking.spi.MetamodelGraphWalker - Visiting attribute path : levelreq
19:40:32.529 [main] DEBUG org.hibernate.persister.walking.spi.MetamodelGraphWalker - Visiting attribute path : name
19:40:32.529 [main] DEBUG org.hibernate.persister.walking.spi.MetamodelGraphWalker - Visiting attribute path : player
19:40:32.529 [main] DEBUG org.hibernate.persister.walking.spi.MetamodelGraphWalker - Property path deemed to be circular : player
19:40:32.529 [main] DEBUG org.hibernate.loader.plan.build.internal.FetchStyleLoadPlanBuildingAssociationVisitationStrategy - Building LoadPlan...
19:40:32.529 [main] DEBUG org.hibernate.loader.plan.exec.internal.LoadQueryJoinAndFetchProcessor - processing queryspace <gen:0>
19:40:32.529 [main] DEBUG org.hibernate.loader.plan.build.spi.LoadPlanTreePrinter - LoadPlan(collection=tau.mmo.domain.Player.items)
    - Returns
       - CollectionReturnImpl(collection=tau.mmo.domain.Player.items, querySpaceUid=<gen:0>, path=[tau.mmo.domain.Player.items])
          - (collection element) CollectionFetchableElementEntityGraph(entity=tau.mmo.domain.Item, querySpaceUid=<gen:1>, path=[tau.mmo.domain.Player.items].<elements>)
    - QuerySpaces
       - CollectionQuerySpaceImpl(uid=<gen:0>, collection=tau.mmo.domain.Player.items)
          - SQL table alias mapping - items0_
          - alias suffix - 0_
          - suffixed key columns - {player_i5_0_0_}
          - entity-element alias suffix - 1_
          - 1_entity-element suffixed key columns - id1_0_1_
          - JOIN (JoinDefinedByMetadata(elements)) : <gen:0> -> <gen:1>
             - EntityQuerySpaceImpl(uid=<gen:1>, entity=tau.mmo.domain.Item)
                - SQL table alias mapping - items0_
                - alias suffix - 1_
                - suffixed key columns - {id1_0_1_}

19:40:32.529 [main] DEBUG org.hibernate.loader.collection.plan.CollectionLoader - Static select for collection tau.mmo.domain.Player.items: select items0_.player_id as player_i5_0_0_, items0_.id as id1_0_0_, items0_.id as id1_0_1_, items0_.itemclass as itemclas2_0_1_, items0_.levelreq as levelreq3_0_1_, items0_.name as name4_0_1_, items0_.player_id as player_i5_0_1_ from item items0_ where items0_.player_id=?
19:40:32.529 [main] DEBUG org.hibernate.internal.SessionFactoryImpl - Instantiated session factory
19:40:32.529 [main] DEBUG org.springframework.jdbc.datasource.DriverManagerDataSource - Creating new JDBC DriverManager Connection to [jdbc:hsqldb:hsql://localhost/workdb]
19:40:32.530 [main] DEBUG org.hibernate.engine.jdbc.spi.SqlExceptionHelper - Unable to open JDBC Connection for DDL execution [n/a]
java.sql.SQLTransientConnectionException: java.net.ConnectException: Połączenie odrzucone (Connection refused)
	at org.hsqldb.jdbc.JDBCUtil.sqlException(Unknown Source)
	at org.hsqldb.jdbc.JDBCUtil.sqlException(Unknown Source)
	at org.hsqldb.jdbc.JDBCConnection.<init>(Unknown Source)
	at org.hsqldb.jdbc.JDBCDriver.getConnection(Unknown Source)
	at org.hsqldb.jdbc.JDBCDriver.connect(Unknown Source)
	at java.sql/java.sql.DriverManager.getConnection(DriverManager.java:677)
	at java.sql/java.sql.DriverManager.getConnection(DriverManager.java:189)
	at org.springframework.jdbc.datasource.DriverManagerDataSource.getConnectionFromDriverManager(DriverManagerDataSource.java:154)
	at org.springframework.jdbc.datasource.DriverManagerDataSource.getConnectionFromDriver(DriverManagerDataSource.java:145)
	at org.springframework.jdbc.datasource.AbstractDriverBasedDataSource.getConnectionFromDriver(AbstractDriverBasedDataSource.java:205)
	at org.springframework.jdbc.datasource.AbstractDriverBasedDataSource.getConnection(AbstractDriverBasedDataSource.java:169)
	at org.hibernate.engine.jdbc.connections.internal.DatasourceConnectionProviderImpl.getConnection(DatasourceConnectionProviderImpl.java:122)
	at org.hibernate.engine.jdbc.env.internal.JdbcEnvironmentInitiator$ConnectionProviderJdbcConnectionAccess.obtainConnection(JdbcEnvironmentInitiator.java:180)
	at org.hibernate.resource.transaction.backend.jdbc.internal.DdlTransactionIsolatorNonJtaImpl.getIsolatedConnection(DdlTransactionIsolatorNonJtaImpl.java:43)
	at org.hibernate.tool.schema.internal.exec.ImprovedExtractionContextImpl.getJdbcConnection(ImprovedExtractionContextImpl.java:60)
	at org.hibernate.tool.schema.extract.internal.SequenceInformationExtractorLegacyImpl.extractMetadata(SequenceInformationExtractorLegacyImpl.java:40)
	at org.hibernate.tool.schema.extract.internal.DatabaseInformationImpl.initializeSequences(DatabaseInformationImpl.java:65)
	at org.hibernate.tool.schema.extract.internal.DatabaseInformationImpl.<init>(DatabaseInformationImpl.java:59)
	at org.hibernate.tool.schema.internal.Helper.buildDatabaseInformation(Helper.java:130)
	at org.hibernate.tool.schema.internal.AbstractSchemaMigrator.doMigration(AbstractSchemaMigrator.java:92)
	at org.hibernate.tool.schema.spi.SchemaManagementToolCoordinator.performDatabaseAction(SchemaManagementToolCoordinator.java:176)
	at org.hibernate.tool.schema.spi.SchemaManagementToolCoordinator.process(SchemaManagementToolCoordinator.java:65)
	at org.hibernate.internal.SessionFactoryImpl.<init>(SessionFactoryImpl.java:459)
	at org.hibernate.boot.internal.SessionFactoryBuilderImpl.build(SessionFactoryBuilderImpl.java:465)
	at org.hibernate.cfg.Configuration.buildSessionFactory(Configuration.java:711)
	at org.hibernate.cfg.Configuration.buildSessionFactory(Configuration.java:727)
	at org.springframework.orm.hibernate5.LocalSessionFactoryBean.buildSessionFactory(LocalSessionFactoryBean.java:615)
	at org.springframework.orm.hibernate5.LocalSessionFactoryBean.afterPropertiesSet(LocalSessionFactoryBean.java:599)
	at org.springframework.beans.factory.support.AbstractAutowireCapableBeanFactory.invokeInitMethods(AbstractAutowireCapableBeanFactory.java:1837)
	at org.springframework.beans.factory.support.AbstractAutowireCapableBeanFactory.initializeBean(AbstractAutowireCapableBeanFactory.java:1774)
	at org.springframework.beans.factory.support.AbstractAutowireCapableBeanFactory.doCreateBean(AbstractAutowireCapableBeanFactory.java:593)
	at org.springframework.beans.factory.support.AbstractAutowireCapableBeanFactory.createBean(AbstractAutowireCapableBeanFactory.java:515)
	at org.springframework.beans.factory.support.AbstractBeanFactory.lambda$doGetBean$0(AbstractBeanFactory.java:320)
	at org.springframework.beans.factory.support.DefaultSingletonBeanRegistry.getSingleton(DefaultSingletonBeanRegistry.java:222)
	at org.springframework.beans.factory.support.AbstractBeanFactory.doGetBean(AbstractBeanFactory.java:318)
	at org.springframework.beans.factory.support.AbstractBeanFactory.getBean(AbstractBeanFactory.java:199)
	at org.springframework.beans.factory.config.DependencyDescriptor.resolveCandidate(DependencyDescriptor.java:277)
	at org.springframework.beans.factory.support.DefaultListableBeanFactory.doResolveDependency(DefaultListableBeanFactory.java:1247)
	at org.springframework.beans.factory.support.DefaultListableBeanFactory.resolveDependency(DefaultListableBeanFactory.java:1167)
	at org.springframework.beans.factory.annotation.AutowiredAnnotationBeanPostProcessor$AutowiredFieldElement.inject(AutowiredAnnotationBeanPostProcessor.java:593)
	at org.springframework.beans.factory.annotation.InjectionMetadata.inject(InjectionMetadata.java:90)
	at org.springframework.beans.factory.annotation.AutowiredAnnotationBeanPostProcessor.postProcessProperties(AutowiredAnnotationBeanPostProcessor.java:374)
	at org.springframework.beans.factory.support.AbstractAutowireCapableBeanFactory.populateBean(AbstractAutowireCapableBeanFactory.java:1411)
	at org.springframework.beans.factory.support.AbstractAutowireCapableBeanFactory.doCreateBean(AbstractAutowireCapableBeanFactory.java:592)
	at org.springframework.beans.factory.support.AbstractAutowireCapableBeanFactory.createBean(AbstractAutowireCapableBeanFactory.java:515)
	at org.springframework.beans.factory.support.AbstractBeanFactory.lambda$doGetBean$0(AbstractBeanFactory.java:320)
	at org.springframework.beans.factory.support.DefaultSingletonBeanRegistry.getSingleton(DefaultSingletonBeanRegistry.java:222)
	at org.springframework.beans.factory.support.AbstractBeanFactory.doGetBean(AbstractBeanFactory.java:318)
	at org.springframework.beans.factory.support.AbstractBeanFactory.getBean(AbstractBeanFactory.java:199)
	at org.springframework.beans.factory.config.DependencyDescriptor.resolveCandidate(DependencyDescriptor.java:277)
	at org.springframework.beans.factory.support.DefaultListableBeanFactory.doResolveDependency(DefaultListableBeanFactory.java:1247)
	at org.springframework.beans.factory.support.DefaultListableBeanFactory.resolveDependency(DefaultListableBeanFactory.java:1167)
	at org.springframework.beans.factory.annotation.AutowiredAnnotationBeanPostProcessor$AutowiredFieldElement.inject(AutowiredAnnotationBeanPostProcessor.java:593)
	at org.springframework.beans.factory.annotation.InjectionMetadata.inject(InjectionMetadata.java:90)
	at org.springframework.beans.factory.annotation.AutowiredAnnotationBeanPostProcessor.postProcessProperties(AutowiredAnnotationBeanPostProcessor.java:374)
	at org.springframework.beans.factory.support.AbstractAutowireCapableBeanFactory.populateBean(AbstractAutowireCapableBeanFactory.java:1411)
	at org.springframework.beans.factory.support.AbstractAutowireCapableBeanFactory.doCreateBean(AbstractAutowireCapableBeanFactory.java:592)
	at org.springframework.beans.factory.support.AbstractAutowireCapableBeanFactory.createBean(AbstractAutowireCapableBeanFactory.java:515)
	at org.springframework.beans.factory.support.AbstractBeanFactory.lambda$doGetBean$0(AbstractBeanFactory.java:320)
	at org.springframework.beans.factory.support.DefaultSingletonBeanRegistry.getSingleton(DefaultSingletonBeanRegistry.java:222)
	at org.springframework.beans.factory.support.AbstractBeanFactory.doGetBean(AbstractBeanFactory.java:318)
	at org.springframework.beans.factory.support.AbstractBeanFactory.getBean(AbstractBeanFactory.java:199)
	at org.springframework.beans.factory.support.DefaultListableBeanFactory.preInstantiateSingletons(DefaultListableBeanFactory.java:849)
	at org.springframework.context.support.AbstractApplicationContext.finishBeanFactoryInitialization(AbstractApplicationContext.java:877)
	at org.springframework.context.support.AbstractApplicationContext.refresh(AbstractApplicationContext.java:549)
	at org.springframework.test.context.support.AbstractGenericContextLoader.loadContext(AbstractGenericContextLoader.java:128)
	at org.springframework.test.context.support.AbstractGenericContextLoader.loadContext(AbstractGenericContextLoader.java:60)
	at org.springframework.test.context.support.AbstractDelegatingSmartContextLoader.delegateLoading(AbstractDelegatingSmartContextLoader.java:275)
	at org.springframework.test.context.support.AbstractDelegatingSmartContextLoader.loadContext(AbstractDelegatingSmartContextLoader.java:243)
	at org.springframework.test.context.cache.DefaultCacheAwareContextLoaderDelegate.loadContextInternal(DefaultCacheAwareContextLoaderDelegate.java:99)
	at org.springframework.test.context.cache.DefaultCacheAwareContextLoaderDelegate.loadContext(DefaultCacheAwareContextLoaderDelegate.java:117)
	at org.springframework.test.context.support.DefaultTestContext.getApplicationContext(DefaultTestContext.java:108)
	at org.springframework.test.context.support.DependencyInjectionTestExecutionListener.injectDependencies(DependencyInjectionTestExecutionListener.java:118)
	at org.springframework.test.context.support.DependencyInjectionTestExecutionListener.prepareTestInstance(DependencyInjectionTestExecutionListener.java:83)
	at org.springframework.test.context.TestContextManager.prepareTestInstance(TestContextManager.java:246)
	at org.springframework.test.context.junit4.SpringJUnit4ClassRunner.createTest(SpringJUnit4ClassRunner.java:227)
	at org.springframework.test.context.junit4.SpringJUnit4ClassRunner$1.runReflectiveCall(SpringJUnit4ClassRunner.java:289)
	at org.junit.internal.runners.model.ReflectiveCallable.run(ReflectiveCallable.java:12)
	at org.springframework.test.context.junit4.SpringJUnit4ClassRunner.methodBlock(SpringJUnit4ClassRunner.java:291)
	at org.springframework.test.context.junit4.SpringJUnit4ClassRunner.runChild(SpringJUnit4ClassRunner.java:246)
	at org.springframework.test.context.junit4.SpringJUnit4ClassRunner.runChild(SpringJUnit4ClassRunner.java:97)
	at org.junit.runners.ParentRunner$3.run(ParentRunner.java:290)
	at org.junit.runners.ParentRunner$1.schedule(ParentRunner.java:71)
	at org.junit.runners.ParentRunner.runChildren(ParentRunner.java:288)
	at org.junit.runners.ParentRunner.access$000(ParentRunner.java:58)
	at org.junit.runners.ParentRunner$2.evaluate(ParentRunner.java:268)
	at org.springframework.test.context.junit4.statements.RunBeforeTestClassCallbacks.evaluate(RunBeforeTestClassCallbacks.java:61)
	at org.springframework.test.context.junit4.statements.RunAfterTestClassCallbacks.evaluate(RunAfterTestClassCallbacks.java:70)
	at org.junit.runners.ParentRunner.run(ParentRunner.java:363)
	at org.springframework.test.context.junit4.SpringJUnit4ClassRunner.run(SpringJUnit4ClassRunner.java:190)
	at org.apache.maven.surefire.junit4.JUnit4Provider.execute(JUnit4Provider.java:365)
	at org.apache.maven.surefire.junit4.JUnit4Provider.executeWithRerun(JUnit4Provider.java:273)
	at org.apache.maven.surefire.junit4.JUnit4Provider.executeTestSet(JUnit4Provider.java:238)
	at org.apache.maven.surefire.junit4.JUnit4Provider.invoke(JUnit4Provider.java:159)
	at org.apache.maven.surefire.booter.ForkedBooter.invokeProviderInSameClassLoader(ForkedBooter.java:384)
	at org.apache.maven.surefire.booter.ForkedBooter.runSuitesInProcess(ForkedBooter.java:345)
	at org.apache.maven.surefire.booter.ForkedBooter.execute(ForkedBooter.java:126)
	at org.apache.maven.surefire.booter.ForkedBooter.main(ForkedBooter.java:418)
Caused by: org.hsqldb.HsqlException: java.net.ConnectException: Połączenie odrzucone (Connection refused)
	at org.hsqldb.ClientConnection.openConnection(Unknown Source)
	at org.hsqldb.ClientConnection.initConnection(Unknown Source)
	at org.hsqldb.ClientConnection.<init>(Unknown Source)
	... 96 common frames omitted
Caused by: java.net.ConnectException: Połączenie odrzucone (Connection refused)
	at java.base/java.net.PlainSocketImpl.socketConnect(Native Method)
	at java.base/java.net.AbstractPlainSocketImpl.doConnect(AbstractPlainSocketImpl.java:399)
	at java.base/java.net.AbstractPlainSocketImpl.connectToAddress(AbstractPlainSocketImpl.java:242)
	at java.base/java.net.AbstractPlainSocketImpl.connect(AbstractPlainSocketImpl.java:224)
	at java.base/java.net.SocksSocketImpl.connect(SocksSocketImpl.java:403)
	at java.base/java.net.Socket.connect(Socket.java:591)
	at java.base/java.net.Socket.connect(Socket.java:540)
	at java.base/java.net.Socket.<init>(Socket.java:436)
	at java.base/java.net.Socket.<init>(Socket.java:213)
	at org.hsqldb.server.HsqlSocketFactory.createSocket(Unknown Source)
	... 99 common frames omitted
19:40:32.530 [main] WARN org.hibernate.engine.jdbc.spi.SqlExceptionHelper - SQL Error: -1301, SQLState: 08001
19:40:32.530 [main] ERROR org.hibernate.engine.jdbc.spi.SqlExceptionHelper - java.net.ConnectException: Połączenie odrzucone (Connection refused)
19:40:32.530 [main] WARN org.springframework.context.support.GenericApplicationContext - Exception encountered during context initialization - cancelling refresh attempt: org.springframework.beans.factory.UnsatisfiedDependencyException: Error creating bean with name 'playerController': Unsatisfied dependency expressed through field 'playerManager'; nested exception is org.springframework.beans.factory.UnsatisfiedDependencyException: Error creating bean with name 'playerManagerHibernateImpl': Unsatisfied dependency expressed through field 'sessionFactory'; nested exception is org.springframework.beans.factory.BeanCreationException: Error creating bean with name 'hibernateSessionFactory' defined in class path resource [beans.xml]: Invocation of init method failed; nested exception is org.hibernate.exception.JDBCConnectionException: Unable to open JDBC Connection for DDL execution
19:40:32.533 [main] ERROR org.springframework.test.context.TestContextManager - Caught exception while allowing TestExecutionListener [org.springframework.test.context.support.DependencyInjectionTestExecutionListener@6a400542] to prepare test instance [tau.mmo.service.PlayerManagerTest@2db6ba81]
java.lang.IllegalStateException: Failed to load ApplicationContext
	at org.springframework.test.context.cache.DefaultCacheAwareContextLoaderDelegate.loadContext(DefaultCacheAwareContextLoaderDelegate.java:125)
	at org.springframework.test.context.support.DefaultTestContext.getApplicationContext(DefaultTestContext.java:108)
	at org.springframework.test.context.support.DependencyInjectionTestExecutionListener.injectDependencies(DependencyInjectionTestExecutionListener.java:118)
	at org.springframework.test.context.support.DependencyInjectionTestExecutionListener.prepareTestInstance(DependencyInjectionTestExecutionListener.java:83)
	at org.springframework.test.context.TestContextManager.prepareTestInstance(TestContextManager.java:246)
	at org.springframework.test.context.junit4.SpringJUnit4ClassRunner.createTest(SpringJUnit4ClassRunner.java:227)
	at org.springframework.test.context.junit4.SpringJUnit4ClassRunner$1.runReflectiveCall(SpringJUnit4ClassRunner.java:289)
	at org.junit.internal.runners.model.ReflectiveCallable.run(ReflectiveCallable.java:12)
	at org.springframework.test.context.junit4.SpringJUnit4ClassRunner.methodBlock(SpringJUnit4ClassRunner.java:291)
	at org.springframework.test.context.junit4.SpringJUnit4ClassRunner.runChild(SpringJUnit4ClassRunner.java:246)
	at org.springframework.test.context.junit4.SpringJUnit4ClassRunner.runChild(SpringJUnit4ClassRunner.java:97)
	at org.junit.runners.ParentRunner$3.run(ParentRunner.java:290)
	at org.junit.runners.ParentRunner$1.schedule(ParentRunner.java:71)
	at org.junit.runners.ParentRunner.runChildren(ParentRunner.java:288)
	at org.junit.runners.ParentRunner.access$000(ParentRunner.java:58)
	at org.junit.runners.ParentRunner$2.evaluate(ParentRunner.java:268)
	at org.springframework.test.context.junit4.statements.RunBeforeTestClassCallbacks.evaluate(RunBeforeTestClassCallbacks.java:61)
	at org.springframework.test.context.junit4.statements.RunAfterTestClassCallbacks.evaluate(RunAfterTestClassCallbacks.java:70)
	at org.junit.runners.ParentRunner.run(ParentRunner.java:363)
	at org.springframework.test.context.junit4.SpringJUnit4ClassRunner.run(SpringJUnit4ClassRunner.java:190)
	at org.apache.maven.surefire.junit4.JUnit4Provider.execute(JUnit4Provider.java:365)
	at org.apache.maven.surefire.junit4.JUnit4Provider.executeWithRerun(JUnit4Provider.java:273)
	at org.apache.maven.surefire.junit4.JUnit4Provider.executeTestSet(JUnit4Provider.java:238)
	at org.apache.maven.surefire.junit4.JUnit4Provider.invoke(JUnit4Provider.java:159)
	at org.apache.maven.surefire.booter.ForkedBooter.invokeProviderInSameClassLoader(ForkedBooter.java:384)
	at org.apache.maven.surefire.booter.ForkedBooter.runSuitesInProcess(ForkedBooter.java:345)
	at org.apache.maven.surefire.booter.ForkedBooter.execute(ForkedBooter.java:126)
	at org.apache.maven.surefire.booter.ForkedBooter.main(ForkedBooter.java:418)
Caused by: org.springframework.beans.factory.UnsatisfiedDependencyException: Error creating bean with name 'playerController': Unsatisfied dependency expressed through field 'playerManager'; nested exception is org.springframework.beans.factory.UnsatisfiedDependencyException: Error creating bean with name 'playerManagerHibernateImpl': Unsatisfied dependency expressed through field 'sessionFactory'; nested exception is org.springframework.beans.factory.BeanCreationException: Error creating bean with name 'hibernateSessionFactory' defined in class path resource [beans.xml]: Invocation of init method failed; nested exception is org.hibernate.exception.JDBCConnectionException: Unable to open JDBC Connection for DDL execution
	at org.springframework.beans.factory.annotation.AutowiredAnnotationBeanPostProcessor$AutowiredFieldElement.inject(AutowiredAnnotationBeanPostProcessor.java:596)
	at org.springframework.beans.factory.annotation.InjectionMetadata.inject(InjectionMetadata.java:90)
	at org.springframework.beans.factory.annotation.AutowiredAnnotationBeanPostProcessor.postProcessProperties(AutowiredAnnotationBeanPostProcessor.java:374)
	at org.springframework.beans.factory.support.AbstractAutowireCapableBeanFactory.populateBean(AbstractAutowireCapableBeanFactory.java:1411)
	at org.springframework.beans.factory.support.AbstractAutowireCapableBeanFactory.doCreateBean(AbstractAutowireCapableBeanFactory.java:592)
	at org.springframework.beans.factory.support.AbstractAutowireCapableBeanFactory.createBean(AbstractAutowireCapableBeanFactory.java:515)
	at org.springframework.beans.factory.support.AbstractBeanFactory.lambda$doGetBean$0(AbstractBeanFactory.java:320)
	at org.springframework.beans.factory.support.DefaultSingletonBeanRegistry.getSingleton(DefaultSingletonBeanRegistry.java:222)
	at org.springframework.beans.factory.support.AbstractBeanFactory.doGetBean(AbstractBeanFactory.java:318)
	at org.springframework.beans.factory.support.AbstractBeanFactory.getBean(AbstractBeanFactory.java:199)
	at org.springframework.beans.factory.support.DefaultListableBeanFactory.preInstantiateSingletons(DefaultListableBeanFactory.java:849)
	at org.springframework.context.support.AbstractApplicationContext.finishBeanFactoryInitialization(AbstractApplicationContext.java:877)
	at org.springframework.context.support.AbstractApplicationContext.refresh(AbstractApplicationContext.java:549)
	at org.springframework.test.context.support.AbstractGenericContextLoader.loadContext(AbstractGenericContextLoader.java:128)
	at org.springframework.test.context.support.AbstractGenericContextLoader.loadContext(AbstractGenericContextLoader.java:60)
	at org.springframework.test.context.support.AbstractDelegatingSmartContextLoader.delegateLoading(AbstractDelegatingSmartContextLoader.java:275)
	at org.springframework.test.context.support.AbstractDelegatingSmartContextLoader.loadContext(AbstractDelegatingSmartContextLoader.java:243)
	at org.springframework.test.context.cache.DefaultCacheAwareContextLoaderDelegate.loadContextInternal(DefaultCacheAwareContextLoaderDelegate.java:99)
	at org.springframework.test.context.cache.DefaultCacheAwareContextLoaderDelegate.loadContext(DefaultCacheAwareContextLoaderDelegate.java:117)
	... 27 common frames omitted
Caused by: org.springframework.beans.factory.UnsatisfiedDependencyException: Error creating bean with name 'playerManagerHibernateImpl': Unsatisfied dependency expressed through field 'sessionFactory'; nested exception is org.springframework.beans.factory.BeanCreationException: Error creating bean with name 'hibernateSessionFactory' defined in class path resource [beans.xml]: Invocation of init method failed; nested exception is org.hibernate.exception.JDBCConnectionException: Unable to open JDBC Connection for DDL execution
	at org.springframework.beans.factory.annotation.AutowiredAnnotationBeanPostProcessor$AutowiredFieldElement.inject(AutowiredAnnotationBeanPostProcessor.java:596)
	at org.springframework.beans.factory.annotation.InjectionMetadata.inject(InjectionMetadata.java:90)
	at org.springframework.beans.factory.annotation.AutowiredAnnotationBeanPostProcessor.postProcessProperties(AutowiredAnnotationBeanPostProcessor.java:374)
	at org.springframework.beans.factory.support.AbstractAutowireCapableBeanFactory.populateBean(AbstractAutowireCapableBeanFactory.java:1411)
	at org.springframework.beans.factory.support.AbstractAutowireCapableBeanFactory.doCreateBean(AbstractAutowireCapableBeanFactory.java:592)
	at org.springframework.beans.factory.support.AbstractAutowireCapableBeanFactory.createBean(AbstractAutowireCapableBeanFactory.java:515)
	at org.springframework.beans.factory.support.AbstractBeanFactory.lambda$doGetBean$0(AbstractBeanFactory.java:320)
	at org.springframework.beans.factory.support.DefaultSingletonBeanRegistry.getSingleton(DefaultSingletonBeanRegistry.java:222)
	at org.springframework.beans.factory.support.AbstractBeanFactory.doGetBean(AbstractBeanFactory.java:318)
	at org.springframework.beans.factory.support.AbstractBeanFactory.getBean(AbstractBeanFactory.java:199)
	at org.springframework.beans.factory.config.DependencyDescriptor.resolveCandidate(DependencyDescriptor.java:277)
	at org.springframework.beans.factory.support.DefaultListableBeanFactory.doResolveDependency(DefaultListableBeanFactory.java:1247)
	at org.springframework.beans.factory.support.DefaultListableBeanFactory.resolveDependency(DefaultListableBeanFactory.java:1167)
	at org.springframework.beans.factory.annotation.AutowiredAnnotationBeanPostProcessor$AutowiredFieldElement.inject(AutowiredAnnotationBeanPostProcessor.java:593)
	... 45 common frames omitted
Caused by: org.springframework.beans.factory.BeanCreationException: Error creating bean with name 'hibernateSessionFactory' defined in class path resource [beans.xml]: Invocation of init method failed; nested exception is org.hibernate.exception.JDBCConnectionException: Unable to open JDBC Connection for DDL execution
	at org.springframework.beans.factory.support.AbstractAutowireCapableBeanFactory.initializeBean(AbstractAutowireCapableBeanFactory.java:1778)
	at org.springframework.beans.factory.support.AbstractAutowireCapableBeanFactory.doCreateBean(AbstractAutowireCapableBeanFactory.java:593)
	at org.springframework.beans.factory.support.AbstractAutowireCapableBeanFactory.createBean(AbstractAutowireCapableBeanFactory.java:515)
	at org.springframework.beans.factory.support.AbstractBeanFactory.lambda$doGetBean$0(AbstractBeanFactory.java:320)
	at org.springframework.beans.factory.support.DefaultSingletonBeanRegistry.getSingleton(DefaultSingletonBeanRegistry.java:222)
	at org.springframework.beans.factory.support.AbstractBeanFactory.doGetBean(AbstractBeanFactory.java:318)
	at org.springframework.beans.factory.support.AbstractBeanFactory.getBean(AbstractBeanFactory.java:199)
	at org.springframework.beans.factory.config.DependencyDescriptor.resolveCandidate(DependencyDescriptor.java:277)
	at org.springframework.beans.factory.support.DefaultListableBeanFactory.doResolveDependency(DefaultListableBeanFactory.java:1247)
	at org.springframework.beans.factory.support.DefaultListableBeanFactory.resolveDependency(DefaultListableBeanFactory.java:1167)
	at org.springframework.beans.factory.annotation.AutowiredAnnotationBeanPostProcessor$AutowiredFieldElement.inject(AutowiredAnnotationBeanPostProcessor.java:593)
	... 58 common frames omitted
Caused by: org.hibernate.exception.JDBCConnectionException: Unable to open JDBC Connection for DDL execution
	at org.hibernate.exception.internal.SQLExceptionTypeDelegate.convert(SQLExceptionTypeDelegate.java:48)
	at org.hibernate.exception.internal.StandardSQLExceptionConverter.convert(StandardSQLExceptionConverter.java:42)
	at org.hibernate.engine.jdbc.spi.SqlExceptionHelper.convert(SqlExceptionHelper.java:111)
	at org.hibernate.engine.jdbc.spi.SqlExceptionHelper.convert(SqlExceptionHelper.java:97)
	at org.hibernate.resource.transaction.backend.jdbc.internal.DdlTransactionIsolatorNonJtaImpl.getIsolatedConnection(DdlTransactionIsolatorNonJtaImpl.java:69)
	at org.hibernate.tool.schema.internal.exec.ImprovedExtractionContextImpl.getJdbcConnection(ImprovedExtractionContextImpl.java:60)
	at org.hibernate.tool.schema.extract.internal.SequenceInformationExtractorLegacyImpl.extractMetadata(SequenceInformationExtractorLegacyImpl.java:40)
	at org.hibernate.tool.schema.extract.internal.DatabaseInformationImpl.initializeSequences(DatabaseInformationImpl.java:65)
	at org.hibernate.tool.schema.extract.internal.DatabaseInformationImpl.<init>(DatabaseInformationImpl.java:59)
	at org.hibernate.tool.schema.internal.Helper.buildDatabaseInformation(Helper.java:130)
	at org.hibernate.tool.schema.internal.AbstractSchemaMigrator.doMigration(AbstractSchemaMigrator.java:92)
	at org.hibernate.tool.schema.spi.SchemaManagementToolCoordinator.performDatabaseAction(SchemaManagementToolCoordinator.java:176)
	at org.hibernate.tool.schema.spi.SchemaManagementToolCoordinator.process(SchemaManagementToolCoordinator.java:65)
	at org.hibernate.internal.SessionFactoryImpl.<init>(SessionFactoryImpl.java:459)
	at org.hibernate.boot.internal.SessionFactoryBuilderImpl.build(SessionFactoryBuilderImpl.java:465)
	at org.hibernate.cfg.Configuration.buildSessionFactory(Configuration.java:711)
	at org.hibernate.cfg.Configuration.buildSessionFactory(Configuration.java:727)
	at org.springframework.orm.hibernate5.LocalSessionFactoryBean.buildSessionFactory(LocalSessionFactoryBean.java:615)
	at org.springframework.orm.hibernate5.LocalSessionFactoryBean.afterPropertiesSet(LocalSessionFactoryBean.java:599)
	at org.springframework.beans.factory.support.AbstractAutowireCapableBeanFactory.invokeInitMethods(AbstractAutowireCapableBeanFactory.java:1837)
	at org.springframework.beans.factory.support.AbstractAutowireCapableBeanFactory.initializeBean(AbstractAutowireCapableBeanFactory.java:1774)
	... 68 common frames omitted
Caused by: java.sql.SQLTransientConnectionException: java.net.ConnectException: Połączenie odrzucone (Connection refused)
	at org.hsqldb.jdbc.JDBCUtil.sqlException(Unknown Source)
	at org.hsqldb.jdbc.JDBCUtil.sqlException(Unknown Source)
	at org.hsqldb.jdbc.JDBCConnection.<init>(Unknown Source)
	at org.hsqldb.jdbc.JDBCDriver.getConnection(Unknown Source)
	at org.hsqldb.jdbc.JDBCDriver.connect(Unknown Source)
	at java.sql/java.sql.DriverManager.getConnection(DriverManager.java:677)
	at java.sql/java.sql.DriverManager.getConnection(DriverManager.java:189)
	at org.springframework.jdbc.datasource.DriverManagerDataSource.getConnectionFromDriverManager(DriverManagerDataSource.java:154)
	at org.springframework.jdbc.datasource.DriverManagerDataSource.getConnectionFromDriver(DriverManagerDataSource.java:145)
	at org.springframework.jdbc.datasource.AbstractDriverBasedDataSource.getConnectionFromDriver(AbstractDriverBasedDataSource.java:205)
	at org.springframework.jdbc.datasource.AbstractDriverBasedDataSource.getConnection(AbstractDriverBasedDataSource.java:169)
	at org.hibernate.engine.jdbc.connections.internal.DatasourceConnectionProviderImpl.getConnection(DatasourceConnectionProviderImpl.java:122)
	at org.hibernate.engine.jdbc.env.internal.JdbcEnvironmentInitiator$ConnectionProviderJdbcConnectionAccess.obtainConnection(JdbcEnvironmentInitiator.java:180)
	at org.hibernate.resource.transaction.backend.jdbc.internal.DdlTransactionIsolatorNonJtaImpl.getIsolatedConnection(DdlTransactionIsolatorNonJtaImpl.java:43)
	... 84 common frames omitted
Caused by: org.hsqldb.HsqlException: java.net.ConnectException: Połączenie odrzucone (Connection refused)
	at org.hsqldb.ClientConnection.openConnection(Unknown Source)
	at org.hsqldb.ClientConnection.initConnection(Unknown Source)
	at org.hsqldb.ClientConnection.<init>(Unknown Source)
	... 96 common frames omitted
Caused by: java.net.ConnectException: Połączenie odrzucone (Connection refused)
	at java.base/java.net.PlainSocketImpl.socketConnect(Native Method)
	at java.base/java.net.AbstractPlainSocketImpl.doConnect(AbstractPlainSocketImpl.java:399)
	at java.base/java.net.AbstractPlainSocketImpl.connectToAddress(AbstractPlainSocketImpl.java:242)
	at java.base/java.net.AbstractPlainSocketImpl.connect(AbstractPlainSocketImpl.java:224)
	at java.base/java.net.SocksSocketImpl.connect(SocksSocketImpl.java:403)
	at java.base/java.net.Socket.connect(Socket.java:591)
	at java.base/java.net.Socket.connect(Socket.java:540)
	at java.base/java.net.Socket.<init>(Socket.java:436)
	at java.base/java.net.Socket.<init>(Socket.java:213)
	at org.hsqldb.server.HsqlSocketFactory.createSocket(Unknown Source)
	... 99 common frames omitted
]]></system-out>
  </testcase>
</testsuite>