<?xml version="1.0" encoding="UTF-8"?>
<testsuite xmlns:xsi="http://www.w3.org/2001/XMLSchema-instance" xsi:noNamespaceSchemaLocation="https://maven.apache.org/surefire/maven-surefire-plugin/xsd/surefire-test-report.xsd" name="tau.mmo.service.PlayerManagerTest" time="4.17" tests="12" errors="12" skipped="0" failures="0">
  <properties>
    <property name="sun.desktop" value="gnome"/>
    <property name="awt.toolkit" value="sun.awt.X11.XToolkit"/>
    <property name="java.specification.version" value="11"/>
    <property name="sun.cpu.isalist" value=""/>
    <property name="sun.jnu.encoding" value="UTF-8"/>
    <property name="java.class.path" value="/home/whitewolf/tau/TAU-repozytorium/tau-mmo-jmeter/target/test-classes:/home/whitewolf/tau/TAU-repozytorium/tau-mmo-jmeter/target/classes:/home/whitewolf/.m2/repository/org/springframework/boot/spring-boot-starter-web/2.1.4.RELEASE/spring-boot-starter-web-2.1.4.RELEASE.jar:/home/whitewolf/.m2/repository/org/springframework/boot/spring-boot-starter/2.1.4.RELEASE/spring-boot-starter-2.1.4.RELEASE.jar:/home/whitewolf/.m2/repository/org/springframework/boot/spring-boot/2.1.4.RELEASE/spring-boot-2.1.4.RELEASE.jar:/home/whitewolf/.m2/repository/org/springframework/boot/spring-boot-autoconfigure/2.1.4.RELEASE/spring-boot-autoconfigure-2.1.4.RELEASE.jar:/home/whitewolf/.m2/repository/org/springframework/boot/spring-boot-starter-logging/2.1.4.RELEASE/spring-boot-starter-logging-2.1.4.RELEASE.jar:/home/whitewolf/.m2/repository/ch/qos/logback/logback-classic/1.2.3/logback-classic-1.2.3.jar:/home/whitewolf/.m2/repository/ch/qos/logback/logback-core/1.2.3/logback-core-1.2.3.jar:/home/whitewolf/.m2/repository/org/apache/logging/log4j/log4j-to-slf4j/2.11.2/log4j-to-slf4j-2.11.2.jar:/home/whitewolf/.m2/repository/org/apache/logging/log4j/log4j-api/2.11.2/log4j-api-2.11.2.jar:/home/whitewolf/.m2/repository/org/slf4j/jul-to-slf4j/1.7.26/jul-to-slf4j-1.7.26.jar:/home/whitewolf/.m2/repository/org/yaml/snakeyaml/1.23/snakeyaml-1.23.jar:/home/whitewolf/.m2/repository/org/springframework/boot/spring-boot-starter-json/2.1.4.RELEASE/spring-boot-starter-json-2.1.4.RELEASE.jar:/home/whitewolf/.m2/repository/com/fasterxml/jackson/core/jackson-databind/2.9.8/jackson-databind-2.9.8.jar:/home/whitewolf/.m2/repository/com/fasterxml/jackson/core/jackson-annotations/2.9.0/jackson-annotations-2.9.0.jar:/home/whitewolf/.m2/repository/com/fasterxml/jackson/core/jackson-core/2.9.8/jackson-core-2.9.8.jar:/home/whitewolf/.m2/repository/com/fasterxml/jackson/datatype/jackson-datatype-jdk8/2.9.8/jackson-datatype-jdk8-2.9.8.jar:/home/whitewolf/.m2/repository/com/fasterxml/jackson/datatype/jackson-datatype-jsr310/2.9.8/jackson-datatype-jsr310-2.9.8.jar:/home/whitewolf/.m2/repository/com/fasterxml/jackson/module/jackson-module-parameter-names/2.9.8/jackson-module-parameter-names-2.9.8.jar:/home/whitewolf/.m2/repository/org/hibernate/validator/hibernate-validator/6.0.16.Final/hibernate-validator-6.0.16.Final.jar:/home/whitewolf/.m2/repository/javax/validation/validation-api/2.0.1.Final/validation-api-2.0.1.Final.jar:/home/whitewolf/.m2/repository/org/springframework/spring-web/5.1.6.RELEASE/spring-web-5.1.6.RELEASE.jar:/home/whitewolf/.m2/repository/org/springframework/spring-webmvc/5.1.6.RELEASE/spring-webmvc-5.1.6.RELEASE.jar:/home/whitewolf/.m2/repository/org/springframework/spring-aop/5.1.6.RELEASE/spring-aop-5.1.6.RELEASE.jar:/home/whitewolf/.m2/repository/org/springframework/spring-context/5.1.6.RELEASE/spring-context-5.1.6.RELEASE.jar:/home/whitewolf/.m2/repository/org/springframework/spring-expression/5.1.6.RELEASE/spring-expression-5.1.6.RELEASE.jar:/home/whitewolf/.m2/repository/org/springframework/boot/spring-boot-starter-test/2.1.4.RELEASE/spring-boot-starter-test-2.1.4.RELEASE.jar:/home/whitewolf/.m2/repository/org/springframework/boot/spring-boot-test/2.1.4.RELEASE/spring-boot-test-2.1.4.RELEASE.jar:/home/whitewolf/.m2/repository/org/springframework/boot/spring-boot-test-autoconfigure/2.1.4.RELEASE/spring-boot-test-autoconfigure-2.1.4.RELEASE.jar:/home/whitewolf/.m2/repository/junit/junit/4.12/junit-4.12.jar:/home/whitewolf/.m2/repository/org/assertj/assertj-core/3.11.1/assertj-core-3.11.1.jar:/home/whitewolf/.m2/repository/org/mockito/mockito-core/2.23.4/mockito-core-2.23.4.jar:/home/whitewolf/.m2/repository/net/bytebuddy/byte-buddy/1.9.12/byte-buddy-1.9.12.jar:/home/whitewolf/.m2/repository/net/bytebuddy/byte-buddy-agent/1.9.12/byte-buddy-agent-1.9.12.jar:/home/whitewolf/.m2/repository/org/objenesis/objenesis/2.6/objenesis-2.6.jar:/home/whitewolf/.m2/repository/org/hamcrest/hamcrest-core/1.3/hamcrest-core-1.3.jar:/home/whitewolf/.m2/repository/org/hamcrest/hamcrest-library/1.3/hamcrest-library-1.3.jar:/home/whitewolf/.m2/repository/org/skyscreamer/jsonassert/1.5.0/jsonassert-1.5.0.jar:/home/whitewolf/.m2/repository/com/vaadin/external/google/android-json/0.0.20131108.vaadin1/android-json-0.0.20131108.vaadin1.jar:/home/whitewolf/.m2/repository/org/springframework/spring-core/5.1.6.RELEASE/spring-core-5.1.6.RELEASE.jar:/home/whitewolf/.m2/repository/org/springframework/spring-jcl/5.1.6.RELEASE/spring-jcl-5.1.6.RELEASE.jar:/home/whitewolf/.m2/repository/org/springframework/spring-test/5.1.6.RELEASE/spring-test-5.1.6.RELEASE.jar:/home/whitewolf/.m2/repository/org/xmlunit/xmlunit-core/2.6.2/xmlunit-core-2.6.2.jar:/home/whitewolf/.m2/repository/org/springframework/boot/spring-boot-starter-tomcat/2.1.4.RELEASE/spring-boot-starter-tomcat-2.1.4.RELEASE.jar:/home/whitewolf/.m2/repository/javax/annotation/javax.annotation-api/1.3.2/javax.annotation-api-1.3.2.jar:/home/whitewolf/.m2/repository/org/apache/tomcat/embed/tomcat-embed-core/9.0.17/tomcat-embed-core-9.0.17.jar:/home/whitewolf/.m2/repository/org/apache/tomcat/embed/tomcat-embed-el/9.0.17/tomcat-embed-el-9.0.17.jar:/home/whitewolf/.m2/repository/org/apache/tomcat/embed/tomcat-embed-websocket/9.0.17/tomcat-embed-websocket-9.0.17.jar:/home/whitewolf/.m2/repository/org/springframework/boot/spring-boot-starter-data-jpa/2.1.4.RELEASE/spring-boot-starter-data-jpa-2.1.4.RELEASE.jar:/home/whitewolf/.m2/repository/org/springframework/boot/spring-boot-starter-aop/2.1.4.RELEASE/spring-boot-starter-aop-2.1.4.RELEASE.jar:/home/whitewolf/.m2/repository/org/aspectj/aspectjweaver/1.9.2/aspectjweaver-1.9.2.jar:/home/whitewolf/.m2/repository/org/springframework/boot/spring-boot-starter-jdbc/2.1.4.RELEASE/spring-boot-starter-jdbc-2.1.4.RELEASE.jar:/home/whitewolf/.m2/repository/com/zaxxer/HikariCP/3.2.0/HikariCP-3.2.0.jar:/home/whitewolf/.m2/repository/org/springframework/spring-jdbc/5.1.6.RELEASE/spring-jdbc-5.1.6.RELEASE.jar:/home/whitewolf/.m2/repository/javax/transaction/javax.transaction-api/1.3/javax.transaction-api-1.3.jar:/home/whitewolf/.m2/repository/javax/xml/bind/jaxb-api/2.3.1/jaxb-api-2.3.1.jar:/home/whitewolf/.m2/repository/javax/activation/javax.activation-api/1.2.0/javax.activation-api-1.2.0.jar:/home/whitewolf/.m2/repository/org/springframework/data/spring-data-jpa/2.1.6.RELEASE/spring-data-jpa-2.1.6.RELEASE.jar:/home/whitewolf/.m2/repository/org/springframework/data/spring-data-commons/2.1.6.RELEASE/spring-data-commons-2.1.6.RELEASE.jar:/home/whitewolf/.m2/repository/org/springframework/spring-orm/5.1.6.RELEASE/spring-orm-5.1.6.RELEASE.jar:/home/whitewolf/.m2/repository/org/springframework/spring-aspects/5.1.6.RELEASE/spring-aspects-5.1.6.RELEASE.jar:/home/whitewolf/.m2/repository/org/springframework/spring-tx/5.1.6.RELEASE/spring-tx-5.1.6.RELEASE.jar:/home/whitewolf/.m2/repository/org/springframework/spring-beans/5.1.6.RELEASE/spring-beans-5.1.6.RELEASE.jar:/home/whitewolf/.m2/repository/com/jayway/jsonpath/json-path/2.4.0/json-path-2.4.0.jar:/home/whitewolf/.m2/repository/net/minidev/json-smart/2.3/json-smart-2.3.jar:/home/whitewolf/.m2/repository/net/minidev/accessors-smart/1.2/accessors-smart-1.2.jar:/home/whitewolf/.m2/repository/org/ow2/asm/asm/5.0.4/asm-5.0.4.jar:/home/whitewolf/.m2/repository/org/slf4j/slf4j-api/1.7.26/slf4j-api-1.7.26.jar:/home/whitewolf/.m2/repository/org/hibernate/hibernate-core/5.1.6.Final/hibernate-core-5.1.6.Final.jar:/home/whitewolf/.m2/repository/org/jboss/logging/jboss-logging/3.3.2.Final/jboss-logging-3.3.2.Final.jar:/home/whitewolf/.m2/repository/org/hibernate/javax/persistence/hibernate-jpa-2.1-api/1.0.0.Final/hibernate-jpa-2.1-api-1.0.0.Final.jar:/home/whitewolf/.m2/repository/org/javassist/javassist/3.20.0-GA/javassist-3.20.0-GA.jar:/home/whitewolf/.m2/repository/antlr/antlr/2.7.7/antlr-2.7.7.jar:/home/whitewolf/.m2/repository/org/apache/geronimo/specs/geronimo-jta_1.1_spec/1.1.1/geronimo-jta_1.1_spec-1.1.1.jar:/home/whitewolf/.m2/repository/org/jboss/jandex/2.0.3.Final/jandex-2.0.3.Final.jar:/home/whitewolf/.m2/repository/com/fasterxml/classmate/1.4.0/classmate-1.4.0.jar:/home/whitewolf/.m2/repository/dom4j/dom4j/1.6.1/dom4j-1.6.1.jar:/home/whitewolf/.m2/repository/org/hibernate/common/hibernate-commons-annotations/5.0.1.Final/hibernate-commons-annotations-5.0.1.Final.jar:/home/whitewolf/.m2/repository/org/hsqldb/hsqldb/2.3.4/hsqldb-2.3.4.jar:"/>
    <property name="java.vm.vendor" value="Oracle Corporation"/>
    <property name="sun.arch.data.model" value="64"/>
    <property name="java.vendor.url" value="http://java.oracle.com/"/>
    <property name="user.timezone" value=""/>
    <property name="java.vm.specification.version" value="11"/>
    <property name="os.name" value="Linux"/>
    <property name="sun.java.launcher" value="SUN_STANDARD"/>
    <property name="user.country" value="PL"/>
    <property name="sun.boot.library.path" value="/usr/lib/jvm/java-11-openjdk-amd64/lib"/>
    <property name="sun.java.command" value="/home/whitewolf/tau/TAU-repozytorium/tau-mmo-jmeter/target/surefire/surefirebooter3743684750447416578.jar /home/whitewolf/tau/TAU-repozytorium/tau-mmo-jmeter/target/surefire 2019-05-27T20-24-21_781-jvmRun1 surefire6552960694995493992tmp surefire_06547653810239904951tmp"/>
    <property name="jdk.debug" value="release"/>
    <property name="surefire.test.class.path" value="/home/whitewolf/tau/TAU-repozytorium/tau-mmo-jmeter/target/test-classes:/home/whitewolf/tau/TAU-repozytorium/tau-mmo-jmeter/target/classes:/home/whitewolf/.m2/repository/org/springframework/boot/spring-boot-starter-web/2.1.4.RELEASE/spring-boot-starter-web-2.1.4.RELEASE.jar:/home/whitewolf/.m2/repository/org/springframework/boot/spring-boot-starter/2.1.4.RELEASE/spring-boot-starter-2.1.4.RELEASE.jar:/home/whitewolf/.m2/repository/org/springframework/boot/spring-boot/2.1.4.RELEASE/spring-boot-2.1.4.RELEASE.jar:/home/whitewolf/.m2/repository/org/springframework/boot/spring-boot-autoconfigure/2.1.4.RELEASE/spring-boot-autoconfigure-2.1.4.RELEASE.jar:/home/whitewolf/.m2/repository/org/springframework/boot/spring-boot-starter-logging/2.1.4.RELEASE/spring-boot-starter-logging-2.1.4.RELEASE.jar:/home/whitewolf/.m2/repository/ch/qos/logback/logback-classic/1.2.3/logback-classic-1.2.3.jar:/home/whitewolf/.m2/repository/ch/qos/logback/logback-core/1.2.3/logback-core-1.2.3.jar:/home/whitewolf/.m2/repository/org/apache/logging/log4j/log4j-to-slf4j/2.11.2/log4j-to-slf4j-2.11.2.jar:/home/whitewolf/.m2/repository/org/apache/logging/log4j/log4j-api/2.11.2/log4j-api-2.11.2.jar:/home/whitewolf/.m2/repository/org/slf4j/jul-to-slf4j/1.7.26/jul-to-slf4j-1.7.26.jar:/home/whitewolf/.m2/repository/org/yaml/snakeyaml/1.23/snakeyaml-1.23.jar:/home/whitewolf/.m2/repository/org/springframework/boot/spring-boot-starter-json/2.1.4.RELEASE/spring-boot-starter-json-2.1.4.RELEASE.jar:/home/whitewolf/.m2/repository/com/fasterxml/jackson/core/jackson-databind/2.9.8/jackson-databind-2.9.8.jar:/home/whitewolf/.m2/repository/com/fasterxml/jackson/core/jackson-annotations/2.9.0/jackson-annotations-2.9.0.jar:/home/whitewolf/.m2/repository/com/fasterxml/jackson/core/jackson-core/2.9.8/jackson-core-2.9.8.jar:/home/whitewolf/.m2/repository/com/fasterxml/jackson/datatype/jackson-datatype-jdk8/2.9.8/jackson-datatype-jdk8-2.9.8.jar:/home/whitewolf/.m2/repository/com/fasterxml/jackson/datatype/jackson-datatype-jsr310/2.9.8/jackson-datatype-jsr310-2.9.8.jar:/home/whitewolf/.m2/repository/com/fasterxml/jackson/module/jackson-module-parameter-names/2.9.8/jackson-module-parameter-names-2.9.8.jar:/home/whitewolf/.m2/repository/org/hibernate/validator/hibernate-validator/6.0.16.Final/hibernate-validator-6.0.16.Final.jar:/home/whitewolf/.m2/repository/javax/validation/validation-api/2.0.1.Final/validation-api-2.0.1.Final.jar:/home/whitewolf/.m2/repository/org/springframework/spring-web/5.1.6.RELEASE/spring-web-5.1.6.RELEASE.jar:/home/whitewolf/.m2/repository/org/springframework/spring-webmvc/5.1.6.RELEASE/spring-webmvc-5.1.6.RELEASE.jar:/home/whitewolf/.m2/repository/org/springframework/spring-aop/5.1.6.RELEASE/spring-aop-5.1.6.RELEASE.jar:/home/whitewolf/.m2/repository/org/springframework/spring-context/5.1.6.RELEASE/spring-context-5.1.6.RELEASE.jar:/home/whitewolf/.m2/repository/org/springframework/spring-expression/5.1.6.RELEASE/spring-expression-5.1.6.RELEASE.jar:/home/whitewolf/.m2/repository/org/springframework/boot/spring-boot-starter-test/2.1.4.RELEASE/spring-boot-starter-test-2.1.4.RELEASE.jar:/home/whitewolf/.m2/repository/org/springframework/boot/spring-boot-test/2.1.4.RELEASE/spring-boot-test-2.1.4.RELEASE.jar:/home/whitewolf/.m2/repository/org/springframework/boot/spring-boot-test-autoconfigure/2.1.4.RELEASE/spring-boot-test-autoconfigure-2.1.4.RELEASE.jar:/home/whitewolf/.m2/repository/junit/junit/4.12/junit-4.12.jar:/home/whitewolf/.m2/repository/org/assertj/assertj-core/3.11.1/assertj-core-3.11.1.jar:/home/whitewolf/.m2/repository/org/mockito/mockito-core/2.23.4/mockito-core-2.23.4.jar:/home/whitewolf/.m2/repository/net/bytebuddy/byte-buddy/1.9.12/byte-buddy-1.9.12.jar:/home/whitewolf/.m2/repository/net/bytebuddy/byte-buddy-agent/1.9.12/byte-buddy-agent-1.9.12.jar:/home/whitewolf/.m2/repository/org/objenesis/objenesis/2.6/objenesis-2.6.jar:/home/whitewolf/.m2/repository/org/hamcrest/hamcrest-core/1.3/hamcrest-core-1.3.jar:/home/whitewolf/.m2/repository/org/hamcrest/hamcrest-library/1.3/hamcrest-library-1.3.jar:/home/whitewolf/.m2/repository/org/skyscreamer/jsonassert/1.5.0/jsonassert-1.5.0.jar:/home/whitewolf/.m2/repository/com/vaadin/external/google/android-json/0.0.20131108.vaadin1/android-json-0.0.20131108.vaadin1.jar:/home/whitewolf/.m2/repository/org/springframework/spring-core/5.1.6.RELEASE/spring-core-5.1.6.RELEASE.jar:/home/whitewolf/.m2/repository/org/springframework/spring-jcl/5.1.6.RELEASE/spring-jcl-5.1.6.RELEASE.jar:/home/whitewolf/.m2/repository/org/springframework/spring-test/5.1.6.RELEASE/spring-test-5.1.6.RELEASE.jar:/home/whitewolf/.m2/repository/org/xmlunit/xmlunit-core/2.6.2/xmlunit-core-2.6.2.jar:/home/whitewolf/.m2/repository/org/springframework/boot/spring-boot-starter-tomcat/2.1.4.RELEASE/spring-boot-starter-tomcat-2.1.4.RELEASE.jar:/home/whitewolf/.m2/repository/javax/annotation/javax.annotation-api/1.3.2/javax.annotation-api-1.3.2.jar:/home/whitewolf/.m2/repository/org/apache/tomcat/embed/tomcat-embed-core/9.0.17/tomcat-embed-core-9.0.17.jar:/home/whitewolf/.m2/repository/org/apache/tomcat/embed/tomcat-embed-el/9.0.17/tomcat-embed-el-9.0.17.jar:/home/whitewolf/.m2/repository/org/apache/tomcat/embed/tomcat-embed-websocket/9.0.17/tomcat-embed-websocket-9.0.17.jar:/home/whitewolf/.m2/repository/org/springframework/boot/spring-boot-starter-data-jpa/2.1.4.RELEASE/spring-boot-starter-data-jpa-2.1.4.RELEASE.jar:/home/whitewolf/.m2/repository/org/springframework/boot/spring-boot-starter-aop/2.1.4.RELEASE/spring-boot-starter-aop-2.1.4.RELEASE.jar:/home/whitewolf/.m2/repository/org/aspectj/aspectjweaver/1.9.2/aspectjweaver-1.9.2.jar:/home/whitewolf/.m2/repository/org/springframework/boot/spring-boot-starter-jdbc/2.1.4.RELEASE/spring-boot-starter-jdbc-2.1.4.RELEASE.jar:/home/whitewolf/.m2/repository/com/zaxxer/HikariCP/3.2.0/HikariCP-3.2.0.jar:/home/whitewolf/.m2/repository/org/springframework/spring-jdbc/5.1.6.RELEASE/spring-jdbc-5.1.6.RELEASE.jar:/home/whitewolf/.m2/repository/javax/transaction/javax.transaction-api/1.3/javax.transaction-api-1.3.jar:/home/whitewolf/.m2/repository/javax/xml/bind/jaxb-api/2.3.1/jaxb-api-2.3.1.jar:/home/whitewolf/.m2/repository/javax/activation/javax.activation-api/1.2.0/javax.activation-api-1.2.0.jar:/home/whitewolf/.m2/repository/org/springframework/data/spring-data-jpa/2.1.6.RELEASE/spring-data-jpa-2.1.6.RELEASE.jar:/home/whitewolf/.m2/repository/org/springframework/data/spring-data-commons/2.1.6.RELEASE/spring-data-commons-2.1.6.RELEASE.jar:/home/whitewolf/.m2/repository/org/springframework/spring-orm/5.1.6.RELEASE/spring-orm-5.1.6.RELEASE.jar:/home/whitewolf/.m2/repository/org/springframework/spring-aspects/5.1.6.RELEASE/spring-aspects-5.1.6.RELEASE.jar:/home/whitewolf/.m2/repository/org/springframework/spring-tx/5.1.6.RELEASE/spring-tx-5.1.6.RELEASE.jar:/home/whitewolf/.m2/repository/org/springframework/spring-beans/5.1.6.RELEASE/spring-beans-5.1.6.RELEASE.jar:/home/whitewolf/.m2/repository/com/jayway/jsonpath/json-path/2.4.0/json-path-2.4.0.jar:/home/whitewolf/.m2/repository/net/minidev/json-smart/2.3/json-smart-2.3.jar:/home/whitewolf/.m2/repository/net/minidev/accessors-smart/1.2/accessors-smart-1.2.jar:/home/whitewolf/.m2/repository/org/ow2/asm/asm/5.0.4/asm-5.0.4.jar:/home/whitewolf/.m2/repository/org/slf4j/slf4j-api/1.7.26/slf4j-api-1.7.26.jar:/home/whitewolf/.m2/repository/org/hibernate/hibernate-core/5.1.6.Final/hibernate-core-5.1.6.Final.jar:/home/whitewolf/.m2/repository/org/jboss/logging/jboss-logging/3.3.2.Final/jboss-logging-3.3.2.Final.jar:/home/whitewolf/.m2/repository/org/hibernate/javax/persistence/hibernate-jpa-2.1-api/1.0.0.Final/hibernate-jpa-2.1-api-1.0.0.Final.jar:/home/whitewolf/.m2/repository/org/javassist/javassist/3.20.0-GA/javassist-3.20.0-GA.jar:/home/whitewolf/.m2/repository/antlr/antlr/2.7.7/antlr-2.7.7.jar:/home/whitewolf/.m2/repository/org/apache/geronimo/specs/geronimo-jta_1.1_spec/1.1.1/geronimo-jta_1.1_spec-1.1.1.jar:/home/whitewolf/.m2/repository/org/jboss/jandex/2.0.3.Final/jandex-2.0.3.Final.jar:/home/whitewolf/.m2/repository/com/fasterxml/classmate/1.4.0/classmate-1.4.0.jar:/home/whitewolf/.m2/repository/dom4j/dom4j/1.6.1/dom4j-1.6.1.jar:/home/whitewolf/.m2/repository/org/hibernate/common/hibernate-commons-annotations/5.0.1.Final/hibernate-commons-annotations-5.0.1.Final.jar:/home/whitewolf/.m2/repository/org/hsqldb/hsqldb/2.3.4/hsqldb-2.3.4.jar:"/>
    <property name="sun.cpu.endian" value="little"/>
    <property name="user.home" value="/home/whitewolf"/>
    <property name="user.language" value="pl"/>
    <property name="java.specification.vendor" value="Oracle Corporation"/>
    <property name="java.version.date" value="2019-04-16"/>
    <property name="java.home" value="/usr/lib/jvm/java-11-openjdk-amd64"/>
    <property name="file.separator" value="/"/>
    <property name="basedir" value="/home/whitewolf/tau/TAU-repozytorium/tau-mmo-jmeter"/>
    <property name="java.vm.compressedOopsMode" value="Zero based"/>
    <property name="line.separator" value="&#10;"/>
    <property name="java.specification.name" value="Java Platform API Specification"/>
    <property name="java.vm.specification.vendor" value="Oracle Corporation"/>
    <property name="java.awt.graphicsenv" value="sun.awt.X11GraphicsEnvironment"/>
    <property name="surefire.real.class.path" value="/home/whitewolf/tau/TAU-repozytorium/tau-mmo-jmeter/target/surefire/surefirebooter3743684750447416578.jar"/>
    <property name="sun.management.compiler" value="HotSpot 64-Bit Tiered Compilers"/>
    <property name="java.runtime.version" value="11.0.3+7-Ubuntu-1ubuntu218.04.1"/>
    <property name="user.name" value="whitewolf"/>
    <property name="path.separator" value=":"/>
    <property name="os.version" value="4.15.0-47-generic"/>
    <property name="java.runtime.name" value="OpenJDK Runtime Environment"/>
    <property name="file.encoding" value="UTF-8"/>
    <property name="java.vm.name" value="OpenJDK 64-Bit Server VM"/>
    <property name="localRepository" value="/home/whitewolf/.m2/repository"/>
    <property name="java.vendor.url.bug" value="http://bugreport.java.com/bugreport/"/>
    <property name="java.io.tmpdir" value="/tmp"/>
    <property name="java.version" value="11.0.3"/>
    <property name="user.dir" value="/home/whitewolf/tau/TAU-repozytorium/tau-mmo-jmeter"/>
    <property name="os.arch" value="amd64"/>
    <property name="java.vm.specification.name" value="Java Virtual Machine Specification"/>
    <property name="java.awt.printerjob" value="sun.print.PSPrinterJob"/>
    <property name="sun.os.patch.level" value="unknown"/>
    <property name="java.library.path" value="/usr/java/packages/lib:/usr/lib/x86_64-linux-gnu/jni:/lib/x86_64-linux-gnu:/usr/lib/x86_64-linux-gnu:/usr/lib/jni:/lib:/usr/lib"/>
    <property name="java.vendor" value="Oracle Corporation"/>
    <property name="java.vm.info" value="mixed mode, sharing"/>
    <property name="java.vm.version" value="11.0.3+7-Ubuntu-1ubuntu218.04.1"/>
    <property name="sun.io.unicode.encoding" value="UnicodeLittle"/>
    <property name="java.class.version" value="55.0"/>
  </properties>
  <testcase name="transferItem" classname="tau.mmo.service.PlayerManagerTest" time="0.003">
    <error message="Failed to load ApplicationContext" type="java.lang.IllegalStateException">java.lang.IllegalStateException: Failed to load ApplicationContext
Caused by: org.springframework.beans.factory.UnsatisfiedDependencyException: Error creating bean with name 'playerController': Unsatisfied dependency expressed through field 'playerManager'; nested exception is org.springframework.beans.factory.UnsatisfiedDependencyException: Error creating bean with name 'playerManagerHibernateImpl': Unsatisfied dependency expressed through field 'sessionFactory'; nested exception is org.springframework.beans.factory.BeanCreationException: Error creating bean with name 'hibernateSessionFactory' defined in class path resource [beans.xml]: Invocation of init method failed; nested exception is org.hibernate.exception.JDBCConnectionException: Unable to open JDBC Connection for DDL execution
Caused by: org.springframework.beans.factory.UnsatisfiedDependencyException: Error creating bean with name 'playerManagerHibernateImpl': Unsatisfied dependency expressed through field 'sessionFactory'; nested exception is org.springframework.beans.factory.BeanCreationException: Error creating bean with name 'hibernateSessionFactory' defined in class path resource [beans.xml]: Invocation of init method failed; nested exception is org.hibernate.exception.JDBCConnectionException: Unable to open JDBC Connection for DDL execution
Caused by: org.springframework.beans.factory.BeanCreationException: Error creating bean with name 'hibernateSessionFactory' defined in class path resource [beans.xml]: Invocation of init method failed; nested exception is org.hibernate.exception.JDBCConnectionException: Unable to open JDBC Connection for DDL execution
Caused by: org.hibernate.exception.JDBCConnectionException: Unable to open JDBC Connection for DDL execution
Caused by: java.sql.SQLTransientConnectionException: java.net.ConnectException: Połączenie odrzucone (Connection refused)
Caused by: org.hsqldb.HsqlException: java.net.ConnectException: Połączenie odrzucone (Connection refused)
Caused by: java.net.ConnectException: Połączenie odrzucone (Connection refused)
</error>
    <system-out><![CDATA[20:24:22.348 [main] DEBUG org.springframework.test.context.junit4.SpringJUnit4ClassRunner - SpringJUnit4ClassRunner constructor called with [class tau.mmo.service.PlayerManagerTest]
20:24:22.351 [main] DEBUG org.springframework.test.context.BootstrapUtils - Instantiating CacheAwareContextLoaderDelegate from class [org.springframework.test.context.cache.DefaultCacheAwareContextLoaderDelegate]
20:24:22.357 [main] DEBUG org.springframework.test.context.BootstrapUtils - Instantiating BootstrapContext using constructor [public org.springframework.test.context.support.DefaultBootstrapContext(java.lang.Class,org.springframework.test.context.CacheAwareContextLoaderDelegate)]
20:24:22.364 [main] DEBUG org.springframework.test.context.BootstrapUtils - Instantiating TestContextBootstrapper for test class [tau.mmo.service.PlayerManagerTest] from class [org.springframework.test.context.support.DefaultTestContextBootstrapper]
20:24:22.384 [main] DEBUG org.springframework.test.context.support.AbstractDelegatingSmartContextLoader - Delegating to GenericXmlContextLoader to process context configuration [ContextConfigurationAttributes@7bb58ca3 declaringClass = 'tau.mmo.service.PlayerManagerTest', classes = '{}', locations = '{classpath:/beans.xml}', inheritLocations = true, initializers = '{}', inheritInitializers = true, name = [null], contextLoaderClass = 'org.springframework.test.context.ContextLoader'].
20:24:22.423 [main] DEBUG org.springframework.test.context.support.ActiveProfilesUtils - Could not find an 'annotation declaring class' for annotation type [org.springframework.test.context.ActiveProfiles] and class [tau.mmo.service.PlayerManagerTest]
20:24:22.424 [main] DEBUG org.springframework.test.context.support.DefaultTestContextBootstrapper - @TestExecutionListeners is not present for class [tau.mmo.service.PlayerManagerTest]: using defaults.
20:24:22.425 [main] INFO org.springframework.test.context.support.DefaultTestContextBootstrapper - Loaded default TestExecutionListener class names from location [META-INF/spring.factories]: [org.springframework.boot.test.mock.mockito.MockitoTestExecutionListener, org.springframework.boot.test.mock.mockito.ResetMocksTestExecutionListener, org.springframework.boot.test.autoconfigure.restdocs.RestDocsTestExecutionListener, org.springframework.boot.test.autoconfigure.web.client.MockRestServiceServerResetTestExecutionListener, org.springframework.boot.test.autoconfigure.web.servlet.MockMvcPrintOnlyOnFailureTestExecutionListener, org.springframework.boot.test.autoconfigure.web.servlet.WebDriverTestExecutionListener, org.springframework.test.context.web.ServletTestExecutionListener, org.springframework.test.context.support.DirtiesContextBeforeModesTestExecutionListener, org.springframework.test.context.support.DependencyInjectionTestExecutionListener, org.springframework.test.context.support.DirtiesContextTestExecutionListener, org.springframework.test.context.transaction.TransactionalTestExecutionListener, org.springframework.test.context.jdbc.SqlScriptsTestExecutionListener]
20:24:22.437 [main] INFO org.springframework.test.context.support.DefaultTestContextBootstrapper - Using TestExecutionListeners: [org.springframework.test.context.web.ServletTestExecutionListener@64cd705f, org.springframework.test.context.support.DirtiesContextBeforeModesTestExecutionListener@9225652, org.springframework.boot.test.mock.mockito.MockitoTestExecutionListener@654f0d9c, org.springframework.test.context.support.DependencyInjectionTestExecutionListener@6a400542, org.springframework.test.context.support.DirtiesContextTestExecutionListener@6580cfdd, org.springframework.test.context.transaction.TransactionalTestExecutionListener@7e0b85f9, org.springframework.test.context.jdbc.SqlScriptsTestExecutionListener@63355449, org.springframework.boot.test.mock.mockito.ResetMocksTestExecutionListener@9353778, org.springframework.boot.test.autoconfigure.restdocs.RestDocsTestExecutionListener@6a28ffa4, org.springframework.boot.test.autoconfigure.web.client.MockRestServiceServerResetTestExecutionListener@48ae9b55, org.springframework.boot.test.autoconfigure.web.servlet.MockMvcPrintOnlyOnFailureTestExecutionListener@1700915, org.springframework.boot.test.autoconfigure.web.servlet.WebDriverTestExecutionListener@21de60b4]
20:24:22.439 [main] DEBUG org.springframework.test.annotation.ProfileValueUtils - Retrieved @ProfileValueSourceConfiguration [null] for test class [tau.mmo.service.PlayerManagerTest]
20:24:22.439 [main] DEBUG org.springframework.test.annotation.ProfileValueUtils - Retrieved ProfileValueSource type [class org.springframework.test.annotation.SystemProfileValueSource] for class [tau.mmo.service.PlayerManagerTest]
20:24:22.441 [main] DEBUG org.springframework.test.annotation.ProfileValueUtils - Retrieved @ProfileValueSourceConfiguration [null] for test class [tau.mmo.service.PlayerManagerTest]
20:24:22.441 [main] DEBUG org.springframework.test.annotation.ProfileValueUtils - Retrieved ProfileValueSource type [class org.springframework.test.annotation.SystemProfileValueSource] for class [tau.mmo.service.PlayerManagerTest]
20:24:22.442 [main] DEBUG org.springframework.test.annotation.ProfileValueUtils - Retrieved @ProfileValueSourceConfiguration [null] for test class [tau.mmo.service.PlayerManagerTest]
20:24:22.442 [main] DEBUG org.springframework.test.annotation.ProfileValueUtils - Retrieved ProfileValueSource type [class org.springframework.test.annotation.SystemProfileValueSource] for class [tau.mmo.service.PlayerManagerTest]
20:24:22.443 [main] DEBUG org.springframework.test.context.support.AbstractDirtiesContextTestExecutionListener - Before test class: context [DefaultTestContext@7ed7259e testClass = PlayerManagerTest, testInstance = [null], testMethod = [null], testException = [null], mergedContextConfiguration = [MergedContextConfiguration@28eaa59a testClass = PlayerManagerTest, locations = '{classpath:/beans.xml}', classes = '{}', contextInitializerClasses = '[]', activeProfiles = '{}', propertySourceLocations = '{}', propertySourceProperties = '{}', contextCustomizers = set[org.springframework.boot.test.context.filter.ExcludeFilterContextCustomizer@6b4a4e18, org.springframework.boot.test.json.DuplicateJsonObjectContextCustomizerFactory$DuplicateJsonObjectContextCustomizer@402e37bc, org.springframework.boot.test.mock.mockito.MockitoContextCustomizer@0, org.springframework.boot.test.autoconfigure.properties.PropertyMappingContextCustomizer@0, org.springframework.boot.test.autoconfigure.web.servlet.WebDriverContextCustomizerFactory$Customizer@6973bf95], contextLoader = 'org.springframework.test.context.support.DelegatingSmartContextLoader', parent = [null]], attributes = map[[empty]]], class annotated with @DirtiesContext [false] with mode [null].
20:24:22.444 [main] DEBUG org.springframework.test.annotation.ProfileValueUtils - Retrieved @ProfileValueSourceConfiguration [null] for test class [tau.mmo.service.PlayerManagerTest]
20:24:22.444 [main] DEBUG org.springframework.test.annotation.ProfileValueUtils - Retrieved ProfileValueSource type [class org.springframework.test.annotation.SystemProfileValueSource] for class [tau.mmo.service.PlayerManagerTest]
20:24:22.447 [main] DEBUG org.springframework.test.context.support.DependencyInjectionTestExecutionListener - Performing dependency injection for test context [[DefaultTestContext@7ed7259e testClass = PlayerManagerTest, testInstance = tau.mmo.service.PlayerManagerTest@1ab3a8c8, testMethod = [null], testException = [null], mergedContextConfiguration = [MergedContextConfiguration@28eaa59a testClass = PlayerManagerTest, locations = '{classpath:/beans.xml}', classes = '{}', contextInitializerClasses = '[]', activeProfiles = '{}', propertySourceLocations = '{}', propertySourceProperties = '{}', contextCustomizers = set[org.springframework.boot.test.context.filter.ExcludeFilterContextCustomizer@6b4a4e18, org.springframework.boot.test.json.DuplicateJsonObjectContextCustomizerFactory$DuplicateJsonObjectContextCustomizer@402e37bc, org.springframework.boot.test.mock.mockito.MockitoContextCustomizer@0, org.springframework.boot.test.autoconfigure.properties.PropertyMappingContextCustomizer@0, org.springframework.boot.test.autoconfigure.web.servlet.WebDriverContextCustomizerFactory$Customizer@6973bf95], contextLoader = 'org.springframework.test.context.support.DelegatingSmartContextLoader', parent = [null]], attributes = map[[empty]]]].
20:24:22.448 [main] DEBUG org.springframework.test.context.support.AbstractDelegatingSmartContextLoader - Delegating to GenericXmlContextLoader to load context from [MergedContextConfiguration@28eaa59a testClass = PlayerManagerTest, locations = '{classpath:/beans.xml}', classes = '{}', contextInitializerClasses = '[]', activeProfiles = '{}', propertySourceLocations = '{}', propertySourceProperties = '{}', contextCustomizers = set[org.springframework.boot.test.context.filter.ExcludeFilterContextCustomizer@6b4a4e18, org.springframework.boot.test.json.DuplicateJsonObjectContextCustomizerFactory$DuplicateJsonObjectContextCustomizer@402e37bc, org.springframework.boot.test.mock.mockito.MockitoContextCustomizer@0, org.springframework.boot.test.autoconfigure.properties.PropertyMappingContextCustomizer@0, org.springframework.boot.test.autoconfigure.web.servlet.WebDriverContextCustomizerFactory$Customizer@6973bf95], contextLoader = 'org.springframework.test.context.support.DelegatingSmartContextLoader', parent = [null]].
20:24:22.449 [main] DEBUG org.springframework.test.context.support.AbstractGenericContextLoader - Loading ApplicationContext for merged context configuration [[MergedContextConfiguration@28eaa59a testClass = PlayerManagerTest, locations = '{classpath:/beans.xml}', classes = '{}', contextInitializerClasses = '[]', activeProfiles = '{}', propertySourceLocations = '{}', propertySourceProperties = '{}', contextCustomizers = set[org.springframework.boot.test.context.filter.ExcludeFilterContextCustomizer@6b4a4e18, org.springframework.boot.test.json.DuplicateJsonObjectContextCustomizerFactory$DuplicateJsonObjectContextCustomizer@402e37bc, org.springframework.boot.test.mock.mockito.MockitoContextCustomizer@0, org.springframework.boot.test.autoconfigure.properties.PropertyMappingContextCustomizer@0, org.springframework.boot.test.autoconfigure.web.servlet.WebDriverContextCustomizerFactory$Customizer@6973bf95], contextLoader = 'org.springframework.test.context.support.DelegatingSmartContextLoader', parent = [null]]].
20:24:22.479 [main] DEBUG org.springframework.core.env.StandardEnvironment - Activating profiles []
20:24:22.669 [main] DEBUG org.springframework.context.annotation.ClassPathBeanDefinitionScanner - Identified candidate component class: file [/home/whitewolf/tau/TAU-repozytorium/tau-mmo-jmeter/target/classes/tau/mmo/Application.class]
20:24:22.675 [main] DEBUG org.springframework.context.annotation.ClassPathBeanDefinitionScanner - Identified candidate component class: file [/home/whitewolf/tau/TAU-repozytorium/tau-mmo-jmeter/target/classes/tau/mmo/api/PlayerController.class]
20:24:22.679 [main] DEBUG org.springframework.context.annotation.ClassPathBeanDefinitionScanner - Identified candidate component class: file [/home/whitewolf/tau/TAU-repozytorium/tau-mmo-jmeter/target/classes/tau/mmo/service/PlayerManagerHibernateImpl.class]
20:24:22.693 [main] DEBUG org.springframework.beans.factory.xml.XmlBeanDefinitionReader - Loaded 12 bean definitions from class path resource [beans.xml]
20:24:22.696 [main] DEBUG org.springframework.context.support.GenericApplicationContext - Refreshing org.springframework.context.support.GenericApplicationContext@2a798d51
20:24:22.713 [main] DEBUG org.springframework.beans.factory.support.DefaultListableBeanFactory - Creating shared instance of singleton bean 'org.springframework.context.annotation.internalConfigurationAnnotationProcessor'
20:24:22.744 [main] DEBUG org.springframework.context.annotation.ClassPathBeanDefinitionScanner - Identified candidate component class: file [/home/whitewolf/tau/TAU-repozytorium/tau-mmo-jmeter/target/classes/tau/mmo/api/PlayerController.class]
20:24:22.744 [main] DEBUG org.springframework.context.annotation.ClassPathBeanDefinitionScanner - Identified candidate component class: file [/home/whitewolf/tau/TAU-repozytorium/tau-mmo-jmeter/target/classes/tau/mmo/service/PlayerManagerHibernateImpl.class]
20:24:23.043 [main] DEBUG org.springframework.context.annotation.ClassPathBeanDefinitionScanner - Identified candidate component class: file [/home/whitewolf/tau/TAU-repozytorium/tau-mmo-jmeter/target/classes/tau/mmo/Application.class]
20:24:23.043 [main] DEBUG org.springframework.context.annotation.ClassPathBeanDefinitionScanner - Identified candidate component class: file [/home/whitewolf/tau/TAU-repozytorium/tau-mmo-jmeter/target/classes/tau/mmo/api/PlayerController.class]
20:24:23.043 [main] DEBUG org.springframework.context.annotation.ClassPathBeanDefinitionScanner - Identified candidate component class: file [/home/whitewolf/tau/TAU-repozytorium/tau-mmo-jmeter/target/classes/tau/mmo/service/PlayerManagerHibernateImpl.class]
20:24:23.045 [main] DEBUG org.springframework.beans.factory.xml.XmlBeanDefinitionReader - Loaded 0 bean definitions from class path resource [beans.xml]
20:24:23.051 [main] DEBUG org.springframework.beans.factory.support.DefaultListableBeanFactory - Creating shared instance of singleton bean 'org.springframework.boot.autoconfigure.condition.BeanTypeRegistry'
20:24:23.113 [main] INFO org.springframework.data.repository.config.RepositoryConfigurationDelegate - Bootstrapping Spring Data repositories in DEFAULT mode.
20:24:23.118 [main] DEBUG org.springframework.beans.factory.support.DefaultListableBeanFactory - Creating shared instance of singleton bean 'org.springframework.boot.autoconfigure.AutoConfigurationPackages'
20:24:23.124 [main] DEBUG org.springframework.boot.autoconfigure.AutoConfigurationPackages - @EnableAutoConfiguration was declared on a class in the package 'tau.mmo'. Automatic @Repository and @Entity scanning is enabled.
20:24:23.125 [main] DEBUG org.springframework.data.repository.config.RepositoryConfigurationDelegate - Scanning for repositories in packages tau.mmo.
20:24:23.131 [main] INFO org.springframework.data.repository.config.RepositoryConfigurationDelegate - Finished Spring Data repository scanning in 6ms. Found 0 repository interfaces.
20:24:23.270 [main] DEBUG org.springframework.beans.factory.support.DefaultListableBeanFactory - Creating shared instance of singleton bean 'propertySourcesPlaceholderConfigurer'
20:24:23.273 [main] DEBUG org.springframework.core.env.PropertySourcesPropertyResolver - Found key 'jdbc.driverClassName' in PropertySource 'class path resource [jdbc.properties]' with value of type String
20:24:23.273 [main] DEBUG org.springframework.core.env.PropertySourcesPropertyResolver - Found key 'jdbc.driverClassName' in PropertySource 'environmentProperties' with value of type String
20:24:23.273 [main] DEBUG org.springframework.core.env.PropertySourcesPropertyResolver - Found key 'jdbc.url' in PropertySource 'class path resource [jdbc.properties]' with value of type String
20:24:23.273 [main] DEBUG org.springframework.core.env.PropertySourcesPropertyResolver - Found key 'jdbc.url' in PropertySource 'environmentProperties' with value of type String
20:24:23.273 [main] DEBUG org.springframework.core.env.PropertySourcesPropertyResolver - Found key 'jdbc.username' in PropertySource 'class path resource [jdbc.properties]' with value of type String
20:24:23.273 [main] DEBUG org.springframework.core.env.PropertySourcesPropertyResolver - Found key 'jdbc.username' in PropertySource 'environmentProperties' with value of type String
20:24:23.273 [main] DEBUG org.springframework.core.env.PropertySourcesPropertyResolver - Found key 'jdbc.password' in PropertySource 'class path resource [jdbc.properties]' with value of type String
20:24:23.273 [main] DEBUG org.springframework.core.env.PropertySourcesPropertyResolver - Found key 'jdbc.password' in PropertySource 'environmentProperties' with value of type String
20:24:23.274 [main] DEBUG org.springframework.beans.factory.support.DefaultListableBeanFactory - Creating shared instance of singleton bean 'org.springframework.boot.test.mock.mockito.MockitoPostProcessor'
20:24:23.278 [main] DEBUG org.springframework.beans.factory.support.DefaultListableBeanFactory - Creating shared instance of singleton bean 'emBeanDefinitionRegistrarPostProcessor'
20:24:23.295 [main] DEBUG org.springframework.beans.factory.support.DefaultListableBeanFactory - Creating shared instance of singleton bean 'org.springframework.context.event.internalEventListenerProcessor'
20:24:23.296 [main] DEBUG org.springframework.beans.factory.support.DefaultListableBeanFactory - Creating shared instance of singleton bean 'org.springframework.boot.context.properties.ConfigurationBeanFactoryMetadata'
20:24:23.297 [main] DEBUG org.springframework.beans.factory.support.DefaultListableBeanFactory - Creating shared instance of singleton bean 'org.springframework.context.event.internalEventListenerFactory'
20:24:23.297 [main] DEBUG org.springframework.beans.factory.support.DefaultListableBeanFactory - Creating shared instance of singleton bean 'org.springframework.transaction.config.internalTransactionalEventListenerFactory'
20:24:23.300 [main] DEBUG org.springframework.beans.factory.support.DefaultListableBeanFactory - Creating shared instance of singleton bean 'org.springframework.context.annotation.internalAutowiredAnnotationProcessor'
20:24:23.301 [main] DEBUG org.springframework.beans.factory.support.DefaultListableBeanFactory - Creating shared instance of singleton bean 'org.springframework.context.annotation.internalCommonAnnotationProcessor'
20:24:23.302 [main] DEBUG org.springframework.beans.factory.support.DefaultListableBeanFactory - Creating shared instance of singleton bean 'org.springframework.context.annotation.internalPersistenceAnnotationProcessor'
20:24:23.303 [main] DEBUG org.springframework.beans.factory.support.DefaultListableBeanFactory - Creating shared instance of singleton bean 'org.springframework.boot.test.mock.mockito.MockitoPostProcessor$SpyPostProcessor'
20:24:23.304 [main] DEBUG org.springframework.beans.factory.support.DefaultListableBeanFactory - Creating shared instance of singleton bean 'org.springframework.boot.context.properties.ConfigurationPropertiesBindingPostProcessor'
20:24:23.306 [main] DEBUG org.springframework.beans.factory.support.DefaultListableBeanFactory - Creating shared instance of singleton bean 'methodValidationPostProcessor'
20:24:23.319 [main] DEBUG org.springframework.beans.factory.support.DefaultListableBeanFactory - Autowiring by type from bean name 'methodValidationPostProcessor' via factory method to bean named 'environment'
20:24:23.348 [main] DEBUG org.springframework.beans.factory.support.DefaultListableBeanFactory - Creating shared instance of singleton bean 'org.springframework.aop.config.internalAutoProxyCreator'
20:24:23.366 [main] DEBUG org.springframework.beans.factory.support.DefaultListableBeanFactory - Creating shared instance of singleton bean 'dataSourceInitializerPostProcessor'
20:24:23.369 [main] DEBUG org.springframework.beans.factory.support.DefaultListableBeanFactory - Creating shared instance of singleton bean 'persistenceExceptionTranslationPostProcessor'
20:24:23.370 [main] DEBUG org.springframework.beans.factory.support.DefaultListableBeanFactory - Autowiring by type from bean name 'persistenceExceptionTranslationPostProcessor' via factory method to bean named 'environment'
20:24:23.377 [main] DEBUG org.springframework.beans.factory.support.DefaultListableBeanFactory - Creating shared instance of singleton bean 'application'
20:24:23.378 [main] DEBUG org.springframework.beans.factory.support.DefaultListableBeanFactory - Creating shared instance of singleton bean 'org.springframework.transaction.config.internalTransactionAdvisor'
20:24:23.379 [main] DEBUG org.springframework.beans.factory.support.DefaultListableBeanFactory - Creating shared instance of singleton bean 'org.springframework.transaction.annotation.ProxyTransactionManagementConfiguration'
20:24:23.399 [main] DEBUG org.springframework.beans.factory.support.DefaultListableBeanFactory - Creating shared instance of singleton bean 'transactionAttributeSource'
20:24:23.402 [main] DEBUG org.springframework.beans.factory.support.DefaultListableBeanFactory - Creating shared instance of singleton bean 'transactionInterceptor'
20:24:23.434 [main] DEBUG org.springframework.beans.factory.support.DefaultListableBeanFactory - Creating shared instance of singleton bean 'playerController'
20:24:23.438 [main] DEBUG org.springframework.beans.factory.support.DefaultListableBeanFactory - Creating shared instance of singleton bean 'playerManagerHibernateImpl'
20:24:23.441 [main] DEBUG org.springframework.beans.factory.support.DefaultListableBeanFactory - Creating shared instance of singleton bean 'hibernateSessionFactory'
20:24:23.450 [main] DEBUG org.springframework.beans.factory.support.DefaultListableBeanFactory - Creating shared instance of singleton bean 'dataSource'
20:24:23.461 [main] DEBUG org.springframework.jdbc.datasource.DriverManagerDataSource - Loaded JDBC driver: org.hsqldb.jdbcDriver
20:24:23.464 [main] DEBUG org.springframework.beans.factory.support.DefaultListableBeanFactory - Creating shared instance of singleton bean 'org.springframework.boot.autoconfigure.jdbc.DataSourceInitializerInvoker'
20:24:23.466 [main] DEBUG org.springframework.beans.factory.support.DefaultListableBeanFactory - Creating shared instance of singleton bean 'spring.datasource-org.springframework.boot.autoconfigure.jdbc.DataSourceProperties'
20:24:23.480 [main] DEBUG org.springframework.beans.factory.support.DefaultListableBeanFactory - Autowiring by type from bean name 'org.springframework.boot.autoconfigure.jdbc.DataSourceInitializerInvoker' via constructor to bean named 'spring.datasource-org.springframework.boot.autoconfigure.jdbc.DataSourceProperties'
20:24:23.480 [main] DEBUG org.springframework.beans.factory.support.DefaultListableBeanFactory - Autowiring by type from bean name 'org.springframework.boot.autoconfigure.jdbc.DataSourceInitializerInvoker' via constructor to bean named 'org.springframework.context.support.GenericApplicationContext@2a798d51'
20:24:23.547 [main] DEBUG org.jboss.logging - Logging Provider: org.jboss.logging.Log4j2LoggerProvider
20:24:23.553 [main] DEBUG org.hibernate.integrator.internal.IntegratorServiceImpl - Adding Integrator [org.hibernate.cfg.beanvalidation.BeanValidationIntegrator].
20:24:23.554 [main] DEBUG org.hibernate.integrator.internal.IntegratorServiceImpl - Adding Integrator [org.hibernate.secure.spi.JaccIntegrator].
20:24:23.555 [main] DEBUG org.hibernate.integrator.internal.IntegratorServiceImpl - Adding Integrator [org.hibernate.cache.internal.CollectionCacheInvalidator].
20:24:23.601 [main] INFO org.hibernate.Version - HHH000412: Hibernate Core {5.1.6.Final}
20:24:23.602 [main] INFO org.hibernate.cfg.Environment - HHH000206: hibernate.properties not found
20:24:23.603 [main] INFO org.hibernate.cfg.Environment - HHH000021: Bytecode provider name : javassist
20:24:23.613 [main] DEBUG org.hibernate.cfg.Configuration - Building session factory using internal StandardServiceRegistryBuilder
20:24:23.617 [main] DEBUG org.hibernate.service.spi.ServiceBinding - Overriding existing service binding [org.hibernate.secure.spi.JaccService]
20:24:23.617 [main] DEBUG org.hibernate.cfg.Configuration - Building session factory using provided StandardServiceRegistry
20:24:23.626 [main] DEBUG org.hibernate.cache.internal.RegionFactoryInitiator - Cache region factory : org.hibernate.cache.internal.NoCachingRegionFactory
20:24:23.630 [main] INFO org.hibernate.annotations.common.Version - HCANN000001: Hibernate Commons Annotations {5.0.1.Final}
20:24:23.643 [main] DEBUG org.hibernate.type.BasicTypeRegistry - Adding type registration boolean -> org.hibernate.type.BooleanType@41ffaeb8
20:24:23.643 [main] DEBUG org.hibernate.type.BasicTypeRegistry - Adding type registration boolean -> org.hibernate.type.BooleanType@41ffaeb8
20:24:23.643 [main] DEBUG org.hibernate.type.BasicTypeRegistry - Adding type registration java.lang.Boolean -> org.hibernate.type.BooleanType@41ffaeb8
20:24:23.644 [main] DEBUG org.hibernate.type.BasicTypeRegistry - Adding type registration numeric_boolean -> org.hibernate.type.NumericBooleanType@444cc791
20:24:23.645 [main] DEBUG org.hibernate.type.BasicTypeRegistry - Adding type registration true_false -> org.hibernate.type.TrueFalseType@12ffd1de
20:24:23.645 [main] DEBUG org.hibernate.type.BasicTypeRegistry - Adding type registration yes_no -> org.hibernate.type.YesNoType@6c806c8b
20:24:23.646 [main] DEBUG org.hibernate.type.BasicTypeRegistry - Adding type registration byte -> org.hibernate.type.ByteType@23706db8
20:24:23.646 [main] DEBUG org.hibernate.type.BasicTypeRegistry - Adding type registration byte -> org.hibernate.type.ByteType@23706db8
20:24:23.646 [main] DEBUG org.hibernate.type.BasicTypeRegistry - Adding type registration java.lang.Byte -> org.hibernate.type.ByteType@23706db8
20:24:23.647 [main] DEBUG org.hibernate.type.BasicTypeRegistry - Adding type registration character -> org.hibernate.type.CharacterType@7bca6fac
20:24:23.647 [main] DEBUG org.hibernate.type.BasicTypeRegistry - Adding type registration char -> org.hibernate.type.CharacterType@7bca6fac
20:24:23.647 [main] DEBUG org.hibernate.type.BasicTypeRegistry - Adding type registration java.lang.Character -> org.hibernate.type.CharacterType@7bca6fac
20:24:23.648 [main] DEBUG org.hibernate.type.BasicTypeRegistry - Adding type registration short -> org.hibernate.type.ShortType@37303f12
20:24:23.648 [main] DEBUG org.hibernate.type.BasicTypeRegistry - Adding type registration short -> org.hibernate.type.ShortType@37303f12
20:24:23.648 [main] DEBUG org.hibernate.type.BasicTypeRegistry - Adding type registration java.lang.Short -> org.hibernate.type.ShortType@37303f12
20:24:23.649 [main] DEBUG org.hibernate.type.BasicTypeRegistry - Adding type registration integer -> org.hibernate.type.IntegerType@2ab5afc7
20:24:23.649 [main] DEBUG org.hibernate.type.BasicTypeRegistry - Adding type registration int -> org.hibernate.type.IntegerType@2ab5afc7
20:24:23.649 [main] DEBUG org.hibernate.type.BasicTypeRegistry - Adding type registration java.lang.Integer -> org.hibernate.type.IntegerType@2ab5afc7
20:24:23.650 [main] DEBUG org.hibernate.type.BasicTypeRegistry - Adding type registration long -> org.hibernate.type.LongType@3c35c345
20:24:23.650 [main] DEBUG org.hibernate.type.BasicTypeRegistry - Adding type registration long -> org.hibernate.type.LongType@3c35c345
20:24:23.650 [main] DEBUG org.hibernate.type.BasicTypeRegistry - Adding type registration java.lang.Long -> org.hibernate.type.LongType@3c35c345
20:24:23.651 [main] DEBUG org.hibernate.type.BasicTypeRegistry - Adding type registration float -> org.hibernate.type.FloatType@1d0a61c8
20:24:23.651 [main] DEBUG org.hibernate.type.BasicTypeRegistry - Adding type registration float -> org.hibernate.type.FloatType@1d0a61c8
20:24:23.651 [main] DEBUG org.hibernate.type.BasicTypeRegistry - Adding type registration java.lang.Float -> org.hibernate.type.FloatType@1d0a61c8
20:24:23.652 [main] DEBUG org.hibernate.type.BasicTypeRegistry - Adding type registration double -> org.hibernate.type.DoubleType@5524b72f
20:24:23.652 [main] DEBUG org.hibernate.type.BasicTypeRegistry - Adding type registration double -> org.hibernate.type.DoubleType@5524b72f
20:24:23.652 [main] DEBUG org.hibernate.type.BasicTypeRegistry - Adding type registration java.lang.Double -> org.hibernate.type.DoubleType@5524b72f
20:24:23.653 [main] DEBUG org.hibernate.type.BasicTypeRegistry - Adding type registration big_decimal -> org.hibernate.type.BigDecimalType@1846579f
20:24:23.653 [main] DEBUG org.hibernate.type.BasicTypeRegistry - Adding type registration java.math.BigDecimal -> org.hibernate.type.BigDecimalType@1846579f
20:24:23.654 [main] DEBUG org.hibernate.type.BasicTypeRegistry - Adding type registration big_integer -> org.hibernate.type.BigIntegerType@7be7e15
20:24:23.654 [main] DEBUG org.hibernate.type.BasicTypeRegistry - Adding type registration java.math.BigInteger -> org.hibernate.type.BigIntegerType@7be7e15
20:24:23.655 [main] DEBUG org.hibernate.type.BasicTypeRegistry - Adding type registration string -> org.hibernate.type.StringType@2330e3e0
20:24:23.655 [main] DEBUG org.hibernate.type.BasicTypeRegistry - Adding type registration java.lang.String -> org.hibernate.type.StringType@2330e3e0
20:24:23.655 [main] DEBUG org.hibernate.type.BasicTypeRegistry - Adding type registration nstring -> org.hibernate.type.StringNVarcharType@3f9270ed
20:24:23.656 [main] DEBUG org.hibernate.type.BasicTypeRegistry - Adding type registration ncharacter -> org.hibernate.type.CharacterNCharType@53a665ad
20:24:23.657 [main] DEBUG org.hibernate.type.BasicTypeRegistry - Adding type registration url -> org.hibernate.type.UrlType@abff8b7
20:24:23.657 [main] DEBUG org.hibernate.type.BasicTypeRegistry - Adding type registration java.net.URL -> org.hibernate.type.UrlType@abff8b7
20:24:23.658 [main] DEBUG org.hibernate.type.BasicTypeRegistry - Adding type registration date -> org.hibernate.type.DateType@37d871c2
20:24:23.658 [main] DEBUG org.hibernate.type.BasicTypeRegistry - Adding type registration java.sql.Date -> org.hibernate.type.DateType@37d871c2
20:24:23.659 [main] DEBUG org.hibernate.type.BasicTypeRegistry - Adding type registration time -> org.hibernate.type.TimeType@642505c7
20:24:23.659 [main] DEBUG org.hibernate.type.BasicTypeRegistry - Adding type registration java.sql.Time -> org.hibernate.type.TimeType@642505c7
20:24:23.660 [main] DEBUG org.hibernate.type.BasicTypeRegistry - Adding type registration timestamp -> org.hibernate.type.TimestampType@1abfe081
20:24:23.660 [main] DEBUG org.hibernate.type.BasicTypeRegistry - Adding type registration java.sql.Timestamp -> org.hibernate.type.TimestampType@1abfe081
20:24:23.660 [main] DEBUG org.hibernate.type.BasicTypeRegistry - Adding type registration java.util.Date -> org.hibernate.type.TimestampType@1abfe081
20:24:23.661 [main] DEBUG org.hibernate.type.BasicTypeRegistry - Adding type registration dbtimestamp -> org.hibernate.type.DbTimestampType@75a118e6
20:24:23.662 [main] DEBUG org.hibernate.type.BasicTypeRegistry - Adding type registration calendar -> org.hibernate.type.CalendarType@28c86134
20:24:23.662 [main] DEBUG org.hibernate.type.BasicTypeRegistry - Adding type registration java.util.Calendar -> org.hibernate.type.CalendarType@28c86134
20:24:23.662 [main] DEBUG org.hibernate.type.BasicTypeRegistry - Adding type registration java.util.GregorianCalendar -> org.hibernate.type.CalendarType@28c86134
20:24:23.663 [main] DEBUG org.hibernate.type.BasicTypeRegistry - Adding type registration calendar_date -> org.hibernate.type.CalendarDateType@f288c14
20:24:23.663 [main] DEBUG org.hibernate.type.BasicTypeRegistry - Adding type registration locale -> org.hibernate.type.LocaleType@671facee
20:24:23.664 [main] DEBUG org.hibernate.type.BasicTypeRegistry - Adding type registration java.util.Locale -> org.hibernate.type.LocaleType@671facee
20:24:23.664 [main] DEBUG org.hibernate.type.BasicTypeRegistry - Adding type registration currency -> org.hibernate.type.CurrencyType@56f521c6
20:24:23.664 [main] DEBUG org.hibernate.type.BasicTypeRegistry - Adding type registration java.util.Currency -> org.hibernate.type.CurrencyType@56f521c6
20:24:23.665 [main] DEBUG org.hibernate.type.BasicTypeRegistry - Adding type registration timezone -> org.hibernate.type.TimeZoneType@39fa8ad2
20:24:23.665 [main] DEBUG org.hibernate.type.BasicTypeRegistry - Adding type registration java.util.TimeZone -> org.hibernate.type.TimeZoneType@39fa8ad2
20:24:23.665 [main] DEBUG org.hibernate.type.BasicTypeRegistry - Adding type registration class -> org.hibernate.type.ClassType@6c302a1d
20:24:23.666 [main] DEBUG org.hibernate.type.BasicTypeRegistry - Adding type registration java.lang.Class -> org.hibernate.type.ClassType@6c302a1d
20:24:23.666 [main] DEBUG org.hibernate.type.BasicTypeRegistry - Adding type registration uuid-binary -> org.hibernate.type.UUIDBinaryType@58cf8f94
20:24:23.667 [main] DEBUG org.hibernate.type.BasicTypeRegistry - Adding type registration java.util.UUID -> org.hibernate.type.UUIDBinaryType@58cf8f94
20:24:23.667 [main] DEBUG org.hibernate.type.BasicTypeRegistry - Adding type registration uuid-char -> org.hibernate.type.UUIDCharType@34f392be
20:24:23.668 [main] DEBUG org.hibernate.type.BasicTypeRegistry - Adding type registration binary -> org.hibernate.type.BinaryType@58496c97
20:24:23.668 [main] DEBUG org.hibernate.type.BasicTypeRegistry - Adding type registration byte[] -> org.hibernate.type.BinaryType@58496c97
20:24:23.668 [main] DEBUG org.hibernate.type.BasicTypeRegistry - Adding type registration [B -> org.hibernate.type.BinaryType@58496c97
20:24:23.668 [main] DEBUG org.hibernate.type.BasicTypeRegistry - Adding type registration wrapper-binary -> org.hibernate.type.WrapperBinaryType@6ecab872
20:24:23.668 [main] DEBUG org.hibernate.type.BasicTypeRegistry - Adding type registration Byte[] -> org.hibernate.type.WrapperBinaryType@6ecab872
20:24:23.668 [main] DEBUG org.hibernate.type.BasicTypeRegistry - Adding type registration [Ljava.lang.Byte; -> org.hibernate.type.WrapperBinaryType@6ecab872
20:24:23.669 [main] DEBUG org.hibernate.type.BasicTypeRegistry - Adding type registration row_version -> org.hibernate.type.RowVersionType@6d025d1d
20:24:23.670 [main] DEBUG org.hibernate.type.BasicTypeRegistry - Adding type registration image -> org.hibernate.type.ImageType@7479b626
20:24:23.670 [main] DEBUG org.hibernate.type.BasicTypeRegistry - Adding type registration characters -> org.hibernate.type.CharArrayType@17a703f5
20:24:23.670 [main] DEBUG org.hibernate.type.BasicTypeRegistry - Adding type registration char[] -> org.hibernate.type.CharArrayType@17a703f5
20:24:23.671 [main] DEBUG org.hibernate.type.BasicTypeRegistry - Adding type registration [C -> org.hibernate.type.CharArrayType@17a703f5
20:24:23.671 [main] DEBUG org.hibernate.type.BasicTypeRegistry - Adding type registration wrapper-characters -> org.hibernate.type.CharacterArrayType@65f2f9b0
20:24:23.671 [main] DEBUG org.hibernate.type.BasicTypeRegistry - Adding type registration [Ljava.lang.Character; -> org.hibernate.type.CharacterArrayType@65f2f9b0
20:24:23.671 [main] DEBUG org.hibernate.type.BasicTypeRegistry - Adding type registration Character[] -> org.hibernate.type.CharacterArrayType@65f2f9b0
20:24:23.672 [main] DEBUG org.hibernate.type.BasicTypeRegistry - Adding type registration text -> org.hibernate.type.TextType@38fc5554
20:24:23.672 [main] DEBUG org.hibernate.type.BasicTypeRegistry - Adding type registration ntext -> org.hibernate.type.NTextType@4d1f1ff5
20:24:23.675 [main] DEBUG org.hibernate.type.BasicTypeRegistry - Adding type registration blob -> org.hibernate.type.BlobType@d8d9199
20:24:23.675 [main] DEBUG org.hibernate.type.BasicTypeRegistry - Adding type registration java.sql.Blob -> org.hibernate.type.BlobType@d8d9199
20:24:23.675 [main] DEBUG org.hibernate.type.BasicTypeRegistry - Adding type registration materialized_blob -> org.hibernate.type.MaterializedBlobType@71ad3d8a
20:24:23.677 [main] DEBUG org.hibernate.type.BasicTypeRegistry - Adding type registration clob -> org.hibernate.type.ClobType@332820f4
20:24:23.677 [main] DEBUG org.hibernate.type.BasicTypeRegistry - Adding type registration java.sql.Clob -> org.hibernate.type.ClobType@332820f4
20:24:23.679 [main] DEBUG org.hibernate.type.BasicTypeRegistry - Adding type registration nclob -> org.hibernate.type.NClobType@3d5790ea
20:24:23.679 [main] DEBUG org.hibernate.type.BasicTypeRegistry - Adding type registration java.sql.NClob -> org.hibernate.type.NClobType@3d5790ea
20:24:23.679 [main] DEBUG org.hibernate.type.BasicTypeRegistry - Adding type registration materialized_clob -> org.hibernate.type.MaterializedClobType@56913163
20:24:23.680 [main] DEBUG org.hibernate.type.BasicTypeRegistry - Adding type registration materialized_nclob -> org.hibernate.type.MaterializedNClobType@396639b
20:24:23.681 [main] DEBUG org.hibernate.type.BasicTypeRegistry - Adding type registration serializable -> org.hibernate.type.SerializableType@102efc59
20:24:23.682 [main] DEBUG org.hibernate.type.BasicTypeRegistry - Adding type registration object -> org.hibernate.type.ObjectType@6c6366cf
20:24:23.683 [main] DEBUG org.hibernate.type.BasicTypeRegistry - Adding type registration java.lang.Object -> org.hibernate.type.ObjectType@6c6366cf
20:24:23.683 [main] DEBUG org.hibernate.type.BasicTypeRegistry - Adding type registration imm_date -> org.hibernate.type.AdaptedImmutableType@772861aa
20:24:23.683 [main] DEBUG org.hibernate.type.BasicTypeRegistry - Adding type registration imm_time -> org.hibernate.type.AdaptedImmutableType@6631cb64
20:24:23.683 [main] DEBUG org.hibernate.type.BasicTypeRegistry - Adding type registration imm_timestamp -> org.hibernate.type.AdaptedImmutableType@19962194
20:24:23.683 [main] DEBUG org.hibernate.type.BasicTypeRegistry - Adding type registration imm_dbtimestamp -> org.hibernate.type.AdaptedImmutableType@481e91b6
20:24:23.683 [main] DEBUG org.hibernate.type.BasicTypeRegistry - Adding type registration imm_calendar -> org.hibernate.type.AdaptedImmutableType@7c8f9c2e
20:24:23.683 [main] DEBUG org.hibernate.type.BasicTypeRegistry - Adding type registration imm_calendar_date -> org.hibernate.type.AdaptedImmutableType@140d1230
20:24:23.683 [main] DEBUG org.hibernate.type.BasicTypeRegistry - Adding type registration imm_binary -> org.hibernate.type.AdaptedImmutableType@3cbf1ba4
20:24:23.683 [main] DEBUG org.hibernate.type.BasicTypeRegistry - Adding type registration imm_serializable -> org.hibernate.type.AdaptedImmutableType@10bea4
20:24:23.690 [main] DEBUG org.springframework.jdbc.datasource.DriverManagerDataSource - Creating new JDBC DriverManager Connection to [jdbc:hsqldb:hsql://localhost/workdb]
20:24:23.738 [main] WARN org.hibernate.engine.jdbc.env.internal.JdbcEnvironmentInitiator - HHH000342: Could not obtain connection to query metadata : java.net.ConnectException: Połączenie odrzucone (Connection refused)
20:24:23.747 [main] INFO org.hibernate.dialect.Dialect - HHH000400: Using dialect: org.hibernate.dialect.HSQLDialect
20:24:23.759 [main] DEBUG org.hibernate.engine.jdbc.env.spi.IdentifierHelperBuilder - IdentifierCaseStrategy for both quoted and unquoted identifiers was set to the same strategy [MIXED]; that will likely lead to problems in schema update and validation if using quoted identifiers
20:24:23.763 [main] INFO org.hibernate.engine.jdbc.env.internal.LobCreatorBuilderImpl - HHH000422: Disabling contextual LOB creation as connection was null
20:24:23.784 [main] DEBUG org.hibernate.id.factory.internal.DefaultIdentifierGeneratorFactory - Registering IdentifierGenerator strategy [uuid2] -> [org.hibernate.id.UUIDGenerator]
20:24:23.785 [main] DEBUG org.hibernate.id.factory.internal.DefaultIdentifierGeneratorFactory - Registering IdentifierGenerator strategy [guid] -> [org.hibernate.id.GUIDGenerator]
20:24:23.785 [main] DEBUG org.hibernate.id.factory.internal.DefaultIdentifierGeneratorFactory - Registering IdentifierGenerator strategy [uuid] -> [org.hibernate.id.UUIDHexGenerator]
20:24:23.785 [main] DEBUG org.hibernate.id.factory.internal.DefaultIdentifierGeneratorFactory - Registering IdentifierGenerator strategy [uuid.hex] -> [org.hibernate.id.UUIDHexGenerator]
20:24:23.785 [main] DEBUG org.hibernate.id.factory.internal.DefaultIdentifierGeneratorFactory - Registering IdentifierGenerator strategy [assigned] -> [org.hibernate.id.Assigned]
20:24:23.786 [main] DEBUG org.hibernate.id.factory.internal.DefaultIdentifierGeneratorFactory - Registering IdentifierGenerator strategy [identity] -> [org.hibernate.id.IdentityGenerator]
20:24:23.786 [main] DEBUG org.hibernate.id.factory.internal.DefaultIdentifierGeneratorFactory - Registering IdentifierGenerator strategy [select] -> [org.hibernate.id.SelectGenerator]
20:24:23.787 [main] DEBUG org.hibernate.id.factory.internal.DefaultIdentifierGeneratorFactory - Registering IdentifierGenerator strategy [sequence] -> [org.hibernate.id.enhanced.SequenceStyleGenerator]
20:24:23.787 [main] DEBUG org.hibernate.id.factory.internal.DefaultIdentifierGeneratorFactory - Registering IdentifierGenerator strategy [seqhilo] -> [org.hibernate.id.SequenceHiLoGenerator]
20:24:23.788 [main] DEBUG org.hibernate.id.factory.internal.DefaultIdentifierGeneratorFactory - Registering IdentifierGenerator strategy [increment] -> [org.hibernate.id.IncrementGenerator]
20:24:23.788 [main] DEBUG org.hibernate.id.factory.internal.DefaultIdentifierGeneratorFactory - Registering IdentifierGenerator strategy [foreign] -> [org.hibernate.id.ForeignGenerator]
20:24:23.788 [main] DEBUG org.hibernate.id.factory.internal.DefaultIdentifierGeneratorFactory - Registering IdentifierGenerator strategy [sequence-identity] -> [org.hibernate.id.SequenceIdentityGenerator]
20:24:23.788 [main] DEBUG org.hibernate.id.factory.internal.DefaultIdentifierGeneratorFactory - Registering IdentifierGenerator strategy [enhanced-sequence] -> [org.hibernate.id.enhanced.SequenceStyleGenerator]
20:24:23.789 [main] DEBUG org.hibernate.id.factory.internal.DefaultIdentifierGeneratorFactory - Registering IdentifierGenerator strategy [enhanced-table] -> [org.hibernate.id.enhanced.TableGenerator]
20:24:23.807 [main] DEBUG org.hibernate.boot.model.relational.Namespace - Created database namespace [logicalName=Name{catalog=null, schema=null}, physicalName=Name{catalog=null, schema=null}]
20:24:23.822 [main] DEBUG org.hibernate.cfg.AnnotationBinder - Binding entity from annotated class: tau.mmo.domain.Item
20:24:23.832 [main] DEBUG org.hibernate.cfg.annotations.QueryBinder - Binding named query: item.all => Select p from Item p
20:24:23.833 [main] DEBUG org.hibernate.cfg.annotations.QueryBinder - Binding named query: item.allForPlayer => Select p from Item p where player_id = :id
20:24:23.838 [main] DEBUG org.hibernate.cfg.Ejb3Column - Binding column: Ejb3DiscriminatorColumn{logicalColumnName'DTYPE', discriminatorTypeName='string'}
20:24:23.841 [main] DEBUG org.hibernate.cfg.annotations.EntityBinder - Import with entity name Item
20:24:23.843 [main] DEBUG org.hibernate.cfg.annotations.EntityBinder - Bind entity tau.mmo.domain.Item on table item
20:24:23.859 [main] DEBUG org.hibernate.cfg.Ejb3Column - Binding column: Ejb3Column{table=org.hibernate.mapping.Table(item), mappingColumn=id, insertable=true, updatable=true, unique=false}
20:24:23.861 [main] DEBUG org.hibernate.cfg.annotations.PropertyBinder - MetadataSourceProcessor property id with lazy=false
20:24:23.862 [main] DEBUG org.hibernate.cfg.AbstractPropertyHolder - Attempting to locate auto-apply AttributeConverter for property [tau.mmo.domain.Item:id]
20:24:23.863 [main] DEBUG org.hibernate.cfg.annotations.SimpleValueBinder - building SimpleValue for id
20:24:23.865 [main] DEBUG org.hibernate.cfg.annotations.PropertyBinder - Building property id
20:24:23.867 [main] DEBUG org.hibernate.cfg.Ejb3Column - Binding column: Ejb3Column{table=org.hibernate.mapping.Table(item), mappingColumn=itemclass, insertable=true, updatable=true, unique=false}
20:24:23.867 [main] DEBUG org.hibernate.cfg.annotations.PropertyBinder - MetadataSourceProcessor property itemclass with lazy=false
20:24:23.867 [main] DEBUG org.hibernate.cfg.AbstractPropertyHolder - Attempting to locate auto-apply AttributeConverter for property [tau.mmo.domain.Item:itemclass]
20:24:23.867 [main] DEBUG org.hibernate.cfg.annotations.SimpleValueBinder - building SimpleValue for itemclass
20:24:23.867 [main] DEBUG org.hibernate.cfg.annotations.PropertyBinder - Building property itemclass
20:24:23.867 [main] DEBUG org.hibernate.cfg.Ejb3Column - Binding column: Ejb3Column{table=org.hibernate.mapping.Table(item), mappingColumn=levelreq, insertable=true, updatable=true, unique=false}
20:24:23.867 [main] DEBUG org.hibernate.cfg.annotations.PropertyBinder - MetadataSourceProcessor property levelreq with lazy=false
20:24:23.867 [main] DEBUG org.hibernate.cfg.AbstractPropertyHolder - Attempting to locate auto-apply AttributeConverter for property [tau.mmo.domain.Item:levelreq]
20:24:23.867 [main] DEBUG org.hibernate.cfg.annotations.SimpleValueBinder - building SimpleValue for levelreq
20:24:23.867 [main] DEBUG org.hibernate.cfg.annotations.PropertyBinder - Building property levelreq
20:24:23.868 [main] DEBUG org.hibernate.cfg.Ejb3Column - Binding column: Ejb3Column{table=org.hibernate.mapping.Table(item), mappingColumn=name, insertable=true, updatable=true, unique=false}
20:24:23.868 [main] DEBUG org.hibernate.cfg.annotations.PropertyBinder - MetadataSourceProcessor property name with lazy=false
20:24:23.868 [main] DEBUG org.hibernate.cfg.AbstractPropertyHolder - Attempting to locate auto-apply AttributeConverter for property [tau.mmo.domain.Item:name]
20:24:23.868 [main] DEBUG org.hibernate.cfg.annotations.SimpleValueBinder - building SimpleValue for name
20:24:23.868 [main] DEBUG org.hibernate.cfg.annotations.PropertyBinder - Building property name
20:24:23.869 [main] DEBUG org.hibernate.cfg.Ejb3Column - Binding column: Ejb3JoinColumn{logicalColumnName='player_id', referencedColumn='', mappedBy=''}
20:24:23.869 [main] DEBUG org.hibernate.cfg.Ejb3Column - Binding column: Ejb3Column{table=org.hibernate.mapping.Table(item), mappingColumn=player, insertable=true, updatable=true, unique=false}
20:24:23.871 [main] DEBUG org.hibernate.cfg.annotations.PropertyBinder - Building property player
20:24:23.871 [main] DEBUG org.hibernate.cfg.AnnotationBinder - Binding entity from annotated class: tau.mmo.domain.Player
20:24:23.871 [main] DEBUG org.hibernate.cfg.annotations.QueryBinder - Binding named query: player.all => Select p from Player p
20:24:23.871 [main] DEBUG org.hibernate.cfg.annotations.QueryBinder - Binding named query: player.findPlayers => Select c from Player c where c.name like :nameFragment
20:24:23.871 [main] DEBUG org.hibernate.cfg.Ejb3Column - Binding column: Ejb3DiscriminatorColumn{logicalColumnName'DTYPE', discriminatorTypeName='string'}
20:24:23.872 [main] DEBUG org.hibernate.cfg.annotations.EntityBinder - Import with entity name Player
20:24:23.872 [main] DEBUG org.hibernate.cfg.annotations.EntityBinder - Bind entity tau.mmo.domain.Player on table player
20:24:23.874 [main] DEBUG org.hibernate.cfg.Ejb3Column - Binding column: Ejb3Column{table=org.hibernate.mapping.Table(player), mappingColumn=id, insertable=true, updatable=true, unique=false}
20:24:23.875 [main] DEBUG org.hibernate.cfg.annotations.PropertyBinder - MetadataSourceProcessor property id with lazy=false
20:24:23.875 [main] DEBUG org.hibernate.cfg.AbstractPropertyHolder - Attempting to locate auto-apply AttributeConverter for property [tau.mmo.domain.Player:id]
20:24:23.875 [main] DEBUG org.hibernate.cfg.annotations.SimpleValueBinder - building SimpleValue for id
20:24:23.875 [main] DEBUG org.hibernate.cfg.annotations.PropertyBinder - Building property id
20:24:23.875 [main] DEBUG org.hibernate.cfg.Ejb3Column - Binding column: Ejb3Column{table=org.hibernate.mapping.Table(player), mappingColumn=heroclass, insertable=true, updatable=true, unique=false}
20:24:23.875 [main] DEBUG org.hibernate.cfg.annotations.PropertyBinder - MetadataSourceProcessor property heroclass with lazy=false
20:24:23.875 [main] DEBUG org.hibernate.cfg.AbstractPropertyHolder - Attempting to locate auto-apply AttributeConverter for property [tau.mmo.domain.Player:heroclass]
20:24:23.875 [main] DEBUG org.hibernate.cfg.annotations.SimpleValueBinder - building SimpleValue for heroclass
20:24:23.875 [main] DEBUG org.hibernate.cfg.annotations.PropertyBinder - Building property heroclass
20:24:23.875 [main] DEBUG org.hibernate.cfg.Ejb3Column - Binding column: Ejb3JoinColumn{logicalColumnName='null', referencedColumn='null', mappedBy='player'}
20:24:23.875 [main] DEBUG org.hibernate.cfg.Ejb3Column - Binding column: Ejb3Column{table=org.hibernate.mapping.Table(player), mappingColumn=items, insertable=true, updatable=true, unique=false}
20:24:23.876 [main] DEBUG org.hibernate.cfg.Ejb3Column - Binding column: Ejb3Column{table=org.hibernate.mapping.Table(player), mappingColumn=null, insertable=true, updatable=true, unique=false}
20:24:23.882 [main] DEBUG org.hibernate.cfg.Ejb3Column - Binding column: Ejb3Column{table=org.hibernate.mapping.Table(player), mappingColumn=element, insertable=true, updatable=true, unique=false}
20:24:23.883 [main] DEBUG org.hibernate.cfg.Ejb3Column - Binding column: Ejb3Column{table=org.hibernate.mapping.Table(player), mappingColumn=items_KEY, insertable=true, updatable=true, unique=false}
20:24:23.883 [main] DEBUG org.hibernate.cfg.Ejb3Column - Binding column: Ejb3JoinColumn{logicalColumnName='items_KEY', referencedColumn='null', mappedBy='null'}
20:24:23.883 [main] DEBUG org.hibernate.cfg.Ejb3Column - Binding column: Ejb3JoinColumn{logicalColumnName='null', referencedColumn='null', mappedBy='player'}
20:24:23.883 [main] DEBUG org.hibernate.cfg.Ejb3Column - Binding column: Ejb3JoinColumn{logicalColumnName='null', referencedColumn='null', mappedBy='player'}
20:24:23.884 [main] DEBUG org.hibernate.cfg.annotations.CollectionBinder - Collection role: tau.mmo.domain.Player.items
20:24:23.885 [main] DEBUG org.hibernate.cfg.annotations.PropertyBinder - Building property items
20:24:23.885 [main] DEBUG org.hibernate.cfg.Ejb3Column - Binding column: Ejb3Column{table=org.hibernate.mapping.Table(player), mappingColumn=level, insertable=true, updatable=true, unique=false}
20:24:23.885 [main] DEBUG org.hibernate.cfg.annotations.PropertyBinder - MetadataSourceProcessor property level with lazy=false
20:24:23.886 [main] DEBUG org.hibernate.cfg.AbstractPropertyHolder - Attempting to locate auto-apply AttributeConverter for property [tau.mmo.domain.Player:level]
20:24:23.886 [main] DEBUG org.hibernate.cfg.annotations.SimpleValueBinder - building SimpleValue for level
20:24:23.886 [main] DEBUG org.hibernate.cfg.annotations.PropertyBinder - Building property level
20:24:23.886 [main] DEBUG org.hibernate.cfg.Ejb3Column - Binding column: Ejb3Column{table=org.hibernate.mapping.Table(player), mappingColumn=name, insertable=true, updatable=true, unique=false}
20:24:23.886 [main] DEBUG org.hibernate.cfg.annotations.PropertyBinder - MetadataSourceProcessor property name with lazy=false
20:24:23.886 [main] DEBUG org.hibernate.cfg.AbstractPropertyHolder - Attempting to locate auto-apply AttributeConverter for property [tau.mmo.domain.Player:name]
20:24:23.886 [main] DEBUG org.hibernate.cfg.annotations.SimpleValueBinder - building SimpleValue for name
20:24:23.886 [main] DEBUG org.hibernate.cfg.annotations.PropertyBinder - Building property name
20:24:23.887 [main] DEBUG org.hibernate.cfg.annotations.SimpleValueBinder - Starting fillSimpleValue for id
20:24:23.887 [main] DEBUG org.hibernate.cfg.annotations.SimpleValueBinder - Starting fillSimpleValue for itemclass
20:24:23.887 [main] DEBUG org.hibernate.cfg.annotations.SimpleValueBinder - Starting fillSimpleValue for levelreq
20:24:23.887 [main] DEBUG org.hibernate.cfg.annotations.SimpleValueBinder - Starting fillSimpleValue for name
20:24:23.887 [main] DEBUG org.hibernate.cfg.annotations.SimpleValueBinder - Starting fillSimpleValue for id
20:24:23.887 [main] DEBUG org.hibernate.cfg.annotations.SimpleValueBinder - Starting fillSimpleValue for heroclass
20:24:23.887 [main] DEBUG org.hibernate.cfg.annotations.SimpleValueBinder - Starting fillSimpleValue for level
20:24:23.887 [main] DEBUG org.hibernate.cfg.annotations.SimpleValueBinder - Starting fillSimpleValue for name
20:24:23.890 [main] DEBUG org.hibernate.mapping.PrimaryKey - Forcing column [id] to be non-null as it is part of the primary key for table [item]
20:24:23.890 [main] DEBUG org.hibernate.mapping.PrimaryKey - Forcing column [id] to be non-null as it is part of the primary key for table [player]
20:24:23.890 [main] DEBUG org.hibernate.cfg.CollectionSecondPass - Second pass for collection: tau.mmo.domain.Player.items
20:24:23.890 [main] DEBUG org.hibernate.cfg.annotations.CollectionBinder - Binding a OneToMany: tau.mmo.domain.Player.items through a foreign key
20:24:23.891 [main] DEBUG org.hibernate.cfg.annotations.CollectionBinder - Mapping collection: tau.mmo.domain.Player.items -> item
20:24:23.891 [main] DEBUG org.hibernate.cfg.annotations.TableBinder - Retrieving property tau.mmo.domain.Item.player
20:24:23.892 [main] DEBUG org.hibernate.cfg.CollectionSecondPass - Mapped collection key: player_id, one-to-many: tau.mmo.domain.Item
20:24:23.892 [main] DEBUG org.hibernate.boot.internal.InFlightMetadataCollectorImpl - Resolving reference to class: tau.mmo.domain.Player
20:24:23.894 [main] DEBUG org.hibernate.boot.internal.InFlightMetadataCollectorImpl - Resolving reference to class: tau.mmo.domain.Player
20:24:23.912 [main] DEBUG org.hibernate.internal.SessionFactoryImpl - Building session factory
20:24:23.913 [main] DEBUG org.hibernate.cfg.Settings - SessionFactory name : null
20:24:23.913 [main] DEBUG org.hibernate.cfg.Settings - Automatic flush during beforeCompletion(): disabled
20:24:23.913 [main] DEBUG org.hibernate.cfg.Settings - Automatic session close at end of transaction: disabled
20:24:23.913 [main] DEBUG org.hibernate.cfg.Settings - Statistics: disabled
20:24:23.913 [main] DEBUG org.hibernate.cfg.Settings - Deleted entity synthetic identifier rollback: disabled
20:24:23.913 [main] DEBUG org.hibernate.cfg.Settings - Default entity-mode: pojo
20:24:23.913 [main] DEBUG org.hibernate.cfg.Settings - Check Nullability in Core (should be disabled when Bean Validation is on): enabled
20:24:23.913 [main] DEBUG org.hibernate.cfg.Settings - Allow initialization of lazy state outside session : disabled
20:24:23.913 [main] DEBUG org.hibernate.cfg.Settings - Using BatchFetchStyle : LEGACY
20:24:23.913 [main] DEBUG org.hibernate.cfg.Settings - Default batch fetch size: -1
20:24:23.913 [main] DEBUG org.hibernate.cfg.Settings - Maximum outer join fetch depth: null
20:24:23.913 [main] DEBUG org.hibernate.cfg.Settings - Default null ordering: NONE
20:24:23.913 [main] DEBUG org.hibernate.cfg.Settings - Order SQL updates by primary key: disabled
20:24:23.914 [main] DEBUG org.hibernate.cfg.Settings - Order SQL inserts for batching: disabled
20:24:23.914 [main] DEBUG org.hibernate.cfg.Settings - multi-tenancy strategy : NONE
20:24:23.914 [main] DEBUG org.hibernate.cfg.Settings - JTA Track by Thread: enabled
20:24:23.914 [main] DEBUG org.hibernate.cfg.Settings - Query language substitutions: {}
20:24:23.914 [main] DEBUG org.hibernate.cfg.Settings - JPA query language strict compliance: disabled
20:24:23.914 [main] DEBUG org.hibernate.cfg.Settings - Named query checking : enabled
20:24:23.914 [main] DEBUG org.hibernate.cfg.Settings - Second-level cache: enabled
20:24:23.914 [main] DEBUG org.hibernate.cfg.Settings - Second-level query cache: disabled
20:24:23.914 [main] DEBUG org.hibernate.cfg.Settings - Second-level query cache factory: org.hibernate.cache.internal.StandardQueryCacheFactory@767599a7
20:24:23.914 [main] DEBUG org.hibernate.cfg.Settings - Second-level cache region prefix: null
20:24:23.914 [main] DEBUG org.hibernate.cfg.Settings - Optimize second-level cache for minimal puts: disabled
20:24:23.914 [main] DEBUG org.hibernate.cfg.Settings - Structured second-level cache entries: disabled
20:24:23.914 [main] DEBUG org.hibernate.cfg.Settings - Second-level cache direct-reference entries: disabled
20:24:23.914 [main] DEBUG org.hibernate.cfg.Settings - Automatic eviction of collection cache: disabled
20:24:23.914 [main] DEBUG org.hibernate.cfg.Settings - JDBC batch size: 0
20:24:23.914 [main] DEBUG org.hibernate.cfg.Settings - JDBC batch updates for versioned data: enabled
20:24:23.914 [main] DEBUG org.hibernate.cfg.Settings - Scrollable result sets: disabled
20:24:23.914 [main] DEBUG org.hibernate.cfg.Settings - Wrap result sets: disabled
20:24:23.914 [main] DEBUG org.hibernate.cfg.Settings - JDBC3 getGeneratedKeys(): disabled
20:24:23.914 [main] DEBUG org.hibernate.cfg.Settings - JDBC result set fetch size: null
20:24:23.914 [main] DEBUG org.hibernate.cfg.Settings - Connection release mode: ON_CLOSE
20:24:23.915 [main] DEBUG org.hibernate.cfg.Settings - Generate SQL with comments: disabled
20:24:23.942 [main] DEBUG org.hibernate.internal.SessionFactoryImpl - Session factory constructed with filter configurations : {}
20:24:23.942 [main] DEBUG org.hibernate.internal.SessionFactoryImpl - Instantiating session factory with properties: {awt.toolkit=sun.awt.X11.XToolkit, java.specification.version=11, sun.cpu.isalist=, sun.jnu.encoding=UTF-8, hibernate.connection.release_mode=ON_CLOSE, sun.arch.data.model=64, java.vendor.url=http://java.oracle.com/, sun.boot.library.path=/usr/lib/jvm/java-11-openjdk-amd64/lib, sun.java.command=/home/whitewolf/tau/TAU-repozytorium/tau-mmo-jmeter/target/surefire/surefirebooter3743684750447416578.jar /home/whitewolf/tau/TAU-repozytorium/tau-mmo-jmeter/target/surefire 2019-05-27T20-24-21_781-jvmRun1 surefire6552960694995493992tmp surefire_06547653810239904951tmp, jdk.debug=release, java.specification.vendor=Oracle Corporation, java.version.date=2019-04-16, java.home=/usr/lib/jvm/java-11-openjdk-amd64, file.separator=/, basedir=/home/whitewolf/tau/TAU-repozytorium/tau-mmo-jmeter, java.vm.compressedOopsMode=Zero based, line.separator=
, java.specification.name=Java Platform API Specification, java.vm.specification.vendor=Oracle Corporation, hibernate.hbm2ddl.auto=update, sun.management.compiler=HotSpot 64-Bit Tiered Compilers, java.runtime.version=11.0.3+7-Ubuntu-1ubuntu218.04.1, user.name=whitewolf, file.encoding=UTF-8, hibernate.classLoaders=[jdk.internal.loader.ClassLoaders$AppClassLoader@1affbebc], hibernate.current_session_context_class=org.springframework.orm.hibernate5.SpringSessionContext, localRepository=/home/whitewolf/.m2/repository, java.io.tmpdir=/tmp, java.version=11.0.3, java.vm.specification.name=Java Virtual Machine Specification, java.awt.printerjob=sun.print.PSPrinterJob, sun.os.patch.level=unknown, java.library.path=/usr/java/packages/lib:/usr/lib/x86_64-linux-gnu/jni:/lib/x86_64-linux-gnu:/usr/lib/x86_64-linux-gnu:/usr/lib/jni:/lib:/usr/lib, java.vendor=Oracle Corporation, sun.io.unicode.encoding=UnicodeLittle, sun.desktop=gnome, hibernate.dialect=org.hibernate.dialect.HSQLDialect, java.class.path=/home/whitewolf/tau/TAU-repozytorium/tau-mmo-jmeter/target/test-classes:/home/whitewolf/tau/TAU-repozytorium/tau-mmo-jmeter/target/classes:/home/whitewolf/.m2/repository/org/springframework/boot/spring-boot-starter-web/2.1.4.RELEASE/spring-boot-starter-web-2.1.4.RELEASE.jar:/home/whitewolf/.m2/repository/org/springframework/boot/spring-boot-starter/2.1.4.RELEASE/spring-boot-starter-2.1.4.RELEASE.jar:/home/whitewolf/.m2/repository/org/springframework/boot/spring-boot/2.1.4.RELEASE/spring-boot-2.1.4.RELEASE.jar:/home/whitewolf/.m2/repository/org/springframework/boot/spring-boot-autoconfigure/2.1.4.RELEASE/spring-boot-autoconfigure-2.1.4.RELEASE.jar:/home/whitewolf/.m2/repository/org/springframework/boot/spring-boot-starter-logging/2.1.4.RELEASE/spring-boot-starter-logging-2.1.4.RELEASE.jar:/home/whitewolf/.m2/repository/ch/qos/logback/logback-classic/1.2.3/logback-classic-1.2.3.jar:/home/whitewolf/.m2/repository/ch/qos/logback/logback-core/1.2.3/logback-core-1.2.3.jar:/home/whitewolf/.m2/repository/org/apache/logging/log4j/log4j-to-slf4j/2.11.2/log4j-to-slf4j-2.11.2.jar:/home/whitewolf/.m2/repository/org/apache/logging/log4j/log4j-api/2.11.2/log4j-api-2.11.2.jar:/home/whitewolf/.m2/repository/org/slf4j/jul-to-slf4j/1.7.26/jul-to-slf4j-1.7.26.jar:/home/whitewolf/.m2/repository/org/yaml/snakeyaml/1.23/snakeyaml-1.23.jar:/home/whitewolf/.m2/repository/org/springframework/boot/spring-boot-starter-json/2.1.4.RELEASE/spring-boot-starter-json-2.1.4.RELEASE.jar:/home/whitewolf/.m2/repository/com/fasterxml/jackson/core/jackson-databind/2.9.8/jackson-databind-2.9.8.jar:/home/whitewolf/.m2/repository/com/fasterxml/jackson/core/jackson-annotations/2.9.0/jackson-annotations-2.9.0.jar:/home/whitewolf/.m2/repository/com/fasterxml/jackson/core/jackson-core/2.9.8/jackson-core-2.9.8.jar:/home/whitewolf/.m2/repository/com/fasterxml/jackson/datatype/jackson-datatype-jdk8/2.9.8/jackson-datatype-jdk8-2.9.8.jar:/home/whitewolf/.m2/repository/com/fasterxml/jackson/datatype/jackson-datatype-jsr310/2.9.8/jackson-datatype-jsr310-2.9.8.jar:/home/whitewolf/.m2/repository/com/fasterxml/jackson/module/jackson-module-parameter-names/2.9.8/jackson-module-parameter-names-2.9.8.jar:/home/whitewolf/.m2/repository/org/hibernate/validator/hibernate-validator/6.0.16.Final/hibernate-validator-6.0.16.Final.jar:/home/whitewolf/.m2/repository/javax/validation/validation-api/2.0.1.Final/validation-api-2.0.1.Final.jar:/home/whitewolf/.m2/repository/org/springframework/spring-web/5.1.6.RELEASE/spring-web-5.1.6.RELEASE.jar:/home/whitewolf/.m2/repository/org/springframework/spring-webmvc/5.1.6.RELEASE/spring-webmvc-5.1.6.RELEASE.jar:/home/whitewolf/.m2/repository/org/springframework/spring-aop/5.1.6.RELEASE/spring-aop-5.1.6.RELEASE.jar:/home/whitewolf/.m2/repository/org/springframework/spring-context/5.1.6.RELEASE/spring-context-5.1.6.RELEASE.jar:/home/whitewolf/.m2/repository/org/springframework/spring-expression/5.1.6.RELEASE/spring-expression-5.1.6.RELEASE.jar:/home/whitewolf/.m2/repository/org/springframework/boot/spring-boot-starter-test/2.1.4.RELEASE/spring-boot-starter-test-2.1.4.RELEASE.jar:/home/whitewolf/.m2/repository/org/springframework/boot/spring-boot-test/2.1.4.RELEASE/spring-boot-test-2.1.4.RELEASE.jar:/home/whitewolf/.m2/repository/org/springframework/boot/spring-boot-test-autoconfigure/2.1.4.RELEASE/spring-boot-test-autoconfigure-2.1.4.RELEASE.jar:/home/whitewolf/.m2/repository/junit/junit/4.12/junit-4.12.jar:/home/whitewolf/.m2/repository/org/assertj/assertj-core/3.11.1/assertj-core-3.11.1.jar:/home/whitewolf/.m2/repository/org/mockito/mockito-core/2.23.4/mockito-core-2.23.4.jar:/home/whitewolf/.m2/repository/net/bytebuddy/byte-buddy/1.9.12/byte-buddy-1.9.12.jar:/home/whitewolf/.m2/repository/net/bytebuddy/byte-buddy-agent/1.9.12/byte-buddy-agent-1.9.12.jar:/home/whitewolf/.m2/repository/org/objenesis/objenesis/2.6/objenesis-2.6.jar:/home/whitewolf/.m2/repository/org/hamcrest/hamcrest-core/1.3/hamcrest-core-1.3.jar:/home/whitewolf/.m2/repository/org/hamcrest/hamcrest-library/1.3/hamcrest-library-1.3.jar:/home/whitewolf/.m2/repository/org/skyscreamer/jsonassert/1.5.0/jsonassert-1.5.0.jar:/home/whitewolf/.m2/repository/com/vaadin/external/google/android-json/0.0.20131108.vaadin1/android-json-0.0.20131108.vaadin1.jar:/home/whitewolf/.m2/repository/org/springframework/spring-core/5.1.6.RELEASE/spring-core-5.1.6.RELEASE.jar:/home/whitewolf/.m2/repository/org/springframework/spring-jcl/5.1.6.RELEASE/spring-jcl-5.1.6.RELEASE.jar:/home/whitewolf/.m2/repository/org/springframework/spring-test/5.1.6.RELEASE/spring-test-5.1.6.RELEASE.jar:/home/whitewolf/.m2/repository/org/xmlunit/xmlunit-core/2.6.2/xmlunit-core-2.6.2.jar:/home/whitewolf/.m2/repository/org/springframework/boot/spring-boot-starter-tomcat/2.1.4.RELEASE/spring-boot-starter-tomcat-2.1.4.RELEASE.jar:/home/whitewolf/.m2/repository/javax/annotation/javax.annotation-api/1.3.2/javax.annotation-api-1.3.2.jar:/home/whitewolf/.m2/repository/org/apache/tomcat/embed/tomcat-embed-core/9.0.17/tomcat-embed-core-9.0.17.jar:/home/whitewolf/.m2/repository/org/apache/tomcat/embed/tomcat-embed-el/9.0.17/tomcat-embed-el-9.0.17.jar:/home/whitewolf/.m2/repository/org/apache/tomcat/embed/tomcat-embed-websocket/9.0.17/tomcat-embed-websocket-9.0.17.jar:/home/whitewolf/.m2/repository/org/springframework/boot/spring-boot-starter-data-jpa/2.1.4.RELEASE/spring-boot-starter-data-jpa-2.1.4.RELEASE.jar:/home/whitewolf/.m2/repository/org/springframework/boot/spring-boot-starter-aop/2.1.4.RELEASE/spring-boot-starter-aop-2.1.4.RELEASE.jar:/home/whitewolf/.m2/repository/org/aspectj/aspectjweaver/1.9.2/aspectjweaver-1.9.2.jar:/home/whitewolf/.m2/repository/org/springframework/boot/spring-boot-starter-jdbc/2.1.4.RELEASE/spring-boot-starter-jdbc-2.1.4.RELEASE.jar:/home/whitewolf/.m2/repository/com/zaxxer/HikariCP/3.2.0/HikariCP-3.2.0.jar:/home/whitewolf/.m2/repository/org/springframework/spring-jdbc/5.1.6.RELEASE/spring-jdbc-5.1.6.RELEASE.jar:/home/whitewolf/.m2/repository/javax/transaction/javax.transaction-api/1.3/javax.transaction-api-1.3.jar:/home/whitewolf/.m2/repository/javax/xml/bind/jaxb-api/2.3.1/jaxb-api-2.3.1.jar:/home/whitewolf/.m2/repository/javax/activation/javax.activation-api/1.2.0/javax.activation-api-1.2.0.jar:/home/whitewolf/.m2/repository/org/springframework/data/spring-data-jpa/2.1.6.RELEASE/spring-data-jpa-2.1.6.RELEASE.jar:/home/whitewolf/.m2/repository/org/springframework/data/spring-data-commons/2.1.6.RELEASE/spring-data-commons-2.1.6.RELEASE.jar:/home/whitewolf/.m2/repository/org/springframework/spring-orm/5.1.6.RELEASE/spring-orm-5.1.6.RELEASE.jar:/home/whitewolf/.m2/repository/org/springframework/spring-aspects/5.1.6.RELEASE/spring-aspects-5.1.6.RELEASE.jar:/home/whitewolf/.m2/repository/org/springframework/spring-tx/5.1.6.RELEASE/spring-tx-5.1.6.RELEASE.jar:/home/whitewolf/.m2/repository/org/springframework/spring-beans/5.1.6.RELEASE/spring-beans-5.1.6.RELEASE.jar:/home/whitewolf/.m2/repository/com/jayway/jsonpath/json-path/2.4.0/json-path-2.4.0.jar:/home/whitewolf/.m2/repository/net/minidev/json-smart/2.3/json-smart-2.3.jar:/home/whitewolf/.m2/repository/net/minidev/accessors-smart/1.2/accessors-smart-1.2.jar:/home/whitewolf/.m2/repository/org/ow2/asm/asm/5.0.4/asm-5.0.4.jar:/home/whitewolf/.m2/repository/org/slf4j/slf4j-api/1.7.26/slf4j-api-1.7.26.jar:/home/whitewolf/.m2/repository/org/hibernate/hibernate-core/5.1.6.Final/hibernate-core-5.1.6.Final.jar:/home/whitewolf/.m2/repository/org/jboss/logging/jboss-logging/3.3.2.Final/jboss-logging-3.3.2.Final.jar:/home/whitewolf/.m2/repository/org/hibernate/javax/persistence/hibernate-jpa-2.1-api/1.0.0.Final/hibernate-jpa-2.1-api-1.0.0.Final.jar:/home/whitewolf/.m2/repository/org/javassist/javassist/3.20.0-GA/javassist-3.20.0-GA.jar:/home/whitewolf/.m2/repository/antlr/antlr/2.7.7/antlr-2.7.7.jar:/home/whitewolf/.m2/repository/org/apache/geronimo/specs/geronimo-jta_1.1_spec/1.1.1/geronimo-jta_1.1_spec-1.1.1.jar:/home/whitewolf/.m2/repository/org/jboss/jandex/2.0.3.Final/jandex-2.0.3.Final.jar:/home/whitewolf/.m2/repository/com/fasterxml/classmate/1.4.0/classmate-1.4.0.jar:/home/whitewolf/.m2/repository/dom4j/dom4j/1.6.1/dom4j-1.6.1.jar:/home/whitewolf/.m2/repository/org/hibernate/common/hibernate-commons-annotations/5.0.1.Final/hibernate-commons-annotations-5.0.1.Final.jar:/home/whitewolf/.m2/repository/org/hsqldb/hsqldb/2.3.4/hsqldb-2.3.4.jar:, java.vm.vendor=Oracle Corporation, user.timezone=Europe/Warsaw, os.name=Linux, java.vm.specification.version=11, sun.java.launcher=SUN_STANDARD, user.country=PL, surefire.test.class.path=/home/whitewolf/tau/TAU-repozytorium/tau-mmo-jmeter/target/test-classes:/home/whitewolf/tau/TAU-repozytorium/tau-mmo-jmeter/target/classes:/home/whitewolf/.m2/repository/org/springframework/boot/spring-boot-starter-web/2.1.4.RELEASE/spring-boot-starter-web-2.1.4.RELEASE.jar:/home/whitewolf/.m2/repository/org/springframework/boot/spring-boot-starter/2.1.4.RELEASE/spring-boot-starter-2.1.4.RELEASE.jar:/home/whitewolf/.m2/repository/org/springframework/boot/spring-boot/2.1.4.RELEASE/spring-boot-2.1.4.RELEASE.jar:/home/whitewolf/.m2/repository/org/springframework/boot/spring-boot-autoconfigure/2.1.4.RELEASE/spring-boot-autoconfigure-2.1.4.RELEASE.jar:/home/whitewolf/.m2/repository/org/springframework/boot/spring-boot-starter-logging/2.1.4.RELEASE/spring-boot-starter-logging-2.1.4.RELEASE.jar:/home/whitewolf/.m2/repository/ch/qos/logback/logback-classic/1.2.3/logback-classic-1.2.3.jar:/home/whitewolf/.m2/repository/ch/qos/logback/logback-core/1.2.3/logback-core-1.2.3.jar:/home/whitewolf/.m2/repository/org/apache/logging/log4j/log4j-to-slf4j/2.11.2/log4j-to-slf4j-2.11.2.jar:/home/whitewolf/.m2/repository/org/apache/logging/log4j/log4j-api/2.11.2/log4j-api-2.11.2.jar:/home/whitewolf/.m2/repository/org/slf4j/jul-to-slf4j/1.7.26/jul-to-slf4j-1.7.26.jar:/home/whitewolf/.m2/repository/org/yaml/snakeyaml/1.23/snakeyaml-1.23.jar:/home/whitewolf/.m2/repository/org/springframework/boot/spring-boot-starter-json/2.1.4.RELEASE/spring-boot-starter-json-2.1.4.RELEASE.jar:/home/whitewolf/.m2/repository/com/fasterxml/jackson/core/jackson-databind/2.9.8/jackson-databind-2.9.8.jar:/home/whitewolf/.m2/repository/com/fasterxml/jackson/core/jackson-annotations/2.9.0/jackson-annotations-2.9.0.jar:/home/whitewolf/.m2/repository/com/fasterxml/jackson/core/jackson-core/2.9.8/jackson-core-2.9.8.jar:/home/whitewolf/.m2/repository/com/fasterxml/jackson/datatype/jackson-datatype-jdk8/2.9.8/jackson-datatype-jdk8-2.9.8.jar:/home/whitewolf/.m2/repository/com/fasterxml/jackson/datatype/jackson-datatype-jsr310/2.9.8/jackson-datatype-jsr310-2.9.8.jar:/home/whitewolf/.m2/repository/com/fasterxml/jackson/module/jackson-module-parameter-names/2.9.8/jackson-module-parameter-names-2.9.8.jar:/home/whitewolf/.m2/repository/org/hibernate/validator/hibernate-validator/6.0.16.Final/hibernate-validator-6.0.16.Final.jar:/home/whitewolf/.m2/repository/javax/validation/validation-api/2.0.1.Final/validation-api-2.0.1.Final.jar:/home/whitewolf/.m2/repository/org/springframework/spring-web/5.1.6.RELEASE/spring-web-5.1.6.RELEASE.jar:/home/whitewolf/.m2/repository/org/springframework/spring-webmvc/5.1.6.RELEASE/spring-webmvc-5.1.6.RELEASE.jar:/home/whitewolf/.m2/repository/org/springframework/spring-aop/5.1.6.RELEASE/spring-aop-5.1.6.RELEASE.jar:/home/whitewolf/.m2/repository/org/springframework/spring-context/5.1.6.RELEASE/spring-context-5.1.6.RELEASE.jar:/home/whitewolf/.m2/repository/org/springframework/spring-expression/5.1.6.RELEASE/spring-expression-5.1.6.RELEASE.jar:/home/whitewolf/.m2/repository/org/springframework/boot/spring-boot-starter-test/2.1.4.RELEASE/spring-boot-starter-test-2.1.4.RELEASE.jar:/home/whitewolf/.m2/repository/org/springframework/boot/spring-boot-test/2.1.4.RELEASE/spring-boot-test-2.1.4.RELEASE.jar:/home/whitewolf/.m2/repository/org/springframework/boot/spring-boot-test-autoconfigure/2.1.4.RELEASE/spring-boot-test-autoconfigure-2.1.4.RELEASE.jar:/home/whitewolf/.m2/repository/junit/junit/4.12/junit-4.12.jar:/home/whitewolf/.m2/repository/org/assertj/assertj-core/3.11.1/assertj-core-3.11.1.jar:/home/whitewolf/.m2/repository/org/mockito/mockito-core/2.23.4/mockito-core-2.23.4.jar:/home/whitewolf/.m2/repository/net/bytebuddy/byte-buddy/1.9.12/byte-buddy-1.9.12.jar:/home/whitewolf/.m2/repository/net/bytebuddy/byte-buddy-agent/1.9.12/byte-buddy-agent-1.9.12.jar:/home/whitewolf/.m2/repository/org/objenesis/objenesis/2.6/objenesis-2.6.jar:/home/whitewolf/.m2/repository/org/hamcrest/hamcrest-core/1.3/hamcrest-core-1.3.jar:/home/whitewolf/.m2/repository/org/hamcrest/hamcrest-library/1.3/hamcrest-library-1.3.jar:/home/whitewolf/.m2/repository/org/skyscreamer/jsonassert/1.5.0/jsonassert-1.5.0.jar:/home/whitewolf/.m2/repository/com/vaadin/external/google/android-json/0.0.20131108.vaadin1/android-json-0.0.20131108.vaadin1.jar:/home/whitewolf/.m2/repository/org/springframework/spring-core/5.1.6.RELEASE/spring-core-5.1.6.RELEASE.jar:/home/whitewolf/.m2/repository/org/springframework/spring-jcl/5.1.6.RELEASE/spring-jcl-5.1.6.RELEASE.jar:/home/whitewolf/.m2/repository/org/springframework/spring-test/5.1.6.RELEASE/spring-test-5.1.6.RELEASE.jar:/home/whitewolf/.m2/repository/org/xmlunit/xmlunit-core/2.6.2/xmlunit-core-2.6.2.jar:/home/whitewolf/.m2/repository/org/springframework/boot/spring-boot-starter-tomcat/2.1.4.RELEASE/spring-boot-starter-tomcat-2.1.4.RELEASE.jar:/home/whitewolf/.m2/repository/javax/annotation/javax.annotation-api/1.3.2/javax.annotation-api-1.3.2.jar:/home/whitewolf/.m2/repository/org/apache/tomcat/embed/tomcat-embed-core/9.0.17/tomcat-embed-core-9.0.17.jar:/home/whitewolf/.m2/repository/org/apache/tomcat/embed/tomcat-embed-el/9.0.17/tomcat-embed-el-9.0.17.jar:/home/whitewolf/.m2/repository/org/apache/tomcat/embed/tomcat-embed-websocket/9.0.17/tomcat-embed-websocket-9.0.17.jar:/home/whitewolf/.m2/repository/org/springframework/boot/spring-boot-starter-data-jpa/2.1.4.RELEASE/spring-boot-starter-data-jpa-2.1.4.RELEASE.jar:/home/whitewolf/.m2/repository/org/springframework/boot/spring-boot-starter-aop/2.1.4.RELEASE/spring-boot-starter-aop-2.1.4.RELEASE.jar:/home/whitewolf/.m2/repository/org/aspectj/aspectjweaver/1.9.2/aspectjweaver-1.9.2.jar:/home/whitewolf/.m2/repository/org/springframework/boot/spring-boot-starter-jdbc/2.1.4.RELEASE/spring-boot-starter-jdbc-2.1.4.RELEASE.jar:/home/whitewolf/.m2/repository/com/zaxxer/HikariCP/3.2.0/HikariCP-3.2.0.jar:/home/whitewolf/.m2/repository/org/springframework/spring-jdbc/5.1.6.RELEASE/spring-jdbc-5.1.6.RELEASE.jar:/home/whitewolf/.m2/repository/javax/transaction/javax.transaction-api/1.3/javax.transaction-api-1.3.jar:/home/whitewolf/.m2/repository/javax/xml/bind/jaxb-api/2.3.1/jaxb-api-2.3.1.jar:/home/whitewolf/.m2/repository/javax/activation/javax.activation-api/1.2.0/javax.activation-api-1.2.0.jar:/home/whitewolf/.m2/repository/org/springframework/data/spring-data-jpa/2.1.6.RELEASE/spring-data-jpa-2.1.6.RELEASE.jar:/home/whitewolf/.m2/repository/org/springframework/data/spring-data-commons/2.1.6.RELEASE/spring-data-commons-2.1.6.RELEASE.jar:/home/whitewolf/.m2/repository/org/springframework/spring-orm/5.1.6.RELEASE/spring-orm-5.1.6.RELEASE.jar:/home/whitewolf/.m2/repository/org/springframework/spring-aspects/5.1.6.RELEASE/spring-aspects-5.1.6.RELEASE.jar:/home/whitewolf/.m2/repository/org/springframework/spring-tx/5.1.6.RELEASE/spring-tx-5.1.6.RELEASE.jar:/home/whitewolf/.m2/repository/org/springframework/spring-beans/5.1.6.RELEASE/spring-beans-5.1.6.RELEASE.jar:/home/whitewolf/.m2/repository/com/jayway/jsonpath/json-path/2.4.0/json-path-2.4.0.jar:/home/whitewolf/.m2/repository/net/minidev/json-smart/2.3/json-smart-2.3.jar:/home/whitewolf/.m2/repository/net/minidev/accessors-smart/1.2/accessors-smart-1.2.jar:/home/whitewolf/.m2/repository/org/ow2/asm/asm/5.0.4/asm-5.0.4.jar:/home/whitewolf/.m2/repository/org/slf4j/slf4j-api/1.7.26/slf4j-api-1.7.26.jar:/home/whitewolf/.m2/repository/org/hibernate/hibernate-core/5.1.6.Final/hibernate-core-5.1.6.Final.jar:/home/whitewolf/.m2/repository/org/jboss/logging/jboss-logging/3.3.2.Final/jboss-logging-3.3.2.Final.jar:/home/whitewolf/.m2/repository/org/hibernate/javax/persistence/hibernate-jpa-2.1-api/1.0.0.Final/hibernate-jpa-2.1-api-1.0.0.Final.jar:/home/whitewolf/.m2/repository/org/javassist/javassist/3.20.0-GA/javassist-3.20.0-GA.jar:/home/whitewolf/.m2/repository/antlr/antlr/2.7.7/antlr-2.7.7.jar:/home/whitewolf/.m2/repository/org/apache/geronimo/specs/geronimo-jta_1.1_spec/1.1.1/geronimo-jta_1.1_spec-1.1.1.jar:/home/whitewolf/.m2/repository/org/jboss/jandex/2.0.3.Final/jandex-2.0.3.Final.jar:/home/whitewolf/.m2/repository/com/fasterxml/classmate/1.4.0/classmate-1.4.0.jar:/home/whitewolf/.m2/repository/dom4j/dom4j/1.6.1/dom4j-1.6.1.jar:/home/whitewolf/.m2/repository/org/hibernate/common/hibernate-commons-annotations/5.0.1.Final/hibernate-commons-annotations-5.0.1.Final.jar:/home/whitewolf/.m2/repository/org/hsqldb/hsqldb/2.3.4/hsqldb-2.3.4.jar:, sun.cpu.endian=little, user.home=/home/whitewolf, user.language=pl, java.awt.graphicsenv=sun.awt.X11GraphicsEnvironment, surefire.real.class.path=/home/whitewolf/tau/TAU-repozytorium/tau-mmo-jmeter/target/surefire/surefirebooter3743684750447416578.jar, path.separator=:, os.version=4.15.0-47-generic, java.runtime.name=OpenJDK Runtime Environment, java.vm.name=OpenJDK 64-Bit Server VM, hibernate.show_sql=true, java.vendor.url.bug=http://bugreport.java.com/bugreport/, user.dir=/home/whitewolf/tau/TAU-repozytorium/tau-mmo-jmeter, os.arch=amd64, hibernate.boot.CfgXmlAccessService.key=org.hibernate.boot.cfgxml.spi.LoadedConfig@45adc393, java.vm.info=mixed mode, sharing, java.vm.version=11.0.3+7-Ubuntu-1ubuntu218.04.1, hibernate.bytecode.use_reflection_optimizer=false, hibernate.connection.datasource=org.springframework.jdbc.datasource.DriverManagerDataSource@3c0036b, java.class.version=55.0}
20:24:23.960 [main] INFO org.hibernate.validator.internal.util.Version - HV000001: Hibernate Validator 6.0.16.Final
20:24:23.966 [main] DEBUG org.hibernate.validator.internal.engine.resolver.TraversableResolvers - Found javax.persistence.Persistence on classpath containing 'getPersistenceUtil'. Assuming JPA 2 environment. Trying to instantiate JPA aware TraversableResolver
20:24:23.966 [main] DEBUG org.hibernate.validator.internal.engine.resolver.TraversableResolvers - Instantiated JPA aware TraversableResolver of type org.hibernate.validator.internal.engine.resolver.JPATraversableResolver.
20:24:23.968 [main] DEBUG org.hibernate.validator.internal.xml.config.ValidationXmlParser - Trying to load META-INF/validation.xml for XML based Validator configuration.
20:24:23.969 [main] DEBUG org.hibernate.validator.internal.xml.config.ResourceLoaderHelper - Trying to load META-INF/validation.xml via TCCL
20:24:23.969 [main] DEBUG org.hibernate.validator.internal.xml.config.ResourceLoaderHelper - Trying to load META-INF/validation.xml via Hibernate Validator's class loader
20:24:23.969 [main] DEBUG org.hibernate.validator.internal.xml.config.ValidationXmlParser - No META-INF/validation.xml found. Using annotation based configuration only.
20:24:24.036 [main] DEBUG org.hibernate.validator.messageinterpolation.ResourceBundleMessageInterpolator - Loaded expression factory via original TCCL
20:24:24.039 [main] DEBUG org.hibernate.validator.internal.engine.ValidatorFactoryImpl - HV000234: Using org.hibernate.validator.messageinterpolation.ResourceBundleMessageInterpolator as ValidatorFactory-scoped message interpolator.
20:24:24.039 [main] DEBUG org.hibernate.validator.internal.engine.ValidatorFactoryImpl - HV000234: Using org.hibernate.validator.internal.engine.resolver.JPATraversableResolver as ValidatorFactory-scoped traversable resolver.
20:24:24.039 [main] DEBUG org.hibernate.validator.internal.engine.ValidatorFactoryImpl - HV000234: Using org.hibernate.validator.internal.util.ExecutableParameterNameProvider as ValidatorFactory-scoped parameter name provider.
20:24:24.039 [main] DEBUG org.hibernate.validator.internal.engine.ValidatorFactoryImpl - HV000234: Using org.hibernate.validator.internal.engine.DefaultClockProvider as ValidatorFactory-scoped clock provider.
20:24:24.039 [main] DEBUG org.hibernate.validator.internal.engine.ValidatorFactoryImpl - HV000234: Using org.hibernate.validator.internal.engine.scripting.DefaultScriptEvaluatorFactory as ValidatorFactory-scoped script evaluator factory.
20:24:24.040 [main] DEBUG org.hibernate.boot.internal.ClassLoaderAccessImpl - Not known whether passed class name [tau.mmo.domain.Item] is safe
20:24:24.040 [main] DEBUG org.hibernate.boot.internal.ClassLoaderAccessImpl - No temp ClassLoader provided; using live ClassLoader for loading potentially unsafe class : tau.mmo.domain.Item
20:24:24.078 [main] DEBUG org.hibernate.boot.internal.ClassLoaderAccessImpl - Not known whether passed class name [tau.mmo.domain.Player] is safe
20:24:24.078 [main] DEBUG org.hibernate.boot.internal.ClassLoaderAccessImpl - No temp ClassLoader provided; using live ClassLoader for loading potentially unsafe class : tau.mmo.domain.Player
20:24:24.084 [main] DEBUG org.hibernate.secure.spi.JaccIntegrator - Skipping JACC integration as it was not enabled
20:24:24.101 [main] DEBUG org.hibernate.boot.internal.ClassLoaderAccessImpl - Not known whether passed class name [tau.mmo.domain.Item] is safe
20:24:24.101 [main] DEBUG org.hibernate.boot.internal.ClassLoaderAccessImpl - No temp ClassLoader provided; using live ClassLoader for loading potentially unsafe class : tau.mmo.domain.Item
20:24:24.108 [main] DEBUG org.hibernate.boot.internal.ClassLoaderAccessImpl - Not known whether passed class name [tau.mmo.domain.Item] is safe
20:24:24.109 [main] DEBUG org.hibernate.boot.internal.ClassLoaderAccessImpl - No temp ClassLoader provided; using live ClassLoader for loading potentially unsafe class : tau.mmo.domain.Item
20:24:24.151 [main] DEBUG org.hibernate.boot.internal.ClassLoaderAccessImpl - Not known whether passed class name [tau.mmo.domain.Player] is safe
20:24:24.151 [main] DEBUG org.hibernate.boot.internal.ClassLoaderAccessImpl - No temp ClassLoader provided; using live ClassLoader for loading potentially unsafe class : tau.mmo.domain.Player
20:24:24.153 [main] DEBUG org.hibernate.boot.internal.ClassLoaderAccessImpl - Not known whether passed class name [tau.mmo.domain.Player] is safe
20:24:24.153 [main] DEBUG org.hibernate.boot.internal.ClassLoaderAccessImpl - No temp ClassLoader provided; using live ClassLoader for loading potentially unsafe class : tau.mmo.domain.Player
20:24:24.162 [main] DEBUG org.hibernate.persister.collection.AbstractCollectionPersister - Static SQL for collection: tau.mmo.domain.Player.items
20:24:24.162 [main] DEBUG org.hibernate.persister.collection.AbstractCollectionPersister -  Row insert: update item set player_id=? where id=?
20:24:24.162 [main] DEBUG org.hibernate.persister.collection.AbstractCollectionPersister -  Row update: update item set  where id=?
20:24:24.162 [main] DEBUG org.hibernate.persister.collection.AbstractCollectionPersister -  Row delete: update item set player_id=null where player_id=? and id=?
20:24:24.162 [main] DEBUG org.hibernate.persister.collection.AbstractCollectionPersister -  One-shot delete: update item set player_id=null where player_id=?
20:24:24.165 [main] DEBUG org.hibernate.persister.entity.AbstractEntityPersister - Static SQL for entity: tau.mmo.domain.Item
20:24:24.165 [main] DEBUG org.hibernate.persister.entity.AbstractEntityPersister -  Version select: select id from item where id =?
20:24:24.165 [main] DEBUG org.hibernate.persister.entity.AbstractEntityPersister -  Snapshot select: select item_.id, item_.itemclass as itemclas2_0_, item_.levelreq as levelreq3_0_, item_.name as name4_0_, item_.player_id as player_i5_0_ from item item_ where item_.id=?
20:24:24.165 [main] DEBUG org.hibernate.persister.entity.AbstractEntityPersister -  Insert 0: insert into item (itemclass, levelreq, name, player_id, id) values (?, ?, ?, ?, ?)
20:24:24.165 [main] DEBUG org.hibernate.persister.entity.AbstractEntityPersister -  Update 0: update item set itemclass=?, levelreq=?, name=?, player_id=? where id=?
20:24:24.165 [main] DEBUG org.hibernate.persister.entity.AbstractEntityPersister -  Delete 0: delete from item where id=?
20:24:24.182 [main] DEBUG org.hibernate.loader.plan.build.internal.spaces.QuerySpacesImpl - Adding QuerySpace : uid = <gen:0> -> org.hibernate.loader.plan.build.internal.spaces.EntityQuerySpaceImpl@47df5041]
20:24:24.182 [main] DEBUG org.hibernate.persister.walking.spi.MetamodelGraphWalker - Visiting attribute path : itemclass
20:24:24.182 [main] DEBUG org.hibernate.persister.walking.spi.MetamodelGraphWalker - Visiting attribute path : levelreq
20:24:24.182 [main] DEBUG org.hibernate.persister.walking.spi.MetamodelGraphWalker - Visiting attribute path : name
20:24:24.182 [main] DEBUG org.hibernate.persister.walking.spi.MetamodelGraphWalker - Visiting attribute path : player
20:24:24.185 [main] DEBUG org.hibernate.loader.plan.build.internal.spaces.QuerySpacesImpl - Adding QuerySpace : uid = <gen:1> -> org.hibernate.loader.plan.build.internal.spaces.EntityQuerySpaceImpl@4f081b5d]
20:24:24.185 [main] DEBUG org.hibernate.loader.plan.build.internal.FetchStyleLoadPlanBuildingAssociationVisitationStrategy - Building LoadPlan...
20:24:24.193 [main] DEBUG org.hibernate.loader.plan.exec.internal.LoadQueryJoinAndFetchProcessor - processing queryspace <gen:0>
20:24:24.195 [main] DEBUG org.hibernate.loader.plan.build.spi.LoadPlanTreePrinter - LoadPlan(entity=tau.mmo.domain.Item)
    - Returns
       - EntityReturnImpl(entity=tau.mmo.domain.Item, querySpaceUid=<gen:0>, path=tau.mmo.domain.Item)
          - EntityAttributeFetchImpl(entity=tau.mmo.domain.Player, querySpaceUid=<gen:1>, path=tau.mmo.domain.Item.player)
    - QuerySpaces
       - EntityQuerySpaceImpl(uid=<gen:0>, entity=tau.mmo.domain.Item)
          - SQL table alias mapping - item0_
          - alias suffix - 0_
          - suffixed key columns - {id1_0_0_}

20:24:24.197 [main] DEBUG org.hibernate.loader.entity.plan.EntityLoader - Static select for entity tau.mmo.domain.Item [NONE]: select item0_.id as id1_0_0_, item0_.itemclass as itemclas2_0_0_, item0_.levelreq as levelreq3_0_0_, item0_.name as name4_0_0_, item0_.player_id as player_i5_0_0_ from item item0_ where item0_.id=?
20:24:24.197 [main] DEBUG org.hibernate.loader.plan.build.internal.spaces.QuerySpacesImpl - Adding QuerySpace : uid = <gen:0> -> org.hibernate.loader.plan.build.internal.spaces.EntityQuerySpaceImpl@374c40ba]
20:24:24.197 [main] DEBUG org.hibernate.persister.walking.spi.MetamodelGraphWalker - Visiting attribute path : itemclass
20:24:24.197 [main] DEBUG org.hibernate.persister.walking.spi.MetamodelGraphWalker - Visiting attribute path : levelreq
20:24:24.197 [main] DEBUG org.hibernate.persister.walking.spi.MetamodelGraphWalker - Visiting attribute path : name
20:24:24.197 [main] DEBUG org.hibernate.persister.walking.spi.MetamodelGraphWalker - Visiting attribute path : player
20:24:24.197 [main] DEBUG org.hibernate.loader.plan.build.internal.spaces.QuerySpacesImpl - Adding QuerySpace : uid = <gen:1> -> org.hibernate.loader.plan.build.internal.spaces.EntityQuerySpaceImpl@6dcab9d9]
20:24:24.197 [main] DEBUG org.hibernate.loader.plan.build.internal.FetchStyleLoadPlanBuildingAssociationVisitationStrategy - Building LoadPlan...
20:24:24.197 [main] DEBUG org.hibernate.loader.plan.exec.internal.LoadQueryJoinAndFetchProcessor - processing queryspace <gen:0>
20:24:24.197 [main] DEBUG org.hibernate.loader.plan.build.spi.LoadPlanTreePrinter - LoadPlan(entity=tau.mmo.domain.Item)
    - Returns
       - EntityReturnImpl(entity=tau.mmo.domain.Item, querySpaceUid=<gen:0>, path=tau.mmo.domain.Item)
          - EntityAttributeFetchImpl(entity=tau.mmo.domain.Player, querySpaceUid=<gen:1>, path=tau.mmo.domain.Item.player)
    - QuerySpaces
       - EntityQuerySpaceImpl(uid=<gen:0>, entity=tau.mmo.domain.Item)
          - SQL table alias mapping - item0_
          - alias suffix - 0_
          - suffixed key columns - {id1_0_0_}

20:24:24.197 [main] DEBUG org.hibernate.loader.entity.plan.EntityLoader - Static select for entity tau.mmo.domain.Item [READ]: select item0_.id as id1_0_0_, item0_.itemclass as itemclas2_0_0_, item0_.levelreq as levelreq3_0_0_, item0_.name as name4_0_0_, item0_.player_id as player_i5_0_0_ from item item0_ where item0_.id=?
20:24:24.197 [main] DEBUG org.hibernate.loader.plan.build.internal.spaces.QuerySpacesImpl - Adding QuerySpace : uid = <gen:0> -> org.hibernate.loader.plan.build.internal.spaces.EntityQuerySpaceImpl@5a14e60d]
20:24:24.198 [main] DEBUG org.hibernate.persister.walking.spi.MetamodelGraphWalker - Visiting attribute path : itemclass
20:24:24.198 [main] DEBUG org.hibernate.persister.walking.spi.MetamodelGraphWalker - Visiting attribute path : levelreq
20:24:24.198 [main] DEBUG org.hibernate.persister.walking.spi.MetamodelGraphWalker - Visiting attribute path : name
20:24:24.198 [main] DEBUG org.hibernate.persister.walking.spi.MetamodelGraphWalker - Visiting attribute path : player
20:24:24.198 [main] DEBUG org.hibernate.loader.plan.build.internal.spaces.QuerySpacesImpl - Adding QuerySpace : uid = <gen:1> -> org.hibernate.loader.plan.build.internal.spaces.EntityQuerySpaceImpl@72ecbcb3]
20:24:24.198 [main] DEBUG org.hibernate.loader.plan.build.internal.FetchStyleLoadPlanBuildingAssociationVisitationStrategy - Building LoadPlan...
20:24:24.198 [main] DEBUG org.hibernate.loader.plan.exec.internal.LoadQueryJoinAndFetchProcessor - processing queryspace <gen:0>
20:24:24.198 [main] DEBUG org.hibernate.loader.plan.build.spi.LoadPlanTreePrinter - LoadPlan(entity=tau.mmo.domain.Item)
    - Returns
       - EntityReturnImpl(entity=tau.mmo.domain.Item, querySpaceUid=<gen:0>, path=tau.mmo.domain.Item)
          - EntityAttributeFetchImpl(entity=tau.mmo.domain.Player, querySpaceUid=<gen:1>, path=tau.mmo.domain.Item.player)
    - QuerySpaces
       - EntityQuerySpaceImpl(uid=<gen:0>, entity=tau.mmo.domain.Item)
          - SQL table alias mapping - item0_
          - alias suffix - 0_
          - suffixed key columns - {id1_0_0_}

20:24:24.198 [main] DEBUG org.hibernate.loader.entity.plan.EntityLoader - Static select for entity tau.mmo.domain.Item [UPGRADE]: select item0_.id as id1_0_0_, item0_.itemclass as itemclas2_0_0_, item0_.levelreq as levelreq3_0_0_, item0_.name as name4_0_0_, item0_.player_id as player_i5_0_0_ from item item0_ where item0_.id=? for update
20:24:24.198 [main] DEBUG org.hibernate.loader.plan.build.internal.spaces.QuerySpacesImpl - Adding QuerySpace : uid = <gen:0> -> org.hibernate.loader.plan.build.internal.spaces.EntityQuerySpaceImpl@4a50c746]
20:24:24.198 [main] DEBUG org.hibernate.persister.walking.spi.MetamodelGraphWalker - Visiting attribute path : itemclass
20:24:24.198 [main] DEBUG org.hibernate.persister.walking.spi.MetamodelGraphWalker - Visiting attribute path : levelreq
20:24:24.198 [main] DEBUG org.hibernate.persister.walking.spi.MetamodelGraphWalker - Visiting attribute path : name
20:24:24.198 [main] DEBUG org.hibernate.persister.walking.spi.MetamodelGraphWalker - Visiting attribute path : player
20:24:24.198 [main] DEBUG org.hibernate.loader.plan.build.internal.spaces.QuerySpacesImpl - Adding QuerySpace : uid = <gen:1> -> org.hibernate.loader.plan.build.internal.spaces.EntityQuerySpaceImpl@79ecc507]
20:24:24.198 [main] DEBUG org.hibernate.loader.plan.build.internal.FetchStyleLoadPlanBuildingAssociationVisitationStrategy - Building LoadPlan...
20:24:24.198 [main] DEBUG org.hibernate.loader.plan.exec.internal.LoadQueryJoinAndFetchProcessor - processing queryspace <gen:0>
20:24:24.199 [main] DEBUG org.hibernate.loader.plan.build.spi.LoadPlanTreePrinter - LoadPlan(entity=tau.mmo.domain.Item)
    - Returns
       - EntityReturnImpl(entity=tau.mmo.domain.Item, querySpaceUid=<gen:0>, path=tau.mmo.domain.Item)
          - EntityAttributeFetchImpl(entity=tau.mmo.domain.Player, querySpaceUid=<gen:1>, path=tau.mmo.domain.Item.player)
    - QuerySpaces
       - EntityQuerySpaceImpl(uid=<gen:0>, entity=tau.mmo.domain.Item)
          - SQL table alias mapping - item0_
          - alias suffix - 0_
          - suffixed key columns - {id1_0_0_}

20:24:24.199 [main] DEBUG org.hibernate.loader.entity.plan.EntityLoader - Static select for entity tau.mmo.domain.Item [UPGRADE_NOWAIT]: select item0_.id as id1_0_0_, item0_.itemclass as itemclas2_0_0_, item0_.levelreq as levelreq3_0_0_, item0_.name as name4_0_0_, item0_.player_id as player_i5_0_0_ from item item0_ where item0_.id=? for update
20:24:24.199 [main] DEBUG org.hibernate.loader.plan.build.internal.spaces.QuerySpacesImpl - Adding QuerySpace : uid = <gen:0> -> org.hibernate.loader.plan.build.internal.spaces.EntityQuerySpaceImpl@6ef2f7ad]
20:24:24.199 [main] DEBUG org.hibernate.persister.walking.spi.MetamodelGraphWalker - Visiting attribute path : itemclass
20:24:24.199 [main] DEBUG org.hibernate.persister.walking.spi.MetamodelGraphWalker - Visiting attribute path : levelreq
20:24:24.199 [main] DEBUG org.hibernate.persister.walking.spi.MetamodelGraphWalker - Visiting attribute path : name
20:24:24.199 [main] DEBUG org.hibernate.persister.walking.spi.MetamodelGraphWalker - Visiting attribute path : player
20:24:24.199 [main] DEBUG org.hibernate.loader.plan.build.internal.spaces.QuerySpacesImpl - Adding QuerySpace : uid = <gen:1> -> org.hibernate.loader.plan.build.internal.spaces.EntityQuerySpaceImpl@5e85c21b]
20:24:24.199 [main] DEBUG org.hibernate.loader.plan.build.internal.FetchStyleLoadPlanBuildingAssociationVisitationStrategy - Building LoadPlan...
20:24:24.199 [main] DEBUG org.hibernate.loader.plan.exec.internal.LoadQueryJoinAndFetchProcessor - processing queryspace <gen:0>
20:24:24.199 [main] DEBUG org.hibernate.loader.plan.build.spi.LoadPlanTreePrinter - LoadPlan(entity=tau.mmo.domain.Item)
    - Returns
       - EntityReturnImpl(entity=tau.mmo.domain.Item, querySpaceUid=<gen:0>, path=tau.mmo.domain.Item)
          - EntityAttributeFetchImpl(entity=tau.mmo.domain.Player, querySpaceUid=<gen:1>, path=tau.mmo.domain.Item.player)
    - QuerySpaces
       - EntityQuerySpaceImpl(uid=<gen:0>, entity=tau.mmo.domain.Item)
          - SQL table alias mapping - item0_
          - alias suffix - 0_
          - suffixed key columns - {id1_0_0_}

20:24:24.199 [main] DEBUG org.hibernate.loader.entity.plan.EntityLoader - Static select for entity tau.mmo.domain.Item [UPGRADE_SKIPLOCKED]: select item0_.id as id1_0_0_, item0_.itemclass as itemclas2_0_0_, item0_.levelreq as levelreq3_0_0_, item0_.name as name4_0_0_, item0_.player_id as player_i5_0_0_ from item item0_ where item0_.id=? for update
20:24:24.199 [main] DEBUG org.hibernate.loader.plan.build.internal.spaces.QuerySpacesImpl - Adding QuerySpace : uid = <gen:0> -> org.hibernate.loader.plan.build.internal.spaces.EntityQuerySpaceImpl@41def031]
20:24:24.199 [main] DEBUG org.hibernate.persister.walking.spi.MetamodelGraphWalker - Visiting attribute path : itemclass
20:24:24.199 [main] DEBUG org.hibernate.persister.walking.spi.MetamodelGraphWalker - Visiting attribute path : levelreq
20:24:24.199 [main] DEBUG org.hibernate.persister.walking.spi.MetamodelGraphWalker - Visiting attribute path : name
20:24:24.199 [main] DEBUG org.hibernate.persister.walking.spi.MetamodelGraphWalker - Visiting attribute path : player
20:24:24.199 [main] DEBUG org.hibernate.loader.plan.build.internal.spaces.QuerySpacesImpl - Adding QuerySpace : uid = <gen:1> -> org.hibernate.loader.plan.build.internal.spaces.EntityQuerySpaceImpl@39832280]
20:24:24.200 [main] DEBUG org.hibernate.loader.plan.build.internal.FetchStyleLoadPlanBuildingAssociationVisitationStrategy - Building LoadPlan...
20:24:24.200 [main] DEBUG org.hibernate.loader.plan.exec.internal.LoadQueryJoinAndFetchProcessor - processing queryspace <gen:0>
20:24:24.200 [main] DEBUG org.hibernate.loader.plan.build.spi.LoadPlanTreePrinter - LoadPlan(entity=tau.mmo.domain.Item)
    - Returns
       - EntityReturnImpl(entity=tau.mmo.domain.Item, querySpaceUid=<gen:0>, path=tau.mmo.domain.Item)
          - EntityAttributeFetchImpl(entity=tau.mmo.domain.Player, querySpaceUid=<gen:1>, path=tau.mmo.domain.Item.player)
    - QuerySpaces
       - EntityQuerySpaceImpl(uid=<gen:0>, entity=tau.mmo.domain.Item)
          - SQL table alias mapping - item0_
          - alias suffix - 0_
          - suffixed key columns - {id1_0_0_}

20:24:24.200 [main] DEBUG org.hibernate.loader.entity.plan.EntityLoader - Static select for entity tau.mmo.domain.Item [FORCE]: select item0_.id as id1_0_0_, item0_.itemclass as itemclas2_0_0_, item0_.levelreq as levelreq3_0_0_, item0_.name as name4_0_0_, item0_.player_id as player_i5_0_0_ from item item0_ where item0_.id=? for update
20:24:24.200 [main] DEBUG org.hibernate.loader.plan.build.internal.spaces.QuerySpacesImpl - Adding QuerySpace : uid = <gen:0> -> org.hibernate.loader.plan.build.internal.spaces.EntityQuerySpaceImpl@4966bab1]
20:24:24.200 [main] DEBUG org.hibernate.persister.walking.spi.MetamodelGraphWalker - Visiting attribute path : itemclass
20:24:24.200 [main] DEBUG org.hibernate.persister.walking.spi.MetamodelGraphWalker - Visiting attribute path : levelreq
20:24:24.200 [main] DEBUG org.hibernate.persister.walking.spi.MetamodelGraphWalker - Visiting attribute path : name
20:24:24.200 [main] DEBUG org.hibernate.persister.walking.spi.MetamodelGraphWalker - Visiting attribute path : player
20:24:24.200 [main] DEBUG org.hibernate.loader.plan.build.internal.spaces.QuerySpacesImpl - Adding QuerySpace : uid = <gen:1> -> org.hibernate.loader.plan.build.internal.spaces.EntityQuerySpaceImpl@6df4af5]
20:24:24.200 [main] DEBUG org.hibernate.loader.plan.build.internal.FetchStyleLoadPlanBuildingAssociationVisitationStrategy - Building LoadPlan...
20:24:24.200 [main] DEBUG org.hibernate.loader.plan.exec.internal.LoadQueryJoinAndFetchProcessor - processing queryspace <gen:0>
20:24:24.200 [main] DEBUG org.hibernate.loader.plan.build.spi.LoadPlanTreePrinter - LoadPlan(entity=tau.mmo.domain.Item)
    - Returns
       - EntityReturnImpl(entity=tau.mmo.domain.Item, querySpaceUid=<gen:0>, path=tau.mmo.domain.Item)
          - EntityAttributeFetchImpl(entity=tau.mmo.domain.Player, querySpaceUid=<gen:1>, path=tau.mmo.domain.Item.player)
    - QuerySpaces
       - EntityQuerySpaceImpl(uid=<gen:0>, entity=tau.mmo.domain.Item)
          - SQL table alias mapping - item0_
          - alias suffix - 0_
          - suffixed key columns - {id1_0_0_}

20:24:24.200 [main] DEBUG org.hibernate.loader.entity.plan.EntityLoader - Static select for entity tau.mmo.domain.Item [PESSIMISTIC_READ]: select item0_.id as id1_0_0_, item0_.itemclass as itemclas2_0_0_, item0_.levelreq as levelreq3_0_0_, item0_.name as name4_0_0_, item0_.player_id as player_i5_0_0_ from item item0_ where item0_.id=? for update
20:24:24.200 [main] DEBUG org.hibernate.loader.plan.build.internal.spaces.QuerySpacesImpl - Adding QuerySpace : uid = <gen:0> -> org.hibernate.loader.plan.build.internal.spaces.EntityQuerySpaceImpl@26e8ff8c]
20:24:24.201 [main] DEBUG org.hibernate.persister.walking.spi.MetamodelGraphWalker - Visiting attribute path : itemclass
20:24:24.201 [main] DEBUG org.hibernate.persister.walking.spi.MetamodelGraphWalker - Visiting attribute path : levelreq
20:24:24.201 [main] DEBUG org.hibernate.persister.walking.spi.MetamodelGraphWalker - Visiting attribute path : name
20:24:24.201 [main] DEBUG org.hibernate.persister.walking.spi.MetamodelGraphWalker - Visiting attribute path : player
20:24:24.201 [main] DEBUG org.hibernate.loader.plan.build.internal.spaces.QuerySpacesImpl - Adding QuerySpace : uid = <gen:1> -> org.hibernate.loader.plan.build.internal.spaces.EntityQuerySpaceImpl@590d6c76]
20:24:24.201 [main] DEBUG org.hibernate.loader.plan.build.internal.FetchStyleLoadPlanBuildingAssociationVisitationStrategy - Building LoadPlan...
20:24:24.201 [main] DEBUG org.hibernate.loader.plan.exec.internal.LoadQueryJoinAndFetchProcessor - processing queryspace <gen:0>
20:24:24.201 [main] DEBUG org.hibernate.loader.plan.build.spi.LoadPlanTreePrinter - LoadPlan(entity=tau.mmo.domain.Item)
    - Returns
       - EntityReturnImpl(entity=tau.mmo.domain.Item, querySpaceUid=<gen:0>, path=tau.mmo.domain.Item)
          - EntityAttributeFetchImpl(entity=tau.mmo.domain.Player, querySpaceUid=<gen:1>, path=tau.mmo.domain.Item.player)
    - QuerySpaces
       - EntityQuerySpaceImpl(uid=<gen:0>, entity=tau.mmo.domain.Item)
          - SQL table alias mapping - item0_
          - alias suffix - 0_
          - suffixed key columns - {id1_0_0_}

20:24:24.201 [main] DEBUG org.hibernate.loader.entity.plan.EntityLoader - Static select for entity tau.mmo.domain.Item [PESSIMISTIC_WRITE]: select item0_.id as id1_0_0_, item0_.itemclass as itemclas2_0_0_, item0_.levelreq as levelreq3_0_0_, item0_.name as name4_0_0_, item0_.player_id as player_i5_0_0_ from item item0_ where item0_.id=? for update
20:24:24.201 [main] DEBUG org.hibernate.loader.plan.build.internal.spaces.QuerySpacesImpl - Adding QuerySpace : uid = <gen:0> -> org.hibernate.loader.plan.build.internal.spaces.EntityQuerySpaceImpl@25791d40]
20:24:24.201 [main] DEBUG org.hibernate.persister.walking.spi.MetamodelGraphWalker - Visiting attribute path : itemclass
20:24:24.201 [main] DEBUG org.hibernate.persister.walking.spi.MetamodelGraphWalker - Visiting attribute path : levelreq
20:24:24.201 [main] DEBUG org.hibernate.persister.walking.spi.MetamodelGraphWalker - Visiting attribute path : name
20:24:24.201 [main] DEBUG org.hibernate.persister.walking.spi.MetamodelGraphWalker - Visiting attribute path : player
20:24:24.201 [main] DEBUG org.hibernate.loader.plan.build.internal.spaces.QuerySpacesImpl - Adding QuerySpace : uid = <gen:1> -> org.hibernate.loader.plan.build.internal.spaces.EntityQuerySpaceImpl@251c8145]
20:24:24.201 [main] DEBUG org.hibernate.loader.plan.build.internal.FetchStyleLoadPlanBuildingAssociationVisitationStrategy - Building LoadPlan...
20:24:24.201 [main] DEBUG org.hibernate.loader.plan.exec.internal.LoadQueryJoinAndFetchProcessor - processing queryspace <gen:0>
20:24:24.202 [main] DEBUG org.hibernate.loader.plan.build.spi.LoadPlanTreePrinter - LoadPlan(entity=tau.mmo.domain.Item)
    - Returns
       - EntityReturnImpl(entity=tau.mmo.domain.Item, querySpaceUid=<gen:0>, path=tau.mmo.domain.Item)
          - EntityAttributeFetchImpl(entity=tau.mmo.domain.Player, querySpaceUid=<gen:1>, path=tau.mmo.domain.Item.player)
    - QuerySpaces
       - EntityQuerySpaceImpl(uid=<gen:0>, entity=tau.mmo.domain.Item)
          - SQL table alias mapping - item0_
          - alias suffix - 0_
          - suffixed key columns - {id1_0_0_}

20:24:24.202 [main] DEBUG org.hibernate.loader.entity.plan.EntityLoader - Static select for entity tau.mmo.domain.Item [PESSIMISTIC_FORCE_INCREMENT]: select item0_.id as id1_0_0_, item0_.itemclass as itemclas2_0_0_, item0_.levelreq as levelreq3_0_0_, item0_.name as name4_0_0_, item0_.player_id as player_i5_0_0_ from item item0_ where item0_.id=? for update
20:24:24.202 [main] DEBUG org.hibernate.loader.plan.build.internal.spaces.QuerySpacesImpl - Adding QuerySpace : uid = <gen:0> -> org.hibernate.loader.plan.build.internal.spaces.EntityQuerySpaceImpl@17c0274c]
20:24:24.202 [main] DEBUG org.hibernate.persister.walking.spi.MetamodelGraphWalker - Visiting attribute path : itemclass
20:24:24.202 [main] DEBUG org.hibernate.persister.walking.spi.MetamodelGraphWalker - Visiting attribute path : levelreq
20:24:24.202 [main] DEBUG org.hibernate.persister.walking.spi.MetamodelGraphWalker - Visiting attribute path : name
20:24:24.202 [main] DEBUG org.hibernate.persister.walking.spi.MetamodelGraphWalker - Visiting attribute path : player
20:24:24.202 [main] DEBUG org.hibernate.loader.plan.build.internal.spaces.QuerySpacesImpl - Adding QuerySpace : uid = <gen:1> -> org.hibernate.loader.plan.build.internal.spaces.EntityQuerySpaceImpl@5a05dd30]
20:24:24.202 [main] DEBUG org.hibernate.loader.plan.build.internal.FetchStyleLoadPlanBuildingAssociationVisitationStrategy - Building LoadPlan...
20:24:24.202 [main] DEBUG org.hibernate.loader.plan.exec.internal.LoadQueryJoinAndFetchProcessor - processing queryspace <gen:0>
20:24:24.202 [main] DEBUG org.hibernate.loader.plan.build.spi.LoadPlanTreePrinter - LoadPlan(entity=tau.mmo.domain.Item)
    - Returns
       - EntityReturnImpl(entity=tau.mmo.domain.Item, querySpaceUid=<gen:0>, path=tau.mmo.domain.Item)
          - EntityAttributeFetchImpl(entity=tau.mmo.domain.Player, querySpaceUid=<gen:1>, path=tau.mmo.domain.Item.player)
    - QuerySpaces
       - EntityQuerySpaceImpl(uid=<gen:0>, entity=tau.mmo.domain.Item)
          - SQL table alias mapping - item0_
          - alias suffix - 0_
          - suffixed key columns - {id1_0_0_}

20:24:24.202 [main] DEBUG org.hibernate.loader.entity.plan.EntityLoader - Static select for entity tau.mmo.domain.Item [OPTIMISTIC]: select item0_.id as id1_0_0_, item0_.itemclass as itemclas2_0_0_, item0_.levelreq as levelreq3_0_0_, item0_.name as name4_0_0_, item0_.player_id as player_i5_0_0_ from item item0_ where item0_.id=?
20:24:24.202 [main] DEBUG org.hibernate.loader.plan.build.internal.spaces.QuerySpacesImpl - Adding QuerySpace : uid = <gen:0> -> org.hibernate.loader.plan.build.internal.spaces.EntityQuerySpaceImpl@1b52699c]
20:24:24.202 [main] DEBUG org.hibernate.persister.walking.spi.MetamodelGraphWalker - Visiting attribute path : itemclass
20:24:24.202 [main] DEBUG org.hibernate.persister.walking.spi.MetamodelGraphWalker - Visiting attribute path : levelreq
20:24:24.202 [main] DEBUG org.hibernate.persister.walking.spi.MetamodelGraphWalker - Visiting attribute path : name
20:24:24.202 [main] DEBUG org.hibernate.persister.walking.spi.MetamodelGraphWalker - Visiting attribute path : player
20:24:24.202 [main] DEBUG org.hibernate.loader.plan.build.internal.spaces.QuerySpacesImpl - Adding QuerySpace : uid = <gen:1> -> org.hibernate.loader.plan.build.internal.spaces.EntityQuerySpaceImpl@250d440]
20:24:24.202 [main] DEBUG org.hibernate.loader.plan.build.internal.FetchStyleLoadPlanBuildingAssociationVisitationStrategy - Building LoadPlan...
20:24:24.203 [main] DEBUG org.hibernate.loader.plan.exec.internal.LoadQueryJoinAndFetchProcessor - processing queryspace <gen:0>
20:24:24.203 [main] DEBUG org.hibernate.loader.plan.build.spi.LoadPlanTreePrinter - LoadPlan(entity=tau.mmo.domain.Item)
    - Returns
       - EntityReturnImpl(entity=tau.mmo.domain.Item, querySpaceUid=<gen:0>, path=tau.mmo.domain.Item)
          - EntityAttributeFetchImpl(entity=tau.mmo.domain.Player, querySpaceUid=<gen:1>, path=tau.mmo.domain.Item.player)
    - QuerySpaces
       - EntityQuerySpaceImpl(uid=<gen:0>, entity=tau.mmo.domain.Item)
          - SQL table alias mapping - item0_
          - alias suffix - 0_
          - suffixed key columns - {id1_0_0_}

20:24:24.203 [main] DEBUG org.hibernate.loader.entity.plan.EntityLoader - Static select for entity tau.mmo.domain.Item [OPTIMISTIC_FORCE_INCREMENT]: select item0_.id as id1_0_0_, item0_.itemclass as itemclas2_0_0_, item0_.levelreq as levelreq3_0_0_, item0_.name as name4_0_0_, item0_.player_id as player_i5_0_0_ from item item0_ where item0_.id=?
20:24:24.211 [main] DEBUG org.hibernate.loader.Loader - Static select for action ACTION_MERGE on entity tau.mmo.domain.Item: select item0_.id as id1_0_0_, item0_.itemclass as itemclas2_0_0_, item0_.levelreq as levelreq3_0_0_, item0_.name as name4_0_0_, item0_.player_id as player_i5_0_0_ from item item0_ where item0_.id=?
20:24:24.212 [main] DEBUG org.hibernate.loader.Loader - Static select for action ACTION_REFRESH on entity tau.mmo.domain.Item: select item0_.id as id1_0_0_, item0_.itemclass as itemclas2_0_0_, item0_.levelreq as levelreq3_0_0_, item0_.name as name4_0_0_, item0_.player_id as player_i5_0_0_ from item item0_ where item0_.id=?
20:24:24.212 [main] DEBUG org.hibernate.persister.entity.AbstractEntityPersister - Static SQL for entity: tau.mmo.domain.Player
20:24:24.212 [main] DEBUG org.hibernate.persister.entity.AbstractEntityPersister -  Version select: select id from player where id =?
20:24:24.212 [main] DEBUG org.hibernate.persister.entity.AbstractEntityPersister -  Snapshot select: select player_.id, player_.heroclass as heroclas2_1_, player_.level as level3_1_, player_.name as name4_1_ from player player_ where player_.id=?
20:24:24.212 [main] DEBUG org.hibernate.persister.entity.AbstractEntityPersister -  Insert 0: insert into player (heroclass, level, name, id) values (?, ?, ?, ?)
20:24:24.212 [main] DEBUG org.hibernate.persister.entity.AbstractEntityPersister -  Update 0: update player set heroclass=?, level=?, name=? where id=?
20:24:24.212 [main] DEBUG org.hibernate.persister.entity.AbstractEntityPersister -  Delete 0: delete from player where id=?
20:24:24.212 [main] DEBUG org.hibernate.loader.plan.build.internal.spaces.QuerySpacesImpl - Adding QuerySpace : uid = <gen:0> -> org.hibernate.loader.plan.build.internal.spaces.EntityQuerySpaceImpl@370c9018]
20:24:24.212 [main] DEBUG org.hibernate.persister.walking.spi.MetamodelGraphWalker - Visiting attribute path : heroclass
20:24:24.212 [main] DEBUG org.hibernate.persister.walking.spi.MetamodelGraphWalker - Visiting attribute path : items
20:24:24.213 [main] DEBUG org.hibernate.loader.plan.build.internal.spaces.QuerySpacesImpl - Adding QuerySpace : uid = <gen:1> -> org.hibernate.loader.plan.build.internal.spaces.CollectionQuerySpaceImpl@320be73]
20:24:24.214 [main] DEBUG org.hibernate.loader.plan.build.internal.spaces.QuerySpacesImpl - Adding QuerySpace : uid = <gen:2> -> org.hibernate.loader.plan.build.internal.spaces.EntityQuerySpaceImpl@b768a65]
20:24:24.215 [main] DEBUG org.hibernate.persister.walking.spi.MetamodelGraphWalker - Visiting attribute path : items.itemclass
20:24:24.215 [main] DEBUG org.hibernate.persister.walking.spi.MetamodelGraphWalker - Visiting attribute path : items.levelreq
20:24:24.215 [main] DEBUG org.hibernate.persister.walking.spi.MetamodelGraphWalker - Visiting attribute path : items.name
20:24:24.215 [main] DEBUG org.hibernate.persister.walking.spi.MetamodelGraphWalker - Visiting attribute path : items.player
20:24:24.215 [main] DEBUG org.hibernate.persister.walking.spi.MetamodelGraphWalker - Property path deemed to be circular : items.player
20:24:24.215 [main] DEBUG org.hibernate.persister.walking.spi.MetamodelGraphWalker - Visiting attribute path : level
20:24:24.215 [main] DEBUG org.hibernate.persister.walking.spi.MetamodelGraphWalker - Visiting attribute path : name
20:24:24.215 [main] DEBUG org.hibernate.loader.plan.build.internal.FetchStyleLoadPlanBuildingAssociationVisitationStrategy - Building LoadPlan...
20:24:24.215 [main] DEBUG org.hibernate.loader.plan.exec.internal.LoadQueryJoinAndFetchProcessor - processing queryspace <gen:0>
20:24:24.217 [main] DEBUG org.hibernate.loader.plan.build.spi.LoadPlanTreePrinter - LoadPlan(entity=tau.mmo.domain.Player)
    - Returns
       - EntityReturnImpl(entity=tau.mmo.domain.Player, querySpaceUid=<gen:0>, path=tau.mmo.domain.Player)
          - CollectionAttributeFetchImpl(collection=tau.mmo.domain.Player.items, querySpaceUid=<gen:1>, path=tau.mmo.domain.Player.items)
             - (collection element) CollectionFetchableElementEntityGraph(entity=tau.mmo.domain.Item, querySpaceUid=<gen:2>, path=tau.mmo.domain.Player.items.<elements>)
    - QuerySpaces
       - EntityQuerySpaceImpl(uid=<gen:0>, entity=tau.mmo.domain.Player)
          - SQL table alias mapping - player0_
          - alias suffix - 0_
          - suffixed key columns - {id1_1_0_}
          - JOIN (JoinDefinedByMetadata(items)) : <gen:0> -> <gen:1>
             - CollectionQuerySpaceImpl(uid=<gen:1>, collection=tau.mmo.domain.Player.items)
                - SQL table alias mapping - items1_
                - alias suffix - 1_
                - suffixed key columns - {player_i5_0_1_}
                - entity-element alias suffix - 2_
                - 2_entity-element suffixed key columns - id1_0_2_
                - JOIN (JoinDefinedByMetadata(elements)) : <gen:1> -> <gen:2>
                   - EntityQuerySpaceImpl(uid=<gen:2>, entity=tau.mmo.domain.Item)
                      - SQL table alias mapping - items1_
                      - alias suffix - 2_
                      - suffixed key columns - {id1_0_2_}

20:24:24.217 [main] DEBUG org.hibernate.loader.entity.plan.EntityLoader - Static select for entity tau.mmo.domain.Player [NONE]: select player0_.id as id1_1_0_, player0_.heroclass as heroclas2_1_0_, player0_.level as level3_1_0_, player0_.name as name4_1_0_, items1_.player_id as player_i5_0_1_, items1_.id as id1_0_1_, items1_.id as id1_0_2_, items1_.itemclass as itemclas2_0_2_, items1_.levelreq as levelreq3_0_2_, items1_.name as name4_0_2_, items1_.player_id as player_i5_0_2_ from player player0_ left outer join item items1_ on player0_.id=items1_.player_id where player0_.id=?
20:24:24.217 [main] DEBUG org.hibernate.loader.plan.build.internal.spaces.QuerySpacesImpl - Adding QuerySpace : uid = <gen:0> -> org.hibernate.loader.plan.build.internal.spaces.EntityQuerySpaceImpl@3a11c0eb]
20:24:24.217 [main] DEBUG org.hibernate.persister.walking.spi.MetamodelGraphWalker - Visiting attribute path : heroclass
20:24:24.217 [main] DEBUG org.hibernate.persister.walking.spi.MetamodelGraphWalker - Visiting attribute path : items
20:24:24.217 [main] DEBUG org.hibernate.loader.plan.build.internal.spaces.QuerySpacesImpl - Adding QuerySpace : uid = <gen:1> -> org.hibernate.loader.plan.build.internal.spaces.CollectionQuerySpaceImpl@2c2c3947]
20:24:24.217 [main] DEBUG org.hibernate.loader.plan.build.internal.spaces.QuerySpacesImpl - Adding QuerySpace : uid = <gen:2> -> org.hibernate.loader.plan.build.internal.spaces.EntityQuerySpaceImpl@4a62062a]
20:24:24.217 [main] DEBUG org.hibernate.persister.walking.spi.MetamodelGraphWalker - Visiting attribute path : items.itemclass
20:24:24.217 [main] DEBUG org.hibernate.persister.walking.spi.MetamodelGraphWalker - Visiting attribute path : items.levelreq
20:24:24.217 [main] DEBUG org.hibernate.persister.walking.spi.MetamodelGraphWalker - Visiting attribute path : items.name
20:24:24.217 [main] DEBUG org.hibernate.persister.walking.spi.MetamodelGraphWalker - Visiting attribute path : items.player
20:24:24.217 [main] DEBUG org.hibernate.persister.walking.spi.MetamodelGraphWalker - Property path deemed to be circular : items.player
20:24:24.218 [main] DEBUG org.hibernate.persister.walking.spi.MetamodelGraphWalker - Visiting attribute path : level
20:24:24.218 [main] DEBUG org.hibernate.persister.walking.spi.MetamodelGraphWalker - Visiting attribute path : name
20:24:24.218 [main] DEBUG org.hibernate.loader.plan.build.internal.FetchStyleLoadPlanBuildingAssociationVisitationStrategy - Building LoadPlan...
20:24:24.218 [main] DEBUG org.hibernate.loader.plan.exec.internal.LoadQueryJoinAndFetchProcessor - processing queryspace <gen:0>
20:24:24.218 [main] DEBUG org.hibernate.loader.plan.build.spi.LoadPlanTreePrinter - LoadPlan(entity=tau.mmo.domain.Player)
    - Returns
       - EntityReturnImpl(entity=tau.mmo.domain.Player, querySpaceUid=<gen:0>, path=tau.mmo.domain.Player)
          - CollectionAttributeFetchImpl(collection=tau.mmo.domain.Player.items, querySpaceUid=<gen:1>, path=tau.mmo.domain.Player.items)
             - (collection element) CollectionFetchableElementEntityGraph(entity=tau.mmo.domain.Item, querySpaceUid=<gen:2>, path=tau.mmo.domain.Player.items.<elements>)
    - QuerySpaces
       - EntityQuerySpaceImpl(uid=<gen:0>, entity=tau.mmo.domain.Player)
          - SQL table alias mapping - player0_
          - alias suffix - 0_
          - suffixed key columns - {id1_1_0_}
          - JOIN (JoinDefinedByMetadata(items)) : <gen:0> -> <gen:1>
             - CollectionQuerySpaceImpl(uid=<gen:1>, collection=tau.mmo.domain.Player.items)
                - SQL table alias mapping - items1_
                - alias suffix - 1_
                - suffixed key columns - {player_i5_0_1_}
                - entity-element alias suffix - 2_
                - 2_entity-element suffixed key columns - id1_0_2_
                - JOIN (JoinDefinedByMetadata(elements)) : <gen:1> -> <gen:2>
                   - EntityQuerySpaceImpl(uid=<gen:2>, entity=tau.mmo.domain.Item)
                      - SQL table alias mapping - items1_
                      - alias suffix - 2_
                      - suffixed key columns - {id1_0_2_}

20:24:24.218 [main] DEBUG org.hibernate.loader.entity.plan.EntityLoader - Static select for entity tau.mmo.domain.Player [READ]: select player0_.id as id1_1_0_, player0_.heroclass as heroclas2_1_0_, player0_.level as level3_1_0_, player0_.name as name4_1_0_, items1_.player_id as player_i5_0_1_, items1_.id as id1_0_1_, items1_.id as id1_0_2_, items1_.itemclass as itemclas2_0_2_, items1_.levelreq as levelreq3_0_2_, items1_.name as name4_0_2_, items1_.player_id as player_i5_0_2_ from player player0_ left outer join item items1_ on player0_.id=items1_.player_id where player0_.id=?
20:24:24.218 [main] DEBUG org.hibernate.loader.plan.build.internal.spaces.QuerySpacesImpl - Adding QuerySpace : uid = <gen:0> -> org.hibernate.loader.plan.build.internal.spaces.EntityQuerySpaceImpl@1e76afeb]
20:24:24.218 [main] DEBUG org.hibernate.persister.walking.spi.MetamodelGraphWalker - Visiting attribute path : heroclass
20:24:24.219 [main] DEBUG org.hibernate.persister.walking.spi.MetamodelGraphWalker - Visiting attribute path : items
20:24:24.219 [main] DEBUG org.hibernate.loader.plan.build.internal.spaces.QuerySpacesImpl - Adding QuerySpace : uid = <gen:1> -> org.hibernate.loader.plan.build.internal.spaces.CollectionQuerySpaceImpl@3e4d40ea]
20:24:24.219 [main] DEBUG org.hibernate.loader.plan.build.internal.spaces.QuerySpacesImpl - Adding QuerySpace : uid = <gen:2> -> org.hibernate.loader.plan.build.internal.spaces.EntityQuerySpaceImpl@73f6e07]
20:24:24.219 [main] DEBUG org.hibernate.persister.walking.spi.MetamodelGraphWalker - Visiting attribute path : level
20:24:24.219 [main] DEBUG org.hibernate.persister.walking.spi.MetamodelGraphWalker - Visiting attribute path : name
20:24:24.219 [main] DEBUG org.hibernate.loader.plan.build.internal.FetchStyleLoadPlanBuildingAssociationVisitationStrategy - Building LoadPlan...
20:24:24.219 [main] DEBUG org.hibernate.loader.plan.exec.internal.LoadQueryJoinAndFetchProcessor - processing queryspace <gen:0>
20:24:24.219 [main] DEBUG org.hibernate.loader.plan.build.spi.LoadPlanTreePrinter - LoadPlan(entity=tau.mmo.domain.Player)
    - Returns
       - EntityReturnImpl(entity=tau.mmo.domain.Player, querySpaceUid=<gen:0>, path=tau.mmo.domain.Player)
          - CollectionAttributeFetchImpl(collection=tau.mmo.domain.Player.items, querySpaceUid=<gen:1>, path=tau.mmo.domain.Player.items)
             - (collection element) CollectionFetchableElementEntityGraph(entity=tau.mmo.domain.Item, querySpaceUid=<gen:2>, path=tau.mmo.domain.Player.items.<elements>)
    - QuerySpaces
       - EntityQuerySpaceImpl(uid=<gen:0>, entity=tau.mmo.domain.Player)
          - SQL table alias mapping - player0_
          - alias suffix - 0_
          - suffixed key columns - {id1_1_0_}

20:24:24.219 [main] DEBUG org.hibernate.loader.entity.plan.EntityLoader - Static select for entity tau.mmo.domain.Player [UPGRADE]: select player0_.id as id1_1_0_, player0_.heroclass as heroclas2_1_0_, player0_.level as level3_1_0_, player0_.name as name4_1_0_ from player player0_ where player0_.id=? for update
20:24:24.219 [main] DEBUG org.hibernate.loader.plan.build.internal.spaces.QuerySpacesImpl - Adding QuerySpace : uid = <gen:0> -> org.hibernate.loader.plan.build.internal.spaces.EntityQuerySpaceImpl@2c9d90fc]
20:24:24.219 [main] DEBUG org.hibernate.persister.walking.spi.MetamodelGraphWalker - Visiting attribute path : heroclass
20:24:24.219 [main] DEBUG org.hibernate.persister.walking.spi.MetamodelGraphWalker - Visiting attribute path : items
20:24:24.219 [main] DEBUG org.hibernate.loader.plan.build.internal.spaces.QuerySpacesImpl - Adding QuerySpace : uid = <gen:1> -> org.hibernate.loader.plan.build.internal.spaces.CollectionQuerySpaceImpl@418f890f]
20:24:24.220 [main] DEBUG org.hibernate.loader.plan.build.internal.spaces.QuerySpacesImpl - Adding QuerySpace : uid = <gen:2> -> org.hibernate.loader.plan.build.internal.spaces.EntityQuerySpaceImpl@3d3c886f]
20:24:24.220 [main] DEBUG org.hibernate.persister.walking.spi.MetamodelGraphWalker - Visiting attribute path : level
20:24:24.220 [main] DEBUG org.hibernate.persister.walking.spi.MetamodelGraphWalker - Visiting attribute path : name
20:24:24.220 [main] DEBUG org.hibernate.loader.plan.build.internal.FetchStyleLoadPlanBuildingAssociationVisitationStrategy - Building LoadPlan...
20:24:24.220 [main] DEBUG org.hibernate.loader.plan.exec.internal.LoadQueryJoinAndFetchProcessor - processing queryspace <gen:0>
20:24:24.220 [main] DEBUG org.hibernate.loader.plan.build.spi.LoadPlanTreePrinter - LoadPlan(entity=tau.mmo.domain.Player)
    - Returns
       - EntityReturnImpl(entity=tau.mmo.domain.Player, querySpaceUid=<gen:0>, path=tau.mmo.domain.Player)
          - CollectionAttributeFetchImpl(collection=tau.mmo.domain.Player.items, querySpaceUid=<gen:1>, path=tau.mmo.domain.Player.items)
             - (collection element) CollectionFetchableElementEntityGraph(entity=tau.mmo.domain.Item, querySpaceUid=<gen:2>, path=tau.mmo.domain.Player.items.<elements>)
    - QuerySpaces
       - EntityQuerySpaceImpl(uid=<gen:0>, entity=tau.mmo.domain.Player)
          - SQL table alias mapping - player0_
          - alias suffix - 0_
          - suffixed key columns - {id1_1_0_}

20:24:24.220 [main] DEBUG org.hibernate.loader.entity.plan.EntityLoader - Static select for entity tau.mmo.domain.Player [UPGRADE_NOWAIT]: select player0_.id as id1_1_0_, player0_.heroclass as heroclas2_1_0_, player0_.level as level3_1_0_, player0_.name as name4_1_0_ from player player0_ where player0_.id=? for update
20:24:24.220 [main] DEBUG org.hibernate.loader.plan.build.internal.spaces.QuerySpacesImpl - Adding QuerySpace : uid = <gen:0> -> org.hibernate.loader.plan.build.internal.spaces.EntityQuerySpaceImpl@7d66e544]
20:24:24.220 [main] DEBUG org.hibernate.persister.walking.spi.MetamodelGraphWalker - Visiting attribute path : heroclass
20:24:24.220 [main] DEBUG org.hibernate.persister.walking.spi.MetamodelGraphWalker - Visiting attribute path : items
20:24:24.220 [main] DEBUG org.hibernate.loader.plan.build.internal.spaces.QuerySpacesImpl - Adding QuerySpace : uid = <gen:1> -> org.hibernate.loader.plan.build.internal.spaces.CollectionQuerySpaceImpl@5b1c32e4]
20:24:24.220 [main] DEBUG org.hibernate.loader.plan.build.internal.spaces.QuerySpacesImpl - Adding QuerySpace : uid = <gen:2> -> org.hibernate.loader.plan.build.internal.spaces.EntityQuerySpaceImpl@2bab618]
20:24:24.220 [main] DEBUG org.hibernate.persister.walking.spi.MetamodelGraphWalker - Visiting attribute path : level
20:24:24.220 [main] DEBUG org.hibernate.persister.walking.spi.MetamodelGraphWalker - Visiting attribute path : name
20:24:24.221 [main] DEBUG org.hibernate.loader.plan.build.internal.FetchStyleLoadPlanBuildingAssociationVisitationStrategy - Building LoadPlan...
20:24:24.221 [main] DEBUG org.hibernate.loader.plan.exec.internal.LoadQueryJoinAndFetchProcessor - processing queryspace <gen:0>
20:24:24.221 [main] DEBUG org.hibernate.loader.plan.build.spi.LoadPlanTreePrinter - LoadPlan(entity=tau.mmo.domain.Player)
    - Returns
       - EntityReturnImpl(entity=tau.mmo.domain.Player, querySpaceUid=<gen:0>, path=tau.mmo.domain.Player)
          - CollectionAttributeFetchImpl(collection=tau.mmo.domain.Player.items, querySpaceUid=<gen:1>, path=tau.mmo.domain.Player.items)
             - (collection element) CollectionFetchableElementEntityGraph(entity=tau.mmo.domain.Item, querySpaceUid=<gen:2>, path=tau.mmo.domain.Player.items.<elements>)
    - QuerySpaces
       - EntityQuerySpaceImpl(uid=<gen:0>, entity=tau.mmo.domain.Player)
          - SQL table alias mapping - player0_
          - alias suffix - 0_
          - suffixed key columns - {id1_1_0_}

20:24:24.221 [main] DEBUG org.hibernate.loader.entity.plan.EntityLoader - Static select for entity tau.mmo.domain.Player [UPGRADE_SKIPLOCKED]: select player0_.id as id1_1_0_, player0_.heroclass as heroclas2_1_0_, player0_.level as level3_1_0_, player0_.name as name4_1_0_ from player player0_ where player0_.id=? for update
20:24:24.221 [main] DEBUG org.hibernate.loader.plan.build.internal.spaces.QuerySpacesImpl - Adding QuerySpace : uid = <gen:0> -> org.hibernate.loader.plan.build.internal.spaces.EntityQuerySpaceImpl@48bc2fce]
20:24:24.221 [main] DEBUG org.hibernate.persister.walking.spi.MetamodelGraphWalker - Visiting attribute path : heroclass
20:24:24.221 [main] DEBUG org.hibernate.persister.walking.spi.MetamodelGraphWalker - Visiting attribute path : items
20:24:24.221 [main] DEBUG org.hibernate.loader.plan.build.internal.spaces.QuerySpacesImpl - Adding QuerySpace : uid = <gen:1> -> org.hibernate.loader.plan.build.internal.spaces.CollectionQuerySpaceImpl@24fba488]
20:24:24.221 [main] DEBUG org.hibernate.loader.plan.build.internal.spaces.QuerySpacesImpl - Adding QuerySpace : uid = <gen:2> -> org.hibernate.loader.plan.build.internal.spaces.EntityQuerySpaceImpl@73a6cc79]
20:24:24.221 [main] DEBUG org.hibernate.persister.walking.spi.MetamodelGraphWalker - Visiting attribute path : level
20:24:24.221 [main] DEBUG org.hibernate.persister.walking.spi.MetamodelGraphWalker - Visiting attribute path : name
20:24:24.221 [main] DEBUG org.hibernate.loader.plan.build.internal.FetchStyleLoadPlanBuildingAssociationVisitationStrategy - Building LoadPlan...
20:24:24.221 [main] DEBUG org.hibernate.loader.plan.exec.internal.LoadQueryJoinAndFetchProcessor - processing queryspace <gen:0>
20:24:24.222 [main] DEBUG org.hibernate.loader.plan.build.spi.LoadPlanTreePrinter - LoadPlan(entity=tau.mmo.domain.Player)
    - Returns
       - EntityReturnImpl(entity=tau.mmo.domain.Player, querySpaceUid=<gen:0>, path=tau.mmo.domain.Player)
          - CollectionAttributeFetchImpl(collection=tau.mmo.domain.Player.items, querySpaceUid=<gen:1>, path=tau.mmo.domain.Player.items)
             - (collection element) CollectionFetchableElementEntityGraph(entity=tau.mmo.domain.Item, querySpaceUid=<gen:2>, path=tau.mmo.domain.Player.items.<elements>)
    - QuerySpaces
       - EntityQuerySpaceImpl(uid=<gen:0>, entity=tau.mmo.domain.Player)
          - SQL table alias mapping - player0_
          - alias suffix - 0_
          - suffixed key columns - {id1_1_0_}

20:24:24.222 [main] DEBUG org.hibernate.loader.entity.plan.EntityLoader - Static select for entity tau.mmo.domain.Player [FORCE]: select player0_.id as id1_1_0_, player0_.heroclass as heroclas2_1_0_, player0_.level as level3_1_0_, player0_.name as name4_1_0_ from player player0_ where player0_.id=? for update
20:24:24.222 [main] DEBUG org.hibernate.loader.plan.build.internal.spaces.QuerySpacesImpl - Adding QuerySpace : uid = <gen:0> -> org.hibernate.loader.plan.build.internal.spaces.EntityQuerySpaceImpl@5a4d4f9c]
20:24:24.222 [main] DEBUG org.hibernate.persister.walking.spi.MetamodelGraphWalker - Visiting attribute path : heroclass
20:24:24.222 [main] DEBUG org.hibernate.persister.walking.spi.MetamodelGraphWalker - Visiting attribute path : items
20:24:24.222 [main] DEBUG org.hibernate.loader.plan.build.internal.spaces.QuerySpacesImpl - Adding QuerySpace : uid = <gen:1> -> org.hibernate.loader.plan.build.internal.spaces.CollectionQuerySpaceImpl@6c9b44bf]
20:24:24.222 [main] DEBUG org.hibernate.loader.plan.build.internal.spaces.QuerySpacesImpl - Adding QuerySpace : uid = <gen:2> -> org.hibernate.loader.plan.build.internal.spaces.EntityQuerySpaceImpl@299b9851]
20:24:24.222 [main] DEBUG org.hibernate.persister.walking.spi.MetamodelGraphWalker - Visiting attribute path : level
20:24:24.222 [main] DEBUG org.hibernate.persister.walking.spi.MetamodelGraphWalker - Visiting attribute path : name
20:24:24.222 [main] DEBUG org.hibernate.loader.plan.build.internal.FetchStyleLoadPlanBuildingAssociationVisitationStrategy - Building LoadPlan...
20:24:24.222 [main] DEBUG org.hibernate.loader.plan.exec.internal.LoadQueryJoinAndFetchProcessor - processing queryspace <gen:0>
20:24:24.222 [main] DEBUG org.hibernate.loader.plan.build.spi.LoadPlanTreePrinter - LoadPlan(entity=tau.mmo.domain.Player)
    - Returns
       - EntityReturnImpl(entity=tau.mmo.domain.Player, querySpaceUid=<gen:0>, path=tau.mmo.domain.Player)
          - CollectionAttributeFetchImpl(collection=tau.mmo.domain.Player.items, querySpaceUid=<gen:1>, path=tau.mmo.domain.Player.items)
             - (collection element) CollectionFetchableElementEntityGraph(entity=tau.mmo.domain.Item, querySpaceUid=<gen:2>, path=tau.mmo.domain.Player.items.<elements>)
    - QuerySpaces
       - EntityQuerySpaceImpl(uid=<gen:0>, entity=tau.mmo.domain.Player)
          - SQL table alias mapping - player0_
          - alias suffix - 0_
          - suffixed key columns - {id1_1_0_}

20:24:24.223 [main] DEBUG org.hibernate.loader.entity.plan.EntityLoader - Static select for entity tau.mmo.domain.Player [PESSIMISTIC_READ]: select player0_.id as id1_1_0_, player0_.heroclass as heroclas2_1_0_, player0_.level as level3_1_0_, player0_.name as name4_1_0_ from player player0_ where player0_.id=? for update
20:24:24.223 [main] DEBUG org.hibernate.loader.plan.build.internal.spaces.QuerySpacesImpl - Adding QuerySpace : uid = <gen:0> -> org.hibernate.loader.plan.build.internal.spaces.EntityQuerySpaceImpl@191a0351]
20:24:24.223 [main] DEBUG org.hibernate.persister.walking.spi.MetamodelGraphWalker - Visiting attribute path : heroclass
20:24:24.223 [main] DEBUG org.hibernate.persister.walking.spi.MetamodelGraphWalker - Visiting attribute path : items
20:24:24.223 [main] DEBUG org.hibernate.loader.plan.build.internal.spaces.QuerySpacesImpl - Adding QuerySpace : uid = <gen:1> -> org.hibernate.loader.plan.build.internal.spaces.CollectionQuerySpaceImpl@51ba952e]
20:24:24.223 [main] DEBUG org.hibernate.loader.plan.build.internal.spaces.QuerySpacesImpl - Adding QuerySpace : uid = <gen:2> -> org.hibernate.loader.plan.build.internal.spaces.EntityQuerySpaceImpl@2416c658]
20:24:24.223 [main] DEBUG org.hibernate.persister.walking.spi.MetamodelGraphWalker - Visiting attribute path : level
20:24:24.223 [main] DEBUG org.hibernate.persister.walking.spi.MetamodelGraphWalker - Visiting attribute path : name
20:24:24.223 [main] DEBUG org.hibernate.loader.plan.build.internal.FetchStyleLoadPlanBuildingAssociationVisitationStrategy - Building LoadPlan...
20:24:24.223 [main] DEBUG org.hibernate.loader.plan.exec.internal.LoadQueryJoinAndFetchProcessor - processing queryspace <gen:0>
20:24:24.223 [main] DEBUG org.hibernate.loader.plan.build.spi.LoadPlanTreePrinter - LoadPlan(entity=tau.mmo.domain.Player)
    - Returns
       - EntityReturnImpl(entity=tau.mmo.domain.Player, querySpaceUid=<gen:0>, path=tau.mmo.domain.Player)
          - CollectionAttributeFetchImpl(collection=tau.mmo.domain.Player.items, querySpaceUid=<gen:1>, path=tau.mmo.domain.Player.items)
             - (collection element) CollectionFetchableElementEntityGraph(entity=tau.mmo.domain.Item, querySpaceUid=<gen:2>, path=tau.mmo.domain.Player.items.<elements>)
    - QuerySpaces
       - EntityQuerySpaceImpl(uid=<gen:0>, entity=tau.mmo.domain.Player)
          - SQL table alias mapping - player0_
          - alias suffix - 0_
          - suffixed key columns - {id1_1_0_}

20:24:24.223 [main] DEBUG org.hibernate.loader.entity.plan.EntityLoader - Static select for entity tau.mmo.domain.Player [PESSIMISTIC_WRITE]: select player0_.id as id1_1_0_, player0_.heroclass as heroclas2_1_0_, player0_.level as level3_1_0_, player0_.name as name4_1_0_ from player player0_ where player0_.id=? for update
20:24:24.223 [main] DEBUG org.hibernate.loader.plan.build.internal.spaces.QuerySpacesImpl - Adding QuerySpace : uid = <gen:0> -> org.hibernate.loader.plan.build.internal.spaces.EntityQuerySpaceImpl@6d5f4900]
20:24:24.224 [main] DEBUG org.hibernate.persister.walking.spi.MetamodelGraphWalker - Visiting attribute path : heroclass
20:24:24.224 [main] DEBUG org.hibernate.persister.walking.spi.MetamodelGraphWalker - Visiting attribute path : items
20:24:24.224 [main] DEBUG org.hibernate.loader.plan.build.internal.spaces.QuerySpacesImpl - Adding QuerySpace : uid = <gen:1> -> org.hibernate.loader.plan.build.internal.spaces.CollectionQuerySpaceImpl@1b560eb0]
20:24:24.224 [main] DEBUG org.hibernate.loader.plan.build.internal.spaces.QuerySpacesImpl - Adding QuerySpace : uid = <gen:2> -> org.hibernate.loader.plan.build.internal.spaces.EntityQuerySpaceImpl@9e02f84]
20:24:24.224 [main] DEBUG org.hibernate.persister.walking.spi.MetamodelGraphWalker - Visiting attribute path : level
20:24:24.224 [main] DEBUG org.hibernate.persister.walking.spi.MetamodelGraphWalker - Visiting attribute path : name
20:24:24.224 [main] DEBUG org.hibernate.loader.plan.build.internal.FetchStyleLoadPlanBuildingAssociationVisitationStrategy - Building LoadPlan...
20:24:24.224 [main] DEBUG org.hibernate.loader.plan.exec.internal.LoadQueryJoinAndFetchProcessor - processing queryspace <gen:0>
20:24:24.224 [main] DEBUG org.hibernate.loader.plan.build.spi.LoadPlanTreePrinter - LoadPlan(entity=tau.mmo.domain.Player)
    - Returns
       - EntityReturnImpl(entity=tau.mmo.domain.Player, querySpaceUid=<gen:0>, path=tau.mmo.domain.Player)
          - CollectionAttributeFetchImpl(collection=tau.mmo.domain.Player.items, querySpaceUid=<gen:1>, path=tau.mmo.domain.Player.items)
             - (collection element) CollectionFetchableElementEntityGraph(entity=tau.mmo.domain.Item, querySpaceUid=<gen:2>, path=tau.mmo.domain.Player.items.<elements>)
    - QuerySpaces
       - EntityQuerySpaceImpl(uid=<gen:0>, entity=tau.mmo.domain.Player)
          - SQL table alias mapping - player0_
          - alias suffix - 0_
          - suffixed key columns - {id1_1_0_}

20:24:24.224 [main] DEBUG org.hibernate.loader.entity.plan.EntityLoader - Static select for entity tau.mmo.domain.Player [PESSIMISTIC_FORCE_INCREMENT]: select player0_.id as id1_1_0_, player0_.heroclass as heroclas2_1_0_, player0_.level as level3_1_0_, player0_.name as name4_1_0_ from player player0_ where player0_.id=? for update
20:24:24.224 [main] DEBUG org.hibernate.loader.plan.build.internal.spaces.QuerySpacesImpl - Adding QuerySpace : uid = <gen:0> -> org.hibernate.loader.plan.build.internal.spaces.EntityQuerySpaceImpl@1e6060f1]
20:24:24.224 [main] DEBUG org.hibernate.persister.walking.spi.MetamodelGraphWalker - Visiting attribute path : heroclass
20:24:24.224 [main] DEBUG org.hibernate.persister.walking.spi.MetamodelGraphWalker - Visiting attribute path : items
20:24:24.224 [main] DEBUG org.hibernate.loader.plan.build.internal.spaces.QuerySpacesImpl - Adding QuerySpace : uid = <gen:1> -> org.hibernate.loader.plan.build.internal.spaces.CollectionQuerySpaceImpl@2c6c302f]
20:24:24.225 [main] DEBUG org.hibernate.loader.plan.build.internal.spaces.QuerySpacesImpl - Adding QuerySpace : uid = <gen:2> -> org.hibernate.loader.plan.build.internal.spaces.EntityQuerySpaceImpl@2478b629]
20:24:24.225 [main] DEBUG org.hibernate.persister.walking.spi.MetamodelGraphWalker - Visiting attribute path : level
20:24:24.225 [main] DEBUG org.hibernate.persister.walking.spi.MetamodelGraphWalker - Visiting attribute path : name
20:24:24.225 [main] DEBUG org.hibernate.loader.plan.build.internal.FetchStyleLoadPlanBuildingAssociationVisitationStrategy - Building LoadPlan...
20:24:24.225 [main] DEBUG org.hibernate.loader.plan.exec.internal.LoadQueryJoinAndFetchProcessor - processing queryspace <gen:0>
20:24:24.225 [main] DEBUG org.hibernate.loader.plan.build.spi.LoadPlanTreePrinter - LoadPlan(entity=tau.mmo.domain.Player)
    - Returns
       - EntityReturnImpl(entity=tau.mmo.domain.Player, querySpaceUid=<gen:0>, path=tau.mmo.domain.Player)
          - CollectionAttributeFetchImpl(collection=tau.mmo.domain.Player.items, querySpaceUid=<gen:1>, path=tau.mmo.domain.Player.items)
             - (collection element) CollectionFetchableElementEntityGraph(entity=tau.mmo.domain.Item, querySpaceUid=<gen:2>, path=tau.mmo.domain.Player.items.<elements>)
    - QuerySpaces
       - EntityQuerySpaceImpl(uid=<gen:0>, entity=tau.mmo.domain.Player)
          - SQL table alias mapping - player0_
          - alias suffix - 0_
          - suffixed key columns - {id1_1_0_}

20:24:24.225 [main] DEBUG org.hibernate.loader.entity.plan.EntityLoader - Static select for entity tau.mmo.domain.Player [OPTIMISTIC]: select player0_.id as id1_1_0_, player0_.heroclass as heroclas2_1_0_, player0_.level as level3_1_0_, player0_.name as name4_1_0_ from player player0_ where player0_.id=?
20:24:24.225 [main] DEBUG org.hibernate.loader.plan.build.internal.spaces.QuerySpacesImpl - Adding QuerySpace : uid = <gen:0> -> org.hibernate.loader.plan.build.internal.spaces.EntityQuerySpaceImpl@39023dbf]
20:24:24.225 [main] DEBUG org.hibernate.persister.walking.spi.MetamodelGraphWalker - Visiting attribute path : heroclass
20:24:24.225 [main] DEBUG org.hibernate.persister.walking.spi.MetamodelGraphWalker - Visiting attribute path : items
20:24:24.225 [main] DEBUG org.hibernate.loader.plan.build.internal.spaces.QuerySpacesImpl - Adding QuerySpace : uid = <gen:1> -> org.hibernate.loader.plan.build.internal.spaces.CollectionQuerySpaceImpl@570a62a5]
20:24:24.225 [main] DEBUG org.hibernate.loader.plan.build.internal.spaces.QuerySpacesImpl - Adding QuerySpace : uid = <gen:2> -> org.hibernate.loader.plan.build.internal.spaces.EntityQuerySpaceImpl@36224f93]
20:24:24.225 [main] DEBUG org.hibernate.persister.walking.spi.MetamodelGraphWalker - Visiting attribute path : level
20:24:24.225 [main] DEBUG org.hibernate.persister.walking.spi.MetamodelGraphWalker - Visiting attribute path : name
20:24:24.226 [main] DEBUG org.hibernate.loader.plan.build.internal.FetchStyleLoadPlanBuildingAssociationVisitationStrategy - Building LoadPlan...
20:24:24.226 [main] DEBUG org.hibernate.loader.plan.exec.internal.LoadQueryJoinAndFetchProcessor - processing queryspace <gen:0>
20:24:24.226 [main] DEBUG org.hibernate.loader.plan.build.spi.LoadPlanTreePrinter - LoadPlan(entity=tau.mmo.domain.Player)
    - Returns
       - EntityReturnImpl(entity=tau.mmo.domain.Player, querySpaceUid=<gen:0>, path=tau.mmo.domain.Player)
          - CollectionAttributeFetchImpl(collection=tau.mmo.domain.Player.items, querySpaceUid=<gen:1>, path=tau.mmo.domain.Player.items)
             - (collection element) CollectionFetchableElementEntityGraph(entity=tau.mmo.domain.Item, querySpaceUid=<gen:2>, path=tau.mmo.domain.Player.items.<elements>)
    - QuerySpaces
       - EntityQuerySpaceImpl(uid=<gen:0>, entity=tau.mmo.domain.Player)
          - SQL table alias mapping - player0_
          - alias suffix - 0_
          - suffixed key columns - {id1_1_0_}

20:24:24.226 [main] DEBUG org.hibernate.loader.entity.plan.EntityLoader - Static select for entity tau.mmo.domain.Player [OPTIMISTIC_FORCE_INCREMENT]: select player0_.id as id1_1_0_, player0_.heroclass as heroclas2_1_0_, player0_.level as level3_1_0_, player0_.name as name4_1_0_ from player player0_ where player0_.id=?
20:24:24.226 [main] DEBUG org.hibernate.loader.Loader - Static select for action ACTION_MERGE on entity tau.mmo.domain.Player: select player0_.id as id1_1_0_, player0_.heroclass as heroclas2_1_0_, player0_.level as level3_1_0_, player0_.name as name4_1_0_ from player player0_ where player0_.id=?
20:24:24.226 [main] DEBUG org.hibernate.loader.Loader - Static select for action ACTION_REFRESH on entity tau.mmo.domain.Player: select player0_.id as id1_1_0_, player0_.heroclass as heroclas2_1_0_, player0_.level as level3_1_0_, player0_.name as name4_1_0_ from player player0_ where player0_.id=?
20:24:24.233 [main] DEBUG org.hibernate.loader.plan.build.internal.spaces.QuerySpacesImpl - Adding QuerySpace : uid = <gen:0> -> org.hibernate.loader.plan.build.internal.spaces.CollectionQuerySpaceImpl@3b088163]
20:24:24.234 [main] DEBUG org.hibernate.loader.plan.build.internal.spaces.QuerySpacesImpl - Adding QuerySpace : uid = <gen:1> -> org.hibernate.loader.plan.build.internal.spaces.EntityQuerySpaceImpl@75882261]
20:24:24.234 [main] DEBUG org.hibernate.persister.walking.spi.MetamodelGraphWalker - Visiting attribute path : itemclass
20:24:24.234 [main] DEBUG org.hibernate.persister.walking.spi.MetamodelGraphWalker - Visiting attribute path : levelreq
20:24:24.234 [main] DEBUG org.hibernate.persister.walking.spi.MetamodelGraphWalker - Visiting attribute path : name
20:24:24.234 [main] DEBUG org.hibernate.persister.walking.spi.MetamodelGraphWalker - Visiting attribute path : player
20:24:24.234 [main] DEBUG org.hibernate.persister.walking.spi.MetamodelGraphWalker - Property path deemed to be circular : player
20:24:24.234 [main] DEBUG org.hibernate.loader.plan.build.internal.FetchStyleLoadPlanBuildingAssociationVisitationStrategy - Building LoadPlan...
20:24:24.235 [main] DEBUG org.hibernate.loader.plan.exec.internal.LoadQueryJoinAndFetchProcessor - processing queryspace <gen:0>
20:24:24.235 [main] DEBUG org.hibernate.loader.plan.build.spi.LoadPlanTreePrinter - LoadPlan(collection=tau.mmo.domain.Player.items)
    - Returns
       - CollectionReturnImpl(collection=tau.mmo.domain.Player.items, querySpaceUid=<gen:0>, path=[tau.mmo.domain.Player.items])
          - (collection element) CollectionFetchableElementEntityGraph(entity=tau.mmo.domain.Item, querySpaceUid=<gen:1>, path=[tau.mmo.domain.Player.items].<elements>)
    - QuerySpaces
       - CollectionQuerySpaceImpl(uid=<gen:0>, collection=tau.mmo.domain.Player.items)
          - SQL table alias mapping - items0_
          - alias suffix - 0_
          - suffixed key columns - {player_i5_0_0_}
          - entity-element alias suffix - 1_
          - 1_entity-element suffixed key columns - id1_0_1_
          - JOIN (JoinDefinedByMetadata(elements)) : <gen:0> -> <gen:1>
             - EntityQuerySpaceImpl(uid=<gen:1>, entity=tau.mmo.domain.Item)
                - SQL table alias mapping - items0_
                - alias suffix - 1_
                - suffixed key columns - {id1_0_1_}

20:24:24.236 [main] DEBUG org.hibernate.loader.collection.plan.CollectionLoader - Static select for collection tau.mmo.domain.Player.items: select items0_.player_id as player_i5_0_0_, items0_.id as id1_0_0_, items0_.id as id1_0_1_, items0_.itemclass as itemclas2_0_1_, items0_.levelreq as levelreq3_0_1_, items0_.name as name4_0_1_, items0_.player_id as player_i5_0_1_ from item items0_ where items0_.player_id=?
20:24:24.236 [main] DEBUG org.hibernate.internal.SessionFactoryImpl - Instantiated session factory
20:24:24.246 [main] DEBUG org.springframework.jdbc.datasource.DriverManagerDataSource - Creating new JDBC DriverManager Connection to [jdbc:hsqldb:hsql://localhost/workdb]
20:24:24.248 [main] DEBUG org.hibernate.engine.jdbc.spi.SqlExceptionHelper - Unable to open JDBC Connection for DDL execution [n/a]
java.sql.SQLTransientConnectionException: java.net.ConnectException: Połączenie odrzucone (Connection refused)
	at org.hsqldb.jdbc.JDBCUtil.sqlException(Unknown Source)
	at org.hsqldb.jdbc.JDBCUtil.sqlException(Unknown Source)
	at org.hsqldb.jdbc.JDBCConnection.<init>(Unknown Source)
	at org.hsqldb.jdbc.JDBCDriver.getConnection(Unknown Source)
	at org.hsqldb.jdbc.JDBCDriver.connect(Unknown Source)
	at java.sql/java.sql.DriverManager.getConnection(DriverManager.java:677)
	at java.sql/java.sql.DriverManager.getConnection(DriverManager.java:189)
	at org.springframework.jdbc.datasource.DriverManagerDataSource.getConnectionFromDriverManager(DriverManagerDataSource.java:154)
	at org.springframework.jdbc.datasource.DriverManagerDataSource.getConnectionFromDriver(DriverManagerDataSource.java:145)
	at org.springframework.jdbc.datasource.AbstractDriverBasedDataSource.getConnectionFromDriver(AbstractDriverBasedDataSource.java:205)
	at org.springframework.jdbc.datasource.AbstractDriverBasedDataSource.getConnection(AbstractDriverBasedDataSource.java:169)
	at org.hibernate.engine.jdbc.connections.internal.DatasourceConnectionProviderImpl.getConnection(DatasourceConnectionProviderImpl.java:122)
	at org.hibernate.engine.jdbc.env.internal.JdbcEnvironmentInitiator$ConnectionProviderJdbcConnectionAccess.obtainConnection(JdbcEnvironmentInitiator.java:180)
	at org.hibernate.resource.transaction.backend.jdbc.internal.DdlTransactionIsolatorNonJtaImpl.getIsolatedConnection(DdlTransactionIsolatorNonJtaImpl.java:43)
	at org.hibernate.tool.schema.internal.exec.ImprovedExtractionContextImpl.getJdbcConnection(ImprovedExtractionContextImpl.java:60)
	at org.hibernate.tool.schema.extract.internal.SequenceInformationExtractorLegacyImpl.extractMetadata(SequenceInformationExtractorLegacyImpl.java:40)
	at org.hibernate.tool.schema.extract.internal.DatabaseInformationImpl.initializeSequences(DatabaseInformationImpl.java:65)
	at org.hibernate.tool.schema.extract.internal.DatabaseInformationImpl.<init>(DatabaseInformationImpl.java:59)
	at org.hibernate.tool.schema.internal.Helper.buildDatabaseInformation(Helper.java:130)
	at org.hibernate.tool.schema.internal.AbstractSchemaMigrator.doMigration(AbstractSchemaMigrator.java:92)
	at org.hibernate.tool.schema.spi.SchemaManagementToolCoordinator.performDatabaseAction(SchemaManagementToolCoordinator.java:176)
	at org.hibernate.tool.schema.spi.SchemaManagementToolCoordinator.process(SchemaManagementToolCoordinator.java:65)
	at org.hibernate.internal.SessionFactoryImpl.<init>(SessionFactoryImpl.java:459)
	at org.hibernate.boot.internal.SessionFactoryBuilderImpl.build(SessionFactoryBuilderImpl.java:465)
	at org.hibernate.cfg.Configuration.buildSessionFactory(Configuration.java:711)
	at org.hibernate.cfg.Configuration.buildSessionFactory(Configuration.java:727)
	at org.springframework.orm.hibernate5.LocalSessionFactoryBean.buildSessionFactory(LocalSessionFactoryBean.java:615)
	at org.springframework.orm.hibernate5.LocalSessionFactoryBean.afterPropertiesSet(LocalSessionFactoryBean.java:599)
	at org.springframework.beans.factory.support.AbstractAutowireCapableBeanFactory.invokeInitMethods(AbstractAutowireCapableBeanFactory.java:1837)
	at org.springframework.beans.factory.support.AbstractAutowireCapableBeanFactory.initializeBean(AbstractAutowireCapableBeanFactory.java:1774)
	at org.springframework.beans.factory.support.AbstractAutowireCapableBeanFactory.doCreateBean(AbstractAutowireCapableBeanFactory.java:593)
	at org.springframework.beans.factory.support.AbstractAutowireCapableBeanFactory.createBean(AbstractAutowireCapableBeanFactory.java:515)
	at org.springframework.beans.factory.support.AbstractBeanFactory.lambda$doGetBean$0(AbstractBeanFactory.java:320)
	at org.springframework.beans.factory.support.DefaultSingletonBeanRegistry.getSingleton(DefaultSingletonBeanRegistry.java:222)
	at org.springframework.beans.factory.support.AbstractBeanFactory.doGetBean(AbstractBeanFactory.java:318)
	at org.springframework.beans.factory.support.AbstractBeanFactory.getBean(AbstractBeanFactory.java:199)
	at org.springframework.beans.factory.config.DependencyDescriptor.resolveCandidate(DependencyDescriptor.java:277)
	at org.springframework.beans.factory.support.DefaultListableBeanFactory.doResolveDependency(DefaultListableBeanFactory.java:1247)
	at org.springframework.beans.factory.support.DefaultListableBeanFactory.resolveDependency(DefaultListableBeanFactory.java:1167)
	at org.springframework.beans.factory.annotation.AutowiredAnnotationBeanPostProcessor$AutowiredFieldElement.inject(AutowiredAnnotationBeanPostProcessor.java:593)
	at org.springframework.beans.factory.annotation.InjectionMetadata.inject(InjectionMetadata.java:90)
	at org.springframework.beans.factory.annotation.AutowiredAnnotationBeanPostProcessor.postProcessProperties(AutowiredAnnotationBeanPostProcessor.java:374)
	at org.springframework.beans.factory.support.AbstractAutowireCapableBeanFactory.populateBean(AbstractAutowireCapableBeanFactory.java:1411)
	at org.springframework.beans.factory.support.AbstractAutowireCapableBeanFactory.doCreateBean(AbstractAutowireCapableBeanFactory.java:592)
	at org.springframework.beans.factory.support.AbstractAutowireCapableBeanFactory.createBean(AbstractAutowireCapableBeanFactory.java:515)
	at org.springframework.beans.factory.support.AbstractBeanFactory.lambda$doGetBean$0(AbstractBeanFactory.java:320)
	at org.springframework.beans.factory.support.DefaultSingletonBeanRegistry.getSingleton(DefaultSingletonBeanRegistry.java:222)
	at org.springframework.beans.factory.support.AbstractBeanFactory.doGetBean(AbstractBeanFactory.java:318)
	at org.springframework.beans.factory.support.AbstractBeanFactory.getBean(AbstractBeanFactory.java:199)
	at org.springframework.beans.factory.config.DependencyDescriptor.resolveCandidate(DependencyDescriptor.java:277)
	at org.springframework.beans.factory.support.DefaultListableBeanFactory.doResolveDependency(DefaultListableBeanFactory.java:1247)
	at org.springframework.beans.factory.support.DefaultListableBeanFactory.resolveDependency(DefaultListableBeanFactory.java:1167)
	at org.springframework.beans.factory.annotation.AutowiredAnnotationBeanPostProcessor$AutowiredFieldElement.inject(AutowiredAnnotationBeanPostProcessor.java:593)
	at org.springframework.beans.factory.annotation.InjectionMetadata.inject(InjectionMetadata.java:90)
	at org.springframework.beans.factory.annotation.AutowiredAnnotationBeanPostProcessor.postProcessProperties(AutowiredAnnotationBeanPostProcessor.java:374)
	at org.springframework.beans.factory.support.AbstractAutowireCapableBeanFactory.populateBean(AbstractAutowireCapableBeanFactory.java:1411)
	at org.springframework.beans.factory.support.AbstractAutowireCapableBeanFactory.doCreateBean(AbstractAutowireCapableBeanFactory.java:592)
	at org.springframework.beans.factory.support.AbstractAutowireCapableBeanFactory.createBean(AbstractAutowireCapableBeanFactory.java:515)
	at org.springframework.beans.factory.support.AbstractBeanFactory.lambda$doGetBean$0(AbstractBeanFactory.java:320)
	at org.springframework.beans.factory.support.DefaultSingletonBeanRegistry.getSingleton(DefaultSingletonBeanRegistry.java:222)
	at org.springframework.beans.factory.support.AbstractBeanFactory.doGetBean(AbstractBeanFactory.java:318)
	at org.springframework.beans.factory.support.AbstractBeanFactory.getBean(AbstractBeanFactory.java:199)
	at org.springframework.beans.factory.support.DefaultListableBeanFactory.preInstantiateSingletons(DefaultListableBeanFactory.java:849)
	at org.springframework.context.support.AbstractApplicationContext.finishBeanFactoryInitialization(AbstractApplicationContext.java:877)
	at org.springframework.context.support.AbstractApplicationContext.refresh(AbstractApplicationContext.java:549)
	at org.springframework.test.context.support.AbstractGenericContextLoader.loadContext(AbstractGenericContextLoader.java:128)
	at org.springframework.test.context.support.AbstractGenericContextLoader.loadContext(AbstractGenericContextLoader.java:60)
	at org.springframework.test.context.support.AbstractDelegatingSmartContextLoader.delegateLoading(AbstractDelegatingSmartContextLoader.java:275)
	at org.springframework.test.context.support.AbstractDelegatingSmartContextLoader.loadContext(AbstractDelegatingSmartContextLoader.java:243)
	at org.springframework.test.context.cache.DefaultCacheAwareContextLoaderDelegate.loadContextInternal(DefaultCacheAwareContextLoaderDelegate.java:99)
	at org.springframework.test.context.cache.DefaultCacheAwareContextLoaderDelegate.loadContext(DefaultCacheAwareContextLoaderDelegate.java:117)
	at org.springframework.test.context.support.DefaultTestContext.getApplicationContext(DefaultTestContext.java:108)
	at org.springframework.test.context.support.DependencyInjectionTestExecutionListener.injectDependencies(DependencyInjectionTestExecutionListener.java:118)
	at org.springframework.test.context.support.DependencyInjectionTestExecutionListener.prepareTestInstance(DependencyInjectionTestExecutionListener.java:83)
	at org.springframework.test.context.TestContextManager.prepareTestInstance(TestContextManager.java:246)
	at org.springframework.test.context.junit4.SpringJUnit4ClassRunner.createTest(SpringJUnit4ClassRunner.java:227)
	at org.springframework.test.context.junit4.SpringJUnit4ClassRunner$1.runReflectiveCall(SpringJUnit4ClassRunner.java:289)
	at org.junit.internal.runners.model.ReflectiveCallable.run(ReflectiveCallable.java:12)
	at org.springframework.test.context.junit4.SpringJUnit4ClassRunner.methodBlock(SpringJUnit4ClassRunner.java:291)
	at org.springframework.test.context.junit4.SpringJUnit4ClassRunner.runChild(SpringJUnit4ClassRunner.java:246)
	at org.springframework.test.context.junit4.SpringJUnit4ClassRunner.runChild(SpringJUnit4ClassRunner.java:97)
	at org.junit.runners.ParentRunner$3.run(ParentRunner.java:290)
	at org.junit.runners.ParentRunner$1.schedule(ParentRunner.java:71)
	at org.junit.runners.ParentRunner.runChildren(ParentRunner.java:288)
	at org.junit.runners.ParentRunner.access$000(ParentRunner.java:58)
	at org.junit.runners.ParentRunner$2.evaluate(ParentRunner.java:268)
	at org.springframework.test.context.junit4.statements.RunBeforeTestClassCallbacks.evaluate(RunBeforeTestClassCallbacks.java:61)
	at org.springframework.test.context.junit4.statements.RunAfterTestClassCallbacks.evaluate(RunAfterTestClassCallbacks.java:70)
	at org.junit.runners.ParentRunner.run(ParentRunner.java:363)
	at org.springframework.test.context.junit4.SpringJUnit4ClassRunner.run(SpringJUnit4ClassRunner.java:190)
	at org.apache.maven.surefire.junit4.JUnit4Provider.execute(JUnit4Provider.java:365)
	at org.apache.maven.surefire.junit4.JUnit4Provider.executeWithRerun(JUnit4Provider.java:273)
	at org.apache.maven.surefire.junit4.JUnit4Provider.executeTestSet(JUnit4Provider.java:238)
	at org.apache.maven.surefire.junit4.JUnit4Provider.invoke(JUnit4Provider.java:159)
	at org.apache.maven.surefire.booter.ForkedBooter.invokeProviderInSameClassLoader(ForkedBooter.java:384)
	at org.apache.maven.surefire.booter.ForkedBooter.runSuitesInProcess(ForkedBooter.java:345)
	at org.apache.maven.surefire.booter.ForkedBooter.execute(ForkedBooter.java:126)
	at org.apache.maven.surefire.booter.ForkedBooter.main(ForkedBooter.java:418)
Caused by: org.hsqldb.HsqlException: java.net.ConnectException: Połączenie odrzucone (Connection refused)
	at org.hsqldb.ClientConnection.openConnection(Unknown Source)
	at org.hsqldb.ClientConnection.initConnection(Unknown Source)
	at org.hsqldb.ClientConnection.<init>(Unknown Source)
	... 96 common frames omitted
Caused by: java.net.ConnectException: Połączenie odrzucone (Connection refused)
	at java.base/java.net.PlainSocketImpl.socketConnect(Native Method)
	at java.base/java.net.AbstractPlainSocketImpl.doConnect(AbstractPlainSocketImpl.java:399)
	at java.base/java.net.AbstractPlainSocketImpl.connectToAddress(AbstractPlainSocketImpl.java:242)
	at java.base/java.net.AbstractPlainSocketImpl.connect(AbstractPlainSocketImpl.java:224)
	at java.base/java.net.SocksSocketImpl.connect(SocksSocketImpl.java:403)
	at java.base/java.net.Socket.connect(Socket.java:591)
	at java.base/java.net.Socket.connect(Socket.java:540)
	at java.base/java.net.Socket.<init>(Socket.java:436)
	at java.base/java.net.Socket.<init>(Socket.java:213)
	at org.hsqldb.server.HsqlSocketFactory.createSocket(Unknown Source)
	... 99 common frames omitted
20:24:24.249 [main] WARN org.hibernate.engine.jdbc.spi.SqlExceptionHelper - SQL Error: -1301, SQLState: 08001
20:24:24.249 [main] ERROR org.hibernate.engine.jdbc.spi.SqlExceptionHelper - java.net.ConnectException: Połączenie odrzucone (Connection refused)
20:24:24.249 [main] WARN org.springframework.context.support.GenericApplicationContext - Exception encountered during context initialization - cancelling refresh attempt: org.springframework.beans.factory.UnsatisfiedDependencyException: Error creating bean with name 'playerController': Unsatisfied dependency expressed through field 'playerManager'; nested exception is org.springframework.beans.factory.UnsatisfiedDependencyException: Error creating bean with name 'playerManagerHibernateImpl': Unsatisfied dependency expressed through field 'sessionFactory'; nested exception is org.springframework.beans.factory.BeanCreationException: Error creating bean with name 'hibernateSessionFactory' defined in class path resource [beans.xml]: Invocation of init method failed; nested exception is org.hibernate.exception.JDBCConnectionException: Unable to open JDBC Connection for DDL execution
20:24:24.251 [main] ERROR org.springframework.test.context.TestContextManager - Caught exception while allowing TestExecutionListener [org.springframework.test.context.support.DependencyInjectionTestExecutionListener@6a400542] to prepare test instance [tau.mmo.service.PlayerManagerTest@1ab3a8c8]
java.lang.IllegalStateException: Failed to load ApplicationContext
	at org.springframework.test.context.cache.DefaultCacheAwareContextLoaderDelegate.loadContext(DefaultCacheAwareContextLoaderDelegate.java:125)
	at org.springframework.test.context.support.DefaultTestContext.getApplicationContext(DefaultTestContext.java:108)
	at org.springframework.test.context.support.DependencyInjectionTestExecutionListener.injectDependencies(DependencyInjectionTestExecutionListener.java:118)
	at org.springframework.test.context.support.DependencyInjectionTestExecutionListener.prepareTestInstance(DependencyInjectionTestExecutionListener.java:83)
	at org.springframework.test.context.TestContextManager.prepareTestInstance(TestContextManager.java:246)
	at org.springframework.test.context.junit4.SpringJUnit4ClassRunner.createTest(SpringJUnit4ClassRunner.java:227)
	at org.springframework.test.context.junit4.SpringJUnit4ClassRunner$1.runReflectiveCall(SpringJUnit4ClassRunner.java:289)
	at org.junit.internal.runners.model.ReflectiveCallable.run(ReflectiveCallable.java:12)
	at org.springframework.test.context.junit4.SpringJUnit4ClassRunner.methodBlock(SpringJUnit4ClassRunner.java:291)
	at org.springframework.test.context.junit4.SpringJUnit4ClassRunner.runChild(SpringJUnit4ClassRunner.java:246)
	at org.springframework.test.context.junit4.SpringJUnit4ClassRunner.runChild(SpringJUnit4ClassRunner.java:97)
	at org.junit.runners.ParentRunner$3.run(ParentRunner.java:290)
	at org.junit.runners.ParentRunner$1.schedule(ParentRunner.java:71)
	at org.junit.runners.ParentRunner.runChildren(ParentRunner.java:288)
	at org.junit.runners.ParentRunner.access$000(ParentRunner.java:58)
	at org.junit.runners.ParentRunner$2.evaluate(ParentRunner.java:268)
	at org.springframework.test.context.junit4.statements.RunBeforeTestClassCallbacks.evaluate(RunBeforeTestClassCallbacks.java:61)
	at org.springframework.test.context.junit4.statements.RunAfterTestClassCallbacks.evaluate(RunAfterTestClassCallbacks.java:70)
	at org.junit.runners.ParentRunner.run(ParentRunner.java:363)
	at org.springframework.test.context.junit4.SpringJUnit4ClassRunner.run(SpringJUnit4ClassRunner.java:190)
	at org.apache.maven.surefire.junit4.JUnit4Provider.execute(JUnit4Provider.java:365)
	at org.apache.maven.surefire.junit4.JUnit4Provider.executeWithRerun(JUnit4Provider.java:273)
	at org.apache.maven.surefire.junit4.JUnit4Provider.executeTestSet(JUnit4Provider.java:238)
	at org.apache.maven.surefire.junit4.JUnit4Provider.invoke(JUnit4Provider.java:159)
	at org.apache.maven.surefire.booter.ForkedBooter.invokeProviderInSameClassLoader(ForkedBooter.java:384)
	at org.apache.maven.surefire.booter.ForkedBooter.runSuitesInProcess(ForkedBooter.java:345)
	at org.apache.maven.surefire.booter.ForkedBooter.execute(ForkedBooter.java:126)
	at org.apache.maven.surefire.booter.ForkedBooter.main(ForkedBooter.java:418)
Caused by: org.springframework.beans.factory.UnsatisfiedDependencyException: Error creating bean with name 'playerController': Unsatisfied dependency expressed through field 'playerManager'; nested exception is org.springframework.beans.factory.UnsatisfiedDependencyException: Error creating bean with name 'playerManagerHibernateImpl': Unsatisfied dependency expressed through field 'sessionFactory'; nested exception is org.springframework.beans.factory.BeanCreationException: Error creating bean with name 'hibernateSessionFactory' defined in class path resource [beans.xml]: Invocation of init method failed; nested exception is org.hibernate.exception.JDBCConnectionException: Unable to open JDBC Connection for DDL execution
	at org.springframework.beans.factory.annotation.AutowiredAnnotationBeanPostProcessor$AutowiredFieldElement.inject(AutowiredAnnotationBeanPostProcessor.java:596)
	at org.springframework.beans.factory.annotation.InjectionMetadata.inject(InjectionMetadata.java:90)
	at org.springframework.beans.factory.annotation.AutowiredAnnotationBeanPostProcessor.postProcessProperties(AutowiredAnnotationBeanPostProcessor.java:374)
	at org.springframework.beans.factory.support.AbstractAutowireCapableBeanFactory.populateBean(AbstractAutowireCapableBeanFactory.java:1411)
	at org.springframework.beans.factory.support.AbstractAutowireCapableBeanFactory.doCreateBean(AbstractAutowireCapableBeanFactory.java:592)
	at org.springframework.beans.factory.support.AbstractAutowireCapableBeanFactory.createBean(AbstractAutowireCapableBeanFactory.java:515)
	at org.springframework.beans.factory.support.AbstractBeanFactory.lambda$doGetBean$0(AbstractBeanFactory.java:320)
	at org.springframework.beans.factory.support.DefaultSingletonBeanRegistry.getSingleton(DefaultSingletonBeanRegistry.java:222)
	at org.springframework.beans.factory.support.AbstractBeanFactory.doGetBean(AbstractBeanFactory.java:318)
	at org.springframework.beans.factory.support.AbstractBeanFactory.getBean(AbstractBeanFactory.java:199)
	at org.springframework.beans.factory.support.DefaultListableBeanFactory.preInstantiateSingletons(DefaultListableBeanFactory.java:849)
	at org.springframework.context.support.AbstractApplicationContext.finishBeanFactoryInitialization(AbstractApplicationContext.java:877)
	at org.springframework.context.support.AbstractApplicationContext.refresh(AbstractApplicationContext.java:549)
	at org.springframework.test.context.support.AbstractGenericContextLoader.loadContext(AbstractGenericContextLoader.java:128)
	at org.springframework.test.context.support.AbstractGenericContextLoader.loadContext(AbstractGenericContextLoader.java:60)
	at org.springframework.test.context.support.AbstractDelegatingSmartContextLoader.delegateLoading(AbstractDelegatingSmartContextLoader.java:275)
	at org.springframework.test.context.support.AbstractDelegatingSmartContextLoader.loadContext(AbstractDelegatingSmartContextLoader.java:243)
	at org.springframework.test.context.cache.DefaultCacheAwareContextLoaderDelegate.loadContextInternal(DefaultCacheAwareContextLoaderDelegate.java:99)
	at org.springframework.test.context.cache.DefaultCacheAwareContextLoaderDelegate.loadContext(DefaultCacheAwareContextLoaderDelegate.java:117)
	... 27 common frames omitted
Caused by: org.springframework.beans.factory.UnsatisfiedDependencyException: Error creating bean with name 'playerManagerHibernateImpl': Unsatisfied dependency expressed through field 'sessionFactory'; nested exception is org.springframework.beans.factory.BeanCreationException: Error creating bean with name 'hibernateSessionFactory' defined in class path resource [beans.xml]: Invocation of init method failed; nested exception is org.hibernate.exception.JDBCConnectionException: Unable to open JDBC Connection for DDL execution
	at org.springframework.beans.factory.annotation.AutowiredAnnotationBeanPostProcessor$AutowiredFieldElement.inject(AutowiredAnnotationBeanPostProcessor.java:596)
	at org.springframework.beans.factory.annotation.InjectionMetadata.inject(InjectionMetadata.java:90)
	at org.springframework.beans.factory.annotation.AutowiredAnnotationBeanPostProcessor.postProcessProperties(AutowiredAnnotationBeanPostProcessor.java:374)
	at org.springframework.beans.factory.support.AbstractAutowireCapableBeanFactory.populateBean(AbstractAutowireCapableBeanFactory.java:1411)
	at org.springframework.beans.factory.support.AbstractAutowireCapableBeanFactory.doCreateBean(AbstractAutowireCapableBeanFactory.java:592)
	at org.springframework.beans.factory.support.AbstractAutowireCapableBeanFactory.createBean(AbstractAutowireCapableBeanFactory.java:515)
	at org.springframework.beans.factory.support.AbstractBeanFactory.lambda$doGetBean$0(AbstractBeanFactory.java:320)
	at org.springframework.beans.factory.support.DefaultSingletonBeanRegistry.getSingleton(DefaultSingletonBeanRegistry.java:222)
	at org.springframework.beans.factory.support.AbstractBeanFactory.doGetBean(AbstractBeanFactory.java:318)
	at org.springframework.beans.factory.support.AbstractBeanFactory.getBean(AbstractBeanFactory.java:199)
	at org.springframework.beans.factory.config.DependencyDescriptor.resolveCandidate(DependencyDescriptor.java:277)
	at org.springframework.beans.factory.support.DefaultListableBeanFactory.doResolveDependency(DefaultListableBeanFactory.java:1247)
	at org.springframework.beans.factory.support.DefaultListableBeanFactory.resolveDependency(DefaultListableBeanFactory.java:1167)
	at org.springframework.beans.factory.annotation.AutowiredAnnotationBeanPostProcessor$AutowiredFieldElement.inject(AutowiredAnnotationBeanPostProcessor.java:593)
	... 45 common frames omitted
Caused by: org.springframework.beans.factory.BeanCreationException: Error creating bean with name 'hibernateSessionFactory' defined in class path resource [beans.xml]: Invocation of init method failed; nested exception is org.hibernate.exception.JDBCConnectionException: Unable to open JDBC Connection for DDL execution
	at org.springframework.beans.factory.support.AbstractAutowireCapableBeanFactory.initializeBean(AbstractAutowireCapableBeanFactory.java:1778)
	at org.springframework.beans.factory.support.AbstractAutowireCapableBeanFactory.doCreateBean(AbstractAutowireCapableBeanFactory.java:593)
	at org.springframework.beans.factory.support.AbstractAutowireCapableBeanFactory.createBean(AbstractAutowireCapableBeanFactory.java:515)
	at org.springframework.beans.factory.support.AbstractBeanFactory.lambda$doGetBean$0(AbstractBeanFactory.java:320)
	at org.springframework.beans.factory.support.DefaultSingletonBeanRegistry.getSingleton(DefaultSingletonBeanRegistry.java:222)
	at org.springframework.beans.factory.support.AbstractBeanFactory.doGetBean(AbstractBeanFactory.java:318)
	at org.springframework.beans.factory.support.AbstractBeanFactory.getBean(AbstractBeanFactory.java:199)
	at org.springframework.beans.factory.config.DependencyDescriptor.resolveCandidate(DependencyDescriptor.java:277)
	at org.springframework.beans.factory.support.DefaultListableBeanFactory.doResolveDependency(DefaultListableBeanFactory.java:1247)
	at org.springframework.beans.factory.support.DefaultListableBeanFactory.resolveDependency(DefaultListableBeanFactory.java:1167)
	at org.springframework.beans.factory.annotation.AutowiredAnnotationBeanPostProcessor$AutowiredFieldElement.inject(AutowiredAnnotationBeanPostProcessor.java:593)
	... 58 common frames omitted
Caused by: org.hibernate.exception.JDBCConnectionException: Unable to open JDBC Connection for DDL execution
	at org.hibernate.exception.internal.SQLExceptionTypeDelegate.convert(SQLExceptionTypeDelegate.java:48)
	at org.hibernate.exception.internal.StandardSQLExceptionConverter.convert(StandardSQLExceptionConverter.java:42)
	at org.hibernate.engine.jdbc.spi.SqlExceptionHelper.convert(SqlExceptionHelper.java:111)
	at org.hibernate.engine.jdbc.spi.SqlExceptionHelper.convert(SqlExceptionHelper.java:97)
	at org.hibernate.resource.transaction.backend.jdbc.internal.DdlTransactionIsolatorNonJtaImpl.getIsolatedConnection(DdlTransactionIsolatorNonJtaImpl.java:69)
	at org.hibernate.tool.schema.internal.exec.ImprovedExtractionContextImpl.getJdbcConnection(ImprovedExtractionContextImpl.java:60)
	at org.hibernate.tool.schema.extract.internal.SequenceInformationExtractorLegacyImpl.extractMetadata(SequenceInformationExtractorLegacyImpl.java:40)
	at org.hibernate.tool.schema.extract.internal.DatabaseInformationImpl.initializeSequences(DatabaseInformationImpl.java:65)
	at org.hibernate.tool.schema.extract.internal.DatabaseInformationImpl.<init>(DatabaseInformationImpl.java:59)
	at org.hibernate.tool.schema.internal.Helper.buildDatabaseInformation(Helper.java:130)
	at org.hibernate.tool.schema.internal.AbstractSchemaMigrator.doMigration(AbstractSchemaMigrator.java:92)
	at org.hibernate.tool.schema.spi.SchemaManagementToolCoordinator.performDatabaseAction(SchemaManagementToolCoordinator.java:176)
	at org.hibernate.tool.schema.spi.SchemaManagementToolCoordinator.process(SchemaManagementToolCoordinator.java:65)
	at org.hibernate.internal.SessionFactoryImpl.<init>(SessionFactoryImpl.java:459)
	at org.hibernate.boot.internal.SessionFactoryBuilderImpl.build(SessionFactoryBuilderImpl.java:465)
	at org.hibernate.cfg.Configuration.buildSessionFactory(Configuration.java:711)
	at org.hibernate.cfg.Configuration.buildSessionFactory(Configuration.java:727)
	at org.springframework.orm.hibernate5.LocalSessionFactoryBean.buildSessionFactory(LocalSessionFactoryBean.java:615)
	at org.springframework.orm.hibernate5.LocalSessionFactoryBean.afterPropertiesSet(LocalSessionFactoryBean.java:599)
	at org.springframework.beans.factory.support.AbstractAutowireCapableBeanFactory.invokeInitMethods(AbstractAutowireCapableBeanFactory.java:1837)
	at org.springframework.beans.factory.support.AbstractAutowireCapableBeanFactory.initializeBean(AbstractAutowireCapableBeanFactory.java:1774)
	... 68 common frames omitted
Caused by: java.sql.SQLTransientConnectionException: java.net.ConnectException: Połączenie odrzucone (Connection refused)
	at org.hsqldb.jdbc.JDBCUtil.sqlException(Unknown Source)
	at org.hsqldb.jdbc.JDBCUtil.sqlException(Unknown Source)
	at org.hsqldb.jdbc.JDBCConnection.<init>(Unknown Source)
	at org.hsqldb.jdbc.JDBCDriver.getConnection(Unknown Source)
	at org.hsqldb.jdbc.JDBCDriver.connect(Unknown Source)
	at java.sql/java.sql.DriverManager.getConnection(DriverManager.java:677)
	at java.sql/java.sql.DriverManager.getConnection(DriverManager.java:189)
	at org.springframework.jdbc.datasource.DriverManagerDataSource.getConnectionFromDriverManager(DriverManagerDataSource.java:154)
	at org.springframework.jdbc.datasource.DriverManagerDataSource.getConnectionFromDriver(DriverManagerDataSource.java:145)
	at org.springframework.jdbc.datasource.AbstractDriverBasedDataSource.getConnectionFromDriver(AbstractDriverBasedDataSource.java:205)
	at org.springframework.jdbc.datasource.AbstractDriverBasedDataSource.getConnection(AbstractDriverBasedDataSource.java:169)
	at org.hibernate.engine.jdbc.connections.internal.DatasourceConnectionProviderImpl.getConnection(DatasourceConnectionProviderImpl.java:122)
	at org.hibernate.engine.jdbc.env.internal.JdbcEnvironmentInitiator$ConnectionProviderJdbcConnectionAccess.obtainConnection(JdbcEnvironmentInitiator.java:180)
	at org.hibernate.resource.transaction.backend.jdbc.internal.DdlTransactionIsolatorNonJtaImpl.getIsolatedConnection(DdlTransactionIsolatorNonJtaImpl.java:43)
	... 84 common frames omitted
Caused by: org.hsqldb.HsqlException: java.net.ConnectException: Połączenie odrzucone (Connection refused)
	at org.hsqldb.ClientConnection.openConnection(Unknown Source)
	at org.hsqldb.ClientConnection.initConnection(Unknown Source)
	at org.hsqldb.ClientConnection.<init>(Unknown Source)
	... 96 common frames omitted
Caused by: java.net.ConnectException: Połączenie odrzucone (Connection refused)
	at java.base/java.net.PlainSocketImpl.socketConnect(Native Method)
	at java.base/java.net.AbstractPlainSocketImpl.doConnect(AbstractPlainSocketImpl.java:399)
	at java.base/java.net.AbstractPlainSocketImpl.connectToAddress(AbstractPlainSocketImpl.java:242)
	at java.base/java.net.AbstractPlainSocketImpl.connect(AbstractPlainSocketImpl.java:224)
	at java.base/java.net.SocksSocketImpl.connect(SocksSocketImpl.java:403)
	at java.base/java.net.Socket.connect(Socket.java:591)
	at java.base/java.net.Socket.connect(Socket.java:540)
	at java.base/java.net.Socket.<init>(Socket.java:436)
	at java.base/java.net.Socket.<init>(Socket.java:213)
	at org.hsqldb.server.HsqlSocketFactory.createSocket(Unknown Source)
	... 99 common frames omitted
]]></system-out>
  </testcase>
  <testcase name="getAllPlayersTest" classname="tau.mmo.service.PlayerManagerTest" time="0.001">
    <error message="Failed to load ApplicationContext" type="java.lang.IllegalStateException">java.lang.IllegalStateException: Failed to load ApplicationContext
Caused by: org.springframework.beans.factory.UnsatisfiedDependencyException: Error creating bean with name 'playerController': Unsatisfied dependency expressed through field 'playerManager'; nested exception is org.springframework.beans.factory.UnsatisfiedDependencyException: Error creating bean with name 'playerManagerHibernateImpl': Unsatisfied dependency expressed through field 'sessionFactory'; nested exception is org.springframework.beans.factory.BeanCreationException: Error creating bean with name 'hibernateSessionFactory' defined in class path resource [beans.xml]: Invocation of init method failed; nested exception is org.hibernate.exception.JDBCConnectionException: Unable to open JDBC Connection for DDL execution
Caused by: org.springframework.beans.factory.UnsatisfiedDependencyException: Error creating bean with name 'playerManagerHibernateImpl': Unsatisfied dependency expressed through field 'sessionFactory'; nested exception is org.springframework.beans.factory.BeanCreationException: Error creating bean with name 'hibernateSessionFactory' defined in class path resource [beans.xml]: Invocation of init method failed; nested exception is org.hibernate.exception.JDBCConnectionException: Unable to open JDBC Connection for DDL execution
Caused by: org.springframework.beans.factory.BeanCreationException: Error creating bean with name 'hibernateSessionFactory' defined in class path resource [beans.xml]: Invocation of init method failed; nested exception is org.hibernate.exception.JDBCConnectionException: Unable to open JDBC Connection for DDL execution
Caused by: org.hibernate.exception.JDBCConnectionException: Unable to open JDBC Connection for DDL execution
Caused by: java.sql.SQLTransientConnectionException: java.net.ConnectException: Połączenie odrzucone (Connection refused)
Caused by: org.hsqldb.HsqlException: java.net.ConnectException: Połączenie odrzucone (Connection refused)
Caused by: java.net.ConnectException: Połączenie odrzucone (Connection refused)
</error>
    <system-out><![CDATA[20:24:24.257 [main] DEBUG org.springframework.test.annotation.ProfileValueUtils - Retrieved @ProfileValueSourceConfiguration [null] for test class [tau.mmo.service.PlayerManagerTest]
20:24:24.257 [main] DEBUG org.springframework.test.annotation.ProfileValueUtils - Retrieved ProfileValueSource type [class org.springframework.test.annotation.SystemProfileValueSource] for class [tau.mmo.service.PlayerManagerTest]
20:24:24.258 [main] DEBUG org.springframework.test.context.support.DependencyInjectionTestExecutionListener - Performing dependency injection for test context [[DefaultTestContext@7ed7259e testClass = PlayerManagerTest, testInstance = tau.mmo.service.PlayerManagerTest@3a4a5f3c, testMethod = [null], testException = [null], mergedContextConfiguration = [MergedContextConfiguration@28eaa59a testClass = PlayerManagerTest, locations = '{classpath:/beans.xml}', classes = '{}', contextInitializerClasses = '[]', activeProfiles = '{}', propertySourceLocations = '{}', propertySourceProperties = '{}', contextCustomizers = set[org.springframework.boot.test.context.filter.ExcludeFilterContextCustomizer@6b4a4e18, org.springframework.boot.test.json.DuplicateJsonObjectContextCustomizerFactory$DuplicateJsonObjectContextCustomizer@402e37bc, org.springframework.boot.test.mock.mockito.MockitoContextCustomizer@0, org.springframework.boot.test.autoconfigure.properties.PropertyMappingContextCustomizer@0, org.springframework.boot.test.autoconfigure.web.servlet.WebDriverContextCustomizerFactory$Customizer@6973bf95], contextLoader = 'org.springframework.test.context.support.DelegatingSmartContextLoader', parent = [null]], attributes = map[[empty]]]].
20:24:24.258 [main] DEBUG org.springframework.test.context.support.AbstractDelegatingSmartContextLoader - Delegating to GenericXmlContextLoader to load context from [MergedContextConfiguration@28eaa59a testClass = PlayerManagerTest, locations = '{classpath:/beans.xml}', classes = '{}', contextInitializerClasses = '[]', activeProfiles = '{}', propertySourceLocations = '{}', propertySourceProperties = '{}', contextCustomizers = set[org.springframework.boot.test.context.filter.ExcludeFilterContextCustomizer@6b4a4e18, org.springframework.boot.test.json.DuplicateJsonObjectContextCustomizerFactory$DuplicateJsonObjectContextCustomizer@402e37bc, org.springframework.boot.test.mock.mockito.MockitoContextCustomizer@0, org.springframework.boot.test.autoconfigure.properties.PropertyMappingContextCustomizer@0, org.springframework.boot.test.autoconfigure.web.servlet.WebDriverContextCustomizerFactory$Customizer@6973bf95], contextLoader = 'org.springframework.test.context.support.DelegatingSmartContextLoader', parent = [null]].
20:24:24.258 [main] DEBUG org.springframework.test.context.support.AbstractGenericContextLoader - Loading ApplicationContext for merged context configuration [[MergedContextConfiguration@28eaa59a testClass = PlayerManagerTest, locations = '{classpath:/beans.xml}', classes = '{}', contextInitializerClasses = '[]', activeProfiles = '{}', propertySourceLocations = '{}', propertySourceProperties = '{}', contextCustomizers = set[org.springframework.boot.test.context.filter.ExcludeFilterContextCustomizer@6b4a4e18, org.springframework.boot.test.json.DuplicateJsonObjectContextCustomizerFactory$DuplicateJsonObjectContextCustomizer@402e37bc, org.springframework.boot.test.mock.mockito.MockitoContextCustomizer@0, org.springframework.boot.test.autoconfigure.properties.PropertyMappingContextCustomizer@0, org.springframework.boot.test.autoconfigure.web.servlet.WebDriverContextCustomizerFactory$Customizer@6973bf95], contextLoader = 'org.springframework.test.context.support.DelegatingSmartContextLoader', parent = [null]]].
20:24:24.258 [main] DEBUG org.springframework.core.env.StandardEnvironment - Activating profiles []
20:24:24.280 [main] DEBUG org.springframework.context.annotation.ClassPathBeanDefinitionScanner - Identified candidate component class: file [/home/whitewolf/tau/TAU-repozytorium/tau-mmo-jmeter/target/classes/tau/mmo/Application.class]
20:24:24.281 [main] DEBUG org.springframework.context.annotation.ClassPathBeanDefinitionScanner - Identified candidate component class: file [/home/whitewolf/tau/TAU-repozytorium/tau-mmo-jmeter/target/classes/tau/mmo/api/PlayerController.class]
20:24:24.282 [main] DEBUG org.springframework.context.annotation.ClassPathBeanDefinitionScanner - Identified candidate component class: file [/home/whitewolf/tau/TAU-repozytorium/tau-mmo-jmeter/target/classes/tau/mmo/service/PlayerManagerHibernateImpl.class]
20:24:24.283 [main] DEBUG org.springframework.beans.factory.xml.XmlBeanDefinitionReader - Loaded 12 bean definitions from class path resource [beans.xml]
20:24:24.284 [main] DEBUG org.springframework.context.support.GenericApplicationContext - Refreshing org.springframework.context.support.GenericApplicationContext@4f3356c0
20:24:24.284 [main] DEBUG org.springframework.beans.factory.support.DefaultListableBeanFactory - Creating shared instance of singleton bean 'org.springframework.context.annotation.internalConfigurationAnnotationProcessor'
20:24:24.288 [main] DEBUG org.springframework.context.annotation.ClassPathBeanDefinitionScanner - Identified candidate component class: file [/home/whitewolf/tau/TAU-repozytorium/tau-mmo-jmeter/target/classes/tau/mmo/api/PlayerController.class]
20:24:24.288 [main] DEBUG org.springframework.context.annotation.ClassPathBeanDefinitionScanner - Identified candidate component class: file [/home/whitewolf/tau/TAU-repozytorium/tau-mmo-jmeter/target/classes/tau/mmo/service/PlayerManagerHibernateImpl.class]
20:24:24.376 [main] DEBUG org.springframework.context.annotation.ClassPathBeanDefinitionScanner - Identified candidate component class: file [/home/whitewolf/tau/TAU-repozytorium/tau-mmo-jmeter/target/classes/tau/mmo/Application.class]
20:24:24.376 [main] DEBUG org.springframework.context.annotation.ClassPathBeanDefinitionScanner - Identified candidate component class: file [/home/whitewolf/tau/TAU-repozytorium/tau-mmo-jmeter/target/classes/tau/mmo/api/PlayerController.class]
20:24:24.376 [main] DEBUG org.springframework.context.annotation.ClassPathBeanDefinitionScanner - Identified candidate component class: file [/home/whitewolf/tau/TAU-repozytorium/tau-mmo-jmeter/target/classes/tau/mmo/service/PlayerManagerHibernateImpl.class]
20:24:24.377 [main] DEBUG org.springframework.beans.factory.xml.XmlBeanDefinitionReader - Loaded 0 bean definitions from class path resource [beans.xml]
20:24:24.378 [main] DEBUG org.springframework.beans.factory.support.DefaultListableBeanFactory - Creating shared instance of singleton bean 'org.springframework.boot.autoconfigure.condition.BeanTypeRegistry'
20:24:24.385 [main] INFO org.springframework.data.repository.config.RepositoryConfigurationDelegate - Bootstrapping Spring Data repositories in DEFAULT mode.
20:24:24.385 [main] DEBUG org.springframework.beans.factory.support.DefaultListableBeanFactory - Creating shared instance of singleton bean 'org.springframework.boot.autoconfigure.AutoConfigurationPackages'
20:24:24.386 [main] DEBUG org.springframework.boot.autoconfigure.AutoConfigurationPackages - @EnableAutoConfiguration was declared on a class in the package 'tau.mmo'. Automatic @Repository and @Entity scanning is enabled.
20:24:24.386 [main] DEBUG org.springframework.data.repository.config.RepositoryConfigurationDelegate - Scanning for repositories in packages tau.mmo.
20:24:24.387 [main] INFO org.springframework.data.repository.config.RepositoryConfigurationDelegate - Finished Spring Data repository scanning in 1ms. Found 0 repository interfaces.
20:24:24.400 [main] DEBUG org.springframework.beans.factory.support.DefaultListableBeanFactory - Creating shared instance of singleton bean 'propertySourcesPlaceholderConfigurer'
20:24:24.401 [main] DEBUG org.springframework.core.env.PropertySourcesPropertyResolver - Found key 'jdbc.driverClassName' in PropertySource 'class path resource [jdbc.properties]' with value of type String
20:24:24.401 [main] DEBUG org.springframework.core.env.PropertySourcesPropertyResolver - Found key 'jdbc.driverClassName' in PropertySource 'environmentProperties' with value of type String
20:24:24.401 [main] DEBUG org.springframework.core.env.PropertySourcesPropertyResolver - Found key 'jdbc.url' in PropertySource 'class path resource [jdbc.properties]' with value of type String
20:24:24.401 [main] DEBUG org.springframework.core.env.PropertySourcesPropertyResolver - Found key 'jdbc.url' in PropertySource 'environmentProperties' with value of type String
20:24:24.401 [main] DEBUG org.springframework.core.env.PropertySourcesPropertyResolver - Found key 'jdbc.username' in PropertySource 'class path resource [jdbc.properties]' with value of type String
20:24:24.401 [main] DEBUG org.springframework.core.env.PropertySourcesPropertyResolver - Found key 'jdbc.username' in PropertySource 'environmentProperties' with value of type String
20:24:24.401 [main] DEBUG org.springframework.core.env.PropertySourcesPropertyResolver - Found key 'jdbc.password' in PropertySource 'class path resource [jdbc.properties]' with value of type String
20:24:24.401 [main] DEBUG org.springframework.core.env.PropertySourcesPropertyResolver - Found key 'jdbc.password' in PropertySource 'environmentProperties' with value of type String
20:24:24.401 [main] DEBUG org.springframework.beans.factory.support.DefaultListableBeanFactory - Creating shared instance of singleton bean 'org.springframework.boot.test.mock.mockito.MockitoPostProcessor'
20:24:24.402 [main] DEBUG org.springframework.beans.factory.support.DefaultListableBeanFactory - Creating shared instance of singleton bean 'emBeanDefinitionRegistrarPostProcessor'
20:24:24.404 [main] DEBUG org.springframework.beans.factory.support.DefaultListableBeanFactory - Creating shared instance of singleton bean 'org.springframework.context.event.internalEventListenerProcessor'
20:24:24.404 [main] DEBUG org.springframework.beans.factory.support.DefaultListableBeanFactory - Creating shared instance of singleton bean 'org.springframework.boot.context.properties.ConfigurationBeanFactoryMetadata'
20:24:24.405 [main] DEBUG org.springframework.beans.factory.support.DefaultListableBeanFactory - Creating shared instance of singleton bean 'org.springframework.context.event.internalEventListenerFactory'
20:24:24.405 [main] DEBUG org.springframework.beans.factory.support.DefaultListableBeanFactory - Creating shared instance of singleton bean 'org.springframework.transaction.config.internalTransactionalEventListenerFactory'
20:24:24.406 [main] DEBUG org.springframework.beans.factory.support.DefaultListableBeanFactory - Creating shared instance of singleton bean 'org.springframework.context.annotation.internalAutowiredAnnotationProcessor'
20:24:24.407 [main] DEBUG org.springframework.beans.factory.support.DefaultListableBeanFactory - Creating shared instance of singleton bean 'org.springframework.context.annotation.internalCommonAnnotationProcessor'
20:24:24.407 [main] DEBUG org.springframework.beans.factory.support.DefaultListableBeanFactory - Creating shared instance of singleton bean 'org.springframework.context.annotation.internalPersistenceAnnotationProcessor'
20:24:24.407 [main] DEBUG org.springframework.beans.factory.support.DefaultListableBeanFactory - Creating shared instance of singleton bean 'org.springframework.boot.test.mock.mockito.MockitoPostProcessor$SpyPostProcessor'
20:24:24.407 [main] DEBUG org.springframework.beans.factory.support.DefaultListableBeanFactory - Creating shared instance of singleton bean 'org.springframework.boot.context.properties.ConfigurationPropertiesBindingPostProcessor'
20:24:24.407 [main] DEBUG org.springframework.beans.factory.support.DefaultListableBeanFactory - Creating shared instance of singleton bean 'methodValidationPostProcessor'
20:24:24.408 [main] DEBUG org.springframework.beans.factory.support.DefaultListableBeanFactory - Autowiring by type from bean name 'methodValidationPostProcessor' via factory method to bean named 'environment'
20:24:24.409 [main] DEBUG org.springframework.beans.factory.support.DefaultListableBeanFactory - Creating shared instance of singleton bean 'org.springframework.aop.config.internalAutoProxyCreator'
20:24:24.410 [main] DEBUG org.springframework.beans.factory.support.DefaultListableBeanFactory - Creating shared instance of singleton bean 'dataSourceInitializerPostProcessor'
20:24:24.411 [main] DEBUG org.springframework.beans.factory.support.DefaultListableBeanFactory - Creating shared instance of singleton bean 'persistenceExceptionTranslationPostProcessor'
20:24:24.412 [main] DEBUG org.springframework.beans.factory.support.DefaultListableBeanFactory - Autowiring by type from bean name 'persistenceExceptionTranslationPostProcessor' via factory method to bean named 'environment'
20:24:24.413 [main] DEBUG org.springframework.beans.factory.support.DefaultListableBeanFactory - Creating shared instance of singleton bean 'application'
20:24:24.414 [main] DEBUG org.springframework.beans.factory.support.DefaultListableBeanFactory - Creating shared instance of singleton bean 'org.springframework.transaction.config.internalTransactionAdvisor'
20:24:24.414 [main] DEBUG org.springframework.beans.factory.support.DefaultListableBeanFactory - Creating shared instance of singleton bean 'org.springframework.transaction.annotation.ProxyTransactionManagementConfiguration'
20:24:24.418 [main] DEBUG org.springframework.beans.factory.support.DefaultListableBeanFactory - Creating shared instance of singleton bean 'transactionAttributeSource'
20:24:24.418 [main] DEBUG org.springframework.beans.factory.support.DefaultListableBeanFactory - Creating shared instance of singleton bean 'transactionInterceptor'
20:24:24.421 [main] DEBUG org.springframework.beans.factory.support.DefaultListableBeanFactory - Creating shared instance of singleton bean 'playerController'
20:24:24.422 [main] DEBUG org.springframework.beans.factory.support.DefaultListableBeanFactory - Creating shared instance of singleton bean 'playerManagerHibernateImpl'
20:24:24.423 [main] DEBUG org.springframework.beans.factory.support.DefaultListableBeanFactory - Creating shared instance of singleton bean 'hibernateSessionFactory'
20:24:24.424 [main] DEBUG org.springframework.beans.factory.support.DefaultListableBeanFactory - Creating shared instance of singleton bean 'dataSource'
20:24:24.425 [main] DEBUG org.springframework.jdbc.datasource.DriverManagerDataSource - Loaded JDBC driver: org.hsqldb.jdbcDriver
20:24:24.426 [main] DEBUG org.springframework.beans.factory.support.DefaultListableBeanFactory - Creating shared instance of singleton bean 'org.springframework.boot.autoconfigure.jdbc.DataSourceInitializerInvoker'
20:24:24.427 [main] DEBUG org.springframework.beans.factory.support.DefaultListableBeanFactory - Creating shared instance of singleton bean 'spring.datasource-org.springframework.boot.autoconfigure.jdbc.DataSourceProperties'
20:24:24.431 [main] DEBUG org.springframework.beans.factory.support.DefaultListableBeanFactory - Autowiring by type from bean name 'org.springframework.boot.autoconfigure.jdbc.DataSourceInitializerInvoker' via constructor to bean named 'spring.datasource-org.springframework.boot.autoconfigure.jdbc.DataSourceProperties'
20:24:24.431 [main] DEBUG org.springframework.beans.factory.support.DefaultListableBeanFactory - Autowiring by type from bean name 'org.springframework.boot.autoconfigure.jdbc.DataSourceInitializerInvoker' via constructor to bean named 'org.springframework.context.support.GenericApplicationContext@4f3356c0'
20:24:24.434 [main] DEBUG org.hibernate.integrator.internal.IntegratorServiceImpl - Adding Integrator [org.hibernate.cfg.beanvalidation.BeanValidationIntegrator].
20:24:24.434 [main] DEBUG org.hibernate.integrator.internal.IntegratorServiceImpl - Adding Integrator [org.hibernate.secure.spi.JaccIntegrator].
20:24:24.434 [main] DEBUG org.hibernate.integrator.internal.IntegratorServiceImpl - Adding Integrator [org.hibernate.cache.internal.CollectionCacheInvalidator].
20:24:24.435 [main] DEBUG org.hibernate.cfg.Configuration - Building session factory using internal StandardServiceRegistryBuilder
20:24:24.436 [main] DEBUG org.hibernate.service.spi.ServiceBinding - Overriding existing service binding [org.hibernate.secure.spi.JaccService]
20:24:24.436 [main] DEBUG org.hibernate.cfg.Configuration - Building session factory using provided StandardServiceRegistry
20:24:24.436 [main] DEBUG org.hibernate.cache.internal.RegionFactoryInitiator - Cache region factory : org.hibernate.cache.internal.NoCachingRegionFactory
20:24:24.437 [main] DEBUG org.hibernate.type.BasicTypeRegistry - Adding type registration boolean -> org.hibernate.type.BooleanType@41ffaeb8
20:24:24.437 [main] DEBUG org.hibernate.type.BasicTypeRegistry - Adding type registration boolean -> org.hibernate.type.BooleanType@41ffaeb8
20:24:24.437 [main] DEBUG org.hibernate.type.BasicTypeRegistry - Adding type registration java.lang.Boolean -> org.hibernate.type.BooleanType@41ffaeb8
20:24:24.437 [main] DEBUG org.hibernate.type.BasicTypeRegistry - Adding type registration numeric_boolean -> org.hibernate.type.NumericBooleanType@444cc791
20:24:24.437 [main] DEBUG org.hibernate.type.BasicTypeRegistry - Adding type registration true_false -> org.hibernate.type.TrueFalseType@12ffd1de
20:24:24.437 [main] DEBUG org.hibernate.type.BasicTypeRegistry - Adding type registration yes_no -> org.hibernate.type.YesNoType@6c806c8b
20:24:24.437 [main] DEBUG org.hibernate.type.BasicTypeRegistry - Adding type registration byte -> org.hibernate.type.ByteType@23706db8
20:24:24.437 [main] DEBUG org.hibernate.type.BasicTypeRegistry - Adding type registration byte -> org.hibernate.type.ByteType@23706db8
20:24:24.437 [main] DEBUG org.hibernate.type.BasicTypeRegistry - Adding type registration java.lang.Byte -> org.hibernate.type.ByteType@23706db8
20:24:24.437 [main] DEBUG org.hibernate.type.BasicTypeRegistry - Adding type registration character -> org.hibernate.type.CharacterType@7bca6fac
20:24:24.437 [main] DEBUG org.hibernate.type.BasicTypeRegistry - Adding type registration char -> org.hibernate.type.CharacterType@7bca6fac
20:24:24.437 [main] DEBUG org.hibernate.type.BasicTypeRegistry - Adding type registration java.lang.Character -> org.hibernate.type.CharacterType@7bca6fac
20:24:24.437 [main] DEBUG org.hibernate.type.BasicTypeRegistry - Adding type registration short -> org.hibernate.type.ShortType@37303f12
20:24:24.437 [main] DEBUG org.hibernate.type.BasicTypeRegistry - Adding type registration short -> org.hibernate.type.ShortType@37303f12
20:24:24.437 [main] DEBUG org.hibernate.type.BasicTypeRegistry - Adding type registration java.lang.Short -> org.hibernate.type.ShortType@37303f12
20:24:24.437 [main] DEBUG org.hibernate.type.BasicTypeRegistry - Adding type registration integer -> org.hibernate.type.IntegerType@2ab5afc7
20:24:24.437 [main] DEBUG org.hibernate.type.BasicTypeRegistry - Adding type registration int -> org.hibernate.type.IntegerType@2ab5afc7
20:24:24.437 [main] DEBUG org.hibernate.type.BasicTypeRegistry - Adding type registration java.lang.Integer -> org.hibernate.type.IntegerType@2ab5afc7
20:24:24.437 [main] DEBUG org.hibernate.type.BasicTypeRegistry - Adding type registration long -> org.hibernate.type.LongType@3c35c345
20:24:24.437 [main] DEBUG org.hibernate.type.BasicTypeRegistry - Adding type registration long -> org.hibernate.type.LongType@3c35c345
20:24:24.437 [main] DEBUG org.hibernate.type.BasicTypeRegistry - Adding type registration java.lang.Long -> org.hibernate.type.LongType@3c35c345
20:24:24.437 [main] DEBUG org.hibernate.type.BasicTypeRegistry - Adding type registration float -> org.hibernate.type.FloatType@1d0a61c8
20:24:24.437 [main] DEBUG org.hibernate.type.BasicTypeRegistry - Adding type registration float -> org.hibernate.type.FloatType@1d0a61c8
20:24:24.437 [main] DEBUG org.hibernate.type.BasicTypeRegistry - Adding type registration java.lang.Float -> org.hibernate.type.FloatType@1d0a61c8
20:24:24.438 [main] DEBUG org.hibernate.type.BasicTypeRegistry - Adding type registration double -> org.hibernate.type.DoubleType@5524b72f
20:24:24.438 [main] DEBUG org.hibernate.type.BasicTypeRegistry - Adding type registration double -> org.hibernate.type.DoubleType@5524b72f
20:24:24.438 [main] DEBUG org.hibernate.type.BasicTypeRegistry - Adding type registration java.lang.Double -> org.hibernate.type.DoubleType@5524b72f
20:24:24.438 [main] DEBUG org.hibernate.type.BasicTypeRegistry - Adding type registration big_decimal -> org.hibernate.type.BigDecimalType@1846579f
20:24:24.438 [main] DEBUG org.hibernate.type.BasicTypeRegistry - Adding type registration java.math.BigDecimal -> org.hibernate.type.BigDecimalType@1846579f
20:24:24.438 [main] DEBUG org.hibernate.type.BasicTypeRegistry - Adding type registration big_integer -> org.hibernate.type.BigIntegerType@7be7e15
20:24:24.438 [main] DEBUG org.hibernate.type.BasicTypeRegistry - Adding type registration java.math.BigInteger -> org.hibernate.type.BigIntegerType@7be7e15
20:24:24.438 [main] DEBUG org.hibernate.type.BasicTypeRegistry - Adding type registration string -> org.hibernate.type.StringType@2330e3e0
20:24:24.438 [main] DEBUG org.hibernate.type.BasicTypeRegistry - Adding type registration java.lang.String -> org.hibernate.type.StringType@2330e3e0
20:24:24.438 [main] DEBUG org.hibernate.type.BasicTypeRegistry - Adding type registration nstring -> org.hibernate.type.StringNVarcharType@3f9270ed
20:24:24.438 [main] DEBUG org.hibernate.type.BasicTypeRegistry - Adding type registration ncharacter -> org.hibernate.type.CharacterNCharType@53a665ad
20:24:24.438 [main] DEBUG org.hibernate.type.BasicTypeRegistry - Adding type registration url -> org.hibernate.type.UrlType@abff8b7
20:24:24.438 [main] DEBUG org.hibernate.type.BasicTypeRegistry - Adding type registration java.net.URL -> org.hibernate.type.UrlType@abff8b7
20:24:24.438 [main] DEBUG org.hibernate.type.BasicTypeRegistry - Adding type registration date -> org.hibernate.type.DateType@37d871c2
20:24:24.438 [main] DEBUG org.hibernate.type.BasicTypeRegistry - Adding type registration java.sql.Date -> org.hibernate.type.DateType@37d871c2
20:24:24.438 [main] DEBUG org.hibernate.type.BasicTypeRegistry - Adding type registration time -> org.hibernate.type.TimeType@642505c7
20:24:24.438 [main] DEBUG org.hibernate.type.BasicTypeRegistry - Adding type registration java.sql.Time -> org.hibernate.type.TimeType@642505c7
20:24:24.438 [main] DEBUG org.hibernate.type.BasicTypeRegistry - Adding type registration timestamp -> org.hibernate.type.TimestampType@1abfe081
20:24:24.438 [main] DEBUG org.hibernate.type.BasicTypeRegistry - Adding type registration java.sql.Timestamp -> org.hibernate.type.TimestampType@1abfe081
20:24:24.438 [main] DEBUG org.hibernate.type.BasicTypeRegistry - Adding type registration java.util.Date -> org.hibernate.type.TimestampType@1abfe081
20:24:24.438 [main] DEBUG org.hibernate.type.BasicTypeRegistry - Adding type registration dbtimestamp -> org.hibernate.type.DbTimestampType@75a118e6
20:24:24.438 [main] DEBUG org.hibernate.type.BasicTypeRegistry - Adding type registration calendar -> org.hibernate.type.CalendarType@28c86134
20:24:24.438 [main] DEBUG org.hibernate.type.BasicTypeRegistry - Adding type registration java.util.Calendar -> org.hibernate.type.CalendarType@28c86134
20:24:24.438 [main] DEBUG org.hibernate.type.BasicTypeRegistry - Adding type registration java.util.GregorianCalendar -> org.hibernate.type.CalendarType@28c86134
20:24:24.438 [main] DEBUG org.hibernate.type.BasicTypeRegistry - Adding type registration calendar_date -> org.hibernate.type.CalendarDateType@f288c14
20:24:24.438 [main] DEBUG org.hibernate.type.BasicTypeRegistry - Adding type registration locale -> org.hibernate.type.LocaleType@671facee
20:24:24.438 [main] DEBUG org.hibernate.type.BasicTypeRegistry - Adding type registration java.util.Locale -> org.hibernate.type.LocaleType@671facee
20:24:24.438 [main] DEBUG org.hibernate.type.BasicTypeRegistry - Adding type registration currency -> org.hibernate.type.CurrencyType@56f521c6
20:24:24.438 [main] DEBUG org.hibernate.type.BasicTypeRegistry - Adding type registration java.util.Currency -> org.hibernate.type.CurrencyType@56f521c6
20:24:24.438 [main] DEBUG org.hibernate.type.BasicTypeRegistry - Adding type registration timezone -> org.hibernate.type.TimeZoneType@39fa8ad2
20:24:24.438 [main] DEBUG org.hibernate.type.BasicTypeRegistry - Adding type registration java.util.TimeZone -> org.hibernate.type.TimeZoneType@39fa8ad2
20:24:24.438 [main] DEBUG org.hibernate.type.BasicTypeRegistry - Adding type registration class -> org.hibernate.type.ClassType@6c302a1d
20:24:24.438 [main] DEBUG org.hibernate.type.BasicTypeRegistry - Adding type registration java.lang.Class -> org.hibernate.type.ClassType@6c302a1d
20:24:24.438 [main] DEBUG org.hibernate.type.BasicTypeRegistry - Adding type registration uuid-binary -> org.hibernate.type.UUIDBinaryType@58cf8f94
20:24:24.439 [main] DEBUG org.hibernate.type.BasicTypeRegistry - Adding type registration java.util.UUID -> org.hibernate.type.UUIDBinaryType@58cf8f94
20:24:24.439 [main] DEBUG org.hibernate.type.BasicTypeRegistry - Adding type registration uuid-char -> org.hibernate.type.UUIDCharType@34f392be
20:24:24.439 [main] DEBUG org.hibernate.type.BasicTypeRegistry - Adding type registration binary -> org.hibernate.type.BinaryType@58496c97
20:24:24.439 [main] DEBUG org.hibernate.type.BasicTypeRegistry - Adding type registration byte[] -> org.hibernate.type.BinaryType@58496c97
20:24:24.439 [main] DEBUG org.hibernate.type.BasicTypeRegistry - Adding type registration [B -> org.hibernate.type.BinaryType@58496c97
20:24:24.439 [main] DEBUG org.hibernate.type.BasicTypeRegistry - Adding type registration wrapper-binary -> org.hibernate.type.WrapperBinaryType@6ecab872
20:24:24.439 [main] DEBUG org.hibernate.type.BasicTypeRegistry - Adding type registration Byte[] -> org.hibernate.type.WrapperBinaryType@6ecab872
20:24:24.439 [main] DEBUG org.hibernate.type.BasicTypeRegistry - Adding type registration [Ljava.lang.Byte; -> org.hibernate.type.WrapperBinaryType@6ecab872
20:24:24.439 [main] DEBUG org.hibernate.type.BasicTypeRegistry - Adding type registration row_version -> org.hibernate.type.RowVersionType@6d025d1d
20:24:24.439 [main] DEBUG org.hibernate.type.BasicTypeRegistry - Adding type registration image -> org.hibernate.type.ImageType@7479b626
20:24:24.439 [main] DEBUG org.hibernate.type.BasicTypeRegistry - Adding type registration characters -> org.hibernate.type.CharArrayType@17a703f5
20:24:24.439 [main] DEBUG org.hibernate.type.BasicTypeRegistry - Adding type registration char[] -> org.hibernate.type.CharArrayType@17a703f5
20:24:24.439 [main] DEBUG org.hibernate.type.BasicTypeRegistry - Adding type registration [C -> org.hibernate.type.CharArrayType@17a703f5
20:24:24.439 [main] DEBUG org.hibernate.type.BasicTypeRegistry - Adding type registration wrapper-characters -> org.hibernate.type.CharacterArrayType@65f2f9b0
20:24:24.439 [main] DEBUG org.hibernate.type.BasicTypeRegistry - Adding type registration [Ljava.lang.Character; -> org.hibernate.type.CharacterArrayType@65f2f9b0
20:24:24.439 [main] DEBUG org.hibernate.type.BasicTypeRegistry - Adding type registration Character[] -> org.hibernate.type.CharacterArrayType@65f2f9b0
20:24:24.439 [main] DEBUG org.hibernate.type.BasicTypeRegistry - Adding type registration text -> org.hibernate.type.TextType@38fc5554
20:24:24.439 [main] DEBUG org.hibernate.type.BasicTypeRegistry - Adding type registration ntext -> org.hibernate.type.NTextType@4d1f1ff5
20:24:24.439 [main] DEBUG org.hibernate.type.BasicTypeRegistry - Adding type registration blob -> org.hibernate.type.BlobType@d8d9199
20:24:24.439 [main] DEBUG org.hibernate.type.BasicTypeRegistry - Adding type registration java.sql.Blob -> org.hibernate.type.BlobType@d8d9199
20:24:24.439 [main] DEBUG org.hibernate.type.BasicTypeRegistry - Adding type registration materialized_blob -> org.hibernate.type.MaterializedBlobType@71ad3d8a
20:24:24.439 [main] DEBUG org.hibernate.type.BasicTypeRegistry - Adding type registration clob -> org.hibernate.type.ClobType@332820f4
20:24:24.439 [main] DEBUG org.hibernate.type.BasicTypeRegistry - Adding type registration java.sql.Clob -> org.hibernate.type.ClobType@332820f4
20:24:24.439 [main] DEBUG org.hibernate.type.BasicTypeRegistry - Adding type registration nclob -> org.hibernate.type.NClobType@3d5790ea
20:24:24.439 [main] DEBUG org.hibernate.type.BasicTypeRegistry - Adding type registration java.sql.NClob -> org.hibernate.type.NClobType@3d5790ea
20:24:24.439 [main] DEBUG org.hibernate.type.BasicTypeRegistry - Adding type registration materialized_clob -> org.hibernate.type.MaterializedClobType@56913163
20:24:24.439 [main] DEBUG org.hibernate.type.BasicTypeRegistry - Adding type registration materialized_nclob -> org.hibernate.type.MaterializedNClobType@396639b
20:24:24.439 [main] DEBUG org.hibernate.type.BasicTypeRegistry - Adding type registration serializable -> org.hibernate.type.SerializableType@102efc59
20:24:24.439 [main] DEBUG org.hibernate.type.BasicTypeRegistry - Adding type registration object -> org.hibernate.type.ObjectType@6c6366cf
20:24:24.439 [main] DEBUG org.hibernate.type.BasicTypeRegistry - Adding type registration java.lang.Object -> org.hibernate.type.ObjectType@6c6366cf
20:24:24.439 [main] DEBUG org.hibernate.type.BasicTypeRegistry - Adding type registration imm_date -> org.hibernate.type.AdaptedImmutableType@49cc9b2a
20:24:24.440 [main] DEBUG org.hibernate.type.BasicTypeRegistry - Adding type registration imm_time -> org.hibernate.type.AdaptedImmutableType@11826398
20:24:24.440 [main] DEBUG org.hibernate.type.BasicTypeRegistry - Adding type registration imm_timestamp -> org.hibernate.type.AdaptedImmutableType@6c5ca0b6
20:24:24.440 [main] DEBUG org.hibernate.type.BasicTypeRegistry - Adding type registration imm_dbtimestamp -> org.hibernate.type.AdaptedImmutableType@37b01ce2
20:24:24.440 [main] DEBUG org.hibernate.type.BasicTypeRegistry - Adding type registration imm_calendar -> org.hibernate.type.AdaptedImmutableType@1a88c4f5
20:24:24.440 [main] DEBUG org.hibernate.type.BasicTypeRegistry - Adding type registration imm_calendar_date -> org.hibernate.type.AdaptedImmutableType@1894fa9f
20:24:24.440 [main] DEBUG org.hibernate.type.BasicTypeRegistry - Adding type registration imm_binary -> org.hibernate.type.AdaptedImmutableType@1144a02b
20:24:24.440 [main] DEBUG org.hibernate.type.BasicTypeRegistry - Adding type registration imm_serializable -> org.hibernate.type.AdaptedImmutableType@26a4f9ed
20:24:24.440 [main] DEBUG org.springframework.jdbc.datasource.DriverManagerDataSource - Creating new JDBC DriverManager Connection to [jdbc:hsqldb:hsql://localhost/workdb]
20:24:24.440 [main] WARN org.hibernate.engine.jdbc.env.internal.JdbcEnvironmentInitiator - HHH000342: Could not obtain connection to query metadata : java.net.ConnectException: Połączenie odrzucone (Connection refused)
20:24:24.441 [main] INFO org.hibernate.dialect.Dialect - HHH000400: Using dialect: org.hibernate.dialect.HSQLDialect
20:24:24.441 [main] DEBUG org.hibernate.engine.jdbc.env.spi.IdentifierHelperBuilder - IdentifierCaseStrategy for both quoted and unquoted identifiers was set to the same strategy [MIXED]; that will likely lead to problems in schema update and validation if using quoted identifiers
20:24:24.441 [main] INFO org.hibernate.engine.jdbc.env.internal.LobCreatorBuilderImpl - HHH000422: Disabling contextual LOB creation as connection was null
20:24:24.442 [main] DEBUG org.hibernate.id.factory.internal.DefaultIdentifierGeneratorFactory - Registering IdentifierGenerator strategy [uuid2] -> [org.hibernate.id.UUIDGenerator]
20:24:24.442 [main] DEBUG org.hibernate.id.factory.internal.DefaultIdentifierGeneratorFactory - Registering IdentifierGenerator strategy [guid] -> [org.hibernate.id.GUIDGenerator]
20:24:24.442 [main] DEBUG org.hibernate.id.factory.internal.DefaultIdentifierGeneratorFactory - Registering IdentifierGenerator strategy [uuid] -> [org.hibernate.id.UUIDHexGenerator]
20:24:24.442 [main] DEBUG org.hibernate.id.factory.internal.DefaultIdentifierGeneratorFactory - Registering IdentifierGenerator strategy [uuid.hex] -> [org.hibernate.id.UUIDHexGenerator]
20:24:24.442 [main] DEBUG org.hibernate.id.factory.internal.DefaultIdentifierGeneratorFactory - Registering IdentifierGenerator strategy [assigned] -> [org.hibernate.id.Assigned]
20:24:24.442 [main] DEBUG org.hibernate.id.factory.internal.DefaultIdentifierGeneratorFactory - Registering IdentifierGenerator strategy [identity] -> [org.hibernate.id.IdentityGenerator]
20:24:24.442 [main] DEBUG org.hibernate.id.factory.internal.DefaultIdentifierGeneratorFactory - Registering IdentifierGenerator strategy [select] -> [org.hibernate.id.SelectGenerator]
20:24:24.442 [main] DEBUG org.hibernate.id.factory.internal.DefaultIdentifierGeneratorFactory - Registering IdentifierGenerator strategy [sequence] -> [org.hibernate.id.enhanced.SequenceStyleGenerator]
20:24:24.442 [main] DEBUG org.hibernate.id.factory.internal.DefaultIdentifierGeneratorFactory - Registering IdentifierGenerator strategy [seqhilo] -> [org.hibernate.id.SequenceHiLoGenerator]
20:24:24.442 [main] DEBUG org.hibernate.id.factory.internal.DefaultIdentifierGeneratorFactory - Registering IdentifierGenerator strategy [increment] -> [org.hibernate.id.IncrementGenerator]
20:24:24.442 [main] DEBUG org.hibernate.id.factory.internal.DefaultIdentifierGeneratorFactory - Registering IdentifierGenerator strategy [foreign] -> [org.hibernate.id.ForeignGenerator]
20:24:24.442 [main] DEBUG org.hibernate.id.factory.internal.DefaultIdentifierGeneratorFactory - Registering IdentifierGenerator strategy [sequence-identity] -> [org.hibernate.id.SequenceIdentityGenerator]
20:24:24.442 [main] DEBUG org.hibernate.id.factory.internal.DefaultIdentifierGeneratorFactory - Registering IdentifierGenerator strategy [enhanced-sequence] -> [org.hibernate.id.enhanced.SequenceStyleGenerator]
20:24:24.442 [main] DEBUG org.hibernate.id.factory.internal.DefaultIdentifierGeneratorFactory - Registering IdentifierGenerator strategy [enhanced-table] -> [org.hibernate.id.enhanced.TableGenerator]
20:24:24.442 [main] DEBUG org.hibernate.boot.model.relational.Namespace - Created database namespace [logicalName=Name{catalog=null, schema=null}, physicalName=Name{catalog=null, schema=null}]
20:24:24.442 [main] DEBUG org.hibernate.cfg.AnnotationBinder - Binding entity from annotated class: tau.mmo.domain.Item
20:24:24.442 [main] DEBUG org.hibernate.cfg.annotations.QueryBinder - Binding named query: item.all => Select p from Item p
20:24:24.442 [main] DEBUG org.hibernate.cfg.annotations.QueryBinder - Binding named query: item.allForPlayer => Select p from Item p where player_id = :id
20:24:24.442 [main] DEBUG org.hibernate.cfg.Ejb3Column - Binding column: Ejb3DiscriminatorColumn{logicalColumnName'DTYPE', discriminatorTypeName='string'}
20:24:24.442 [main] DEBUG org.hibernate.cfg.annotations.EntityBinder - Import with entity name Item
20:24:24.443 [main] DEBUG org.hibernate.cfg.annotations.EntityBinder - Bind entity tau.mmo.domain.Item on table item
20:24:24.443 [main] DEBUG org.hibernate.cfg.Ejb3Column - Binding column: Ejb3Column{table=org.hibernate.mapping.Table(item), mappingColumn=id, insertable=true, updatable=true, unique=false}
20:24:24.443 [main] DEBUG org.hibernate.cfg.annotations.PropertyBinder - MetadataSourceProcessor property id with lazy=false
20:24:24.443 [main] DEBUG org.hibernate.cfg.AbstractPropertyHolder - Attempting to locate auto-apply AttributeConverter for property [tau.mmo.domain.Item:id]
20:24:24.443 [main] DEBUG org.hibernate.cfg.annotations.SimpleValueBinder - building SimpleValue for id
20:24:24.443 [main] DEBUG org.hibernate.cfg.annotations.PropertyBinder - Building property id
20:24:24.443 [main] DEBUG org.hibernate.cfg.Ejb3Column - Binding column: Ejb3Column{table=org.hibernate.mapping.Table(item), mappingColumn=itemclass, insertable=true, updatable=true, unique=false}
20:24:24.444 [main] DEBUG org.hibernate.cfg.annotations.PropertyBinder - MetadataSourceProcessor property itemclass with lazy=false
20:24:24.444 [main] DEBUG org.hibernate.cfg.AbstractPropertyHolder - Attempting to locate auto-apply AttributeConverter for property [tau.mmo.domain.Item:itemclass]
20:24:24.444 [main] DEBUG org.hibernate.cfg.annotations.SimpleValueBinder - building SimpleValue for itemclass
20:24:24.444 [main] DEBUG org.hibernate.cfg.annotations.PropertyBinder - Building property itemclass
20:24:24.444 [main] DEBUG org.hibernate.cfg.Ejb3Column - Binding column: Ejb3Column{table=org.hibernate.mapping.Table(item), mappingColumn=levelreq, insertable=true, updatable=true, unique=false}
20:24:24.444 [main] DEBUG org.hibernate.cfg.annotations.PropertyBinder - MetadataSourceProcessor property levelreq with lazy=false
20:24:24.444 [main] DEBUG org.hibernate.cfg.AbstractPropertyHolder - Attempting to locate auto-apply AttributeConverter for property [tau.mmo.domain.Item:levelreq]
20:24:24.444 [main] DEBUG org.hibernate.cfg.annotations.SimpleValueBinder - building SimpleValue for levelreq
20:24:24.444 [main] DEBUG org.hibernate.cfg.annotations.PropertyBinder - Building property levelreq
20:24:24.444 [main] DEBUG org.hibernate.cfg.Ejb3Column - Binding column: Ejb3Column{table=org.hibernate.mapping.Table(item), mappingColumn=name, insertable=true, updatable=true, unique=false}
20:24:24.444 [main] DEBUG org.hibernate.cfg.annotations.PropertyBinder - MetadataSourceProcessor property name with lazy=false
20:24:24.444 [main] DEBUG org.hibernate.cfg.AbstractPropertyHolder - Attempting to locate auto-apply AttributeConverter for property [tau.mmo.domain.Item:name]
20:24:24.444 [main] DEBUG org.hibernate.cfg.annotations.SimpleValueBinder - building SimpleValue for name
20:24:24.444 [main] DEBUG org.hibernate.cfg.annotations.PropertyBinder - Building property name
20:24:24.444 [main] DEBUG org.hibernate.cfg.Ejb3Column - Binding column: Ejb3JoinColumn{logicalColumnName='player_id', referencedColumn='', mappedBy=''}
20:24:24.444 [main] DEBUG org.hibernate.cfg.Ejb3Column - Binding column: Ejb3Column{table=org.hibernate.mapping.Table(item), mappingColumn=player, insertable=true, updatable=true, unique=false}
20:24:24.444 [main] DEBUG org.hibernate.cfg.annotations.PropertyBinder - Building property player
20:24:24.445 [main] DEBUG org.hibernate.cfg.AnnotationBinder - Binding entity from annotated class: tau.mmo.domain.Player
20:24:24.445 [main] DEBUG org.hibernate.cfg.annotations.QueryBinder - Binding named query: player.all => Select p from Player p
20:24:24.445 [main] DEBUG org.hibernate.cfg.annotations.QueryBinder - Binding named query: player.findPlayers => Select c from Player c where c.name like :nameFragment
20:24:24.445 [main] DEBUG org.hibernate.cfg.Ejb3Column - Binding column: Ejb3DiscriminatorColumn{logicalColumnName'DTYPE', discriminatorTypeName='string'}
20:24:24.445 [main] DEBUG org.hibernate.cfg.annotations.EntityBinder - Import with entity name Player
20:24:24.445 [main] DEBUG org.hibernate.cfg.annotations.EntityBinder - Bind entity tau.mmo.domain.Player on table player
20:24:24.445 [main] DEBUG org.hibernate.cfg.Ejb3Column - Binding column: Ejb3Column{table=org.hibernate.mapping.Table(player), mappingColumn=id, insertable=true, updatable=true, unique=false}
20:24:24.446 [main] DEBUG org.hibernate.cfg.annotations.PropertyBinder - MetadataSourceProcessor property id with lazy=false
20:24:24.446 [main] DEBUG org.hibernate.cfg.AbstractPropertyHolder - Attempting to locate auto-apply AttributeConverter for property [tau.mmo.domain.Player:id]
20:24:24.446 [main] DEBUG org.hibernate.cfg.annotations.SimpleValueBinder - building SimpleValue for id
20:24:24.446 [main] DEBUG org.hibernate.cfg.annotations.PropertyBinder - Building property id
20:24:24.446 [main] DEBUG org.hibernate.cfg.Ejb3Column - Binding column: Ejb3Column{table=org.hibernate.mapping.Table(player), mappingColumn=heroclass, insertable=true, updatable=true, unique=false}
20:24:24.446 [main] DEBUG org.hibernate.cfg.annotations.PropertyBinder - MetadataSourceProcessor property heroclass with lazy=false
20:24:24.446 [main] DEBUG org.hibernate.cfg.AbstractPropertyHolder - Attempting to locate auto-apply AttributeConverter for property [tau.mmo.domain.Player:heroclass]
20:24:24.446 [main] DEBUG org.hibernate.cfg.annotations.SimpleValueBinder - building SimpleValue for heroclass
20:24:24.446 [main] DEBUG org.hibernate.cfg.annotations.PropertyBinder - Building property heroclass
20:24:24.446 [main] DEBUG org.hibernate.cfg.Ejb3Column - Binding column: Ejb3JoinColumn{logicalColumnName='null', referencedColumn='null', mappedBy='player'}
20:24:24.446 [main] DEBUG org.hibernate.cfg.Ejb3Column - Binding column: Ejb3Column{table=org.hibernate.mapping.Table(player), mappingColumn=items, insertable=true, updatable=true, unique=false}
20:24:24.446 [main] DEBUG org.hibernate.cfg.Ejb3Column - Binding column: Ejb3Column{table=org.hibernate.mapping.Table(player), mappingColumn=null, insertable=true, updatable=true, unique=false}
20:24:24.446 [main] DEBUG org.hibernate.cfg.Ejb3Column - Binding column: Ejb3Column{table=org.hibernate.mapping.Table(player), mappingColumn=element, insertable=true, updatable=true, unique=false}
20:24:24.447 [main] DEBUG org.hibernate.cfg.Ejb3Column - Binding column: Ejb3Column{table=org.hibernate.mapping.Table(player), mappingColumn=items_KEY, insertable=true, updatable=true, unique=false}
20:24:24.447 [main] DEBUG org.hibernate.cfg.Ejb3Column - Binding column: Ejb3JoinColumn{logicalColumnName='items_KEY', referencedColumn='null', mappedBy='null'}
20:24:24.447 [main] DEBUG org.hibernate.cfg.Ejb3Column - Binding column: Ejb3JoinColumn{logicalColumnName='null', referencedColumn='null', mappedBy='player'}
20:24:24.447 [main] DEBUG org.hibernate.cfg.Ejb3Column - Binding column: Ejb3JoinColumn{logicalColumnName='null', referencedColumn='null', mappedBy='player'}
20:24:24.447 [main] DEBUG org.hibernate.cfg.annotations.CollectionBinder - Collection role: tau.mmo.domain.Player.items
20:24:24.447 [main] DEBUG org.hibernate.cfg.annotations.PropertyBinder - Building property items
20:24:24.447 [main] DEBUG org.hibernate.cfg.Ejb3Column - Binding column: Ejb3Column{table=org.hibernate.mapping.Table(player), mappingColumn=level, insertable=true, updatable=true, unique=false}
20:24:24.447 [main] DEBUG org.hibernate.cfg.annotations.PropertyBinder - MetadataSourceProcessor property level with lazy=false
20:24:24.447 [main] DEBUG org.hibernate.cfg.AbstractPropertyHolder - Attempting to locate auto-apply AttributeConverter for property [tau.mmo.domain.Player:level]
20:24:24.447 [main] DEBUG org.hibernate.cfg.annotations.SimpleValueBinder - building SimpleValue for level
20:24:24.447 [main] DEBUG org.hibernate.cfg.annotations.PropertyBinder - Building property level
20:24:24.447 [main] DEBUG org.hibernate.cfg.Ejb3Column - Binding column: Ejb3Column{table=org.hibernate.mapping.Table(player), mappingColumn=name, insertable=true, updatable=true, unique=false}
20:24:24.447 [main] DEBUG org.hibernate.cfg.annotations.PropertyBinder - MetadataSourceProcessor property name with lazy=false
20:24:24.447 [main] DEBUG org.hibernate.cfg.AbstractPropertyHolder - Attempting to locate auto-apply AttributeConverter for property [tau.mmo.domain.Player:name]
20:24:24.447 [main] DEBUG org.hibernate.cfg.annotations.SimpleValueBinder - building SimpleValue for name
20:24:24.447 [main] DEBUG org.hibernate.cfg.annotations.PropertyBinder - Building property name
20:24:24.447 [main] DEBUG org.hibernate.cfg.annotations.SimpleValueBinder - Starting fillSimpleValue for id
20:24:24.447 [main] DEBUG org.hibernate.cfg.annotations.SimpleValueBinder - Starting fillSimpleValue for itemclass
20:24:24.447 [main] DEBUG org.hibernate.cfg.annotations.SimpleValueBinder - Starting fillSimpleValue for levelreq
20:24:24.447 [main] DEBUG org.hibernate.cfg.annotations.SimpleValueBinder - Starting fillSimpleValue for name
20:24:24.447 [main] DEBUG org.hibernate.cfg.annotations.SimpleValueBinder - Starting fillSimpleValue for id
20:24:24.447 [main] DEBUG org.hibernate.cfg.annotations.SimpleValueBinder - Starting fillSimpleValue for heroclass
20:24:24.447 [main] DEBUG org.hibernate.cfg.annotations.SimpleValueBinder - Starting fillSimpleValue for level
20:24:24.447 [main] DEBUG org.hibernate.cfg.annotations.SimpleValueBinder - Starting fillSimpleValue for name
20:24:24.448 [main] DEBUG org.hibernate.mapping.PrimaryKey - Forcing column [id] to be non-null as it is part of the primary key for table [item]
20:24:24.448 [main] DEBUG org.hibernate.mapping.PrimaryKey - Forcing column [id] to be non-null as it is part of the primary key for table [player]
20:24:24.448 [main] DEBUG org.hibernate.cfg.CollectionSecondPass - Second pass for collection: tau.mmo.domain.Player.items
20:24:24.448 [main] DEBUG org.hibernate.cfg.annotations.CollectionBinder - Binding a OneToMany: tau.mmo.domain.Player.items through a foreign key
20:24:24.448 [main] DEBUG org.hibernate.cfg.annotations.CollectionBinder - Mapping collection: tau.mmo.domain.Player.items -> item
20:24:24.448 [main] DEBUG org.hibernate.cfg.annotations.TableBinder - Retrieving property tau.mmo.domain.Item.player
20:24:24.448 [main] DEBUG org.hibernate.cfg.CollectionSecondPass - Mapped collection key: player_id, one-to-many: tau.mmo.domain.Item
20:24:24.448 [main] DEBUG org.hibernate.boot.internal.InFlightMetadataCollectorImpl - Resolving reference to class: tau.mmo.domain.Player
20:24:24.448 [main] DEBUG org.hibernate.boot.internal.InFlightMetadataCollectorImpl - Resolving reference to class: tau.mmo.domain.Player
20:24:24.449 [main] DEBUG org.hibernate.internal.SessionFactoryImpl - Building session factory
20:24:24.449 [main] DEBUG org.hibernate.cfg.Settings - SessionFactory name : null
20:24:24.449 [main] DEBUG org.hibernate.cfg.Settings - Automatic flush during beforeCompletion(): disabled
20:24:24.449 [main] DEBUG org.hibernate.cfg.Settings - Automatic session close at end of transaction: disabled
20:24:24.449 [main] DEBUG org.hibernate.cfg.Settings - Statistics: disabled
20:24:24.449 [main] DEBUG org.hibernate.cfg.Settings - Deleted entity synthetic identifier rollback: disabled
20:24:24.449 [main] DEBUG org.hibernate.cfg.Settings - Default entity-mode: pojo
20:24:24.449 [main] DEBUG org.hibernate.cfg.Settings - Check Nullability in Core (should be disabled when Bean Validation is on): enabled
20:24:24.449 [main] DEBUG org.hibernate.cfg.Settings - Allow initialization of lazy state outside session : disabled
20:24:24.449 [main] DEBUG org.hibernate.cfg.Settings - Using BatchFetchStyle : LEGACY
20:24:24.449 [main] DEBUG org.hibernate.cfg.Settings - Default batch fetch size: -1
20:24:24.449 [main] DEBUG org.hibernate.cfg.Settings - Maximum outer join fetch depth: null
20:24:24.449 [main] DEBUG org.hibernate.cfg.Settings - Default null ordering: NONE
20:24:24.449 [main] DEBUG org.hibernate.cfg.Settings - Order SQL updates by primary key: disabled
20:24:24.449 [main] DEBUG org.hibernate.cfg.Settings - Order SQL inserts for batching: disabled
20:24:24.449 [main] DEBUG org.hibernate.cfg.Settings - multi-tenancy strategy : NONE
20:24:24.449 [main] DEBUG org.hibernate.cfg.Settings - JTA Track by Thread: enabled
20:24:24.449 [main] DEBUG org.hibernate.cfg.Settings - Query language substitutions: {}
20:24:24.449 [main] DEBUG org.hibernate.cfg.Settings - JPA query language strict compliance: disabled
20:24:24.449 [main] DEBUG org.hibernate.cfg.Settings - Named query checking : enabled
20:24:24.449 [main] DEBUG org.hibernate.cfg.Settings - Second-level cache: enabled
20:24:24.449 [main] DEBUG org.hibernate.cfg.Settings - Second-level query cache: disabled
20:24:24.449 [main] DEBUG org.hibernate.cfg.Settings - Second-level query cache factory: org.hibernate.cache.internal.StandardQueryCacheFactory@767599a7
20:24:24.449 [main] DEBUG org.hibernate.cfg.Settings - Second-level cache region prefix: null
20:24:24.449 [main] DEBUG org.hibernate.cfg.Settings - Optimize second-level cache for minimal puts: disabled
20:24:24.449 [main] DEBUG org.hibernate.cfg.Settings - Structured second-level cache entries: disabled
20:24:24.449 [main] DEBUG org.hibernate.cfg.Settings - Second-level cache direct-reference entries: disabled
20:24:24.449 [main] DEBUG org.hibernate.cfg.Settings - Automatic eviction of collection cache: disabled
20:24:24.449 [main] DEBUG org.hibernate.cfg.Settings - JDBC batch size: 0
20:24:24.449 [main] DEBUG org.hibernate.cfg.Settings - JDBC batch updates for versioned data: enabled
20:24:24.449 [main] DEBUG org.hibernate.cfg.Settings - Scrollable result sets: disabled
20:24:24.449 [main] DEBUG org.hibernate.cfg.Settings - Wrap result sets: disabled
20:24:24.449 [main] DEBUG org.hibernate.cfg.Settings - JDBC3 getGeneratedKeys(): disabled
20:24:24.449 [main] DEBUG org.hibernate.cfg.Settings - JDBC result set fetch size: null
20:24:24.449 [main] DEBUG org.hibernate.cfg.Settings - Connection release mode: ON_CLOSE
20:24:24.449 [main] DEBUG org.hibernate.cfg.Settings - Generate SQL with comments: disabled
20:24:24.450 [main] DEBUG org.hibernate.internal.SessionFactoryImpl - Session factory constructed with filter configurations : {}
20:24:24.450 [main] DEBUG org.hibernate.internal.SessionFactoryImpl - Instantiating session factory with properties: {awt.toolkit=sun.awt.X11.XToolkit, java.specification.version=11, sun.cpu.isalist=, sun.jnu.encoding=UTF-8, hibernate.connection.release_mode=ON_CLOSE, sun.arch.data.model=64, java.vendor.url=http://java.oracle.com/, sun.boot.library.path=/usr/lib/jvm/java-11-openjdk-amd64/lib, sun.java.command=/home/whitewolf/tau/TAU-repozytorium/tau-mmo-jmeter/target/surefire/surefirebooter3743684750447416578.jar /home/whitewolf/tau/TAU-repozytorium/tau-mmo-jmeter/target/surefire 2019-05-27T20-24-21_781-jvmRun1 surefire6552960694995493992tmp surefire_06547653810239904951tmp, jdk.debug=release, java.specification.vendor=Oracle Corporation, java.version.date=2019-04-16, java.home=/usr/lib/jvm/java-11-openjdk-amd64, file.separator=/, basedir=/home/whitewolf/tau/TAU-repozytorium/tau-mmo-jmeter, java.vm.compressedOopsMode=Zero based, line.separator=
, java.specification.name=Java Platform API Specification, java.vm.specification.vendor=Oracle Corporation, hibernate.hbm2ddl.auto=update, sun.management.compiler=HotSpot 64-Bit Tiered Compilers, java.runtime.version=11.0.3+7-Ubuntu-1ubuntu218.04.1, user.name=whitewolf, file.encoding=UTF-8, hibernate.classLoaders=[jdk.internal.loader.ClassLoaders$AppClassLoader@1affbebc], hibernate.current_session_context_class=org.springframework.orm.hibernate5.SpringSessionContext, localRepository=/home/whitewolf/.m2/repository, java.io.tmpdir=/tmp, java.version=11.0.3, java.vm.specification.name=Java Virtual Machine Specification, java.awt.printerjob=sun.print.PSPrinterJob, sun.os.patch.level=unknown, java.library.path=/usr/java/packages/lib:/usr/lib/x86_64-linux-gnu/jni:/lib/x86_64-linux-gnu:/usr/lib/x86_64-linux-gnu:/usr/lib/jni:/lib:/usr/lib, java.vendor=Oracle Corporation, sun.io.unicode.encoding=UnicodeLittle, sun.desktop=gnome, hibernate.dialect=org.hibernate.dialect.HSQLDialect, java.class.path=/home/whitewolf/tau/TAU-repozytorium/tau-mmo-jmeter/target/test-classes:/home/whitewolf/tau/TAU-repozytorium/tau-mmo-jmeter/target/classes:/home/whitewolf/.m2/repository/org/springframework/boot/spring-boot-starter-web/2.1.4.RELEASE/spring-boot-starter-web-2.1.4.RELEASE.jar:/home/whitewolf/.m2/repository/org/springframework/boot/spring-boot-starter/2.1.4.RELEASE/spring-boot-starter-2.1.4.RELEASE.jar:/home/whitewolf/.m2/repository/org/springframework/boot/spring-boot/2.1.4.RELEASE/spring-boot-2.1.4.RELEASE.jar:/home/whitewolf/.m2/repository/org/springframework/boot/spring-boot-autoconfigure/2.1.4.RELEASE/spring-boot-autoconfigure-2.1.4.RELEASE.jar:/home/whitewolf/.m2/repository/org/springframework/boot/spring-boot-starter-logging/2.1.4.RELEASE/spring-boot-starter-logging-2.1.4.RELEASE.jar:/home/whitewolf/.m2/repository/ch/qos/logback/logback-classic/1.2.3/logback-classic-1.2.3.jar:/home/whitewolf/.m2/repository/ch/qos/logback/logback-core/1.2.3/logback-core-1.2.3.jar:/home/whitewolf/.m2/repository/org/apache/logging/log4j/log4j-to-slf4j/2.11.2/log4j-to-slf4j-2.11.2.jar:/home/whitewolf/.m2/repository/org/apache/logging/log4j/log4j-api/2.11.2/log4j-api-2.11.2.jar:/home/whitewolf/.m2/repository/org/slf4j/jul-to-slf4j/1.7.26/jul-to-slf4j-1.7.26.jar:/home/whitewolf/.m2/repository/org/yaml/snakeyaml/1.23/snakeyaml-1.23.jar:/home/whitewolf/.m2/repository/org/springframework/boot/spring-boot-starter-json/2.1.4.RELEASE/spring-boot-starter-json-2.1.4.RELEASE.jar:/home/whitewolf/.m2/repository/com/fasterxml/jackson/core/jackson-databind/2.9.8/jackson-databind-2.9.8.jar:/home/whitewolf/.m2/repository/com/fasterxml/jackson/core/jackson-annotations/2.9.0/jackson-annotations-2.9.0.jar:/home/whitewolf/.m2/repository/com/fasterxml/jackson/core/jackson-core/2.9.8/jackson-core-2.9.8.jar:/home/whitewolf/.m2/repository/com/fasterxml/jackson/datatype/jackson-datatype-jdk8/2.9.8/jackson-datatype-jdk8-2.9.8.jar:/home/whitewolf/.m2/repository/com/fasterxml/jackson/datatype/jackson-datatype-jsr310/2.9.8/jackson-datatype-jsr310-2.9.8.jar:/home/whitewolf/.m2/repository/com/fasterxml/jackson/module/jackson-module-parameter-names/2.9.8/jackson-module-parameter-names-2.9.8.jar:/home/whitewolf/.m2/repository/org/hibernate/validator/hibernate-validator/6.0.16.Final/hibernate-validator-6.0.16.Final.jar:/home/whitewolf/.m2/repository/javax/validation/validation-api/2.0.1.Final/validation-api-2.0.1.Final.jar:/home/whitewolf/.m2/repository/org/springframework/spring-web/5.1.6.RELEASE/spring-web-5.1.6.RELEASE.jar:/home/whitewolf/.m2/repository/org/springframework/spring-webmvc/5.1.6.RELEASE/spring-webmvc-5.1.6.RELEASE.jar:/home/whitewolf/.m2/repository/org/springframework/spring-aop/5.1.6.RELEASE/spring-aop-5.1.6.RELEASE.jar:/home/whitewolf/.m2/repository/org/springframework/spring-context/5.1.6.RELEASE/spring-context-5.1.6.RELEASE.jar:/home/whitewolf/.m2/repository/org/springframework/spring-expression/5.1.6.RELEASE/spring-expression-5.1.6.RELEASE.jar:/home/whitewolf/.m2/repository/org/springframework/boot/spring-boot-starter-test/2.1.4.RELEASE/spring-boot-starter-test-2.1.4.RELEASE.jar:/home/whitewolf/.m2/repository/org/springframework/boot/spring-boot-test/2.1.4.RELEASE/spring-boot-test-2.1.4.RELEASE.jar:/home/whitewolf/.m2/repository/org/springframework/boot/spring-boot-test-autoconfigure/2.1.4.RELEASE/spring-boot-test-autoconfigure-2.1.4.RELEASE.jar:/home/whitewolf/.m2/repository/junit/junit/4.12/junit-4.12.jar:/home/whitewolf/.m2/repository/org/assertj/assertj-core/3.11.1/assertj-core-3.11.1.jar:/home/whitewolf/.m2/repository/org/mockito/mockito-core/2.23.4/mockito-core-2.23.4.jar:/home/whitewolf/.m2/repository/net/bytebuddy/byte-buddy/1.9.12/byte-buddy-1.9.12.jar:/home/whitewolf/.m2/repository/net/bytebuddy/byte-buddy-agent/1.9.12/byte-buddy-agent-1.9.12.jar:/home/whitewolf/.m2/repository/org/objenesis/objenesis/2.6/objenesis-2.6.jar:/home/whitewolf/.m2/repository/org/hamcrest/hamcrest-core/1.3/hamcrest-core-1.3.jar:/home/whitewolf/.m2/repository/org/hamcrest/hamcrest-library/1.3/hamcrest-library-1.3.jar:/home/whitewolf/.m2/repository/org/skyscreamer/jsonassert/1.5.0/jsonassert-1.5.0.jar:/home/whitewolf/.m2/repository/com/vaadin/external/google/android-json/0.0.20131108.vaadin1/android-json-0.0.20131108.vaadin1.jar:/home/whitewolf/.m2/repository/org/springframework/spring-core/5.1.6.RELEASE/spring-core-5.1.6.RELEASE.jar:/home/whitewolf/.m2/repository/org/springframework/spring-jcl/5.1.6.RELEASE/spring-jcl-5.1.6.RELEASE.jar:/home/whitewolf/.m2/repository/org/springframework/spring-test/5.1.6.RELEASE/spring-test-5.1.6.RELEASE.jar:/home/whitewolf/.m2/repository/org/xmlunit/xmlunit-core/2.6.2/xmlunit-core-2.6.2.jar:/home/whitewolf/.m2/repository/org/springframework/boot/spring-boot-starter-tomcat/2.1.4.RELEASE/spring-boot-starter-tomcat-2.1.4.RELEASE.jar:/home/whitewolf/.m2/repository/javax/annotation/javax.annotation-api/1.3.2/javax.annotation-api-1.3.2.jar:/home/whitewolf/.m2/repository/org/apache/tomcat/embed/tomcat-embed-core/9.0.17/tomcat-embed-core-9.0.17.jar:/home/whitewolf/.m2/repository/org/apache/tomcat/embed/tomcat-embed-el/9.0.17/tomcat-embed-el-9.0.17.jar:/home/whitewolf/.m2/repository/org/apache/tomcat/embed/tomcat-embed-websocket/9.0.17/tomcat-embed-websocket-9.0.17.jar:/home/whitewolf/.m2/repository/org/springframework/boot/spring-boot-starter-data-jpa/2.1.4.RELEASE/spring-boot-starter-data-jpa-2.1.4.RELEASE.jar:/home/whitewolf/.m2/repository/org/springframework/boot/spring-boot-starter-aop/2.1.4.RELEASE/spring-boot-starter-aop-2.1.4.RELEASE.jar:/home/whitewolf/.m2/repository/org/aspectj/aspectjweaver/1.9.2/aspectjweaver-1.9.2.jar:/home/whitewolf/.m2/repository/org/springframework/boot/spring-boot-starter-jdbc/2.1.4.RELEASE/spring-boot-starter-jdbc-2.1.4.RELEASE.jar:/home/whitewolf/.m2/repository/com/zaxxer/HikariCP/3.2.0/HikariCP-3.2.0.jar:/home/whitewolf/.m2/repository/org/springframework/spring-jdbc/5.1.6.RELEASE/spring-jdbc-5.1.6.RELEASE.jar:/home/whitewolf/.m2/repository/javax/transaction/javax.transaction-api/1.3/javax.transaction-api-1.3.jar:/home/whitewolf/.m2/repository/javax/xml/bind/jaxb-api/2.3.1/jaxb-api-2.3.1.jar:/home/whitewolf/.m2/repository/javax/activation/javax.activation-api/1.2.0/javax.activation-api-1.2.0.jar:/home/whitewolf/.m2/repository/org/springframework/data/spring-data-jpa/2.1.6.RELEASE/spring-data-jpa-2.1.6.RELEASE.jar:/home/whitewolf/.m2/repository/org/springframework/data/spring-data-commons/2.1.6.RELEASE/spring-data-commons-2.1.6.RELEASE.jar:/home/whitewolf/.m2/repository/org/springframework/spring-orm/5.1.6.RELEASE/spring-orm-5.1.6.RELEASE.jar:/home/whitewolf/.m2/repository/org/springframework/spring-aspects/5.1.6.RELEASE/spring-aspects-5.1.6.RELEASE.jar:/home/whitewolf/.m2/repository/org/springframework/spring-tx/5.1.6.RELEASE/spring-tx-5.1.6.RELEASE.jar:/home/whitewolf/.m2/repository/org/springframework/spring-beans/5.1.6.RELEASE/spring-beans-5.1.6.RELEASE.jar:/home/whitewolf/.m2/repository/com/jayway/jsonpath/json-path/2.4.0/json-path-2.4.0.jar:/home/whitewolf/.m2/repository/net/minidev/json-smart/2.3/json-smart-2.3.jar:/home/whitewolf/.m2/repository/net/minidev/accessors-smart/1.2/accessors-smart-1.2.jar:/home/whitewolf/.m2/repository/org/ow2/asm/asm/5.0.4/asm-5.0.4.jar:/home/whitewolf/.m2/repository/org/slf4j/slf4j-api/1.7.26/slf4j-api-1.7.26.jar:/home/whitewolf/.m2/repository/org/hibernate/hibernate-core/5.1.6.Final/hibernate-core-5.1.6.Final.jar:/home/whitewolf/.m2/repository/org/jboss/logging/jboss-logging/3.3.2.Final/jboss-logging-3.3.2.Final.jar:/home/whitewolf/.m2/repository/org/hibernate/javax/persistence/hibernate-jpa-2.1-api/1.0.0.Final/hibernate-jpa-2.1-api-1.0.0.Final.jar:/home/whitewolf/.m2/repository/org/javassist/javassist/3.20.0-GA/javassist-3.20.0-GA.jar:/home/whitewolf/.m2/repository/antlr/antlr/2.7.7/antlr-2.7.7.jar:/home/whitewolf/.m2/repository/org/apache/geronimo/specs/geronimo-jta_1.1_spec/1.1.1/geronimo-jta_1.1_spec-1.1.1.jar:/home/whitewolf/.m2/repository/org/jboss/jandex/2.0.3.Final/jandex-2.0.3.Final.jar:/home/whitewolf/.m2/repository/com/fasterxml/classmate/1.4.0/classmate-1.4.0.jar:/home/whitewolf/.m2/repository/dom4j/dom4j/1.6.1/dom4j-1.6.1.jar:/home/whitewolf/.m2/repository/org/hibernate/common/hibernate-commons-annotations/5.0.1.Final/hibernate-commons-annotations-5.0.1.Final.jar:/home/whitewolf/.m2/repository/org/hsqldb/hsqldb/2.3.4/hsqldb-2.3.4.jar:, java.vm.vendor=Oracle Corporation, user.timezone=Europe/Warsaw, os.name=Linux, java.vm.specification.version=11, sun.java.launcher=SUN_STANDARD, user.country=PL, surefire.test.class.path=/home/whitewolf/tau/TAU-repozytorium/tau-mmo-jmeter/target/test-classes:/home/whitewolf/tau/TAU-repozytorium/tau-mmo-jmeter/target/classes:/home/whitewolf/.m2/repository/org/springframework/boot/spring-boot-starter-web/2.1.4.RELEASE/spring-boot-starter-web-2.1.4.RELEASE.jar:/home/whitewolf/.m2/repository/org/springframework/boot/spring-boot-starter/2.1.4.RELEASE/spring-boot-starter-2.1.4.RELEASE.jar:/home/whitewolf/.m2/repository/org/springframework/boot/spring-boot/2.1.4.RELEASE/spring-boot-2.1.4.RELEASE.jar:/home/whitewolf/.m2/repository/org/springframework/boot/spring-boot-autoconfigure/2.1.4.RELEASE/spring-boot-autoconfigure-2.1.4.RELEASE.jar:/home/whitewolf/.m2/repository/org/springframework/boot/spring-boot-starter-logging/2.1.4.RELEASE/spring-boot-starter-logging-2.1.4.RELEASE.jar:/home/whitewolf/.m2/repository/ch/qos/logback/logback-classic/1.2.3/logback-classic-1.2.3.jar:/home/whitewolf/.m2/repository/ch/qos/logback/logback-core/1.2.3/logback-core-1.2.3.jar:/home/whitewolf/.m2/repository/org/apache/logging/log4j/log4j-to-slf4j/2.11.2/log4j-to-slf4j-2.11.2.jar:/home/whitewolf/.m2/repository/org/apache/logging/log4j/log4j-api/2.11.2/log4j-api-2.11.2.jar:/home/whitewolf/.m2/repository/org/slf4j/jul-to-slf4j/1.7.26/jul-to-slf4j-1.7.26.jar:/home/whitewolf/.m2/repository/org/yaml/snakeyaml/1.23/snakeyaml-1.23.jar:/home/whitewolf/.m2/repository/org/springframework/boot/spring-boot-starter-json/2.1.4.RELEASE/spring-boot-starter-json-2.1.4.RELEASE.jar:/home/whitewolf/.m2/repository/com/fasterxml/jackson/core/jackson-databind/2.9.8/jackson-databind-2.9.8.jar:/home/whitewolf/.m2/repository/com/fasterxml/jackson/core/jackson-annotations/2.9.0/jackson-annotations-2.9.0.jar:/home/whitewolf/.m2/repository/com/fasterxml/jackson/core/jackson-core/2.9.8/jackson-core-2.9.8.jar:/home/whitewolf/.m2/repository/com/fasterxml/jackson/datatype/jackson-datatype-jdk8/2.9.8/jackson-datatype-jdk8-2.9.8.jar:/home/whitewolf/.m2/repository/com/fasterxml/jackson/datatype/jackson-datatype-jsr310/2.9.8/jackson-datatype-jsr310-2.9.8.jar:/home/whitewolf/.m2/repository/com/fasterxml/jackson/module/jackson-module-parameter-names/2.9.8/jackson-module-parameter-names-2.9.8.jar:/home/whitewolf/.m2/repository/org/hibernate/validator/hibernate-validator/6.0.16.Final/hibernate-validator-6.0.16.Final.jar:/home/whitewolf/.m2/repository/javax/validation/validation-api/2.0.1.Final/validation-api-2.0.1.Final.jar:/home/whitewolf/.m2/repository/org/springframework/spring-web/5.1.6.RELEASE/spring-web-5.1.6.RELEASE.jar:/home/whitewolf/.m2/repository/org/springframework/spring-webmvc/5.1.6.RELEASE/spring-webmvc-5.1.6.RELEASE.jar:/home/whitewolf/.m2/repository/org/springframework/spring-aop/5.1.6.RELEASE/spring-aop-5.1.6.RELEASE.jar:/home/whitewolf/.m2/repository/org/springframework/spring-context/5.1.6.RELEASE/spring-context-5.1.6.RELEASE.jar:/home/whitewolf/.m2/repository/org/springframework/spring-expression/5.1.6.RELEASE/spring-expression-5.1.6.RELEASE.jar:/home/whitewolf/.m2/repository/org/springframework/boot/spring-boot-starter-test/2.1.4.RELEASE/spring-boot-starter-test-2.1.4.RELEASE.jar:/home/whitewolf/.m2/repository/org/springframework/boot/spring-boot-test/2.1.4.RELEASE/spring-boot-test-2.1.4.RELEASE.jar:/home/whitewolf/.m2/repository/org/springframework/boot/spring-boot-test-autoconfigure/2.1.4.RELEASE/spring-boot-test-autoconfigure-2.1.4.RELEASE.jar:/home/whitewolf/.m2/repository/junit/junit/4.12/junit-4.12.jar:/home/whitewolf/.m2/repository/org/assertj/assertj-core/3.11.1/assertj-core-3.11.1.jar:/home/whitewolf/.m2/repository/org/mockito/mockito-core/2.23.4/mockito-core-2.23.4.jar:/home/whitewolf/.m2/repository/net/bytebuddy/byte-buddy/1.9.12/byte-buddy-1.9.12.jar:/home/whitewolf/.m2/repository/net/bytebuddy/byte-buddy-agent/1.9.12/byte-buddy-agent-1.9.12.jar:/home/whitewolf/.m2/repository/org/objenesis/objenesis/2.6/objenesis-2.6.jar:/home/whitewolf/.m2/repository/org/hamcrest/hamcrest-core/1.3/hamcrest-core-1.3.jar:/home/whitewolf/.m2/repository/org/hamcrest/hamcrest-library/1.3/hamcrest-library-1.3.jar:/home/whitewolf/.m2/repository/org/skyscreamer/jsonassert/1.5.0/jsonassert-1.5.0.jar:/home/whitewolf/.m2/repository/com/vaadin/external/google/android-json/0.0.20131108.vaadin1/android-json-0.0.20131108.vaadin1.jar:/home/whitewolf/.m2/repository/org/springframework/spring-core/5.1.6.RELEASE/spring-core-5.1.6.RELEASE.jar:/home/whitewolf/.m2/repository/org/springframework/spring-jcl/5.1.6.RELEASE/spring-jcl-5.1.6.RELEASE.jar:/home/whitewolf/.m2/repository/org/springframework/spring-test/5.1.6.RELEASE/spring-test-5.1.6.RELEASE.jar:/home/whitewolf/.m2/repository/org/xmlunit/xmlunit-core/2.6.2/xmlunit-core-2.6.2.jar:/home/whitewolf/.m2/repository/org/springframework/boot/spring-boot-starter-tomcat/2.1.4.RELEASE/spring-boot-starter-tomcat-2.1.4.RELEASE.jar:/home/whitewolf/.m2/repository/javax/annotation/javax.annotation-api/1.3.2/javax.annotation-api-1.3.2.jar:/home/whitewolf/.m2/repository/org/apache/tomcat/embed/tomcat-embed-core/9.0.17/tomcat-embed-core-9.0.17.jar:/home/whitewolf/.m2/repository/org/apache/tomcat/embed/tomcat-embed-el/9.0.17/tomcat-embed-el-9.0.17.jar:/home/whitewolf/.m2/repository/org/apache/tomcat/embed/tomcat-embed-websocket/9.0.17/tomcat-embed-websocket-9.0.17.jar:/home/whitewolf/.m2/repository/org/springframework/boot/spring-boot-starter-data-jpa/2.1.4.RELEASE/spring-boot-starter-data-jpa-2.1.4.RELEASE.jar:/home/whitewolf/.m2/repository/org/springframework/boot/spring-boot-starter-aop/2.1.4.RELEASE/spring-boot-starter-aop-2.1.4.RELEASE.jar:/home/whitewolf/.m2/repository/org/aspectj/aspectjweaver/1.9.2/aspectjweaver-1.9.2.jar:/home/whitewolf/.m2/repository/org/springframework/boot/spring-boot-starter-jdbc/2.1.4.RELEASE/spring-boot-starter-jdbc-2.1.4.RELEASE.jar:/home/whitewolf/.m2/repository/com/zaxxer/HikariCP/3.2.0/HikariCP-3.2.0.jar:/home/whitewolf/.m2/repository/org/springframework/spring-jdbc/5.1.6.RELEASE/spring-jdbc-5.1.6.RELEASE.jar:/home/whitewolf/.m2/repository/javax/transaction/javax.transaction-api/1.3/javax.transaction-api-1.3.jar:/home/whitewolf/.m2/repository/javax/xml/bind/jaxb-api/2.3.1/jaxb-api-2.3.1.jar:/home/whitewolf/.m2/repository/javax/activation/javax.activation-api/1.2.0/javax.activation-api-1.2.0.jar:/home/whitewolf/.m2/repository/org/springframework/data/spring-data-jpa/2.1.6.RELEASE/spring-data-jpa-2.1.6.RELEASE.jar:/home/whitewolf/.m2/repository/org/springframework/data/spring-data-commons/2.1.6.RELEASE/spring-data-commons-2.1.6.RELEASE.jar:/home/whitewolf/.m2/repository/org/springframework/spring-orm/5.1.6.RELEASE/spring-orm-5.1.6.RELEASE.jar:/home/whitewolf/.m2/repository/org/springframework/spring-aspects/5.1.6.RELEASE/spring-aspects-5.1.6.RELEASE.jar:/home/whitewolf/.m2/repository/org/springframework/spring-tx/5.1.6.RELEASE/spring-tx-5.1.6.RELEASE.jar:/home/whitewolf/.m2/repository/org/springframework/spring-beans/5.1.6.RELEASE/spring-beans-5.1.6.RELEASE.jar:/home/whitewolf/.m2/repository/com/jayway/jsonpath/json-path/2.4.0/json-path-2.4.0.jar:/home/whitewolf/.m2/repository/net/minidev/json-smart/2.3/json-smart-2.3.jar:/home/whitewolf/.m2/repository/net/minidev/accessors-smart/1.2/accessors-smart-1.2.jar:/home/whitewolf/.m2/repository/org/ow2/asm/asm/5.0.4/asm-5.0.4.jar:/home/whitewolf/.m2/repository/org/slf4j/slf4j-api/1.7.26/slf4j-api-1.7.26.jar:/home/whitewolf/.m2/repository/org/hibernate/hibernate-core/5.1.6.Final/hibernate-core-5.1.6.Final.jar:/home/whitewolf/.m2/repository/org/jboss/logging/jboss-logging/3.3.2.Final/jboss-logging-3.3.2.Final.jar:/home/whitewolf/.m2/repository/org/hibernate/javax/persistence/hibernate-jpa-2.1-api/1.0.0.Final/hibernate-jpa-2.1-api-1.0.0.Final.jar:/home/whitewolf/.m2/repository/org/javassist/javassist/3.20.0-GA/javassist-3.20.0-GA.jar:/home/whitewolf/.m2/repository/antlr/antlr/2.7.7/antlr-2.7.7.jar:/home/whitewolf/.m2/repository/org/apache/geronimo/specs/geronimo-jta_1.1_spec/1.1.1/geronimo-jta_1.1_spec-1.1.1.jar:/home/whitewolf/.m2/repository/org/jboss/jandex/2.0.3.Final/jandex-2.0.3.Final.jar:/home/whitewolf/.m2/repository/com/fasterxml/classmate/1.4.0/classmate-1.4.0.jar:/home/whitewolf/.m2/repository/dom4j/dom4j/1.6.1/dom4j-1.6.1.jar:/home/whitewolf/.m2/repository/org/hibernate/common/hibernate-commons-annotations/5.0.1.Final/hibernate-commons-annotations-5.0.1.Final.jar:/home/whitewolf/.m2/repository/org/hsqldb/hsqldb/2.3.4/hsqldb-2.3.4.jar:, sun.cpu.endian=little, user.home=/home/whitewolf, user.language=pl, java.awt.graphicsenv=sun.awt.X11GraphicsEnvironment, surefire.real.class.path=/home/whitewolf/tau/TAU-repozytorium/tau-mmo-jmeter/target/surefire/surefirebooter3743684750447416578.jar, path.separator=:, os.version=4.15.0-47-generic, java.runtime.name=OpenJDK Runtime Environment, java.vm.name=OpenJDK 64-Bit Server VM, hibernate.show_sql=true, java.vendor.url.bug=http://bugreport.java.com/bugreport/, user.dir=/home/whitewolf/tau/TAU-repozytorium/tau-mmo-jmeter, os.arch=amd64, hibernate.boot.CfgXmlAccessService.key=org.hibernate.boot.cfgxml.spi.LoadedConfig@5c82031b, java.vm.info=mixed mode, sharing, java.vm.version=11.0.3+7-Ubuntu-1ubuntu218.04.1, hibernate.bytecode.use_reflection_optimizer=false, hibernate.connection.datasource=org.springframework.jdbc.datasource.DriverManagerDataSource@3ace6346, java.class.version=55.0}
20:24:24.450 [main] DEBUG org.hibernate.validator.internal.engine.resolver.TraversableResolvers - Found javax.persistence.Persistence on classpath containing 'getPersistenceUtil'. Assuming JPA 2 environment. Trying to instantiate JPA aware TraversableResolver
20:24:24.451 [main] DEBUG org.hibernate.validator.internal.engine.resolver.TraversableResolvers - Instantiated JPA aware TraversableResolver of type org.hibernate.validator.internal.engine.resolver.JPATraversableResolver.
20:24:24.451 [main] DEBUG org.hibernate.validator.internal.xml.config.ValidationXmlParser - Trying to load META-INF/validation.xml for XML based Validator configuration.
20:24:24.451 [main] DEBUG org.hibernate.validator.internal.xml.config.ResourceLoaderHelper - Trying to load META-INF/validation.xml via TCCL
20:24:24.451 [main] DEBUG org.hibernate.validator.internal.xml.config.ResourceLoaderHelper - Trying to load META-INF/validation.xml via Hibernate Validator's class loader
20:24:24.451 [main] DEBUG org.hibernate.validator.internal.xml.config.ValidationXmlParser - No META-INF/validation.xml found. Using annotation based configuration only.
20:24:24.454 [main] DEBUG org.hibernate.validator.messageinterpolation.ResourceBundleMessageInterpolator - Loaded expression factory via original TCCL
20:24:24.454 [main] DEBUG org.hibernate.validator.internal.engine.ValidatorFactoryImpl - HV000234: Using org.hibernate.validator.messageinterpolation.ResourceBundleMessageInterpolator as ValidatorFactory-scoped message interpolator.
20:24:24.454 [main] DEBUG org.hibernate.validator.internal.engine.ValidatorFactoryImpl - HV000234: Using org.hibernate.validator.internal.engine.resolver.JPATraversableResolver as ValidatorFactory-scoped traversable resolver.
20:24:24.454 [main] DEBUG org.hibernate.validator.internal.engine.ValidatorFactoryImpl - HV000234: Using org.hibernate.validator.internal.util.ExecutableParameterNameProvider as ValidatorFactory-scoped parameter name provider.
20:24:24.454 [main] DEBUG org.hibernate.validator.internal.engine.ValidatorFactoryImpl - HV000234: Using org.hibernate.validator.internal.engine.DefaultClockProvider as ValidatorFactory-scoped clock provider.
20:24:24.454 [main] DEBUG org.hibernate.validator.internal.engine.ValidatorFactoryImpl - HV000234: Using org.hibernate.validator.internal.engine.scripting.DefaultScriptEvaluatorFactory as ValidatorFactory-scoped script evaluator factory.
20:24:24.454 [main] DEBUG org.hibernate.boot.internal.ClassLoaderAccessImpl - Not known whether passed class name [tau.mmo.domain.Item] is safe
20:24:24.454 [main] DEBUG org.hibernate.boot.internal.ClassLoaderAccessImpl - No temp ClassLoader provided; using live ClassLoader for loading potentially unsafe class : tau.mmo.domain.Item
20:24:24.458 [main] DEBUG org.hibernate.boot.internal.ClassLoaderAccessImpl - Not known whether passed class name [tau.mmo.domain.Player] is safe
20:24:24.458 [main] DEBUG org.hibernate.boot.internal.ClassLoaderAccessImpl - No temp ClassLoader provided; using live ClassLoader for loading potentially unsafe class : tau.mmo.domain.Player
20:24:24.461 [main] DEBUG org.hibernate.secure.spi.JaccIntegrator - Skipping JACC integration as it was not enabled
20:24:24.461 [main] DEBUG org.hibernate.boot.internal.ClassLoaderAccessImpl - Not known whether passed class name [tau.mmo.domain.Item] is safe
20:24:24.461 [main] DEBUG org.hibernate.boot.internal.ClassLoaderAccessImpl - No temp ClassLoader provided; using live ClassLoader for loading potentially unsafe class : tau.mmo.domain.Item
20:24:24.462 [main] DEBUG org.hibernate.boot.internal.ClassLoaderAccessImpl - Not known whether passed class name [tau.mmo.domain.Item] is safe
20:24:24.462 [main] DEBUG org.hibernate.boot.internal.ClassLoaderAccessImpl - No temp ClassLoader provided; using live ClassLoader for loading potentially unsafe class : tau.mmo.domain.Item
20:24:24.462 [main] DEBUG org.hibernate.boot.internal.ClassLoaderAccessImpl - Not known whether passed class name [tau.mmo.domain.Player] is safe
20:24:24.462 [main] DEBUG org.hibernate.boot.internal.ClassLoaderAccessImpl - No temp ClassLoader provided; using live ClassLoader for loading potentially unsafe class : tau.mmo.domain.Player
20:24:24.462 [main] DEBUG org.hibernate.boot.internal.ClassLoaderAccessImpl - Not known whether passed class name [tau.mmo.domain.Player] is safe
20:24:24.462 [main] DEBUG org.hibernate.boot.internal.ClassLoaderAccessImpl - No temp ClassLoader provided; using live ClassLoader for loading potentially unsafe class : tau.mmo.domain.Player
20:24:24.463 [main] DEBUG org.hibernate.persister.collection.AbstractCollectionPersister - Static SQL for collection: tau.mmo.domain.Player.items
20:24:24.463 [main] DEBUG org.hibernate.persister.collection.AbstractCollectionPersister -  Row insert: update item set player_id=? where id=?
20:24:24.463 [main] DEBUG org.hibernate.persister.collection.AbstractCollectionPersister -  Row update: update item set  where id=?
20:24:24.463 [main] DEBUG org.hibernate.persister.collection.AbstractCollectionPersister -  Row delete: update item set player_id=null where player_id=? and id=?
20:24:24.463 [main] DEBUG org.hibernate.persister.collection.AbstractCollectionPersister -  One-shot delete: update item set player_id=null where player_id=?
20:24:24.463 [main] DEBUG org.hibernate.persister.entity.AbstractEntityPersister - Static SQL for entity: tau.mmo.domain.Item
20:24:24.463 [main] DEBUG org.hibernate.persister.entity.AbstractEntityPersister -  Version select: select id from item where id =?
20:24:24.463 [main] DEBUG org.hibernate.persister.entity.AbstractEntityPersister -  Snapshot select: select item_.id, item_.itemclass as itemclas2_0_, item_.levelreq as levelreq3_0_, item_.name as name4_0_, item_.player_id as player_i5_0_ from item item_ where item_.id=?
20:24:24.463 [main] DEBUG org.hibernate.persister.entity.AbstractEntityPersister -  Insert 0: insert into item (itemclass, levelreq, name, player_id, id) values (?, ?, ?, ?, ?)
20:24:24.463 [main] DEBUG org.hibernate.persister.entity.AbstractEntityPersister -  Update 0: update item set itemclass=?, levelreq=?, name=?, player_id=? where id=?
20:24:24.463 [main] DEBUG org.hibernate.persister.entity.AbstractEntityPersister -  Delete 0: delete from item where id=?
20:24:24.463 [main] DEBUG org.hibernate.loader.plan.build.internal.spaces.QuerySpacesImpl - Adding QuerySpace : uid = <gen:0> -> org.hibernate.loader.plan.build.internal.spaces.EntityQuerySpaceImpl@5db0003d]
20:24:24.463 [main] DEBUG org.hibernate.persister.walking.spi.MetamodelGraphWalker - Visiting attribute path : itemclass
20:24:24.463 [main] DEBUG org.hibernate.persister.walking.spi.MetamodelGraphWalker - Visiting attribute path : levelreq
20:24:24.463 [main] DEBUG org.hibernate.persister.walking.spi.MetamodelGraphWalker - Visiting attribute path : name
20:24:24.463 [main] DEBUG org.hibernate.persister.walking.spi.MetamodelGraphWalker - Visiting attribute path : player
20:24:24.464 [main] DEBUG org.hibernate.loader.plan.build.internal.spaces.QuerySpacesImpl - Adding QuerySpace : uid = <gen:1> -> org.hibernate.loader.plan.build.internal.spaces.EntityQuerySpaceImpl@589fb74d]
20:24:24.464 [main] DEBUG org.hibernate.loader.plan.build.internal.FetchStyleLoadPlanBuildingAssociationVisitationStrategy - Building LoadPlan...
20:24:24.464 [main] DEBUG org.hibernate.loader.plan.exec.internal.LoadQueryJoinAndFetchProcessor - processing queryspace <gen:0>
20:24:24.464 [main] DEBUG org.hibernate.loader.plan.build.spi.LoadPlanTreePrinter - LoadPlan(entity=tau.mmo.domain.Item)
    - Returns
       - EntityReturnImpl(entity=tau.mmo.domain.Item, querySpaceUid=<gen:0>, path=tau.mmo.domain.Item)
          - EntityAttributeFetchImpl(entity=tau.mmo.domain.Player, querySpaceUid=<gen:1>, path=tau.mmo.domain.Item.player)
    - QuerySpaces
       - EntityQuerySpaceImpl(uid=<gen:0>, entity=tau.mmo.domain.Item)
          - SQL table alias mapping - item0_
          - alias suffix - 0_
          - suffixed key columns - {id1_0_0_}

20:24:24.464 [main] DEBUG org.hibernate.loader.entity.plan.EntityLoader - Static select for entity tau.mmo.domain.Item [NONE]: select item0_.id as id1_0_0_, item0_.itemclass as itemclas2_0_0_, item0_.levelreq as levelreq3_0_0_, item0_.name as name4_0_0_, item0_.player_id as player_i5_0_0_ from item item0_ where item0_.id=?
20:24:24.464 [main] DEBUG org.hibernate.loader.plan.build.internal.spaces.QuerySpacesImpl - Adding QuerySpace : uid = <gen:0> -> org.hibernate.loader.plan.build.internal.spaces.EntityQuerySpaceImpl@200d1a3d]
20:24:24.464 [main] DEBUG org.hibernate.persister.walking.spi.MetamodelGraphWalker - Visiting attribute path : itemclass
20:24:24.464 [main] DEBUG org.hibernate.persister.walking.spi.MetamodelGraphWalker - Visiting attribute path : levelreq
20:24:24.464 [main] DEBUG org.hibernate.persister.walking.spi.MetamodelGraphWalker - Visiting attribute path : name
20:24:24.464 [main] DEBUG org.hibernate.persister.walking.spi.MetamodelGraphWalker - Visiting attribute path : player
20:24:24.464 [main] DEBUG org.hibernate.loader.plan.build.internal.spaces.QuerySpacesImpl - Adding QuerySpace : uid = <gen:1> -> org.hibernate.loader.plan.build.internal.spaces.EntityQuerySpaceImpl@12567179]
20:24:24.464 [main] DEBUG org.hibernate.loader.plan.build.internal.FetchStyleLoadPlanBuildingAssociationVisitationStrategy - Building LoadPlan...
20:24:24.464 [main] DEBUG org.hibernate.loader.plan.exec.internal.LoadQueryJoinAndFetchProcessor - processing queryspace <gen:0>
20:24:24.464 [main] DEBUG org.hibernate.loader.plan.build.spi.LoadPlanTreePrinter - LoadPlan(entity=tau.mmo.domain.Item)
    - Returns
       - EntityReturnImpl(entity=tau.mmo.domain.Item, querySpaceUid=<gen:0>, path=tau.mmo.domain.Item)
          - EntityAttributeFetchImpl(entity=tau.mmo.domain.Player, querySpaceUid=<gen:1>, path=tau.mmo.domain.Item.player)
    - QuerySpaces
       - EntityQuerySpaceImpl(uid=<gen:0>, entity=tau.mmo.domain.Item)
          - SQL table alias mapping - item0_
          - alias suffix - 0_
          - suffixed key columns - {id1_0_0_}

20:24:24.464 [main] DEBUG org.hibernate.loader.entity.plan.EntityLoader - Static select for entity tau.mmo.domain.Item [READ]: select item0_.id as id1_0_0_, item0_.itemclass as itemclas2_0_0_, item0_.levelreq as levelreq3_0_0_, item0_.name as name4_0_0_, item0_.player_id as player_i5_0_0_ from item item0_ where item0_.id=?
20:24:24.465 [main] DEBUG org.hibernate.loader.plan.build.internal.spaces.QuerySpacesImpl - Adding QuerySpace : uid = <gen:0> -> org.hibernate.loader.plan.build.internal.spaces.EntityQuerySpaceImpl@37d699a1]
20:24:24.465 [main] DEBUG org.hibernate.persister.walking.spi.MetamodelGraphWalker - Visiting attribute path : itemclass
20:24:24.465 [main] DEBUG org.hibernate.persister.walking.spi.MetamodelGraphWalker - Visiting attribute path : levelreq
20:24:24.465 [main] DEBUG org.hibernate.persister.walking.spi.MetamodelGraphWalker - Visiting attribute path : name
20:24:24.465 [main] DEBUG org.hibernate.persister.walking.spi.MetamodelGraphWalker - Visiting attribute path : player
20:24:24.465 [main] DEBUG org.hibernate.loader.plan.build.internal.spaces.QuerySpacesImpl - Adding QuerySpace : uid = <gen:1> -> org.hibernate.loader.plan.build.internal.spaces.EntityQuerySpaceImpl@8eb6f9a]
20:24:24.465 [main] DEBUG org.hibernate.loader.plan.build.internal.FetchStyleLoadPlanBuildingAssociationVisitationStrategy - Building LoadPlan...
20:24:24.465 [main] DEBUG org.hibernate.loader.plan.exec.internal.LoadQueryJoinAndFetchProcessor - processing queryspace <gen:0>
20:24:24.465 [main] DEBUG org.hibernate.loader.plan.build.spi.LoadPlanTreePrinter - LoadPlan(entity=tau.mmo.domain.Item)
    - Returns
       - EntityReturnImpl(entity=tau.mmo.domain.Item, querySpaceUid=<gen:0>, path=tau.mmo.domain.Item)
          - EntityAttributeFetchImpl(entity=tau.mmo.domain.Player, querySpaceUid=<gen:1>, path=tau.mmo.domain.Item.player)
    - QuerySpaces
       - EntityQuerySpaceImpl(uid=<gen:0>, entity=tau.mmo.domain.Item)
          - SQL table alias mapping - item0_
          - alias suffix - 0_
          - suffixed key columns - {id1_0_0_}

20:24:24.465 [main] DEBUG org.hibernate.loader.entity.plan.EntityLoader - Static select for entity tau.mmo.domain.Item [UPGRADE]: select item0_.id as id1_0_0_, item0_.itemclass as itemclas2_0_0_, item0_.levelreq as levelreq3_0_0_, item0_.name as name4_0_0_, item0_.player_id as player_i5_0_0_ from item item0_ where item0_.id=? for update
20:24:24.465 [main] DEBUG org.hibernate.loader.plan.build.internal.spaces.QuerySpacesImpl - Adding QuerySpace : uid = <gen:0> -> org.hibernate.loader.plan.build.internal.spaces.EntityQuerySpaceImpl@29170a47]
20:24:24.465 [main] DEBUG org.hibernate.persister.walking.spi.MetamodelGraphWalker - Visiting attribute path : itemclass
20:24:24.465 [main] DEBUG org.hibernate.persister.walking.spi.MetamodelGraphWalker - Visiting attribute path : levelreq
20:24:24.465 [main] DEBUG org.hibernate.persister.walking.spi.MetamodelGraphWalker - Visiting attribute path : name
20:24:24.465 [main] DEBUG org.hibernate.persister.walking.spi.MetamodelGraphWalker - Visiting attribute path : player
20:24:24.465 [main] DEBUG org.hibernate.loader.plan.build.internal.spaces.QuerySpacesImpl - Adding QuerySpace : uid = <gen:1> -> org.hibernate.loader.plan.build.internal.spaces.EntityQuerySpaceImpl@402b4f81]
20:24:24.465 [main] DEBUG org.hibernate.loader.plan.build.internal.FetchStyleLoadPlanBuildingAssociationVisitationStrategy - Building LoadPlan...
20:24:24.465 [main] DEBUG org.hibernate.loader.plan.exec.internal.LoadQueryJoinAndFetchProcessor - processing queryspace <gen:0>
20:24:24.465 [main] DEBUG org.hibernate.loader.plan.build.spi.LoadPlanTreePrinter - LoadPlan(entity=tau.mmo.domain.Item)
    - Returns
       - EntityReturnImpl(entity=tau.mmo.domain.Item, querySpaceUid=<gen:0>, path=tau.mmo.domain.Item)
          - EntityAttributeFetchImpl(entity=tau.mmo.domain.Player, querySpaceUid=<gen:1>, path=tau.mmo.domain.Item.player)
    - QuerySpaces
       - EntityQuerySpaceImpl(uid=<gen:0>, entity=tau.mmo.domain.Item)
          - SQL table alias mapping - item0_
          - alias suffix - 0_
          - suffixed key columns - {id1_0_0_}

20:24:24.465 [main] DEBUG org.hibernate.loader.entity.plan.EntityLoader - Static select for entity tau.mmo.domain.Item [UPGRADE_NOWAIT]: select item0_.id as id1_0_0_, item0_.itemclass as itemclas2_0_0_, item0_.levelreq as levelreq3_0_0_, item0_.name as name4_0_0_, item0_.player_id as player_i5_0_0_ from item item0_ where item0_.id=? for update
20:24:24.466 [main] DEBUG org.hibernate.loader.plan.build.internal.spaces.QuerySpacesImpl - Adding QuerySpace : uid = <gen:0> -> org.hibernate.loader.plan.build.internal.spaces.EntityQuerySpaceImpl@13ef7fa1]
20:24:24.466 [main] DEBUG org.hibernate.persister.walking.spi.MetamodelGraphWalker - Visiting attribute path : itemclass
20:24:24.466 [main] DEBUG org.hibernate.persister.walking.spi.MetamodelGraphWalker - Visiting attribute path : levelreq
20:24:24.466 [main] DEBUG org.hibernate.persister.walking.spi.MetamodelGraphWalker - Visiting attribute path : name
20:24:24.466 [main] DEBUG org.hibernate.persister.walking.spi.MetamodelGraphWalker - Visiting attribute path : player
20:24:24.466 [main] DEBUG org.hibernate.loader.plan.build.internal.spaces.QuerySpacesImpl - Adding QuerySpace : uid = <gen:1> -> org.hibernate.loader.plan.build.internal.spaces.EntityQuerySpaceImpl@54489296]
20:24:24.466 [main] DEBUG org.hibernate.loader.plan.build.internal.FetchStyleLoadPlanBuildingAssociationVisitationStrategy - Building LoadPlan...
20:24:24.466 [main] DEBUG org.hibernate.loader.plan.exec.internal.LoadQueryJoinAndFetchProcessor - processing queryspace <gen:0>
20:24:24.466 [main] DEBUG org.hibernate.loader.plan.build.spi.LoadPlanTreePrinter - LoadPlan(entity=tau.mmo.domain.Item)
    - Returns
       - EntityReturnImpl(entity=tau.mmo.domain.Item, querySpaceUid=<gen:0>, path=tau.mmo.domain.Item)
          - EntityAttributeFetchImpl(entity=tau.mmo.domain.Player, querySpaceUid=<gen:1>, path=tau.mmo.domain.Item.player)
    - QuerySpaces
       - EntityQuerySpaceImpl(uid=<gen:0>, entity=tau.mmo.domain.Item)
          - SQL table alias mapping - item0_
          - alias suffix - 0_
          - suffixed key columns - {id1_0_0_}

20:24:24.466 [main] DEBUG org.hibernate.loader.entity.plan.EntityLoader - Static select for entity tau.mmo.domain.Item [UPGRADE_SKIPLOCKED]: select item0_.id as id1_0_0_, item0_.itemclass as itemclas2_0_0_, item0_.levelreq as levelreq3_0_0_, item0_.name as name4_0_0_, item0_.player_id as player_i5_0_0_ from item item0_ where item0_.id=? for update
20:24:24.466 [main] DEBUG org.hibernate.loader.plan.build.internal.spaces.QuerySpacesImpl - Adding QuerySpace : uid = <gen:0> -> org.hibernate.loader.plan.build.internal.spaces.EntityQuerySpaceImpl@4e8598d9]
20:24:24.466 [main] DEBUG org.hibernate.persister.walking.spi.MetamodelGraphWalker - Visiting attribute path : itemclass
20:24:24.466 [main] DEBUG org.hibernate.persister.walking.spi.MetamodelGraphWalker - Visiting attribute path : levelreq
20:24:24.466 [main] DEBUG org.hibernate.persister.walking.spi.MetamodelGraphWalker - Visiting attribute path : name
20:24:24.466 [main] DEBUG org.hibernate.persister.walking.spi.MetamodelGraphWalker - Visiting attribute path : player
20:24:24.466 [main] DEBUG org.hibernate.loader.plan.build.internal.spaces.QuerySpacesImpl - Adding QuerySpace : uid = <gen:1> -> org.hibernate.loader.plan.build.internal.spaces.EntityQuerySpaceImpl@7c4b5ceb]
20:24:24.466 [main] DEBUG org.hibernate.loader.plan.build.internal.FetchStyleLoadPlanBuildingAssociationVisitationStrategy - Building LoadPlan...
20:24:24.466 [main] DEBUG org.hibernate.loader.plan.exec.internal.LoadQueryJoinAndFetchProcessor - processing queryspace <gen:0>
20:24:24.466 [main] DEBUG org.hibernate.loader.plan.build.spi.LoadPlanTreePrinter - LoadPlan(entity=tau.mmo.domain.Item)
    - Returns
       - EntityReturnImpl(entity=tau.mmo.domain.Item, querySpaceUid=<gen:0>, path=tau.mmo.domain.Item)
          - EntityAttributeFetchImpl(entity=tau.mmo.domain.Player, querySpaceUid=<gen:1>, path=tau.mmo.domain.Item.player)
    - QuerySpaces
       - EntityQuerySpaceImpl(uid=<gen:0>, entity=tau.mmo.domain.Item)
          - SQL table alias mapping - item0_
          - alias suffix - 0_
          - suffixed key columns - {id1_0_0_}

20:24:24.466 [main] DEBUG org.hibernate.loader.entity.plan.EntityLoader - Static select for entity tau.mmo.domain.Item [FORCE]: select item0_.id as id1_0_0_, item0_.itemclass as itemclas2_0_0_, item0_.levelreq as levelreq3_0_0_, item0_.name as name4_0_0_, item0_.player_id as player_i5_0_0_ from item item0_ where item0_.id=? for update
20:24:24.466 [main] DEBUG org.hibernate.loader.plan.build.internal.spaces.QuerySpacesImpl - Adding QuerySpace : uid = <gen:0> -> org.hibernate.loader.plan.build.internal.spaces.EntityQuerySpaceImpl@6c07add6]
20:24:24.467 [main] DEBUG org.hibernate.persister.walking.spi.MetamodelGraphWalker - Visiting attribute path : itemclass
20:24:24.467 [main] DEBUG org.hibernate.persister.walking.spi.MetamodelGraphWalker - Visiting attribute path : levelreq
20:24:24.467 [main] DEBUG org.hibernate.persister.walking.spi.MetamodelGraphWalker - Visiting attribute path : name
20:24:24.467 [main] DEBUG org.hibernate.persister.walking.spi.MetamodelGraphWalker - Visiting attribute path : player
20:24:24.467 [main] DEBUG org.hibernate.loader.plan.build.internal.spaces.QuerySpacesImpl - Adding QuerySpace : uid = <gen:1> -> org.hibernate.loader.plan.build.internal.spaces.EntityQuerySpaceImpl@57a667c8]
20:24:24.467 [main] DEBUG org.hibernate.loader.plan.build.internal.FetchStyleLoadPlanBuildingAssociationVisitationStrategy - Building LoadPlan...
20:24:24.467 [main] DEBUG org.hibernate.loader.plan.exec.internal.LoadQueryJoinAndFetchProcessor - processing queryspace <gen:0>
20:24:24.467 [main] DEBUG org.hibernate.loader.plan.build.spi.LoadPlanTreePrinter - LoadPlan(entity=tau.mmo.domain.Item)
    - Returns
       - EntityReturnImpl(entity=tau.mmo.domain.Item, querySpaceUid=<gen:0>, path=tau.mmo.domain.Item)
          - EntityAttributeFetchImpl(entity=tau.mmo.domain.Player, querySpaceUid=<gen:1>, path=tau.mmo.domain.Item.player)
    - QuerySpaces
       - EntityQuerySpaceImpl(uid=<gen:0>, entity=tau.mmo.domain.Item)
          - SQL table alias mapping - item0_
          - alias suffix - 0_
          - suffixed key columns - {id1_0_0_}

20:24:24.467 [main] DEBUG org.hibernate.loader.entity.plan.EntityLoader - Static select for entity tau.mmo.domain.Item [PESSIMISTIC_READ]: select item0_.id as id1_0_0_, item0_.itemclass as itemclas2_0_0_, item0_.levelreq as levelreq3_0_0_, item0_.name as name4_0_0_, item0_.player_id as player_i5_0_0_ from item item0_ where item0_.id=? for update
20:24:24.467 [main] DEBUG org.hibernate.loader.plan.build.internal.spaces.QuerySpacesImpl - Adding QuerySpace : uid = <gen:0> -> org.hibernate.loader.plan.build.internal.spaces.EntityQuerySpaceImpl@712cd5d3]
20:24:24.467 [main] DEBUG org.hibernate.persister.walking.spi.MetamodelGraphWalker - Visiting attribute path : itemclass
20:24:24.467 [main] DEBUG org.hibernate.persister.walking.spi.MetamodelGraphWalker - Visiting attribute path : levelreq
20:24:24.467 [main] DEBUG org.hibernate.persister.walking.spi.MetamodelGraphWalker - Visiting attribute path : name
20:24:24.467 [main] DEBUG org.hibernate.persister.walking.spi.MetamodelGraphWalker - Visiting attribute path : player
20:24:24.467 [main] DEBUG org.hibernate.loader.plan.build.internal.spaces.QuerySpacesImpl - Adding QuerySpace : uid = <gen:1> -> org.hibernate.loader.plan.build.internal.spaces.EntityQuerySpaceImpl@1b17d8ab]
20:24:24.467 [main] DEBUG org.hibernate.loader.plan.build.internal.FetchStyleLoadPlanBuildingAssociationVisitationStrategy - Building LoadPlan...
20:24:24.467 [main] DEBUG org.hibernate.loader.plan.exec.internal.LoadQueryJoinAndFetchProcessor - processing queryspace <gen:0>
20:24:24.467 [main] DEBUG org.hibernate.loader.plan.build.spi.LoadPlanTreePrinter - LoadPlan(entity=tau.mmo.domain.Item)
    - Returns
       - EntityReturnImpl(entity=tau.mmo.domain.Item, querySpaceUid=<gen:0>, path=tau.mmo.domain.Item)
          - EntityAttributeFetchImpl(entity=tau.mmo.domain.Player, querySpaceUid=<gen:1>, path=tau.mmo.domain.Item.player)
    - QuerySpaces
       - EntityQuerySpaceImpl(uid=<gen:0>, entity=tau.mmo.domain.Item)
          - SQL table alias mapping - item0_
          - alias suffix - 0_
          - suffixed key columns - {id1_0_0_}

20:24:24.467 [main] DEBUG org.hibernate.loader.entity.plan.EntityLoader - Static select for entity tau.mmo.domain.Item [PESSIMISTIC_WRITE]: select item0_.id as id1_0_0_, item0_.itemclass as itemclas2_0_0_, item0_.levelreq as levelreq3_0_0_, item0_.name as name4_0_0_, item0_.player_id as player_i5_0_0_ from item item0_ where item0_.id=? for update
20:24:24.467 [main] DEBUG org.hibernate.loader.plan.build.internal.spaces.QuerySpacesImpl - Adding QuerySpace : uid = <gen:0> -> org.hibernate.loader.plan.build.internal.spaces.EntityQuerySpaceImpl@7f6b7426]
20:24:24.468 [main] DEBUG org.hibernate.persister.walking.spi.MetamodelGraphWalker - Visiting attribute path : itemclass
20:24:24.468 [main] DEBUG org.hibernate.persister.walking.spi.MetamodelGraphWalker - Visiting attribute path : levelreq
20:24:24.468 [main] DEBUG org.hibernate.persister.walking.spi.MetamodelGraphWalker - Visiting attribute path : name
20:24:24.468 [main] DEBUG org.hibernate.persister.walking.spi.MetamodelGraphWalker - Visiting attribute path : player
20:24:24.468 [main] DEBUG org.hibernate.loader.plan.build.internal.spaces.QuerySpacesImpl - Adding QuerySpace : uid = <gen:1> -> org.hibernate.loader.plan.build.internal.spaces.EntityQuerySpaceImpl@6d969330]
20:24:24.468 [main] DEBUG org.hibernate.loader.plan.build.internal.FetchStyleLoadPlanBuildingAssociationVisitationStrategy - Building LoadPlan...
20:24:24.468 [main] DEBUG org.hibernate.loader.plan.exec.internal.LoadQueryJoinAndFetchProcessor - processing queryspace <gen:0>
20:24:24.468 [main] DEBUG org.hibernate.loader.plan.build.spi.LoadPlanTreePrinter - LoadPlan(entity=tau.mmo.domain.Item)
    - Returns
       - EntityReturnImpl(entity=tau.mmo.domain.Item, querySpaceUid=<gen:0>, path=tau.mmo.domain.Item)
          - EntityAttributeFetchImpl(entity=tau.mmo.domain.Player, querySpaceUid=<gen:1>, path=tau.mmo.domain.Item.player)
    - QuerySpaces
       - EntityQuerySpaceImpl(uid=<gen:0>, entity=tau.mmo.domain.Item)
          - SQL table alias mapping - item0_
          - alias suffix - 0_
          - suffixed key columns - {id1_0_0_}

20:24:24.468 [main] DEBUG org.hibernate.loader.entity.plan.EntityLoader - Static select for entity tau.mmo.domain.Item [PESSIMISTIC_FORCE_INCREMENT]: select item0_.id as id1_0_0_, item0_.itemclass as itemclas2_0_0_, item0_.levelreq as levelreq3_0_0_, item0_.name as name4_0_0_, item0_.player_id as player_i5_0_0_ from item item0_ where item0_.id=? for update
20:24:24.468 [main] DEBUG org.hibernate.loader.plan.build.internal.spaces.QuerySpacesImpl - Adding QuerySpace : uid = <gen:0> -> org.hibernate.loader.plan.build.internal.spaces.EntityQuerySpaceImpl@4861cca9]
20:24:24.468 [main] DEBUG org.hibernate.persister.walking.spi.MetamodelGraphWalker - Visiting attribute path : itemclass
20:24:24.468 [main] DEBUG org.hibernate.persister.walking.spi.MetamodelGraphWalker - Visiting attribute path : levelreq
20:24:24.468 [main] DEBUG org.hibernate.persister.walking.spi.MetamodelGraphWalker - Visiting attribute path : name
20:24:24.468 [main] DEBUG org.hibernate.persister.walking.spi.MetamodelGraphWalker - Visiting attribute path : player
20:24:24.468 [main] DEBUG org.hibernate.loader.plan.build.internal.spaces.QuerySpacesImpl - Adding QuerySpace : uid = <gen:1> -> org.hibernate.loader.plan.build.internal.spaces.EntityQuerySpaceImpl@714e861f]
20:24:24.468 [main] DEBUG org.hibernate.loader.plan.build.internal.FetchStyleLoadPlanBuildingAssociationVisitationStrategy - Building LoadPlan...
20:24:24.468 [main] DEBUG org.hibernate.loader.plan.exec.internal.LoadQueryJoinAndFetchProcessor - processing queryspace <gen:0>
20:24:24.468 [main] DEBUG org.hibernate.loader.plan.build.spi.LoadPlanTreePrinter - LoadPlan(entity=tau.mmo.domain.Item)
    - Returns
       - EntityReturnImpl(entity=tau.mmo.domain.Item, querySpaceUid=<gen:0>, path=tau.mmo.domain.Item)
          - EntityAttributeFetchImpl(entity=tau.mmo.domain.Player, querySpaceUid=<gen:1>, path=tau.mmo.domain.Item.player)
    - QuerySpaces
       - EntityQuerySpaceImpl(uid=<gen:0>, entity=tau.mmo.domain.Item)
          - SQL table alias mapping - item0_
          - alias suffix - 0_
          - suffixed key columns - {id1_0_0_}

20:24:24.468 [main] DEBUG org.hibernate.loader.entity.plan.EntityLoader - Static select for entity tau.mmo.domain.Item [OPTIMISTIC]: select item0_.id as id1_0_0_, item0_.itemclass as itemclas2_0_0_, item0_.levelreq as levelreq3_0_0_, item0_.name as name4_0_0_, item0_.player_id as player_i5_0_0_ from item item0_ where item0_.id=?
20:24:24.468 [main] DEBUG org.hibernate.loader.plan.build.internal.spaces.QuerySpacesImpl - Adding QuerySpace : uid = <gen:0> -> org.hibernate.loader.plan.build.internal.spaces.EntityQuerySpaceImpl@28989415]
20:24:24.468 [main] DEBUG org.hibernate.persister.walking.spi.MetamodelGraphWalker - Visiting attribute path : itemclass
20:24:24.468 [main] DEBUG org.hibernate.persister.walking.spi.MetamodelGraphWalker - Visiting attribute path : levelreq
20:24:24.468 [main] DEBUG org.hibernate.persister.walking.spi.MetamodelGraphWalker - Visiting attribute path : name
20:24:24.468 [main] DEBUG org.hibernate.persister.walking.spi.MetamodelGraphWalker - Visiting attribute path : player
20:24:24.468 [main] DEBUG org.hibernate.loader.plan.build.internal.spaces.QuerySpacesImpl - Adding QuerySpace : uid = <gen:1> -> org.hibernate.loader.plan.build.internal.spaces.EntityQuerySpaceImpl@781dbe44]
20:24:24.468 [main] DEBUG org.hibernate.loader.plan.build.internal.FetchStyleLoadPlanBuildingAssociationVisitationStrategy - Building LoadPlan...
20:24:24.469 [main] DEBUG org.hibernate.loader.plan.exec.internal.LoadQueryJoinAndFetchProcessor - processing queryspace <gen:0>
20:24:24.469 [main] DEBUG org.hibernate.loader.plan.build.spi.LoadPlanTreePrinter - LoadPlan(entity=tau.mmo.domain.Item)
    - Returns
       - EntityReturnImpl(entity=tau.mmo.domain.Item, querySpaceUid=<gen:0>, path=tau.mmo.domain.Item)
          - EntityAttributeFetchImpl(entity=tau.mmo.domain.Player, querySpaceUid=<gen:1>, path=tau.mmo.domain.Item.player)
    - QuerySpaces
       - EntityQuerySpaceImpl(uid=<gen:0>, entity=tau.mmo.domain.Item)
          - SQL table alias mapping - item0_
          - alias suffix - 0_
          - suffixed key columns - {id1_0_0_}

20:24:24.469 [main] DEBUG org.hibernate.loader.entity.plan.EntityLoader - Static select for entity tau.mmo.domain.Item [OPTIMISTIC_FORCE_INCREMENT]: select item0_.id as id1_0_0_, item0_.itemclass as itemclas2_0_0_, item0_.levelreq as levelreq3_0_0_, item0_.name as name4_0_0_, item0_.player_id as player_i5_0_0_ from item item0_ where item0_.id=?
20:24:24.469 [main] DEBUG org.hibernate.loader.Loader - Static select for action ACTION_MERGE on entity tau.mmo.domain.Item: select item0_.id as id1_0_0_, item0_.itemclass as itemclas2_0_0_, item0_.levelreq as levelreq3_0_0_, item0_.name as name4_0_0_, item0_.player_id as player_i5_0_0_ from item item0_ where item0_.id=?
20:24:24.469 [main] DEBUG org.hibernate.loader.Loader - Static select for action ACTION_REFRESH on entity tau.mmo.domain.Item: select item0_.id as id1_0_0_, item0_.itemclass as itemclas2_0_0_, item0_.levelreq as levelreq3_0_0_, item0_.name as name4_0_0_, item0_.player_id as player_i5_0_0_ from item item0_ where item0_.id=?
20:24:24.469 [main] DEBUG org.hibernate.persister.entity.AbstractEntityPersister - Static SQL for entity: tau.mmo.domain.Player
20:24:24.469 [main] DEBUG org.hibernate.persister.entity.AbstractEntityPersister -  Version select: select id from player where id =?
20:24:24.469 [main] DEBUG org.hibernate.persister.entity.AbstractEntityPersister -  Snapshot select: select player_.id, player_.heroclass as heroclas2_1_, player_.level as level3_1_, player_.name as name4_1_ from player player_ where player_.id=?
20:24:24.469 [main] DEBUG org.hibernate.persister.entity.AbstractEntityPersister -  Insert 0: insert into player (heroclass, level, name, id) values (?, ?, ?, ?)
20:24:24.469 [main] DEBUG org.hibernate.persister.entity.AbstractEntityPersister -  Update 0: update player set heroclass=?, level=?, name=? where id=?
20:24:24.469 [main] DEBUG org.hibernate.persister.entity.AbstractEntityPersister -  Delete 0: delete from player where id=?
20:24:24.469 [main] DEBUG org.hibernate.loader.plan.build.internal.spaces.QuerySpacesImpl - Adding QuerySpace : uid = <gen:0> -> org.hibernate.loader.plan.build.internal.spaces.EntityQuerySpaceImpl@7d66a126]
20:24:24.469 [main] DEBUG org.hibernate.persister.walking.spi.MetamodelGraphWalker - Visiting attribute path : heroclass
20:24:24.469 [main] DEBUG org.hibernate.persister.walking.spi.MetamodelGraphWalker - Visiting attribute path : items
20:24:24.469 [main] DEBUG org.hibernate.loader.plan.build.internal.spaces.QuerySpacesImpl - Adding QuerySpace : uid = <gen:1> -> org.hibernate.loader.plan.build.internal.spaces.CollectionQuerySpaceImpl@2fdf22f7]
20:24:24.469 [main] DEBUG org.hibernate.loader.plan.build.internal.spaces.QuerySpacesImpl - Adding QuerySpace : uid = <gen:2> -> org.hibernate.loader.plan.build.internal.spaces.EntityQuerySpaceImpl@3a2546d6]
20:24:24.469 [main] DEBUG org.hibernate.persister.walking.spi.MetamodelGraphWalker - Visiting attribute path : items.itemclass
20:24:24.469 [main] DEBUG org.hibernate.persister.walking.spi.MetamodelGraphWalker - Visiting attribute path : items.levelreq
20:24:24.469 [main] DEBUG org.hibernate.persister.walking.spi.MetamodelGraphWalker - Visiting attribute path : items.name
20:24:24.469 [main] DEBUG org.hibernate.persister.walking.spi.MetamodelGraphWalker - Visiting attribute path : items.player
20:24:24.469 [main] DEBUG org.hibernate.persister.walking.spi.MetamodelGraphWalker - Property path deemed to be circular : items.player
20:24:24.470 [main] DEBUG org.hibernate.persister.walking.spi.MetamodelGraphWalker - Visiting attribute path : level
20:24:24.470 [main] DEBUG org.hibernate.persister.walking.spi.MetamodelGraphWalker - Visiting attribute path : name
20:24:24.470 [main] DEBUG org.hibernate.loader.plan.build.internal.FetchStyleLoadPlanBuildingAssociationVisitationStrategy - Building LoadPlan...
20:24:24.470 [main] DEBUG org.hibernate.loader.plan.exec.internal.LoadQueryJoinAndFetchProcessor - processing queryspace <gen:0>
20:24:24.471 [main] DEBUG org.hibernate.loader.plan.build.spi.LoadPlanTreePrinter - LoadPlan(entity=tau.mmo.domain.Player)
    - Returns
       - EntityReturnImpl(entity=tau.mmo.domain.Player, querySpaceUid=<gen:0>, path=tau.mmo.domain.Player)
          - CollectionAttributeFetchImpl(collection=tau.mmo.domain.Player.items, querySpaceUid=<gen:1>, path=tau.mmo.domain.Player.items)
             - (collection element) CollectionFetchableElementEntityGraph(entity=tau.mmo.domain.Item, querySpaceUid=<gen:2>, path=tau.mmo.domain.Player.items.<elements>)
    - QuerySpaces
       - EntityQuerySpaceImpl(uid=<gen:0>, entity=tau.mmo.domain.Player)
          - SQL table alias mapping - player0_
          - alias suffix - 0_
          - suffixed key columns - {id1_1_0_}
          - JOIN (JoinDefinedByMetadata(items)) : <gen:0> -> <gen:1>
             - CollectionQuerySpaceImpl(uid=<gen:1>, collection=tau.mmo.domain.Player.items)
                - SQL table alias mapping - items1_
                - alias suffix - 1_
                - suffixed key columns - {player_i5_0_1_}
                - entity-element alias suffix - 2_
                - 2_entity-element suffixed key columns - id1_0_2_
                - JOIN (JoinDefinedByMetadata(elements)) : <gen:1> -> <gen:2>
                   - EntityQuerySpaceImpl(uid=<gen:2>, entity=tau.mmo.domain.Item)
                      - SQL table alias mapping - items1_
                      - alias suffix - 2_
                      - suffixed key columns - {id1_0_2_}

20:24:24.471 [main] DEBUG org.hibernate.loader.entity.plan.EntityLoader - Static select for entity tau.mmo.domain.Player [NONE]: select player0_.id as id1_1_0_, player0_.heroclass as heroclas2_1_0_, player0_.level as level3_1_0_, player0_.name as name4_1_0_, items1_.player_id as player_i5_0_1_, items1_.id as id1_0_1_, items1_.id as id1_0_2_, items1_.itemclass as itemclas2_0_2_, items1_.levelreq as levelreq3_0_2_, items1_.name as name4_0_2_, items1_.player_id as player_i5_0_2_ from player player0_ left outer join item items1_ on player0_.id=items1_.player_id where player0_.id=?
20:24:24.471 [main] DEBUG org.hibernate.loader.plan.build.internal.spaces.QuerySpacesImpl - Adding QuerySpace : uid = <gen:0> -> org.hibernate.loader.plan.build.internal.spaces.EntityQuerySpaceImpl@20ffb8d5]
20:24:24.471 [main] DEBUG org.hibernate.persister.walking.spi.MetamodelGraphWalker - Visiting attribute path : heroclass
20:24:24.471 [main] DEBUG org.hibernate.persister.walking.spi.MetamodelGraphWalker - Visiting attribute path : items
20:24:24.471 [main] DEBUG org.hibernate.loader.plan.build.internal.spaces.QuerySpacesImpl - Adding QuerySpace : uid = <gen:1> -> org.hibernate.loader.plan.build.internal.spaces.CollectionQuerySpaceImpl@57e03347]
20:24:24.471 [main] DEBUG org.hibernate.loader.plan.build.internal.spaces.QuerySpacesImpl - Adding QuerySpace : uid = <gen:2> -> org.hibernate.loader.plan.build.internal.spaces.EntityQuerySpaceImpl@2edb2f8b]
20:24:24.471 [main] DEBUG org.hibernate.persister.walking.spi.MetamodelGraphWalker - Visiting attribute path : items.itemclass
20:24:24.471 [main] DEBUG org.hibernate.persister.walking.spi.MetamodelGraphWalker - Visiting attribute path : items.levelreq
20:24:24.471 [main] DEBUG org.hibernate.persister.walking.spi.MetamodelGraphWalker - Visiting attribute path : items.name
20:24:24.471 [main] DEBUG org.hibernate.persister.walking.spi.MetamodelGraphWalker - Visiting attribute path : items.player
20:24:24.471 [main] DEBUG org.hibernate.persister.walking.spi.MetamodelGraphWalker - Property path deemed to be circular : items.player
20:24:24.471 [main] DEBUG org.hibernate.persister.walking.spi.MetamodelGraphWalker - Visiting attribute path : level
20:24:24.471 [main] DEBUG org.hibernate.persister.walking.spi.MetamodelGraphWalker - Visiting attribute path : name
20:24:24.471 [main] DEBUG org.hibernate.loader.plan.build.internal.FetchStyleLoadPlanBuildingAssociationVisitationStrategy - Building LoadPlan...
20:24:24.471 [main] DEBUG org.hibernate.loader.plan.exec.internal.LoadQueryJoinAndFetchProcessor - processing queryspace <gen:0>
20:24:24.472 [main] DEBUG org.hibernate.loader.plan.build.spi.LoadPlanTreePrinter - LoadPlan(entity=tau.mmo.domain.Player)
    - Returns
       - EntityReturnImpl(entity=tau.mmo.domain.Player, querySpaceUid=<gen:0>, path=tau.mmo.domain.Player)
          - CollectionAttributeFetchImpl(collection=tau.mmo.domain.Player.items, querySpaceUid=<gen:1>, path=tau.mmo.domain.Player.items)
             - (collection element) CollectionFetchableElementEntityGraph(entity=tau.mmo.domain.Item, querySpaceUid=<gen:2>, path=tau.mmo.domain.Player.items.<elements>)
    - QuerySpaces
       - EntityQuerySpaceImpl(uid=<gen:0>, entity=tau.mmo.domain.Player)
          - SQL table alias mapping - player0_
          - alias suffix - 0_
          - suffixed key columns - {id1_1_0_}
          - JOIN (JoinDefinedByMetadata(items)) : <gen:0> -> <gen:1>
             - CollectionQuerySpaceImpl(uid=<gen:1>, collection=tau.mmo.domain.Player.items)
                - SQL table alias mapping - items1_
                - alias suffix - 1_
                - suffixed key columns - {player_i5_0_1_}
                - entity-element alias suffix - 2_
                - 2_entity-element suffixed key columns - id1_0_2_
                - JOIN (JoinDefinedByMetadata(elements)) : <gen:1> -> <gen:2>
                   - EntityQuerySpaceImpl(uid=<gen:2>, entity=tau.mmo.domain.Item)
                      - SQL table alias mapping - items1_
                      - alias suffix - 2_
                      - suffixed key columns - {id1_0_2_}

20:24:24.472 [main] DEBUG org.hibernate.loader.entity.plan.EntityLoader - Static select for entity tau.mmo.domain.Player [READ]: select player0_.id as id1_1_0_, player0_.heroclass as heroclas2_1_0_, player0_.level as level3_1_0_, player0_.name as name4_1_0_, items1_.player_id as player_i5_0_1_, items1_.id as id1_0_1_, items1_.id as id1_0_2_, items1_.itemclass as itemclas2_0_2_, items1_.levelreq as levelreq3_0_2_, items1_.name as name4_0_2_, items1_.player_id as player_i5_0_2_ from player player0_ left outer join item items1_ on player0_.id=items1_.player_id where player0_.id=?
20:24:24.472 [main] DEBUG org.hibernate.loader.plan.build.internal.spaces.QuerySpacesImpl - Adding QuerySpace : uid = <gen:0> -> org.hibernate.loader.plan.build.internal.spaces.EntityQuerySpaceImpl@7772d266]
20:24:24.472 [main] DEBUG org.hibernate.persister.walking.spi.MetamodelGraphWalker - Visiting attribute path : heroclass
20:24:24.472 [main] DEBUG org.hibernate.persister.walking.spi.MetamodelGraphWalker - Visiting attribute path : items
20:24:24.472 [main] DEBUG org.hibernate.loader.plan.build.internal.spaces.QuerySpacesImpl - Adding QuerySpace : uid = <gen:1> -> org.hibernate.loader.plan.build.internal.spaces.CollectionQuerySpaceImpl@b8a144e]
20:24:24.472 [main] DEBUG org.hibernate.loader.plan.build.internal.spaces.QuerySpacesImpl - Adding QuerySpace : uid = <gen:2> -> org.hibernate.loader.plan.build.internal.spaces.EntityQuerySpaceImpl@5fb8dc01]
20:24:24.472 [main] DEBUG org.hibernate.persister.walking.spi.MetamodelGraphWalker - Visiting attribute path : level
20:24:24.472 [main] DEBUG org.hibernate.persister.walking.spi.MetamodelGraphWalker - Visiting attribute path : name
20:24:24.472 [main] DEBUG org.hibernate.loader.plan.build.internal.FetchStyleLoadPlanBuildingAssociationVisitationStrategy - Building LoadPlan...
20:24:24.472 [main] DEBUG org.hibernate.loader.plan.exec.internal.LoadQueryJoinAndFetchProcessor - processing queryspace <gen:0>
20:24:24.472 [main] DEBUG org.hibernate.loader.plan.build.spi.LoadPlanTreePrinter - LoadPlan(entity=tau.mmo.domain.Player)
    - Returns
       - EntityReturnImpl(entity=tau.mmo.domain.Player, querySpaceUid=<gen:0>, path=tau.mmo.domain.Player)
          - CollectionAttributeFetchImpl(collection=tau.mmo.domain.Player.items, querySpaceUid=<gen:1>, path=tau.mmo.domain.Player.items)
             - (collection element) CollectionFetchableElementEntityGraph(entity=tau.mmo.domain.Item, querySpaceUid=<gen:2>, path=tau.mmo.domain.Player.items.<elements>)
    - QuerySpaces
       - EntityQuerySpaceImpl(uid=<gen:0>, entity=tau.mmo.domain.Player)
          - SQL table alias mapping - player0_
          - alias suffix - 0_
          - suffixed key columns - {id1_1_0_}

20:24:24.472 [main] DEBUG org.hibernate.loader.entity.plan.EntityLoader - Static select for entity tau.mmo.domain.Player [UPGRADE]: select player0_.id as id1_1_0_, player0_.heroclass as heroclas2_1_0_, player0_.level as level3_1_0_, player0_.name as name4_1_0_ from player player0_ where player0_.id=? for update
20:24:24.472 [main] DEBUG org.hibernate.loader.plan.build.internal.spaces.QuerySpacesImpl - Adding QuerySpace : uid = <gen:0> -> org.hibernate.loader.plan.build.internal.spaces.EntityQuerySpaceImpl@3e38c472]
20:24:24.472 [main] DEBUG org.hibernate.persister.walking.spi.MetamodelGraphWalker - Visiting attribute path : heroclass
20:24:24.472 [main] DEBUG org.hibernate.persister.walking.spi.MetamodelGraphWalker - Visiting attribute path : items
20:24:24.473 [main] DEBUG org.hibernate.loader.plan.build.internal.spaces.QuerySpacesImpl - Adding QuerySpace : uid = <gen:1> -> org.hibernate.loader.plan.build.internal.spaces.CollectionQuerySpaceImpl@759a678a]
20:24:24.473 [main] DEBUG org.hibernate.loader.plan.build.internal.spaces.QuerySpacesImpl - Adding QuerySpace : uid = <gen:2> -> org.hibernate.loader.plan.build.internal.spaces.EntityQuerySpaceImpl@6cdbe5ec]
20:24:24.473 [main] DEBUG org.hibernate.persister.walking.spi.MetamodelGraphWalker - Visiting attribute path : level
20:24:24.473 [main] DEBUG org.hibernate.persister.walking.spi.MetamodelGraphWalker - Visiting attribute path : name
20:24:24.473 [main] DEBUG org.hibernate.loader.plan.build.internal.FetchStyleLoadPlanBuildingAssociationVisitationStrategy - Building LoadPlan...
20:24:24.473 [main] DEBUG org.hibernate.loader.plan.exec.internal.LoadQueryJoinAndFetchProcessor - processing queryspace <gen:0>
20:24:24.473 [main] DEBUG org.hibernate.loader.plan.build.spi.LoadPlanTreePrinter - LoadPlan(entity=tau.mmo.domain.Player)
    - Returns
       - EntityReturnImpl(entity=tau.mmo.domain.Player, querySpaceUid=<gen:0>, path=tau.mmo.domain.Player)
          - CollectionAttributeFetchImpl(collection=tau.mmo.domain.Player.items, querySpaceUid=<gen:1>, path=tau.mmo.domain.Player.items)
             - (collection element) CollectionFetchableElementEntityGraph(entity=tau.mmo.domain.Item, querySpaceUid=<gen:2>, path=tau.mmo.domain.Player.items.<elements>)
    - QuerySpaces
       - EntityQuerySpaceImpl(uid=<gen:0>, entity=tau.mmo.domain.Player)
          - SQL table alias mapping - player0_
          - alias suffix - 0_
          - suffixed key columns - {id1_1_0_}

20:24:24.473 [main] DEBUG org.hibernate.loader.entity.plan.EntityLoader - Static select for entity tau.mmo.domain.Player [UPGRADE_NOWAIT]: select player0_.id as id1_1_0_, player0_.heroclass as heroclas2_1_0_, player0_.level as level3_1_0_, player0_.name as name4_1_0_ from player player0_ where player0_.id=? for update
20:24:24.473 [main] DEBUG org.hibernate.loader.plan.build.internal.spaces.QuerySpacesImpl - Adding QuerySpace : uid = <gen:0> -> org.hibernate.loader.plan.build.internal.spaces.EntityQuerySpaceImpl@14b8a751]
20:24:24.473 [main] DEBUG org.hibernate.persister.walking.spi.MetamodelGraphWalker - Visiting attribute path : heroclass
20:24:24.473 [main] DEBUG org.hibernate.persister.walking.spi.MetamodelGraphWalker - Visiting attribute path : items
20:24:24.473 [main] DEBUG org.hibernate.loader.plan.build.internal.spaces.QuerySpacesImpl - Adding QuerySpace : uid = <gen:1> -> org.hibernate.loader.plan.build.internal.spaces.CollectionQuerySpaceImpl@554566a8]
20:24:24.473 [main] DEBUG org.hibernate.loader.plan.build.internal.spaces.QuerySpacesImpl - Adding QuerySpace : uid = <gen:2> -> org.hibernate.loader.plan.build.internal.spaces.EntityQuerySpaceImpl@66020d69]
20:24:24.473 [main] DEBUG org.hibernate.persister.walking.spi.MetamodelGraphWalker - Visiting attribute path : level
20:24:24.473 [main] DEBUG org.hibernate.persister.walking.spi.MetamodelGraphWalker - Visiting attribute path : name
20:24:24.473 [main] DEBUG org.hibernate.loader.plan.build.internal.FetchStyleLoadPlanBuildingAssociationVisitationStrategy - Building LoadPlan...
20:24:24.473 [main] DEBUG org.hibernate.loader.plan.exec.internal.LoadQueryJoinAndFetchProcessor - processing queryspace <gen:0>
20:24:24.473 [main] DEBUG org.hibernate.loader.plan.build.spi.LoadPlanTreePrinter - LoadPlan(entity=tau.mmo.domain.Player)
    - Returns
       - EntityReturnImpl(entity=tau.mmo.domain.Player, querySpaceUid=<gen:0>, path=tau.mmo.domain.Player)
          - CollectionAttributeFetchImpl(collection=tau.mmo.domain.Player.items, querySpaceUid=<gen:1>, path=tau.mmo.domain.Player.items)
             - (collection element) CollectionFetchableElementEntityGraph(entity=tau.mmo.domain.Item, querySpaceUid=<gen:2>, path=tau.mmo.domain.Player.items.<elements>)
    - QuerySpaces
       - EntityQuerySpaceImpl(uid=<gen:0>, entity=tau.mmo.domain.Player)
          - SQL table alias mapping - player0_
          - alias suffix - 0_
          - suffixed key columns - {id1_1_0_}

20:24:24.474 [main] DEBUG org.hibernate.loader.entity.plan.EntityLoader - Static select for entity tau.mmo.domain.Player [UPGRADE_SKIPLOCKED]: select player0_.id as id1_1_0_, player0_.heroclass as heroclas2_1_0_, player0_.level as level3_1_0_, player0_.name as name4_1_0_ from player player0_ where player0_.id=? for update
20:24:24.474 [main] DEBUG org.hibernate.loader.plan.build.internal.spaces.QuerySpacesImpl - Adding QuerySpace : uid = <gen:0> -> org.hibernate.loader.plan.build.internal.spaces.EntityQuerySpaceImpl@3751acd7]
20:24:24.474 [main] DEBUG org.hibernate.persister.walking.spi.MetamodelGraphWalker - Visiting attribute path : heroclass
20:24:24.474 [main] DEBUG org.hibernate.persister.walking.spi.MetamodelGraphWalker - Visiting attribute path : items
20:24:24.474 [main] DEBUG org.hibernate.loader.plan.build.internal.spaces.QuerySpacesImpl - Adding QuerySpace : uid = <gen:1> -> org.hibernate.loader.plan.build.internal.spaces.CollectionQuerySpaceImpl@150d6eaf]
20:24:24.474 [main] DEBUG org.hibernate.loader.plan.build.internal.spaces.QuerySpacesImpl - Adding QuerySpace : uid = <gen:2> -> org.hibernate.loader.plan.build.internal.spaces.EntityQuerySpaceImpl@63124022]
20:24:24.474 [main] DEBUG org.hibernate.persister.walking.spi.MetamodelGraphWalker - Visiting attribute path : level
20:24:24.474 [main] DEBUG org.hibernate.persister.walking.spi.MetamodelGraphWalker - Visiting attribute path : name
20:24:24.474 [main] DEBUG org.hibernate.loader.plan.build.internal.FetchStyleLoadPlanBuildingAssociationVisitationStrategy - Building LoadPlan...
20:24:24.474 [main] DEBUG org.hibernate.loader.plan.exec.internal.LoadQueryJoinAndFetchProcessor - processing queryspace <gen:0>
20:24:24.474 [main] DEBUG org.hibernate.loader.plan.build.spi.LoadPlanTreePrinter - LoadPlan(entity=tau.mmo.domain.Player)
    - Returns
       - EntityReturnImpl(entity=tau.mmo.domain.Player, querySpaceUid=<gen:0>, path=tau.mmo.domain.Player)
          - CollectionAttributeFetchImpl(collection=tau.mmo.domain.Player.items, querySpaceUid=<gen:1>, path=tau.mmo.domain.Player.items)
             - (collection element) CollectionFetchableElementEntityGraph(entity=tau.mmo.domain.Item, querySpaceUid=<gen:2>, path=tau.mmo.domain.Player.items.<elements>)
    - QuerySpaces
       - EntityQuerySpaceImpl(uid=<gen:0>, entity=tau.mmo.domain.Player)
          - SQL table alias mapping - player0_
          - alias suffix - 0_
          - suffixed key columns - {id1_1_0_}

20:24:24.474 [main] DEBUG org.hibernate.loader.entity.plan.EntityLoader - Static select for entity tau.mmo.domain.Player [FORCE]: select player0_.id as id1_1_0_, player0_.heroclass as heroclas2_1_0_, player0_.level as level3_1_0_, player0_.name as name4_1_0_ from player player0_ where player0_.id=? for update
20:24:24.474 [main] DEBUG org.hibernate.loader.plan.build.internal.spaces.QuerySpacesImpl - Adding QuerySpace : uid = <gen:0> -> org.hibernate.loader.plan.build.internal.spaces.EntityQuerySpaceImpl@591f6f83]
20:24:24.474 [main] DEBUG org.hibernate.persister.walking.spi.MetamodelGraphWalker - Visiting attribute path : heroclass
20:24:24.474 [main] DEBUG org.hibernate.persister.walking.spi.MetamodelGraphWalker - Visiting attribute path : items
20:24:24.475 [main] DEBUG org.hibernate.loader.plan.build.internal.spaces.QuerySpacesImpl - Adding QuerySpace : uid = <gen:1> -> org.hibernate.loader.plan.build.internal.spaces.CollectionQuerySpaceImpl@55421b8d]
20:24:24.475 [main] DEBUG org.hibernate.loader.plan.build.internal.spaces.QuerySpacesImpl - Adding QuerySpace : uid = <gen:2> -> org.hibernate.loader.plan.build.internal.spaces.EntityQuerySpaceImpl@24a04257]
20:24:24.475 [main] DEBUG org.hibernate.persister.walking.spi.MetamodelGraphWalker - Visiting attribute path : level
20:24:24.475 [main] DEBUG org.hibernate.persister.walking.spi.MetamodelGraphWalker - Visiting attribute path : name
20:24:24.475 [main] DEBUG org.hibernate.loader.plan.build.internal.FetchStyleLoadPlanBuildingAssociationVisitationStrategy - Building LoadPlan...
20:24:24.475 [main] DEBUG org.hibernate.loader.plan.exec.internal.LoadQueryJoinAndFetchProcessor - processing queryspace <gen:0>
20:24:24.475 [main] DEBUG org.hibernate.loader.plan.build.spi.LoadPlanTreePrinter - LoadPlan(entity=tau.mmo.domain.Player)
    - Returns
       - EntityReturnImpl(entity=tau.mmo.domain.Player, querySpaceUid=<gen:0>, path=tau.mmo.domain.Player)
          - CollectionAttributeFetchImpl(collection=tau.mmo.domain.Player.items, querySpaceUid=<gen:1>, path=tau.mmo.domain.Player.items)
             - (collection element) CollectionFetchableElementEntityGraph(entity=tau.mmo.domain.Item, querySpaceUid=<gen:2>, path=tau.mmo.domain.Player.items.<elements>)
    - QuerySpaces
       - EntityQuerySpaceImpl(uid=<gen:0>, entity=tau.mmo.domain.Player)
          - SQL table alias mapping - player0_
          - alias suffix - 0_
          - suffixed key columns - {id1_1_0_}

20:24:24.475 [main] DEBUG org.hibernate.loader.entity.plan.EntityLoader - Static select for entity tau.mmo.domain.Player [PESSIMISTIC_READ]: select player0_.id as id1_1_0_, player0_.heroclass as heroclas2_1_0_, player0_.level as level3_1_0_, player0_.name as name4_1_0_ from player player0_ where player0_.id=? for update
20:24:24.475 [main] DEBUG org.hibernate.loader.plan.build.internal.spaces.QuerySpacesImpl - Adding QuerySpace : uid = <gen:0> -> org.hibernate.loader.plan.build.internal.spaces.EntityQuerySpaceImpl@6615237]
20:24:24.475 [main] DEBUG org.hibernate.persister.walking.spi.MetamodelGraphWalker - Visiting attribute path : heroclass
20:24:24.475 [main] DEBUG org.hibernate.persister.walking.spi.MetamodelGraphWalker - Visiting attribute path : items
20:24:24.475 [main] DEBUG org.hibernate.loader.plan.build.internal.spaces.QuerySpacesImpl - Adding QuerySpace : uid = <gen:1> -> org.hibernate.loader.plan.build.internal.spaces.CollectionQuerySpaceImpl@4bf4680c]
20:24:24.475 [main] DEBUG org.hibernate.loader.plan.build.internal.spaces.QuerySpacesImpl - Adding QuerySpace : uid = <gen:2> -> org.hibernate.loader.plan.build.internal.spaces.EntityQuerySpaceImpl@6d6039df]
20:24:24.475 [main] DEBUG org.hibernate.persister.walking.spi.MetamodelGraphWalker - Visiting attribute path : level
20:24:24.475 [main] DEBUG org.hibernate.persister.walking.spi.MetamodelGraphWalker - Visiting attribute path : name
20:24:24.475 [main] DEBUG org.hibernate.loader.plan.build.internal.FetchStyleLoadPlanBuildingAssociationVisitationStrategy - Building LoadPlan...
20:24:24.475 [main] DEBUG org.hibernate.loader.plan.exec.internal.LoadQueryJoinAndFetchProcessor - processing queryspace <gen:0>
20:24:24.476 [main] DEBUG org.hibernate.loader.plan.build.spi.LoadPlanTreePrinter - LoadPlan(entity=tau.mmo.domain.Player)
    - Returns
       - EntityReturnImpl(entity=tau.mmo.domain.Player, querySpaceUid=<gen:0>, path=tau.mmo.domain.Player)
          - CollectionAttributeFetchImpl(collection=tau.mmo.domain.Player.items, querySpaceUid=<gen:1>, path=tau.mmo.domain.Player.items)
             - (collection element) CollectionFetchableElementEntityGraph(entity=tau.mmo.domain.Item, querySpaceUid=<gen:2>, path=tau.mmo.domain.Player.items.<elements>)
    - QuerySpaces
       - EntityQuerySpaceImpl(uid=<gen:0>, entity=tau.mmo.domain.Player)
          - SQL table alias mapping - player0_
          - alias suffix - 0_
          - suffixed key columns - {id1_1_0_}

20:24:24.476 [main] DEBUG org.hibernate.loader.entity.plan.EntityLoader - Static select for entity tau.mmo.domain.Player [PESSIMISTIC_WRITE]: select player0_.id as id1_1_0_, player0_.heroclass as heroclas2_1_0_, player0_.level as level3_1_0_, player0_.name as name4_1_0_ from player player0_ where player0_.id=? for update
20:24:24.476 [main] DEBUG org.hibernate.loader.plan.build.internal.spaces.QuerySpacesImpl - Adding QuerySpace : uid = <gen:0> -> org.hibernate.loader.plan.build.internal.spaces.EntityQuerySpaceImpl@611c3eae]
20:24:24.476 [main] DEBUG org.hibernate.persister.walking.spi.MetamodelGraphWalker - Visiting attribute path : heroclass
20:24:24.476 [main] DEBUG org.hibernate.persister.walking.spi.MetamodelGraphWalker - Visiting attribute path : items
20:24:24.476 [main] DEBUG org.hibernate.loader.plan.build.internal.spaces.QuerySpacesImpl - Adding QuerySpace : uid = <gen:1> -> org.hibernate.loader.plan.build.internal.spaces.CollectionQuerySpaceImpl@7b3cbe6e]
20:24:24.476 [main] DEBUG org.hibernate.loader.plan.build.internal.spaces.QuerySpacesImpl - Adding QuerySpace : uid = <gen:2> -> org.hibernate.loader.plan.build.internal.spaces.EntityQuerySpaceImpl@177ede17]
20:24:24.476 [main] DEBUG org.hibernate.persister.walking.spi.MetamodelGraphWalker - Visiting attribute path : level
20:24:24.476 [main] DEBUG org.hibernate.persister.walking.spi.MetamodelGraphWalker - Visiting attribute path : name
20:24:24.476 [main] DEBUG org.hibernate.loader.plan.build.internal.FetchStyleLoadPlanBuildingAssociationVisitationStrategy - Building LoadPlan...
20:24:24.476 [main] DEBUG org.hibernate.loader.plan.exec.internal.LoadQueryJoinAndFetchProcessor - processing queryspace <gen:0>
20:24:24.476 [main] DEBUG org.hibernate.loader.plan.build.spi.LoadPlanTreePrinter - LoadPlan(entity=tau.mmo.domain.Player)
    - Returns
       - EntityReturnImpl(entity=tau.mmo.domain.Player, querySpaceUid=<gen:0>, path=tau.mmo.domain.Player)
          - CollectionAttributeFetchImpl(collection=tau.mmo.domain.Player.items, querySpaceUid=<gen:1>, path=tau.mmo.domain.Player.items)
             - (collection element) CollectionFetchableElementEntityGraph(entity=tau.mmo.domain.Item, querySpaceUid=<gen:2>, path=tau.mmo.domain.Player.items.<elements>)
    - QuerySpaces
       - EntityQuerySpaceImpl(uid=<gen:0>, entity=tau.mmo.domain.Player)
          - SQL table alias mapping - player0_
          - alias suffix - 0_
          - suffixed key columns - {id1_1_0_}

20:24:24.476 [main] DEBUG org.hibernate.loader.entity.plan.EntityLoader - Static select for entity tau.mmo.domain.Player [PESSIMISTIC_FORCE_INCREMENT]: select player0_.id as id1_1_0_, player0_.heroclass as heroclas2_1_0_, player0_.level as level3_1_0_, player0_.name as name4_1_0_ from player player0_ where player0_.id=? for update
20:24:24.476 [main] DEBUG org.hibernate.loader.plan.build.internal.spaces.QuerySpacesImpl - Adding QuerySpace : uid = <gen:0> -> org.hibernate.loader.plan.build.internal.spaces.EntityQuerySpaceImpl@17176b18]
20:24:24.476 [main] DEBUG org.hibernate.persister.walking.spi.MetamodelGraphWalker - Visiting attribute path : heroclass
20:24:24.476 [main] DEBUG org.hibernate.persister.walking.spi.MetamodelGraphWalker - Visiting attribute path : items
20:24:24.477 [main] DEBUG org.hibernate.loader.plan.build.internal.spaces.QuerySpacesImpl - Adding QuerySpace : uid = <gen:1> -> org.hibernate.loader.plan.build.internal.spaces.CollectionQuerySpaceImpl@1ab53860]
20:24:24.477 [main] DEBUG org.hibernate.loader.plan.build.internal.spaces.QuerySpacesImpl - Adding QuerySpace : uid = <gen:2> -> org.hibernate.loader.plan.build.internal.spaces.EntityQuerySpaceImpl@7b5ac347]
20:24:24.477 [main] DEBUG org.hibernate.persister.walking.spi.MetamodelGraphWalker - Visiting attribute path : level
20:24:24.477 [main] DEBUG org.hibernate.persister.walking.spi.MetamodelGraphWalker - Visiting attribute path : name
20:24:24.477 [main] DEBUG org.hibernate.loader.plan.build.internal.FetchStyleLoadPlanBuildingAssociationVisitationStrategy - Building LoadPlan...
20:24:24.477 [main] DEBUG org.hibernate.loader.plan.exec.internal.LoadQueryJoinAndFetchProcessor - processing queryspace <gen:0>
20:24:24.477 [main] DEBUG org.hibernate.loader.plan.build.spi.LoadPlanTreePrinter - LoadPlan(entity=tau.mmo.domain.Player)
    - Returns
       - EntityReturnImpl(entity=tau.mmo.domain.Player, querySpaceUid=<gen:0>, path=tau.mmo.domain.Player)
          - CollectionAttributeFetchImpl(collection=tau.mmo.domain.Player.items, querySpaceUid=<gen:1>, path=tau.mmo.domain.Player.items)
             - (collection element) CollectionFetchableElementEntityGraph(entity=tau.mmo.domain.Item, querySpaceUid=<gen:2>, path=tau.mmo.domain.Player.items.<elements>)
    - QuerySpaces
       - EntityQuerySpaceImpl(uid=<gen:0>, entity=tau.mmo.domain.Player)
          - SQL table alias mapping - player0_
          - alias suffix - 0_
          - suffixed key columns - {id1_1_0_}

20:24:24.477 [main] DEBUG org.hibernate.loader.entity.plan.EntityLoader - Static select for entity tau.mmo.domain.Player [OPTIMISTIC]: select player0_.id as id1_1_0_, player0_.heroclass as heroclas2_1_0_, player0_.level as level3_1_0_, player0_.name as name4_1_0_ from player player0_ where player0_.id=?
20:24:24.477 [main] DEBUG org.hibernate.loader.plan.build.internal.spaces.QuerySpacesImpl - Adding QuerySpace : uid = <gen:0> -> org.hibernate.loader.plan.build.internal.spaces.EntityQuerySpaceImpl@57b9389f]
20:24:24.477 [main] DEBUG org.hibernate.persister.walking.spi.MetamodelGraphWalker - Visiting attribute path : heroclass
20:24:24.477 [main] DEBUG org.hibernate.persister.walking.spi.MetamodelGraphWalker - Visiting attribute path : items
20:24:24.477 [main] DEBUG org.hibernate.loader.plan.build.internal.spaces.QuerySpacesImpl - Adding QuerySpace : uid = <gen:1> -> org.hibernate.loader.plan.build.internal.spaces.CollectionQuerySpaceImpl@41f785e3]
20:24:24.477 [main] DEBUG org.hibernate.loader.plan.build.internal.spaces.QuerySpacesImpl - Adding QuerySpace : uid = <gen:2> -> org.hibernate.loader.plan.build.internal.spaces.EntityQuerySpaceImpl@6c9a3661]
20:24:24.477 [main] DEBUG org.hibernate.persister.walking.spi.MetamodelGraphWalker - Visiting attribute path : level
20:24:24.477 [main] DEBUG org.hibernate.persister.walking.spi.MetamodelGraphWalker - Visiting attribute path : name
20:24:24.477 [main] DEBUG org.hibernate.loader.plan.build.internal.FetchStyleLoadPlanBuildingAssociationVisitationStrategy - Building LoadPlan...
20:24:24.478 [main] DEBUG org.hibernate.loader.plan.exec.internal.LoadQueryJoinAndFetchProcessor - processing queryspace <gen:0>
20:24:24.478 [main] DEBUG org.hibernate.loader.plan.build.spi.LoadPlanTreePrinter - LoadPlan(entity=tau.mmo.domain.Player)
    - Returns
       - EntityReturnImpl(entity=tau.mmo.domain.Player, querySpaceUid=<gen:0>, path=tau.mmo.domain.Player)
          - CollectionAttributeFetchImpl(collection=tau.mmo.domain.Player.items, querySpaceUid=<gen:1>, path=tau.mmo.domain.Player.items)
             - (collection element) CollectionFetchableElementEntityGraph(entity=tau.mmo.domain.Item, querySpaceUid=<gen:2>, path=tau.mmo.domain.Player.items.<elements>)
    - QuerySpaces
       - EntityQuerySpaceImpl(uid=<gen:0>, entity=tau.mmo.domain.Player)
          - SQL table alias mapping - player0_
          - alias suffix - 0_
          - suffixed key columns - {id1_1_0_}

20:24:24.478 [main] DEBUG org.hibernate.loader.entity.plan.EntityLoader - Static select for entity tau.mmo.domain.Player [OPTIMISTIC_FORCE_INCREMENT]: select player0_.id as id1_1_0_, player0_.heroclass as heroclas2_1_0_, player0_.level as level3_1_0_, player0_.name as name4_1_0_ from player player0_ where player0_.id=?
20:24:24.478 [main] DEBUG org.hibernate.loader.Loader - Static select for action ACTION_MERGE on entity tau.mmo.domain.Player: select player0_.id as id1_1_0_, player0_.heroclass as heroclas2_1_0_, player0_.level as level3_1_0_, player0_.name as name4_1_0_ from player player0_ where player0_.id=?
20:24:24.478 [main] DEBUG org.hibernate.loader.Loader - Static select for action ACTION_REFRESH on entity tau.mmo.domain.Player: select player0_.id as id1_1_0_, player0_.heroclass as heroclas2_1_0_, player0_.level as level3_1_0_, player0_.name as name4_1_0_ from player player0_ where player0_.id=?
20:24:24.478 [main] DEBUG org.hibernate.loader.plan.build.internal.spaces.QuerySpacesImpl - Adding QuerySpace : uid = <gen:0> -> org.hibernate.loader.plan.build.internal.spaces.CollectionQuerySpaceImpl@727986ad]
20:24:24.478 [main] DEBUG org.hibernate.loader.plan.build.internal.spaces.QuerySpacesImpl - Adding QuerySpace : uid = <gen:1> -> org.hibernate.loader.plan.build.internal.spaces.EntityQuerySpaceImpl@1600a8a2]
20:24:24.478 [main] DEBUG org.hibernate.persister.walking.spi.MetamodelGraphWalker - Visiting attribute path : itemclass
20:24:24.478 [main] DEBUG org.hibernate.persister.walking.spi.MetamodelGraphWalker - Visiting attribute path : levelreq
20:24:24.478 [main] DEBUG org.hibernate.persister.walking.spi.MetamodelGraphWalker - Visiting attribute path : name
20:24:24.478 [main] DEBUG org.hibernate.persister.walking.spi.MetamodelGraphWalker - Visiting attribute path : player
20:24:24.478 [main] DEBUG org.hibernate.persister.walking.spi.MetamodelGraphWalker - Property path deemed to be circular : player
20:24:24.478 [main] DEBUG org.hibernate.loader.plan.build.internal.FetchStyleLoadPlanBuildingAssociationVisitationStrategy - Building LoadPlan...
20:24:24.479 [main] DEBUG org.hibernate.loader.plan.exec.internal.LoadQueryJoinAndFetchProcessor - processing queryspace <gen:0>
20:24:24.479 [main] DEBUG org.hibernate.loader.plan.build.spi.LoadPlanTreePrinter - LoadPlan(collection=tau.mmo.domain.Player.items)
    - Returns
       - CollectionReturnImpl(collection=tau.mmo.domain.Player.items, querySpaceUid=<gen:0>, path=[tau.mmo.domain.Player.items])
          - (collection element) CollectionFetchableElementEntityGraph(entity=tau.mmo.domain.Item, querySpaceUid=<gen:1>, path=[tau.mmo.domain.Player.items].<elements>)
    - QuerySpaces
       - CollectionQuerySpaceImpl(uid=<gen:0>, collection=tau.mmo.domain.Player.items)
          - SQL table alias mapping - items0_
          - alias suffix - 0_
          - suffixed key columns - {player_i5_0_0_}
          - entity-element alias suffix - 1_
          - 1_entity-element suffixed key columns - id1_0_1_
          - JOIN (JoinDefinedByMetadata(elements)) : <gen:0> -> <gen:1>
             - EntityQuerySpaceImpl(uid=<gen:1>, entity=tau.mmo.domain.Item)
                - SQL table alias mapping - items0_
                - alias suffix - 1_
                - suffixed key columns - {id1_0_1_}

20:24:24.479 [main] DEBUG org.hibernate.loader.collection.plan.CollectionLoader - Static select for collection tau.mmo.domain.Player.items: select items0_.player_id as player_i5_0_0_, items0_.id as id1_0_0_, items0_.id as id1_0_1_, items0_.itemclass as itemclas2_0_1_, items0_.levelreq as levelreq3_0_1_, items0_.name as name4_0_1_, items0_.player_id as player_i5_0_1_ from item items0_ where items0_.player_id=?
20:24:24.479 [main] DEBUG org.hibernate.internal.SessionFactoryImpl - Instantiated session factory
20:24:24.479 [main] DEBUG org.springframework.jdbc.datasource.DriverManagerDataSource - Creating new JDBC DriverManager Connection to [jdbc:hsqldb:hsql://localhost/workdb]
20:24:24.480 [main] DEBUG org.hibernate.engine.jdbc.spi.SqlExceptionHelper - Unable to open JDBC Connection for DDL execution [n/a]
java.sql.SQLTransientConnectionException: java.net.ConnectException: Połączenie odrzucone (Connection refused)
	at org.hsqldb.jdbc.JDBCUtil.sqlException(Unknown Source)
	at org.hsqldb.jdbc.JDBCUtil.sqlException(Unknown Source)
	at org.hsqldb.jdbc.JDBCConnection.<init>(Unknown Source)
	at org.hsqldb.jdbc.JDBCDriver.getConnection(Unknown Source)
	at org.hsqldb.jdbc.JDBCDriver.connect(Unknown Source)
	at java.sql/java.sql.DriverManager.getConnection(DriverManager.java:677)
	at java.sql/java.sql.DriverManager.getConnection(DriverManager.java:189)
	at org.springframework.jdbc.datasource.DriverManagerDataSource.getConnectionFromDriverManager(DriverManagerDataSource.java:154)
	at org.springframework.jdbc.datasource.DriverManagerDataSource.getConnectionFromDriver(DriverManagerDataSource.java:145)
	at org.springframework.jdbc.datasource.AbstractDriverBasedDataSource.getConnectionFromDriver(AbstractDriverBasedDataSource.java:205)
	at org.springframework.jdbc.datasource.AbstractDriverBasedDataSource.getConnection(AbstractDriverBasedDataSource.java:169)
	at org.hibernate.engine.jdbc.connections.internal.DatasourceConnectionProviderImpl.getConnection(DatasourceConnectionProviderImpl.java:122)
	at org.hibernate.engine.jdbc.env.internal.JdbcEnvironmentInitiator$ConnectionProviderJdbcConnectionAccess.obtainConnection(JdbcEnvironmentInitiator.java:180)
	at org.hibernate.resource.transaction.backend.jdbc.internal.DdlTransactionIsolatorNonJtaImpl.getIsolatedConnection(DdlTransactionIsolatorNonJtaImpl.java:43)
	at org.hibernate.tool.schema.internal.exec.ImprovedExtractionContextImpl.getJdbcConnection(ImprovedExtractionContextImpl.java:60)
	at org.hibernate.tool.schema.extract.internal.SequenceInformationExtractorLegacyImpl.extractMetadata(SequenceInformationExtractorLegacyImpl.java:40)
	at org.hibernate.tool.schema.extract.internal.DatabaseInformationImpl.initializeSequences(DatabaseInformationImpl.java:65)
	at org.hibernate.tool.schema.extract.internal.DatabaseInformationImpl.<init>(DatabaseInformationImpl.java:59)
	at org.hibernate.tool.schema.internal.Helper.buildDatabaseInformation(Helper.java:130)
	at org.hibernate.tool.schema.internal.AbstractSchemaMigrator.doMigration(AbstractSchemaMigrator.java:92)
	at org.hibernate.tool.schema.spi.SchemaManagementToolCoordinator.performDatabaseAction(SchemaManagementToolCoordinator.java:176)
	at org.hibernate.tool.schema.spi.SchemaManagementToolCoordinator.process(SchemaManagementToolCoordinator.java:65)
	at org.hibernate.internal.SessionFactoryImpl.<init>(SessionFactoryImpl.java:459)
	at org.hibernate.boot.internal.SessionFactoryBuilderImpl.build(SessionFactoryBuilderImpl.java:465)
	at org.hibernate.cfg.Configuration.buildSessionFactory(Configuration.java:711)
	at org.hibernate.cfg.Configuration.buildSessionFactory(Configuration.java:727)
	at org.springframework.orm.hibernate5.LocalSessionFactoryBean.buildSessionFactory(LocalSessionFactoryBean.java:615)
	at org.springframework.orm.hibernate5.LocalSessionFactoryBean.afterPropertiesSet(LocalSessionFactoryBean.java:599)
	at org.springframework.beans.factory.support.AbstractAutowireCapableBeanFactory.invokeInitMethods(AbstractAutowireCapableBeanFactory.java:1837)
	at org.springframework.beans.factory.support.AbstractAutowireCapableBeanFactory.initializeBean(AbstractAutowireCapableBeanFactory.java:1774)
	at org.springframework.beans.factory.support.AbstractAutowireCapableBeanFactory.doCreateBean(AbstractAutowireCapableBeanFactory.java:593)
	at org.springframework.beans.factory.support.AbstractAutowireCapableBeanFactory.createBean(AbstractAutowireCapableBeanFactory.java:515)
	at org.springframework.beans.factory.support.AbstractBeanFactory.lambda$doGetBean$0(AbstractBeanFactory.java:320)
	at org.springframework.beans.factory.support.DefaultSingletonBeanRegistry.getSingleton(DefaultSingletonBeanRegistry.java:222)
	at org.springframework.beans.factory.support.AbstractBeanFactory.doGetBean(AbstractBeanFactory.java:318)
	at org.springframework.beans.factory.support.AbstractBeanFactory.getBean(AbstractBeanFactory.java:199)
	at org.springframework.beans.factory.config.DependencyDescriptor.resolveCandidate(DependencyDescriptor.java:277)
	at org.springframework.beans.factory.support.DefaultListableBeanFactory.doResolveDependency(DefaultListableBeanFactory.java:1247)
	at org.springframework.beans.factory.support.DefaultListableBeanFactory.resolveDependency(DefaultListableBeanFactory.java:1167)
	at org.springframework.beans.factory.annotation.AutowiredAnnotationBeanPostProcessor$AutowiredFieldElement.inject(AutowiredAnnotationBeanPostProcessor.java:593)
	at org.springframework.beans.factory.annotation.InjectionMetadata.inject(InjectionMetadata.java:90)
	at org.springframework.beans.factory.annotation.AutowiredAnnotationBeanPostProcessor.postProcessProperties(AutowiredAnnotationBeanPostProcessor.java:374)
	at org.springframework.beans.factory.support.AbstractAutowireCapableBeanFactory.populateBean(AbstractAutowireCapableBeanFactory.java:1411)
	at org.springframework.beans.factory.support.AbstractAutowireCapableBeanFactory.doCreateBean(AbstractAutowireCapableBeanFactory.java:592)
	at org.springframework.beans.factory.support.AbstractAutowireCapableBeanFactory.createBean(AbstractAutowireCapableBeanFactory.java:515)
	at org.springframework.beans.factory.support.AbstractBeanFactory.lambda$doGetBean$0(AbstractBeanFactory.java:320)
	at org.springframework.beans.factory.support.DefaultSingletonBeanRegistry.getSingleton(DefaultSingletonBeanRegistry.java:222)
	at org.springframework.beans.factory.support.AbstractBeanFactory.doGetBean(AbstractBeanFactory.java:318)
	at org.springframework.beans.factory.support.AbstractBeanFactory.getBean(AbstractBeanFactory.java:199)
	at org.springframework.beans.factory.config.DependencyDescriptor.resolveCandidate(DependencyDescriptor.java:277)
	at org.springframework.beans.factory.support.DefaultListableBeanFactory.doResolveDependency(DefaultListableBeanFactory.java:1247)
	at org.springframework.beans.factory.support.DefaultListableBeanFactory.resolveDependency(DefaultListableBeanFactory.java:1167)
	at org.springframework.beans.factory.annotation.AutowiredAnnotationBeanPostProcessor$AutowiredFieldElement.inject(AutowiredAnnotationBeanPostProcessor.java:593)
	at org.springframework.beans.factory.annotation.InjectionMetadata.inject(InjectionMetadata.java:90)
	at org.springframework.beans.factory.annotation.AutowiredAnnotationBeanPostProcessor.postProcessProperties(AutowiredAnnotationBeanPostProcessor.java:374)
	at org.springframework.beans.factory.support.AbstractAutowireCapableBeanFactory.populateBean(AbstractAutowireCapableBeanFactory.java:1411)
	at org.springframework.beans.factory.support.AbstractAutowireCapableBeanFactory.doCreateBean(AbstractAutowireCapableBeanFactory.java:592)
	at org.springframework.beans.factory.support.AbstractAutowireCapableBeanFactory.createBean(AbstractAutowireCapableBeanFactory.java:515)
	at org.springframework.beans.factory.support.AbstractBeanFactory.lambda$doGetBean$0(AbstractBeanFactory.java:320)
	at org.springframework.beans.factory.support.DefaultSingletonBeanRegistry.getSingleton(DefaultSingletonBeanRegistry.java:222)
	at org.springframework.beans.factory.support.AbstractBeanFactory.doGetBean(AbstractBeanFactory.java:318)
	at org.springframework.beans.factory.support.AbstractBeanFactory.getBean(AbstractBeanFactory.java:199)
	at org.springframework.beans.factory.support.DefaultListableBeanFactory.preInstantiateSingletons(DefaultListableBeanFactory.java:849)
	at org.springframework.context.support.AbstractApplicationContext.finishBeanFactoryInitialization(AbstractApplicationContext.java:877)
	at org.springframework.context.support.AbstractApplicationContext.refresh(AbstractApplicationContext.java:549)
	at org.springframework.test.context.support.AbstractGenericContextLoader.loadContext(AbstractGenericContextLoader.java:128)
	at org.springframework.test.context.support.AbstractGenericContextLoader.loadContext(AbstractGenericContextLoader.java:60)
	at org.springframework.test.context.support.AbstractDelegatingSmartContextLoader.delegateLoading(AbstractDelegatingSmartContextLoader.java:275)
	at org.springframework.test.context.support.AbstractDelegatingSmartContextLoader.loadContext(AbstractDelegatingSmartContextLoader.java:243)
	at org.springframework.test.context.cache.DefaultCacheAwareContextLoaderDelegate.loadContextInternal(DefaultCacheAwareContextLoaderDelegate.java:99)
	at org.springframework.test.context.cache.DefaultCacheAwareContextLoaderDelegate.loadContext(DefaultCacheAwareContextLoaderDelegate.java:117)
	at org.springframework.test.context.support.DefaultTestContext.getApplicationContext(DefaultTestContext.java:108)
	at org.springframework.test.context.support.DependencyInjectionTestExecutionListener.injectDependencies(DependencyInjectionTestExecutionListener.java:118)
	at org.springframework.test.context.support.DependencyInjectionTestExecutionListener.prepareTestInstance(DependencyInjectionTestExecutionListener.java:83)
	at org.springframework.test.context.TestContextManager.prepareTestInstance(TestContextManager.java:246)
	at org.springframework.test.context.junit4.SpringJUnit4ClassRunner.createTest(SpringJUnit4ClassRunner.java:227)
	at org.springframework.test.context.junit4.SpringJUnit4ClassRunner$1.runReflectiveCall(SpringJUnit4ClassRunner.java:289)
	at org.junit.internal.runners.model.ReflectiveCallable.run(ReflectiveCallable.java:12)
	at org.springframework.test.context.junit4.SpringJUnit4ClassRunner.methodBlock(SpringJUnit4ClassRunner.java:291)
	at org.springframework.test.context.junit4.SpringJUnit4ClassRunner.runChild(SpringJUnit4ClassRunner.java:246)
	at org.springframework.test.context.junit4.SpringJUnit4ClassRunner.runChild(SpringJUnit4ClassRunner.java:97)
	at org.junit.runners.ParentRunner$3.run(ParentRunner.java:290)
	at org.junit.runners.ParentRunner$1.schedule(ParentRunner.java:71)
	at org.junit.runners.ParentRunner.runChildren(ParentRunner.java:288)
	at org.junit.runners.ParentRunner.access$000(ParentRunner.java:58)
	at org.junit.runners.ParentRunner$2.evaluate(ParentRunner.java:268)
	at org.springframework.test.context.junit4.statements.RunBeforeTestClassCallbacks.evaluate(RunBeforeTestClassCallbacks.java:61)
	at org.springframework.test.context.junit4.statements.RunAfterTestClassCallbacks.evaluate(RunAfterTestClassCallbacks.java:70)
	at org.junit.runners.ParentRunner.run(ParentRunner.java:363)
	at org.springframework.test.context.junit4.SpringJUnit4ClassRunner.run(SpringJUnit4ClassRunner.java:190)
	at org.apache.maven.surefire.junit4.JUnit4Provider.execute(JUnit4Provider.java:365)
	at org.apache.maven.surefire.junit4.JUnit4Provider.executeWithRerun(JUnit4Provider.java:273)
	at org.apache.maven.surefire.junit4.JUnit4Provider.executeTestSet(JUnit4Provider.java:238)
	at org.apache.maven.surefire.junit4.JUnit4Provider.invoke(JUnit4Provider.java:159)
	at org.apache.maven.surefire.booter.ForkedBooter.invokeProviderInSameClassLoader(ForkedBooter.java:384)
	at org.apache.maven.surefire.booter.ForkedBooter.runSuitesInProcess(ForkedBooter.java:345)
	at org.apache.maven.surefire.booter.ForkedBooter.execute(ForkedBooter.java:126)
	at org.apache.maven.surefire.booter.ForkedBooter.main(ForkedBooter.java:418)
Caused by: org.hsqldb.HsqlException: java.net.ConnectException: Połączenie odrzucone (Connection refused)
	at org.hsqldb.ClientConnection.openConnection(Unknown Source)
	at org.hsqldb.ClientConnection.initConnection(Unknown Source)
	at org.hsqldb.ClientConnection.<init>(Unknown Source)
	... 96 common frames omitted
Caused by: java.net.ConnectException: Połączenie odrzucone (Connection refused)
	at java.base/java.net.PlainSocketImpl.socketConnect(Native Method)
	at java.base/java.net.AbstractPlainSocketImpl.doConnect(AbstractPlainSocketImpl.java:399)
	at java.base/java.net.AbstractPlainSocketImpl.connectToAddress(AbstractPlainSocketImpl.java:242)
	at java.base/java.net.AbstractPlainSocketImpl.connect(AbstractPlainSocketImpl.java:224)
	at java.base/java.net.SocksSocketImpl.connect(SocksSocketImpl.java:403)
	at java.base/java.net.Socket.connect(Socket.java:591)
	at java.base/java.net.Socket.connect(Socket.java:540)
	at java.base/java.net.Socket.<init>(Socket.java:436)
	at java.base/java.net.Socket.<init>(Socket.java:213)
	at org.hsqldb.server.HsqlSocketFactory.createSocket(Unknown Source)
	... 99 common frames omitted
20:24:24.480 [main] WARN org.hibernate.engine.jdbc.spi.SqlExceptionHelper - SQL Error: -1301, SQLState: 08001
20:24:24.480 [main] ERROR org.hibernate.engine.jdbc.spi.SqlExceptionHelper - java.net.ConnectException: Połączenie odrzucone (Connection refused)
20:24:24.481 [main] WARN org.springframework.context.support.GenericApplicationContext - Exception encountered during context initialization - cancelling refresh attempt: org.springframework.beans.factory.UnsatisfiedDependencyException: Error creating bean with name 'playerController': Unsatisfied dependency expressed through field 'playerManager'; nested exception is org.springframework.beans.factory.UnsatisfiedDependencyException: Error creating bean with name 'playerManagerHibernateImpl': Unsatisfied dependency expressed through field 'sessionFactory'; nested exception is org.springframework.beans.factory.BeanCreationException: Error creating bean with name 'hibernateSessionFactory' defined in class path resource [beans.xml]: Invocation of init method failed; nested exception is org.hibernate.exception.JDBCConnectionException: Unable to open JDBC Connection for DDL execution
20:24:24.482 [main] ERROR org.springframework.test.context.TestContextManager - Caught exception while allowing TestExecutionListener [org.springframework.test.context.support.DependencyInjectionTestExecutionListener@6a400542] to prepare test instance [tau.mmo.service.PlayerManagerTest@3a4a5f3c]
java.lang.IllegalStateException: Failed to load ApplicationContext
	at org.springframework.test.context.cache.DefaultCacheAwareContextLoaderDelegate.loadContext(DefaultCacheAwareContextLoaderDelegate.java:125)
	at org.springframework.test.context.support.DefaultTestContext.getApplicationContext(DefaultTestContext.java:108)
	at org.springframework.test.context.support.DependencyInjectionTestExecutionListener.injectDependencies(DependencyInjectionTestExecutionListener.java:118)
	at org.springframework.test.context.support.DependencyInjectionTestExecutionListener.prepareTestInstance(DependencyInjectionTestExecutionListener.java:83)
	at org.springframework.test.context.TestContextManager.prepareTestInstance(TestContextManager.java:246)
	at org.springframework.test.context.junit4.SpringJUnit4ClassRunner.createTest(SpringJUnit4ClassRunner.java:227)
	at org.springframework.test.context.junit4.SpringJUnit4ClassRunner$1.runReflectiveCall(SpringJUnit4ClassRunner.java:289)
	at org.junit.internal.runners.model.ReflectiveCallable.run(ReflectiveCallable.java:12)
	at org.springframework.test.context.junit4.SpringJUnit4ClassRunner.methodBlock(SpringJUnit4ClassRunner.java:291)
	at org.springframework.test.context.junit4.SpringJUnit4ClassRunner.runChild(SpringJUnit4ClassRunner.java:246)
	at org.springframework.test.context.junit4.SpringJUnit4ClassRunner.runChild(SpringJUnit4ClassRunner.java:97)
	at org.junit.runners.ParentRunner$3.run(ParentRunner.java:290)
	at org.junit.runners.ParentRunner$1.schedule(ParentRunner.java:71)
	at org.junit.runners.ParentRunner.runChildren(ParentRunner.java:288)
	at org.junit.runners.ParentRunner.access$000(ParentRunner.java:58)
	at org.junit.runners.ParentRunner$2.evaluate(ParentRunner.java:268)
	at org.springframework.test.context.junit4.statements.RunBeforeTestClassCallbacks.evaluate(RunBeforeTestClassCallbacks.java:61)
	at org.springframework.test.context.junit4.statements.RunAfterTestClassCallbacks.evaluate(RunAfterTestClassCallbacks.java:70)
	at org.junit.runners.ParentRunner.run(ParentRunner.java:363)
	at org.springframework.test.context.junit4.SpringJUnit4ClassRunner.run(SpringJUnit4ClassRunner.java:190)
	at org.apache.maven.surefire.junit4.JUnit4Provider.execute(JUnit4Provider.java:365)
	at org.apache.maven.surefire.junit4.JUnit4Provider.executeWithRerun(JUnit4Provider.java:273)
	at org.apache.maven.surefire.junit4.JUnit4Provider.executeTestSet(JUnit4Provider.java:238)
	at org.apache.maven.surefire.junit4.JUnit4Provider.invoke(JUnit4Provider.java:159)
	at org.apache.maven.surefire.booter.ForkedBooter.invokeProviderInSameClassLoader(ForkedBooter.java:384)
	at org.apache.maven.surefire.booter.ForkedBooter.runSuitesInProcess(ForkedBooter.java:345)
	at org.apache.maven.surefire.booter.ForkedBooter.execute(ForkedBooter.java:126)
	at org.apache.maven.surefire.booter.ForkedBooter.main(ForkedBooter.java:418)
Caused by: org.springframework.beans.factory.UnsatisfiedDependencyException: Error creating bean with name 'playerController': Unsatisfied dependency expressed through field 'playerManager'; nested exception is org.springframework.beans.factory.UnsatisfiedDependencyException: Error creating bean with name 'playerManagerHibernateImpl': Unsatisfied dependency expressed through field 'sessionFactory'; nested exception is org.springframework.beans.factory.BeanCreationException: Error creating bean with name 'hibernateSessionFactory' defined in class path resource [beans.xml]: Invocation of init method failed; nested exception is org.hibernate.exception.JDBCConnectionException: Unable to open JDBC Connection for DDL execution
	at org.springframework.beans.factory.annotation.AutowiredAnnotationBeanPostProcessor$AutowiredFieldElement.inject(AutowiredAnnotationBeanPostProcessor.java:596)
	at org.springframework.beans.factory.annotation.InjectionMetadata.inject(InjectionMetadata.java:90)
	at org.springframework.beans.factory.annotation.AutowiredAnnotationBeanPostProcessor.postProcessProperties(AutowiredAnnotationBeanPostProcessor.java:374)
	at org.springframework.beans.factory.support.AbstractAutowireCapableBeanFactory.populateBean(AbstractAutowireCapableBeanFactory.java:1411)
	at org.springframework.beans.factory.support.AbstractAutowireCapableBeanFactory.doCreateBean(AbstractAutowireCapableBeanFactory.java:592)
	at org.springframework.beans.factory.support.AbstractAutowireCapableBeanFactory.createBean(AbstractAutowireCapableBeanFactory.java:515)
	at org.springframework.beans.factory.support.AbstractBeanFactory.lambda$doGetBean$0(AbstractBeanFactory.java:320)
	at org.springframework.beans.factory.support.DefaultSingletonBeanRegistry.getSingleton(DefaultSingletonBeanRegistry.java:222)
	at org.springframework.beans.factory.support.AbstractBeanFactory.doGetBean(AbstractBeanFactory.java:318)
	at org.springframework.beans.factory.support.AbstractBeanFactory.getBean(AbstractBeanFactory.java:199)
	at org.springframework.beans.factory.support.DefaultListableBeanFactory.preInstantiateSingletons(DefaultListableBeanFactory.java:849)
	at org.springframework.context.support.AbstractApplicationContext.finishBeanFactoryInitialization(AbstractApplicationContext.java:877)
	at org.springframework.context.support.AbstractApplicationContext.refresh(AbstractApplicationContext.java:549)
	at org.springframework.test.context.support.AbstractGenericContextLoader.loadContext(AbstractGenericContextLoader.java:128)
	at org.springframework.test.context.support.AbstractGenericContextLoader.loadContext(AbstractGenericContextLoader.java:60)
	at org.springframework.test.context.support.AbstractDelegatingSmartContextLoader.delegateLoading(AbstractDelegatingSmartContextLoader.java:275)
	at org.springframework.test.context.support.AbstractDelegatingSmartContextLoader.loadContext(AbstractDelegatingSmartContextLoader.java:243)
	at org.springframework.test.context.cache.DefaultCacheAwareContextLoaderDelegate.loadContextInternal(DefaultCacheAwareContextLoaderDelegate.java:99)
	at org.springframework.test.context.cache.DefaultCacheAwareContextLoaderDelegate.loadContext(DefaultCacheAwareContextLoaderDelegate.java:117)
	... 27 common frames omitted
Caused by: org.springframework.beans.factory.UnsatisfiedDependencyException: Error creating bean with name 'playerManagerHibernateImpl': Unsatisfied dependency expressed through field 'sessionFactory'; nested exception is org.springframework.beans.factory.BeanCreationException: Error creating bean with name 'hibernateSessionFactory' defined in class path resource [beans.xml]: Invocation of init method failed; nested exception is org.hibernate.exception.JDBCConnectionException: Unable to open JDBC Connection for DDL execution
	at org.springframework.beans.factory.annotation.AutowiredAnnotationBeanPostProcessor$AutowiredFieldElement.inject(AutowiredAnnotationBeanPostProcessor.java:596)
	at org.springframework.beans.factory.annotation.InjectionMetadata.inject(InjectionMetadata.java:90)
	at org.springframework.beans.factory.annotation.AutowiredAnnotationBeanPostProcessor.postProcessProperties(AutowiredAnnotationBeanPostProcessor.java:374)
	at org.springframework.beans.factory.support.AbstractAutowireCapableBeanFactory.populateBean(AbstractAutowireCapableBeanFactory.java:1411)
	at org.springframework.beans.factory.support.AbstractAutowireCapableBeanFactory.doCreateBean(AbstractAutowireCapableBeanFactory.java:592)
	at org.springframework.beans.factory.support.AbstractAutowireCapableBeanFactory.createBean(AbstractAutowireCapableBeanFactory.java:515)
	at org.springframework.beans.factory.support.AbstractBeanFactory.lambda$doGetBean$0(AbstractBeanFactory.java:320)
	at org.springframework.beans.factory.support.DefaultSingletonBeanRegistry.getSingleton(DefaultSingletonBeanRegistry.java:222)
	at org.springframework.beans.factory.support.AbstractBeanFactory.doGetBean(AbstractBeanFactory.java:318)
	at org.springframework.beans.factory.support.AbstractBeanFactory.getBean(AbstractBeanFactory.java:199)
	at org.springframework.beans.factory.config.DependencyDescriptor.resolveCandidate(DependencyDescriptor.java:277)
	at org.springframework.beans.factory.support.DefaultListableBeanFactory.doResolveDependency(DefaultListableBeanFactory.java:1247)
	at org.springframework.beans.factory.support.DefaultListableBeanFactory.resolveDependency(DefaultListableBeanFactory.java:1167)
	at org.springframework.beans.factory.annotation.AutowiredAnnotationBeanPostProcessor$AutowiredFieldElement.inject(AutowiredAnnotationBeanPostProcessor.java:593)
	... 45 common frames omitted
Caused by: org.springframework.beans.factory.BeanCreationException: Error creating bean with name 'hibernateSessionFactory' defined in class path resource [beans.xml]: Invocation of init method failed; nested exception is org.hibernate.exception.JDBCConnectionException: Unable to open JDBC Connection for DDL execution
	at org.springframework.beans.factory.support.AbstractAutowireCapableBeanFactory.initializeBean(AbstractAutowireCapableBeanFactory.java:1778)
	at org.springframework.beans.factory.support.AbstractAutowireCapableBeanFactory.doCreateBean(AbstractAutowireCapableBeanFactory.java:593)
	at org.springframework.beans.factory.support.AbstractAutowireCapableBeanFactory.createBean(AbstractAutowireCapableBeanFactory.java:515)
	at org.springframework.beans.factory.support.AbstractBeanFactory.lambda$doGetBean$0(AbstractBeanFactory.java:320)
	at org.springframework.beans.factory.support.DefaultSingletonBeanRegistry.getSingleton(DefaultSingletonBeanRegistry.java:222)
	at org.springframework.beans.factory.support.AbstractBeanFactory.doGetBean(AbstractBeanFactory.java:318)
	at org.springframework.beans.factory.support.AbstractBeanFactory.getBean(AbstractBeanFactory.java:199)
	at org.springframework.beans.factory.config.DependencyDescriptor.resolveCandidate(DependencyDescriptor.java:277)
	at org.springframework.beans.factory.support.DefaultListableBeanFactory.doResolveDependency(DefaultListableBeanFactory.java:1247)
	at org.springframework.beans.factory.support.DefaultListableBeanFactory.resolveDependency(DefaultListableBeanFactory.java:1167)
	at org.springframework.beans.factory.annotation.AutowiredAnnotationBeanPostProcessor$AutowiredFieldElement.inject(AutowiredAnnotationBeanPostProcessor.java:593)
	... 58 common frames omitted
Caused by: org.hibernate.exception.JDBCConnectionException: Unable to open JDBC Connection for DDL execution
	at org.hibernate.exception.internal.SQLExceptionTypeDelegate.convert(SQLExceptionTypeDelegate.java:48)
	at org.hibernate.exception.internal.StandardSQLExceptionConverter.convert(StandardSQLExceptionConverter.java:42)
	at org.hibernate.engine.jdbc.spi.SqlExceptionHelper.convert(SqlExceptionHelper.java:111)
	at org.hibernate.engine.jdbc.spi.SqlExceptionHelper.convert(SqlExceptionHelper.java:97)
	at org.hibernate.resource.transaction.backend.jdbc.internal.DdlTransactionIsolatorNonJtaImpl.getIsolatedConnection(DdlTransactionIsolatorNonJtaImpl.java:69)
	at org.hibernate.tool.schema.internal.exec.ImprovedExtractionContextImpl.getJdbcConnection(ImprovedExtractionContextImpl.java:60)
	at org.hibernate.tool.schema.extract.internal.SequenceInformationExtractorLegacyImpl.extractMetadata(SequenceInformationExtractorLegacyImpl.java:40)
	at org.hibernate.tool.schema.extract.internal.DatabaseInformationImpl.initializeSequences(DatabaseInformationImpl.java:65)
	at org.hibernate.tool.schema.extract.internal.DatabaseInformationImpl.<init>(DatabaseInformationImpl.java:59)
	at org.hibernate.tool.schema.internal.Helper.buildDatabaseInformation(Helper.java:130)
	at org.hibernate.tool.schema.internal.AbstractSchemaMigrator.doMigration(AbstractSchemaMigrator.java:92)
	at org.hibernate.tool.schema.spi.SchemaManagementToolCoordinator.performDatabaseAction(SchemaManagementToolCoordinator.java:176)
	at org.hibernate.tool.schema.spi.SchemaManagementToolCoordinator.process(SchemaManagementToolCoordinator.java:65)
	at org.hibernate.internal.SessionFactoryImpl.<init>(SessionFactoryImpl.java:459)
	at org.hibernate.boot.internal.SessionFactoryBuilderImpl.build(SessionFactoryBuilderImpl.java:465)
	at org.hibernate.cfg.Configuration.buildSessionFactory(Configuration.java:711)
	at org.hibernate.cfg.Configuration.buildSessionFactory(Configuration.java:727)
	at org.springframework.orm.hibernate5.LocalSessionFactoryBean.buildSessionFactory(LocalSessionFactoryBean.java:615)
	at org.springframework.orm.hibernate5.LocalSessionFactoryBean.afterPropertiesSet(LocalSessionFactoryBean.java:599)
	at org.springframework.beans.factory.support.AbstractAutowireCapableBeanFactory.invokeInitMethods(AbstractAutowireCapableBeanFactory.java:1837)
	at org.springframework.beans.factory.support.AbstractAutowireCapableBeanFactory.initializeBean(AbstractAutowireCapableBeanFactory.java:1774)
	... 68 common frames omitted
Caused by: java.sql.SQLTransientConnectionException: java.net.ConnectException: Połączenie odrzucone (Connection refused)
	at org.hsqldb.jdbc.JDBCUtil.sqlException(Unknown Source)
	at org.hsqldb.jdbc.JDBCUtil.sqlException(Unknown Source)
	at org.hsqldb.jdbc.JDBCConnection.<init>(Unknown Source)
	at org.hsqldb.jdbc.JDBCDriver.getConnection(Unknown Source)
	at org.hsqldb.jdbc.JDBCDriver.connect(Unknown Source)
	at java.sql/java.sql.DriverManager.getConnection(DriverManager.java:677)
	at java.sql/java.sql.DriverManager.getConnection(DriverManager.java:189)
	at org.springframework.jdbc.datasource.DriverManagerDataSource.getConnectionFromDriverManager(DriverManagerDataSource.java:154)
	at org.springframework.jdbc.datasource.DriverManagerDataSource.getConnectionFromDriver(DriverManagerDataSource.java:145)
	at org.springframework.jdbc.datasource.AbstractDriverBasedDataSource.getConnectionFromDriver(AbstractDriverBasedDataSource.java:205)
	at org.springframework.jdbc.datasource.AbstractDriverBasedDataSource.getConnection(AbstractDriverBasedDataSource.java:169)
	at org.hibernate.engine.jdbc.connections.internal.DatasourceConnectionProviderImpl.getConnection(DatasourceConnectionProviderImpl.java:122)
	at org.hibernate.engine.jdbc.env.internal.JdbcEnvironmentInitiator$ConnectionProviderJdbcConnectionAccess.obtainConnection(JdbcEnvironmentInitiator.java:180)
	at org.hibernate.resource.transaction.backend.jdbc.internal.DdlTransactionIsolatorNonJtaImpl.getIsolatedConnection(DdlTransactionIsolatorNonJtaImpl.java:43)
	... 84 common frames omitted
Caused by: org.hsqldb.HsqlException: java.net.ConnectException: Połączenie odrzucone (Connection refused)
	at org.hsqldb.ClientConnection.openConnection(Unknown Source)
	at org.hsqldb.ClientConnection.initConnection(Unknown Source)
	at org.hsqldb.ClientConnection.<init>(Unknown Source)
	... 96 common frames omitted
Caused by: java.net.ConnectException: Połączenie odrzucone (Connection refused)
	at java.base/java.net.PlainSocketImpl.socketConnect(Native Method)
	at java.base/java.net.AbstractPlainSocketImpl.doConnect(AbstractPlainSocketImpl.java:399)
	at java.base/java.net.AbstractPlainSocketImpl.connectToAddress(AbstractPlainSocketImpl.java:242)
	at java.base/java.net.AbstractPlainSocketImpl.connect(AbstractPlainSocketImpl.java:224)
	at java.base/java.net.SocksSocketImpl.connect(SocksSocketImpl.java:403)
	at java.base/java.net.Socket.connect(Socket.java:591)
	at java.base/java.net.Socket.connect(Socket.java:540)
	at java.base/java.net.Socket.<init>(Socket.java:436)
	at java.base/java.net.Socket.<init>(Socket.java:213)
	at org.hsqldb.server.HsqlSocketFactory.createSocket(Unknown Source)
	... 99 common frames omitted
]]></system-out>
  </testcase>
  <testcase name="addItemTest" classname="tau.mmo.service.PlayerManagerTest" time="0.001">
    <error message="Failed to load ApplicationContext" type="java.lang.IllegalStateException">java.lang.IllegalStateException: Failed to load ApplicationContext
Caused by: org.springframework.beans.factory.UnsatisfiedDependencyException: Error creating bean with name 'playerController': Unsatisfied dependency expressed through field 'playerManager'; nested exception is org.springframework.beans.factory.UnsatisfiedDependencyException: Error creating bean with name 'playerManagerHibernateImpl': Unsatisfied dependency expressed through field 'sessionFactory'; nested exception is org.springframework.beans.factory.BeanCreationException: Error creating bean with name 'hibernateSessionFactory' defined in class path resource [beans.xml]: Invocation of init method failed; nested exception is org.hibernate.exception.JDBCConnectionException: Unable to open JDBC Connection for DDL execution
Caused by: org.springframework.beans.factory.UnsatisfiedDependencyException: Error creating bean with name 'playerManagerHibernateImpl': Unsatisfied dependency expressed through field 'sessionFactory'; nested exception is org.springframework.beans.factory.BeanCreationException: Error creating bean with name 'hibernateSessionFactory' defined in class path resource [beans.xml]: Invocation of init method failed; nested exception is org.hibernate.exception.JDBCConnectionException: Unable to open JDBC Connection for DDL execution
Caused by: org.springframework.beans.factory.BeanCreationException: Error creating bean with name 'hibernateSessionFactory' defined in class path resource [beans.xml]: Invocation of init method failed; nested exception is org.hibernate.exception.JDBCConnectionException: Unable to open JDBC Connection for DDL execution
Caused by: org.hibernate.exception.JDBCConnectionException: Unable to open JDBC Connection for DDL execution
Caused by: java.sql.SQLTransientConnectionException: java.net.ConnectException: Połączenie odrzucone (Connection refused)
Caused by: org.hsqldb.HsqlException: java.net.ConnectException: Połączenie odrzucone (Connection refused)
Caused by: java.net.ConnectException: Połączenie odrzucone (Connection refused)
</error>
    <system-out><![CDATA[20:24:24.485 [main] DEBUG org.springframework.test.annotation.ProfileValueUtils - Retrieved @ProfileValueSourceConfiguration [null] for test class [tau.mmo.service.PlayerManagerTest]
20:24:24.485 [main] DEBUG org.springframework.test.annotation.ProfileValueUtils - Retrieved ProfileValueSource type [class org.springframework.test.annotation.SystemProfileValueSource] for class [tau.mmo.service.PlayerManagerTest]
20:24:24.486 [main] DEBUG org.springframework.test.context.support.DependencyInjectionTestExecutionListener - Performing dependency injection for test context [[DefaultTestContext@7ed7259e testClass = PlayerManagerTest, testInstance = tau.mmo.service.PlayerManagerTest@3f0ce0d1, testMethod = [null], testException = [null], mergedContextConfiguration = [MergedContextConfiguration@28eaa59a testClass = PlayerManagerTest, locations = '{classpath:/beans.xml}', classes = '{}', contextInitializerClasses = '[]', activeProfiles = '{}', propertySourceLocations = '{}', propertySourceProperties = '{}', contextCustomizers = set[org.springframework.boot.test.context.filter.ExcludeFilterContextCustomizer@6b4a4e18, org.springframework.boot.test.json.DuplicateJsonObjectContextCustomizerFactory$DuplicateJsonObjectContextCustomizer@402e37bc, org.springframework.boot.test.mock.mockito.MockitoContextCustomizer@0, org.springframework.boot.test.autoconfigure.properties.PropertyMappingContextCustomizer@0, org.springframework.boot.test.autoconfigure.web.servlet.WebDriverContextCustomizerFactory$Customizer@6973bf95], contextLoader = 'org.springframework.test.context.support.DelegatingSmartContextLoader', parent = [null]], attributes = map[[empty]]]].
20:24:24.486 [main] DEBUG org.springframework.test.context.support.AbstractDelegatingSmartContextLoader - Delegating to GenericXmlContextLoader to load context from [MergedContextConfiguration@28eaa59a testClass = PlayerManagerTest, locations = '{classpath:/beans.xml}', classes = '{}', contextInitializerClasses = '[]', activeProfiles = '{}', propertySourceLocations = '{}', propertySourceProperties = '{}', contextCustomizers = set[org.springframework.boot.test.context.filter.ExcludeFilterContextCustomizer@6b4a4e18, org.springframework.boot.test.json.DuplicateJsonObjectContextCustomizerFactory$DuplicateJsonObjectContextCustomizer@402e37bc, org.springframework.boot.test.mock.mockito.MockitoContextCustomizer@0, org.springframework.boot.test.autoconfigure.properties.PropertyMappingContextCustomizer@0, org.springframework.boot.test.autoconfigure.web.servlet.WebDriverContextCustomizerFactory$Customizer@6973bf95], contextLoader = 'org.springframework.test.context.support.DelegatingSmartContextLoader', parent = [null]].
20:24:24.486 [main] DEBUG org.springframework.test.context.support.AbstractGenericContextLoader - Loading ApplicationContext for merged context configuration [[MergedContextConfiguration@28eaa59a testClass = PlayerManagerTest, locations = '{classpath:/beans.xml}', classes = '{}', contextInitializerClasses = '[]', activeProfiles = '{}', propertySourceLocations = '{}', propertySourceProperties = '{}', contextCustomizers = set[org.springframework.boot.test.context.filter.ExcludeFilterContextCustomizer@6b4a4e18, org.springframework.boot.test.json.DuplicateJsonObjectContextCustomizerFactory$DuplicateJsonObjectContextCustomizer@402e37bc, org.springframework.boot.test.mock.mockito.MockitoContextCustomizer@0, org.springframework.boot.test.autoconfigure.properties.PropertyMappingContextCustomizer@0, org.springframework.boot.test.autoconfigure.web.servlet.WebDriverContextCustomizerFactory$Customizer@6973bf95], contextLoader = 'org.springframework.test.context.support.DelegatingSmartContextLoader', parent = [null]]].
20:24:24.486 [main] DEBUG org.springframework.core.env.StandardEnvironment - Activating profiles []
20:24:24.506 [main] DEBUG org.springframework.context.annotation.ClassPathBeanDefinitionScanner - Identified candidate component class: file [/home/whitewolf/tau/TAU-repozytorium/tau-mmo-jmeter/target/classes/tau/mmo/Application.class]
20:24:24.506 [main] DEBUG org.springframework.context.annotation.ClassPathBeanDefinitionScanner - Identified candidate component class: file [/home/whitewolf/tau/TAU-repozytorium/tau-mmo-jmeter/target/classes/tau/mmo/api/PlayerController.class]
20:24:24.507 [main] DEBUG org.springframework.context.annotation.ClassPathBeanDefinitionScanner - Identified candidate component class: file [/home/whitewolf/tau/TAU-repozytorium/tau-mmo-jmeter/target/classes/tau/mmo/service/PlayerManagerHibernateImpl.class]
20:24:24.508 [main] DEBUG org.springframework.beans.factory.xml.XmlBeanDefinitionReader - Loaded 12 bean definitions from class path resource [beans.xml]
20:24:24.509 [main] DEBUG org.springframework.context.support.GenericApplicationContext - Refreshing org.springframework.context.support.GenericApplicationContext@664db2ca
20:24:24.509 [main] DEBUG org.springframework.beans.factory.support.DefaultListableBeanFactory - Creating shared instance of singleton bean 'org.springframework.context.annotation.internalConfigurationAnnotationProcessor'
20:24:24.512 [main] DEBUG org.springframework.context.annotation.ClassPathBeanDefinitionScanner - Identified candidate component class: file [/home/whitewolf/tau/TAU-repozytorium/tau-mmo-jmeter/target/classes/tau/mmo/api/PlayerController.class]
20:24:24.512 [main] DEBUG org.springframework.context.annotation.ClassPathBeanDefinitionScanner - Identified candidate component class: file [/home/whitewolf/tau/TAU-repozytorium/tau-mmo-jmeter/target/classes/tau/mmo/service/PlayerManagerHibernateImpl.class]
20:24:24.591 [main] DEBUG org.springframework.context.annotation.ClassPathBeanDefinitionScanner - Identified candidate component class: file [/home/whitewolf/tau/TAU-repozytorium/tau-mmo-jmeter/target/classes/tau/mmo/Application.class]
20:24:24.592 [main] DEBUG org.springframework.context.annotation.ClassPathBeanDefinitionScanner - Identified candidate component class: file [/home/whitewolf/tau/TAU-repozytorium/tau-mmo-jmeter/target/classes/tau/mmo/api/PlayerController.class]
20:24:24.592 [main] DEBUG org.springframework.context.annotation.ClassPathBeanDefinitionScanner - Identified candidate component class: file [/home/whitewolf/tau/TAU-repozytorium/tau-mmo-jmeter/target/classes/tau/mmo/service/PlayerManagerHibernateImpl.class]
20:24:24.593 [main] DEBUG org.springframework.beans.factory.xml.XmlBeanDefinitionReader - Loaded 0 bean definitions from class path resource [beans.xml]
20:24:24.593 [main] DEBUG org.springframework.beans.factory.support.DefaultListableBeanFactory - Creating shared instance of singleton bean 'org.springframework.boot.autoconfigure.condition.BeanTypeRegistry'
20:24:24.600 [main] INFO org.springframework.data.repository.config.RepositoryConfigurationDelegate - Bootstrapping Spring Data repositories in DEFAULT mode.
20:24:24.600 [main] DEBUG org.springframework.beans.factory.support.DefaultListableBeanFactory - Creating shared instance of singleton bean 'org.springframework.boot.autoconfigure.AutoConfigurationPackages'
20:24:24.600 [main] DEBUG org.springframework.boot.autoconfigure.AutoConfigurationPackages - @EnableAutoConfiguration was declared on a class in the package 'tau.mmo'. Automatic @Repository and @Entity scanning is enabled.
20:24:24.600 [main] DEBUG org.springframework.data.repository.config.RepositoryConfigurationDelegate - Scanning for repositories in packages tau.mmo.
20:24:24.601 [main] INFO org.springframework.data.repository.config.RepositoryConfigurationDelegate - Finished Spring Data repository scanning in 1ms. Found 0 repository interfaces.
20:24:24.613 [main] DEBUG org.springframework.beans.factory.support.DefaultListableBeanFactory - Creating shared instance of singleton bean 'propertySourcesPlaceholderConfigurer'
20:24:24.614 [main] DEBUG org.springframework.core.env.PropertySourcesPropertyResolver - Found key 'jdbc.driverClassName' in PropertySource 'class path resource [jdbc.properties]' with value of type String
20:24:24.614 [main] DEBUG org.springframework.core.env.PropertySourcesPropertyResolver - Found key 'jdbc.driverClassName' in PropertySource 'environmentProperties' with value of type String
20:24:24.614 [main] DEBUG org.springframework.core.env.PropertySourcesPropertyResolver - Found key 'jdbc.url' in PropertySource 'class path resource [jdbc.properties]' with value of type String
20:24:24.614 [main] DEBUG org.springframework.core.env.PropertySourcesPropertyResolver - Found key 'jdbc.url' in PropertySource 'environmentProperties' with value of type String
20:24:24.614 [main] DEBUG org.springframework.core.env.PropertySourcesPropertyResolver - Found key 'jdbc.username' in PropertySource 'class path resource [jdbc.properties]' with value of type String
20:24:24.614 [main] DEBUG org.springframework.core.env.PropertySourcesPropertyResolver - Found key 'jdbc.username' in PropertySource 'environmentProperties' with value of type String
20:24:24.614 [main] DEBUG org.springframework.core.env.PropertySourcesPropertyResolver - Found key 'jdbc.password' in PropertySource 'class path resource [jdbc.properties]' with value of type String
20:24:24.614 [main] DEBUG org.springframework.core.env.PropertySourcesPropertyResolver - Found key 'jdbc.password' in PropertySource 'environmentProperties' with value of type String
20:24:24.614 [main] DEBUG org.springframework.beans.factory.support.DefaultListableBeanFactory - Creating shared instance of singleton bean 'org.springframework.boot.test.mock.mockito.MockitoPostProcessor'
20:24:24.615 [main] DEBUG org.springframework.beans.factory.support.DefaultListableBeanFactory - Creating shared instance of singleton bean 'emBeanDefinitionRegistrarPostProcessor'
20:24:24.616 [main] DEBUG org.springframework.beans.factory.support.DefaultListableBeanFactory - Creating shared instance of singleton bean 'org.springframework.context.event.internalEventListenerProcessor'
20:24:24.618 [main] DEBUG org.springframework.beans.factory.support.DefaultListableBeanFactory - Creating shared instance of singleton bean 'org.springframework.boot.context.properties.ConfigurationBeanFactoryMetadata'
20:24:24.618 [main] DEBUG org.springframework.beans.factory.support.DefaultListableBeanFactory - Creating shared instance of singleton bean 'org.springframework.context.event.internalEventListenerFactory'
20:24:24.618 [main] DEBUG org.springframework.beans.factory.support.DefaultListableBeanFactory - Creating shared instance of singleton bean 'org.springframework.transaction.config.internalTransactionalEventListenerFactory'
20:24:24.619 [main] DEBUG org.springframework.beans.factory.support.DefaultListableBeanFactory - Creating shared instance of singleton bean 'org.springframework.context.annotation.internalAutowiredAnnotationProcessor'
20:24:24.619 [main] DEBUG org.springframework.beans.factory.support.DefaultListableBeanFactory - Creating shared instance of singleton bean 'org.springframework.context.annotation.internalCommonAnnotationProcessor'
20:24:24.620 [main] DEBUG org.springframework.beans.factory.support.DefaultListableBeanFactory - Creating shared instance of singleton bean 'org.springframework.context.annotation.internalPersistenceAnnotationProcessor'
20:24:24.620 [main] DEBUG org.springframework.beans.factory.support.DefaultListableBeanFactory - Creating shared instance of singleton bean 'org.springframework.boot.test.mock.mockito.MockitoPostProcessor$SpyPostProcessor'
20:24:24.620 [main] DEBUG org.springframework.beans.factory.support.DefaultListableBeanFactory - Creating shared instance of singleton bean 'org.springframework.boot.context.properties.ConfigurationPropertiesBindingPostProcessor'
20:24:24.620 [main] DEBUG org.springframework.beans.factory.support.DefaultListableBeanFactory - Creating shared instance of singleton bean 'methodValidationPostProcessor'
20:24:24.621 [main] DEBUG org.springframework.beans.factory.support.DefaultListableBeanFactory - Autowiring by type from bean name 'methodValidationPostProcessor' via factory method to bean named 'environment'
20:24:24.622 [main] DEBUG org.springframework.beans.factory.support.DefaultListableBeanFactory - Creating shared instance of singleton bean 'org.springframework.aop.config.internalAutoProxyCreator'
20:24:24.623 [main] DEBUG org.springframework.beans.factory.support.DefaultListableBeanFactory - Creating shared instance of singleton bean 'dataSourceInitializerPostProcessor'
20:24:24.624 [main] DEBUG org.springframework.beans.factory.support.DefaultListableBeanFactory - Creating shared instance of singleton bean 'persistenceExceptionTranslationPostProcessor'
20:24:24.624 [main] DEBUG org.springframework.beans.factory.support.DefaultListableBeanFactory - Autowiring by type from bean name 'persistenceExceptionTranslationPostProcessor' via factory method to bean named 'environment'
20:24:24.626 [main] DEBUG org.springframework.beans.factory.support.DefaultListableBeanFactory - Creating shared instance of singleton bean 'application'
20:24:24.626 [main] DEBUG org.springframework.beans.factory.support.DefaultListableBeanFactory - Creating shared instance of singleton bean 'org.springframework.transaction.config.internalTransactionAdvisor'
20:24:24.626 [main] DEBUG org.springframework.beans.factory.support.DefaultListableBeanFactory - Creating shared instance of singleton bean 'org.springframework.transaction.annotation.ProxyTransactionManagementConfiguration'
20:24:24.630 [main] DEBUG org.springframework.beans.factory.support.DefaultListableBeanFactory - Creating shared instance of singleton bean 'transactionAttributeSource'
20:24:24.631 [main] DEBUG org.springframework.beans.factory.support.DefaultListableBeanFactory - Creating shared instance of singleton bean 'transactionInterceptor'
20:24:24.633 [main] DEBUG org.springframework.beans.factory.support.DefaultListableBeanFactory - Creating shared instance of singleton bean 'playerController'
20:24:24.635 [main] DEBUG org.springframework.beans.factory.support.DefaultListableBeanFactory - Creating shared instance of singleton bean 'playerManagerHibernateImpl'
20:24:24.636 [main] DEBUG org.springframework.beans.factory.support.DefaultListableBeanFactory - Creating shared instance of singleton bean 'hibernateSessionFactory'
20:24:24.637 [main] DEBUG org.springframework.beans.factory.support.DefaultListableBeanFactory - Creating shared instance of singleton bean 'dataSource'
20:24:24.638 [main] DEBUG org.springframework.jdbc.datasource.DriverManagerDataSource - Loaded JDBC driver: org.hsqldb.jdbcDriver
20:24:24.639 [main] DEBUG org.springframework.beans.factory.support.DefaultListableBeanFactory - Creating shared instance of singleton bean 'org.springframework.boot.autoconfigure.jdbc.DataSourceInitializerInvoker'
20:24:24.640 [main] DEBUG org.springframework.beans.factory.support.DefaultListableBeanFactory - Creating shared instance of singleton bean 'spring.datasource-org.springframework.boot.autoconfigure.jdbc.DataSourceProperties'
20:24:24.644 [main] DEBUG org.springframework.beans.factory.support.DefaultListableBeanFactory - Autowiring by type from bean name 'org.springframework.boot.autoconfigure.jdbc.DataSourceInitializerInvoker' via constructor to bean named 'spring.datasource-org.springframework.boot.autoconfigure.jdbc.DataSourceProperties'
20:24:24.645 [main] DEBUG org.springframework.beans.factory.support.DefaultListableBeanFactory - Autowiring by type from bean name 'org.springframework.boot.autoconfigure.jdbc.DataSourceInitializerInvoker' via constructor to bean named 'org.springframework.context.support.GenericApplicationContext@664db2ca'
20:24:24.647 [main] DEBUG org.hibernate.integrator.internal.IntegratorServiceImpl - Adding Integrator [org.hibernate.cfg.beanvalidation.BeanValidationIntegrator].
20:24:24.647 [main] DEBUG org.hibernate.integrator.internal.IntegratorServiceImpl - Adding Integrator [org.hibernate.secure.spi.JaccIntegrator].
20:24:24.647 [main] DEBUG org.hibernate.integrator.internal.IntegratorServiceImpl - Adding Integrator [org.hibernate.cache.internal.CollectionCacheInvalidator].
20:24:24.650 [main] DEBUG org.hibernate.cfg.Configuration - Building session factory using internal StandardServiceRegistryBuilder
20:24:24.651 [main] DEBUG org.hibernate.service.spi.ServiceBinding - Overriding existing service binding [org.hibernate.secure.spi.JaccService]
20:24:24.651 [main] DEBUG org.hibernate.cfg.Configuration - Building session factory using provided StandardServiceRegistry
20:24:24.651 [main] DEBUG org.hibernate.cache.internal.RegionFactoryInitiator - Cache region factory : org.hibernate.cache.internal.NoCachingRegionFactory
20:24:24.652 [main] DEBUG org.hibernate.type.BasicTypeRegistry - Adding type registration boolean -> org.hibernate.type.BooleanType@41ffaeb8
20:24:24.652 [main] DEBUG org.hibernate.type.BasicTypeRegistry - Adding type registration boolean -> org.hibernate.type.BooleanType@41ffaeb8
20:24:24.652 [main] DEBUG org.hibernate.type.BasicTypeRegistry - Adding type registration java.lang.Boolean -> org.hibernate.type.BooleanType@41ffaeb8
20:24:24.652 [main] DEBUG org.hibernate.type.BasicTypeRegistry - Adding type registration numeric_boolean -> org.hibernate.type.NumericBooleanType@444cc791
20:24:24.652 [main] DEBUG org.hibernate.type.BasicTypeRegistry - Adding type registration true_false -> org.hibernate.type.TrueFalseType@12ffd1de
20:24:24.652 [main] DEBUG org.hibernate.type.BasicTypeRegistry - Adding type registration yes_no -> org.hibernate.type.YesNoType@6c806c8b
20:24:24.652 [main] DEBUG org.hibernate.type.BasicTypeRegistry - Adding type registration byte -> org.hibernate.type.ByteType@23706db8
20:24:24.652 [main] DEBUG org.hibernate.type.BasicTypeRegistry - Adding type registration byte -> org.hibernate.type.ByteType@23706db8
20:24:24.652 [main] DEBUG org.hibernate.type.BasicTypeRegistry - Adding type registration java.lang.Byte -> org.hibernate.type.ByteType@23706db8
20:24:24.652 [main] DEBUG org.hibernate.type.BasicTypeRegistry - Adding type registration character -> org.hibernate.type.CharacterType@7bca6fac
20:24:24.652 [main] DEBUG org.hibernate.type.BasicTypeRegistry - Adding type registration char -> org.hibernate.type.CharacterType@7bca6fac
20:24:24.652 [main] DEBUG org.hibernate.type.BasicTypeRegistry - Adding type registration java.lang.Character -> org.hibernate.type.CharacterType@7bca6fac
20:24:24.652 [main] DEBUG org.hibernate.type.BasicTypeRegistry - Adding type registration short -> org.hibernate.type.ShortType@37303f12
20:24:24.652 [main] DEBUG org.hibernate.type.BasicTypeRegistry - Adding type registration short -> org.hibernate.type.ShortType@37303f12
20:24:24.652 [main] DEBUG org.hibernate.type.BasicTypeRegistry - Adding type registration java.lang.Short -> org.hibernate.type.ShortType@37303f12
20:24:24.652 [main] DEBUG org.hibernate.type.BasicTypeRegistry - Adding type registration integer -> org.hibernate.type.IntegerType@2ab5afc7
20:24:24.652 [main] DEBUG org.hibernate.type.BasicTypeRegistry - Adding type registration int -> org.hibernate.type.IntegerType@2ab5afc7
20:24:24.652 [main] DEBUG org.hibernate.type.BasicTypeRegistry - Adding type registration java.lang.Integer -> org.hibernate.type.IntegerType@2ab5afc7
20:24:24.652 [main] DEBUG org.hibernate.type.BasicTypeRegistry - Adding type registration long -> org.hibernate.type.LongType@3c35c345
20:24:24.652 [main] DEBUG org.hibernate.type.BasicTypeRegistry - Adding type registration long -> org.hibernate.type.LongType@3c35c345
20:24:24.652 [main] DEBUG org.hibernate.type.BasicTypeRegistry - Adding type registration java.lang.Long -> org.hibernate.type.LongType@3c35c345
20:24:24.652 [main] DEBUG org.hibernate.type.BasicTypeRegistry - Adding type registration float -> org.hibernate.type.FloatType@1d0a61c8
20:24:24.652 [main] DEBUG org.hibernate.type.BasicTypeRegistry - Adding type registration float -> org.hibernate.type.FloatType@1d0a61c8
20:24:24.652 [main] DEBUG org.hibernate.type.BasicTypeRegistry - Adding type registration java.lang.Float -> org.hibernate.type.FloatType@1d0a61c8
20:24:24.652 [main] DEBUG org.hibernate.type.BasicTypeRegistry - Adding type registration double -> org.hibernate.type.DoubleType@5524b72f
20:24:24.652 [main] DEBUG org.hibernate.type.BasicTypeRegistry - Adding type registration double -> org.hibernate.type.DoubleType@5524b72f
20:24:24.652 [main] DEBUG org.hibernate.type.BasicTypeRegistry - Adding type registration java.lang.Double -> org.hibernate.type.DoubleType@5524b72f
20:24:24.652 [main] DEBUG org.hibernate.type.BasicTypeRegistry - Adding type registration big_decimal -> org.hibernate.type.BigDecimalType@1846579f
20:24:24.652 [main] DEBUG org.hibernate.type.BasicTypeRegistry - Adding type registration java.math.BigDecimal -> org.hibernate.type.BigDecimalType@1846579f
20:24:24.652 [main] DEBUG org.hibernate.type.BasicTypeRegistry - Adding type registration big_integer -> org.hibernate.type.BigIntegerType@7be7e15
20:24:24.652 [main] DEBUG org.hibernate.type.BasicTypeRegistry - Adding type registration java.math.BigInteger -> org.hibernate.type.BigIntegerType@7be7e15
20:24:24.652 [main] DEBUG org.hibernate.type.BasicTypeRegistry - Adding type registration string -> org.hibernate.type.StringType@2330e3e0
20:24:24.652 [main] DEBUG org.hibernate.type.BasicTypeRegistry - Adding type registration java.lang.String -> org.hibernate.type.StringType@2330e3e0
20:24:24.652 [main] DEBUG org.hibernate.type.BasicTypeRegistry - Adding type registration nstring -> org.hibernate.type.StringNVarcharType@3f9270ed
20:24:24.652 [main] DEBUG org.hibernate.type.BasicTypeRegistry - Adding type registration ncharacter -> org.hibernate.type.CharacterNCharType@53a665ad
20:24:24.652 [main] DEBUG org.hibernate.type.BasicTypeRegistry - Adding type registration url -> org.hibernate.type.UrlType@abff8b7
20:24:24.652 [main] DEBUG org.hibernate.type.BasicTypeRegistry - Adding type registration java.net.URL -> org.hibernate.type.UrlType@abff8b7
20:24:24.652 [main] DEBUG org.hibernate.type.BasicTypeRegistry - Adding type registration date -> org.hibernate.type.DateType@37d871c2
20:24:24.652 [main] DEBUG org.hibernate.type.BasicTypeRegistry - Adding type registration java.sql.Date -> org.hibernate.type.DateType@37d871c2
20:24:24.652 [main] DEBUG org.hibernate.type.BasicTypeRegistry - Adding type registration time -> org.hibernate.type.TimeType@642505c7
20:24:24.652 [main] DEBUG org.hibernate.type.BasicTypeRegistry - Adding type registration java.sql.Time -> org.hibernate.type.TimeType@642505c7
20:24:24.652 [main] DEBUG org.hibernate.type.BasicTypeRegistry - Adding type registration timestamp -> org.hibernate.type.TimestampType@1abfe081
20:24:24.652 [main] DEBUG org.hibernate.type.BasicTypeRegistry - Adding type registration java.sql.Timestamp -> org.hibernate.type.TimestampType@1abfe081
20:24:24.652 [main] DEBUG org.hibernate.type.BasicTypeRegistry - Adding type registration java.util.Date -> org.hibernate.type.TimestampType@1abfe081
20:24:24.652 [main] DEBUG org.hibernate.type.BasicTypeRegistry - Adding type registration dbtimestamp -> org.hibernate.type.DbTimestampType@75a118e6
20:24:24.653 [main] DEBUG org.hibernate.type.BasicTypeRegistry - Adding type registration calendar -> org.hibernate.type.CalendarType@28c86134
20:24:24.654 [main] DEBUG org.hibernate.type.BasicTypeRegistry - Adding type registration java.util.Calendar -> org.hibernate.type.CalendarType@28c86134
20:24:24.654 [main] DEBUG org.hibernate.type.BasicTypeRegistry - Adding type registration java.util.GregorianCalendar -> org.hibernate.type.CalendarType@28c86134
20:24:24.654 [main] DEBUG org.hibernate.type.BasicTypeRegistry - Adding type registration calendar_date -> org.hibernate.type.CalendarDateType@f288c14
20:24:24.654 [main] DEBUG org.hibernate.type.BasicTypeRegistry - Adding type registration locale -> org.hibernate.type.LocaleType@671facee
20:24:24.654 [main] DEBUG org.hibernate.type.BasicTypeRegistry - Adding type registration java.util.Locale -> org.hibernate.type.LocaleType@671facee
20:24:24.654 [main] DEBUG org.hibernate.type.BasicTypeRegistry - Adding type registration currency -> org.hibernate.type.CurrencyType@56f521c6
20:24:24.654 [main] DEBUG org.hibernate.type.BasicTypeRegistry - Adding type registration java.util.Currency -> org.hibernate.type.CurrencyType@56f521c6
20:24:24.654 [main] DEBUG org.hibernate.type.BasicTypeRegistry - Adding type registration timezone -> org.hibernate.type.TimeZoneType@39fa8ad2
20:24:24.654 [main] DEBUG org.hibernate.type.BasicTypeRegistry - Adding type registration java.util.TimeZone -> org.hibernate.type.TimeZoneType@39fa8ad2
20:24:24.654 [main] DEBUG org.hibernate.type.BasicTypeRegistry - Adding type registration class -> org.hibernate.type.ClassType@6c302a1d
20:24:24.655 [main] DEBUG org.hibernate.type.BasicTypeRegistry - Adding type registration java.lang.Class -> org.hibernate.type.ClassType@6c302a1d
20:24:24.655 [main] DEBUG org.hibernate.type.BasicTypeRegistry - Adding type registration uuid-binary -> org.hibernate.type.UUIDBinaryType@58cf8f94
20:24:24.655 [main] DEBUG org.hibernate.type.BasicTypeRegistry - Adding type registration java.util.UUID -> org.hibernate.type.UUIDBinaryType@58cf8f94
20:24:24.655 [main] DEBUG org.hibernate.type.BasicTypeRegistry - Adding type registration uuid-char -> org.hibernate.type.UUIDCharType@34f392be
20:24:24.655 [main] DEBUG org.hibernate.type.BasicTypeRegistry - Adding type registration binary -> org.hibernate.type.BinaryType@58496c97
20:24:24.655 [main] DEBUG org.hibernate.type.BasicTypeRegistry - Adding type registration byte[] -> org.hibernate.type.BinaryType@58496c97
20:24:24.655 [main] DEBUG org.hibernate.type.BasicTypeRegistry - Adding type registration [B -> org.hibernate.type.BinaryType@58496c97
20:24:24.655 [main] DEBUG org.hibernate.type.BasicTypeRegistry - Adding type registration wrapper-binary -> org.hibernate.type.WrapperBinaryType@6ecab872
20:24:24.655 [main] DEBUG org.hibernate.type.BasicTypeRegistry - Adding type registration Byte[] -> org.hibernate.type.WrapperBinaryType@6ecab872
20:24:24.655 [main] DEBUG org.hibernate.type.BasicTypeRegistry - Adding type registration [Ljava.lang.Byte; -> org.hibernate.type.WrapperBinaryType@6ecab872
20:24:24.655 [main] DEBUG org.hibernate.type.BasicTypeRegistry - Adding type registration row_version -> org.hibernate.type.RowVersionType@6d025d1d
20:24:24.655 [main] DEBUG org.hibernate.type.BasicTypeRegistry - Adding type registration image -> org.hibernate.type.ImageType@7479b626
20:24:24.655 [main] DEBUG org.hibernate.type.BasicTypeRegistry - Adding type registration characters -> org.hibernate.type.CharArrayType@17a703f5
20:24:24.655 [main] DEBUG org.hibernate.type.BasicTypeRegistry - Adding type registration char[] -> org.hibernate.type.CharArrayType@17a703f5
20:24:24.655 [main] DEBUG org.hibernate.type.BasicTypeRegistry - Adding type registration [C -> org.hibernate.type.CharArrayType@17a703f5
20:24:24.655 [main] DEBUG org.hibernate.type.BasicTypeRegistry - Adding type registration wrapper-characters -> org.hibernate.type.CharacterArrayType@65f2f9b0
20:24:24.655 [main] DEBUG org.hibernate.type.BasicTypeRegistry - Adding type registration [Ljava.lang.Character; -> org.hibernate.type.CharacterArrayType@65f2f9b0
20:24:24.655 [main] DEBUG org.hibernate.type.BasicTypeRegistry - Adding type registration Character[] -> org.hibernate.type.CharacterArrayType@65f2f9b0
20:24:24.655 [main] DEBUG org.hibernate.type.BasicTypeRegistry - Adding type registration text -> org.hibernate.type.TextType@38fc5554
20:24:24.655 [main] DEBUG org.hibernate.type.BasicTypeRegistry - Adding type registration ntext -> org.hibernate.type.NTextType@4d1f1ff5
20:24:24.655 [main] DEBUG org.hibernate.type.BasicTypeRegistry - Adding type registration blob -> org.hibernate.type.BlobType@d8d9199
20:24:24.655 [main] DEBUG org.hibernate.type.BasicTypeRegistry - Adding type registration java.sql.Blob -> org.hibernate.type.BlobType@d8d9199
20:24:24.655 [main] DEBUG org.hibernate.type.BasicTypeRegistry - Adding type registration materialized_blob -> org.hibernate.type.MaterializedBlobType@71ad3d8a
20:24:24.655 [main] DEBUG org.hibernate.type.BasicTypeRegistry - Adding type registration clob -> org.hibernate.type.ClobType@332820f4
20:24:24.655 [main] DEBUG org.hibernate.type.BasicTypeRegistry - Adding type registration java.sql.Clob -> org.hibernate.type.ClobType@332820f4
20:24:24.655 [main] DEBUG org.hibernate.type.BasicTypeRegistry - Adding type registration nclob -> org.hibernate.type.NClobType@3d5790ea
20:24:24.655 [main] DEBUG org.hibernate.type.BasicTypeRegistry - Adding type registration java.sql.NClob -> org.hibernate.type.NClobType@3d5790ea
20:24:24.655 [main] DEBUG org.hibernate.type.BasicTypeRegistry - Adding type registration materialized_clob -> org.hibernate.type.MaterializedClobType@56913163
20:24:24.655 [main] DEBUG org.hibernate.type.BasicTypeRegistry - Adding type registration materialized_nclob -> org.hibernate.type.MaterializedNClobType@396639b
20:24:24.655 [main] DEBUG org.hibernate.type.BasicTypeRegistry - Adding type registration serializable -> org.hibernate.type.SerializableType@102efc59
20:24:24.655 [main] DEBUG org.hibernate.type.BasicTypeRegistry - Adding type registration object -> org.hibernate.type.ObjectType@6c6366cf
20:24:24.655 [main] DEBUG org.hibernate.type.BasicTypeRegistry - Adding type registration java.lang.Object -> org.hibernate.type.ObjectType@6c6366cf
20:24:24.655 [main] DEBUG org.hibernate.type.BasicTypeRegistry - Adding type registration imm_date -> org.hibernate.type.AdaptedImmutableType@223967ea
20:24:24.655 [main] DEBUG org.hibernate.type.BasicTypeRegistry - Adding type registration imm_time -> org.hibernate.type.AdaptedImmutableType@4a6a6a69
20:24:24.655 [main] DEBUG org.hibernate.type.BasicTypeRegistry - Adding type registration imm_timestamp -> org.hibernate.type.AdaptedImmutableType@5d7f1e59
20:24:24.655 [main] DEBUG org.hibernate.type.BasicTypeRegistry - Adding type registration imm_dbtimestamp -> org.hibernate.type.AdaptedImmutableType@53e93fb7
20:24:24.655 [main] DEBUG org.hibernate.type.BasicTypeRegistry - Adding type registration imm_calendar -> org.hibernate.type.AdaptedImmutableType@3a861417
20:24:24.655 [main] DEBUG org.hibernate.type.BasicTypeRegistry - Adding type registration imm_calendar_date -> org.hibernate.type.AdaptedImmutableType@2326180c
20:24:24.655 [main] DEBUG org.hibernate.type.BasicTypeRegistry - Adding type registration imm_binary -> org.hibernate.type.AdaptedImmutableType@68e47e7
20:24:24.655 [main] DEBUG org.hibernate.type.BasicTypeRegistry - Adding type registration imm_serializable -> org.hibernate.type.AdaptedImmutableType@1c00d406
20:24:24.655 [main] DEBUG org.springframework.jdbc.datasource.DriverManagerDataSource - Creating new JDBC DriverManager Connection to [jdbc:hsqldb:hsql://localhost/workdb]
20:24:24.656 [main] WARN org.hibernate.engine.jdbc.env.internal.JdbcEnvironmentInitiator - HHH000342: Could not obtain connection to query metadata : java.net.ConnectException: Połączenie odrzucone (Connection refused)
20:24:24.656 [main] INFO org.hibernate.dialect.Dialect - HHH000400: Using dialect: org.hibernate.dialect.HSQLDialect
20:24:24.656 [main] DEBUG org.hibernate.engine.jdbc.env.spi.IdentifierHelperBuilder - IdentifierCaseStrategy for both quoted and unquoted identifiers was set to the same strategy [MIXED]; that will likely lead to problems in schema update and validation if using quoted identifiers
20:24:24.656 [main] INFO org.hibernate.engine.jdbc.env.internal.LobCreatorBuilderImpl - HHH000422: Disabling contextual LOB creation as connection was null
20:24:24.657 [main] DEBUG org.hibernate.id.factory.internal.DefaultIdentifierGeneratorFactory - Registering IdentifierGenerator strategy [uuid2] -> [org.hibernate.id.UUIDGenerator]
20:24:24.657 [main] DEBUG org.hibernate.id.factory.internal.DefaultIdentifierGeneratorFactory - Registering IdentifierGenerator strategy [guid] -> [org.hibernate.id.GUIDGenerator]
20:24:24.657 [main] DEBUG org.hibernate.id.factory.internal.DefaultIdentifierGeneratorFactory - Registering IdentifierGenerator strategy [uuid] -> [org.hibernate.id.UUIDHexGenerator]
20:24:24.657 [main] DEBUG org.hibernate.id.factory.internal.DefaultIdentifierGeneratorFactory - Registering IdentifierGenerator strategy [uuid.hex] -> [org.hibernate.id.UUIDHexGenerator]
20:24:24.657 [main] DEBUG org.hibernate.id.factory.internal.DefaultIdentifierGeneratorFactory - Registering IdentifierGenerator strategy [assigned] -> [org.hibernate.id.Assigned]
20:24:24.657 [main] DEBUG org.hibernate.id.factory.internal.DefaultIdentifierGeneratorFactory - Registering IdentifierGenerator strategy [identity] -> [org.hibernate.id.IdentityGenerator]
20:24:24.657 [main] DEBUG org.hibernate.id.factory.internal.DefaultIdentifierGeneratorFactory - Registering IdentifierGenerator strategy [select] -> [org.hibernate.id.SelectGenerator]
20:24:24.657 [main] DEBUG org.hibernate.id.factory.internal.DefaultIdentifierGeneratorFactory - Registering IdentifierGenerator strategy [sequence] -> [org.hibernate.id.enhanced.SequenceStyleGenerator]
20:24:24.657 [main] DEBUG org.hibernate.id.factory.internal.DefaultIdentifierGeneratorFactory - Registering IdentifierGenerator strategy [seqhilo] -> [org.hibernate.id.SequenceHiLoGenerator]
20:24:24.657 [main] DEBUG org.hibernate.id.factory.internal.DefaultIdentifierGeneratorFactory - Registering IdentifierGenerator strategy [increment] -> [org.hibernate.id.IncrementGenerator]
20:24:24.657 [main] DEBUG org.hibernate.id.factory.internal.DefaultIdentifierGeneratorFactory - Registering IdentifierGenerator strategy [foreign] -> [org.hibernate.id.ForeignGenerator]
20:24:24.657 [main] DEBUG org.hibernate.id.factory.internal.DefaultIdentifierGeneratorFactory - Registering IdentifierGenerator strategy [sequence-identity] -> [org.hibernate.id.SequenceIdentityGenerator]
20:24:24.657 [main] DEBUG org.hibernate.id.factory.internal.DefaultIdentifierGeneratorFactory - Registering IdentifierGenerator strategy [enhanced-sequence] -> [org.hibernate.id.enhanced.SequenceStyleGenerator]
20:24:24.657 [main] DEBUG org.hibernate.id.factory.internal.DefaultIdentifierGeneratorFactory - Registering IdentifierGenerator strategy [enhanced-table] -> [org.hibernate.id.enhanced.TableGenerator]
20:24:24.657 [main] DEBUG org.hibernate.boot.model.relational.Namespace - Created database namespace [logicalName=Name{catalog=null, schema=null}, physicalName=Name{catalog=null, schema=null}]
20:24:24.657 [main] DEBUG org.hibernate.cfg.AnnotationBinder - Binding entity from annotated class: tau.mmo.domain.Item
20:24:24.657 [main] DEBUG org.hibernate.cfg.annotations.QueryBinder - Binding named query: item.all => Select p from Item p
20:24:24.657 [main] DEBUG org.hibernate.cfg.annotations.QueryBinder - Binding named query: item.allForPlayer => Select p from Item p where player_id = :id
20:24:24.657 [main] DEBUG org.hibernate.cfg.Ejb3Column - Binding column: Ejb3DiscriminatorColumn{logicalColumnName'DTYPE', discriminatorTypeName='string'}
20:24:24.657 [main] DEBUG org.hibernate.cfg.annotations.EntityBinder - Import with entity name Item
20:24:24.657 [main] DEBUG org.hibernate.cfg.annotations.EntityBinder - Bind entity tau.mmo.domain.Item on table item
20:24:24.658 [main] DEBUG org.hibernate.cfg.Ejb3Column - Binding column: Ejb3Column{table=org.hibernate.mapping.Table(item), mappingColumn=id, insertable=true, updatable=true, unique=false}
20:24:24.658 [main] DEBUG org.hibernate.cfg.annotations.PropertyBinder - MetadataSourceProcessor property id with lazy=false
20:24:24.658 [main] DEBUG org.hibernate.cfg.AbstractPropertyHolder - Attempting to locate auto-apply AttributeConverter for property [tau.mmo.domain.Item:id]
20:24:24.658 [main] DEBUG org.hibernate.cfg.annotations.SimpleValueBinder - building SimpleValue for id
20:24:24.658 [main] DEBUG org.hibernate.cfg.annotations.PropertyBinder - Building property id
20:24:24.658 [main] DEBUG org.hibernate.cfg.Ejb3Column - Binding column: Ejb3Column{table=org.hibernate.mapping.Table(item), mappingColumn=itemclass, insertable=true, updatable=true, unique=false}
20:24:24.658 [main] DEBUG org.hibernate.cfg.annotations.PropertyBinder - MetadataSourceProcessor property itemclass with lazy=false
20:24:24.658 [main] DEBUG org.hibernate.cfg.AbstractPropertyHolder - Attempting to locate auto-apply AttributeConverter for property [tau.mmo.domain.Item:itemclass]
20:24:24.658 [main] DEBUG org.hibernate.cfg.annotations.SimpleValueBinder - building SimpleValue for itemclass
20:24:24.658 [main] DEBUG org.hibernate.cfg.annotations.PropertyBinder - Building property itemclass
20:24:24.658 [main] DEBUG org.hibernate.cfg.Ejb3Column - Binding column: Ejb3Column{table=org.hibernate.mapping.Table(item), mappingColumn=levelreq, insertable=true, updatable=true, unique=false}
20:24:24.658 [main] DEBUG org.hibernate.cfg.annotations.PropertyBinder - MetadataSourceProcessor property levelreq with lazy=false
20:24:24.658 [main] DEBUG org.hibernate.cfg.AbstractPropertyHolder - Attempting to locate auto-apply AttributeConverter for property [tau.mmo.domain.Item:levelreq]
20:24:24.658 [main] DEBUG org.hibernate.cfg.annotations.SimpleValueBinder - building SimpleValue for levelreq
20:24:24.658 [main] DEBUG org.hibernate.cfg.annotations.PropertyBinder - Building property levelreq
20:24:24.658 [main] DEBUG org.hibernate.cfg.Ejb3Column - Binding column: Ejb3Column{table=org.hibernate.mapping.Table(item), mappingColumn=name, insertable=true, updatable=true, unique=false}
20:24:24.658 [main] DEBUG org.hibernate.cfg.annotations.PropertyBinder - MetadataSourceProcessor property name with lazy=false
20:24:24.658 [main] DEBUG org.hibernate.cfg.AbstractPropertyHolder - Attempting to locate auto-apply AttributeConverter for property [tau.mmo.domain.Item:name]
20:24:24.658 [main] DEBUG org.hibernate.cfg.annotations.SimpleValueBinder - building SimpleValue for name
20:24:24.658 [main] DEBUG org.hibernate.cfg.annotations.PropertyBinder - Building property name
20:24:24.658 [main] DEBUG org.hibernate.cfg.Ejb3Column - Binding column: Ejb3JoinColumn{logicalColumnName='player_id', referencedColumn='', mappedBy=''}
20:24:24.658 [main] DEBUG org.hibernate.cfg.Ejb3Column - Binding column: Ejb3Column{table=org.hibernate.mapping.Table(item), mappingColumn=player, insertable=true, updatable=true, unique=false}
20:24:24.658 [main] DEBUG org.hibernate.cfg.annotations.PropertyBinder - Building property player
20:24:24.658 [main] DEBUG org.hibernate.cfg.AnnotationBinder - Binding entity from annotated class: tau.mmo.domain.Player
20:24:24.658 [main] DEBUG org.hibernate.cfg.annotations.QueryBinder - Binding named query: player.all => Select p from Player p
20:24:24.659 [main] DEBUG org.hibernate.cfg.annotations.QueryBinder - Binding named query: player.findPlayers => Select c from Player c where c.name like :nameFragment
20:24:24.659 [main] DEBUG org.hibernate.cfg.Ejb3Column - Binding column: Ejb3DiscriminatorColumn{logicalColumnName'DTYPE', discriminatorTypeName='string'}
20:24:24.659 [main] DEBUG org.hibernate.cfg.annotations.EntityBinder - Import with entity name Player
20:24:24.659 [main] DEBUG org.hibernate.cfg.annotations.EntityBinder - Bind entity tau.mmo.domain.Player on table player
20:24:24.659 [main] DEBUG org.hibernate.cfg.Ejb3Column - Binding column: Ejb3Column{table=org.hibernate.mapping.Table(player), mappingColumn=id, insertable=true, updatable=true, unique=false}
20:24:24.659 [main] DEBUG org.hibernate.cfg.annotations.PropertyBinder - MetadataSourceProcessor property id with lazy=false
20:24:24.659 [main] DEBUG org.hibernate.cfg.AbstractPropertyHolder - Attempting to locate auto-apply AttributeConverter for property [tau.mmo.domain.Player:id]
20:24:24.659 [main] DEBUG org.hibernate.cfg.annotations.SimpleValueBinder - building SimpleValue for id
20:24:24.659 [main] DEBUG org.hibernate.cfg.annotations.PropertyBinder - Building property id
20:24:24.659 [main] DEBUG org.hibernate.cfg.Ejb3Column - Binding column: Ejb3Column{table=org.hibernate.mapping.Table(player), mappingColumn=heroclass, insertable=true, updatable=true, unique=false}
20:24:24.660 [main] DEBUG org.hibernate.cfg.annotations.PropertyBinder - MetadataSourceProcessor property heroclass with lazy=false
20:24:24.660 [main] DEBUG org.hibernate.cfg.AbstractPropertyHolder - Attempting to locate auto-apply AttributeConverter for property [tau.mmo.domain.Player:heroclass]
20:24:24.660 [main] DEBUG org.hibernate.cfg.annotations.SimpleValueBinder - building SimpleValue for heroclass
20:24:24.660 [main] DEBUG org.hibernate.cfg.annotations.PropertyBinder - Building property heroclass
20:24:24.661 [main] DEBUG org.hibernate.cfg.Ejb3Column - Binding column: Ejb3JoinColumn{logicalColumnName='null', referencedColumn='null', mappedBy='player'}
20:24:24.662 [main] DEBUG org.hibernate.cfg.Ejb3Column - Binding column: Ejb3Column{table=org.hibernate.mapping.Table(player), mappingColumn=items, insertable=true, updatable=true, unique=false}
20:24:24.662 [main] DEBUG org.hibernate.cfg.Ejb3Column - Binding column: Ejb3Column{table=org.hibernate.mapping.Table(player), mappingColumn=null, insertable=true, updatable=true, unique=false}
20:24:24.662 [main] DEBUG org.hibernate.cfg.Ejb3Column - Binding column: Ejb3Column{table=org.hibernate.mapping.Table(player), mappingColumn=element, insertable=true, updatable=true, unique=false}
20:24:24.662 [main] DEBUG org.hibernate.cfg.Ejb3Column - Binding column: Ejb3Column{table=org.hibernate.mapping.Table(player), mappingColumn=items_KEY, insertable=true, updatable=true, unique=false}
20:24:24.662 [main] DEBUG org.hibernate.cfg.Ejb3Column - Binding column: Ejb3JoinColumn{logicalColumnName='items_KEY', referencedColumn='null', mappedBy='null'}
20:24:24.662 [main] DEBUG org.hibernate.cfg.Ejb3Column - Binding column: Ejb3JoinColumn{logicalColumnName='null', referencedColumn='null', mappedBy='player'}
20:24:24.662 [main] DEBUG org.hibernate.cfg.Ejb3Column - Binding column: Ejb3JoinColumn{logicalColumnName='null', referencedColumn='null', mappedBy='player'}
20:24:24.662 [main] DEBUG org.hibernate.cfg.annotations.CollectionBinder - Collection role: tau.mmo.domain.Player.items
20:24:24.662 [main] DEBUG org.hibernate.cfg.annotations.PropertyBinder - Building property items
20:24:24.662 [main] DEBUG org.hibernate.cfg.Ejb3Column - Binding column: Ejb3Column{table=org.hibernate.mapping.Table(player), mappingColumn=level, insertable=true, updatable=true, unique=false}
20:24:24.662 [main] DEBUG org.hibernate.cfg.annotations.PropertyBinder - MetadataSourceProcessor property level with lazy=false
20:24:24.662 [main] DEBUG org.hibernate.cfg.AbstractPropertyHolder - Attempting to locate auto-apply AttributeConverter for property [tau.mmo.domain.Player:level]
20:24:24.662 [main] DEBUG org.hibernate.cfg.annotations.SimpleValueBinder - building SimpleValue for level
20:24:24.662 [main] DEBUG org.hibernate.cfg.annotations.PropertyBinder - Building property level
20:24:24.662 [main] DEBUG org.hibernate.cfg.Ejb3Column - Binding column: Ejb3Column{table=org.hibernate.mapping.Table(player), mappingColumn=name, insertable=true, updatable=true, unique=false}
20:24:24.662 [main] DEBUG org.hibernate.cfg.annotations.PropertyBinder - MetadataSourceProcessor property name with lazy=false
20:24:24.662 [main] DEBUG org.hibernate.cfg.AbstractPropertyHolder - Attempting to locate auto-apply AttributeConverter for property [tau.mmo.domain.Player:name]
20:24:24.662 [main] DEBUG org.hibernate.cfg.annotations.SimpleValueBinder - building SimpleValue for name
20:24:24.662 [main] DEBUG org.hibernate.cfg.annotations.PropertyBinder - Building property name
20:24:24.663 [main] DEBUG org.hibernate.cfg.annotations.SimpleValueBinder - Starting fillSimpleValue for id
20:24:24.663 [main] DEBUG org.hibernate.cfg.annotations.SimpleValueBinder - Starting fillSimpleValue for itemclass
20:24:24.663 [main] DEBUG org.hibernate.cfg.annotations.SimpleValueBinder - Starting fillSimpleValue for levelreq
20:24:24.663 [main] DEBUG org.hibernate.cfg.annotations.SimpleValueBinder - Starting fillSimpleValue for name
20:24:24.663 [main] DEBUG org.hibernate.cfg.annotations.SimpleValueBinder - Starting fillSimpleValue for id
20:24:24.663 [main] DEBUG org.hibernate.cfg.annotations.SimpleValueBinder - Starting fillSimpleValue for heroclass
20:24:24.663 [main] DEBUG org.hibernate.cfg.annotations.SimpleValueBinder - Starting fillSimpleValue for level
20:24:24.663 [main] DEBUG org.hibernate.cfg.annotations.SimpleValueBinder - Starting fillSimpleValue for name
20:24:24.663 [main] DEBUG org.hibernate.mapping.PrimaryKey - Forcing column [id] to be non-null as it is part of the primary key for table [item]
20:24:24.663 [main] DEBUG org.hibernate.mapping.PrimaryKey - Forcing column [id] to be non-null as it is part of the primary key for table [player]
20:24:24.663 [main] DEBUG org.hibernate.cfg.CollectionSecondPass - Second pass for collection: tau.mmo.domain.Player.items
20:24:24.663 [main] DEBUG org.hibernate.cfg.annotations.CollectionBinder - Binding a OneToMany: tau.mmo.domain.Player.items through a foreign key
20:24:24.663 [main] DEBUG org.hibernate.cfg.annotations.CollectionBinder - Mapping collection: tau.mmo.domain.Player.items -> item
20:24:24.663 [main] DEBUG org.hibernate.cfg.annotations.TableBinder - Retrieving property tau.mmo.domain.Item.player
20:24:24.663 [main] DEBUG org.hibernate.cfg.CollectionSecondPass - Mapped collection key: player_id, one-to-many: tau.mmo.domain.Item
20:24:24.663 [main] DEBUG org.hibernate.boot.internal.InFlightMetadataCollectorImpl - Resolving reference to class: tau.mmo.domain.Player
20:24:24.663 [main] DEBUG org.hibernate.boot.internal.InFlightMetadataCollectorImpl - Resolving reference to class: tau.mmo.domain.Player
20:24:24.664 [main] DEBUG org.hibernate.internal.SessionFactoryImpl - Building session factory
20:24:24.664 [main] DEBUG org.hibernate.cfg.Settings - SessionFactory name : null
20:24:24.664 [main] DEBUG org.hibernate.cfg.Settings - Automatic flush during beforeCompletion(): disabled
20:24:24.664 [main] DEBUG org.hibernate.cfg.Settings - Automatic session close at end of transaction: disabled
20:24:24.664 [main] DEBUG org.hibernate.cfg.Settings - Statistics: disabled
20:24:24.664 [main] DEBUG org.hibernate.cfg.Settings - Deleted entity synthetic identifier rollback: disabled
20:24:24.664 [main] DEBUG org.hibernate.cfg.Settings - Default entity-mode: pojo
20:24:24.664 [main] DEBUG org.hibernate.cfg.Settings - Check Nullability in Core (should be disabled when Bean Validation is on): enabled
20:24:24.664 [main] DEBUG org.hibernate.cfg.Settings - Allow initialization of lazy state outside session : disabled
20:24:24.664 [main] DEBUG org.hibernate.cfg.Settings - Using BatchFetchStyle : LEGACY
20:24:24.664 [main] DEBUG org.hibernate.cfg.Settings - Default batch fetch size: -1
20:24:24.664 [main] DEBUG org.hibernate.cfg.Settings - Maximum outer join fetch depth: null
20:24:24.664 [main] DEBUG org.hibernate.cfg.Settings - Default null ordering: NONE
20:24:24.664 [main] DEBUG org.hibernate.cfg.Settings - Order SQL updates by primary key: disabled
20:24:24.664 [main] DEBUG org.hibernate.cfg.Settings - Order SQL inserts for batching: disabled
20:24:24.664 [main] DEBUG org.hibernate.cfg.Settings - multi-tenancy strategy : NONE
20:24:24.664 [main] DEBUG org.hibernate.cfg.Settings - JTA Track by Thread: enabled
20:24:24.664 [main] DEBUG org.hibernate.cfg.Settings - Query language substitutions: {}
20:24:24.664 [main] DEBUG org.hibernate.cfg.Settings - JPA query language strict compliance: disabled
20:24:24.664 [main] DEBUG org.hibernate.cfg.Settings - Named query checking : enabled
20:24:24.664 [main] DEBUG org.hibernate.cfg.Settings - Second-level cache: enabled
20:24:24.664 [main] DEBUG org.hibernate.cfg.Settings - Second-level query cache: disabled
20:24:24.664 [main] DEBUG org.hibernate.cfg.Settings - Second-level query cache factory: org.hibernate.cache.internal.StandardQueryCacheFactory@767599a7
20:24:24.664 [main] DEBUG org.hibernate.cfg.Settings - Second-level cache region prefix: null
20:24:24.664 [main] DEBUG org.hibernate.cfg.Settings - Optimize second-level cache for minimal puts: disabled
20:24:24.664 [main] DEBUG org.hibernate.cfg.Settings - Structured second-level cache entries: disabled
20:24:24.664 [main] DEBUG org.hibernate.cfg.Settings - Second-level cache direct-reference entries: disabled
20:24:24.664 [main] DEBUG org.hibernate.cfg.Settings - Automatic eviction of collection cache: disabled
20:24:24.664 [main] DEBUG org.hibernate.cfg.Settings - JDBC batch size: 0
20:24:24.664 [main] DEBUG org.hibernate.cfg.Settings - JDBC batch updates for versioned data: enabled
20:24:24.664 [main] DEBUG org.hibernate.cfg.Settings - Scrollable result sets: disabled
20:24:24.664 [main] DEBUG org.hibernate.cfg.Settings - Wrap result sets: disabled
20:24:24.664 [main] DEBUG org.hibernate.cfg.Settings - JDBC3 getGeneratedKeys(): disabled
20:24:24.664 [main] DEBUG org.hibernate.cfg.Settings - JDBC result set fetch size: null
20:24:24.664 [main] DEBUG org.hibernate.cfg.Settings - Connection release mode: ON_CLOSE
20:24:24.664 [main] DEBUG org.hibernate.cfg.Settings - Generate SQL with comments: disabled
20:24:24.664 [main] DEBUG org.hibernate.internal.SessionFactoryImpl - Session factory constructed with filter configurations : {}
20:24:24.665 [main] DEBUG org.hibernate.internal.SessionFactoryImpl - Instantiating session factory with properties: {awt.toolkit=sun.awt.X11.XToolkit, java.specification.version=11, sun.cpu.isalist=, sun.jnu.encoding=UTF-8, hibernate.connection.release_mode=ON_CLOSE, sun.arch.data.model=64, java.vendor.url=http://java.oracle.com/, sun.boot.library.path=/usr/lib/jvm/java-11-openjdk-amd64/lib, sun.java.command=/home/whitewolf/tau/TAU-repozytorium/tau-mmo-jmeter/target/surefire/surefirebooter3743684750447416578.jar /home/whitewolf/tau/TAU-repozytorium/tau-mmo-jmeter/target/surefire 2019-05-27T20-24-21_781-jvmRun1 surefire6552960694995493992tmp surefire_06547653810239904951tmp, jdk.debug=release, java.specification.vendor=Oracle Corporation, java.version.date=2019-04-16, java.home=/usr/lib/jvm/java-11-openjdk-amd64, file.separator=/, basedir=/home/whitewolf/tau/TAU-repozytorium/tau-mmo-jmeter, java.vm.compressedOopsMode=Zero based, line.separator=
, java.specification.name=Java Platform API Specification, java.vm.specification.vendor=Oracle Corporation, hibernate.hbm2ddl.auto=update, sun.management.compiler=HotSpot 64-Bit Tiered Compilers, java.runtime.version=11.0.3+7-Ubuntu-1ubuntu218.04.1, user.name=whitewolf, file.encoding=UTF-8, hibernate.classLoaders=[jdk.internal.loader.ClassLoaders$AppClassLoader@1affbebc], hibernate.current_session_context_class=org.springframework.orm.hibernate5.SpringSessionContext, localRepository=/home/whitewolf/.m2/repository, java.io.tmpdir=/tmp, java.version=11.0.3, java.vm.specification.name=Java Virtual Machine Specification, java.awt.printerjob=sun.print.PSPrinterJob, sun.os.patch.level=unknown, java.library.path=/usr/java/packages/lib:/usr/lib/x86_64-linux-gnu/jni:/lib/x86_64-linux-gnu:/usr/lib/x86_64-linux-gnu:/usr/lib/jni:/lib:/usr/lib, java.vendor=Oracle Corporation, sun.io.unicode.encoding=UnicodeLittle, sun.desktop=gnome, hibernate.dialect=org.hibernate.dialect.HSQLDialect, java.class.path=/home/whitewolf/tau/TAU-repozytorium/tau-mmo-jmeter/target/test-classes:/home/whitewolf/tau/TAU-repozytorium/tau-mmo-jmeter/target/classes:/home/whitewolf/.m2/repository/org/springframework/boot/spring-boot-starter-web/2.1.4.RELEASE/spring-boot-starter-web-2.1.4.RELEASE.jar:/home/whitewolf/.m2/repository/org/springframework/boot/spring-boot-starter/2.1.4.RELEASE/spring-boot-starter-2.1.4.RELEASE.jar:/home/whitewolf/.m2/repository/org/springframework/boot/spring-boot/2.1.4.RELEASE/spring-boot-2.1.4.RELEASE.jar:/home/whitewolf/.m2/repository/org/springframework/boot/spring-boot-autoconfigure/2.1.4.RELEASE/spring-boot-autoconfigure-2.1.4.RELEASE.jar:/home/whitewolf/.m2/repository/org/springframework/boot/spring-boot-starter-logging/2.1.4.RELEASE/spring-boot-starter-logging-2.1.4.RELEASE.jar:/home/whitewolf/.m2/repository/ch/qos/logback/logback-classic/1.2.3/logback-classic-1.2.3.jar:/home/whitewolf/.m2/repository/ch/qos/logback/logback-core/1.2.3/logback-core-1.2.3.jar:/home/whitewolf/.m2/repository/org/apache/logging/log4j/log4j-to-slf4j/2.11.2/log4j-to-slf4j-2.11.2.jar:/home/whitewolf/.m2/repository/org/apache/logging/log4j/log4j-api/2.11.2/log4j-api-2.11.2.jar:/home/whitewolf/.m2/repository/org/slf4j/jul-to-slf4j/1.7.26/jul-to-slf4j-1.7.26.jar:/home/whitewolf/.m2/repository/org/yaml/snakeyaml/1.23/snakeyaml-1.23.jar:/home/whitewolf/.m2/repository/org/springframework/boot/spring-boot-starter-json/2.1.4.RELEASE/spring-boot-starter-json-2.1.4.RELEASE.jar:/home/whitewolf/.m2/repository/com/fasterxml/jackson/core/jackson-databind/2.9.8/jackson-databind-2.9.8.jar:/home/whitewolf/.m2/repository/com/fasterxml/jackson/core/jackson-annotations/2.9.0/jackson-annotations-2.9.0.jar:/home/whitewolf/.m2/repository/com/fasterxml/jackson/core/jackson-core/2.9.8/jackson-core-2.9.8.jar:/home/whitewolf/.m2/repository/com/fasterxml/jackson/datatype/jackson-datatype-jdk8/2.9.8/jackson-datatype-jdk8-2.9.8.jar:/home/whitewolf/.m2/repository/com/fasterxml/jackson/datatype/jackson-datatype-jsr310/2.9.8/jackson-datatype-jsr310-2.9.8.jar:/home/whitewolf/.m2/repository/com/fasterxml/jackson/module/jackson-module-parameter-names/2.9.8/jackson-module-parameter-names-2.9.8.jar:/home/whitewolf/.m2/repository/org/hibernate/validator/hibernate-validator/6.0.16.Final/hibernate-validator-6.0.16.Final.jar:/home/whitewolf/.m2/repository/javax/validation/validation-api/2.0.1.Final/validation-api-2.0.1.Final.jar:/home/whitewolf/.m2/repository/org/springframework/spring-web/5.1.6.RELEASE/spring-web-5.1.6.RELEASE.jar:/home/whitewolf/.m2/repository/org/springframework/spring-webmvc/5.1.6.RELEASE/spring-webmvc-5.1.6.RELEASE.jar:/home/whitewolf/.m2/repository/org/springframework/spring-aop/5.1.6.RELEASE/spring-aop-5.1.6.RELEASE.jar:/home/whitewolf/.m2/repository/org/springframework/spring-context/5.1.6.RELEASE/spring-context-5.1.6.RELEASE.jar:/home/whitewolf/.m2/repository/org/springframework/spring-expression/5.1.6.RELEASE/spring-expression-5.1.6.RELEASE.jar:/home/whitewolf/.m2/repository/org/springframework/boot/spring-boot-starter-test/2.1.4.RELEASE/spring-boot-starter-test-2.1.4.RELEASE.jar:/home/whitewolf/.m2/repository/org/springframework/boot/spring-boot-test/2.1.4.RELEASE/spring-boot-test-2.1.4.RELEASE.jar:/home/whitewolf/.m2/repository/org/springframework/boot/spring-boot-test-autoconfigure/2.1.4.RELEASE/spring-boot-test-autoconfigure-2.1.4.RELEASE.jar:/home/whitewolf/.m2/repository/junit/junit/4.12/junit-4.12.jar:/home/whitewolf/.m2/repository/org/assertj/assertj-core/3.11.1/assertj-core-3.11.1.jar:/home/whitewolf/.m2/repository/org/mockito/mockito-core/2.23.4/mockito-core-2.23.4.jar:/home/whitewolf/.m2/repository/net/bytebuddy/byte-buddy/1.9.12/byte-buddy-1.9.12.jar:/home/whitewolf/.m2/repository/net/bytebuddy/byte-buddy-agent/1.9.12/byte-buddy-agent-1.9.12.jar:/home/whitewolf/.m2/repository/org/objenesis/objenesis/2.6/objenesis-2.6.jar:/home/whitewolf/.m2/repository/org/hamcrest/hamcrest-core/1.3/hamcrest-core-1.3.jar:/home/whitewolf/.m2/repository/org/hamcrest/hamcrest-library/1.3/hamcrest-library-1.3.jar:/home/whitewolf/.m2/repository/org/skyscreamer/jsonassert/1.5.0/jsonassert-1.5.0.jar:/home/whitewolf/.m2/repository/com/vaadin/external/google/android-json/0.0.20131108.vaadin1/android-json-0.0.20131108.vaadin1.jar:/home/whitewolf/.m2/repository/org/springframework/spring-core/5.1.6.RELEASE/spring-core-5.1.6.RELEASE.jar:/home/whitewolf/.m2/repository/org/springframework/spring-jcl/5.1.6.RELEASE/spring-jcl-5.1.6.RELEASE.jar:/home/whitewolf/.m2/repository/org/springframework/spring-test/5.1.6.RELEASE/spring-test-5.1.6.RELEASE.jar:/home/whitewolf/.m2/repository/org/xmlunit/xmlunit-core/2.6.2/xmlunit-core-2.6.2.jar:/home/whitewolf/.m2/repository/org/springframework/boot/spring-boot-starter-tomcat/2.1.4.RELEASE/spring-boot-starter-tomcat-2.1.4.RELEASE.jar:/home/whitewolf/.m2/repository/javax/annotation/javax.annotation-api/1.3.2/javax.annotation-api-1.3.2.jar:/home/whitewolf/.m2/repository/org/apache/tomcat/embed/tomcat-embed-core/9.0.17/tomcat-embed-core-9.0.17.jar:/home/whitewolf/.m2/repository/org/apache/tomcat/embed/tomcat-embed-el/9.0.17/tomcat-embed-el-9.0.17.jar:/home/whitewolf/.m2/repository/org/apache/tomcat/embed/tomcat-embed-websocket/9.0.17/tomcat-embed-websocket-9.0.17.jar:/home/whitewolf/.m2/repository/org/springframework/boot/spring-boot-starter-data-jpa/2.1.4.RELEASE/spring-boot-starter-data-jpa-2.1.4.RELEASE.jar:/home/whitewolf/.m2/repository/org/springframework/boot/spring-boot-starter-aop/2.1.4.RELEASE/spring-boot-starter-aop-2.1.4.RELEASE.jar:/home/whitewolf/.m2/repository/org/aspectj/aspectjweaver/1.9.2/aspectjweaver-1.9.2.jar:/home/whitewolf/.m2/repository/org/springframework/boot/spring-boot-starter-jdbc/2.1.4.RELEASE/spring-boot-starter-jdbc-2.1.4.RELEASE.jar:/home/whitewolf/.m2/repository/com/zaxxer/HikariCP/3.2.0/HikariCP-3.2.0.jar:/home/whitewolf/.m2/repository/org/springframework/spring-jdbc/5.1.6.RELEASE/spring-jdbc-5.1.6.RELEASE.jar:/home/whitewolf/.m2/repository/javax/transaction/javax.transaction-api/1.3/javax.transaction-api-1.3.jar:/home/whitewolf/.m2/repository/javax/xml/bind/jaxb-api/2.3.1/jaxb-api-2.3.1.jar:/home/whitewolf/.m2/repository/javax/activation/javax.activation-api/1.2.0/javax.activation-api-1.2.0.jar:/home/whitewolf/.m2/repository/org/springframework/data/spring-data-jpa/2.1.6.RELEASE/spring-data-jpa-2.1.6.RELEASE.jar:/home/whitewolf/.m2/repository/org/springframework/data/spring-data-commons/2.1.6.RELEASE/spring-data-commons-2.1.6.RELEASE.jar:/home/whitewolf/.m2/repository/org/springframework/spring-orm/5.1.6.RELEASE/spring-orm-5.1.6.RELEASE.jar:/home/whitewolf/.m2/repository/org/springframework/spring-aspects/5.1.6.RELEASE/spring-aspects-5.1.6.RELEASE.jar:/home/whitewolf/.m2/repository/org/springframework/spring-tx/5.1.6.RELEASE/spring-tx-5.1.6.RELEASE.jar:/home/whitewolf/.m2/repository/org/springframework/spring-beans/5.1.6.RELEASE/spring-beans-5.1.6.RELEASE.jar:/home/whitewolf/.m2/repository/com/jayway/jsonpath/json-path/2.4.0/json-path-2.4.0.jar:/home/whitewolf/.m2/repository/net/minidev/json-smart/2.3/json-smart-2.3.jar:/home/whitewolf/.m2/repository/net/minidev/accessors-smart/1.2/accessors-smart-1.2.jar:/home/whitewolf/.m2/repository/org/ow2/asm/asm/5.0.4/asm-5.0.4.jar:/home/whitewolf/.m2/repository/org/slf4j/slf4j-api/1.7.26/slf4j-api-1.7.26.jar:/home/whitewolf/.m2/repository/org/hibernate/hibernate-core/5.1.6.Final/hibernate-core-5.1.6.Final.jar:/home/whitewolf/.m2/repository/org/jboss/logging/jboss-logging/3.3.2.Final/jboss-logging-3.3.2.Final.jar:/home/whitewolf/.m2/repository/org/hibernate/javax/persistence/hibernate-jpa-2.1-api/1.0.0.Final/hibernate-jpa-2.1-api-1.0.0.Final.jar:/home/whitewolf/.m2/repository/org/javassist/javassist/3.20.0-GA/javassist-3.20.0-GA.jar:/home/whitewolf/.m2/repository/antlr/antlr/2.7.7/antlr-2.7.7.jar:/home/whitewolf/.m2/repository/org/apache/geronimo/specs/geronimo-jta_1.1_spec/1.1.1/geronimo-jta_1.1_spec-1.1.1.jar:/home/whitewolf/.m2/repository/org/jboss/jandex/2.0.3.Final/jandex-2.0.3.Final.jar:/home/whitewolf/.m2/repository/com/fasterxml/classmate/1.4.0/classmate-1.4.0.jar:/home/whitewolf/.m2/repository/dom4j/dom4j/1.6.1/dom4j-1.6.1.jar:/home/whitewolf/.m2/repository/org/hibernate/common/hibernate-commons-annotations/5.0.1.Final/hibernate-commons-annotations-5.0.1.Final.jar:/home/whitewolf/.m2/repository/org/hsqldb/hsqldb/2.3.4/hsqldb-2.3.4.jar:, java.vm.vendor=Oracle Corporation, user.timezone=Europe/Warsaw, os.name=Linux, java.vm.specification.version=11, sun.java.launcher=SUN_STANDARD, user.country=PL, surefire.test.class.path=/home/whitewolf/tau/TAU-repozytorium/tau-mmo-jmeter/target/test-classes:/home/whitewolf/tau/TAU-repozytorium/tau-mmo-jmeter/target/classes:/home/whitewolf/.m2/repository/org/springframework/boot/spring-boot-starter-web/2.1.4.RELEASE/spring-boot-starter-web-2.1.4.RELEASE.jar:/home/whitewolf/.m2/repository/org/springframework/boot/spring-boot-starter/2.1.4.RELEASE/spring-boot-starter-2.1.4.RELEASE.jar:/home/whitewolf/.m2/repository/org/springframework/boot/spring-boot/2.1.4.RELEASE/spring-boot-2.1.4.RELEASE.jar:/home/whitewolf/.m2/repository/org/springframework/boot/spring-boot-autoconfigure/2.1.4.RELEASE/spring-boot-autoconfigure-2.1.4.RELEASE.jar:/home/whitewolf/.m2/repository/org/springframework/boot/spring-boot-starter-logging/2.1.4.RELEASE/spring-boot-starter-logging-2.1.4.RELEASE.jar:/home/whitewolf/.m2/repository/ch/qos/logback/logback-classic/1.2.3/logback-classic-1.2.3.jar:/home/whitewolf/.m2/repository/ch/qos/logback/logback-core/1.2.3/logback-core-1.2.3.jar:/home/whitewolf/.m2/repository/org/apache/logging/log4j/log4j-to-slf4j/2.11.2/log4j-to-slf4j-2.11.2.jar:/home/whitewolf/.m2/repository/org/apache/logging/log4j/log4j-api/2.11.2/log4j-api-2.11.2.jar:/home/whitewolf/.m2/repository/org/slf4j/jul-to-slf4j/1.7.26/jul-to-slf4j-1.7.26.jar:/home/whitewolf/.m2/repository/org/yaml/snakeyaml/1.23/snakeyaml-1.23.jar:/home/whitewolf/.m2/repository/org/springframework/boot/spring-boot-starter-json/2.1.4.RELEASE/spring-boot-starter-json-2.1.4.RELEASE.jar:/home/whitewolf/.m2/repository/com/fasterxml/jackson/core/jackson-databind/2.9.8/jackson-databind-2.9.8.jar:/home/whitewolf/.m2/repository/com/fasterxml/jackson/core/jackson-annotations/2.9.0/jackson-annotations-2.9.0.jar:/home/whitewolf/.m2/repository/com/fasterxml/jackson/core/jackson-core/2.9.8/jackson-core-2.9.8.jar:/home/whitewolf/.m2/repository/com/fasterxml/jackson/datatype/jackson-datatype-jdk8/2.9.8/jackson-datatype-jdk8-2.9.8.jar:/home/whitewolf/.m2/repository/com/fasterxml/jackson/datatype/jackson-datatype-jsr310/2.9.8/jackson-datatype-jsr310-2.9.8.jar:/home/whitewolf/.m2/repository/com/fasterxml/jackson/module/jackson-module-parameter-names/2.9.8/jackson-module-parameter-names-2.9.8.jar:/home/whitewolf/.m2/repository/org/hibernate/validator/hibernate-validator/6.0.16.Final/hibernate-validator-6.0.16.Final.jar:/home/whitewolf/.m2/repository/javax/validation/validation-api/2.0.1.Final/validation-api-2.0.1.Final.jar:/home/whitewolf/.m2/repository/org/springframework/spring-web/5.1.6.RELEASE/spring-web-5.1.6.RELEASE.jar:/home/whitewolf/.m2/repository/org/springframework/spring-webmvc/5.1.6.RELEASE/spring-webmvc-5.1.6.RELEASE.jar:/home/whitewolf/.m2/repository/org/springframework/spring-aop/5.1.6.RELEASE/spring-aop-5.1.6.RELEASE.jar:/home/whitewolf/.m2/repository/org/springframework/spring-context/5.1.6.RELEASE/spring-context-5.1.6.RELEASE.jar:/home/whitewolf/.m2/repository/org/springframework/spring-expression/5.1.6.RELEASE/spring-expression-5.1.6.RELEASE.jar:/home/whitewolf/.m2/repository/org/springframework/boot/spring-boot-starter-test/2.1.4.RELEASE/spring-boot-starter-test-2.1.4.RELEASE.jar:/home/whitewolf/.m2/repository/org/springframework/boot/spring-boot-test/2.1.4.RELEASE/spring-boot-test-2.1.4.RELEASE.jar:/home/whitewolf/.m2/repository/org/springframework/boot/spring-boot-test-autoconfigure/2.1.4.RELEASE/spring-boot-test-autoconfigure-2.1.4.RELEASE.jar:/home/whitewolf/.m2/repository/junit/junit/4.12/junit-4.12.jar:/home/whitewolf/.m2/repository/org/assertj/assertj-core/3.11.1/assertj-core-3.11.1.jar:/home/whitewolf/.m2/repository/org/mockito/mockito-core/2.23.4/mockito-core-2.23.4.jar:/home/whitewolf/.m2/repository/net/bytebuddy/byte-buddy/1.9.12/byte-buddy-1.9.12.jar:/home/whitewolf/.m2/repository/net/bytebuddy/byte-buddy-agent/1.9.12/byte-buddy-agent-1.9.12.jar:/home/whitewolf/.m2/repository/org/objenesis/objenesis/2.6/objenesis-2.6.jar:/home/whitewolf/.m2/repository/org/hamcrest/hamcrest-core/1.3/hamcrest-core-1.3.jar:/home/whitewolf/.m2/repository/org/hamcrest/hamcrest-library/1.3/hamcrest-library-1.3.jar:/home/whitewolf/.m2/repository/org/skyscreamer/jsonassert/1.5.0/jsonassert-1.5.0.jar:/home/whitewolf/.m2/repository/com/vaadin/external/google/android-json/0.0.20131108.vaadin1/android-json-0.0.20131108.vaadin1.jar:/home/whitewolf/.m2/repository/org/springframework/spring-core/5.1.6.RELEASE/spring-core-5.1.6.RELEASE.jar:/home/whitewolf/.m2/repository/org/springframework/spring-jcl/5.1.6.RELEASE/spring-jcl-5.1.6.RELEASE.jar:/home/whitewolf/.m2/repository/org/springframework/spring-test/5.1.6.RELEASE/spring-test-5.1.6.RELEASE.jar:/home/whitewolf/.m2/repository/org/xmlunit/xmlunit-core/2.6.2/xmlunit-core-2.6.2.jar:/home/whitewolf/.m2/repository/org/springframework/boot/spring-boot-starter-tomcat/2.1.4.RELEASE/spring-boot-starter-tomcat-2.1.4.RELEASE.jar:/home/whitewolf/.m2/repository/javax/annotation/javax.annotation-api/1.3.2/javax.annotation-api-1.3.2.jar:/home/whitewolf/.m2/repository/org/apache/tomcat/embed/tomcat-embed-core/9.0.17/tomcat-embed-core-9.0.17.jar:/home/whitewolf/.m2/repository/org/apache/tomcat/embed/tomcat-embed-el/9.0.17/tomcat-embed-el-9.0.17.jar:/home/whitewolf/.m2/repository/org/apache/tomcat/embed/tomcat-embed-websocket/9.0.17/tomcat-embed-websocket-9.0.17.jar:/home/whitewolf/.m2/repository/org/springframework/boot/spring-boot-starter-data-jpa/2.1.4.RELEASE/spring-boot-starter-data-jpa-2.1.4.RELEASE.jar:/home/whitewolf/.m2/repository/org/springframework/boot/spring-boot-starter-aop/2.1.4.RELEASE/spring-boot-starter-aop-2.1.4.RELEASE.jar:/home/whitewolf/.m2/repository/org/aspectj/aspectjweaver/1.9.2/aspectjweaver-1.9.2.jar:/home/whitewolf/.m2/repository/org/springframework/boot/spring-boot-starter-jdbc/2.1.4.RELEASE/spring-boot-starter-jdbc-2.1.4.RELEASE.jar:/home/whitewolf/.m2/repository/com/zaxxer/HikariCP/3.2.0/HikariCP-3.2.0.jar:/home/whitewolf/.m2/repository/org/springframework/spring-jdbc/5.1.6.RELEASE/spring-jdbc-5.1.6.RELEASE.jar:/home/whitewolf/.m2/repository/javax/transaction/javax.transaction-api/1.3/javax.transaction-api-1.3.jar:/home/whitewolf/.m2/repository/javax/xml/bind/jaxb-api/2.3.1/jaxb-api-2.3.1.jar:/home/whitewolf/.m2/repository/javax/activation/javax.activation-api/1.2.0/javax.activation-api-1.2.0.jar:/home/whitewolf/.m2/repository/org/springframework/data/spring-data-jpa/2.1.6.RELEASE/spring-data-jpa-2.1.6.RELEASE.jar:/home/whitewolf/.m2/repository/org/springframework/data/spring-data-commons/2.1.6.RELEASE/spring-data-commons-2.1.6.RELEASE.jar:/home/whitewolf/.m2/repository/org/springframework/spring-orm/5.1.6.RELEASE/spring-orm-5.1.6.RELEASE.jar:/home/whitewolf/.m2/repository/org/springframework/spring-aspects/5.1.6.RELEASE/spring-aspects-5.1.6.RELEASE.jar:/home/whitewolf/.m2/repository/org/springframework/spring-tx/5.1.6.RELEASE/spring-tx-5.1.6.RELEASE.jar:/home/whitewolf/.m2/repository/org/springframework/spring-beans/5.1.6.RELEASE/spring-beans-5.1.6.RELEASE.jar:/home/whitewolf/.m2/repository/com/jayway/jsonpath/json-path/2.4.0/json-path-2.4.0.jar:/home/whitewolf/.m2/repository/net/minidev/json-smart/2.3/json-smart-2.3.jar:/home/whitewolf/.m2/repository/net/minidev/accessors-smart/1.2/accessors-smart-1.2.jar:/home/whitewolf/.m2/repository/org/ow2/asm/asm/5.0.4/asm-5.0.4.jar:/home/whitewolf/.m2/repository/org/slf4j/slf4j-api/1.7.26/slf4j-api-1.7.26.jar:/home/whitewolf/.m2/repository/org/hibernate/hibernate-core/5.1.6.Final/hibernate-core-5.1.6.Final.jar:/home/whitewolf/.m2/repository/org/jboss/logging/jboss-logging/3.3.2.Final/jboss-logging-3.3.2.Final.jar:/home/whitewolf/.m2/repository/org/hibernate/javax/persistence/hibernate-jpa-2.1-api/1.0.0.Final/hibernate-jpa-2.1-api-1.0.0.Final.jar:/home/whitewolf/.m2/repository/org/javassist/javassist/3.20.0-GA/javassist-3.20.0-GA.jar:/home/whitewolf/.m2/repository/antlr/antlr/2.7.7/antlr-2.7.7.jar:/home/whitewolf/.m2/repository/org/apache/geronimo/specs/geronimo-jta_1.1_spec/1.1.1/geronimo-jta_1.1_spec-1.1.1.jar:/home/whitewolf/.m2/repository/org/jboss/jandex/2.0.3.Final/jandex-2.0.3.Final.jar:/home/whitewolf/.m2/repository/com/fasterxml/classmate/1.4.0/classmate-1.4.0.jar:/home/whitewolf/.m2/repository/dom4j/dom4j/1.6.1/dom4j-1.6.1.jar:/home/whitewolf/.m2/repository/org/hibernate/common/hibernate-commons-annotations/5.0.1.Final/hibernate-commons-annotations-5.0.1.Final.jar:/home/whitewolf/.m2/repository/org/hsqldb/hsqldb/2.3.4/hsqldb-2.3.4.jar:, sun.cpu.endian=little, user.home=/home/whitewolf, user.language=pl, java.awt.graphicsenv=sun.awt.X11GraphicsEnvironment, surefire.real.class.path=/home/whitewolf/tau/TAU-repozytorium/tau-mmo-jmeter/target/surefire/surefirebooter3743684750447416578.jar, path.separator=:, os.version=4.15.0-47-generic, java.runtime.name=OpenJDK Runtime Environment, java.vm.name=OpenJDK 64-Bit Server VM, hibernate.show_sql=true, java.vendor.url.bug=http://bugreport.java.com/bugreport/, user.dir=/home/whitewolf/tau/TAU-repozytorium/tau-mmo-jmeter, os.arch=amd64, hibernate.boot.CfgXmlAccessService.key=org.hibernate.boot.cfgxml.spi.LoadedConfig@4b07cad0, java.vm.info=mixed mode, sharing, java.vm.version=11.0.3+7-Ubuntu-1ubuntu218.04.1, hibernate.bytecode.use_reflection_optimizer=false, hibernate.connection.datasource=org.springframework.jdbc.datasource.DriverManagerDataSource@1fcaea93, java.class.version=55.0}
20:24:24.665 [main] DEBUG org.hibernate.validator.internal.engine.resolver.TraversableResolvers - Found javax.persistence.Persistence on classpath containing 'getPersistenceUtil'. Assuming JPA 2 environment. Trying to instantiate JPA aware TraversableResolver
20:24:24.665 [main] DEBUG org.hibernate.validator.internal.engine.resolver.TraversableResolvers - Instantiated JPA aware TraversableResolver of type org.hibernate.validator.internal.engine.resolver.JPATraversableResolver.
20:24:24.665 [main] DEBUG org.hibernate.validator.internal.xml.config.ValidationXmlParser - Trying to load META-INF/validation.xml for XML based Validator configuration.
20:24:24.665 [main] DEBUG org.hibernate.validator.internal.xml.config.ResourceLoaderHelper - Trying to load META-INF/validation.xml via TCCL
20:24:24.665 [main] DEBUG org.hibernate.validator.internal.xml.config.ResourceLoaderHelper - Trying to load META-INF/validation.xml via Hibernate Validator's class loader
20:24:24.665 [main] DEBUG org.hibernate.validator.internal.xml.config.ValidationXmlParser - No META-INF/validation.xml found. Using annotation based configuration only.
20:24:24.668 [main] DEBUG org.hibernate.validator.messageinterpolation.ResourceBundleMessageInterpolator - Loaded expression factory via original TCCL
20:24:24.668 [main] DEBUG org.hibernate.validator.internal.engine.ValidatorFactoryImpl - HV000234: Using org.hibernate.validator.messageinterpolation.ResourceBundleMessageInterpolator as ValidatorFactory-scoped message interpolator.
20:24:24.668 [main] DEBUG org.hibernate.validator.internal.engine.ValidatorFactoryImpl - HV000234: Using org.hibernate.validator.internal.engine.resolver.JPATraversableResolver as ValidatorFactory-scoped traversable resolver.
20:24:24.668 [main] DEBUG org.hibernate.validator.internal.engine.ValidatorFactoryImpl - HV000234: Using org.hibernate.validator.internal.util.ExecutableParameterNameProvider as ValidatorFactory-scoped parameter name provider.
20:24:24.668 [main] DEBUG org.hibernate.validator.internal.engine.ValidatorFactoryImpl - HV000234: Using org.hibernate.validator.internal.engine.DefaultClockProvider as ValidatorFactory-scoped clock provider.
20:24:24.668 [main] DEBUG org.hibernate.validator.internal.engine.ValidatorFactoryImpl - HV000234: Using org.hibernate.validator.internal.engine.scripting.DefaultScriptEvaluatorFactory as ValidatorFactory-scoped script evaluator factory.
20:24:24.668 [main] DEBUG org.hibernate.boot.internal.ClassLoaderAccessImpl - Not known whether passed class name [tau.mmo.domain.Item] is safe
20:24:24.668 [main] DEBUG org.hibernate.boot.internal.ClassLoaderAccessImpl - No temp ClassLoader provided; using live ClassLoader for loading potentially unsafe class : tau.mmo.domain.Item
20:24:24.671 [main] DEBUG org.hibernate.boot.internal.ClassLoaderAccessImpl - Not known whether passed class name [tau.mmo.domain.Player] is safe
20:24:24.671 [main] DEBUG org.hibernate.boot.internal.ClassLoaderAccessImpl - No temp ClassLoader provided; using live ClassLoader for loading potentially unsafe class : tau.mmo.domain.Player
20:24:24.674 [main] DEBUG org.hibernate.secure.spi.JaccIntegrator - Skipping JACC integration as it was not enabled
20:24:24.674 [main] DEBUG org.hibernate.boot.internal.ClassLoaderAccessImpl - Not known whether passed class name [tau.mmo.domain.Item] is safe
20:24:24.674 [main] DEBUG org.hibernate.boot.internal.ClassLoaderAccessImpl - No temp ClassLoader provided; using live ClassLoader for loading potentially unsafe class : tau.mmo.domain.Item
20:24:24.674 [main] DEBUG org.hibernate.boot.internal.ClassLoaderAccessImpl - Not known whether passed class name [tau.mmo.domain.Item] is safe
20:24:24.674 [main] DEBUG org.hibernate.boot.internal.ClassLoaderAccessImpl - No temp ClassLoader provided; using live ClassLoader for loading potentially unsafe class : tau.mmo.domain.Item
20:24:24.675 [main] DEBUG org.hibernate.boot.internal.ClassLoaderAccessImpl - Not known whether passed class name [tau.mmo.domain.Player] is safe
20:24:24.675 [main] DEBUG org.hibernate.boot.internal.ClassLoaderAccessImpl - No temp ClassLoader provided; using live ClassLoader for loading potentially unsafe class : tau.mmo.domain.Player
20:24:24.675 [main] DEBUG org.hibernate.boot.internal.ClassLoaderAccessImpl - Not known whether passed class name [tau.mmo.domain.Player] is safe
20:24:24.675 [main] DEBUG org.hibernate.boot.internal.ClassLoaderAccessImpl - No temp ClassLoader provided; using live ClassLoader for loading potentially unsafe class : tau.mmo.domain.Player
20:24:24.675 [main] DEBUG org.hibernate.persister.collection.AbstractCollectionPersister - Static SQL for collection: tau.mmo.domain.Player.items
20:24:24.675 [main] DEBUG org.hibernate.persister.collection.AbstractCollectionPersister -  Row insert: update item set player_id=? where id=?
20:24:24.675 [main] DEBUG org.hibernate.persister.collection.AbstractCollectionPersister -  Row update: update item set  where id=?
20:24:24.675 [main] DEBUG org.hibernate.persister.collection.AbstractCollectionPersister -  Row delete: update item set player_id=null where player_id=? and id=?
20:24:24.675 [main] DEBUG org.hibernate.persister.collection.AbstractCollectionPersister -  One-shot delete: update item set player_id=null where player_id=?
20:24:24.675 [main] DEBUG org.hibernate.persister.entity.AbstractEntityPersister - Static SQL for entity: tau.mmo.domain.Item
20:24:24.675 [main] DEBUG org.hibernate.persister.entity.AbstractEntityPersister -  Version select: select id from item where id =?
20:24:24.675 [main] DEBUG org.hibernate.persister.entity.AbstractEntityPersister -  Snapshot select: select item_.id, item_.itemclass as itemclas2_0_, item_.levelreq as levelreq3_0_, item_.name as name4_0_, item_.player_id as player_i5_0_ from item item_ where item_.id=?
20:24:24.675 [main] DEBUG org.hibernate.persister.entity.AbstractEntityPersister -  Insert 0: insert into item (itemclass, levelreq, name, player_id, id) values (?, ?, ?, ?, ?)
20:24:24.675 [main] DEBUG org.hibernate.persister.entity.AbstractEntityPersister -  Update 0: update item set itemclass=?, levelreq=?, name=?, player_id=? where id=?
20:24:24.675 [main] DEBUG org.hibernate.persister.entity.AbstractEntityPersister -  Delete 0: delete from item where id=?
20:24:24.675 [main] DEBUG org.hibernate.loader.plan.build.internal.spaces.QuerySpacesImpl - Adding QuerySpace : uid = <gen:0> -> org.hibernate.loader.plan.build.internal.spaces.EntityQuerySpaceImpl@21527b8]
20:24:24.676 [main] DEBUG org.hibernate.persister.walking.spi.MetamodelGraphWalker - Visiting attribute path : itemclass
20:24:24.676 [main] DEBUG org.hibernate.persister.walking.spi.MetamodelGraphWalker - Visiting attribute path : levelreq
20:24:24.676 [main] DEBUG org.hibernate.persister.walking.spi.MetamodelGraphWalker - Visiting attribute path : name
20:24:24.676 [main] DEBUG org.hibernate.persister.walking.spi.MetamodelGraphWalker - Visiting attribute path : player
20:24:24.676 [main] DEBUG org.hibernate.loader.plan.build.internal.spaces.QuerySpacesImpl - Adding QuerySpace : uid = <gen:1> -> org.hibernate.loader.plan.build.internal.spaces.EntityQuerySpaceImpl@7b7068d8]
20:24:24.676 [main] DEBUG org.hibernate.loader.plan.build.internal.FetchStyleLoadPlanBuildingAssociationVisitationStrategy - Building LoadPlan...
20:24:24.676 [main] DEBUG org.hibernate.loader.plan.exec.internal.LoadQueryJoinAndFetchProcessor - processing queryspace <gen:0>
20:24:24.676 [main] DEBUG org.hibernate.loader.plan.build.spi.LoadPlanTreePrinter - LoadPlan(entity=tau.mmo.domain.Item)
    - Returns
       - EntityReturnImpl(entity=tau.mmo.domain.Item, querySpaceUid=<gen:0>, path=tau.mmo.domain.Item)
          - EntityAttributeFetchImpl(entity=tau.mmo.domain.Player, querySpaceUid=<gen:1>, path=tau.mmo.domain.Item.player)
    - QuerySpaces
       - EntityQuerySpaceImpl(uid=<gen:0>, entity=tau.mmo.domain.Item)
          - SQL table alias mapping - item0_
          - alias suffix - 0_
          - suffixed key columns - {id1_0_0_}

20:24:24.676 [main] DEBUG org.hibernate.loader.entity.plan.EntityLoader - Static select for entity tau.mmo.domain.Item [NONE]: select item0_.id as id1_0_0_, item0_.itemclass as itemclas2_0_0_, item0_.levelreq as levelreq3_0_0_, item0_.name as name4_0_0_, item0_.player_id as player_i5_0_0_ from item item0_ where item0_.id=?
20:24:24.676 [main] DEBUG org.hibernate.loader.plan.build.internal.spaces.QuerySpacesImpl - Adding QuerySpace : uid = <gen:0> -> org.hibernate.loader.plan.build.internal.spaces.EntityQuerySpaceImpl@1d8e9d3e]
20:24:24.676 [main] DEBUG org.hibernate.persister.walking.spi.MetamodelGraphWalker - Visiting attribute path : itemclass
20:24:24.676 [main] DEBUG org.hibernate.persister.walking.spi.MetamodelGraphWalker - Visiting attribute path : levelreq
20:24:24.676 [main] DEBUG org.hibernate.persister.walking.spi.MetamodelGraphWalker - Visiting attribute path : name
20:24:24.676 [main] DEBUG org.hibernate.persister.walking.spi.MetamodelGraphWalker - Visiting attribute path : player
20:24:24.676 [main] DEBUG org.hibernate.loader.plan.build.internal.spaces.QuerySpacesImpl - Adding QuerySpace : uid = <gen:1> -> org.hibernate.loader.plan.build.internal.spaces.EntityQuerySpaceImpl@4586a8aa]
20:24:24.676 [main] DEBUG org.hibernate.loader.plan.build.internal.FetchStyleLoadPlanBuildingAssociationVisitationStrategy - Building LoadPlan...
20:24:24.676 [main] DEBUG org.hibernate.loader.plan.exec.internal.LoadQueryJoinAndFetchProcessor - processing queryspace <gen:0>
20:24:24.676 [main] DEBUG org.hibernate.loader.plan.build.spi.LoadPlanTreePrinter - LoadPlan(entity=tau.mmo.domain.Item)
    - Returns
       - EntityReturnImpl(entity=tau.mmo.domain.Item, querySpaceUid=<gen:0>, path=tau.mmo.domain.Item)
          - EntityAttributeFetchImpl(entity=tau.mmo.domain.Player, querySpaceUid=<gen:1>, path=tau.mmo.domain.Item.player)
    - QuerySpaces
       - EntityQuerySpaceImpl(uid=<gen:0>, entity=tau.mmo.domain.Item)
          - SQL table alias mapping - item0_
          - alias suffix - 0_
          - suffixed key columns - {id1_0_0_}

20:24:24.676 [main] DEBUG org.hibernate.loader.entity.plan.EntityLoader - Static select for entity tau.mmo.domain.Item [READ]: select item0_.id as id1_0_0_, item0_.itemclass as itemclas2_0_0_, item0_.levelreq as levelreq3_0_0_, item0_.name as name4_0_0_, item0_.player_id as player_i5_0_0_ from item item0_ where item0_.id=?
20:24:24.676 [main] DEBUG org.hibernate.loader.plan.build.internal.spaces.QuerySpacesImpl - Adding QuerySpace : uid = <gen:0> -> org.hibernate.loader.plan.build.internal.spaces.EntityQuerySpaceImpl@3dc82e6a]
20:24:24.676 [main] DEBUG org.hibernate.persister.walking.spi.MetamodelGraphWalker - Visiting attribute path : itemclass
20:24:24.676 [main] DEBUG org.hibernate.persister.walking.spi.MetamodelGraphWalker - Visiting attribute path : levelreq
20:24:24.676 [main] DEBUG org.hibernate.persister.walking.spi.MetamodelGraphWalker - Visiting attribute path : name
20:24:24.676 [main] DEBUG org.hibernate.persister.walking.spi.MetamodelGraphWalker - Visiting attribute path : player
20:24:24.676 [main] DEBUG org.hibernate.loader.plan.build.internal.spaces.QuerySpacesImpl - Adding QuerySpace : uid = <gen:1> -> org.hibernate.loader.plan.build.internal.spaces.EntityQuerySpaceImpl@819fb19]
20:24:24.677 [main] DEBUG org.hibernate.loader.plan.build.internal.FetchStyleLoadPlanBuildingAssociationVisitationStrategy - Building LoadPlan...
20:24:24.677 [main] DEBUG org.hibernate.loader.plan.exec.internal.LoadQueryJoinAndFetchProcessor - processing queryspace <gen:0>
20:24:24.677 [main] DEBUG org.hibernate.loader.plan.build.spi.LoadPlanTreePrinter - LoadPlan(entity=tau.mmo.domain.Item)
    - Returns
       - EntityReturnImpl(entity=tau.mmo.domain.Item, querySpaceUid=<gen:0>, path=tau.mmo.domain.Item)
          - EntityAttributeFetchImpl(entity=tau.mmo.domain.Player, querySpaceUid=<gen:1>, path=tau.mmo.domain.Item.player)
    - QuerySpaces
       - EntityQuerySpaceImpl(uid=<gen:0>, entity=tau.mmo.domain.Item)
          - SQL table alias mapping - item0_
          - alias suffix - 0_
          - suffixed key columns - {id1_0_0_}

20:24:24.677 [main] DEBUG org.hibernate.loader.entity.plan.EntityLoader - Static select for entity tau.mmo.domain.Item [UPGRADE]: select item0_.id as id1_0_0_, item0_.itemclass as itemclas2_0_0_, item0_.levelreq as levelreq3_0_0_, item0_.name as name4_0_0_, item0_.player_id as player_i5_0_0_ from item item0_ where item0_.id=? for update
20:24:24.677 [main] DEBUG org.hibernate.loader.plan.build.internal.spaces.QuerySpacesImpl - Adding QuerySpace : uid = <gen:0> -> org.hibernate.loader.plan.build.internal.spaces.EntityQuerySpaceImpl@782ac148]
20:24:24.678 [main] DEBUG org.hibernate.persister.walking.spi.MetamodelGraphWalker - Visiting attribute path : itemclass
20:24:24.678 [main] DEBUG org.hibernate.persister.walking.spi.MetamodelGraphWalker - Visiting attribute path : levelreq
20:24:24.678 [main] DEBUG org.hibernate.persister.walking.spi.MetamodelGraphWalker - Visiting attribute path : name
20:24:24.678 [main] DEBUG org.hibernate.persister.walking.spi.MetamodelGraphWalker - Visiting attribute path : player
20:24:24.678 [main] DEBUG org.hibernate.loader.plan.build.internal.spaces.QuerySpacesImpl - Adding QuerySpace : uid = <gen:1> -> org.hibernate.loader.plan.build.internal.spaces.EntityQuerySpaceImpl@61d2f267]
20:24:24.678 [main] DEBUG org.hibernate.loader.plan.build.internal.FetchStyleLoadPlanBuildingAssociationVisitationStrategy - Building LoadPlan...
20:24:24.678 [main] DEBUG org.hibernate.loader.plan.exec.internal.LoadQueryJoinAndFetchProcessor - processing queryspace <gen:0>
20:24:24.678 [main] DEBUG org.hibernate.loader.plan.build.spi.LoadPlanTreePrinter - LoadPlan(entity=tau.mmo.domain.Item)
    - Returns
       - EntityReturnImpl(entity=tau.mmo.domain.Item, querySpaceUid=<gen:0>, path=tau.mmo.domain.Item)
          - EntityAttributeFetchImpl(entity=tau.mmo.domain.Player, querySpaceUid=<gen:1>, path=tau.mmo.domain.Item.player)
    - QuerySpaces
       - EntityQuerySpaceImpl(uid=<gen:0>, entity=tau.mmo.domain.Item)
          - SQL table alias mapping - item0_
          - alias suffix - 0_
          - suffixed key columns - {id1_0_0_}

20:24:24.678 [main] DEBUG org.hibernate.loader.entity.plan.EntityLoader - Static select for entity tau.mmo.domain.Item [UPGRADE_NOWAIT]: select item0_.id as id1_0_0_, item0_.itemclass as itemclas2_0_0_, item0_.levelreq as levelreq3_0_0_, item0_.name as name4_0_0_, item0_.player_id as player_i5_0_0_ from item item0_ where item0_.id=? for update
20:24:24.678 [main] DEBUG org.hibernate.loader.plan.build.internal.spaces.QuerySpacesImpl - Adding QuerySpace : uid = <gen:0> -> org.hibernate.loader.plan.build.internal.spaces.EntityQuerySpaceImpl@26d40c77]
20:24:24.678 [main] DEBUG org.hibernate.persister.walking.spi.MetamodelGraphWalker - Visiting attribute path : itemclass
20:24:24.678 [main] DEBUG org.hibernate.persister.walking.spi.MetamodelGraphWalker - Visiting attribute path : levelreq
20:24:24.678 [main] DEBUG org.hibernate.persister.walking.spi.MetamodelGraphWalker - Visiting attribute path : name
20:24:24.678 [main] DEBUG org.hibernate.persister.walking.spi.MetamodelGraphWalker - Visiting attribute path : player
20:24:24.678 [main] DEBUG org.hibernate.loader.plan.build.internal.spaces.QuerySpacesImpl - Adding QuerySpace : uid = <gen:1> -> org.hibernate.loader.plan.build.internal.spaces.EntityQuerySpaceImpl@6481dce5]
20:24:24.678 [main] DEBUG org.hibernate.loader.plan.build.internal.FetchStyleLoadPlanBuildingAssociationVisitationStrategy - Building LoadPlan...
20:24:24.678 [main] DEBUG org.hibernate.loader.plan.exec.internal.LoadQueryJoinAndFetchProcessor - processing queryspace <gen:0>
20:24:24.679 [main] DEBUG org.hibernate.loader.plan.build.spi.LoadPlanTreePrinter - LoadPlan(entity=tau.mmo.domain.Item)
    - Returns
       - EntityReturnImpl(entity=tau.mmo.domain.Item, querySpaceUid=<gen:0>, path=tau.mmo.domain.Item)
          - EntityAttributeFetchImpl(entity=tau.mmo.domain.Player, querySpaceUid=<gen:1>, path=tau.mmo.domain.Item.player)
    - QuerySpaces
       - EntityQuerySpaceImpl(uid=<gen:0>, entity=tau.mmo.domain.Item)
          - SQL table alias mapping - item0_
          - alias suffix - 0_
          - suffixed key columns - {id1_0_0_}

20:24:24.679 [main] DEBUG org.hibernate.loader.entity.plan.EntityLoader - Static select for entity tau.mmo.domain.Item [UPGRADE_SKIPLOCKED]: select item0_.id as id1_0_0_, item0_.itemclass as itemclas2_0_0_, item0_.levelreq as levelreq3_0_0_, item0_.name as name4_0_0_, item0_.player_id as player_i5_0_0_ from item item0_ where item0_.id=? for update
20:24:24.679 [main] DEBUG org.hibernate.loader.plan.build.internal.spaces.QuerySpacesImpl - Adding QuerySpace : uid = <gen:0> -> org.hibernate.loader.plan.build.internal.spaces.EntityQuerySpaceImpl@12365bd8]
20:24:24.679 [main] DEBUG org.hibernate.persister.walking.spi.MetamodelGraphWalker - Visiting attribute path : itemclass
20:24:24.679 [main] DEBUG org.hibernate.persister.walking.spi.MetamodelGraphWalker - Visiting attribute path : levelreq
20:24:24.679 [main] DEBUG org.hibernate.persister.walking.spi.MetamodelGraphWalker - Visiting attribute path : name
20:24:24.679 [main] DEBUG org.hibernate.persister.walking.spi.MetamodelGraphWalker - Visiting attribute path : player
20:24:24.679 [main] DEBUG org.hibernate.loader.plan.build.internal.spaces.QuerySpacesImpl - Adding QuerySpace : uid = <gen:1> -> org.hibernate.loader.plan.build.internal.spaces.EntityQuerySpaceImpl@49cb5030]
20:24:24.679 [main] DEBUG org.hibernate.loader.plan.build.internal.FetchStyleLoadPlanBuildingAssociationVisitationStrategy - Building LoadPlan...
20:24:24.679 [main] DEBUG org.hibernate.loader.plan.exec.internal.LoadQueryJoinAndFetchProcessor - processing queryspace <gen:0>
20:24:24.679 [main] DEBUG org.hibernate.loader.plan.build.spi.LoadPlanTreePrinter - LoadPlan(entity=tau.mmo.domain.Item)
    - Returns
       - EntityReturnImpl(entity=tau.mmo.domain.Item, querySpaceUid=<gen:0>, path=tau.mmo.domain.Item)
          - EntityAttributeFetchImpl(entity=tau.mmo.domain.Player, querySpaceUid=<gen:1>, path=tau.mmo.domain.Item.player)
    - QuerySpaces
       - EntityQuerySpaceImpl(uid=<gen:0>, entity=tau.mmo.domain.Item)
          - SQL table alias mapping - item0_
          - alias suffix - 0_
          - suffixed key columns - {id1_0_0_}

20:24:24.679 [main] DEBUG org.hibernate.loader.entity.plan.EntityLoader - Static select for entity tau.mmo.domain.Item [FORCE]: select item0_.id as id1_0_0_, item0_.itemclass as itemclas2_0_0_, item0_.levelreq as levelreq3_0_0_, item0_.name as name4_0_0_, item0_.player_id as player_i5_0_0_ from item item0_ where item0_.id=? for update
20:24:24.679 [main] DEBUG org.hibernate.loader.plan.build.internal.spaces.QuerySpacesImpl - Adding QuerySpace : uid = <gen:0> -> org.hibernate.loader.plan.build.internal.spaces.EntityQuerySpaceImpl@23c7cb18]
20:24:24.679 [main] DEBUG org.hibernate.persister.walking.spi.MetamodelGraphWalker - Visiting attribute path : itemclass
20:24:24.679 [main] DEBUG org.hibernate.persister.walking.spi.MetamodelGraphWalker - Visiting attribute path : levelreq
20:24:24.679 [main] DEBUG org.hibernate.persister.walking.spi.MetamodelGraphWalker - Visiting attribute path : name
20:24:24.679 [main] DEBUG org.hibernate.persister.walking.spi.MetamodelGraphWalker - Visiting attribute path : player
20:24:24.679 [main] DEBUG org.hibernate.loader.plan.build.internal.spaces.QuerySpacesImpl - Adding QuerySpace : uid = <gen:1> -> org.hibernate.loader.plan.build.internal.spaces.EntityQuerySpaceImpl@2d74cbbd]
20:24:24.679 [main] DEBUG org.hibernate.loader.plan.build.internal.FetchStyleLoadPlanBuildingAssociationVisitationStrategy - Building LoadPlan...
20:24:24.679 [main] DEBUG org.hibernate.loader.plan.exec.internal.LoadQueryJoinAndFetchProcessor - processing queryspace <gen:0>
20:24:24.680 [main] DEBUG org.hibernate.loader.plan.build.spi.LoadPlanTreePrinter - LoadPlan(entity=tau.mmo.domain.Item)
    - Returns
       - EntityReturnImpl(entity=tau.mmo.domain.Item, querySpaceUid=<gen:0>, path=tau.mmo.domain.Item)
          - EntityAttributeFetchImpl(entity=tau.mmo.domain.Player, querySpaceUid=<gen:1>, path=tau.mmo.domain.Item.player)
    - QuerySpaces
       - EntityQuerySpaceImpl(uid=<gen:0>, entity=tau.mmo.domain.Item)
          - SQL table alias mapping - item0_
          - alias suffix - 0_
          - suffixed key columns - {id1_0_0_}

20:24:24.680 [main] DEBUG org.hibernate.loader.entity.plan.EntityLoader - Static select for entity tau.mmo.domain.Item [PESSIMISTIC_READ]: select item0_.id as id1_0_0_, item0_.itemclass as itemclas2_0_0_, item0_.levelreq as levelreq3_0_0_, item0_.name as name4_0_0_, item0_.player_id as player_i5_0_0_ from item item0_ where item0_.id=? for update
20:24:24.680 [main] DEBUG org.hibernate.loader.plan.build.internal.spaces.QuerySpacesImpl - Adding QuerySpace : uid = <gen:0> -> org.hibernate.loader.plan.build.internal.spaces.EntityQuerySpaceImpl@3e2d44f3]
20:24:24.680 [main] DEBUG org.hibernate.persister.walking.spi.MetamodelGraphWalker - Visiting attribute path : itemclass
20:24:24.680 [main] DEBUG org.hibernate.persister.walking.spi.MetamodelGraphWalker - Visiting attribute path : levelreq
20:24:24.680 [main] DEBUG org.hibernate.persister.walking.spi.MetamodelGraphWalker - Visiting attribute path : name
20:24:24.680 [main] DEBUG org.hibernate.persister.walking.spi.MetamodelGraphWalker - Visiting attribute path : player
20:24:24.680 [main] DEBUG org.hibernate.loader.plan.build.internal.spaces.QuerySpacesImpl - Adding QuerySpace : uid = <gen:1> -> org.hibernate.loader.plan.build.internal.spaces.EntityQuerySpaceImpl@5d3f99d7]
20:24:24.680 [main] DEBUG org.hibernate.loader.plan.build.internal.FetchStyleLoadPlanBuildingAssociationVisitationStrategy - Building LoadPlan...
20:24:24.680 [main] DEBUG org.hibernate.loader.plan.exec.internal.LoadQueryJoinAndFetchProcessor - processing queryspace <gen:0>
20:24:24.680 [main] DEBUG org.hibernate.loader.plan.build.spi.LoadPlanTreePrinter - LoadPlan(entity=tau.mmo.domain.Item)
    - Returns
       - EntityReturnImpl(entity=tau.mmo.domain.Item, querySpaceUid=<gen:0>, path=tau.mmo.domain.Item)
          - EntityAttributeFetchImpl(entity=tau.mmo.domain.Player, querySpaceUid=<gen:1>, path=tau.mmo.domain.Item.player)
    - QuerySpaces
       - EntityQuerySpaceImpl(uid=<gen:0>, entity=tau.mmo.domain.Item)
          - SQL table alias mapping - item0_
          - alias suffix - 0_
          - suffixed key columns - {id1_0_0_}

20:24:24.680 [main] DEBUG org.hibernate.loader.entity.plan.EntityLoader - Static select for entity tau.mmo.domain.Item [PESSIMISTIC_WRITE]: select item0_.id as id1_0_0_, item0_.itemclass as itemclas2_0_0_, item0_.levelreq as levelreq3_0_0_, item0_.name as name4_0_0_, item0_.player_id as player_i5_0_0_ from item item0_ where item0_.id=? for update
20:24:24.680 [main] DEBUG org.hibernate.loader.plan.build.internal.spaces.QuerySpacesImpl - Adding QuerySpace : uid = <gen:0> -> org.hibernate.loader.plan.build.internal.spaces.EntityQuerySpaceImpl@561d88ee]
20:24:24.680 [main] DEBUG org.hibernate.persister.walking.spi.MetamodelGraphWalker - Visiting attribute path : itemclass
20:24:24.680 [main] DEBUG org.hibernate.persister.walking.spi.MetamodelGraphWalker - Visiting attribute path : levelreq
20:24:24.680 [main] DEBUG org.hibernate.persister.walking.spi.MetamodelGraphWalker - Visiting attribute path : name
20:24:24.680 [main] DEBUG org.hibernate.persister.walking.spi.MetamodelGraphWalker - Visiting attribute path : player
20:24:24.680 [main] DEBUG org.hibernate.loader.plan.build.internal.spaces.QuerySpacesImpl - Adding QuerySpace : uid = <gen:1> -> org.hibernate.loader.plan.build.internal.spaces.EntityQuerySpaceImpl@5f883d90]
20:24:24.680 [main] DEBUG org.hibernate.loader.plan.build.internal.FetchStyleLoadPlanBuildingAssociationVisitationStrategy - Building LoadPlan...
20:24:24.680 [main] DEBUG org.hibernate.loader.plan.exec.internal.LoadQueryJoinAndFetchProcessor - processing queryspace <gen:0>
20:24:24.680 [main] DEBUG org.hibernate.loader.plan.build.spi.LoadPlanTreePrinter - LoadPlan(entity=tau.mmo.domain.Item)
    - Returns
       - EntityReturnImpl(entity=tau.mmo.domain.Item, querySpaceUid=<gen:0>, path=tau.mmo.domain.Item)
          - EntityAttributeFetchImpl(entity=tau.mmo.domain.Player, querySpaceUid=<gen:1>, path=tau.mmo.domain.Item.player)
    - QuerySpaces
       - EntityQuerySpaceImpl(uid=<gen:0>, entity=tau.mmo.domain.Item)
          - SQL table alias mapping - item0_
          - alias suffix - 0_
          - suffixed key columns - {id1_0_0_}

20:24:24.680 [main] DEBUG org.hibernate.loader.entity.plan.EntityLoader - Static select for entity tau.mmo.domain.Item [PESSIMISTIC_FORCE_INCREMENT]: select item0_.id as id1_0_0_, item0_.itemclass as itemclas2_0_0_, item0_.levelreq as levelreq3_0_0_, item0_.name as name4_0_0_, item0_.player_id as player_i5_0_0_ from item item0_ where item0_.id=? for update
20:24:24.680 [main] DEBUG org.hibernate.loader.plan.build.internal.spaces.QuerySpacesImpl - Adding QuerySpace : uid = <gen:0> -> org.hibernate.loader.plan.build.internal.spaces.EntityQuerySpaceImpl@7e58f697]
20:24:24.680 [main] DEBUG org.hibernate.persister.walking.spi.MetamodelGraphWalker - Visiting attribute path : itemclass
20:24:24.680 [main] DEBUG org.hibernate.persister.walking.spi.MetamodelGraphWalker - Visiting attribute path : levelreq
20:24:24.680 [main] DEBUG org.hibernate.persister.walking.spi.MetamodelGraphWalker - Visiting attribute path : name
20:24:24.680 [main] DEBUG org.hibernate.persister.walking.spi.MetamodelGraphWalker - Visiting attribute path : player
20:24:24.680 [main] DEBUG org.hibernate.loader.plan.build.internal.spaces.QuerySpacesImpl - Adding QuerySpace : uid = <gen:1> -> org.hibernate.loader.plan.build.internal.spaces.EntityQuerySpaceImpl@5cc3e49b]
20:24:24.681 [main] DEBUG org.hibernate.loader.plan.build.internal.FetchStyleLoadPlanBuildingAssociationVisitationStrategy - Building LoadPlan...
20:24:24.681 [main] DEBUG org.hibernate.loader.plan.exec.internal.LoadQueryJoinAndFetchProcessor - processing queryspace <gen:0>
20:24:24.681 [main] DEBUG org.hibernate.loader.plan.build.spi.LoadPlanTreePrinter - LoadPlan(entity=tau.mmo.domain.Item)
    - Returns
       - EntityReturnImpl(entity=tau.mmo.domain.Item, querySpaceUid=<gen:0>, path=tau.mmo.domain.Item)
          - EntityAttributeFetchImpl(entity=tau.mmo.domain.Player, querySpaceUid=<gen:1>, path=tau.mmo.domain.Item.player)
    - QuerySpaces
       - EntityQuerySpaceImpl(uid=<gen:0>, entity=tau.mmo.domain.Item)
          - SQL table alias mapping - item0_
          - alias suffix - 0_
          - suffixed key columns - {id1_0_0_}

20:24:24.681 [main] DEBUG org.hibernate.loader.entity.plan.EntityLoader - Static select for entity tau.mmo.domain.Item [OPTIMISTIC]: select item0_.id as id1_0_0_, item0_.itemclass as itemclas2_0_0_, item0_.levelreq as levelreq3_0_0_, item0_.name as name4_0_0_, item0_.player_id as player_i5_0_0_ from item item0_ where item0_.id=?
20:24:24.681 [main] DEBUG org.hibernate.loader.plan.build.internal.spaces.QuerySpacesImpl - Adding QuerySpace : uid = <gen:0> -> org.hibernate.loader.plan.build.internal.spaces.EntityQuerySpaceImpl@4239262e]
20:24:24.681 [main] DEBUG org.hibernate.persister.walking.spi.MetamodelGraphWalker - Visiting attribute path : itemclass
20:24:24.681 [main] DEBUG org.hibernate.persister.walking.spi.MetamodelGraphWalker - Visiting attribute path : levelreq
20:24:24.681 [main] DEBUG org.hibernate.persister.walking.spi.MetamodelGraphWalker - Visiting attribute path : name
20:24:24.681 [main] DEBUG org.hibernate.persister.walking.spi.MetamodelGraphWalker - Visiting attribute path : player
20:24:24.681 [main] DEBUG org.hibernate.loader.plan.build.internal.spaces.QuerySpacesImpl - Adding QuerySpace : uid = <gen:1> -> org.hibernate.loader.plan.build.internal.spaces.EntityQuerySpaceImpl@7d88fa9c]
20:24:24.681 [main] DEBUG org.hibernate.loader.plan.build.internal.FetchStyleLoadPlanBuildingAssociationVisitationStrategy - Building LoadPlan...
20:24:24.681 [main] DEBUG org.hibernate.loader.plan.exec.internal.LoadQueryJoinAndFetchProcessor - processing queryspace <gen:0>
20:24:24.681 [main] DEBUG org.hibernate.loader.plan.build.spi.LoadPlanTreePrinter - LoadPlan(entity=tau.mmo.domain.Item)
    - Returns
       - EntityReturnImpl(entity=tau.mmo.domain.Item, querySpaceUid=<gen:0>, path=tau.mmo.domain.Item)
          - EntityAttributeFetchImpl(entity=tau.mmo.domain.Player, querySpaceUid=<gen:1>, path=tau.mmo.domain.Item.player)
    - QuerySpaces
       - EntityQuerySpaceImpl(uid=<gen:0>, entity=tau.mmo.domain.Item)
          - SQL table alias mapping - item0_
          - alias suffix - 0_
          - suffixed key columns - {id1_0_0_}

20:24:24.681 [main] DEBUG org.hibernate.loader.entity.plan.EntityLoader - Static select for entity tau.mmo.domain.Item [OPTIMISTIC_FORCE_INCREMENT]: select item0_.id as id1_0_0_, item0_.itemclass as itemclas2_0_0_, item0_.levelreq as levelreq3_0_0_, item0_.name as name4_0_0_, item0_.player_id as player_i5_0_0_ from item item0_ where item0_.id=?
20:24:24.681 [main] DEBUG org.hibernate.loader.Loader - Static select for action ACTION_MERGE on entity tau.mmo.domain.Item: select item0_.id as id1_0_0_, item0_.itemclass as itemclas2_0_0_, item0_.levelreq as levelreq3_0_0_, item0_.name as name4_0_0_, item0_.player_id as player_i5_0_0_ from item item0_ where item0_.id=?
20:24:24.681 [main] DEBUG org.hibernate.loader.Loader - Static select for action ACTION_REFRESH on entity tau.mmo.domain.Item: select item0_.id as id1_0_0_, item0_.itemclass as itemclas2_0_0_, item0_.levelreq as levelreq3_0_0_, item0_.name as name4_0_0_, item0_.player_id as player_i5_0_0_ from item item0_ where item0_.id=?
20:24:24.681 [main] DEBUG org.hibernate.persister.entity.AbstractEntityPersister - Static SQL for entity: tau.mmo.domain.Player
20:24:24.681 [main] DEBUG org.hibernate.persister.entity.AbstractEntityPersister -  Version select: select id from player where id =?
20:24:24.681 [main] DEBUG org.hibernate.persister.entity.AbstractEntityPersister -  Snapshot select: select player_.id, player_.heroclass as heroclas2_1_, player_.level as level3_1_, player_.name as name4_1_ from player player_ where player_.id=?
20:24:24.681 [main] DEBUG org.hibernate.persister.entity.AbstractEntityPersister -  Insert 0: insert into player (heroclass, level, name, id) values (?, ?, ?, ?)
20:24:24.681 [main] DEBUG org.hibernate.persister.entity.AbstractEntityPersister -  Update 0: update player set heroclass=?, level=?, name=? where id=?
20:24:24.681 [main] DEBUG org.hibernate.persister.entity.AbstractEntityPersister -  Delete 0: delete from player where id=?
20:24:24.681 [main] DEBUG org.hibernate.loader.plan.build.internal.spaces.QuerySpacesImpl - Adding QuerySpace : uid = <gen:0> -> org.hibernate.loader.plan.build.internal.spaces.EntityQuerySpaceImpl@3eac2e8a]
20:24:24.681 [main] DEBUG org.hibernate.persister.walking.spi.MetamodelGraphWalker - Visiting attribute path : heroclass
20:24:24.681 [main] DEBUG org.hibernate.persister.walking.spi.MetamodelGraphWalker - Visiting attribute path : items
20:24:24.682 [main] DEBUG org.hibernate.loader.plan.build.internal.spaces.QuerySpacesImpl - Adding QuerySpace : uid = <gen:1> -> org.hibernate.loader.plan.build.internal.spaces.CollectionQuerySpaceImpl@2ab9e43e]
20:24:24.682 [main] DEBUG org.hibernate.loader.plan.build.internal.spaces.QuerySpacesImpl - Adding QuerySpace : uid = <gen:2> -> org.hibernate.loader.plan.build.internal.spaces.EntityQuerySpaceImpl@10dfa7ef]
20:24:24.682 [main] DEBUG org.hibernate.persister.walking.spi.MetamodelGraphWalker - Visiting attribute path : items.itemclass
20:24:24.682 [main] DEBUG org.hibernate.persister.walking.spi.MetamodelGraphWalker - Visiting attribute path : items.levelreq
20:24:24.682 [main] DEBUG org.hibernate.persister.walking.spi.MetamodelGraphWalker - Visiting attribute path : items.name
20:24:24.682 [main] DEBUG org.hibernate.persister.walking.spi.MetamodelGraphWalker - Visiting attribute path : items.player
20:24:24.682 [main] DEBUG org.hibernate.persister.walking.spi.MetamodelGraphWalker - Property path deemed to be circular : items.player
20:24:24.682 [main] DEBUG org.hibernate.persister.walking.spi.MetamodelGraphWalker - Visiting attribute path : level
20:24:24.682 [main] DEBUG org.hibernate.persister.walking.spi.MetamodelGraphWalker - Visiting attribute path : name
20:24:24.682 [main] DEBUG org.hibernate.loader.plan.build.internal.FetchStyleLoadPlanBuildingAssociationVisitationStrategy - Building LoadPlan...
20:24:24.682 [main] DEBUG org.hibernate.loader.plan.exec.internal.LoadQueryJoinAndFetchProcessor - processing queryspace <gen:0>
20:24:24.682 [main] DEBUG org.hibernate.loader.plan.build.spi.LoadPlanTreePrinter - LoadPlan(entity=tau.mmo.domain.Player)
    - Returns
       - EntityReturnImpl(entity=tau.mmo.domain.Player, querySpaceUid=<gen:0>, path=tau.mmo.domain.Player)
          - CollectionAttributeFetchImpl(collection=tau.mmo.domain.Player.items, querySpaceUid=<gen:1>, path=tau.mmo.domain.Player.items)
             - (collection element) CollectionFetchableElementEntityGraph(entity=tau.mmo.domain.Item, querySpaceUid=<gen:2>, path=tau.mmo.domain.Player.items.<elements>)
    - QuerySpaces
       - EntityQuerySpaceImpl(uid=<gen:0>, entity=tau.mmo.domain.Player)
          - SQL table alias mapping - player0_
          - alias suffix - 0_
          - suffixed key columns - {id1_1_0_}
          - JOIN (JoinDefinedByMetadata(items)) : <gen:0> -> <gen:1>
             - CollectionQuerySpaceImpl(uid=<gen:1>, collection=tau.mmo.domain.Player.items)
                - SQL table alias mapping - items1_
                - alias suffix - 1_
                - suffixed key columns - {player_i5_0_1_}
                - entity-element alias suffix - 2_
                - 2_entity-element suffixed key columns - id1_0_2_
                - JOIN (JoinDefinedByMetadata(elements)) : <gen:1> -> <gen:2>
                   - EntityQuerySpaceImpl(uid=<gen:2>, entity=tau.mmo.domain.Item)
                      - SQL table alias mapping - items1_
                      - alias suffix - 2_
                      - suffixed key columns - {id1_0_2_}

20:24:24.682 [main] DEBUG org.hibernate.loader.entity.plan.EntityLoader - Static select for entity tau.mmo.domain.Player [NONE]: select player0_.id as id1_1_0_, player0_.heroclass as heroclas2_1_0_, player0_.level as level3_1_0_, player0_.name as name4_1_0_, items1_.player_id as player_i5_0_1_, items1_.id as id1_0_1_, items1_.id as id1_0_2_, items1_.itemclass as itemclas2_0_2_, items1_.levelreq as levelreq3_0_2_, items1_.name as name4_0_2_, items1_.player_id as player_i5_0_2_ from player player0_ left outer join item items1_ on player0_.id=items1_.player_id where player0_.id=?
20:24:24.682 [main] DEBUG org.hibernate.loader.plan.build.internal.spaces.QuerySpacesImpl - Adding QuerySpace : uid = <gen:0> -> org.hibernate.loader.plan.build.internal.spaces.EntityQuerySpaceImpl@64fdcf99]
20:24:24.682 [main] DEBUG org.hibernate.persister.walking.spi.MetamodelGraphWalker - Visiting attribute path : heroclass
20:24:24.682 [main] DEBUG org.hibernate.persister.walking.spi.MetamodelGraphWalker - Visiting attribute path : items
20:24:24.682 [main] DEBUG org.hibernate.loader.plan.build.internal.spaces.QuerySpacesImpl - Adding QuerySpace : uid = <gen:1> -> org.hibernate.loader.plan.build.internal.spaces.CollectionQuerySpaceImpl@63f2e0b]
20:24:24.682 [main] DEBUG org.hibernate.loader.plan.build.internal.spaces.QuerySpacesImpl - Adding QuerySpace : uid = <gen:2> -> org.hibernate.loader.plan.build.internal.spaces.EntityQuerySpaceImpl@5a06904]
20:24:24.682 [main] DEBUG org.hibernate.persister.walking.spi.MetamodelGraphWalker - Visiting attribute path : items.itemclass
20:24:24.682 [main] DEBUG org.hibernate.persister.walking.spi.MetamodelGraphWalker - Visiting attribute path : items.levelreq
20:24:24.682 [main] DEBUG org.hibernate.persister.walking.spi.MetamodelGraphWalker - Visiting attribute path : items.name
20:24:24.682 [main] DEBUG org.hibernate.persister.walking.spi.MetamodelGraphWalker - Visiting attribute path : items.player
20:24:24.682 [main] DEBUG org.hibernate.persister.walking.spi.MetamodelGraphWalker - Property path deemed to be circular : items.player
20:24:24.682 [main] DEBUG org.hibernate.persister.walking.spi.MetamodelGraphWalker - Visiting attribute path : level
20:24:24.682 [main] DEBUG org.hibernate.persister.walking.spi.MetamodelGraphWalker - Visiting attribute path : name
20:24:24.682 [main] DEBUG org.hibernate.loader.plan.build.internal.FetchStyleLoadPlanBuildingAssociationVisitationStrategy - Building LoadPlan...
20:24:24.683 [main] DEBUG org.hibernate.loader.plan.exec.internal.LoadQueryJoinAndFetchProcessor - processing queryspace <gen:0>
20:24:24.683 [main] DEBUG org.hibernate.loader.plan.build.spi.LoadPlanTreePrinter - LoadPlan(entity=tau.mmo.domain.Player)
    - Returns
       - EntityReturnImpl(entity=tau.mmo.domain.Player, querySpaceUid=<gen:0>, path=tau.mmo.domain.Player)
          - CollectionAttributeFetchImpl(collection=tau.mmo.domain.Player.items, querySpaceUid=<gen:1>, path=tau.mmo.domain.Player.items)
             - (collection element) CollectionFetchableElementEntityGraph(entity=tau.mmo.domain.Item, querySpaceUid=<gen:2>, path=tau.mmo.domain.Player.items.<elements>)
    - QuerySpaces
       - EntityQuerySpaceImpl(uid=<gen:0>, entity=tau.mmo.domain.Player)
          - SQL table alias mapping - player0_
          - alias suffix - 0_
          - suffixed key columns - {id1_1_0_}
          - JOIN (JoinDefinedByMetadata(items)) : <gen:0> -> <gen:1>
             - CollectionQuerySpaceImpl(uid=<gen:1>, collection=tau.mmo.domain.Player.items)
                - SQL table alias mapping - items1_
                - alias suffix - 1_
                - suffixed key columns - {player_i5_0_1_}
                - entity-element alias suffix - 2_
                - 2_entity-element suffixed key columns - id1_0_2_
                - JOIN (JoinDefinedByMetadata(elements)) : <gen:1> -> <gen:2>
                   - EntityQuerySpaceImpl(uid=<gen:2>, entity=tau.mmo.domain.Item)
                      - SQL table alias mapping - items1_
                      - alias suffix - 2_
                      - suffixed key columns - {id1_0_2_}

20:24:24.683 [main] DEBUG org.hibernate.loader.entity.plan.EntityLoader - Static select for entity tau.mmo.domain.Player [READ]: select player0_.id as id1_1_0_, player0_.heroclass as heroclas2_1_0_, player0_.level as level3_1_0_, player0_.name as name4_1_0_, items1_.player_id as player_i5_0_1_, items1_.id as id1_0_1_, items1_.id as id1_0_2_, items1_.itemclass as itemclas2_0_2_, items1_.levelreq as levelreq3_0_2_, items1_.name as name4_0_2_, items1_.player_id as player_i5_0_2_ from player player0_ left outer join item items1_ on player0_.id=items1_.player_id where player0_.id=?
20:24:24.683 [main] DEBUG org.hibernate.loader.plan.build.internal.spaces.QuerySpacesImpl - Adding QuerySpace : uid = <gen:0> -> org.hibernate.loader.plan.build.internal.spaces.EntityQuerySpaceImpl@7e848aea]
20:24:24.683 [main] DEBUG org.hibernate.persister.walking.spi.MetamodelGraphWalker - Visiting attribute path : heroclass
20:24:24.683 [main] DEBUG org.hibernate.persister.walking.spi.MetamodelGraphWalker - Visiting attribute path : items
20:24:24.683 [main] DEBUG org.hibernate.loader.plan.build.internal.spaces.QuerySpacesImpl - Adding QuerySpace : uid = <gen:1> -> org.hibernate.loader.plan.build.internal.spaces.CollectionQuerySpaceImpl@286866cb]
20:24:24.683 [main] DEBUG org.hibernate.loader.plan.build.internal.spaces.QuerySpacesImpl - Adding QuerySpace : uid = <gen:2> -> org.hibernate.loader.plan.build.internal.spaces.EntityQuerySpaceImpl@ce561cc]
20:24:24.683 [main] DEBUG org.hibernate.persister.walking.spi.MetamodelGraphWalker - Visiting attribute path : level
20:24:24.683 [main] DEBUG org.hibernate.persister.walking.spi.MetamodelGraphWalker - Visiting attribute path : name
20:24:24.683 [main] DEBUG org.hibernate.loader.plan.build.internal.FetchStyleLoadPlanBuildingAssociationVisitationStrategy - Building LoadPlan...
20:24:24.683 [main] DEBUG org.hibernate.loader.plan.exec.internal.LoadQueryJoinAndFetchProcessor - processing queryspace <gen:0>
20:24:24.683 [main] DEBUG org.hibernate.loader.plan.build.spi.LoadPlanTreePrinter - LoadPlan(entity=tau.mmo.domain.Player)
    - Returns
       - EntityReturnImpl(entity=tau.mmo.domain.Player, querySpaceUid=<gen:0>, path=tau.mmo.domain.Player)
          - CollectionAttributeFetchImpl(collection=tau.mmo.domain.Player.items, querySpaceUid=<gen:1>, path=tau.mmo.domain.Player.items)
             - (collection element) CollectionFetchableElementEntityGraph(entity=tau.mmo.domain.Item, querySpaceUid=<gen:2>, path=tau.mmo.domain.Player.items.<elements>)
    - QuerySpaces
       - EntityQuerySpaceImpl(uid=<gen:0>, entity=tau.mmo.domain.Player)
          - SQL table alias mapping - player0_
          - alias suffix - 0_
          - suffixed key columns - {id1_1_0_}

20:24:24.683 [main] DEBUG org.hibernate.loader.entity.plan.EntityLoader - Static select for entity tau.mmo.domain.Player [UPGRADE]: select player0_.id as id1_1_0_, player0_.heroclass as heroclas2_1_0_, player0_.level as level3_1_0_, player0_.name as name4_1_0_ from player player0_ where player0_.id=? for update
20:24:24.683 [main] DEBUG org.hibernate.loader.plan.build.internal.spaces.QuerySpacesImpl - Adding QuerySpace : uid = <gen:0> -> org.hibernate.loader.plan.build.internal.spaces.EntityQuerySpaceImpl@56ec6960]
20:24:24.683 [main] DEBUG org.hibernate.persister.walking.spi.MetamodelGraphWalker - Visiting attribute path : heroclass
20:24:24.683 [main] DEBUG org.hibernate.persister.walking.spi.MetamodelGraphWalker - Visiting attribute path : items
20:24:24.683 [main] DEBUG org.hibernate.loader.plan.build.internal.spaces.QuerySpacesImpl - Adding QuerySpace : uid = <gen:1> -> org.hibernate.loader.plan.build.internal.spaces.CollectionQuerySpaceImpl@14b95942]
20:24:24.683 [main] DEBUG org.hibernate.loader.plan.build.internal.spaces.QuerySpacesImpl - Adding QuerySpace : uid = <gen:2> -> org.hibernate.loader.plan.build.internal.spaces.EntityQuerySpaceImpl@3375b118]
20:24:24.683 [main] DEBUG org.hibernate.persister.walking.spi.MetamodelGraphWalker - Visiting attribute path : level
20:24:24.683 [main] DEBUG org.hibernate.persister.walking.spi.MetamodelGraphWalker - Visiting attribute path : name
20:24:24.683 [main] DEBUG org.hibernate.loader.plan.build.internal.FetchStyleLoadPlanBuildingAssociationVisitationStrategy - Building LoadPlan...
20:24:24.683 [main] DEBUG org.hibernate.loader.plan.exec.internal.LoadQueryJoinAndFetchProcessor - processing queryspace <gen:0>
20:24:24.684 [main] DEBUG org.hibernate.loader.plan.build.spi.LoadPlanTreePrinter - LoadPlan(entity=tau.mmo.domain.Player)
    - Returns
       - EntityReturnImpl(entity=tau.mmo.domain.Player, querySpaceUid=<gen:0>, path=tau.mmo.domain.Player)
          - CollectionAttributeFetchImpl(collection=tau.mmo.domain.Player.items, querySpaceUid=<gen:1>, path=tau.mmo.domain.Player.items)
             - (collection element) CollectionFetchableElementEntityGraph(entity=tau.mmo.domain.Item, querySpaceUid=<gen:2>, path=tau.mmo.domain.Player.items.<elements>)
    - QuerySpaces
       - EntityQuerySpaceImpl(uid=<gen:0>, entity=tau.mmo.domain.Player)
          - SQL table alias mapping - player0_
          - alias suffix - 0_
          - suffixed key columns - {id1_1_0_}

20:24:24.684 [main] DEBUG org.hibernate.loader.entity.plan.EntityLoader - Static select for entity tau.mmo.domain.Player [UPGRADE_NOWAIT]: select player0_.id as id1_1_0_, player0_.heroclass as heroclas2_1_0_, player0_.level as level3_1_0_, player0_.name as name4_1_0_ from player player0_ where player0_.id=? for update
20:24:24.684 [main] DEBUG org.hibernate.loader.plan.build.internal.spaces.QuerySpacesImpl - Adding QuerySpace : uid = <gen:0> -> org.hibernate.loader.plan.build.internal.spaces.EntityQuerySpaceImpl@667797f]
20:24:24.684 [main] DEBUG org.hibernate.persister.walking.spi.MetamodelGraphWalker - Visiting attribute path : heroclass
20:24:24.684 [main] DEBUG org.hibernate.persister.walking.spi.MetamodelGraphWalker - Visiting attribute path : items
20:24:24.684 [main] DEBUG org.hibernate.loader.plan.build.internal.spaces.QuerySpacesImpl - Adding QuerySpace : uid = <gen:1> -> org.hibernate.loader.plan.build.internal.spaces.CollectionQuerySpaceImpl@46ea78f0]
20:24:24.684 [main] DEBUG org.hibernate.loader.plan.build.internal.spaces.QuerySpacesImpl - Adding QuerySpace : uid = <gen:2> -> org.hibernate.loader.plan.build.internal.spaces.EntityQuerySpaceImpl@5889fc44]
20:24:24.684 [main] DEBUG org.hibernate.persister.walking.spi.MetamodelGraphWalker - Visiting attribute path : level
20:24:24.684 [main] DEBUG org.hibernate.persister.walking.spi.MetamodelGraphWalker - Visiting attribute path : name
20:24:24.684 [main] DEBUG org.hibernate.loader.plan.build.internal.FetchStyleLoadPlanBuildingAssociationVisitationStrategy - Building LoadPlan...
20:24:24.684 [main] DEBUG org.hibernate.loader.plan.exec.internal.LoadQueryJoinAndFetchProcessor - processing queryspace <gen:0>
20:24:24.684 [main] DEBUG org.hibernate.loader.plan.build.spi.LoadPlanTreePrinter - LoadPlan(entity=tau.mmo.domain.Player)
    - Returns
       - EntityReturnImpl(entity=tau.mmo.domain.Player, querySpaceUid=<gen:0>, path=tau.mmo.domain.Player)
          - CollectionAttributeFetchImpl(collection=tau.mmo.domain.Player.items, querySpaceUid=<gen:1>, path=tau.mmo.domain.Player.items)
             - (collection element) CollectionFetchableElementEntityGraph(entity=tau.mmo.domain.Item, querySpaceUid=<gen:2>, path=tau.mmo.domain.Player.items.<elements>)
    - QuerySpaces
       - EntityQuerySpaceImpl(uid=<gen:0>, entity=tau.mmo.domain.Player)
          - SQL table alias mapping - player0_
          - alias suffix - 0_
          - suffixed key columns - {id1_1_0_}

20:24:24.684 [main] DEBUG org.hibernate.loader.entity.plan.EntityLoader - Static select for entity tau.mmo.domain.Player [UPGRADE_SKIPLOCKED]: select player0_.id as id1_1_0_, player0_.heroclass as heroclas2_1_0_, player0_.level as level3_1_0_, player0_.name as name4_1_0_ from player player0_ where player0_.id=? for update
20:24:24.684 [main] DEBUG org.hibernate.loader.plan.build.internal.spaces.QuerySpacesImpl - Adding QuerySpace : uid = <gen:0> -> org.hibernate.loader.plan.build.internal.spaces.EntityQuerySpaceImpl@6598caab]
20:24:24.684 [main] DEBUG org.hibernate.persister.walking.spi.MetamodelGraphWalker - Visiting attribute path : heroclass
20:24:24.684 [main] DEBUG org.hibernate.persister.walking.spi.MetamodelGraphWalker - Visiting attribute path : items
20:24:24.684 [main] DEBUG org.hibernate.loader.plan.build.internal.spaces.QuerySpacesImpl - Adding QuerySpace : uid = <gen:1> -> org.hibernate.loader.plan.build.internal.spaces.CollectionQuerySpaceImpl@52ca0ad4]
20:24:24.684 [main] DEBUG org.hibernate.loader.plan.build.internal.spaces.QuerySpacesImpl - Adding QuerySpace : uid = <gen:2> -> org.hibernate.loader.plan.build.internal.spaces.EntityQuerySpaceImpl@4536a715]
20:24:24.684 [main] DEBUG org.hibernate.persister.walking.spi.MetamodelGraphWalker - Visiting attribute path : level
20:24:24.684 [main] DEBUG org.hibernate.persister.walking.spi.MetamodelGraphWalker - Visiting attribute path : name
20:24:24.684 [main] DEBUG org.hibernate.loader.plan.build.internal.FetchStyleLoadPlanBuildingAssociationVisitationStrategy - Building LoadPlan...
20:24:24.684 [main] DEBUG org.hibernate.loader.plan.exec.internal.LoadQueryJoinAndFetchProcessor - processing queryspace <gen:0>
20:24:24.684 [main] DEBUG org.hibernate.loader.plan.build.spi.LoadPlanTreePrinter - LoadPlan(entity=tau.mmo.domain.Player)
    - Returns
       - EntityReturnImpl(entity=tau.mmo.domain.Player, querySpaceUid=<gen:0>, path=tau.mmo.domain.Player)
          - CollectionAttributeFetchImpl(collection=tau.mmo.domain.Player.items, querySpaceUid=<gen:1>, path=tau.mmo.domain.Player.items)
             - (collection element) CollectionFetchableElementEntityGraph(entity=tau.mmo.domain.Item, querySpaceUid=<gen:2>, path=tau.mmo.domain.Player.items.<elements>)
    - QuerySpaces
       - EntityQuerySpaceImpl(uid=<gen:0>, entity=tau.mmo.domain.Player)
          - SQL table alias mapping - player0_
          - alias suffix - 0_
          - suffixed key columns - {id1_1_0_}

20:24:24.684 [main] DEBUG org.hibernate.loader.entity.plan.EntityLoader - Static select for entity tau.mmo.domain.Player [FORCE]: select player0_.id as id1_1_0_, player0_.heroclass as heroclas2_1_0_, player0_.level as level3_1_0_, player0_.name as name4_1_0_ from player player0_ where player0_.id=? for update
20:24:24.685 [main] DEBUG org.hibernate.loader.plan.build.internal.spaces.QuerySpacesImpl - Adding QuerySpace : uid = <gen:0> -> org.hibernate.loader.plan.build.internal.spaces.EntityQuerySpaceImpl@6658f08a]
20:24:24.685 [main] DEBUG org.hibernate.persister.walking.spi.MetamodelGraphWalker - Visiting attribute path : heroclass
20:24:24.685 [main] DEBUG org.hibernate.persister.walking.spi.MetamodelGraphWalker - Visiting attribute path : items
20:24:24.685 [main] DEBUG org.hibernate.loader.plan.build.internal.spaces.QuerySpacesImpl - Adding QuerySpace : uid = <gen:1> -> org.hibernate.loader.plan.build.internal.spaces.CollectionQuerySpaceImpl@35dcd032]
20:24:24.685 [main] DEBUG org.hibernate.loader.plan.build.internal.spaces.QuerySpacesImpl - Adding QuerySpace : uid = <gen:2> -> org.hibernate.loader.plan.build.internal.spaces.EntityQuerySpaceImpl@4522d793]
20:24:24.685 [main] DEBUG org.hibernate.persister.walking.spi.MetamodelGraphWalker - Visiting attribute path : level
20:24:24.685 [main] DEBUG org.hibernate.persister.walking.spi.MetamodelGraphWalker - Visiting attribute path : name
20:24:24.685 [main] DEBUG org.hibernate.loader.plan.build.internal.FetchStyleLoadPlanBuildingAssociationVisitationStrategy - Building LoadPlan...
20:24:24.685 [main] DEBUG org.hibernate.loader.plan.exec.internal.LoadQueryJoinAndFetchProcessor - processing queryspace <gen:0>
20:24:24.685 [main] DEBUG org.hibernate.loader.plan.build.spi.LoadPlanTreePrinter - LoadPlan(entity=tau.mmo.domain.Player)
    - Returns
       - EntityReturnImpl(entity=tau.mmo.domain.Player, querySpaceUid=<gen:0>, path=tau.mmo.domain.Player)
          - CollectionAttributeFetchImpl(collection=tau.mmo.domain.Player.items, querySpaceUid=<gen:1>, path=tau.mmo.domain.Player.items)
             - (collection element) CollectionFetchableElementEntityGraph(entity=tau.mmo.domain.Item, querySpaceUid=<gen:2>, path=tau.mmo.domain.Player.items.<elements>)
    - QuerySpaces
       - EntityQuerySpaceImpl(uid=<gen:0>, entity=tau.mmo.domain.Player)
          - SQL table alias mapping - player0_
          - alias suffix - 0_
          - suffixed key columns - {id1_1_0_}

20:24:24.685 [main] DEBUG org.hibernate.loader.entity.plan.EntityLoader - Static select for entity tau.mmo.domain.Player [PESSIMISTIC_READ]: select player0_.id as id1_1_0_, player0_.heroclass as heroclas2_1_0_, player0_.level as level3_1_0_, player0_.name as name4_1_0_ from player player0_ where player0_.id=? for update
20:24:24.685 [main] DEBUG org.hibernate.loader.plan.build.internal.spaces.QuerySpacesImpl - Adding QuerySpace : uid = <gen:0> -> org.hibernate.loader.plan.build.internal.spaces.EntityQuerySpaceImpl@64dfb31d]
20:24:24.685 [main] DEBUG org.hibernate.persister.walking.spi.MetamodelGraphWalker - Visiting attribute path : heroclass
20:24:24.685 [main] DEBUG org.hibernate.persister.walking.spi.MetamodelGraphWalker - Visiting attribute path : items
20:24:24.685 [main] DEBUG org.hibernate.loader.plan.build.internal.spaces.QuerySpacesImpl - Adding QuerySpace : uid = <gen:1> -> org.hibernate.loader.plan.build.internal.spaces.CollectionQuerySpaceImpl@17b6ad97]
20:24:24.685 [main] DEBUG org.hibernate.loader.plan.build.internal.spaces.QuerySpacesImpl - Adding QuerySpace : uid = <gen:2> -> org.hibernate.loader.plan.build.internal.spaces.EntityQuerySpaceImpl@44fb6ebd]
20:24:24.685 [main] DEBUG org.hibernate.persister.walking.spi.MetamodelGraphWalker - Visiting attribute path : level
20:24:24.685 [main] DEBUG org.hibernate.persister.walking.spi.MetamodelGraphWalker - Visiting attribute path : name
20:24:24.685 [main] DEBUG org.hibernate.loader.plan.build.internal.FetchStyleLoadPlanBuildingAssociationVisitationStrategy - Building LoadPlan...
20:24:24.685 [main] DEBUG org.hibernate.loader.plan.exec.internal.LoadQueryJoinAndFetchProcessor - processing queryspace <gen:0>
20:24:24.685 [main] DEBUG org.hibernate.loader.plan.build.spi.LoadPlanTreePrinter - LoadPlan(entity=tau.mmo.domain.Player)
    - Returns
       - EntityReturnImpl(entity=tau.mmo.domain.Player, querySpaceUid=<gen:0>, path=tau.mmo.domain.Player)
          - CollectionAttributeFetchImpl(collection=tau.mmo.domain.Player.items, querySpaceUid=<gen:1>, path=tau.mmo.domain.Player.items)
             - (collection element) CollectionFetchableElementEntityGraph(entity=tau.mmo.domain.Item, querySpaceUid=<gen:2>, path=tau.mmo.domain.Player.items.<elements>)
    - QuerySpaces
       - EntityQuerySpaceImpl(uid=<gen:0>, entity=tau.mmo.domain.Player)
          - SQL table alias mapping - player0_
          - alias suffix - 0_
          - suffixed key columns - {id1_1_0_}

20:24:24.685 [main] DEBUG org.hibernate.loader.entity.plan.EntityLoader - Static select for entity tau.mmo.domain.Player [PESSIMISTIC_WRITE]: select player0_.id as id1_1_0_, player0_.heroclass as heroclas2_1_0_, player0_.level as level3_1_0_, player0_.name as name4_1_0_ from player player0_ where player0_.id=? for update
20:24:24.685 [main] DEBUG org.hibernate.loader.plan.build.internal.spaces.QuerySpacesImpl - Adding QuerySpace : uid = <gen:0> -> org.hibernate.loader.plan.build.internal.spaces.EntityQuerySpaceImpl@5da57a64]
20:24:24.685 [main] DEBUG org.hibernate.persister.walking.spi.MetamodelGraphWalker - Visiting attribute path : heroclass
20:24:24.685 [main] DEBUG org.hibernate.persister.walking.spi.MetamodelGraphWalker - Visiting attribute path : items
20:24:24.685 [main] DEBUG org.hibernate.loader.plan.build.internal.spaces.QuerySpacesImpl - Adding QuerySpace : uid = <gen:1> -> org.hibernate.loader.plan.build.internal.spaces.CollectionQuerySpaceImpl@7e27f603]
20:24:24.685 [main] DEBUG org.hibernate.loader.plan.build.internal.spaces.QuerySpacesImpl - Adding QuerySpace : uid = <gen:2> -> org.hibernate.loader.plan.build.internal.spaces.EntityQuerySpaceImpl@6136e1fc]
20:24:24.685 [main] DEBUG org.hibernate.persister.walking.spi.MetamodelGraphWalker - Visiting attribute path : level
20:24:24.685 [main] DEBUG org.hibernate.persister.walking.spi.MetamodelGraphWalker - Visiting attribute path : name
20:24:24.685 [main] DEBUG org.hibernate.loader.plan.build.internal.FetchStyleLoadPlanBuildingAssociationVisitationStrategy - Building LoadPlan...
20:24:24.686 [main] DEBUG org.hibernate.loader.plan.exec.internal.LoadQueryJoinAndFetchProcessor - processing queryspace <gen:0>
20:24:24.686 [main] DEBUG org.hibernate.loader.plan.build.spi.LoadPlanTreePrinter - LoadPlan(entity=tau.mmo.domain.Player)
    - Returns
       - EntityReturnImpl(entity=tau.mmo.domain.Player, querySpaceUid=<gen:0>, path=tau.mmo.domain.Player)
          - CollectionAttributeFetchImpl(collection=tau.mmo.domain.Player.items, querySpaceUid=<gen:1>, path=tau.mmo.domain.Player.items)
             - (collection element) CollectionFetchableElementEntityGraph(entity=tau.mmo.domain.Item, querySpaceUid=<gen:2>, path=tau.mmo.domain.Player.items.<elements>)
    - QuerySpaces
       - EntityQuerySpaceImpl(uid=<gen:0>, entity=tau.mmo.domain.Player)
          - SQL table alias mapping - player0_
          - alias suffix - 0_
          - suffixed key columns - {id1_1_0_}

20:24:24.686 [main] DEBUG org.hibernate.loader.entity.plan.EntityLoader - Static select for entity tau.mmo.domain.Player [PESSIMISTIC_FORCE_INCREMENT]: select player0_.id as id1_1_0_, player0_.heroclass as heroclas2_1_0_, player0_.level as level3_1_0_, player0_.name as name4_1_0_ from player player0_ where player0_.id=? for update
20:24:24.686 [main] DEBUG org.hibernate.loader.plan.build.internal.spaces.QuerySpacesImpl - Adding QuerySpace : uid = <gen:0> -> org.hibernate.loader.plan.build.internal.spaces.EntityQuerySpaceImpl@1736c1e4]
20:24:24.687 [main] DEBUG org.hibernate.persister.walking.spi.MetamodelGraphWalker - Visiting attribute path : heroclass
20:24:24.687 [main] DEBUG org.hibernate.persister.walking.spi.MetamodelGraphWalker - Visiting attribute path : items
20:24:24.687 [main] DEBUG org.hibernate.loader.plan.build.internal.spaces.QuerySpacesImpl - Adding QuerySpace : uid = <gen:1> -> org.hibernate.loader.plan.build.internal.spaces.CollectionQuerySpaceImpl@738a815c]
20:24:24.688 [main] DEBUG org.hibernate.loader.plan.build.internal.spaces.QuerySpacesImpl - Adding QuerySpace : uid = <gen:2> -> org.hibernate.loader.plan.build.internal.spaces.EntityQuerySpaceImpl@2565a7d0]
20:24:24.688 [main] DEBUG org.hibernate.persister.walking.spi.MetamodelGraphWalker - Visiting attribute path : level
20:24:24.688 [main] DEBUG org.hibernate.persister.walking.spi.MetamodelGraphWalker - Visiting attribute path : name
20:24:24.688 [main] DEBUG org.hibernate.loader.plan.build.internal.FetchStyleLoadPlanBuildingAssociationVisitationStrategy - Building LoadPlan...
20:24:24.689 [main] DEBUG org.hibernate.loader.plan.exec.internal.LoadQueryJoinAndFetchProcessor - processing queryspace <gen:0>
20:24:24.689 [main] DEBUG org.hibernate.loader.plan.build.spi.LoadPlanTreePrinter - LoadPlan(entity=tau.mmo.domain.Player)
    - Returns
       - EntityReturnImpl(entity=tau.mmo.domain.Player, querySpaceUid=<gen:0>, path=tau.mmo.domain.Player)
          - CollectionAttributeFetchImpl(collection=tau.mmo.domain.Player.items, querySpaceUid=<gen:1>, path=tau.mmo.domain.Player.items)
             - (collection element) CollectionFetchableElementEntityGraph(entity=tau.mmo.domain.Item, querySpaceUid=<gen:2>, path=tau.mmo.domain.Player.items.<elements>)
    - QuerySpaces
       - EntityQuerySpaceImpl(uid=<gen:0>, entity=tau.mmo.domain.Player)
          - SQL table alias mapping - player0_
          - alias suffix - 0_
          - suffixed key columns - {id1_1_0_}

20:24:24.689 [main] DEBUG org.hibernate.loader.entity.plan.EntityLoader - Static select for entity tau.mmo.domain.Player [OPTIMISTIC]: select player0_.id as id1_1_0_, player0_.heroclass as heroclas2_1_0_, player0_.level as level3_1_0_, player0_.name as name4_1_0_ from player player0_ where player0_.id=?
20:24:24.689 [main] DEBUG org.hibernate.loader.plan.build.internal.spaces.QuerySpacesImpl - Adding QuerySpace : uid = <gen:0> -> org.hibernate.loader.plan.build.internal.spaces.EntityQuerySpaceImpl@4fd7b79]
20:24:24.689 [main] DEBUG org.hibernate.persister.walking.spi.MetamodelGraphWalker - Visiting attribute path : heroclass
20:24:24.689 [main] DEBUG org.hibernate.persister.walking.spi.MetamodelGraphWalker - Visiting attribute path : items
20:24:24.689 [main] DEBUG org.hibernate.loader.plan.build.internal.spaces.QuerySpacesImpl - Adding QuerySpace : uid = <gen:1> -> org.hibernate.loader.plan.build.internal.spaces.CollectionQuerySpaceImpl@762405bf]
20:24:24.689 [main] DEBUG org.hibernate.loader.plan.build.internal.spaces.QuerySpacesImpl - Adding QuerySpace : uid = <gen:2> -> org.hibernate.loader.plan.build.internal.spaces.EntityQuerySpaceImpl@7e77678c]
20:24:24.689 [main] DEBUG org.hibernate.persister.walking.spi.MetamodelGraphWalker - Visiting attribute path : level
20:24:24.689 [main] DEBUG org.hibernate.persister.walking.spi.MetamodelGraphWalker - Visiting attribute path : name
20:24:24.689 [main] DEBUG org.hibernate.loader.plan.build.internal.FetchStyleLoadPlanBuildingAssociationVisitationStrategy - Building LoadPlan...
20:24:24.689 [main] DEBUG org.hibernate.loader.plan.exec.internal.LoadQueryJoinAndFetchProcessor - processing queryspace <gen:0>
20:24:24.689 [main] DEBUG org.hibernate.loader.plan.build.spi.LoadPlanTreePrinter - LoadPlan(entity=tau.mmo.domain.Player)
    - Returns
       - EntityReturnImpl(entity=tau.mmo.domain.Player, querySpaceUid=<gen:0>, path=tau.mmo.domain.Player)
          - CollectionAttributeFetchImpl(collection=tau.mmo.domain.Player.items, querySpaceUid=<gen:1>, path=tau.mmo.domain.Player.items)
             - (collection element) CollectionFetchableElementEntityGraph(entity=tau.mmo.domain.Item, querySpaceUid=<gen:2>, path=tau.mmo.domain.Player.items.<elements>)
    - QuerySpaces
       - EntityQuerySpaceImpl(uid=<gen:0>, entity=tau.mmo.domain.Player)
          - SQL table alias mapping - player0_
          - alias suffix - 0_
          - suffixed key columns - {id1_1_0_}

20:24:24.690 [main] DEBUG org.hibernate.loader.entity.plan.EntityLoader - Static select for entity tau.mmo.domain.Player [OPTIMISTIC_FORCE_INCREMENT]: select player0_.id as id1_1_0_, player0_.heroclass as heroclas2_1_0_, player0_.level as level3_1_0_, player0_.name as name4_1_0_ from player player0_ where player0_.id=?
20:24:24.690 [main] DEBUG org.hibernate.loader.Loader - Static select for action ACTION_MERGE on entity tau.mmo.domain.Player: select player0_.id as id1_1_0_, player0_.heroclass as heroclas2_1_0_, player0_.level as level3_1_0_, player0_.name as name4_1_0_ from player player0_ where player0_.id=?
20:24:24.690 [main] DEBUG org.hibernate.loader.Loader - Static select for action ACTION_REFRESH on entity tau.mmo.domain.Player: select player0_.id as id1_1_0_, player0_.heroclass as heroclas2_1_0_, player0_.level as level3_1_0_, player0_.name as name4_1_0_ from player player0_ where player0_.id=?
20:24:24.690 [main] DEBUG org.hibernate.loader.plan.build.internal.spaces.QuerySpacesImpl - Adding QuerySpace : uid = <gen:0> -> org.hibernate.loader.plan.build.internal.spaces.CollectionQuerySpaceImpl@113eed88]
20:24:24.690 [main] DEBUG org.hibernate.loader.plan.build.internal.spaces.QuerySpacesImpl - Adding QuerySpace : uid = <gen:1> -> org.hibernate.loader.plan.build.internal.spaces.EntityQuerySpaceImpl@5f0677f3]
20:24:24.690 [main] DEBUG org.hibernate.persister.walking.spi.MetamodelGraphWalker - Visiting attribute path : itemclass
20:24:24.690 [main] DEBUG org.hibernate.persister.walking.spi.MetamodelGraphWalker - Visiting attribute path : levelreq
20:24:24.690 [main] DEBUG org.hibernate.persister.walking.spi.MetamodelGraphWalker - Visiting attribute path : name
20:24:24.690 [main] DEBUG org.hibernate.persister.walking.spi.MetamodelGraphWalker - Visiting attribute path : player
20:24:24.690 [main] DEBUG org.hibernate.persister.walking.spi.MetamodelGraphWalker - Property path deemed to be circular : player
20:24:24.690 [main] DEBUG org.hibernate.loader.plan.build.internal.FetchStyleLoadPlanBuildingAssociationVisitationStrategy - Building LoadPlan...
20:24:24.690 [main] DEBUG org.hibernate.loader.plan.exec.internal.LoadQueryJoinAndFetchProcessor - processing queryspace <gen:0>
20:24:24.690 [main] DEBUG org.hibernate.loader.plan.build.spi.LoadPlanTreePrinter - LoadPlan(collection=tau.mmo.domain.Player.items)
    - Returns
       - CollectionReturnImpl(collection=tau.mmo.domain.Player.items, querySpaceUid=<gen:0>, path=[tau.mmo.domain.Player.items])
          - (collection element) CollectionFetchableElementEntityGraph(entity=tau.mmo.domain.Item, querySpaceUid=<gen:1>, path=[tau.mmo.domain.Player.items].<elements>)
    - QuerySpaces
       - CollectionQuerySpaceImpl(uid=<gen:0>, collection=tau.mmo.domain.Player.items)
          - SQL table alias mapping - items0_
          - alias suffix - 0_
          - suffixed key columns - {player_i5_0_0_}
          - entity-element alias suffix - 1_
          - 1_entity-element suffixed key columns - id1_0_1_
          - JOIN (JoinDefinedByMetadata(elements)) : <gen:0> -> <gen:1>
             - EntityQuerySpaceImpl(uid=<gen:1>, entity=tau.mmo.domain.Item)
                - SQL table alias mapping - items0_
                - alias suffix - 1_
                - suffixed key columns - {id1_0_1_}

20:24:24.691 [main] DEBUG org.hibernate.loader.collection.plan.CollectionLoader - Static select for collection tau.mmo.domain.Player.items: select items0_.player_id as player_i5_0_0_, items0_.id as id1_0_0_, items0_.id as id1_0_1_, items0_.itemclass as itemclas2_0_1_, items0_.levelreq as levelreq3_0_1_, items0_.name as name4_0_1_, items0_.player_id as player_i5_0_1_ from item items0_ where items0_.player_id=?
20:24:24.691 [main] DEBUG org.hibernate.internal.SessionFactoryImpl - Instantiated session factory
20:24:24.691 [main] DEBUG org.springframework.jdbc.datasource.DriverManagerDataSource - Creating new JDBC DriverManager Connection to [jdbc:hsqldb:hsql://localhost/workdb]
20:24:24.691 [main] DEBUG org.hibernate.engine.jdbc.spi.SqlExceptionHelper - Unable to open JDBC Connection for DDL execution [n/a]
java.sql.SQLTransientConnectionException: java.net.ConnectException: Połączenie odrzucone (Connection refused)
	at org.hsqldb.jdbc.JDBCUtil.sqlException(Unknown Source)
	at org.hsqldb.jdbc.JDBCUtil.sqlException(Unknown Source)
	at org.hsqldb.jdbc.JDBCConnection.<init>(Unknown Source)
	at org.hsqldb.jdbc.JDBCDriver.getConnection(Unknown Source)
	at org.hsqldb.jdbc.JDBCDriver.connect(Unknown Source)
	at java.sql/java.sql.DriverManager.getConnection(DriverManager.java:677)
	at java.sql/java.sql.DriverManager.getConnection(DriverManager.java:189)
	at org.springframework.jdbc.datasource.DriverManagerDataSource.getConnectionFromDriverManager(DriverManagerDataSource.java:154)
	at org.springframework.jdbc.datasource.DriverManagerDataSource.getConnectionFromDriver(DriverManagerDataSource.java:145)
	at org.springframework.jdbc.datasource.AbstractDriverBasedDataSource.getConnectionFromDriver(AbstractDriverBasedDataSource.java:205)
	at org.springframework.jdbc.datasource.AbstractDriverBasedDataSource.getConnection(AbstractDriverBasedDataSource.java:169)
	at org.hibernate.engine.jdbc.connections.internal.DatasourceConnectionProviderImpl.getConnection(DatasourceConnectionProviderImpl.java:122)
	at org.hibernate.engine.jdbc.env.internal.JdbcEnvironmentInitiator$ConnectionProviderJdbcConnectionAccess.obtainConnection(JdbcEnvironmentInitiator.java:180)
	at org.hibernate.resource.transaction.backend.jdbc.internal.DdlTransactionIsolatorNonJtaImpl.getIsolatedConnection(DdlTransactionIsolatorNonJtaImpl.java:43)
	at org.hibernate.tool.schema.internal.exec.ImprovedExtractionContextImpl.getJdbcConnection(ImprovedExtractionContextImpl.java:60)
	at org.hibernate.tool.schema.extract.internal.SequenceInformationExtractorLegacyImpl.extractMetadata(SequenceInformationExtractorLegacyImpl.java:40)
	at org.hibernate.tool.schema.extract.internal.DatabaseInformationImpl.initializeSequences(DatabaseInformationImpl.java:65)
	at org.hibernate.tool.schema.extract.internal.DatabaseInformationImpl.<init>(DatabaseInformationImpl.java:59)
	at org.hibernate.tool.schema.internal.Helper.buildDatabaseInformation(Helper.java:130)
	at org.hibernate.tool.schema.internal.AbstractSchemaMigrator.doMigration(AbstractSchemaMigrator.java:92)
	at org.hibernate.tool.schema.spi.SchemaManagementToolCoordinator.performDatabaseAction(SchemaManagementToolCoordinator.java:176)
	at org.hibernate.tool.schema.spi.SchemaManagementToolCoordinator.process(SchemaManagementToolCoordinator.java:65)
	at org.hibernate.internal.SessionFactoryImpl.<init>(SessionFactoryImpl.java:459)
	at org.hibernate.boot.internal.SessionFactoryBuilderImpl.build(SessionFactoryBuilderImpl.java:465)
	at org.hibernate.cfg.Configuration.buildSessionFactory(Configuration.java:711)
	at org.hibernate.cfg.Configuration.buildSessionFactory(Configuration.java:727)
	at org.springframework.orm.hibernate5.LocalSessionFactoryBean.buildSessionFactory(LocalSessionFactoryBean.java:615)
	at org.springframework.orm.hibernate5.LocalSessionFactoryBean.afterPropertiesSet(LocalSessionFactoryBean.java:599)
	at org.springframework.beans.factory.support.AbstractAutowireCapableBeanFactory.invokeInitMethods(AbstractAutowireCapableBeanFactory.java:1837)
	at org.springframework.beans.factory.support.AbstractAutowireCapableBeanFactory.initializeBean(AbstractAutowireCapableBeanFactory.java:1774)
	at org.springframework.beans.factory.support.AbstractAutowireCapableBeanFactory.doCreateBean(AbstractAutowireCapableBeanFactory.java:593)
	at org.springframework.beans.factory.support.AbstractAutowireCapableBeanFactory.createBean(AbstractAutowireCapableBeanFactory.java:515)
	at org.springframework.beans.factory.support.AbstractBeanFactory.lambda$doGetBean$0(AbstractBeanFactory.java:320)
	at org.springframework.beans.factory.support.DefaultSingletonBeanRegistry.getSingleton(DefaultSingletonBeanRegistry.java:222)
	at org.springframework.beans.factory.support.AbstractBeanFactory.doGetBean(AbstractBeanFactory.java:318)
	at org.springframework.beans.factory.support.AbstractBeanFactory.getBean(AbstractBeanFactory.java:199)
	at org.springframework.beans.factory.config.DependencyDescriptor.resolveCandidate(DependencyDescriptor.java:277)
	at org.springframework.beans.factory.support.DefaultListableBeanFactory.doResolveDependency(DefaultListableBeanFactory.java:1247)
	at org.springframework.beans.factory.support.DefaultListableBeanFactory.resolveDependency(DefaultListableBeanFactory.java:1167)
	at org.springframework.beans.factory.annotation.AutowiredAnnotationBeanPostProcessor$AutowiredFieldElement.inject(AutowiredAnnotationBeanPostProcessor.java:593)
	at org.springframework.beans.factory.annotation.InjectionMetadata.inject(InjectionMetadata.java:90)
	at org.springframework.beans.factory.annotation.AutowiredAnnotationBeanPostProcessor.postProcessProperties(AutowiredAnnotationBeanPostProcessor.java:374)
	at org.springframework.beans.factory.support.AbstractAutowireCapableBeanFactory.populateBean(AbstractAutowireCapableBeanFactory.java:1411)
	at org.springframework.beans.factory.support.AbstractAutowireCapableBeanFactory.doCreateBean(AbstractAutowireCapableBeanFactory.java:592)
	at org.springframework.beans.factory.support.AbstractAutowireCapableBeanFactory.createBean(AbstractAutowireCapableBeanFactory.java:515)
	at org.springframework.beans.factory.support.AbstractBeanFactory.lambda$doGetBean$0(AbstractBeanFactory.java:320)
	at org.springframework.beans.factory.support.DefaultSingletonBeanRegistry.getSingleton(DefaultSingletonBeanRegistry.java:222)
	at org.springframework.beans.factory.support.AbstractBeanFactory.doGetBean(AbstractBeanFactory.java:318)
	at org.springframework.beans.factory.support.AbstractBeanFactory.getBean(AbstractBeanFactory.java:199)
	at org.springframework.beans.factory.config.DependencyDescriptor.resolveCandidate(DependencyDescriptor.java:277)
	at org.springframework.beans.factory.support.DefaultListableBeanFactory.doResolveDependency(DefaultListableBeanFactory.java:1247)
	at org.springframework.beans.factory.support.DefaultListableBeanFactory.resolveDependency(DefaultListableBeanFactory.java:1167)
	at org.springframework.beans.factory.annotation.AutowiredAnnotationBeanPostProcessor$AutowiredFieldElement.inject(AutowiredAnnotationBeanPostProcessor.java:593)
	at org.springframework.beans.factory.annotation.InjectionMetadata.inject(InjectionMetadata.java:90)
	at org.springframework.beans.factory.annotation.AutowiredAnnotationBeanPostProcessor.postProcessProperties(AutowiredAnnotationBeanPostProcessor.java:374)
	at org.springframework.beans.factory.support.AbstractAutowireCapableBeanFactory.populateBean(AbstractAutowireCapableBeanFactory.java:1411)
	at org.springframework.beans.factory.support.AbstractAutowireCapableBeanFactory.doCreateBean(AbstractAutowireCapableBeanFactory.java:592)
	at org.springframework.beans.factory.support.AbstractAutowireCapableBeanFactory.createBean(AbstractAutowireCapableBeanFactory.java:515)
	at org.springframework.beans.factory.support.AbstractBeanFactory.lambda$doGetBean$0(AbstractBeanFactory.java:320)
	at org.springframework.beans.factory.support.DefaultSingletonBeanRegistry.getSingleton(DefaultSingletonBeanRegistry.java:222)
	at org.springframework.beans.factory.support.AbstractBeanFactory.doGetBean(AbstractBeanFactory.java:318)
	at org.springframework.beans.factory.support.AbstractBeanFactory.getBean(AbstractBeanFactory.java:199)
	at org.springframework.beans.factory.support.DefaultListableBeanFactory.preInstantiateSingletons(DefaultListableBeanFactory.java:849)
	at org.springframework.context.support.AbstractApplicationContext.finishBeanFactoryInitialization(AbstractApplicationContext.java:877)
	at org.springframework.context.support.AbstractApplicationContext.refresh(AbstractApplicationContext.java:549)
	at org.springframework.test.context.support.AbstractGenericContextLoader.loadContext(AbstractGenericContextLoader.java:128)
	at org.springframework.test.context.support.AbstractGenericContextLoader.loadContext(AbstractGenericContextLoader.java:60)
	at org.springframework.test.context.support.AbstractDelegatingSmartContextLoader.delegateLoading(AbstractDelegatingSmartContextLoader.java:275)
	at org.springframework.test.context.support.AbstractDelegatingSmartContextLoader.loadContext(AbstractDelegatingSmartContextLoader.java:243)
	at org.springframework.test.context.cache.DefaultCacheAwareContextLoaderDelegate.loadContextInternal(DefaultCacheAwareContextLoaderDelegate.java:99)
	at org.springframework.test.context.cache.DefaultCacheAwareContextLoaderDelegate.loadContext(DefaultCacheAwareContextLoaderDelegate.java:117)
	at org.springframework.test.context.support.DefaultTestContext.getApplicationContext(DefaultTestContext.java:108)
	at org.springframework.test.context.support.DependencyInjectionTestExecutionListener.injectDependencies(DependencyInjectionTestExecutionListener.java:118)
	at org.springframework.test.context.support.DependencyInjectionTestExecutionListener.prepareTestInstance(DependencyInjectionTestExecutionListener.java:83)
	at org.springframework.test.context.TestContextManager.prepareTestInstance(TestContextManager.java:246)
	at org.springframework.test.context.junit4.SpringJUnit4ClassRunner.createTest(SpringJUnit4ClassRunner.java:227)
	at org.springframework.test.context.junit4.SpringJUnit4ClassRunner$1.runReflectiveCall(SpringJUnit4ClassRunner.java:289)
	at org.junit.internal.runners.model.ReflectiveCallable.run(ReflectiveCallable.java:12)
	at org.springframework.test.context.junit4.SpringJUnit4ClassRunner.methodBlock(SpringJUnit4ClassRunner.java:291)
	at org.springframework.test.context.junit4.SpringJUnit4ClassRunner.runChild(SpringJUnit4ClassRunner.java:246)
	at org.springframework.test.context.junit4.SpringJUnit4ClassRunner.runChild(SpringJUnit4ClassRunner.java:97)
	at org.junit.runners.ParentRunner$3.run(ParentRunner.java:290)
	at org.junit.runners.ParentRunner$1.schedule(ParentRunner.java:71)
	at org.junit.runners.ParentRunner.runChildren(ParentRunner.java:288)
	at org.junit.runners.ParentRunner.access$000(ParentRunner.java:58)
	at org.junit.runners.ParentRunner$2.evaluate(ParentRunner.java:268)
	at org.springframework.test.context.junit4.statements.RunBeforeTestClassCallbacks.evaluate(RunBeforeTestClassCallbacks.java:61)
	at org.springframework.test.context.junit4.statements.RunAfterTestClassCallbacks.evaluate(RunAfterTestClassCallbacks.java:70)
	at org.junit.runners.ParentRunner.run(ParentRunner.java:363)
	at org.springframework.test.context.junit4.SpringJUnit4ClassRunner.run(SpringJUnit4ClassRunner.java:190)
	at org.apache.maven.surefire.junit4.JUnit4Provider.execute(JUnit4Provider.java:365)
	at org.apache.maven.surefire.junit4.JUnit4Provider.executeWithRerun(JUnit4Provider.java:273)
	at org.apache.maven.surefire.junit4.JUnit4Provider.executeTestSet(JUnit4Provider.java:238)
	at org.apache.maven.surefire.junit4.JUnit4Provider.invoke(JUnit4Provider.java:159)
	at org.apache.maven.surefire.booter.ForkedBooter.invokeProviderInSameClassLoader(ForkedBooter.java:384)
	at org.apache.maven.surefire.booter.ForkedBooter.runSuitesInProcess(ForkedBooter.java:345)
	at org.apache.maven.surefire.booter.ForkedBooter.execute(ForkedBooter.java:126)
	at org.apache.maven.surefire.booter.ForkedBooter.main(ForkedBooter.java:418)
Caused by: org.hsqldb.HsqlException: java.net.ConnectException: Połączenie odrzucone (Connection refused)
	at org.hsqldb.ClientConnection.openConnection(Unknown Source)
	at org.hsqldb.ClientConnection.initConnection(Unknown Source)
	at org.hsqldb.ClientConnection.<init>(Unknown Source)
	... 96 common frames omitted
Caused by: java.net.ConnectException: Połączenie odrzucone (Connection refused)
	at java.base/java.net.PlainSocketImpl.socketConnect(Native Method)
	at java.base/java.net.AbstractPlainSocketImpl.doConnect(AbstractPlainSocketImpl.java:399)
	at java.base/java.net.AbstractPlainSocketImpl.connectToAddress(AbstractPlainSocketImpl.java:242)
	at java.base/java.net.AbstractPlainSocketImpl.connect(AbstractPlainSocketImpl.java:224)
	at java.base/java.net.SocksSocketImpl.connect(SocksSocketImpl.java:403)
	at java.base/java.net.Socket.connect(Socket.java:591)
	at java.base/java.net.Socket.connect(Socket.java:540)
	at java.base/java.net.Socket.<init>(Socket.java:436)
	at java.base/java.net.Socket.<init>(Socket.java:213)
	at org.hsqldb.server.HsqlSocketFactory.createSocket(Unknown Source)
	... 99 common frames omitted
20:24:24.692 [main] WARN org.hibernate.engine.jdbc.spi.SqlExceptionHelper - SQL Error: -1301, SQLState: 08001
20:24:24.692 [main] ERROR org.hibernate.engine.jdbc.spi.SqlExceptionHelper - java.net.ConnectException: Połączenie odrzucone (Connection refused)
20:24:24.692 [main] WARN org.springframework.context.support.GenericApplicationContext - Exception encountered during context initialization - cancelling refresh attempt: org.springframework.beans.factory.UnsatisfiedDependencyException: Error creating bean with name 'playerController': Unsatisfied dependency expressed through field 'playerManager'; nested exception is org.springframework.beans.factory.UnsatisfiedDependencyException: Error creating bean with name 'playerManagerHibernateImpl': Unsatisfied dependency expressed through field 'sessionFactory'; nested exception is org.springframework.beans.factory.BeanCreationException: Error creating bean with name 'hibernateSessionFactory' defined in class path resource [beans.xml]: Invocation of init method failed; nested exception is org.hibernate.exception.JDBCConnectionException: Unable to open JDBC Connection for DDL execution
20:24:24.695 [main] ERROR org.springframework.test.context.TestContextManager - Caught exception while allowing TestExecutionListener [org.springframework.test.context.support.DependencyInjectionTestExecutionListener@6a400542] to prepare test instance [tau.mmo.service.PlayerManagerTest@3f0ce0d1]
java.lang.IllegalStateException: Failed to load ApplicationContext
	at org.springframework.test.context.cache.DefaultCacheAwareContextLoaderDelegate.loadContext(DefaultCacheAwareContextLoaderDelegate.java:125)
	at org.springframework.test.context.support.DefaultTestContext.getApplicationContext(DefaultTestContext.java:108)
	at org.springframework.test.context.support.DependencyInjectionTestExecutionListener.injectDependencies(DependencyInjectionTestExecutionListener.java:118)
	at org.springframework.test.context.support.DependencyInjectionTestExecutionListener.prepareTestInstance(DependencyInjectionTestExecutionListener.java:83)
	at org.springframework.test.context.TestContextManager.prepareTestInstance(TestContextManager.java:246)
	at org.springframework.test.context.junit4.SpringJUnit4ClassRunner.createTest(SpringJUnit4ClassRunner.java:227)
	at org.springframework.test.context.junit4.SpringJUnit4ClassRunner$1.runReflectiveCall(SpringJUnit4ClassRunner.java:289)
	at org.junit.internal.runners.model.ReflectiveCallable.run(ReflectiveCallable.java:12)
	at org.springframework.test.context.junit4.SpringJUnit4ClassRunner.methodBlock(SpringJUnit4ClassRunner.java:291)
	at org.springframework.test.context.junit4.SpringJUnit4ClassRunner.runChild(SpringJUnit4ClassRunner.java:246)
	at org.springframework.test.context.junit4.SpringJUnit4ClassRunner.runChild(SpringJUnit4ClassRunner.java:97)
	at org.junit.runners.ParentRunner$3.run(ParentRunner.java:290)
	at org.junit.runners.ParentRunner$1.schedule(ParentRunner.java:71)
	at org.junit.runners.ParentRunner.runChildren(ParentRunner.java:288)
	at org.junit.runners.ParentRunner.access$000(ParentRunner.java:58)
	at org.junit.runners.ParentRunner$2.evaluate(ParentRunner.java:268)
	at org.springframework.test.context.junit4.statements.RunBeforeTestClassCallbacks.evaluate(RunBeforeTestClassCallbacks.java:61)
	at org.springframework.test.context.junit4.statements.RunAfterTestClassCallbacks.evaluate(RunAfterTestClassCallbacks.java:70)
	at org.junit.runners.ParentRunner.run(ParentRunner.java:363)
	at org.springframework.test.context.junit4.SpringJUnit4ClassRunner.run(SpringJUnit4ClassRunner.java:190)
	at org.apache.maven.surefire.junit4.JUnit4Provider.execute(JUnit4Provider.java:365)
	at org.apache.maven.surefire.junit4.JUnit4Provider.executeWithRerun(JUnit4Provider.java:273)
	at org.apache.maven.surefire.junit4.JUnit4Provider.executeTestSet(JUnit4Provider.java:238)
	at org.apache.maven.surefire.junit4.JUnit4Provider.invoke(JUnit4Provider.java:159)
	at org.apache.maven.surefire.booter.ForkedBooter.invokeProviderInSameClassLoader(ForkedBooter.java:384)
	at org.apache.maven.surefire.booter.ForkedBooter.runSuitesInProcess(ForkedBooter.java:345)
	at org.apache.maven.surefire.booter.ForkedBooter.execute(ForkedBooter.java:126)
	at org.apache.maven.surefire.booter.ForkedBooter.main(ForkedBooter.java:418)
Caused by: org.springframework.beans.factory.UnsatisfiedDependencyException: Error creating bean with name 'playerController': Unsatisfied dependency expressed through field 'playerManager'; nested exception is org.springframework.beans.factory.UnsatisfiedDependencyException: Error creating bean with name 'playerManagerHibernateImpl': Unsatisfied dependency expressed through field 'sessionFactory'; nested exception is org.springframework.beans.factory.BeanCreationException: Error creating bean with name 'hibernateSessionFactory' defined in class path resource [beans.xml]: Invocation of init method failed; nested exception is org.hibernate.exception.JDBCConnectionException: Unable to open JDBC Connection for DDL execution
	at org.springframework.beans.factory.annotation.AutowiredAnnotationBeanPostProcessor$AutowiredFieldElement.inject(AutowiredAnnotationBeanPostProcessor.java:596)
	at org.springframework.beans.factory.annotation.InjectionMetadata.inject(InjectionMetadata.java:90)
	at org.springframework.beans.factory.annotation.AutowiredAnnotationBeanPostProcessor.postProcessProperties(AutowiredAnnotationBeanPostProcessor.java:374)
	at org.springframework.beans.factory.support.AbstractAutowireCapableBeanFactory.populateBean(AbstractAutowireCapableBeanFactory.java:1411)
	at org.springframework.beans.factory.support.AbstractAutowireCapableBeanFactory.doCreateBean(AbstractAutowireCapableBeanFactory.java:592)
	at org.springframework.beans.factory.support.AbstractAutowireCapableBeanFactory.createBean(AbstractAutowireCapableBeanFactory.java:515)
	at org.springframework.beans.factory.support.AbstractBeanFactory.lambda$doGetBean$0(AbstractBeanFactory.java:320)
	at org.springframework.beans.factory.support.DefaultSingletonBeanRegistry.getSingleton(DefaultSingletonBeanRegistry.java:222)
	at org.springframework.beans.factory.support.AbstractBeanFactory.doGetBean(AbstractBeanFactory.java:318)
	at org.springframework.beans.factory.support.AbstractBeanFactory.getBean(AbstractBeanFactory.java:199)
	at org.springframework.beans.factory.support.DefaultListableBeanFactory.preInstantiateSingletons(DefaultListableBeanFactory.java:849)
	at org.springframework.context.support.AbstractApplicationContext.finishBeanFactoryInitialization(AbstractApplicationContext.java:877)
	at org.springframework.context.support.AbstractApplicationContext.refresh(AbstractApplicationContext.java:549)
	at org.springframework.test.context.support.AbstractGenericContextLoader.loadContext(AbstractGenericContextLoader.java:128)
	at org.springframework.test.context.support.AbstractGenericContextLoader.loadContext(AbstractGenericContextLoader.java:60)
	at org.springframework.test.context.support.AbstractDelegatingSmartContextLoader.delegateLoading(AbstractDelegatingSmartContextLoader.java:275)
	at org.springframework.test.context.support.AbstractDelegatingSmartContextLoader.loadContext(AbstractDelegatingSmartContextLoader.java:243)
	at org.springframework.test.context.cache.DefaultCacheAwareContextLoaderDelegate.loadContextInternal(DefaultCacheAwareContextLoaderDelegate.java:99)
	at org.springframework.test.context.cache.DefaultCacheAwareContextLoaderDelegate.loadContext(DefaultCacheAwareContextLoaderDelegate.java:117)
	... 27 common frames omitted
Caused by: org.springframework.beans.factory.UnsatisfiedDependencyException: Error creating bean with name 'playerManagerHibernateImpl': Unsatisfied dependency expressed through field 'sessionFactory'; nested exception is org.springframework.beans.factory.BeanCreationException: Error creating bean with name 'hibernateSessionFactory' defined in class path resource [beans.xml]: Invocation of init method failed; nested exception is org.hibernate.exception.JDBCConnectionException: Unable to open JDBC Connection for DDL execution
	at org.springframework.beans.factory.annotation.AutowiredAnnotationBeanPostProcessor$AutowiredFieldElement.inject(AutowiredAnnotationBeanPostProcessor.java:596)
	at org.springframework.beans.factory.annotation.InjectionMetadata.inject(InjectionMetadata.java:90)
	at org.springframework.beans.factory.annotation.AutowiredAnnotationBeanPostProcessor.postProcessProperties(AutowiredAnnotationBeanPostProcessor.java:374)
	at org.springframework.beans.factory.support.AbstractAutowireCapableBeanFactory.populateBean(AbstractAutowireCapableBeanFactory.java:1411)
	at org.springframework.beans.factory.support.AbstractAutowireCapableBeanFactory.doCreateBean(AbstractAutowireCapableBeanFactory.java:592)
	at org.springframework.beans.factory.support.AbstractAutowireCapableBeanFactory.createBean(AbstractAutowireCapableBeanFactory.java:515)
	at org.springframework.beans.factory.support.AbstractBeanFactory.lambda$doGetBean$0(AbstractBeanFactory.java:320)
	at org.springframework.beans.factory.support.DefaultSingletonBeanRegistry.getSingleton(DefaultSingletonBeanRegistry.java:222)
	at org.springframework.beans.factory.support.AbstractBeanFactory.doGetBean(AbstractBeanFactory.java:318)
	at org.springframework.beans.factory.support.AbstractBeanFactory.getBean(AbstractBeanFactory.java:199)
	at org.springframework.beans.factory.config.DependencyDescriptor.resolveCandidate(DependencyDescriptor.java:277)
	at org.springframework.beans.factory.support.DefaultListableBeanFactory.doResolveDependency(DefaultListableBeanFactory.java:1247)
	at org.springframework.beans.factory.support.DefaultListableBeanFactory.resolveDependency(DefaultListableBeanFactory.java:1167)
	at org.springframework.beans.factory.annotation.AutowiredAnnotationBeanPostProcessor$AutowiredFieldElement.inject(AutowiredAnnotationBeanPostProcessor.java:593)
	... 45 common frames omitted
Caused by: org.springframework.beans.factory.BeanCreationException: Error creating bean with name 'hibernateSessionFactory' defined in class path resource [beans.xml]: Invocation of init method failed; nested exception is org.hibernate.exception.JDBCConnectionException: Unable to open JDBC Connection for DDL execution
	at org.springframework.beans.factory.support.AbstractAutowireCapableBeanFactory.initializeBean(AbstractAutowireCapableBeanFactory.java:1778)
	at org.springframework.beans.factory.support.AbstractAutowireCapableBeanFactory.doCreateBean(AbstractAutowireCapableBeanFactory.java:593)
	at org.springframework.beans.factory.support.AbstractAutowireCapableBeanFactory.createBean(AbstractAutowireCapableBeanFactory.java:515)
	at org.springframework.beans.factory.support.AbstractBeanFactory.lambda$doGetBean$0(AbstractBeanFactory.java:320)
	at org.springframework.beans.factory.support.DefaultSingletonBeanRegistry.getSingleton(DefaultSingletonBeanRegistry.java:222)
	at org.springframework.beans.factory.support.AbstractBeanFactory.doGetBean(AbstractBeanFactory.java:318)
	at org.springframework.beans.factory.support.AbstractBeanFactory.getBean(AbstractBeanFactory.java:199)
	at org.springframework.beans.factory.config.DependencyDescriptor.resolveCandidate(DependencyDescriptor.java:277)
	at org.springframework.beans.factory.support.DefaultListableBeanFactory.doResolveDependency(DefaultListableBeanFactory.java:1247)
	at org.springframework.beans.factory.support.DefaultListableBeanFactory.resolveDependency(DefaultListableBeanFactory.java:1167)
	at org.springframework.beans.factory.annotation.AutowiredAnnotationBeanPostProcessor$AutowiredFieldElement.inject(AutowiredAnnotationBeanPostProcessor.java:593)
	... 58 common frames omitted
Caused by: org.hibernate.exception.JDBCConnectionException: Unable to open JDBC Connection for DDL execution
	at org.hibernate.exception.internal.SQLExceptionTypeDelegate.convert(SQLExceptionTypeDelegate.java:48)
	at org.hibernate.exception.internal.StandardSQLExceptionConverter.convert(StandardSQLExceptionConverter.java:42)
	at org.hibernate.engine.jdbc.spi.SqlExceptionHelper.convert(SqlExceptionHelper.java:111)
	at org.hibernate.engine.jdbc.spi.SqlExceptionHelper.convert(SqlExceptionHelper.java:97)
	at org.hibernate.resource.transaction.backend.jdbc.internal.DdlTransactionIsolatorNonJtaImpl.getIsolatedConnection(DdlTransactionIsolatorNonJtaImpl.java:69)
	at org.hibernate.tool.schema.internal.exec.ImprovedExtractionContextImpl.getJdbcConnection(ImprovedExtractionContextImpl.java:60)
	at org.hibernate.tool.schema.extract.internal.SequenceInformationExtractorLegacyImpl.extractMetadata(SequenceInformationExtractorLegacyImpl.java:40)
	at org.hibernate.tool.schema.extract.internal.DatabaseInformationImpl.initializeSequences(DatabaseInformationImpl.java:65)
	at org.hibernate.tool.schema.extract.internal.DatabaseInformationImpl.<init>(DatabaseInformationImpl.java:59)
	at org.hibernate.tool.schema.internal.Helper.buildDatabaseInformation(Helper.java:130)
	at org.hibernate.tool.schema.internal.AbstractSchemaMigrator.doMigration(AbstractSchemaMigrator.java:92)
	at org.hibernate.tool.schema.spi.SchemaManagementToolCoordinator.performDatabaseAction(SchemaManagementToolCoordinator.java:176)
	at org.hibernate.tool.schema.spi.SchemaManagementToolCoordinator.process(SchemaManagementToolCoordinator.java:65)
	at org.hibernate.internal.SessionFactoryImpl.<init>(SessionFactoryImpl.java:459)
	at org.hibernate.boot.internal.SessionFactoryBuilderImpl.build(SessionFactoryBuilderImpl.java:465)
	at org.hibernate.cfg.Configuration.buildSessionFactory(Configuration.java:711)
	at org.hibernate.cfg.Configuration.buildSessionFactory(Configuration.java:727)
	at org.springframework.orm.hibernate5.LocalSessionFactoryBean.buildSessionFactory(LocalSessionFactoryBean.java:615)
	at org.springframework.orm.hibernate5.LocalSessionFactoryBean.afterPropertiesSet(LocalSessionFactoryBean.java:599)
	at org.springframework.beans.factory.support.AbstractAutowireCapableBeanFactory.invokeInitMethods(AbstractAutowireCapableBeanFactory.java:1837)
	at org.springframework.beans.factory.support.AbstractAutowireCapableBeanFactory.initializeBean(AbstractAutowireCapableBeanFactory.java:1774)
	... 68 common frames omitted
Caused by: java.sql.SQLTransientConnectionException: java.net.ConnectException: Połączenie odrzucone (Connection refused)
	at org.hsqldb.jdbc.JDBCUtil.sqlException(Unknown Source)
	at org.hsqldb.jdbc.JDBCUtil.sqlException(Unknown Source)
	at org.hsqldb.jdbc.JDBCConnection.<init>(Unknown Source)
	at org.hsqldb.jdbc.JDBCDriver.getConnection(Unknown Source)
	at org.hsqldb.jdbc.JDBCDriver.connect(Unknown Source)
	at java.sql/java.sql.DriverManager.getConnection(DriverManager.java:677)
	at java.sql/java.sql.DriverManager.getConnection(DriverManager.java:189)
	at org.springframework.jdbc.datasource.DriverManagerDataSource.getConnectionFromDriverManager(DriverManagerDataSource.java:154)
	at org.springframework.jdbc.datasource.DriverManagerDataSource.getConnectionFromDriver(DriverManagerDataSource.java:145)
	at org.springframework.jdbc.datasource.AbstractDriverBasedDataSource.getConnectionFromDriver(AbstractDriverBasedDataSource.java:205)
	at org.springframework.jdbc.datasource.AbstractDriverBasedDataSource.getConnection(AbstractDriverBasedDataSource.java:169)
	at org.hibernate.engine.jdbc.connections.internal.DatasourceConnectionProviderImpl.getConnection(DatasourceConnectionProviderImpl.java:122)
	at org.hibernate.engine.jdbc.env.internal.JdbcEnvironmentInitiator$ConnectionProviderJdbcConnectionAccess.obtainConnection(JdbcEnvironmentInitiator.java:180)
	at org.hibernate.resource.transaction.backend.jdbc.internal.DdlTransactionIsolatorNonJtaImpl.getIsolatedConnection(DdlTransactionIsolatorNonJtaImpl.java:43)
	... 84 common frames omitted
Caused by: org.hsqldb.HsqlException: java.net.ConnectException: Połączenie odrzucone (Connection refused)
	at org.hsqldb.ClientConnection.openConnection(Unknown Source)
	at org.hsqldb.ClientConnection.initConnection(Unknown Source)
	at org.hsqldb.ClientConnection.<init>(Unknown Source)
	... 96 common frames omitted
Caused by: java.net.ConnectException: Połączenie odrzucone (Connection refused)
	at java.base/java.net.PlainSocketImpl.socketConnect(Native Method)
	at java.base/java.net.AbstractPlainSocketImpl.doConnect(AbstractPlainSocketImpl.java:399)
	at java.base/java.net.AbstractPlainSocketImpl.connectToAddress(AbstractPlainSocketImpl.java:242)
	at java.base/java.net.AbstractPlainSocketImpl.connect(AbstractPlainSocketImpl.java:224)
	at java.base/java.net.SocksSocketImpl.connect(SocksSocketImpl.java:403)
	at java.base/java.net.Socket.connect(Socket.java:591)
	at java.base/java.net.Socket.connect(Socket.java:540)
	at java.base/java.net.Socket.<init>(Socket.java:436)
	at java.base/java.net.Socket.<init>(Socket.java:213)
	at org.hsqldb.server.HsqlSocketFactory.createSocket(Unknown Source)
	... 99 common frames omitted
]]></system-out>
  </testcase>
  <testcase name="getItemsofPlayer" classname="tau.mmo.service.PlayerManagerTest" time="0">
    <error message="Failed to load ApplicationContext" type="java.lang.IllegalStateException">java.lang.IllegalStateException: Failed to load ApplicationContext
Caused by: org.springframework.beans.factory.UnsatisfiedDependencyException: Error creating bean with name 'playerController': Unsatisfied dependency expressed through field 'playerManager'; nested exception is org.springframework.beans.factory.UnsatisfiedDependencyException: Error creating bean with name 'playerManagerHibernateImpl': Unsatisfied dependency expressed through field 'sessionFactory'; nested exception is org.springframework.beans.factory.BeanCreationException: Error creating bean with name 'hibernateSessionFactory' defined in class path resource [beans.xml]: Invocation of init method failed; nested exception is org.hibernate.exception.JDBCConnectionException: Unable to open JDBC Connection for DDL execution
Caused by: org.springframework.beans.factory.UnsatisfiedDependencyException: Error creating bean with name 'playerManagerHibernateImpl': Unsatisfied dependency expressed through field 'sessionFactory'; nested exception is org.springframework.beans.factory.BeanCreationException: Error creating bean with name 'hibernateSessionFactory' defined in class path resource [beans.xml]: Invocation of init method failed; nested exception is org.hibernate.exception.JDBCConnectionException: Unable to open JDBC Connection for DDL execution
Caused by: org.springframework.beans.factory.BeanCreationException: Error creating bean with name 'hibernateSessionFactory' defined in class path resource [beans.xml]: Invocation of init method failed; nested exception is org.hibernate.exception.JDBCConnectionException: Unable to open JDBC Connection for DDL execution
Caused by: org.hibernate.exception.JDBCConnectionException: Unable to open JDBC Connection for DDL execution
Caused by: java.sql.SQLTransientConnectionException: java.net.ConnectException: Połączenie odrzucone (Connection refused)
Caused by: org.hsqldb.HsqlException: java.net.ConnectException: Połączenie odrzucone (Connection refused)
Caused by: java.net.ConnectException: Połączenie odrzucone (Connection refused)
</error>
    <system-out><![CDATA[20:24:24.699 [main] DEBUG org.springframework.test.annotation.ProfileValueUtils - Retrieved @ProfileValueSourceConfiguration [null] for test class [tau.mmo.service.PlayerManagerTest]
20:24:24.699 [main] DEBUG org.springframework.test.annotation.ProfileValueUtils - Retrieved ProfileValueSource type [class org.springframework.test.annotation.SystemProfileValueSource] for class [tau.mmo.service.PlayerManagerTest]
20:24:24.699 [main] DEBUG org.springframework.test.context.support.DependencyInjectionTestExecutionListener - Performing dependency injection for test context [[DefaultTestContext@7ed7259e testClass = PlayerManagerTest, testInstance = tau.mmo.service.PlayerManagerTest@2ae3235e, testMethod = [null], testException = [null], mergedContextConfiguration = [MergedContextConfiguration@28eaa59a testClass = PlayerManagerTest, locations = '{classpath:/beans.xml}', classes = '{}', contextInitializerClasses = '[]', activeProfiles = '{}', propertySourceLocations = '{}', propertySourceProperties = '{}', contextCustomizers = set[org.springframework.boot.test.context.filter.ExcludeFilterContextCustomizer@6b4a4e18, org.springframework.boot.test.json.DuplicateJsonObjectContextCustomizerFactory$DuplicateJsonObjectContextCustomizer@402e37bc, org.springframework.boot.test.mock.mockito.MockitoContextCustomizer@0, org.springframework.boot.test.autoconfigure.properties.PropertyMappingContextCustomizer@0, org.springframework.boot.test.autoconfigure.web.servlet.WebDriverContextCustomizerFactory$Customizer@6973bf95], contextLoader = 'org.springframework.test.context.support.DelegatingSmartContextLoader', parent = [null]], attributes = map[[empty]]]].
20:24:24.699 [main] DEBUG org.springframework.test.context.support.AbstractDelegatingSmartContextLoader - Delegating to GenericXmlContextLoader to load context from [MergedContextConfiguration@28eaa59a testClass = PlayerManagerTest, locations = '{classpath:/beans.xml}', classes = '{}', contextInitializerClasses = '[]', activeProfiles = '{}', propertySourceLocations = '{}', propertySourceProperties = '{}', contextCustomizers = set[org.springframework.boot.test.context.filter.ExcludeFilterContextCustomizer@6b4a4e18, org.springframework.boot.test.json.DuplicateJsonObjectContextCustomizerFactory$DuplicateJsonObjectContextCustomizer@402e37bc, org.springframework.boot.test.mock.mockito.MockitoContextCustomizer@0, org.springframework.boot.test.autoconfigure.properties.PropertyMappingContextCustomizer@0, org.springframework.boot.test.autoconfigure.web.servlet.WebDriverContextCustomizerFactory$Customizer@6973bf95], contextLoader = 'org.springframework.test.context.support.DelegatingSmartContextLoader', parent = [null]].
20:24:24.700 [main] DEBUG org.springframework.test.context.support.AbstractGenericContextLoader - Loading ApplicationContext for merged context configuration [[MergedContextConfiguration@28eaa59a testClass = PlayerManagerTest, locations = '{classpath:/beans.xml}', classes = '{}', contextInitializerClasses = '[]', activeProfiles = '{}', propertySourceLocations = '{}', propertySourceProperties = '{}', contextCustomizers = set[org.springframework.boot.test.context.filter.ExcludeFilterContextCustomizer@6b4a4e18, org.springframework.boot.test.json.DuplicateJsonObjectContextCustomizerFactory$DuplicateJsonObjectContextCustomizer@402e37bc, org.springframework.boot.test.mock.mockito.MockitoContextCustomizer@0, org.springframework.boot.test.autoconfigure.properties.PropertyMappingContextCustomizer@0, org.springframework.boot.test.autoconfigure.web.servlet.WebDriverContextCustomizerFactory$Customizer@6973bf95], contextLoader = 'org.springframework.test.context.support.DelegatingSmartContextLoader', parent = [null]]].
20:24:24.700 [main] DEBUG org.springframework.core.env.StandardEnvironment - Activating profiles []
20:24:24.719 [main] DEBUG org.springframework.context.annotation.ClassPathBeanDefinitionScanner - Identified candidate component class: file [/home/whitewolf/tau/TAU-repozytorium/tau-mmo-jmeter/target/classes/tau/mmo/Application.class]
20:24:24.721 [main] DEBUG org.springframework.context.annotation.ClassPathBeanDefinitionScanner - Identified candidate component class: file [/home/whitewolf/tau/TAU-repozytorium/tau-mmo-jmeter/target/classes/tau/mmo/api/PlayerController.class]
20:24:24.722 [main] DEBUG org.springframework.context.annotation.ClassPathBeanDefinitionScanner - Identified candidate component class: file [/home/whitewolf/tau/TAU-repozytorium/tau-mmo-jmeter/target/classes/tau/mmo/service/PlayerManagerHibernateImpl.class]
20:24:24.723 [main] DEBUG org.springframework.beans.factory.xml.XmlBeanDefinitionReader - Loaded 12 bean definitions from class path resource [beans.xml]
20:24:24.723 [main] DEBUG org.springframework.context.support.GenericApplicationContext - Refreshing org.springframework.context.support.GenericApplicationContext@46b6701e
20:24:24.724 [main] DEBUG org.springframework.beans.factory.support.DefaultListableBeanFactory - Creating shared instance of singleton bean 'org.springframework.context.annotation.internalConfigurationAnnotationProcessor'
20:24:24.729 [main] DEBUG org.springframework.context.annotation.ClassPathBeanDefinitionScanner - Identified candidate component class: file [/home/whitewolf/tau/TAU-repozytorium/tau-mmo-jmeter/target/classes/tau/mmo/api/PlayerController.class]
20:24:24.729 [main] DEBUG org.springframework.context.annotation.ClassPathBeanDefinitionScanner - Identified candidate component class: file [/home/whitewolf/tau/TAU-repozytorium/tau-mmo-jmeter/target/classes/tau/mmo/service/PlayerManagerHibernateImpl.class]
20:24:24.801 [main] DEBUG org.springframework.context.annotation.ClassPathBeanDefinitionScanner - Identified candidate component class: file [/home/whitewolf/tau/TAU-repozytorium/tau-mmo-jmeter/target/classes/tau/mmo/Application.class]
20:24:24.801 [main] DEBUG org.springframework.context.annotation.ClassPathBeanDefinitionScanner - Identified candidate component class: file [/home/whitewolf/tau/TAU-repozytorium/tau-mmo-jmeter/target/classes/tau/mmo/api/PlayerController.class]
20:24:24.801 [main] DEBUG org.springframework.context.annotation.ClassPathBeanDefinitionScanner - Identified candidate component class: file [/home/whitewolf/tau/TAU-repozytorium/tau-mmo-jmeter/target/classes/tau/mmo/service/PlayerManagerHibernateImpl.class]
20:24:24.802 [main] DEBUG org.springframework.beans.factory.xml.XmlBeanDefinitionReader - Loaded 0 bean definitions from class path resource [beans.xml]
20:24:24.803 [main] DEBUG org.springframework.beans.factory.support.DefaultListableBeanFactory - Creating shared instance of singleton bean 'org.springframework.boot.autoconfigure.condition.BeanTypeRegistry'
20:24:24.810 [main] INFO org.springframework.data.repository.config.RepositoryConfigurationDelegate - Bootstrapping Spring Data repositories in DEFAULT mode.
20:24:24.810 [main] DEBUG org.springframework.beans.factory.support.DefaultListableBeanFactory - Creating shared instance of singleton bean 'org.springframework.boot.autoconfigure.AutoConfigurationPackages'
20:24:24.810 [main] DEBUG org.springframework.boot.autoconfigure.AutoConfigurationPackages - @EnableAutoConfiguration was declared on a class in the package 'tau.mmo'. Automatic @Repository and @Entity scanning is enabled.
20:24:24.810 [main] DEBUG org.springframework.data.repository.config.RepositoryConfigurationDelegate - Scanning for repositories in packages tau.mmo.
20:24:24.813 [main] INFO org.springframework.data.repository.config.RepositoryConfigurationDelegate - Finished Spring Data repository scanning in 3ms. Found 0 repository interfaces.
20:24:24.825 [main] DEBUG org.springframework.beans.factory.support.DefaultListableBeanFactory - Creating shared instance of singleton bean 'propertySourcesPlaceholderConfigurer'
20:24:24.825 [main] DEBUG org.springframework.core.env.PropertySourcesPropertyResolver - Found key 'jdbc.driverClassName' in PropertySource 'class path resource [jdbc.properties]' with value of type String
20:24:24.825 [main] DEBUG org.springframework.core.env.PropertySourcesPropertyResolver - Found key 'jdbc.driverClassName' in PropertySource 'environmentProperties' with value of type String
20:24:24.825 [main] DEBUG org.springframework.core.env.PropertySourcesPropertyResolver - Found key 'jdbc.url' in PropertySource 'class path resource [jdbc.properties]' with value of type String
20:24:24.825 [main] DEBUG org.springframework.core.env.PropertySourcesPropertyResolver - Found key 'jdbc.url' in PropertySource 'environmentProperties' with value of type String
20:24:24.826 [main] DEBUG org.springframework.core.env.PropertySourcesPropertyResolver - Found key 'jdbc.username' in PropertySource 'class path resource [jdbc.properties]' with value of type String
20:24:24.826 [main] DEBUG org.springframework.core.env.PropertySourcesPropertyResolver - Found key 'jdbc.username' in PropertySource 'environmentProperties' with value of type String
20:24:24.826 [main] DEBUG org.springframework.core.env.PropertySourcesPropertyResolver - Found key 'jdbc.password' in PropertySource 'class path resource [jdbc.properties]' with value of type String
20:24:24.826 [main] DEBUG org.springframework.core.env.PropertySourcesPropertyResolver - Found key 'jdbc.password' in PropertySource 'environmentProperties' with value of type String
20:24:24.826 [main] DEBUG org.springframework.beans.factory.support.DefaultListableBeanFactory - Creating shared instance of singleton bean 'org.springframework.boot.test.mock.mockito.MockitoPostProcessor'
20:24:24.826 [main] DEBUG org.springframework.beans.factory.support.DefaultListableBeanFactory - Creating shared instance of singleton bean 'emBeanDefinitionRegistrarPostProcessor'
20:24:24.829 [main] DEBUG org.springframework.beans.factory.support.DefaultListableBeanFactory - Creating shared instance of singleton bean 'org.springframework.context.event.internalEventListenerProcessor'
20:24:24.829 [main] DEBUG org.springframework.beans.factory.support.DefaultListableBeanFactory - Creating shared instance of singleton bean 'org.springframework.boot.context.properties.ConfigurationBeanFactoryMetadata'
20:24:24.830 [main] DEBUG org.springframework.beans.factory.support.DefaultListableBeanFactory - Creating shared instance of singleton bean 'org.springframework.context.event.internalEventListenerFactory'
20:24:24.830 [main] DEBUG org.springframework.beans.factory.support.DefaultListableBeanFactory - Creating shared instance of singleton bean 'org.springframework.transaction.config.internalTransactionalEventListenerFactory'
20:24:24.831 [main] DEBUG org.springframework.beans.factory.support.DefaultListableBeanFactory - Creating shared instance of singleton bean 'org.springframework.context.annotation.internalAutowiredAnnotationProcessor'
20:24:24.831 [main] DEBUG org.springframework.beans.factory.support.DefaultListableBeanFactory - Creating shared instance of singleton bean 'org.springframework.context.annotation.internalCommonAnnotationProcessor'
20:24:24.831 [main] DEBUG org.springframework.beans.factory.support.DefaultListableBeanFactory - Creating shared instance of singleton bean 'org.springframework.context.annotation.internalPersistenceAnnotationProcessor'
20:24:24.831 [main] DEBUG org.springframework.beans.factory.support.DefaultListableBeanFactory - Creating shared instance of singleton bean 'org.springframework.boot.test.mock.mockito.MockitoPostProcessor$SpyPostProcessor'
20:24:24.831 [main] DEBUG org.springframework.beans.factory.support.DefaultListableBeanFactory - Creating shared instance of singleton bean 'org.springframework.boot.context.properties.ConfigurationPropertiesBindingPostProcessor'
20:24:24.832 [main] DEBUG org.springframework.beans.factory.support.DefaultListableBeanFactory - Creating shared instance of singleton bean 'methodValidationPostProcessor'
20:24:24.833 [main] DEBUG org.springframework.beans.factory.support.DefaultListableBeanFactory - Autowiring by type from bean name 'methodValidationPostProcessor' via factory method to bean named 'environment'
20:24:24.833 [main] DEBUG org.springframework.beans.factory.support.DefaultListableBeanFactory - Creating shared instance of singleton bean 'org.springframework.aop.config.internalAutoProxyCreator'
20:24:24.834 [main] DEBUG org.springframework.beans.factory.support.DefaultListableBeanFactory - Creating shared instance of singleton bean 'dataSourceInitializerPostProcessor'
20:24:24.835 [main] DEBUG org.springframework.beans.factory.support.DefaultListableBeanFactory - Creating shared instance of singleton bean 'persistenceExceptionTranslationPostProcessor'
20:24:24.835 [main] DEBUG org.springframework.beans.factory.support.DefaultListableBeanFactory - Autowiring by type from bean name 'persistenceExceptionTranslationPostProcessor' via factory method to bean named 'environment'
20:24:24.837 [main] DEBUG org.springframework.beans.factory.support.DefaultListableBeanFactory - Creating shared instance of singleton bean 'application'
20:24:24.837 [main] DEBUG org.springframework.beans.factory.support.DefaultListableBeanFactory - Creating shared instance of singleton bean 'org.springframework.transaction.config.internalTransactionAdvisor'
20:24:24.837 [main] DEBUG org.springframework.beans.factory.support.DefaultListableBeanFactory - Creating shared instance of singleton bean 'org.springframework.transaction.annotation.ProxyTransactionManagementConfiguration'
20:24:24.840 [main] DEBUG org.springframework.beans.factory.support.DefaultListableBeanFactory - Creating shared instance of singleton bean 'transactionAttributeSource'
20:24:24.841 [main] DEBUG org.springframework.beans.factory.support.DefaultListableBeanFactory - Creating shared instance of singleton bean 'transactionInterceptor'
20:24:24.843 [main] DEBUG org.springframework.beans.factory.support.DefaultListableBeanFactory - Creating shared instance of singleton bean 'playerController'
20:24:24.847 [main] DEBUG org.springframework.beans.factory.support.DefaultListableBeanFactory - Creating shared instance of singleton bean 'playerManagerHibernateImpl'
20:24:24.848 [main] DEBUG org.springframework.beans.factory.support.DefaultListableBeanFactory - Creating shared instance of singleton bean 'hibernateSessionFactory'
20:24:24.849 [main] DEBUG org.springframework.beans.factory.support.DefaultListableBeanFactory - Creating shared instance of singleton bean 'dataSource'
20:24:24.850 [main] DEBUG org.springframework.jdbc.datasource.DriverManagerDataSource - Loaded JDBC driver: org.hsqldb.jdbcDriver
20:24:24.851 [main] DEBUG org.springframework.beans.factory.support.DefaultListableBeanFactory - Creating shared instance of singleton bean 'org.springframework.boot.autoconfigure.jdbc.DataSourceInitializerInvoker'
20:24:24.852 [main] DEBUG org.springframework.beans.factory.support.DefaultListableBeanFactory - Creating shared instance of singleton bean 'spring.datasource-org.springframework.boot.autoconfigure.jdbc.DataSourceProperties'
20:24:24.855 [main] DEBUG org.springframework.beans.factory.support.DefaultListableBeanFactory - Autowiring by type from bean name 'org.springframework.boot.autoconfigure.jdbc.DataSourceInitializerInvoker' via constructor to bean named 'spring.datasource-org.springframework.boot.autoconfigure.jdbc.DataSourceProperties'
20:24:24.856 [main] DEBUG org.springframework.beans.factory.support.DefaultListableBeanFactory - Autowiring by type from bean name 'org.springframework.boot.autoconfigure.jdbc.DataSourceInitializerInvoker' via constructor to bean named 'org.springframework.context.support.GenericApplicationContext@46b6701e'
20:24:24.857 [main] DEBUG org.hibernate.integrator.internal.IntegratorServiceImpl - Adding Integrator [org.hibernate.cfg.beanvalidation.BeanValidationIntegrator].
20:24:24.857 [main] DEBUG org.hibernate.integrator.internal.IntegratorServiceImpl - Adding Integrator [org.hibernate.secure.spi.JaccIntegrator].
20:24:24.857 [main] DEBUG org.hibernate.integrator.internal.IntegratorServiceImpl - Adding Integrator [org.hibernate.cache.internal.CollectionCacheInvalidator].
20:24:24.859 [main] DEBUG org.hibernate.cfg.Configuration - Building session factory using internal StandardServiceRegistryBuilder
20:24:24.859 [main] DEBUG org.hibernate.service.spi.ServiceBinding - Overriding existing service binding [org.hibernate.secure.spi.JaccService]
20:24:24.859 [main] DEBUG org.hibernate.cfg.Configuration - Building session factory using provided StandardServiceRegistry
20:24:24.859 [main] DEBUG org.hibernate.cache.internal.RegionFactoryInitiator - Cache region factory : org.hibernate.cache.internal.NoCachingRegionFactory
20:24:24.859 [main] DEBUG org.hibernate.type.BasicTypeRegistry - Adding type registration boolean -> org.hibernate.type.BooleanType@41ffaeb8
20:24:24.859 [main] DEBUG org.hibernate.type.BasicTypeRegistry - Adding type registration boolean -> org.hibernate.type.BooleanType@41ffaeb8
20:24:24.859 [main] DEBUG org.hibernate.type.BasicTypeRegistry - Adding type registration java.lang.Boolean -> org.hibernate.type.BooleanType@41ffaeb8
20:24:24.859 [main] DEBUG org.hibernate.type.BasicTypeRegistry - Adding type registration numeric_boolean -> org.hibernate.type.NumericBooleanType@444cc791
20:24:24.859 [main] DEBUG org.hibernate.type.BasicTypeRegistry - Adding type registration true_false -> org.hibernate.type.TrueFalseType@12ffd1de
20:24:24.859 [main] DEBUG org.hibernate.type.BasicTypeRegistry - Adding type registration yes_no -> org.hibernate.type.YesNoType@6c806c8b
20:24:24.859 [main] DEBUG org.hibernate.type.BasicTypeRegistry - Adding type registration byte -> org.hibernate.type.ByteType@23706db8
20:24:24.859 [main] DEBUG org.hibernate.type.BasicTypeRegistry - Adding type registration byte -> org.hibernate.type.ByteType@23706db8
20:24:24.859 [main] DEBUG org.hibernate.type.BasicTypeRegistry - Adding type registration java.lang.Byte -> org.hibernate.type.ByteType@23706db8
20:24:24.859 [main] DEBUG org.hibernate.type.BasicTypeRegistry - Adding type registration character -> org.hibernate.type.CharacterType@7bca6fac
20:24:24.859 [main] DEBUG org.hibernate.type.BasicTypeRegistry - Adding type registration char -> org.hibernate.type.CharacterType@7bca6fac
20:24:24.859 [main] DEBUG org.hibernate.type.BasicTypeRegistry - Adding type registration java.lang.Character -> org.hibernate.type.CharacterType@7bca6fac
20:24:24.859 [main] DEBUG org.hibernate.type.BasicTypeRegistry - Adding type registration short -> org.hibernate.type.ShortType@37303f12
20:24:24.859 [main] DEBUG org.hibernate.type.BasicTypeRegistry - Adding type registration short -> org.hibernate.type.ShortType@37303f12
20:24:24.859 [main] DEBUG org.hibernate.type.BasicTypeRegistry - Adding type registration java.lang.Short -> org.hibernate.type.ShortType@37303f12
20:24:24.859 [main] DEBUG org.hibernate.type.BasicTypeRegistry - Adding type registration integer -> org.hibernate.type.IntegerType@2ab5afc7
20:24:24.859 [main] DEBUG org.hibernate.type.BasicTypeRegistry - Adding type registration int -> org.hibernate.type.IntegerType@2ab5afc7
20:24:24.859 [main] DEBUG org.hibernate.type.BasicTypeRegistry - Adding type registration java.lang.Integer -> org.hibernate.type.IntegerType@2ab5afc7
20:24:24.859 [main] DEBUG org.hibernate.type.BasicTypeRegistry - Adding type registration long -> org.hibernate.type.LongType@3c35c345
20:24:24.860 [main] DEBUG org.hibernate.type.BasicTypeRegistry - Adding type registration long -> org.hibernate.type.LongType@3c35c345
20:24:24.860 [main] DEBUG org.hibernate.type.BasicTypeRegistry - Adding type registration java.lang.Long -> org.hibernate.type.LongType@3c35c345
20:24:24.860 [main] DEBUG org.hibernate.type.BasicTypeRegistry - Adding type registration float -> org.hibernate.type.FloatType@1d0a61c8
20:24:24.860 [main] DEBUG org.hibernate.type.BasicTypeRegistry - Adding type registration float -> org.hibernate.type.FloatType@1d0a61c8
20:24:24.860 [main] DEBUG org.hibernate.type.BasicTypeRegistry - Adding type registration java.lang.Float -> org.hibernate.type.FloatType@1d0a61c8
20:24:24.860 [main] DEBUG org.hibernate.type.BasicTypeRegistry - Adding type registration double -> org.hibernate.type.DoubleType@5524b72f
20:24:24.860 [main] DEBUG org.hibernate.type.BasicTypeRegistry - Adding type registration double -> org.hibernate.type.DoubleType@5524b72f
20:24:24.860 [main] DEBUG org.hibernate.type.BasicTypeRegistry - Adding type registration java.lang.Double -> org.hibernate.type.DoubleType@5524b72f
20:24:24.860 [main] DEBUG org.hibernate.type.BasicTypeRegistry - Adding type registration big_decimal -> org.hibernate.type.BigDecimalType@1846579f
20:24:24.860 [main] DEBUG org.hibernate.type.BasicTypeRegistry - Adding type registration java.math.BigDecimal -> org.hibernate.type.BigDecimalType@1846579f
20:24:24.860 [main] DEBUG org.hibernate.type.BasicTypeRegistry - Adding type registration big_integer -> org.hibernate.type.BigIntegerType@7be7e15
20:24:24.860 [main] DEBUG org.hibernate.type.BasicTypeRegistry - Adding type registration java.math.BigInteger -> org.hibernate.type.BigIntegerType@7be7e15
20:24:24.860 [main] DEBUG org.hibernate.type.BasicTypeRegistry - Adding type registration string -> org.hibernate.type.StringType@2330e3e0
20:24:24.860 [main] DEBUG org.hibernate.type.BasicTypeRegistry - Adding type registration java.lang.String -> org.hibernate.type.StringType@2330e3e0
20:24:24.860 [main] DEBUG org.hibernate.type.BasicTypeRegistry - Adding type registration nstring -> org.hibernate.type.StringNVarcharType@3f9270ed
20:24:24.860 [main] DEBUG org.hibernate.type.BasicTypeRegistry - Adding type registration ncharacter -> org.hibernate.type.CharacterNCharType@53a665ad
20:24:24.860 [main] DEBUG org.hibernate.type.BasicTypeRegistry - Adding type registration url -> org.hibernate.type.UrlType@abff8b7
20:24:24.860 [main] DEBUG org.hibernate.type.BasicTypeRegistry - Adding type registration java.net.URL -> org.hibernate.type.UrlType@abff8b7
20:24:24.860 [main] DEBUG org.hibernate.type.BasicTypeRegistry - Adding type registration date -> org.hibernate.type.DateType@37d871c2
20:24:24.860 [main] DEBUG org.hibernate.type.BasicTypeRegistry - Adding type registration java.sql.Date -> org.hibernate.type.DateType@37d871c2
20:24:24.860 [main] DEBUG org.hibernate.type.BasicTypeRegistry - Adding type registration time -> org.hibernate.type.TimeType@642505c7
20:24:24.860 [main] DEBUG org.hibernate.type.BasicTypeRegistry - Adding type registration java.sql.Time -> org.hibernate.type.TimeType@642505c7
20:24:24.860 [main] DEBUG org.hibernate.type.BasicTypeRegistry - Adding type registration timestamp -> org.hibernate.type.TimestampType@1abfe081
20:24:24.860 [main] DEBUG org.hibernate.type.BasicTypeRegistry - Adding type registration java.sql.Timestamp -> org.hibernate.type.TimestampType@1abfe081
20:24:24.860 [main] DEBUG org.hibernate.type.BasicTypeRegistry - Adding type registration java.util.Date -> org.hibernate.type.TimestampType@1abfe081
20:24:24.860 [main] DEBUG org.hibernate.type.BasicTypeRegistry - Adding type registration dbtimestamp -> org.hibernate.type.DbTimestampType@75a118e6
20:24:24.860 [main] DEBUG org.hibernate.type.BasicTypeRegistry - Adding type registration calendar -> org.hibernate.type.CalendarType@28c86134
20:24:24.860 [main] DEBUG org.hibernate.type.BasicTypeRegistry - Adding type registration java.util.Calendar -> org.hibernate.type.CalendarType@28c86134
20:24:24.860 [main] DEBUG org.hibernate.type.BasicTypeRegistry - Adding type registration java.util.GregorianCalendar -> org.hibernate.type.CalendarType@28c86134
20:24:24.860 [main] DEBUG org.hibernate.type.BasicTypeRegistry - Adding type registration calendar_date -> org.hibernate.type.CalendarDateType@f288c14
20:24:24.860 [main] DEBUG org.hibernate.type.BasicTypeRegistry - Adding type registration locale -> org.hibernate.type.LocaleType@671facee
20:24:24.860 [main] DEBUG org.hibernate.type.BasicTypeRegistry - Adding type registration java.util.Locale -> org.hibernate.type.LocaleType@671facee
20:24:24.860 [main] DEBUG org.hibernate.type.BasicTypeRegistry - Adding type registration currency -> org.hibernate.type.CurrencyType@56f521c6
20:24:24.860 [main] DEBUG org.hibernate.type.BasicTypeRegistry - Adding type registration java.util.Currency -> org.hibernate.type.CurrencyType@56f521c6
20:24:24.860 [main] DEBUG org.hibernate.type.BasicTypeRegistry - Adding type registration timezone -> org.hibernate.type.TimeZoneType@39fa8ad2
20:24:24.860 [main] DEBUG org.hibernate.type.BasicTypeRegistry - Adding type registration java.util.TimeZone -> org.hibernate.type.TimeZoneType@39fa8ad2
20:24:24.860 [main] DEBUG org.hibernate.type.BasicTypeRegistry - Adding type registration class -> org.hibernate.type.ClassType@6c302a1d
20:24:24.860 [main] DEBUG org.hibernate.type.BasicTypeRegistry - Adding type registration java.lang.Class -> org.hibernate.type.ClassType@6c302a1d
20:24:24.860 [main] DEBUG org.hibernate.type.BasicTypeRegistry - Adding type registration uuid-binary -> org.hibernate.type.UUIDBinaryType@58cf8f94
20:24:24.860 [main] DEBUG org.hibernate.type.BasicTypeRegistry - Adding type registration java.util.UUID -> org.hibernate.type.UUIDBinaryType@58cf8f94
20:24:24.860 [main] DEBUG org.hibernate.type.BasicTypeRegistry - Adding type registration uuid-char -> org.hibernate.type.UUIDCharType@34f392be
20:24:24.860 [main] DEBUG org.hibernate.type.BasicTypeRegistry - Adding type registration binary -> org.hibernate.type.BinaryType@58496c97
20:24:24.860 [main] DEBUG org.hibernate.type.BasicTypeRegistry - Adding type registration byte[] -> org.hibernate.type.BinaryType@58496c97
20:24:24.860 [main] DEBUG org.hibernate.type.BasicTypeRegistry - Adding type registration [B -> org.hibernate.type.BinaryType@58496c97
20:24:24.860 [main] DEBUG org.hibernate.type.BasicTypeRegistry - Adding type registration wrapper-binary -> org.hibernate.type.WrapperBinaryType@6ecab872
20:24:24.860 [main] DEBUG org.hibernate.type.BasicTypeRegistry - Adding type registration Byte[] -> org.hibernate.type.WrapperBinaryType@6ecab872
20:24:24.860 [main] DEBUG org.hibernate.type.BasicTypeRegistry - Adding type registration [Ljava.lang.Byte; -> org.hibernate.type.WrapperBinaryType@6ecab872
20:24:24.860 [main] DEBUG org.hibernate.type.BasicTypeRegistry - Adding type registration row_version -> org.hibernate.type.RowVersionType@6d025d1d
20:24:24.860 [main] DEBUG org.hibernate.type.BasicTypeRegistry - Adding type registration image -> org.hibernate.type.ImageType@7479b626
20:24:24.860 [main] DEBUG org.hibernate.type.BasicTypeRegistry - Adding type registration characters -> org.hibernate.type.CharArrayType@17a703f5
20:24:24.860 [main] DEBUG org.hibernate.type.BasicTypeRegistry - Adding type registration char[] -> org.hibernate.type.CharArrayType@17a703f5
20:24:24.860 [main] DEBUG org.hibernate.type.BasicTypeRegistry - Adding type registration [C -> org.hibernate.type.CharArrayType@17a703f5
20:24:24.860 [main] DEBUG org.hibernate.type.BasicTypeRegistry - Adding type registration wrapper-characters -> org.hibernate.type.CharacterArrayType@65f2f9b0
20:24:24.860 [main] DEBUG org.hibernate.type.BasicTypeRegistry - Adding type registration [Ljava.lang.Character; -> org.hibernate.type.CharacterArrayType@65f2f9b0
20:24:24.860 [main] DEBUG org.hibernate.type.BasicTypeRegistry - Adding type registration Character[] -> org.hibernate.type.CharacterArrayType@65f2f9b0
20:24:24.860 [main] DEBUG org.hibernate.type.BasicTypeRegistry - Adding type registration text -> org.hibernate.type.TextType@38fc5554
20:24:24.860 [main] DEBUG org.hibernate.type.BasicTypeRegistry - Adding type registration ntext -> org.hibernate.type.NTextType@4d1f1ff5
20:24:24.860 [main] DEBUG org.hibernate.type.BasicTypeRegistry - Adding type registration blob -> org.hibernate.type.BlobType@d8d9199
20:24:24.860 [main] DEBUG org.hibernate.type.BasicTypeRegistry - Adding type registration java.sql.Blob -> org.hibernate.type.BlobType@d8d9199
20:24:24.860 [main] DEBUG org.hibernate.type.BasicTypeRegistry - Adding type registration materialized_blob -> org.hibernate.type.MaterializedBlobType@71ad3d8a
20:24:24.860 [main] DEBUG org.hibernate.type.BasicTypeRegistry - Adding type registration clob -> org.hibernate.type.ClobType@332820f4
20:24:24.860 [main] DEBUG org.hibernate.type.BasicTypeRegistry - Adding type registration java.sql.Clob -> org.hibernate.type.ClobType@332820f4
20:24:24.860 [main] DEBUG org.hibernate.type.BasicTypeRegistry - Adding type registration nclob -> org.hibernate.type.NClobType@3d5790ea
20:24:24.860 [main] DEBUG org.hibernate.type.BasicTypeRegistry - Adding type registration java.sql.NClob -> org.hibernate.type.NClobType@3d5790ea
20:24:24.860 [main] DEBUG org.hibernate.type.BasicTypeRegistry - Adding type registration materialized_clob -> org.hibernate.type.MaterializedClobType@56913163
20:24:24.860 [main] DEBUG org.hibernate.type.BasicTypeRegistry - Adding type registration materialized_nclob -> org.hibernate.type.MaterializedNClobType@396639b
20:24:24.860 [main] DEBUG org.hibernate.type.BasicTypeRegistry - Adding type registration serializable -> org.hibernate.type.SerializableType@102efc59
20:24:24.860 [main] DEBUG org.hibernate.type.BasicTypeRegistry - Adding type registration object -> org.hibernate.type.ObjectType@6c6366cf
20:24:24.860 [main] DEBUG org.hibernate.type.BasicTypeRegistry - Adding type registration java.lang.Object -> org.hibernate.type.ObjectType@6c6366cf
20:24:24.860 [main] DEBUG org.hibernate.type.BasicTypeRegistry - Adding type registration imm_date -> org.hibernate.type.AdaptedImmutableType@4cc26df
20:24:24.860 [main] DEBUG org.hibernate.type.BasicTypeRegistry - Adding type registration imm_time -> org.hibernate.type.AdaptedImmutableType@7848321e
20:24:24.860 [main] DEBUG org.hibernate.type.BasicTypeRegistry - Adding type registration imm_timestamp -> org.hibernate.type.AdaptedImmutableType@f4f843f
20:24:24.860 [main] DEBUG org.hibernate.type.BasicTypeRegistry - Adding type registration imm_dbtimestamp -> org.hibernate.type.AdaptedImmutableType@7b5833ee
20:24:24.860 [main] DEBUG org.hibernate.type.BasicTypeRegistry - Adding type registration imm_calendar -> org.hibernate.type.AdaptedImmutableType@1e471884
20:24:24.860 [main] DEBUG org.hibernate.type.BasicTypeRegistry - Adding type registration imm_calendar_date -> org.hibernate.type.AdaptedImmutableType@27261190
20:24:24.860 [main] DEBUG org.hibernate.type.BasicTypeRegistry - Adding type registration imm_binary -> org.hibernate.type.AdaptedImmutableType@543b0737
20:24:24.860 [main] DEBUG org.hibernate.type.BasicTypeRegistry - Adding type registration imm_serializable -> org.hibernate.type.AdaptedImmutableType@6e46891d
20:24:24.860 [main] DEBUG org.springframework.jdbc.datasource.DriverManagerDataSource - Creating new JDBC DriverManager Connection to [jdbc:hsqldb:hsql://localhost/workdb]
20:24:24.862 [main] WARN org.hibernate.engine.jdbc.env.internal.JdbcEnvironmentInitiator - HHH000342: Could not obtain connection to query metadata : java.net.ConnectException: Połączenie odrzucone (Connection refused)
20:24:24.862 [main] INFO org.hibernate.dialect.Dialect - HHH000400: Using dialect: org.hibernate.dialect.HSQLDialect
20:24:24.862 [main] DEBUG org.hibernate.engine.jdbc.env.spi.IdentifierHelperBuilder - IdentifierCaseStrategy for both quoted and unquoted identifiers was set to the same strategy [MIXED]; that will likely lead to problems in schema update and validation if using quoted identifiers
20:24:24.862 [main] INFO org.hibernate.engine.jdbc.env.internal.LobCreatorBuilderImpl - HHH000422: Disabling contextual LOB creation as connection was null
20:24:24.863 [main] DEBUG org.hibernate.id.factory.internal.DefaultIdentifierGeneratorFactory - Registering IdentifierGenerator strategy [uuid2] -> [org.hibernate.id.UUIDGenerator]
20:24:24.863 [main] DEBUG org.hibernate.id.factory.internal.DefaultIdentifierGeneratorFactory - Registering IdentifierGenerator strategy [guid] -> [org.hibernate.id.GUIDGenerator]
20:24:24.863 [main] DEBUG org.hibernate.id.factory.internal.DefaultIdentifierGeneratorFactory - Registering IdentifierGenerator strategy [uuid] -> [org.hibernate.id.UUIDHexGenerator]
20:24:24.863 [main] DEBUG org.hibernate.id.factory.internal.DefaultIdentifierGeneratorFactory - Registering IdentifierGenerator strategy [uuid.hex] -> [org.hibernate.id.UUIDHexGenerator]
20:24:24.863 [main] DEBUG org.hibernate.id.factory.internal.DefaultIdentifierGeneratorFactory - Registering IdentifierGenerator strategy [assigned] -> [org.hibernate.id.Assigned]
20:24:24.863 [main] DEBUG org.hibernate.id.factory.internal.DefaultIdentifierGeneratorFactory - Registering IdentifierGenerator strategy [identity] -> [org.hibernate.id.IdentityGenerator]
20:24:24.863 [main] DEBUG org.hibernate.id.factory.internal.DefaultIdentifierGeneratorFactory - Registering IdentifierGenerator strategy [select] -> [org.hibernate.id.SelectGenerator]
20:24:24.863 [main] DEBUG org.hibernate.id.factory.internal.DefaultIdentifierGeneratorFactory - Registering IdentifierGenerator strategy [sequence] -> [org.hibernate.id.enhanced.SequenceStyleGenerator]
20:24:24.863 [main] DEBUG org.hibernate.id.factory.internal.DefaultIdentifierGeneratorFactory - Registering IdentifierGenerator strategy [seqhilo] -> [org.hibernate.id.SequenceHiLoGenerator]
20:24:24.863 [main] DEBUG org.hibernate.id.factory.internal.DefaultIdentifierGeneratorFactory - Registering IdentifierGenerator strategy [increment] -> [org.hibernate.id.IncrementGenerator]
20:24:24.863 [main] DEBUG org.hibernate.id.factory.internal.DefaultIdentifierGeneratorFactory - Registering IdentifierGenerator strategy [foreign] -> [org.hibernate.id.ForeignGenerator]
20:24:24.863 [main] DEBUG org.hibernate.id.factory.internal.DefaultIdentifierGeneratorFactory - Registering IdentifierGenerator strategy [sequence-identity] -> [org.hibernate.id.SequenceIdentityGenerator]
20:24:24.863 [main] DEBUG org.hibernate.id.factory.internal.DefaultIdentifierGeneratorFactory - Registering IdentifierGenerator strategy [enhanced-sequence] -> [org.hibernate.id.enhanced.SequenceStyleGenerator]
20:24:24.863 [main] DEBUG org.hibernate.id.factory.internal.DefaultIdentifierGeneratorFactory - Registering IdentifierGenerator strategy [enhanced-table] -> [org.hibernate.id.enhanced.TableGenerator]
20:24:24.863 [main] DEBUG org.hibernate.boot.model.relational.Namespace - Created database namespace [logicalName=Name{catalog=null, schema=null}, physicalName=Name{catalog=null, schema=null}]
20:24:24.863 [main] DEBUG org.hibernate.cfg.AnnotationBinder - Binding entity from annotated class: tau.mmo.domain.Item
20:24:24.863 [main] DEBUG org.hibernate.cfg.annotations.QueryBinder - Binding named query: item.all => Select p from Item p
20:24:24.863 [main] DEBUG org.hibernate.cfg.annotations.QueryBinder - Binding named query: item.allForPlayer => Select p from Item p where player_id = :id
20:24:24.863 [main] DEBUG org.hibernate.cfg.Ejb3Column - Binding column: Ejb3DiscriminatorColumn{logicalColumnName'DTYPE', discriminatorTypeName='string'}
20:24:24.863 [main] DEBUG org.hibernate.cfg.annotations.EntityBinder - Import with entity name Item
20:24:24.863 [main] DEBUG org.hibernate.cfg.annotations.EntityBinder - Bind entity tau.mmo.domain.Item on table item
20:24:24.864 [main] DEBUG org.hibernate.cfg.Ejb3Column - Binding column: Ejb3Column{table=org.hibernate.mapping.Table(item), mappingColumn=id, insertable=true, updatable=true, unique=false}
20:24:24.864 [main] DEBUG org.hibernate.cfg.annotations.PropertyBinder - MetadataSourceProcessor property id with lazy=false
20:24:24.864 [main] DEBUG org.hibernate.cfg.AbstractPropertyHolder - Attempting to locate auto-apply AttributeConverter for property [tau.mmo.domain.Item:id]
20:24:24.864 [main] DEBUG org.hibernate.cfg.annotations.SimpleValueBinder - building SimpleValue for id
20:24:24.864 [main] DEBUG org.hibernate.cfg.annotations.PropertyBinder - Building property id
20:24:24.864 [main] DEBUG org.hibernate.cfg.Ejb3Column - Binding column: Ejb3Column{table=org.hibernate.mapping.Table(item), mappingColumn=itemclass, insertable=true, updatable=true, unique=false}
20:24:24.864 [main] DEBUG org.hibernate.cfg.annotations.PropertyBinder - MetadataSourceProcessor property itemclass with lazy=false
20:24:24.864 [main] DEBUG org.hibernate.cfg.AbstractPropertyHolder - Attempting to locate auto-apply AttributeConverter for property [tau.mmo.domain.Item:itemclass]
20:24:24.864 [main] DEBUG org.hibernate.cfg.annotations.SimpleValueBinder - building SimpleValue for itemclass
20:24:24.864 [main] DEBUG org.hibernate.cfg.annotations.PropertyBinder - Building property itemclass
20:24:24.864 [main] DEBUG org.hibernate.cfg.Ejb3Column - Binding column: Ejb3Column{table=org.hibernate.mapping.Table(item), mappingColumn=levelreq, insertable=true, updatable=true, unique=false}
20:24:24.864 [main] DEBUG org.hibernate.cfg.annotations.PropertyBinder - MetadataSourceProcessor property levelreq with lazy=false
20:24:24.864 [main] DEBUG org.hibernate.cfg.AbstractPropertyHolder - Attempting to locate auto-apply AttributeConverter for property [tau.mmo.domain.Item:levelreq]
20:24:24.864 [main] DEBUG org.hibernate.cfg.annotations.SimpleValueBinder - building SimpleValue for levelreq
20:24:24.864 [main] DEBUG org.hibernate.cfg.annotations.PropertyBinder - Building property levelreq
20:24:24.864 [main] DEBUG org.hibernate.cfg.Ejb3Column - Binding column: Ejb3Column{table=org.hibernate.mapping.Table(item), mappingColumn=name, insertable=true, updatable=true, unique=false}
20:24:24.864 [main] DEBUG org.hibernate.cfg.annotations.PropertyBinder - MetadataSourceProcessor property name with lazy=false
20:24:24.864 [main] DEBUG org.hibernate.cfg.AbstractPropertyHolder - Attempting to locate auto-apply AttributeConverter for property [tau.mmo.domain.Item:name]
20:24:24.864 [main] DEBUG org.hibernate.cfg.annotations.SimpleValueBinder - building SimpleValue for name
20:24:24.864 [main] DEBUG org.hibernate.cfg.annotations.PropertyBinder - Building property name
20:24:24.864 [main] DEBUG org.hibernate.cfg.Ejb3Column - Binding column: Ejb3JoinColumn{logicalColumnName='player_id', referencedColumn='', mappedBy=''}
20:24:24.864 [main] DEBUG org.hibernate.cfg.Ejb3Column - Binding column: Ejb3Column{table=org.hibernate.mapping.Table(item), mappingColumn=player, insertable=true, updatable=true, unique=false}
20:24:24.864 [main] DEBUG org.hibernate.cfg.annotations.PropertyBinder - Building property player
20:24:24.864 [main] DEBUG org.hibernate.cfg.AnnotationBinder - Binding entity from annotated class: tau.mmo.domain.Player
20:24:24.865 [main] DEBUG org.hibernate.cfg.annotations.QueryBinder - Binding named query: player.all => Select p from Player p
20:24:24.865 [main] DEBUG org.hibernate.cfg.annotations.QueryBinder - Binding named query: player.findPlayers => Select c from Player c where c.name like :nameFragment
20:24:24.865 [main] DEBUG org.hibernate.cfg.Ejb3Column - Binding column: Ejb3DiscriminatorColumn{logicalColumnName'DTYPE', discriminatorTypeName='string'}
20:24:24.865 [main] DEBUG org.hibernate.cfg.annotations.EntityBinder - Import with entity name Player
20:24:24.865 [main] DEBUG org.hibernate.cfg.annotations.EntityBinder - Bind entity tau.mmo.domain.Player on table player
20:24:24.865 [main] DEBUG org.hibernate.cfg.Ejb3Column - Binding column: Ejb3Column{table=org.hibernate.mapping.Table(player), mappingColumn=id, insertable=true, updatable=true, unique=false}
20:24:24.865 [main] DEBUG org.hibernate.cfg.annotations.PropertyBinder - MetadataSourceProcessor property id with lazy=false
20:24:24.865 [main] DEBUG org.hibernate.cfg.AbstractPropertyHolder - Attempting to locate auto-apply AttributeConverter for property [tau.mmo.domain.Player:id]
20:24:24.865 [main] DEBUG org.hibernate.cfg.annotations.SimpleValueBinder - building SimpleValue for id
20:24:24.865 [main] DEBUG org.hibernate.cfg.annotations.PropertyBinder - Building property id
20:24:24.866 [main] DEBUG org.hibernate.cfg.Ejb3Column - Binding column: Ejb3Column{table=org.hibernate.mapping.Table(player), mappingColumn=heroclass, insertable=true, updatable=true, unique=false}
20:24:24.866 [main] DEBUG org.hibernate.cfg.annotations.PropertyBinder - MetadataSourceProcessor property heroclass with lazy=false
20:24:24.866 [main] DEBUG org.hibernate.cfg.AbstractPropertyHolder - Attempting to locate auto-apply AttributeConverter for property [tau.mmo.domain.Player:heroclass]
20:24:24.866 [main] DEBUG org.hibernate.cfg.annotations.SimpleValueBinder - building SimpleValue for heroclass
20:24:24.866 [main] DEBUG org.hibernate.cfg.annotations.PropertyBinder - Building property heroclass
20:24:24.866 [main] DEBUG org.hibernate.cfg.Ejb3Column - Binding column: Ejb3JoinColumn{logicalColumnName='null', referencedColumn='null', mappedBy='player'}
20:24:24.866 [main] DEBUG org.hibernate.cfg.Ejb3Column - Binding column: Ejb3Column{table=org.hibernate.mapping.Table(player), mappingColumn=items, insertable=true, updatable=true, unique=false}
20:24:24.866 [main] DEBUG org.hibernate.cfg.Ejb3Column - Binding column: Ejb3Column{table=org.hibernate.mapping.Table(player), mappingColumn=null, insertable=true, updatable=true, unique=false}
20:24:24.866 [main] DEBUG org.hibernate.cfg.Ejb3Column - Binding column: Ejb3Column{table=org.hibernate.mapping.Table(player), mappingColumn=element, insertable=true, updatable=true, unique=false}
20:24:24.866 [main] DEBUG org.hibernate.cfg.Ejb3Column - Binding column: Ejb3Column{table=org.hibernate.mapping.Table(player), mappingColumn=items_KEY, insertable=true, updatable=true, unique=false}
20:24:24.866 [main] DEBUG org.hibernate.cfg.Ejb3Column - Binding column: Ejb3JoinColumn{logicalColumnName='items_KEY', referencedColumn='null', mappedBy='null'}
20:24:24.866 [main] DEBUG org.hibernate.cfg.Ejb3Column - Binding column: Ejb3JoinColumn{logicalColumnName='null', referencedColumn='null', mappedBy='player'}
20:24:24.866 [main] DEBUG org.hibernate.cfg.Ejb3Column - Binding column: Ejb3JoinColumn{logicalColumnName='null', referencedColumn='null', mappedBy='player'}
20:24:24.866 [main] DEBUG org.hibernate.cfg.annotations.CollectionBinder - Collection role: tau.mmo.domain.Player.items
20:24:24.866 [main] DEBUG org.hibernate.cfg.annotations.PropertyBinder - Building property items
20:24:24.866 [main] DEBUG org.hibernate.cfg.Ejb3Column - Binding column: Ejb3Column{table=org.hibernate.mapping.Table(player), mappingColumn=level, insertable=true, updatable=true, unique=false}
20:24:24.866 [main] DEBUG org.hibernate.cfg.annotations.PropertyBinder - MetadataSourceProcessor property level with lazy=false
20:24:24.866 [main] DEBUG org.hibernate.cfg.AbstractPropertyHolder - Attempting to locate auto-apply AttributeConverter for property [tau.mmo.domain.Player:level]
20:24:24.866 [main] DEBUG org.hibernate.cfg.annotations.SimpleValueBinder - building SimpleValue for level
20:24:24.866 [main] DEBUG org.hibernate.cfg.annotations.PropertyBinder - Building property level
20:24:24.866 [main] DEBUG org.hibernate.cfg.Ejb3Column - Binding column: Ejb3Column{table=org.hibernate.mapping.Table(player), mappingColumn=name, insertable=true, updatable=true, unique=false}
20:24:24.866 [main] DEBUG org.hibernate.cfg.annotations.PropertyBinder - MetadataSourceProcessor property name with lazy=false
20:24:24.866 [main] DEBUG org.hibernate.cfg.AbstractPropertyHolder - Attempting to locate auto-apply AttributeConverter for property [tau.mmo.domain.Player:name]
20:24:24.866 [main] DEBUG org.hibernate.cfg.annotations.SimpleValueBinder - building SimpleValue for name
20:24:24.866 [main] DEBUG org.hibernate.cfg.annotations.PropertyBinder - Building property name
20:24:24.867 [main] DEBUG org.hibernate.cfg.annotations.SimpleValueBinder - Starting fillSimpleValue for id
20:24:24.867 [main] DEBUG org.hibernate.cfg.annotations.SimpleValueBinder - Starting fillSimpleValue for itemclass
20:24:24.867 [main] DEBUG org.hibernate.cfg.annotations.SimpleValueBinder - Starting fillSimpleValue for levelreq
20:24:24.867 [main] DEBUG org.hibernate.cfg.annotations.SimpleValueBinder - Starting fillSimpleValue for name
20:24:24.867 [main] DEBUG org.hibernate.cfg.annotations.SimpleValueBinder - Starting fillSimpleValue for id
20:24:24.867 [main] DEBUG org.hibernate.cfg.annotations.SimpleValueBinder - Starting fillSimpleValue for heroclass
20:24:24.867 [main] DEBUG org.hibernate.cfg.annotations.SimpleValueBinder - Starting fillSimpleValue for level
20:24:24.867 [main] DEBUG org.hibernate.cfg.annotations.SimpleValueBinder - Starting fillSimpleValue for name
20:24:24.867 [main] DEBUG org.hibernate.mapping.PrimaryKey - Forcing column [id] to be non-null as it is part of the primary key for table [item]
20:24:24.867 [main] DEBUG org.hibernate.mapping.PrimaryKey - Forcing column [id] to be non-null as it is part of the primary key for table [player]
20:24:24.867 [main] DEBUG org.hibernate.cfg.CollectionSecondPass - Second pass for collection: tau.mmo.domain.Player.items
20:24:24.867 [main] DEBUG org.hibernate.cfg.annotations.CollectionBinder - Binding a OneToMany: tau.mmo.domain.Player.items through a foreign key
20:24:24.867 [main] DEBUG org.hibernate.cfg.annotations.CollectionBinder - Mapping collection: tau.mmo.domain.Player.items -> item
20:24:24.867 [main] DEBUG org.hibernate.cfg.annotations.TableBinder - Retrieving property tau.mmo.domain.Item.player
20:24:24.867 [main] DEBUG org.hibernate.cfg.CollectionSecondPass - Mapped collection key: player_id, one-to-many: tau.mmo.domain.Item
20:24:24.867 [main] DEBUG org.hibernate.boot.internal.InFlightMetadataCollectorImpl - Resolving reference to class: tau.mmo.domain.Player
20:24:24.867 [main] DEBUG org.hibernate.boot.internal.InFlightMetadataCollectorImpl - Resolving reference to class: tau.mmo.domain.Player
20:24:24.868 [main] DEBUG org.hibernate.internal.SessionFactoryImpl - Building session factory
20:24:24.868 [main] DEBUG org.hibernate.cfg.Settings - SessionFactory name : null
20:24:24.868 [main] DEBUG org.hibernate.cfg.Settings - Automatic flush during beforeCompletion(): disabled
20:24:24.868 [main] DEBUG org.hibernate.cfg.Settings - Automatic session close at end of transaction: disabled
20:24:24.868 [main] DEBUG org.hibernate.cfg.Settings - Statistics: disabled
20:24:24.868 [main] DEBUG org.hibernate.cfg.Settings - Deleted entity synthetic identifier rollback: disabled
20:24:24.868 [main] DEBUG org.hibernate.cfg.Settings - Default entity-mode: pojo
20:24:24.868 [main] DEBUG org.hibernate.cfg.Settings - Check Nullability in Core (should be disabled when Bean Validation is on): enabled
20:24:24.868 [main] DEBUG org.hibernate.cfg.Settings - Allow initialization of lazy state outside session : disabled
20:24:24.868 [main] DEBUG org.hibernate.cfg.Settings - Using BatchFetchStyle : LEGACY
20:24:24.868 [main] DEBUG org.hibernate.cfg.Settings - Default batch fetch size: -1
20:24:24.868 [main] DEBUG org.hibernate.cfg.Settings - Maximum outer join fetch depth: null
20:24:24.868 [main] DEBUG org.hibernate.cfg.Settings - Default null ordering: NONE
20:24:24.868 [main] DEBUG org.hibernate.cfg.Settings - Order SQL updates by primary key: disabled
20:24:24.868 [main] DEBUG org.hibernate.cfg.Settings - Order SQL inserts for batching: disabled
20:24:24.868 [main] DEBUG org.hibernate.cfg.Settings - multi-tenancy strategy : NONE
20:24:24.868 [main] DEBUG org.hibernate.cfg.Settings - JTA Track by Thread: enabled
20:24:24.868 [main] DEBUG org.hibernate.cfg.Settings - Query language substitutions: {}
20:24:24.868 [main] DEBUG org.hibernate.cfg.Settings - JPA query language strict compliance: disabled
20:24:24.868 [main] DEBUG org.hibernate.cfg.Settings - Named query checking : enabled
20:24:24.868 [main] DEBUG org.hibernate.cfg.Settings - Second-level cache: enabled
20:24:24.868 [main] DEBUG org.hibernate.cfg.Settings - Second-level query cache: disabled
20:24:24.868 [main] DEBUG org.hibernate.cfg.Settings - Second-level query cache factory: org.hibernate.cache.internal.StandardQueryCacheFactory@767599a7
20:24:24.868 [main] DEBUG org.hibernate.cfg.Settings - Second-level cache region prefix: null
20:24:24.868 [main] DEBUG org.hibernate.cfg.Settings - Optimize second-level cache for minimal puts: disabled
20:24:24.868 [main] DEBUG org.hibernate.cfg.Settings - Structured second-level cache entries: disabled
20:24:24.868 [main] DEBUG org.hibernate.cfg.Settings - Second-level cache direct-reference entries: disabled
20:24:24.868 [main] DEBUG org.hibernate.cfg.Settings - Automatic eviction of collection cache: disabled
20:24:24.868 [main] DEBUG org.hibernate.cfg.Settings - JDBC batch size: 0
20:24:24.868 [main] DEBUG org.hibernate.cfg.Settings - JDBC batch updates for versioned data: enabled
20:24:24.868 [main] DEBUG org.hibernate.cfg.Settings - Scrollable result sets: disabled
20:24:24.868 [main] DEBUG org.hibernate.cfg.Settings - Wrap result sets: disabled
20:24:24.868 [main] DEBUG org.hibernate.cfg.Settings - JDBC3 getGeneratedKeys(): disabled
20:24:24.868 [main] DEBUG org.hibernate.cfg.Settings - JDBC result set fetch size: null
20:24:24.868 [main] DEBUG org.hibernate.cfg.Settings - Connection release mode: ON_CLOSE
20:24:24.868 [main] DEBUG org.hibernate.cfg.Settings - Generate SQL with comments: disabled
20:24:24.868 [main] DEBUG org.hibernate.internal.SessionFactoryImpl - Session factory constructed with filter configurations : {}
20:24:24.869 [main] DEBUG org.hibernate.internal.SessionFactoryImpl - Instantiating session factory with properties: {awt.toolkit=sun.awt.X11.XToolkit, java.specification.version=11, sun.cpu.isalist=, sun.jnu.encoding=UTF-8, hibernate.connection.release_mode=ON_CLOSE, sun.arch.data.model=64, java.vendor.url=http://java.oracle.com/, sun.boot.library.path=/usr/lib/jvm/java-11-openjdk-amd64/lib, sun.java.command=/home/whitewolf/tau/TAU-repozytorium/tau-mmo-jmeter/target/surefire/surefirebooter3743684750447416578.jar /home/whitewolf/tau/TAU-repozytorium/tau-mmo-jmeter/target/surefire 2019-05-27T20-24-21_781-jvmRun1 surefire6552960694995493992tmp surefire_06547653810239904951tmp, jdk.debug=release, java.specification.vendor=Oracle Corporation, java.version.date=2019-04-16, java.home=/usr/lib/jvm/java-11-openjdk-amd64, file.separator=/, basedir=/home/whitewolf/tau/TAU-repozytorium/tau-mmo-jmeter, java.vm.compressedOopsMode=Zero based, line.separator=
, java.specification.name=Java Platform API Specification, java.vm.specification.vendor=Oracle Corporation, hibernate.hbm2ddl.auto=update, sun.management.compiler=HotSpot 64-Bit Tiered Compilers, java.runtime.version=11.0.3+7-Ubuntu-1ubuntu218.04.1, user.name=whitewolf, file.encoding=UTF-8, hibernate.classLoaders=[jdk.internal.loader.ClassLoaders$AppClassLoader@1affbebc], hibernate.current_session_context_class=org.springframework.orm.hibernate5.SpringSessionContext, localRepository=/home/whitewolf/.m2/repository, java.io.tmpdir=/tmp, java.version=11.0.3, java.vm.specification.name=Java Virtual Machine Specification, java.awt.printerjob=sun.print.PSPrinterJob, sun.os.patch.level=unknown, java.library.path=/usr/java/packages/lib:/usr/lib/x86_64-linux-gnu/jni:/lib/x86_64-linux-gnu:/usr/lib/x86_64-linux-gnu:/usr/lib/jni:/lib:/usr/lib, java.vendor=Oracle Corporation, sun.io.unicode.encoding=UnicodeLittle, sun.desktop=gnome, hibernate.dialect=org.hibernate.dialect.HSQLDialect, java.class.path=/home/whitewolf/tau/TAU-repozytorium/tau-mmo-jmeter/target/test-classes:/home/whitewolf/tau/TAU-repozytorium/tau-mmo-jmeter/target/classes:/home/whitewolf/.m2/repository/org/springframework/boot/spring-boot-starter-web/2.1.4.RELEASE/spring-boot-starter-web-2.1.4.RELEASE.jar:/home/whitewolf/.m2/repository/org/springframework/boot/spring-boot-starter/2.1.4.RELEASE/spring-boot-starter-2.1.4.RELEASE.jar:/home/whitewolf/.m2/repository/org/springframework/boot/spring-boot/2.1.4.RELEASE/spring-boot-2.1.4.RELEASE.jar:/home/whitewolf/.m2/repository/org/springframework/boot/spring-boot-autoconfigure/2.1.4.RELEASE/spring-boot-autoconfigure-2.1.4.RELEASE.jar:/home/whitewolf/.m2/repository/org/springframework/boot/spring-boot-starter-logging/2.1.4.RELEASE/spring-boot-starter-logging-2.1.4.RELEASE.jar:/home/whitewolf/.m2/repository/ch/qos/logback/logback-classic/1.2.3/logback-classic-1.2.3.jar:/home/whitewolf/.m2/repository/ch/qos/logback/logback-core/1.2.3/logback-core-1.2.3.jar:/home/whitewolf/.m2/repository/org/apache/logging/log4j/log4j-to-slf4j/2.11.2/log4j-to-slf4j-2.11.2.jar:/home/whitewolf/.m2/repository/org/apache/logging/log4j/log4j-api/2.11.2/log4j-api-2.11.2.jar:/home/whitewolf/.m2/repository/org/slf4j/jul-to-slf4j/1.7.26/jul-to-slf4j-1.7.26.jar:/home/whitewolf/.m2/repository/org/yaml/snakeyaml/1.23/snakeyaml-1.23.jar:/home/whitewolf/.m2/repository/org/springframework/boot/spring-boot-starter-json/2.1.4.RELEASE/spring-boot-starter-json-2.1.4.RELEASE.jar:/home/whitewolf/.m2/repository/com/fasterxml/jackson/core/jackson-databind/2.9.8/jackson-databind-2.9.8.jar:/home/whitewolf/.m2/repository/com/fasterxml/jackson/core/jackson-annotations/2.9.0/jackson-annotations-2.9.0.jar:/home/whitewolf/.m2/repository/com/fasterxml/jackson/core/jackson-core/2.9.8/jackson-core-2.9.8.jar:/home/whitewolf/.m2/repository/com/fasterxml/jackson/datatype/jackson-datatype-jdk8/2.9.8/jackson-datatype-jdk8-2.9.8.jar:/home/whitewolf/.m2/repository/com/fasterxml/jackson/datatype/jackson-datatype-jsr310/2.9.8/jackson-datatype-jsr310-2.9.8.jar:/home/whitewolf/.m2/repository/com/fasterxml/jackson/module/jackson-module-parameter-names/2.9.8/jackson-module-parameter-names-2.9.8.jar:/home/whitewolf/.m2/repository/org/hibernate/validator/hibernate-validator/6.0.16.Final/hibernate-validator-6.0.16.Final.jar:/home/whitewolf/.m2/repository/javax/validation/validation-api/2.0.1.Final/validation-api-2.0.1.Final.jar:/home/whitewolf/.m2/repository/org/springframework/spring-web/5.1.6.RELEASE/spring-web-5.1.6.RELEASE.jar:/home/whitewolf/.m2/repository/org/springframework/spring-webmvc/5.1.6.RELEASE/spring-webmvc-5.1.6.RELEASE.jar:/home/whitewolf/.m2/repository/org/springframework/spring-aop/5.1.6.RELEASE/spring-aop-5.1.6.RELEASE.jar:/home/whitewolf/.m2/repository/org/springframework/spring-context/5.1.6.RELEASE/spring-context-5.1.6.RELEASE.jar:/home/whitewolf/.m2/repository/org/springframework/spring-expression/5.1.6.RELEASE/spring-expression-5.1.6.RELEASE.jar:/home/whitewolf/.m2/repository/org/springframework/boot/spring-boot-starter-test/2.1.4.RELEASE/spring-boot-starter-test-2.1.4.RELEASE.jar:/home/whitewolf/.m2/repository/org/springframework/boot/spring-boot-test/2.1.4.RELEASE/spring-boot-test-2.1.4.RELEASE.jar:/home/whitewolf/.m2/repository/org/springframework/boot/spring-boot-test-autoconfigure/2.1.4.RELEASE/spring-boot-test-autoconfigure-2.1.4.RELEASE.jar:/home/whitewolf/.m2/repository/junit/junit/4.12/junit-4.12.jar:/home/whitewolf/.m2/repository/org/assertj/assertj-core/3.11.1/assertj-core-3.11.1.jar:/home/whitewolf/.m2/repository/org/mockito/mockito-core/2.23.4/mockito-core-2.23.4.jar:/home/whitewolf/.m2/repository/net/bytebuddy/byte-buddy/1.9.12/byte-buddy-1.9.12.jar:/home/whitewolf/.m2/repository/net/bytebuddy/byte-buddy-agent/1.9.12/byte-buddy-agent-1.9.12.jar:/home/whitewolf/.m2/repository/org/objenesis/objenesis/2.6/objenesis-2.6.jar:/home/whitewolf/.m2/repository/org/hamcrest/hamcrest-core/1.3/hamcrest-core-1.3.jar:/home/whitewolf/.m2/repository/org/hamcrest/hamcrest-library/1.3/hamcrest-library-1.3.jar:/home/whitewolf/.m2/repository/org/skyscreamer/jsonassert/1.5.0/jsonassert-1.5.0.jar:/home/whitewolf/.m2/repository/com/vaadin/external/google/android-json/0.0.20131108.vaadin1/android-json-0.0.20131108.vaadin1.jar:/home/whitewolf/.m2/repository/org/springframework/spring-core/5.1.6.RELEASE/spring-core-5.1.6.RELEASE.jar:/home/whitewolf/.m2/repository/org/springframework/spring-jcl/5.1.6.RELEASE/spring-jcl-5.1.6.RELEASE.jar:/home/whitewolf/.m2/repository/org/springframework/spring-test/5.1.6.RELEASE/spring-test-5.1.6.RELEASE.jar:/home/whitewolf/.m2/repository/org/xmlunit/xmlunit-core/2.6.2/xmlunit-core-2.6.2.jar:/home/whitewolf/.m2/repository/org/springframework/boot/spring-boot-starter-tomcat/2.1.4.RELEASE/spring-boot-starter-tomcat-2.1.4.RELEASE.jar:/home/whitewolf/.m2/repository/javax/annotation/javax.annotation-api/1.3.2/javax.annotation-api-1.3.2.jar:/home/whitewolf/.m2/repository/org/apache/tomcat/embed/tomcat-embed-core/9.0.17/tomcat-embed-core-9.0.17.jar:/home/whitewolf/.m2/repository/org/apache/tomcat/embed/tomcat-embed-el/9.0.17/tomcat-embed-el-9.0.17.jar:/home/whitewolf/.m2/repository/org/apache/tomcat/embed/tomcat-embed-websocket/9.0.17/tomcat-embed-websocket-9.0.17.jar:/home/whitewolf/.m2/repository/org/springframework/boot/spring-boot-starter-data-jpa/2.1.4.RELEASE/spring-boot-starter-data-jpa-2.1.4.RELEASE.jar:/home/whitewolf/.m2/repository/org/springframework/boot/spring-boot-starter-aop/2.1.4.RELEASE/spring-boot-starter-aop-2.1.4.RELEASE.jar:/home/whitewolf/.m2/repository/org/aspectj/aspectjweaver/1.9.2/aspectjweaver-1.9.2.jar:/home/whitewolf/.m2/repository/org/springframework/boot/spring-boot-starter-jdbc/2.1.4.RELEASE/spring-boot-starter-jdbc-2.1.4.RELEASE.jar:/home/whitewolf/.m2/repository/com/zaxxer/HikariCP/3.2.0/HikariCP-3.2.0.jar:/home/whitewolf/.m2/repository/org/springframework/spring-jdbc/5.1.6.RELEASE/spring-jdbc-5.1.6.RELEASE.jar:/home/whitewolf/.m2/repository/javax/transaction/javax.transaction-api/1.3/javax.transaction-api-1.3.jar:/home/whitewolf/.m2/repository/javax/xml/bind/jaxb-api/2.3.1/jaxb-api-2.3.1.jar:/home/whitewolf/.m2/repository/javax/activation/javax.activation-api/1.2.0/javax.activation-api-1.2.0.jar:/home/whitewolf/.m2/repository/org/springframework/data/spring-data-jpa/2.1.6.RELEASE/spring-data-jpa-2.1.6.RELEASE.jar:/home/whitewolf/.m2/repository/org/springframework/data/spring-data-commons/2.1.6.RELEASE/spring-data-commons-2.1.6.RELEASE.jar:/home/whitewolf/.m2/repository/org/springframework/spring-orm/5.1.6.RELEASE/spring-orm-5.1.6.RELEASE.jar:/home/whitewolf/.m2/repository/org/springframework/spring-aspects/5.1.6.RELEASE/spring-aspects-5.1.6.RELEASE.jar:/home/whitewolf/.m2/repository/org/springframework/spring-tx/5.1.6.RELEASE/spring-tx-5.1.6.RELEASE.jar:/home/whitewolf/.m2/repository/org/springframework/spring-beans/5.1.6.RELEASE/spring-beans-5.1.6.RELEASE.jar:/home/whitewolf/.m2/repository/com/jayway/jsonpath/json-path/2.4.0/json-path-2.4.0.jar:/home/whitewolf/.m2/repository/net/minidev/json-smart/2.3/json-smart-2.3.jar:/home/whitewolf/.m2/repository/net/minidev/accessors-smart/1.2/accessors-smart-1.2.jar:/home/whitewolf/.m2/repository/org/ow2/asm/asm/5.0.4/asm-5.0.4.jar:/home/whitewolf/.m2/repository/org/slf4j/slf4j-api/1.7.26/slf4j-api-1.7.26.jar:/home/whitewolf/.m2/repository/org/hibernate/hibernate-core/5.1.6.Final/hibernate-core-5.1.6.Final.jar:/home/whitewolf/.m2/repository/org/jboss/logging/jboss-logging/3.3.2.Final/jboss-logging-3.3.2.Final.jar:/home/whitewolf/.m2/repository/org/hibernate/javax/persistence/hibernate-jpa-2.1-api/1.0.0.Final/hibernate-jpa-2.1-api-1.0.0.Final.jar:/home/whitewolf/.m2/repository/org/javassist/javassist/3.20.0-GA/javassist-3.20.0-GA.jar:/home/whitewolf/.m2/repository/antlr/antlr/2.7.7/antlr-2.7.7.jar:/home/whitewolf/.m2/repository/org/apache/geronimo/specs/geronimo-jta_1.1_spec/1.1.1/geronimo-jta_1.1_spec-1.1.1.jar:/home/whitewolf/.m2/repository/org/jboss/jandex/2.0.3.Final/jandex-2.0.3.Final.jar:/home/whitewolf/.m2/repository/com/fasterxml/classmate/1.4.0/classmate-1.4.0.jar:/home/whitewolf/.m2/repository/dom4j/dom4j/1.6.1/dom4j-1.6.1.jar:/home/whitewolf/.m2/repository/org/hibernate/common/hibernate-commons-annotations/5.0.1.Final/hibernate-commons-annotations-5.0.1.Final.jar:/home/whitewolf/.m2/repository/org/hsqldb/hsqldb/2.3.4/hsqldb-2.3.4.jar:, java.vm.vendor=Oracle Corporation, user.timezone=Europe/Warsaw, os.name=Linux, java.vm.specification.version=11, sun.java.launcher=SUN_STANDARD, user.country=PL, surefire.test.class.path=/home/whitewolf/tau/TAU-repozytorium/tau-mmo-jmeter/target/test-classes:/home/whitewolf/tau/TAU-repozytorium/tau-mmo-jmeter/target/classes:/home/whitewolf/.m2/repository/org/springframework/boot/spring-boot-starter-web/2.1.4.RELEASE/spring-boot-starter-web-2.1.4.RELEASE.jar:/home/whitewolf/.m2/repository/org/springframework/boot/spring-boot-starter/2.1.4.RELEASE/spring-boot-starter-2.1.4.RELEASE.jar:/home/whitewolf/.m2/repository/org/springframework/boot/spring-boot/2.1.4.RELEASE/spring-boot-2.1.4.RELEASE.jar:/home/whitewolf/.m2/repository/org/springframework/boot/spring-boot-autoconfigure/2.1.4.RELEASE/spring-boot-autoconfigure-2.1.4.RELEASE.jar:/home/whitewolf/.m2/repository/org/springframework/boot/spring-boot-starter-logging/2.1.4.RELEASE/spring-boot-starter-logging-2.1.4.RELEASE.jar:/home/whitewolf/.m2/repository/ch/qos/logback/logback-classic/1.2.3/logback-classic-1.2.3.jar:/home/whitewolf/.m2/repository/ch/qos/logback/logback-core/1.2.3/logback-core-1.2.3.jar:/home/whitewolf/.m2/repository/org/apache/logging/log4j/log4j-to-slf4j/2.11.2/log4j-to-slf4j-2.11.2.jar:/home/whitewolf/.m2/repository/org/apache/logging/log4j/log4j-api/2.11.2/log4j-api-2.11.2.jar:/home/whitewolf/.m2/repository/org/slf4j/jul-to-slf4j/1.7.26/jul-to-slf4j-1.7.26.jar:/home/whitewolf/.m2/repository/org/yaml/snakeyaml/1.23/snakeyaml-1.23.jar:/home/whitewolf/.m2/repository/org/springframework/boot/spring-boot-starter-json/2.1.4.RELEASE/spring-boot-starter-json-2.1.4.RELEASE.jar:/home/whitewolf/.m2/repository/com/fasterxml/jackson/core/jackson-databind/2.9.8/jackson-databind-2.9.8.jar:/home/whitewolf/.m2/repository/com/fasterxml/jackson/core/jackson-annotations/2.9.0/jackson-annotations-2.9.0.jar:/home/whitewolf/.m2/repository/com/fasterxml/jackson/core/jackson-core/2.9.8/jackson-core-2.9.8.jar:/home/whitewolf/.m2/repository/com/fasterxml/jackson/datatype/jackson-datatype-jdk8/2.9.8/jackson-datatype-jdk8-2.9.8.jar:/home/whitewolf/.m2/repository/com/fasterxml/jackson/datatype/jackson-datatype-jsr310/2.9.8/jackson-datatype-jsr310-2.9.8.jar:/home/whitewolf/.m2/repository/com/fasterxml/jackson/module/jackson-module-parameter-names/2.9.8/jackson-module-parameter-names-2.9.8.jar:/home/whitewolf/.m2/repository/org/hibernate/validator/hibernate-validator/6.0.16.Final/hibernate-validator-6.0.16.Final.jar:/home/whitewolf/.m2/repository/javax/validation/validation-api/2.0.1.Final/validation-api-2.0.1.Final.jar:/home/whitewolf/.m2/repository/org/springframework/spring-web/5.1.6.RELEASE/spring-web-5.1.6.RELEASE.jar:/home/whitewolf/.m2/repository/org/springframework/spring-webmvc/5.1.6.RELEASE/spring-webmvc-5.1.6.RELEASE.jar:/home/whitewolf/.m2/repository/org/springframework/spring-aop/5.1.6.RELEASE/spring-aop-5.1.6.RELEASE.jar:/home/whitewolf/.m2/repository/org/springframework/spring-context/5.1.6.RELEASE/spring-context-5.1.6.RELEASE.jar:/home/whitewolf/.m2/repository/org/springframework/spring-expression/5.1.6.RELEASE/spring-expression-5.1.6.RELEASE.jar:/home/whitewolf/.m2/repository/org/springframework/boot/spring-boot-starter-test/2.1.4.RELEASE/spring-boot-starter-test-2.1.4.RELEASE.jar:/home/whitewolf/.m2/repository/org/springframework/boot/spring-boot-test/2.1.4.RELEASE/spring-boot-test-2.1.4.RELEASE.jar:/home/whitewolf/.m2/repository/org/springframework/boot/spring-boot-test-autoconfigure/2.1.4.RELEASE/spring-boot-test-autoconfigure-2.1.4.RELEASE.jar:/home/whitewolf/.m2/repository/junit/junit/4.12/junit-4.12.jar:/home/whitewolf/.m2/repository/org/assertj/assertj-core/3.11.1/assertj-core-3.11.1.jar:/home/whitewolf/.m2/repository/org/mockito/mockito-core/2.23.4/mockito-core-2.23.4.jar:/home/whitewolf/.m2/repository/net/bytebuddy/byte-buddy/1.9.12/byte-buddy-1.9.12.jar:/home/whitewolf/.m2/repository/net/bytebuddy/byte-buddy-agent/1.9.12/byte-buddy-agent-1.9.12.jar:/home/whitewolf/.m2/repository/org/objenesis/objenesis/2.6/objenesis-2.6.jar:/home/whitewolf/.m2/repository/org/hamcrest/hamcrest-core/1.3/hamcrest-core-1.3.jar:/home/whitewolf/.m2/repository/org/hamcrest/hamcrest-library/1.3/hamcrest-library-1.3.jar:/home/whitewolf/.m2/repository/org/skyscreamer/jsonassert/1.5.0/jsonassert-1.5.0.jar:/home/whitewolf/.m2/repository/com/vaadin/external/google/android-json/0.0.20131108.vaadin1/android-json-0.0.20131108.vaadin1.jar:/home/whitewolf/.m2/repository/org/springframework/spring-core/5.1.6.RELEASE/spring-core-5.1.6.RELEASE.jar:/home/whitewolf/.m2/repository/org/springframework/spring-jcl/5.1.6.RELEASE/spring-jcl-5.1.6.RELEASE.jar:/home/whitewolf/.m2/repository/org/springframework/spring-test/5.1.6.RELEASE/spring-test-5.1.6.RELEASE.jar:/home/whitewolf/.m2/repository/org/xmlunit/xmlunit-core/2.6.2/xmlunit-core-2.6.2.jar:/home/whitewolf/.m2/repository/org/springframework/boot/spring-boot-starter-tomcat/2.1.4.RELEASE/spring-boot-starter-tomcat-2.1.4.RELEASE.jar:/home/whitewolf/.m2/repository/javax/annotation/javax.annotation-api/1.3.2/javax.annotation-api-1.3.2.jar:/home/whitewolf/.m2/repository/org/apache/tomcat/embed/tomcat-embed-core/9.0.17/tomcat-embed-core-9.0.17.jar:/home/whitewolf/.m2/repository/org/apache/tomcat/embed/tomcat-embed-el/9.0.17/tomcat-embed-el-9.0.17.jar:/home/whitewolf/.m2/repository/org/apache/tomcat/embed/tomcat-embed-websocket/9.0.17/tomcat-embed-websocket-9.0.17.jar:/home/whitewolf/.m2/repository/org/springframework/boot/spring-boot-starter-data-jpa/2.1.4.RELEASE/spring-boot-starter-data-jpa-2.1.4.RELEASE.jar:/home/whitewolf/.m2/repository/org/springframework/boot/spring-boot-starter-aop/2.1.4.RELEASE/spring-boot-starter-aop-2.1.4.RELEASE.jar:/home/whitewolf/.m2/repository/org/aspectj/aspectjweaver/1.9.2/aspectjweaver-1.9.2.jar:/home/whitewolf/.m2/repository/org/springframework/boot/spring-boot-starter-jdbc/2.1.4.RELEASE/spring-boot-starter-jdbc-2.1.4.RELEASE.jar:/home/whitewolf/.m2/repository/com/zaxxer/HikariCP/3.2.0/HikariCP-3.2.0.jar:/home/whitewolf/.m2/repository/org/springframework/spring-jdbc/5.1.6.RELEASE/spring-jdbc-5.1.6.RELEASE.jar:/home/whitewolf/.m2/repository/javax/transaction/javax.transaction-api/1.3/javax.transaction-api-1.3.jar:/home/whitewolf/.m2/repository/javax/xml/bind/jaxb-api/2.3.1/jaxb-api-2.3.1.jar:/home/whitewolf/.m2/repository/javax/activation/javax.activation-api/1.2.0/javax.activation-api-1.2.0.jar:/home/whitewolf/.m2/repository/org/springframework/data/spring-data-jpa/2.1.6.RELEASE/spring-data-jpa-2.1.6.RELEASE.jar:/home/whitewolf/.m2/repository/org/springframework/data/spring-data-commons/2.1.6.RELEASE/spring-data-commons-2.1.6.RELEASE.jar:/home/whitewolf/.m2/repository/org/springframework/spring-orm/5.1.6.RELEASE/spring-orm-5.1.6.RELEASE.jar:/home/whitewolf/.m2/repository/org/springframework/spring-aspects/5.1.6.RELEASE/spring-aspects-5.1.6.RELEASE.jar:/home/whitewolf/.m2/repository/org/springframework/spring-tx/5.1.6.RELEASE/spring-tx-5.1.6.RELEASE.jar:/home/whitewolf/.m2/repository/org/springframework/spring-beans/5.1.6.RELEASE/spring-beans-5.1.6.RELEASE.jar:/home/whitewolf/.m2/repository/com/jayway/jsonpath/json-path/2.4.0/json-path-2.4.0.jar:/home/whitewolf/.m2/repository/net/minidev/json-smart/2.3/json-smart-2.3.jar:/home/whitewolf/.m2/repository/net/minidev/accessors-smart/1.2/accessors-smart-1.2.jar:/home/whitewolf/.m2/repository/org/ow2/asm/asm/5.0.4/asm-5.0.4.jar:/home/whitewolf/.m2/repository/org/slf4j/slf4j-api/1.7.26/slf4j-api-1.7.26.jar:/home/whitewolf/.m2/repository/org/hibernate/hibernate-core/5.1.6.Final/hibernate-core-5.1.6.Final.jar:/home/whitewolf/.m2/repository/org/jboss/logging/jboss-logging/3.3.2.Final/jboss-logging-3.3.2.Final.jar:/home/whitewolf/.m2/repository/org/hibernate/javax/persistence/hibernate-jpa-2.1-api/1.0.0.Final/hibernate-jpa-2.1-api-1.0.0.Final.jar:/home/whitewolf/.m2/repository/org/javassist/javassist/3.20.0-GA/javassist-3.20.0-GA.jar:/home/whitewolf/.m2/repository/antlr/antlr/2.7.7/antlr-2.7.7.jar:/home/whitewolf/.m2/repository/org/apache/geronimo/specs/geronimo-jta_1.1_spec/1.1.1/geronimo-jta_1.1_spec-1.1.1.jar:/home/whitewolf/.m2/repository/org/jboss/jandex/2.0.3.Final/jandex-2.0.3.Final.jar:/home/whitewolf/.m2/repository/com/fasterxml/classmate/1.4.0/classmate-1.4.0.jar:/home/whitewolf/.m2/repository/dom4j/dom4j/1.6.1/dom4j-1.6.1.jar:/home/whitewolf/.m2/repository/org/hibernate/common/hibernate-commons-annotations/5.0.1.Final/hibernate-commons-annotations-5.0.1.Final.jar:/home/whitewolf/.m2/repository/org/hsqldb/hsqldb/2.3.4/hsqldb-2.3.4.jar:, sun.cpu.endian=little, user.home=/home/whitewolf, user.language=pl, java.awt.graphicsenv=sun.awt.X11GraphicsEnvironment, surefire.real.class.path=/home/whitewolf/tau/TAU-repozytorium/tau-mmo-jmeter/target/surefire/surefirebooter3743684750447416578.jar, path.separator=:, os.version=4.15.0-47-generic, java.runtime.name=OpenJDK Runtime Environment, java.vm.name=OpenJDK 64-Bit Server VM, hibernate.show_sql=true, java.vendor.url.bug=http://bugreport.java.com/bugreport/, user.dir=/home/whitewolf/tau/TAU-repozytorium/tau-mmo-jmeter, os.arch=amd64, hibernate.boot.CfgXmlAccessService.key=org.hibernate.boot.cfgxml.spi.LoadedConfig@37d6dddc, java.vm.info=mixed mode, sharing, java.vm.version=11.0.3+7-Ubuntu-1ubuntu218.04.1, hibernate.bytecode.use_reflection_optimizer=false, hibernate.connection.datasource=org.springframework.jdbc.datasource.DriverManagerDataSource@40cf6254, java.class.version=55.0}
20:24:24.869 [main] DEBUG org.hibernate.validator.internal.engine.resolver.TraversableResolvers - Found javax.persistence.Persistence on classpath containing 'getPersistenceUtil'. Assuming JPA 2 environment. Trying to instantiate JPA aware TraversableResolver
20:24:24.869 [main] DEBUG org.hibernate.validator.internal.engine.resolver.TraversableResolvers - Instantiated JPA aware TraversableResolver of type org.hibernate.validator.internal.engine.resolver.JPATraversableResolver.
20:24:24.869 [main] DEBUG org.hibernate.validator.internal.xml.config.ValidationXmlParser - Trying to load META-INF/validation.xml for XML based Validator configuration.
20:24:24.869 [main] DEBUG org.hibernate.validator.internal.xml.config.ResourceLoaderHelper - Trying to load META-INF/validation.xml via TCCL
20:24:24.869 [main] DEBUG org.hibernate.validator.internal.xml.config.ResourceLoaderHelper - Trying to load META-INF/validation.xml via Hibernate Validator's class loader
20:24:24.869 [main] DEBUG org.hibernate.validator.internal.xml.config.ValidationXmlParser - No META-INF/validation.xml found. Using annotation based configuration only.
20:24:24.872 [main] DEBUG org.hibernate.validator.messageinterpolation.ResourceBundleMessageInterpolator - Loaded expression factory via original TCCL
20:24:24.872 [main] DEBUG org.hibernate.validator.internal.engine.ValidatorFactoryImpl - HV000234: Using org.hibernate.validator.messageinterpolation.ResourceBundleMessageInterpolator as ValidatorFactory-scoped message interpolator.
20:24:24.872 [main] DEBUG org.hibernate.validator.internal.engine.ValidatorFactoryImpl - HV000234: Using org.hibernate.validator.internal.engine.resolver.JPATraversableResolver as ValidatorFactory-scoped traversable resolver.
20:24:24.872 [main] DEBUG org.hibernate.validator.internal.engine.ValidatorFactoryImpl - HV000234: Using org.hibernate.validator.internal.util.ExecutableParameterNameProvider as ValidatorFactory-scoped parameter name provider.
20:24:24.872 [main] DEBUG org.hibernate.validator.internal.engine.ValidatorFactoryImpl - HV000234: Using org.hibernate.validator.internal.engine.DefaultClockProvider as ValidatorFactory-scoped clock provider.
20:24:24.872 [main] DEBUG org.hibernate.validator.internal.engine.ValidatorFactoryImpl - HV000234: Using org.hibernate.validator.internal.engine.scripting.DefaultScriptEvaluatorFactory as ValidatorFactory-scoped script evaluator factory.
20:24:24.872 [main] DEBUG org.hibernate.boot.internal.ClassLoaderAccessImpl - Not known whether passed class name [tau.mmo.domain.Item] is safe
20:24:24.872 [main] DEBUG org.hibernate.boot.internal.ClassLoaderAccessImpl - No temp ClassLoader provided; using live ClassLoader for loading potentially unsafe class : tau.mmo.domain.Item
20:24:24.875 [main] DEBUG org.hibernate.boot.internal.ClassLoaderAccessImpl - Not known whether passed class name [tau.mmo.domain.Player] is safe
20:24:24.875 [main] DEBUG org.hibernate.boot.internal.ClassLoaderAccessImpl - No temp ClassLoader provided; using live ClassLoader for loading potentially unsafe class : tau.mmo.domain.Player
20:24:24.878 [main] DEBUG org.hibernate.secure.spi.JaccIntegrator - Skipping JACC integration as it was not enabled
20:24:24.878 [main] DEBUG org.hibernate.boot.internal.ClassLoaderAccessImpl - Not known whether passed class name [tau.mmo.domain.Item] is safe
20:24:24.878 [main] DEBUG org.hibernate.boot.internal.ClassLoaderAccessImpl - No temp ClassLoader provided; using live ClassLoader for loading potentially unsafe class : tau.mmo.domain.Item
20:24:24.878 [main] DEBUG org.hibernate.boot.internal.ClassLoaderAccessImpl - Not known whether passed class name [tau.mmo.domain.Item] is safe
20:24:24.878 [main] DEBUG org.hibernate.boot.internal.ClassLoaderAccessImpl - No temp ClassLoader provided; using live ClassLoader for loading potentially unsafe class : tau.mmo.domain.Item
20:24:24.879 [main] DEBUG org.hibernate.boot.internal.ClassLoaderAccessImpl - Not known whether passed class name [tau.mmo.domain.Player] is safe
20:24:24.879 [main] DEBUG org.hibernate.boot.internal.ClassLoaderAccessImpl - No temp ClassLoader provided; using live ClassLoader for loading potentially unsafe class : tau.mmo.domain.Player
20:24:24.879 [main] DEBUG org.hibernate.boot.internal.ClassLoaderAccessImpl - Not known whether passed class name [tau.mmo.domain.Player] is safe
20:24:24.879 [main] DEBUG org.hibernate.boot.internal.ClassLoaderAccessImpl - No temp ClassLoader provided; using live ClassLoader for loading potentially unsafe class : tau.mmo.domain.Player
20:24:24.880 [main] DEBUG org.hibernate.persister.collection.AbstractCollectionPersister - Static SQL for collection: tau.mmo.domain.Player.items
20:24:24.880 [main] DEBUG org.hibernate.persister.collection.AbstractCollectionPersister -  Row insert: update item set player_id=? where id=?
20:24:24.880 [main] DEBUG org.hibernate.persister.collection.AbstractCollectionPersister -  Row update: update item set  where id=?
20:24:24.880 [main] DEBUG org.hibernate.persister.collection.AbstractCollectionPersister -  Row delete: update item set player_id=null where player_id=? and id=?
20:24:24.880 [main] DEBUG org.hibernate.persister.collection.AbstractCollectionPersister -  One-shot delete: update item set player_id=null where player_id=?
20:24:24.880 [main] DEBUG org.hibernate.persister.entity.AbstractEntityPersister - Static SQL for entity: tau.mmo.domain.Item
20:24:24.880 [main] DEBUG org.hibernate.persister.entity.AbstractEntityPersister -  Version select: select id from item where id =?
20:24:24.880 [main] DEBUG org.hibernate.persister.entity.AbstractEntityPersister -  Snapshot select: select item_.id, item_.itemclass as itemclas2_0_, item_.levelreq as levelreq3_0_, item_.name as name4_0_, item_.player_id as player_i5_0_ from item item_ where item_.id=?
20:24:24.880 [main] DEBUG org.hibernate.persister.entity.AbstractEntityPersister -  Insert 0: insert into item (itemclass, levelreq, name, player_id, id) values (?, ?, ?, ?, ?)
20:24:24.880 [main] DEBUG org.hibernate.persister.entity.AbstractEntityPersister -  Update 0: update item set itemclass=?, levelreq=?, name=?, player_id=? where id=?
20:24:24.880 [main] DEBUG org.hibernate.persister.entity.AbstractEntityPersister -  Delete 0: delete from item where id=?
20:24:24.880 [main] DEBUG org.hibernate.loader.plan.build.internal.spaces.QuerySpacesImpl - Adding QuerySpace : uid = <gen:0> -> org.hibernate.loader.plan.build.internal.spaces.EntityQuerySpaceImpl@260d48f5]
20:24:24.880 [main] DEBUG org.hibernate.persister.walking.spi.MetamodelGraphWalker - Visiting attribute path : itemclass
20:24:24.880 [main] DEBUG org.hibernate.persister.walking.spi.MetamodelGraphWalker - Visiting attribute path : levelreq
20:24:24.880 [main] DEBUG org.hibernate.persister.walking.spi.MetamodelGraphWalker - Visiting attribute path : name
20:24:24.880 [main] DEBUG org.hibernate.persister.walking.spi.MetamodelGraphWalker - Visiting attribute path : player
20:24:24.880 [main] DEBUG org.hibernate.loader.plan.build.internal.spaces.QuerySpacesImpl - Adding QuerySpace : uid = <gen:1> -> org.hibernate.loader.plan.build.internal.spaces.EntityQuerySpaceImpl@6f106af8]
20:24:24.880 [main] DEBUG org.hibernate.loader.plan.build.internal.FetchStyleLoadPlanBuildingAssociationVisitationStrategy - Building LoadPlan...
20:24:24.880 [main] DEBUG org.hibernate.loader.plan.exec.internal.LoadQueryJoinAndFetchProcessor - processing queryspace <gen:0>
20:24:24.881 [main] DEBUG org.hibernate.loader.plan.build.spi.LoadPlanTreePrinter - LoadPlan(entity=tau.mmo.domain.Item)
    - Returns
       - EntityReturnImpl(entity=tau.mmo.domain.Item, querySpaceUid=<gen:0>, path=tau.mmo.domain.Item)
          - EntityAttributeFetchImpl(entity=tau.mmo.domain.Player, querySpaceUid=<gen:1>, path=tau.mmo.domain.Item.player)
    - QuerySpaces
       - EntityQuerySpaceImpl(uid=<gen:0>, entity=tau.mmo.domain.Item)
          - SQL table alias mapping - item0_
          - alias suffix - 0_
          - suffixed key columns - {id1_0_0_}

20:24:24.881 [main] DEBUG org.hibernate.loader.entity.plan.EntityLoader - Static select for entity tau.mmo.domain.Item [NONE]: select item0_.id as id1_0_0_, item0_.itemclass as itemclas2_0_0_, item0_.levelreq as levelreq3_0_0_, item0_.name as name4_0_0_, item0_.player_id as player_i5_0_0_ from item item0_ where item0_.id=?
20:24:24.881 [main] DEBUG org.hibernate.loader.plan.build.internal.spaces.QuerySpacesImpl - Adding QuerySpace : uid = <gen:0> -> org.hibernate.loader.plan.build.internal.spaces.EntityQuerySpaceImpl@1edf71d9]
20:24:24.881 [main] DEBUG org.hibernate.persister.walking.spi.MetamodelGraphWalker - Visiting attribute path : itemclass
20:24:24.881 [main] DEBUG org.hibernate.persister.walking.spi.MetamodelGraphWalker - Visiting attribute path : levelreq
20:24:24.881 [main] DEBUG org.hibernate.persister.walking.spi.MetamodelGraphWalker - Visiting attribute path : name
20:24:24.881 [main] DEBUG org.hibernate.persister.walking.spi.MetamodelGraphWalker - Visiting attribute path : player
20:24:24.881 [main] DEBUG org.hibernate.loader.plan.build.internal.spaces.QuerySpacesImpl - Adding QuerySpace : uid = <gen:1> -> org.hibernate.loader.plan.build.internal.spaces.EntityQuerySpaceImpl@131ba005]
20:24:24.881 [main] DEBUG org.hibernate.loader.plan.build.internal.FetchStyleLoadPlanBuildingAssociationVisitationStrategy - Building LoadPlan...
20:24:24.881 [main] DEBUG org.hibernate.loader.plan.exec.internal.LoadQueryJoinAndFetchProcessor - processing queryspace <gen:0>
20:24:24.881 [main] DEBUG org.hibernate.loader.plan.build.spi.LoadPlanTreePrinter - LoadPlan(entity=tau.mmo.domain.Item)
    - Returns
       - EntityReturnImpl(entity=tau.mmo.domain.Item, querySpaceUid=<gen:0>, path=tau.mmo.domain.Item)
          - EntityAttributeFetchImpl(entity=tau.mmo.domain.Player, querySpaceUid=<gen:1>, path=tau.mmo.domain.Item.player)
    - QuerySpaces
       - EntityQuerySpaceImpl(uid=<gen:0>, entity=tau.mmo.domain.Item)
          - SQL table alias mapping - item0_
          - alias suffix - 0_
          - suffixed key columns - {id1_0_0_}

20:24:24.882 [main] DEBUG org.hibernate.loader.entity.plan.EntityLoader - Static select for entity tau.mmo.domain.Item [READ]: select item0_.id as id1_0_0_, item0_.itemclass as itemclas2_0_0_, item0_.levelreq as levelreq3_0_0_, item0_.name as name4_0_0_, item0_.player_id as player_i5_0_0_ from item item0_ where item0_.id=?
20:24:24.882 [main] DEBUG org.hibernate.loader.plan.build.internal.spaces.QuerySpacesImpl - Adding QuerySpace : uid = <gen:0> -> org.hibernate.loader.plan.build.internal.spaces.EntityQuerySpaceImpl@7f305f34]
20:24:24.882 [main] DEBUG org.hibernate.persister.walking.spi.MetamodelGraphWalker - Visiting attribute path : itemclass
20:24:24.882 [main] DEBUG org.hibernate.persister.walking.spi.MetamodelGraphWalker - Visiting attribute path : levelreq
20:24:24.882 [main] DEBUG org.hibernate.persister.walking.spi.MetamodelGraphWalker - Visiting attribute path : name
20:24:24.882 [main] DEBUG org.hibernate.persister.walking.spi.MetamodelGraphWalker - Visiting attribute path : player
20:24:24.882 [main] DEBUG org.hibernate.loader.plan.build.internal.spaces.QuerySpacesImpl - Adding QuerySpace : uid = <gen:1> -> org.hibernate.loader.plan.build.internal.spaces.EntityQuerySpaceImpl@601d295]
20:24:24.882 [main] DEBUG org.hibernate.loader.plan.build.internal.FetchStyleLoadPlanBuildingAssociationVisitationStrategy - Building LoadPlan...
20:24:24.882 [main] DEBUG org.hibernate.loader.plan.exec.internal.LoadQueryJoinAndFetchProcessor - processing queryspace <gen:0>
20:24:24.882 [main] DEBUG org.hibernate.loader.plan.build.spi.LoadPlanTreePrinter - LoadPlan(entity=tau.mmo.domain.Item)
    - Returns
       - EntityReturnImpl(entity=tau.mmo.domain.Item, querySpaceUid=<gen:0>, path=tau.mmo.domain.Item)
          - EntityAttributeFetchImpl(entity=tau.mmo.domain.Player, querySpaceUid=<gen:1>, path=tau.mmo.domain.Item.player)
    - QuerySpaces
       - EntityQuerySpaceImpl(uid=<gen:0>, entity=tau.mmo.domain.Item)
          - SQL table alias mapping - item0_
          - alias suffix - 0_
          - suffixed key columns - {id1_0_0_}

20:24:24.882 [main] DEBUG org.hibernate.loader.entity.plan.EntityLoader - Static select for entity tau.mmo.domain.Item [UPGRADE]: select item0_.id as id1_0_0_, item0_.itemclass as itemclas2_0_0_, item0_.levelreq as levelreq3_0_0_, item0_.name as name4_0_0_, item0_.player_id as player_i5_0_0_ from item item0_ where item0_.id=? for update
20:24:24.882 [main] DEBUG org.hibernate.loader.plan.build.internal.spaces.QuerySpacesImpl - Adding QuerySpace : uid = <gen:0> -> org.hibernate.loader.plan.build.internal.spaces.EntityQuerySpaceImpl@485451d8]
20:24:24.882 [main] DEBUG org.hibernate.persister.walking.spi.MetamodelGraphWalker - Visiting attribute path : itemclass
20:24:24.882 [main] DEBUG org.hibernate.persister.walking.spi.MetamodelGraphWalker - Visiting attribute path : levelreq
20:24:24.882 [main] DEBUG org.hibernate.persister.walking.spi.MetamodelGraphWalker - Visiting attribute path : name
20:24:24.882 [main] DEBUG org.hibernate.persister.walking.spi.MetamodelGraphWalker - Visiting attribute path : player
20:24:24.882 [main] DEBUG org.hibernate.loader.plan.build.internal.spaces.QuerySpacesImpl - Adding QuerySpace : uid = <gen:1> -> org.hibernate.loader.plan.build.internal.spaces.EntityQuerySpaceImpl@a1e912f]
20:24:24.882 [main] DEBUG org.hibernate.loader.plan.build.internal.FetchStyleLoadPlanBuildingAssociationVisitationStrategy - Building LoadPlan...
20:24:24.882 [main] DEBUG org.hibernate.loader.plan.exec.internal.LoadQueryJoinAndFetchProcessor - processing queryspace <gen:0>
20:24:24.882 [main] DEBUG org.hibernate.loader.plan.build.spi.LoadPlanTreePrinter - LoadPlan(entity=tau.mmo.domain.Item)
    - Returns
       - EntityReturnImpl(entity=tau.mmo.domain.Item, querySpaceUid=<gen:0>, path=tau.mmo.domain.Item)
          - EntityAttributeFetchImpl(entity=tau.mmo.domain.Player, querySpaceUid=<gen:1>, path=tau.mmo.domain.Item.player)
    - QuerySpaces
       - EntityQuerySpaceImpl(uid=<gen:0>, entity=tau.mmo.domain.Item)
          - SQL table alias mapping - item0_
          - alias suffix - 0_
          - suffixed key columns - {id1_0_0_}

20:24:24.882 [main] DEBUG org.hibernate.loader.entity.plan.EntityLoader - Static select for entity tau.mmo.domain.Item [UPGRADE_NOWAIT]: select item0_.id as id1_0_0_, item0_.itemclass as itemclas2_0_0_, item0_.levelreq as levelreq3_0_0_, item0_.name as name4_0_0_, item0_.player_id as player_i5_0_0_ from item item0_ where item0_.id=? for update
20:24:24.882 [main] DEBUG org.hibernate.loader.plan.build.internal.spaces.QuerySpacesImpl - Adding QuerySpace : uid = <gen:0> -> org.hibernate.loader.plan.build.internal.spaces.EntityQuerySpaceImpl@2036f83]
20:24:24.882 [main] DEBUG org.hibernate.persister.walking.spi.MetamodelGraphWalker - Visiting attribute path : itemclass
20:24:24.882 [main] DEBUG org.hibernate.persister.walking.spi.MetamodelGraphWalker - Visiting attribute path : levelreq
20:24:24.882 [main] DEBUG org.hibernate.persister.walking.spi.MetamodelGraphWalker - Visiting attribute path : name
20:24:24.882 [main] DEBUG org.hibernate.persister.walking.spi.MetamodelGraphWalker - Visiting attribute path : player
20:24:24.882 [main] DEBUG org.hibernate.loader.plan.build.internal.spaces.QuerySpacesImpl - Adding QuerySpace : uid = <gen:1> -> org.hibernate.loader.plan.build.internal.spaces.EntityQuerySpaceImpl@5e158f33]
20:24:24.882 [main] DEBUG org.hibernate.loader.plan.build.internal.FetchStyleLoadPlanBuildingAssociationVisitationStrategy - Building LoadPlan...
20:24:24.883 [main] DEBUG org.hibernate.loader.plan.exec.internal.LoadQueryJoinAndFetchProcessor - processing queryspace <gen:0>
20:24:24.883 [main] DEBUG org.hibernate.loader.plan.build.spi.LoadPlanTreePrinter - LoadPlan(entity=tau.mmo.domain.Item)
    - Returns
       - EntityReturnImpl(entity=tau.mmo.domain.Item, querySpaceUid=<gen:0>, path=tau.mmo.domain.Item)
          - EntityAttributeFetchImpl(entity=tau.mmo.domain.Player, querySpaceUid=<gen:1>, path=tau.mmo.domain.Item.player)
    - QuerySpaces
       - EntityQuerySpaceImpl(uid=<gen:0>, entity=tau.mmo.domain.Item)
          - SQL table alias mapping - item0_
          - alias suffix - 0_
          - suffixed key columns - {id1_0_0_}

20:24:24.883 [main] DEBUG org.hibernate.loader.entity.plan.EntityLoader - Static select for entity tau.mmo.domain.Item [UPGRADE_SKIPLOCKED]: select item0_.id as id1_0_0_, item0_.itemclass as itemclas2_0_0_, item0_.levelreq as levelreq3_0_0_, item0_.name as name4_0_0_, item0_.player_id as player_i5_0_0_ from item item0_ where item0_.id=? for update
20:24:24.883 [main] DEBUG org.hibernate.loader.plan.build.internal.spaces.QuerySpacesImpl - Adding QuerySpace : uid = <gen:0> -> org.hibernate.loader.plan.build.internal.spaces.EntityQuerySpaceImpl@20fcea37]
20:24:24.883 [main] DEBUG org.hibernate.persister.walking.spi.MetamodelGraphWalker - Visiting attribute path : itemclass
20:24:24.883 [main] DEBUG org.hibernate.persister.walking.spi.MetamodelGraphWalker - Visiting attribute path : levelreq
20:24:24.883 [main] DEBUG org.hibernate.persister.walking.spi.MetamodelGraphWalker - Visiting attribute path : name
20:24:24.883 [main] DEBUG org.hibernate.persister.walking.spi.MetamodelGraphWalker - Visiting attribute path : player
20:24:24.883 [main] DEBUG org.hibernate.loader.plan.build.internal.spaces.QuerySpacesImpl - Adding QuerySpace : uid = <gen:1> -> org.hibernate.loader.plan.build.internal.spaces.EntityQuerySpaceImpl@48fc0211]
20:24:24.883 [main] DEBUG org.hibernate.loader.plan.build.internal.FetchStyleLoadPlanBuildingAssociationVisitationStrategy - Building LoadPlan...
20:24:24.883 [main] DEBUG org.hibernate.loader.plan.exec.internal.LoadQueryJoinAndFetchProcessor - processing queryspace <gen:0>
20:24:24.883 [main] DEBUG org.hibernate.loader.plan.build.spi.LoadPlanTreePrinter - LoadPlan(entity=tau.mmo.domain.Item)
    - Returns
       - EntityReturnImpl(entity=tau.mmo.domain.Item, querySpaceUid=<gen:0>, path=tau.mmo.domain.Item)
          - EntityAttributeFetchImpl(entity=tau.mmo.domain.Player, querySpaceUid=<gen:1>, path=tau.mmo.domain.Item.player)
    - QuerySpaces
       - EntityQuerySpaceImpl(uid=<gen:0>, entity=tau.mmo.domain.Item)
          - SQL table alias mapping - item0_
          - alias suffix - 0_
          - suffixed key columns - {id1_0_0_}

20:24:24.883 [main] DEBUG org.hibernate.loader.entity.plan.EntityLoader - Static select for entity tau.mmo.domain.Item [FORCE]: select item0_.id as id1_0_0_, item0_.itemclass as itemclas2_0_0_, item0_.levelreq as levelreq3_0_0_, item0_.name as name4_0_0_, item0_.player_id as player_i5_0_0_ from item item0_ where item0_.id=? for update
20:24:24.883 [main] DEBUG org.hibernate.loader.plan.build.internal.spaces.QuerySpacesImpl - Adding QuerySpace : uid = <gen:0> -> org.hibernate.loader.plan.build.internal.spaces.EntityQuerySpaceImpl@3ae2702a]
20:24:24.883 [main] DEBUG org.hibernate.persister.walking.spi.MetamodelGraphWalker - Visiting attribute path : itemclass
20:24:24.883 [main] DEBUG org.hibernate.persister.walking.spi.MetamodelGraphWalker - Visiting attribute path : levelreq
20:24:24.883 [main] DEBUG org.hibernate.persister.walking.spi.MetamodelGraphWalker - Visiting attribute path : name
20:24:24.883 [main] DEBUG org.hibernate.persister.walking.spi.MetamodelGraphWalker - Visiting attribute path : player
20:24:24.883 [main] DEBUG org.hibernate.loader.plan.build.internal.spaces.QuerySpacesImpl - Adding QuerySpace : uid = <gen:1> -> org.hibernate.loader.plan.build.internal.spaces.EntityQuerySpaceImpl@134abd78]
20:24:24.883 [main] DEBUG org.hibernate.loader.plan.build.internal.FetchStyleLoadPlanBuildingAssociationVisitationStrategy - Building LoadPlan...
20:24:24.883 [main] DEBUG org.hibernate.loader.plan.exec.internal.LoadQueryJoinAndFetchProcessor - processing queryspace <gen:0>
20:24:24.883 [main] DEBUG org.hibernate.loader.plan.build.spi.LoadPlanTreePrinter - LoadPlan(entity=tau.mmo.domain.Item)
    - Returns
       - EntityReturnImpl(entity=tau.mmo.domain.Item, querySpaceUid=<gen:0>, path=tau.mmo.domain.Item)
          - EntityAttributeFetchImpl(entity=tau.mmo.domain.Player, querySpaceUid=<gen:1>, path=tau.mmo.domain.Item.player)
    - QuerySpaces
       - EntityQuerySpaceImpl(uid=<gen:0>, entity=tau.mmo.domain.Item)
          - SQL table alias mapping - item0_
          - alias suffix - 0_
          - suffixed key columns - {id1_0_0_}

20:24:24.883 [main] DEBUG org.hibernate.loader.entity.plan.EntityLoader - Static select for entity tau.mmo.domain.Item [PESSIMISTIC_READ]: select item0_.id as id1_0_0_, item0_.itemclass as itemclas2_0_0_, item0_.levelreq as levelreq3_0_0_, item0_.name as name4_0_0_, item0_.player_id as player_i5_0_0_ from item item0_ where item0_.id=? for update
20:24:24.883 [main] DEBUG org.hibernate.loader.plan.build.internal.spaces.QuerySpacesImpl - Adding QuerySpace : uid = <gen:0> -> org.hibernate.loader.plan.build.internal.spaces.EntityQuerySpaceImpl@3b0ed98a]
20:24:24.884 [main] DEBUG org.hibernate.persister.walking.spi.MetamodelGraphWalker - Visiting attribute path : itemclass
20:24:24.884 [main] DEBUG org.hibernate.persister.walking.spi.MetamodelGraphWalker - Visiting attribute path : levelreq
20:24:24.884 [main] DEBUG org.hibernate.persister.walking.spi.MetamodelGraphWalker - Visiting attribute path : name
20:24:24.884 [main] DEBUG org.hibernate.persister.walking.spi.MetamodelGraphWalker - Visiting attribute path : player
20:24:24.884 [main] DEBUG org.hibernate.loader.plan.build.internal.spaces.QuerySpacesImpl - Adding QuerySpace : uid = <gen:1> -> org.hibernate.loader.plan.build.internal.spaces.EntityQuerySpaceImpl@2b35c7aa]
20:24:24.884 [main] DEBUG org.hibernate.loader.plan.build.internal.FetchStyleLoadPlanBuildingAssociationVisitationStrategy - Building LoadPlan...
20:24:24.884 [main] DEBUG org.hibernate.loader.plan.exec.internal.LoadQueryJoinAndFetchProcessor - processing queryspace <gen:0>
20:24:24.884 [main] DEBUG org.hibernate.loader.plan.build.spi.LoadPlanTreePrinter - LoadPlan(entity=tau.mmo.domain.Item)
    - Returns
       - EntityReturnImpl(entity=tau.mmo.domain.Item, querySpaceUid=<gen:0>, path=tau.mmo.domain.Item)
          - EntityAttributeFetchImpl(entity=tau.mmo.domain.Player, querySpaceUid=<gen:1>, path=tau.mmo.domain.Item.player)
    - QuerySpaces
       - EntityQuerySpaceImpl(uid=<gen:0>, entity=tau.mmo.domain.Item)
          - SQL table alias mapping - item0_
          - alias suffix - 0_
          - suffixed key columns - {id1_0_0_}

20:24:24.884 [main] DEBUG org.hibernate.loader.entity.plan.EntityLoader - Static select for entity tau.mmo.domain.Item [PESSIMISTIC_WRITE]: select item0_.id as id1_0_0_, item0_.itemclass as itemclas2_0_0_, item0_.levelreq as levelreq3_0_0_, item0_.name as name4_0_0_, item0_.player_id as player_i5_0_0_ from item item0_ where item0_.id=? for update
20:24:24.884 [main] DEBUG org.hibernate.loader.plan.build.internal.spaces.QuerySpacesImpl - Adding QuerySpace : uid = <gen:0> -> org.hibernate.loader.plan.build.internal.spaces.EntityQuerySpaceImpl@6dd20ec9]
20:24:24.884 [main] DEBUG org.hibernate.persister.walking.spi.MetamodelGraphWalker - Visiting attribute path : itemclass
20:24:24.884 [main] DEBUG org.hibernate.persister.walking.spi.MetamodelGraphWalker - Visiting attribute path : levelreq
20:24:24.884 [main] DEBUG org.hibernate.persister.walking.spi.MetamodelGraphWalker - Visiting attribute path : name
20:24:24.884 [main] DEBUG org.hibernate.persister.walking.spi.MetamodelGraphWalker - Visiting attribute path : player
20:24:24.884 [main] DEBUG org.hibernate.loader.plan.build.internal.spaces.QuerySpacesImpl - Adding QuerySpace : uid = <gen:1> -> org.hibernate.loader.plan.build.internal.spaces.EntityQuerySpaceImpl@1640f20f]
20:24:24.884 [main] DEBUG org.hibernate.loader.plan.build.internal.FetchStyleLoadPlanBuildingAssociationVisitationStrategy - Building LoadPlan...
20:24:24.884 [main] DEBUG org.hibernate.loader.plan.exec.internal.LoadQueryJoinAndFetchProcessor - processing queryspace <gen:0>
20:24:24.884 [main] DEBUG org.hibernate.loader.plan.build.spi.LoadPlanTreePrinter - LoadPlan(entity=tau.mmo.domain.Item)
    - Returns
       - EntityReturnImpl(entity=tau.mmo.domain.Item, querySpaceUid=<gen:0>, path=tau.mmo.domain.Item)
          - EntityAttributeFetchImpl(entity=tau.mmo.domain.Player, querySpaceUid=<gen:1>, path=tau.mmo.domain.Item.player)
    - QuerySpaces
       - EntityQuerySpaceImpl(uid=<gen:0>, entity=tau.mmo.domain.Item)
          - SQL table alias mapping - item0_
          - alias suffix - 0_
          - suffixed key columns - {id1_0_0_}

20:24:24.884 [main] DEBUG org.hibernate.loader.entity.plan.EntityLoader - Static select for entity tau.mmo.domain.Item [PESSIMISTIC_FORCE_INCREMENT]: select item0_.id as id1_0_0_, item0_.itemclass as itemclas2_0_0_, item0_.levelreq as levelreq3_0_0_, item0_.name as name4_0_0_, item0_.player_id as player_i5_0_0_ from item item0_ where item0_.id=? for update
20:24:24.884 [main] DEBUG org.hibernate.loader.plan.build.internal.spaces.QuerySpacesImpl - Adding QuerySpace : uid = <gen:0> -> org.hibernate.loader.plan.build.internal.spaces.EntityQuerySpaceImpl@134d7ffa]
20:24:24.884 [main] DEBUG org.hibernate.persister.walking.spi.MetamodelGraphWalker - Visiting attribute path : itemclass
20:24:24.884 [main] DEBUG org.hibernate.persister.walking.spi.MetamodelGraphWalker - Visiting attribute path : levelreq
20:24:24.884 [main] DEBUG org.hibernate.persister.walking.spi.MetamodelGraphWalker - Visiting attribute path : name
20:24:24.884 [main] DEBUG org.hibernate.persister.walking.spi.MetamodelGraphWalker - Visiting attribute path : player
20:24:24.884 [main] DEBUG org.hibernate.loader.plan.build.internal.spaces.QuerySpacesImpl - Adding QuerySpace : uid = <gen:1> -> org.hibernate.loader.plan.build.internal.spaces.EntityQuerySpaceImpl@24405466]
20:24:24.884 [main] DEBUG org.hibernate.loader.plan.build.internal.FetchStyleLoadPlanBuildingAssociationVisitationStrategy - Building LoadPlan...
20:24:24.884 [main] DEBUG org.hibernate.loader.plan.exec.internal.LoadQueryJoinAndFetchProcessor - processing queryspace <gen:0>
20:24:24.885 [main] DEBUG org.hibernate.loader.plan.build.spi.LoadPlanTreePrinter - LoadPlan(entity=tau.mmo.domain.Item)
    - Returns
       - EntityReturnImpl(entity=tau.mmo.domain.Item, querySpaceUid=<gen:0>, path=tau.mmo.domain.Item)
          - EntityAttributeFetchImpl(entity=tau.mmo.domain.Player, querySpaceUid=<gen:1>, path=tau.mmo.domain.Item.player)
    - QuerySpaces
       - EntityQuerySpaceImpl(uid=<gen:0>, entity=tau.mmo.domain.Item)
          - SQL table alias mapping - item0_
          - alias suffix - 0_
          - suffixed key columns - {id1_0_0_}

20:24:24.885 [main] DEBUG org.hibernate.loader.entity.plan.EntityLoader - Static select for entity tau.mmo.domain.Item [OPTIMISTIC]: select item0_.id as id1_0_0_, item0_.itemclass as itemclas2_0_0_, item0_.levelreq as levelreq3_0_0_, item0_.name as name4_0_0_, item0_.player_id as player_i5_0_0_ from item item0_ where item0_.id=?
20:24:24.885 [main] DEBUG org.hibernate.loader.plan.build.internal.spaces.QuerySpacesImpl - Adding QuerySpace : uid = <gen:0> -> org.hibernate.loader.plan.build.internal.spaces.EntityQuerySpaceImpl@35010a6b]
20:24:24.885 [main] DEBUG org.hibernate.persister.walking.spi.MetamodelGraphWalker - Visiting attribute path : itemclass
20:24:24.885 [main] DEBUG org.hibernate.persister.walking.spi.MetamodelGraphWalker - Visiting attribute path : levelreq
20:24:24.885 [main] DEBUG org.hibernate.persister.walking.spi.MetamodelGraphWalker - Visiting attribute path : name
20:24:24.885 [main] DEBUG org.hibernate.persister.walking.spi.MetamodelGraphWalker - Visiting attribute path : player
20:24:24.885 [main] DEBUG org.hibernate.loader.plan.build.internal.spaces.QuerySpacesImpl - Adding QuerySpace : uid = <gen:1> -> org.hibernate.loader.plan.build.internal.spaces.EntityQuerySpaceImpl@7ed8b44]
20:24:24.885 [main] DEBUG org.hibernate.loader.plan.build.internal.FetchStyleLoadPlanBuildingAssociationVisitationStrategy - Building LoadPlan...
20:24:24.885 [main] DEBUG org.hibernate.loader.plan.exec.internal.LoadQueryJoinAndFetchProcessor - processing queryspace <gen:0>
20:24:24.885 [main] DEBUG org.hibernate.loader.plan.build.spi.LoadPlanTreePrinter - LoadPlan(entity=tau.mmo.domain.Item)
    - Returns
       - EntityReturnImpl(entity=tau.mmo.domain.Item, querySpaceUid=<gen:0>, path=tau.mmo.domain.Item)
          - EntityAttributeFetchImpl(entity=tau.mmo.domain.Player, querySpaceUid=<gen:1>, path=tau.mmo.domain.Item.player)
    - QuerySpaces
       - EntityQuerySpaceImpl(uid=<gen:0>, entity=tau.mmo.domain.Item)
          - SQL table alias mapping - item0_
          - alias suffix - 0_
          - suffixed key columns - {id1_0_0_}

20:24:24.885 [main] DEBUG org.hibernate.loader.entity.plan.EntityLoader - Static select for entity tau.mmo.domain.Item [OPTIMISTIC_FORCE_INCREMENT]: select item0_.id as id1_0_0_, item0_.itemclass as itemclas2_0_0_, item0_.levelreq as levelreq3_0_0_, item0_.name as name4_0_0_, item0_.player_id as player_i5_0_0_ from item item0_ where item0_.id=?
20:24:24.885 [main] DEBUG org.hibernate.loader.Loader - Static select for action ACTION_MERGE on entity tau.mmo.domain.Item: select item0_.id as id1_0_0_, item0_.itemclass as itemclas2_0_0_, item0_.levelreq as levelreq3_0_0_, item0_.name as name4_0_0_, item0_.player_id as player_i5_0_0_ from item item0_ where item0_.id=?
20:24:24.885 [main] DEBUG org.hibernate.loader.Loader - Static select for action ACTION_REFRESH on entity tau.mmo.domain.Item: select item0_.id as id1_0_0_, item0_.itemclass as itemclas2_0_0_, item0_.levelreq as levelreq3_0_0_, item0_.name as name4_0_0_, item0_.player_id as player_i5_0_0_ from item item0_ where item0_.id=?
20:24:24.885 [main] DEBUG org.hibernate.persister.entity.AbstractEntityPersister - Static SQL for entity: tau.mmo.domain.Player
20:24:24.885 [main] DEBUG org.hibernate.persister.entity.AbstractEntityPersister -  Version select: select id from player where id =?
20:24:24.885 [main] DEBUG org.hibernate.persister.entity.AbstractEntityPersister -  Snapshot select: select player_.id, player_.heroclass as heroclas2_1_, player_.level as level3_1_, player_.name as name4_1_ from player player_ where player_.id=?
20:24:24.885 [main] DEBUG org.hibernate.persister.entity.AbstractEntityPersister -  Insert 0: insert into player (heroclass, level, name, id) values (?, ?, ?, ?)
20:24:24.885 [main] DEBUG org.hibernate.persister.entity.AbstractEntityPersister -  Update 0: update player set heroclass=?, level=?, name=? where id=?
20:24:24.885 [main] DEBUG org.hibernate.persister.entity.AbstractEntityPersister -  Delete 0: delete from player where id=?
20:24:24.885 [main] DEBUG org.hibernate.loader.plan.build.internal.spaces.QuerySpacesImpl - Adding QuerySpace : uid = <gen:0> -> org.hibernate.loader.plan.build.internal.spaces.EntityQuerySpaceImpl@21280cbb]
20:24:24.885 [main] DEBUG org.hibernate.persister.walking.spi.MetamodelGraphWalker - Visiting attribute path : heroclass
20:24:24.885 [main] DEBUG org.hibernate.persister.walking.spi.MetamodelGraphWalker - Visiting attribute path : items
20:24:24.892 [main] DEBUG org.hibernate.loader.plan.build.internal.spaces.QuerySpacesImpl - Adding QuerySpace : uid = <gen:1> -> org.hibernate.loader.plan.build.internal.spaces.CollectionQuerySpaceImpl@995ad50]
20:24:24.892 [main] DEBUG org.hibernate.loader.plan.build.internal.spaces.QuerySpacesImpl - Adding QuerySpace : uid = <gen:2> -> org.hibernate.loader.plan.build.internal.spaces.EntityQuerySpaceImpl@6249a08d]
20:24:24.892 [main] DEBUG org.hibernate.persister.walking.spi.MetamodelGraphWalker - Visiting attribute path : items.itemclass
20:24:24.892 [main] DEBUG org.hibernate.persister.walking.spi.MetamodelGraphWalker - Visiting attribute path : items.levelreq
20:24:24.892 [main] DEBUG org.hibernate.persister.walking.spi.MetamodelGraphWalker - Visiting attribute path : items.name
20:24:24.892 [main] DEBUG org.hibernate.persister.walking.spi.MetamodelGraphWalker - Visiting attribute path : items.player
20:24:24.892 [main] DEBUG org.hibernate.persister.walking.spi.MetamodelGraphWalker - Property path deemed to be circular : items.player
20:24:24.892 [main] DEBUG org.hibernate.persister.walking.spi.MetamodelGraphWalker - Visiting attribute path : level
20:24:24.892 [main] DEBUG org.hibernate.persister.walking.spi.MetamodelGraphWalker - Visiting attribute path : name
20:24:24.892 [main] DEBUG org.hibernate.loader.plan.build.internal.FetchStyleLoadPlanBuildingAssociationVisitationStrategy - Building LoadPlan...
20:24:24.892 [main] DEBUG org.hibernate.loader.plan.exec.internal.LoadQueryJoinAndFetchProcessor - processing queryspace <gen:0>
20:24:24.893 [main] DEBUG org.hibernate.loader.plan.build.spi.LoadPlanTreePrinter - LoadPlan(entity=tau.mmo.domain.Player)
    - Returns
       - EntityReturnImpl(entity=tau.mmo.domain.Player, querySpaceUid=<gen:0>, path=tau.mmo.domain.Player)
          - CollectionAttributeFetchImpl(collection=tau.mmo.domain.Player.items, querySpaceUid=<gen:1>, path=tau.mmo.domain.Player.items)
             - (collection element) CollectionFetchableElementEntityGraph(entity=tau.mmo.domain.Item, querySpaceUid=<gen:2>, path=tau.mmo.domain.Player.items.<elements>)
    - QuerySpaces
       - EntityQuerySpaceImpl(uid=<gen:0>, entity=tau.mmo.domain.Player)
          - SQL table alias mapping - player0_
          - alias suffix - 0_
          - suffixed key columns - {id1_1_0_}
          - JOIN (JoinDefinedByMetadata(items)) : <gen:0> -> <gen:1>
             - CollectionQuerySpaceImpl(uid=<gen:1>, collection=tau.mmo.domain.Player.items)
                - SQL table alias mapping - items1_
                - alias suffix - 1_
                - suffixed key columns - {player_i5_0_1_}
                - entity-element alias suffix - 2_
                - 2_entity-element suffixed key columns - id1_0_2_
                - JOIN (JoinDefinedByMetadata(elements)) : <gen:1> -> <gen:2>
                   - EntityQuerySpaceImpl(uid=<gen:2>, entity=tau.mmo.domain.Item)
                      - SQL table alias mapping - items1_
                      - alias suffix - 2_
                      - suffixed key columns - {id1_0_2_}

20:24:24.893 [main] DEBUG org.hibernate.loader.entity.plan.EntityLoader - Static select for entity tau.mmo.domain.Player [NONE]: select player0_.id as id1_1_0_, player0_.heroclass as heroclas2_1_0_, player0_.level as level3_1_0_, player0_.name as name4_1_0_, items1_.player_id as player_i5_0_1_, items1_.id as id1_0_1_, items1_.id as id1_0_2_, items1_.itemclass as itemclas2_0_2_, items1_.levelreq as levelreq3_0_2_, items1_.name as name4_0_2_, items1_.player_id as player_i5_0_2_ from player player0_ left outer join item items1_ on player0_.id=items1_.player_id where player0_.id=?
20:24:24.893 [main] DEBUG org.hibernate.loader.plan.build.internal.spaces.QuerySpacesImpl - Adding QuerySpace : uid = <gen:0> -> org.hibernate.loader.plan.build.internal.spaces.EntityQuerySpaceImpl@39851c5]
20:24:24.893 [main] DEBUG org.hibernate.persister.walking.spi.MetamodelGraphWalker - Visiting attribute path : heroclass
20:24:24.893 [main] DEBUG org.hibernate.persister.walking.spi.MetamodelGraphWalker - Visiting attribute path : items
20:24:24.893 [main] DEBUG org.hibernate.loader.plan.build.internal.spaces.QuerySpacesImpl - Adding QuerySpace : uid = <gen:1> -> org.hibernate.loader.plan.build.internal.spaces.CollectionQuerySpaceImpl@698f4aa]
20:24:24.893 [main] DEBUG org.hibernate.loader.plan.build.internal.spaces.QuerySpacesImpl - Adding QuerySpace : uid = <gen:2> -> org.hibernate.loader.plan.build.internal.spaces.EntityQuerySpaceImpl@3dda8a2e]
20:24:24.893 [main] DEBUG org.hibernate.persister.walking.spi.MetamodelGraphWalker - Visiting attribute path : items.itemclass
20:24:24.893 [main] DEBUG org.hibernate.persister.walking.spi.MetamodelGraphWalker - Visiting attribute path : items.levelreq
20:24:24.893 [main] DEBUG org.hibernate.persister.walking.spi.MetamodelGraphWalker - Visiting attribute path : items.name
20:24:24.893 [main] DEBUG org.hibernate.persister.walking.spi.MetamodelGraphWalker - Visiting attribute path : items.player
20:24:24.893 [main] DEBUG org.hibernate.persister.walking.spi.MetamodelGraphWalker - Property path deemed to be circular : items.player
20:24:24.893 [main] DEBUG org.hibernate.persister.walking.spi.MetamodelGraphWalker - Visiting attribute path : level
20:24:24.893 [main] DEBUG org.hibernate.persister.walking.spi.MetamodelGraphWalker - Visiting attribute path : name
20:24:24.893 [main] DEBUG org.hibernate.loader.plan.build.internal.FetchStyleLoadPlanBuildingAssociationVisitationStrategy - Building LoadPlan...
20:24:24.893 [main] DEBUG org.hibernate.loader.plan.exec.internal.LoadQueryJoinAndFetchProcessor - processing queryspace <gen:0>
20:24:24.893 [main] DEBUG org.hibernate.loader.plan.build.spi.LoadPlanTreePrinter - LoadPlan(entity=tau.mmo.domain.Player)
    - Returns
       - EntityReturnImpl(entity=tau.mmo.domain.Player, querySpaceUid=<gen:0>, path=tau.mmo.domain.Player)
          - CollectionAttributeFetchImpl(collection=tau.mmo.domain.Player.items, querySpaceUid=<gen:1>, path=tau.mmo.domain.Player.items)
             - (collection element) CollectionFetchableElementEntityGraph(entity=tau.mmo.domain.Item, querySpaceUid=<gen:2>, path=tau.mmo.domain.Player.items.<elements>)
    - QuerySpaces
       - EntityQuerySpaceImpl(uid=<gen:0>, entity=tau.mmo.domain.Player)
          - SQL table alias mapping - player0_
          - alias suffix - 0_
          - suffixed key columns - {id1_1_0_}
          - JOIN (JoinDefinedByMetadata(items)) : <gen:0> -> <gen:1>
             - CollectionQuerySpaceImpl(uid=<gen:1>, collection=tau.mmo.domain.Player.items)
                - SQL table alias mapping - items1_
                - alias suffix - 1_
                - suffixed key columns - {player_i5_0_1_}
                - entity-element alias suffix - 2_
                - 2_entity-element suffixed key columns - id1_0_2_
                - JOIN (JoinDefinedByMetadata(elements)) : <gen:1> -> <gen:2>
                   - EntityQuerySpaceImpl(uid=<gen:2>, entity=tau.mmo.domain.Item)
                      - SQL table alias mapping - items1_
                      - alias suffix - 2_
                      - suffixed key columns - {id1_0_2_}

20:24:24.893 [main] DEBUG org.hibernate.loader.entity.plan.EntityLoader - Static select for entity tau.mmo.domain.Player [READ]: select player0_.id as id1_1_0_, player0_.heroclass as heroclas2_1_0_, player0_.level as level3_1_0_, player0_.name as name4_1_0_, items1_.player_id as player_i5_0_1_, items1_.id as id1_0_1_, items1_.id as id1_0_2_, items1_.itemclass as itemclas2_0_2_, items1_.levelreq as levelreq3_0_2_, items1_.name as name4_0_2_, items1_.player_id as player_i5_0_2_ from player player0_ left outer join item items1_ on player0_.id=items1_.player_id where player0_.id=?
20:24:24.894 [main] DEBUG org.hibernate.loader.plan.build.internal.spaces.QuerySpacesImpl - Adding QuerySpace : uid = <gen:0> -> org.hibernate.loader.plan.build.internal.spaces.EntityQuerySpaceImpl@4756e5cc]
20:24:24.894 [main] DEBUG org.hibernate.persister.walking.spi.MetamodelGraphWalker - Visiting attribute path : heroclass
20:24:24.894 [main] DEBUG org.hibernate.persister.walking.spi.MetamodelGraphWalker - Visiting attribute path : items
20:24:24.894 [main] DEBUG org.hibernate.loader.plan.build.internal.spaces.QuerySpacesImpl - Adding QuerySpace : uid = <gen:1> -> org.hibernate.loader.plan.build.internal.spaces.CollectionQuerySpaceImpl@3dbb3fb7]
20:24:24.894 [main] DEBUG org.hibernate.loader.plan.build.internal.spaces.QuerySpacesImpl - Adding QuerySpace : uid = <gen:2> -> org.hibernate.loader.plan.build.internal.spaces.EntityQuerySpaceImpl@68a426c3]
20:24:24.894 [main] DEBUG org.hibernate.persister.walking.spi.MetamodelGraphWalker - Visiting attribute path : level
20:24:24.894 [main] DEBUG org.hibernate.persister.walking.spi.MetamodelGraphWalker - Visiting attribute path : name
20:24:24.894 [main] DEBUG org.hibernate.loader.plan.build.internal.FetchStyleLoadPlanBuildingAssociationVisitationStrategy - Building LoadPlan...
20:24:24.894 [main] DEBUG org.hibernate.loader.plan.exec.internal.LoadQueryJoinAndFetchProcessor - processing queryspace <gen:0>
20:24:24.894 [main] DEBUG org.hibernate.loader.plan.build.spi.LoadPlanTreePrinter - LoadPlan(entity=tau.mmo.domain.Player)
    - Returns
       - EntityReturnImpl(entity=tau.mmo.domain.Player, querySpaceUid=<gen:0>, path=tau.mmo.domain.Player)
          - CollectionAttributeFetchImpl(collection=tau.mmo.domain.Player.items, querySpaceUid=<gen:1>, path=tau.mmo.domain.Player.items)
             - (collection element) CollectionFetchableElementEntityGraph(entity=tau.mmo.domain.Item, querySpaceUid=<gen:2>, path=tau.mmo.domain.Player.items.<elements>)
    - QuerySpaces
       - EntityQuerySpaceImpl(uid=<gen:0>, entity=tau.mmo.domain.Player)
          - SQL table alias mapping - player0_
          - alias suffix - 0_
          - suffixed key columns - {id1_1_0_}

20:24:24.894 [main] DEBUG org.hibernate.loader.entity.plan.EntityLoader - Static select for entity tau.mmo.domain.Player [UPGRADE]: select player0_.id as id1_1_0_, player0_.heroclass as heroclas2_1_0_, player0_.level as level3_1_0_, player0_.name as name4_1_0_ from player player0_ where player0_.id=? for update
20:24:24.894 [main] DEBUG org.hibernate.loader.plan.build.internal.spaces.QuerySpacesImpl - Adding QuerySpace : uid = <gen:0> -> org.hibernate.loader.plan.build.internal.spaces.EntityQuerySpaceImpl@182cc69e]
20:24:24.894 [main] DEBUG org.hibernate.persister.walking.spi.MetamodelGraphWalker - Visiting attribute path : heroclass
20:24:24.894 [main] DEBUG org.hibernate.persister.walking.spi.MetamodelGraphWalker - Visiting attribute path : items
20:24:24.895 [main] DEBUG org.hibernate.loader.plan.build.internal.spaces.QuerySpacesImpl - Adding QuerySpace : uid = <gen:1> -> org.hibernate.loader.plan.build.internal.spaces.CollectionQuerySpaceImpl@7657d90b]
20:24:24.895 [main] DEBUG org.hibernate.loader.plan.build.internal.spaces.QuerySpacesImpl - Adding QuerySpace : uid = <gen:2> -> org.hibernate.loader.plan.build.internal.spaces.EntityQuerySpaceImpl@3f0c6b3c]
20:24:24.895 [main] DEBUG org.hibernate.persister.walking.spi.MetamodelGraphWalker - Visiting attribute path : level
20:24:24.895 [main] DEBUG org.hibernate.persister.walking.spi.MetamodelGraphWalker - Visiting attribute path : name
20:24:24.895 [main] DEBUG org.hibernate.loader.plan.build.internal.FetchStyleLoadPlanBuildingAssociationVisitationStrategy - Building LoadPlan...
20:24:24.896 [main] DEBUG org.hibernate.loader.plan.exec.internal.LoadQueryJoinAndFetchProcessor - processing queryspace <gen:0>
20:24:24.896 [main] DEBUG org.hibernate.loader.plan.build.spi.LoadPlanTreePrinter - LoadPlan(entity=tau.mmo.domain.Player)
    - Returns
       - EntityReturnImpl(entity=tau.mmo.domain.Player, querySpaceUid=<gen:0>, path=tau.mmo.domain.Player)
          - CollectionAttributeFetchImpl(collection=tau.mmo.domain.Player.items, querySpaceUid=<gen:1>, path=tau.mmo.domain.Player.items)
             - (collection element) CollectionFetchableElementEntityGraph(entity=tau.mmo.domain.Item, querySpaceUid=<gen:2>, path=tau.mmo.domain.Player.items.<elements>)
    - QuerySpaces
       - EntityQuerySpaceImpl(uid=<gen:0>, entity=tau.mmo.domain.Player)
          - SQL table alias mapping - player0_
          - alias suffix - 0_
          - suffixed key columns - {id1_1_0_}

20:24:24.896 [main] DEBUG org.hibernate.loader.entity.plan.EntityLoader - Static select for entity tau.mmo.domain.Player [UPGRADE_NOWAIT]: select player0_.id as id1_1_0_, player0_.heroclass as heroclas2_1_0_, player0_.level as level3_1_0_, player0_.name as name4_1_0_ from player player0_ where player0_.id=? for update
20:24:24.896 [main] DEBUG org.hibernate.loader.plan.build.internal.spaces.QuerySpacesImpl - Adding QuerySpace : uid = <gen:0> -> org.hibernate.loader.plan.build.internal.spaces.EntityQuerySpaceImpl@416a4275]
20:24:24.896 [main] DEBUG org.hibernate.persister.walking.spi.MetamodelGraphWalker - Visiting attribute path : heroclass
20:24:24.896 [main] DEBUG org.hibernate.persister.walking.spi.MetamodelGraphWalker - Visiting attribute path : items
20:24:24.896 [main] DEBUG org.hibernate.loader.plan.build.internal.spaces.QuerySpacesImpl - Adding QuerySpace : uid = <gen:1> -> org.hibernate.loader.plan.build.internal.spaces.CollectionQuerySpaceImpl@33215ffb]
20:24:24.896 [main] DEBUG org.hibernate.loader.plan.build.internal.spaces.QuerySpacesImpl - Adding QuerySpace : uid = <gen:2> -> org.hibernate.loader.plan.build.internal.spaces.EntityQuerySpaceImpl@6f289728]
20:24:24.896 [main] DEBUG org.hibernate.persister.walking.spi.MetamodelGraphWalker - Visiting attribute path : level
20:24:24.896 [main] DEBUG org.hibernate.persister.walking.spi.MetamodelGraphWalker - Visiting attribute path : name
20:24:24.896 [main] DEBUG org.hibernate.loader.plan.build.internal.FetchStyleLoadPlanBuildingAssociationVisitationStrategy - Building LoadPlan...
20:24:24.896 [main] DEBUG org.hibernate.loader.plan.exec.internal.LoadQueryJoinAndFetchProcessor - processing queryspace <gen:0>
20:24:24.896 [main] DEBUG org.hibernate.loader.plan.build.spi.LoadPlanTreePrinter - LoadPlan(entity=tau.mmo.domain.Player)
    - Returns
       - EntityReturnImpl(entity=tau.mmo.domain.Player, querySpaceUid=<gen:0>, path=tau.mmo.domain.Player)
          - CollectionAttributeFetchImpl(collection=tau.mmo.domain.Player.items, querySpaceUid=<gen:1>, path=tau.mmo.domain.Player.items)
             - (collection element) CollectionFetchableElementEntityGraph(entity=tau.mmo.domain.Item, querySpaceUid=<gen:2>, path=tau.mmo.domain.Player.items.<elements>)
    - QuerySpaces
       - EntityQuerySpaceImpl(uid=<gen:0>, entity=tau.mmo.domain.Player)
          - SQL table alias mapping - player0_
          - alias suffix - 0_
          - suffixed key columns - {id1_1_0_}

20:24:24.896 [main] DEBUG org.hibernate.loader.entity.plan.EntityLoader - Static select for entity tau.mmo.domain.Player [UPGRADE_SKIPLOCKED]: select player0_.id as id1_1_0_, player0_.heroclass as heroclas2_1_0_, player0_.level as level3_1_0_, player0_.name as name4_1_0_ from player player0_ where player0_.id=? for update
20:24:24.896 [main] DEBUG org.hibernate.loader.plan.build.internal.spaces.QuerySpacesImpl - Adding QuerySpace : uid = <gen:0> -> org.hibernate.loader.plan.build.internal.spaces.EntityQuerySpaceImpl@7c421952]
20:24:24.896 [main] DEBUG org.hibernate.persister.walking.spi.MetamodelGraphWalker - Visiting attribute path : heroclass
20:24:24.896 [main] DEBUG org.hibernate.persister.walking.spi.MetamodelGraphWalker - Visiting attribute path : items
20:24:24.896 [main] DEBUG org.hibernate.loader.plan.build.internal.spaces.QuerySpacesImpl - Adding QuerySpace : uid = <gen:1> -> org.hibernate.loader.plan.build.internal.spaces.CollectionQuerySpaceImpl@c6a692e]
20:24:24.896 [main] DEBUG org.hibernate.loader.plan.build.internal.spaces.QuerySpacesImpl - Adding QuerySpace : uid = <gen:2> -> org.hibernate.loader.plan.build.internal.spaces.EntityQuerySpaceImpl@27502e5c]
20:24:24.896 [main] DEBUG org.hibernate.persister.walking.spi.MetamodelGraphWalker - Visiting attribute path : level
20:24:24.896 [main] DEBUG org.hibernate.persister.walking.spi.MetamodelGraphWalker - Visiting attribute path : name
20:24:24.896 [main] DEBUG org.hibernate.loader.plan.build.internal.FetchStyleLoadPlanBuildingAssociationVisitationStrategy - Building LoadPlan...
20:24:24.896 [main] DEBUG org.hibernate.loader.plan.exec.internal.LoadQueryJoinAndFetchProcessor - processing queryspace <gen:0>
20:24:24.897 [main] DEBUG org.hibernate.loader.plan.build.spi.LoadPlanTreePrinter - LoadPlan(entity=tau.mmo.domain.Player)
    - Returns
       - EntityReturnImpl(entity=tau.mmo.domain.Player, querySpaceUid=<gen:0>, path=tau.mmo.domain.Player)
          - CollectionAttributeFetchImpl(collection=tau.mmo.domain.Player.items, querySpaceUid=<gen:1>, path=tau.mmo.domain.Player.items)
             - (collection element) CollectionFetchableElementEntityGraph(entity=tau.mmo.domain.Item, querySpaceUid=<gen:2>, path=tau.mmo.domain.Player.items.<elements>)
    - QuerySpaces
       - EntityQuerySpaceImpl(uid=<gen:0>, entity=tau.mmo.domain.Player)
          - SQL table alias mapping - player0_
          - alias suffix - 0_
          - suffixed key columns - {id1_1_0_}

20:24:24.897 [main] DEBUG org.hibernate.loader.entity.plan.EntityLoader - Static select for entity tau.mmo.domain.Player [FORCE]: select player0_.id as id1_1_0_, player0_.heroclass as heroclas2_1_0_, player0_.level as level3_1_0_, player0_.name as name4_1_0_ from player player0_ where player0_.id=? for update
20:24:24.897 [main] DEBUG org.hibernate.loader.plan.build.internal.spaces.QuerySpacesImpl - Adding QuerySpace : uid = <gen:0> -> org.hibernate.loader.plan.build.internal.spaces.EntityQuerySpaceImpl@4b343b6d]
20:24:24.897 [main] DEBUG org.hibernate.persister.walking.spi.MetamodelGraphWalker - Visiting attribute path : heroclass
20:24:24.897 [main] DEBUG org.hibernate.persister.walking.spi.MetamodelGraphWalker - Visiting attribute path : items
20:24:24.897 [main] DEBUG org.hibernate.loader.plan.build.internal.spaces.QuerySpacesImpl - Adding QuerySpace : uid = <gen:1> -> org.hibernate.loader.plan.build.internal.spaces.CollectionQuerySpaceImpl@48ae9e8b]
20:24:24.897 [main] DEBUG org.hibernate.loader.plan.build.internal.spaces.QuerySpacesImpl - Adding QuerySpace : uid = <gen:2> -> org.hibernate.loader.plan.build.internal.spaces.EntityQuerySpaceImpl@6eaa6b0c]
20:24:24.897 [main] DEBUG org.hibernate.persister.walking.spi.MetamodelGraphWalker - Visiting attribute path : level
20:24:24.897 [main] DEBUG org.hibernate.persister.walking.spi.MetamodelGraphWalker - Visiting attribute path : name
20:24:24.897 [main] DEBUG org.hibernate.loader.plan.build.internal.FetchStyleLoadPlanBuildingAssociationVisitationStrategy - Building LoadPlan...
20:24:24.897 [main] DEBUG org.hibernate.loader.plan.exec.internal.LoadQueryJoinAndFetchProcessor - processing queryspace <gen:0>
20:24:24.897 [main] DEBUG org.hibernate.loader.plan.build.spi.LoadPlanTreePrinter - LoadPlan(entity=tau.mmo.domain.Player)
    - Returns
       - EntityReturnImpl(entity=tau.mmo.domain.Player, querySpaceUid=<gen:0>, path=tau.mmo.domain.Player)
          - CollectionAttributeFetchImpl(collection=tau.mmo.domain.Player.items, querySpaceUid=<gen:1>, path=tau.mmo.domain.Player.items)
             - (collection element) CollectionFetchableElementEntityGraph(entity=tau.mmo.domain.Item, querySpaceUid=<gen:2>, path=tau.mmo.domain.Player.items.<elements>)
    - QuerySpaces
       - EntityQuerySpaceImpl(uid=<gen:0>, entity=tau.mmo.domain.Player)
          - SQL table alias mapping - player0_
          - alias suffix - 0_
          - suffixed key columns - {id1_1_0_}

20:24:24.897 [main] DEBUG org.hibernate.loader.entity.plan.EntityLoader - Static select for entity tau.mmo.domain.Player [PESSIMISTIC_READ]: select player0_.id as id1_1_0_, player0_.heroclass as heroclas2_1_0_, player0_.level as level3_1_0_, player0_.name as name4_1_0_ from player player0_ where player0_.id=? for update
20:24:24.897 [main] DEBUG org.hibernate.loader.plan.build.internal.spaces.QuerySpacesImpl - Adding QuerySpace : uid = <gen:0> -> org.hibernate.loader.plan.build.internal.spaces.EntityQuerySpaceImpl@4afcae7]
20:24:24.897 [main] DEBUG org.hibernate.persister.walking.spi.MetamodelGraphWalker - Visiting attribute path : heroclass
20:24:24.897 [main] DEBUG org.hibernate.persister.walking.spi.MetamodelGraphWalker - Visiting attribute path : items
20:24:24.897 [main] DEBUG org.hibernate.loader.plan.build.internal.spaces.QuerySpacesImpl - Adding QuerySpace : uid = <gen:1> -> org.hibernate.loader.plan.build.internal.spaces.CollectionQuerySpaceImpl@3a2bb026]
20:24:24.897 [main] DEBUG org.hibernate.loader.plan.build.internal.spaces.QuerySpacesImpl - Adding QuerySpace : uid = <gen:2> -> org.hibernate.loader.plan.build.internal.spaces.EntityQuerySpaceImpl@7645e64]
20:24:24.897 [main] DEBUG org.hibernate.persister.walking.spi.MetamodelGraphWalker - Visiting attribute path : level
20:24:24.897 [main] DEBUG org.hibernate.persister.walking.spi.MetamodelGraphWalker - Visiting attribute path : name
20:24:24.897 [main] DEBUG org.hibernate.loader.plan.build.internal.FetchStyleLoadPlanBuildingAssociationVisitationStrategy - Building LoadPlan...
20:24:24.897 [main] DEBUG org.hibernate.loader.plan.exec.internal.LoadQueryJoinAndFetchProcessor - processing queryspace <gen:0>
20:24:24.897 [main] DEBUG org.hibernate.loader.plan.build.spi.LoadPlanTreePrinter - LoadPlan(entity=tau.mmo.domain.Player)
    - Returns
       - EntityReturnImpl(entity=tau.mmo.domain.Player, querySpaceUid=<gen:0>, path=tau.mmo.domain.Player)
          - CollectionAttributeFetchImpl(collection=tau.mmo.domain.Player.items, querySpaceUid=<gen:1>, path=tau.mmo.domain.Player.items)
             - (collection element) CollectionFetchableElementEntityGraph(entity=tau.mmo.domain.Item, querySpaceUid=<gen:2>, path=tau.mmo.domain.Player.items.<elements>)
    - QuerySpaces
       - EntityQuerySpaceImpl(uid=<gen:0>, entity=tau.mmo.domain.Player)
          - SQL table alias mapping - player0_
          - alias suffix - 0_
          - suffixed key columns - {id1_1_0_}

20:24:24.897 [main] DEBUG org.hibernate.loader.entity.plan.EntityLoader - Static select for entity tau.mmo.domain.Player [PESSIMISTIC_WRITE]: select player0_.id as id1_1_0_, player0_.heroclass as heroclas2_1_0_, player0_.level as level3_1_0_, player0_.name as name4_1_0_ from player player0_ where player0_.id=? for update
20:24:24.897 [main] DEBUG org.hibernate.loader.plan.build.internal.spaces.QuerySpacesImpl - Adding QuerySpace : uid = <gen:0> -> org.hibernate.loader.plan.build.internal.spaces.EntityQuerySpaceImpl@7de6549d]
20:24:24.897 [main] DEBUG org.hibernate.persister.walking.spi.MetamodelGraphWalker - Visiting attribute path : heroclass
20:24:24.898 [main] DEBUG org.hibernate.persister.walking.spi.MetamodelGraphWalker - Visiting attribute path : items
20:24:24.898 [main] DEBUG org.hibernate.loader.plan.build.internal.spaces.QuerySpacesImpl - Adding QuerySpace : uid = <gen:1> -> org.hibernate.loader.plan.build.internal.spaces.CollectionQuerySpaceImpl@756c67cd]
20:24:24.898 [main] DEBUG org.hibernate.loader.plan.build.internal.spaces.QuerySpacesImpl - Adding QuerySpace : uid = <gen:2> -> org.hibernate.loader.plan.build.internal.spaces.EntityQuerySpaceImpl@50de907a]
20:24:24.898 [main] DEBUG org.hibernate.persister.walking.spi.MetamodelGraphWalker - Visiting attribute path : level
20:24:24.898 [main] DEBUG org.hibernate.persister.walking.spi.MetamodelGraphWalker - Visiting attribute path : name
20:24:24.898 [main] DEBUG org.hibernate.loader.plan.build.internal.FetchStyleLoadPlanBuildingAssociationVisitationStrategy - Building LoadPlan...
20:24:24.898 [main] DEBUG org.hibernate.loader.plan.exec.internal.LoadQueryJoinAndFetchProcessor - processing queryspace <gen:0>
20:24:24.898 [main] DEBUG org.hibernate.loader.plan.build.spi.LoadPlanTreePrinter - LoadPlan(entity=tau.mmo.domain.Player)
    - Returns
       - EntityReturnImpl(entity=tau.mmo.domain.Player, querySpaceUid=<gen:0>, path=tau.mmo.domain.Player)
          - CollectionAttributeFetchImpl(collection=tau.mmo.domain.Player.items, querySpaceUid=<gen:1>, path=tau.mmo.domain.Player.items)
             - (collection element) CollectionFetchableElementEntityGraph(entity=tau.mmo.domain.Item, querySpaceUid=<gen:2>, path=tau.mmo.domain.Player.items.<elements>)
    - QuerySpaces
       - EntityQuerySpaceImpl(uid=<gen:0>, entity=tau.mmo.domain.Player)
          - SQL table alias mapping - player0_
          - alias suffix - 0_
          - suffixed key columns - {id1_1_0_}

20:24:24.898 [main] DEBUG org.hibernate.loader.entity.plan.EntityLoader - Static select for entity tau.mmo.domain.Player [PESSIMISTIC_FORCE_INCREMENT]: select player0_.id as id1_1_0_, player0_.heroclass as heroclas2_1_0_, player0_.level as level3_1_0_, player0_.name as name4_1_0_ from player player0_ where player0_.id=? for update
20:24:24.898 [main] DEBUG org.hibernate.loader.plan.build.internal.spaces.QuerySpacesImpl - Adding QuerySpace : uid = <gen:0> -> org.hibernate.loader.plan.build.internal.spaces.EntityQuerySpaceImpl@1fd37440]
20:24:24.898 [main] DEBUG org.hibernate.persister.walking.spi.MetamodelGraphWalker - Visiting attribute path : heroclass
20:24:24.898 [main] DEBUG org.hibernate.persister.walking.spi.MetamodelGraphWalker - Visiting attribute path : items
20:24:24.898 [main] DEBUG org.hibernate.loader.plan.build.internal.spaces.QuerySpacesImpl - Adding QuerySpace : uid = <gen:1> -> org.hibernate.loader.plan.build.internal.spaces.CollectionQuerySpaceImpl@11574592]
20:24:24.898 [main] DEBUG org.hibernate.loader.plan.build.internal.spaces.QuerySpacesImpl - Adding QuerySpace : uid = <gen:2> -> org.hibernate.loader.plan.build.internal.spaces.EntityQuerySpaceImpl@352e5a82]
20:24:24.898 [main] DEBUG org.hibernate.persister.walking.spi.MetamodelGraphWalker - Visiting attribute path : level
20:24:24.898 [main] DEBUG org.hibernate.persister.walking.spi.MetamodelGraphWalker - Visiting attribute path : name
20:24:24.898 [main] DEBUG org.hibernate.loader.plan.build.internal.FetchStyleLoadPlanBuildingAssociationVisitationStrategy - Building LoadPlan...
20:24:24.898 [main] DEBUG org.hibernate.loader.plan.exec.internal.LoadQueryJoinAndFetchProcessor - processing queryspace <gen:0>
20:24:24.898 [main] DEBUG org.hibernate.loader.plan.build.spi.LoadPlanTreePrinter - LoadPlan(entity=tau.mmo.domain.Player)
    - Returns
       - EntityReturnImpl(entity=tau.mmo.domain.Player, querySpaceUid=<gen:0>, path=tau.mmo.domain.Player)
          - CollectionAttributeFetchImpl(collection=tau.mmo.domain.Player.items, querySpaceUid=<gen:1>, path=tau.mmo.domain.Player.items)
             - (collection element) CollectionFetchableElementEntityGraph(entity=tau.mmo.domain.Item, querySpaceUid=<gen:2>, path=tau.mmo.domain.Player.items.<elements>)
    - QuerySpaces
       - EntityQuerySpaceImpl(uid=<gen:0>, entity=tau.mmo.domain.Player)
          - SQL table alias mapping - player0_
          - alias suffix - 0_
          - suffixed key columns - {id1_1_0_}

20:24:24.898 [main] DEBUG org.hibernate.loader.entity.plan.EntityLoader - Static select for entity tau.mmo.domain.Player [OPTIMISTIC]: select player0_.id as id1_1_0_, player0_.heroclass as heroclas2_1_0_, player0_.level as level3_1_0_, player0_.name as name4_1_0_ from player player0_ where player0_.id=?
20:24:24.898 [main] DEBUG org.hibernate.loader.plan.build.internal.spaces.QuerySpacesImpl - Adding QuerySpace : uid = <gen:0> -> org.hibernate.loader.plan.build.internal.spaces.EntityQuerySpaceImpl@315b5913]
20:24:24.898 [main] DEBUG org.hibernate.persister.walking.spi.MetamodelGraphWalker - Visiting attribute path : heroclass
20:24:24.898 [main] DEBUG org.hibernate.persister.walking.spi.MetamodelGraphWalker - Visiting attribute path : items
20:24:24.898 [main] DEBUG org.hibernate.loader.plan.build.internal.spaces.QuerySpacesImpl - Adding QuerySpace : uid = <gen:1> -> org.hibernate.loader.plan.build.internal.spaces.CollectionQuerySpaceImpl@5423a17]
20:24:24.898 [main] DEBUG org.hibernate.loader.plan.build.internal.spaces.QuerySpacesImpl - Adding QuerySpace : uid = <gen:2> -> org.hibernate.loader.plan.build.internal.spaces.EntityQuerySpaceImpl@42ff9a77]
20:24:24.898 [main] DEBUG org.hibernate.persister.walking.spi.MetamodelGraphWalker - Visiting attribute path : level
20:24:24.898 [main] DEBUG org.hibernate.persister.walking.spi.MetamodelGraphWalker - Visiting attribute path : name
20:24:24.898 [main] DEBUG org.hibernate.loader.plan.build.internal.FetchStyleLoadPlanBuildingAssociationVisitationStrategy - Building LoadPlan...
20:24:24.898 [main] DEBUG org.hibernate.loader.plan.exec.internal.LoadQueryJoinAndFetchProcessor - processing queryspace <gen:0>
20:24:24.899 [main] DEBUG org.hibernate.loader.plan.build.spi.LoadPlanTreePrinter - LoadPlan(entity=tau.mmo.domain.Player)
    - Returns
       - EntityReturnImpl(entity=tau.mmo.domain.Player, querySpaceUid=<gen:0>, path=tau.mmo.domain.Player)
          - CollectionAttributeFetchImpl(collection=tau.mmo.domain.Player.items, querySpaceUid=<gen:1>, path=tau.mmo.domain.Player.items)
             - (collection element) CollectionFetchableElementEntityGraph(entity=tau.mmo.domain.Item, querySpaceUid=<gen:2>, path=tau.mmo.domain.Player.items.<elements>)
    - QuerySpaces
       - EntityQuerySpaceImpl(uid=<gen:0>, entity=tau.mmo.domain.Player)
          - SQL table alias mapping - player0_
          - alias suffix - 0_
          - suffixed key columns - {id1_1_0_}

20:24:24.899 [main] DEBUG org.hibernate.loader.entity.plan.EntityLoader - Static select for entity tau.mmo.domain.Player [OPTIMISTIC_FORCE_INCREMENT]: select player0_.id as id1_1_0_, player0_.heroclass as heroclas2_1_0_, player0_.level as level3_1_0_, player0_.name as name4_1_0_ from player player0_ where player0_.id=?
20:24:24.899 [main] DEBUG org.hibernate.loader.Loader - Static select for action ACTION_MERGE on entity tau.mmo.domain.Player: select player0_.id as id1_1_0_, player0_.heroclass as heroclas2_1_0_, player0_.level as level3_1_0_, player0_.name as name4_1_0_ from player player0_ where player0_.id=?
20:24:24.899 [main] DEBUG org.hibernate.loader.Loader - Static select for action ACTION_REFRESH on entity tau.mmo.domain.Player: select player0_.id as id1_1_0_, player0_.heroclass as heroclas2_1_0_, player0_.level as level3_1_0_, player0_.name as name4_1_0_ from player player0_ where player0_.id=?
20:24:24.899 [main] DEBUG org.hibernate.loader.plan.build.internal.spaces.QuerySpacesImpl - Adding QuerySpace : uid = <gen:0> -> org.hibernate.loader.plan.build.internal.spaces.CollectionQuerySpaceImpl@2987d0fa]
20:24:24.899 [main] DEBUG org.hibernate.loader.plan.build.internal.spaces.QuerySpacesImpl - Adding QuerySpace : uid = <gen:1> -> org.hibernate.loader.plan.build.internal.spaces.EntityQuerySpaceImpl@13234ac9]
20:24:24.899 [main] DEBUG org.hibernate.persister.walking.spi.MetamodelGraphWalker - Visiting attribute path : itemclass
20:24:24.899 [main] DEBUG org.hibernate.persister.walking.spi.MetamodelGraphWalker - Visiting attribute path : levelreq
20:24:24.899 [main] DEBUG org.hibernate.persister.walking.spi.MetamodelGraphWalker - Visiting attribute path : name
20:24:24.899 [main] DEBUG org.hibernate.persister.walking.spi.MetamodelGraphWalker - Visiting attribute path : player
20:24:24.899 [main] DEBUG org.hibernate.persister.walking.spi.MetamodelGraphWalker - Property path deemed to be circular : player
20:24:24.899 [main] DEBUG org.hibernate.loader.plan.build.internal.FetchStyleLoadPlanBuildingAssociationVisitationStrategy - Building LoadPlan...
20:24:24.899 [main] DEBUG org.hibernate.loader.plan.exec.internal.LoadQueryJoinAndFetchProcessor - processing queryspace <gen:0>
20:24:24.899 [main] DEBUG org.hibernate.loader.plan.build.spi.LoadPlanTreePrinter - LoadPlan(collection=tau.mmo.domain.Player.items)
    - Returns
       - CollectionReturnImpl(collection=tau.mmo.domain.Player.items, querySpaceUid=<gen:0>, path=[tau.mmo.domain.Player.items])
          - (collection element) CollectionFetchableElementEntityGraph(entity=tau.mmo.domain.Item, querySpaceUid=<gen:1>, path=[tau.mmo.domain.Player.items].<elements>)
    - QuerySpaces
       - CollectionQuerySpaceImpl(uid=<gen:0>, collection=tau.mmo.domain.Player.items)
          - SQL table alias mapping - items0_
          - alias suffix - 0_
          - suffixed key columns - {player_i5_0_0_}
          - entity-element alias suffix - 1_
          - 1_entity-element suffixed key columns - id1_0_1_
          - JOIN (JoinDefinedByMetadata(elements)) : <gen:0> -> <gen:1>
             - EntityQuerySpaceImpl(uid=<gen:1>, entity=tau.mmo.domain.Item)
                - SQL table alias mapping - items0_
                - alias suffix - 1_
                - suffixed key columns - {id1_0_1_}

20:24:24.899 [main] DEBUG org.hibernate.loader.collection.plan.CollectionLoader - Static select for collection tau.mmo.domain.Player.items: select items0_.player_id as player_i5_0_0_, items0_.id as id1_0_0_, items0_.id as id1_0_1_, items0_.itemclass as itemclas2_0_1_, items0_.levelreq as levelreq3_0_1_, items0_.name as name4_0_1_, items0_.player_id as player_i5_0_1_ from item items0_ where items0_.player_id=?
20:24:24.899 [main] DEBUG org.hibernate.internal.SessionFactoryImpl - Instantiated session factory
20:24:24.899 [main] DEBUG org.springframework.jdbc.datasource.DriverManagerDataSource - Creating new JDBC DriverManager Connection to [jdbc:hsqldb:hsql://localhost/workdb]
20:24:24.900 [main] DEBUG org.hibernate.engine.jdbc.spi.SqlExceptionHelper - Unable to open JDBC Connection for DDL execution [n/a]
java.sql.SQLTransientConnectionException: java.net.ConnectException: Połączenie odrzucone (Connection refused)
	at org.hsqldb.jdbc.JDBCUtil.sqlException(Unknown Source)
	at org.hsqldb.jdbc.JDBCUtil.sqlException(Unknown Source)
	at org.hsqldb.jdbc.JDBCConnection.<init>(Unknown Source)
	at org.hsqldb.jdbc.JDBCDriver.getConnection(Unknown Source)
	at org.hsqldb.jdbc.JDBCDriver.connect(Unknown Source)
	at java.sql/java.sql.DriverManager.getConnection(DriverManager.java:677)
	at java.sql/java.sql.DriverManager.getConnection(DriverManager.java:189)
	at org.springframework.jdbc.datasource.DriverManagerDataSource.getConnectionFromDriverManager(DriverManagerDataSource.java:154)
	at org.springframework.jdbc.datasource.DriverManagerDataSource.getConnectionFromDriver(DriverManagerDataSource.java:145)
	at org.springframework.jdbc.datasource.AbstractDriverBasedDataSource.getConnectionFromDriver(AbstractDriverBasedDataSource.java:205)
	at org.springframework.jdbc.datasource.AbstractDriverBasedDataSource.getConnection(AbstractDriverBasedDataSource.java:169)
	at org.hibernate.engine.jdbc.connections.internal.DatasourceConnectionProviderImpl.getConnection(DatasourceConnectionProviderImpl.java:122)
	at org.hibernate.engine.jdbc.env.internal.JdbcEnvironmentInitiator$ConnectionProviderJdbcConnectionAccess.obtainConnection(JdbcEnvironmentInitiator.java:180)
	at org.hibernate.resource.transaction.backend.jdbc.internal.DdlTransactionIsolatorNonJtaImpl.getIsolatedConnection(DdlTransactionIsolatorNonJtaImpl.java:43)
	at org.hibernate.tool.schema.internal.exec.ImprovedExtractionContextImpl.getJdbcConnection(ImprovedExtractionContextImpl.java:60)
	at org.hibernate.tool.schema.extract.internal.SequenceInformationExtractorLegacyImpl.extractMetadata(SequenceInformationExtractorLegacyImpl.java:40)
	at org.hibernate.tool.schema.extract.internal.DatabaseInformationImpl.initializeSequences(DatabaseInformationImpl.java:65)
	at org.hibernate.tool.schema.extract.internal.DatabaseInformationImpl.<init>(DatabaseInformationImpl.java:59)
	at org.hibernate.tool.schema.internal.Helper.buildDatabaseInformation(Helper.java:130)
	at org.hibernate.tool.schema.internal.AbstractSchemaMigrator.doMigration(AbstractSchemaMigrator.java:92)
	at org.hibernate.tool.schema.spi.SchemaManagementToolCoordinator.performDatabaseAction(SchemaManagementToolCoordinator.java:176)
	at org.hibernate.tool.schema.spi.SchemaManagementToolCoordinator.process(SchemaManagementToolCoordinator.java:65)
	at org.hibernate.internal.SessionFactoryImpl.<init>(SessionFactoryImpl.java:459)
	at org.hibernate.boot.internal.SessionFactoryBuilderImpl.build(SessionFactoryBuilderImpl.java:465)
	at org.hibernate.cfg.Configuration.buildSessionFactory(Configuration.java:711)
	at org.hibernate.cfg.Configuration.buildSessionFactory(Configuration.java:727)
	at org.springframework.orm.hibernate5.LocalSessionFactoryBean.buildSessionFactory(LocalSessionFactoryBean.java:615)
	at org.springframework.orm.hibernate5.LocalSessionFactoryBean.afterPropertiesSet(LocalSessionFactoryBean.java:599)
	at org.springframework.beans.factory.support.AbstractAutowireCapableBeanFactory.invokeInitMethods(AbstractAutowireCapableBeanFactory.java:1837)
	at org.springframework.beans.factory.support.AbstractAutowireCapableBeanFactory.initializeBean(AbstractAutowireCapableBeanFactory.java:1774)
	at org.springframework.beans.factory.support.AbstractAutowireCapableBeanFactory.doCreateBean(AbstractAutowireCapableBeanFactory.java:593)
	at org.springframework.beans.factory.support.AbstractAutowireCapableBeanFactory.createBean(AbstractAutowireCapableBeanFactory.java:515)
	at org.springframework.beans.factory.support.AbstractBeanFactory.lambda$doGetBean$0(AbstractBeanFactory.java:320)
	at org.springframework.beans.factory.support.DefaultSingletonBeanRegistry.getSingleton(DefaultSingletonBeanRegistry.java:222)
	at org.springframework.beans.factory.support.AbstractBeanFactory.doGetBean(AbstractBeanFactory.java:318)
	at org.springframework.beans.factory.support.AbstractBeanFactory.getBean(AbstractBeanFactory.java:199)
	at org.springframework.beans.factory.config.DependencyDescriptor.resolveCandidate(DependencyDescriptor.java:277)
	at org.springframework.beans.factory.support.DefaultListableBeanFactory.doResolveDependency(DefaultListableBeanFactory.java:1247)
	at org.springframework.beans.factory.support.DefaultListableBeanFactory.resolveDependency(DefaultListableBeanFactory.java:1167)
	at org.springframework.beans.factory.annotation.AutowiredAnnotationBeanPostProcessor$AutowiredFieldElement.inject(AutowiredAnnotationBeanPostProcessor.java:593)
	at org.springframework.beans.factory.annotation.InjectionMetadata.inject(InjectionMetadata.java:90)
	at org.springframework.beans.factory.annotation.AutowiredAnnotationBeanPostProcessor.postProcessProperties(AutowiredAnnotationBeanPostProcessor.java:374)
	at org.springframework.beans.factory.support.AbstractAutowireCapableBeanFactory.populateBean(AbstractAutowireCapableBeanFactory.java:1411)
	at org.springframework.beans.factory.support.AbstractAutowireCapableBeanFactory.doCreateBean(AbstractAutowireCapableBeanFactory.java:592)
	at org.springframework.beans.factory.support.AbstractAutowireCapableBeanFactory.createBean(AbstractAutowireCapableBeanFactory.java:515)
	at org.springframework.beans.factory.support.AbstractBeanFactory.lambda$doGetBean$0(AbstractBeanFactory.java:320)
	at org.springframework.beans.factory.support.DefaultSingletonBeanRegistry.getSingleton(DefaultSingletonBeanRegistry.java:222)
	at org.springframework.beans.factory.support.AbstractBeanFactory.doGetBean(AbstractBeanFactory.java:318)
	at org.springframework.beans.factory.support.AbstractBeanFactory.getBean(AbstractBeanFactory.java:199)
	at org.springframework.beans.factory.config.DependencyDescriptor.resolveCandidate(DependencyDescriptor.java:277)
	at org.springframework.beans.factory.support.DefaultListableBeanFactory.doResolveDependency(DefaultListableBeanFactory.java:1247)
	at org.springframework.beans.factory.support.DefaultListableBeanFactory.resolveDependency(DefaultListableBeanFactory.java:1167)
	at org.springframework.beans.factory.annotation.AutowiredAnnotationBeanPostProcessor$AutowiredFieldElement.inject(AutowiredAnnotationBeanPostProcessor.java:593)
	at org.springframework.beans.factory.annotation.InjectionMetadata.inject(InjectionMetadata.java:90)
	at org.springframework.beans.factory.annotation.AutowiredAnnotationBeanPostProcessor.postProcessProperties(AutowiredAnnotationBeanPostProcessor.java:374)
	at org.springframework.beans.factory.support.AbstractAutowireCapableBeanFactory.populateBean(AbstractAutowireCapableBeanFactory.java:1411)
	at org.springframework.beans.factory.support.AbstractAutowireCapableBeanFactory.doCreateBean(AbstractAutowireCapableBeanFactory.java:592)
	at org.springframework.beans.factory.support.AbstractAutowireCapableBeanFactory.createBean(AbstractAutowireCapableBeanFactory.java:515)
	at org.springframework.beans.factory.support.AbstractBeanFactory.lambda$doGetBean$0(AbstractBeanFactory.java:320)
	at org.springframework.beans.factory.support.DefaultSingletonBeanRegistry.getSingleton(DefaultSingletonBeanRegistry.java:222)
	at org.springframework.beans.factory.support.AbstractBeanFactory.doGetBean(AbstractBeanFactory.java:318)
	at org.springframework.beans.factory.support.AbstractBeanFactory.getBean(AbstractBeanFactory.java:199)
	at org.springframework.beans.factory.support.DefaultListableBeanFactory.preInstantiateSingletons(DefaultListableBeanFactory.java:849)
	at org.springframework.context.support.AbstractApplicationContext.finishBeanFactoryInitialization(AbstractApplicationContext.java:877)
	at org.springframework.context.support.AbstractApplicationContext.refresh(AbstractApplicationContext.java:549)
	at org.springframework.test.context.support.AbstractGenericContextLoader.loadContext(AbstractGenericContextLoader.java:128)
	at org.springframework.test.context.support.AbstractGenericContextLoader.loadContext(AbstractGenericContextLoader.java:60)
	at org.springframework.test.context.support.AbstractDelegatingSmartContextLoader.delegateLoading(AbstractDelegatingSmartContextLoader.java:275)
	at org.springframework.test.context.support.AbstractDelegatingSmartContextLoader.loadContext(AbstractDelegatingSmartContextLoader.java:243)
	at org.springframework.test.context.cache.DefaultCacheAwareContextLoaderDelegate.loadContextInternal(DefaultCacheAwareContextLoaderDelegate.java:99)
	at org.springframework.test.context.cache.DefaultCacheAwareContextLoaderDelegate.loadContext(DefaultCacheAwareContextLoaderDelegate.java:117)
	at org.springframework.test.context.support.DefaultTestContext.getApplicationContext(DefaultTestContext.java:108)
	at org.springframework.test.context.support.DependencyInjectionTestExecutionListener.injectDependencies(DependencyInjectionTestExecutionListener.java:118)
	at org.springframework.test.context.support.DependencyInjectionTestExecutionListener.prepareTestInstance(DependencyInjectionTestExecutionListener.java:83)
	at org.springframework.test.context.TestContextManager.prepareTestInstance(TestContextManager.java:246)
	at org.springframework.test.context.junit4.SpringJUnit4ClassRunner.createTest(SpringJUnit4ClassRunner.java:227)
	at org.springframework.test.context.junit4.SpringJUnit4ClassRunner$1.runReflectiveCall(SpringJUnit4ClassRunner.java:289)
	at org.junit.internal.runners.model.ReflectiveCallable.run(ReflectiveCallable.java:12)
	at org.springframework.test.context.junit4.SpringJUnit4ClassRunner.methodBlock(SpringJUnit4ClassRunner.java:291)
	at org.springframework.test.context.junit4.SpringJUnit4ClassRunner.runChild(SpringJUnit4ClassRunner.java:246)
	at org.springframework.test.context.junit4.SpringJUnit4ClassRunner.runChild(SpringJUnit4ClassRunner.java:97)
	at org.junit.runners.ParentRunner$3.run(ParentRunner.java:290)
	at org.junit.runners.ParentRunner$1.schedule(ParentRunner.java:71)
	at org.junit.runners.ParentRunner.runChildren(ParentRunner.java:288)
	at org.junit.runners.ParentRunner.access$000(ParentRunner.java:58)
	at org.junit.runners.ParentRunner$2.evaluate(ParentRunner.java:268)
	at org.springframework.test.context.junit4.statements.RunBeforeTestClassCallbacks.evaluate(RunBeforeTestClassCallbacks.java:61)
	at org.springframework.test.context.junit4.statements.RunAfterTestClassCallbacks.evaluate(RunAfterTestClassCallbacks.java:70)
	at org.junit.runners.ParentRunner.run(ParentRunner.java:363)
	at org.springframework.test.context.junit4.SpringJUnit4ClassRunner.run(SpringJUnit4ClassRunner.java:190)
	at org.apache.maven.surefire.junit4.JUnit4Provider.execute(JUnit4Provider.java:365)
	at org.apache.maven.surefire.junit4.JUnit4Provider.executeWithRerun(JUnit4Provider.java:273)
	at org.apache.maven.surefire.junit4.JUnit4Provider.executeTestSet(JUnit4Provider.java:238)
	at org.apache.maven.surefire.junit4.JUnit4Provider.invoke(JUnit4Provider.java:159)
	at org.apache.maven.surefire.booter.ForkedBooter.invokeProviderInSameClassLoader(ForkedBooter.java:384)
	at org.apache.maven.surefire.booter.ForkedBooter.runSuitesInProcess(ForkedBooter.java:345)
	at org.apache.maven.surefire.booter.ForkedBooter.execute(ForkedBooter.java:126)
	at org.apache.maven.surefire.booter.ForkedBooter.main(ForkedBooter.java:418)
Caused by: org.hsqldb.HsqlException: java.net.ConnectException: Połączenie odrzucone (Connection refused)
	at org.hsqldb.ClientConnection.openConnection(Unknown Source)
	at org.hsqldb.ClientConnection.initConnection(Unknown Source)
	at org.hsqldb.ClientConnection.<init>(Unknown Source)
	... 96 common frames omitted
Caused by: java.net.ConnectException: Połączenie odrzucone (Connection refused)
	at java.base/java.net.PlainSocketImpl.socketConnect(Native Method)
	at java.base/java.net.AbstractPlainSocketImpl.doConnect(AbstractPlainSocketImpl.java:399)
	at java.base/java.net.AbstractPlainSocketImpl.connectToAddress(AbstractPlainSocketImpl.java:242)
	at java.base/java.net.AbstractPlainSocketImpl.connect(AbstractPlainSocketImpl.java:224)
	at java.base/java.net.SocksSocketImpl.connect(SocksSocketImpl.java:403)
	at java.base/java.net.Socket.connect(Socket.java:591)
	at java.base/java.net.Socket.connect(Socket.java:540)
	at java.base/java.net.Socket.<init>(Socket.java:436)
	at java.base/java.net.Socket.<init>(Socket.java:213)
	at org.hsqldb.server.HsqlSocketFactory.createSocket(Unknown Source)
	... 99 common frames omitted
20:24:24.901 [main] WARN org.hibernate.engine.jdbc.spi.SqlExceptionHelper - SQL Error: -1301, SQLState: 08001
20:24:24.901 [main] ERROR org.hibernate.engine.jdbc.spi.SqlExceptionHelper - java.net.ConnectException: Połączenie odrzucone (Connection refused)
20:24:24.901 [main] WARN org.springframework.context.support.GenericApplicationContext - Exception encountered during context initialization - cancelling refresh attempt: org.springframework.beans.factory.UnsatisfiedDependencyException: Error creating bean with name 'playerController': Unsatisfied dependency expressed through field 'playerManager'; nested exception is org.springframework.beans.factory.UnsatisfiedDependencyException: Error creating bean with name 'playerManagerHibernateImpl': Unsatisfied dependency expressed through field 'sessionFactory'; nested exception is org.springframework.beans.factory.BeanCreationException: Error creating bean with name 'hibernateSessionFactory' defined in class path resource [beans.xml]: Invocation of init method failed; nested exception is org.hibernate.exception.JDBCConnectionException: Unable to open JDBC Connection for DDL execution
20:24:24.901 [main] ERROR org.springframework.test.context.TestContextManager - Caught exception while allowing TestExecutionListener [org.springframework.test.context.support.DependencyInjectionTestExecutionListener@6a400542] to prepare test instance [tau.mmo.service.PlayerManagerTest@2ae3235e]
java.lang.IllegalStateException: Failed to load ApplicationContext
	at org.springframework.test.context.cache.DefaultCacheAwareContextLoaderDelegate.loadContext(DefaultCacheAwareContextLoaderDelegate.java:125)
	at org.springframework.test.context.support.DefaultTestContext.getApplicationContext(DefaultTestContext.java:108)
	at org.springframework.test.context.support.DependencyInjectionTestExecutionListener.injectDependencies(DependencyInjectionTestExecutionListener.java:118)
	at org.springframework.test.context.support.DependencyInjectionTestExecutionListener.prepareTestInstance(DependencyInjectionTestExecutionListener.java:83)
	at org.springframework.test.context.TestContextManager.prepareTestInstance(TestContextManager.java:246)
	at org.springframework.test.context.junit4.SpringJUnit4ClassRunner.createTest(SpringJUnit4ClassRunner.java:227)
	at org.springframework.test.context.junit4.SpringJUnit4ClassRunner$1.runReflectiveCall(SpringJUnit4ClassRunner.java:289)
	at org.junit.internal.runners.model.ReflectiveCallable.run(ReflectiveCallable.java:12)
	at org.springframework.test.context.junit4.SpringJUnit4ClassRunner.methodBlock(SpringJUnit4ClassRunner.java:291)
	at org.springframework.test.context.junit4.SpringJUnit4ClassRunner.runChild(SpringJUnit4ClassRunner.java:246)
	at org.springframework.test.context.junit4.SpringJUnit4ClassRunner.runChild(SpringJUnit4ClassRunner.java:97)
	at org.junit.runners.ParentRunner$3.run(ParentRunner.java:290)
	at org.junit.runners.ParentRunner$1.schedule(ParentRunner.java:71)
	at org.junit.runners.ParentRunner.runChildren(ParentRunner.java:288)
	at org.junit.runners.ParentRunner.access$000(ParentRunner.java:58)
	at org.junit.runners.ParentRunner$2.evaluate(ParentRunner.java:268)
	at org.springframework.test.context.junit4.statements.RunBeforeTestClassCallbacks.evaluate(RunBeforeTestClassCallbacks.java:61)
	at org.springframework.test.context.junit4.statements.RunAfterTestClassCallbacks.evaluate(RunAfterTestClassCallbacks.java:70)
	at org.junit.runners.ParentRunner.run(ParentRunner.java:363)
	at org.springframework.test.context.junit4.SpringJUnit4ClassRunner.run(SpringJUnit4ClassRunner.java:190)
	at org.apache.maven.surefire.junit4.JUnit4Provider.execute(JUnit4Provider.java:365)
	at org.apache.maven.surefire.junit4.JUnit4Provider.executeWithRerun(JUnit4Provider.java:273)
	at org.apache.maven.surefire.junit4.JUnit4Provider.executeTestSet(JUnit4Provider.java:238)
	at org.apache.maven.surefire.junit4.JUnit4Provider.invoke(JUnit4Provider.java:159)
	at org.apache.maven.surefire.booter.ForkedBooter.invokeProviderInSameClassLoader(ForkedBooter.java:384)
	at org.apache.maven.surefire.booter.ForkedBooter.runSuitesInProcess(ForkedBooter.java:345)
	at org.apache.maven.surefire.booter.ForkedBooter.execute(ForkedBooter.java:126)
	at org.apache.maven.surefire.booter.ForkedBooter.main(ForkedBooter.java:418)
Caused by: org.springframework.beans.factory.UnsatisfiedDependencyException: Error creating bean with name 'playerController': Unsatisfied dependency expressed through field 'playerManager'; nested exception is org.springframework.beans.factory.UnsatisfiedDependencyException: Error creating bean with name 'playerManagerHibernateImpl': Unsatisfied dependency expressed through field 'sessionFactory'; nested exception is org.springframework.beans.factory.BeanCreationException: Error creating bean with name 'hibernateSessionFactory' defined in class path resource [beans.xml]: Invocation of init method failed; nested exception is org.hibernate.exception.JDBCConnectionException: Unable to open JDBC Connection for DDL execution
	at org.springframework.beans.factory.annotation.AutowiredAnnotationBeanPostProcessor$AutowiredFieldElement.inject(AutowiredAnnotationBeanPostProcessor.java:596)
	at org.springframework.beans.factory.annotation.InjectionMetadata.inject(InjectionMetadata.java:90)
	at org.springframework.beans.factory.annotation.AutowiredAnnotationBeanPostProcessor.postProcessProperties(AutowiredAnnotationBeanPostProcessor.java:374)
	at org.springframework.beans.factory.support.AbstractAutowireCapableBeanFactory.populateBean(AbstractAutowireCapableBeanFactory.java:1411)
	at org.springframework.beans.factory.support.AbstractAutowireCapableBeanFactory.doCreateBean(AbstractAutowireCapableBeanFactory.java:592)
	at org.springframework.beans.factory.support.AbstractAutowireCapableBeanFactory.createBean(AbstractAutowireCapableBeanFactory.java:515)
	at org.springframework.beans.factory.support.AbstractBeanFactory.lambda$doGetBean$0(AbstractBeanFactory.java:320)
	at org.springframework.beans.factory.support.DefaultSingletonBeanRegistry.getSingleton(DefaultSingletonBeanRegistry.java:222)
	at org.springframework.beans.factory.support.AbstractBeanFactory.doGetBean(AbstractBeanFactory.java:318)
	at org.springframework.beans.factory.support.AbstractBeanFactory.getBean(AbstractBeanFactory.java:199)
	at org.springframework.beans.factory.support.DefaultListableBeanFactory.preInstantiateSingletons(DefaultListableBeanFactory.java:849)
	at org.springframework.context.support.AbstractApplicationContext.finishBeanFactoryInitialization(AbstractApplicationContext.java:877)
	at org.springframework.context.support.AbstractApplicationContext.refresh(AbstractApplicationContext.java:549)
	at org.springframework.test.context.support.AbstractGenericContextLoader.loadContext(AbstractGenericContextLoader.java:128)
	at org.springframework.test.context.support.AbstractGenericContextLoader.loadContext(AbstractGenericContextLoader.java:60)
	at org.springframework.test.context.support.AbstractDelegatingSmartContextLoader.delegateLoading(AbstractDelegatingSmartContextLoader.java:275)
	at org.springframework.test.context.support.AbstractDelegatingSmartContextLoader.loadContext(AbstractDelegatingSmartContextLoader.java:243)
	at org.springframework.test.context.cache.DefaultCacheAwareContextLoaderDelegate.loadContextInternal(DefaultCacheAwareContextLoaderDelegate.java:99)
	at org.springframework.test.context.cache.DefaultCacheAwareContextLoaderDelegate.loadContext(DefaultCacheAwareContextLoaderDelegate.java:117)
	... 27 common frames omitted
Caused by: org.springframework.beans.factory.UnsatisfiedDependencyException: Error creating bean with name 'playerManagerHibernateImpl': Unsatisfied dependency expressed through field 'sessionFactory'; nested exception is org.springframework.beans.factory.BeanCreationException: Error creating bean with name 'hibernateSessionFactory' defined in class path resource [beans.xml]: Invocation of init method failed; nested exception is org.hibernate.exception.JDBCConnectionException: Unable to open JDBC Connection for DDL execution
	at org.springframework.beans.factory.annotation.AutowiredAnnotationBeanPostProcessor$AutowiredFieldElement.inject(AutowiredAnnotationBeanPostProcessor.java:596)
	at org.springframework.beans.factory.annotation.InjectionMetadata.inject(InjectionMetadata.java:90)
	at org.springframework.beans.factory.annotation.AutowiredAnnotationBeanPostProcessor.postProcessProperties(AutowiredAnnotationBeanPostProcessor.java:374)
	at org.springframework.beans.factory.support.AbstractAutowireCapableBeanFactory.populateBean(AbstractAutowireCapableBeanFactory.java:1411)
	at org.springframework.beans.factory.support.AbstractAutowireCapableBeanFactory.doCreateBean(AbstractAutowireCapableBeanFactory.java:592)
	at org.springframework.beans.factory.support.AbstractAutowireCapableBeanFactory.createBean(AbstractAutowireCapableBeanFactory.java:515)
	at org.springframework.beans.factory.support.AbstractBeanFactory.lambda$doGetBean$0(AbstractBeanFactory.java:320)
	at org.springframework.beans.factory.support.DefaultSingletonBeanRegistry.getSingleton(DefaultSingletonBeanRegistry.java:222)
	at org.springframework.beans.factory.support.AbstractBeanFactory.doGetBean(AbstractBeanFactory.java:318)
	at org.springframework.beans.factory.support.AbstractBeanFactory.getBean(AbstractBeanFactory.java:199)
	at org.springframework.beans.factory.config.DependencyDescriptor.resolveCandidate(DependencyDescriptor.java:277)
	at org.springframework.beans.factory.support.DefaultListableBeanFactory.doResolveDependency(DefaultListableBeanFactory.java:1247)
	at org.springframework.beans.factory.support.DefaultListableBeanFactory.resolveDependency(DefaultListableBeanFactory.java:1167)
	at org.springframework.beans.factory.annotation.AutowiredAnnotationBeanPostProcessor$AutowiredFieldElement.inject(AutowiredAnnotationBeanPostProcessor.java:593)
	... 45 common frames omitted
Caused by: org.springframework.beans.factory.BeanCreationException: Error creating bean with name 'hibernateSessionFactory' defined in class path resource [beans.xml]: Invocation of init method failed; nested exception is org.hibernate.exception.JDBCConnectionException: Unable to open JDBC Connection for DDL execution
	at org.springframework.beans.factory.support.AbstractAutowireCapableBeanFactory.initializeBean(AbstractAutowireCapableBeanFactory.java:1778)
	at org.springframework.beans.factory.support.AbstractAutowireCapableBeanFactory.doCreateBean(AbstractAutowireCapableBeanFactory.java:593)
	at org.springframework.beans.factory.support.AbstractAutowireCapableBeanFactory.createBean(AbstractAutowireCapableBeanFactory.java:515)
	at org.springframework.beans.factory.support.AbstractBeanFactory.lambda$doGetBean$0(AbstractBeanFactory.java:320)
	at org.springframework.beans.factory.support.DefaultSingletonBeanRegistry.getSingleton(DefaultSingletonBeanRegistry.java:222)
	at org.springframework.beans.factory.support.AbstractBeanFactory.doGetBean(AbstractBeanFactory.java:318)
	at org.springframework.beans.factory.support.AbstractBeanFactory.getBean(AbstractBeanFactory.java:199)
	at org.springframework.beans.factory.config.DependencyDescriptor.resolveCandidate(DependencyDescriptor.java:277)
	at org.springframework.beans.factory.support.DefaultListableBeanFactory.doResolveDependency(DefaultListableBeanFactory.java:1247)
	at org.springframework.beans.factory.support.DefaultListableBeanFactory.resolveDependency(DefaultListableBeanFactory.java:1167)
	at org.springframework.beans.factory.annotation.AutowiredAnnotationBeanPostProcessor$AutowiredFieldElement.inject(AutowiredAnnotationBeanPostProcessor.java:593)
	... 58 common frames omitted
Caused by: org.hibernate.exception.JDBCConnectionException: Unable to open JDBC Connection for DDL execution
	at org.hibernate.exception.internal.SQLExceptionTypeDelegate.convert(SQLExceptionTypeDelegate.java:48)
	at org.hibernate.exception.internal.StandardSQLExceptionConverter.convert(StandardSQLExceptionConverter.java:42)
	at org.hibernate.engine.jdbc.spi.SqlExceptionHelper.convert(SqlExceptionHelper.java:111)
	at org.hibernate.engine.jdbc.spi.SqlExceptionHelper.convert(SqlExceptionHelper.java:97)
	at org.hibernate.resource.transaction.backend.jdbc.internal.DdlTransactionIsolatorNonJtaImpl.getIsolatedConnection(DdlTransactionIsolatorNonJtaImpl.java:69)
	at org.hibernate.tool.schema.internal.exec.ImprovedExtractionContextImpl.getJdbcConnection(ImprovedExtractionContextImpl.java:60)
	at org.hibernate.tool.schema.extract.internal.SequenceInformationExtractorLegacyImpl.extractMetadata(SequenceInformationExtractorLegacyImpl.java:40)
	at org.hibernate.tool.schema.extract.internal.DatabaseInformationImpl.initializeSequences(DatabaseInformationImpl.java:65)
	at org.hibernate.tool.schema.extract.internal.DatabaseInformationImpl.<init>(DatabaseInformationImpl.java:59)
	at org.hibernate.tool.schema.internal.Helper.buildDatabaseInformation(Helper.java:130)
	at org.hibernate.tool.schema.internal.AbstractSchemaMigrator.doMigration(AbstractSchemaMigrator.java:92)
	at org.hibernate.tool.schema.spi.SchemaManagementToolCoordinator.performDatabaseAction(SchemaManagementToolCoordinator.java:176)
	at org.hibernate.tool.schema.spi.SchemaManagementToolCoordinator.process(SchemaManagementToolCoordinator.java:65)
	at org.hibernate.internal.SessionFactoryImpl.<init>(SessionFactoryImpl.java:459)
	at org.hibernate.boot.internal.SessionFactoryBuilderImpl.build(SessionFactoryBuilderImpl.java:465)
	at org.hibernate.cfg.Configuration.buildSessionFactory(Configuration.java:711)
	at org.hibernate.cfg.Configuration.buildSessionFactory(Configuration.java:727)
	at org.springframework.orm.hibernate5.LocalSessionFactoryBean.buildSessionFactory(LocalSessionFactoryBean.java:615)
	at org.springframework.orm.hibernate5.LocalSessionFactoryBean.afterPropertiesSet(LocalSessionFactoryBean.java:599)
	at org.springframework.beans.factory.support.AbstractAutowireCapableBeanFactory.invokeInitMethods(AbstractAutowireCapableBeanFactory.java:1837)
	at org.springframework.beans.factory.support.AbstractAutowireCapableBeanFactory.initializeBean(AbstractAutowireCapableBeanFactory.java:1774)
	... 68 common frames omitted
Caused by: java.sql.SQLTransientConnectionException: java.net.ConnectException: Połączenie odrzucone (Connection refused)
	at org.hsqldb.jdbc.JDBCUtil.sqlException(Unknown Source)
	at org.hsqldb.jdbc.JDBCUtil.sqlException(Unknown Source)
	at org.hsqldb.jdbc.JDBCConnection.<init>(Unknown Source)
	at org.hsqldb.jdbc.JDBCDriver.getConnection(Unknown Source)
	at org.hsqldb.jdbc.JDBCDriver.connect(Unknown Source)
	at java.sql/java.sql.DriverManager.getConnection(DriverManager.java:677)
	at java.sql/java.sql.DriverManager.getConnection(DriverManager.java:189)
	at org.springframework.jdbc.datasource.DriverManagerDataSource.getConnectionFromDriverManager(DriverManagerDataSource.java:154)
	at org.springframework.jdbc.datasource.DriverManagerDataSource.getConnectionFromDriver(DriverManagerDataSource.java:145)
	at org.springframework.jdbc.datasource.AbstractDriverBasedDataSource.getConnectionFromDriver(AbstractDriverBasedDataSource.java:205)
	at org.springframework.jdbc.datasource.AbstractDriverBasedDataSource.getConnection(AbstractDriverBasedDataSource.java:169)
	at org.hibernate.engine.jdbc.connections.internal.DatasourceConnectionProviderImpl.getConnection(DatasourceConnectionProviderImpl.java:122)
	at org.hibernate.engine.jdbc.env.internal.JdbcEnvironmentInitiator$ConnectionProviderJdbcConnectionAccess.obtainConnection(JdbcEnvironmentInitiator.java:180)
	at org.hibernate.resource.transaction.backend.jdbc.internal.DdlTransactionIsolatorNonJtaImpl.getIsolatedConnection(DdlTransactionIsolatorNonJtaImpl.java:43)
	... 84 common frames omitted
Caused by: org.hsqldb.HsqlException: java.net.ConnectException: Połączenie odrzucone (Connection refused)
	at org.hsqldb.ClientConnection.openConnection(Unknown Source)
	at org.hsqldb.ClientConnection.initConnection(Unknown Source)
	at org.hsqldb.ClientConnection.<init>(Unknown Source)
	... 96 common frames omitted
Caused by: java.net.ConnectException: Połączenie odrzucone (Connection refused)
	at java.base/java.net.PlainSocketImpl.socketConnect(Native Method)
	at java.base/java.net.AbstractPlainSocketImpl.doConnect(AbstractPlainSocketImpl.java:399)
	at java.base/java.net.AbstractPlainSocketImpl.connectToAddress(AbstractPlainSocketImpl.java:242)
	at java.base/java.net.AbstractPlainSocketImpl.connect(AbstractPlainSocketImpl.java:224)
	at java.base/java.net.SocksSocketImpl.connect(SocksSocketImpl.java:403)
	at java.base/java.net.Socket.connect(Socket.java:591)
	at java.base/java.net.Socket.connect(Socket.java:540)
	at java.base/java.net.Socket.<init>(Socket.java:436)
	at java.base/java.net.Socket.<init>(Socket.java:213)
	at org.hsqldb.server.HsqlSocketFactory.createSocket(Unknown Source)
	... 99 common frames omitted
]]></system-out>
  </testcase>
  <testcase name="correctSetupTest" classname="tau.mmo.service.PlayerManagerTest" time="0.001">
    <error message="Failed to load ApplicationContext" type="java.lang.IllegalStateException">java.lang.IllegalStateException: Failed to load ApplicationContext
Caused by: org.springframework.beans.factory.UnsatisfiedDependencyException: Error creating bean with name 'playerController': Unsatisfied dependency expressed through field 'playerManager'; nested exception is org.springframework.beans.factory.UnsatisfiedDependencyException: Error creating bean with name 'playerManagerHibernateImpl': Unsatisfied dependency expressed through field 'sessionFactory'; nested exception is org.springframework.beans.factory.BeanCreationException: Error creating bean with name 'hibernateSessionFactory' defined in class path resource [beans.xml]: Invocation of init method failed; nested exception is org.hibernate.exception.JDBCConnectionException: Unable to open JDBC Connection for DDL execution
Caused by: org.springframework.beans.factory.UnsatisfiedDependencyException: Error creating bean with name 'playerManagerHibernateImpl': Unsatisfied dependency expressed through field 'sessionFactory'; nested exception is org.springframework.beans.factory.BeanCreationException: Error creating bean with name 'hibernateSessionFactory' defined in class path resource [beans.xml]: Invocation of init method failed; nested exception is org.hibernate.exception.JDBCConnectionException: Unable to open JDBC Connection for DDL execution
Caused by: org.springframework.beans.factory.BeanCreationException: Error creating bean with name 'hibernateSessionFactory' defined in class path resource [beans.xml]: Invocation of init method failed; nested exception is org.hibernate.exception.JDBCConnectionException: Unable to open JDBC Connection for DDL execution
Caused by: org.hibernate.exception.JDBCConnectionException: Unable to open JDBC Connection for DDL execution
Caused by: java.sql.SQLTransientConnectionException: java.net.ConnectException: Połączenie odrzucone (Connection refused)
Caused by: org.hsqldb.HsqlException: java.net.ConnectException: Połączenie odrzucone (Connection refused)
Caused by: java.net.ConnectException: Połączenie odrzucone (Connection refused)
</error>
    <system-out><![CDATA[20:24:24.903 [main] DEBUG org.springframework.test.annotation.ProfileValueUtils - Retrieved @ProfileValueSourceConfiguration [null] for test class [tau.mmo.service.PlayerManagerTest]
20:24:24.903 [main] DEBUG org.springframework.test.annotation.ProfileValueUtils - Retrieved ProfileValueSource type [class org.springframework.test.annotation.SystemProfileValueSource] for class [tau.mmo.service.PlayerManagerTest]
20:24:24.903 [main] DEBUG org.springframework.test.context.support.DependencyInjectionTestExecutionListener - Performing dependency injection for test context [[DefaultTestContext@7ed7259e testClass = PlayerManagerTest, testInstance = tau.mmo.service.PlayerManagerTest@2e204155, testMethod = [null], testException = [null], mergedContextConfiguration = [MergedContextConfiguration@28eaa59a testClass = PlayerManagerTest, locations = '{classpath:/beans.xml}', classes = '{}', contextInitializerClasses = '[]', activeProfiles = '{}', propertySourceLocations = '{}', propertySourceProperties = '{}', contextCustomizers = set[org.springframework.boot.test.context.filter.ExcludeFilterContextCustomizer@6b4a4e18, org.springframework.boot.test.json.DuplicateJsonObjectContextCustomizerFactory$DuplicateJsonObjectContextCustomizer@402e37bc, org.springframework.boot.test.mock.mockito.MockitoContextCustomizer@0, org.springframework.boot.test.autoconfigure.properties.PropertyMappingContextCustomizer@0, org.springframework.boot.test.autoconfigure.web.servlet.WebDriverContextCustomizerFactory$Customizer@6973bf95], contextLoader = 'org.springframework.test.context.support.DelegatingSmartContextLoader', parent = [null]], attributes = map[[empty]]]].
20:24:24.903 [main] DEBUG org.springframework.test.context.support.AbstractDelegatingSmartContextLoader - Delegating to GenericXmlContextLoader to load context from [MergedContextConfiguration@28eaa59a testClass = PlayerManagerTest, locations = '{classpath:/beans.xml}', classes = '{}', contextInitializerClasses = '[]', activeProfiles = '{}', propertySourceLocations = '{}', propertySourceProperties = '{}', contextCustomizers = set[org.springframework.boot.test.context.filter.ExcludeFilterContextCustomizer@6b4a4e18, org.springframework.boot.test.json.DuplicateJsonObjectContextCustomizerFactory$DuplicateJsonObjectContextCustomizer@402e37bc, org.springframework.boot.test.mock.mockito.MockitoContextCustomizer@0, org.springframework.boot.test.autoconfigure.properties.PropertyMappingContextCustomizer@0, org.springframework.boot.test.autoconfigure.web.servlet.WebDriverContextCustomizerFactory$Customizer@6973bf95], contextLoader = 'org.springframework.test.context.support.DelegatingSmartContextLoader', parent = [null]].
20:24:24.903 [main] DEBUG org.springframework.test.context.support.AbstractGenericContextLoader - Loading ApplicationContext for merged context configuration [[MergedContextConfiguration@28eaa59a testClass = PlayerManagerTest, locations = '{classpath:/beans.xml}', classes = '{}', contextInitializerClasses = '[]', activeProfiles = '{}', propertySourceLocations = '{}', propertySourceProperties = '{}', contextCustomizers = set[org.springframework.boot.test.context.filter.ExcludeFilterContextCustomizer@6b4a4e18, org.springframework.boot.test.json.DuplicateJsonObjectContextCustomizerFactory$DuplicateJsonObjectContextCustomizer@402e37bc, org.springframework.boot.test.mock.mockito.MockitoContextCustomizer@0, org.springframework.boot.test.autoconfigure.properties.PropertyMappingContextCustomizer@0, org.springframework.boot.test.autoconfigure.web.servlet.WebDriverContextCustomizerFactory$Customizer@6973bf95], contextLoader = 'org.springframework.test.context.support.DelegatingSmartContextLoader', parent = [null]]].
20:24:24.903 [main] DEBUG org.springframework.core.env.StandardEnvironment - Activating profiles []
20:24:24.924 [main] DEBUG org.springframework.context.annotation.ClassPathBeanDefinitionScanner - Identified candidate component class: file [/home/whitewolf/tau/TAU-repozytorium/tau-mmo-jmeter/target/classes/tau/mmo/Application.class]
20:24:24.925 [main] DEBUG org.springframework.context.annotation.ClassPathBeanDefinitionScanner - Identified candidate component class: file [/home/whitewolf/tau/TAU-repozytorium/tau-mmo-jmeter/target/classes/tau/mmo/api/PlayerController.class]
20:24:24.926 [main] DEBUG org.springframework.context.annotation.ClassPathBeanDefinitionScanner - Identified candidate component class: file [/home/whitewolf/tau/TAU-repozytorium/tau-mmo-jmeter/target/classes/tau/mmo/service/PlayerManagerHibernateImpl.class]
20:24:24.927 [main] DEBUG org.springframework.beans.factory.xml.XmlBeanDefinitionReader - Loaded 12 bean definitions from class path resource [beans.xml]
20:24:24.927 [main] DEBUG org.springframework.context.support.GenericApplicationContext - Refreshing org.springframework.context.support.GenericApplicationContext@27dc335a
20:24:24.927 [main] DEBUG org.springframework.beans.factory.support.DefaultListableBeanFactory - Creating shared instance of singleton bean 'org.springframework.context.annotation.internalConfigurationAnnotationProcessor'
20:24:24.935 [main] DEBUG org.springframework.context.annotation.ClassPathBeanDefinitionScanner - Identified candidate component class: file [/home/whitewolf/tau/TAU-repozytorium/tau-mmo-jmeter/target/classes/tau/mmo/api/PlayerController.class]
20:24:24.935 [main] DEBUG org.springframework.context.annotation.ClassPathBeanDefinitionScanner - Identified candidate component class: file [/home/whitewolf/tau/TAU-repozytorium/tau-mmo-jmeter/target/classes/tau/mmo/service/PlayerManagerHibernateImpl.class]
20:24:25.014 [main] DEBUG org.springframework.context.annotation.ClassPathBeanDefinitionScanner - Identified candidate component class: file [/home/whitewolf/tau/TAU-repozytorium/tau-mmo-jmeter/target/classes/tau/mmo/Application.class]
20:24:25.014 [main] DEBUG org.springframework.context.annotation.ClassPathBeanDefinitionScanner - Identified candidate component class: file [/home/whitewolf/tau/TAU-repozytorium/tau-mmo-jmeter/target/classes/tau/mmo/api/PlayerController.class]
20:24:25.014 [main] DEBUG org.springframework.context.annotation.ClassPathBeanDefinitionScanner - Identified candidate component class: file [/home/whitewolf/tau/TAU-repozytorium/tau-mmo-jmeter/target/classes/tau/mmo/service/PlayerManagerHibernateImpl.class]
20:24:25.014 [main] DEBUG org.springframework.beans.factory.xml.XmlBeanDefinitionReader - Loaded 0 bean definitions from class path resource [beans.xml]
20:24:25.015 [main] DEBUG org.springframework.beans.factory.support.DefaultListableBeanFactory - Creating shared instance of singleton bean 'org.springframework.boot.autoconfigure.condition.BeanTypeRegistry'
20:24:25.020 [main] INFO org.springframework.data.repository.config.RepositoryConfigurationDelegate - Bootstrapping Spring Data repositories in DEFAULT mode.
20:24:25.020 [main] DEBUG org.springframework.beans.factory.support.DefaultListableBeanFactory - Creating shared instance of singleton bean 'org.springframework.boot.autoconfigure.AutoConfigurationPackages'
20:24:25.020 [main] DEBUG org.springframework.boot.autoconfigure.AutoConfigurationPackages - @EnableAutoConfiguration was declared on a class in the package 'tau.mmo'. Automatic @Repository and @Entity scanning is enabled.
20:24:25.020 [main] DEBUG org.springframework.data.repository.config.RepositoryConfigurationDelegate - Scanning for repositories in packages tau.mmo.
20:24:25.021 [main] INFO org.springframework.data.repository.config.RepositoryConfigurationDelegate - Finished Spring Data repository scanning in 1ms. Found 0 repository interfaces.
20:24:25.051 [main] DEBUG org.springframework.beans.factory.support.DefaultListableBeanFactory - Creating shared instance of singleton bean 'propertySourcesPlaceholderConfigurer'
20:24:25.052 [main] DEBUG org.springframework.core.env.PropertySourcesPropertyResolver - Found key 'jdbc.driverClassName' in PropertySource 'class path resource [jdbc.properties]' with value of type String
20:24:25.052 [main] DEBUG org.springframework.core.env.PropertySourcesPropertyResolver - Found key 'jdbc.driverClassName' in PropertySource 'environmentProperties' with value of type String
20:24:25.052 [main] DEBUG org.springframework.core.env.PropertySourcesPropertyResolver - Found key 'jdbc.url' in PropertySource 'class path resource [jdbc.properties]' with value of type String
20:24:25.052 [main] DEBUG org.springframework.core.env.PropertySourcesPropertyResolver - Found key 'jdbc.url' in PropertySource 'environmentProperties' with value of type String
20:24:25.052 [main] DEBUG org.springframework.core.env.PropertySourcesPropertyResolver - Found key 'jdbc.username' in PropertySource 'class path resource [jdbc.properties]' with value of type String
20:24:25.052 [main] DEBUG org.springframework.core.env.PropertySourcesPropertyResolver - Found key 'jdbc.username' in PropertySource 'environmentProperties' with value of type String
20:24:25.052 [main] DEBUG org.springframework.core.env.PropertySourcesPropertyResolver - Found key 'jdbc.password' in PropertySource 'class path resource [jdbc.properties]' with value of type String
20:24:25.052 [main] DEBUG org.springframework.core.env.PropertySourcesPropertyResolver - Found key 'jdbc.password' in PropertySource 'environmentProperties' with value of type String
20:24:25.052 [main] DEBUG org.springframework.beans.factory.support.DefaultListableBeanFactory - Creating shared instance of singleton bean 'org.springframework.boot.test.mock.mockito.MockitoPostProcessor'
20:24:25.052 [main] DEBUG org.springframework.beans.factory.support.DefaultListableBeanFactory - Creating shared instance of singleton bean 'emBeanDefinitionRegistrarPostProcessor'
20:24:25.054 [main] DEBUG org.springframework.beans.factory.support.DefaultListableBeanFactory - Creating shared instance of singleton bean 'org.springframework.context.event.internalEventListenerProcessor'
20:24:25.054 [main] DEBUG org.springframework.beans.factory.support.DefaultListableBeanFactory - Creating shared instance of singleton bean 'org.springframework.boot.context.properties.ConfigurationBeanFactoryMetadata'
20:24:25.054 [main] DEBUG org.springframework.beans.factory.support.DefaultListableBeanFactory - Creating shared instance of singleton bean 'org.springframework.context.event.internalEventListenerFactory'
20:24:25.054 [main] DEBUG org.springframework.beans.factory.support.DefaultListableBeanFactory - Creating shared instance of singleton bean 'org.springframework.transaction.config.internalTransactionalEventListenerFactory'
20:24:25.055 [main] DEBUG org.springframework.beans.factory.support.DefaultListableBeanFactory - Creating shared instance of singleton bean 'org.springframework.context.annotation.internalAutowiredAnnotationProcessor'
20:24:25.056 [main] DEBUG org.springframework.beans.factory.support.DefaultListableBeanFactory - Creating shared instance of singleton bean 'org.springframework.context.annotation.internalCommonAnnotationProcessor'
20:24:25.056 [main] DEBUG org.springframework.beans.factory.support.DefaultListableBeanFactory - Creating shared instance of singleton bean 'org.springframework.context.annotation.internalPersistenceAnnotationProcessor'
20:24:25.056 [main] DEBUG org.springframework.beans.factory.support.DefaultListableBeanFactory - Creating shared instance of singleton bean 'org.springframework.boot.test.mock.mockito.MockitoPostProcessor$SpyPostProcessor'
20:24:25.056 [main] DEBUG org.springframework.beans.factory.support.DefaultListableBeanFactory - Creating shared instance of singleton bean 'org.springframework.boot.context.properties.ConfigurationPropertiesBindingPostProcessor'
20:24:25.056 [main] DEBUG org.springframework.beans.factory.support.DefaultListableBeanFactory - Creating shared instance of singleton bean 'methodValidationPostProcessor'
20:24:25.059 [main] DEBUG org.springframework.beans.factory.support.DefaultListableBeanFactory - Autowiring by type from bean name 'methodValidationPostProcessor' via factory method to bean named 'environment'
20:24:25.059 [main] DEBUG org.springframework.beans.factory.support.DefaultListableBeanFactory - Creating shared instance of singleton bean 'org.springframework.aop.config.internalAutoProxyCreator'
20:24:25.060 [main] DEBUG org.springframework.beans.factory.support.DefaultListableBeanFactory - Creating shared instance of singleton bean 'dataSourceInitializerPostProcessor'
20:24:25.061 [main] DEBUG org.springframework.beans.factory.support.DefaultListableBeanFactory - Creating shared instance of singleton bean 'persistenceExceptionTranslationPostProcessor'
20:24:25.062 [main] DEBUG org.springframework.beans.factory.support.DefaultListableBeanFactory - Autowiring by type from bean name 'persistenceExceptionTranslationPostProcessor' via factory method to bean named 'environment'
20:24:25.063 [main] DEBUG org.springframework.beans.factory.support.DefaultListableBeanFactory - Creating shared instance of singleton bean 'application'
20:24:25.064 [main] DEBUG org.springframework.beans.factory.support.DefaultListableBeanFactory - Creating shared instance of singleton bean 'org.springframework.transaction.config.internalTransactionAdvisor'
20:24:25.064 [main] DEBUG org.springframework.beans.factory.support.DefaultListableBeanFactory - Creating shared instance of singleton bean 'org.springframework.transaction.annotation.ProxyTransactionManagementConfiguration'
20:24:25.066 [main] DEBUG org.springframework.beans.factory.support.DefaultListableBeanFactory - Creating shared instance of singleton bean 'transactionAttributeSource'
20:24:25.067 [main] DEBUG org.springframework.beans.factory.support.DefaultListableBeanFactory - Creating shared instance of singleton bean 'transactionInterceptor'
20:24:25.069 [main] DEBUG org.springframework.beans.factory.support.DefaultListableBeanFactory - Creating shared instance of singleton bean 'playerController'
20:24:25.070 [main] DEBUG org.springframework.beans.factory.support.DefaultListableBeanFactory - Creating shared instance of singleton bean 'playerManagerHibernateImpl'
20:24:25.071 [main] DEBUG org.springframework.beans.factory.support.DefaultListableBeanFactory - Creating shared instance of singleton bean 'hibernateSessionFactory'
20:24:25.072 [main] DEBUG org.springframework.beans.factory.support.DefaultListableBeanFactory - Creating shared instance of singleton bean 'dataSource'
20:24:25.072 [main] DEBUG org.springframework.jdbc.datasource.DriverManagerDataSource - Loaded JDBC driver: org.hsqldb.jdbcDriver
20:24:25.073 [main] DEBUG org.springframework.beans.factory.support.DefaultListableBeanFactory - Creating shared instance of singleton bean 'org.springframework.boot.autoconfigure.jdbc.DataSourceInitializerInvoker'
20:24:25.074 [main] DEBUG org.springframework.beans.factory.support.DefaultListableBeanFactory - Creating shared instance of singleton bean 'spring.datasource-org.springframework.boot.autoconfigure.jdbc.DataSourceProperties'
20:24:25.078 [main] DEBUG org.springframework.beans.factory.support.DefaultListableBeanFactory - Autowiring by type from bean name 'org.springframework.boot.autoconfigure.jdbc.DataSourceInitializerInvoker' via constructor to bean named 'spring.datasource-org.springframework.boot.autoconfigure.jdbc.DataSourceProperties'
20:24:25.078 [main] DEBUG org.springframework.beans.factory.support.DefaultListableBeanFactory - Autowiring by type from bean name 'org.springframework.boot.autoconfigure.jdbc.DataSourceInitializerInvoker' via constructor to bean named 'org.springframework.context.support.GenericApplicationContext@27dc335a'
20:24:25.080 [main] DEBUG org.hibernate.integrator.internal.IntegratorServiceImpl - Adding Integrator [org.hibernate.cfg.beanvalidation.BeanValidationIntegrator].
20:24:25.080 [main] DEBUG org.hibernate.integrator.internal.IntegratorServiceImpl - Adding Integrator [org.hibernate.secure.spi.JaccIntegrator].
20:24:25.080 [main] DEBUG org.hibernate.integrator.internal.IntegratorServiceImpl - Adding Integrator [org.hibernate.cache.internal.CollectionCacheInvalidator].
20:24:25.082 [main] DEBUG org.hibernate.cfg.Configuration - Building session factory using internal StandardServiceRegistryBuilder
20:24:25.082 [main] DEBUG org.hibernate.service.spi.ServiceBinding - Overriding existing service binding [org.hibernate.secure.spi.JaccService]
20:24:25.082 [main] DEBUG org.hibernate.cfg.Configuration - Building session factory using provided StandardServiceRegistry
20:24:25.082 [main] DEBUG org.hibernate.cache.internal.RegionFactoryInitiator - Cache region factory : org.hibernate.cache.internal.NoCachingRegionFactory
20:24:25.083 [main] DEBUG org.hibernate.type.BasicTypeRegistry - Adding type registration boolean -> org.hibernate.type.BooleanType@41ffaeb8
20:24:25.083 [main] DEBUG org.hibernate.type.BasicTypeRegistry - Adding type registration boolean -> org.hibernate.type.BooleanType@41ffaeb8
20:24:25.083 [main] DEBUG org.hibernate.type.BasicTypeRegistry - Adding type registration java.lang.Boolean -> org.hibernate.type.BooleanType@41ffaeb8
20:24:25.083 [main] DEBUG org.hibernate.type.BasicTypeRegistry - Adding type registration numeric_boolean -> org.hibernate.type.NumericBooleanType@444cc791
20:24:25.083 [main] DEBUG org.hibernate.type.BasicTypeRegistry - Adding type registration true_false -> org.hibernate.type.TrueFalseType@12ffd1de
20:24:25.083 [main] DEBUG org.hibernate.type.BasicTypeRegistry - Adding type registration yes_no -> org.hibernate.type.YesNoType@6c806c8b
20:24:25.083 [main] DEBUG org.hibernate.type.BasicTypeRegistry - Adding type registration byte -> org.hibernate.type.ByteType@23706db8
20:24:25.083 [main] DEBUG org.hibernate.type.BasicTypeRegistry - Adding type registration byte -> org.hibernate.type.ByteType@23706db8
20:24:25.083 [main] DEBUG org.hibernate.type.BasicTypeRegistry - Adding type registration java.lang.Byte -> org.hibernate.type.ByteType@23706db8
20:24:25.083 [main] DEBUG org.hibernate.type.BasicTypeRegistry - Adding type registration character -> org.hibernate.type.CharacterType@7bca6fac
20:24:25.083 [main] DEBUG org.hibernate.type.BasicTypeRegistry - Adding type registration char -> org.hibernate.type.CharacterType@7bca6fac
20:24:25.083 [main] DEBUG org.hibernate.type.BasicTypeRegistry - Adding type registration java.lang.Character -> org.hibernate.type.CharacterType@7bca6fac
20:24:25.083 [main] DEBUG org.hibernate.type.BasicTypeRegistry - Adding type registration short -> org.hibernate.type.ShortType@37303f12
20:24:25.083 [main] DEBUG org.hibernate.type.BasicTypeRegistry - Adding type registration short -> org.hibernate.type.ShortType@37303f12
20:24:25.083 [main] DEBUG org.hibernate.type.BasicTypeRegistry - Adding type registration java.lang.Short -> org.hibernate.type.ShortType@37303f12
20:24:25.083 [main] DEBUG org.hibernate.type.BasicTypeRegistry - Adding type registration integer -> org.hibernate.type.IntegerType@2ab5afc7
20:24:25.083 [main] DEBUG org.hibernate.type.BasicTypeRegistry - Adding type registration int -> org.hibernate.type.IntegerType@2ab5afc7
20:24:25.083 [main] DEBUG org.hibernate.type.BasicTypeRegistry - Adding type registration java.lang.Integer -> org.hibernate.type.IntegerType@2ab5afc7
20:24:25.083 [main] DEBUG org.hibernate.type.BasicTypeRegistry - Adding type registration long -> org.hibernate.type.LongType@3c35c345
20:24:25.083 [main] DEBUG org.hibernate.type.BasicTypeRegistry - Adding type registration long -> org.hibernate.type.LongType@3c35c345
20:24:25.083 [main] DEBUG org.hibernate.type.BasicTypeRegistry - Adding type registration java.lang.Long -> org.hibernate.type.LongType@3c35c345
20:24:25.083 [main] DEBUG org.hibernate.type.BasicTypeRegistry - Adding type registration float -> org.hibernate.type.FloatType@1d0a61c8
20:24:25.083 [main] DEBUG org.hibernate.type.BasicTypeRegistry - Adding type registration float -> org.hibernate.type.FloatType@1d0a61c8
20:24:25.083 [main] DEBUG org.hibernate.type.BasicTypeRegistry - Adding type registration java.lang.Float -> org.hibernate.type.FloatType@1d0a61c8
20:24:25.083 [main] DEBUG org.hibernate.type.BasicTypeRegistry - Adding type registration double -> org.hibernate.type.DoubleType@5524b72f
20:24:25.083 [main] DEBUG org.hibernate.type.BasicTypeRegistry - Adding type registration double -> org.hibernate.type.DoubleType@5524b72f
20:24:25.083 [main] DEBUG org.hibernate.type.BasicTypeRegistry - Adding type registration java.lang.Double -> org.hibernate.type.DoubleType@5524b72f
20:24:25.083 [main] DEBUG org.hibernate.type.BasicTypeRegistry - Adding type registration big_decimal -> org.hibernate.type.BigDecimalType@1846579f
20:24:25.083 [main] DEBUG org.hibernate.type.BasicTypeRegistry - Adding type registration java.math.BigDecimal -> org.hibernate.type.BigDecimalType@1846579f
20:24:25.083 [main] DEBUG org.hibernate.type.BasicTypeRegistry - Adding type registration big_integer -> org.hibernate.type.BigIntegerType@7be7e15
20:24:25.083 [main] DEBUG org.hibernate.type.BasicTypeRegistry - Adding type registration java.math.BigInteger -> org.hibernate.type.BigIntegerType@7be7e15
20:24:25.083 [main] DEBUG org.hibernate.type.BasicTypeRegistry - Adding type registration string -> org.hibernate.type.StringType@2330e3e0
20:24:25.083 [main] DEBUG org.hibernate.type.BasicTypeRegistry - Adding type registration java.lang.String -> org.hibernate.type.StringType@2330e3e0
20:24:25.083 [main] DEBUG org.hibernate.type.BasicTypeRegistry - Adding type registration nstring -> org.hibernate.type.StringNVarcharType@3f9270ed
20:24:25.083 [main] DEBUG org.hibernate.type.BasicTypeRegistry - Adding type registration ncharacter -> org.hibernate.type.CharacterNCharType@53a665ad
20:24:25.083 [main] DEBUG org.hibernate.type.BasicTypeRegistry - Adding type registration url -> org.hibernate.type.UrlType@abff8b7
20:24:25.083 [main] DEBUG org.hibernate.type.BasicTypeRegistry - Adding type registration java.net.URL -> org.hibernate.type.UrlType@abff8b7
20:24:25.083 [main] DEBUG org.hibernate.type.BasicTypeRegistry - Adding type registration date -> org.hibernate.type.DateType@37d871c2
20:24:25.083 [main] DEBUG org.hibernate.type.BasicTypeRegistry - Adding type registration java.sql.Date -> org.hibernate.type.DateType@37d871c2
20:24:25.083 [main] DEBUG org.hibernate.type.BasicTypeRegistry - Adding type registration time -> org.hibernate.type.TimeType@642505c7
20:24:25.083 [main] DEBUG org.hibernate.type.BasicTypeRegistry - Adding type registration java.sql.Time -> org.hibernate.type.TimeType@642505c7
20:24:25.083 [main] DEBUG org.hibernate.type.BasicTypeRegistry - Adding type registration timestamp -> org.hibernate.type.TimestampType@1abfe081
20:24:25.083 [main] DEBUG org.hibernate.type.BasicTypeRegistry - Adding type registration java.sql.Timestamp -> org.hibernate.type.TimestampType@1abfe081
20:24:25.083 [main] DEBUG org.hibernate.type.BasicTypeRegistry - Adding type registration java.util.Date -> org.hibernate.type.TimestampType@1abfe081
20:24:25.083 [main] DEBUG org.hibernate.type.BasicTypeRegistry - Adding type registration dbtimestamp -> org.hibernate.type.DbTimestampType@75a118e6
20:24:25.083 [main] DEBUG org.hibernate.type.BasicTypeRegistry - Adding type registration calendar -> org.hibernate.type.CalendarType@28c86134
20:24:25.083 [main] DEBUG org.hibernate.type.BasicTypeRegistry - Adding type registration java.util.Calendar -> org.hibernate.type.CalendarType@28c86134
20:24:25.083 [main] DEBUG org.hibernate.type.BasicTypeRegistry - Adding type registration java.util.GregorianCalendar -> org.hibernate.type.CalendarType@28c86134
20:24:25.083 [main] DEBUG org.hibernate.type.BasicTypeRegistry - Adding type registration calendar_date -> org.hibernate.type.CalendarDateType@f288c14
20:24:25.083 [main] DEBUG org.hibernate.type.BasicTypeRegistry - Adding type registration locale -> org.hibernate.type.LocaleType@671facee
20:24:25.083 [main] DEBUG org.hibernate.type.BasicTypeRegistry - Adding type registration java.util.Locale -> org.hibernate.type.LocaleType@671facee
20:24:25.083 [main] DEBUG org.hibernate.type.BasicTypeRegistry - Adding type registration currency -> org.hibernate.type.CurrencyType@56f521c6
20:24:25.083 [main] DEBUG org.hibernate.type.BasicTypeRegistry - Adding type registration java.util.Currency -> org.hibernate.type.CurrencyType@56f521c6
20:24:25.083 [main] DEBUG org.hibernate.type.BasicTypeRegistry - Adding type registration timezone -> org.hibernate.type.TimeZoneType@39fa8ad2
20:24:25.083 [main] DEBUG org.hibernate.type.BasicTypeRegistry - Adding type registration java.util.TimeZone -> org.hibernate.type.TimeZoneType@39fa8ad2
20:24:25.083 [main] DEBUG org.hibernate.type.BasicTypeRegistry - Adding type registration class -> org.hibernate.type.ClassType@6c302a1d
20:24:25.083 [main] DEBUG org.hibernate.type.BasicTypeRegistry - Adding type registration java.lang.Class -> org.hibernate.type.ClassType@6c302a1d
20:24:25.083 [main] DEBUG org.hibernate.type.BasicTypeRegistry - Adding type registration uuid-binary -> org.hibernate.type.UUIDBinaryType@58cf8f94
20:24:25.083 [main] DEBUG org.hibernate.type.BasicTypeRegistry - Adding type registration java.util.UUID -> org.hibernate.type.UUIDBinaryType@58cf8f94
20:24:25.083 [main] DEBUG org.hibernate.type.BasicTypeRegistry - Adding type registration uuid-char -> org.hibernate.type.UUIDCharType@34f392be
20:24:25.083 [main] DEBUG org.hibernate.type.BasicTypeRegistry - Adding type registration binary -> org.hibernate.type.BinaryType@58496c97
20:24:25.083 [main] DEBUG org.hibernate.type.BasicTypeRegistry - Adding type registration byte[] -> org.hibernate.type.BinaryType@58496c97
20:24:25.083 [main] DEBUG org.hibernate.type.BasicTypeRegistry - Adding type registration [B -> org.hibernate.type.BinaryType@58496c97
20:24:25.083 [main] DEBUG org.hibernate.type.BasicTypeRegistry - Adding type registration wrapper-binary -> org.hibernate.type.WrapperBinaryType@6ecab872
20:24:25.083 [main] DEBUG org.hibernate.type.BasicTypeRegistry - Adding type registration Byte[] -> org.hibernate.type.WrapperBinaryType@6ecab872
20:24:25.083 [main] DEBUG org.hibernate.type.BasicTypeRegistry - Adding type registration [Ljava.lang.Byte; -> org.hibernate.type.WrapperBinaryType@6ecab872
20:24:25.083 [main] DEBUG org.hibernate.type.BasicTypeRegistry - Adding type registration row_version -> org.hibernate.type.RowVersionType@6d025d1d
20:24:25.083 [main] DEBUG org.hibernate.type.BasicTypeRegistry - Adding type registration image -> org.hibernate.type.ImageType@7479b626
20:24:25.083 [main] DEBUG org.hibernate.type.BasicTypeRegistry - Adding type registration characters -> org.hibernate.type.CharArrayType@17a703f5
20:24:25.083 [main] DEBUG org.hibernate.type.BasicTypeRegistry - Adding type registration char[] -> org.hibernate.type.CharArrayType@17a703f5
20:24:25.083 [main] DEBUG org.hibernate.type.BasicTypeRegistry - Adding type registration [C -> org.hibernate.type.CharArrayType@17a703f5
20:24:25.083 [main] DEBUG org.hibernate.type.BasicTypeRegistry - Adding type registration wrapper-characters -> org.hibernate.type.CharacterArrayType@65f2f9b0
20:24:25.084 [main] DEBUG org.hibernate.type.BasicTypeRegistry - Adding type registration [Ljava.lang.Character; -> org.hibernate.type.CharacterArrayType@65f2f9b0
20:24:25.084 [main] DEBUG org.hibernate.type.BasicTypeRegistry - Adding type registration Character[] -> org.hibernate.type.CharacterArrayType@65f2f9b0
20:24:25.084 [main] DEBUG org.hibernate.type.BasicTypeRegistry - Adding type registration text -> org.hibernate.type.TextType@38fc5554
20:24:25.084 [main] DEBUG org.hibernate.type.BasicTypeRegistry - Adding type registration ntext -> org.hibernate.type.NTextType@4d1f1ff5
20:24:25.084 [main] DEBUG org.hibernate.type.BasicTypeRegistry - Adding type registration blob -> org.hibernate.type.BlobType@d8d9199
20:24:25.084 [main] DEBUG org.hibernate.type.BasicTypeRegistry - Adding type registration java.sql.Blob -> org.hibernate.type.BlobType@d8d9199
20:24:25.084 [main] DEBUG org.hibernate.type.BasicTypeRegistry - Adding type registration materialized_blob -> org.hibernate.type.MaterializedBlobType@71ad3d8a
20:24:25.084 [main] DEBUG org.hibernate.type.BasicTypeRegistry - Adding type registration clob -> org.hibernate.type.ClobType@332820f4
20:24:25.084 [main] DEBUG org.hibernate.type.BasicTypeRegistry - Adding type registration java.sql.Clob -> org.hibernate.type.ClobType@332820f4
20:24:25.084 [main] DEBUG org.hibernate.type.BasicTypeRegistry - Adding type registration nclob -> org.hibernate.type.NClobType@3d5790ea
20:24:25.084 [main] DEBUG org.hibernate.type.BasicTypeRegistry - Adding type registration java.sql.NClob -> org.hibernate.type.NClobType@3d5790ea
20:24:25.084 [main] DEBUG org.hibernate.type.BasicTypeRegistry - Adding type registration materialized_clob -> org.hibernate.type.MaterializedClobType@56913163
20:24:25.084 [main] DEBUG org.hibernate.type.BasicTypeRegistry - Adding type registration materialized_nclob -> org.hibernate.type.MaterializedNClobType@396639b
20:24:25.084 [main] DEBUG org.hibernate.type.BasicTypeRegistry - Adding type registration serializable -> org.hibernate.type.SerializableType@102efc59
20:24:25.084 [main] DEBUG org.hibernate.type.BasicTypeRegistry - Adding type registration object -> org.hibernate.type.ObjectType@6c6366cf
20:24:25.084 [main] DEBUG org.hibernate.type.BasicTypeRegistry - Adding type registration java.lang.Object -> org.hibernate.type.ObjectType@6c6366cf
20:24:25.084 [main] DEBUG org.hibernate.type.BasicTypeRegistry - Adding type registration imm_date -> org.hibernate.type.AdaptedImmutableType@2e159116
20:24:25.084 [main] DEBUG org.hibernate.type.BasicTypeRegistry - Adding type registration imm_time -> org.hibernate.type.AdaptedImmutableType@d1f23a0
20:24:25.084 [main] DEBUG org.hibernate.type.BasicTypeRegistry - Adding type registration imm_timestamp -> org.hibernate.type.AdaptedImmutableType@2976ca51
20:24:25.084 [main] DEBUG org.hibernate.type.BasicTypeRegistry - Adding type registration imm_dbtimestamp -> org.hibernate.type.AdaptedImmutableType@6b091a92
20:24:25.084 [main] DEBUG org.hibernate.type.BasicTypeRegistry - Adding type registration imm_calendar -> org.hibernate.type.AdaptedImmutableType@6996bbc4
20:24:25.084 [main] DEBUG org.hibernate.type.BasicTypeRegistry - Adding type registration imm_calendar_date -> org.hibernate.type.AdaptedImmutableType@1de08775
20:24:25.084 [main] DEBUG org.hibernate.type.BasicTypeRegistry - Adding type registration imm_binary -> org.hibernate.type.AdaptedImmutableType@2dbf2da
20:24:25.084 [main] DEBUG org.hibernate.type.BasicTypeRegistry - Adding type registration imm_serializable -> org.hibernate.type.AdaptedImmutableType@21a5b599
20:24:25.084 [main] DEBUG org.springframework.jdbc.datasource.DriverManagerDataSource - Creating new JDBC DriverManager Connection to [jdbc:hsqldb:hsql://localhost/workdb]
20:24:25.084 [main] WARN org.hibernate.engine.jdbc.env.internal.JdbcEnvironmentInitiator - HHH000342: Could not obtain connection to query metadata : java.net.ConnectException: Połączenie odrzucone (Connection refused)
20:24:25.084 [main] INFO org.hibernate.dialect.Dialect - HHH000400: Using dialect: org.hibernate.dialect.HSQLDialect
20:24:25.085 [main] DEBUG org.hibernate.engine.jdbc.env.spi.IdentifierHelperBuilder - IdentifierCaseStrategy for both quoted and unquoted identifiers was set to the same strategy [MIXED]; that will likely lead to problems in schema update and validation if using quoted identifiers
20:24:25.085 [main] INFO org.hibernate.engine.jdbc.env.internal.LobCreatorBuilderImpl - HHH000422: Disabling contextual LOB creation as connection was null
20:24:25.085 [main] DEBUG org.hibernate.id.factory.internal.DefaultIdentifierGeneratorFactory - Registering IdentifierGenerator strategy [uuid2] -> [org.hibernate.id.UUIDGenerator]
20:24:25.085 [main] DEBUG org.hibernate.id.factory.internal.DefaultIdentifierGeneratorFactory - Registering IdentifierGenerator strategy [guid] -> [org.hibernate.id.GUIDGenerator]
20:24:25.085 [main] DEBUG org.hibernate.id.factory.internal.DefaultIdentifierGeneratorFactory - Registering IdentifierGenerator strategy [uuid] -> [org.hibernate.id.UUIDHexGenerator]
20:24:25.085 [main] DEBUG org.hibernate.id.factory.internal.DefaultIdentifierGeneratorFactory - Registering IdentifierGenerator strategy [uuid.hex] -> [org.hibernate.id.UUIDHexGenerator]
20:24:25.085 [main] DEBUG org.hibernate.id.factory.internal.DefaultIdentifierGeneratorFactory - Registering IdentifierGenerator strategy [assigned] -> [org.hibernate.id.Assigned]
20:24:25.085 [main] DEBUG org.hibernate.id.factory.internal.DefaultIdentifierGeneratorFactory - Registering IdentifierGenerator strategy [identity] -> [org.hibernate.id.IdentityGenerator]
20:24:25.085 [main] DEBUG org.hibernate.id.factory.internal.DefaultIdentifierGeneratorFactory - Registering IdentifierGenerator strategy [select] -> [org.hibernate.id.SelectGenerator]
20:24:25.085 [main] DEBUG org.hibernate.id.factory.internal.DefaultIdentifierGeneratorFactory - Registering IdentifierGenerator strategy [sequence] -> [org.hibernate.id.enhanced.SequenceStyleGenerator]
20:24:25.085 [main] DEBUG org.hibernate.id.factory.internal.DefaultIdentifierGeneratorFactory - Registering IdentifierGenerator strategy [seqhilo] -> [org.hibernate.id.SequenceHiLoGenerator]
20:24:25.085 [main] DEBUG org.hibernate.id.factory.internal.DefaultIdentifierGeneratorFactory - Registering IdentifierGenerator strategy [increment] -> [org.hibernate.id.IncrementGenerator]
20:24:25.085 [main] DEBUG org.hibernate.id.factory.internal.DefaultIdentifierGeneratorFactory - Registering IdentifierGenerator strategy [foreign] -> [org.hibernate.id.ForeignGenerator]
20:24:25.085 [main] DEBUG org.hibernate.id.factory.internal.DefaultIdentifierGeneratorFactory - Registering IdentifierGenerator strategy [sequence-identity] -> [org.hibernate.id.SequenceIdentityGenerator]
20:24:25.085 [main] DEBUG org.hibernate.id.factory.internal.DefaultIdentifierGeneratorFactory - Registering IdentifierGenerator strategy [enhanced-sequence] -> [org.hibernate.id.enhanced.SequenceStyleGenerator]
20:24:25.085 [main] DEBUG org.hibernate.id.factory.internal.DefaultIdentifierGeneratorFactory - Registering IdentifierGenerator strategy [enhanced-table] -> [org.hibernate.id.enhanced.TableGenerator]
20:24:25.085 [main] DEBUG org.hibernate.boot.model.relational.Namespace - Created database namespace [logicalName=Name{catalog=null, schema=null}, physicalName=Name{catalog=null, schema=null}]
20:24:25.085 [main] DEBUG org.hibernate.cfg.AnnotationBinder - Binding entity from annotated class: tau.mmo.domain.Item
20:24:25.085 [main] DEBUG org.hibernate.cfg.annotations.QueryBinder - Binding named query: item.all => Select p from Item p
20:24:25.086 [main] DEBUG org.hibernate.cfg.annotations.QueryBinder - Binding named query: item.allForPlayer => Select p from Item p where player_id = :id
20:24:25.086 [main] DEBUG org.hibernate.cfg.Ejb3Column - Binding column: Ejb3DiscriminatorColumn{logicalColumnName'DTYPE', discriminatorTypeName='string'}
20:24:25.086 [main] DEBUG org.hibernate.cfg.annotations.EntityBinder - Import with entity name Item
20:24:25.086 [main] DEBUG org.hibernate.cfg.annotations.EntityBinder - Bind entity tau.mmo.domain.Item on table item
20:24:25.086 [main] DEBUG org.hibernate.cfg.Ejb3Column - Binding column: Ejb3Column{table=org.hibernate.mapping.Table(item), mappingColumn=id, insertable=true, updatable=true, unique=false}
20:24:25.086 [main] DEBUG org.hibernate.cfg.annotations.PropertyBinder - MetadataSourceProcessor property id with lazy=false
20:24:25.086 [main] DEBUG org.hibernate.cfg.AbstractPropertyHolder - Attempting to locate auto-apply AttributeConverter for property [tau.mmo.domain.Item:id]
20:24:25.086 [main] DEBUG org.hibernate.cfg.annotations.SimpleValueBinder - building SimpleValue for id
20:24:25.086 [main] DEBUG org.hibernate.cfg.annotations.PropertyBinder - Building property id
20:24:25.086 [main] DEBUG org.hibernate.cfg.Ejb3Column - Binding column: Ejb3Column{table=org.hibernate.mapping.Table(item), mappingColumn=itemclass, insertable=true, updatable=true, unique=false}
20:24:25.086 [main] DEBUG org.hibernate.cfg.annotations.PropertyBinder - MetadataSourceProcessor property itemclass with lazy=false
20:24:25.086 [main] DEBUG org.hibernate.cfg.AbstractPropertyHolder - Attempting to locate auto-apply AttributeConverter for property [tau.mmo.domain.Item:itemclass]
20:24:25.086 [main] DEBUG org.hibernate.cfg.annotations.SimpleValueBinder - building SimpleValue for itemclass
20:24:25.086 [main] DEBUG org.hibernate.cfg.annotations.PropertyBinder - Building property itemclass
20:24:25.086 [main] DEBUG org.hibernate.cfg.Ejb3Column - Binding column: Ejb3Column{table=org.hibernate.mapping.Table(item), mappingColumn=levelreq, insertable=true, updatable=true, unique=false}
20:24:25.086 [main] DEBUG org.hibernate.cfg.annotations.PropertyBinder - MetadataSourceProcessor property levelreq with lazy=false
20:24:25.086 [main] DEBUG org.hibernate.cfg.AbstractPropertyHolder - Attempting to locate auto-apply AttributeConverter for property [tau.mmo.domain.Item:levelreq]
20:24:25.087 [main] DEBUG org.hibernate.cfg.annotations.SimpleValueBinder - building SimpleValue for levelreq
20:24:25.087 [main] DEBUG org.hibernate.cfg.annotations.PropertyBinder - Building property levelreq
20:24:25.087 [main] DEBUG org.hibernate.cfg.Ejb3Column - Binding column: Ejb3Column{table=org.hibernate.mapping.Table(item), mappingColumn=name, insertable=true, updatable=true, unique=false}
20:24:25.087 [main] DEBUG org.hibernate.cfg.annotations.PropertyBinder - MetadataSourceProcessor property name with lazy=false
20:24:25.087 [main] DEBUG org.hibernate.cfg.AbstractPropertyHolder - Attempting to locate auto-apply AttributeConverter for property [tau.mmo.domain.Item:name]
20:24:25.087 [main] DEBUG org.hibernate.cfg.annotations.SimpleValueBinder - building SimpleValue for name
20:24:25.087 [main] DEBUG org.hibernate.cfg.annotations.PropertyBinder - Building property name
20:24:25.087 [main] DEBUG org.hibernate.cfg.Ejb3Column - Binding column: Ejb3JoinColumn{logicalColumnName='player_id', referencedColumn='', mappedBy=''}
20:24:25.087 [main] DEBUG org.hibernate.cfg.Ejb3Column - Binding column: Ejb3Column{table=org.hibernate.mapping.Table(item), mappingColumn=player, insertable=true, updatable=true, unique=false}
20:24:25.087 [main] DEBUG org.hibernate.cfg.annotations.PropertyBinder - Building property player
20:24:25.087 [main] DEBUG org.hibernate.cfg.AnnotationBinder - Binding entity from annotated class: tau.mmo.domain.Player
20:24:25.087 [main] DEBUG org.hibernate.cfg.annotations.QueryBinder - Binding named query: player.all => Select p from Player p
20:24:25.087 [main] DEBUG org.hibernate.cfg.annotations.QueryBinder - Binding named query: player.findPlayers => Select c from Player c where c.name like :nameFragment
20:24:25.087 [main] DEBUG org.hibernate.cfg.Ejb3Column - Binding column: Ejb3DiscriminatorColumn{logicalColumnName'DTYPE', discriminatorTypeName='string'}
20:24:25.087 [main] DEBUG org.hibernate.cfg.annotations.EntityBinder - Import with entity name Player
20:24:25.087 [main] DEBUG org.hibernate.cfg.annotations.EntityBinder - Bind entity tau.mmo.domain.Player on table player
20:24:25.088 [main] DEBUG org.hibernate.cfg.Ejb3Column - Binding column: Ejb3Column{table=org.hibernate.mapping.Table(player), mappingColumn=id, insertable=true, updatable=true, unique=false}
20:24:25.088 [main] DEBUG org.hibernate.cfg.annotations.PropertyBinder - MetadataSourceProcessor property id with lazy=false
20:24:25.088 [main] DEBUG org.hibernate.cfg.AbstractPropertyHolder - Attempting to locate auto-apply AttributeConverter for property [tau.mmo.domain.Player:id]
20:24:25.088 [main] DEBUG org.hibernate.cfg.annotations.SimpleValueBinder - building SimpleValue for id
20:24:25.088 [main] DEBUG org.hibernate.cfg.annotations.PropertyBinder - Building property id
20:24:25.088 [main] DEBUG org.hibernate.cfg.Ejb3Column - Binding column: Ejb3Column{table=org.hibernate.mapping.Table(player), mappingColumn=heroclass, insertable=true, updatable=true, unique=false}
20:24:25.088 [main] DEBUG org.hibernate.cfg.annotations.PropertyBinder - MetadataSourceProcessor property heroclass with lazy=false
20:24:25.088 [main] DEBUG org.hibernate.cfg.AbstractPropertyHolder - Attempting to locate auto-apply AttributeConverter for property [tau.mmo.domain.Player:heroclass]
20:24:25.088 [main] DEBUG org.hibernate.cfg.annotations.SimpleValueBinder - building SimpleValue for heroclass
20:24:25.088 [main] DEBUG org.hibernate.cfg.annotations.PropertyBinder - Building property heroclass
20:24:25.088 [main] DEBUG org.hibernate.cfg.Ejb3Column - Binding column: Ejb3JoinColumn{logicalColumnName='null', referencedColumn='null', mappedBy='player'}
20:24:25.088 [main] DEBUG org.hibernate.cfg.Ejb3Column - Binding column: Ejb3Column{table=org.hibernate.mapping.Table(player), mappingColumn=items, insertable=true, updatable=true, unique=false}
20:24:25.088 [main] DEBUG org.hibernate.cfg.Ejb3Column - Binding column: Ejb3Column{table=org.hibernate.mapping.Table(player), mappingColumn=null, insertable=true, updatable=true, unique=false}
20:24:25.088 [main] DEBUG org.hibernate.cfg.Ejb3Column - Binding column: Ejb3Column{table=org.hibernate.mapping.Table(player), mappingColumn=element, insertable=true, updatable=true, unique=false}
20:24:25.088 [main] DEBUG org.hibernate.cfg.Ejb3Column - Binding column: Ejb3Column{table=org.hibernate.mapping.Table(player), mappingColumn=items_KEY, insertable=true, updatable=true, unique=false}
20:24:25.088 [main] DEBUG org.hibernate.cfg.Ejb3Column - Binding column: Ejb3JoinColumn{logicalColumnName='items_KEY', referencedColumn='null', mappedBy='null'}
20:24:25.088 [main] DEBUG org.hibernate.cfg.Ejb3Column - Binding column: Ejb3JoinColumn{logicalColumnName='null', referencedColumn='null', mappedBy='player'}
20:24:25.088 [main] DEBUG org.hibernate.cfg.Ejb3Column - Binding column: Ejb3JoinColumn{logicalColumnName='null', referencedColumn='null', mappedBy='player'}
20:24:25.088 [main] DEBUG org.hibernate.cfg.annotations.CollectionBinder - Collection role: tau.mmo.domain.Player.items
20:24:25.088 [main] DEBUG org.hibernate.cfg.annotations.PropertyBinder - Building property items
20:24:25.088 [main] DEBUG org.hibernate.cfg.Ejb3Column - Binding column: Ejb3Column{table=org.hibernate.mapping.Table(player), mappingColumn=level, insertable=true, updatable=true, unique=false}
20:24:25.088 [main] DEBUG org.hibernate.cfg.annotations.PropertyBinder - MetadataSourceProcessor property level with lazy=false
20:24:25.088 [main] DEBUG org.hibernate.cfg.AbstractPropertyHolder - Attempting to locate auto-apply AttributeConverter for property [tau.mmo.domain.Player:level]
20:24:25.088 [main] DEBUG org.hibernate.cfg.annotations.SimpleValueBinder - building SimpleValue for level
20:24:25.088 [main] DEBUG org.hibernate.cfg.annotations.PropertyBinder - Building property level
20:24:25.089 [main] DEBUG org.hibernate.cfg.Ejb3Column - Binding column: Ejb3Column{table=org.hibernate.mapping.Table(player), mappingColumn=name, insertable=true, updatable=true, unique=false}
20:24:25.089 [main] DEBUG org.hibernate.cfg.annotations.PropertyBinder - MetadataSourceProcessor property name with lazy=false
20:24:25.089 [main] DEBUG org.hibernate.cfg.AbstractPropertyHolder - Attempting to locate auto-apply AttributeConverter for property [tau.mmo.domain.Player:name]
20:24:25.089 [main] DEBUG org.hibernate.cfg.annotations.SimpleValueBinder - building SimpleValue for name
20:24:25.089 [main] DEBUG org.hibernate.cfg.annotations.PropertyBinder - Building property name
20:24:25.089 [main] DEBUG org.hibernate.cfg.annotations.SimpleValueBinder - Starting fillSimpleValue for id
20:24:25.089 [main] DEBUG org.hibernate.cfg.annotations.SimpleValueBinder - Starting fillSimpleValue for itemclass
20:24:25.089 [main] DEBUG org.hibernate.cfg.annotations.SimpleValueBinder - Starting fillSimpleValue for levelreq
20:24:25.089 [main] DEBUG org.hibernate.cfg.annotations.SimpleValueBinder - Starting fillSimpleValue for name
20:24:25.089 [main] DEBUG org.hibernate.cfg.annotations.SimpleValueBinder - Starting fillSimpleValue for id
20:24:25.089 [main] DEBUG org.hibernate.cfg.annotations.SimpleValueBinder - Starting fillSimpleValue for heroclass
20:24:25.089 [main] DEBUG org.hibernate.cfg.annotations.SimpleValueBinder - Starting fillSimpleValue for level
20:24:25.089 [main] DEBUG org.hibernate.cfg.annotations.SimpleValueBinder - Starting fillSimpleValue for name
20:24:25.089 [main] DEBUG org.hibernate.mapping.PrimaryKey - Forcing column [id] to be non-null as it is part of the primary key for table [item]
20:24:25.089 [main] DEBUG org.hibernate.mapping.PrimaryKey - Forcing column [id] to be non-null as it is part of the primary key for table [player]
20:24:25.089 [main] DEBUG org.hibernate.cfg.CollectionSecondPass - Second pass for collection: tau.mmo.domain.Player.items
20:24:25.089 [main] DEBUG org.hibernate.cfg.annotations.CollectionBinder - Binding a OneToMany: tau.mmo.domain.Player.items through a foreign key
20:24:25.089 [main] DEBUG org.hibernate.cfg.annotations.CollectionBinder - Mapping collection: tau.mmo.domain.Player.items -> item
20:24:25.089 [main] DEBUG org.hibernate.cfg.annotations.TableBinder - Retrieving property tau.mmo.domain.Item.player
20:24:25.089 [main] DEBUG org.hibernate.cfg.CollectionSecondPass - Mapped collection key: player_id, one-to-many: tau.mmo.domain.Item
20:24:25.089 [main] DEBUG org.hibernate.boot.internal.InFlightMetadataCollectorImpl - Resolving reference to class: tau.mmo.domain.Player
20:24:25.090 [main] DEBUG org.hibernate.boot.internal.InFlightMetadataCollectorImpl - Resolving reference to class: tau.mmo.domain.Player
20:24:25.090 [main] DEBUG org.hibernate.internal.SessionFactoryImpl - Building session factory
20:24:25.090 [main] DEBUG org.hibernate.cfg.Settings - SessionFactory name : null
20:24:25.090 [main] DEBUG org.hibernate.cfg.Settings - Automatic flush during beforeCompletion(): disabled
20:24:25.090 [main] DEBUG org.hibernate.cfg.Settings - Automatic session close at end of transaction: disabled
20:24:25.090 [main] DEBUG org.hibernate.cfg.Settings - Statistics: disabled
20:24:25.090 [main] DEBUG org.hibernate.cfg.Settings - Deleted entity synthetic identifier rollback: disabled
20:24:25.090 [main] DEBUG org.hibernate.cfg.Settings - Default entity-mode: pojo
20:24:25.090 [main] DEBUG org.hibernate.cfg.Settings - Check Nullability in Core (should be disabled when Bean Validation is on): enabled
20:24:25.090 [main] DEBUG org.hibernate.cfg.Settings - Allow initialization of lazy state outside session : disabled
20:24:25.090 [main] DEBUG org.hibernate.cfg.Settings - Using BatchFetchStyle : LEGACY
20:24:25.090 [main] DEBUG org.hibernate.cfg.Settings - Default batch fetch size: -1
20:24:25.090 [main] DEBUG org.hibernate.cfg.Settings - Maximum outer join fetch depth: null
20:24:25.090 [main] DEBUG org.hibernate.cfg.Settings - Default null ordering: NONE
20:24:25.090 [main] DEBUG org.hibernate.cfg.Settings - Order SQL updates by primary key: disabled
20:24:25.090 [main] DEBUG org.hibernate.cfg.Settings - Order SQL inserts for batching: disabled
20:24:25.090 [main] DEBUG org.hibernate.cfg.Settings - multi-tenancy strategy : NONE
20:24:25.090 [main] DEBUG org.hibernate.cfg.Settings - JTA Track by Thread: enabled
20:24:25.090 [main] DEBUG org.hibernate.cfg.Settings - Query language substitutions: {}
20:24:25.090 [main] DEBUG org.hibernate.cfg.Settings - JPA query language strict compliance: disabled
20:24:25.090 [main] DEBUG org.hibernate.cfg.Settings - Named query checking : enabled
20:24:25.090 [main] DEBUG org.hibernate.cfg.Settings - Second-level cache: enabled
20:24:25.090 [main] DEBUG org.hibernate.cfg.Settings - Second-level query cache: disabled
20:24:25.090 [main] DEBUG org.hibernate.cfg.Settings - Second-level query cache factory: org.hibernate.cache.internal.StandardQueryCacheFactory@767599a7
20:24:25.090 [main] DEBUG org.hibernate.cfg.Settings - Second-level cache region prefix: null
20:24:25.090 [main] DEBUG org.hibernate.cfg.Settings - Optimize second-level cache for minimal puts: disabled
20:24:25.090 [main] DEBUG org.hibernate.cfg.Settings - Structured second-level cache entries: disabled
20:24:25.090 [main] DEBUG org.hibernate.cfg.Settings - Second-level cache direct-reference entries: disabled
20:24:25.090 [main] DEBUG org.hibernate.cfg.Settings - Automatic eviction of collection cache: disabled
20:24:25.090 [main] DEBUG org.hibernate.cfg.Settings - JDBC batch size: 0
20:24:25.090 [main] DEBUG org.hibernate.cfg.Settings - JDBC batch updates for versioned data: enabled
20:24:25.090 [main] DEBUG org.hibernate.cfg.Settings - Scrollable result sets: disabled
20:24:25.090 [main] DEBUG org.hibernate.cfg.Settings - Wrap result sets: disabled
20:24:25.090 [main] DEBUG org.hibernate.cfg.Settings - JDBC3 getGeneratedKeys(): disabled
20:24:25.090 [main] DEBUG org.hibernate.cfg.Settings - JDBC result set fetch size: null
20:24:25.090 [main] DEBUG org.hibernate.cfg.Settings - Connection release mode: ON_CLOSE
20:24:25.090 [main] DEBUG org.hibernate.cfg.Settings - Generate SQL with comments: disabled
20:24:25.091 [main] DEBUG org.hibernate.internal.SessionFactoryImpl - Session factory constructed with filter configurations : {}
20:24:25.091 [main] DEBUG org.hibernate.internal.SessionFactoryImpl - Instantiating session factory with properties: {awt.toolkit=sun.awt.X11.XToolkit, java.specification.version=11, sun.cpu.isalist=, sun.jnu.encoding=UTF-8, hibernate.connection.release_mode=ON_CLOSE, sun.arch.data.model=64, java.vendor.url=http://java.oracle.com/, sun.boot.library.path=/usr/lib/jvm/java-11-openjdk-amd64/lib, sun.java.command=/home/whitewolf/tau/TAU-repozytorium/tau-mmo-jmeter/target/surefire/surefirebooter3743684750447416578.jar /home/whitewolf/tau/TAU-repozytorium/tau-mmo-jmeter/target/surefire 2019-05-27T20-24-21_781-jvmRun1 surefire6552960694995493992tmp surefire_06547653810239904951tmp, jdk.debug=release, java.specification.vendor=Oracle Corporation, java.version.date=2019-04-16, java.home=/usr/lib/jvm/java-11-openjdk-amd64, file.separator=/, basedir=/home/whitewolf/tau/TAU-repozytorium/tau-mmo-jmeter, java.vm.compressedOopsMode=Zero based, line.separator=
, java.specification.name=Java Platform API Specification, java.vm.specification.vendor=Oracle Corporation, hibernate.hbm2ddl.auto=update, sun.management.compiler=HotSpot 64-Bit Tiered Compilers, java.runtime.version=11.0.3+7-Ubuntu-1ubuntu218.04.1, user.name=whitewolf, file.encoding=UTF-8, hibernate.classLoaders=[jdk.internal.loader.ClassLoaders$AppClassLoader@1affbebc], hibernate.current_session_context_class=org.springframework.orm.hibernate5.SpringSessionContext, localRepository=/home/whitewolf/.m2/repository, java.io.tmpdir=/tmp, java.version=11.0.3, java.vm.specification.name=Java Virtual Machine Specification, java.awt.printerjob=sun.print.PSPrinterJob, sun.os.patch.level=unknown, java.library.path=/usr/java/packages/lib:/usr/lib/x86_64-linux-gnu/jni:/lib/x86_64-linux-gnu:/usr/lib/x86_64-linux-gnu:/usr/lib/jni:/lib:/usr/lib, java.vendor=Oracle Corporation, sun.io.unicode.encoding=UnicodeLittle, sun.desktop=gnome, hibernate.dialect=org.hibernate.dialect.HSQLDialect, java.class.path=/home/whitewolf/tau/TAU-repozytorium/tau-mmo-jmeter/target/test-classes:/home/whitewolf/tau/TAU-repozytorium/tau-mmo-jmeter/target/classes:/home/whitewolf/.m2/repository/org/springframework/boot/spring-boot-starter-web/2.1.4.RELEASE/spring-boot-starter-web-2.1.4.RELEASE.jar:/home/whitewolf/.m2/repository/org/springframework/boot/spring-boot-starter/2.1.4.RELEASE/spring-boot-starter-2.1.4.RELEASE.jar:/home/whitewolf/.m2/repository/org/springframework/boot/spring-boot/2.1.4.RELEASE/spring-boot-2.1.4.RELEASE.jar:/home/whitewolf/.m2/repository/org/springframework/boot/spring-boot-autoconfigure/2.1.4.RELEASE/spring-boot-autoconfigure-2.1.4.RELEASE.jar:/home/whitewolf/.m2/repository/org/springframework/boot/spring-boot-starter-logging/2.1.4.RELEASE/spring-boot-starter-logging-2.1.4.RELEASE.jar:/home/whitewolf/.m2/repository/ch/qos/logback/logback-classic/1.2.3/logback-classic-1.2.3.jar:/home/whitewolf/.m2/repository/ch/qos/logback/logback-core/1.2.3/logback-core-1.2.3.jar:/home/whitewolf/.m2/repository/org/apache/logging/log4j/log4j-to-slf4j/2.11.2/log4j-to-slf4j-2.11.2.jar:/home/whitewolf/.m2/repository/org/apache/logging/log4j/log4j-api/2.11.2/log4j-api-2.11.2.jar:/home/whitewolf/.m2/repository/org/slf4j/jul-to-slf4j/1.7.26/jul-to-slf4j-1.7.26.jar:/home/whitewolf/.m2/repository/org/yaml/snakeyaml/1.23/snakeyaml-1.23.jar:/home/whitewolf/.m2/repository/org/springframework/boot/spring-boot-starter-json/2.1.4.RELEASE/spring-boot-starter-json-2.1.4.RELEASE.jar:/home/whitewolf/.m2/repository/com/fasterxml/jackson/core/jackson-databind/2.9.8/jackson-databind-2.9.8.jar:/home/whitewolf/.m2/repository/com/fasterxml/jackson/core/jackson-annotations/2.9.0/jackson-annotations-2.9.0.jar:/home/whitewolf/.m2/repository/com/fasterxml/jackson/core/jackson-core/2.9.8/jackson-core-2.9.8.jar:/home/whitewolf/.m2/repository/com/fasterxml/jackson/datatype/jackson-datatype-jdk8/2.9.8/jackson-datatype-jdk8-2.9.8.jar:/home/whitewolf/.m2/repository/com/fasterxml/jackson/datatype/jackson-datatype-jsr310/2.9.8/jackson-datatype-jsr310-2.9.8.jar:/home/whitewolf/.m2/repository/com/fasterxml/jackson/module/jackson-module-parameter-names/2.9.8/jackson-module-parameter-names-2.9.8.jar:/home/whitewolf/.m2/repository/org/hibernate/validator/hibernate-validator/6.0.16.Final/hibernate-validator-6.0.16.Final.jar:/home/whitewolf/.m2/repository/javax/validation/validation-api/2.0.1.Final/validation-api-2.0.1.Final.jar:/home/whitewolf/.m2/repository/org/springframework/spring-web/5.1.6.RELEASE/spring-web-5.1.6.RELEASE.jar:/home/whitewolf/.m2/repository/org/springframework/spring-webmvc/5.1.6.RELEASE/spring-webmvc-5.1.6.RELEASE.jar:/home/whitewolf/.m2/repository/org/springframework/spring-aop/5.1.6.RELEASE/spring-aop-5.1.6.RELEASE.jar:/home/whitewolf/.m2/repository/org/springframework/spring-context/5.1.6.RELEASE/spring-context-5.1.6.RELEASE.jar:/home/whitewolf/.m2/repository/org/springframework/spring-expression/5.1.6.RELEASE/spring-expression-5.1.6.RELEASE.jar:/home/whitewolf/.m2/repository/org/springframework/boot/spring-boot-starter-test/2.1.4.RELEASE/spring-boot-starter-test-2.1.4.RELEASE.jar:/home/whitewolf/.m2/repository/org/springframework/boot/spring-boot-test/2.1.4.RELEASE/spring-boot-test-2.1.4.RELEASE.jar:/home/whitewolf/.m2/repository/org/springframework/boot/spring-boot-test-autoconfigure/2.1.4.RELEASE/spring-boot-test-autoconfigure-2.1.4.RELEASE.jar:/home/whitewolf/.m2/repository/junit/junit/4.12/junit-4.12.jar:/home/whitewolf/.m2/repository/org/assertj/assertj-core/3.11.1/assertj-core-3.11.1.jar:/home/whitewolf/.m2/repository/org/mockito/mockito-core/2.23.4/mockito-core-2.23.4.jar:/home/whitewolf/.m2/repository/net/bytebuddy/byte-buddy/1.9.12/byte-buddy-1.9.12.jar:/home/whitewolf/.m2/repository/net/bytebuddy/byte-buddy-agent/1.9.12/byte-buddy-agent-1.9.12.jar:/home/whitewolf/.m2/repository/org/objenesis/objenesis/2.6/objenesis-2.6.jar:/home/whitewolf/.m2/repository/org/hamcrest/hamcrest-core/1.3/hamcrest-core-1.3.jar:/home/whitewolf/.m2/repository/org/hamcrest/hamcrest-library/1.3/hamcrest-library-1.3.jar:/home/whitewolf/.m2/repository/org/skyscreamer/jsonassert/1.5.0/jsonassert-1.5.0.jar:/home/whitewolf/.m2/repository/com/vaadin/external/google/android-json/0.0.20131108.vaadin1/android-json-0.0.20131108.vaadin1.jar:/home/whitewolf/.m2/repository/org/springframework/spring-core/5.1.6.RELEASE/spring-core-5.1.6.RELEASE.jar:/home/whitewolf/.m2/repository/org/springframework/spring-jcl/5.1.6.RELEASE/spring-jcl-5.1.6.RELEASE.jar:/home/whitewolf/.m2/repository/org/springframework/spring-test/5.1.6.RELEASE/spring-test-5.1.6.RELEASE.jar:/home/whitewolf/.m2/repository/org/xmlunit/xmlunit-core/2.6.2/xmlunit-core-2.6.2.jar:/home/whitewolf/.m2/repository/org/springframework/boot/spring-boot-starter-tomcat/2.1.4.RELEASE/spring-boot-starter-tomcat-2.1.4.RELEASE.jar:/home/whitewolf/.m2/repository/javax/annotation/javax.annotation-api/1.3.2/javax.annotation-api-1.3.2.jar:/home/whitewolf/.m2/repository/org/apache/tomcat/embed/tomcat-embed-core/9.0.17/tomcat-embed-core-9.0.17.jar:/home/whitewolf/.m2/repository/org/apache/tomcat/embed/tomcat-embed-el/9.0.17/tomcat-embed-el-9.0.17.jar:/home/whitewolf/.m2/repository/org/apache/tomcat/embed/tomcat-embed-websocket/9.0.17/tomcat-embed-websocket-9.0.17.jar:/home/whitewolf/.m2/repository/org/springframework/boot/spring-boot-starter-data-jpa/2.1.4.RELEASE/spring-boot-starter-data-jpa-2.1.4.RELEASE.jar:/home/whitewolf/.m2/repository/org/springframework/boot/spring-boot-starter-aop/2.1.4.RELEASE/spring-boot-starter-aop-2.1.4.RELEASE.jar:/home/whitewolf/.m2/repository/org/aspectj/aspectjweaver/1.9.2/aspectjweaver-1.9.2.jar:/home/whitewolf/.m2/repository/org/springframework/boot/spring-boot-starter-jdbc/2.1.4.RELEASE/spring-boot-starter-jdbc-2.1.4.RELEASE.jar:/home/whitewolf/.m2/repository/com/zaxxer/HikariCP/3.2.0/HikariCP-3.2.0.jar:/home/whitewolf/.m2/repository/org/springframework/spring-jdbc/5.1.6.RELEASE/spring-jdbc-5.1.6.RELEASE.jar:/home/whitewolf/.m2/repository/javax/transaction/javax.transaction-api/1.3/javax.transaction-api-1.3.jar:/home/whitewolf/.m2/repository/javax/xml/bind/jaxb-api/2.3.1/jaxb-api-2.3.1.jar:/home/whitewolf/.m2/repository/javax/activation/javax.activation-api/1.2.0/javax.activation-api-1.2.0.jar:/home/whitewolf/.m2/repository/org/springframework/data/spring-data-jpa/2.1.6.RELEASE/spring-data-jpa-2.1.6.RELEASE.jar:/home/whitewolf/.m2/repository/org/springframework/data/spring-data-commons/2.1.6.RELEASE/spring-data-commons-2.1.6.RELEASE.jar:/home/whitewolf/.m2/repository/org/springframework/spring-orm/5.1.6.RELEASE/spring-orm-5.1.6.RELEASE.jar:/home/whitewolf/.m2/repository/org/springframework/spring-aspects/5.1.6.RELEASE/spring-aspects-5.1.6.RELEASE.jar:/home/whitewolf/.m2/repository/org/springframework/spring-tx/5.1.6.RELEASE/spring-tx-5.1.6.RELEASE.jar:/home/whitewolf/.m2/repository/org/springframework/spring-beans/5.1.6.RELEASE/spring-beans-5.1.6.RELEASE.jar:/home/whitewolf/.m2/repository/com/jayway/jsonpath/json-path/2.4.0/json-path-2.4.0.jar:/home/whitewolf/.m2/repository/net/minidev/json-smart/2.3/json-smart-2.3.jar:/home/whitewolf/.m2/repository/net/minidev/accessors-smart/1.2/accessors-smart-1.2.jar:/home/whitewolf/.m2/repository/org/ow2/asm/asm/5.0.4/asm-5.0.4.jar:/home/whitewolf/.m2/repository/org/slf4j/slf4j-api/1.7.26/slf4j-api-1.7.26.jar:/home/whitewolf/.m2/repository/org/hibernate/hibernate-core/5.1.6.Final/hibernate-core-5.1.6.Final.jar:/home/whitewolf/.m2/repository/org/jboss/logging/jboss-logging/3.3.2.Final/jboss-logging-3.3.2.Final.jar:/home/whitewolf/.m2/repository/org/hibernate/javax/persistence/hibernate-jpa-2.1-api/1.0.0.Final/hibernate-jpa-2.1-api-1.0.0.Final.jar:/home/whitewolf/.m2/repository/org/javassist/javassist/3.20.0-GA/javassist-3.20.0-GA.jar:/home/whitewolf/.m2/repository/antlr/antlr/2.7.7/antlr-2.7.7.jar:/home/whitewolf/.m2/repository/org/apache/geronimo/specs/geronimo-jta_1.1_spec/1.1.1/geronimo-jta_1.1_spec-1.1.1.jar:/home/whitewolf/.m2/repository/org/jboss/jandex/2.0.3.Final/jandex-2.0.3.Final.jar:/home/whitewolf/.m2/repository/com/fasterxml/classmate/1.4.0/classmate-1.4.0.jar:/home/whitewolf/.m2/repository/dom4j/dom4j/1.6.1/dom4j-1.6.1.jar:/home/whitewolf/.m2/repository/org/hibernate/common/hibernate-commons-annotations/5.0.1.Final/hibernate-commons-annotations-5.0.1.Final.jar:/home/whitewolf/.m2/repository/org/hsqldb/hsqldb/2.3.4/hsqldb-2.3.4.jar:, java.vm.vendor=Oracle Corporation, user.timezone=Europe/Warsaw, os.name=Linux, java.vm.specification.version=11, sun.java.launcher=SUN_STANDARD, user.country=PL, surefire.test.class.path=/home/whitewolf/tau/TAU-repozytorium/tau-mmo-jmeter/target/test-classes:/home/whitewolf/tau/TAU-repozytorium/tau-mmo-jmeter/target/classes:/home/whitewolf/.m2/repository/org/springframework/boot/spring-boot-starter-web/2.1.4.RELEASE/spring-boot-starter-web-2.1.4.RELEASE.jar:/home/whitewolf/.m2/repository/org/springframework/boot/spring-boot-starter/2.1.4.RELEASE/spring-boot-starter-2.1.4.RELEASE.jar:/home/whitewolf/.m2/repository/org/springframework/boot/spring-boot/2.1.4.RELEASE/spring-boot-2.1.4.RELEASE.jar:/home/whitewolf/.m2/repository/org/springframework/boot/spring-boot-autoconfigure/2.1.4.RELEASE/spring-boot-autoconfigure-2.1.4.RELEASE.jar:/home/whitewolf/.m2/repository/org/springframework/boot/spring-boot-starter-logging/2.1.4.RELEASE/spring-boot-starter-logging-2.1.4.RELEASE.jar:/home/whitewolf/.m2/repository/ch/qos/logback/logback-classic/1.2.3/logback-classic-1.2.3.jar:/home/whitewolf/.m2/repository/ch/qos/logback/logback-core/1.2.3/logback-core-1.2.3.jar:/home/whitewolf/.m2/repository/org/apache/logging/log4j/log4j-to-slf4j/2.11.2/log4j-to-slf4j-2.11.2.jar:/home/whitewolf/.m2/repository/org/apache/logging/log4j/log4j-api/2.11.2/log4j-api-2.11.2.jar:/home/whitewolf/.m2/repository/org/slf4j/jul-to-slf4j/1.7.26/jul-to-slf4j-1.7.26.jar:/home/whitewolf/.m2/repository/org/yaml/snakeyaml/1.23/snakeyaml-1.23.jar:/home/whitewolf/.m2/repository/org/springframework/boot/spring-boot-starter-json/2.1.4.RELEASE/spring-boot-starter-json-2.1.4.RELEASE.jar:/home/whitewolf/.m2/repository/com/fasterxml/jackson/core/jackson-databind/2.9.8/jackson-databind-2.9.8.jar:/home/whitewolf/.m2/repository/com/fasterxml/jackson/core/jackson-annotations/2.9.0/jackson-annotations-2.9.0.jar:/home/whitewolf/.m2/repository/com/fasterxml/jackson/core/jackson-core/2.9.8/jackson-core-2.9.8.jar:/home/whitewolf/.m2/repository/com/fasterxml/jackson/datatype/jackson-datatype-jdk8/2.9.8/jackson-datatype-jdk8-2.9.8.jar:/home/whitewolf/.m2/repository/com/fasterxml/jackson/datatype/jackson-datatype-jsr310/2.9.8/jackson-datatype-jsr310-2.9.8.jar:/home/whitewolf/.m2/repository/com/fasterxml/jackson/module/jackson-module-parameter-names/2.9.8/jackson-module-parameter-names-2.9.8.jar:/home/whitewolf/.m2/repository/org/hibernate/validator/hibernate-validator/6.0.16.Final/hibernate-validator-6.0.16.Final.jar:/home/whitewolf/.m2/repository/javax/validation/validation-api/2.0.1.Final/validation-api-2.0.1.Final.jar:/home/whitewolf/.m2/repository/org/springframework/spring-web/5.1.6.RELEASE/spring-web-5.1.6.RELEASE.jar:/home/whitewolf/.m2/repository/org/springframework/spring-webmvc/5.1.6.RELEASE/spring-webmvc-5.1.6.RELEASE.jar:/home/whitewolf/.m2/repository/org/springframework/spring-aop/5.1.6.RELEASE/spring-aop-5.1.6.RELEASE.jar:/home/whitewolf/.m2/repository/org/springframework/spring-context/5.1.6.RELEASE/spring-context-5.1.6.RELEASE.jar:/home/whitewolf/.m2/repository/org/springframework/spring-expression/5.1.6.RELEASE/spring-expression-5.1.6.RELEASE.jar:/home/whitewolf/.m2/repository/org/springframework/boot/spring-boot-starter-test/2.1.4.RELEASE/spring-boot-starter-test-2.1.4.RELEASE.jar:/home/whitewolf/.m2/repository/org/springframework/boot/spring-boot-test/2.1.4.RELEASE/spring-boot-test-2.1.4.RELEASE.jar:/home/whitewolf/.m2/repository/org/springframework/boot/spring-boot-test-autoconfigure/2.1.4.RELEASE/spring-boot-test-autoconfigure-2.1.4.RELEASE.jar:/home/whitewolf/.m2/repository/junit/junit/4.12/junit-4.12.jar:/home/whitewolf/.m2/repository/org/assertj/assertj-core/3.11.1/assertj-core-3.11.1.jar:/home/whitewolf/.m2/repository/org/mockito/mockito-core/2.23.4/mockito-core-2.23.4.jar:/home/whitewolf/.m2/repository/net/bytebuddy/byte-buddy/1.9.12/byte-buddy-1.9.12.jar:/home/whitewolf/.m2/repository/net/bytebuddy/byte-buddy-agent/1.9.12/byte-buddy-agent-1.9.12.jar:/home/whitewolf/.m2/repository/org/objenesis/objenesis/2.6/objenesis-2.6.jar:/home/whitewolf/.m2/repository/org/hamcrest/hamcrest-core/1.3/hamcrest-core-1.3.jar:/home/whitewolf/.m2/repository/org/hamcrest/hamcrest-library/1.3/hamcrest-library-1.3.jar:/home/whitewolf/.m2/repository/org/skyscreamer/jsonassert/1.5.0/jsonassert-1.5.0.jar:/home/whitewolf/.m2/repository/com/vaadin/external/google/android-json/0.0.20131108.vaadin1/android-json-0.0.20131108.vaadin1.jar:/home/whitewolf/.m2/repository/org/springframework/spring-core/5.1.6.RELEASE/spring-core-5.1.6.RELEASE.jar:/home/whitewolf/.m2/repository/org/springframework/spring-jcl/5.1.6.RELEASE/spring-jcl-5.1.6.RELEASE.jar:/home/whitewolf/.m2/repository/org/springframework/spring-test/5.1.6.RELEASE/spring-test-5.1.6.RELEASE.jar:/home/whitewolf/.m2/repository/org/xmlunit/xmlunit-core/2.6.2/xmlunit-core-2.6.2.jar:/home/whitewolf/.m2/repository/org/springframework/boot/spring-boot-starter-tomcat/2.1.4.RELEASE/spring-boot-starter-tomcat-2.1.4.RELEASE.jar:/home/whitewolf/.m2/repository/javax/annotation/javax.annotation-api/1.3.2/javax.annotation-api-1.3.2.jar:/home/whitewolf/.m2/repository/org/apache/tomcat/embed/tomcat-embed-core/9.0.17/tomcat-embed-core-9.0.17.jar:/home/whitewolf/.m2/repository/org/apache/tomcat/embed/tomcat-embed-el/9.0.17/tomcat-embed-el-9.0.17.jar:/home/whitewolf/.m2/repository/org/apache/tomcat/embed/tomcat-embed-websocket/9.0.17/tomcat-embed-websocket-9.0.17.jar:/home/whitewolf/.m2/repository/org/springframework/boot/spring-boot-starter-data-jpa/2.1.4.RELEASE/spring-boot-starter-data-jpa-2.1.4.RELEASE.jar:/home/whitewolf/.m2/repository/org/springframework/boot/spring-boot-starter-aop/2.1.4.RELEASE/spring-boot-starter-aop-2.1.4.RELEASE.jar:/home/whitewolf/.m2/repository/org/aspectj/aspectjweaver/1.9.2/aspectjweaver-1.9.2.jar:/home/whitewolf/.m2/repository/org/springframework/boot/spring-boot-starter-jdbc/2.1.4.RELEASE/spring-boot-starter-jdbc-2.1.4.RELEASE.jar:/home/whitewolf/.m2/repository/com/zaxxer/HikariCP/3.2.0/HikariCP-3.2.0.jar:/home/whitewolf/.m2/repository/org/springframework/spring-jdbc/5.1.6.RELEASE/spring-jdbc-5.1.6.RELEASE.jar:/home/whitewolf/.m2/repository/javax/transaction/javax.transaction-api/1.3/javax.transaction-api-1.3.jar:/home/whitewolf/.m2/repository/javax/xml/bind/jaxb-api/2.3.1/jaxb-api-2.3.1.jar:/home/whitewolf/.m2/repository/javax/activation/javax.activation-api/1.2.0/javax.activation-api-1.2.0.jar:/home/whitewolf/.m2/repository/org/springframework/data/spring-data-jpa/2.1.6.RELEASE/spring-data-jpa-2.1.6.RELEASE.jar:/home/whitewolf/.m2/repository/org/springframework/data/spring-data-commons/2.1.6.RELEASE/spring-data-commons-2.1.6.RELEASE.jar:/home/whitewolf/.m2/repository/org/springframework/spring-orm/5.1.6.RELEASE/spring-orm-5.1.6.RELEASE.jar:/home/whitewolf/.m2/repository/org/springframework/spring-aspects/5.1.6.RELEASE/spring-aspects-5.1.6.RELEASE.jar:/home/whitewolf/.m2/repository/org/springframework/spring-tx/5.1.6.RELEASE/spring-tx-5.1.6.RELEASE.jar:/home/whitewolf/.m2/repository/org/springframework/spring-beans/5.1.6.RELEASE/spring-beans-5.1.6.RELEASE.jar:/home/whitewolf/.m2/repository/com/jayway/jsonpath/json-path/2.4.0/json-path-2.4.0.jar:/home/whitewolf/.m2/repository/net/minidev/json-smart/2.3/json-smart-2.3.jar:/home/whitewolf/.m2/repository/net/minidev/accessors-smart/1.2/accessors-smart-1.2.jar:/home/whitewolf/.m2/repository/org/ow2/asm/asm/5.0.4/asm-5.0.4.jar:/home/whitewolf/.m2/repository/org/slf4j/slf4j-api/1.7.26/slf4j-api-1.7.26.jar:/home/whitewolf/.m2/repository/org/hibernate/hibernate-core/5.1.6.Final/hibernate-core-5.1.6.Final.jar:/home/whitewolf/.m2/repository/org/jboss/logging/jboss-logging/3.3.2.Final/jboss-logging-3.3.2.Final.jar:/home/whitewolf/.m2/repository/org/hibernate/javax/persistence/hibernate-jpa-2.1-api/1.0.0.Final/hibernate-jpa-2.1-api-1.0.0.Final.jar:/home/whitewolf/.m2/repository/org/javassist/javassist/3.20.0-GA/javassist-3.20.0-GA.jar:/home/whitewolf/.m2/repository/antlr/antlr/2.7.7/antlr-2.7.7.jar:/home/whitewolf/.m2/repository/org/apache/geronimo/specs/geronimo-jta_1.1_spec/1.1.1/geronimo-jta_1.1_spec-1.1.1.jar:/home/whitewolf/.m2/repository/org/jboss/jandex/2.0.3.Final/jandex-2.0.3.Final.jar:/home/whitewolf/.m2/repository/com/fasterxml/classmate/1.4.0/classmate-1.4.0.jar:/home/whitewolf/.m2/repository/dom4j/dom4j/1.6.1/dom4j-1.6.1.jar:/home/whitewolf/.m2/repository/org/hibernate/common/hibernate-commons-annotations/5.0.1.Final/hibernate-commons-annotations-5.0.1.Final.jar:/home/whitewolf/.m2/repository/org/hsqldb/hsqldb/2.3.4/hsqldb-2.3.4.jar:, sun.cpu.endian=little, user.home=/home/whitewolf, user.language=pl, java.awt.graphicsenv=sun.awt.X11GraphicsEnvironment, surefire.real.class.path=/home/whitewolf/tau/TAU-repozytorium/tau-mmo-jmeter/target/surefire/surefirebooter3743684750447416578.jar, path.separator=:, os.version=4.15.0-47-generic, java.runtime.name=OpenJDK Runtime Environment, java.vm.name=OpenJDK 64-Bit Server VM, hibernate.show_sql=true, java.vendor.url.bug=http://bugreport.java.com/bugreport/, user.dir=/home/whitewolf/tau/TAU-repozytorium/tau-mmo-jmeter, os.arch=amd64, hibernate.boot.CfgXmlAccessService.key=org.hibernate.boot.cfgxml.spi.LoadedConfig@527d48db, java.vm.info=mixed mode, sharing, java.vm.version=11.0.3+7-Ubuntu-1ubuntu218.04.1, hibernate.bytecode.use_reflection_optimizer=false, hibernate.connection.datasource=org.springframework.jdbc.datasource.DriverManagerDataSource@333a44f2, java.class.version=55.0}
20:24:25.091 [main] DEBUG org.hibernate.validator.internal.engine.resolver.TraversableResolvers - Found javax.persistence.Persistence on classpath containing 'getPersistenceUtil'. Assuming JPA 2 environment. Trying to instantiate JPA aware TraversableResolver
20:24:25.091 [main] DEBUG org.hibernate.validator.internal.engine.resolver.TraversableResolvers - Instantiated JPA aware TraversableResolver of type org.hibernate.validator.internal.engine.resolver.JPATraversableResolver.
20:24:25.091 [main] DEBUG org.hibernate.validator.internal.xml.config.ValidationXmlParser - Trying to load META-INF/validation.xml for XML based Validator configuration.
20:24:25.091 [main] DEBUG org.hibernate.validator.internal.xml.config.ResourceLoaderHelper - Trying to load META-INF/validation.xml via TCCL
20:24:25.091 [main] DEBUG org.hibernate.validator.internal.xml.config.ResourceLoaderHelper - Trying to load META-INF/validation.xml via Hibernate Validator's class loader
20:24:25.091 [main] DEBUG org.hibernate.validator.internal.xml.config.ValidationXmlParser - No META-INF/validation.xml found. Using annotation based configuration only.
20:24:25.095 [main] DEBUG org.hibernate.validator.messageinterpolation.ResourceBundleMessageInterpolator - Loaded expression factory via original TCCL
20:24:25.095 [main] DEBUG org.hibernate.validator.internal.engine.ValidatorFactoryImpl - HV000234: Using org.hibernate.validator.messageinterpolation.ResourceBundleMessageInterpolator as ValidatorFactory-scoped message interpolator.
20:24:25.095 [main] DEBUG org.hibernate.validator.internal.engine.ValidatorFactoryImpl - HV000234: Using org.hibernate.validator.internal.engine.resolver.JPATraversableResolver as ValidatorFactory-scoped traversable resolver.
20:24:25.095 [main] DEBUG org.hibernate.validator.internal.engine.ValidatorFactoryImpl - HV000234: Using org.hibernate.validator.internal.util.ExecutableParameterNameProvider as ValidatorFactory-scoped parameter name provider.
20:24:25.095 [main] DEBUG org.hibernate.validator.internal.engine.ValidatorFactoryImpl - HV000234: Using org.hibernate.validator.internal.engine.DefaultClockProvider as ValidatorFactory-scoped clock provider.
20:24:25.095 [main] DEBUG org.hibernate.validator.internal.engine.ValidatorFactoryImpl - HV000234: Using org.hibernate.validator.internal.engine.scripting.DefaultScriptEvaluatorFactory as ValidatorFactory-scoped script evaluator factory.
20:24:25.095 [main] DEBUG org.hibernate.boot.internal.ClassLoaderAccessImpl - Not known whether passed class name [tau.mmo.domain.Item] is safe
20:24:25.095 [main] DEBUG org.hibernate.boot.internal.ClassLoaderAccessImpl - No temp ClassLoader provided; using live ClassLoader for loading potentially unsafe class : tau.mmo.domain.Item
20:24:25.098 [main] DEBUG org.hibernate.boot.internal.ClassLoaderAccessImpl - Not known whether passed class name [tau.mmo.domain.Player] is safe
20:24:25.098 [main] DEBUG org.hibernate.boot.internal.ClassLoaderAccessImpl - No temp ClassLoader provided; using live ClassLoader for loading potentially unsafe class : tau.mmo.domain.Player
20:24:25.100 [main] DEBUG org.hibernate.secure.spi.JaccIntegrator - Skipping JACC integration as it was not enabled
20:24:25.101 [main] DEBUG org.hibernate.boot.internal.ClassLoaderAccessImpl - Not known whether passed class name [tau.mmo.domain.Item] is safe
20:24:25.101 [main] DEBUG org.hibernate.boot.internal.ClassLoaderAccessImpl - No temp ClassLoader provided; using live ClassLoader for loading potentially unsafe class : tau.mmo.domain.Item
20:24:25.101 [main] DEBUG org.hibernate.boot.internal.ClassLoaderAccessImpl - Not known whether passed class name [tau.mmo.domain.Item] is safe
20:24:25.101 [main] DEBUG org.hibernate.boot.internal.ClassLoaderAccessImpl - No temp ClassLoader provided; using live ClassLoader for loading potentially unsafe class : tau.mmo.domain.Item
20:24:25.101 [main] DEBUG org.hibernate.boot.internal.ClassLoaderAccessImpl - Not known whether passed class name [tau.mmo.domain.Player] is safe
20:24:25.101 [main] DEBUG org.hibernate.boot.internal.ClassLoaderAccessImpl - No temp ClassLoader provided; using live ClassLoader for loading potentially unsafe class : tau.mmo.domain.Player
20:24:25.101 [main] DEBUG org.hibernate.boot.internal.ClassLoaderAccessImpl - Not known whether passed class name [tau.mmo.domain.Player] is safe
20:24:25.101 [main] DEBUG org.hibernate.boot.internal.ClassLoaderAccessImpl - No temp ClassLoader provided; using live ClassLoader for loading potentially unsafe class : tau.mmo.domain.Player
20:24:25.102 [main] DEBUG org.hibernate.persister.collection.AbstractCollectionPersister - Static SQL for collection: tau.mmo.domain.Player.items
20:24:25.102 [main] DEBUG org.hibernate.persister.collection.AbstractCollectionPersister -  Row insert: update item set player_id=? where id=?
20:24:25.102 [main] DEBUG org.hibernate.persister.collection.AbstractCollectionPersister -  Row update: update item set  where id=?
20:24:25.102 [main] DEBUG org.hibernate.persister.collection.AbstractCollectionPersister -  Row delete: update item set player_id=null where player_id=? and id=?
20:24:25.102 [main] DEBUG org.hibernate.persister.collection.AbstractCollectionPersister -  One-shot delete: update item set player_id=null where player_id=?
20:24:25.102 [main] DEBUG org.hibernate.persister.entity.AbstractEntityPersister - Static SQL for entity: tau.mmo.domain.Item
20:24:25.102 [main] DEBUG org.hibernate.persister.entity.AbstractEntityPersister -  Version select: select id from item where id =?
20:24:25.102 [main] DEBUG org.hibernate.persister.entity.AbstractEntityPersister -  Snapshot select: select item_.id, item_.itemclass as itemclas2_0_, item_.levelreq as levelreq3_0_, item_.name as name4_0_, item_.player_id as player_i5_0_ from item item_ where item_.id=?
20:24:25.102 [main] DEBUG org.hibernate.persister.entity.AbstractEntityPersister -  Insert 0: insert into item (itemclass, levelreq, name, player_id, id) values (?, ?, ?, ?, ?)
20:24:25.102 [main] DEBUG org.hibernate.persister.entity.AbstractEntityPersister -  Update 0: update item set itemclass=?, levelreq=?, name=?, player_id=? where id=?
20:24:25.102 [main] DEBUG org.hibernate.persister.entity.AbstractEntityPersister -  Delete 0: delete from item where id=?
20:24:25.102 [main] DEBUG org.hibernate.loader.plan.build.internal.spaces.QuerySpacesImpl - Adding QuerySpace : uid = <gen:0> -> org.hibernate.loader.plan.build.internal.spaces.EntityQuerySpaceImpl@7c956dda]
20:24:25.102 [main] DEBUG org.hibernate.persister.walking.spi.MetamodelGraphWalker - Visiting attribute path : itemclass
20:24:25.102 [main] DEBUG org.hibernate.persister.walking.spi.MetamodelGraphWalker - Visiting attribute path : levelreq
20:24:25.102 [main] DEBUG org.hibernate.persister.walking.spi.MetamodelGraphWalker - Visiting attribute path : name
20:24:25.102 [main] DEBUG org.hibernate.persister.walking.spi.MetamodelGraphWalker - Visiting attribute path : player
20:24:25.102 [main] DEBUG org.hibernate.loader.plan.build.internal.spaces.QuerySpacesImpl - Adding QuerySpace : uid = <gen:1> -> org.hibernate.loader.plan.build.internal.spaces.EntityQuerySpaceImpl@24eecabf]
20:24:25.102 [main] DEBUG org.hibernate.loader.plan.build.internal.FetchStyleLoadPlanBuildingAssociationVisitationStrategy - Building LoadPlan...
20:24:25.103 [main] DEBUG org.hibernate.loader.plan.exec.internal.LoadQueryJoinAndFetchProcessor - processing queryspace <gen:0>
20:24:25.103 [main] DEBUG org.hibernate.loader.plan.build.spi.LoadPlanTreePrinter - LoadPlan(entity=tau.mmo.domain.Item)
    - Returns
       - EntityReturnImpl(entity=tau.mmo.domain.Item, querySpaceUid=<gen:0>, path=tau.mmo.domain.Item)
          - EntityAttributeFetchImpl(entity=tau.mmo.domain.Player, querySpaceUid=<gen:1>, path=tau.mmo.domain.Item.player)
    - QuerySpaces
       - EntityQuerySpaceImpl(uid=<gen:0>, entity=tau.mmo.domain.Item)
          - SQL table alias mapping - item0_
          - alias suffix - 0_
          - suffixed key columns - {id1_0_0_}

20:24:25.103 [main] DEBUG org.hibernate.loader.entity.plan.EntityLoader - Static select for entity tau.mmo.domain.Item [NONE]: select item0_.id as id1_0_0_, item0_.itemclass as itemclas2_0_0_, item0_.levelreq as levelreq3_0_0_, item0_.name as name4_0_0_, item0_.player_id as player_i5_0_0_ from item item0_ where item0_.id=?
20:24:25.103 [main] DEBUG org.hibernate.loader.plan.build.internal.spaces.QuerySpacesImpl - Adding QuerySpace : uid = <gen:0> -> org.hibernate.loader.plan.build.internal.spaces.EntityQuerySpaceImpl@2ffa91dc]
20:24:25.103 [main] DEBUG org.hibernate.persister.walking.spi.MetamodelGraphWalker - Visiting attribute path : itemclass
20:24:25.103 [main] DEBUG org.hibernate.persister.walking.spi.MetamodelGraphWalker - Visiting attribute path : levelreq
20:24:25.103 [main] DEBUG org.hibernate.persister.walking.spi.MetamodelGraphWalker - Visiting attribute path : name
20:24:25.103 [main] DEBUG org.hibernate.persister.walking.spi.MetamodelGraphWalker - Visiting attribute path : player
20:24:25.103 [main] DEBUG org.hibernate.loader.plan.build.internal.spaces.QuerySpacesImpl - Adding QuerySpace : uid = <gen:1> -> org.hibernate.loader.plan.build.internal.spaces.EntityQuerySpaceImpl@448086ab]
20:24:25.103 [main] DEBUG org.hibernate.loader.plan.build.internal.FetchStyleLoadPlanBuildingAssociationVisitationStrategy - Building LoadPlan...
20:24:25.103 [main] DEBUG org.hibernate.loader.plan.exec.internal.LoadQueryJoinAndFetchProcessor - processing queryspace <gen:0>
20:24:25.103 [main] DEBUG org.hibernate.loader.plan.build.spi.LoadPlanTreePrinter - LoadPlan(entity=tau.mmo.domain.Item)
    - Returns
       - EntityReturnImpl(entity=tau.mmo.domain.Item, querySpaceUid=<gen:0>, path=tau.mmo.domain.Item)
          - EntityAttributeFetchImpl(entity=tau.mmo.domain.Player, querySpaceUid=<gen:1>, path=tau.mmo.domain.Item.player)
    - QuerySpaces
       - EntityQuerySpaceImpl(uid=<gen:0>, entity=tau.mmo.domain.Item)
          - SQL table alias mapping - item0_
          - alias suffix - 0_
          - suffixed key columns - {id1_0_0_}

20:24:25.103 [main] DEBUG org.hibernate.loader.entity.plan.EntityLoader - Static select for entity tau.mmo.domain.Item [READ]: select item0_.id as id1_0_0_, item0_.itemclass as itemclas2_0_0_, item0_.levelreq as levelreq3_0_0_, item0_.name as name4_0_0_, item0_.player_id as player_i5_0_0_ from item item0_ where item0_.id=?
20:24:25.103 [main] DEBUG org.hibernate.loader.plan.build.internal.spaces.QuerySpacesImpl - Adding QuerySpace : uid = <gen:0> -> org.hibernate.loader.plan.build.internal.spaces.EntityQuerySpaceImpl@16e907b6]
20:24:25.103 [main] DEBUG org.hibernate.persister.walking.spi.MetamodelGraphWalker - Visiting attribute path : itemclass
20:24:25.103 [main] DEBUG org.hibernate.persister.walking.spi.MetamodelGraphWalker - Visiting attribute path : levelreq
20:24:25.103 [main] DEBUG org.hibernate.persister.walking.spi.MetamodelGraphWalker - Visiting attribute path : name
20:24:25.103 [main] DEBUG org.hibernate.persister.walking.spi.MetamodelGraphWalker - Visiting attribute path : player
20:24:25.103 [main] DEBUG org.hibernate.loader.plan.build.internal.spaces.QuerySpacesImpl - Adding QuerySpace : uid = <gen:1> -> org.hibernate.loader.plan.build.internal.spaces.EntityQuerySpaceImpl@23ec2bdc]
20:24:25.103 [main] DEBUG org.hibernate.loader.plan.build.internal.FetchStyleLoadPlanBuildingAssociationVisitationStrategy - Building LoadPlan...
20:24:25.103 [main] DEBUG org.hibernate.loader.plan.exec.internal.LoadQueryJoinAndFetchProcessor - processing queryspace <gen:0>
20:24:25.104 [main] DEBUG org.hibernate.loader.plan.build.spi.LoadPlanTreePrinter - LoadPlan(entity=tau.mmo.domain.Item)
    - Returns
       - EntityReturnImpl(entity=tau.mmo.domain.Item, querySpaceUid=<gen:0>, path=tau.mmo.domain.Item)
          - EntityAttributeFetchImpl(entity=tau.mmo.domain.Player, querySpaceUid=<gen:1>, path=tau.mmo.domain.Item.player)
    - QuerySpaces
       - EntityQuerySpaceImpl(uid=<gen:0>, entity=tau.mmo.domain.Item)
          - SQL table alias mapping - item0_
          - alias suffix - 0_
          - suffixed key columns - {id1_0_0_}

20:24:25.104 [main] DEBUG org.hibernate.loader.entity.plan.EntityLoader - Static select for entity tau.mmo.domain.Item [UPGRADE]: select item0_.id as id1_0_0_, item0_.itemclass as itemclas2_0_0_, item0_.levelreq as levelreq3_0_0_, item0_.name as name4_0_0_, item0_.player_id as player_i5_0_0_ from item item0_ where item0_.id=? for update
20:24:25.104 [main] DEBUG org.hibernate.loader.plan.build.internal.spaces.QuerySpacesImpl - Adding QuerySpace : uid = <gen:0> -> org.hibernate.loader.plan.build.internal.spaces.EntityQuerySpaceImpl@631944d4]
20:24:25.104 [main] DEBUG org.hibernate.persister.walking.spi.MetamodelGraphWalker - Visiting attribute path : itemclass
20:24:25.104 [main] DEBUG org.hibernate.persister.walking.spi.MetamodelGraphWalker - Visiting attribute path : levelreq
20:24:25.104 [main] DEBUG org.hibernate.persister.walking.spi.MetamodelGraphWalker - Visiting attribute path : name
20:24:25.104 [main] DEBUG org.hibernate.persister.walking.spi.MetamodelGraphWalker - Visiting attribute path : player
20:24:25.104 [main] DEBUG org.hibernate.loader.plan.build.internal.spaces.QuerySpacesImpl - Adding QuerySpace : uid = <gen:1> -> org.hibernate.loader.plan.build.internal.spaces.EntityQuerySpaceImpl@60ae7cf2]
20:24:25.104 [main] DEBUG org.hibernate.loader.plan.build.internal.FetchStyleLoadPlanBuildingAssociationVisitationStrategy - Building LoadPlan...
20:24:25.104 [main] DEBUG org.hibernate.loader.plan.exec.internal.LoadQueryJoinAndFetchProcessor - processing queryspace <gen:0>
20:24:25.104 [main] DEBUG org.hibernate.loader.plan.build.spi.LoadPlanTreePrinter - LoadPlan(entity=tau.mmo.domain.Item)
    - Returns
       - EntityReturnImpl(entity=tau.mmo.domain.Item, querySpaceUid=<gen:0>, path=tau.mmo.domain.Item)
          - EntityAttributeFetchImpl(entity=tau.mmo.domain.Player, querySpaceUid=<gen:1>, path=tau.mmo.domain.Item.player)
    - QuerySpaces
       - EntityQuerySpaceImpl(uid=<gen:0>, entity=tau.mmo.domain.Item)
          - SQL table alias mapping - item0_
          - alias suffix - 0_
          - suffixed key columns - {id1_0_0_}

20:24:25.104 [main] DEBUG org.hibernate.loader.entity.plan.EntityLoader - Static select for entity tau.mmo.domain.Item [UPGRADE_NOWAIT]: select item0_.id as id1_0_0_, item0_.itemclass as itemclas2_0_0_, item0_.levelreq as levelreq3_0_0_, item0_.name as name4_0_0_, item0_.player_id as player_i5_0_0_ from item item0_ where item0_.id=? for update
20:24:25.104 [main] DEBUG org.hibernate.loader.plan.build.internal.spaces.QuerySpacesImpl - Adding QuerySpace : uid = <gen:0> -> org.hibernate.loader.plan.build.internal.spaces.EntityQuerySpaceImpl@225e09f0]
20:24:25.104 [main] DEBUG org.hibernate.persister.walking.spi.MetamodelGraphWalker - Visiting attribute path : itemclass
20:24:25.104 [main] DEBUG org.hibernate.persister.walking.spi.MetamodelGraphWalker - Visiting attribute path : levelreq
20:24:25.104 [main] DEBUG org.hibernate.persister.walking.spi.MetamodelGraphWalker - Visiting attribute path : name
20:24:25.104 [main] DEBUG org.hibernate.persister.walking.spi.MetamodelGraphWalker - Visiting attribute path : player
20:24:25.104 [main] DEBUG org.hibernate.loader.plan.build.internal.spaces.QuerySpacesImpl - Adding QuerySpace : uid = <gen:1> -> org.hibernate.loader.plan.build.internal.spaces.EntityQuerySpaceImpl@2fa212df]
20:24:25.104 [main] DEBUG org.hibernate.loader.plan.build.internal.FetchStyleLoadPlanBuildingAssociationVisitationStrategy - Building LoadPlan...
20:24:25.104 [main] DEBUG org.hibernate.loader.plan.exec.internal.LoadQueryJoinAndFetchProcessor - processing queryspace <gen:0>
20:24:25.104 [main] DEBUG org.hibernate.loader.plan.build.spi.LoadPlanTreePrinter - LoadPlan(entity=tau.mmo.domain.Item)
    - Returns
       - EntityReturnImpl(entity=tau.mmo.domain.Item, querySpaceUid=<gen:0>, path=tau.mmo.domain.Item)
          - EntityAttributeFetchImpl(entity=tau.mmo.domain.Player, querySpaceUid=<gen:1>, path=tau.mmo.domain.Item.player)
    - QuerySpaces
       - EntityQuerySpaceImpl(uid=<gen:0>, entity=tau.mmo.domain.Item)
          - SQL table alias mapping - item0_
          - alias suffix - 0_
          - suffixed key columns - {id1_0_0_}

20:24:25.104 [main] DEBUG org.hibernate.loader.entity.plan.EntityLoader - Static select for entity tau.mmo.domain.Item [UPGRADE_SKIPLOCKED]: select item0_.id as id1_0_0_, item0_.itemclass as itemclas2_0_0_, item0_.levelreq as levelreq3_0_0_, item0_.name as name4_0_0_, item0_.player_id as player_i5_0_0_ from item item0_ where item0_.id=? for update
20:24:25.104 [main] DEBUG org.hibernate.loader.plan.build.internal.spaces.QuerySpacesImpl - Adding QuerySpace : uid = <gen:0> -> org.hibernate.loader.plan.build.internal.spaces.EntityQuerySpaceImpl@3cf8a235]
20:24:25.104 [main] DEBUG org.hibernate.persister.walking.spi.MetamodelGraphWalker - Visiting attribute path : itemclass
20:24:25.104 [main] DEBUG org.hibernate.persister.walking.spi.MetamodelGraphWalker - Visiting attribute path : levelreq
20:24:25.104 [main] DEBUG org.hibernate.persister.walking.spi.MetamodelGraphWalker - Visiting attribute path : name
20:24:25.104 [main] DEBUG org.hibernate.persister.walking.spi.MetamodelGraphWalker - Visiting attribute path : player
20:24:25.104 [main] DEBUG org.hibernate.loader.plan.build.internal.spaces.QuerySpacesImpl - Adding QuerySpace : uid = <gen:1> -> org.hibernate.loader.plan.build.internal.spaces.EntityQuerySpaceImpl@238ad211]
20:24:25.105 [main] DEBUG org.hibernate.loader.plan.build.internal.FetchStyleLoadPlanBuildingAssociationVisitationStrategy - Building LoadPlan...
20:24:25.105 [main] DEBUG org.hibernate.loader.plan.exec.internal.LoadQueryJoinAndFetchProcessor - processing queryspace <gen:0>
20:24:25.105 [main] DEBUG org.hibernate.loader.plan.build.spi.LoadPlanTreePrinter - LoadPlan(entity=tau.mmo.domain.Item)
    - Returns
       - EntityReturnImpl(entity=tau.mmo.domain.Item, querySpaceUid=<gen:0>, path=tau.mmo.domain.Item)
          - EntityAttributeFetchImpl(entity=tau.mmo.domain.Player, querySpaceUid=<gen:1>, path=tau.mmo.domain.Item.player)
    - QuerySpaces
       - EntityQuerySpaceImpl(uid=<gen:0>, entity=tau.mmo.domain.Item)
          - SQL table alias mapping - item0_
          - alias suffix - 0_
          - suffixed key columns - {id1_0_0_}

20:24:25.105 [main] DEBUG org.hibernate.loader.entity.plan.EntityLoader - Static select for entity tau.mmo.domain.Item [FORCE]: select item0_.id as id1_0_0_, item0_.itemclass as itemclas2_0_0_, item0_.levelreq as levelreq3_0_0_, item0_.name as name4_0_0_, item0_.player_id as player_i5_0_0_ from item item0_ where item0_.id=? for update
20:24:25.105 [main] DEBUG org.hibernate.loader.plan.build.internal.spaces.QuerySpacesImpl - Adding QuerySpace : uid = <gen:0> -> org.hibernate.loader.plan.build.internal.spaces.EntityQuerySpaceImpl@1c011855]
20:24:25.105 [main] DEBUG org.hibernate.persister.walking.spi.MetamodelGraphWalker - Visiting attribute path : itemclass
20:24:25.105 [main] DEBUG org.hibernate.persister.walking.spi.MetamodelGraphWalker - Visiting attribute path : levelreq
20:24:25.105 [main] DEBUG org.hibernate.persister.walking.spi.MetamodelGraphWalker - Visiting attribute path : name
20:24:25.105 [main] DEBUG org.hibernate.persister.walking.spi.MetamodelGraphWalker - Visiting attribute path : player
20:24:25.105 [main] DEBUG org.hibernate.loader.plan.build.internal.spaces.QuerySpacesImpl - Adding QuerySpace : uid = <gen:1> -> org.hibernate.loader.plan.build.internal.spaces.EntityQuerySpaceImpl@5273143e]
20:24:25.105 [main] DEBUG org.hibernate.loader.plan.build.internal.FetchStyleLoadPlanBuildingAssociationVisitationStrategy - Building LoadPlan...
20:24:25.105 [main] DEBUG org.hibernate.loader.plan.exec.internal.LoadQueryJoinAndFetchProcessor - processing queryspace <gen:0>
20:24:25.105 [main] DEBUG org.hibernate.loader.plan.build.spi.LoadPlanTreePrinter - LoadPlan(entity=tau.mmo.domain.Item)
    - Returns
       - EntityReturnImpl(entity=tau.mmo.domain.Item, querySpaceUid=<gen:0>, path=tau.mmo.domain.Item)
          - EntityAttributeFetchImpl(entity=tau.mmo.domain.Player, querySpaceUid=<gen:1>, path=tau.mmo.domain.Item.player)
    - QuerySpaces
       - EntityQuerySpaceImpl(uid=<gen:0>, entity=tau.mmo.domain.Item)
          - SQL table alias mapping - item0_
          - alias suffix - 0_
          - suffixed key columns - {id1_0_0_}

20:24:25.105 [main] DEBUG org.hibernate.loader.entity.plan.EntityLoader - Static select for entity tau.mmo.domain.Item [PESSIMISTIC_READ]: select item0_.id as id1_0_0_, item0_.itemclass as itemclas2_0_0_, item0_.levelreq as levelreq3_0_0_, item0_.name as name4_0_0_, item0_.player_id as player_i5_0_0_ from item item0_ where item0_.id=? for update
20:24:25.105 [main] DEBUG org.hibernate.loader.plan.build.internal.spaces.QuerySpacesImpl - Adding QuerySpace : uid = <gen:0> -> org.hibernate.loader.plan.build.internal.spaces.EntityQuerySpaceImpl@279c4e3b]
20:24:25.105 [main] DEBUG org.hibernate.persister.walking.spi.MetamodelGraphWalker - Visiting attribute path : itemclass
20:24:25.105 [main] DEBUG org.hibernate.persister.walking.spi.MetamodelGraphWalker - Visiting attribute path : levelreq
20:24:25.105 [main] DEBUG org.hibernate.persister.walking.spi.MetamodelGraphWalker - Visiting attribute path : name
20:24:25.105 [main] DEBUG org.hibernate.persister.walking.spi.MetamodelGraphWalker - Visiting attribute path : player
20:24:25.105 [main] DEBUG org.hibernate.loader.plan.build.internal.spaces.QuerySpacesImpl - Adding QuerySpace : uid = <gen:1> -> org.hibernate.loader.plan.build.internal.spaces.EntityQuerySpaceImpl@59f7c106]
20:24:25.105 [main] DEBUG org.hibernate.loader.plan.build.internal.FetchStyleLoadPlanBuildingAssociationVisitationStrategy - Building LoadPlan...
20:24:25.105 [main] DEBUG org.hibernate.loader.plan.exec.internal.LoadQueryJoinAndFetchProcessor - processing queryspace <gen:0>
20:24:25.105 [main] DEBUG org.hibernate.loader.plan.build.spi.LoadPlanTreePrinter - LoadPlan(entity=tau.mmo.domain.Item)
    - Returns
       - EntityReturnImpl(entity=tau.mmo.domain.Item, querySpaceUid=<gen:0>, path=tau.mmo.domain.Item)
          - EntityAttributeFetchImpl(entity=tau.mmo.domain.Player, querySpaceUid=<gen:1>, path=tau.mmo.domain.Item.player)
    - QuerySpaces
       - EntityQuerySpaceImpl(uid=<gen:0>, entity=tau.mmo.domain.Item)
          - SQL table alias mapping - item0_
          - alias suffix - 0_
          - suffixed key columns - {id1_0_0_}

20:24:25.106 [main] DEBUG org.hibernate.loader.entity.plan.EntityLoader - Static select for entity tau.mmo.domain.Item [PESSIMISTIC_WRITE]: select item0_.id as id1_0_0_, item0_.itemclass as itemclas2_0_0_, item0_.levelreq as levelreq3_0_0_, item0_.name as name4_0_0_, item0_.player_id as player_i5_0_0_ from item item0_ where item0_.id=? for update
20:24:25.106 [main] DEBUG org.hibernate.loader.plan.build.internal.spaces.QuerySpacesImpl - Adding QuerySpace : uid = <gen:0> -> org.hibernate.loader.plan.build.internal.spaces.EntityQuerySpaceImpl@136fece2]
20:24:25.106 [main] DEBUG org.hibernate.persister.walking.spi.MetamodelGraphWalker - Visiting attribute path : itemclass
20:24:25.106 [main] DEBUG org.hibernate.persister.walking.spi.MetamodelGraphWalker - Visiting attribute path : levelreq
20:24:25.106 [main] DEBUG org.hibernate.persister.walking.spi.MetamodelGraphWalker - Visiting attribute path : name
20:24:25.106 [main] DEBUG org.hibernate.persister.walking.spi.MetamodelGraphWalker - Visiting attribute path : player
20:24:25.106 [main] DEBUG org.hibernate.loader.plan.build.internal.spaces.QuerySpacesImpl - Adding QuerySpace : uid = <gen:1> -> org.hibernate.loader.plan.build.internal.spaces.EntityQuerySpaceImpl@3caf5c96]
20:24:25.106 [main] DEBUG org.hibernate.loader.plan.build.internal.FetchStyleLoadPlanBuildingAssociationVisitationStrategy - Building LoadPlan...
20:24:25.106 [main] DEBUG org.hibernate.loader.plan.exec.internal.LoadQueryJoinAndFetchProcessor - processing queryspace <gen:0>
20:24:25.106 [main] DEBUG org.hibernate.loader.plan.build.spi.LoadPlanTreePrinter - LoadPlan(entity=tau.mmo.domain.Item)
    - Returns
       - EntityReturnImpl(entity=tau.mmo.domain.Item, querySpaceUid=<gen:0>, path=tau.mmo.domain.Item)
          - EntityAttributeFetchImpl(entity=tau.mmo.domain.Player, querySpaceUid=<gen:1>, path=tau.mmo.domain.Item.player)
    - QuerySpaces
       - EntityQuerySpaceImpl(uid=<gen:0>, entity=tau.mmo.domain.Item)
          - SQL table alias mapping - item0_
          - alias suffix - 0_
          - suffixed key columns - {id1_0_0_}

20:24:25.106 [main] DEBUG org.hibernate.loader.entity.plan.EntityLoader - Static select for entity tau.mmo.domain.Item [PESSIMISTIC_FORCE_INCREMENT]: select item0_.id as id1_0_0_, item0_.itemclass as itemclas2_0_0_, item0_.levelreq as levelreq3_0_0_, item0_.name as name4_0_0_, item0_.player_id as player_i5_0_0_ from item item0_ where item0_.id=? for update
20:24:25.106 [main] DEBUG org.hibernate.loader.plan.build.internal.spaces.QuerySpacesImpl - Adding QuerySpace : uid = <gen:0> -> org.hibernate.loader.plan.build.internal.spaces.EntityQuerySpaceImpl@5b3755f4]
20:24:25.106 [main] DEBUG org.hibernate.persister.walking.spi.MetamodelGraphWalker - Visiting attribute path : itemclass
20:24:25.106 [main] DEBUG org.hibernate.persister.walking.spi.MetamodelGraphWalker - Visiting attribute path : levelreq
20:24:25.106 [main] DEBUG org.hibernate.persister.walking.spi.MetamodelGraphWalker - Visiting attribute path : name
20:24:25.106 [main] DEBUG org.hibernate.persister.walking.spi.MetamodelGraphWalker - Visiting attribute path : player
20:24:25.106 [main] DEBUG org.hibernate.loader.plan.build.internal.spaces.QuerySpacesImpl - Adding QuerySpace : uid = <gen:1> -> org.hibernate.loader.plan.build.internal.spaces.EntityQuerySpaceImpl@5dd747c1]
20:24:25.106 [main] DEBUG org.hibernate.loader.plan.build.internal.FetchStyleLoadPlanBuildingAssociationVisitationStrategy - Building LoadPlan...
20:24:25.106 [main] DEBUG org.hibernate.loader.plan.exec.internal.LoadQueryJoinAndFetchProcessor - processing queryspace <gen:0>
20:24:25.106 [main] DEBUG org.hibernate.loader.plan.build.spi.LoadPlanTreePrinter - LoadPlan(entity=tau.mmo.domain.Item)
    - Returns
       - EntityReturnImpl(entity=tau.mmo.domain.Item, querySpaceUid=<gen:0>, path=tau.mmo.domain.Item)
          - EntityAttributeFetchImpl(entity=tau.mmo.domain.Player, querySpaceUid=<gen:1>, path=tau.mmo.domain.Item.player)
    - QuerySpaces
       - EntityQuerySpaceImpl(uid=<gen:0>, entity=tau.mmo.domain.Item)
          - SQL table alias mapping - item0_
          - alias suffix - 0_
          - suffixed key columns - {id1_0_0_}

20:24:25.106 [main] DEBUG org.hibernate.loader.entity.plan.EntityLoader - Static select for entity tau.mmo.domain.Item [OPTIMISTIC]: select item0_.id as id1_0_0_, item0_.itemclass as itemclas2_0_0_, item0_.levelreq as levelreq3_0_0_, item0_.name as name4_0_0_, item0_.player_id as player_i5_0_0_ from item item0_ where item0_.id=?
20:24:25.106 [main] DEBUG org.hibernate.loader.plan.build.internal.spaces.QuerySpacesImpl - Adding QuerySpace : uid = <gen:0> -> org.hibernate.loader.plan.build.internal.spaces.EntityQuerySpaceImpl@1bdafb01]
20:24:25.106 [main] DEBUG org.hibernate.persister.walking.spi.MetamodelGraphWalker - Visiting attribute path : itemclass
20:24:25.106 [main] DEBUG org.hibernate.persister.walking.spi.MetamodelGraphWalker - Visiting attribute path : levelreq
20:24:25.106 [main] DEBUG org.hibernate.persister.walking.spi.MetamodelGraphWalker - Visiting attribute path : name
20:24:25.106 [main] DEBUG org.hibernate.persister.walking.spi.MetamodelGraphWalker - Visiting attribute path : player
20:24:25.106 [main] DEBUG org.hibernate.loader.plan.build.internal.spaces.QuerySpacesImpl - Adding QuerySpace : uid = <gen:1> -> org.hibernate.loader.plan.build.internal.spaces.EntityQuerySpaceImpl@500ec769]
20:24:25.106 [main] DEBUG org.hibernate.loader.plan.build.internal.FetchStyleLoadPlanBuildingAssociationVisitationStrategy - Building LoadPlan...
20:24:25.106 [main] DEBUG org.hibernate.loader.plan.exec.internal.LoadQueryJoinAndFetchProcessor - processing queryspace <gen:0>
20:24:25.107 [main] DEBUG org.hibernate.loader.plan.build.spi.LoadPlanTreePrinter - LoadPlan(entity=tau.mmo.domain.Item)
    - Returns
       - EntityReturnImpl(entity=tau.mmo.domain.Item, querySpaceUid=<gen:0>, path=tau.mmo.domain.Item)
          - EntityAttributeFetchImpl(entity=tau.mmo.domain.Player, querySpaceUid=<gen:1>, path=tau.mmo.domain.Item.player)
    - QuerySpaces
       - EntityQuerySpaceImpl(uid=<gen:0>, entity=tau.mmo.domain.Item)
          - SQL table alias mapping - item0_
          - alias suffix - 0_
          - suffixed key columns - {id1_0_0_}

20:24:25.107 [main] DEBUG org.hibernate.loader.entity.plan.EntityLoader - Static select for entity tau.mmo.domain.Item [OPTIMISTIC_FORCE_INCREMENT]: select item0_.id as id1_0_0_, item0_.itemclass as itemclas2_0_0_, item0_.levelreq as levelreq3_0_0_, item0_.name as name4_0_0_, item0_.player_id as player_i5_0_0_ from item item0_ where item0_.id=?
20:24:25.107 [main] DEBUG org.hibernate.loader.Loader - Static select for action ACTION_MERGE on entity tau.mmo.domain.Item: select item0_.id as id1_0_0_, item0_.itemclass as itemclas2_0_0_, item0_.levelreq as levelreq3_0_0_, item0_.name as name4_0_0_, item0_.player_id as player_i5_0_0_ from item item0_ where item0_.id=?
20:24:25.107 [main] DEBUG org.hibernate.loader.Loader - Static select for action ACTION_REFRESH on entity tau.mmo.domain.Item: select item0_.id as id1_0_0_, item0_.itemclass as itemclas2_0_0_, item0_.levelreq as levelreq3_0_0_, item0_.name as name4_0_0_, item0_.player_id as player_i5_0_0_ from item item0_ where item0_.id=?
20:24:25.107 [main] DEBUG org.hibernate.persister.entity.AbstractEntityPersister - Static SQL for entity: tau.mmo.domain.Player
20:24:25.107 [main] DEBUG org.hibernate.persister.entity.AbstractEntityPersister -  Version select: select id from player where id =?
20:24:25.107 [main] DEBUG org.hibernate.persister.entity.AbstractEntityPersister -  Snapshot select: select player_.id, player_.heroclass as heroclas2_1_, player_.level as level3_1_, player_.name as name4_1_ from player player_ where player_.id=?
20:24:25.107 [main] DEBUG org.hibernate.persister.entity.AbstractEntityPersister -  Insert 0: insert into player (heroclass, level, name, id) values (?, ?, ?, ?)
20:24:25.107 [main] DEBUG org.hibernate.persister.entity.AbstractEntityPersister -  Update 0: update player set heroclass=?, level=?, name=? where id=?
20:24:25.107 [main] DEBUG org.hibernate.persister.entity.AbstractEntityPersister -  Delete 0: delete from player where id=?
20:24:25.107 [main] DEBUG org.hibernate.loader.plan.build.internal.spaces.QuerySpacesImpl - Adding QuerySpace : uid = <gen:0> -> org.hibernate.loader.plan.build.internal.spaces.EntityQuerySpaceImpl@37806be6]
20:24:25.107 [main] DEBUG org.hibernate.persister.walking.spi.MetamodelGraphWalker - Visiting attribute path : heroclass
20:24:25.107 [main] DEBUG org.hibernate.persister.walking.spi.MetamodelGraphWalker - Visiting attribute path : items
20:24:25.107 [main] DEBUG org.hibernate.loader.plan.build.internal.spaces.QuerySpacesImpl - Adding QuerySpace : uid = <gen:1> -> org.hibernate.loader.plan.build.internal.spaces.CollectionQuerySpaceImpl@1d2046bb]
20:24:25.107 [main] DEBUG org.hibernate.loader.plan.build.internal.spaces.QuerySpacesImpl - Adding QuerySpace : uid = <gen:2> -> org.hibernate.loader.plan.build.internal.spaces.EntityQuerySpaceImpl@3b33fff9]
20:24:25.107 [main] DEBUG org.hibernate.persister.walking.spi.MetamodelGraphWalker - Visiting attribute path : items.itemclass
20:24:25.107 [main] DEBUG org.hibernate.persister.walking.spi.MetamodelGraphWalker - Visiting attribute path : items.levelreq
20:24:25.107 [main] DEBUG org.hibernate.persister.walking.spi.MetamodelGraphWalker - Visiting attribute path : items.name
20:24:25.107 [main] DEBUG org.hibernate.persister.walking.spi.MetamodelGraphWalker - Visiting attribute path : items.player
20:24:25.107 [main] DEBUG org.hibernate.persister.walking.spi.MetamodelGraphWalker - Property path deemed to be circular : items.player
20:24:25.107 [main] DEBUG org.hibernate.persister.walking.spi.MetamodelGraphWalker - Visiting attribute path : level
20:24:25.107 [main] DEBUG org.hibernate.persister.walking.spi.MetamodelGraphWalker - Visiting attribute path : name
20:24:25.107 [main] DEBUG org.hibernate.loader.plan.build.internal.FetchStyleLoadPlanBuildingAssociationVisitationStrategy - Building LoadPlan...
20:24:25.107 [main] DEBUG org.hibernate.loader.plan.exec.internal.LoadQueryJoinAndFetchProcessor - processing queryspace <gen:0>
20:24:25.108 [main] DEBUG org.hibernate.loader.plan.build.spi.LoadPlanTreePrinter - LoadPlan(entity=tau.mmo.domain.Player)
    - Returns
       - EntityReturnImpl(entity=tau.mmo.domain.Player, querySpaceUid=<gen:0>, path=tau.mmo.domain.Player)
          - CollectionAttributeFetchImpl(collection=tau.mmo.domain.Player.items, querySpaceUid=<gen:1>, path=tau.mmo.domain.Player.items)
             - (collection element) CollectionFetchableElementEntityGraph(entity=tau.mmo.domain.Item, querySpaceUid=<gen:2>, path=tau.mmo.domain.Player.items.<elements>)
    - QuerySpaces
       - EntityQuerySpaceImpl(uid=<gen:0>, entity=tau.mmo.domain.Player)
          - SQL table alias mapping - player0_
          - alias suffix - 0_
          - suffixed key columns - {id1_1_0_}
          - JOIN (JoinDefinedByMetadata(items)) : <gen:0> -> <gen:1>
             - CollectionQuerySpaceImpl(uid=<gen:1>, collection=tau.mmo.domain.Player.items)
                - SQL table alias mapping - items1_
                - alias suffix - 1_
                - suffixed key columns - {player_i5_0_1_}
                - entity-element alias suffix - 2_
                - 2_entity-element suffixed key columns - id1_0_2_
                - JOIN (JoinDefinedByMetadata(elements)) : <gen:1> -> <gen:2>
                   - EntityQuerySpaceImpl(uid=<gen:2>, entity=tau.mmo.domain.Item)
                      - SQL table alias mapping - items1_
                      - alias suffix - 2_
                      - suffixed key columns - {id1_0_2_}

20:24:25.108 [main] DEBUG org.hibernate.loader.entity.plan.EntityLoader - Static select for entity tau.mmo.domain.Player [NONE]: select player0_.id as id1_1_0_, player0_.heroclass as heroclas2_1_0_, player0_.level as level3_1_0_, player0_.name as name4_1_0_, items1_.player_id as player_i5_0_1_, items1_.id as id1_0_1_, items1_.id as id1_0_2_, items1_.itemclass as itemclas2_0_2_, items1_.levelreq as levelreq3_0_2_, items1_.name as name4_0_2_, items1_.player_id as player_i5_0_2_ from player player0_ left outer join item items1_ on player0_.id=items1_.player_id where player0_.id=?
20:24:25.108 [main] DEBUG org.hibernate.loader.plan.build.internal.spaces.QuerySpacesImpl - Adding QuerySpace : uid = <gen:0> -> org.hibernate.loader.plan.build.internal.spaces.EntityQuerySpaceImpl@1ff463bb]
20:24:25.108 [main] DEBUG org.hibernate.persister.walking.spi.MetamodelGraphWalker - Visiting attribute path : heroclass
20:24:25.108 [main] DEBUG org.hibernate.persister.walking.spi.MetamodelGraphWalker - Visiting attribute path : items
20:24:25.108 [main] DEBUG org.hibernate.loader.plan.build.internal.spaces.QuerySpacesImpl - Adding QuerySpace : uid = <gen:1> -> org.hibernate.loader.plan.build.internal.spaces.CollectionQuerySpaceImpl@7769d9b6]
20:24:25.108 [main] DEBUG org.hibernate.loader.plan.build.internal.spaces.QuerySpacesImpl - Adding QuerySpace : uid = <gen:2> -> org.hibernate.loader.plan.build.internal.spaces.EntityQuerySpaceImpl@248d3a]
20:24:25.108 [main] DEBUG org.hibernate.persister.walking.spi.MetamodelGraphWalker - Visiting attribute path : items.itemclass
20:24:25.108 [main] DEBUG org.hibernate.persister.walking.spi.MetamodelGraphWalker - Visiting attribute path : items.levelreq
20:24:25.108 [main] DEBUG org.hibernate.persister.walking.spi.MetamodelGraphWalker - Visiting attribute path : items.name
20:24:25.108 [main] DEBUG org.hibernate.persister.walking.spi.MetamodelGraphWalker - Visiting attribute path : items.player
20:24:25.108 [main] DEBUG org.hibernate.persister.walking.spi.MetamodelGraphWalker - Property path deemed to be circular : items.player
20:24:25.108 [main] DEBUG org.hibernate.persister.walking.spi.MetamodelGraphWalker - Visiting attribute path : level
20:24:25.108 [main] DEBUG org.hibernate.persister.walking.spi.MetamodelGraphWalker - Visiting attribute path : name
20:24:25.108 [main] DEBUG org.hibernate.loader.plan.build.internal.FetchStyleLoadPlanBuildingAssociationVisitationStrategy - Building LoadPlan...
20:24:25.108 [main] DEBUG org.hibernate.loader.plan.exec.internal.LoadQueryJoinAndFetchProcessor - processing queryspace <gen:0>
20:24:25.109 [main] DEBUG org.hibernate.loader.plan.build.spi.LoadPlanTreePrinter - LoadPlan(entity=tau.mmo.domain.Player)
    - Returns
       - EntityReturnImpl(entity=tau.mmo.domain.Player, querySpaceUid=<gen:0>, path=tau.mmo.domain.Player)
          - CollectionAttributeFetchImpl(collection=tau.mmo.domain.Player.items, querySpaceUid=<gen:1>, path=tau.mmo.domain.Player.items)
             - (collection element) CollectionFetchableElementEntityGraph(entity=tau.mmo.domain.Item, querySpaceUid=<gen:2>, path=tau.mmo.domain.Player.items.<elements>)
    - QuerySpaces
       - EntityQuerySpaceImpl(uid=<gen:0>, entity=tau.mmo.domain.Player)
          - SQL table alias mapping - player0_
          - alias suffix - 0_
          - suffixed key columns - {id1_1_0_}
          - JOIN (JoinDefinedByMetadata(items)) : <gen:0> -> <gen:1>
             - CollectionQuerySpaceImpl(uid=<gen:1>, collection=tau.mmo.domain.Player.items)
                - SQL table alias mapping - items1_
                - alias suffix - 1_
                - suffixed key columns - {player_i5_0_1_}
                - entity-element alias suffix - 2_
                - 2_entity-element suffixed key columns - id1_0_2_
                - JOIN (JoinDefinedByMetadata(elements)) : <gen:1> -> <gen:2>
                   - EntityQuerySpaceImpl(uid=<gen:2>, entity=tau.mmo.domain.Item)
                      - SQL table alias mapping - items1_
                      - alias suffix - 2_
                      - suffixed key columns - {id1_0_2_}

20:24:25.109 [main] DEBUG org.hibernate.loader.entity.plan.EntityLoader - Static select for entity tau.mmo.domain.Player [READ]: select player0_.id as id1_1_0_, player0_.heroclass as heroclas2_1_0_, player0_.level as level3_1_0_, player0_.name as name4_1_0_, items1_.player_id as player_i5_0_1_, items1_.id as id1_0_1_, items1_.id as id1_0_2_, items1_.itemclass as itemclas2_0_2_, items1_.levelreq as levelreq3_0_2_, items1_.name as name4_0_2_, items1_.player_id as player_i5_0_2_ from player player0_ left outer join item items1_ on player0_.id=items1_.player_id where player0_.id=?
20:24:25.109 [main] DEBUG org.hibernate.loader.plan.build.internal.spaces.QuerySpacesImpl - Adding QuerySpace : uid = <gen:0> -> org.hibernate.loader.plan.build.internal.spaces.EntityQuerySpaceImpl@5af38a4a]
20:24:25.109 [main] DEBUG org.hibernate.persister.walking.spi.MetamodelGraphWalker - Visiting attribute path : heroclass
20:24:25.109 [main] DEBUG org.hibernate.persister.walking.spi.MetamodelGraphWalker - Visiting attribute path : items
20:24:25.109 [main] DEBUG org.hibernate.loader.plan.build.internal.spaces.QuerySpacesImpl - Adding QuerySpace : uid = <gen:1> -> org.hibernate.loader.plan.build.internal.spaces.CollectionQuerySpaceImpl@4ca0b9b1]
20:24:25.109 [main] DEBUG org.hibernate.loader.plan.build.internal.spaces.QuerySpacesImpl - Adding QuerySpace : uid = <gen:2> -> org.hibernate.loader.plan.build.internal.spaces.EntityQuerySpaceImpl@5d800a56]
20:24:25.109 [main] DEBUG org.hibernate.persister.walking.spi.MetamodelGraphWalker - Visiting attribute path : level
20:24:25.109 [main] DEBUG org.hibernate.persister.walking.spi.MetamodelGraphWalker - Visiting attribute path : name
20:24:25.109 [main] DEBUG org.hibernate.loader.plan.build.internal.FetchStyleLoadPlanBuildingAssociationVisitationStrategy - Building LoadPlan...
20:24:25.109 [main] DEBUG org.hibernate.loader.plan.exec.internal.LoadQueryJoinAndFetchProcessor - processing queryspace <gen:0>
20:24:25.109 [main] DEBUG org.hibernate.loader.plan.build.spi.LoadPlanTreePrinter - LoadPlan(entity=tau.mmo.domain.Player)
    - Returns
       - EntityReturnImpl(entity=tau.mmo.domain.Player, querySpaceUid=<gen:0>, path=tau.mmo.domain.Player)
          - CollectionAttributeFetchImpl(collection=tau.mmo.domain.Player.items, querySpaceUid=<gen:1>, path=tau.mmo.domain.Player.items)
             - (collection element) CollectionFetchableElementEntityGraph(entity=tau.mmo.domain.Item, querySpaceUid=<gen:2>, path=tau.mmo.domain.Player.items.<elements>)
    - QuerySpaces
       - EntityQuerySpaceImpl(uid=<gen:0>, entity=tau.mmo.domain.Player)
          - SQL table alias mapping - player0_
          - alias suffix - 0_
          - suffixed key columns - {id1_1_0_}

20:24:25.109 [main] DEBUG org.hibernate.loader.entity.plan.EntityLoader - Static select for entity tau.mmo.domain.Player [UPGRADE]: select player0_.id as id1_1_0_, player0_.heroclass as heroclas2_1_0_, player0_.level as level3_1_0_, player0_.name as name4_1_0_ from player player0_ where player0_.id=? for update
20:24:25.109 [main] DEBUG org.hibernate.loader.plan.build.internal.spaces.QuerySpacesImpl - Adding QuerySpace : uid = <gen:0> -> org.hibernate.loader.plan.build.internal.spaces.EntityQuerySpaceImpl@1be77a76]
20:24:25.109 [main] DEBUG org.hibernate.persister.walking.spi.MetamodelGraphWalker - Visiting attribute path : heroclass
20:24:25.109 [main] DEBUG org.hibernate.persister.walking.spi.MetamodelGraphWalker - Visiting attribute path : items
20:24:25.109 [main] DEBUG org.hibernate.loader.plan.build.internal.spaces.QuerySpacesImpl - Adding QuerySpace : uid = <gen:1> -> org.hibernate.loader.plan.build.internal.spaces.CollectionQuerySpaceImpl@7878bbdb]
20:24:25.109 [main] DEBUG org.hibernate.loader.plan.build.internal.spaces.QuerySpacesImpl - Adding QuerySpace : uid = <gen:2> -> org.hibernate.loader.plan.build.internal.spaces.EntityQuerySpaceImpl@25f7cc38]
20:24:25.109 [main] DEBUG org.hibernate.persister.walking.spi.MetamodelGraphWalker - Visiting attribute path : level
20:24:25.109 [main] DEBUG org.hibernate.persister.walking.spi.MetamodelGraphWalker - Visiting attribute path : name
20:24:25.109 [main] DEBUG org.hibernate.loader.plan.build.internal.FetchStyleLoadPlanBuildingAssociationVisitationStrategy - Building LoadPlan...
20:24:25.109 [main] DEBUG org.hibernate.loader.plan.exec.internal.LoadQueryJoinAndFetchProcessor - processing queryspace <gen:0>
20:24:25.109 [main] DEBUG org.hibernate.loader.plan.build.spi.LoadPlanTreePrinter - LoadPlan(entity=tau.mmo.domain.Player)
    - Returns
       - EntityReturnImpl(entity=tau.mmo.domain.Player, querySpaceUid=<gen:0>, path=tau.mmo.domain.Player)
          - CollectionAttributeFetchImpl(collection=tau.mmo.domain.Player.items, querySpaceUid=<gen:1>, path=tau.mmo.domain.Player.items)
             - (collection element) CollectionFetchableElementEntityGraph(entity=tau.mmo.domain.Item, querySpaceUid=<gen:2>, path=tau.mmo.domain.Player.items.<elements>)
    - QuerySpaces
       - EntityQuerySpaceImpl(uid=<gen:0>, entity=tau.mmo.domain.Player)
          - SQL table alias mapping - player0_
          - alias suffix - 0_
          - suffixed key columns - {id1_1_0_}

20:24:25.109 [main] DEBUG org.hibernate.loader.entity.plan.EntityLoader - Static select for entity tau.mmo.domain.Player [UPGRADE_NOWAIT]: select player0_.id as id1_1_0_, player0_.heroclass as heroclas2_1_0_, player0_.level as level3_1_0_, player0_.name as name4_1_0_ from player player0_ where player0_.id=? for update
20:24:25.110 [main] DEBUG org.hibernate.loader.plan.build.internal.spaces.QuerySpacesImpl - Adding QuerySpace : uid = <gen:0> -> org.hibernate.loader.plan.build.internal.spaces.EntityQuerySpaceImpl@563263a]
20:24:25.110 [main] DEBUG org.hibernate.persister.walking.spi.MetamodelGraphWalker - Visiting attribute path : heroclass
20:24:25.110 [main] DEBUG org.hibernate.persister.walking.spi.MetamodelGraphWalker - Visiting attribute path : items
20:24:25.110 [main] DEBUG org.hibernate.loader.plan.build.internal.spaces.QuerySpacesImpl - Adding QuerySpace : uid = <gen:1> -> org.hibernate.loader.plan.build.internal.spaces.CollectionQuerySpaceImpl@6e794f53]
20:24:25.110 [main] DEBUG org.hibernate.loader.plan.build.internal.spaces.QuerySpacesImpl - Adding QuerySpace : uid = <gen:2> -> org.hibernate.loader.plan.build.internal.spaces.EntityQuerySpaceImpl@75f4d8a8]
20:24:25.110 [main] DEBUG org.hibernate.persister.walking.spi.MetamodelGraphWalker - Visiting attribute path : level
20:24:25.110 [main] DEBUG org.hibernate.persister.walking.spi.MetamodelGraphWalker - Visiting attribute path : name
20:24:25.110 [main] DEBUG org.hibernate.loader.plan.build.internal.FetchStyleLoadPlanBuildingAssociationVisitationStrategy - Building LoadPlan...
20:24:25.110 [main] DEBUG org.hibernate.loader.plan.exec.internal.LoadQueryJoinAndFetchProcessor - processing queryspace <gen:0>
20:24:25.110 [main] DEBUG org.hibernate.loader.plan.build.spi.LoadPlanTreePrinter - LoadPlan(entity=tau.mmo.domain.Player)
    - Returns
       - EntityReturnImpl(entity=tau.mmo.domain.Player, querySpaceUid=<gen:0>, path=tau.mmo.domain.Player)
          - CollectionAttributeFetchImpl(collection=tau.mmo.domain.Player.items, querySpaceUid=<gen:1>, path=tau.mmo.domain.Player.items)
             - (collection element) CollectionFetchableElementEntityGraph(entity=tau.mmo.domain.Item, querySpaceUid=<gen:2>, path=tau.mmo.domain.Player.items.<elements>)
    - QuerySpaces
       - EntityQuerySpaceImpl(uid=<gen:0>, entity=tau.mmo.domain.Player)
          - SQL table alias mapping - player0_
          - alias suffix - 0_
          - suffixed key columns - {id1_1_0_}

20:24:25.110 [main] DEBUG org.hibernate.loader.entity.plan.EntityLoader - Static select for entity tau.mmo.domain.Player [UPGRADE_SKIPLOCKED]: select player0_.id as id1_1_0_, player0_.heroclass as heroclas2_1_0_, player0_.level as level3_1_0_, player0_.name as name4_1_0_ from player player0_ where player0_.id=? for update
20:24:25.111 [main] DEBUG org.hibernate.loader.plan.build.internal.spaces.QuerySpacesImpl - Adding QuerySpace : uid = <gen:0> -> org.hibernate.loader.plan.build.internal.spaces.EntityQuerySpaceImpl@69ba72da]
20:24:25.111 [main] DEBUG org.hibernate.persister.walking.spi.MetamodelGraphWalker - Visiting attribute path : heroclass
20:24:25.111 [main] DEBUG org.hibernate.persister.walking.spi.MetamodelGraphWalker - Visiting attribute path : items
20:24:25.111 [main] DEBUG org.hibernate.loader.plan.build.internal.spaces.QuerySpacesImpl - Adding QuerySpace : uid = <gen:1> -> org.hibernate.loader.plan.build.internal.spaces.CollectionQuerySpaceImpl@abc7005]
20:24:25.111 [main] DEBUG org.hibernate.loader.plan.build.internal.spaces.QuerySpacesImpl - Adding QuerySpace : uid = <gen:2> -> org.hibernate.loader.plan.build.internal.spaces.EntityQuerySpaceImpl@595ec862]
20:24:25.111 [main] DEBUG org.hibernate.persister.walking.spi.MetamodelGraphWalker - Visiting attribute path : level
20:24:25.111 [main] DEBUG org.hibernate.persister.walking.spi.MetamodelGraphWalker - Visiting attribute path : name
20:24:25.111 [main] DEBUG org.hibernate.loader.plan.build.internal.FetchStyleLoadPlanBuildingAssociationVisitationStrategy - Building LoadPlan...
20:24:25.111 [main] DEBUG org.hibernate.loader.plan.exec.internal.LoadQueryJoinAndFetchProcessor - processing queryspace <gen:0>
20:24:25.111 [main] DEBUG org.hibernate.loader.plan.build.spi.LoadPlanTreePrinter - LoadPlan(entity=tau.mmo.domain.Player)
    - Returns
       - EntityReturnImpl(entity=tau.mmo.domain.Player, querySpaceUid=<gen:0>, path=tau.mmo.domain.Player)
          - CollectionAttributeFetchImpl(collection=tau.mmo.domain.Player.items, querySpaceUid=<gen:1>, path=tau.mmo.domain.Player.items)
             - (collection element) CollectionFetchableElementEntityGraph(entity=tau.mmo.domain.Item, querySpaceUid=<gen:2>, path=tau.mmo.domain.Player.items.<elements>)
    - QuerySpaces
       - EntityQuerySpaceImpl(uid=<gen:0>, entity=tau.mmo.domain.Player)
          - SQL table alias mapping - player0_
          - alias suffix - 0_
          - suffixed key columns - {id1_1_0_}

20:24:25.111 [main] DEBUG org.hibernate.loader.entity.plan.EntityLoader - Static select for entity tau.mmo.domain.Player [FORCE]: select player0_.id as id1_1_0_, player0_.heroclass as heroclas2_1_0_, player0_.level as level3_1_0_, player0_.name as name4_1_0_ from player player0_ where player0_.id=? for update
20:24:25.111 [main] DEBUG org.hibernate.loader.plan.build.internal.spaces.QuerySpacesImpl - Adding QuerySpace : uid = <gen:0> -> org.hibernate.loader.plan.build.internal.spaces.EntityQuerySpaceImpl@63c84d31]
20:24:25.111 [main] DEBUG org.hibernate.persister.walking.spi.MetamodelGraphWalker - Visiting attribute path : heroclass
20:24:25.111 [main] DEBUG org.hibernate.persister.walking.spi.MetamodelGraphWalker - Visiting attribute path : items
20:24:25.111 [main] DEBUG org.hibernate.loader.plan.build.internal.spaces.QuerySpacesImpl - Adding QuerySpace : uid = <gen:1> -> org.hibernate.loader.plan.build.internal.spaces.CollectionQuerySpaceImpl@797f97e3]
20:24:25.111 [main] DEBUG org.hibernate.loader.plan.build.internal.spaces.QuerySpacesImpl - Adding QuerySpace : uid = <gen:2> -> org.hibernate.loader.plan.build.internal.spaces.EntityQuerySpaceImpl@56cd5d76]
20:24:25.111 [main] DEBUG org.hibernate.persister.walking.spi.MetamodelGraphWalker - Visiting attribute path : level
20:24:25.111 [main] DEBUG org.hibernate.persister.walking.spi.MetamodelGraphWalker - Visiting attribute path : name
20:24:25.111 [main] DEBUG org.hibernate.loader.plan.build.internal.FetchStyleLoadPlanBuildingAssociationVisitationStrategy - Building LoadPlan...
20:24:25.111 [main] DEBUG org.hibernate.loader.plan.exec.internal.LoadQueryJoinAndFetchProcessor - processing queryspace <gen:0>
20:24:25.111 [main] DEBUG org.hibernate.loader.plan.build.spi.LoadPlanTreePrinter - LoadPlan(entity=tau.mmo.domain.Player)
    - Returns
       - EntityReturnImpl(entity=tau.mmo.domain.Player, querySpaceUid=<gen:0>, path=tau.mmo.domain.Player)
          - CollectionAttributeFetchImpl(collection=tau.mmo.domain.Player.items, querySpaceUid=<gen:1>, path=tau.mmo.domain.Player.items)
             - (collection element) CollectionFetchableElementEntityGraph(entity=tau.mmo.domain.Item, querySpaceUid=<gen:2>, path=tau.mmo.domain.Player.items.<elements>)
    - QuerySpaces
       - EntityQuerySpaceImpl(uid=<gen:0>, entity=tau.mmo.domain.Player)
          - SQL table alias mapping - player0_
          - alias suffix - 0_
          - suffixed key columns - {id1_1_0_}

20:24:25.112 [main] DEBUG org.hibernate.loader.entity.plan.EntityLoader - Static select for entity tau.mmo.domain.Player [PESSIMISTIC_READ]: select player0_.id as id1_1_0_, player0_.heroclass as heroclas2_1_0_, player0_.level as level3_1_0_, player0_.name as name4_1_0_ from player player0_ where player0_.id=? for update
20:24:25.112 [main] DEBUG org.hibernate.loader.plan.build.internal.spaces.QuerySpacesImpl - Adding QuerySpace : uid = <gen:0> -> org.hibernate.loader.plan.build.internal.spaces.EntityQuerySpaceImpl@77cd235b]
20:24:25.112 [main] DEBUG org.hibernate.persister.walking.spi.MetamodelGraphWalker - Visiting attribute path : heroclass
20:24:25.112 [main] DEBUG org.hibernate.persister.walking.spi.MetamodelGraphWalker - Visiting attribute path : items
20:24:25.112 [main] DEBUG org.hibernate.loader.plan.build.internal.spaces.QuerySpacesImpl - Adding QuerySpace : uid = <gen:1> -> org.hibernate.loader.plan.build.internal.spaces.CollectionQuerySpaceImpl@3568ea59]
20:24:25.112 [main] DEBUG org.hibernate.loader.plan.build.internal.spaces.QuerySpacesImpl - Adding QuerySpace : uid = <gen:2> -> org.hibernate.loader.plan.build.internal.spaces.EntityQuerySpaceImpl@9f2376f]
20:24:25.112 [main] DEBUG org.hibernate.persister.walking.spi.MetamodelGraphWalker - Visiting attribute path : level
20:24:25.112 [main] DEBUG org.hibernate.persister.walking.spi.MetamodelGraphWalker - Visiting attribute path : name
20:24:25.112 [main] DEBUG org.hibernate.loader.plan.build.internal.FetchStyleLoadPlanBuildingAssociationVisitationStrategy - Building LoadPlan...
20:24:25.112 [main] DEBUG org.hibernate.loader.plan.exec.internal.LoadQueryJoinAndFetchProcessor - processing queryspace <gen:0>
20:24:25.113 [main] DEBUG org.hibernate.loader.plan.build.spi.LoadPlanTreePrinter - LoadPlan(entity=tau.mmo.domain.Player)
    - Returns
       - EntityReturnImpl(entity=tau.mmo.domain.Player, querySpaceUid=<gen:0>, path=tau.mmo.domain.Player)
          - CollectionAttributeFetchImpl(collection=tau.mmo.domain.Player.items, querySpaceUid=<gen:1>, path=tau.mmo.domain.Player.items)
             - (collection element) CollectionFetchableElementEntityGraph(entity=tau.mmo.domain.Item, querySpaceUid=<gen:2>, path=tau.mmo.domain.Player.items.<elements>)
    - QuerySpaces
       - EntityQuerySpaceImpl(uid=<gen:0>, entity=tau.mmo.domain.Player)
          - SQL table alias mapping - player0_
          - alias suffix - 0_
          - suffixed key columns - {id1_1_0_}

20:24:25.113 [main] DEBUG org.hibernate.loader.entity.plan.EntityLoader - Static select for entity tau.mmo.domain.Player [PESSIMISTIC_WRITE]: select player0_.id as id1_1_0_, player0_.heroclass as heroclas2_1_0_, player0_.level as level3_1_0_, player0_.name as name4_1_0_ from player player0_ where player0_.id=? for update
20:24:25.113 [main] DEBUG org.hibernate.loader.plan.build.internal.spaces.QuerySpacesImpl - Adding QuerySpace : uid = <gen:0> -> org.hibernate.loader.plan.build.internal.spaces.EntityQuerySpaceImpl@173b1af1]
20:24:25.113 [main] DEBUG org.hibernate.persister.walking.spi.MetamodelGraphWalker - Visiting attribute path : heroclass
20:24:25.113 [main] DEBUG org.hibernate.persister.walking.spi.MetamodelGraphWalker - Visiting attribute path : items
20:24:25.113 [main] DEBUG org.hibernate.loader.plan.build.internal.spaces.QuerySpacesImpl - Adding QuerySpace : uid = <gen:1> -> org.hibernate.loader.plan.build.internal.spaces.CollectionQuerySpaceImpl@389a1e34]
20:24:25.113 [main] DEBUG org.hibernate.loader.plan.build.internal.spaces.QuerySpacesImpl - Adding QuerySpace : uid = <gen:2> -> org.hibernate.loader.plan.build.internal.spaces.EntityQuerySpaceImpl@204b0f07]
20:24:25.113 [main] DEBUG org.hibernate.persister.walking.spi.MetamodelGraphWalker - Visiting attribute path : level
20:24:25.113 [main] DEBUG org.hibernate.persister.walking.spi.MetamodelGraphWalker - Visiting attribute path : name
20:24:25.113 [main] DEBUG org.hibernate.loader.plan.build.internal.FetchStyleLoadPlanBuildingAssociationVisitationStrategy - Building LoadPlan...
20:24:25.113 [main] DEBUG org.hibernate.loader.plan.exec.internal.LoadQueryJoinAndFetchProcessor - processing queryspace <gen:0>
20:24:25.113 [main] DEBUG org.hibernate.loader.plan.build.spi.LoadPlanTreePrinter - LoadPlan(entity=tau.mmo.domain.Player)
    - Returns
       - EntityReturnImpl(entity=tau.mmo.domain.Player, querySpaceUid=<gen:0>, path=tau.mmo.domain.Player)
          - CollectionAttributeFetchImpl(collection=tau.mmo.domain.Player.items, querySpaceUid=<gen:1>, path=tau.mmo.domain.Player.items)
             - (collection element) CollectionFetchableElementEntityGraph(entity=tau.mmo.domain.Item, querySpaceUid=<gen:2>, path=tau.mmo.domain.Player.items.<elements>)
    - QuerySpaces
       - EntityQuerySpaceImpl(uid=<gen:0>, entity=tau.mmo.domain.Player)
          - SQL table alias mapping - player0_
          - alias suffix - 0_
          - suffixed key columns - {id1_1_0_}

20:24:25.113 [main] DEBUG org.hibernate.loader.entity.plan.EntityLoader - Static select for entity tau.mmo.domain.Player [PESSIMISTIC_FORCE_INCREMENT]: select player0_.id as id1_1_0_, player0_.heroclass as heroclas2_1_0_, player0_.level as level3_1_0_, player0_.name as name4_1_0_ from player player0_ where player0_.id=? for update
20:24:25.113 [main] DEBUG org.hibernate.loader.plan.build.internal.spaces.QuerySpacesImpl - Adding QuerySpace : uid = <gen:0> -> org.hibernate.loader.plan.build.internal.spaces.EntityQuerySpaceImpl@6f68756d]
20:24:25.113 [main] DEBUG org.hibernate.persister.walking.spi.MetamodelGraphWalker - Visiting attribute path : heroclass
20:24:25.113 [main] DEBUG org.hibernate.persister.walking.spi.MetamodelGraphWalker - Visiting attribute path : items
20:24:25.113 [main] DEBUG org.hibernate.loader.plan.build.internal.spaces.QuerySpacesImpl - Adding QuerySpace : uid = <gen:1> -> org.hibernate.loader.plan.build.internal.spaces.CollectionQuerySpaceImpl@5d9bb69b]
20:24:25.113 [main] DEBUG org.hibernate.loader.plan.build.internal.spaces.QuerySpacesImpl - Adding QuerySpace : uid = <gen:2> -> org.hibernate.loader.plan.build.internal.spaces.EntityQuerySpaceImpl@25d0b918]
20:24:25.113 [main] DEBUG org.hibernate.persister.walking.spi.MetamodelGraphWalker - Visiting attribute path : level
20:24:25.113 [main] DEBUG org.hibernate.persister.walking.spi.MetamodelGraphWalker - Visiting attribute path : name
20:24:25.113 [main] DEBUG org.hibernate.loader.plan.build.internal.FetchStyleLoadPlanBuildingAssociationVisitationStrategy - Building LoadPlan...
20:24:25.113 [main] DEBUG org.hibernate.loader.plan.exec.internal.LoadQueryJoinAndFetchProcessor - processing queryspace <gen:0>
20:24:25.113 [main] DEBUG org.hibernate.loader.plan.build.spi.LoadPlanTreePrinter - LoadPlan(entity=tau.mmo.domain.Player)
    - Returns
       - EntityReturnImpl(entity=tau.mmo.domain.Player, querySpaceUid=<gen:0>, path=tau.mmo.domain.Player)
          - CollectionAttributeFetchImpl(collection=tau.mmo.domain.Player.items, querySpaceUid=<gen:1>, path=tau.mmo.domain.Player.items)
             - (collection element) CollectionFetchableElementEntityGraph(entity=tau.mmo.domain.Item, querySpaceUid=<gen:2>, path=tau.mmo.domain.Player.items.<elements>)
    - QuerySpaces
       - EntityQuerySpaceImpl(uid=<gen:0>, entity=tau.mmo.domain.Player)
          - SQL table alias mapping - player0_
          - alias suffix - 0_
          - suffixed key columns - {id1_1_0_}

20:24:25.114 [main] DEBUG org.hibernate.loader.entity.plan.EntityLoader - Static select for entity tau.mmo.domain.Player [OPTIMISTIC]: select player0_.id as id1_1_0_, player0_.heroclass as heroclas2_1_0_, player0_.level as level3_1_0_, player0_.name as name4_1_0_ from player player0_ where player0_.id=?
20:24:25.114 [main] DEBUG org.hibernate.loader.plan.build.internal.spaces.QuerySpacesImpl - Adding QuerySpace : uid = <gen:0> -> org.hibernate.loader.plan.build.internal.spaces.EntityQuerySpaceImpl@9bf63d2]
20:24:25.114 [main] DEBUG org.hibernate.persister.walking.spi.MetamodelGraphWalker - Visiting attribute path : heroclass
20:24:25.114 [main] DEBUG org.hibernate.persister.walking.spi.MetamodelGraphWalker - Visiting attribute path : items
20:24:25.114 [main] DEBUG org.hibernate.loader.plan.build.internal.spaces.QuerySpacesImpl - Adding QuerySpace : uid = <gen:1> -> org.hibernate.loader.plan.build.internal.spaces.CollectionQuerySpaceImpl@7f53fc38]
20:24:25.114 [main] DEBUG org.hibernate.loader.plan.build.internal.spaces.QuerySpacesImpl - Adding QuerySpace : uid = <gen:2> -> org.hibernate.loader.plan.build.internal.spaces.EntityQuerySpaceImpl@5feb82b3]
20:24:25.114 [main] DEBUG org.hibernate.persister.walking.spi.MetamodelGraphWalker - Visiting attribute path : level
20:24:25.114 [main] DEBUG org.hibernate.persister.walking.spi.MetamodelGraphWalker - Visiting attribute path : name
20:24:25.114 [main] DEBUG org.hibernate.loader.plan.build.internal.FetchStyleLoadPlanBuildingAssociationVisitationStrategy - Building LoadPlan...
20:24:25.114 [main] DEBUG org.hibernate.loader.plan.exec.internal.LoadQueryJoinAndFetchProcessor - processing queryspace <gen:0>
20:24:25.114 [main] DEBUG org.hibernate.loader.plan.build.spi.LoadPlanTreePrinter - LoadPlan(entity=tau.mmo.domain.Player)
    - Returns
       - EntityReturnImpl(entity=tau.mmo.domain.Player, querySpaceUid=<gen:0>, path=tau.mmo.domain.Player)
          - CollectionAttributeFetchImpl(collection=tau.mmo.domain.Player.items, querySpaceUid=<gen:1>, path=tau.mmo.domain.Player.items)
             - (collection element) CollectionFetchableElementEntityGraph(entity=tau.mmo.domain.Item, querySpaceUid=<gen:2>, path=tau.mmo.domain.Player.items.<elements>)
    - QuerySpaces
       - EntityQuerySpaceImpl(uid=<gen:0>, entity=tau.mmo.domain.Player)
          - SQL table alias mapping - player0_
          - alias suffix - 0_
          - suffixed key columns - {id1_1_0_}

20:24:25.114 [main] DEBUG org.hibernate.loader.entity.plan.EntityLoader - Static select for entity tau.mmo.domain.Player [OPTIMISTIC_FORCE_INCREMENT]: select player0_.id as id1_1_0_, player0_.heroclass as heroclas2_1_0_, player0_.level as level3_1_0_, player0_.name as name4_1_0_ from player player0_ where player0_.id=?
20:24:25.114 [main] DEBUG org.hibernate.loader.Loader - Static select for action ACTION_MERGE on entity tau.mmo.domain.Player: select player0_.id as id1_1_0_, player0_.heroclass as heroclas2_1_0_, player0_.level as level3_1_0_, player0_.name as name4_1_0_ from player player0_ where player0_.id=?
20:24:25.114 [main] DEBUG org.hibernate.loader.Loader - Static select for action ACTION_REFRESH on entity tau.mmo.domain.Player: select player0_.id as id1_1_0_, player0_.heroclass as heroclas2_1_0_, player0_.level as level3_1_0_, player0_.name as name4_1_0_ from player player0_ where player0_.id=?
20:24:25.114 [main] DEBUG org.hibernate.loader.plan.build.internal.spaces.QuerySpacesImpl - Adding QuerySpace : uid = <gen:0> -> org.hibernate.loader.plan.build.internal.spaces.CollectionQuerySpaceImpl@2d38db6f]
20:24:25.114 [main] DEBUG org.hibernate.loader.plan.build.internal.spaces.QuerySpacesImpl - Adding QuerySpace : uid = <gen:1> -> org.hibernate.loader.plan.build.internal.spaces.EntityQuerySpaceImpl@37cf91d8]
20:24:25.114 [main] DEBUG org.hibernate.persister.walking.spi.MetamodelGraphWalker - Visiting attribute path : itemclass
20:24:25.114 [main] DEBUG org.hibernate.persister.walking.spi.MetamodelGraphWalker - Visiting attribute path : levelreq
20:24:25.114 [main] DEBUG org.hibernate.persister.walking.spi.MetamodelGraphWalker - Visiting attribute path : name
20:24:25.114 [main] DEBUG org.hibernate.persister.walking.spi.MetamodelGraphWalker - Visiting attribute path : player
20:24:25.114 [main] DEBUG org.hibernate.persister.walking.spi.MetamodelGraphWalker - Property path deemed to be circular : player
20:24:25.114 [main] DEBUG org.hibernate.loader.plan.build.internal.FetchStyleLoadPlanBuildingAssociationVisitationStrategy - Building LoadPlan...
20:24:25.115 [main] DEBUG org.hibernate.loader.plan.exec.internal.LoadQueryJoinAndFetchProcessor - processing queryspace <gen:0>
20:24:25.115 [main] DEBUG org.hibernate.loader.plan.build.spi.LoadPlanTreePrinter - LoadPlan(collection=tau.mmo.domain.Player.items)
    - Returns
       - CollectionReturnImpl(collection=tau.mmo.domain.Player.items, querySpaceUid=<gen:0>, path=[tau.mmo.domain.Player.items])
          - (collection element) CollectionFetchableElementEntityGraph(entity=tau.mmo.domain.Item, querySpaceUid=<gen:1>, path=[tau.mmo.domain.Player.items].<elements>)
    - QuerySpaces
       - CollectionQuerySpaceImpl(uid=<gen:0>, collection=tau.mmo.domain.Player.items)
          - SQL table alias mapping - items0_
          - alias suffix - 0_
          - suffixed key columns - {player_i5_0_0_}
          - entity-element alias suffix - 1_
          - 1_entity-element suffixed key columns - id1_0_1_
          - JOIN (JoinDefinedByMetadata(elements)) : <gen:0> -> <gen:1>
             - EntityQuerySpaceImpl(uid=<gen:1>, entity=tau.mmo.domain.Item)
                - SQL table alias mapping - items0_
                - alias suffix - 1_
                - suffixed key columns - {id1_0_1_}

20:24:25.115 [main] DEBUG org.hibernate.loader.collection.plan.CollectionLoader - Static select for collection tau.mmo.domain.Player.items: select items0_.player_id as player_i5_0_0_, items0_.id as id1_0_0_, items0_.id as id1_0_1_, items0_.itemclass as itemclas2_0_1_, items0_.levelreq as levelreq3_0_1_, items0_.name as name4_0_1_, items0_.player_id as player_i5_0_1_ from item items0_ where items0_.player_id=?
20:24:25.115 [main] DEBUG org.hibernate.internal.SessionFactoryImpl - Instantiated session factory
20:24:25.115 [main] DEBUG org.springframework.jdbc.datasource.DriverManagerDataSource - Creating new JDBC DriverManager Connection to [jdbc:hsqldb:hsql://localhost/workdb]
20:24:25.115 [main] DEBUG org.hibernate.engine.jdbc.spi.SqlExceptionHelper - Unable to open JDBC Connection for DDL execution [n/a]
java.sql.SQLTransientConnectionException: java.net.ConnectException: Połączenie odrzucone (Connection refused)
	at org.hsqldb.jdbc.JDBCUtil.sqlException(Unknown Source)
	at org.hsqldb.jdbc.JDBCUtil.sqlException(Unknown Source)
	at org.hsqldb.jdbc.JDBCConnection.<init>(Unknown Source)
	at org.hsqldb.jdbc.JDBCDriver.getConnection(Unknown Source)
	at org.hsqldb.jdbc.JDBCDriver.connect(Unknown Source)
	at java.sql/java.sql.DriverManager.getConnection(DriverManager.java:677)
	at java.sql/java.sql.DriverManager.getConnection(DriverManager.java:189)
	at org.springframework.jdbc.datasource.DriverManagerDataSource.getConnectionFromDriverManager(DriverManagerDataSource.java:154)
	at org.springframework.jdbc.datasource.DriverManagerDataSource.getConnectionFromDriver(DriverManagerDataSource.java:145)
	at org.springframework.jdbc.datasource.AbstractDriverBasedDataSource.getConnectionFromDriver(AbstractDriverBasedDataSource.java:205)
	at org.springframework.jdbc.datasource.AbstractDriverBasedDataSource.getConnection(AbstractDriverBasedDataSource.java:169)
	at org.hibernate.engine.jdbc.connections.internal.DatasourceConnectionProviderImpl.getConnection(DatasourceConnectionProviderImpl.java:122)
	at org.hibernate.engine.jdbc.env.internal.JdbcEnvironmentInitiator$ConnectionProviderJdbcConnectionAccess.obtainConnection(JdbcEnvironmentInitiator.java:180)
	at org.hibernate.resource.transaction.backend.jdbc.internal.DdlTransactionIsolatorNonJtaImpl.getIsolatedConnection(DdlTransactionIsolatorNonJtaImpl.java:43)
	at org.hibernate.tool.schema.internal.exec.ImprovedExtractionContextImpl.getJdbcConnection(ImprovedExtractionContextImpl.java:60)
	at org.hibernate.tool.schema.extract.internal.SequenceInformationExtractorLegacyImpl.extractMetadata(SequenceInformationExtractorLegacyImpl.java:40)
	at org.hibernate.tool.schema.extract.internal.DatabaseInformationImpl.initializeSequences(DatabaseInformationImpl.java:65)
	at org.hibernate.tool.schema.extract.internal.DatabaseInformationImpl.<init>(DatabaseInformationImpl.java:59)
	at org.hibernate.tool.schema.internal.Helper.buildDatabaseInformation(Helper.java:130)
	at org.hibernate.tool.schema.internal.AbstractSchemaMigrator.doMigration(AbstractSchemaMigrator.java:92)
	at org.hibernate.tool.schema.spi.SchemaManagementToolCoordinator.performDatabaseAction(SchemaManagementToolCoordinator.java:176)
	at org.hibernate.tool.schema.spi.SchemaManagementToolCoordinator.process(SchemaManagementToolCoordinator.java:65)
	at org.hibernate.internal.SessionFactoryImpl.<init>(SessionFactoryImpl.java:459)
	at org.hibernate.boot.internal.SessionFactoryBuilderImpl.build(SessionFactoryBuilderImpl.java:465)
	at org.hibernate.cfg.Configuration.buildSessionFactory(Configuration.java:711)
	at org.hibernate.cfg.Configuration.buildSessionFactory(Configuration.java:727)
	at org.springframework.orm.hibernate5.LocalSessionFactoryBean.buildSessionFactory(LocalSessionFactoryBean.java:615)
	at org.springframework.orm.hibernate5.LocalSessionFactoryBean.afterPropertiesSet(LocalSessionFactoryBean.java:599)
	at org.springframework.beans.factory.support.AbstractAutowireCapableBeanFactory.invokeInitMethods(AbstractAutowireCapableBeanFactory.java:1837)
	at org.springframework.beans.factory.support.AbstractAutowireCapableBeanFactory.initializeBean(AbstractAutowireCapableBeanFactory.java:1774)
	at org.springframework.beans.factory.support.AbstractAutowireCapableBeanFactory.doCreateBean(AbstractAutowireCapableBeanFactory.java:593)
	at org.springframework.beans.factory.support.AbstractAutowireCapableBeanFactory.createBean(AbstractAutowireCapableBeanFactory.java:515)
	at org.springframework.beans.factory.support.AbstractBeanFactory.lambda$doGetBean$0(AbstractBeanFactory.java:320)
	at org.springframework.beans.factory.support.DefaultSingletonBeanRegistry.getSingleton(DefaultSingletonBeanRegistry.java:222)
	at org.springframework.beans.factory.support.AbstractBeanFactory.doGetBean(AbstractBeanFactory.java:318)
	at org.springframework.beans.factory.support.AbstractBeanFactory.getBean(AbstractBeanFactory.java:199)
	at org.springframework.beans.factory.config.DependencyDescriptor.resolveCandidate(DependencyDescriptor.java:277)
	at org.springframework.beans.factory.support.DefaultListableBeanFactory.doResolveDependency(DefaultListableBeanFactory.java:1247)
	at org.springframework.beans.factory.support.DefaultListableBeanFactory.resolveDependency(DefaultListableBeanFactory.java:1167)
	at org.springframework.beans.factory.annotation.AutowiredAnnotationBeanPostProcessor$AutowiredFieldElement.inject(AutowiredAnnotationBeanPostProcessor.java:593)
	at org.springframework.beans.factory.annotation.InjectionMetadata.inject(InjectionMetadata.java:90)
	at org.springframework.beans.factory.annotation.AutowiredAnnotationBeanPostProcessor.postProcessProperties(AutowiredAnnotationBeanPostProcessor.java:374)
	at org.springframework.beans.factory.support.AbstractAutowireCapableBeanFactory.populateBean(AbstractAutowireCapableBeanFactory.java:1411)
	at org.springframework.beans.factory.support.AbstractAutowireCapableBeanFactory.doCreateBean(AbstractAutowireCapableBeanFactory.java:592)
	at org.springframework.beans.factory.support.AbstractAutowireCapableBeanFactory.createBean(AbstractAutowireCapableBeanFactory.java:515)
	at org.springframework.beans.factory.support.AbstractBeanFactory.lambda$doGetBean$0(AbstractBeanFactory.java:320)
	at org.springframework.beans.factory.support.DefaultSingletonBeanRegistry.getSingleton(DefaultSingletonBeanRegistry.java:222)
	at org.springframework.beans.factory.support.AbstractBeanFactory.doGetBean(AbstractBeanFactory.java:318)
	at org.springframework.beans.factory.support.AbstractBeanFactory.getBean(AbstractBeanFactory.java:199)
	at org.springframework.beans.factory.config.DependencyDescriptor.resolveCandidate(DependencyDescriptor.java:277)
	at org.springframework.beans.factory.support.DefaultListableBeanFactory.doResolveDependency(DefaultListableBeanFactory.java:1247)
	at org.springframework.beans.factory.support.DefaultListableBeanFactory.resolveDependency(DefaultListableBeanFactory.java:1167)
	at org.springframework.beans.factory.annotation.AutowiredAnnotationBeanPostProcessor$AutowiredFieldElement.inject(AutowiredAnnotationBeanPostProcessor.java:593)
	at org.springframework.beans.factory.annotation.InjectionMetadata.inject(InjectionMetadata.java:90)
	at org.springframework.beans.factory.annotation.AutowiredAnnotationBeanPostProcessor.postProcessProperties(AutowiredAnnotationBeanPostProcessor.java:374)
	at org.springframework.beans.factory.support.AbstractAutowireCapableBeanFactory.populateBean(AbstractAutowireCapableBeanFactory.java:1411)
	at org.springframework.beans.factory.support.AbstractAutowireCapableBeanFactory.doCreateBean(AbstractAutowireCapableBeanFactory.java:592)
	at org.springframework.beans.factory.support.AbstractAutowireCapableBeanFactory.createBean(AbstractAutowireCapableBeanFactory.java:515)
	at org.springframework.beans.factory.support.AbstractBeanFactory.lambda$doGetBean$0(AbstractBeanFactory.java:320)
	at org.springframework.beans.factory.support.DefaultSingletonBeanRegistry.getSingleton(DefaultSingletonBeanRegistry.java:222)
	at org.springframework.beans.factory.support.AbstractBeanFactory.doGetBean(AbstractBeanFactory.java:318)
	at org.springframework.beans.factory.support.AbstractBeanFactory.getBean(AbstractBeanFactory.java:199)
	at org.springframework.beans.factory.support.DefaultListableBeanFactory.preInstantiateSingletons(DefaultListableBeanFactory.java:849)
	at org.springframework.context.support.AbstractApplicationContext.finishBeanFactoryInitialization(AbstractApplicationContext.java:877)
	at org.springframework.context.support.AbstractApplicationContext.refresh(AbstractApplicationContext.java:549)
	at org.springframework.test.context.support.AbstractGenericContextLoader.loadContext(AbstractGenericContextLoader.java:128)
	at org.springframework.test.context.support.AbstractGenericContextLoader.loadContext(AbstractGenericContextLoader.java:60)
	at org.springframework.test.context.support.AbstractDelegatingSmartContextLoader.delegateLoading(AbstractDelegatingSmartContextLoader.java:275)
	at org.springframework.test.context.support.AbstractDelegatingSmartContextLoader.loadContext(AbstractDelegatingSmartContextLoader.java:243)
	at org.springframework.test.context.cache.DefaultCacheAwareContextLoaderDelegate.loadContextInternal(DefaultCacheAwareContextLoaderDelegate.java:99)
	at org.springframework.test.context.cache.DefaultCacheAwareContextLoaderDelegate.loadContext(DefaultCacheAwareContextLoaderDelegate.java:117)
	at org.springframework.test.context.support.DefaultTestContext.getApplicationContext(DefaultTestContext.java:108)
	at org.springframework.test.context.support.DependencyInjectionTestExecutionListener.injectDependencies(DependencyInjectionTestExecutionListener.java:118)
	at org.springframework.test.context.support.DependencyInjectionTestExecutionListener.prepareTestInstance(DependencyInjectionTestExecutionListener.java:83)
	at org.springframework.test.context.TestContextManager.prepareTestInstance(TestContextManager.java:246)
	at org.springframework.test.context.junit4.SpringJUnit4ClassRunner.createTest(SpringJUnit4ClassRunner.java:227)
	at org.springframework.test.context.junit4.SpringJUnit4ClassRunner$1.runReflectiveCall(SpringJUnit4ClassRunner.java:289)
	at org.junit.internal.runners.model.ReflectiveCallable.run(ReflectiveCallable.java:12)
	at org.springframework.test.context.junit4.SpringJUnit4ClassRunner.methodBlock(SpringJUnit4ClassRunner.java:291)
	at org.springframework.test.context.junit4.SpringJUnit4ClassRunner.runChild(SpringJUnit4ClassRunner.java:246)
	at org.springframework.test.context.junit4.SpringJUnit4ClassRunner.runChild(SpringJUnit4ClassRunner.java:97)
	at org.junit.runners.ParentRunner$3.run(ParentRunner.java:290)
	at org.junit.runners.ParentRunner$1.schedule(ParentRunner.java:71)
	at org.junit.runners.ParentRunner.runChildren(ParentRunner.java:288)
	at org.junit.runners.ParentRunner.access$000(ParentRunner.java:58)
	at org.junit.runners.ParentRunner$2.evaluate(ParentRunner.java:268)
	at org.springframework.test.context.junit4.statements.RunBeforeTestClassCallbacks.evaluate(RunBeforeTestClassCallbacks.java:61)
	at org.springframework.test.context.junit4.statements.RunAfterTestClassCallbacks.evaluate(RunAfterTestClassCallbacks.java:70)
	at org.junit.runners.ParentRunner.run(ParentRunner.java:363)
	at org.springframework.test.context.junit4.SpringJUnit4ClassRunner.run(SpringJUnit4ClassRunner.java:190)
	at org.apache.maven.surefire.junit4.JUnit4Provider.execute(JUnit4Provider.java:365)
	at org.apache.maven.surefire.junit4.JUnit4Provider.executeWithRerun(JUnit4Provider.java:273)
	at org.apache.maven.surefire.junit4.JUnit4Provider.executeTestSet(JUnit4Provider.java:238)
	at org.apache.maven.surefire.junit4.JUnit4Provider.invoke(JUnit4Provider.java:159)
	at org.apache.maven.surefire.booter.ForkedBooter.invokeProviderInSameClassLoader(ForkedBooter.java:384)
	at org.apache.maven.surefire.booter.ForkedBooter.runSuitesInProcess(ForkedBooter.java:345)
	at org.apache.maven.surefire.booter.ForkedBooter.execute(ForkedBooter.java:126)
	at org.apache.maven.surefire.booter.ForkedBooter.main(ForkedBooter.java:418)
Caused by: org.hsqldb.HsqlException: java.net.ConnectException: Połączenie odrzucone (Connection refused)
	at org.hsqldb.ClientConnection.openConnection(Unknown Source)
	at org.hsqldb.ClientConnection.initConnection(Unknown Source)
	at org.hsqldb.ClientConnection.<init>(Unknown Source)
	... 96 common frames omitted
Caused by: java.net.ConnectException: Połączenie odrzucone (Connection refused)
	at java.base/java.net.PlainSocketImpl.socketConnect(Native Method)
	at java.base/java.net.AbstractPlainSocketImpl.doConnect(AbstractPlainSocketImpl.java:399)
	at java.base/java.net.AbstractPlainSocketImpl.connectToAddress(AbstractPlainSocketImpl.java:242)
	at java.base/java.net.AbstractPlainSocketImpl.connect(AbstractPlainSocketImpl.java:224)
	at java.base/java.net.SocksSocketImpl.connect(SocksSocketImpl.java:403)
	at java.base/java.net.Socket.connect(Socket.java:591)
	at java.base/java.net.Socket.connect(Socket.java:540)
	at java.base/java.net.Socket.<init>(Socket.java:436)
	at java.base/java.net.Socket.<init>(Socket.java:213)
	at org.hsqldb.server.HsqlSocketFactory.createSocket(Unknown Source)
	... 99 common frames omitted
20:24:25.116 [main] WARN org.hibernate.engine.jdbc.spi.SqlExceptionHelper - SQL Error: -1301, SQLState: 08001
20:24:25.116 [main] ERROR org.hibernate.engine.jdbc.spi.SqlExceptionHelper - java.net.ConnectException: Połączenie odrzucone (Connection refused)
20:24:25.116 [main] WARN org.springframework.context.support.GenericApplicationContext - Exception encountered during context initialization - cancelling refresh attempt: org.springframework.beans.factory.UnsatisfiedDependencyException: Error creating bean with name 'playerController': Unsatisfied dependency expressed through field 'playerManager'; nested exception is org.springframework.beans.factory.UnsatisfiedDependencyException: Error creating bean with name 'playerManagerHibernateImpl': Unsatisfied dependency expressed through field 'sessionFactory'; nested exception is org.springframework.beans.factory.BeanCreationException: Error creating bean with name 'hibernateSessionFactory' defined in class path resource [beans.xml]: Invocation of init method failed; nested exception is org.hibernate.exception.JDBCConnectionException: Unable to open JDBC Connection for DDL execution
20:24:25.117 [main] ERROR org.springframework.test.context.TestContextManager - Caught exception while allowing TestExecutionListener [org.springframework.test.context.support.DependencyInjectionTestExecutionListener@6a400542] to prepare test instance [tau.mmo.service.PlayerManagerTest@2e204155]
java.lang.IllegalStateException: Failed to load ApplicationContext
	at org.springframework.test.context.cache.DefaultCacheAwareContextLoaderDelegate.loadContext(DefaultCacheAwareContextLoaderDelegate.java:125)
	at org.springframework.test.context.support.DefaultTestContext.getApplicationContext(DefaultTestContext.java:108)
	at org.springframework.test.context.support.DependencyInjectionTestExecutionListener.injectDependencies(DependencyInjectionTestExecutionListener.java:118)
	at org.springframework.test.context.support.DependencyInjectionTestExecutionListener.prepareTestInstance(DependencyInjectionTestExecutionListener.java:83)
	at org.springframework.test.context.TestContextManager.prepareTestInstance(TestContextManager.java:246)
	at org.springframework.test.context.junit4.SpringJUnit4ClassRunner.createTest(SpringJUnit4ClassRunner.java:227)
	at org.springframework.test.context.junit4.SpringJUnit4ClassRunner$1.runReflectiveCall(SpringJUnit4ClassRunner.java:289)
	at org.junit.internal.runners.model.ReflectiveCallable.run(ReflectiveCallable.java:12)
	at org.springframework.test.context.junit4.SpringJUnit4ClassRunner.methodBlock(SpringJUnit4ClassRunner.java:291)
	at org.springframework.test.context.junit4.SpringJUnit4ClassRunner.runChild(SpringJUnit4ClassRunner.java:246)
	at org.springframework.test.context.junit4.SpringJUnit4ClassRunner.runChild(SpringJUnit4ClassRunner.java:97)
	at org.junit.runners.ParentRunner$3.run(ParentRunner.java:290)
	at org.junit.runners.ParentRunner$1.schedule(ParentRunner.java:71)
	at org.junit.runners.ParentRunner.runChildren(ParentRunner.java:288)
	at org.junit.runners.ParentRunner.access$000(ParentRunner.java:58)
	at org.junit.runners.ParentRunner$2.evaluate(ParentRunner.java:268)
	at org.springframework.test.context.junit4.statements.RunBeforeTestClassCallbacks.evaluate(RunBeforeTestClassCallbacks.java:61)
	at org.springframework.test.context.junit4.statements.RunAfterTestClassCallbacks.evaluate(RunAfterTestClassCallbacks.java:70)
	at org.junit.runners.ParentRunner.run(ParentRunner.java:363)
	at org.springframework.test.context.junit4.SpringJUnit4ClassRunner.run(SpringJUnit4ClassRunner.java:190)
	at org.apache.maven.surefire.junit4.JUnit4Provider.execute(JUnit4Provider.java:365)
	at org.apache.maven.surefire.junit4.JUnit4Provider.executeWithRerun(JUnit4Provider.java:273)
	at org.apache.maven.surefire.junit4.JUnit4Provider.executeTestSet(JUnit4Provider.java:238)
	at org.apache.maven.surefire.junit4.JUnit4Provider.invoke(JUnit4Provider.java:159)
	at org.apache.maven.surefire.booter.ForkedBooter.invokeProviderInSameClassLoader(ForkedBooter.java:384)
	at org.apache.maven.surefire.booter.ForkedBooter.runSuitesInProcess(ForkedBooter.java:345)
	at org.apache.maven.surefire.booter.ForkedBooter.execute(ForkedBooter.java:126)
	at org.apache.maven.surefire.booter.ForkedBooter.main(ForkedBooter.java:418)
Caused by: org.springframework.beans.factory.UnsatisfiedDependencyException: Error creating bean with name 'playerController': Unsatisfied dependency expressed through field 'playerManager'; nested exception is org.springframework.beans.factory.UnsatisfiedDependencyException: Error creating bean with name 'playerManagerHibernateImpl': Unsatisfied dependency expressed through field 'sessionFactory'; nested exception is org.springframework.beans.factory.BeanCreationException: Error creating bean with name 'hibernateSessionFactory' defined in class path resource [beans.xml]: Invocation of init method failed; nested exception is org.hibernate.exception.JDBCConnectionException: Unable to open JDBC Connection for DDL execution
	at org.springframework.beans.factory.annotation.AutowiredAnnotationBeanPostProcessor$AutowiredFieldElement.inject(AutowiredAnnotationBeanPostProcessor.java:596)
	at org.springframework.beans.factory.annotation.InjectionMetadata.inject(InjectionMetadata.java:90)
	at org.springframework.beans.factory.annotation.AutowiredAnnotationBeanPostProcessor.postProcessProperties(AutowiredAnnotationBeanPostProcessor.java:374)
	at org.springframework.beans.factory.support.AbstractAutowireCapableBeanFactory.populateBean(AbstractAutowireCapableBeanFactory.java:1411)
	at org.springframework.beans.factory.support.AbstractAutowireCapableBeanFactory.doCreateBean(AbstractAutowireCapableBeanFactory.java:592)
	at org.springframework.beans.factory.support.AbstractAutowireCapableBeanFactory.createBean(AbstractAutowireCapableBeanFactory.java:515)
	at org.springframework.beans.factory.support.AbstractBeanFactory.lambda$doGetBean$0(AbstractBeanFactory.java:320)
	at org.springframework.beans.factory.support.DefaultSingletonBeanRegistry.getSingleton(DefaultSingletonBeanRegistry.java:222)
	at org.springframework.beans.factory.support.AbstractBeanFactory.doGetBean(AbstractBeanFactory.java:318)
	at org.springframework.beans.factory.support.AbstractBeanFactory.getBean(AbstractBeanFactory.java:199)
	at org.springframework.beans.factory.support.DefaultListableBeanFactory.preInstantiateSingletons(DefaultListableBeanFactory.java:849)
	at org.springframework.context.support.AbstractApplicationContext.finishBeanFactoryInitialization(AbstractApplicationContext.java:877)
	at org.springframework.context.support.AbstractApplicationContext.refresh(AbstractApplicationContext.java:549)
	at org.springframework.test.context.support.AbstractGenericContextLoader.loadContext(AbstractGenericContextLoader.java:128)
	at org.springframework.test.context.support.AbstractGenericContextLoader.loadContext(AbstractGenericContextLoader.java:60)
	at org.springframework.test.context.support.AbstractDelegatingSmartContextLoader.delegateLoading(AbstractDelegatingSmartContextLoader.java:275)
	at org.springframework.test.context.support.AbstractDelegatingSmartContextLoader.loadContext(AbstractDelegatingSmartContextLoader.java:243)
	at org.springframework.test.context.cache.DefaultCacheAwareContextLoaderDelegate.loadContextInternal(DefaultCacheAwareContextLoaderDelegate.java:99)
	at org.springframework.test.context.cache.DefaultCacheAwareContextLoaderDelegate.loadContext(DefaultCacheAwareContextLoaderDelegate.java:117)
	... 27 common frames omitted
Caused by: org.springframework.beans.factory.UnsatisfiedDependencyException: Error creating bean with name 'playerManagerHibernateImpl': Unsatisfied dependency expressed through field 'sessionFactory'; nested exception is org.springframework.beans.factory.BeanCreationException: Error creating bean with name 'hibernateSessionFactory' defined in class path resource [beans.xml]: Invocation of init method failed; nested exception is org.hibernate.exception.JDBCConnectionException: Unable to open JDBC Connection for DDL execution
	at org.springframework.beans.factory.annotation.AutowiredAnnotationBeanPostProcessor$AutowiredFieldElement.inject(AutowiredAnnotationBeanPostProcessor.java:596)
	at org.springframework.beans.factory.annotation.InjectionMetadata.inject(InjectionMetadata.java:90)
	at org.springframework.beans.factory.annotation.AutowiredAnnotationBeanPostProcessor.postProcessProperties(AutowiredAnnotationBeanPostProcessor.java:374)
	at org.springframework.beans.factory.support.AbstractAutowireCapableBeanFactory.populateBean(AbstractAutowireCapableBeanFactory.java:1411)
	at org.springframework.beans.factory.support.AbstractAutowireCapableBeanFactory.doCreateBean(AbstractAutowireCapableBeanFactory.java:592)
	at org.springframework.beans.factory.support.AbstractAutowireCapableBeanFactory.createBean(AbstractAutowireCapableBeanFactory.java:515)
	at org.springframework.beans.factory.support.AbstractBeanFactory.lambda$doGetBean$0(AbstractBeanFactory.java:320)
	at org.springframework.beans.factory.support.DefaultSingletonBeanRegistry.getSingleton(DefaultSingletonBeanRegistry.java:222)
	at org.springframework.beans.factory.support.AbstractBeanFactory.doGetBean(AbstractBeanFactory.java:318)
	at org.springframework.beans.factory.support.AbstractBeanFactory.getBean(AbstractBeanFactory.java:199)
	at org.springframework.beans.factory.config.DependencyDescriptor.resolveCandidate(DependencyDescriptor.java:277)
	at org.springframework.beans.factory.support.DefaultListableBeanFactory.doResolveDependency(DefaultListableBeanFactory.java:1247)
	at org.springframework.beans.factory.support.DefaultListableBeanFactory.resolveDependency(DefaultListableBeanFactory.java:1167)
	at org.springframework.beans.factory.annotation.AutowiredAnnotationBeanPostProcessor$AutowiredFieldElement.inject(AutowiredAnnotationBeanPostProcessor.java:593)
	... 45 common frames omitted
Caused by: org.springframework.beans.factory.BeanCreationException: Error creating bean with name 'hibernateSessionFactory' defined in class path resource [beans.xml]: Invocation of init method failed; nested exception is org.hibernate.exception.JDBCConnectionException: Unable to open JDBC Connection for DDL execution
	at org.springframework.beans.factory.support.AbstractAutowireCapableBeanFactory.initializeBean(AbstractAutowireCapableBeanFactory.java:1778)
	at org.springframework.beans.factory.support.AbstractAutowireCapableBeanFactory.doCreateBean(AbstractAutowireCapableBeanFactory.java:593)
	at org.springframework.beans.factory.support.AbstractAutowireCapableBeanFactory.createBean(AbstractAutowireCapableBeanFactory.java:515)
	at org.springframework.beans.factory.support.AbstractBeanFactory.lambda$doGetBean$0(AbstractBeanFactory.java:320)
	at org.springframework.beans.factory.support.DefaultSingletonBeanRegistry.getSingleton(DefaultSingletonBeanRegistry.java:222)
	at org.springframework.beans.factory.support.AbstractBeanFactory.doGetBean(AbstractBeanFactory.java:318)
	at org.springframework.beans.factory.support.AbstractBeanFactory.getBean(AbstractBeanFactory.java:199)
	at org.springframework.beans.factory.config.DependencyDescriptor.resolveCandidate(DependencyDescriptor.java:277)
	at org.springframework.beans.factory.support.DefaultListableBeanFactory.doResolveDependency(DefaultListableBeanFactory.java:1247)
	at org.springframework.beans.factory.support.DefaultListableBeanFactory.resolveDependency(DefaultListableBeanFactory.java:1167)
	at org.springframework.beans.factory.annotation.AutowiredAnnotationBeanPostProcessor$AutowiredFieldElement.inject(AutowiredAnnotationBeanPostProcessor.java:593)
	... 58 common frames omitted
Caused by: org.hibernate.exception.JDBCConnectionException: Unable to open JDBC Connection for DDL execution
	at org.hibernate.exception.internal.SQLExceptionTypeDelegate.convert(SQLExceptionTypeDelegate.java:48)
	at org.hibernate.exception.internal.StandardSQLExceptionConverter.convert(StandardSQLExceptionConverter.java:42)
	at org.hibernate.engine.jdbc.spi.SqlExceptionHelper.convert(SqlExceptionHelper.java:111)
	at org.hibernate.engine.jdbc.spi.SqlExceptionHelper.convert(SqlExceptionHelper.java:97)
	at org.hibernate.resource.transaction.backend.jdbc.internal.DdlTransactionIsolatorNonJtaImpl.getIsolatedConnection(DdlTransactionIsolatorNonJtaImpl.java:69)
	at org.hibernate.tool.schema.internal.exec.ImprovedExtractionContextImpl.getJdbcConnection(ImprovedExtractionContextImpl.java:60)
	at org.hibernate.tool.schema.extract.internal.SequenceInformationExtractorLegacyImpl.extractMetadata(SequenceInformationExtractorLegacyImpl.java:40)
	at org.hibernate.tool.schema.extract.internal.DatabaseInformationImpl.initializeSequences(DatabaseInformationImpl.java:65)
	at org.hibernate.tool.schema.extract.internal.DatabaseInformationImpl.<init>(DatabaseInformationImpl.java:59)
	at org.hibernate.tool.schema.internal.Helper.buildDatabaseInformation(Helper.java:130)
	at org.hibernate.tool.schema.internal.AbstractSchemaMigrator.doMigration(AbstractSchemaMigrator.java:92)
	at org.hibernate.tool.schema.spi.SchemaManagementToolCoordinator.performDatabaseAction(SchemaManagementToolCoordinator.java:176)
	at org.hibernate.tool.schema.spi.SchemaManagementToolCoordinator.process(SchemaManagementToolCoordinator.java:65)
	at org.hibernate.internal.SessionFactoryImpl.<init>(SessionFactoryImpl.java:459)
	at org.hibernate.boot.internal.SessionFactoryBuilderImpl.build(SessionFactoryBuilderImpl.java:465)
	at org.hibernate.cfg.Configuration.buildSessionFactory(Configuration.java:711)
	at org.hibernate.cfg.Configuration.buildSessionFactory(Configuration.java:727)
	at org.springframework.orm.hibernate5.LocalSessionFactoryBean.buildSessionFactory(LocalSessionFactoryBean.java:615)
	at org.springframework.orm.hibernate5.LocalSessionFactoryBean.afterPropertiesSet(LocalSessionFactoryBean.java:599)
	at org.springframework.beans.factory.support.AbstractAutowireCapableBeanFactory.invokeInitMethods(AbstractAutowireCapableBeanFactory.java:1837)
	at org.springframework.beans.factory.support.AbstractAutowireCapableBeanFactory.initializeBean(AbstractAutowireCapableBeanFactory.java:1774)
	... 68 common frames omitted
Caused by: java.sql.SQLTransientConnectionException: java.net.ConnectException: Połączenie odrzucone (Connection refused)
	at org.hsqldb.jdbc.JDBCUtil.sqlException(Unknown Source)
	at org.hsqldb.jdbc.JDBCUtil.sqlException(Unknown Source)
	at org.hsqldb.jdbc.JDBCConnection.<init>(Unknown Source)
	at org.hsqldb.jdbc.JDBCDriver.getConnection(Unknown Source)
	at org.hsqldb.jdbc.JDBCDriver.connect(Unknown Source)
	at java.sql/java.sql.DriverManager.getConnection(DriverManager.java:677)
	at java.sql/java.sql.DriverManager.getConnection(DriverManager.java:189)
	at org.springframework.jdbc.datasource.DriverManagerDataSource.getConnectionFromDriverManager(DriverManagerDataSource.java:154)
	at org.springframework.jdbc.datasource.DriverManagerDataSource.getConnectionFromDriver(DriverManagerDataSource.java:145)
	at org.springframework.jdbc.datasource.AbstractDriverBasedDataSource.getConnectionFromDriver(AbstractDriverBasedDataSource.java:205)
	at org.springframework.jdbc.datasource.AbstractDriverBasedDataSource.getConnection(AbstractDriverBasedDataSource.java:169)
	at org.hibernate.engine.jdbc.connections.internal.DatasourceConnectionProviderImpl.getConnection(DatasourceConnectionProviderImpl.java:122)
	at org.hibernate.engine.jdbc.env.internal.JdbcEnvironmentInitiator$ConnectionProviderJdbcConnectionAccess.obtainConnection(JdbcEnvironmentInitiator.java:180)
	at org.hibernate.resource.transaction.backend.jdbc.internal.DdlTransactionIsolatorNonJtaImpl.getIsolatedConnection(DdlTransactionIsolatorNonJtaImpl.java:43)
	... 84 common frames omitted
Caused by: org.hsqldb.HsqlException: java.net.ConnectException: Połączenie odrzucone (Connection refused)
	at org.hsqldb.ClientConnection.openConnection(Unknown Source)
	at org.hsqldb.ClientConnection.initConnection(Unknown Source)
	at org.hsqldb.ClientConnection.<init>(Unknown Source)
	... 96 common frames omitted
Caused by: java.net.ConnectException: Połączenie odrzucone (Connection refused)
	at java.base/java.net.PlainSocketImpl.socketConnect(Native Method)
	at java.base/java.net.AbstractPlainSocketImpl.doConnect(AbstractPlainSocketImpl.java:399)
	at java.base/java.net.AbstractPlainSocketImpl.connectToAddress(AbstractPlainSocketImpl.java:242)
	at java.base/java.net.AbstractPlainSocketImpl.connect(AbstractPlainSocketImpl.java:224)
	at java.base/java.net.SocksSocketImpl.connect(SocksSocketImpl.java:403)
	at java.base/java.net.Socket.connect(Socket.java:591)
	at java.base/java.net.Socket.connect(Socket.java:540)
	at java.base/java.net.Socket.<init>(Socket.java:436)
	at java.base/java.net.Socket.<init>(Socket.java:213)
	at org.hsqldb.server.HsqlSocketFactory.createSocket(Unknown Source)
	... 99 common frames omitted
]]></system-out>
  </testcase>
  <testcase name="deletePlayerTest" classname="tau.mmo.service.PlayerManagerTest" time="0">
    <error message="Failed to load ApplicationContext" type="java.lang.IllegalStateException">java.lang.IllegalStateException: Failed to load ApplicationContext
Caused by: org.springframework.beans.factory.UnsatisfiedDependencyException: Error creating bean with name 'playerController': Unsatisfied dependency expressed through field 'playerManager'; nested exception is org.springframework.beans.factory.UnsatisfiedDependencyException: Error creating bean with name 'playerManagerHibernateImpl': Unsatisfied dependency expressed through field 'sessionFactory'; nested exception is org.springframework.beans.factory.BeanCreationException: Error creating bean with name 'hibernateSessionFactory' defined in class path resource [beans.xml]: Invocation of init method failed; nested exception is org.hibernate.exception.JDBCConnectionException: Unable to open JDBC Connection for DDL execution
Caused by: org.springframework.beans.factory.UnsatisfiedDependencyException: Error creating bean with name 'playerManagerHibernateImpl': Unsatisfied dependency expressed through field 'sessionFactory'; nested exception is org.springframework.beans.factory.BeanCreationException: Error creating bean with name 'hibernateSessionFactory' defined in class path resource [beans.xml]: Invocation of init method failed; nested exception is org.hibernate.exception.JDBCConnectionException: Unable to open JDBC Connection for DDL execution
Caused by: org.springframework.beans.factory.BeanCreationException: Error creating bean with name 'hibernateSessionFactory' defined in class path resource [beans.xml]: Invocation of init method failed; nested exception is org.hibernate.exception.JDBCConnectionException: Unable to open JDBC Connection for DDL execution
Caused by: org.hibernate.exception.JDBCConnectionException: Unable to open JDBC Connection for DDL execution
Caused by: java.sql.SQLTransientConnectionException: java.net.ConnectException: Połączenie odrzucone (Connection refused)
Caused by: org.hsqldb.HsqlException: java.net.ConnectException: Połączenie odrzucone (Connection refused)
Caused by: java.net.ConnectException: Połączenie odrzucone (Connection refused)
</error>
    <system-out><![CDATA[20:24:25.118 [main] DEBUG org.springframework.test.annotation.ProfileValueUtils - Retrieved @ProfileValueSourceConfiguration [null] for test class [tau.mmo.service.PlayerManagerTest]
20:24:25.118 [main] DEBUG org.springframework.test.annotation.ProfileValueUtils - Retrieved ProfileValueSource type [class org.springframework.test.annotation.SystemProfileValueSource] for class [tau.mmo.service.PlayerManagerTest]
20:24:25.118 [main] DEBUG org.springframework.test.context.support.DependencyInjectionTestExecutionListener - Performing dependency injection for test context [[DefaultTestContext@7ed7259e testClass = PlayerManagerTest, testInstance = tau.mmo.service.PlayerManagerTest@3fe8ad3f, testMethod = [null], testException = [null], mergedContextConfiguration = [MergedContextConfiguration@28eaa59a testClass = PlayerManagerTest, locations = '{classpath:/beans.xml}', classes = '{}', contextInitializerClasses = '[]', activeProfiles = '{}', propertySourceLocations = '{}', propertySourceProperties = '{}', contextCustomizers = set[org.springframework.boot.test.context.filter.ExcludeFilterContextCustomizer@6b4a4e18, org.springframework.boot.test.json.DuplicateJsonObjectContextCustomizerFactory$DuplicateJsonObjectContextCustomizer@402e37bc, org.springframework.boot.test.mock.mockito.MockitoContextCustomizer@0, org.springframework.boot.test.autoconfigure.properties.PropertyMappingContextCustomizer@0, org.springframework.boot.test.autoconfigure.web.servlet.WebDriverContextCustomizerFactory$Customizer@6973bf95], contextLoader = 'org.springframework.test.context.support.DelegatingSmartContextLoader', parent = [null]], attributes = map[[empty]]]].
20:24:25.118 [main] DEBUG org.springframework.test.context.support.AbstractDelegatingSmartContextLoader - Delegating to GenericXmlContextLoader to load context from [MergedContextConfiguration@28eaa59a testClass = PlayerManagerTest, locations = '{classpath:/beans.xml}', classes = '{}', contextInitializerClasses = '[]', activeProfiles = '{}', propertySourceLocations = '{}', propertySourceProperties = '{}', contextCustomizers = set[org.springframework.boot.test.context.filter.ExcludeFilterContextCustomizer@6b4a4e18, org.springframework.boot.test.json.DuplicateJsonObjectContextCustomizerFactory$DuplicateJsonObjectContextCustomizer@402e37bc, org.springframework.boot.test.mock.mockito.MockitoContextCustomizer@0, org.springframework.boot.test.autoconfigure.properties.PropertyMappingContextCustomizer@0, org.springframework.boot.test.autoconfigure.web.servlet.WebDriverContextCustomizerFactory$Customizer@6973bf95], contextLoader = 'org.springframework.test.context.support.DelegatingSmartContextLoader', parent = [null]].
20:24:25.119 [main] DEBUG org.springframework.test.context.support.AbstractGenericContextLoader - Loading ApplicationContext for merged context configuration [[MergedContextConfiguration@28eaa59a testClass = PlayerManagerTest, locations = '{classpath:/beans.xml}', classes = '{}', contextInitializerClasses = '[]', activeProfiles = '{}', propertySourceLocations = '{}', propertySourceProperties = '{}', contextCustomizers = set[org.springframework.boot.test.context.filter.ExcludeFilterContextCustomizer@6b4a4e18, org.springframework.boot.test.json.DuplicateJsonObjectContextCustomizerFactory$DuplicateJsonObjectContextCustomizer@402e37bc, org.springframework.boot.test.mock.mockito.MockitoContextCustomizer@0, org.springframework.boot.test.autoconfigure.properties.PropertyMappingContextCustomizer@0, org.springframework.boot.test.autoconfigure.web.servlet.WebDriverContextCustomizerFactory$Customizer@6973bf95], contextLoader = 'org.springframework.test.context.support.DelegatingSmartContextLoader', parent = [null]]].
20:24:25.119 [main] DEBUG org.springframework.core.env.StandardEnvironment - Activating profiles []
20:24:25.132 [main] DEBUG org.springframework.context.annotation.ClassPathBeanDefinitionScanner - Identified candidate component class: file [/home/whitewolf/tau/TAU-repozytorium/tau-mmo-jmeter/target/classes/tau/mmo/Application.class]
20:24:25.132 [main] DEBUG org.springframework.context.annotation.ClassPathBeanDefinitionScanner - Identified candidate component class: file [/home/whitewolf/tau/TAU-repozytorium/tau-mmo-jmeter/target/classes/tau/mmo/api/PlayerController.class]
20:24:25.133 [main] DEBUG org.springframework.context.annotation.ClassPathBeanDefinitionScanner - Identified candidate component class: file [/home/whitewolf/tau/TAU-repozytorium/tau-mmo-jmeter/target/classes/tau/mmo/service/PlayerManagerHibernateImpl.class]
20:24:25.134 [main] DEBUG org.springframework.beans.factory.xml.XmlBeanDefinitionReader - Loaded 12 bean definitions from class path resource [beans.xml]
20:24:25.134 [main] DEBUG org.springframework.context.support.GenericApplicationContext - Refreshing org.springframework.context.support.GenericApplicationContext@7462ba4b
20:24:25.135 [main] DEBUG org.springframework.beans.factory.support.DefaultListableBeanFactory - Creating shared instance of singleton bean 'org.springframework.context.annotation.internalConfigurationAnnotationProcessor'
20:24:25.137 [main] DEBUG org.springframework.context.annotation.ClassPathBeanDefinitionScanner - Identified candidate component class: file [/home/whitewolf/tau/TAU-repozytorium/tau-mmo-jmeter/target/classes/tau/mmo/api/PlayerController.class]
20:24:25.138 [main] DEBUG org.springframework.context.annotation.ClassPathBeanDefinitionScanner - Identified candidate component class: file [/home/whitewolf/tau/TAU-repozytorium/tau-mmo-jmeter/target/classes/tau/mmo/service/PlayerManagerHibernateImpl.class]
20:24:25.201 [main] DEBUG org.springframework.context.annotation.ClassPathBeanDefinitionScanner - Identified candidate component class: file [/home/whitewolf/tau/TAU-repozytorium/tau-mmo-jmeter/target/classes/tau/mmo/Application.class]
20:24:25.201 [main] DEBUG org.springframework.context.annotation.ClassPathBeanDefinitionScanner - Identified candidate component class: file [/home/whitewolf/tau/TAU-repozytorium/tau-mmo-jmeter/target/classes/tau/mmo/api/PlayerController.class]
20:24:25.201 [main] DEBUG org.springframework.context.annotation.ClassPathBeanDefinitionScanner - Identified candidate component class: file [/home/whitewolf/tau/TAU-repozytorium/tau-mmo-jmeter/target/classes/tau/mmo/service/PlayerManagerHibernateImpl.class]
20:24:25.202 [main] DEBUG org.springframework.beans.factory.xml.XmlBeanDefinitionReader - Loaded 0 bean definitions from class path resource [beans.xml]
20:24:25.202 [main] DEBUG org.springframework.beans.factory.support.DefaultListableBeanFactory - Creating shared instance of singleton bean 'org.springframework.boot.autoconfigure.condition.BeanTypeRegistry'
20:24:25.207 [main] INFO org.springframework.data.repository.config.RepositoryConfigurationDelegate - Bootstrapping Spring Data repositories in DEFAULT mode.
20:24:25.207 [main] DEBUG org.springframework.beans.factory.support.DefaultListableBeanFactory - Creating shared instance of singleton bean 'org.springframework.boot.autoconfigure.AutoConfigurationPackages'
20:24:25.207 [main] DEBUG org.springframework.boot.autoconfigure.AutoConfigurationPackages - @EnableAutoConfiguration was declared on a class in the package 'tau.mmo'. Automatic @Repository and @Entity scanning is enabled.
20:24:25.207 [main] DEBUG org.springframework.data.repository.config.RepositoryConfigurationDelegate - Scanning for repositories in packages tau.mmo.
20:24:25.208 [main] INFO org.springframework.data.repository.config.RepositoryConfigurationDelegate - Finished Spring Data repository scanning in 1ms. Found 0 repository interfaces.
20:24:25.221 [main] DEBUG org.springframework.beans.factory.support.DefaultListableBeanFactory - Creating shared instance of singleton bean 'propertySourcesPlaceholderConfigurer'
20:24:25.221 [main] DEBUG org.springframework.core.env.PropertySourcesPropertyResolver - Found key 'jdbc.driverClassName' in PropertySource 'class path resource [jdbc.properties]' with value of type String
20:24:25.221 [main] DEBUG org.springframework.core.env.PropertySourcesPropertyResolver - Found key 'jdbc.driverClassName' in PropertySource 'environmentProperties' with value of type String
20:24:25.222 [main] DEBUG org.springframework.core.env.PropertySourcesPropertyResolver - Found key 'jdbc.url' in PropertySource 'class path resource [jdbc.properties]' with value of type String
20:24:25.222 [main] DEBUG org.springframework.core.env.PropertySourcesPropertyResolver - Found key 'jdbc.url' in PropertySource 'environmentProperties' with value of type String
20:24:25.222 [main] DEBUG org.springframework.core.env.PropertySourcesPropertyResolver - Found key 'jdbc.username' in PropertySource 'class path resource [jdbc.properties]' with value of type String
20:24:25.222 [main] DEBUG org.springframework.core.env.PropertySourcesPropertyResolver - Found key 'jdbc.username' in PropertySource 'environmentProperties' with value of type String
20:24:25.222 [main] DEBUG org.springframework.core.env.PropertySourcesPropertyResolver - Found key 'jdbc.password' in PropertySource 'class path resource [jdbc.properties]' with value of type String
20:24:25.222 [main] DEBUG org.springframework.core.env.PropertySourcesPropertyResolver - Found key 'jdbc.password' in PropertySource 'environmentProperties' with value of type String
20:24:25.222 [main] DEBUG org.springframework.beans.factory.support.DefaultListableBeanFactory - Creating shared instance of singleton bean 'org.springframework.boot.test.mock.mockito.MockitoPostProcessor'
20:24:25.222 [main] DEBUG org.springframework.beans.factory.support.DefaultListableBeanFactory - Creating shared instance of singleton bean 'emBeanDefinitionRegistrarPostProcessor'
20:24:25.224 [main] DEBUG org.springframework.beans.factory.support.DefaultListableBeanFactory - Creating shared instance of singleton bean 'org.springframework.context.event.internalEventListenerProcessor'
20:24:25.224 [main] DEBUG org.springframework.beans.factory.support.DefaultListableBeanFactory - Creating shared instance of singleton bean 'org.springframework.boot.context.properties.ConfigurationBeanFactoryMetadata'
20:24:25.224 [main] DEBUG org.springframework.beans.factory.support.DefaultListableBeanFactory - Creating shared instance of singleton bean 'org.springframework.context.event.internalEventListenerFactory'
20:24:25.224 [main] DEBUG org.springframework.beans.factory.support.DefaultListableBeanFactory - Creating shared instance of singleton bean 'org.springframework.transaction.config.internalTransactionalEventListenerFactory'
20:24:25.225 [main] DEBUG org.springframework.beans.factory.support.DefaultListableBeanFactory - Creating shared instance of singleton bean 'org.springframework.context.annotation.internalAutowiredAnnotationProcessor'
20:24:25.225 [main] DEBUG org.springframework.beans.factory.support.DefaultListableBeanFactory - Creating shared instance of singleton bean 'org.springframework.context.annotation.internalCommonAnnotationProcessor'
20:24:25.225 [main] DEBUG org.springframework.beans.factory.support.DefaultListableBeanFactory - Creating shared instance of singleton bean 'org.springframework.context.annotation.internalPersistenceAnnotationProcessor'
20:24:25.225 [main] DEBUG org.springframework.beans.factory.support.DefaultListableBeanFactory - Creating shared instance of singleton bean 'org.springframework.boot.test.mock.mockito.MockitoPostProcessor$SpyPostProcessor'
20:24:25.226 [main] DEBUG org.springframework.beans.factory.support.DefaultListableBeanFactory - Creating shared instance of singleton bean 'org.springframework.boot.context.properties.ConfigurationPropertiesBindingPostProcessor'
20:24:25.226 [main] DEBUG org.springframework.beans.factory.support.DefaultListableBeanFactory - Creating shared instance of singleton bean 'methodValidationPostProcessor'
20:24:25.227 [main] DEBUG org.springframework.beans.factory.support.DefaultListableBeanFactory - Autowiring by type from bean name 'methodValidationPostProcessor' via factory method to bean named 'environment'
20:24:25.228 [main] DEBUG org.springframework.beans.factory.support.DefaultListableBeanFactory - Creating shared instance of singleton bean 'org.springframework.aop.config.internalAutoProxyCreator'
20:24:25.229 [main] DEBUG org.springframework.beans.factory.support.DefaultListableBeanFactory - Creating shared instance of singleton bean 'dataSourceInitializerPostProcessor'
20:24:25.230 [main] DEBUG org.springframework.beans.factory.support.DefaultListableBeanFactory - Creating shared instance of singleton bean 'persistenceExceptionTranslationPostProcessor'
20:24:25.230 [main] DEBUG org.springframework.beans.factory.support.DefaultListableBeanFactory - Autowiring by type from bean name 'persistenceExceptionTranslationPostProcessor' via factory method to bean named 'environment'
20:24:25.231 [main] DEBUG org.springframework.beans.factory.support.DefaultListableBeanFactory - Creating shared instance of singleton bean 'application'
20:24:25.232 [main] DEBUG org.springframework.beans.factory.support.DefaultListableBeanFactory - Creating shared instance of singleton bean 'org.springframework.transaction.config.internalTransactionAdvisor'
20:24:25.232 [main] DEBUG org.springframework.beans.factory.support.DefaultListableBeanFactory - Creating shared instance of singleton bean 'org.springframework.transaction.annotation.ProxyTransactionManagementConfiguration'
20:24:25.234 [main] DEBUG org.springframework.beans.factory.support.DefaultListableBeanFactory - Creating shared instance of singleton bean 'transactionAttributeSource'
20:24:25.235 [main] DEBUG org.springframework.beans.factory.support.DefaultListableBeanFactory - Creating shared instance of singleton bean 'transactionInterceptor'
20:24:25.237 [main] DEBUG org.springframework.beans.factory.support.DefaultListableBeanFactory - Creating shared instance of singleton bean 'playerController'
20:24:25.237 [main] DEBUG org.springframework.beans.factory.support.DefaultListableBeanFactory - Creating shared instance of singleton bean 'playerManagerHibernateImpl'
20:24:25.238 [main] DEBUG org.springframework.beans.factory.support.DefaultListableBeanFactory - Creating shared instance of singleton bean 'hibernateSessionFactory'
20:24:25.239 [main] DEBUG org.springframework.beans.factory.support.DefaultListableBeanFactory - Creating shared instance of singleton bean 'dataSource'
20:24:25.240 [main] DEBUG org.springframework.jdbc.datasource.DriverManagerDataSource - Loaded JDBC driver: org.hsqldb.jdbcDriver
20:24:25.240 [main] DEBUG org.springframework.beans.factory.support.DefaultListableBeanFactory - Creating shared instance of singleton bean 'org.springframework.boot.autoconfigure.jdbc.DataSourceInitializerInvoker'
20:24:25.241 [main] DEBUG org.springframework.beans.factory.support.DefaultListableBeanFactory - Creating shared instance of singleton bean 'spring.datasource-org.springframework.boot.autoconfigure.jdbc.DataSourceProperties'
20:24:25.244 [main] DEBUG org.springframework.beans.factory.support.DefaultListableBeanFactory - Autowiring by type from bean name 'org.springframework.boot.autoconfigure.jdbc.DataSourceInitializerInvoker' via constructor to bean named 'spring.datasource-org.springframework.boot.autoconfigure.jdbc.DataSourceProperties'
20:24:25.244 [main] DEBUG org.springframework.beans.factory.support.DefaultListableBeanFactory - Autowiring by type from bean name 'org.springframework.boot.autoconfigure.jdbc.DataSourceInitializerInvoker' via constructor to bean named 'org.springframework.context.support.GenericApplicationContext@7462ba4b'
20:24:25.246 [main] DEBUG org.hibernate.integrator.internal.IntegratorServiceImpl - Adding Integrator [org.hibernate.cfg.beanvalidation.BeanValidationIntegrator].
20:24:25.247 [main] DEBUG org.hibernate.integrator.internal.IntegratorServiceImpl - Adding Integrator [org.hibernate.secure.spi.JaccIntegrator].
20:24:25.247 [main] DEBUG org.hibernate.integrator.internal.IntegratorServiceImpl - Adding Integrator [org.hibernate.cache.internal.CollectionCacheInvalidator].
20:24:25.248 [main] DEBUG org.hibernate.cfg.Configuration - Building session factory using internal StandardServiceRegistryBuilder
20:24:25.248 [main] DEBUG org.hibernate.service.spi.ServiceBinding - Overriding existing service binding [org.hibernate.secure.spi.JaccService]
20:24:25.248 [main] DEBUG org.hibernate.cfg.Configuration - Building session factory using provided StandardServiceRegistry
20:24:25.248 [main] DEBUG org.hibernate.cache.internal.RegionFactoryInitiator - Cache region factory : org.hibernate.cache.internal.NoCachingRegionFactory
20:24:25.249 [main] DEBUG org.hibernate.type.BasicTypeRegistry - Adding type registration boolean -> org.hibernate.type.BooleanType@41ffaeb8
20:24:25.249 [main] DEBUG org.hibernate.type.BasicTypeRegistry - Adding type registration boolean -> org.hibernate.type.BooleanType@41ffaeb8
20:24:25.249 [main] DEBUG org.hibernate.type.BasicTypeRegistry - Adding type registration java.lang.Boolean -> org.hibernate.type.BooleanType@41ffaeb8
20:24:25.249 [main] DEBUG org.hibernate.type.BasicTypeRegistry - Adding type registration numeric_boolean -> org.hibernate.type.NumericBooleanType@444cc791
20:24:25.249 [main] DEBUG org.hibernate.type.BasicTypeRegistry - Adding type registration true_false -> org.hibernate.type.TrueFalseType@12ffd1de
20:24:25.249 [main] DEBUG org.hibernate.type.BasicTypeRegistry - Adding type registration yes_no -> org.hibernate.type.YesNoType@6c806c8b
20:24:25.249 [main] DEBUG org.hibernate.type.BasicTypeRegistry - Adding type registration byte -> org.hibernate.type.ByteType@23706db8
20:24:25.249 [main] DEBUG org.hibernate.type.BasicTypeRegistry - Adding type registration byte -> org.hibernate.type.ByteType@23706db8
20:24:25.249 [main] DEBUG org.hibernate.type.BasicTypeRegistry - Adding type registration java.lang.Byte -> org.hibernate.type.ByteType@23706db8
20:24:25.249 [main] DEBUG org.hibernate.type.BasicTypeRegistry - Adding type registration character -> org.hibernate.type.CharacterType@7bca6fac
20:24:25.249 [main] DEBUG org.hibernate.type.BasicTypeRegistry - Adding type registration char -> org.hibernate.type.CharacterType@7bca6fac
20:24:25.249 [main] DEBUG org.hibernate.type.BasicTypeRegistry - Adding type registration java.lang.Character -> org.hibernate.type.CharacterType@7bca6fac
20:24:25.249 [main] DEBUG org.hibernate.type.BasicTypeRegistry - Adding type registration short -> org.hibernate.type.ShortType@37303f12
20:24:25.249 [main] DEBUG org.hibernate.type.BasicTypeRegistry - Adding type registration short -> org.hibernate.type.ShortType@37303f12
20:24:25.249 [main] DEBUG org.hibernate.type.BasicTypeRegistry - Adding type registration java.lang.Short -> org.hibernate.type.ShortType@37303f12
20:24:25.249 [main] DEBUG org.hibernate.type.BasicTypeRegistry - Adding type registration integer -> org.hibernate.type.IntegerType@2ab5afc7
20:24:25.249 [main] DEBUG org.hibernate.type.BasicTypeRegistry - Adding type registration int -> org.hibernate.type.IntegerType@2ab5afc7
20:24:25.249 [main] DEBUG org.hibernate.type.BasicTypeRegistry - Adding type registration java.lang.Integer -> org.hibernate.type.IntegerType@2ab5afc7
20:24:25.249 [main] DEBUG org.hibernate.type.BasicTypeRegistry - Adding type registration long -> org.hibernate.type.LongType@3c35c345
20:24:25.249 [main] DEBUG org.hibernate.type.BasicTypeRegistry - Adding type registration long -> org.hibernate.type.LongType@3c35c345
20:24:25.249 [main] DEBUG org.hibernate.type.BasicTypeRegistry - Adding type registration java.lang.Long -> org.hibernate.type.LongType@3c35c345
20:24:25.249 [main] DEBUG org.hibernate.type.BasicTypeRegistry - Adding type registration float -> org.hibernate.type.FloatType@1d0a61c8
20:24:25.249 [main] DEBUG org.hibernate.type.BasicTypeRegistry - Adding type registration float -> org.hibernate.type.FloatType@1d0a61c8
20:24:25.249 [main] DEBUG org.hibernate.type.BasicTypeRegistry - Adding type registration java.lang.Float -> org.hibernate.type.FloatType@1d0a61c8
20:24:25.249 [main] DEBUG org.hibernate.type.BasicTypeRegistry - Adding type registration double -> org.hibernate.type.DoubleType@5524b72f
20:24:25.249 [main] DEBUG org.hibernate.type.BasicTypeRegistry - Adding type registration double -> org.hibernate.type.DoubleType@5524b72f
20:24:25.249 [main] DEBUG org.hibernate.type.BasicTypeRegistry - Adding type registration java.lang.Double -> org.hibernate.type.DoubleType@5524b72f
20:24:25.249 [main] DEBUG org.hibernate.type.BasicTypeRegistry - Adding type registration big_decimal -> org.hibernate.type.BigDecimalType@1846579f
20:24:25.249 [main] DEBUG org.hibernate.type.BasicTypeRegistry - Adding type registration java.math.BigDecimal -> org.hibernate.type.BigDecimalType@1846579f
20:24:25.249 [main] DEBUG org.hibernate.type.BasicTypeRegistry - Adding type registration big_integer -> org.hibernate.type.BigIntegerType@7be7e15
20:24:25.249 [main] DEBUG org.hibernate.type.BasicTypeRegistry - Adding type registration java.math.BigInteger -> org.hibernate.type.BigIntegerType@7be7e15
20:24:25.249 [main] DEBUG org.hibernate.type.BasicTypeRegistry - Adding type registration string -> org.hibernate.type.StringType@2330e3e0
20:24:25.249 [main] DEBUG org.hibernate.type.BasicTypeRegistry - Adding type registration java.lang.String -> org.hibernate.type.StringType@2330e3e0
20:24:25.249 [main] DEBUG org.hibernate.type.BasicTypeRegistry - Adding type registration nstring -> org.hibernate.type.StringNVarcharType@3f9270ed
20:24:25.249 [main] DEBUG org.hibernate.type.BasicTypeRegistry - Adding type registration ncharacter -> org.hibernate.type.CharacterNCharType@53a665ad
20:24:25.249 [main] DEBUG org.hibernate.type.BasicTypeRegistry - Adding type registration url -> org.hibernate.type.UrlType@abff8b7
20:24:25.249 [main] DEBUG org.hibernate.type.BasicTypeRegistry - Adding type registration java.net.URL -> org.hibernate.type.UrlType@abff8b7
20:24:25.249 [main] DEBUG org.hibernate.type.BasicTypeRegistry - Adding type registration date -> org.hibernate.type.DateType@37d871c2
20:24:25.249 [main] DEBUG org.hibernate.type.BasicTypeRegistry - Adding type registration java.sql.Date -> org.hibernate.type.DateType@37d871c2
20:24:25.249 [main] DEBUG org.hibernate.type.BasicTypeRegistry - Adding type registration time -> org.hibernate.type.TimeType@642505c7
20:24:25.249 [main] DEBUG org.hibernate.type.BasicTypeRegistry - Adding type registration java.sql.Time -> org.hibernate.type.TimeType@642505c7
20:24:25.249 [main] DEBUG org.hibernate.type.BasicTypeRegistry - Adding type registration timestamp -> org.hibernate.type.TimestampType@1abfe081
20:24:25.249 [main] DEBUG org.hibernate.type.BasicTypeRegistry - Adding type registration java.sql.Timestamp -> org.hibernate.type.TimestampType@1abfe081
20:24:25.249 [main] DEBUG org.hibernate.type.BasicTypeRegistry - Adding type registration java.util.Date -> org.hibernate.type.TimestampType@1abfe081
20:24:25.249 [main] DEBUG org.hibernate.type.BasicTypeRegistry - Adding type registration dbtimestamp -> org.hibernate.type.DbTimestampType@75a118e6
20:24:25.249 [main] DEBUG org.hibernate.type.BasicTypeRegistry - Adding type registration calendar -> org.hibernate.type.CalendarType@28c86134
20:24:25.249 [main] DEBUG org.hibernate.type.BasicTypeRegistry - Adding type registration java.util.Calendar -> org.hibernate.type.CalendarType@28c86134
20:24:25.249 [main] DEBUG org.hibernate.type.BasicTypeRegistry - Adding type registration java.util.GregorianCalendar -> org.hibernate.type.CalendarType@28c86134
20:24:25.249 [main] DEBUG org.hibernate.type.BasicTypeRegistry - Adding type registration calendar_date -> org.hibernate.type.CalendarDateType@f288c14
20:24:25.249 [main] DEBUG org.hibernate.type.BasicTypeRegistry - Adding type registration locale -> org.hibernate.type.LocaleType@671facee
20:24:25.249 [main] DEBUG org.hibernate.type.BasicTypeRegistry - Adding type registration java.util.Locale -> org.hibernate.type.LocaleType@671facee
20:24:25.249 [main] DEBUG org.hibernate.type.BasicTypeRegistry - Adding type registration currency -> org.hibernate.type.CurrencyType@56f521c6
20:24:25.249 [main] DEBUG org.hibernate.type.BasicTypeRegistry - Adding type registration java.util.Currency -> org.hibernate.type.CurrencyType@56f521c6
20:24:25.249 [main] DEBUG org.hibernate.type.BasicTypeRegistry - Adding type registration timezone -> org.hibernate.type.TimeZoneType@39fa8ad2
20:24:25.249 [main] DEBUG org.hibernate.type.BasicTypeRegistry - Adding type registration java.util.TimeZone -> org.hibernate.type.TimeZoneType@39fa8ad2
20:24:25.249 [main] DEBUG org.hibernate.type.BasicTypeRegistry - Adding type registration class -> org.hibernate.type.ClassType@6c302a1d
20:24:25.249 [main] DEBUG org.hibernate.type.BasicTypeRegistry - Adding type registration java.lang.Class -> org.hibernate.type.ClassType@6c302a1d
20:24:25.249 [main] DEBUG org.hibernate.type.BasicTypeRegistry - Adding type registration uuid-binary -> org.hibernate.type.UUIDBinaryType@58cf8f94
20:24:25.249 [main] DEBUG org.hibernate.type.BasicTypeRegistry - Adding type registration java.util.UUID -> org.hibernate.type.UUIDBinaryType@58cf8f94
20:24:25.249 [main] DEBUG org.hibernate.type.BasicTypeRegistry - Adding type registration uuid-char -> org.hibernate.type.UUIDCharType@34f392be
20:24:25.249 [main] DEBUG org.hibernate.type.BasicTypeRegistry - Adding type registration binary -> org.hibernate.type.BinaryType@58496c97
20:24:25.249 [main] DEBUG org.hibernate.type.BasicTypeRegistry - Adding type registration byte[] -> org.hibernate.type.BinaryType@58496c97
20:24:25.249 [main] DEBUG org.hibernate.type.BasicTypeRegistry - Adding type registration [B -> org.hibernate.type.BinaryType@58496c97
20:24:25.249 [main] DEBUG org.hibernate.type.BasicTypeRegistry - Adding type registration wrapper-binary -> org.hibernate.type.WrapperBinaryType@6ecab872
20:24:25.249 [main] DEBUG org.hibernate.type.BasicTypeRegistry - Adding type registration Byte[] -> org.hibernate.type.WrapperBinaryType@6ecab872
20:24:25.249 [main] DEBUG org.hibernate.type.BasicTypeRegistry - Adding type registration [Ljava.lang.Byte; -> org.hibernate.type.WrapperBinaryType@6ecab872
20:24:25.249 [main] DEBUG org.hibernate.type.BasicTypeRegistry - Adding type registration row_version -> org.hibernate.type.RowVersionType@6d025d1d
20:24:25.249 [main] DEBUG org.hibernate.type.BasicTypeRegistry - Adding type registration image -> org.hibernate.type.ImageType@7479b626
20:24:25.249 [main] DEBUG org.hibernate.type.BasicTypeRegistry - Adding type registration characters -> org.hibernate.type.CharArrayType@17a703f5
20:24:25.250 [main] DEBUG org.hibernate.type.BasicTypeRegistry - Adding type registration char[] -> org.hibernate.type.CharArrayType@17a703f5
20:24:25.250 [main] DEBUG org.hibernate.type.BasicTypeRegistry - Adding type registration [C -> org.hibernate.type.CharArrayType@17a703f5
20:24:25.250 [main] DEBUG org.hibernate.type.BasicTypeRegistry - Adding type registration wrapper-characters -> org.hibernate.type.CharacterArrayType@65f2f9b0
20:24:25.250 [main] DEBUG org.hibernate.type.BasicTypeRegistry - Adding type registration [Ljava.lang.Character; -> org.hibernate.type.CharacterArrayType@65f2f9b0
20:24:25.250 [main] DEBUG org.hibernate.type.BasicTypeRegistry - Adding type registration Character[] -> org.hibernate.type.CharacterArrayType@65f2f9b0
20:24:25.250 [main] DEBUG org.hibernate.type.BasicTypeRegistry - Adding type registration text -> org.hibernate.type.TextType@38fc5554
20:24:25.250 [main] DEBUG org.hibernate.type.BasicTypeRegistry - Adding type registration ntext -> org.hibernate.type.NTextType@4d1f1ff5
20:24:25.250 [main] DEBUG org.hibernate.type.BasicTypeRegistry - Adding type registration blob -> org.hibernate.type.BlobType@d8d9199
20:24:25.250 [main] DEBUG org.hibernate.type.BasicTypeRegistry - Adding type registration java.sql.Blob -> org.hibernate.type.BlobType@d8d9199
20:24:25.250 [main] DEBUG org.hibernate.type.BasicTypeRegistry - Adding type registration materialized_blob -> org.hibernate.type.MaterializedBlobType@71ad3d8a
20:24:25.250 [main] DEBUG org.hibernate.type.BasicTypeRegistry - Adding type registration clob -> org.hibernate.type.ClobType@332820f4
20:24:25.250 [main] DEBUG org.hibernate.type.BasicTypeRegistry - Adding type registration java.sql.Clob -> org.hibernate.type.ClobType@332820f4
20:24:25.250 [main] DEBUG org.hibernate.type.BasicTypeRegistry - Adding type registration nclob -> org.hibernate.type.NClobType@3d5790ea
20:24:25.250 [main] DEBUG org.hibernate.type.BasicTypeRegistry - Adding type registration java.sql.NClob -> org.hibernate.type.NClobType@3d5790ea
20:24:25.250 [main] DEBUG org.hibernate.type.BasicTypeRegistry - Adding type registration materialized_clob -> org.hibernate.type.MaterializedClobType@56913163
20:24:25.250 [main] DEBUG org.hibernate.type.BasicTypeRegistry - Adding type registration materialized_nclob -> org.hibernate.type.MaterializedNClobType@396639b
20:24:25.250 [main] DEBUG org.hibernate.type.BasicTypeRegistry - Adding type registration serializable -> org.hibernate.type.SerializableType@102efc59
20:24:25.250 [main] DEBUG org.hibernate.type.BasicTypeRegistry - Adding type registration object -> org.hibernate.type.ObjectType@6c6366cf
20:24:25.250 [main] DEBUG org.hibernate.type.BasicTypeRegistry - Adding type registration java.lang.Object -> org.hibernate.type.ObjectType@6c6366cf
20:24:25.250 [main] DEBUG org.hibernate.type.BasicTypeRegistry - Adding type registration imm_date -> org.hibernate.type.AdaptedImmutableType@6fe2a366
20:24:25.250 [main] DEBUG org.hibernate.type.BasicTypeRegistry - Adding type registration imm_time -> org.hibernate.type.AdaptedImmutableType@6dd38df2
20:24:25.250 [main] DEBUG org.hibernate.type.BasicTypeRegistry - Adding type registration imm_timestamp -> org.hibernate.type.AdaptedImmutableType@99c3cee
20:24:25.250 [main] DEBUG org.hibernate.type.BasicTypeRegistry - Adding type registration imm_dbtimestamp -> org.hibernate.type.AdaptedImmutableType@57b711b6
20:24:25.250 [main] DEBUG org.hibernate.type.BasicTypeRegistry - Adding type registration imm_calendar -> org.hibernate.type.AdaptedImmutableType@2db461b5
20:24:25.250 [main] DEBUG org.hibernate.type.BasicTypeRegistry - Adding type registration imm_calendar_date -> org.hibernate.type.AdaptedImmutableType@5c79c5ec
20:24:25.250 [main] DEBUG org.hibernate.type.BasicTypeRegistry - Adding type registration imm_binary -> org.hibernate.type.AdaptedImmutableType@34eaf9c1
20:24:25.250 [main] DEBUG org.hibernate.type.BasicTypeRegistry - Adding type registration imm_serializable -> org.hibernate.type.AdaptedImmutableType@5bbf744b
20:24:25.250 [main] DEBUG org.springframework.jdbc.datasource.DriverManagerDataSource - Creating new JDBC DriverManager Connection to [jdbc:hsqldb:hsql://localhost/workdb]
20:24:25.250 [main] WARN org.hibernate.engine.jdbc.env.internal.JdbcEnvironmentInitiator - HHH000342: Could not obtain connection to query metadata : java.net.ConnectException: Połączenie odrzucone (Connection refused)
20:24:25.250 [main] INFO org.hibernate.dialect.Dialect - HHH000400: Using dialect: org.hibernate.dialect.HSQLDialect
20:24:25.251 [main] DEBUG org.hibernate.engine.jdbc.env.spi.IdentifierHelperBuilder - IdentifierCaseStrategy for both quoted and unquoted identifiers was set to the same strategy [MIXED]; that will likely lead to problems in schema update and validation if using quoted identifiers
20:24:25.251 [main] INFO org.hibernate.engine.jdbc.env.internal.LobCreatorBuilderImpl - HHH000422: Disabling contextual LOB creation as connection was null
20:24:25.251 [main] DEBUG org.hibernate.id.factory.internal.DefaultIdentifierGeneratorFactory - Registering IdentifierGenerator strategy [uuid2] -> [org.hibernate.id.UUIDGenerator]
20:24:25.251 [main] DEBUG org.hibernate.id.factory.internal.DefaultIdentifierGeneratorFactory - Registering IdentifierGenerator strategy [guid] -> [org.hibernate.id.GUIDGenerator]
20:24:25.251 [main] DEBUG org.hibernate.id.factory.internal.DefaultIdentifierGeneratorFactory - Registering IdentifierGenerator strategy [uuid] -> [org.hibernate.id.UUIDHexGenerator]
20:24:25.251 [main] DEBUG org.hibernate.id.factory.internal.DefaultIdentifierGeneratorFactory - Registering IdentifierGenerator strategy [uuid.hex] -> [org.hibernate.id.UUIDHexGenerator]
20:24:25.251 [main] DEBUG org.hibernate.id.factory.internal.DefaultIdentifierGeneratorFactory - Registering IdentifierGenerator strategy [assigned] -> [org.hibernate.id.Assigned]
20:24:25.251 [main] DEBUG org.hibernate.id.factory.internal.DefaultIdentifierGeneratorFactory - Registering IdentifierGenerator strategy [identity] -> [org.hibernate.id.IdentityGenerator]
20:24:25.251 [main] DEBUG org.hibernate.id.factory.internal.DefaultIdentifierGeneratorFactory - Registering IdentifierGenerator strategy [select] -> [org.hibernate.id.SelectGenerator]
20:24:25.251 [main] DEBUG org.hibernate.id.factory.internal.DefaultIdentifierGeneratorFactory - Registering IdentifierGenerator strategy [sequence] -> [org.hibernate.id.enhanced.SequenceStyleGenerator]
20:24:25.251 [main] DEBUG org.hibernate.id.factory.internal.DefaultIdentifierGeneratorFactory - Registering IdentifierGenerator strategy [seqhilo] -> [org.hibernate.id.SequenceHiLoGenerator]
20:24:25.251 [main] DEBUG org.hibernate.id.factory.internal.DefaultIdentifierGeneratorFactory - Registering IdentifierGenerator strategy [increment] -> [org.hibernate.id.IncrementGenerator]
20:24:25.251 [main] DEBUG org.hibernate.id.factory.internal.DefaultIdentifierGeneratorFactory - Registering IdentifierGenerator strategy [foreign] -> [org.hibernate.id.ForeignGenerator]
20:24:25.251 [main] DEBUG org.hibernate.id.factory.internal.DefaultIdentifierGeneratorFactory - Registering IdentifierGenerator strategy [sequence-identity] -> [org.hibernate.id.SequenceIdentityGenerator]
20:24:25.251 [main] DEBUG org.hibernate.id.factory.internal.DefaultIdentifierGeneratorFactory - Registering IdentifierGenerator strategy [enhanced-sequence] -> [org.hibernate.id.enhanced.SequenceStyleGenerator]
20:24:25.251 [main] DEBUG org.hibernate.id.factory.internal.DefaultIdentifierGeneratorFactory - Registering IdentifierGenerator strategy [enhanced-table] -> [org.hibernate.id.enhanced.TableGenerator]
20:24:25.251 [main] DEBUG org.hibernate.boot.model.relational.Namespace - Created database namespace [logicalName=Name{catalog=null, schema=null}, physicalName=Name{catalog=null, schema=null}]
20:24:25.251 [main] DEBUG org.hibernate.cfg.AnnotationBinder - Binding entity from annotated class: tau.mmo.domain.Item
20:24:25.251 [main] DEBUG org.hibernate.cfg.annotations.QueryBinder - Binding named query: item.all => Select p from Item p
20:24:25.251 [main] DEBUG org.hibernate.cfg.annotations.QueryBinder - Binding named query: item.allForPlayer => Select p from Item p where player_id = :id
20:24:25.251 [main] DEBUG org.hibernate.cfg.Ejb3Column - Binding column: Ejb3DiscriminatorColumn{logicalColumnName'DTYPE', discriminatorTypeName='string'}
20:24:25.251 [main] DEBUG org.hibernate.cfg.annotations.EntityBinder - Import with entity name Item
20:24:25.251 [main] DEBUG org.hibernate.cfg.annotations.EntityBinder - Bind entity tau.mmo.domain.Item on table item
20:24:25.252 [main] DEBUG org.hibernate.cfg.Ejb3Column - Binding column: Ejb3Column{table=org.hibernate.mapping.Table(item), mappingColumn=id, insertable=true, updatable=true, unique=false}
20:24:25.252 [main] DEBUG org.hibernate.cfg.annotations.PropertyBinder - MetadataSourceProcessor property id with lazy=false
20:24:25.252 [main] DEBUG org.hibernate.cfg.AbstractPropertyHolder - Attempting to locate auto-apply AttributeConverter for property [tau.mmo.domain.Item:id]
20:24:25.252 [main] DEBUG org.hibernate.cfg.annotations.SimpleValueBinder - building SimpleValue for id
20:24:25.252 [main] DEBUG org.hibernate.cfg.annotations.PropertyBinder - Building property id
20:24:25.252 [main] DEBUG org.hibernate.cfg.Ejb3Column - Binding column: Ejb3Column{table=org.hibernate.mapping.Table(item), mappingColumn=itemclass, insertable=true, updatable=true, unique=false}
20:24:25.252 [main] DEBUG org.hibernate.cfg.annotations.PropertyBinder - MetadataSourceProcessor property itemclass with lazy=false
20:24:25.252 [main] DEBUG org.hibernate.cfg.AbstractPropertyHolder - Attempting to locate auto-apply AttributeConverter for property [tau.mmo.domain.Item:itemclass]
20:24:25.252 [main] DEBUG org.hibernate.cfg.annotations.SimpleValueBinder - building SimpleValue for itemclass
20:24:25.252 [main] DEBUG org.hibernate.cfg.annotations.PropertyBinder - Building property itemclass
20:24:25.252 [main] DEBUG org.hibernate.cfg.Ejb3Column - Binding column: Ejb3Column{table=org.hibernate.mapping.Table(item), mappingColumn=levelreq, insertable=true, updatable=true, unique=false}
20:24:25.252 [main] DEBUG org.hibernate.cfg.annotations.PropertyBinder - MetadataSourceProcessor property levelreq with lazy=false
20:24:25.252 [main] DEBUG org.hibernate.cfg.AbstractPropertyHolder - Attempting to locate auto-apply AttributeConverter for property [tau.mmo.domain.Item:levelreq]
20:24:25.252 [main] DEBUG org.hibernate.cfg.annotations.SimpleValueBinder - building SimpleValue for levelreq
20:24:25.252 [main] DEBUG org.hibernate.cfg.annotations.PropertyBinder - Building property levelreq
20:24:25.252 [main] DEBUG org.hibernate.cfg.Ejb3Column - Binding column: Ejb3Column{table=org.hibernate.mapping.Table(item), mappingColumn=name, insertable=true, updatable=true, unique=false}
20:24:25.252 [main] DEBUG org.hibernate.cfg.annotations.PropertyBinder - MetadataSourceProcessor property name with lazy=false
20:24:25.252 [main] DEBUG org.hibernate.cfg.AbstractPropertyHolder - Attempting to locate auto-apply AttributeConverter for property [tau.mmo.domain.Item:name]
20:24:25.252 [main] DEBUG org.hibernate.cfg.annotations.SimpleValueBinder - building SimpleValue for name
20:24:25.252 [main] DEBUG org.hibernate.cfg.annotations.PropertyBinder - Building property name
20:24:25.252 [main] DEBUG org.hibernate.cfg.Ejb3Column - Binding column: Ejb3JoinColumn{logicalColumnName='player_id', referencedColumn='', mappedBy=''}
20:24:25.253 [main] DEBUG org.hibernate.cfg.Ejb3Column - Binding column: Ejb3Column{table=org.hibernate.mapping.Table(item), mappingColumn=player, insertable=true, updatable=true, unique=false}
20:24:25.253 [main] DEBUG org.hibernate.cfg.annotations.PropertyBinder - Building property player
20:24:25.253 [main] DEBUG org.hibernate.cfg.AnnotationBinder - Binding entity from annotated class: tau.mmo.domain.Player
20:24:25.253 [main] DEBUG org.hibernate.cfg.annotations.QueryBinder - Binding named query: player.all => Select p from Player p
20:24:25.253 [main] DEBUG org.hibernate.cfg.annotations.QueryBinder - Binding named query: player.findPlayers => Select c from Player c where c.name like :nameFragment
20:24:25.253 [main] DEBUG org.hibernate.cfg.Ejb3Column - Binding column: Ejb3DiscriminatorColumn{logicalColumnName'DTYPE', discriminatorTypeName='string'}
20:24:25.253 [main] DEBUG org.hibernate.cfg.annotations.EntityBinder - Import with entity name Player
20:24:25.253 [main] DEBUG org.hibernate.cfg.annotations.EntityBinder - Bind entity tau.mmo.domain.Player on table player
20:24:25.253 [main] DEBUG org.hibernate.cfg.Ejb3Column - Binding column: Ejb3Column{table=org.hibernate.mapping.Table(player), mappingColumn=id, insertable=true, updatable=true, unique=false}
20:24:25.253 [main] DEBUG org.hibernate.cfg.annotations.PropertyBinder - MetadataSourceProcessor property id with lazy=false
20:24:25.253 [main] DEBUG org.hibernate.cfg.AbstractPropertyHolder - Attempting to locate auto-apply AttributeConverter for property [tau.mmo.domain.Player:id]
20:24:25.253 [main] DEBUG org.hibernate.cfg.annotations.SimpleValueBinder - building SimpleValue for id
20:24:25.253 [main] DEBUG org.hibernate.cfg.annotations.PropertyBinder - Building property id
20:24:25.253 [main] DEBUG org.hibernate.cfg.Ejb3Column - Binding column: Ejb3Column{table=org.hibernate.mapping.Table(player), mappingColumn=heroclass, insertable=true, updatable=true, unique=false}
20:24:25.253 [main] DEBUG org.hibernate.cfg.annotations.PropertyBinder - MetadataSourceProcessor property heroclass with lazy=false
20:24:25.253 [main] DEBUG org.hibernate.cfg.AbstractPropertyHolder - Attempting to locate auto-apply AttributeConverter for property [tau.mmo.domain.Player:heroclass]
20:24:25.253 [main] DEBUG org.hibernate.cfg.annotations.SimpleValueBinder - building SimpleValue for heroclass
20:24:25.254 [main] DEBUG org.hibernate.cfg.annotations.PropertyBinder - Building property heroclass
20:24:25.254 [main] DEBUG org.hibernate.cfg.Ejb3Column - Binding column: Ejb3JoinColumn{logicalColumnName='null', referencedColumn='null', mappedBy='player'}
20:24:25.254 [main] DEBUG org.hibernate.cfg.Ejb3Column - Binding column: Ejb3Column{table=org.hibernate.mapping.Table(player), mappingColumn=items, insertable=true, updatable=true, unique=false}
20:24:25.254 [main] DEBUG org.hibernate.cfg.Ejb3Column - Binding column: Ejb3Column{table=org.hibernate.mapping.Table(player), mappingColumn=null, insertable=true, updatable=true, unique=false}
20:24:25.254 [main] DEBUG org.hibernate.cfg.Ejb3Column - Binding column: Ejb3Column{table=org.hibernate.mapping.Table(player), mappingColumn=element, insertable=true, updatable=true, unique=false}
20:24:25.254 [main] DEBUG org.hibernate.cfg.Ejb3Column - Binding column: Ejb3Column{table=org.hibernate.mapping.Table(player), mappingColumn=items_KEY, insertable=true, updatable=true, unique=false}
20:24:25.254 [main] DEBUG org.hibernate.cfg.Ejb3Column - Binding column: Ejb3JoinColumn{logicalColumnName='items_KEY', referencedColumn='null', mappedBy='null'}
20:24:25.254 [main] DEBUG org.hibernate.cfg.Ejb3Column - Binding column: Ejb3JoinColumn{logicalColumnName='null', referencedColumn='null', mappedBy='player'}
20:24:25.254 [main] DEBUG org.hibernate.cfg.Ejb3Column - Binding column: Ejb3JoinColumn{logicalColumnName='null', referencedColumn='null', mappedBy='player'}
20:24:25.254 [main] DEBUG org.hibernate.cfg.annotations.CollectionBinder - Collection role: tau.mmo.domain.Player.items
20:24:25.254 [main] DEBUG org.hibernate.cfg.annotations.PropertyBinder - Building property items
20:24:25.254 [main] DEBUG org.hibernate.cfg.Ejb3Column - Binding column: Ejb3Column{table=org.hibernate.mapping.Table(player), mappingColumn=level, insertable=true, updatable=true, unique=false}
20:24:25.254 [main] DEBUG org.hibernate.cfg.annotations.PropertyBinder - MetadataSourceProcessor property level with lazy=false
20:24:25.254 [main] DEBUG org.hibernate.cfg.AbstractPropertyHolder - Attempting to locate auto-apply AttributeConverter for property [tau.mmo.domain.Player:level]
20:24:25.254 [main] DEBUG org.hibernate.cfg.annotations.SimpleValueBinder - building SimpleValue for level
20:24:25.254 [main] DEBUG org.hibernate.cfg.annotations.PropertyBinder - Building property level
20:24:25.254 [main] DEBUG org.hibernate.cfg.Ejb3Column - Binding column: Ejb3Column{table=org.hibernate.mapping.Table(player), mappingColumn=name, insertable=true, updatable=true, unique=false}
20:24:25.254 [main] DEBUG org.hibernate.cfg.annotations.PropertyBinder - MetadataSourceProcessor property name with lazy=false
20:24:25.254 [main] DEBUG org.hibernate.cfg.AbstractPropertyHolder - Attempting to locate auto-apply AttributeConverter for property [tau.mmo.domain.Player:name]
20:24:25.254 [main] DEBUG org.hibernate.cfg.annotations.SimpleValueBinder - building SimpleValue for name
20:24:25.254 [main] DEBUG org.hibernate.cfg.annotations.PropertyBinder - Building property name
20:24:25.254 [main] DEBUG org.hibernate.cfg.annotations.SimpleValueBinder - Starting fillSimpleValue for id
20:24:25.254 [main] DEBUG org.hibernate.cfg.annotations.SimpleValueBinder - Starting fillSimpleValue for itemclass
20:24:25.254 [main] DEBUG org.hibernate.cfg.annotations.SimpleValueBinder - Starting fillSimpleValue for levelreq
20:24:25.254 [main] DEBUG org.hibernate.cfg.annotations.SimpleValueBinder - Starting fillSimpleValue for name
20:24:25.254 [main] DEBUG org.hibernate.cfg.annotations.SimpleValueBinder - Starting fillSimpleValue for id
20:24:25.254 [main] DEBUG org.hibernate.cfg.annotations.SimpleValueBinder - Starting fillSimpleValue for heroclass
20:24:25.254 [main] DEBUG org.hibernate.cfg.annotations.SimpleValueBinder - Starting fillSimpleValue for level
20:24:25.254 [main] DEBUG org.hibernate.cfg.annotations.SimpleValueBinder - Starting fillSimpleValue for name
20:24:25.255 [main] DEBUG org.hibernate.mapping.PrimaryKey - Forcing column [id] to be non-null as it is part of the primary key for table [item]
20:24:25.255 [main] DEBUG org.hibernate.mapping.PrimaryKey - Forcing column [id] to be non-null as it is part of the primary key for table [player]
20:24:25.255 [main] DEBUG org.hibernate.cfg.CollectionSecondPass - Second pass for collection: tau.mmo.domain.Player.items
20:24:25.255 [main] DEBUG org.hibernate.cfg.annotations.CollectionBinder - Binding a OneToMany: tau.mmo.domain.Player.items through a foreign key
20:24:25.255 [main] DEBUG org.hibernate.cfg.annotations.CollectionBinder - Mapping collection: tau.mmo.domain.Player.items -> item
20:24:25.255 [main] DEBUG org.hibernate.cfg.annotations.TableBinder - Retrieving property tau.mmo.domain.Item.player
20:24:25.255 [main] DEBUG org.hibernate.cfg.CollectionSecondPass - Mapped collection key: player_id, one-to-many: tau.mmo.domain.Item
20:24:25.255 [main] DEBUG org.hibernate.boot.internal.InFlightMetadataCollectorImpl - Resolving reference to class: tau.mmo.domain.Player
20:24:25.255 [main] DEBUG org.hibernate.boot.internal.InFlightMetadataCollectorImpl - Resolving reference to class: tau.mmo.domain.Player
20:24:25.255 [main] DEBUG org.hibernate.internal.SessionFactoryImpl - Building session factory
20:24:25.255 [main] DEBUG org.hibernate.cfg.Settings - SessionFactory name : null
20:24:25.256 [main] DEBUG org.hibernate.cfg.Settings - Automatic flush during beforeCompletion(): disabled
20:24:25.256 [main] DEBUG org.hibernate.cfg.Settings - Automatic session close at end of transaction: disabled
20:24:25.256 [main] DEBUG org.hibernate.cfg.Settings - Statistics: disabled
20:24:25.256 [main] DEBUG org.hibernate.cfg.Settings - Deleted entity synthetic identifier rollback: disabled
20:24:25.256 [main] DEBUG org.hibernate.cfg.Settings - Default entity-mode: pojo
20:24:25.256 [main] DEBUG org.hibernate.cfg.Settings - Check Nullability in Core (should be disabled when Bean Validation is on): enabled
20:24:25.256 [main] DEBUG org.hibernate.cfg.Settings - Allow initialization of lazy state outside session : disabled
20:24:25.256 [main] DEBUG org.hibernate.cfg.Settings - Using BatchFetchStyle : LEGACY
20:24:25.256 [main] DEBUG org.hibernate.cfg.Settings - Default batch fetch size: -1
20:24:25.256 [main] DEBUG org.hibernate.cfg.Settings - Maximum outer join fetch depth: null
20:24:25.256 [main] DEBUG org.hibernate.cfg.Settings - Default null ordering: NONE
20:24:25.256 [main] DEBUG org.hibernate.cfg.Settings - Order SQL updates by primary key: disabled
20:24:25.256 [main] DEBUG org.hibernate.cfg.Settings - Order SQL inserts for batching: disabled
20:24:25.256 [main] DEBUG org.hibernate.cfg.Settings - multi-tenancy strategy : NONE
20:24:25.256 [main] DEBUG org.hibernate.cfg.Settings - JTA Track by Thread: enabled
20:24:25.256 [main] DEBUG org.hibernate.cfg.Settings - Query language substitutions: {}
20:24:25.256 [main] DEBUG org.hibernate.cfg.Settings - JPA query language strict compliance: disabled
20:24:25.256 [main] DEBUG org.hibernate.cfg.Settings - Named query checking : enabled
20:24:25.256 [main] DEBUG org.hibernate.cfg.Settings - Second-level cache: enabled
20:24:25.256 [main] DEBUG org.hibernate.cfg.Settings - Second-level query cache: disabled
20:24:25.256 [main] DEBUG org.hibernate.cfg.Settings - Second-level query cache factory: org.hibernate.cache.internal.StandardQueryCacheFactory@767599a7
20:24:25.256 [main] DEBUG org.hibernate.cfg.Settings - Second-level cache region prefix: null
20:24:25.256 [main] DEBUG org.hibernate.cfg.Settings - Optimize second-level cache for minimal puts: disabled
20:24:25.256 [main] DEBUG org.hibernate.cfg.Settings - Structured second-level cache entries: disabled
20:24:25.256 [main] DEBUG org.hibernate.cfg.Settings - Second-level cache direct-reference entries: disabled
20:24:25.256 [main] DEBUG org.hibernate.cfg.Settings - Automatic eviction of collection cache: disabled
20:24:25.256 [main] DEBUG org.hibernate.cfg.Settings - JDBC batch size: 0
20:24:25.256 [main] DEBUG org.hibernate.cfg.Settings - JDBC batch updates for versioned data: enabled
20:24:25.256 [main] DEBUG org.hibernate.cfg.Settings - Scrollable result sets: disabled
20:24:25.256 [main] DEBUG org.hibernate.cfg.Settings - Wrap result sets: disabled
20:24:25.256 [main] DEBUG org.hibernate.cfg.Settings - JDBC3 getGeneratedKeys(): disabled
20:24:25.256 [main] DEBUG org.hibernate.cfg.Settings - JDBC result set fetch size: null
20:24:25.256 [main] DEBUG org.hibernate.cfg.Settings - Connection release mode: ON_CLOSE
20:24:25.256 [main] DEBUG org.hibernate.cfg.Settings - Generate SQL with comments: disabled
20:24:25.256 [main] DEBUG org.hibernate.internal.SessionFactoryImpl - Session factory constructed with filter configurations : {}
20:24:25.256 [main] DEBUG org.hibernate.internal.SessionFactoryImpl - Instantiating session factory with properties: {awt.toolkit=sun.awt.X11.XToolkit, java.specification.version=11, sun.cpu.isalist=, sun.jnu.encoding=UTF-8, hibernate.connection.release_mode=ON_CLOSE, sun.arch.data.model=64, java.vendor.url=http://java.oracle.com/, sun.boot.library.path=/usr/lib/jvm/java-11-openjdk-amd64/lib, sun.java.command=/home/whitewolf/tau/TAU-repozytorium/tau-mmo-jmeter/target/surefire/surefirebooter3743684750447416578.jar /home/whitewolf/tau/TAU-repozytorium/tau-mmo-jmeter/target/surefire 2019-05-27T20-24-21_781-jvmRun1 surefire6552960694995493992tmp surefire_06547653810239904951tmp, jdk.debug=release, java.specification.vendor=Oracle Corporation, java.version.date=2019-04-16, java.home=/usr/lib/jvm/java-11-openjdk-amd64, file.separator=/, basedir=/home/whitewolf/tau/TAU-repozytorium/tau-mmo-jmeter, java.vm.compressedOopsMode=Zero based, line.separator=
, java.specification.name=Java Platform API Specification, java.vm.specification.vendor=Oracle Corporation, hibernate.hbm2ddl.auto=update, sun.management.compiler=HotSpot 64-Bit Tiered Compilers, java.runtime.version=11.0.3+7-Ubuntu-1ubuntu218.04.1, user.name=whitewolf, file.encoding=UTF-8, hibernate.classLoaders=[jdk.internal.loader.ClassLoaders$AppClassLoader@1affbebc], hibernate.current_session_context_class=org.springframework.orm.hibernate5.SpringSessionContext, localRepository=/home/whitewolf/.m2/repository, java.io.tmpdir=/tmp, java.version=11.0.3, java.vm.specification.name=Java Virtual Machine Specification, java.awt.printerjob=sun.print.PSPrinterJob, sun.os.patch.level=unknown, java.library.path=/usr/java/packages/lib:/usr/lib/x86_64-linux-gnu/jni:/lib/x86_64-linux-gnu:/usr/lib/x86_64-linux-gnu:/usr/lib/jni:/lib:/usr/lib, java.vendor=Oracle Corporation, sun.io.unicode.encoding=UnicodeLittle, sun.desktop=gnome, hibernate.dialect=org.hibernate.dialect.HSQLDialect, java.class.path=/home/whitewolf/tau/TAU-repozytorium/tau-mmo-jmeter/target/test-classes:/home/whitewolf/tau/TAU-repozytorium/tau-mmo-jmeter/target/classes:/home/whitewolf/.m2/repository/org/springframework/boot/spring-boot-starter-web/2.1.4.RELEASE/spring-boot-starter-web-2.1.4.RELEASE.jar:/home/whitewolf/.m2/repository/org/springframework/boot/spring-boot-starter/2.1.4.RELEASE/spring-boot-starter-2.1.4.RELEASE.jar:/home/whitewolf/.m2/repository/org/springframework/boot/spring-boot/2.1.4.RELEASE/spring-boot-2.1.4.RELEASE.jar:/home/whitewolf/.m2/repository/org/springframework/boot/spring-boot-autoconfigure/2.1.4.RELEASE/spring-boot-autoconfigure-2.1.4.RELEASE.jar:/home/whitewolf/.m2/repository/org/springframework/boot/spring-boot-starter-logging/2.1.4.RELEASE/spring-boot-starter-logging-2.1.4.RELEASE.jar:/home/whitewolf/.m2/repository/ch/qos/logback/logback-classic/1.2.3/logback-classic-1.2.3.jar:/home/whitewolf/.m2/repository/ch/qos/logback/logback-core/1.2.3/logback-core-1.2.3.jar:/home/whitewolf/.m2/repository/org/apache/logging/log4j/log4j-to-slf4j/2.11.2/log4j-to-slf4j-2.11.2.jar:/home/whitewolf/.m2/repository/org/apache/logging/log4j/log4j-api/2.11.2/log4j-api-2.11.2.jar:/home/whitewolf/.m2/repository/org/slf4j/jul-to-slf4j/1.7.26/jul-to-slf4j-1.7.26.jar:/home/whitewolf/.m2/repository/org/yaml/snakeyaml/1.23/snakeyaml-1.23.jar:/home/whitewolf/.m2/repository/org/springframework/boot/spring-boot-starter-json/2.1.4.RELEASE/spring-boot-starter-json-2.1.4.RELEASE.jar:/home/whitewolf/.m2/repository/com/fasterxml/jackson/core/jackson-databind/2.9.8/jackson-databind-2.9.8.jar:/home/whitewolf/.m2/repository/com/fasterxml/jackson/core/jackson-annotations/2.9.0/jackson-annotations-2.9.0.jar:/home/whitewolf/.m2/repository/com/fasterxml/jackson/core/jackson-core/2.9.8/jackson-core-2.9.8.jar:/home/whitewolf/.m2/repository/com/fasterxml/jackson/datatype/jackson-datatype-jdk8/2.9.8/jackson-datatype-jdk8-2.9.8.jar:/home/whitewolf/.m2/repository/com/fasterxml/jackson/datatype/jackson-datatype-jsr310/2.9.8/jackson-datatype-jsr310-2.9.8.jar:/home/whitewolf/.m2/repository/com/fasterxml/jackson/module/jackson-module-parameter-names/2.9.8/jackson-module-parameter-names-2.9.8.jar:/home/whitewolf/.m2/repository/org/hibernate/validator/hibernate-validator/6.0.16.Final/hibernate-validator-6.0.16.Final.jar:/home/whitewolf/.m2/repository/javax/validation/validation-api/2.0.1.Final/validation-api-2.0.1.Final.jar:/home/whitewolf/.m2/repository/org/springframework/spring-web/5.1.6.RELEASE/spring-web-5.1.6.RELEASE.jar:/home/whitewolf/.m2/repository/org/springframework/spring-webmvc/5.1.6.RELEASE/spring-webmvc-5.1.6.RELEASE.jar:/home/whitewolf/.m2/repository/org/springframework/spring-aop/5.1.6.RELEASE/spring-aop-5.1.6.RELEASE.jar:/home/whitewolf/.m2/repository/org/springframework/spring-context/5.1.6.RELEASE/spring-context-5.1.6.RELEASE.jar:/home/whitewolf/.m2/repository/org/springframework/spring-expression/5.1.6.RELEASE/spring-expression-5.1.6.RELEASE.jar:/home/whitewolf/.m2/repository/org/springframework/boot/spring-boot-starter-test/2.1.4.RELEASE/spring-boot-starter-test-2.1.4.RELEASE.jar:/home/whitewolf/.m2/repository/org/springframework/boot/spring-boot-test/2.1.4.RELEASE/spring-boot-test-2.1.4.RELEASE.jar:/home/whitewolf/.m2/repository/org/springframework/boot/spring-boot-test-autoconfigure/2.1.4.RELEASE/spring-boot-test-autoconfigure-2.1.4.RELEASE.jar:/home/whitewolf/.m2/repository/junit/junit/4.12/junit-4.12.jar:/home/whitewolf/.m2/repository/org/assertj/assertj-core/3.11.1/assertj-core-3.11.1.jar:/home/whitewolf/.m2/repository/org/mockito/mockito-core/2.23.4/mockito-core-2.23.4.jar:/home/whitewolf/.m2/repository/net/bytebuddy/byte-buddy/1.9.12/byte-buddy-1.9.12.jar:/home/whitewolf/.m2/repository/net/bytebuddy/byte-buddy-agent/1.9.12/byte-buddy-agent-1.9.12.jar:/home/whitewolf/.m2/repository/org/objenesis/objenesis/2.6/objenesis-2.6.jar:/home/whitewolf/.m2/repository/org/hamcrest/hamcrest-core/1.3/hamcrest-core-1.3.jar:/home/whitewolf/.m2/repository/org/hamcrest/hamcrest-library/1.3/hamcrest-library-1.3.jar:/home/whitewolf/.m2/repository/org/skyscreamer/jsonassert/1.5.0/jsonassert-1.5.0.jar:/home/whitewolf/.m2/repository/com/vaadin/external/google/android-json/0.0.20131108.vaadin1/android-json-0.0.20131108.vaadin1.jar:/home/whitewolf/.m2/repository/org/springframework/spring-core/5.1.6.RELEASE/spring-core-5.1.6.RELEASE.jar:/home/whitewolf/.m2/repository/org/springframework/spring-jcl/5.1.6.RELEASE/spring-jcl-5.1.6.RELEASE.jar:/home/whitewolf/.m2/repository/org/springframework/spring-test/5.1.6.RELEASE/spring-test-5.1.6.RELEASE.jar:/home/whitewolf/.m2/repository/org/xmlunit/xmlunit-core/2.6.2/xmlunit-core-2.6.2.jar:/home/whitewolf/.m2/repository/org/springframework/boot/spring-boot-starter-tomcat/2.1.4.RELEASE/spring-boot-starter-tomcat-2.1.4.RELEASE.jar:/home/whitewolf/.m2/repository/javax/annotation/javax.annotation-api/1.3.2/javax.annotation-api-1.3.2.jar:/home/whitewolf/.m2/repository/org/apache/tomcat/embed/tomcat-embed-core/9.0.17/tomcat-embed-core-9.0.17.jar:/home/whitewolf/.m2/repository/org/apache/tomcat/embed/tomcat-embed-el/9.0.17/tomcat-embed-el-9.0.17.jar:/home/whitewolf/.m2/repository/org/apache/tomcat/embed/tomcat-embed-websocket/9.0.17/tomcat-embed-websocket-9.0.17.jar:/home/whitewolf/.m2/repository/org/springframework/boot/spring-boot-starter-data-jpa/2.1.4.RELEASE/spring-boot-starter-data-jpa-2.1.4.RELEASE.jar:/home/whitewolf/.m2/repository/org/springframework/boot/spring-boot-starter-aop/2.1.4.RELEASE/spring-boot-starter-aop-2.1.4.RELEASE.jar:/home/whitewolf/.m2/repository/org/aspectj/aspectjweaver/1.9.2/aspectjweaver-1.9.2.jar:/home/whitewolf/.m2/repository/org/springframework/boot/spring-boot-starter-jdbc/2.1.4.RELEASE/spring-boot-starter-jdbc-2.1.4.RELEASE.jar:/home/whitewolf/.m2/repository/com/zaxxer/HikariCP/3.2.0/HikariCP-3.2.0.jar:/home/whitewolf/.m2/repository/org/springframework/spring-jdbc/5.1.6.RELEASE/spring-jdbc-5.1.6.RELEASE.jar:/home/whitewolf/.m2/repository/javax/transaction/javax.transaction-api/1.3/javax.transaction-api-1.3.jar:/home/whitewolf/.m2/repository/javax/xml/bind/jaxb-api/2.3.1/jaxb-api-2.3.1.jar:/home/whitewolf/.m2/repository/javax/activation/javax.activation-api/1.2.0/javax.activation-api-1.2.0.jar:/home/whitewolf/.m2/repository/org/springframework/data/spring-data-jpa/2.1.6.RELEASE/spring-data-jpa-2.1.6.RELEASE.jar:/home/whitewolf/.m2/repository/org/springframework/data/spring-data-commons/2.1.6.RELEASE/spring-data-commons-2.1.6.RELEASE.jar:/home/whitewolf/.m2/repository/org/springframework/spring-orm/5.1.6.RELEASE/spring-orm-5.1.6.RELEASE.jar:/home/whitewolf/.m2/repository/org/springframework/spring-aspects/5.1.6.RELEASE/spring-aspects-5.1.6.RELEASE.jar:/home/whitewolf/.m2/repository/org/springframework/spring-tx/5.1.6.RELEASE/spring-tx-5.1.6.RELEASE.jar:/home/whitewolf/.m2/repository/org/springframework/spring-beans/5.1.6.RELEASE/spring-beans-5.1.6.RELEASE.jar:/home/whitewolf/.m2/repository/com/jayway/jsonpath/json-path/2.4.0/json-path-2.4.0.jar:/home/whitewolf/.m2/repository/net/minidev/json-smart/2.3/json-smart-2.3.jar:/home/whitewolf/.m2/repository/net/minidev/accessors-smart/1.2/accessors-smart-1.2.jar:/home/whitewolf/.m2/repository/org/ow2/asm/asm/5.0.4/asm-5.0.4.jar:/home/whitewolf/.m2/repository/org/slf4j/slf4j-api/1.7.26/slf4j-api-1.7.26.jar:/home/whitewolf/.m2/repository/org/hibernate/hibernate-core/5.1.6.Final/hibernate-core-5.1.6.Final.jar:/home/whitewolf/.m2/repository/org/jboss/logging/jboss-logging/3.3.2.Final/jboss-logging-3.3.2.Final.jar:/home/whitewolf/.m2/repository/org/hibernate/javax/persistence/hibernate-jpa-2.1-api/1.0.0.Final/hibernate-jpa-2.1-api-1.0.0.Final.jar:/home/whitewolf/.m2/repository/org/javassist/javassist/3.20.0-GA/javassist-3.20.0-GA.jar:/home/whitewolf/.m2/repository/antlr/antlr/2.7.7/antlr-2.7.7.jar:/home/whitewolf/.m2/repository/org/apache/geronimo/specs/geronimo-jta_1.1_spec/1.1.1/geronimo-jta_1.1_spec-1.1.1.jar:/home/whitewolf/.m2/repository/org/jboss/jandex/2.0.3.Final/jandex-2.0.3.Final.jar:/home/whitewolf/.m2/repository/com/fasterxml/classmate/1.4.0/classmate-1.4.0.jar:/home/whitewolf/.m2/repository/dom4j/dom4j/1.6.1/dom4j-1.6.1.jar:/home/whitewolf/.m2/repository/org/hibernate/common/hibernate-commons-annotations/5.0.1.Final/hibernate-commons-annotations-5.0.1.Final.jar:/home/whitewolf/.m2/repository/org/hsqldb/hsqldb/2.3.4/hsqldb-2.3.4.jar:, java.vm.vendor=Oracle Corporation, user.timezone=Europe/Warsaw, os.name=Linux, java.vm.specification.version=11, sun.java.launcher=SUN_STANDARD, user.country=PL, surefire.test.class.path=/home/whitewolf/tau/TAU-repozytorium/tau-mmo-jmeter/target/test-classes:/home/whitewolf/tau/TAU-repozytorium/tau-mmo-jmeter/target/classes:/home/whitewolf/.m2/repository/org/springframework/boot/spring-boot-starter-web/2.1.4.RELEASE/spring-boot-starter-web-2.1.4.RELEASE.jar:/home/whitewolf/.m2/repository/org/springframework/boot/spring-boot-starter/2.1.4.RELEASE/spring-boot-starter-2.1.4.RELEASE.jar:/home/whitewolf/.m2/repository/org/springframework/boot/spring-boot/2.1.4.RELEASE/spring-boot-2.1.4.RELEASE.jar:/home/whitewolf/.m2/repository/org/springframework/boot/spring-boot-autoconfigure/2.1.4.RELEASE/spring-boot-autoconfigure-2.1.4.RELEASE.jar:/home/whitewolf/.m2/repository/org/springframework/boot/spring-boot-starter-logging/2.1.4.RELEASE/spring-boot-starter-logging-2.1.4.RELEASE.jar:/home/whitewolf/.m2/repository/ch/qos/logback/logback-classic/1.2.3/logback-classic-1.2.3.jar:/home/whitewolf/.m2/repository/ch/qos/logback/logback-core/1.2.3/logback-core-1.2.3.jar:/home/whitewolf/.m2/repository/org/apache/logging/log4j/log4j-to-slf4j/2.11.2/log4j-to-slf4j-2.11.2.jar:/home/whitewolf/.m2/repository/org/apache/logging/log4j/log4j-api/2.11.2/log4j-api-2.11.2.jar:/home/whitewolf/.m2/repository/org/slf4j/jul-to-slf4j/1.7.26/jul-to-slf4j-1.7.26.jar:/home/whitewolf/.m2/repository/org/yaml/snakeyaml/1.23/snakeyaml-1.23.jar:/home/whitewolf/.m2/repository/org/springframework/boot/spring-boot-starter-json/2.1.4.RELEASE/spring-boot-starter-json-2.1.4.RELEASE.jar:/home/whitewolf/.m2/repository/com/fasterxml/jackson/core/jackson-databind/2.9.8/jackson-databind-2.9.8.jar:/home/whitewolf/.m2/repository/com/fasterxml/jackson/core/jackson-annotations/2.9.0/jackson-annotations-2.9.0.jar:/home/whitewolf/.m2/repository/com/fasterxml/jackson/core/jackson-core/2.9.8/jackson-core-2.9.8.jar:/home/whitewolf/.m2/repository/com/fasterxml/jackson/datatype/jackson-datatype-jdk8/2.9.8/jackson-datatype-jdk8-2.9.8.jar:/home/whitewolf/.m2/repository/com/fasterxml/jackson/datatype/jackson-datatype-jsr310/2.9.8/jackson-datatype-jsr310-2.9.8.jar:/home/whitewolf/.m2/repository/com/fasterxml/jackson/module/jackson-module-parameter-names/2.9.8/jackson-module-parameter-names-2.9.8.jar:/home/whitewolf/.m2/repository/org/hibernate/validator/hibernate-validator/6.0.16.Final/hibernate-validator-6.0.16.Final.jar:/home/whitewolf/.m2/repository/javax/validation/validation-api/2.0.1.Final/validation-api-2.0.1.Final.jar:/home/whitewolf/.m2/repository/org/springframework/spring-web/5.1.6.RELEASE/spring-web-5.1.6.RELEASE.jar:/home/whitewolf/.m2/repository/org/springframework/spring-webmvc/5.1.6.RELEASE/spring-webmvc-5.1.6.RELEASE.jar:/home/whitewolf/.m2/repository/org/springframework/spring-aop/5.1.6.RELEASE/spring-aop-5.1.6.RELEASE.jar:/home/whitewolf/.m2/repository/org/springframework/spring-context/5.1.6.RELEASE/spring-context-5.1.6.RELEASE.jar:/home/whitewolf/.m2/repository/org/springframework/spring-expression/5.1.6.RELEASE/spring-expression-5.1.6.RELEASE.jar:/home/whitewolf/.m2/repository/org/springframework/boot/spring-boot-starter-test/2.1.4.RELEASE/spring-boot-starter-test-2.1.4.RELEASE.jar:/home/whitewolf/.m2/repository/org/springframework/boot/spring-boot-test/2.1.4.RELEASE/spring-boot-test-2.1.4.RELEASE.jar:/home/whitewolf/.m2/repository/org/springframework/boot/spring-boot-test-autoconfigure/2.1.4.RELEASE/spring-boot-test-autoconfigure-2.1.4.RELEASE.jar:/home/whitewolf/.m2/repository/junit/junit/4.12/junit-4.12.jar:/home/whitewolf/.m2/repository/org/assertj/assertj-core/3.11.1/assertj-core-3.11.1.jar:/home/whitewolf/.m2/repository/org/mockito/mockito-core/2.23.4/mockito-core-2.23.4.jar:/home/whitewolf/.m2/repository/net/bytebuddy/byte-buddy/1.9.12/byte-buddy-1.9.12.jar:/home/whitewolf/.m2/repository/net/bytebuddy/byte-buddy-agent/1.9.12/byte-buddy-agent-1.9.12.jar:/home/whitewolf/.m2/repository/org/objenesis/objenesis/2.6/objenesis-2.6.jar:/home/whitewolf/.m2/repository/org/hamcrest/hamcrest-core/1.3/hamcrest-core-1.3.jar:/home/whitewolf/.m2/repository/org/hamcrest/hamcrest-library/1.3/hamcrest-library-1.3.jar:/home/whitewolf/.m2/repository/org/skyscreamer/jsonassert/1.5.0/jsonassert-1.5.0.jar:/home/whitewolf/.m2/repository/com/vaadin/external/google/android-json/0.0.20131108.vaadin1/android-json-0.0.20131108.vaadin1.jar:/home/whitewolf/.m2/repository/org/springframework/spring-core/5.1.6.RELEASE/spring-core-5.1.6.RELEASE.jar:/home/whitewolf/.m2/repository/org/springframework/spring-jcl/5.1.6.RELEASE/spring-jcl-5.1.6.RELEASE.jar:/home/whitewolf/.m2/repository/org/springframework/spring-test/5.1.6.RELEASE/spring-test-5.1.6.RELEASE.jar:/home/whitewolf/.m2/repository/org/xmlunit/xmlunit-core/2.6.2/xmlunit-core-2.6.2.jar:/home/whitewolf/.m2/repository/org/springframework/boot/spring-boot-starter-tomcat/2.1.4.RELEASE/spring-boot-starter-tomcat-2.1.4.RELEASE.jar:/home/whitewolf/.m2/repository/javax/annotation/javax.annotation-api/1.3.2/javax.annotation-api-1.3.2.jar:/home/whitewolf/.m2/repository/org/apache/tomcat/embed/tomcat-embed-core/9.0.17/tomcat-embed-core-9.0.17.jar:/home/whitewolf/.m2/repository/org/apache/tomcat/embed/tomcat-embed-el/9.0.17/tomcat-embed-el-9.0.17.jar:/home/whitewolf/.m2/repository/org/apache/tomcat/embed/tomcat-embed-websocket/9.0.17/tomcat-embed-websocket-9.0.17.jar:/home/whitewolf/.m2/repository/org/springframework/boot/spring-boot-starter-data-jpa/2.1.4.RELEASE/spring-boot-starter-data-jpa-2.1.4.RELEASE.jar:/home/whitewolf/.m2/repository/org/springframework/boot/spring-boot-starter-aop/2.1.4.RELEASE/spring-boot-starter-aop-2.1.4.RELEASE.jar:/home/whitewolf/.m2/repository/org/aspectj/aspectjweaver/1.9.2/aspectjweaver-1.9.2.jar:/home/whitewolf/.m2/repository/org/springframework/boot/spring-boot-starter-jdbc/2.1.4.RELEASE/spring-boot-starter-jdbc-2.1.4.RELEASE.jar:/home/whitewolf/.m2/repository/com/zaxxer/HikariCP/3.2.0/HikariCP-3.2.0.jar:/home/whitewolf/.m2/repository/org/springframework/spring-jdbc/5.1.6.RELEASE/spring-jdbc-5.1.6.RELEASE.jar:/home/whitewolf/.m2/repository/javax/transaction/javax.transaction-api/1.3/javax.transaction-api-1.3.jar:/home/whitewolf/.m2/repository/javax/xml/bind/jaxb-api/2.3.1/jaxb-api-2.3.1.jar:/home/whitewolf/.m2/repository/javax/activation/javax.activation-api/1.2.0/javax.activation-api-1.2.0.jar:/home/whitewolf/.m2/repository/org/springframework/data/spring-data-jpa/2.1.6.RELEASE/spring-data-jpa-2.1.6.RELEASE.jar:/home/whitewolf/.m2/repository/org/springframework/data/spring-data-commons/2.1.6.RELEASE/spring-data-commons-2.1.6.RELEASE.jar:/home/whitewolf/.m2/repository/org/springframework/spring-orm/5.1.6.RELEASE/spring-orm-5.1.6.RELEASE.jar:/home/whitewolf/.m2/repository/org/springframework/spring-aspects/5.1.6.RELEASE/spring-aspects-5.1.6.RELEASE.jar:/home/whitewolf/.m2/repository/org/springframework/spring-tx/5.1.6.RELEASE/spring-tx-5.1.6.RELEASE.jar:/home/whitewolf/.m2/repository/org/springframework/spring-beans/5.1.6.RELEASE/spring-beans-5.1.6.RELEASE.jar:/home/whitewolf/.m2/repository/com/jayway/jsonpath/json-path/2.4.0/json-path-2.4.0.jar:/home/whitewolf/.m2/repository/net/minidev/json-smart/2.3/json-smart-2.3.jar:/home/whitewolf/.m2/repository/net/minidev/accessors-smart/1.2/accessors-smart-1.2.jar:/home/whitewolf/.m2/repository/org/ow2/asm/asm/5.0.4/asm-5.0.4.jar:/home/whitewolf/.m2/repository/org/slf4j/slf4j-api/1.7.26/slf4j-api-1.7.26.jar:/home/whitewolf/.m2/repository/org/hibernate/hibernate-core/5.1.6.Final/hibernate-core-5.1.6.Final.jar:/home/whitewolf/.m2/repository/org/jboss/logging/jboss-logging/3.3.2.Final/jboss-logging-3.3.2.Final.jar:/home/whitewolf/.m2/repository/org/hibernate/javax/persistence/hibernate-jpa-2.1-api/1.0.0.Final/hibernate-jpa-2.1-api-1.0.0.Final.jar:/home/whitewolf/.m2/repository/org/javassist/javassist/3.20.0-GA/javassist-3.20.0-GA.jar:/home/whitewolf/.m2/repository/antlr/antlr/2.7.7/antlr-2.7.7.jar:/home/whitewolf/.m2/repository/org/apache/geronimo/specs/geronimo-jta_1.1_spec/1.1.1/geronimo-jta_1.1_spec-1.1.1.jar:/home/whitewolf/.m2/repository/org/jboss/jandex/2.0.3.Final/jandex-2.0.3.Final.jar:/home/whitewolf/.m2/repository/com/fasterxml/classmate/1.4.0/classmate-1.4.0.jar:/home/whitewolf/.m2/repository/dom4j/dom4j/1.6.1/dom4j-1.6.1.jar:/home/whitewolf/.m2/repository/org/hibernate/common/hibernate-commons-annotations/5.0.1.Final/hibernate-commons-annotations-5.0.1.Final.jar:/home/whitewolf/.m2/repository/org/hsqldb/hsqldb/2.3.4/hsqldb-2.3.4.jar:, sun.cpu.endian=little, user.home=/home/whitewolf, user.language=pl, java.awt.graphicsenv=sun.awt.X11GraphicsEnvironment, surefire.real.class.path=/home/whitewolf/tau/TAU-repozytorium/tau-mmo-jmeter/target/surefire/surefirebooter3743684750447416578.jar, path.separator=:, os.version=4.15.0-47-generic, java.runtime.name=OpenJDK Runtime Environment, java.vm.name=OpenJDK 64-Bit Server VM, hibernate.show_sql=true, java.vendor.url.bug=http://bugreport.java.com/bugreport/, user.dir=/home/whitewolf/tau/TAU-repozytorium/tau-mmo-jmeter, os.arch=amd64, hibernate.boot.CfgXmlAccessService.key=org.hibernate.boot.cfgxml.spi.LoadedConfig@6f52a229, java.vm.info=mixed mode, sharing, java.vm.version=11.0.3+7-Ubuntu-1ubuntu218.04.1, hibernate.bytecode.use_reflection_optimizer=false, hibernate.connection.datasource=org.springframework.jdbc.datasource.DriverManagerDataSource@2fdf7da2, java.class.version=55.0}
20:24:25.257 [main] DEBUG org.hibernate.validator.internal.engine.resolver.TraversableResolvers - Found javax.persistence.Persistence on classpath containing 'getPersistenceUtil'. Assuming JPA 2 environment. Trying to instantiate JPA aware TraversableResolver
20:24:25.257 [main] DEBUG org.hibernate.validator.internal.engine.resolver.TraversableResolvers - Instantiated JPA aware TraversableResolver of type org.hibernate.validator.internal.engine.resolver.JPATraversableResolver.
20:24:25.257 [main] DEBUG org.hibernate.validator.internal.xml.config.ValidationXmlParser - Trying to load META-INF/validation.xml for XML based Validator configuration.
20:24:25.257 [main] DEBUG org.hibernate.validator.internal.xml.config.ResourceLoaderHelper - Trying to load META-INF/validation.xml via TCCL
20:24:25.257 [main] DEBUG org.hibernate.validator.internal.xml.config.ResourceLoaderHelper - Trying to load META-INF/validation.xml via Hibernate Validator's class loader
20:24:25.257 [main] DEBUG org.hibernate.validator.internal.xml.config.ValidationXmlParser - No META-INF/validation.xml found. Using annotation based configuration only.
20:24:25.259 [main] DEBUG org.hibernate.validator.messageinterpolation.ResourceBundleMessageInterpolator - Loaded expression factory via original TCCL
20:24:25.259 [main] DEBUG org.hibernate.validator.internal.engine.ValidatorFactoryImpl - HV000234: Using org.hibernate.validator.messageinterpolation.ResourceBundleMessageInterpolator as ValidatorFactory-scoped message interpolator.
20:24:25.259 [main] DEBUG org.hibernate.validator.internal.engine.ValidatorFactoryImpl - HV000234: Using org.hibernate.validator.internal.engine.resolver.JPATraversableResolver as ValidatorFactory-scoped traversable resolver.
20:24:25.260 [main] DEBUG org.hibernate.validator.internal.engine.ValidatorFactoryImpl - HV000234: Using org.hibernate.validator.internal.util.ExecutableParameterNameProvider as ValidatorFactory-scoped parameter name provider.
20:24:25.260 [main] DEBUG org.hibernate.validator.internal.engine.ValidatorFactoryImpl - HV000234: Using org.hibernate.validator.internal.engine.DefaultClockProvider as ValidatorFactory-scoped clock provider.
20:24:25.260 [main] DEBUG org.hibernate.validator.internal.engine.ValidatorFactoryImpl - HV000234: Using org.hibernate.validator.internal.engine.scripting.DefaultScriptEvaluatorFactory as ValidatorFactory-scoped script evaluator factory.
20:24:25.260 [main] DEBUG org.hibernate.boot.internal.ClassLoaderAccessImpl - Not known whether passed class name [tau.mmo.domain.Item] is safe
20:24:25.260 [main] DEBUG org.hibernate.boot.internal.ClassLoaderAccessImpl - No temp ClassLoader provided; using live ClassLoader for loading potentially unsafe class : tau.mmo.domain.Item
20:24:25.263 [main] DEBUG org.hibernate.boot.internal.ClassLoaderAccessImpl - Not known whether passed class name [tau.mmo.domain.Player] is safe
20:24:25.263 [main] DEBUG org.hibernate.boot.internal.ClassLoaderAccessImpl - No temp ClassLoader provided; using live ClassLoader for loading potentially unsafe class : tau.mmo.domain.Player
20:24:25.266 [main] DEBUG org.hibernate.secure.spi.JaccIntegrator - Skipping JACC integration as it was not enabled
20:24:25.266 [main] DEBUG org.hibernate.boot.internal.ClassLoaderAccessImpl - Not known whether passed class name [tau.mmo.domain.Item] is safe
20:24:25.266 [main] DEBUG org.hibernate.boot.internal.ClassLoaderAccessImpl - No temp ClassLoader provided; using live ClassLoader for loading potentially unsafe class : tau.mmo.domain.Item
20:24:25.266 [main] DEBUG org.hibernate.boot.internal.ClassLoaderAccessImpl - Not known whether passed class name [tau.mmo.domain.Item] is safe
20:24:25.266 [main] DEBUG org.hibernate.boot.internal.ClassLoaderAccessImpl - No temp ClassLoader provided; using live ClassLoader for loading potentially unsafe class : tau.mmo.domain.Item
20:24:25.267 [main] DEBUG org.hibernate.boot.internal.ClassLoaderAccessImpl - Not known whether passed class name [tau.mmo.domain.Player] is safe
20:24:25.267 [main] DEBUG org.hibernate.boot.internal.ClassLoaderAccessImpl - No temp ClassLoader provided; using live ClassLoader for loading potentially unsafe class : tau.mmo.domain.Player
20:24:25.267 [main] DEBUG org.hibernate.boot.internal.ClassLoaderAccessImpl - Not known whether passed class name [tau.mmo.domain.Player] is safe
20:24:25.267 [main] DEBUG org.hibernate.boot.internal.ClassLoaderAccessImpl - No temp ClassLoader provided; using live ClassLoader for loading potentially unsafe class : tau.mmo.domain.Player
20:24:25.267 [main] DEBUG org.hibernate.persister.collection.AbstractCollectionPersister - Static SQL for collection: tau.mmo.domain.Player.items
20:24:25.267 [main] DEBUG org.hibernate.persister.collection.AbstractCollectionPersister -  Row insert: update item set player_id=? where id=?
20:24:25.267 [main] DEBUG org.hibernate.persister.collection.AbstractCollectionPersister -  Row update: update item set  where id=?
20:24:25.267 [main] DEBUG org.hibernate.persister.collection.AbstractCollectionPersister -  Row delete: update item set player_id=null where player_id=? and id=?
20:24:25.267 [main] DEBUG org.hibernate.persister.collection.AbstractCollectionPersister -  One-shot delete: update item set player_id=null where player_id=?
20:24:25.267 [main] DEBUG org.hibernate.persister.entity.AbstractEntityPersister - Static SQL for entity: tau.mmo.domain.Item
20:24:25.267 [main] DEBUG org.hibernate.persister.entity.AbstractEntityPersister -  Version select: select id from item where id =?
20:24:25.267 [main] DEBUG org.hibernate.persister.entity.AbstractEntityPersister -  Snapshot select: select item_.id, item_.itemclass as itemclas2_0_, item_.levelreq as levelreq3_0_, item_.name as name4_0_, item_.player_id as player_i5_0_ from item item_ where item_.id=?
20:24:25.267 [main] DEBUG org.hibernate.persister.entity.AbstractEntityPersister -  Insert 0: insert into item (itemclass, levelreq, name, player_id, id) values (?, ?, ?, ?, ?)
20:24:25.267 [main] DEBUG org.hibernate.persister.entity.AbstractEntityPersister -  Update 0: update item set itemclass=?, levelreq=?, name=?, player_id=? where id=?
20:24:25.267 [main] DEBUG org.hibernate.persister.entity.AbstractEntityPersister -  Delete 0: delete from item where id=?
20:24:25.268 [main] DEBUG org.hibernate.loader.plan.build.internal.spaces.QuerySpacesImpl - Adding QuerySpace : uid = <gen:0> -> org.hibernate.loader.plan.build.internal.spaces.EntityQuerySpaceImpl@3b01897f]
20:24:25.268 [main] DEBUG org.hibernate.persister.walking.spi.MetamodelGraphWalker - Visiting attribute path : itemclass
20:24:25.268 [main] DEBUG org.hibernate.persister.walking.spi.MetamodelGraphWalker - Visiting attribute path : levelreq
20:24:25.268 [main] DEBUG org.hibernate.persister.walking.spi.MetamodelGraphWalker - Visiting attribute path : name
20:24:25.268 [main] DEBUG org.hibernate.persister.walking.spi.MetamodelGraphWalker - Visiting attribute path : player
20:24:25.268 [main] DEBUG org.hibernate.loader.plan.build.internal.spaces.QuerySpacesImpl - Adding QuerySpace : uid = <gen:1> -> org.hibernate.loader.plan.build.internal.spaces.EntityQuerySpaceImpl@28b5d5dc]
20:24:25.268 [main] DEBUG org.hibernate.loader.plan.build.internal.FetchStyleLoadPlanBuildingAssociationVisitationStrategy - Building LoadPlan...
20:24:25.268 [main] DEBUG org.hibernate.loader.plan.exec.internal.LoadQueryJoinAndFetchProcessor - processing queryspace <gen:0>
20:24:25.268 [main] DEBUG org.hibernate.loader.plan.build.spi.LoadPlanTreePrinter - LoadPlan(entity=tau.mmo.domain.Item)
    - Returns
       - EntityReturnImpl(entity=tau.mmo.domain.Item, querySpaceUid=<gen:0>, path=tau.mmo.domain.Item)
          - EntityAttributeFetchImpl(entity=tau.mmo.domain.Player, querySpaceUid=<gen:1>, path=tau.mmo.domain.Item.player)
    - QuerySpaces
       - EntityQuerySpaceImpl(uid=<gen:0>, entity=tau.mmo.domain.Item)
          - SQL table alias mapping - item0_
          - alias suffix - 0_
          - suffixed key columns - {id1_0_0_}

20:24:25.268 [main] DEBUG org.hibernate.loader.entity.plan.EntityLoader - Static select for entity tau.mmo.domain.Item [NONE]: select item0_.id as id1_0_0_, item0_.itemclass as itemclas2_0_0_, item0_.levelreq as levelreq3_0_0_, item0_.name as name4_0_0_, item0_.player_id as player_i5_0_0_ from item item0_ where item0_.id=?
20:24:25.268 [main] DEBUG org.hibernate.loader.plan.build.internal.spaces.QuerySpacesImpl - Adding QuerySpace : uid = <gen:0> -> org.hibernate.loader.plan.build.internal.spaces.EntityQuerySpaceImpl@407f2029]
20:24:25.268 [main] DEBUG org.hibernate.persister.walking.spi.MetamodelGraphWalker - Visiting attribute path : itemclass
20:24:25.268 [main] DEBUG org.hibernate.persister.walking.spi.MetamodelGraphWalker - Visiting attribute path : levelreq
20:24:25.268 [main] DEBUG org.hibernate.persister.walking.spi.MetamodelGraphWalker - Visiting attribute path : name
20:24:25.268 [main] DEBUG org.hibernate.persister.walking.spi.MetamodelGraphWalker - Visiting attribute path : player
20:24:25.268 [main] DEBUG org.hibernate.loader.plan.build.internal.spaces.QuerySpacesImpl - Adding QuerySpace : uid = <gen:1> -> org.hibernate.loader.plan.build.internal.spaces.EntityQuerySpaceImpl@45eacb70]
20:24:25.268 [main] DEBUG org.hibernate.loader.plan.build.internal.FetchStyleLoadPlanBuildingAssociationVisitationStrategy - Building LoadPlan...
20:24:25.268 [main] DEBUG org.hibernate.loader.plan.exec.internal.LoadQueryJoinAndFetchProcessor - processing queryspace <gen:0>
20:24:25.268 [main] DEBUG org.hibernate.loader.plan.build.spi.LoadPlanTreePrinter - LoadPlan(entity=tau.mmo.domain.Item)
    - Returns
       - EntityReturnImpl(entity=tau.mmo.domain.Item, querySpaceUid=<gen:0>, path=tau.mmo.domain.Item)
          - EntityAttributeFetchImpl(entity=tau.mmo.domain.Player, querySpaceUid=<gen:1>, path=tau.mmo.domain.Item.player)
    - QuerySpaces
       - EntityQuerySpaceImpl(uid=<gen:0>, entity=tau.mmo.domain.Item)
          - SQL table alias mapping - item0_
          - alias suffix - 0_
          - suffixed key columns - {id1_0_0_}

20:24:25.269 [main] DEBUG org.hibernate.loader.entity.plan.EntityLoader - Static select for entity tau.mmo.domain.Item [READ]: select item0_.id as id1_0_0_, item0_.itemclass as itemclas2_0_0_, item0_.levelreq as levelreq3_0_0_, item0_.name as name4_0_0_, item0_.player_id as player_i5_0_0_ from item item0_ where item0_.id=?
20:24:25.269 [main] DEBUG org.hibernate.loader.plan.build.internal.spaces.QuerySpacesImpl - Adding QuerySpace : uid = <gen:0> -> org.hibernate.loader.plan.build.internal.spaces.EntityQuerySpaceImpl@4377ed24]
20:24:25.269 [main] DEBUG org.hibernate.persister.walking.spi.MetamodelGraphWalker - Visiting attribute path : itemclass
20:24:25.269 [main] DEBUG org.hibernate.persister.walking.spi.MetamodelGraphWalker - Visiting attribute path : levelreq
20:24:25.269 [main] DEBUG org.hibernate.persister.walking.spi.MetamodelGraphWalker - Visiting attribute path : name
20:24:25.269 [main] DEBUG org.hibernate.persister.walking.spi.MetamodelGraphWalker - Visiting attribute path : player
20:24:25.269 [main] DEBUG org.hibernate.loader.plan.build.internal.spaces.QuerySpacesImpl - Adding QuerySpace : uid = <gen:1> -> org.hibernate.loader.plan.build.internal.spaces.EntityQuerySpaceImpl@1dcca426]
20:24:25.269 [main] DEBUG org.hibernate.loader.plan.build.internal.FetchStyleLoadPlanBuildingAssociationVisitationStrategy - Building LoadPlan...
20:24:25.269 [main] DEBUG org.hibernate.loader.plan.exec.internal.LoadQueryJoinAndFetchProcessor - processing queryspace <gen:0>
20:24:25.269 [main] DEBUG org.hibernate.loader.plan.build.spi.LoadPlanTreePrinter - LoadPlan(entity=tau.mmo.domain.Item)
    - Returns
       - EntityReturnImpl(entity=tau.mmo.domain.Item, querySpaceUid=<gen:0>, path=tau.mmo.domain.Item)
          - EntityAttributeFetchImpl(entity=tau.mmo.domain.Player, querySpaceUid=<gen:1>, path=tau.mmo.domain.Item.player)
    - QuerySpaces
       - EntityQuerySpaceImpl(uid=<gen:0>, entity=tau.mmo.domain.Item)
          - SQL table alias mapping - item0_
          - alias suffix - 0_
          - suffixed key columns - {id1_0_0_}

20:24:25.269 [main] DEBUG org.hibernate.loader.entity.plan.EntityLoader - Static select for entity tau.mmo.domain.Item [UPGRADE]: select item0_.id as id1_0_0_, item0_.itemclass as itemclas2_0_0_, item0_.levelreq as levelreq3_0_0_, item0_.name as name4_0_0_, item0_.player_id as player_i5_0_0_ from item item0_ where item0_.id=? for update
20:24:25.269 [main] DEBUG org.hibernate.loader.plan.build.internal.spaces.QuerySpacesImpl - Adding QuerySpace : uid = <gen:0> -> org.hibernate.loader.plan.build.internal.spaces.EntityQuerySpaceImpl@e6e5da4]
20:24:25.269 [main] DEBUG org.hibernate.persister.walking.spi.MetamodelGraphWalker - Visiting attribute path : itemclass
20:24:25.269 [main] DEBUG org.hibernate.persister.walking.spi.MetamodelGraphWalker - Visiting attribute path : levelreq
20:24:25.269 [main] DEBUG org.hibernate.persister.walking.spi.MetamodelGraphWalker - Visiting attribute path : name
20:24:25.269 [main] DEBUG org.hibernate.persister.walking.spi.MetamodelGraphWalker - Visiting attribute path : player
20:24:25.269 [main] DEBUG org.hibernate.loader.plan.build.internal.spaces.QuerySpacesImpl - Adding QuerySpace : uid = <gen:1> -> org.hibernate.loader.plan.build.internal.spaces.EntityQuerySpaceImpl@f591271]
20:24:25.269 [main] DEBUG org.hibernate.loader.plan.build.internal.FetchStyleLoadPlanBuildingAssociationVisitationStrategy - Building LoadPlan...
20:24:25.269 [main] DEBUG org.hibernate.loader.plan.exec.internal.LoadQueryJoinAndFetchProcessor - processing queryspace <gen:0>
20:24:25.269 [main] DEBUG org.hibernate.loader.plan.build.spi.LoadPlanTreePrinter - LoadPlan(entity=tau.mmo.domain.Item)
    - Returns
       - EntityReturnImpl(entity=tau.mmo.domain.Item, querySpaceUid=<gen:0>, path=tau.mmo.domain.Item)
          - EntityAttributeFetchImpl(entity=tau.mmo.domain.Player, querySpaceUid=<gen:1>, path=tau.mmo.domain.Item.player)
    - QuerySpaces
       - EntityQuerySpaceImpl(uid=<gen:0>, entity=tau.mmo.domain.Item)
          - SQL table alias mapping - item0_
          - alias suffix - 0_
          - suffixed key columns - {id1_0_0_}

20:24:25.269 [main] DEBUG org.hibernate.loader.entity.plan.EntityLoader - Static select for entity tau.mmo.domain.Item [UPGRADE_NOWAIT]: select item0_.id as id1_0_0_, item0_.itemclass as itemclas2_0_0_, item0_.levelreq as levelreq3_0_0_, item0_.name as name4_0_0_, item0_.player_id as player_i5_0_0_ from item item0_ where item0_.id=? for update
20:24:25.269 [main] DEBUG org.hibernate.loader.plan.build.internal.spaces.QuerySpacesImpl - Adding QuerySpace : uid = <gen:0> -> org.hibernate.loader.plan.build.internal.spaces.EntityQuerySpaceImpl@77cc6a28]
20:24:25.269 [main] DEBUG org.hibernate.persister.walking.spi.MetamodelGraphWalker - Visiting attribute path : itemclass
20:24:25.269 [main] DEBUG org.hibernate.persister.walking.spi.MetamodelGraphWalker - Visiting attribute path : levelreq
20:24:25.269 [main] DEBUG org.hibernate.persister.walking.spi.MetamodelGraphWalker - Visiting attribute path : name
20:24:25.269 [main] DEBUG org.hibernate.persister.walking.spi.MetamodelGraphWalker - Visiting attribute path : player
20:24:25.270 [main] DEBUG org.hibernate.loader.plan.build.internal.spaces.QuerySpacesImpl - Adding QuerySpace : uid = <gen:1> -> org.hibernate.loader.plan.build.internal.spaces.EntityQuerySpaceImpl@1d556461]
20:24:25.270 [main] DEBUG org.hibernate.loader.plan.build.internal.FetchStyleLoadPlanBuildingAssociationVisitationStrategy - Building LoadPlan...
20:24:25.270 [main] DEBUG org.hibernate.loader.plan.exec.internal.LoadQueryJoinAndFetchProcessor - processing queryspace <gen:0>
20:24:25.270 [main] DEBUG org.hibernate.loader.plan.build.spi.LoadPlanTreePrinter - LoadPlan(entity=tau.mmo.domain.Item)
    - Returns
       - EntityReturnImpl(entity=tau.mmo.domain.Item, querySpaceUid=<gen:0>, path=tau.mmo.domain.Item)
          - EntityAttributeFetchImpl(entity=tau.mmo.domain.Player, querySpaceUid=<gen:1>, path=tau.mmo.domain.Item.player)
    - QuerySpaces
       - EntityQuerySpaceImpl(uid=<gen:0>, entity=tau.mmo.domain.Item)
          - SQL table alias mapping - item0_
          - alias suffix - 0_
          - suffixed key columns - {id1_0_0_}

20:24:25.270 [main] DEBUG org.hibernate.loader.entity.plan.EntityLoader - Static select for entity tau.mmo.domain.Item [UPGRADE_SKIPLOCKED]: select item0_.id as id1_0_0_, item0_.itemclass as itemclas2_0_0_, item0_.levelreq as levelreq3_0_0_, item0_.name as name4_0_0_, item0_.player_id as player_i5_0_0_ from item item0_ where item0_.id=? for update
20:24:25.270 [main] DEBUG org.hibernate.loader.plan.build.internal.spaces.QuerySpacesImpl - Adding QuerySpace : uid = <gen:0> -> org.hibernate.loader.plan.build.internal.spaces.EntityQuerySpaceImpl@5a583720]
20:24:25.270 [main] DEBUG org.hibernate.persister.walking.spi.MetamodelGraphWalker - Visiting attribute path : itemclass
20:24:25.270 [main] DEBUG org.hibernate.persister.walking.spi.MetamodelGraphWalker - Visiting attribute path : levelreq
20:24:25.270 [main] DEBUG org.hibernate.persister.walking.spi.MetamodelGraphWalker - Visiting attribute path : name
20:24:25.270 [main] DEBUG org.hibernate.persister.walking.spi.MetamodelGraphWalker - Visiting attribute path : player
20:24:25.270 [main] DEBUG org.hibernate.loader.plan.build.internal.spaces.QuerySpacesImpl - Adding QuerySpace : uid = <gen:1> -> org.hibernate.loader.plan.build.internal.spaces.EntityQuerySpaceImpl@59a5bb61]
20:24:25.270 [main] DEBUG org.hibernate.loader.plan.build.internal.FetchStyleLoadPlanBuildingAssociationVisitationStrategy - Building LoadPlan...
20:24:25.270 [main] DEBUG org.hibernate.loader.plan.exec.internal.LoadQueryJoinAndFetchProcessor - processing queryspace <gen:0>
20:24:25.270 [main] DEBUG org.hibernate.loader.plan.build.spi.LoadPlanTreePrinter - LoadPlan(entity=tau.mmo.domain.Item)
    - Returns
       - EntityReturnImpl(entity=tau.mmo.domain.Item, querySpaceUid=<gen:0>, path=tau.mmo.domain.Item)
          - EntityAttributeFetchImpl(entity=tau.mmo.domain.Player, querySpaceUid=<gen:1>, path=tau.mmo.domain.Item.player)
    - QuerySpaces
       - EntityQuerySpaceImpl(uid=<gen:0>, entity=tau.mmo.domain.Item)
          - SQL table alias mapping - item0_
          - alias suffix - 0_
          - suffixed key columns - {id1_0_0_}

20:24:25.270 [main] DEBUG org.hibernate.loader.entity.plan.EntityLoader - Static select for entity tau.mmo.domain.Item [FORCE]: select item0_.id as id1_0_0_, item0_.itemclass as itemclas2_0_0_, item0_.levelreq as levelreq3_0_0_, item0_.name as name4_0_0_, item0_.player_id as player_i5_0_0_ from item item0_ where item0_.id=? for update
20:24:25.270 [main] DEBUG org.hibernate.loader.plan.build.internal.spaces.QuerySpacesImpl - Adding QuerySpace : uid = <gen:0> -> org.hibernate.loader.plan.build.internal.spaces.EntityQuerySpaceImpl@6f65aa58]
20:24:25.270 [main] DEBUG org.hibernate.persister.walking.spi.MetamodelGraphWalker - Visiting attribute path : itemclass
20:24:25.270 [main] DEBUG org.hibernate.persister.walking.spi.MetamodelGraphWalker - Visiting attribute path : levelreq
20:24:25.270 [main] DEBUG org.hibernate.persister.walking.spi.MetamodelGraphWalker - Visiting attribute path : name
20:24:25.270 [main] DEBUG org.hibernate.persister.walking.spi.MetamodelGraphWalker - Visiting attribute path : player
20:24:25.270 [main] DEBUG org.hibernate.loader.plan.build.internal.spaces.QuerySpacesImpl - Adding QuerySpace : uid = <gen:1> -> org.hibernate.loader.plan.build.internal.spaces.EntityQuerySpaceImpl@36d7a68a]
20:24:25.270 [main] DEBUG org.hibernate.loader.plan.build.internal.FetchStyleLoadPlanBuildingAssociationVisitationStrategy - Building LoadPlan...
20:24:25.270 [main] DEBUG org.hibernate.loader.plan.exec.internal.LoadQueryJoinAndFetchProcessor - processing queryspace <gen:0>
20:24:25.270 [main] DEBUG org.hibernate.loader.plan.build.spi.LoadPlanTreePrinter - LoadPlan(entity=tau.mmo.domain.Item)
    - Returns
       - EntityReturnImpl(entity=tau.mmo.domain.Item, querySpaceUid=<gen:0>, path=tau.mmo.domain.Item)
          - EntityAttributeFetchImpl(entity=tau.mmo.domain.Player, querySpaceUid=<gen:1>, path=tau.mmo.domain.Item.player)
    - QuerySpaces
       - EntityQuerySpaceImpl(uid=<gen:0>, entity=tau.mmo.domain.Item)
          - SQL table alias mapping - item0_
          - alias suffix - 0_
          - suffixed key columns - {id1_0_0_}

20:24:25.270 [main] DEBUG org.hibernate.loader.entity.plan.EntityLoader - Static select for entity tau.mmo.domain.Item [PESSIMISTIC_READ]: select item0_.id as id1_0_0_, item0_.itemclass as itemclas2_0_0_, item0_.levelreq as levelreq3_0_0_, item0_.name as name4_0_0_, item0_.player_id as player_i5_0_0_ from item item0_ where item0_.id=? for update
20:24:25.271 [main] DEBUG org.hibernate.loader.plan.build.internal.spaces.QuerySpacesImpl - Adding QuerySpace : uid = <gen:0> -> org.hibernate.loader.plan.build.internal.spaces.EntityQuerySpaceImpl@42dd7d82]
20:24:25.271 [main] DEBUG org.hibernate.persister.walking.spi.MetamodelGraphWalker - Visiting attribute path : itemclass
20:24:25.271 [main] DEBUG org.hibernate.persister.walking.spi.MetamodelGraphWalker - Visiting attribute path : levelreq
20:24:25.271 [main] DEBUG org.hibernate.persister.walking.spi.MetamodelGraphWalker - Visiting attribute path : name
20:24:25.271 [main] DEBUG org.hibernate.persister.walking.spi.MetamodelGraphWalker - Visiting attribute path : player
20:24:25.271 [main] DEBUG org.hibernate.loader.plan.build.internal.spaces.QuerySpacesImpl - Adding QuerySpace : uid = <gen:1> -> org.hibernate.loader.plan.build.internal.spaces.EntityQuerySpaceImpl@fb5d334]
20:24:25.271 [main] DEBUG org.hibernate.loader.plan.build.internal.FetchStyleLoadPlanBuildingAssociationVisitationStrategy - Building LoadPlan...
20:24:25.271 [main] DEBUG org.hibernate.loader.plan.exec.internal.LoadQueryJoinAndFetchProcessor - processing queryspace <gen:0>
20:24:25.271 [main] DEBUG org.hibernate.loader.plan.build.spi.LoadPlanTreePrinter - LoadPlan(entity=tau.mmo.domain.Item)
    - Returns
       - EntityReturnImpl(entity=tau.mmo.domain.Item, querySpaceUid=<gen:0>, path=tau.mmo.domain.Item)
          - EntityAttributeFetchImpl(entity=tau.mmo.domain.Player, querySpaceUid=<gen:1>, path=tau.mmo.domain.Item.player)
    - QuerySpaces
       - EntityQuerySpaceImpl(uid=<gen:0>, entity=tau.mmo.domain.Item)
          - SQL table alias mapping - item0_
          - alias suffix - 0_
          - suffixed key columns - {id1_0_0_}

20:24:25.271 [main] DEBUG org.hibernate.loader.entity.plan.EntityLoader - Static select for entity tau.mmo.domain.Item [PESSIMISTIC_WRITE]: select item0_.id as id1_0_0_, item0_.itemclass as itemclas2_0_0_, item0_.levelreq as levelreq3_0_0_, item0_.name as name4_0_0_, item0_.player_id as player_i5_0_0_ from item item0_ where item0_.id=? for update
20:24:25.271 [main] DEBUG org.hibernate.loader.plan.build.internal.spaces.QuerySpacesImpl - Adding QuerySpace : uid = <gen:0> -> org.hibernate.loader.plan.build.internal.spaces.EntityQuerySpaceImpl@45dc7be]
20:24:25.271 [main] DEBUG org.hibernate.persister.walking.spi.MetamodelGraphWalker - Visiting attribute path : itemclass
20:24:25.271 [main] DEBUG org.hibernate.persister.walking.spi.MetamodelGraphWalker - Visiting attribute path : levelreq
20:24:25.271 [main] DEBUG org.hibernate.persister.walking.spi.MetamodelGraphWalker - Visiting attribute path : name
20:24:25.271 [main] DEBUG org.hibernate.persister.walking.spi.MetamodelGraphWalker - Visiting attribute path : player
20:24:25.271 [main] DEBUG org.hibernate.loader.plan.build.internal.spaces.QuerySpacesImpl - Adding QuerySpace : uid = <gen:1> -> org.hibernate.loader.plan.build.internal.spaces.EntityQuerySpaceImpl@6ceb11f9]
20:24:25.271 [main] DEBUG org.hibernate.loader.plan.build.internal.FetchStyleLoadPlanBuildingAssociationVisitationStrategy - Building LoadPlan...
20:24:25.271 [main] DEBUG org.hibernate.loader.plan.exec.internal.LoadQueryJoinAndFetchProcessor - processing queryspace <gen:0>
20:24:25.271 [main] DEBUG org.hibernate.loader.plan.build.spi.LoadPlanTreePrinter - LoadPlan(entity=tau.mmo.domain.Item)
    - Returns
       - EntityReturnImpl(entity=tau.mmo.domain.Item, querySpaceUid=<gen:0>, path=tau.mmo.domain.Item)
          - EntityAttributeFetchImpl(entity=tau.mmo.domain.Player, querySpaceUid=<gen:1>, path=tau.mmo.domain.Item.player)
    - QuerySpaces
       - EntityQuerySpaceImpl(uid=<gen:0>, entity=tau.mmo.domain.Item)
          - SQL table alias mapping - item0_
          - alias suffix - 0_
          - suffixed key columns - {id1_0_0_}

20:24:25.271 [main] DEBUG org.hibernate.loader.entity.plan.EntityLoader - Static select for entity tau.mmo.domain.Item [PESSIMISTIC_FORCE_INCREMENT]: select item0_.id as id1_0_0_, item0_.itemclass as itemclas2_0_0_, item0_.levelreq as levelreq3_0_0_, item0_.name as name4_0_0_, item0_.player_id as player_i5_0_0_ from item item0_ where item0_.id=? for update
20:24:25.271 [main] DEBUG org.hibernate.loader.plan.build.internal.spaces.QuerySpacesImpl - Adding QuerySpace : uid = <gen:0> -> org.hibernate.loader.plan.build.internal.spaces.EntityQuerySpaceImpl@4d664323]
20:24:25.271 [main] DEBUG org.hibernate.persister.walking.spi.MetamodelGraphWalker - Visiting attribute path : itemclass
20:24:25.271 [main] DEBUG org.hibernate.persister.walking.spi.MetamodelGraphWalker - Visiting attribute path : levelreq
20:24:25.271 [main] DEBUG org.hibernate.persister.walking.spi.MetamodelGraphWalker - Visiting attribute path : name
20:24:25.271 [main] DEBUG org.hibernate.persister.walking.spi.MetamodelGraphWalker - Visiting attribute path : player
20:24:25.271 [main] DEBUG org.hibernate.loader.plan.build.internal.spaces.QuerySpacesImpl - Adding QuerySpace : uid = <gen:1> -> org.hibernate.loader.plan.build.internal.spaces.EntityQuerySpaceImpl@2676d96a]
20:24:25.271 [main] DEBUG org.hibernate.loader.plan.build.internal.FetchStyleLoadPlanBuildingAssociationVisitationStrategy - Building LoadPlan...
20:24:25.271 [main] DEBUG org.hibernate.loader.plan.exec.internal.LoadQueryJoinAndFetchProcessor - processing queryspace <gen:0>
20:24:25.272 [main] DEBUG org.hibernate.loader.plan.build.spi.LoadPlanTreePrinter - LoadPlan(entity=tau.mmo.domain.Item)
    - Returns
       - EntityReturnImpl(entity=tau.mmo.domain.Item, querySpaceUid=<gen:0>, path=tau.mmo.domain.Item)
          - EntityAttributeFetchImpl(entity=tau.mmo.domain.Player, querySpaceUid=<gen:1>, path=tau.mmo.domain.Item.player)
    - QuerySpaces
       - EntityQuerySpaceImpl(uid=<gen:0>, entity=tau.mmo.domain.Item)
          - SQL table alias mapping - item0_
          - alias suffix - 0_
          - suffixed key columns - {id1_0_0_}

20:24:25.272 [main] DEBUG org.hibernate.loader.entity.plan.EntityLoader - Static select for entity tau.mmo.domain.Item [OPTIMISTIC]: select item0_.id as id1_0_0_, item0_.itemclass as itemclas2_0_0_, item0_.levelreq as levelreq3_0_0_, item0_.name as name4_0_0_, item0_.player_id as player_i5_0_0_ from item item0_ where item0_.id=?
20:24:25.272 [main] DEBUG org.hibernate.loader.plan.build.internal.spaces.QuerySpacesImpl - Adding QuerySpace : uid = <gen:0> -> org.hibernate.loader.plan.build.internal.spaces.EntityQuerySpaceImpl@12266084]
20:24:25.272 [main] DEBUG org.hibernate.persister.walking.spi.MetamodelGraphWalker - Visiting attribute path : itemclass
20:24:25.272 [main] DEBUG org.hibernate.persister.walking.spi.MetamodelGraphWalker - Visiting attribute path : levelreq
20:24:25.272 [main] DEBUG org.hibernate.persister.walking.spi.MetamodelGraphWalker - Visiting attribute path : name
20:24:25.272 [main] DEBUG org.hibernate.persister.walking.spi.MetamodelGraphWalker - Visiting attribute path : player
20:24:25.272 [main] DEBUG org.hibernate.loader.plan.build.internal.spaces.QuerySpacesImpl - Adding QuerySpace : uid = <gen:1> -> org.hibernate.loader.plan.build.internal.spaces.EntityQuerySpaceImpl@2a65e237]
20:24:25.272 [main] DEBUG org.hibernate.loader.plan.build.internal.FetchStyleLoadPlanBuildingAssociationVisitationStrategy - Building LoadPlan...
20:24:25.272 [main] DEBUG org.hibernate.loader.plan.exec.internal.LoadQueryJoinAndFetchProcessor - processing queryspace <gen:0>
20:24:25.272 [main] DEBUG org.hibernate.loader.plan.build.spi.LoadPlanTreePrinter - LoadPlan(entity=tau.mmo.domain.Item)
    - Returns
       - EntityReturnImpl(entity=tau.mmo.domain.Item, querySpaceUid=<gen:0>, path=tau.mmo.domain.Item)
          - EntityAttributeFetchImpl(entity=tau.mmo.domain.Player, querySpaceUid=<gen:1>, path=tau.mmo.domain.Item.player)
    - QuerySpaces
       - EntityQuerySpaceImpl(uid=<gen:0>, entity=tau.mmo.domain.Item)
          - SQL table alias mapping - item0_
          - alias suffix - 0_
          - suffixed key columns - {id1_0_0_}

20:24:25.272 [main] DEBUG org.hibernate.loader.entity.plan.EntityLoader - Static select for entity tau.mmo.domain.Item [OPTIMISTIC_FORCE_INCREMENT]: select item0_.id as id1_0_0_, item0_.itemclass as itemclas2_0_0_, item0_.levelreq as levelreq3_0_0_, item0_.name as name4_0_0_, item0_.player_id as player_i5_0_0_ from item item0_ where item0_.id=?
20:24:25.272 [main] DEBUG org.hibernate.loader.Loader - Static select for action ACTION_MERGE on entity tau.mmo.domain.Item: select item0_.id as id1_0_0_, item0_.itemclass as itemclas2_0_0_, item0_.levelreq as levelreq3_0_0_, item0_.name as name4_0_0_, item0_.player_id as player_i5_0_0_ from item item0_ where item0_.id=?
20:24:25.272 [main] DEBUG org.hibernate.loader.Loader - Static select for action ACTION_REFRESH on entity tau.mmo.domain.Item: select item0_.id as id1_0_0_, item0_.itemclass as itemclas2_0_0_, item0_.levelreq as levelreq3_0_0_, item0_.name as name4_0_0_, item0_.player_id as player_i5_0_0_ from item item0_ where item0_.id=?
20:24:25.272 [main] DEBUG org.hibernate.persister.entity.AbstractEntityPersister - Static SQL for entity: tau.mmo.domain.Player
20:24:25.272 [main] DEBUG org.hibernate.persister.entity.AbstractEntityPersister -  Version select: select id from player where id =?
20:24:25.272 [main] DEBUG org.hibernate.persister.entity.AbstractEntityPersister -  Snapshot select: select player_.id, player_.heroclass as heroclas2_1_, player_.level as level3_1_, player_.name as name4_1_ from player player_ where player_.id=?
20:24:25.272 [main] DEBUG org.hibernate.persister.entity.AbstractEntityPersister -  Insert 0: insert into player (heroclass, level, name, id) values (?, ?, ?, ?)
20:24:25.272 [main] DEBUG org.hibernate.persister.entity.AbstractEntityPersister -  Update 0: update player set heroclass=?, level=?, name=? where id=?
20:24:25.272 [main] DEBUG org.hibernate.persister.entity.AbstractEntityPersister -  Delete 0: delete from player where id=?
20:24:25.272 [main] DEBUG org.hibernate.loader.plan.build.internal.spaces.QuerySpacesImpl - Adding QuerySpace : uid = <gen:0> -> org.hibernate.loader.plan.build.internal.spaces.EntityQuerySpaceImpl@3a48c398]
20:24:25.272 [main] DEBUG org.hibernate.persister.walking.spi.MetamodelGraphWalker - Visiting attribute path : heroclass
20:24:25.272 [main] DEBUG org.hibernate.persister.walking.spi.MetamodelGraphWalker - Visiting attribute path : items
20:24:25.272 [main] DEBUG org.hibernate.loader.plan.build.internal.spaces.QuerySpacesImpl - Adding QuerySpace : uid = <gen:1> -> org.hibernate.loader.plan.build.internal.spaces.CollectionQuerySpaceImpl@4407b042]
20:24:25.272 [main] DEBUG org.hibernate.loader.plan.build.internal.spaces.QuerySpacesImpl - Adding QuerySpace : uid = <gen:2> -> org.hibernate.loader.plan.build.internal.spaces.EntityQuerySpaceImpl@41f686af]
20:24:25.273 [main] DEBUG org.hibernate.persister.walking.spi.MetamodelGraphWalker - Visiting attribute path : items.itemclass
20:24:25.273 [main] DEBUG org.hibernate.persister.walking.spi.MetamodelGraphWalker - Visiting attribute path : items.levelreq
20:24:25.273 [main] DEBUG org.hibernate.persister.walking.spi.MetamodelGraphWalker - Visiting attribute path : items.name
20:24:25.273 [main] DEBUG org.hibernate.persister.walking.spi.MetamodelGraphWalker - Visiting attribute path : items.player
20:24:25.273 [main] DEBUG org.hibernate.persister.walking.spi.MetamodelGraphWalker - Property path deemed to be circular : items.player
20:24:25.273 [main] DEBUG org.hibernate.persister.walking.spi.MetamodelGraphWalker - Visiting attribute path : level
20:24:25.273 [main] DEBUG org.hibernate.persister.walking.spi.MetamodelGraphWalker - Visiting attribute path : name
20:24:25.273 [main] DEBUG org.hibernate.loader.plan.build.internal.FetchStyleLoadPlanBuildingAssociationVisitationStrategy - Building LoadPlan...
20:24:25.273 [main] DEBUG org.hibernate.loader.plan.exec.internal.LoadQueryJoinAndFetchProcessor - processing queryspace <gen:0>
20:24:25.273 [main] DEBUG org.hibernate.loader.plan.build.spi.LoadPlanTreePrinter - LoadPlan(entity=tau.mmo.domain.Player)
    - Returns
       - EntityReturnImpl(entity=tau.mmo.domain.Player, querySpaceUid=<gen:0>, path=tau.mmo.domain.Player)
          - CollectionAttributeFetchImpl(collection=tau.mmo.domain.Player.items, querySpaceUid=<gen:1>, path=tau.mmo.domain.Player.items)
             - (collection element) CollectionFetchableElementEntityGraph(entity=tau.mmo.domain.Item, querySpaceUid=<gen:2>, path=tau.mmo.domain.Player.items.<elements>)
    - QuerySpaces
       - EntityQuerySpaceImpl(uid=<gen:0>, entity=tau.mmo.domain.Player)
          - SQL table alias mapping - player0_
          - alias suffix - 0_
          - suffixed key columns - {id1_1_0_}
          - JOIN (JoinDefinedByMetadata(items)) : <gen:0> -> <gen:1>
             - CollectionQuerySpaceImpl(uid=<gen:1>, collection=tau.mmo.domain.Player.items)
                - SQL table alias mapping - items1_
                - alias suffix - 1_
                - suffixed key columns - {player_i5_0_1_}
                - entity-element alias suffix - 2_
                - 2_entity-element suffixed key columns - id1_0_2_
                - JOIN (JoinDefinedByMetadata(elements)) : <gen:1> -> <gen:2>
                   - EntityQuerySpaceImpl(uid=<gen:2>, entity=tau.mmo.domain.Item)
                      - SQL table alias mapping - items1_
                      - alias suffix - 2_
                      - suffixed key columns - {id1_0_2_}

20:24:25.273 [main] DEBUG org.hibernate.loader.entity.plan.EntityLoader - Static select for entity tau.mmo.domain.Player [NONE]: select player0_.id as id1_1_0_, player0_.heroclass as heroclas2_1_0_, player0_.level as level3_1_0_, player0_.name as name4_1_0_, items1_.player_id as player_i5_0_1_, items1_.id as id1_0_1_, items1_.id as id1_0_2_, items1_.itemclass as itemclas2_0_2_, items1_.levelreq as levelreq3_0_2_, items1_.name as name4_0_2_, items1_.player_id as player_i5_0_2_ from player player0_ left outer join item items1_ on player0_.id=items1_.player_id where player0_.id=?
20:24:25.273 [main] DEBUG org.hibernate.loader.plan.build.internal.spaces.QuerySpacesImpl - Adding QuerySpace : uid = <gen:0> -> org.hibernate.loader.plan.build.internal.spaces.EntityQuerySpaceImpl@29f8134]
20:24:25.273 [main] DEBUG org.hibernate.persister.walking.spi.MetamodelGraphWalker - Visiting attribute path : heroclass
20:24:25.273 [main] DEBUG org.hibernate.persister.walking.spi.MetamodelGraphWalker - Visiting attribute path : items
20:24:25.273 [main] DEBUG org.hibernate.loader.plan.build.internal.spaces.QuerySpacesImpl - Adding QuerySpace : uid = <gen:1> -> org.hibernate.loader.plan.build.internal.spaces.CollectionQuerySpaceImpl@3c743d40]
20:24:25.273 [main] DEBUG org.hibernate.loader.plan.build.internal.spaces.QuerySpacesImpl - Adding QuerySpace : uid = <gen:2> -> org.hibernate.loader.plan.build.internal.spaces.EntityQuerySpaceImpl@5aac6f9f]
20:24:25.273 [main] DEBUG org.hibernate.persister.walking.spi.MetamodelGraphWalker - Visiting attribute path : items.itemclass
20:24:25.273 [main] DEBUG org.hibernate.persister.walking.spi.MetamodelGraphWalker - Visiting attribute path : items.levelreq
20:24:25.273 [main] DEBUG org.hibernate.persister.walking.spi.MetamodelGraphWalker - Visiting attribute path : items.name
20:24:25.273 [main] DEBUG org.hibernate.persister.walking.spi.MetamodelGraphWalker - Visiting attribute path : items.player
20:24:25.273 [main] DEBUG org.hibernate.persister.walking.spi.MetamodelGraphWalker - Property path deemed to be circular : items.player
20:24:25.273 [main] DEBUG org.hibernate.persister.walking.spi.MetamodelGraphWalker - Visiting attribute path : level
20:24:25.273 [main] DEBUG org.hibernate.persister.walking.spi.MetamodelGraphWalker - Visiting attribute path : name
20:24:25.273 [main] DEBUG org.hibernate.loader.plan.build.internal.FetchStyleLoadPlanBuildingAssociationVisitationStrategy - Building LoadPlan...
20:24:25.273 [main] DEBUG org.hibernate.loader.plan.exec.internal.LoadQueryJoinAndFetchProcessor - processing queryspace <gen:0>
20:24:25.274 [main] DEBUG org.hibernate.loader.plan.build.spi.LoadPlanTreePrinter - LoadPlan(entity=tau.mmo.domain.Player)
    - Returns
       - EntityReturnImpl(entity=tau.mmo.domain.Player, querySpaceUid=<gen:0>, path=tau.mmo.domain.Player)
          - CollectionAttributeFetchImpl(collection=tau.mmo.domain.Player.items, querySpaceUid=<gen:1>, path=tau.mmo.domain.Player.items)
             - (collection element) CollectionFetchableElementEntityGraph(entity=tau.mmo.domain.Item, querySpaceUid=<gen:2>, path=tau.mmo.domain.Player.items.<elements>)
    - QuerySpaces
       - EntityQuerySpaceImpl(uid=<gen:0>, entity=tau.mmo.domain.Player)
          - SQL table alias mapping - player0_
          - alias suffix - 0_
          - suffixed key columns - {id1_1_0_}
          - JOIN (JoinDefinedByMetadata(items)) : <gen:0> -> <gen:1>
             - CollectionQuerySpaceImpl(uid=<gen:1>, collection=tau.mmo.domain.Player.items)
                - SQL table alias mapping - items1_
                - alias suffix - 1_
                - suffixed key columns - {player_i5_0_1_}
                - entity-element alias suffix - 2_
                - 2_entity-element suffixed key columns - id1_0_2_
                - JOIN (JoinDefinedByMetadata(elements)) : <gen:1> -> <gen:2>
                   - EntityQuerySpaceImpl(uid=<gen:2>, entity=tau.mmo.domain.Item)
                      - SQL table alias mapping - items1_
                      - alias suffix - 2_
                      - suffixed key columns - {id1_0_2_}

20:24:25.274 [main] DEBUG org.hibernate.loader.entity.plan.EntityLoader - Static select for entity tau.mmo.domain.Player [READ]: select player0_.id as id1_1_0_, player0_.heroclass as heroclas2_1_0_, player0_.level as level3_1_0_, player0_.name as name4_1_0_, items1_.player_id as player_i5_0_1_, items1_.id as id1_0_1_, items1_.id as id1_0_2_, items1_.itemclass as itemclas2_0_2_, items1_.levelreq as levelreq3_0_2_, items1_.name as name4_0_2_, items1_.player_id as player_i5_0_2_ from player player0_ left outer join item items1_ on player0_.id=items1_.player_id where player0_.id=?
20:24:25.274 [main] DEBUG org.hibernate.loader.plan.build.internal.spaces.QuerySpacesImpl - Adding QuerySpace : uid = <gen:0> -> org.hibernate.loader.plan.build.internal.spaces.EntityQuerySpaceImpl@335b3d6]
20:24:25.274 [main] DEBUG org.hibernate.persister.walking.spi.MetamodelGraphWalker - Visiting attribute path : heroclass
20:24:25.274 [main] DEBUG org.hibernate.persister.walking.spi.MetamodelGraphWalker - Visiting attribute path : items
20:24:25.274 [main] DEBUG org.hibernate.loader.plan.build.internal.spaces.QuerySpacesImpl - Adding QuerySpace : uid = <gen:1> -> org.hibernate.loader.plan.build.internal.spaces.CollectionQuerySpaceImpl@38848217]
20:24:25.274 [main] DEBUG org.hibernate.loader.plan.build.internal.spaces.QuerySpacesImpl - Adding QuerySpace : uid = <gen:2> -> org.hibernate.loader.plan.build.internal.spaces.EntityQuerySpaceImpl@1607d391]
20:24:25.274 [main] DEBUG org.hibernate.persister.walking.spi.MetamodelGraphWalker - Visiting attribute path : level
20:24:25.274 [main] DEBUG org.hibernate.persister.walking.spi.MetamodelGraphWalker - Visiting attribute path : name
20:24:25.274 [main] DEBUG org.hibernate.loader.plan.build.internal.FetchStyleLoadPlanBuildingAssociationVisitationStrategy - Building LoadPlan...
20:24:25.274 [main] DEBUG org.hibernate.loader.plan.exec.internal.LoadQueryJoinAndFetchProcessor - processing queryspace <gen:0>
20:24:25.274 [main] DEBUG org.hibernate.loader.plan.build.spi.LoadPlanTreePrinter - LoadPlan(entity=tau.mmo.domain.Player)
    - Returns
       - EntityReturnImpl(entity=tau.mmo.domain.Player, querySpaceUid=<gen:0>, path=tau.mmo.domain.Player)
          - CollectionAttributeFetchImpl(collection=tau.mmo.domain.Player.items, querySpaceUid=<gen:1>, path=tau.mmo.domain.Player.items)
             - (collection element) CollectionFetchableElementEntityGraph(entity=tau.mmo.domain.Item, querySpaceUid=<gen:2>, path=tau.mmo.domain.Player.items.<elements>)
    - QuerySpaces
       - EntityQuerySpaceImpl(uid=<gen:0>, entity=tau.mmo.domain.Player)
          - SQL table alias mapping - player0_
          - alias suffix - 0_
          - suffixed key columns - {id1_1_0_}

20:24:25.274 [main] DEBUG org.hibernate.loader.entity.plan.EntityLoader - Static select for entity tau.mmo.domain.Player [UPGRADE]: select player0_.id as id1_1_0_, player0_.heroclass as heroclas2_1_0_, player0_.level as level3_1_0_, player0_.name as name4_1_0_ from player player0_ where player0_.id=? for update
20:24:25.274 [main] DEBUG org.hibernate.loader.plan.build.internal.spaces.QuerySpacesImpl - Adding QuerySpace : uid = <gen:0> -> org.hibernate.loader.plan.build.internal.spaces.EntityQuerySpaceImpl@38826984]
20:24:25.274 [main] DEBUG org.hibernate.persister.walking.spi.MetamodelGraphWalker - Visiting attribute path : heroclass
20:24:25.274 [main] DEBUG org.hibernate.persister.walking.spi.MetamodelGraphWalker - Visiting attribute path : items
20:24:25.274 [main] DEBUG org.hibernate.loader.plan.build.internal.spaces.QuerySpacesImpl - Adding QuerySpace : uid = <gen:1> -> org.hibernate.loader.plan.build.internal.spaces.CollectionQuerySpaceImpl@792e8181]
20:24:25.274 [main] DEBUG org.hibernate.loader.plan.build.internal.spaces.QuerySpacesImpl - Adding QuerySpace : uid = <gen:2> -> org.hibernate.loader.plan.build.internal.spaces.EntityQuerySpaceImpl@511d5e6e]
20:24:25.274 [main] DEBUG org.hibernate.persister.walking.spi.MetamodelGraphWalker - Visiting attribute path : level
20:24:25.274 [main] DEBUG org.hibernate.persister.walking.spi.MetamodelGraphWalker - Visiting attribute path : name
20:24:25.274 [main] DEBUG org.hibernate.loader.plan.build.internal.FetchStyleLoadPlanBuildingAssociationVisitationStrategy - Building LoadPlan...
20:24:25.274 [main] DEBUG org.hibernate.loader.plan.exec.internal.LoadQueryJoinAndFetchProcessor - processing queryspace <gen:0>
20:24:25.275 [main] DEBUG org.hibernate.loader.plan.build.spi.LoadPlanTreePrinter - LoadPlan(entity=tau.mmo.domain.Player)
    - Returns
       - EntityReturnImpl(entity=tau.mmo.domain.Player, querySpaceUid=<gen:0>, path=tau.mmo.domain.Player)
          - CollectionAttributeFetchImpl(collection=tau.mmo.domain.Player.items, querySpaceUid=<gen:1>, path=tau.mmo.domain.Player.items)
             - (collection element) CollectionFetchableElementEntityGraph(entity=tau.mmo.domain.Item, querySpaceUid=<gen:2>, path=tau.mmo.domain.Player.items.<elements>)
    - QuerySpaces
       - EntityQuerySpaceImpl(uid=<gen:0>, entity=tau.mmo.domain.Player)
          - SQL table alias mapping - player0_
          - alias suffix - 0_
          - suffixed key columns - {id1_1_0_}

20:24:25.275 [main] DEBUG org.hibernate.loader.entity.plan.EntityLoader - Static select for entity tau.mmo.domain.Player [UPGRADE_NOWAIT]: select player0_.id as id1_1_0_, player0_.heroclass as heroclas2_1_0_, player0_.level as level3_1_0_, player0_.name as name4_1_0_ from player player0_ where player0_.id=? for update
20:24:25.275 [main] DEBUG org.hibernate.loader.plan.build.internal.spaces.QuerySpacesImpl - Adding QuerySpace : uid = <gen:0> -> org.hibernate.loader.plan.build.internal.spaces.EntityQuerySpaceImpl@7a78d380]
20:24:25.275 [main] DEBUG org.hibernate.persister.walking.spi.MetamodelGraphWalker - Visiting attribute path : heroclass
20:24:25.275 [main] DEBUG org.hibernate.persister.walking.spi.MetamodelGraphWalker - Visiting attribute path : items
20:24:25.275 [main] DEBUG org.hibernate.loader.plan.build.internal.spaces.QuerySpacesImpl - Adding QuerySpace : uid = <gen:1> -> org.hibernate.loader.plan.build.internal.spaces.CollectionQuerySpaceImpl@23bd2f6e]
20:24:25.275 [main] DEBUG org.hibernate.loader.plan.build.internal.spaces.QuerySpacesImpl - Adding QuerySpace : uid = <gen:2> -> org.hibernate.loader.plan.build.internal.spaces.EntityQuerySpaceImpl@18e8eb59]
20:24:25.275 [main] DEBUG org.hibernate.persister.walking.spi.MetamodelGraphWalker - Visiting attribute path : level
20:24:25.275 [main] DEBUG org.hibernate.persister.walking.spi.MetamodelGraphWalker - Visiting attribute path : name
20:24:25.275 [main] DEBUG org.hibernate.loader.plan.build.internal.FetchStyleLoadPlanBuildingAssociationVisitationStrategy - Building LoadPlan...
20:24:25.275 [main] DEBUG org.hibernate.loader.plan.exec.internal.LoadQueryJoinAndFetchProcessor - processing queryspace <gen:0>
20:24:25.275 [main] DEBUG org.hibernate.loader.plan.build.spi.LoadPlanTreePrinter - LoadPlan(entity=tau.mmo.domain.Player)
    - Returns
       - EntityReturnImpl(entity=tau.mmo.domain.Player, querySpaceUid=<gen:0>, path=tau.mmo.domain.Player)
          - CollectionAttributeFetchImpl(collection=tau.mmo.domain.Player.items, querySpaceUid=<gen:1>, path=tau.mmo.domain.Player.items)
             - (collection element) CollectionFetchableElementEntityGraph(entity=tau.mmo.domain.Item, querySpaceUid=<gen:2>, path=tau.mmo.domain.Player.items.<elements>)
    - QuerySpaces
       - EntityQuerySpaceImpl(uid=<gen:0>, entity=tau.mmo.domain.Player)
          - SQL table alias mapping - player0_
          - alias suffix - 0_
          - suffixed key columns - {id1_1_0_}

20:24:25.275 [main] DEBUG org.hibernate.loader.entity.plan.EntityLoader - Static select for entity tau.mmo.domain.Player [UPGRADE_SKIPLOCKED]: select player0_.id as id1_1_0_, player0_.heroclass as heroclas2_1_0_, player0_.level as level3_1_0_, player0_.name as name4_1_0_ from player player0_ where player0_.id=? for update
20:24:25.275 [main] DEBUG org.hibernate.loader.plan.build.internal.spaces.QuerySpacesImpl - Adding QuerySpace : uid = <gen:0> -> org.hibernate.loader.plan.build.internal.spaces.EntityQuerySpaceImpl@2430cf17]
20:24:25.275 [main] DEBUG org.hibernate.persister.walking.spi.MetamodelGraphWalker - Visiting attribute path : heroclass
20:24:25.275 [main] DEBUG org.hibernate.persister.walking.spi.MetamodelGraphWalker - Visiting attribute path : items
20:24:25.275 [main] DEBUG org.hibernate.loader.plan.build.internal.spaces.QuerySpacesImpl - Adding QuerySpace : uid = <gen:1> -> org.hibernate.loader.plan.build.internal.spaces.CollectionQuerySpaceImpl@54997f67]
20:24:25.275 [main] DEBUG org.hibernate.loader.plan.build.internal.spaces.QuerySpacesImpl - Adding QuerySpace : uid = <gen:2> -> org.hibernate.loader.plan.build.internal.spaces.EntityQuerySpaceImpl@bf4e48e]
20:24:25.275 [main] DEBUG org.hibernate.persister.walking.spi.MetamodelGraphWalker - Visiting attribute path : level
20:24:25.275 [main] DEBUG org.hibernate.persister.walking.spi.MetamodelGraphWalker - Visiting attribute path : name
20:24:25.275 [main] DEBUG org.hibernate.loader.plan.build.internal.FetchStyleLoadPlanBuildingAssociationVisitationStrategy - Building LoadPlan...
20:24:25.275 [main] DEBUG org.hibernate.loader.plan.exec.internal.LoadQueryJoinAndFetchProcessor - processing queryspace <gen:0>
20:24:25.275 [main] DEBUG org.hibernate.loader.plan.build.spi.LoadPlanTreePrinter - LoadPlan(entity=tau.mmo.domain.Player)
    - Returns
       - EntityReturnImpl(entity=tau.mmo.domain.Player, querySpaceUid=<gen:0>, path=tau.mmo.domain.Player)
          - CollectionAttributeFetchImpl(collection=tau.mmo.domain.Player.items, querySpaceUid=<gen:1>, path=tau.mmo.domain.Player.items)
             - (collection element) CollectionFetchableElementEntityGraph(entity=tau.mmo.domain.Item, querySpaceUid=<gen:2>, path=tau.mmo.domain.Player.items.<elements>)
    - QuerySpaces
       - EntityQuerySpaceImpl(uid=<gen:0>, entity=tau.mmo.domain.Player)
          - SQL table alias mapping - player0_
          - alias suffix - 0_
          - suffixed key columns - {id1_1_0_}

20:24:25.275 [main] DEBUG org.hibernate.loader.entity.plan.EntityLoader - Static select for entity tau.mmo.domain.Player [FORCE]: select player0_.id as id1_1_0_, player0_.heroclass as heroclas2_1_0_, player0_.level as level3_1_0_, player0_.name as name4_1_0_ from player player0_ where player0_.id=? for update
20:24:25.275 [main] DEBUG org.hibernate.loader.plan.build.internal.spaces.QuerySpacesImpl - Adding QuerySpace : uid = <gen:0> -> org.hibernate.loader.plan.build.internal.spaces.EntityQuerySpaceImpl@299eca90]
20:24:25.275 [main] DEBUG org.hibernate.persister.walking.spi.MetamodelGraphWalker - Visiting attribute path : heroclass
20:24:25.275 [main] DEBUG org.hibernate.persister.walking.spi.MetamodelGraphWalker - Visiting attribute path : items
20:24:25.275 [main] DEBUG org.hibernate.loader.plan.build.internal.spaces.QuerySpacesImpl - Adding QuerySpace : uid = <gen:1> -> org.hibernate.loader.plan.build.internal.spaces.CollectionQuerySpaceImpl@76b05c0]
20:24:25.275 [main] DEBUG org.hibernate.loader.plan.build.internal.spaces.QuerySpacesImpl - Adding QuerySpace : uid = <gen:2> -> org.hibernate.loader.plan.build.internal.spaces.EntityQuerySpaceImpl@2b974137]
20:24:25.275 [main] DEBUG org.hibernate.persister.walking.spi.MetamodelGraphWalker - Visiting attribute path : level
20:24:25.275 [main] DEBUG org.hibernate.persister.walking.spi.MetamodelGraphWalker - Visiting attribute path : name
20:24:25.276 [main] DEBUG org.hibernate.loader.plan.build.internal.FetchStyleLoadPlanBuildingAssociationVisitationStrategy - Building LoadPlan...
20:24:25.276 [main] DEBUG org.hibernate.loader.plan.exec.internal.LoadQueryJoinAndFetchProcessor - processing queryspace <gen:0>
20:24:25.276 [main] DEBUG org.hibernate.loader.plan.build.spi.LoadPlanTreePrinter - LoadPlan(entity=tau.mmo.domain.Player)
    - Returns
       - EntityReturnImpl(entity=tau.mmo.domain.Player, querySpaceUid=<gen:0>, path=tau.mmo.domain.Player)
          - CollectionAttributeFetchImpl(collection=tau.mmo.domain.Player.items, querySpaceUid=<gen:1>, path=tau.mmo.domain.Player.items)
             - (collection element) CollectionFetchableElementEntityGraph(entity=tau.mmo.domain.Item, querySpaceUid=<gen:2>, path=tau.mmo.domain.Player.items.<elements>)
    - QuerySpaces
       - EntityQuerySpaceImpl(uid=<gen:0>, entity=tau.mmo.domain.Player)
          - SQL table alias mapping - player0_
          - alias suffix - 0_
          - suffixed key columns - {id1_1_0_}

20:24:25.276 [main] DEBUG org.hibernate.loader.entity.plan.EntityLoader - Static select for entity tau.mmo.domain.Player [PESSIMISTIC_READ]: select player0_.id as id1_1_0_, player0_.heroclass as heroclas2_1_0_, player0_.level as level3_1_0_, player0_.name as name4_1_0_ from player player0_ where player0_.id=? for update
20:24:25.276 [main] DEBUG org.hibernate.loader.plan.build.internal.spaces.QuerySpacesImpl - Adding QuerySpace : uid = <gen:0> -> org.hibernate.loader.plan.build.internal.spaces.EntityQuerySpaceImpl@7402c49f]
20:24:25.276 [main] DEBUG org.hibernate.persister.walking.spi.MetamodelGraphWalker - Visiting attribute path : heroclass
20:24:25.276 [main] DEBUG org.hibernate.persister.walking.spi.MetamodelGraphWalker - Visiting attribute path : items
20:24:25.276 [main] DEBUG org.hibernate.loader.plan.build.internal.spaces.QuerySpacesImpl - Adding QuerySpace : uid = <gen:1> -> org.hibernate.loader.plan.build.internal.spaces.CollectionQuerySpaceImpl@2382b2f]
20:24:25.276 [main] DEBUG org.hibernate.loader.plan.build.internal.spaces.QuerySpacesImpl - Adding QuerySpace : uid = <gen:2> -> org.hibernate.loader.plan.build.internal.spaces.EntityQuerySpaceImpl@13374ca6]
20:24:25.276 [main] DEBUG org.hibernate.persister.walking.spi.MetamodelGraphWalker - Visiting attribute path : level
20:24:25.276 [main] DEBUG org.hibernate.persister.walking.spi.MetamodelGraphWalker - Visiting attribute path : name
20:24:25.276 [main] DEBUG org.hibernate.loader.plan.build.internal.FetchStyleLoadPlanBuildingAssociationVisitationStrategy - Building LoadPlan...
20:24:25.276 [main] DEBUG org.hibernate.loader.plan.exec.internal.LoadQueryJoinAndFetchProcessor - processing queryspace <gen:0>
20:24:25.276 [main] DEBUG org.hibernate.loader.plan.build.spi.LoadPlanTreePrinter - LoadPlan(entity=tau.mmo.domain.Player)
    - Returns
       - EntityReturnImpl(entity=tau.mmo.domain.Player, querySpaceUid=<gen:0>, path=tau.mmo.domain.Player)
          - CollectionAttributeFetchImpl(collection=tau.mmo.domain.Player.items, querySpaceUid=<gen:1>, path=tau.mmo.domain.Player.items)
             - (collection element) CollectionFetchableElementEntityGraph(entity=tau.mmo.domain.Item, querySpaceUid=<gen:2>, path=tau.mmo.domain.Player.items.<elements>)
    - QuerySpaces
       - EntityQuerySpaceImpl(uid=<gen:0>, entity=tau.mmo.domain.Player)
          - SQL table alias mapping - player0_
          - alias suffix - 0_
          - suffixed key columns - {id1_1_0_}

20:24:25.276 [main] DEBUG org.hibernate.loader.entity.plan.EntityLoader - Static select for entity tau.mmo.domain.Player [PESSIMISTIC_WRITE]: select player0_.id as id1_1_0_, player0_.heroclass as heroclas2_1_0_, player0_.level as level3_1_0_, player0_.name as name4_1_0_ from player player0_ where player0_.id=? for update
20:24:25.276 [main] DEBUG org.hibernate.loader.plan.build.internal.spaces.QuerySpacesImpl - Adding QuerySpace : uid = <gen:0> -> org.hibernate.loader.plan.build.internal.spaces.EntityQuerySpaceImpl@71734463]
20:24:25.276 [main] DEBUG org.hibernate.persister.walking.spi.MetamodelGraphWalker - Visiting attribute path : heroclass
20:24:25.276 [main] DEBUG org.hibernate.persister.walking.spi.MetamodelGraphWalker - Visiting attribute path : items
20:24:25.276 [main] DEBUG org.hibernate.loader.plan.build.internal.spaces.QuerySpacesImpl - Adding QuerySpace : uid = <gen:1> -> org.hibernate.loader.plan.build.internal.spaces.CollectionQuerySpaceImpl@7cbf4f8c]
20:24:25.276 [main] DEBUG org.hibernate.loader.plan.build.internal.spaces.QuerySpacesImpl - Adding QuerySpace : uid = <gen:2> -> org.hibernate.loader.plan.build.internal.spaces.EntityQuerySpaceImpl@55c46ec1]
20:24:25.276 [main] DEBUG org.hibernate.persister.walking.spi.MetamodelGraphWalker - Visiting attribute path : level
20:24:25.276 [main] DEBUG org.hibernate.persister.walking.spi.MetamodelGraphWalker - Visiting attribute path : name
20:24:25.276 [main] DEBUG org.hibernate.loader.plan.build.internal.FetchStyleLoadPlanBuildingAssociationVisitationStrategy - Building LoadPlan...
20:24:25.276 [main] DEBUG org.hibernate.loader.plan.exec.internal.LoadQueryJoinAndFetchProcessor - processing queryspace <gen:0>
20:24:25.276 [main] DEBUG org.hibernate.loader.plan.build.spi.LoadPlanTreePrinter - LoadPlan(entity=tau.mmo.domain.Player)
    - Returns
       - EntityReturnImpl(entity=tau.mmo.domain.Player, querySpaceUid=<gen:0>, path=tau.mmo.domain.Player)
          - CollectionAttributeFetchImpl(collection=tau.mmo.domain.Player.items, querySpaceUid=<gen:1>, path=tau.mmo.domain.Player.items)
             - (collection element) CollectionFetchableElementEntityGraph(entity=tau.mmo.domain.Item, querySpaceUid=<gen:2>, path=tau.mmo.domain.Player.items.<elements>)
    - QuerySpaces
       - EntityQuerySpaceImpl(uid=<gen:0>, entity=tau.mmo.domain.Player)
          - SQL table alias mapping - player0_
          - alias suffix - 0_
          - suffixed key columns - {id1_1_0_}

20:24:25.276 [main] DEBUG org.hibernate.loader.entity.plan.EntityLoader - Static select for entity tau.mmo.domain.Player [PESSIMISTIC_FORCE_INCREMENT]: select player0_.id as id1_1_0_, player0_.heroclass as heroclas2_1_0_, player0_.level as level3_1_0_, player0_.name as name4_1_0_ from player player0_ where player0_.id=? for update
20:24:25.277 [main] DEBUG org.hibernate.loader.plan.build.internal.spaces.QuerySpacesImpl - Adding QuerySpace : uid = <gen:0> -> org.hibernate.loader.plan.build.internal.spaces.EntityQuerySpaceImpl@3eff6846]
20:24:25.277 [main] DEBUG org.hibernate.persister.walking.spi.MetamodelGraphWalker - Visiting attribute path : heroclass
20:24:25.277 [main] DEBUG org.hibernate.persister.walking.spi.MetamodelGraphWalker - Visiting attribute path : items
20:24:25.277 [main] DEBUG org.hibernate.loader.plan.build.internal.spaces.QuerySpacesImpl - Adding QuerySpace : uid = <gen:1> -> org.hibernate.loader.plan.build.internal.spaces.CollectionQuerySpaceImpl@6ca33187]
20:24:25.277 [main] DEBUG org.hibernate.loader.plan.build.internal.spaces.QuerySpacesImpl - Adding QuerySpace : uid = <gen:2> -> org.hibernate.loader.plan.build.internal.spaces.EntityQuerySpaceImpl@1a67f8b4]
20:24:25.277 [main] DEBUG org.hibernate.persister.walking.spi.MetamodelGraphWalker - Visiting attribute path : level
20:24:25.277 [main] DEBUG org.hibernate.persister.walking.spi.MetamodelGraphWalker - Visiting attribute path : name
20:24:25.277 [main] DEBUG org.hibernate.loader.plan.build.internal.FetchStyleLoadPlanBuildingAssociationVisitationStrategy - Building LoadPlan...
20:24:25.277 [main] DEBUG org.hibernate.loader.plan.exec.internal.LoadQueryJoinAndFetchProcessor - processing queryspace <gen:0>
20:24:25.277 [main] DEBUG org.hibernate.loader.plan.build.spi.LoadPlanTreePrinter - LoadPlan(entity=tau.mmo.domain.Player)
    - Returns
       - EntityReturnImpl(entity=tau.mmo.domain.Player, querySpaceUid=<gen:0>, path=tau.mmo.domain.Player)
          - CollectionAttributeFetchImpl(collection=tau.mmo.domain.Player.items, querySpaceUid=<gen:1>, path=tau.mmo.domain.Player.items)
             - (collection element) CollectionFetchableElementEntityGraph(entity=tau.mmo.domain.Item, querySpaceUid=<gen:2>, path=tau.mmo.domain.Player.items.<elements>)
    - QuerySpaces
       - EntityQuerySpaceImpl(uid=<gen:0>, entity=tau.mmo.domain.Player)
          - SQL table alias mapping - player0_
          - alias suffix - 0_
          - suffixed key columns - {id1_1_0_}

20:24:25.277 [main] DEBUG org.hibernate.loader.entity.plan.EntityLoader - Static select for entity tau.mmo.domain.Player [OPTIMISTIC]: select player0_.id as id1_1_0_, player0_.heroclass as heroclas2_1_0_, player0_.level as level3_1_0_, player0_.name as name4_1_0_ from player player0_ where player0_.id=?
20:24:25.278 [main] DEBUG org.hibernate.loader.plan.build.internal.spaces.QuerySpacesImpl - Adding QuerySpace : uid = <gen:0> -> org.hibernate.loader.plan.build.internal.spaces.EntityQuerySpaceImpl@5f1f0ee6]
20:24:25.278 [main] DEBUG org.hibernate.persister.walking.spi.MetamodelGraphWalker - Visiting attribute path : heroclass
20:24:25.278 [main] DEBUG org.hibernate.persister.walking.spi.MetamodelGraphWalker - Visiting attribute path : items
20:24:25.278 [main] DEBUG org.hibernate.loader.plan.build.internal.spaces.QuerySpacesImpl - Adding QuerySpace : uid = <gen:1> -> org.hibernate.loader.plan.build.internal.spaces.CollectionQuerySpaceImpl@76fc5687]
20:24:25.278 [main] DEBUG org.hibernate.loader.plan.build.internal.spaces.QuerySpacesImpl - Adding QuerySpace : uid = <gen:2> -> org.hibernate.loader.plan.build.internal.spaces.EntityQuerySpaceImpl@53fbb2b4]
20:24:25.278 [main] DEBUG org.hibernate.persister.walking.spi.MetamodelGraphWalker - Visiting attribute path : level
20:24:25.278 [main] DEBUG org.hibernate.persister.walking.spi.MetamodelGraphWalker - Visiting attribute path : name
20:24:25.278 [main] DEBUG org.hibernate.loader.plan.build.internal.FetchStyleLoadPlanBuildingAssociationVisitationStrategy - Building LoadPlan...
20:24:25.278 [main] DEBUG org.hibernate.loader.plan.exec.internal.LoadQueryJoinAndFetchProcessor - processing queryspace <gen:0>
20:24:25.278 [main] DEBUG org.hibernate.loader.plan.build.spi.LoadPlanTreePrinter - LoadPlan(entity=tau.mmo.domain.Player)
    - Returns
       - EntityReturnImpl(entity=tau.mmo.domain.Player, querySpaceUid=<gen:0>, path=tau.mmo.domain.Player)
          - CollectionAttributeFetchImpl(collection=tau.mmo.domain.Player.items, querySpaceUid=<gen:1>, path=tau.mmo.domain.Player.items)
             - (collection element) CollectionFetchableElementEntityGraph(entity=tau.mmo.domain.Item, querySpaceUid=<gen:2>, path=tau.mmo.domain.Player.items.<elements>)
    - QuerySpaces
       - EntityQuerySpaceImpl(uid=<gen:0>, entity=tau.mmo.domain.Player)
          - SQL table alias mapping - player0_
          - alias suffix - 0_
          - suffixed key columns - {id1_1_0_}

20:24:25.278 [main] DEBUG org.hibernate.loader.entity.plan.EntityLoader - Static select for entity tau.mmo.domain.Player [OPTIMISTIC_FORCE_INCREMENT]: select player0_.id as id1_1_0_, player0_.heroclass as heroclas2_1_0_, player0_.level as level3_1_0_, player0_.name as name4_1_0_ from player player0_ where player0_.id=?
20:24:25.278 [main] DEBUG org.hibernate.loader.Loader - Static select for action ACTION_MERGE on entity tau.mmo.domain.Player: select player0_.id as id1_1_0_, player0_.heroclass as heroclas2_1_0_, player0_.level as level3_1_0_, player0_.name as name4_1_0_ from player player0_ where player0_.id=?
20:24:25.278 [main] DEBUG org.hibernate.loader.Loader - Static select for action ACTION_REFRESH on entity tau.mmo.domain.Player: select player0_.id as id1_1_0_, player0_.heroclass as heroclas2_1_0_, player0_.level as level3_1_0_, player0_.name as name4_1_0_ from player player0_ where player0_.id=?
20:24:25.278 [main] DEBUG org.hibernate.loader.plan.build.internal.spaces.QuerySpacesImpl - Adding QuerySpace : uid = <gen:0> -> org.hibernate.loader.plan.build.internal.spaces.CollectionQuerySpaceImpl@7434ee13]
20:24:25.278 [main] DEBUG org.hibernate.loader.plan.build.internal.spaces.QuerySpacesImpl - Adding QuerySpace : uid = <gen:1> -> org.hibernate.loader.plan.build.internal.spaces.EntityQuerySpaceImpl@44a14de0]
20:24:25.278 [main] DEBUG org.hibernate.persister.walking.spi.MetamodelGraphWalker - Visiting attribute path : itemclass
20:24:25.278 [main] DEBUG org.hibernate.persister.walking.spi.MetamodelGraphWalker - Visiting attribute path : levelreq
20:24:25.279 [main] DEBUG org.hibernate.persister.walking.spi.MetamodelGraphWalker - Visiting attribute path : name
20:24:25.279 [main] DEBUG org.hibernate.persister.walking.spi.MetamodelGraphWalker - Visiting attribute path : player
20:24:25.279 [main] DEBUG org.hibernate.persister.walking.spi.MetamodelGraphWalker - Property path deemed to be circular : player
20:24:25.279 [main] DEBUG org.hibernate.loader.plan.build.internal.FetchStyleLoadPlanBuildingAssociationVisitationStrategy - Building LoadPlan...
20:24:25.279 [main] DEBUG org.hibernate.loader.plan.exec.internal.LoadQueryJoinAndFetchProcessor - processing queryspace <gen:0>
20:24:25.279 [main] DEBUG org.hibernate.loader.plan.build.spi.LoadPlanTreePrinter - LoadPlan(collection=tau.mmo.domain.Player.items)
    - Returns
       - CollectionReturnImpl(collection=tau.mmo.domain.Player.items, querySpaceUid=<gen:0>, path=[tau.mmo.domain.Player.items])
          - (collection element) CollectionFetchableElementEntityGraph(entity=tau.mmo.domain.Item, querySpaceUid=<gen:1>, path=[tau.mmo.domain.Player.items].<elements>)
    - QuerySpaces
       - CollectionQuerySpaceImpl(uid=<gen:0>, collection=tau.mmo.domain.Player.items)
          - SQL table alias mapping - items0_
          - alias suffix - 0_
          - suffixed key columns - {player_i5_0_0_}
          - entity-element alias suffix - 1_
          - 1_entity-element suffixed key columns - id1_0_1_
          - JOIN (JoinDefinedByMetadata(elements)) : <gen:0> -> <gen:1>
             - EntityQuerySpaceImpl(uid=<gen:1>, entity=tau.mmo.domain.Item)
                - SQL table alias mapping - items0_
                - alias suffix - 1_
                - suffixed key columns - {id1_0_1_}

20:24:25.279 [main] DEBUG org.hibernate.loader.collection.plan.CollectionLoader - Static select for collection tau.mmo.domain.Player.items: select items0_.player_id as player_i5_0_0_, items0_.id as id1_0_0_, items0_.id as id1_0_1_, items0_.itemclass as itemclas2_0_1_, items0_.levelreq as levelreq3_0_1_, items0_.name as name4_0_1_, items0_.player_id as player_i5_0_1_ from item items0_ where items0_.player_id=?
20:24:25.279 [main] DEBUG org.hibernate.internal.SessionFactoryImpl - Instantiated session factory
20:24:25.280 [main] DEBUG org.springframework.jdbc.datasource.DriverManagerDataSource - Creating new JDBC DriverManager Connection to [jdbc:hsqldb:hsql://localhost/workdb]
20:24:25.280 [main] DEBUG org.hibernate.engine.jdbc.spi.SqlExceptionHelper - Unable to open JDBC Connection for DDL execution [n/a]
java.sql.SQLTransientConnectionException: java.net.ConnectException: Połączenie odrzucone (Connection refused)
	at org.hsqldb.jdbc.JDBCUtil.sqlException(Unknown Source)
	at org.hsqldb.jdbc.JDBCUtil.sqlException(Unknown Source)
	at org.hsqldb.jdbc.JDBCConnection.<init>(Unknown Source)
	at org.hsqldb.jdbc.JDBCDriver.getConnection(Unknown Source)
	at org.hsqldb.jdbc.JDBCDriver.connect(Unknown Source)
	at java.sql/java.sql.DriverManager.getConnection(DriverManager.java:677)
	at java.sql/java.sql.DriverManager.getConnection(DriverManager.java:189)
	at org.springframework.jdbc.datasource.DriverManagerDataSource.getConnectionFromDriverManager(DriverManagerDataSource.java:154)
	at org.springframework.jdbc.datasource.DriverManagerDataSource.getConnectionFromDriver(DriverManagerDataSource.java:145)
	at org.springframework.jdbc.datasource.AbstractDriverBasedDataSource.getConnectionFromDriver(AbstractDriverBasedDataSource.java:205)
	at org.springframework.jdbc.datasource.AbstractDriverBasedDataSource.getConnection(AbstractDriverBasedDataSource.java:169)
	at org.hibernate.engine.jdbc.connections.internal.DatasourceConnectionProviderImpl.getConnection(DatasourceConnectionProviderImpl.java:122)
	at org.hibernate.engine.jdbc.env.internal.JdbcEnvironmentInitiator$ConnectionProviderJdbcConnectionAccess.obtainConnection(JdbcEnvironmentInitiator.java:180)
	at org.hibernate.resource.transaction.backend.jdbc.internal.DdlTransactionIsolatorNonJtaImpl.getIsolatedConnection(DdlTransactionIsolatorNonJtaImpl.java:43)
	at org.hibernate.tool.schema.internal.exec.ImprovedExtractionContextImpl.getJdbcConnection(ImprovedExtractionContextImpl.java:60)
	at org.hibernate.tool.schema.extract.internal.SequenceInformationExtractorLegacyImpl.extractMetadata(SequenceInformationExtractorLegacyImpl.java:40)
	at org.hibernate.tool.schema.extract.internal.DatabaseInformationImpl.initializeSequences(DatabaseInformationImpl.java:65)
	at org.hibernate.tool.schema.extract.internal.DatabaseInformationImpl.<init>(DatabaseInformationImpl.java:59)
	at org.hibernate.tool.schema.internal.Helper.buildDatabaseInformation(Helper.java:130)
	at org.hibernate.tool.schema.internal.AbstractSchemaMigrator.doMigration(AbstractSchemaMigrator.java:92)
	at org.hibernate.tool.schema.spi.SchemaManagementToolCoordinator.performDatabaseAction(SchemaManagementToolCoordinator.java:176)
	at org.hibernate.tool.schema.spi.SchemaManagementToolCoordinator.process(SchemaManagementToolCoordinator.java:65)
	at org.hibernate.internal.SessionFactoryImpl.<init>(SessionFactoryImpl.java:459)
	at org.hibernate.boot.internal.SessionFactoryBuilderImpl.build(SessionFactoryBuilderImpl.java:465)
	at org.hibernate.cfg.Configuration.buildSessionFactory(Configuration.java:711)
	at org.hibernate.cfg.Configuration.buildSessionFactory(Configuration.java:727)
	at org.springframework.orm.hibernate5.LocalSessionFactoryBean.buildSessionFactory(LocalSessionFactoryBean.java:615)
	at org.springframework.orm.hibernate5.LocalSessionFactoryBean.afterPropertiesSet(LocalSessionFactoryBean.java:599)
	at org.springframework.beans.factory.support.AbstractAutowireCapableBeanFactory.invokeInitMethods(AbstractAutowireCapableBeanFactory.java:1837)
	at org.springframework.beans.factory.support.AbstractAutowireCapableBeanFactory.initializeBean(AbstractAutowireCapableBeanFactory.java:1774)
	at org.springframework.beans.factory.support.AbstractAutowireCapableBeanFactory.doCreateBean(AbstractAutowireCapableBeanFactory.java:593)
	at org.springframework.beans.factory.support.AbstractAutowireCapableBeanFactory.createBean(AbstractAutowireCapableBeanFactory.java:515)
	at org.springframework.beans.factory.support.AbstractBeanFactory.lambda$doGetBean$0(AbstractBeanFactory.java:320)
	at org.springframework.beans.factory.support.DefaultSingletonBeanRegistry.getSingleton(DefaultSingletonBeanRegistry.java:222)
	at org.springframework.beans.factory.support.AbstractBeanFactory.doGetBean(AbstractBeanFactory.java:318)
	at org.springframework.beans.factory.support.AbstractBeanFactory.getBean(AbstractBeanFactory.java:199)
	at org.springframework.beans.factory.config.DependencyDescriptor.resolveCandidate(DependencyDescriptor.java:277)
	at org.springframework.beans.factory.support.DefaultListableBeanFactory.doResolveDependency(DefaultListableBeanFactory.java:1247)
	at org.springframework.beans.factory.support.DefaultListableBeanFactory.resolveDependency(DefaultListableBeanFactory.java:1167)
	at org.springframework.beans.factory.annotation.AutowiredAnnotationBeanPostProcessor$AutowiredFieldElement.inject(AutowiredAnnotationBeanPostProcessor.java:593)
	at org.springframework.beans.factory.annotation.InjectionMetadata.inject(InjectionMetadata.java:90)
	at org.springframework.beans.factory.annotation.AutowiredAnnotationBeanPostProcessor.postProcessProperties(AutowiredAnnotationBeanPostProcessor.java:374)
	at org.springframework.beans.factory.support.AbstractAutowireCapableBeanFactory.populateBean(AbstractAutowireCapableBeanFactory.java:1411)
	at org.springframework.beans.factory.support.AbstractAutowireCapableBeanFactory.doCreateBean(AbstractAutowireCapableBeanFactory.java:592)
	at org.springframework.beans.factory.support.AbstractAutowireCapableBeanFactory.createBean(AbstractAutowireCapableBeanFactory.java:515)
	at org.springframework.beans.factory.support.AbstractBeanFactory.lambda$doGetBean$0(AbstractBeanFactory.java:320)
	at org.springframework.beans.factory.support.DefaultSingletonBeanRegistry.getSingleton(DefaultSingletonBeanRegistry.java:222)
	at org.springframework.beans.factory.support.AbstractBeanFactory.doGetBean(AbstractBeanFactory.java:318)
	at org.springframework.beans.factory.support.AbstractBeanFactory.getBean(AbstractBeanFactory.java:199)
	at org.springframework.beans.factory.config.DependencyDescriptor.resolveCandidate(DependencyDescriptor.java:277)
	at org.springframework.beans.factory.support.DefaultListableBeanFactory.doResolveDependency(DefaultListableBeanFactory.java:1247)
	at org.springframework.beans.factory.support.DefaultListableBeanFactory.resolveDependency(DefaultListableBeanFactory.java:1167)
	at org.springframework.beans.factory.annotation.AutowiredAnnotationBeanPostProcessor$AutowiredFieldElement.inject(AutowiredAnnotationBeanPostProcessor.java:593)
	at org.springframework.beans.factory.annotation.InjectionMetadata.inject(InjectionMetadata.java:90)
	at org.springframework.beans.factory.annotation.AutowiredAnnotationBeanPostProcessor.postProcessProperties(AutowiredAnnotationBeanPostProcessor.java:374)
	at org.springframework.beans.factory.support.AbstractAutowireCapableBeanFactory.populateBean(AbstractAutowireCapableBeanFactory.java:1411)
	at org.springframework.beans.factory.support.AbstractAutowireCapableBeanFactory.doCreateBean(AbstractAutowireCapableBeanFactory.java:592)
	at org.springframework.beans.factory.support.AbstractAutowireCapableBeanFactory.createBean(AbstractAutowireCapableBeanFactory.java:515)
	at org.springframework.beans.factory.support.AbstractBeanFactory.lambda$doGetBean$0(AbstractBeanFactory.java:320)
	at org.springframework.beans.factory.support.DefaultSingletonBeanRegistry.getSingleton(DefaultSingletonBeanRegistry.java:222)
	at org.springframework.beans.factory.support.AbstractBeanFactory.doGetBean(AbstractBeanFactory.java:318)
	at org.springframework.beans.factory.support.AbstractBeanFactory.getBean(AbstractBeanFactory.java:199)
	at org.springframework.beans.factory.support.DefaultListableBeanFactory.preInstantiateSingletons(DefaultListableBeanFactory.java:849)
	at org.springframework.context.support.AbstractApplicationContext.finishBeanFactoryInitialization(AbstractApplicationContext.java:877)
	at org.springframework.context.support.AbstractApplicationContext.refresh(AbstractApplicationContext.java:549)
	at org.springframework.test.context.support.AbstractGenericContextLoader.loadContext(AbstractGenericContextLoader.java:128)
	at org.springframework.test.context.support.AbstractGenericContextLoader.loadContext(AbstractGenericContextLoader.java:60)
	at org.springframework.test.context.support.AbstractDelegatingSmartContextLoader.delegateLoading(AbstractDelegatingSmartContextLoader.java:275)
	at org.springframework.test.context.support.AbstractDelegatingSmartContextLoader.loadContext(AbstractDelegatingSmartContextLoader.java:243)
	at org.springframework.test.context.cache.DefaultCacheAwareContextLoaderDelegate.loadContextInternal(DefaultCacheAwareContextLoaderDelegate.java:99)
	at org.springframework.test.context.cache.DefaultCacheAwareContextLoaderDelegate.loadContext(DefaultCacheAwareContextLoaderDelegate.java:117)
	at org.springframework.test.context.support.DefaultTestContext.getApplicationContext(DefaultTestContext.java:108)
	at org.springframework.test.context.support.DependencyInjectionTestExecutionListener.injectDependencies(DependencyInjectionTestExecutionListener.java:118)
	at org.springframework.test.context.support.DependencyInjectionTestExecutionListener.prepareTestInstance(DependencyInjectionTestExecutionListener.java:83)
	at org.springframework.test.context.TestContextManager.prepareTestInstance(TestContextManager.java:246)
	at org.springframework.test.context.junit4.SpringJUnit4ClassRunner.createTest(SpringJUnit4ClassRunner.java:227)
	at org.springframework.test.context.junit4.SpringJUnit4ClassRunner$1.runReflectiveCall(SpringJUnit4ClassRunner.java:289)
	at org.junit.internal.runners.model.ReflectiveCallable.run(ReflectiveCallable.java:12)
	at org.springframework.test.context.junit4.SpringJUnit4ClassRunner.methodBlock(SpringJUnit4ClassRunner.java:291)
	at org.springframework.test.context.junit4.SpringJUnit4ClassRunner.runChild(SpringJUnit4ClassRunner.java:246)
	at org.springframework.test.context.junit4.SpringJUnit4ClassRunner.runChild(SpringJUnit4ClassRunner.java:97)
	at org.junit.runners.ParentRunner$3.run(ParentRunner.java:290)
	at org.junit.runners.ParentRunner$1.schedule(ParentRunner.java:71)
	at org.junit.runners.ParentRunner.runChildren(ParentRunner.java:288)
	at org.junit.runners.ParentRunner.access$000(ParentRunner.java:58)
	at org.junit.runners.ParentRunner$2.evaluate(ParentRunner.java:268)
	at org.springframework.test.context.junit4.statements.RunBeforeTestClassCallbacks.evaluate(RunBeforeTestClassCallbacks.java:61)
	at org.springframework.test.context.junit4.statements.RunAfterTestClassCallbacks.evaluate(RunAfterTestClassCallbacks.java:70)
	at org.junit.runners.ParentRunner.run(ParentRunner.java:363)
	at org.springframework.test.context.junit4.SpringJUnit4ClassRunner.run(SpringJUnit4ClassRunner.java:190)
	at org.apache.maven.surefire.junit4.JUnit4Provider.execute(JUnit4Provider.java:365)
	at org.apache.maven.surefire.junit4.JUnit4Provider.executeWithRerun(JUnit4Provider.java:273)
	at org.apache.maven.surefire.junit4.JUnit4Provider.executeTestSet(JUnit4Provider.java:238)
	at org.apache.maven.surefire.junit4.JUnit4Provider.invoke(JUnit4Provider.java:159)
	at org.apache.maven.surefire.booter.ForkedBooter.invokeProviderInSameClassLoader(ForkedBooter.java:384)
	at org.apache.maven.surefire.booter.ForkedBooter.runSuitesInProcess(ForkedBooter.java:345)
	at org.apache.maven.surefire.booter.ForkedBooter.execute(ForkedBooter.java:126)
	at org.apache.maven.surefire.booter.ForkedBooter.main(ForkedBooter.java:418)
Caused by: org.hsqldb.HsqlException: java.net.ConnectException: Połączenie odrzucone (Connection refused)
	at org.hsqldb.ClientConnection.openConnection(Unknown Source)
	at org.hsqldb.ClientConnection.initConnection(Unknown Source)
	at org.hsqldb.ClientConnection.<init>(Unknown Source)
	... 96 common frames omitted
Caused by: java.net.ConnectException: Połączenie odrzucone (Connection refused)
	at java.base/java.net.PlainSocketImpl.socketConnect(Native Method)
	at java.base/java.net.AbstractPlainSocketImpl.doConnect(AbstractPlainSocketImpl.java:399)
	at java.base/java.net.AbstractPlainSocketImpl.connectToAddress(AbstractPlainSocketImpl.java:242)
	at java.base/java.net.AbstractPlainSocketImpl.connect(AbstractPlainSocketImpl.java:224)
	at java.base/java.net.SocksSocketImpl.connect(SocksSocketImpl.java:403)
	at java.base/java.net.Socket.connect(Socket.java:591)
	at java.base/java.net.Socket.connect(Socket.java:540)
	at java.base/java.net.Socket.<init>(Socket.java:436)
	at java.base/java.net.Socket.<init>(Socket.java:213)
	at org.hsqldb.server.HsqlSocketFactory.createSocket(Unknown Source)
	... 99 common frames omitted
20:24:25.281 [main] WARN org.hibernate.engine.jdbc.spi.SqlExceptionHelper - SQL Error: -1301, SQLState: 08001
20:24:25.281 [main] ERROR org.hibernate.engine.jdbc.spi.SqlExceptionHelper - java.net.ConnectException: Połączenie odrzucone (Connection refused)
20:24:25.281 [main] WARN org.springframework.context.support.GenericApplicationContext - Exception encountered during context initialization - cancelling refresh attempt: org.springframework.beans.factory.UnsatisfiedDependencyException: Error creating bean with name 'playerController': Unsatisfied dependency expressed through field 'playerManager'; nested exception is org.springframework.beans.factory.UnsatisfiedDependencyException: Error creating bean with name 'playerManagerHibernateImpl': Unsatisfied dependency expressed through field 'sessionFactory'; nested exception is org.springframework.beans.factory.BeanCreationException: Error creating bean with name 'hibernateSessionFactory' defined in class path resource [beans.xml]: Invocation of init method failed; nested exception is org.hibernate.exception.JDBCConnectionException: Unable to open JDBC Connection for DDL execution
20:24:25.281 [main] ERROR org.springframework.test.context.TestContextManager - Caught exception while allowing TestExecutionListener [org.springframework.test.context.support.DependencyInjectionTestExecutionListener@6a400542] to prepare test instance [tau.mmo.service.PlayerManagerTest@3fe8ad3f]
java.lang.IllegalStateException: Failed to load ApplicationContext
	at org.springframework.test.context.cache.DefaultCacheAwareContextLoaderDelegate.loadContext(DefaultCacheAwareContextLoaderDelegate.java:125)
	at org.springframework.test.context.support.DefaultTestContext.getApplicationContext(DefaultTestContext.java:108)
	at org.springframework.test.context.support.DependencyInjectionTestExecutionListener.injectDependencies(DependencyInjectionTestExecutionListener.java:118)
	at org.springframework.test.context.support.DependencyInjectionTestExecutionListener.prepareTestInstance(DependencyInjectionTestExecutionListener.java:83)
	at org.springframework.test.context.TestContextManager.prepareTestInstance(TestContextManager.java:246)
	at org.springframework.test.context.junit4.SpringJUnit4ClassRunner.createTest(SpringJUnit4ClassRunner.java:227)
	at org.springframework.test.context.junit4.SpringJUnit4ClassRunner$1.runReflectiveCall(SpringJUnit4ClassRunner.java:289)
	at org.junit.internal.runners.model.ReflectiveCallable.run(ReflectiveCallable.java:12)
	at org.springframework.test.context.junit4.SpringJUnit4ClassRunner.methodBlock(SpringJUnit4ClassRunner.java:291)
	at org.springframework.test.context.junit4.SpringJUnit4ClassRunner.runChild(SpringJUnit4ClassRunner.java:246)
	at org.springframework.test.context.junit4.SpringJUnit4ClassRunner.runChild(SpringJUnit4ClassRunner.java:97)
	at org.junit.runners.ParentRunner$3.run(ParentRunner.java:290)
	at org.junit.runners.ParentRunner$1.schedule(ParentRunner.java:71)
	at org.junit.runners.ParentRunner.runChildren(ParentRunner.java:288)
	at org.junit.runners.ParentRunner.access$000(ParentRunner.java:58)
	at org.junit.runners.ParentRunner$2.evaluate(ParentRunner.java:268)
	at org.springframework.test.context.junit4.statements.RunBeforeTestClassCallbacks.evaluate(RunBeforeTestClassCallbacks.java:61)
	at org.springframework.test.context.junit4.statements.RunAfterTestClassCallbacks.evaluate(RunAfterTestClassCallbacks.java:70)
	at org.junit.runners.ParentRunner.run(ParentRunner.java:363)
	at org.springframework.test.context.junit4.SpringJUnit4ClassRunner.run(SpringJUnit4ClassRunner.java:190)
	at org.apache.maven.surefire.junit4.JUnit4Provider.execute(JUnit4Provider.java:365)
	at org.apache.maven.surefire.junit4.JUnit4Provider.executeWithRerun(JUnit4Provider.java:273)
	at org.apache.maven.surefire.junit4.JUnit4Provider.executeTestSet(JUnit4Provider.java:238)
	at org.apache.maven.surefire.junit4.JUnit4Provider.invoke(JUnit4Provider.java:159)
	at org.apache.maven.surefire.booter.ForkedBooter.invokeProviderInSameClassLoader(ForkedBooter.java:384)
	at org.apache.maven.surefire.booter.ForkedBooter.runSuitesInProcess(ForkedBooter.java:345)
	at org.apache.maven.surefire.booter.ForkedBooter.execute(ForkedBooter.java:126)
	at org.apache.maven.surefire.booter.ForkedBooter.main(ForkedBooter.java:418)
Caused by: org.springframework.beans.factory.UnsatisfiedDependencyException: Error creating bean with name 'playerController': Unsatisfied dependency expressed through field 'playerManager'; nested exception is org.springframework.beans.factory.UnsatisfiedDependencyException: Error creating bean with name 'playerManagerHibernateImpl': Unsatisfied dependency expressed through field 'sessionFactory'; nested exception is org.springframework.beans.factory.BeanCreationException: Error creating bean with name 'hibernateSessionFactory' defined in class path resource [beans.xml]: Invocation of init method failed; nested exception is org.hibernate.exception.JDBCConnectionException: Unable to open JDBC Connection for DDL execution
	at org.springframework.beans.factory.annotation.AutowiredAnnotationBeanPostProcessor$AutowiredFieldElement.inject(AutowiredAnnotationBeanPostProcessor.java:596)
	at org.springframework.beans.factory.annotation.InjectionMetadata.inject(InjectionMetadata.java:90)
	at org.springframework.beans.factory.annotation.AutowiredAnnotationBeanPostProcessor.postProcessProperties(AutowiredAnnotationBeanPostProcessor.java:374)
	at org.springframework.beans.factory.support.AbstractAutowireCapableBeanFactory.populateBean(AbstractAutowireCapableBeanFactory.java:1411)
	at org.springframework.beans.factory.support.AbstractAutowireCapableBeanFactory.doCreateBean(AbstractAutowireCapableBeanFactory.java:592)
	at org.springframework.beans.factory.support.AbstractAutowireCapableBeanFactory.createBean(AbstractAutowireCapableBeanFactory.java:515)
	at org.springframework.beans.factory.support.AbstractBeanFactory.lambda$doGetBean$0(AbstractBeanFactory.java:320)
	at org.springframework.beans.factory.support.DefaultSingletonBeanRegistry.getSingleton(DefaultSingletonBeanRegistry.java:222)
	at org.springframework.beans.factory.support.AbstractBeanFactory.doGetBean(AbstractBeanFactory.java:318)
	at org.springframework.beans.factory.support.AbstractBeanFactory.getBean(AbstractBeanFactory.java:199)
	at org.springframework.beans.factory.support.DefaultListableBeanFactory.preInstantiateSingletons(DefaultListableBeanFactory.java:849)
	at org.springframework.context.support.AbstractApplicationContext.finishBeanFactoryInitialization(AbstractApplicationContext.java:877)
	at org.springframework.context.support.AbstractApplicationContext.refresh(AbstractApplicationContext.java:549)
	at org.springframework.test.context.support.AbstractGenericContextLoader.loadContext(AbstractGenericContextLoader.java:128)
	at org.springframework.test.context.support.AbstractGenericContextLoader.loadContext(AbstractGenericContextLoader.java:60)
	at org.springframework.test.context.support.AbstractDelegatingSmartContextLoader.delegateLoading(AbstractDelegatingSmartContextLoader.java:275)
	at org.springframework.test.context.support.AbstractDelegatingSmartContextLoader.loadContext(AbstractDelegatingSmartContextLoader.java:243)
	at org.springframework.test.context.cache.DefaultCacheAwareContextLoaderDelegate.loadContextInternal(DefaultCacheAwareContextLoaderDelegate.java:99)
	at org.springframework.test.context.cache.DefaultCacheAwareContextLoaderDelegate.loadContext(DefaultCacheAwareContextLoaderDelegate.java:117)
	... 27 common frames omitted
Caused by: org.springframework.beans.factory.UnsatisfiedDependencyException: Error creating bean with name 'playerManagerHibernateImpl': Unsatisfied dependency expressed through field 'sessionFactory'; nested exception is org.springframework.beans.factory.BeanCreationException: Error creating bean with name 'hibernateSessionFactory' defined in class path resource [beans.xml]: Invocation of init method failed; nested exception is org.hibernate.exception.JDBCConnectionException: Unable to open JDBC Connection for DDL execution
	at org.springframework.beans.factory.annotation.AutowiredAnnotationBeanPostProcessor$AutowiredFieldElement.inject(AutowiredAnnotationBeanPostProcessor.java:596)
	at org.springframework.beans.factory.annotation.InjectionMetadata.inject(InjectionMetadata.java:90)
	at org.springframework.beans.factory.annotation.AutowiredAnnotationBeanPostProcessor.postProcessProperties(AutowiredAnnotationBeanPostProcessor.java:374)
	at org.springframework.beans.factory.support.AbstractAutowireCapableBeanFactory.populateBean(AbstractAutowireCapableBeanFactory.java:1411)
	at org.springframework.beans.factory.support.AbstractAutowireCapableBeanFactory.doCreateBean(AbstractAutowireCapableBeanFactory.java:592)
	at org.springframework.beans.factory.support.AbstractAutowireCapableBeanFactory.createBean(AbstractAutowireCapableBeanFactory.java:515)
	at org.springframework.beans.factory.support.AbstractBeanFactory.lambda$doGetBean$0(AbstractBeanFactory.java:320)
	at org.springframework.beans.factory.support.DefaultSingletonBeanRegistry.getSingleton(DefaultSingletonBeanRegistry.java:222)
	at org.springframework.beans.factory.support.AbstractBeanFactory.doGetBean(AbstractBeanFactory.java:318)
	at org.springframework.beans.factory.support.AbstractBeanFactory.getBean(AbstractBeanFactory.java:199)
	at org.springframework.beans.factory.config.DependencyDescriptor.resolveCandidate(DependencyDescriptor.java:277)
	at org.springframework.beans.factory.support.DefaultListableBeanFactory.doResolveDependency(DefaultListableBeanFactory.java:1247)
	at org.springframework.beans.factory.support.DefaultListableBeanFactory.resolveDependency(DefaultListableBeanFactory.java:1167)
	at org.springframework.beans.factory.annotation.AutowiredAnnotationBeanPostProcessor$AutowiredFieldElement.inject(AutowiredAnnotationBeanPostProcessor.java:593)
	... 45 common frames omitted
Caused by: org.springframework.beans.factory.BeanCreationException: Error creating bean with name 'hibernateSessionFactory' defined in class path resource [beans.xml]: Invocation of init method failed; nested exception is org.hibernate.exception.JDBCConnectionException: Unable to open JDBC Connection for DDL execution
	at org.springframework.beans.factory.support.AbstractAutowireCapableBeanFactory.initializeBean(AbstractAutowireCapableBeanFactory.java:1778)
	at org.springframework.beans.factory.support.AbstractAutowireCapableBeanFactory.doCreateBean(AbstractAutowireCapableBeanFactory.java:593)
	at org.springframework.beans.factory.support.AbstractAutowireCapableBeanFactory.createBean(AbstractAutowireCapableBeanFactory.java:515)
	at org.springframework.beans.factory.support.AbstractBeanFactory.lambda$doGetBean$0(AbstractBeanFactory.java:320)
	at org.springframework.beans.factory.support.DefaultSingletonBeanRegistry.getSingleton(DefaultSingletonBeanRegistry.java:222)
	at org.springframework.beans.factory.support.AbstractBeanFactory.doGetBean(AbstractBeanFactory.java:318)
	at org.springframework.beans.factory.support.AbstractBeanFactory.getBean(AbstractBeanFactory.java:199)
	at org.springframework.beans.factory.config.DependencyDescriptor.resolveCandidate(DependencyDescriptor.java:277)
	at org.springframework.beans.factory.support.DefaultListableBeanFactory.doResolveDependency(DefaultListableBeanFactory.java:1247)
	at org.springframework.beans.factory.support.DefaultListableBeanFactory.resolveDependency(DefaultListableBeanFactory.java:1167)
	at org.springframework.beans.factory.annotation.AutowiredAnnotationBeanPostProcessor$AutowiredFieldElement.inject(AutowiredAnnotationBeanPostProcessor.java:593)
	... 58 common frames omitted
Caused by: org.hibernate.exception.JDBCConnectionException: Unable to open JDBC Connection for DDL execution
	at org.hibernate.exception.internal.SQLExceptionTypeDelegate.convert(SQLExceptionTypeDelegate.java:48)
	at org.hibernate.exception.internal.StandardSQLExceptionConverter.convert(StandardSQLExceptionConverter.java:42)
	at org.hibernate.engine.jdbc.spi.SqlExceptionHelper.convert(SqlExceptionHelper.java:111)
	at org.hibernate.engine.jdbc.spi.SqlExceptionHelper.convert(SqlExceptionHelper.java:97)
	at org.hibernate.resource.transaction.backend.jdbc.internal.DdlTransactionIsolatorNonJtaImpl.getIsolatedConnection(DdlTransactionIsolatorNonJtaImpl.java:69)
	at org.hibernate.tool.schema.internal.exec.ImprovedExtractionContextImpl.getJdbcConnection(ImprovedExtractionContextImpl.java:60)
	at org.hibernate.tool.schema.extract.internal.SequenceInformationExtractorLegacyImpl.extractMetadata(SequenceInformationExtractorLegacyImpl.java:40)
	at org.hibernate.tool.schema.extract.internal.DatabaseInformationImpl.initializeSequences(DatabaseInformationImpl.java:65)
	at org.hibernate.tool.schema.extract.internal.DatabaseInformationImpl.<init>(DatabaseInformationImpl.java:59)
	at org.hibernate.tool.schema.internal.Helper.buildDatabaseInformation(Helper.java:130)
	at org.hibernate.tool.schema.internal.AbstractSchemaMigrator.doMigration(AbstractSchemaMigrator.java:92)
	at org.hibernate.tool.schema.spi.SchemaManagementToolCoordinator.performDatabaseAction(SchemaManagementToolCoordinator.java:176)
	at org.hibernate.tool.schema.spi.SchemaManagementToolCoordinator.process(SchemaManagementToolCoordinator.java:65)
	at org.hibernate.internal.SessionFactoryImpl.<init>(SessionFactoryImpl.java:459)
	at org.hibernate.boot.internal.SessionFactoryBuilderImpl.build(SessionFactoryBuilderImpl.java:465)
	at org.hibernate.cfg.Configuration.buildSessionFactory(Configuration.java:711)
	at org.hibernate.cfg.Configuration.buildSessionFactory(Configuration.java:727)
	at org.springframework.orm.hibernate5.LocalSessionFactoryBean.buildSessionFactory(LocalSessionFactoryBean.java:615)
	at org.springframework.orm.hibernate5.LocalSessionFactoryBean.afterPropertiesSet(LocalSessionFactoryBean.java:599)
	at org.springframework.beans.factory.support.AbstractAutowireCapableBeanFactory.invokeInitMethods(AbstractAutowireCapableBeanFactory.java:1837)
	at org.springframework.beans.factory.support.AbstractAutowireCapableBeanFactory.initializeBean(AbstractAutowireCapableBeanFactory.java:1774)
	... 68 common frames omitted
Caused by: java.sql.SQLTransientConnectionException: java.net.ConnectException: Połączenie odrzucone (Connection refused)
	at org.hsqldb.jdbc.JDBCUtil.sqlException(Unknown Source)
	at org.hsqldb.jdbc.JDBCUtil.sqlException(Unknown Source)
	at org.hsqldb.jdbc.JDBCConnection.<init>(Unknown Source)
	at org.hsqldb.jdbc.JDBCDriver.getConnection(Unknown Source)
	at org.hsqldb.jdbc.JDBCDriver.connect(Unknown Source)
	at java.sql/java.sql.DriverManager.getConnection(DriverManager.java:677)
	at java.sql/java.sql.DriverManager.getConnection(DriverManager.java:189)
	at org.springframework.jdbc.datasource.DriverManagerDataSource.getConnectionFromDriverManager(DriverManagerDataSource.java:154)
	at org.springframework.jdbc.datasource.DriverManagerDataSource.getConnectionFromDriver(DriverManagerDataSource.java:145)
	at org.springframework.jdbc.datasource.AbstractDriverBasedDataSource.getConnectionFromDriver(AbstractDriverBasedDataSource.java:205)
	at org.springframework.jdbc.datasource.AbstractDriverBasedDataSource.getConnection(AbstractDriverBasedDataSource.java:169)
	at org.hibernate.engine.jdbc.connections.internal.DatasourceConnectionProviderImpl.getConnection(DatasourceConnectionProviderImpl.java:122)
	at org.hibernate.engine.jdbc.env.internal.JdbcEnvironmentInitiator$ConnectionProviderJdbcConnectionAccess.obtainConnection(JdbcEnvironmentInitiator.java:180)
	at org.hibernate.resource.transaction.backend.jdbc.internal.DdlTransactionIsolatorNonJtaImpl.getIsolatedConnection(DdlTransactionIsolatorNonJtaImpl.java:43)
	... 84 common frames omitted
Caused by: org.hsqldb.HsqlException: java.net.ConnectException: Połączenie odrzucone (Connection refused)
	at org.hsqldb.ClientConnection.openConnection(Unknown Source)
	at org.hsqldb.ClientConnection.initConnection(Unknown Source)
	at org.hsqldb.ClientConnection.<init>(Unknown Source)
	... 96 common frames omitted
Caused by: java.net.ConnectException: Połączenie odrzucone (Connection refused)
	at java.base/java.net.PlainSocketImpl.socketConnect(Native Method)
	at java.base/java.net.AbstractPlainSocketImpl.doConnect(AbstractPlainSocketImpl.java:399)
	at java.base/java.net.AbstractPlainSocketImpl.connectToAddress(AbstractPlainSocketImpl.java:242)
	at java.base/java.net.AbstractPlainSocketImpl.connect(AbstractPlainSocketImpl.java:224)
	at java.base/java.net.SocksSocketImpl.connect(SocksSocketImpl.java:403)
	at java.base/java.net.Socket.connect(Socket.java:591)
	at java.base/java.net.Socket.connect(Socket.java:540)
	at java.base/java.net.Socket.<init>(Socket.java:436)
	at java.base/java.net.Socket.<init>(Socket.java:213)
	at org.hsqldb.server.HsqlSocketFactory.createSocket(Unknown Source)
	... 99 common frames omitted
]]></system-out>
  </testcase>
  <testcase name="addItemtoPlayer" classname="tau.mmo.service.PlayerManagerTest" time="0.001">
    <error message="Failed to load ApplicationContext" type="java.lang.IllegalStateException">java.lang.IllegalStateException: Failed to load ApplicationContext
Caused by: org.springframework.beans.factory.UnsatisfiedDependencyException: Error creating bean with name 'playerController': Unsatisfied dependency expressed through field 'playerManager'; nested exception is org.springframework.beans.factory.UnsatisfiedDependencyException: Error creating bean with name 'playerManagerHibernateImpl': Unsatisfied dependency expressed through field 'sessionFactory'; nested exception is org.springframework.beans.factory.BeanCreationException: Error creating bean with name 'hibernateSessionFactory' defined in class path resource [beans.xml]: Invocation of init method failed; nested exception is org.hibernate.exception.JDBCConnectionException: Unable to open JDBC Connection for DDL execution
Caused by: org.springframework.beans.factory.UnsatisfiedDependencyException: Error creating bean with name 'playerManagerHibernateImpl': Unsatisfied dependency expressed through field 'sessionFactory'; nested exception is org.springframework.beans.factory.BeanCreationException: Error creating bean with name 'hibernateSessionFactory' defined in class path resource [beans.xml]: Invocation of init method failed; nested exception is org.hibernate.exception.JDBCConnectionException: Unable to open JDBC Connection for DDL execution
Caused by: org.springframework.beans.factory.BeanCreationException: Error creating bean with name 'hibernateSessionFactory' defined in class path resource [beans.xml]: Invocation of init method failed; nested exception is org.hibernate.exception.JDBCConnectionException: Unable to open JDBC Connection for DDL execution
Caused by: org.hibernate.exception.JDBCConnectionException: Unable to open JDBC Connection for DDL execution
Caused by: java.sql.SQLTransientConnectionException: java.net.ConnectException: Połączenie odrzucone (Connection refused)
Caused by: org.hsqldb.HsqlException: java.net.ConnectException: Połączenie odrzucone (Connection refused)
Caused by: java.net.ConnectException: Połączenie odrzucone (Connection refused)
</error>
    <system-out><![CDATA[20:24:25.283 [main] DEBUG org.springframework.test.annotation.ProfileValueUtils - Retrieved @ProfileValueSourceConfiguration [null] for test class [tau.mmo.service.PlayerManagerTest]
20:24:25.283 [main] DEBUG org.springframework.test.annotation.ProfileValueUtils - Retrieved ProfileValueSource type [class org.springframework.test.annotation.SystemProfileValueSource] for class [tau.mmo.service.PlayerManagerTest]
20:24:25.283 [main] DEBUG org.springframework.test.context.support.DependencyInjectionTestExecutionListener - Performing dependency injection for test context [[DefaultTestContext@7ed7259e testClass = PlayerManagerTest, testInstance = tau.mmo.service.PlayerManagerTest@d0a2c82, testMethod = [null], testException = [null], mergedContextConfiguration = [MergedContextConfiguration@28eaa59a testClass = PlayerManagerTest, locations = '{classpath:/beans.xml}', classes = '{}', contextInitializerClasses = '[]', activeProfiles = '{}', propertySourceLocations = '{}', propertySourceProperties = '{}', contextCustomizers = set[org.springframework.boot.test.context.filter.ExcludeFilterContextCustomizer@6b4a4e18, org.springframework.boot.test.json.DuplicateJsonObjectContextCustomizerFactory$DuplicateJsonObjectContextCustomizer@402e37bc, org.springframework.boot.test.mock.mockito.MockitoContextCustomizer@0, org.springframework.boot.test.autoconfigure.properties.PropertyMappingContextCustomizer@0, org.springframework.boot.test.autoconfigure.web.servlet.WebDriverContextCustomizerFactory$Customizer@6973bf95], contextLoader = 'org.springframework.test.context.support.DelegatingSmartContextLoader', parent = [null]], attributes = map[[empty]]]].
20:24:25.283 [main] DEBUG org.springframework.test.context.support.AbstractDelegatingSmartContextLoader - Delegating to GenericXmlContextLoader to load context from [MergedContextConfiguration@28eaa59a testClass = PlayerManagerTest, locations = '{classpath:/beans.xml}', classes = '{}', contextInitializerClasses = '[]', activeProfiles = '{}', propertySourceLocations = '{}', propertySourceProperties = '{}', contextCustomizers = set[org.springframework.boot.test.context.filter.ExcludeFilterContextCustomizer@6b4a4e18, org.springframework.boot.test.json.DuplicateJsonObjectContextCustomizerFactory$DuplicateJsonObjectContextCustomizer@402e37bc, org.springframework.boot.test.mock.mockito.MockitoContextCustomizer@0, org.springframework.boot.test.autoconfigure.properties.PropertyMappingContextCustomizer@0, org.springframework.boot.test.autoconfigure.web.servlet.WebDriverContextCustomizerFactory$Customizer@6973bf95], contextLoader = 'org.springframework.test.context.support.DelegatingSmartContextLoader', parent = [null]].
20:24:25.283 [main] DEBUG org.springframework.test.context.support.AbstractGenericContextLoader - Loading ApplicationContext for merged context configuration [[MergedContextConfiguration@28eaa59a testClass = PlayerManagerTest, locations = '{classpath:/beans.xml}', classes = '{}', contextInitializerClasses = '[]', activeProfiles = '{}', propertySourceLocations = '{}', propertySourceProperties = '{}', contextCustomizers = set[org.springframework.boot.test.context.filter.ExcludeFilterContextCustomizer@6b4a4e18, org.springframework.boot.test.json.DuplicateJsonObjectContextCustomizerFactory$DuplicateJsonObjectContextCustomizer@402e37bc, org.springframework.boot.test.mock.mockito.MockitoContextCustomizer@0, org.springframework.boot.test.autoconfigure.properties.PropertyMappingContextCustomizer@0, org.springframework.boot.test.autoconfigure.web.servlet.WebDriverContextCustomizerFactory$Customizer@6973bf95], contextLoader = 'org.springframework.test.context.support.DelegatingSmartContextLoader', parent = [null]]].
20:24:25.283 [main] DEBUG org.springframework.core.env.StandardEnvironment - Activating profiles []
20:24:25.296 [main] DEBUG org.springframework.context.annotation.ClassPathBeanDefinitionScanner - Identified candidate component class: file [/home/whitewolf/tau/TAU-repozytorium/tau-mmo-jmeter/target/classes/tau/mmo/Application.class]
20:24:25.297 [main] DEBUG org.springframework.context.annotation.ClassPathBeanDefinitionScanner - Identified candidate component class: file [/home/whitewolf/tau/TAU-repozytorium/tau-mmo-jmeter/target/classes/tau/mmo/api/PlayerController.class]
20:24:25.297 [main] DEBUG org.springframework.context.annotation.ClassPathBeanDefinitionScanner - Identified candidate component class: file [/home/whitewolf/tau/TAU-repozytorium/tau-mmo-jmeter/target/classes/tau/mmo/service/PlayerManagerHibernateImpl.class]
20:24:25.298 [main] DEBUG org.springframework.beans.factory.xml.XmlBeanDefinitionReader - Loaded 12 bean definitions from class path resource [beans.xml]
20:24:25.298 [main] DEBUG org.springframework.context.support.GenericApplicationContext - Refreshing org.springframework.context.support.GenericApplicationContext@430aae8e
20:24:25.299 [main] DEBUG org.springframework.beans.factory.support.DefaultListableBeanFactory - Creating shared instance of singleton bean 'org.springframework.context.annotation.internalConfigurationAnnotationProcessor'
20:24:25.301 [main] DEBUG org.springframework.context.annotation.ClassPathBeanDefinitionScanner - Identified candidate component class: file [/home/whitewolf/tau/TAU-repozytorium/tau-mmo-jmeter/target/classes/tau/mmo/api/PlayerController.class]
20:24:25.302 [main] DEBUG org.springframework.context.annotation.ClassPathBeanDefinitionScanner - Identified candidate component class: file [/home/whitewolf/tau/TAU-repozytorium/tau-mmo-jmeter/target/classes/tau/mmo/service/PlayerManagerHibernateImpl.class]
20:24:25.359 [main] DEBUG org.springframework.context.annotation.ClassPathBeanDefinitionScanner - Identified candidate component class: file [/home/whitewolf/tau/TAU-repozytorium/tau-mmo-jmeter/target/classes/tau/mmo/Application.class]
20:24:25.359 [main] DEBUG org.springframework.context.annotation.ClassPathBeanDefinitionScanner - Identified candidate component class: file [/home/whitewolf/tau/TAU-repozytorium/tau-mmo-jmeter/target/classes/tau/mmo/api/PlayerController.class]
20:24:25.359 [main] DEBUG org.springframework.context.annotation.ClassPathBeanDefinitionScanner - Identified candidate component class: file [/home/whitewolf/tau/TAU-repozytorium/tau-mmo-jmeter/target/classes/tau/mmo/service/PlayerManagerHibernateImpl.class]
20:24:25.360 [main] DEBUG org.springframework.beans.factory.xml.XmlBeanDefinitionReader - Loaded 0 bean definitions from class path resource [beans.xml]
20:24:25.360 [main] DEBUG org.springframework.beans.factory.support.DefaultListableBeanFactory - Creating shared instance of singleton bean 'org.springframework.boot.autoconfigure.condition.BeanTypeRegistry'
20:24:25.367 [main] INFO org.springframework.data.repository.config.RepositoryConfigurationDelegate - Bootstrapping Spring Data repositories in DEFAULT mode.
20:24:25.367 [main] DEBUG org.springframework.beans.factory.support.DefaultListableBeanFactory - Creating shared instance of singleton bean 'org.springframework.boot.autoconfigure.AutoConfigurationPackages'
20:24:25.367 [main] DEBUG org.springframework.boot.autoconfigure.AutoConfigurationPackages - @EnableAutoConfiguration was declared on a class in the package 'tau.mmo'. Automatic @Repository and @Entity scanning is enabled.
20:24:25.367 [main] DEBUG org.springframework.data.repository.config.RepositoryConfigurationDelegate - Scanning for repositories in packages tau.mmo.
20:24:25.368 [main] INFO org.springframework.data.repository.config.RepositoryConfigurationDelegate - Finished Spring Data repository scanning in 1ms. Found 0 repository interfaces.
20:24:25.379 [main] DEBUG org.springframework.beans.factory.support.DefaultListableBeanFactory - Creating shared instance of singleton bean 'propertySourcesPlaceholderConfigurer'
20:24:25.380 [main] DEBUG org.springframework.core.env.PropertySourcesPropertyResolver - Found key 'jdbc.driverClassName' in PropertySource 'class path resource [jdbc.properties]' with value of type String
20:24:25.380 [main] DEBUG org.springframework.core.env.PropertySourcesPropertyResolver - Found key 'jdbc.driverClassName' in PropertySource 'environmentProperties' with value of type String
20:24:25.380 [main] DEBUG org.springframework.core.env.PropertySourcesPropertyResolver - Found key 'jdbc.url' in PropertySource 'class path resource [jdbc.properties]' with value of type String
20:24:25.380 [main] DEBUG org.springframework.core.env.PropertySourcesPropertyResolver - Found key 'jdbc.url' in PropertySource 'environmentProperties' with value of type String
20:24:25.380 [main] DEBUG org.springframework.core.env.PropertySourcesPropertyResolver - Found key 'jdbc.username' in PropertySource 'class path resource [jdbc.properties]' with value of type String
20:24:25.380 [main] DEBUG org.springframework.core.env.PropertySourcesPropertyResolver - Found key 'jdbc.username' in PropertySource 'environmentProperties' with value of type String
20:24:25.380 [main] DEBUG org.springframework.core.env.PropertySourcesPropertyResolver - Found key 'jdbc.password' in PropertySource 'class path resource [jdbc.properties]' with value of type String
20:24:25.380 [main] DEBUG org.springframework.core.env.PropertySourcesPropertyResolver - Found key 'jdbc.password' in PropertySource 'environmentProperties' with value of type String
20:24:25.380 [main] DEBUG org.springframework.beans.factory.support.DefaultListableBeanFactory - Creating shared instance of singleton bean 'org.springframework.boot.test.mock.mockito.MockitoPostProcessor'
20:24:25.380 [main] DEBUG org.springframework.beans.factory.support.DefaultListableBeanFactory - Creating shared instance of singleton bean 'emBeanDefinitionRegistrarPostProcessor'
20:24:25.382 [main] DEBUG org.springframework.beans.factory.support.DefaultListableBeanFactory - Creating shared instance of singleton bean 'org.springframework.context.event.internalEventListenerProcessor'
20:24:25.382 [main] DEBUG org.springframework.beans.factory.support.DefaultListableBeanFactory - Creating shared instance of singleton bean 'org.springframework.boot.context.properties.ConfigurationBeanFactoryMetadata'
20:24:25.382 [main] DEBUG org.springframework.beans.factory.support.DefaultListableBeanFactory - Creating shared instance of singleton bean 'org.springframework.context.event.internalEventListenerFactory'
20:24:25.382 [main] DEBUG org.springframework.beans.factory.support.DefaultListableBeanFactory - Creating shared instance of singleton bean 'org.springframework.transaction.config.internalTransactionalEventListenerFactory'
20:24:25.383 [main] DEBUG org.springframework.beans.factory.support.DefaultListableBeanFactory - Creating shared instance of singleton bean 'org.springframework.context.annotation.internalAutowiredAnnotationProcessor'
20:24:25.383 [main] DEBUG org.springframework.beans.factory.support.DefaultListableBeanFactory - Creating shared instance of singleton bean 'org.springframework.context.annotation.internalCommonAnnotationProcessor'
20:24:25.383 [main] DEBUG org.springframework.beans.factory.support.DefaultListableBeanFactory - Creating shared instance of singleton bean 'org.springframework.context.annotation.internalPersistenceAnnotationProcessor'
20:24:25.383 [main] DEBUG org.springframework.beans.factory.support.DefaultListableBeanFactory - Creating shared instance of singleton bean 'org.springframework.boot.test.mock.mockito.MockitoPostProcessor$SpyPostProcessor'
20:24:25.383 [main] DEBUG org.springframework.beans.factory.support.DefaultListableBeanFactory - Creating shared instance of singleton bean 'org.springframework.boot.context.properties.ConfigurationPropertiesBindingPostProcessor'
20:24:25.384 [main] DEBUG org.springframework.beans.factory.support.DefaultListableBeanFactory - Creating shared instance of singleton bean 'methodValidationPostProcessor'
20:24:25.384 [main] DEBUG org.springframework.beans.factory.support.DefaultListableBeanFactory - Autowiring by type from bean name 'methodValidationPostProcessor' via factory method to bean named 'environment'
20:24:25.385 [main] DEBUG org.springframework.beans.factory.support.DefaultListableBeanFactory - Creating shared instance of singleton bean 'org.springframework.aop.config.internalAutoProxyCreator'
20:24:25.386 [main] DEBUG org.springframework.beans.factory.support.DefaultListableBeanFactory - Creating shared instance of singleton bean 'dataSourceInitializerPostProcessor'
20:24:25.387 [main] DEBUG org.springframework.beans.factory.support.DefaultListableBeanFactory - Creating shared instance of singleton bean 'persistenceExceptionTranslationPostProcessor'
20:24:25.387 [main] DEBUG org.springframework.beans.factory.support.DefaultListableBeanFactory - Autowiring by type from bean name 'persistenceExceptionTranslationPostProcessor' via factory method to bean named 'environment'
20:24:25.388 [main] DEBUG org.springframework.beans.factory.support.DefaultListableBeanFactory - Creating shared instance of singleton bean 'application'
20:24:25.389 [main] DEBUG org.springframework.beans.factory.support.DefaultListableBeanFactory - Creating shared instance of singleton bean 'org.springframework.transaction.config.internalTransactionAdvisor'
20:24:25.389 [main] DEBUG org.springframework.beans.factory.support.DefaultListableBeanFactory - Creating shared instance of singleton bean 'org.springframework.transaction.annotation.ProxyTransactionManagementConfiguration'
20:24:25.391 [main] DEBUG org.springframework.beans.factory.support.DefaultListableBeanFactory - Creating shared instance of singleton bean 'transactionAttributeSource'
20:24:25.392 [main] DEBUG org.springframework.beans.factory.support.DefaultListableBeanFactory - Creating shared instance of singleton bean 'transactionInterceptor'
20:24:25.398 [main] DEBUG org.springframework.beans.factory.support.DefaultListableBeanFactory - Creating shared instance of singleton bean 'playerController'
20:24:25.399 [main] DEBUG org.springframework.beans.factory.support.DefaultListableBeanFactory - Creating shared instance of singleton bean 'playerManagerHibernateImpl'
20:24:25.400 [main] DEBUG org.springframework.beans.factory.support.DefaultListableBeanFactory - Creating shared instance of singleton bean 'hibernateSessionFactory'
20:24:25.401 [main] DEBUG org.springframework.beans.factory.support.DefaultListableBeanFactory - Creating shared instance of singleton bean 'dataSource'
20:24:25.402 [main] DEBUG org.springframework.jdbc.datasource.DriverManagerDataSource - Loaded JDBC driver: org.hsqldb.jdbcDriver
20:24:25.402 [main] DEBUG org.springframework.beans.factory.support.DefaultListableBeanFactory - Creating shared instance of singleton bean 'org.springframework.boot.autoconfigure.jdbc.DataSourceInitializerInvoker'
20:24:25.403 [main] DEBUG org.springframework.beans.factory.support.DefaultListableBeanFactory - Creating shared instance of singleton bean 'spring.datasource-org.springframework.boot.autoconfigure.jdbc.DataSourceProperties'
20:24:25.407 [main] DEBUG org.springframework.beans.factory.support.DefaultListableBeanFactory - Autowiring by type from bean name 'org.springframework.boot.autoconfigure.jdbc.DataSourceInitializerInvoker' via constructor to bean named 'spring.datasource-org.springframework.boot.autoconfigure.jdbc.DataSourceProperties'
20:24:25.407 [main] DEBUG org.springframework.beans.factory.support.DefaultListableBeanFactory - Autowiring by type from bean name 'org.springframework.boot.autoconfigure.jdbc.DataSourceInitializerInvoker' via constructor to bean named 'org.springframework.context.support.GenericApplicationContext@430aae8e'
20:24:25.409 [main] DEBUG org.hibernate.integrator.internal.IntegratorServiceImpl - Adding Integrator [org.hibernate.cfg.beanvalidation.BeanValidationIntegrator].
20:24:25.409 [main] DEBUG org.hibernate.integrator.internal.IntegratorServiceImpl - Adding Integrator [org.hibernate.secure.spi.JaccIntegrator].
20:24:25.409 [main] DEBUG org.hibernate.integrator.internal.IntegratorServiceImpl - Adding Integrator [org.hibernate.cache.internal.CollectionCacheInvalidator].
20:24:25.410 [main] DEBUG org.hibernate.cfg.Configuration - Building session factory using internal StandardServiceRegistryBuilder
20:24:25.410 [main] DEBUG org.hibernate.service.spi.ServiceBinding - Overriding existing service binding [org.hibernate.secure.spi.JaccService]
20:24:25.410 [main] DEBUG org.hibernate.cfg.Configuration - Building session factory using provided StandardServiceRegistry
20:24:25.410 [main] DEBUG org.hibernate.cache.internal.RegionFactoryInitiator - Cache region factory : org.hibernate.cache.internal.NoCachingRegionFactory
20:24:25.410 [main] DEBUG org.hibernate.type.BasicTypeRegistry - Adding type registration boolean -> org.hibernate.type.BooleanType@41ffaeb8
20:24:25.410 [main] DEBUG org.hibernate.type.BasicTypeRegistry - Adding type registration boolean -> org.hibernate.type.BooleanType@41ffaeb8
20:24:25.411 [main] DEBUG org.hibernate.type.BasicTypeRegistry - Adding type registration java.lang.Boolean -> org.hibernate.type.BooleanType@41ffaeb8
20:24:25.411 [main] DEBUG org.hibernate.type.BasicTypeRegistry - Adding type registration numeric_boolean -> org.hibernate.type.NumericBooleanType@444cc791
20:24:25.411 [main] DEBUG org.hibernate.type.BasicTypeRegistry - Adding type registration true_false -> org.hibernate.type.TrueFalseType@12ffd1de
20:24:25.411 [main] DEBUG org.hibernate.type.BasicTypeRegistry - Adding type registration yes_no -> org.hibernate.type.YesNoType@6c806c8b
20:24:25.411 [main] DEBUG org.hibernate.type.BasicTypeRegistry - Adding type registration byte -> org.hibernate.type.ByteType@23706db8
20:24:25.411 [main] DEBUG org.hibernate.type.BasicTypeRegistry - Adding type registration byte -> org.hibernate.type.ByteType@23706db8
20:24:25.411 [main] DEBUG org.hibernate.type.BasicTypeRegistry - Adding type registration java.lang.Byte -> org.hibernate.type.ByteType@23706db8
20:24:25.411 [main] DEBUG org.hibernate.type.BasicTypeRegistry - Adding type registration character -> org.hibernate.type.CharacterType@7bca6fac
20:24:25.412 [main] DEBUG org.hibernate.type.BasicTypeRegistry - Adding type registration char -> org.hibernate.type.CharacterType@7bca6fac
20:24:25.412 [main] DEBUG org.hibernate.type.BasicTypeRegistry - Adding type registration java.lang.Character -> org.hibernate.type.CharacterType@7bca6fac
20:24:25.412 [main] DEBUG org.hibernate.type.BasicTypeRegistry - Adding type registration short -> org.hibernate.type.ShortType@37303f12
20:24:25.412 [main] DEBUG org.hibernate.type.BasicTypeRegistry - Adding type registration short -> org.hibernate.type.ShortType@37303f12
20:24:25.412 [main] DEBUG org.hibernate.type.BasicTypeRegistry - Adding type registration java.lang.Short -> org.hibernate.type.ShortType@37303f12
20:24:25.412 [main] DEBUG org.hibernate.type.BasicTypeRegistry - Adding type registration integer -> org.hibernate.type.IntegerType@2ab5afc7
20:24:25.412 [main] DEBUG org.hibernate.type.BasicTypeRegistry - Adding type registration int -> org.hibernate.type.IntegerType@2ab5afc7
20:24:25.412 [main] DEBUG org.hibernate.type.BasicTypeRegistry - Adding type registration java.lang.Integer -> org.hibernate.type.IntegerType@2ab5afc7
20:24:25.412 [main] DEBUG org.hibernate.type.BasicTypeRegistry - Adding type registration long -> org.hibernate.type.LongType@3c35c345
20:24:25.412 [main] DEBUG org.hibernate.type.BasicTypeRegistry - Adding type registration long -> org.hibernate.type.LongType@3c35c345
20:24:25.412 [main] DEBUG org.hibernate.type.BasicTypeRegistry - Adding type registration java.lang.Long -> org.hibernate.type.LongType@3c35c345
20:24:25.412 [main] DEBUG org.hibernate.type.BasicTypeRegistry - Adding type registration float -> org.hibernate.type.FloatType@1d0a61c8
20:24:25.412 [main] DEBUG org.hibernate.type.BasicTypeRegistry - Adding type registration float -> org.hibernate.type.FloatType@1d0a61c8
20:24:25.412 [main] DEBUG org.hibernate.type.BasicTypeRegistry - Adding type registration java.lang.Float -> org.hibernate.type.FloatType@1d0a61c8
20:24:25.412 [main] DEBUG org.hibernate.type.BasicTypeRegistry - Adding type registration double -> org.hibernate.type.DoubleType@5524b72f
20:24:25.412 [main] DEBUG org.hibernate.type.BasicTypeRegistry - Adding type registration double -> org.hibernate.type.DoubleType@5524b72f
20:24:25.412 [main] DEBUG org.hibernate.type.BasicTypeRegistry - Adding type registration java.lang.Double -> org.hibernate.type.DoubleType@5524b72f
20:24:25.412 [main] DEBUG org.hibernate.type.BasicTypeRegistry - Adding type registration big_decimal -> org.hibernate.type.BigDecimalType@1846579f
20:24:25.412 [main] DEBUG org.hibernate.type.BasicTypeRegistry - Adding type registration java.math.BigDecimal -> org.hibernate.type.BigDecimalType@1846579f
20:24:25.412 [main] DEBUG org.hibernate.type.BasicTypeRegistry - Adding type registration big_integer -> org.hibernate.type.BigIntegerType@7be7e15
20:24:25.412 [main] DEBUG org.hibernate.type.BasicTypeRegistry - Adding type registration java.math.BigInteger -> org.hibernate.type.BigIntegerType@7be7e15
20:24:25.412 [main] DEBUG org.hibernate.type.BasicTypeRegistry - Adding type registration string -> org.hibernate.type.StringType@2330e3e0
20:24:25.412 [main] DEBUG org.hibernate.type.BasicTypeRegistry - Adding type registration java.lang.String -> org.hibernate.type.StringType@2330e3e0
20:24:25.412 [main] DEBUG org.hibernate.type.BasicTypeRegistry - Adding type registration nstring -> org.hibernate.type.StringNVarcharType@3f9270ed
20:24:25.412 [main] DEBUG org.hibernate.type.BasicTypeRegistry - Adding type registration ncharacter -> org.hibernate.type.CharacterNCharType@53a665ad
20:24:25.412 [main] DEBUG org.hibernate.type.BasicTypeRegistry - Adding type registration url -> org.hibernate.type.UrlType@abff8b7
20:24:25.412 [main] DEBUG org.hibernate.type.BasicTypeRegistry - Adding type registration java.net.URL -> org.hibernate.type.UrlType@abff8b7
20:24:25.412 [main] DEBUG org.hibernate.type.BasicTypeRegistry - Adding type registration date -> org.hibernate.type.DateType@37d871c2
20:24:25.412 [main] DEBUG org.hibernate.type.BasicTypeRegistry - Adding type registration java.sql.Date -> org.hibernate.type.DateType@37d871c2
20:24:25.412 [main] DEBUG org.hibernate.type.BasicTypeRegistry - Adding type registration time -> org.hibernate.type.TimeType@642505c7
20:24:25.412 [main] DEBUG org.hibernate.type.BasicTypeRegistry - Adding type registration java.sql.Time -> org.hibernate.type.TimeType@642505c7
20:24:25.412 [main] DEBUG org.hibernate.type.BasicTypeRegistry - Adding type registration timestamp -> org.hibernate.type.TimestampType@1abfe081
20:24:25.412 [main] DEBUG org.hibernate.type.BasicTypeRegistry - Adding type registration java.sql.Timestamp -> org.hibernate.type.TimestampType@1abfe081
20:24:25.412 [main] DEBUG org.hibernate.type.BasicTypeRegistry - Adding type registration java.util.Date -> org.hibernate.type.TimestampType@1abfe081
20:24:25.412 [main] DEBUG org.hibernate.type.BasicTypeRegistry - Adding type registration dbtimestamp -> org.hibernate.type.DbTimestampType@75a118e6
20:24:25.412 [main] DEBUG org.hibernate.type.BasicTypeRegistry - Adding type registration calendar -> org.hibernate.type.CalendarType@28c86134
20:24:25.412 [main] DEBUG org.hibernate.type.BasicTypeRegistry - Adding type registration java.util.Calendar -> org.hibernate.type.CalendarType@28c86134
20:24:25.412 [main] DEBUG org.hibernate.type.BasicTypeRegistry - Adding type registration java.util.GregorianCalendar -> org.hibernate.type.CalendarType@28c86134
20:24:25.412 [main] DEBUG org.hibernate.type.BasicTypeRegistry - Adding type registration calendar_date -> org.hibernate.type.CalendarDateType@f288c14
20:24:25.412 [main] DEBUG org.hibernate.type.BasicTypeRegistry - Adding type registration locale -> org.hibernate.type.LocaleType@671facee
20:24:25.412 [main] DEBUG org.hibernate.type.BasicTypeRegistry - Adding type registration java.util.Locale -> org.hibernate.type.LocaleType@671facee
20:24:25.412 [main] DEBUG org.hibernate.type.BasicTypeRegistry - Adding type registration currency -> org.hibernate.type.CurrencyType@56f521c6
20:24:25.412 [main] DEBUG org.hibernate.type.BasicTypeRegistry - Adding type registration java.util.Currency -> org.hibernate.type.CurrencyType@56f521c6
20:24:25.412 [main] DEBUG org.hibernate.type.BasicTypeRegistry - Adding type registration timezone -> org.hibernate.type.TimeZoneType@39fa8ad2
20:24:25.412 [main] DEBUG org.hibernate.type.BasicTypeRegistry - Adding type registration java.util.TimeZone -> org.hibernate.type.TimeZoneType@39fa8ad2
20:24:25.412 [main] DEBUG org.hibernate.type.BasicTypeRegistry - Adding type registration class -> org.hibernate.type.ClassType@6c302a1d
20:24:25.412 [main] DEBUG org.hibernate.type.BasicTypeRegistry - Adding type registration java.lang.Class -> org.hibernate.type.ClassType@6c302a1d
20:24:25.412 [main] DEBUG org.hibernate.type.BasicTypeRegistry - Adding type registration uuid-binary -> org.hibernate.type.UUIDBinaryType@58cf8f94
20:24:25.412 [main] DEBUG org.hibernate.type.BasicTypeRegistry - Adding type registration java.util.UUID -> org.hibernate.type.UUIDBinaryType@58cf8f94
20:24:25.412 [main] DEBUG org.hibernate.type.BasicTypeRegistry - Adding type registration uuid-char -> org.hibernate.type.UUIDCharType@34f392be
20:24:25.412 [main] DEBUG org.hibernate.type.BasicTypeRegistry - Adding type registration binary -> org.hibernate.type.BinaryType@58496c97
20:24:25.412 [main] DEBUG org.hibernate.type.BasicTypeRegistry - Adding type registration byte[] -> org.hibernate.type.BinaryType@58496c97
20:24:25.412 [main] DEBUG org.hibernate.type.BasicTypeRegistry - Adding type registration [B -> org.hibernate.type.BinaryType@58496c97
20:24:25.412 [main] DEBUG org.hibernate.type.BasicTypeRegistry - Adding type registration wrapper-binary -> org.hibernate.type.WrapperBinaryType@6ecab872
20:24:25.412 [main] DEBUG org.hibernate.type.BasicTypeRegistry - Adding type registration Byte[] -> org.hibernate.type.WrapperBinaryType@6ecab872
20:24:25.412 [main] DEBUG org.hibernate.type.BasicTypeRegistry - Adding type registration [Ljava.lang.Byte; -> org.hibernate.type.WrapperBinaryType@6ecab872
20:24:25.412 [main] DEBUG org.hibernate.type.BasicTypeRegistry - Adding type registration row_version -> org.hibernate.type.RowVersionType@6d025d1d
20:24:25.412 [main] DEBUG org.hibernate.type.BasicTypeRegistry - Adding type registration image -> org.hibernate.type.ImageType@7479b626
20:24:25.412 [main] DEBUG org.hibernate.type.BasicTypeRegistry - Adding type registration characters -> org.hibernate.type.CharArrayType@17a703f5
20:24:25.412 [main] DEBUG org.hibernate.type.BasicTypeRegistry - Adding type registration char[] -> org.hibernate.type.CharArrayType@17a703f5
20:24:25.412 [main] DEBUG org.hibernate.type.BasicTypeRegistry - Adding type registration [C -> org.hibernate.type.CharArrayType@17a703f5
20:24:25.412 [main] DEBUG org.hibernate.type.BasicTypeRegistry - Adding type registration wrapper-characters -> org.hibernate.type.CharacterArrayType@65f2f9b0
20:24:25.412 [main] DEBUG org.hibernate.type.BasicTypeRegistry - Adding type registration [Ljava.lang.Character; -> org.hibernate.type.CharacterArrayType@65f2f9b0
20:24:25.412 [main] DEBUG org.hibernate.type.BasicTypeRegistry - Adding type registration Character[] -> org.hibernate.type.CharacterArrayType@65f2f9b0
20:24:25.412 [main] DEBUG org.hibernate.type.BasicTypeRegistry - Adding type registration text -> org.hibernate.type.TextType@38fc5554
20:24:25.412 [main] DEBUG org.hibernate.type.BasicTypeRegistry - Adding type registration ntext -> org.hibernate.type.NTextType@4d1f1ff5
20:24:25.412 [main] DEBUG org.hibernate.type.BasicTypeRegistry - Adding type registration blob -> org.hibernate.type.BlobType@d8d9199
20:24:25.412 [main] DEBUG org.hibernate.type.BasicTypeRegistry - Adding type registration java.sql.Blob -> org.hibernate.type.BlobType@d8d9199
20:24:25.412 [main] DEBUG org.hibernate.type.BasicTypeRegistry - Adding type registration materialized_blob -> org.hibernate.type.MaterializedBlobType@71ad3d8a
20:24:25.412 [main] DEBUG org.hibernate.type.BasicTypeRegistry - Adding type registration clob -> org.hibernate.type.ClobType@332820f4
20:24:25.412 [main] DEBUG org.hibernate.type.BasicTypeRegistry - Adding type registration java.sql.Clob -> org.hibernate.type.ClobType@332820f4
20:24:25.412 [main] DEBUG org.hibernate.type.BasicTypeRegistry - Adding type registration nclob -> org.hibernate.type.NClobType@3d5790ea
20:24:25.412 [main] DEBUG org.hibernate.type.BasicTypeRegistry - Adding type registration java.sql.NClob -> org.hibernate.type.NClobType@3d5790ea
20:24:25.412 [main] DEBUG org.hibernate.type.BasicTypeRegistry - Adding type registration materialized_clob -> org.hibernate.type.MaterializedClobType@56913163
20:24:25.412 [main] DEBUG org.hibernate.type.BasicTypeRegistry - Adding type registration materialized_nclob -> org.hibernate.type.MaterializedNClobType@396639b
20:24:25.412 [main] DEBUG org.hibernate.type.BasicTypeRegistry - Adding type registration serializable -> org.hibernate.type.SerializableType@102efc59
20:24:25.412 [main] DEBUG org.hibernate.type.BasicTypeRegistry - Adding type registration object -> org.hibernate.type.ObjectType@6c6366cf
20:24:25.412 [main] DEBUG org.hibernate.type.BasicTypeRegistry - Adding type registration java.lang.Object -> org.hibernate.type.ObjectType@6c6366cf
20:24:25.412 [main] DEBUG org.hibernate.type.BasicTypeRegistry - Adding type registration imm_date -> org.hibernate.type.AdaptedImmutableType@72ceafeb
20:24:25.412 [main] DEBUG org.hibernate.type.BasicTypeRegistry - Adding type registration imm_time -> org.hibernate.type.AdaptedImmutableType@65b2ee36
20:24:25.412 [main] DEBUG org.hibernate.type.BasicTypeRegistry - Adding type registration imm_timestamp -> org.hibernate.type.AdaptedImmutableType@28e91f6d
20:24:25.412 [main] DEBUG org.hibernate.type.BasicTypeRegistry - Adding type registration imm_dbtimestamp -> org.hibernate.type.AdaptedImmutableType@16d4024e
20:24:25.412 [main] DEBUG org.hibernate.type.BasicTypeRegistry - Adding type registration imm_calendar -> org.hibernate.type.AdaptedImmutableType@11e24688
20:24:25.412 [main] DEBUG org.hibernate.type.BasicTypeRegistry - Adding type registration imm_calendar_date -> org.hibernate.type.AdaptedImmutableType@63d3c9dc
20:24:25.412 [main] DEBUG org.hibernate.type.BasicTypeRegistry - Adding type registration imm_binary -> org.hibernate.type.AdaptedImmutableType@3a1a0bc
20:24:25.412 [main] DEBUG org.hibernate.type.BasicTypeRegistry - Adding type registration imm_serializable -> org.hibernate.type.AdaptedImmutableType@35d114f4
20:24:25.413 [main] DEBUG org.springframework.jdbc.datasource.DriverManagerDataSource - Creating new JDBC DriverManager Connection to [jdbc:hsqldb:hsql://localhost/workdb]
20:24:25.413 [main] WARN org.hibernate.engine.jdbc.env.internal.JdbcEnvironmentInitiator - HHH000342: Could not obtain connection to query metadata : java.net.ConnectException: Połączenie odrzucone (Connection refused)
20:24:25.413 [main] INFO org.hibernate.dialect.Dialect - HHH000400: Using dialect: org.hibernate.dialect.HSQLDialect
20:24:25.413 [main] DEBUG org.hibernate.engine.jdbc.env.spi.IdentifierHelperBuilder - IdentifierCaseStrategy for both quoted and unquoted identifiers was set to the same strategy [MIXED]; that will likely lead to problems in schema update and validation if using quoted identifiers
20:24:25.414 [main] INFO org.hibernate.engine.jdbc.env.internal.LobCreatorBuilderImpl - HHH000422: Disabling contextual LOB creation as connection was null
20:24:25.414 [main] DEBUG org.hibernate.id.factory.internal.DefaultIdentifierGeneratorFactory - Registering IdentifierGenerator strategy [uuid2] -> [org.hibernate.id.UUIDGenerator]
20:24:25.414 [main] DEBUG org.hibernate.id.factory.internal.DefaultIdentifierGeneratorFactory - Registering IdentifierGenerator strategy [guid] -> [org.hibernate.id.GUIDGenerator]
20:24:25.414 [main] DEBUG org.hibernate.id.factory.internal.DefaultIdentifierGeneratorFactory - Registering IdentifierGenerator strategy [uuid] -> [org.hibernate.id.UUIDHexGenerator]
20:24:25.414 [main] DEBUG org.hibernate.id.factory.internal.DefaultIdentifierGeneratorFactory - Registering IdentifierGenerator strategy [uuid.hex] -> [org.hibernate.id.UUIDHexGenerator]
20:24:25.414 [main] DEBUG org.hibernate.id.factory.internal.DefaultIdentifierGeneratorFactory - Registering IdentifierGenerator strategy [assigned] -> [org.hibernate.id.Assigned]
20:24:25.414 [main] DEBUG org.hibernate.id.factory.internal.DefaultIdentifierGeneratorFactory - Registering IdentifierGenerator strategy [identity] -> [org.hibernate.id.IdentityGenerator]
20:24:25.414 [main] DEBUG org.hibernate.id.factory.internal.DefaultIdentifierGeneratorFactory - Registering IdentifierGenerator strategy [select] -> [org.hibernate.id.SelectGenerator]
20:24:25.414 [main] DEBUG org.hibernate.id.factory.internal.DefaultIdentifierGeneratorFactory - Registering IdentifierGenerator strategy [sequence] -> [org.hibernate.id.enhanced.SequenceStyleGenerator]
20:24:25.414 [main] DEBUG org.hibernate.id.factory.internal.DefaultIdentifierGeneratorFactory - Registering IdentifierGenerator strategy [seqhilo] -> [org.hibernate.id.SequenceHiLoGenerator]
20:24:25.414 [main] DEBUG org.hibernate.id.factory.internal.DefaultIdentifierGeneratorFactory - Registering IdentifierGenerator strategy [increment] -> [org.hibernate.id.IncrementGenerator]
20:24:25.414 [main] DEBUG org.hibernate.id.factory.internal.DefaultIdentifierGeneratorFactory - Registering IdentifierGenerator strategy [foreign] -> [org.hibernate.id.ForeignGenerator]
20:24:25.414 [main] DEBUG org.hibernate.id.factory.internal.DefaultIdentifierGeneratorFactory - Registering IdentifierGenerator strategy [sequence-identity] -> [org.hibernate.id.SequenceIdentityGenerator]
20:24:25.414 [main] DEBUG org.hibernate.id.factory.internal.DefaultIdentifierGeneratorFactory - Registering IdentifierGenerator strategy [enhanced-sequence] -> [org.hibernate.id.enhanced.SequenceStyleGenerator]
20:24:25.414 [main] DEBUG org.hibernate.id.factory.internal.DefaultIdentifierGeneratorFactory - Registering IdentifierGenerator strategy [enhanced-table] -> [org.hibernate.id.enhanced.TableGenerator]
20:24:25.414 [main] DEBUG org.hibernate.boot.model.relational.Namespace - Created database namespace [logicalName=Name{catalog=null, schema=null}, physicalName=Name{catalog=null, schema=null}]
20:24:25.414 [main] DEBUG org.hibernate.cfg.AnnotationBinder - Binding entity from annotated class: tau.mmo.domain.Item
20:24:25.414 [main] DEBUG org.hibernate.cfg.annotations.QueryBinder - Binding named query: item.all => Select p from Item p
20:24:25.414 [main] DEBUG org.hibernate.cfg.annotations.QueryBinder - Binding named query: item.allForPlayer => Select p from Item p where player_id = :id
20:24:25.414 [main] DEBUG org.hibernate.cfg.Ejb3Column - Binding column: Ejb3DiscriminatorColumn{logicalColumnName'DTYPE', discriminatorTypeName='string'}
20:24:25.414 [main] DEBUG org.hibernate.cfg.annotations.EntityBinder - Import with entity name Item
20:24:25.414 [main] DEBUG org.hibernate.cfg.annotations.EntityBinder - Bind entity tau.mmo.domain.Item on table item
20:24:25.415 [main] DEBUG org.hibernate.cfg.Ejb3Column - Binding column: Ejb3Column{table=org.hibernate.mapping.Table(item), mappingColumn=id, insertable=true, updatable=true, unique=false}
20:24:25.415 [main] DEBUG org.hibernate.cfg.annotations.PropertyBinder - MetadataSourceProcessor property id with lazy=false
20:24:25.415 [main] DEBUG org.hibernate.cfg.AbstractPropertyHolder - Attempting to locate auto-apply AttributeConverter for property [tau.mmo.domain.Item:id]
20:24:25.415 [main] DEBUG org.hibernate.cfg.annotations.SimpleValueBinder - building SimpleValue for id
20:24:25.415 [main] DEBUG org.hibernate.cfg.annotations.PropertyBinder - Building property id
20:24:25.415 [main] DEBUG org.hibernate.cfg.Ejb3Column - Binding column: Ejb3Column{table=org.hibernate.mapping.Table(item), mappingColumn=itemclass, insertable=true, updatable=true, unique=false}
20:24:25.415 [main] DEBUG org.hibernate.cfg.annotations.PropertyBinder - MetadataSourceProcessor property itemclass with lazy=false
20:24:25.415 [main] DEBUG org.hibernate.cfg.AbstractPropertyHolder - Attempting to locate auto-apply AttributeConverter for property [tau.mmo.domain.Item:itemclass]
20:24:25.415 [main] DEBUG org.hibernate.cfg.annotations.SimpleValueBinder - building SimpleValue for itemclass
20:24:25.415 [main] DEBUG org.hibernate.cfg.annotations.PropertyBinder - Building property itemclass
20:24:25.415 [main] DEBUG org.hibernate.cfg.Ejb3Column - Binding column: Ejb3Column{table=org.hibernate.mapping.Table(item), mappingColumn=levelreq, insertable=true, updatable=true, unique=false}
20:24:25.415 [main] DEBUG org.hibernate.cfg.annotations.PropertyBinder - MetadataSourceProcessor property levelreq with lazy=false
20:24:25.415 [main] DEBUG org.hibernate.cfg.AbstractPropertyHolder - Attempting to locate auto-apply AttributeConverter for property [tau.mmo.domain.Item:levelreq]
20:24:25.415 [main] DEBUG org.hibernate.cfg.annotations.SimpleValueBinder - building SimpleValue for levelreq
20:24:25.415 [main] DEBUG org.hibernate.cfg.annotations.PropertyBinder - Building property levelreq
20:24:25.415 [main] DEBUG org.hibernate.cfg.Ejb3Column - Binding column: Ejb3Column{table=org.hibernate.mapping.Table(item), mappingColumn=name, insertable=true, updatable=true, unique=false}
20:24:25.415 [main] DEBUG org.hibernate.cfg.annotations.PropertyBinder - MetadataSourceProcessor property name with lazy=false
20:24:25.415 [main] DEBUG org.hibernate.cfg.AbstractPropertyHolder - Attempting to locate auto-apply AttributeConverter for property [tau.mmo.domain.Item:name]
20:24:25.415 [main] DEBUG org.hibernate.cfg.annotations.SimpleValueBinder - building SimpleValue for name
20:24:25.415 [main] DEBUG org.hibernate.cfg.annotations.PropertyBinder - Building property name
20:24:25.415 [main] DEBUG org.hibernate.cfg.Ejb3Column - Binding column: Ejb3JoinColumn{logicalColumnName='player_id', referencedColumn='', mappedBy=''}
20:24:25.415 [main] DEBUG org.hibernate.cfg.Ejb3Column - Binding column: Ejb3Column{table=org.hibernate.mapping.Table(item), mappingColumn=player, insertable=true, updatable=true, unique=false}
20:24:25.415 [main] DEBUG org.hibernate.cfg.annotations.PropertyBinder - Building property player
20:24:25.415 [main] DEBUG org.hibernate.cfg.AnnotationBinder - Binding entity from annotated class: tau.mmo.domain.Player
20:24:25.415 [main] DEBUG org.hibernate.cfg.annotations.QueryBinder - Binding named query: player.all => Select p from Player p
20:24:25.415 [main] DEBUG org.hibernate.cfg.annotations.QueryBinder - Binding named query: player.findPlayers => Select c from Player c where c.name like :nameFragment
20:24:25.415 [main] DEBUG org.hibernate.cfg.Ejb3Column - Binding column: Ejb3DiscriminatorColumn{logicalColumnName'DTYPE', discriminatorTypeName='string'}
20:24:25.416 [main] DEBUG org.hibernate.cfg.annotations.EntityBinder - Import with entity name Player
20:24:25.416 [main] DEBUG org.hibernate.cfg.annotations.EntityBinder - Bind entity tau.mmo.domain.Player on table player
20:24:25.416 [main] DEBUG org.hibernate.cfg.Ejb3Column - Binding column: Ejb3Column{table=org.hibernate.mapping.Table(player), mappingColumn=id, insertable=true, updatable=true, unique=false}
20:24:25.416 [main] DEBUG org.hibernate.cfg.annotations.PropertyBinder - MetadataSourceProcessor property id with lazy=false
20:24:25.416 [main] DEBUG org.hibernate.cfg.AbstractPropertyHolder - Attempting to locate auto-apply AttributeConverter for property [tau.mmo.domain.Player:id]
20:24:25.416 [main] DEBUG org.hibernate.cfg.annotations.SimpleValueBinder - building SimpleValue for id
20:24:25.416 [main] DEBUG org.hibernate.cfg.annotations.PropertyBinder - Building property id
20:24:25.416 [main] DEBUG org.hibernate.cfg.Ejb3Column - Binding column: Ejb3Column{table=org.hibernate.mapping.Table(player), mappingColumn=heroclass, insertable=true, updatable=true, unique=false}
20:24:25.416 [main] DEBUG org.hibernate.cfg.annotations.PropertyBinder - MetadataSourceProcessor property heroclass with lazy=false
20:24:25.416 [main] DEBUG org.hibernate.cfg.AbstractPropertyHolder - Attempting to locate auto-apply AttributeConverter for property [tau.mmo.domain.Player:heroclass]
20:24:25.416 [main] DEBUG org.hibernate.cfg.annotations.SimpleValueBinder - building SimpleValue for heroclass
20:24:25.416 [main] DEBUG org.hibernate.cfg.annotations.PropertyBinder - Building property heroclass
20:24:25.416 [main] DEBUG org.hibernate.cfg.Ejb3Column - Binding column: Ejb3JoinColumn{logicalColumnName='null', referencedColumn='null', mappedBy='player'}
20:24:25.416 [main] DEBUG org.hibernate.cfg.Ejb3Column - Binding column: Ejb3Column{table=org.hibernate.mapping.Table(player), mappingColumn=items, insertable=true, updatable=true, unique=false}
20:24:25.416 [main] DEBUG org.hibernate.cfg.Ejb3Column - Binding column: Ejb3Column{table=org.hibernate.mapping.Table(player), mappingColumn=null, insertable=true, updatable=true, unique=false}
20:24:25.417 [main] DEBUG org.hibernate.cfg.Ejb3Column - Binding column: Ejb3Column{table=org.hibernate.mapping.Table(player), mappingColumn=element, insertable=true, updatable=true, unique=false}
20:24:25.417 [main] DEBUG org.hibernate.cfg.Ejb3Column - Binding column: Ejb3Column{table=org.hibernate.mapping.Table(player), mappingColumn=items_KEY, insertable=true, updatable=true, unique=false}
20:24:25.417 [main] DEBUG org.hibernate.cfg.Ejb3Column - Binding column: Ejb3JoinColumn{logicalColumnName='items_KEY', referencedColumn='null', mappedBy='null'}
20:24:25.417 [main] DEBUG org.hibernate.cfg.Ejb3Column - Binding column: Ejb3JoinColumn{logicalColumnName='null', referencedColumn='null', mappedBy='player'}
20:24:25.417 [main] DEBUG org.hibernate.cfg.Ejb3Column - Binding column: Ejb3JoinColumn{logicalColumnName='null', referencedColumn='null', mappedBy='player'}
20:24:25.417 [main] DEBUG org.hibernate.cfg.annotations.CollectionBinder - Collection role: tau.mmo.domain.Player.items
20:24:25.417 [main] DEBUG org.hibernate.cfg.annotations.PropertyBinder - Building property items
20:24:25.417 [main] DEBUG org.hibernate.cfg.Ejb3Column - Binding column: Ejb3Column{table=org.hibernate.mapping.Table(player), mappingColumn=level, insertable=true, updatable=true, unique=false}
20:24:25.417 [main] DEBUG org.hibernate.cfg.annotations.PropertyBinder - MetadataSourceProcessor property level with lazy=false
20:24:25.417 [main] DEBUG org.hibernate.cfg.AbstractPropertyHolder - Attempting to locate auto-apply AttributeConverter for property [tau.mmo.domain.Player:level]
20:24:25.417 [main] DEBUG org.hibernate.cfg.annotations.SimpleValueBinder - building SimpleValue for level
20:24:25.417 [main] DEBUG org.hibernate.cfg.annotations.PropertyBinder - Building property level
20:24:25.417 [main] DEBUG org.hibernate.cfg.Ejb3Column - Binding column: Ejb3Column{table=org.hibernate.mapping.Table(player), mappingColumn=name, insertable=true, updatable=true, unique=false}
20:24:25.417 [main] DEBUG org.hibernate.cfg.annotations.PropertyBinder - MetadataSourceProcessor property name with lazy=false
20:24:25.417 [main] DEBUG org.hibernate.cfg.AbstractPropertyHolder - Attempting to locate auto-apply AttributeConverter for property [tau.mmo.domain.Player:name]
20:24:25.417 [main] DEBUG org.hibernate.cfg.annotations.SimpleValueBinder - building SimpleValue for name
20:24:25.417 [main] DEBUG org.hibernate.cfg.annotations.PropertyBinder - Building property name
20:24:25.417 [main] DEBUG org.hibernate.cfg.annotations.SimpleValueBinder - Starting fillSimpleValue for id
20:24:25.417 [main] DEBUG org.hibernate.cfg.annotations.SimpleValueBinder - Starting fillSimpleValue for itemclass
20:24:25.417 [main] DEBUG org.hibernate.cfg.annotations.SimpleValueBinder - Starting fillSimpleValue for levelreq
20:24:25.417 [main] DEBUG org.hibernate.cfg.annotations.SimpleValueBinder - Starting fillSimpleValue for name
20:24:25.417 [main] DEBUG org.hibernate.cfg.annotations.SimpleValueBinder - Starting fillSimpleValue for id
20:24:25.417 [main] DEBUG org.hibernate.cfg.annotations.SimpleValueBinder - Starting fillSimpleValue for heroclass
20:24:25.417 [main] DEBUG org.hibernate.cfg.annotations.SimpleValueBinder - Starting fillSimpleValue for level
20:24:25.417 [main] DEBUG org.hibernate.cfg.annotations.SimpleValueBinder - Starting fillSimpleValue for name
20:24:25.417 [main] DEBUG org.hibernate.mapping.PrimaryKey - Forcing column [id] to be non-null as it is part of the primary key for table [item]
20:24:25.417 [main] DEBUG org.hibernate.mapping.PrimaryKey - Forcing column [id] to be non-null as it is part of the primary key for table [player]
20:24:25.417 [main] DEBUG org.hibernate.cfg.CollectionSecondPass - Second pass for collection: tau.mmo.domain.Player.items
20:24:25.417 [main] DEBUG org.hibernate.cfg.annotations.CollectionBinder - Binding a OneToMany: tau.mmo.domain.Player.items through a foreign key
20:24:25.417 [main] DEBUG org.hibernate.cfg.annotations.CollectionBinder - Mapping collection: tau.mmo.domain.Player.items -> item
20:24:25.417 [main] DEBUG org.hibernate.cfg.annotations.TableBinder - Retrieving property tau.mmo.domain.Item.player
20:24:25.417 [main] DEBUG org.hibernate.cfg.CollectionSecondPass - Mapped collection key: player_id, one-to-many: tau.mmo.domain.Item
20:24:25.417 [main] DEBUG org.hibernate.boot.internal.InFlightMetadataCollectorImpl - Resolving reference to class: tau.mmo.domain.Player
20:24:25.418 [main] DEBUG org.hibernate.boot.internal.InFlightMetadataCollectorImpl - Resolving reference to class: tau.mmo.domain.Player
20:24:25.418 [main] DEBUG org.hibernate.internal.SessionFactoryImpl - Building session factory
20:24:25.418 [main] DEBUG org.hibernate.cfg.Settings - SessionFactory name : null
20:24:25.418 [main] DEBUG org.hibernate.cfg.Settings - Automatic flush during beforeCompletion(): disabled
20:24:25.418 [main] DEBUG org.hibernate.cfg.Settings - Automatic session close at end of transaction: disabled
20:24:25.418 [main] DEBUG org.hibernate.cfg.Settings - Statistics: disabled
20:24:25.418 [main] DEBUG org.hibernate.cfg.Settings - Deleted entity synthetic identifier rollback: disabled
20:24:25.418 [main] DEBUG org.hibernate.cfg.Settings - Default entity-mode: pojo
20:24:25.418 [main] DEBUG org.hibernate.cfg.Settings - Check Nullability in Core (should be disabled when Bean Validation is on): enabled
20:24:25.418 [main] DEBUG org.hibernate.cfg.Settings - Allow initialization of lazy state outside session : disabled
20:24:25.418 [main] DEBUG org.hibernate.cfg.Settings - Using BatchFetchStyle : LEGACY
20:24:25.418 [main] DEBUG org.hibernate.cfg.Settings - Default batch fetch size: -1
20:24:25.418 [main] DEBUG org.hibernate.cfg.Settings - Maximum outer join fetch depth: null
20:24:25.418 [main] DEBUG org.hibernate.cfg.Settings - Default null ordering: NONE
20:24:25.418 [main] DEBUG org.hibernate.cfg.Settings - Order SQL updates by primary key: disabled
20:24:25.418 [main] DEBUG org.hibernate.cfg.Settings - Order SQL inserts for batching: disabled
20:24:25.418 [main] DEBUG org.hibernate.cfg.Settings - multi-tenancy strategy : NONE
20:24:25.418 [main] DEBUG org.hibernate.cfg.Settings - JTA Track by Thread: enabled
20:24:25.418 [main] DEBUG org.hibernate.cfg.Settings - Query language substitutions: {}
20:24:25.418 [main] DEBUG org.hibernate.cfg.Settings - JPA query language strict compliance: disabled
20:24:25.418 [main] DEBUG org.hibernate.cfg.Settings - Named query checking : enabled
20:24:25.418 [main] DEBUG org.hibernate.cfg.Settings - Second-level cache: enabled
20:24:25.418 [main] DEBUG org.hibernate.cfg.Settings - Second-level query cache: disabled
20:24:25.418 [main] DEBUG org.hibernate.cfg.Settings - Second-level query cache factory: org.hibernate.cache.internal.StandardQueryCacheFactory@767599a7
20:24:25.418 [main] DEBUG org.hibernate.cfg.Settings - Second-level cache region prefix: null
20:24:25.418 [main] DEBUG org.hibernate.cfg.Settings - Optimize second-level cache for minimal puts: disabled
20:24:25.418 [main] DEBUG org.hibernate.cfg.Settings - Structured second-level cache entries: disabled
20:24:25.419 [main] DEBUG org.hibernate.cfg.Settings - Second-level cache direct-reference entries: disabled
20:24:25.419 [main] DEBUG org.hibernate.cfg.Settings - Automatic eviction of collection cache: disabled
20:24:25.419 [main] DEBUG org.hibernate.cfg.Settings - JDBC batch size: 0
20:24:25.419 [main] DEBUG org.hibernate.cfg.Settings - JDBC batch updates for versioned data: enabled
20:24:25.419 [main] DEBUG org.hibernate.cfg.Settings - Scrollable result sets: disabled
20:24:25.419 [main] DEBUG org.hibernate.cfg.Settings - Wrap result sets: disabled
20:24:25.419 [main] DEBUG org.hibernate.cfg.Settings - JDBC3 getGeneratedKeys(): disabled
20:24:25.419 [main] DEBUG org.hibernate.cfg.Settings - JDBC result set fetch size: null
20:24:25.419 [main] DEBUG org.hibernate.cfg.Settings - Connection release mode: ON_CLOSE
20:24:25.419 [main] DEBUG org.hibernate.cfg.Settings - Generate SQL with comments: disabled
20:24:25.419 [main] DEBUG org.hibernate.internal.SessionFactoryImpl - Session factory constructed with filter configurations : {}
20:24:25.419 [main] DEBUG org.hibernate.internal.SessionFactoryImpl - Instantiating session factory with properties: {awt.toolkit=sun.awt.X11.XToolkit, java.specification.version=11, sun.cpu.isalist=, sun.jnu.encoding=UTF-8, hibernate.connection.release_mode=ON_CLOSE, sun.arch.data.model=64, java.vendor.url=http://java.oracle.com/, sun.boot.library.path=/usr/lib/jvm/java-11-openjdk-amd64/lib, sun.java.command=/home/whitewolf/tau/TAU-repozytorium/tau-mmo-jmeter/target/surefire/surefirebooter3743684750447416578.jar /home/whitewolf/tau/TAU-repozytorium/tau-mmo-jmeter/target/surefire 2019-05-27T20-24-21_781-jvmRun1 surefire6552960694995493992tmp surefire_06547653810239904951tmp, jdk.debug=release, java.specification.vendor=Oracle Corporation, java.version.date=2019-04-16, java.home=/usr/lib/jvm/java-11-openjdk-amd64, file.separator=/, basedir=/home/whitewolf/tau/TAU-repozytorium/tau-mmo-jmeter, java.vm.compressedOopsMode=Zero based, line.separator=
, java.specification.name=Java Platform API Specification, java.vm.specification.vendor=Oracle Corporation, hibernate.hbm2ddl.auto=update, sun.management.compiler=HotSpot 64-Bit Tiered Compilers, java.runtime.version=11.0.3+7-Ubuntu-1ubuntu218.04.1, user.name=whitewolf, file.encoding=UTF-8, hibernate.classLoaders=[jdk.internal.loader.ClassLoaders$AppClassLoader@1affbebc], hibernate.current_session_context_class=org.springframework.orm.hibernate5.SpringSessionContext, localRepository=/home/whitewolf/.m2/repository, java.io.tmpdir=/tmp, java.version=11.0.3, java.vm.specification.name=Java Virtual Machine Specification, java.awt.printerjob=sun.print.PSPrinterJob, sun.os.patch.level=unknown, java.library.path=/usr/java/packages/lib:/usr/lib/x86_64-linux-gnu/jni:/lib/x86_64-linux-gnu:/usr/lib/x86_64-linux-gnu:/usr/lib/jni:/lib:/usr/lib, java.vendor=Oracle Corporation, sun.io.unicode.encoding=UnicodeLittle, sun.desktop=gnome, hibernate.dialect=org.hibernate.dialect.HSQLDialect, java.class.path=/home/whitewolf/tau/TAU-repozytorium/tau-mmo-jmeter/target/test-classes:/home/whitewolf/tau/TAU-repozytorium/tau-mmo-jmeter/target/classes:/home/whitewolf/.m2/repository/org/springframework/boot/spring-boot-starter-web/2.1.4.RELEASE/spring-boot-starter-web-2.1.4.RELEASE.jar:/home/whitewolf/.m2/repository/org/springframework/boot/spring-boot-starter/2.1.4.RELEASE/spring-boot-starter-2.1.4.RELEASE.jar:/home/whitewolf/.m2/repository/org/springframework/boot/spring-boot/2.1.4.RELEASE/spring-boot-2.1.4.RELEASE.jar:/home/whitewolf/.m2/repository/org/springframework/boot/spring-boot-autoconfigure/2.1.4.RELEASE/spring-boot-autoconfigure-2.1.4.RELEASE.jar:/home/whitewolf/.m2/repository/org/springframework/boot/spring-boot-starter-logging/2.1.4.RELEASE/spring-boot-starter-logging-2.1.4.RELEASE.jar:/home/whitewolf/.m2/repository/ch/qos/logback/logback-classic/1.2.3/logback-classic-1.2.3.jar:/home/whitewolf/.m2/repository/ch/qos/logback/logback-core/1.2.3/logback-core-1.2.3.jar:/home/whitewolf/.m2/repository/org/apache/logging/log4j/log4j-to-slf4j/2.11.2/log4j-to-slf4j-2.11.2.jar:/home/whitewolf/.m2/repository/org/apache/logging/log4j/log4j-api/2.11.2/log4j-api-2.11.2.jar:/home/whitewolf/.m2/repository/org/slf4j/jul-to-slf4j/1.7.26/jul-to-slf4j-1.7.26.jar:/home/whitewolf/.m2/repository/org/yaml/snakeyaml/1.23/snakeyaml-1.23.jar:/home/whitewolf/.m2/repository/org/springframework/boot/spring-boot-starter-json/2.1.4.RELEASE/spring-boot-starter-json-2.1.4.RELEASE.jar:/home/whitewolf/.m2/repository/com/fasterxml/jackson/core/jackson-databind/2.9.8/jackson-databind-2.9.8.jar:/home/whitewolf/.m2/repository/com/fasterxml/jackson/core/jackson-annotations/2.9.0/jackson-annotations-2.9.0.jar:/home/whitewolf/.m2/repository/com/fasterxml/jackson/core/jackson-core/2.9.8/jackson-core-2.9.8.jar:/home/whitewolf/.m2/repository/com/fasterxml/jackson/datatype/jackson-datatype-jdk8/2.9.8/jackson-datatype-jdk8-2.9.8.jar:/home/whitewolf/.m2/repository/com/fasterxml/jackson/datatype/jackson-datatype-jsr310/2.9.8/jackson-datatype-jsr310-2.9.8.jar:/home/whitewolf/.m2/repository/com/fasterxml/jackson/module/jackson-module-parameter-names/2.9.8/jackson-module-parameter-names-2.9.8.jar:/home/whitewolf/.m2/repository/org/hibernate/validator/hibernate-validator/6.0.16.Final/hibernate-validator-6.0.16.Final.jar:/home/whitewolf/.m2/repository/javax/validation/validation-api/2.0.1.Final/validation-api-2.0.1.Final.jar:/home/whitewolf/.m2/repository/org/springframework/spring-web/5.1.6.RELEASE/spring-web-5.1.6.RELEASE.jar:/home/whitewolf/.m2/repository/org/springframework/spring-webmvc/5.1.6.RELEASE/spring-webmvc-5.1.6.RELEASE.jar:/home/whitewolf/.m2/repository/org/springframework/spring-aop/5.1.6.RELEASE/spring-aop-5.1.6.RELEASE.jar:/home/whitewolf/.m2/repository/org/springframework/spring-context/5.1.6.RELEASE/spring-context-5.1.6.RELEASE.jar:/home/whitewolf/.m2/repository/org/springframework/spring-expression/5.1.6.RELEASE/spring-expression-5.1.6.RELEASE.jar:/home/whitewolf/.m2/repository/org/springframework/boot/spring-boot-starter-test/2.1.4.RELEASE/spring-boot-starter-test-2.1.4.RELEASE.jar:/home/whitewolf/.m2/repository/org/springframework/boot/spring-boot-test/2.1.4.RELEASE/spring-boot-test-2.1.4.RELEASE.jar:/home/whitewolf/.m2/repository/org/springframework/boot/spring-boot-test-autoconfigure/2.1.4.RELEASE/spring-boot-test-autoconfigure-2.1.4.RELEASE.jar:/home/whitewolf/.m2/repository/junit/junit/4.12/junit-4.12.jar:/home/whitewolf/.m2/repository/org/assertj/assertj-core/3.11.1/assertj-core-3.11.1.jar:/home/whitewolf/.m2/repository/org/mockito/mockito-core/2.23.4/mockito-core-2.23.4.jar:/home/whitewolf/.m2/repository/net/bytebuddy/byte-buddy/1.9.12/byte-buddy-1.9.12.jar:/home/whitewolf/.m2/repository/net/bytebuddy/byte-buddy-agent/1.9.12/byte-buddy-agent-1.9.12.jar:/home/whitewolf/.m2/repository/org/objenesis/objenesis/2.6/objenesis-2.6.jar:/home/whitewolf/.m2/repository/org/hamcrest/hamcrest-core/1.3/hamcrest-core-1.3.jar:/home/whitewolf/.m2/repository/org/hamcrest/hamcrest-library/1.3/hamcrest-library-1.3.jar:/home/whitewolf/.m2/repository/org/skyscreamer/jsonassert/1.5.0/jsonassert-1.5.0.jar:/home/whitewolf/.m2/repository/com/vaadin/external/google/android-json/0.0.20131108.vaadin1/android-json-0.0.20131108.vaadin1.jar:/home/whitewolf/.m2/repository/org/springframework/spring-core/5.1.6.RELEASE/spring-core-5.1.6.RELEASE.jar:/home/whitewolf/.m2/repository/org/springframework/spring-jcl/5.1.6.RELEASE/spring-jcl-5.1.6.RELEASE.jar:/home/whitewolf/.m2/repository/org/springframework/spring-test/5.1.6.RELEASE/spring-test-5.1.6.RELEASE.jar:/home/whitewolf/.m2/repository/org/xmlunit/xmlunit-core/2.6.2/xmlunit-core-2.6.2.jar:/home/whitewolf/.m2/repository/org/springframework/boot/spring-boot-starter-tomcat/2.1.4.RELEASE/spring-boot-starter-tomcat-2.1.4.RELEASE.jar:/home/whitewolf/.m2/repository/javax/annotation/javax.annotation-api/1.3.2/javax.annotation-api-1.3.2.jar:/home/whitewolf/.m2/repository/org/apache/tomcat/embed/tomcat-embed-core/9.0.17/tomcat-embed-core-9.0.17.jar:/home/whitewolf/.m2/repository/org/apache/tomcat/embed/tomcat-embed-el/9.0.17/tomcat-embed-el-9.0.17.jar:/home/whitewolf/.m2/repository/org/apache/tomcat/embed/tomcat-embed-websocket/9.0.17/tomcat-embed-websocket-9.0.17.jar:/home/whitewolf/.m2/repository/org/springframework/boot/spring-boot-starter-data-jpa/2.1.4.RELEASE/spring-boot-starter-data-jpa-2.1.4.RELEASE.jar:/home/whitewolf/.m2/repository/org/springframework/boot/spring-boot-starter-aop/2.1.4.RELEASE/spring-boot-starter-aop-2.1.4.RELEASE.jar:/home/whitewolf/.m2/repository/org/aspectj/aspectjweaver/1.9.2/aspectjweaver-1.9.2.jar:/home/whitewolf/.m2/repository/org/springframework/boot/spring-boot-starter-jdbc/2.1.4.RELEASE/spring-boot-starter-jdbc-2.1.4.RELEASE.jar:/home/whitewolf/.m2/repository/com/zaxxer/HikariCP/3.2.0/HikariCP-3.2.0.jar:/home/whitewolf/.m2/repository/org/springframework/spring-jdbc/5.1.6.RELEASE/spring-jdbc-5.1.6.RELEASE.jar:/home/whitewolf/.m2/repository/javax/transaction/javax.transaction-api/1.3/javax.transaction-api-1.3.jar:/home/whitewolf/.m2/repository/javax/xml/bind/jaxb-api/2.3.1/jaxb-api-2.3.1.jar:/home/whitewolf/.m2/repository/javax/activation/javax.activation-api/1.2.0/javax.activation-api-1.2.0.jar:/home/whitewolf/.m2/repository/org/springframework/data/spring-data-jpa/2.1.6.RELEASE/spring-data-jpa-2.1.6.RELEASE.jar:/home/whitewolf/.m2/repository/org/springframework/data/spring-data-commons/2.1.6.RELEASE/spring-data-commons-2.1.6.RELEASE.jar:/home/whitewolf/.m2/repository/org/springframework/spring-orm/5.1.6.RELEASE/spring-orm-5.1.6.RELEASE.jar:/home/whitewolf/.m2/repository/org/springframework/spring-aspects/5.1.6.RELEASE/spring-aspects-5.1.6.RELEASE.jar:/home/whitewolf/.m2/repository/org/springframework/spring-tx/5.1.6.RELEASE/spring-tx-5.1.6.RELEASE.jar:/home/whitewolf/.m2/repository/org/springframework/spring-beans/5.1.6.RELEASE/spring-beans-5.1.6.RELEASE.jar:/home/whitewolf/.m2/repository/com/jayway/jsonpath/json-path/2.4.0/json-path-2.4.0.jar:/home/whitewolf/.m2/repository/net/minidev/json-smart/2.3/json-smart-2.3.jar:/home/whitewolf/.m2/repository/net/minidev/accessors-smart/1.2/accessors-smart-1.2.jar:/home/whitewolf/.m2/repository/org/ow2/asm/asm/5.0.4/asm-5.0.4.jar:/home/whitewolf/.m2/repository/org/slf4j/slf4j-api/1.7.26/slf4j-api-1.7.26.jar:/home/whitewolf/.m2/repository/org/hibernate/hibernate-core/5.1.6.Final/hibernate-core-5.1.6.Final.jar:/home/whitewolf/.m2/repository/org/jboss/logging/jboss-logging/3.3.2.Final/jboss-logging-3.3.2.Final.jar:/home/whitewolf/.m2/repository/org/hibernate/javax/persistence/hibernate-jpa-2.1-api/1.0.0.Final/hibernate-jpa-2.1-api-1.0.0.Final.jar:/home/whitewolf/.m2/repository/org/javassist/javassist/3.20.0-GA/javassist-3.20.0-GA.jar:/home/whitewolf/.m2/repository/antlr/antlr/2.7.7/antlr-2.7.7.jar:/home/whitewolf/.m2/repository/org/apache/geronimo/specs/geronimo-jta_1.1_spec/1.1.1/geronimo-jta_1.1_spec-1.1.1.jar:/home/whitewolf/.m2/repository/org/jboss/jandex/2.0.3.Final/jandex-2.0.3.Final.jar:/home/whitewolf/.m2/repository/com/fasterxml/classmate/1.4.0/classmate-1.4.0.jar:/home/whitewolf/.m2/repository/dom4j/dom4j/1.6.1/dom4j-1.6.1.jar:/home/whitewolf/.m2/repository/org/hibernate/common/hibernate-commons-annotations/5.0.1.Final/hibernate-commons-annotations-5.0.1.Final.jar:/home/whitewolf/.m2/repository/org/hsqldb/hsqldb/2.3.4/hsqldb-2.3.4.jar:, java.vm.vendor=Oracle Corporation, user.timezone=Europe/Warsaw, os.name=Linux, java.vm.specification.version=11, sun.java.launcher=SUN_STANDARD, user.country=PL, surefire.test.class.path=/home/whitewolf/tau/TAU-repozytorium/tau-mmo-jmeter/target/test-classes:/home/whitewolf/tau/TAU-repozytorium/tau-mmo-jmeter/target/classes:/home/whitewolf/.m2/repository/org/springframework/boot/spring-boot-starter-web/2.1.4.RELEASE/spring-boot-starter-web-2.1.4.RELEASE.jar:/home/whitewolf/.m2/repository/org/springframework/boot/spring-boot-starter/2.1.4.RELEASE/spring-boot-starter-2.1.4.RELEASE.jar:/home/whitewolf/.m2/repository/org/springframework/boot/spring-boot/2.1.4.RELEASE/spring-boot-2.1.4.RELEASE.jar:/home/whitewolf/.m2/repository/org/springframework/boot/spring-boot-autoconfigure/2.1.4.RELEASE/spring-boot-autoconfigure-2.1.4.RELEASE.jar:/home/whitewolf/.m2/repository/org/springframework/boot/spring-boot-starter-logging/2.1.4.RELEASE/spring-boot-starter-logging-2.1.4.RELEASE.jar:/home/whitewolf/.m2/repository/ch/qos/logback/logback-classic/1.2.3/logback-classic-1.2.3.jar:/home/whitewolf/.m2/repository/ch/qos/logback/logback-core/1.2.3/logback-core-1.2.3.jar:/home/whitewolf/.m2/repository/org/apache/logging/log4j/log4j-to-slf4j/2.11.2/log4j-to-slf4j-2.11.2.jar:/home/whitewolf/.m2/repository/org/apache/logging/log4j/log4j-api/2.11.2/log4j-api-2.11.2.jar:/home/whitewolf/.m2/repository/org/slf4j/jul-to-slf4j/1.7.26/jul-to-slf4j-1.7.26.jar:/home/whitewolf/.m2/repository/org/yaml/snakeyaml/1.23/snakeyaml-1.23.jar:/home/whitewolf/.m2/repository/org/springframework/boot/spring-boot-starter-json/2.1.4.RELEASE/spring-boot-starter-json-2.1.4.RELEASE.jar:/home/whitewolf/.m2/repository/com/fasterxml/jackson/core/jackson-databind/2.9.8/jackson-databind-2.9.8.jar:/home/whitewolf/.m2/repository/com/fasterxml/jackson/core/jackson-annotations/2.9.0/jackson-annotations-2.9.0.jar:/home/whitewolf/.m2/repository/com/fasterxml/jackson/core/jackson-core/2.9.8/jackson-core-2.9.8.jar:/home/whitewolf/.m2/repository/com/fasterxml/jackson/datatype/jackson-datatype-jdk8/2.9.8/jackson-datatype-jdk8-2.9.8.jar:/home/whitewolf/.m2/repository/com/fasterxml/jackson/datatype/jackson-datatype-jsr310/2.9.8/jackson-datatype-jsr310-2.9.8.jar:/home/whitewolf/.m2/repository/com/fasterxml/jackson/module/jackson-module-parameter-names/2.9.8/jackson-module-parameter-names-2.9.8.jar:/home/whitewolf/.m2/repository/org/hibernate/validator/hibernate-validator/6.0.16.Final/hibernate-validator-6.0.16.Final.jar:/home/whitewolf/.m2/repository/javax/validation/validation-api/2.0.1.Final/validation-api-2.0.1.Final.jar:/home/whitewolf/.m2/repository/org/springframework/spring-web/5.1.6.RELEASE/spring-web-5.1.6.RELEASE.jar:/home/whitewolf/.m2/repository/org/springframework/spring-webmvc/5.1.6.RELEASE/spring-webmvc-5.1.6.RELEASE.jar:/home/whitewolf/.m2/repository/org/springframework/spring-aop/5.1.6.RELEASE/spring-aop-5.1.6.RELEASE.jar:/home/whitewolf/.m2/repository/org/springframework/spring-context/5.1.6.RELEASE/spring-context-5.1.6.RELEASE.jar:/home/whitewolf/.m2/repository/org/springframework/spring-expression/5.1.6.RELEASE/spring-expression-5.1.6.RELEASE.jar:/home/whitewolf/.m2/repository/org/springframework/boot/spring-boot-starter-test/2.1.4.RELEASE/spring-boot-starter-test-2.1.4.RELEASE.jar:/home/whitewolf/.m2/repository/org/springframework/boot/spring-boot-test/2.1.4.RELEASE/spring-boot-test-2.1.4.RELEASE.jar:/home/whitewolf/.m2/repository/org/springframework/boot/spring-boot-test-autoconfigure/2.1.4.RELEASE/spring-boot-test-autoconfigure-2.1.4.RELEASE.jar:/home/whitewolf/.m2/repository/junit/junit/4.12/junit-4.12.jar:/home/whitewolf/.m2/repository/org/assertj/assertj-core/3.11.1/assertj-core-3.11.1.jar:/home/whitewolf/.m2/repository/org/mockito/mockito-core/2.23.4/mockito-core-2.23.4.jar:/home/whitewolf/.m2/repository/net/bytebuddy/byte-buddy/1.9.12/byte-buddy-1.9.12.jar:/home/whitewolf/.m2/repository/net/bytebuddy/byte-buddy-agent/1.9.12/byte-buddy-agent-1.9.12.jar:/home/whitewolf/.m2/repository/org/objenesis/objenesis/2.6/objenesis-2.6.jar:/home/whitewolf/.m2/repository/org/hamcrest/hamcrest-core/1.3/hamcrest-core-1.3.jar:/home/whitewolf/.m2/repository/org/hamcrest/hamcrest-library/1.3/hamcrest-library-1.3.jar:/home/whitewolf/.m2/repository/org/skyscreamer/jsonassert/1.5.0/jsonassert-1.5.0.jar:/home/whitewolf/.m2/repository/com/vaadin/external/google/android-json/0.0.20131108.vaadin1/android-json-0.0.20131108.vaadin1.jar:/home/whitewolf/.m2/repository/org/springframework/spring-core/5.1.6.RELEASE/spring-core-5.1.6.RELEASE.jar:/home/whitewolf/.m2/repository/org/springframework/spring-jcl/5.1.6.RELEASE/spring-jcl-5.1.6.RELEASE.jar:/home/whitewolf/.m2/repository/org/springframework/spring-test/5.1.6.RELEASE/spring-test-5.1.6.RELEASE.jar:/home/whitewolf/.m2/repository/org/xmlunit/xmlunit-core/2.6.2/xmlunit-core-2.6.2.jar:/home/whitewolf/.m2/repository/org/springframework/boot/spring-boot-starter-tomcat/2.1.4.RELEASE/spring-boot-starter-tomcat-2.1.4.RELEASE.jar:/home/whitewolf/.m2/repository/javax/annotation/javax.annotation-api/1.3.2/javax.annotation-api-1.3.2.jar:/home/whitewolf/.m2/repository/org/apache/tomcat/embed/tomcat-embed-core/9.0.17/tomcat-embed-core-9.0.17.jar:/home/whitewolf/.m2/repository/org/apache/tomcat/embed/tomcat-embed-el/9.0.17/tomcat-embed-el-9.0.17.jar:/home/whitewolf/.m2/repository/org/apache/tomcat/embed/tomcat-embed-websocket/9.0.17/tomcat-embed-websocket-9.0.17.jar:/home/whitewolf/.m2/repository/org/springframework/boot/spring-boot-starter-data-jpa/2.1.4.RELEASE/spring-boot-starter-data-jpa-2.1.4.RELEASE.jar:/home/whitewolf/.m2/repository/org/springframework/boot/spring-boot-starter-aop/2.1.4.RELEASE/spring-boot-starter-aop-2.1.4.RELEASE.jar:/home/whitewolf/.m2/repository/org/aspectj/aspectjweaver/1.9.2/aspectjweaver-1.9.2.jar:/home/whitewolf/.m2/repository/org/springframework/boot/spring-boot-starter-jdbc/2.1.4.RELEASE/spring-boot-starter-jdbc-2.1.4.RELEASE.jar:/home/whitewolf/.m2/repository/com/zaxxer/HikariCP/3.2.0/HikariCP-3.2.0.jar:/home/whitewolf/.m2/repository/org/springframework/spring-jdbc/5.1.6.RELEASE/spring-jdbc-5.1.6.RELEASE.jar:/home/whitewolf/.m2/repository/javax/transaction/javax.transaction-api/1.3/javax.transaction-api-1.3.jar:/home/whitewolf/.m2/repository/javax/xml/bind/jaxb-api/2.3.1/jaxb-api-2.3.1.jar:/home/whitewolf/.m2/repository/javax/activation/javax.activation-api/1.2.0/javax.activation-api-1.2.0.jar:/home/whitewolf/.m2/repository/org/springframework/data/spring-data-jpa/2.1.6.RELEASE/spring-data-jpa-2.1.6.RELEASE.jar:/home/whitewolf/.m2/repository/org/springframework/data/spring-data-commons/2.1.6.RELEASE/spring-data-commons-2.1.6.RELEASE.jar:/home/whitewolf/.m2/repository/org/springframework/spring-orm/5.1.6.RELEASE/spring-orm-5.1.6.RELEASE.jar:/home/whitewolf/.m2/repository/org/springframework/spring-aspects/5.1.6.RELEASE/spring-aspects-5.1.6.RELEASE.jar:/home/whitewolf/.m2/repository/org/springframework/spring-tx/5.1.6.RELEASE/spring-tx-5.1.6.RELEASE.jar:/home/whitewolf/.m2/repository/org/springframework/spring-beans/5.1.6.RELEASE/spring-beans-5.1.6.RELEASE.jar:/home/whitewolf/.m2/repository/com/jayway/jsonpath/json-path/2.4.0/json-path-2.4.0.jar:/home/whitewolf/.m2/repository/net/minidev/json-smart/2.3/json-smart-2.3.jar:/home/whitewolf/.m2/repository/net/minidev/accessors-smart/1.2/accessors-smart-1.2.jar:/home/whitewolf/.m2/repository/org/ow2/asm/asm/5.0.4/asm-5.0.4.jar:/home/whitewolf/.m2/repository/org/slf4j/slf4j-api/1.7.26/slf4j-api-1.7.26.jar:/home/whitewolf/.m2/repository/org/hibernate/hibernate-core/5.1.6.Final/hibernate-core-5.1.6.Final.jar:/home/whitewolf/.m2/repository/org/jboss/logging/jboss-logging/3.3.2.Final/jboss-logging-3.3.2.Final.jar:/home/whitewolf/.m2/repository/org/hibernate/javax/persistence/hibernate-jpa-2.1-api/1.0.0.Final/hibernate-jpa-2.1-api-1.0.0.Final.jar:/home/whitewolf/.m2/repository/org/javassist/javassist/3.20.0-GA/javassist-3.20.0-GA.jar:/home/whitewolf/.m2/repository/antlr/antlr/2.7.7/antlr-2.7.7.jar:/home/whitewolf/.m2/repository/org/apache/geronimo/specs/geronimo-jta_1.1_spec/1.1.1/geronimo-jta_1.1_spec-1.1.1.jar:/home/whitewolf/.m2/repository/org/jboss/jandex/2.0.3.Final/jandex-2.0.3.Final.jar:/home/whitewolf/.m2/repository/com/fasterxml/classmate/1.4.0/classmate-1.4.0.jar:/home/whitewolf/.m2/repository/dom4j/dom4j/1.6.1/dom4j-1.6.1.jar:/home/whitewolf/.m2/repository/org/hibernate/common/hibernate-commons-annotations/5.0.1.Final/hibernate-commons-annotations-5.0.1.Final.jar:/home/whitewolf/.m2/repository/org/hsqldb/hsqldb/2.3.4/hsqldb-2.3.4.jar:, sun.cpu.endian=little, user.home=/home/whitewolf, user.language=pl, java.awt.graphicsenv=sun.awt.X11GraphicsEnvironment, surefire.real.class.path=/home/whitewolf/tau/TAU-repozytorium/tau-mmo-jmeter/target/surefire/surefirebooter3743684750447416578.jar, path.separator=:, os.version=4.15.0-47-generic, java.runtime.name=OpenJDK Runtime Environment, java.vm.name=OpenJDK 64-Bit Server VM, hibernate.show_sql=true, java.vendor.url.bug=http://bugreport.java.com/bugreport/, user.dir=/home/whitewolf/tau/TAU-repozytorium/tau-mmo-jmeter, os.arch=amd64, hibernate.boot.CfgXmlAccessService.key=org.hibernate.boot.cfgxml.spi.LoadedConfig@45d46254, java.vm.info=mixed mode, sharing, java.vm.version=11.0.3+7-Ubuntu-1ubuntu218.04.1, hibernate.bytecode.use_reflection_optimizer=false, hibernate.connection.datasource=org.springframework.jdbc.datasource.DriverManagerDataSource@2d4a0671, java.class.version=55.0}
20:24:25.419 [main] DEBUG org.hibernate.validator.internal.engine.resolver.TraversableResolvers - Found javax.persistence.Persistence on classpath containing 'getPersistenceUtil'. Assuming JPA 2 environment. Trying to instantiate JPA aware TraversableResolver
20:24:25.419 [main] DEBUG org.hibernate.validator.internal.engine.resolver.TraversableResolvers - Instantiated JPA aware TraversableResolver of type org.hibernate.validator.internal.engine.resolver.JPATraversableResolver.
20:24:25.419 [main] DEBUG org.hibernate.validator.internal.xml.config.ValidationXmlParser - Trying to load META-INF/validation.xml for XML based Validator configuration.
20:24:25.419 [main] DEBUG org.hibernate.validator.internal.xml.config.ResourceLoaderHelper - Trying to load META-INF/validation.xml via TCCL
20:24:25.420 [main] DEBUG org.hibernate.validator.internal.xml.config.ResourceLoaderHelper - Trying to load META-INF/validation.xml via Hibernate Validator's class loader
20:24:25.420 [main] DEBUG org.hibernate.validator.internal.xml.config.ValidationXmlParser - No META-INF/validation.xml found. Using annotation based configuration only.
20:24:25.422 [main] DEBUG org.hibernate.validator.messageinterpolation.ResourceBundleMessageInterpolator - Loaded expression factory via original TCCL
20:24:25.422 [main] DEBUG org.hibernate.validator.internal.engine.ValidatorFactoryImpl - HV000234: Using org.hibernate.validator.messageinterpolation.ResourceBundleMessageInterpolator as ValidatorFactory-scoped message interpolator.
20:24:25.422 [main] DEBUG org.hibernate.validator.internal.engine.ValidatorFactoryImpl - HV000234: Using org.hibernate.validator.internal.engine.resolver.JPATraversableResolver as ValidatorFactory-scoped traversable resolver.
20:24:25.422 [main] DEBUG org.hibernate.validator.internal.engine.ValidatorFactoryImpl - HV000234: Using org.hibernate.validator.internal.util.ExecutableParameterNameProvider as ValidatorFactory-scoped parameter name provider.
20:24:25.422 [main] DEBUG org.hibernate.validator.internal.engine.ValidatorFactoryImpl - HV000234: Using org.hibernate.validator.internal.engine.DefaultClockProvider as ValidatorFactory-scoped clock provider.
20:24:25.422 [main] DEBUG org.hibernate.validator.internal.engine.ValidatorFactoryImpl - HV000234: Using org.hibernate.validator.internal.engine.scripting.DefaultScriptEvaluatorFactory as ValidatorFactory-scoped script evaluator factory.
20:24:25.422 [main] DEBUG org.hibernate.boot.internal.ClassLoaderAccessImpl - Not known whether passed class name [tau.mmo.domain.Item] is safe
20:24:25.422 [main] DEBUG org.hibernate.boot.internal.ClassLoaderAccessImpl - No temp ClassLoader provided; using live ClassLoader for loading potentially unsafe class : tau.mmo.domain.Item
20:24:25.425 [main] DEBUG org.hibernate.boot.internal.ClassLoaderAccessImpl - Not known whether passed class name [tau.mmo.domain.Player] is safe
20:24:25.425 [main] DEBUG org.hibernate.boot.internal.ClassLoaderAccessImpl - No temp ClassLoader provided; using live ClassLoader for loading potentially unsafe class : tau.mmo.domain.Player
20:24:25.433 [main] DEBUG org.hibernate.secure.spi.JaccIntegrator - Skipping JACC integration as it was not enabled
20:24:25.433 [main] DEBUG org.hibernate.boot.internal.ClassLoaderAccessImpl - Not known whether passed class name [tau.mmo.domain.Item] is safe
20:24:25.433 [main] DEBUG org.hibernate.boot.internal.ClassLoaderAccessImpl - No temp ClassLoader provided; using live ClassLoader for loading potentially unsafe class : tau.mmo.domain.Item
20:24:25.433 [main] DEBUG org.hibernate.boot.internal.ClassLoaderAccessImpl - Not known whether passed class name [tau.mmo.domain.Item] is safe
20:24:25.433 [main] DEBUG org.hibernate.boot.internal.ClassLoaderAccessImpl - No temp ClassLoader provided; using live ClassLoader for loading potentially unsafe class : tau.mmo.domain.Item
20:24:25.434 [main] DEBUG org.hibernate.boot.internal.ClassLoaderAccessImpl - Not known whether passed class name [tau.mmo.domain.Player] is safe
20:24:25.434 [main] DEBUG org.hibernate.boot.internal.ClassLoaderAccessImpl - No temp ClassLoader provided; using live ClassLoader for loading potentially unsafe class : tau.mmo.domain.Player
20:24:25.434 [main] DEBUG org.hibernate.boot.internal.ClassLoaderAccessImpl - Not known whether passed class name [tau.mmo.domain.Player] is safe
20:24:25.434 [main] DEBUG org.hibernate.boot.internal.ClassLoaderAccessImpl - No temp ClassLoader provided; using live ClassLoader for loading potentially unsafe class : tau.mmo.domain.Player
20:24:25.435 [main] DEBUG org.hibernate.persister.collection.AbstractCollectionPersister - Static SQL for collection: tau.mmo.domain.Player.items
20:24:25.435 [main] DEBUG org.hibernate.persister.collection.AbstractCollectionPersister -  Row insert: update item set player_id=? where id=?
20:24:25.435 [main] DEBUG org.hibernate.persister.collection.AbstractCollectionPersister -  Row update: update item set  where id=?
20:24:25.435 [main] DEBUG org.hibernate.persister.collection.AbstractCollectionPersister -  Row delete: update item set player_id=null where player_id=? and id=?
20:24:25.435 [main] DEBUG org.hibernate.persister.collection.AbstractCollectionPersister -  One-shot delete: update item set player_id=null where player_id=?
20:24:25.435 [main] DEBUG org.hibernate.persister.entity.AbstractEntityPersister - Static SQL for entity: tau.mmo.domain.Item
20:24:25.435 [main] DEBUG org.hibernate.persister.entity.AbstractEntityPersister -  Version select: select id from item where id =?
20:24:25.435 [main] DEBUG org.hibernate.persister.entity.AbstractEntityPersister -  Snapshot select: select item_.id, item_.itemclass as itemclas2_0_, item_.levelreq as levelreq3_0_, item_.name as name4_0_, item_.player_id as player_i5_0_ from item item_ where item_.id=?
20:24:25.435 [main] DEBUG org.hibernate.persister.entity.AbstractEntityPersister -  Insert 0: insert into item (itemclass, levelreq, name, player_id, id) values (?, ?, ?, ?, ?)
20:24:25.435 [main] DEBUG org.hibernate.persister.entity.AbstractEntityPersister -  Update 0: update item set itemclass=?, levelreq=?, name=?, player_id=? where id=?
20:24:25.435 [main] DEBUG org.hibernate.persister.entity.AbstractEntityPersister -  Delete 0: delete from item where id=?
20:24:25.435 [main] DEBUG org.hibernate.loader.plan.build.internal.spaces.QuerySpacesImpl - Adding QuerySpace : uid = <gen:0> -> org.hibernate.loader.plan.build.internal.spaces.EntityQuerySpaceImpl@309cf657]
20:24:25.435 [main] DEBUG org.hibernate.persister.walking.spi.MetamodelGraphWalker - Visiting attribute path : itemclass
20:24:25.435 [main] DEBUG org.hibernate.persister.walking.spi.MetamodelGraphWalker - Visiting attribute path : levelreq
20:24:25.435 [main] DEBUG org.hibernate.persister.walking.spi.MetamodelGraphWalker - Visiting attribute path : name
20:24:25.435 [main] DEBUG org.hibernate.persister.walking.spi.MetamodelGraphWalker - Visiting attribute path : player
20:24:25.435 [main] DEBUG org.hibernate.loader.plan.build.internal.spaces.QuerySpacesImpl - Adding QuerySpace : uid = <gen:1> -> org.hibernate.loader.plan.build.internal.spaces.EntityQuerySpaceImpl@49925d21]
20:24:25.435 [main] DEBUG org.hibernate.loader.plan.build.internal.FetchStyleLoadPlanBuildingAssociationVisitationStrategy - Building LoadPlan...
20:24:25.435 [main] DEBUG org.hibernate.loader.plan.exec.internal.LoadQueryJoinAndFetchProcessor - processing queryspace <gen:0>
20:24:25.436 [main] DEBUG org.hibernate.loader.plan.build.spi.LoadPlanTreePrinter - LoadPlan(entity=tau.mmo.domain.Item)
    - Returns
       - EntityReturnImpl(entity=tau.mmo.domain.Item, querySpaceUid=<gen:0>, path=tau.mmo.domain.Item)
          - EntityAttributeFetchImpl(entity=tau.mmo.domain.Player, querySpaceUid=<gen:1>, path=tau.mmo.domain.Item.player)
    - QuerySpaces
       - EntityQuerySpaceImpl(uid=<gen:0>, entity=tau.mmo.domain.Item)
          - SQL table alias mapping - item0_
          - alias suffix - 0_
          - suffixed key columns - {id1_0_0_}

20:24:25.436 [main] DEBUG org.hibernate.loader.entity.plan.EntityLoader - Static select for entity tau.mmo.domain.Item [NONE]: select item0_.id as id1_0_0_, item0_.itemclass as itemclas2_0_0_, item0_.levelreq as levelreq3_0_0_, item0_.name as name4_0_0_, item0_.player_id as player_i5_0_0_ from item item0_ where item0_.id=?
20:24:25.436 [main] DEBUG org.hibernate.loader.plan.build.internal.spaces.QuerySpacesImpl - Adding QuerySpace : uid = <gen:0> -> org.hibernate.loader.plan.build.internal.spaces.EntityQuerySpaceImpl@11170228]
20:24:25.436 [main] DEBUG org.hibernate.persister.walking.spi.MetamodelGraphWalker - Visiting attribute path : itemclass
20:24:25.436 [main] DEBUG org.hibernate.persister.walking.spi.MetamodelGraphWalker - Visiting attribute path : levelreq
20:24:25.436 [main] DEBUG org.hibernate.persister.walking.spi.MetamodelGraphWalker - Visiting attribute path : name
20:24:25.436 [main] DEBUG org.hibernate.persister.walking.spi.MetamodelGraphWalker - Visiting attribute path : player
20:24:25.436 [main] DEBUG org.hibernate.loader.plan.build.internal.spaces.QuerySpacesImpl - Adding QuerySpace : uid = <gen:1> -> org.hibernate.loader.plan.build.internal.spaces.EntityQuerySpaceImpl@69d58731]
20:24:25.436 [main] DEBUG org.hibernate.loader.plan.build.internal.FetchStyleLoadPlanBuildingAssociationVisitationStrategy - Building LoadPlan...
20:24:25.436 [main] DEBUG org.hibernate.loader.plan.exec.internal.LoadQueryJoinAndFetchProcessor - processing queryspace <gen:0>
20:24:25.436 [main] DEBUG org.hibernate.loader.plan.build.spi.LoadPlanTreePrinter - LoadPlan(entity=tau.mmo.domain.Item)
    - Returns
       - EntityReturnImpl(entity=tau.mmo.domain.Item, querySpaceUid=<gen:0>, path=tau.mmo.domain.Item)
          - EntityAttributeFetchImpl(entity=tau.mmo.domain.Player, querySpaceUid=<gen:1>, path=tau.mmo.domain.Item.player)
    - QuerySpaces
       - EntityQuerySpaceImpl(uid=<gen:0>, entity=tau.mmo.domain.Item)
          - SQL table alias mapping - item0_
          - alias suffix - 0_
          - suffixed key columns - {id1_0_0_}

20:24:25.436 [main] DEBUG org.hibernate.loader.entity.plan.EntityLoader - Static select for entity tau.mmo.domain.Item [READ]: select item0_.id as id1_0_0_, item0_.itemclass as itemclas2_0_0_, item0_.levelreq as levelreq3_0_0_, item0_.name as name4_0_0_, item0_.player_id as player_i5_0_0_ from item item0_ where item0_.id=?
20:24:25.436 [main] DEBUG org.hibernate.loader.plan.build.internal.spaces.QuerySpacesImpl - Adding QuerySpace : uid = <gen:0> -> org.hibernate.loader.plan.build.internal.spaces.EntityQuerySpaceImpl@3275a47f]
20:24:25.436 [main] DEBUG org.hibernate.persister.walking.spi.MetamodelGraphWalker - Visiting attribute path : itemclass
20:24:25.436 [main] DEBUG org.hibernate.persister.walking.spi.MetamodelGraphWalker - Visiting attribute path : levelreq
20:24:25.436 [main] DEBUG org.hibernate.persister.walking.spi.MetamodelGraphWalker - Visiting attribute path : name
20:24:25.436 [main] DEBUG org.hibernate.persister.walking.spi.MetamodelGraphWalker - Visiting attribute path : player
20:24:25.436 [main] DEBUG org.hibernate.loader.plan.build.internal.spaces.QuerySpacesImpl - Adding QuerySpace : uid = <gen:1> -> org.hibernate.loader.plan.build.internal.spaces.EntityQuerySpaceImpl@2e0163cb]
20:24:25.436 [main] DEBUG org.hibernate.loader.plan.build.internal.FetchStyleLoadPlanBuildingAssociationVisitationStrategy - Building LoadPlan...
20:24:25.436 [main] DEBUG org.hibernate.loader.plan.exec.internal.LoadQueryJoinAndFetchProcessor - processing queryspace <gen:0>
20:24:25.436 [main] DEBUG org.hibernate.loader.plan.build.spi.LoadPlanTreePrinter - LoadPlan(entity=tau.mmo.domain.Item)
    - Returns
       - EntityReturnImpl(entity=tau.mmo.domain.Item, querySpaceUid=<gen:0>, path=tau.mmo.domain.Item)
          - EntityAttributeFetchImpl(entity=tau.mmo.domain.Player, querySpaceUid=<gen:1>, path=tau.mmo.domain.Item.player)
    - QuerySpaces
       - EntityQuerySpaceImpl(uid=<gen:0>, entity=tau.mmo.domain.Item)
          - SQL table alias mapping - item0_
          - alias suffix - 0_
          - suffixed key columns - {id1_0_0_}

20:24:25.436 [main] DEBUG org.hibernate.loader.entity.plan.EntityLoader - Static select for entity tau.mmo.domain.Item [UPGRADE]: select item0_.id as id1_0_0_, item0_.itemclass as itemclas2_0_0_, item0_.levelreq as levelreq3_0_0_, item0_.name as name4_0_0_, item0_.player_id as player_i5_0_0_ from item item0_ where item0_.id=? for update
20:24:25.436 [main] DEBUG org.hibernate.loader.plan.build.internal.spaces.QuerySpacesImpl - Adding QuerySpace : uid = <gen:0> -> org.hibernate.loader.plan.build.internal.spaces.EntityQuerySpaceImpl@6b289535]
20:24:25.436 [main] DEBUG org.hibernate.persister.walking.spi.MetamodelGraphWalker - Visiting attribute path : itemclass
20:24:25.436 [main] DEBUG org.hibernate.persister.walking.spi.MetamodelGraphWalker - Visiting attribute path : levelreq
20:24:25.436 [main] DEBUG org.hibernate.persister.walking.spi.MetamodelGraphWalker - Visiting attribute path : name
20:24:25.436 [main] DEBUG org.hibernate.persister.walking.spi.MetamodelGraphWalker - Visiting attribute path : player
20:24:25.436 [main] DEBUG org.hibernate.loader.plan.build.internal.spaces.QuerySpacesImpl - Adding QuerySpace : uid = <gen:1> -> org.hibernate.loader.plan.build.internal.spaces.EntityQuerySpaceImpl@38c55a8a]
20:24:25.436 [main] DEBUG org.hibernate.loader.plan.build.internal.FetchStyleLoadPlanBuildingAssociationVisitationStrategy - Building LoadPlan...
20:24:25.437 [main] DEBUG org.hibernate.loader.plan.exec.internal.LoadQueryJoinAndFetchProcessor - processing queryspace <gen:0>
20:24:25.437 [main] DEBUG org.hibernate.loader.plan.build.spi.LoadPlanTreePrinter - LoadPlan(entity=tau.mmo.domain.Item)
    - Returns
       - EntityReturnImpl(entity=tau.mmo.domain.Item, querySpaceUid=<gen:0>, path=tau.mmo.domain.Item)
          - EntityAttributeFetchImpl(entity=tau.mmo.domain.Player, querySpaceUid=<gen:1>, path=tau.mmo.domain.Item.player)
    - QuerySpaces
       - EntityQuerySpaceImpl(uid=<gen:0>, entity=tau.mmo.domain.Item)
          - SQL table alias mapping - item0_
          - alias suffix - 0_
          - suffixed key columns - {id1_0_0_}

20:24:25.437 [main] DEBUG org.hibernate.loader.entity.plan.EntityLoader - Static select for entity tau.mmo.domain.Item [UPGRADE_NOWAIT]: select item0_.id as id1_0_0_, item0_.itemclass as itemclas2_0_0_, item0_.levelreq as levelreq3_0_0_, item0_.name as name4_0_0_, item0_.player_id as player_i5_0_0_ from item item0_ where item0_.id=? for update
20:24:25.437 [main] DEBUG org.hibernate.loader.plan.build.internal.spaces.QuerySpacesImpl - Adding QuerySpace : uid = <gen:0> -> org.hibernate.loader.plan.build.internal.spaces.EntityQuerySpaceImpl@1d7f7962]
20:24:25.437 [main] DEBUG org.hibernate.persister.walking.spi.MetamodelGraphWalker - Visiting attribute path : itemclass
20:24:25.437 [main] DEBUG org.hibernate.persister.walking.spi.MetamodelGraphWalker - Visiting attribute path : levelreq
20:24:25.437 [main] DEBUG org.hibernate.persister.walking.spi.MetamodelGraphWalker - Visiting attribute path : name
20:24:25.437 [main] DEBUG org.hibernate.persister.walking.spi.MetamodelGraphWalker - Visiting attribute path : player
20:24:25.437 [main] DEBUG org.hibernate.loader.plan.build.internal.spaces.QuerySpacesImpl - Adding QuerySpace : uid = <gen:1> -> org.hibernate.loader.plan.build.internal.spaces.EntityQuerySpaceImpl@4a5b38e6]
20:24:25.437 [main] DEBUG org.hibernate.loader.plan.build.internal.FetchStyleLoadPlanBuildingAssociationVisitationStrategy - Building LoadPlan...
20:24:25.437 [main] DEBUG org.hibernate.loader.plan.exec.internal.LoadQueryJoinAndFetchProcessor - processing queryspace <gen:0>
20:24:25.437 [main] DEBUG org.hibernate.loader.plan.build.spi.LoadPlanTreePrinter - LoadPlan(entity=tau.mmo.domain.Item)
    - Returns
       - EntityReturnImpl(entity=tau.mmo.domain.Item, querySpaceUid=<gen:0>, path=tau.mmo.domain.Item)
          - EntityAttributeFetchImpl(entity=tau.mmo.domain.Player, querySpaceUid=<gen:1>, path=tau.mmo.domain.Item.player)
    - QuerySpaces
       - EntityQuerySpaceImpl(uid=<gen:0>, entity=tau.mmo.domain.Item)
          - SQL table alias mapping - item0_
          - alias suffix - 0_
          - suffixed key columns - {id1_0_0_}

20:24:25.437 [main] DEBUG org.hibernate.loader.entity.plan.EntityLoader - Static select for entity tau.mmo.domain.Item [UPGRADE_SKIPLOCKED]: select item0_.id as id1_0_0_, item0_.itemclass as itemclas2_0_0_, item0_.levelreq as levelreq3_0_0_, item0_.name as name4_0_0_, item0_.player_id as player_i5_0_0_ from item item0_ where item0_.id=? for update
20:24:25.437 [main] DEBUG org.hibernate.loader.plan.build.internal.spaces.QuerySpacesImpl - Adding QuerySpace : uid = <gen:0> -> org.hibernate.loader.plan.build.internal.spaces.EntityQuerySpaceImpl@58583a2d]
20:24:25.437 [main] DEBUG org.hibernate.persister.walking.spi.MetamodelGraphWalker - Visiting attribute path : itemclass
20:24:25.437 [main] DEBUG org.hibernate.persister.walking.spi.MetamodelGraphWalker - Visiting attribute path : levelreq
20:24:25.437 [main] DEBUG org.hibernate.persister.walking.spi.MetamodelGraphWalker - Visiting attribute path : name
20:24:25.437 [main] DEBUG org.hibernate.persister.walking.spi.MetamodelGraphWalker - Visiting attribute path : player
20:24:25.437 [main] DEBUG org.hibernate.loader.plan.build.internal.spaces.QuerySpacesImpl - Adding QuerySpace : uid = <gen:1> -> org.hibernate.loader.plan.build.internal.spaces.EntityQuerySpaceImpl@2d172c7]
20:24:25.437 [main] DEBUG org.hibernate.loader.plan.build.internal.FetchStyleLoadPlanBuildingAssociationVisitationStrategy - Building LoadPlan...
20:24:25.437 [main] DEBUG org.hibernate.loader.plan.exec.internal.LoadQueryJoinAndFetchProcessor - processing queryspace <gen:0>
20:24:25.437 [main] DEBUG org.hibernate.loader.plan.build.spi.LoadPlanTreePrinter - LoadPlan(entity=tau.mmo.domain.Item)
    - Returns
       - EntityReturnImpl(entity=tau.mmo.domain.Item, querySpaceUid=<gen:0>, path=tau.mmo.domain.Item)
          - EntityAttributeFetchImpl(entity=tau.mmo.domain.Player, querySpaceUid=<gen:1>, path=tau.mmo.domain.Item.player)
    - QuerySpaces
       - EntityQuerySpaceImpl(uid=<gen:0>, entity=tau.mmo.domain.Item)
          - SQL table alias mapping - item0_
          - alias suffix - 0_
          - suffixed key columns - {id1_0_0_}

20:24:25.437 [main] DEBUG org.hibernate.loader.entity.plan.EntityLoader - Static select for entity tau.mmo.domain.Item [FORCE]: select item0_.id as id1_0_0_, item0_.itemclass as itemclas2_0_0_, item0_.levelreq as levelreq3_0_0_, item0_.name as name4_0_0_, item0_.player_id as player_i5_0_0_ from item item0_ where item0_.id=? for update
20:24:25.437 [main] DEBUG org.hibernate.loader.plan.build.internal.spaces.QuerySpacesImpl - Adding QuerySpace : uid = <gen:0> -> org.hibernate.loader.plan.build.internal.spaces.EntityQuerySpaceImpl@115ef673]
20:24:25.438 [main] DEBUG org.hibernate.persister.walking.spi.MetamodelGraphWalker - Visiting attribute path : itemclass
20:24:25.438 [main] DEBUG org.hibernate.persister.walking.spi.MetamodelGraphWalker - Visiting attribute path : levelreq
20:24:25.438 [main] DEBUG org.hibernate.persister.walking.spi.MetamodelGraphWalker - Visiting attribute path : name
20:24:25.438 [main] DEBUG org.hibernate.persister.walking.spi.MetamodelGraphWalker - Visiting attribute path : player
20:24:25.438 [main] DEBUG org.hibernate.loader.plan.build.internal.spaces.QuerySpacesImpl - Adding QuerySpace : uid = <gen:1> -> org.hibernate.loader.plan.build.internal.spaces.EntityQuerySpaceImpl@614cd187]
20:24:25.438 [main] DEBUG org.hibernate.loader.plan.build.internal.FetchStyleLoadPlanBuildingAssociationVisitationStrategy - Building LoadPlan...
20:24:25.438 [main] DEBUG org.hibernate.loader.plan.exec.internal.LoadQueryJoinAndFetchProcessor - processing queryspace <gen:0>
20:24:25.438 [main] DEBUG org.hibernate.loader.plan.build.spi.LoadPlanTreePrinter - LoadPlan(entity=tau.mmo.domain.Item)
    - Returns
       - EntityReturnImpl(entity=tau.mmo.domain.Item, querySpaceUid=<gen:0>, path=tau.mmo.domain.Item)
          - EntityAttributeFetchImpl(entity=tau.mmo.domain.Player, querySpaceUid=<gen:1>, path=tau.mmo.domain.Item.player)
    - QuerySpaces
       - EntityQuerySpaceImpl(uid=<gen:0>, entity=tau.mmo.domain.Item)
          - SQL table alias mapping - item0_
          - alias suffix - 0_
          - suffixed key columns - {id1_0_0_}

20:24:25.438 [main] DEBUG org.hibernate.loader.entity.plan.EntityLoader - Static select for entity tau.mmo.domain.Item [PESSIMISTIC_READ]: select item0_.id as id1_0_0_, item0_.itemclass as itemclas2_0_0_, item0_.levelreq as levelreq3_0_0_, item0_.name as name4_0_0_, item0_.player_id as player_i5_0_0_ from item item0_ where item0_.id=? for update
20:24:25.438 [main] DEBUG org.hibernate.loader.plan.build.internal.spaces.QuerySpacesImpl - Adding QuerySpace : uid = <gen:0> -> org.hibernate.loader.plan.build.internal.spaces.EntityQuerySpaceImpl@6802d023]
20:24:25.438 [main] DEBUG org.hibernate.persister.walking.spi.MetamodelGraphWalker - Visiting attribute path : itemclass
20:24:25.438 [main] DEBUG org.hibernate.persister.walking.spi.MetamodelGraphWalker - Visiting attribute path : levelreq
20:24:25.438 [main] DEBUG org.hibernate.persister.walking.spi.MetamodelGraphWalker - Visiting attribute path : name
20:24:25.438 [main] DEBUG org.hibernate.persister.walking.spi.MetamodelGraphWalker - Visiting attribute path : player
20:24:25.438 [main] DEBUG org.hibernate.loader.plan.build.internal.spaces.QuerySpacesImpl - Adding QuerySpace : uid = <gen:1> -> org.hibernate.loader.plan.build.internal.spaces.EntityQuerySpaceImpl@77476fcf]
20:24:25.438 [main] DEBUG org.hibernate.loader.plan.build.internal.FetchStyleLoadPlanBuildingAssociationVisitationStrategy - Building LoadPlan...
20:24:25.438 [main] DEBUG org.hibernate.loader.plan.exec.internal.LoadQueryJoinAndFetchProcessor - processing queryspace <gen:0>
20:24:25.438 [main] DEBUG org.hibernate.loader.plan.build.spi.LoadPlanTreePrinter - LoadPlan(entity=tau.mmo.domain.Item)
    - Returns
       - EntityReturnImpl(entity=tau.mmo.domain.Item, querySpaceUid=<gen:0>, path=tau.mmo.domain.Item)
          - EntityAttributeFetchImpl(entity=tau.mmo.domain.Player, querySpaceUid=<gen:1>, path=tau.mmo.domain.Item.player)
    - QuerySpaces
       - EntityQuerySpaceImpl(uid=<gen:0>, entity=tau.mmo.domain.Item)
          - SQL table alias mapping - item0_
          - alias suffix - 0_
          - suffixed key columns - {id1_0_0_}

20:24:25.438 [main] DEBUG org.hibernate.loader.entity.plan.EntityLoader - Static select for entity tau.mmo.domain.Item [PESSIMISTIC_WRITE]: select item0_.id as id1_0_0_, item0_.itemclass as itemclas2_0_0_, item0_.levelreq as levelreq3_0_0_, item0_.name as name4_0_0_, item0_.player_id as player_i5_0_0_ from item item0_ where item0_.id=? for update
20:24:25.438 [main] DEBUG org.hibernate.loader.plan.build.internal.spaces.QuerySpacesImpl - Adding QuerySpace : uid = <gen:0> -> org.hibernate.loader.plan.build.internal.spaces.EntityQuerySpaceImpl@70805849]
20:24:25.438 [main] DEBUG org.hibernate.persister.walking.spi.MetamodelGraphWalker - Visiting attribute path : itemclass
20:24:25.438 [main] DEBUG org.hibernate.persister.walking.spi.MetamodelGraphWalker - Visiting attribute path : levelreq
20:24:25.438 [main] DEBUG org.hibernate.persister.walking.spi.MetamodelGraphWalker - Visiting attribute path : name
20:24:25.438 [main] DEBUG org.hibernate.persister.walking.spi.MetamodelGraphWalker - Visiting attribute path : player
20:24:25.438 [main] DEBUG org.hibernate.loader.plan.build.internal.spaces.QuerySpacesImpl - Adding QuerySpace : uid = <gen:1> -> org.hibernate.loader.plan.build.internal.spaces.EntityQuerySpaceImpl@4a41caed]
20:24:25.438 [main] DEBUG org.hibernate.loader.plan.build.internal.FetchStyleLoadPlanBuildingAssociationVisitationStrategy - Building LoadPlan...
20:24:25.438 [main] DEBUG org.hibernate.loader.plan.exec.internal.LoadQueryJoinAndFetchProcessor - processing queryspace <gen:0>
20:24:25.439 [main] DEBUG org.hibernate.loader.plan.build.spi.LoadPlanTreePrinter - LoadPlan(entity=tau.mmo.domain.Item)
    - Returns
       - EntityReturnImpl(entity=tau.mmo.domain.Item, querySpaceUid=<gen:0>, path=tau.mmo.domain.Item)
          - EntityAttributeFetchImpl(entity=tau.mmo.domain.Player, querySpaceUid=<gen:1>, path=tau.mmo.domain.Item.player)
    - QuerySpaces
       - EntityQuerySpaceImpl(uid=<gen:0>, entity=tau.mmo.domain.Item)
          - SQL table alias mapping - item0_
          - alias suffix - 0_
          - suffixed key columns - {id1_0_0_}

20:24:25.439 [main] DEBUG org.hibernate.loader.entity.plan.EntityLoader - Static select for entity tau.mmo.domain.Item [PESSIMISTIC_FORCE_INCREMENT]: select item0_.id as id1_0_0_, item0_.itemclass as itemclas2_0_0_, item0_.levelreq as levelreq3_0_0_, item0_.name as name4_0_0_, item0_.player_id as player_i5_0_0_ from item item0_ where item0_.id=? for update
20:24:25.439 [main] DEBUG org.hibernate.loader.plan.build.internal.spaces.QuerySpacesImpl - Adding QuerySpace : uid = <gen:0> -> org.hibernate.loader.plan.build.internal.spaces.EntityQuerySpaceImpl@6b4fd7d]
20:24:25.439 [main] DEBUG org.hibernate.persister.walking.spi.MetamodelGraphWalker - Visiting attribute path : itemclass
20:24:25.439 [main] DEBUG org.hibernate.persister.walking.spi.MetamodelGraphWalker - Visiting attribute path : levelreq
20:24:25.439 [main] DEBUG org.hibernate.persister.walking.spi.MetamodelGraphWalker - Visiting attribute path : name
20:24:25.439 [main] DEBUG org.hibernate.persister.walking.spi.MetamodelGraphWalker - Visiting attribute path : player
20:24:25.439 [main] DEBUG org.hibernate.loader.plan.build.internal.spaces.QuerySpacesImpl - Adding QuerySpace : uid = <gen:1> -> org.hibernate.loader.plan.build.internal.spaces.EntityQuerySpaceImpl@12723c5d]
20:24:25.439 [main] DEBUG org.hibernate.loader.plan.build.internal.FetchStyleLoadPlanBuildingAssociationVisitationStrategy - Building LoadPlan...
20:24:25.439 [main] DEBUG org.hibernate.loader.plan.exec.internal.LoadQueryJoinAndFetchProcessor - processing queryspace <gen:0>
20:24:25.439 [main] DEBUG org.hibernate.loader.plan.build.spi.LoadPlanTreePrinter - LoadPlan(entity=tau.mmo.domain.Item)
    - Returns
       - EntityReturnImpl(entity=tau.mmo.domain.Item, querySpaceUid=<gen:0>, path=tau.mmo.domain.Item)
          - EntityAttributeFetchImpl(entity=tau.mmo.domain.Player, querySpaceUid=<gen:1>, path=tau.mmo.domain.Item.player)
    - QuerySpaces
       - EntityQuerySpaceImpl(uid=<gen:0>, entity=tau.mmo.domain.Item)
          - SQL table alias mapping - item0_
          - alias suffix - 0_
          - suffixed key columns - {id1_0_0_}

20:24:25.439 [main] DEBUG org.hibernate.loader.entity.plan.EntityLoader - Static select for entity tau.mmo.domain.Item [OPTIMISTIC]: select item0_.id as id1_0_0_, item0_.itemclass as itemclas2_0_0_, item0_.levelreq as levelreq3_0_0_, item0_.name as name4_0_0_, item0_.player_id as player_i5_0_0_ from item item0_ where item0_.id=?
20:24:25.439 [main] DEBUG org.hibernate.loader.plan.build.internal.spaces.QuerySpacesImpl - Adding QuerySpace : uid = <gen:0> -> org.hibernate.loader.plan.build.internal.spaces.EntityQuerySpaceImpl@56a09a5c]
20:24:25.439 [main] DEBUG org.hibernate.persister.walking.spi.MetamodelGraphWalker - Visiting attribute path : itemclass
20:24:25.439 [main] DEBUG org.hibernate.persister.walking.spi.MetamodelGraphWalker - Visiting attribute path : levelreq
20:24:25.439 [main] DEBUG org.hibernate.persister.walking.spi.MetamodelGraphWalker - Visiting attribute path : name
20:24:25.439 [main] DEBUG org.hibernate.persister.walking.spi.MetamodelGraphWalker - Visiting attribute path : player
20:24:25.439 [main] DEBUG org.hibernate.loader.plan.build.internal.spaces.QuerySpacesImpl - Adding QuerySpace : uid = <gen:1> -> org.hibernate.loader.plan.build.internal.spaces.EntityQuerySpaceImpl@26f480c6]
20:24:25.439 [main] DEBUG org.hibernate.loader.plan.build.internal.FetchStyleLoadPlanBuildingAssociationVisitationStrategy - Building LoadPlan...
20:24:25.439 [main] DEBUG org.hibernate.loader.plan.exec.internal.LoadQueryJoinAndFetchProcessor - processing queryspace <gen:0>
20:24:25.439 [main] DEBUG org.hibernate.loader.plan.build.spi.LoadPlanTreePrinter - LoadPlan(entity=tau.mmo.domain.Item)
    - Returns
       - EntityReturnImpl(entity=tau.mmo.domain.Item, querySpaceUid=<gen:0>, path=tau.mmo.domain.Item)
          - EntityAttributeFetchImpl(entity=tau.mmo.domain.Player, querySpaceUid=<gen:1>, path=tau.mmo.domain.Item.player)
    - QuerySpaces
       - EntityQuerySpaceImpl(uid=<gen:0>, entity=tau.mmo.domain.Item)
          - SQL table alias mapping - item0_
          - alias suffix - 0_
          - suffixed key columns - {id1_0_0_}

20:24:25.439 [main] DEBUG org.hibernate.loader.entity.plan.EntityLoader - Static select for entity tau.mmo.domain.Item [OPTIMISTIC_FORCE_INCREMENT]: select item0_.id as id1_0_0_, item0_.itemclass as itemclas2_0_0_, item0_.levelreq as levelreq3_0_0_, item0_.name as name4_0_0_, item0_.player_id as player_i5_0_0_ from item item0_ where item0_.id=?
20:24:25.439 [main] DEBUG org.hibernate.loader.Loader - Static select for action ACTION_MERGE on entity tau.mmo.domain.Item: select item0_.id as id1_0_0_, item0_.itemclass as itemclas2_0_0_, item0_.levelreq as levelreq3_0_0_, item0_.name as name4_0_0_, item0_.player_id as player_i5_0_0_ from item item0_ where item0_.id=?
20:24:25.440 [main] DEBUG org.hibernate.loader.Loader - Static select for action ACTION_REFRESH on entity tau.mmo.domain.Item: select item0_.id as id1_0_0_, item0_.itemclass as itemclas2_0_0_, item0_.levelreq as levelreq3_0_0_, item0_.name as name4_0_0_, item0_.player_id as player_i5_0_0_ from item item0_ where item0_.id=?
20:24:25.440 [main] DEBUG org.hibernate.persister.entity.AbstractEntityPersister - Static SQL for entity: tau.mmo.domain.Player
20:24:25.440 [main] DEBUG org.hibernate.persister.entity.AbstractEntityPersister -  Version select: select id from player where id =?
20:24:25.440 [main] DEBUG org.hibernate.persister.entity.AbstractEntityPersister -  Snapshot select: select player_.id, player_.heroclass as heroclas2_1_, player_.level as level3_1_, player_.name as name4_1_ from player player_ where player_.id=?
20:24:25.440 [main] DEBUG org.hibernate.persister.entity.AbstractEntityPersister -  Insert 0: insert into player (heroclass, level, name, id) values (?, ?, ?, ?)
20:24:25.440 [main] DEBUG org.hibernate.persister.entity.AbstractEntityPersister -  Update 0: update player set heroclass=?, level=?, name=? where id=?
20:24:25.440 [main] DEBUG org.hibernate.persister.entity.AbstractEntityPersister -  Delete 0: delete from player where id=?
20:24:25.440 [main] DEBUG org.hibernate.loader.plan.build.internal.spaces.QuerySpacesImpl - Adding QuerySpace : uid = <gen:0> -> org.hibernate.loader.plan.build.internal.spaces.EntityQuerySpaceImpl@2567c091]
20:24:25.440 [main] DEBUG org.hibernate.persister.walking.spi.MetamodelGraphWalker - Visiting attribute path : heroclass
20:24:25.440 [main] DEBUG org.hibernate.persister.walking.spi.MetamodelGraphWalker - Visiting attribute path : items
20:24:25.440 [main] DEBUG org.hibernate.loader.plan.build.internal.spaces.QuerySpacesImpl - Adding QuerySpace : uid = <gen:1> -> org.hibernate.loader.plan.build.internal.spaces.CollectionQuerySpaceImpl@76cf91c9]
20:24:25.440 [main] DEBUG org.hibernate.loader.plan.build.internal.spaces.QuerySpacesImpl - Adding QuerySpace : uid = <gen:2> -> org.hibernate.loader.plan.build.internal.spaces.EntityQuerySpaceImpl@74bfdd66]
20:24:25.440 [main] DEBUG org.hibernate.persister.walking.spi.MetamodelGraphWalker - Visiting attribute path : items.itemclass
20:24:25.440 [main] DEBUG org.hibernate.persister.walking.spi.MetamodelGraphWalker - Visiting attribute path : items.levelreq
20:24:25.440 [main] DEBUG org.hibernate.persister.walking.spi.MetamodelGraphWalker - Visiting attribute path : items.name
20:24:25.440 [main] DEBUG org.hibernate.persister.walking.spi.MetamodelGraphWalker - Visiting attribute path : items.player
20:24:25.440 [main] DEBUG org.hibernate.persister.walking.spi.MetamodelGraphWalker - Property path deemed to be circular : items.player
20:24:25.440 [main] DEBUG org.hibernate.persister.walking.spi.MetamodelGraphWalker - Visiting attribute path : level
20:24:25.440 [main] DEBUG org.hibernate.persister.walking.spi.MetamodelGraphWalker - Visiting attribute path : name
20:24:25.440 [main] DEBUG org.hibernate.loader.plan.build.internal.FetchStyleLoadPlanBuildingAssociationVisitationStrategy - Building LoadPlan...
20:24:25.440 [main] DEBUG org.hibernate.loader.plan.exec.internal.LoadQueryJoinAndFetchProcessor - processing queryspace <gen:0>
20:24:25.440 [main] DEBUG org.hibernate.loader.plan.build.spi.LoadPlanTreePrinter - LoadPlan(entity=tau.mmo.domain.Player)
    - Returns
       - EntityReturnImpl(entity=tau.mmo.domain.Player, querySpaceUid=<gen:0>, path=tau.mmo.domain.Player)
          - CollectionAttributeFetchImpl(collection=tau.mmo.domain.Player.items, querySpaceUid=<gen:1>, path=tau.mmo.domain.Player.items)
             - (collection element) CollectionFetchableElementEntityGraph(entity=tau.mmo.domain.Item, querySpaceUid=<gen:2>, path=tau.mmo.domain.Player.items.<elements>)
    - QuerySpaces
       - EntityQuerySpaceImpl(uid=<gen:0>, entity=tau.mmo.domain.Player)
          - SQL table alias mapping - player0_
          - alias suffix - 0_
          - suffixed key columns - {id1_1_0_}
          - JOIN (JoinDefinedByMetadata(items)) : <gen:0> -> <gen:1>
             - CollectionQuerySpaceImpl(uid=<gen:1>, collection=tau.mmo.domain.Player.items)
                - SQL table alias mapping - items1_
                - alias suffix - 1_
                - suffixed key columns - {player_i5_0_1_}
                - entity-element alias suffix - 2_
                - 2_entity-element suffixed key columns - id1_0_2_
                - JOIN (JoinDefinedByMetadata(elements)) : <gen:1> -> <gen:2>
                   - EntityQuerySpaceImpl(uid=<gen:2>, entity=tau.mmo.domain.Item)
                      - SQL table alias mapping - items1_
                      - alias suffix - 2_
                      - suffixed key columns - {id1_0_2_}

20:24:25.440 [main] DEBUG org.hibernate.loader.entity.plan.EntityLoader - Static select for entity tau.mmo.domain.Player [NONE]: select player0_.id as id1_1_0_, player0_.heroclass as heroclas2_1_0_, player0_.level as level3_1_0_, player0_.name as name4_1_0_, items1_.player_id as player_i5_0_1_, items1_.id as id1_0_1_, items1_.id as id1_0_2_, items1_.itemclass as itemclas2_0_2_, items1_.levelreq as levelreq3_0_2_, items1_.name as name4_0_2_, items1_.player_id as player_i5_0_2_ from player player0_ left outer join item items1_ on player0_.id=items1_.player_id where player0_.id=?
20:24:25.441 [main] DEBUG org.hibernate.loader.plan.build.internal.spaces.QuerySpacesImpl - Adding QuerySpace : uid = <gen:0> -> org.hibernate.loader.plan.build.internal.spaces.EntityQuerySpaceImpl@2ce24a1a]
20:24:25.441 [main] DEBUG org.hibernate.persister.walking.spi.MetamodelGraphWalker - Visiting attribute path : heroclass
20:24:25.441 [main] DEBUG org.hibernate.persister.walking.spi.MetamodelGraphWalker - Visiting attribute path : items
20:24:25.441 [main] DEBUG org.hibernate.loader.plan.build.internal.spaces.QuerySpacesImpl - Adding QuerySpace : uid = <gen:1> -> org.hibernate.loader.plan.build.internal.spaces.CollectionQuerySpaceImpl@76eadc5a]
20:24:25.441 [main] DEBUG org.hibernate.loader.plan.build.internal.spaces.QuerySpacesImpl - Adding QuerySpace : uid = <gen:2> -> org.hibernate.loader.plan.build.internal.spaces.EntityQuerySpaceImpl@1e9d7366]
20:24:25.441 [main] DEBUG org.hibernate.persister.walking.spi.MetamodelGraphWalker - Visiting attribute path : items.itemclass
20:24:25.441 [main] DEBUG org.hibernate.persister.walking.spi.MetamodelGraphWalker - Visiting attribute path : items.levelreq
20:24:25.441 [main] DEBUG org.hibernate.persister.walking.spi.MetamodelGraphWalker - Visiting attribute path : items.name
20:24:25.441 [main] DEBUG org.hibernate.persister.walking.spi.MetamodelGraphWalker - Visiting attribute path : items.player
20:24:25.441 [main] DEBUG org.hibernate.persister.walking.spi.MetamodelGraphWalker - Property path deemed to be circular : items.player
20:24:25.441 [main] DEBUG org.hibernate.persister.walking.spi.MetamodelGraphWalker - Visiting attribute path : level
20:24:25.441 [main] DEBUG org.hibernate.persister.walking.spi.MetamodelGraphWalker - Visiting attribute path : name
20:24:25.441 [main] DEBUG org.hibernate.loader.plan.build.internal.FetchStyleLoadPlanBuildingAssociationVisitationStrategy - Building LoadPlan...
20:24:25.441 [main] DEBUG org.hibernate.loader.plan.exec.internal.LoadQueryJoinAndFetchProcessor - processing queryspace <gen:0>
20:24:25.441 [main] DEBUG org.hibernate.loader.plan.build.spi.LoadPlanTreePrinter - LoadPlan(entity=tau.mmo.domain.Player)
    - Returns
       - EntityReturnImpl(entity=tau.mmo.domain.Player, querySpaceUid=<gen:0>, path=tau.mmo.domain.Player)
          - CollectionAttributeFetchImpl(collection=tau.mmo.domain.Player.items, querySpaceUid=<gen:1>, path=tau.mmo.domain.Player.items)
             - (collection element) CollectionFetchableElementEntityGraph(entity=tau.mmo.domain.Item, querySpaceUid=<gen:2>, path=tau.mmo.domain.Player.items.<elements>)
    - QuerySpaces
       - EntityQuerySpaceImpl(uid=<gen:0>, entity=tau.mmo.domain.Player)
          - SQL table alias mapping - player0_
          - alias suffix - 0_
          - suffixed key columns - {id1_1_0_}
          - JOIN (JoinDefinedByMetadata(items)) : <gen:0> -> <gen:1>
             - CollectionQuerySpaceImpl(uid=<gen:1>, collection=tau.mmo.domain.Player.items)
                - SQL table alias mapping - items1_
                - alias suffix - 1_
                - suffixed key columns - {player_i5_0_1_}
                - entity-element alias suffix - 2_
                - 2_entity-element suffixed key columns - id1_0_2_
                - JOIN (JoinDefinedByMetadata(elements)) : <gen:1> -> <gen:2>
                   - EntityQuerySpaceImpl(uid=<gen:2>, entity=tau.mmo.domain.Item)
                      - SQL table alias mapping - items1_
                      - alias suffix - 2_
                      - suffixed key columns - {id1_0_2_}

20:24:25.441 [main] DEBUG org.hibernate.loader.entity.plan.EntityLoader - Static select for entity tau.mmo.domain.Player [READ]: select player0_.id as id1_1_0_, player0_.heroclass as heroclas2_1_0_, player0_.level as level3_1_0_, player0_.name as name4_1_0_, items1_.player_id as player_i5_0_1_, items1_.id as id1_0_1_, items1_.id as id1_0_2_, items1_.itemclass as itemclas2_0_2_, items1_.levelreq as levelreq3_0_2_, items1_.name as name4_0_2_, items1_.player_id as player_i5_0_2_ from player player0_ left outer join item items1_ on player0_.id=items1_.player_id where player0_.id=?
20:24:25.441 [main] DEBUG org.hibernate.loader.plan.build.internal.spaces.QuerySpacesImpl - Adding QuerySpace : uid = <gen:0> -> org.hibernate.loader.plan.build.internal.spaces.EntityQuerySpaceImpl@417446d9]
20:24:25.441 [main] DEBUG org.hibernate.persister.walking.spi.MetamodelGraphWalker - Visiting attribute path : heroclass
20:24:25.441 [main] DEBUG org.hibernate.persister.walking.spi.MetamodelGraphWalker - Visiting attribute path : items
20:24:25.441 [main] DEBUG org.hibernate.loader.plan.build.internal.spaces.QuerySpacesImpl - Adding QuerySpace : uid = <gen:1> -> org.hibernate.loader.plan.build.internal.spaces.CollectionQuerySpaceImpl@1e7d3d87]
20:24:25.441 [main] DEBUG org.hibernate.loader.plan.build.internal.spaces.QuerySpacesImpl - Adding QuerySpace : uid = <gen:2> -> org.hibernate.loader.plan.build.internal.spaces.EntityQuerySpaceImpl@1dd76982]
20:24:25.441 [main] DEBUG org.hibernate.persister.walking.spi.MetamodelGraphWalker - Visiting attribute path : level
20:24:25.449 [main] DEBUG org.hibernate.persister.walking.spi.MetamodelGraphWalker - Visiting attribute path : name
20:24:25.449 [main] DEBUG org.hibernate.loader.plan.build.internal.FetchStyleLoadPlanBuildingAssociationVisitationStrategy - Building LoadPlan...
20:24:25.450 [main] DEBUG org.hibernate.loader.plan.exec.internal.LoadQueryJoinAndFetchProcessor - processing queryspace <gen:0>
20:24:25.450 [main] DEBUG org.hibernate.loader.plan.build.spi.LoadPlanTreePrinter - LoadPlan(entity=tau.mmo.domain.Player)
    - Returns
       - EntityReturnImpl(entity=tau.mmo.domain.Player, querySpaceUid=<gen:0>, path=tau.mmo.domain.Player)
          - CollectionAttributeFetchImpl(collection=tau.mmo.domain.Player.items, querySpaceUid=<gen:1>, path=tau.mmo.domain.Player.items)
             - (collection element) CollectionFetchableElementEntityGraph(entity=tau.mmo.domain.Item, querySpaceUid=<gen:2>, path=tau.mmo.domain.Player.items.<elements>)
    - QuerySpaces
       - EntityQuerySpaceImpl(uid=<gen:0>, entity=tau.mmo.domain.Player)
          - SQL table alias mapping - player0_
          - alias suffix - 0_
          - suffixed key columns - {id1_1_0_}

20:24:25.450 [main] DEBUG org.hibernate.loader.entity.plan.EntityLoader - Static select for entity tau.mmo.domain.Player [UPGRADE]: select player0_.id as id1_1_0_, player0_.heroclass as heroclas2_1_0_, player0_.level as level3_1_0_, player0_.name as name4_1_0_ from player player0_ where player0_.id=? for update
20:24:25.450 [main] DEBUG org.hibernate.loader.plan.build.internal.spaces.QuerySpacesImpl - Adding QuerySpace : uid = <gen:0> -> org.hibernate.loader.plan.build.internal.spaces.EntityQuerySpaceImpl@7e76a66f]
20:24:25.450 [main] DEBUG org.hibernate.persister.walking.spi.MetamodelGraphWalker - Visiting attribute path : heroclass
20:24:25.450 [main] DEBUG org.hibernate.persister.walking.spi.MetamodelGraphWalker - Visiting attribute path : items
20:24:25.450 [main] DEBUG org.hibernate.loader.plan.build.internal.spaces.QuerySpacesImpl - Adding QuerySpace : uid = <gen:1> -> org.hibernate.loader.plan.build.internal.spaces.CollectionQuerySpaceImpl@5c5f12e]
20:24:25.450 [main] DEBUG org.hibernate.loader.plan.build.internal.spaces.QuerySpacesImpl - Adding QuerySpace : uid = <gen:2> -> org.hibernate.loader.plan.build.internal.spaces.EntityQuerySpaceImpl@23f8036d]
20:24:25.450 [main] DEBUG org.hibernate.persister.walking.spi.MetamodelGraphWalker - Visiting attribute path : level
20:24:25.450 [main] DEBUG org.hibernate.persister.walking.spi.MetamodelGraphWalker - Visiting attribute path : name
20:24:25.450 [main] DEBUG org.hibernate.loader.plan.build.internal.FetchStyleLoadPlanBuildingAssociationVisitationStrategy - Building LoadPlan...
20:24:25.450 [main] DEBUG org.hibernate.loader.plan.exec.internal.LoadQueryJoinAndFetchProcessor - processing queryspace <gen:0>
20:24:25.451 [main] DEBUG org.hibernate.loader.plan.build.spi.LoadPlanTreePrinter - LoadPlan(entity=tau.mmo.domain.Player)
    - Returns
       - EntityReturnImpl(entity=tau.mmo.domain.Player, querySpaceUid=<gen:0>, path=tau.mmo.domain.Player)
          - CollectionAttributeFetchImpl(collection=tau.mmo.domain.Player.items, querySpaceUid=<gen:1>, path=tau.mmo.domain.Player.items)
             - (collection element) CollectionFetchableElementEntityGraph(entity=tau.mmo.domain.Item, querySpaceUid=<gen:2>, path=tau.mmo.domain.Player.items.<elements>)
    - QuerySpaces
       - EntityQuerySpaceImpl(uid=<gen:0>, entity=tau.mmo.domain.Player)
          - SQL table alias mapping - player0_
          - alias suffix - 0_
          - suffixed key columns - {id1_1_0_}

20:24:25.451 [main] DEBUG org.hibernate.loader.entity.plan.EntityLoader - Static select for entity tau.mmo.domain.Player [UPGRADE_NOWAIT]: select player0_.id as id1_1_0_, player0_.heroclass as heroclas2_1_0_, player0_.level as level3_1_0_, player0_.name as name4_1_0_ from player player0_ where player0_.id=? for update
20:24:25.451 [main] DEBUG org.hibernate.loader.plan.build.internal.spaces.QuerySpacesImpl - Adding QuerySpace : uid = <gen:0> -> org.hibernate.loader.plan.build.internal.spaces.EntityQuerySpaceImpl@68f69ca3]
20:24:25.451 [main] DEBUG org.hibernate.persister.walking.spi.MetamodelGraphWalker - Visiting attribute path : heroclass
20:24:25.451 [main] DEBUG org.hibernate.persister.walking.spi.MetamodelGraphWalker - Visiting attribute path : items
20:24:25.451 [main] DEBUG org.hibernate.loader.plan.build.internal.spaces.QuerySpacesImpl - Adding QuerySpace : uid = <gen:1> -> org.hibernate.loader.plan.build.internal.spaces.CollectionQuerySpaceImpl@2b058bfd]
20:24:25.451 [main] DEBUG org.hibernate.loader.plan.build.internal.spaces.QuerySpacesImpl - Adding QuerySpace : uid = <gen:2> -> org.hibernate.loader.plan.build.internal.spaces.EntityQuerySpaceImpl@4805069b]
20:24:25.451 [main] DEBUG org.hibernate.persister.walking.spi.MetamodelGraphWalker - Visiting attribute path : level
20:24:25.451 [main] DEBUG org.hibernate.persister.walking.spi.MetamodelGraphWalker - Visiting attribute path : name
20:24:25.451 [main] DEBUG org.hibernate.loader.plan.build.internal.FetchStyleLoadPlanBuildingAssociationVisitationStrategy - Building LoadPlan...
20:24:25.451 [main] DEBUG org.hibernate.loader.plan.exec.internal.LoadQueryJoinAndFetchProcessor - processing queryspace <gen:0>
20:24:25.452 [main] DEBUG org.hibernate.loader.plan.build.spi.LoadPlanTreePrinter - LoadPlan(entity=tau.mmo.domain.Player)
    - Returns
       - EntityReturnImpl(entity=tau.mmo.domain.Player, querySpaceUid=<gen:0>, path=tau.mmo.domain.Player)
          - CollectionAttributeFetchImpl(collection=tau.mmo.domain.Player.items, querySpaceUid=<gen:1>, path=tau.mmo.domain.Player.items)
             - (collection element) CollectionFetchableElementEntityGraph(entity=tau.mmo.domain.Item, querySpaceUid=<gen:2>, path=tau.mmo.domain.Player.items.<elements>)
    - QuerySpaces
       - EntityQuerySpaceImpl(uid=<gen:0>, entity=tau.mmo.domain.Player)
          - SQL table alias mapping - player0_
          - alias suffix - 0_
          - suffixed key columns - {id1_1_0_}

20:24:25.452 [main] DEBUG org.hibernate.loader.entity.plan.EntityLoader - Static select for entity tau.mmo.domain.Player [UPGRADE_SKIPLOCKED]: select player0_.id as id1_1_0_, player0_.heroclass as heroclas2_1_0_, player0_.level as level3_1_0_, player0_.name as name4_1_0_ from player player0_ where player0_.id=? for update
20:24:25.452 [main] DEBUG org.hibernate.loader.plan.build.internal.spaces.QuerySpacesImpl - Adding QuerySpace : uid = <gen:0> -> org.hibernate.loader.plan.build.internal.spaces.EntityQuerySpaceImpl@14ca88bc]
20:24:25.452 [main] DEBUG org.hibernate.persister.walking.spi.MetamodelGraphWalker - Visiting attribute path : heroclass
20:24:25.452 [main] DEBUG org.hibernate.persister.walking.spi.MetamodelGraphWalker - Visiting attribute path : items
20:24:25.452 [main] DEBUG org.hibernate.loader.plan.build.internal.spaces.QuerySpacesImpl - Adding QuerySpace : uid = <gen:1> -> org.hibernate.loader.plan.build.internal.spaces.CollectionQuerySpaceImpl@85cd413]
20:24:25.452 [main] DEBUG org.hibernate.loader.plan.build.internal.spaces.QuerySpacesImpl - Adding QuerySpace : uid = <gen:2> -> org.hibernate.loader.plan.build.internal.spaces.EntityQuerySpaceImpl@688d2a5d]
20:24:25.453 [main] DEBUG org.hibernate.persister.walking.spi.MetamodelGraphWalker - Visiting attribute path : level
20:24:25.453 [main] DEBUG org.hibernate.persister.walking.spi.MetamodelGraphWalker - Visiting attribute path : name
20:24:25.453 [main] DEBUG org.hibernate.loader.plan.build.internal.FetchStyleLoadPlanBuildingAssociationVisitationStrategy - Building LoadPlan...
20:24:25.453 [main] DEBUG org.hibernate.loader.plan.exec.internal.LoadQueryJoinAndFetchProcessor - processing queryspace <gen:0>
20:24:25.453 [main] DEBUG org.hibernate.loader.plan.build.spi.LoadPlanTreePrinter - LoadPlan(entity=tau.mmo.domain.Player)
    - Returns
       - EntityReturnImpl(entity=tau.mmo.domain.Player, querySpaceUid=<gen:0>, path=tau.mmo.domain.Player)
          - CollectionAttributeFetchImpl(collection=tau.mmo.domain.Player.items, querySpaceUid=<gen:1>, path=tau.mmo.domain.Player.items)
             - (collection element) CollectionFetchableElementEntityGraph(entity=tau.mmo.domain.Item, querySpaceUid=<gen:2>, path=tau.mmo.domain.Player.items.<elements>)
    - QuerySpaces
       - EntityQuerySpaceImpl(uid=<gen:0>, entity=tau.mmo.domain.Player)
          - SQL table alias mapping - player0_
          - alias suffix - 0_
          - suffixed key columns - {id1_1_0_}

20:24:25.453 [main] DEBUG org.hibernate.loader.entity.plan.EntityLoader - Static select for entity tau.mmo.domain.Player [FORCE]: select player0_.id as id1_1_0_, player0_.heroclass as heroclas2_1_0_, player0_.level as level3_1_0_, player0_.name as name4_1_0_ from player player0_ where player0_.id=? for update
20:24:25.453 [main] DEBUG org.hibernate.loader.plan.build.internal.spaces.QuerySpacesImpl - Adding QuerySpace : uid = <gen:0> -> org.hibernate.loader.plan.build.internal.spaces.EntityQuerySpaceImpl@2842c098]
20:24:25.453 [main] DEBUG org.hibernate.persister.walking.spi.MetamodelGraphWalker - Visiting attribute path : heroclass
20:24:25.453 [main] DEBUG org.hibernate.persister.walking.spi.MetamodelGraphWalker - Visiting attribute path : items
20:24:25.455 [main] DEBUG org.hibernate.loader.plan.build.internal.spaces.QuerySpacesImpl - Adding QuerySpace : uid = <gen:1> -> org.hibernate.loader.plan.build.internal.spaces.CollectionQuerySpaceImpl@46b21632]
20:24:25.455 [main] DEBUG org.hibernate.loader.plan.build.internal.spaces.QuerySpacesImpl - Adding QuerySpace : uid = <gen:2> -> org.hibernate.loader.plan.build.internal.spaces.EntityQuerySpaceImpl@476c137b]
20:24:25.455 [main] DEBUG org.hibernate.persister.walking.spi.MetamodelGraphWalker - Visiting attribute path : level
20:24:25.455 [main] DEBUG org.hibernate.persister.walking.spi.MetamodelGraphWalker - Visiting attribute path : name
20:24:25.455 [main] DEBUG org.hibernate.loader.plan.build.internal.FetchStyleLoadPlanBuildingAssociationVisitationStrategy - Building LoadPlan...
20:24:25.455 [main] DEBUG org.hibernate.loader.plan.exec.internal.LoadQueryJoinAndFetchProcessor - processing queryspace <gen:0>
20:24:25.456 [main] DEBUG org.hibernate.loader.plan.build.spi.LoadPlanTreePrinter - LoadPlan(entity=tau.mmo.domain.Player)
    - Returns
       - EntityReturnImpl(entity=tau.mmo.domain.Player, querySpaceUid=<gen:0>, path=tau.mmo.domain.Player)
          - CollectionAttributeFetchImpl(collection=tau.mmo.domain.Player.items, querySpaceUid=<gen:1>, path=tau.mmo.domain.Player.items)
             - (collection element) CollectionFetchableElementEntityGraph(entity=tau.mmo.domain.Item, querySpaceUid=<gen:2>, path=tau.mmo.domain.Player.items.<elements>)
    - QuerySpaces
       - EntityQuerySpaceImpl(uid=<gen:0>, entity=tau.mmo.domain.Player)
          - SQL table alias mapping - player0_
          - alias suffix - 0_
          - suffixed key columns - {id1_1_0_}

20:24:25.460 [main] DEBUG org.hibernate.loader.entity.plan.EntityLoader - Static select for entity tau.mmo.domain.Player [PESSIMISTIC_READ]: select player0_.id as id1_1_0_, player0_.heroclass as heroclas2_1_0_, player0_.level as level3_1_0_, player0_.name as name4_1_0_ from player player0_ where player0_.id=? for update
20:24:25.460 [main] DEBUG org.hibernate.loader.plan.build.internal.spaces.QuerySpacesImpl - Adding QuerySpace : uid = <gen:0> -> org.hibernate.loader.plan.build.internal.spaces.EntityQuerySpaceImpl@79144d0e]
20:24:25.460 [main] DEBUG org.hibernate.persister.walking.spi.MetamodelGraphWalker - Visiting attribute path : heroclass
20:24:25.460 [main] DEBUG org.hibernate.persister.walking.spi.MetamodelGraphWalker - Visiting attribute path : items
20:24:25.460 [main] DEBUG org.hibernate.loader.plan.build.internal.spaces.QuerySpacesImpl - Adding QuerySpace : uid = <gen:1> -> org.hibernate.loader.plan.build.internal.spaces.CollectionQuerySpaceImpl@2579d8a]
20:24:25.460 [main] DEBUG org.hibernate.loader.plan.build.internal.spaces.QuerySpacesImpl - Adding QuerySpace : uid = <gen:2> -> org.hibernate.loader.plan.build.internal.spaces.EntityQuerySpaceImpl@2507a170]
20:24:25.460 [main] DEBUG org.hibernate.persister.walking.spi.MetamodelGraphWalker - Visiting attribute path : level
20:24:25.460 [main] DEBUG org.hibernate.persister.walking.spi.MetamodelGraphWalker - Visiting attribute path : name
20:24:25.460 [main] DEBUG org.hibernate.loader.plan.build.internal.FetchStyleLoadPlanBuildingAssociationVisitationStrategy - Building LoadPlan...
20:24:25.460 [main] DEBUG org.hibernate.loader.plan.exec.internal.LoadQueryJoinAndFetchProcessor - processing queryspace <gen:0>
20:24:25.460 [main] DEBUG org.hibernate.loader.plan.build.spi.LoadPlanTreePrinter - LoadPlan(entity=tau.mmo.domain.Player)
    - Returns
       - EntityReturnImpl(entity=tau.mmo.domain.Player, querySpaceUid=<gen:0>, path=tau.mmo.domain.Player)
          - CollectionAttributeFetchImpl(collection=tau.mmo.domain.Player.items, querySpaceUid=<gen:1>, path=tau.mmo.domain.Player.items)
             - (collection element) CollectionFetchableElementEntityGraph(entity=tau.mmo.domain.Item, querySpaceUid=<gen:2>, path=tau.mmo.domain.Player.items.<elements>)
    - QuerySpaces
       - EntityQuerySpaceImpl(uid=<gen:0>, entity=tau.mmo.domain.Player)
          - SQL table alias mapping - player0_
          - alias suffix - 0_
          - suffixed key columns - {id1_1_0_}

20:24:25.460 [main] DEBUG org.hibernate.loader.entity.plan.EntityLoader - Static select for entity tau.mmo.domain.Player [PESSIMISTIC_WRITE]: select player0_.id as id1_1_0_, player0_.heroclass as heroclas2_1_0_, player0_.level as level3_1_0_, player0_.name as name4_1_0_ from player player0_ where player0_.id=? for update
20:24:25.460 [main] DEBUG org.hibernate.loader.plan.build.internal.spaces.QuerySpacesImpl - Adding QuerySpace : uid = <gen:0> -> org.hibernate.loader.plan.build.internal.spaces.EntityQuerySpaceImpl@7e20f4e3]
20:24:25.461 [main] DEBUG org.hibernate.persister.walking.spi.MetamodelGraphWalker - Visiting attribute path : heroclass
20:24:25.461 [main] DEBUG org.hibernate.persister.walking.spi.MetamodelGraphWalker - Visiting attribute path : items
20:24:25.461 [main] DEBUG org.hibernate.loader.plan.build.internal.spaces.QuerySpacesImpl - Adding QuerySpace : uid = <gen:1> -> org.hibernate.loader.plan.build.internal.spaces.CollectionQuerySpaceImpl@4f6ff62]
20:24:25.461 [main] DEBUG org.hibernate.loader.plan.build.internal.spaces.QuerySpacesImpl - Adding QuerySpace : uid = <gen:2> -> org.hibernate.loader.plan.build.internal.spaces.EntityQuerySpaceImpl@1c62d2ad]
20:24:25.461 [main] DEBUG org.hibernate.persister.walking.spi.MetamodelGraphWalker - Visiting attribute path : level
20:24:25.461 [main] DEBUG org.hibernate.persister.walking.spi.MetamodelGraphWalker - Visiting attribute path : name
20:24:25.461 [main] DEBUG org.hibernate.loader.plan.build.internal.FetchStyleLoadPlanBuildingAssociationVisitationStrategy - Building LoadPlan...
20:24:25.461 [main] DEBUG org.hibernate.loader.plan.exec.internal.LoadQueryJoinAndFetchProcessor - processing queryspace <gen:0>
20:24:25.461 [main] DEBUG org.hibernate.loader.plan.build.spi.LoadPlanTreePrinter - LoadPlan(entity=tau.mmo.domain.Player)
    - Returns
       - EntityReturnImpl(entity=tau.mmo.domain.Player, querySpaceUid=<gen:0>, path=tau.mmo.domain.Player)
          - CollectionAttributeFetchImpl(collection=tau.mmo.domain.Player.items, querySpaceUid=<gen:1>, path=tau.mmo.domain.Player.items)
             - (collection element) CollectionFetchableElementEntityGraph(entity=tau.mmo.domain.Item, querySpaceUid=<gen:2>, path=tau.mmo.domain.Player.items.<elements>)
    - QuerySpaces
       - EntityQuerySpaceImpl(uid=<gen:0>, entity=tau.mmo.domain.Player)
          - SQL table alias mapping - player0_
          - alias suffix - 0_
          - suffixed key columns - {id1_1_0_}

20:24:25.461 [main] DEBUG org.hibernate.loader.entity.plan.EntityLoader - Static select for entity tau.mmo.domain.Player [PESSIMISTIC_FORCE_INCREMENT]: select player0_.id as id1_1_0_, player0_.heroclass as heroclas2_1_0_, player0_.level as level3_1_0_, player0_.name as name4_1_0_ from player player0_ where player0_.id=? for update
20:24:25.461 [main] DEBUG org.hibernate.loader.plan.build.internal.spaces.QuerySpacesImpl - Adding QuerySpace : uid = <gen:0> -> org.hibernate.loader.plan.build.internal.spaces.EntityQuerySpaceImpl@651caa2e]
20:24:25.461 [main] DEBUG org.hibernate.persister.walking.spi.MetamodelGraphWalker - Visiting attribute path : heroclass
20:24:25.461 [main] DEBUG org.hibernate.persister.walking.spi.MetamodelGraphWalker - Visiting attribute path : items
20:24:25.461 [main] DEBUG org.hibernate.loader.plan.build.internal.spaces.QuerySpacesImpl - Adding QuerySpace : uid = <gen:1> -> org.hibernate.loader.plan.build.internal.spaces.CollectionQuerySpaceImpl@70840a5a]
20:24:25.462 [main] DEBUG org.hibernate.loader.plan.build.internal.spaces.QuerySpacesImpl - Adding QuerySpace : uid = <gen:2> -> org.hibernate.loader.plan.build.internal.spaces.EntityQuerySpaceImpl@7af9595d]
20:24:25.462 [main] DEBUG org.hibernate.persister.walking.spi.MetamodelGraphWalker - Visiting attribute path : level
20:24:25.462 [main] DEBUG org.hibernate.persister.walking.spi.MetamodelGraphWalker - Visiting attribute path : name
20:24:25.462 [main] DEBUG org.hibernate.loader.plan.build.internal.FetchStyleLoadPlanBuildingAssociationVisitationStrategy - Building LoadPlan...
20:24:25.462 [main] DEBUG org.hibernate.loader.plan.exec.internal.LoadQueryJoinAndFetchProcessor - processing queryspace <gen:0>
20:24:25.462 [main] DEBUG org.hibernate.loader.plan.build.spi.LoadPlanTreePrinter - LoadPlan(entity=tau.mmo.domain.Player)
    - Returns
       - EntityReturnImpl(entity=tau.mmo.domain.Player, querySpaceUid=<gen:0>, path=tau.mmo.domain.Player)
          - CollectionAttributeFetchImpl(collection=tau.mmo.domain.Player.items, querySpaceUid=<gen:1>, path=tau.mmo.domain.Player.items)
             - (collection element) CollectionFetchableElementEntityGraph(entity=tau.mmo.domain.Item, querySpaceUid=<gen:2>, path=tau.mmo.domain.Player.items.<elements>)
    - QuerySpaces
       - EntityQuerySpaceImpl(uid=<gen:0>, entity=tau.mmo.domain.Player)
          - SQL table alias mapping - player0_
          - alias suffix - 0_
          - suffixed key columns - {id1_1_0_}

20:24:25.463 [main] DEBUG org.hibernate.loader.entity.plan.EntityLoader - Static select for entity tau.mmo.domain.Player [OPTIMISTIC]: select player0_.id as id1_1_0_, player0_.heroclass as heroclas2_1_0_, player0_.level as level3_1_0_, player0_.name as name4_1_0_ from player player0_ where player0_.id=?
20:24:25.463 [main] DEBUG org.hibernate.loader.plan.build.internal.spaces.QuerySpacesImpl - Adding QuerySpace : uid = <gen:0> -> org.hibernate.loader.plan.build.internal.spaces.EntityQuerySpaceImpl@7a34c1f6]
20:24:25.463 [main] DEBUG org.hibernate.persister.walking.spi.MetamodelGraphWalker - Visiting attribute path : heroclass
20:24:25.463 [main] DEBUG org.hibernate.persister.walking.spi.MetamodelGraphWalker - Visiting attribute path : items
20:24:25.463 [main] DEBUG org.hibernate.loader.plan.build.internal.spaces.QuerySpacesImpl - Adding QuerySpace : uid = <gen:1> -> org.hibernate.loader.plan.build.internal.spaces.CollectionQuerySpaceImpl@3e998033]
20:24:25.463 [main] DEBUG org.hibernate.loader.plan.build.internal.spaces.QuerySpacesImpl - Adding QuerySpace : uid = <gen:2> -> org.hibernate.loader.plan.build.internal.spaces.EntityQuerySpaceImpl@e1a150c]
20:24:25.463 [main] DEBUG org.hibernate.persister.walking.spi.MetamodelGraphWalker - Visiting attribute path : level
20:24:25.463 [main] DEBUG org.hibernate.persister.walking.spi.MetamodelGraphWalker - Visiting attribute path : name
20:24:25.463 [main] DEBUG org.hibernate.loader.plan.build.internal.FetchStyleLoadPlanBuildingAssociationVisitationStrategy - Building LoadPlan...
20:24:25.463 [main] DEBUG org.hibernate.loader.plan.exec.internal.LoadQueryJoinAndFetchProcessor - processing queryspace <gen:0>
20:24:25.463 [main] DEBUG org.hibernate.loader.plan.build.spi.LoadPlanTreePrinter - LoadPlan(entity=tau.mmo.domain.Player)
    - Returns
       - EntityReturnImpl(entity=tau.mmo.domain.Player, querySpaceUid=<gen:0>, path=tau.mmo.domain.Player)
          - CollectionAttributeFetchImpl(collection=tau.mmo.domain.Player.items, querySpaceUid=<gen:1>, path=tau.mmo.domain.Player.items)
             - (collection element) CollectionFetchableElementEntityGraph(entity=tau.mmo.domain.Item, querySpaceUid=<gen:2>, path=tau.mmo.domain.Player.items.<elements>)
    - QuerySpaces
       - EntityQuerySpaceImpl(uid=<gen:0>, entity=tau.mmo.domain.Player)
          - SQL table alias mapping - player0_
          - alias suffix - 0_
          - suffixed key columns - {id1_1_0_}

20:24:25.463 [main] DEBUG org.hibernate.loader.entity.plan.EntityLoader - Static select for entity tau.mmo.domain.Player [OPTIMISTIC_FORCE_INCREMENT]: select player0_.id as id1_1_0_, player0_.heroclass as heroclas2_1_0_, player0_.level as level3_1_0_, player0_.name as name4_1_0_ from player player0_ where player0_.id=?
20:24:25.463 [main] DEBUG org.hibernate.loader.Loader - Static select for action ACTION_MERGE on entity tau.mmo.domain.Player: select player0_.id as id1_1_0_, player0_.heroclass as heroclas2_1_0_, player0_.level as level3_1_0_, player0_.name as name4_1_0_ from player player0_ where player0_.id=?
20:24:25.463 [main] DEBUG org.hibernate.loader.Loader - Static select for action ACTION_REFRESH on entity tau.mmo.domain.Player: select player0_.id as id1_1_0_, player0_.heroclass as heroclas2_1_0_, player0_.level as level3_1_0_, player0_.name as name4_1_0_ from player player0_ where player0_.id=?
20:24:25.463 [main] DEBUG org.hibernate.loader.plan.build.internal.spaces.QuerySpacesImpl - Adding QuerySpace : uid = <gen:0> -> org.hibernate.loader.plan.build.internal.spaces.CollectionQuerySpaceImpl@527d5e48]
20:24:25.463 [main] DEBUG org.hibernate.loader.plan.build.internal.spaces.QuerySpacesImpl - Adding QuerySpace : uid = <gen:1> -> org.hibernate.loader.plan.build.internal.spaces.EntityQuerySpaceImpl@407b41e6]
20:24:25.463 [main] DEBUG org.hibernate.persister.walking.spi.MetamodelGraphWalker - Visiting attribute path : itemclass
20:24:25.463 [main] DEBUG org.hibernate.persister.walking.spi.MetamodelGraphWalker - Visiting attribute path : levelreq
20:24:25.463 [main] DEBUG org.hibernate.persister.walking.spi.MetamodelGraphWalker - Visiting attribute path : name
20:24:25.463 [main] DEBUG org.hibernate.persister.walking.spi.MetamodelGraphWalker - Visiting attribute path : player
20:24:25.463 [main] DEBUG org.hibernate.persister.walking.spi.MetamodelGraphWalker - Property path deemed to be circular : player
20:24:25.463 [main] DEBUG org.hibernate.loader.plan.build.internal.FetchStyleLoadPlanBuildingAssociationVisitationStrategy - Building LoadPlan...
20:24:25.463 [main] DEBUG org.hibernate.loader.plan.exec.internal.LoadQueryJoinAndFetchProcessor - processing queryspace <gen:0>
20:24:25.464 [main] DEBUG org.hibernate.loader.plan.build.spi.LoadPlanTreePrinter - LoadPlan(collection=tau.mmo.domain.Player.items)
    - Returns
       - CollectionReturnImpl(collection=tau.mmo.domain.Player.items, querySpaceUid=<gen:0>, path=[tau.mmo.domain.Player.items])
          - (collection element) CollectionFetchableElementEntityGraph(entity=tau.mmo.domain.Item, querySpaceUid=<gen:1>, path=[tau.mmo.domain.Player.items].<elements>)
    - QuerySpaces
       - CollectionQuerySpaceImpl(uid=<gen:0>, collection=tau.mmo.domain.Player.items)
          - SQL table alias mapping - items0_
          - alias suffix - 0_
          - suffixed key columns - {player_i5_0_0_}
          - entity-element alias suffix - 1_
          - 1_entity-element suffixed key columns - id1_0_1_
          - JOIN (JoinDefinedByMetadata(elements)) : <gen:0> -> <gen:1>
             - EntityQuerySpaceImpl(uid=<gen:1>, entity=tau.mmo.domain.Item)
                - SQL table alias mapping - items0_
                - alias suffix - 1_
                - suffixed key columns - {id1_0_1_}

20:24:25.464 [main] DEBUG org.hibernate.loader.collection.plan.CollectionLoader - Static select for collection tau.mmo.domain.Player.items: select items0_.player_id as player_i5_0_0_, items0_.id as id1_0_0_, items0_.id as id1_0_1_, items0_.itemclass as itemclas2_0_1_, items0_.levelreq as levelreq3_0_1_, items0_.name as name4_0_1_, items0_.player_id as player_i5_0_1_ from item items0_ where items0_.player_id=?
20:24:25.464 [main] DEBUG org.hibernate.internal.SessionFactoryImpl - Instantiated session factory
20:24:25.464 [main] DEBUG org.springframework.jdbc.datasource.DriverManagerDataSource - Creating new JDBC DriverManager Connection to [jdbc:hsqldb:hsql://localhost/workdb]
20:24:25.464 [main] DEBUG org.hibernate.engine.jdbc.spi.SqlExceptionHelper - Unable to open JDBC Connection for DDL execution [n/a]
java.sql.SQLTransientConnectionException: java.net.ConnectException: Połączenie odrzucone (Connection refused)
	at org.hsqldb.jdbc.JDBCUtil.sqlException(Unknown Source)
	at org.hsqldb.jdbc.JDBCUtil.sqlException(Unknown Source)
	at org.hsqldb.jdbc.JDBCConnection.<init>(Unknown Source)
	at org.hsqldb.jdbc.JDBCDriver.getConnection(Unknown Source)
	at org.hsqldb.jdbc.JDBCDriver.connect(Unknown Source)
	at java.sql/java.sql.DriverManager.getConnection(DriverManager.java:677)
	at java.sql/java.sql.DriverManager.getConnection(DriverManager.java:189)
	at org.springframework.jdbc.datasource.DriverManagerDataSource.getConnectionFromDriverManager(DriverManagerDataSource.java:154)
	at org.springframework.jdbc.datasource.DriverManagerDataSource.getConnectionFromDriver(DriverManagerDataSource.java:145)
	at org.springframework.jdbc.datasource.AbstractDriverBasedDataSource.getConnectionFromDriver(AbstractDriverBasedDataSource.java:205)
	at org.springframework.jdbc.datasource.AbstractDriverBasedDataSource.getConnection(AbstractDriverBasedDataSource.java:169)
	at org.hibernate.engine.jdbc.connections.internal.DatasourceConnectionProviderImpl.getConnection(DatasourceConnectionProviderImpl.java:122)
	at org.hibernate.engine.jdbc.env.internal.JdbcEnvironmentInitiator$ConnectionProviderJdbcConnectionAccess.obtainConnection(JdbcEnvironmentInitiator.java:180)
	at org.hibernate.resource.transaction.backend.jdbc.internal.DdlTransactionIsolatorNonJtaImpl.getIsolatedConnection(DdlTransactionIsolatorNonJtaImpl.java:43)
	at org.hibernate.tool.schema.internal.exec.ImprovedExtractionContextImpl.getJdbcConnection(ImprovedExtractionContextImpl.java:60)
	at org.hibernate.tool.schema.extract.internal.SequenceInformationExtractorLegacyImpl.extractMetadata(SequenceInformationExtractorLegacyImpl.java:40)
	at org.hibernate.tool.schema.extract.internal.DatabaseInformationImpl.initializeSequences(DatabaseInformationImpl.java:65)
	at org.hibernate.tool.schema.extract.internal.DatabaseInformationImpl.<init>(DatabaseInformationImpl.java:59)
	at org.hibernate.tool.schema.internal.Helper.buildDatabaseInformation(Helper.java:130)
	at org.hibernate.tool.schema.internal.AbstractSchemaMigrator.doMigration(AbstractSchemaMigrator.java:92)
	at org.hibernate.tool.schema.spi.SchemaManagementToolCoordinator.performDatabaseAction(SchemaManagementToolCoordinator.java:176)
	at org.hibernate.tool.schema.spi.SchemaManagementToolCoordinator.process(SchemaManagementToolCoordinator.java:65)
	at org.hibernate.internal.SessionFactoryImpl.<init>(SessionFactoryImpl.java:459)
	at org.hibernate.boot.internal.SessionFactoryBuilderImpl.build(SessionFactoryBuilderImpl.java:465)
	at org.hibernate.cfg.Configuration.buildSessionFactory(Configuration.java:711)
	at org.hibernate.cfg.Configuration.buildSessionFactory(Configuration.java:727)
	at org.springframework.orm.hibernate5.LocalSessionFactoryBean.buildSessionFactory(LocalSessionFactoryBean.java:615)
	at org.springframework.orm.hibernate5.LocalSessionFactoryBean.afterPropertiesSet(LocalSessionFactoryBean.java:599)
	at org.springframework.beans.factory.support.AbstractAutowireCapableBeanFactory.invokeInitMethods(AbstractAutowireCapableBeanFactory.java:1837)
	at org.springframework.beans.factory.support.AbstractAutowireCapableBeanFactory.initializeBean(AbstractAutowireCapableBeanFactory.java:1774)
	at org.springframework.beans.factory.support.AbstractAutowireCapableBeanFactory.doCreateBean(AbstractAutowireCapableBeanFactory.java:593)
	at org.springframework.beans.factory.support.AbstractAutowireCapableBeanFactory.createBean(AbstractAutowireCapableBeanFactory.java:515)
	at org.springframework.beans.factory.support.AbstractBeanFactory.lambda$doGetBean$0(AbstractBeanFactory.java:320)
	at org.springframework.beans.factory.support.DefaultSingletonBeanRegistry.getSingleton(DefaultSingletonBeanRegistry.java:222)
	at org.springframework.beans.factory.support.AbstractBeanFactory.doGetBean(AbstractBeanFactory.java:318)
	at org.springframework.beans.factory.support.AbstractBeanFactory.getBean(AbstractBeanFactory.java:199)
	at org.springframework.beans.factory.config.DependencyDescriptor.resolveCandidate(DependencyDescriptor.java:277)
	at org.springframework.beans.factory.support.DefaultListableBeanFactory.doResolveDependency(DefaultListableBeanFactory.java:1247)
	at org.springframework.beans.factory.support.DefaultListableBeanFactory.resolveDependency(DefaultListableBeanFactory.java:1167)
	at org.springframework.beans.factory.annotation.AutowiredAnnotationBeanPostProcessor$AutowiredFieldElement.inject(AutowiredAnnotationBeanPostProcessor.java:593)
	at org.springframework.beans.factory.annotation.InjectionMetadata.inject(InjectionMetadata.java:90)
	at org.springframework.beans.factory.annotation.AutowiredAnnotationBeanPostProcessor.postProcessProperties(AutowiredAnnotationBeanPostProcessor.java:374)
	at org.springframework.beans.factory.support.AbstractAutowireCapableBeanFactory.populateBean(AbstractAutowireCapableBeanFactory.java:1411)
	at org.springframework.beans.factory.support.AbstractAutowireCapableBeanFactory.doCreateBean(AbstractAutowireCapableBeanFactory.java:592)
	at org.springframework.beans.factory.support.AbstractAutowireCapableBeanFactory.createBean(AbstractAutowireCapableBeanFactory.java:515)
	at org.springframework.beans.factory.support.AbstractBeanFactory.lambda$doGetBean$0(AbstractBeanFactory.java:320)
	at org.springframework.beans.factory.support.DefaultSingletonBeanRegistry.getSingleton(DefaultSingletonBeanRegistry.java:222)
	at org.springframework.beans.factory.support.AbstractBeanFactory.doGetBean(AbstractBeanFactory.java:318)
	at org.springframework.beans.factory.support.AbstractBeanFactory.getBean(AbstractBeanFactory.java:199)
	at org.springframework.beans.factory.config.DependencyDescriptor.resolveCandidate(DependencyDescriptor.java:277)
	at org.springframework.beans.factory.support.DefaultListableBeanFactory.doResolveDependency(DefaultListableBeanFactory.java:1247)
	at org.springframework.beans.factory.support.DefaultListableBeanFactory.resolveDependency(DefaultListableBeanFactory.java:1167)
	at org.springframework.beans.factory.annotation.AutowiredAnnotationBeanPostProcessor$AutowiredFieldElement.inject(AutowiredAnnotationBeanPostProcessor.java:593)
	at org.springframework.beans.factory.annotation.InjectionMetadata.inject(InjectionMetadata.java:90)
	at org.springframework.beans.factory.annotation.AutowiredAnnotationBeanPostProcessor.postProcessProperties(AutowiredAnnotationBeanPostProcessor.java:374)
	at org.springframework.beans.factory.support.AbstractAutowireCapableBeanFactory.populateBean(AbstractAutowireCapableBeanFactory.java:1411)
	at org.springframework.beans.factory.support.AbstractAutowireCapableBeanFactory.doCreateBean(AbstractAutowireCapableBeanFactory.java:592)
	at org.springframework.beans.factory.support.AbstractAutowireCapableBeanFactory.createBean(AbstractAutowireCapableBeanFactory.java:515)
	at org.springframework.beans.factory.support.AbstractBeanFactory.lambda$doGetBean$0(AbstractBeanFactory.java:320)
	at org.springframework.beans.factory.support.DefaultSingletonBeanRegistry.getSingleton(DefaultSingletonBeanRegistry.java:222)
	at org.springframework.beans.factory.support.AbstractBeanFactory.doGetBean(AbstractBeanFactory.java:318)
	at org.springframework.beans.factory.support.AbstractBeanFactory.getBean(AbstractBeanFactory.java:199)
	at org.springframework.beans.factory.support.DefaultListableBeanFactory.preInstantiateSingletons(DefaultListableBeanFactory.java:849)
	at org.springframework.context.support.AbstractApplicationContext.finishBeanFactoryInitialization(AbstractApplicationContext.java:877)
	at org.springframework.context.support.AbstractApplicationContext.refresh(AbstractApplicationContext.java:549)
	at org.springframework.test.context.support.AbstractGenericContextLoader.loadContext(AbstractGenericContextLoader.java:128)
	at org.springframework.test.context.support.AbstractGenericContextLoader.loadContext(AbstractGenericContextLoader.java:60)
	at org.springframework.test.context.support.AbstractDelegatingSmartContextLoader.delegateLoading(AbstractDelegatingSmartContextLoader.java:275)
	at org.springframework.test.context.support.AbstractDelegatingSmartContextLoader.loadContext(AbstractDelegatingSmartContextLoader.java:243)
	at org.springframework.test.context.cache.DefaultCacheAwareContextLoaderDelegate.loadContextInternal(DefaultCacheAwareContextLoaderDelegate.java:99)
	at org.springframework.test.context.cache.DefaultCacheAwareContextLoaderDelegate.loadContext(DefaultCacheAwareContextLoaderDelegate.java:117)
	at org.springframework.test.context.support.DefaultTestContext.getApplicationContext(DefaultTestContext.java:108)
	at org.springframework.test.context.support.DependencyInjectionTestExecutionListener.injectDependencies(DependencyInjectionTestExecutionListener.java:118)
	at org.springframework.test.context.support.DependencyInjectionTestExecutionListener.prepareTestInstance(DependencyInjectionTestExecutionListener.java:83)
	at org.springframework.test.context.TestContextManager.prepareTestInstance(TestContextManager.java:246)
	at org.springframework.test.context.junit4.SpringJUnit4ClassRunner.createTest(SpringJUnit4ClassRunner.java:227)
	at org.springframework.test.context.junit4.SpringJUnit4ClassRunner$1.runReflectiveCall(SpringJUnit4ClassRunner.java:289)
	at org.junit.internal.runners.model.ReflectiveCallable.run(ReflectiveCallable.java:12)
	at org.springframework.test.context.junit4.SpringJUnit4ClassRunner.methodBlock(SpringJUnit4ClassRunner.java:291)
	at org.springframework.test.context.junit4.SpringJUnit4ClassRunner.runChild(SpringJUnit4ClassRunner.java:246)
	at org.springframework.test.context.junit4.SpringJUnit4ClassRunner.runChild(SpringJUnit4ClassRunner.java:97)
	at org.junit.runners.ParentRunner$3.run(ParentRunner.java:290)
	at org.junit.runners.ParentRunner$1.schedule(ParentRunner.java:71)
	at org.junit.runners.ParentRunner.runChildren(ParentRunner.java:288)
	at org.junit.runners.ParentRunner.access$000(ParentRunner.java:58)
	at org.junit.runners.ParentRunner$2.evaluate(ParentRunner.java:268)
	at org.springframework.test.context.junit4.statements.RunBeforeTestClassCallbacks.evaluate(RunBeforeTestClassCallbacks.java:61)
	at org.springframework.test.context.junit4.statements.RunAfterTestClassCallbacks.evaluate(RunAfterTestClassCallbacks.java:70)
	at org.junit.runners.ParentRunner.run(ParentRunner.java:363)
	at org.springframework.test.context.junit4.SpringJUnit4ClassRunner.run(SpringJUnit4ClassRunner.java:190)
	at org.apache.maven.surefire.junit4.JUnit4Provider.execute(JUnit4Provider.java:365)
	at org.apache.maven.surefire.junit4.JUnit4Provider.executeWithRerun(JUnit4Provider.java:273)
	at org.apache.maven.surefire.junit4.JUnit4Provider.executeTestSet(JUnit4Provider.java:238)
	at org.apache.maven.surefire.junit4.JUnit4Provider.invoke(JUnit4Provider.java:159)
	at org.apache.maven.surefire.booter.ForkedBooter.invokeProviderInSameClassLoader(ForkedBooter.java:384)
	at org.apache.maven.surefire.booter.ForkedBooter.runSuitesInProcess(ForkedBooter.java:345)
	at org.apache.maven.surefire.booter.ForkedBooter.execute(ForkedBooter.java:126)
	at org.apache.maven.surefire.booter.ForkedBooter.main(ForkedBooter.java:418)
Caused by: org.hsqldb.HsqlException: java.net.ConnectException: Połączenie odrzucone (Connection refused)
	at org.hsqldb.ClientConnection.openConnection(Unknown Source)
	at org.hsqldb.ClientConnection.initConnection(Unknown Source)
	at org.hsqldb.ClientConnection.<init>(Unknown Source)
	... 96 common frames omitted
Caused by: java.net.ConnectException: Połączenie odrzucone (Connection refused)
	at java.base/java.net.PlainSocketImpl.socketConnect(Native Method)
	at java.base/java.net.AbstractPlainSocketImpl.doConnect(AbstractPlainSocketImpl.java:399)
	at java.base/java.net.AbstractPlainSocketImpl.connectToAddress(AbstractPlainSocketImpl.java:242)
	at java.base/java.net.AbstractPlainSocketImpl.connect(AbstractPlainSocketImpl.java:224)
	at java.base/java.net.SocksSocketImpl.connect(SocksSocketImpl.java:403)
	at java.base/java.net.Socket.connect(Socket.java:591)
	at java.base/java.net.Socket.connect(Socket.java:540)
	at java.base/java.net.Socket.<init>(Socket.java:436)
	at java.base/java.net.Socket.<init>(Socket.java:213)
	at org.hsqldb.server.HsqlSocketFactory.createSocket(Unknown Source)
	... 99 common frames omitted
20:24:25.465 [main] WARN org.hibernate.engine.jdbc.spi.SqlExceptionHelper - SQL Error: -1301, SQLState: 08001
20:24:25.465 [main] ERROR org.hibernate.engine.jdbc.spi.SqlExceptionHelper - java.net.ConnectException: Połączenie odrzucone (Connection refused)
20:24:25.465 [main] WARN org.springframework.context.support.GenericApplicationContext - Exception encountered during context initialization - cancelling refresh attempt: org.springframework.beans.factory.UnsatisfiedDependencyException: Error creating bean with name 'playerController': Unsatisfied dependency expressed through field 'playerManager'; nested exception is org.springframework.beans.factory.UnsatisfiedDependencyException: Error creating bean with name 'playerManagerHibernateImpl': Unsatisfied dependency expressed through field 'sessionFactory'; nested exception is org.springframework.beans.factory.BeanCreationException: Error creating bean with name 'hibernateSessionFactory' defined in class path resource [beans.xml]: Invocation of init method failed; nested exception is org.hibernate.exception.JDBCConnectionException: Unable to open JDBC Connection for DDL execution
20:24:25.466 [main] ERROR org.springframework.test.context.TestContextManager - Caught exception while allowing TestExecutionListener [org.springframework.test.context.support.DependencyInjectionTestExecutionListener@6a400542] to prepare test instance [tau.mmo.service.PlayerManagerTest@d0a2c82]
java.lang.IllegalStateException: Failed to load ApplicationContext
	at org.springframework.test.context.cache.DefaultCacheAwareContextLoaderDelegate.loadContext(DefaultCacheAwareContextLoaderDelegate.java:125)
	at org.springframework.test.context.support.DefaultTestContext.getApplicationContext(DefaultTestContext.java:108)
	at org.springframework.test.context.support.DependencyInjectionTestExecutionListener.injectDependencies(DependencyInjectionTestExecutionListener.java:118)
	at org.springframework.test.context.support.DependencyInjectionTestExecutionListener.prepareTestInstance(DependencyInjectionTestExecutionListener.java:83)
	at org.springframework.test.context.TestContextManager.prepareTestInstance(TestContextManager.java:246)
	at org.springframework.test.context.junit4.SpringJUnit4ClassRunner.createTest(SpringJUnit4ClassRunner.java:227)
	at org.springframework.test.context.junit4.SpringJUnit4ClassRunner$1.runReflectiveCall(SpringJUnit4ClassRunner.java:289)
	at org.junit.internal.runners.model.ReflectiveCallable.run(ReflectiveCallable.java:12)
	at org.springframework.test.context.junit4.SpringJUnit4ClassRunner.methodBlock(SpringJUnit4ClassRunner.java:291)
	at org.springframework.test.context.junit4.SpringJUnit4ClassRunner.runChild(SpringJUnit4ClassRunner.java:246)
	at org.springframework.test.context.junit4.SpringJUnit4ClassRunner.runChild(SpringJUnit4ClassRunner.java:97)
	at org.junit.runners.ParentRunner$3.run(ParentRunner.java:290)
	at org.junit.runners.ParentRunner$1.schedule(ParentRunner.java:71)
	at org.junit.runners.ParentRunner.runChildren(ParentRunner.java:288)
	at org.junit.runners.ParentRunner.access$000(ParentRunner.java:58)
	at org.junit.runners.ParentRunner$2.evaluate(ParentRunner.java:268)
	at org.springframework.test.context.junit4.statements.RunBeforeTestClassCallbacks.evaluate(RunBeforeTestClassCallbacks.java:61)
	at org.springframework.test.context.junit4.statements.RunAfterTestClassCallbacks.evaluate(RunAfterTestClassCallbacks.java:70)
	at org.junit.runners.ParentRunner.run(ParentRunner.java:363)
	at org.springframework.test.context.junit4.SpringJUnit4ClassRunner.run(SpringJUnit4ClassRunner.java:190)
	at org.apache.maven.surefire.junit4.JUnit4Provider.execute(JUnit4Provider.java:365)
	at org.apache.maven.surefire.junit4.JUnit4Provider.executeWithRerun(JUnit4Provider.java:273)
	at org.apache.maven.surefire.junit4.JUnit4Provider.executeTestSet(JUnit4Provider.java:238)
	at org.apache.maven.surefire.junit4.JUnit4Provider.invoke(JUnit4Provider.java:159)
	at org.apache.maven.surefire.booter.ForkedBooter.invokeProviderInSameClassLoader(ForkedBooter.java:384)
	at org.apache.maven.surefire.booter.ForkedBooter.runSuitesInProcess(ForkedBooter.java:345)
	at org.apache.maven.surefire.booter.ForkedBooter.execute(ForkedBooter.java:126)
	at org.apache.maven.surefire.booter.ForkedBooter.main(ForkedBooter.java:418)
Caused by: org.springframework.beans.factory.UnsatisfiedDependencyException: Error creating bean with name 'playerController': Unsatisfied dependency expressed through field 'playerManager'; nested exception is org.springframework.beans.factory.UnsatisfiedDependencyException: Error creating bean with name 'playerManagerHibernateImpl': Unsatisfied dependency expressed through field 'sessionFactory'; nested exception is org.springframework.beans.factory.BeanCreationException: Error creating bean with name 'hibernateSessionFactory' defined in class path resource [beans.xml]: Invocation of init method failed; nested exception is org.hibernate.exception.JDBCConnectionException: Unable to open JDBC Connection for DDL execution
	at org.springframework.beans.factory.annotation.AutowiredAnnotationBeanPostProcessor$AutowiredFieldElement.inject(AutowiredAnnotationBeanPostProcessor.java:596)
	at org.springframework.beans.factory.annotation.InjectionMetadata.inject(InjectionMetadata.java:90)
	at org.springframework.beans.factory.annotation.AutowiredAnnotationBeanPostProcessor.postProcessProperties(AutowiredAnnotationBeanPostProcessor.java:374)
	at org.springframework.beans.factory.support.AbstractAutowireCapableBeanFactory.populateBean(AbstractAutowireCapableBeanFactory.java:1411)
	at org.springframework.beans.factory.support.AbstractAutowireCapableBeanFactory.doCreateBean(AbstractAutowireCapableBeanFactory.java:592)
	at org.springframework.beans.factory.support.AbstractAutowireCapableBeanFactory.createBean(AbstractAutowireCapableBeanFactory.java:515)
	at org.springframework.beans.factory.support.AbstractBeanFactory.lambda$doGetBean$0(AbstractBeanFactory.java:320)
	at org.springframework.beans.factory.support.DefaultSingletonBeanRegistry.getSingleton(DefaultSingletonBeanRegistry.java:222)
	at org.springframework.beans.factory.support.AbstractBeanFactory.doGetBean(AbstractBeanFactory.java:318)
	at org.springframework.beans.factory.support.AbstractBeanFactory.getBean(AbstractBeanFactory.java:199)
	at org.springframework.beans.factory.support.DefaultListableBeanFactory.preInstantiateSingletons(DefaultListableBeanFactory.java:849)
	at org.springframework.context.support.AbstractApplicationContext.finishBeanFactoryInitialization(AbstractApplicationContext.java:877)
	at org.springframework.context.support.AbstractApplicationContext.refresh(AbstractApplicationContext.java:549)
	at org.springframework.test.context.support.AbstractGenericContextLoader.loadContext(AbstractGenericContextLoader.java:128)
	at org.springframework.test.context.support.AbstractGenericContextLoader.loadContext(AbstractGenericContextLoader.java:60)
	at org.springframework.test.context.support.AbstractDelegatingSmartContextLoader.delegateLoading(AbstractDelegatingSmartContextLoader.java:275)
	at org.springframework.test.context.support.AbstractDelegatingSmartContextLoader.loadContext(AbstractDelegatingSmartContextLoader.java:243)
	at org.springframework.test.context.cache.DefaultCacheAwareContextLoaderDelegate.loadContextInternal(DefaultCacheAwareContextLoaderDelegate.java:99)
	at org.springframework.test.context.cache.DefaultCacheAwareContextLoaderDelegate.loadContext(DefaultCacheAwareContextLoaderDelegate.java:117)
	... 27 common frames omitted
Caused by: org.springframework.beans.factory.UnsatisfiedDependencyException: Error creating bean with name 'playerManagerHibernateImpl': Unsatisfied dependency expressed through field 'sessionFactory'; nested exception is org.springframework.beans.factory.BeanCreationException: Error creating bean with name 'hibernateSessionFactory' defined in class path resource [beans.xml]: Invocation of init method failed; nested exception is org.hibernate.exception.JDBCConnectionException: Unable to open JDBC Connection for DDL execution
	at org.springframework.beans.factory.annotation.AutowiredAnnotationBeanPostProcessor$AutowiredFieldElement.inject(AutowiredAnnotationBeanPostProcessor.java:596)
	at org.springframework.beans.factory.annotation.InjectionMetadata.inject(InjectionMetadata.java:90)
	at org.springframework.beans.factory.annotation.AutowiredAnnotationBeanPostProcessor.postProcessProperties(AutowiredAnnotationBeanPostProcessor.java:374)
	at org.springframework.beans.factory.support.AbstractAutowireCapableBeanFactory.populateBean(AbstractAutowireCapableBeanFactory.java:1411)
	at org.springframework.beans.factory.support.AbstractAutowireCapableBeanFactory.doCreateBean(AbstractAutowireCapableBeanFactory.java:592)
	at org.springframework.beans.factory.support.AbstractAutowireCapableBeanFactory.createBean(AbstractAutowireCapableBeanFactory.java:515)
	at org.springframework.beans.factory.support.AbstractBeanFactory.lambda$doGetBean$0(AbstractBeanFactory.java:320)
	at org.springframework.beans.factory.support.DefaultSingletonBeanRegistry.getSingleton(DefaultSingletonBeanRegistry.java:222)
	at org.springframework.beans.factory.support.AbstractBeanFactory.doGetBean(AbstractBeanFactory.java:318)
	at org.springframework.beans.factory.support.AbstractBeanFactory.getBean(AbstractBeanFactory.java:199)
	at org.springframework.beans.factory.config.DependencyDescriptor.resolveCandidate(DependencyDescriptor.java:277)
	at org.springframework.beans.factory.support.DefaultListableBeanFactory.doResolveDependency(DefaultListableBeanFactory.java:1247)
	at org.springframework.beans.factory.support.DefaultListableBeanFactory.resolveDependency(DefaultListableBeanFactory.java:1167)
	at org.springframework.beans.factory.annotation.AutowiredAnnotationBeanPostProcessor$AutowiredFieldElement.inject(AutowiredAnnotationBeanPostProcessor.java:593)
	... 45 common frames omitted
Caused by: org.springframework.beans.factory.BeanCreationException: Error creating bean with name 'hibernateSessionFactory' defined in class path resource [beans.xml]: Invocation of init method failed; nested exception is org.hibernate.exception.JDBCConnectionException: Unable to open JDBC Connection for DDL execution
	at org.springframework.beans.factory.support.AbstractAutowireCapableBeanFactory.initializeBean(AbstractAutowireCapableBeanFactory.java:1778)
	at org.springframework.beans.factory.support.AbstractAutowireCapableBeanFactory.doCreateBean(AbstractAutowireCapableBeanFactory.java:593)
	at org.springframework.beans.factory.support.AbstractAutowireCapableBeanFactory.createBean(AbstractAutowireCapableBeanFactory.java:515)
	at org.springframework.beans.factory.support.AbstractBeanFactory.lambda$doGetBean$0(AbstractBeanFactory.java:320)
	at org.springframework.beans.factory.support.DefaultSingletonBeanRegistry.getSingleton(DefaultSingletonBeanRegistry.java:222)
	at org.springframework.beans.factory.support.AbstractBeanFactory.doGetBean(AbstractBeanFactory.java:318)
	at org.springframework.beans.factory.support.AbstractBeanFactory.getBean(AbstractBeanFactory.java:199)
	at org.springframework.beans.factory.config.DependencyDescriptor.resolveCandidate(DependencyDescriptor.java:277)
	at org.springframework.beans.factory.support.DefaultListableBeanFactory.doResolveDependency(DefaultListableBeanFactory.java:1247)
	at org.springframework.beans.factory.support.DefaultListableBeanFactory.resolveDependency(DefaultListableBeanFactory.java:1167)
	at org.springframework.beans.factory.annotation.AutowiredAnnotationBeanPostProcessor$AutowiredFieldElement.inject(AutowiredAnnotationBeanPostProcessor.java:593)
	... 58 common frames omitted
Caused by: org.hibernate.exception.JDBCConnectionException: Unable to open JDBC Connection for DDL execution
	at org.hibernate.exception.internal.SQLExceptionTypeDelegate.convert(SQLExceptionTypeDelegate.java:48)
	at org.hibernate.exception.internal.StandardSQLExceptionConverter.convert(StandardSQLExceptionConverter.java:42)
	at org.hibernate.engine.jdbc.spi.SqlExceptionHelper.convert(SqlExceptionHelper.java:111)
	at org.hibernate.engine.jdbc.spi.SqlExceptionHelper.convert(SqlExceptionHelper.java:97)
	at org.hibernate.resource.transaction.backend.jdbc.internal.DdlTransactionIsolatorNonJtaImpl.getIsolatedConnection(DdlTransactionIsolatorNonJtaImpl.java:69)
	at org.hibernate.tool.schema.internal.exec.ImprovedExtractionContextImpl.getJdbcConnection(ImprovedExtractionContextImpl.java:60)
	at org.hibernate.tool.schema.extract.internal.SequenceInformationExtractorLegacyImpl.extractMetadata(SequenceInformationExtractorLegacyImpl.java:40)
	at org.hibernate.tool.schema.extract.internal.DatabaseInformationImpl.initializeSequences(DatabaseInformationImpl.java:65)
	at org.hibernate.tool.schema.extract.internal.DatabaseInformationImpl.<init>(DatabaseInformationImpl.java:59)
	at org.hibernate.tool.schema.internal.Helper.buildDatabaseInformation(Helper.java:130)
	at org.hibernate.tool.schema.internal.AbstractSchemaMigrator.doMigration(AbstractSchemaMigrator.java:92)
	at org.hibernate.tool.schema.spi.SchemaManagementToolCoordinator.performDatabaseAction(SchemaManagementToolCoordinator.java:176)
	at org.hibernate.tool.schema.spi.SchemaManagementToolCoordinator.process(SchemaManagementToolCoordinator.java:65)
	at org.hibernate.internal.SessionFactoryImpl.<init>(SessionFactoryImpl.java:459)
	at org.hibernate.boot.internal.SessionFactoryBuilderImpl.build(SessionFactoryBuilderImpl.java:465)
	at org.hibernate.cfg.Configuration.buildSessionFactory(Configuration.java:711)
	at org.hibernate.cfg.Configuration.buildSessionFactory(Configuration.java:727)
	at org.springframework.orm.hibernate5.LocalSessionFactoryBean.buildSessionFactory(LocalSessionFactoryBean.java:615)
	at org.springframework.orm.hibernate5.LocalSessionFactoryBean.afterPropertiesSet(LocalSessionFactoryBean.java:599)
	at org.springframework.beans.factory.support.AbstractAutowireCapableBeanFactory.invokeInitMethods(AbstractAutowireCapableBeanFactory.java:1837)
	at org.springframework.beans.factory.support.AbstractAutowireCapableBeanFactory.initializeBean(AbstractAutowireCapableBeanFactory.java:1774)
	... 68 common frames omitted
Caused by: java.sql.SQLTransientConnectionException: java.net.ConnectException: Połączenie odrzucone (Connection refused)
	at org.hsqldb.jdbc.JDBCUtil.sqlException(Unknown Source)
	at org.hsqldb.jdbc.JDBCUtil.sqlException(Unknown Source)
	at org.hsqldb.jdbc.JDBCConnection.<init>(Unknown Source)
	at org.hsqldb.jdbc.JDBCDriver.getConnection(Unknown Source)
	at org.hsqldb.jdbc.JDBCDriver.connect(Unknown Source)
	at java.sql/java.sql.DriverManager.getConnection(DriverManager.java:677)
	at java.sql/java.sql.DriverManager.getConnection(DriverManager.java:189)
	at org.springframework.jdbc.datasource.DriverManagerDataSource.getConnectionFromDriverManager(DriverManagerDataSource.java:154)
	at org.springframework.jdbc.datasource.DriverManagerDataSource.getConnectionFromDriver(DriverManagerDataSource.java:145)
	at org.springframework.jdbc.datasource.AbstractDriverBasedDataSource.getConnectionFromDriver(AbstractDriverBasedDataSource.java:205)
	at org.springframework.jdbc.datasource.AbstractDriverBasedDataSource.getConnection(AbstractDriverBasedDataSource.java:169)
	at org.hibernate.engine.jdbc.connections.internal.DatasourceConnectionProviderImpl.getConnection(DatasourceConnectionProviderImpl.java:122)
	at org.hibernate.engine.jdbc.env.internal.JdbcEnvironmentInitiator$ConnectionProviderJdbcConnectionAccess.obtainConnection(JdbcEnvironmentInitiator.java:180)
	at org.hibernate.resource.transaction.backend.jdbc.internal.DdlTransactionIsolatorNonJtaImpl.getIsolatedConnection(DdlTransactionIsolatorNonJtaImpl.java:43)
	... 84 common frames omitted
Caused by: org.hsqldb.HsqlException: java.net.ConnectException: Połączenie odrzucone (Connection refused)
	at org.hsqldb.ClientConnection.openConnection(Unknown Source)
	at org.hsqldb.ClientConnection.initConnection(Unknown Source)
	at org.hsqldb.ClientConnection.<init>(Unknown Source)
	... 96 common frames omitted
Caused by: java.net.ConnectException: Połączenie odrzucone (Connection refused)
	at java.base/java.net.PlainSocketImpl.socketConnect(Native Method)
	at java.base/java.net.AbstractPlainSocketImpl.doConnect(AbstractPlainSocketImpl.java:399)
	at java.base/java.net.AbstractPlainSocketImpl.connectToAddress(AbstractPlainSocketImpl.java:242)
	at java.base/java.net.AbstractPlainSocketImpl.connect(AbstractPlainSocketImpl.java:224)
	at java.base/java.net.SocksSocketImpl.connect(SocksSocketImpl.java:403)
	at java.base/java.net.Socket.connect(Socket.java:591)
	at java.base/java.net.Socket.connect(Socket.java:540)
	at java.base/java.net.Socket.<init>(Socket.java:436)
	at java.base/java.net.Socket.<init>(Socket.java:213)
	at org.hsqldb.server.HsqlSocketFactory.createSocket(Unknown Source)
	... 99 common frames omitted
]]></system-out>
  </testcase>
  <testcase name="updatePlayerTest" classname="tau.mmo.service.PlayerManagerTest" time="0">
    <error message="Failed to load ApplicationContext" type="java.lang.IllegalStateException">java.lang.IllegalStateException: Failed to load ApplicationContext
Caused by: org.springframework.beans.factory.UnsatisfiedDependencyException: Error creating bean with name 'playerController': Unsatisfied dependency expressed through field 'playerManager'; nested exception is org.springframework.beans.factory.UnsatisfiedDependencyException: Error creating bean with name 'playerManagerHibernateImpl': Unsatisfied dependency expressed through field 'sessionFactory'; nested exception is org.springframework.beans.factory.BeanCreationException: Error creating bean with name 'hibernateSessionFactory' defined in class path resource [beans.xml]: Invocation of init method failed; nested exception is org.hibernate.exception.JDBCConnectionException: Unable to open JDBC Connection for DDL execution
Caused by: org.springframework.beans.factory.UnsatisfiedDependencyException: Error creating bean with name 'playerManagerHibernateImpl': Unsatisfied dependency expressed through field 'sessionFactory'; nested exception is org.springframework.beans.factory.BeanCreationException: Error creating bean with name 'hibernateSessionFactory' defined in class path resource [beans.xml]: Invocation of init method failed; nested exception is org.hibernate.exception.JDBCConnectionException: Unable to open JDBC Connection for DDL execution
Caused by: org.springframework.beans.factory.BeanCreationException: Error creating bean with name 'hibernateSessionFactory' defined in class path resource [beans.xml]: Invocation of init method failed; nested exception is org.hibernate.exception.JDBCConnectionException: Unable to open JDBC Connection for DDL execution
Caused by: org.hibernate.exception.JDBCConnectionException: Unable to open JDBC Connection for DDL execution
Caused by: java.sql.SQLTransientConnectionException: java.net.ConnectException: Połączenie odrzucone (Connection refused)
Caused by: org.hsqldb.HsqlException: java.net.ConnectException: Połączenie odrzucone (Connection refused)
Caused by: java.net.ConnectException: Połączenie odrzucone (Connection refused)
</error>
    <system-out><![CDATA[20:24:25.467 [main] DEBUG org.springframework.test.annotation.ProfileValueUtils - Retrieved @ProfileValueSourceConfiguration [null] for test class [tau.mmo.service.PlayerManagerTest]
20:24:25.467 [main] DEBUG org.springframework.test.annotation.ProfileValueUtils - Retrieved ProfileValueSource type [class org.springframework.test.annotation.SystemProfileValueSource] for class [tau.mmo.service.PlayerManagerTest]
20:24:25.468 [main] DEBUG org.springframework.test.context.support.DependencyInjectionTestExecutionListener - Performing dependency injection for test context [[DefaultTestContext@7ed7259e testClass = PlayerManagerTest, testInstance = tau.mmo.service.PlayerManagerTest@54ca9420, testMethod = [null], testException = [null], mergedContextConfiguration = [MergedContextConfiguration@28eaa59a testClass = PlayerManagerTest, locations = '{classpath:/beans.xml}', classes = '{}', contextInitializerClasses = '[]', activeProfiles = '{}', propertySourceLocations = '{}', propertySourceProperties = '{}', contextCustomizers = set[org.springframework.boot.test.context.filter.ExcludeFilterContextCustomizer@6b4a4e18, org.springframework.boot.test.json.DuplicateJsonObjectContextCustomizerFactory$DuplicateJsonObjectContextCustomizer@402e37bc, org.springframework.boot.test.mock.mockito.MockitoContextCustomizer@0, org.springframework.boot.test.autoconfigure.properties.PropertyMappingContextCustomizer@0, org.springframework.boot.test.autoconfigure.web.servlet.WebDriverContextCustomizerFactory$Customizer@6973bf95], contextLoader = 'org.springframework.test.context.support.DelegatingSmartContextLoader', parent = [null]], attributes = map[[empty]]]].
20:24:25.468 [main] DEBUG org.springframework.test.context.support.AbstractDelegatingSmartContextLoader - Delegating to GenericXmlContextLoader to load context from [MergedContextConfiguration@28eaa59a testClass = PlayerManagerTest, locations = '{classpath:/beans.xml}', classes = '{}', contextInitializerClasses = '[]', activeProfiles = '{}', propertySourceLocations = '{}', propertySourceProperties = '{}', contextCustomizers = set[org.springframework.boot.test.context.filter.ExcludeFilterContextCustomizer@6b4a4e18, org.springframework.boot.test.json.DuplicateJsonObjectContextCustomizerFactory$DuplicateJsonObjectContextCustomizer@402e37bc, org.springframework.boot.test.mock.mockito.MockitoContextCustomizer@0, org.springframework.boot.test.autoconfigure.properties.PropertyMappingContextCustomizer@0, org.springframework.boot.test.autoconfigure.web.servlet.WebDriverContextCustomizerFactory$Customizer@6973bf95], contextLoader = 'org.springframework.test.context.support.DelegatingSmartContextLoader', parent = [null]].
20:24:25.468 [main] DEBUG org.springframework.test.context.support.AbstractGenericContextLoader - Loading ApplicationContext for merged context configuration [[MergedContextConfiguration@28eaa59a testClass = PlayerManagerTest, locations = '{classpath:/beans.xml}', classes = '{}', contextInitializerClasses = '[]', activeProfiles = '{}', propertySourceLocations = '{}', propertySourceProperties = '{}', contextCustomizers = set[org.springframework.boot.test.context.filter.ExcludeFilterContextCustomizer@6b4a4e18, org.springframework.boot.test.json.DuplicateJsonObjectContextCustomizerFactory$DuplicateJsonObjectContextCustomizer@402e37bc, org.springframework.boot.test.mock.mockito.MockitoContextCustomizer@0, org.springframework.boot.test.autoconfigure.properties.PropertyMappingContextCustomizer@0, org.springframework.boot.test.autoconfigure.web.servlet.WebDriverContextCustomizerFactory$Customizer@6973bf95], contextLoader = 'org.springframework.test.context.support.DelegatingSmartContextLoader', parent = [null]]].
20:24:25.468 [main] DEBUG org.springframework.core.env.StandardEnvironment - Activating profiles []
20:24:25.492 [main] DEBUG org.springframework.context.annotation.ClassPathBeanDefinitionScanner - Identified candidate component class: file [/home/whitewolf/tau/TAU-repozytorium/tau-mmo-jmeter/target/classes/tau/mmo/Application.class]
20:24:25.493 [main] DEBUG org.springframework.context.annotation.ClassPathBeanDefinitionScanner - Identified candidate component class: file [/home/whitewolf/tau/TAU-repozytorium/tau-mmo-jmeter/target/classes/tau/mmo/api/PlayerController.class]
20:24:25.495 [main] DEBUG org.springframework.context.annotation.ClassPathBeanDefinitionScanner - Identified candidate component class: file [/home/whitewolf/tau/TAU-repozytorium/tau-mmo-jmeter/target/classes/tau/mmo/service/PlayerManagerHibernateImpl.class]
20:24:25.497 [main] DEBUG org.springframework.beans.factory.xml.XmlBeanDefinitionReader - Loaded 12 bean definitions from class path resource [beans.xml]
20:24:25.497 [main] DEBUG org.springframework.context.support.GenericApplicationContext - Refreshing org.springframework.context.support.GenericApplicationContext@4ea48b2e
20:24:25.498 [main] DEBUG org.springframework.beans.factory.support.DefaultListableBeanFactory - Creating shared instance of singleton bean 'org.springframework.context.annotation.internalConfigurationAnnotationProcessor'
20:24:25.505 [main] DEBUG org.springframework.context.annotation.ClassPathBeanDefinitionScanner - Identified candidate component class: file [/home/whitewolf/tau/TAU-repozytorium/tau-mmo-jmeter/target/classes/tau/mmo/api/PlayerController.class]
20:24:25.505 [main] DEBUG org.springframework.context.annotation.ClassPathBeanDefinitionScanner - Identified candidate component class: file [/home/whitewolf/tau/TAU-repozytorium/tau-mmo-jmeter/target/classes/tau/mmo/service/PlayerManagerHibernateImpl.class]
20:24:25.582 [main] DEBUG org.springframework.context.annotation.ClassPathBeanDefinitionScanner - Identified candidate component class: file [/home/whitewolf/tau/TAU-repozytorium/tau-mmo-jmeter/target/classes/tau/mmo/Application.class]
20:24:25.583 [main] DEBUG org.springframework.context.annotation.ClassPathBeanDefinitionScanner - Identified candidate component class: file [/home/whitewolf/tau/TAU-repozytorium/tau-mmo-jmeter/target/classes/tau/mmo/api/PlayerController.class]
20:24:25.583 [main] DEBUG org.springframework.context.annotation.ClassPathBeanDefinitionScanner - Identified candidate component class: file [/home/whitewolf/tau/TAU-repozytorium/tau-mmo-jmeter/target/classes/tau/mmo/service/PlayerManagerHibernateImpl.class]
20:24:25.584 [main] DEBUG org.springframework.beans.factory.xml.XmlBeanDefinitionReader - Loaded 0 bean definitions from class path resource [beans.xml]
20:24:25.584 [main] DEBUG org.springframework.beans.factory.support.DefaultListableBeanFactory - Creating shared instance of singleton bean 'org.springframework.boot.autoconfigure.condition.BeanTypeRegistry'
20:24:25.590 [main] INFO org.springframework.data.repository.config.RepositoryConfigurationDelegate - Bootstrapping Spring Data repositories in DEFAULT mode.
20:24:25.590 [main] DEBUG org.springframework.beans.factory.support.DefaultListableBeanFactory - Creating shared instance of singleton bean 'org.springframework.boot.autoconfigure.AutoConfigurationPackages'
20:24:25.591 [main] DEBUG org.springframework.boot.autoconfigure.AutoConfigurationPackages - @EnableAutoConfiguration was declared on a class in the package 'tau.mmo'. Automatic @Repository and @Entity scanning is enabled.
20:24:25.591 [main] DEBUG org.springframework.data.repository.config.RepositoryConfigurationDelegate - Scanning for repositories in packages tau.mmo.
20:24:25.593 [main] INFO org.springframework.data.repository.config.RepositoryConfigurationDelegate - Finished Spring Data repository scanning in 2ms. Found 0 repository interfaces.
20:24:25.602 [main] DEBUG org.springframework.beans.factory.support.DefaultListableBeanFactory - Creating shared instance of singleton bean 'propertySourcesPlaceholderConfigurer'
20:24:25.602 [main] DEBUG org.springframework.core.env.PropertySourcesPropertyResolver - Found key 'jdbc.driverClassName' in PropertySource 'class path resource [jdbc.properties]' with value of type String
20:24:25.602 [main] DEBUG org.springframework.core.env.PropertySourcesPropertyResolver - Found key 'jdbc.driverClassName' in PropertySource 'environmentProperties' with value of type String
20:24:25.602 [main] DEBUG org.springframework.core.env.PropertySourcesPropertyResolver - Found key 'jdbc.url' in PropertySource 'class path resource [jdbc.properties]' with value of type String
20:24:25.602 [main] DEBUG org.springframework.core.env.PropertySourcesPropertyResolver - Found key 'jdbc.url' in PropertySource 'environmentProperties' with value of type String
20:24:25.602 [main] DEBUG org.springframework.core.env.PropertySourcesPropertyResolver - Found key 'jdbc.username' in PropertySource 'class path resource [jdbc.properties]' with value of type String
20:24:25.602 [main] DEBUG org.springframework.core.env.PropertySourcesPropertyResolver - Found key 'jdbc.username' in PropertySource 'environmentProperties' with value of type String
20:24:25.602 [main] DEBUG org.springframework.core.env.PropertySourcesPropertyResolver - Found key 'jdbc.password' in PropertySource 'class path resource [jdbc.properties]' with value of type String
20:24:25.602 [main] DEBUG org.springframework.core.env.PropertySourcesPropertyResolver - Found key 'jdbc.password' in PropertySource 'environmentProperties' with value of type String
20:24:25.602 [main] DEBUG org.springframework.beans.factory.support.DefaultListableBeanFactory - Creating shared instance of singleton bean 'org.springframework.boot.test.mock.mockito.MockitoPostProcessor'
20:24:25.603 [main] DEBUG org.springframework.beans.factory.support.DefaultListableBeanFactory - Creating shared instance of singleton bean 'emBeanDefinitionRegistrarPostProcessor'
20:24:25.604 [main] DEBUG org.springframework.beans.factory.support.DefaultListableBeanFactory - Creating shared instance of singleton bean 'org.springframework.context.event.internalEventListenerProcessor'
20:24:25.605 [main] DEBUG org.springframework.beans.factory.support.DefaultListableBeanFactory - Creating shared instance of singleton bean 'org.springframework.boot.context.properties.ConfigurationBeanFactoryMetadata'
20:24:25.605 [main] DEBUG org.springframework.beans.factory.support.DefaultListableBeanFactory - Creating shared instance of singleton bean 'org.springframework.context.event.internalEventListenerFactory'
20:24:25.605 [main] DEBUG org.springframework.beans.factory.support.DefaultListableBeanFactory - Creating shared instance of singleton bean 'org.springframework.transaction.config.internalTransactionalEventListenerFactory'
20:24:25.606 [main] DEBUG org.springframework.beans.factory.support.DefaultListableBeanFactory - Creating shared instance of singleton bean 'org.springframework.context.annotation.internalAutowiredAnnotationProcessor'
20:24:25.606 [main] DEBUG org.springframework.beans.factory.support.DefaultListableBeanFactory - Creating shared instance of singleton bean 'org.springframework.context.annotation.internalCommonAnnotationProcessor'
20:24:25.606 [main] DEBUG org.springframework.beans.factory.support.DefaultListableBeanFactory - Creating shared instance of singleton bean 'org.springframework.context.annotation.internalPersistenceAnnotationProcessor'
20:24:25.607 [main] DEBUG org.springframework.beans.factory.support.DefaultListableBeanFactory - Creating shared instance of singleton bean 'org.springframework.boot.test.mock.mockito.MockitoPostProcessor$SpyPostProcessor'
20:24:25.607 [main] DEBUG org.springframework.beans.factory.support.DefaultListableBeanFactory - Creating shared instance of singleton bean 'org.springframework.boot.context.properties.ConfigurationPropertiesBindingPostProcessor'
20:24:25.607 [main] DEBUG org.springframework.beans.factory.support.DefaultListableBeanFactory - Creating shared instance of singleton bean 'methodValidationPostProcessor'
20:24:25.608 [main] DEBUG org.springframework.beans.factory.support.DefaultListableBeanFactory - Autowiring by type from bean name 'methodValidationPostProcessor' via factory method to bean named 'environment'
20:24:25.609 [main] DEBUG org.springframework.beans.factory.support.DefaultListableBeanFactory - Creating shared instance of singleton bean 'org.springframework.aop.config.internalAutoProxyCreator'
20:24:25.611 [main] DEBUG org.springframework.beans.factory.support.DefaultListableBeanFactory - Creating shared instance of singleton bean 'dataSourceInitializerPostProcessor'
20:24:25.611 [main] DEBUG org.springframework.beans.factory.support.DefaultListableBeanFactory - Creating shared instance of singleton bean 'persistenceExceptionTranslationPostProcessor'
20:24:25.612 [main] DEBUG org.springframework.beans.factory.support.DefaultListableBeanFactory - Autowiring by type from bean name 'persistenceExceptionTranslationPostProcessor' via factory method to bean named 'environment'
20:24:25.614 [main] DEBUG org.springframework.beans.factory.support.DefaultListableBeanFactory - Creating shared instance of singleton bean 'application'
20:24:25.614 [main] DEBUG org.springframework.beans.factory.support.DefaultListableBeanFactory - Creating shared instance of singleton bean 'org.springframework.transaction.config.internalTransactionAdvisor'
20:24:25.615 [main] DEBUG org.springframework.beans.factory.support.DefaultListableBeanFactory - Creating shared instance of singleton bean 'org.springframework.transaction.annotation.ProxyTransactionManagementConfiguration'
20:24:25.617 [main] DEBUG org.springframework.beans.factory.support.DefaultListableBeanFactory - Creating shared instance of singleton bean 'transactionAttributeSource'
20:24:25.618 [main] DEBUG org.springframework.beans.factory.support.DefaultListableBeanFactory - Creating shared instance of singleton bean 'transactionInterceptor'
20:24:25.620 [main] DEBUG org.springframework.beans.factory.support.DefaultListableBeanFactory - Creating shared instance of singleton bean 'playerController'
20:24:25.620 [main] DEBUG org.springframework.beans.factory.support.DefaultListableBeanFactory - Creating shared instance of singleton bean 'playerManagerHibernateImpl'
20:24:25.621 [main] DEBUG org.springframework.beans.factory.support.DefaultListableBeanFactory - Creating shared instance of singleton bean 'hibernateSessionFactory'
20:24:25.623 [main] DEBUG org.springframework.beans.factory.support.DefaultListableBeanFactory - Creating shared instance of singleton bean 'dataSource'
20:24:25.623 [main] DEBUG org.springframework.jdbc.datasource.DriverManagerDataSource - Loaded JDBC driver: org.hsqldb.jdbcDriver
20:24:25.624 [main] DEBUG org.springframework.beans.factory.support.DefaultListableBeanFactory - Creating shared instance of singleton bean 'org.springframework.boot.autoconfigure.jdbc.DataSourceInitializerInvoker'
20:24:25.625 [main] DEBUG org.springframework.beans.factory.support.DefaultListableBeanFactory - Creating shared instance of singleton bean 'spring.datasource-org.springframework.boot.autoconfigure.jdbc.DataSourceProperties'
20:24:25.629 [main] DEBUG org.springframework.beans.factory.support.DefaultListableBeanFactory - Autowiring by type from bean name 'org.springframework.boot.autoconfigure.jdbc.DataSourceInitializerInvoker' via constructor to bean named 'spring.datasource-org.springframework.boot.autoconfigure.jdbc.DataSourceProperties'
20:24:25.629 [main] DEBUG org.springframework.beans.factory.support.DefaultListableBeanFactory - Autowiring by type from bean name 'org.springframework.boot.autoconfigure.jdbc.DataSourceInitializerInvoker' via constructor to bean named 'org.springframework.context.support.GenericApplicationContext@4ea48b2e'
20:24:25.631 [main] DEBUG org.hibernate.integrator.internal.IntegratorServiceImpl - Adding Integrator [org.hibernate.cfg.beanvalidation.BeanValidationIntegrator].
20:24:25.631 [main] DEBUG org.hibernate.integrator.internal.IntegratorServiceImpl - Adding Integrator [org.hibernate.secure.spi.JaccIntegrator].
20:24:25.631 [main] DEBUG org.hibernate.integrator.internal.IntegratorServiceImpl - Adding Integrator [org.hibernate.cache.internal.CollectionCacheInvalidator].
20:24:25.633 [main] DEBUG org.hibernate.cfg.Configuration - Building session factory using internal StandardServiceRegistryBuilder
20:24:25.633 [main] DEBUG org.hibernate.service.spi.ServiceBinding - Overriding existing service binding [org.hibernate.secure.spi.JaccService]
20:24:25.633 [main] DEBUG org.hibernate.cfg.Configuration - Building session factory using provided StandardServiceRegistry
20:24:25.634 [main] DEBUG org.hibernate.cache.internal.RegionFactoryInitiator - Cache region factory : org.hibernate.cache.internal.NoCachingRegionFactory
20:24:25.634 [main] DEBUG org.hibernate.type.BasicTypeRegistry - Adding type registration boolean -> org.hibernate.type.BooleanType@41ffaeb8
20:24:25.634 [main] DEBUG org.hibernate.type.BasicTypeRegistry - Adding type registration boolean -> org.hibernate.type.BooleanType@41ffaeb8
20:24:25.634 [main] DEBUG org.hibernate.type.BasicTypeRegistry - Adding type registration java.lang.Boolean -> org.hibernate.type.BooleanType@41ffaeb8
20:24:25.634 [main] DEBUG org.hibernate.type.BasicTypeRegistry - Adding type registration numeric_boolean -> org.hibernate.type.NumericBooleanType@444cc791
20:24:25.634 [main] DEBUG org.hibernate.type.BasicTypeRegistry - Adding type registration true_false -> org.hibernate.type.TrueFalseType@12ffd1de
20:24:25.634 [main] DEBUG org.hibernate.type.BasicTypeRegistry - Adding type registration yes_no -> org.hibernate.type.YesNoType@6c806c8b
20:24:25.634 [main] DEBUG org.hibernate.type.BasicTypeRegistry - Adding type registration byte -> org.hibernate.type.ByteType@23706db8
20:24:25.634 [main] DEBUG org.hibernate.type.BasicTypeRegistry - Adding type registration byte -> org.hibernate.type.ByteType@23706db8
20:24:25.634 [main] DEBUG org.hibernate.type.BasicTypeRegistry - Adding type registration java.lang.Byte -> org.hibernate.type.ByteType@23706db8
20:24:25.634 [main] DEBUG org.hibernate.type.BasicTypeRegistry - Adding type registration character -> org.hibernate.type.CharacterType@7bca6fac
20:24:25.634 [main] DEBUG org.hibernate.type.BasicTypeRegistry - Adding type registration char -> org.hibernate.type.CharacterType@7bca6fac
20:24:25.634 [main] DEBUG org.hibernate.type.BasicTypeRegistry - Adding type registration java.lang.Character -> org.hibernate.type.CharacterType@7bca6fac
20:24:25.634 [main] DEBUG org.hibernate.type.BasicTypeRegistry - Adding type registration short -> org.hibernate.type.ShortType@37303f12
20:24:25.634 [main] DEBUG org.hibernate.type.BasicTypeRegistry - Adding type registration short -> org.hibernate.type.ShortType@37303f12
20:24:25.635 [main] DEBUG org.hibernate.type.BasicTypeRegistry - Adding type registration java.lang.Short -> org.hibernate.type.ShortType@37303f12
20:24:25.635 [main] DEBUG org.hibernate.type.BasicTypeRegistry - Adding type registration integer -> org.hibernate.type.IntegerType@2ab5afc7
20:24:25.635 [main] DEBUG org.hibernate.type.BasicTypeRegistry - Adding type registration int -> org.hibernate.type.IntegerType@2ab5afc7
20:24:25.635 [main] DEBUG org.hibernate.type.BasicTypeRegistry - Adding type registration java.lang.Integer -> org.hibernate.type.IntegerType@2ab5afc7
20:24:25.635 [main] DEBUG org.hibernate.type.BasicTypeRegistry - Adding type registration long -> org.hibernate.type.LongType@3c35c345
20:24:25.635 [main] DEBUG org.hibernate.type.BasicTypeRegistry - Adding type registration long -> org.hibernate.type.LongType@3c35c345
20:24:25.635 [main] DEBUG org.hibernate.type.BasicTypeRegistry - Adding type registration java.lang.Long -> org.hibernate.type.LongType@3c35c345
20:24:25.635 [main] DEBUG org.hibernate.type.BasicTypeRegistry - Adding type registration float -> org.hibernate.type.FloatType@1d0a61c8
20:24:25.635 [main] DEBUG org.hibernate.type.BasicTypeRegistry - Adding type registration float -> org.hibernate.type.FloatType@1d0a61c8
20:24:25.635 [main] DEBUG org.hibernate.type.BasicTypeRegistry - Adding type registration java.lang.Float -> org.hibernate.type.FloatType@1d0a61c8
20:24:25.635 [main] DEBUG org.hibernate.type.BasicTypeRegistry - Adding type registration double -> org.hibernate.type.DoubleType@5524b72f
20:24:25.635 [main] DEBUG org.hibernate.type.BasicTypeRegistry - Adding type registration double -> org.hibernate.type.DoubleType@5524b72f
20:24:25.635 [main] DEBUG org.hibernate.type.BasicTypeRegistry - Adding type registration java.lang.Double -> org.hibernate.type.DoubleType@5524b72f
20:24:25.635 [main] DEBUG org.hibernate.type.BasicTypeRegistry - Adding type registration big_decimal -> org.hibernate.type.BigDecimalType@1846579f
20:24:25.635 [main] DEBUG org.hibernate.type.BasicTypeRegistry - Adding type registration java.math.BigDecimal -> org.hibernate.type.BigDecimalType@1846579f
20:24:25.635 [main] DEBUG org.hibernate.type.BasicTypeRegistry - Adding type registration big_integer -> org.hibernate.type.BigIntegerType@7be7e15
20:24:25.635 [main] DEBUG org.hibernate.type.BasicTypeRegistry - Adding type registration java.math.BigInteger -> org.hibernate.type.BigIntegerType@7be7e15
20:24:25.635 [main] DEBUG org.hibernate.type.BasicTypeRegistry - Adding type registration string -> org.hibernate.type.StringType@2330e3e0
20:24:25.635 [main] DEBUG org.hibernate.type.BasicTypeRegistry - Adding type registration java.lang.String -> org.hibernate.type.StringType@2330e3e0
20:24:25.635 [main] DEBUG org.hibernate.type.BasicTypeRegistry - Adding type registration nstring -> org.hibernate.type.StringNVarcharType@3f9270ed
20:24:25.635 [main] DEBUG org.hibernate.type.BasicTypeRegistry - Adding type registration ncharacter -> org.hibernate.type.CharacterNCharType@53a665ad
20:24:25.635 [main] DEBUG org.hibernate.type.BasicTypeRegistry - Adding type registration url -> org.hibernate.type.UrlType@abff8b7
20:24:25.635 [main] DEBUG org.hibernate.type.BasicTypeRegistry - Adding type registration java.net.URL -> org.hibernate.type.UrlType@abff8b7
20:24:25.635 [main] DEBUG org.hibernate.type.BasicTypeRegistry - Adding type registration date -> org.hibernate.type.DateType@37d871c2
20:24:25.635 [main] DEBUG org.hibernate.type.BasicTypeRegistry - Adding type registration java.sql.Date -> org.hibernate.type.DateType@37d871c2
20:24:25.635 [main] DEBUG org.hibernate.type.BasicTypeRegistry - Adding type registration time -> org.hibernate.type.TimeType@642505c7
20:24:25.635 [main] DEBUG org.hibernate.type.BasicTypeRegistry - Adding type registration java.sql.Time -> org.hibernate.type.TimeType@642505c7
20:24:25.635 [main] DEBUG org.hibernate.type.BasicTypeRegistry - Adding type registration timestamp -> org.hibernate.type.TimestampType@1abfe081
20:24:25.635 [main] DEBUG org.hibernate.type.BasicTypeRegistry - Adding type registration java.sql.Timestamp -> org.hibernate.type.TimestampType@1abfe081
20:24:25.635 [main] DEBUG org.hibernate.type.BasicTypeRegistry - Adding type registration java.util.Date -> org.hibernate.type.TimestampType@1abfe081
20:24:25.635 [main] DEBUG org.hibernate.type.BasicTypeRegistry - Adding type registration dbtimestamp -> org.hibernate.type.DbTimestampType@75a118e6
20:24:25.635 [main] DEBUG org.hibernate.type.BasicTypeRegistry - Adding type registration calendar -> org.hibernate.type.CalendarType@28c86134
20:24:25.636 [main] DEBUG org.hibernate.type.BasicTypeRegistry - Adding type registration java.util.Calendar -> org.hibernate.type.CalendarType@28c86134
20:24:25.636 [main] DEBUG org.hibernate.type.BasicTypeRegistry - Adding type registration java.util.GregorianCalendar -> org.hibernate.type.CalendarType@28c86134
20:24:25.636 [main] DEBUG org.hibernate.type.BasicTypeRegistry - Adding type registration calendar_date -> org.hibernate.type.CalendarDateType@f288c14
20:24:25.636 [main] DEBUG org.hibernate.type.BasicTypeRegistry - Adding type registration locale -> org.hibernate.type.LocaleType@671facee
20:24:25.636 [main] DEBUG org.hibernate.type.BasicTypeRegistry - Adding type registration java.util.Locale -> org.hibernate.type.LocaleType@671facee
20:24:25.636 [main] DEBUG org.hibernate.type.BasicTypeRegistry - Adding type registration currency -> org.hibernate.type.CurrencyType@56f521c6
20:24:25.636 [main] DEBUG org.hibernate.type.BasicTypeRegistry - Adding type registration java.util.Currency -> org.hibernate.type.CurrencyType@56f521c6
20:24:25.636 [main] DEBUG org.hibernate.type.BasicTypeRegistry - Adding type registration timezone -> org.hibernate.type.TimeZoneType@39fa8ad2
20:24:25.636 [main] DEBUG org.hibernate.type.BasicTypeRegistry - Adding type registration java.util.TimeZone -> org.hibernate.type.TimeZoneType@39fa8ad2
20:24:25.636 [main] DEBUG org.hibernate.type.BasicTypeRegistry - Adding type registration class -> org.hibernate.type.ClassType@6c302a1d
20:24:25.636 [main] DEBUG org.hibernate.type.BasicTypeRegistry - Adding type registration java.lang.Class -> org.hibernate.type.ClassType@6c302a1d
20:24:25.636 [main] DEBUG org.hibernate.type.BasicTypeRegistry - Adding type registration uuid-binary -> org.hibernate.type.UUIDBinaryType@58cf8f94
20:24:25.636 [main] DEBUG org.hibernate.type.BasicTypeRegistry - Adding type registration java.util.UUID -> org.hibernate.type.UUIDBinaryType@58cf8f94
20:24:25.636 [main] DEBUG org.hibernate.type.BasicTypeRegistry - Adding type registration uuid-char -> org.hibernate.type.UUIDCharType@34f392be
20:24:25.636 [main] DEBUG org.hibernate.type.BasicTypeRegistry - Adding type registration binary -> org.hibernate.type.BinaryType@58496c97
20:24:25.636 [main] DEBUG org.hibernate.type.BasicTypeRegistry - Adding type registration byte[] -> org.hibernate.type.BinaryType@58496c97
20:24:25.636 [main] DEBUG org.hibernate.type.BasicTypeRegistry - Adding type registration [B -> org.hibernate.type.BinaryType@58496c97
20:24:25.636 [main] DEBUG org.hibernate.type.BasicTypeRegistry - Adding type registration wrapper-binary -> org.hibernate.type.WrapperBinaryType@6ecab872
20:24:25.636 [main] DEBUG org.hibernate.type.BasicTypeRegistry - Adding type registration Byte[] -> org.hibernate.type.WrapperBinaryType@6ecab872
20:24:25.636 [main] DEBUG org.hibernate.type.BasicTypeRegistry - Adding type registration [Ljava.lang.Byte; -> org.hibernate.type.WrapperBinaryType@6ecab872
20:24:25.636 [main] DEBUG org.hibernate.type.BasicTypeRegistry - Adding type registration row_version -> org.hibernate.type.RowVersionType@6d025d1d
20:24:25.636 [main] DEBUG org.hibernate.type.BasicTypeRegistry - Adding type registration image -> org.hibernate.type.ImageType@7479b626
20:24:25.636 [main] DEBUG org.hibernate.type.BasicTypeRegistry - Adding type registration characters -> org.hibernate.type.CharArrayType@17a703f5
20:24:25.636 [main] DEBUG org.hibernate.type.BasicTypeRegistry - Adding type registration char[] -> org.hibernate.type.CharArrayType@17a703f5
20:24:25.636 [main] DEBUG org.hibernate.type.BasicTypeRegistry - Adding type registration [C -> org.hibernate.type.CharArrayType@17a703f5
20:24:25.636 [main] DEBUG org.hibernate.type.BasicTypeRegistry - Adding type registration wrapper-characters -> org.hibernate.type.CharacterArrayType@65f2f9b0
20:24:25.636 [main] DEBUG org.hibernate.type.BasicTypeRegistry - Adding type registration [Ljava.lang.Character; -> org.hibernate.type.CharacterArrayType@65f2f9b0
20:24:25.636 [main] DEBUG org.hibernate.type.BasicTypeRegistry - Adding type registration Character[] -> org.hibernate.type.CharacterArrayType@65f2f9b0
20:24:25.636 [main] DEBUG org.hibernate.type.BasicTypeRegistry - Adding type registration text -> org.hibernate.type.TextType@38fc5554
20:24:25.636 [main] DEBUG org.hibernate.type.BasicTypeRegistry - Adding type registration ntext -> org.hibernate.type.NTextType@4d1f1ff5
20:24:25.637 [main] DEBUG org.hibernate.type.BasicTypeRegistry - Adding type registration blob -> org.hibernate.type.BlobType@d8d9199
20:24:25.637 [main] DEBUG org.hibernate.type.BasicTypeRegistry - Adding type registration java.sql.Blob -> org.hibernate.type.BlobType@d8d9199
20:24:25.637 [main] DEBUG org.hibernate.type.BasicTypeRegistry - Adding type registration materialized_blob -> org.hibernate.type.MaterializedBlobType@71ad3d8a
20:24:25.637 [main] DEBUG org.hibernate.type.BasicTypeRegistry - Adding type registration clob -> org.hibernate.type.ClobType@332820f4
20:24:25.637 [main] DEBUG org.hibernate.type.BasicTypeRegistry - Adding type registration java.sql.Clob -> org.hibernate.type.ClobType@332820f4
20:24:25.637 [main] DEBUG org.hibernate.type.BasicTypeRegistry - Adding type registration nclob -> org.hibernate.type.NClobType@3d5790ea
20:24:25.637 [main] DEBUG org.hibernate.type.BasicTypeRegistry - Adding type registration java.sql.NClob -> org.hibernate.type.NClobType@3d5790ea
20:24:25.637 [main] DEBUG org.hibernate.type.BasicTypeRegistry - Adding type registration materialized_clob -> org.hibernate.type.MaterializedClobType@56913163
20:24:25.637 [main] DEBUG org.hibernate.type.BasicTypeRegistry - Adding type registration materialized_nclob -> org.hibernate.type.MaterializedNClobType@396639b
20:24:25.637 [main] DEBUG org.hibernate.type.BasicTypeRegistry - Adding type registration serializable -> org.hibernate.type.SerializableType@102efc59
20:24:25.637 [main] DEBUG org.hibernate.type.BasicTypeRegistry - Adding type registration object -> org.hibernate.type.ObjectType@6c6366cf
20:24:25.637 [main] DEBUG org.hibernate.type.BasicTypeRegistry - Adding type registration java.lang.Object -> org.hibernate.type.ObjectType@6c6366cf
20:24:25.637 [main] DEBUG org.hibernate.type.BasicTypeRegistry - Adding type registration imm_date -> org.hibernate.type.AdaptedImmutableType@37c74e4e
20:24:25.637 [main] DEBUG org.hibernate.type.BasicTypeRegistry - Adding type registration imm_time -> org.hibernate.type.AdaptedImmutableType@128a188a
20:24:25.637 [main] DEBUG org.hibernate.type.BasicTypeRegistry - Adding type registration imm_timestamp -> org.hibernate.type.AdaptedImmutableType@400008bf
20:24:25.637 [main] DEBUG org.hibernate.type.BasicTypeRegistry - Adding type registration imm_dbtimestamp -> org.hibernate.type.AdaptedImmutableType@72b1df49
20:24:25.637 [main] DEBUG org.hibernate.type.BasicTypeRegistry - Adding type registration imm_calendar -> org.hibernate.type.AdaptedImmutableType@7f894a6f
20:24:25.637 [main] DEBUG org.hibernate.type.BasicTypeRegistry - Adding type registration imm_calendar_date -> org.hibernate.type.AdaptedImmutableType@3d05435c
20:24:25.637 [main] DEBUG org.hibernate.type.BasicTypeRegistry - Adding type registration imm_binary -> org.hibernate.type.AdaptedImmutableType@7d80e1b3
20:24:25.637 [main] DEBUG org.hibernate.type.BasicTypeRegistry - Adding type registration imm_serializable -> org.hibernate.type.AdaptedImmutableType@1b732dd
20:24:25.637 [main] DEBUG org.springframework.jdbc.datasource.DriverManagerDataSource - Creating new JDBC DriverManager Connection to [jdbc:hsqldb:hsql://localhost/workdb]
20:24:25.637 [main] WARN org.hibernate.engine.jdbc.env.internal.JdbcEnvironmentInitiator - HHH000342: Could not obtain connection to query metadata : java.net.ConnectException: Połączenie odrzucone (Connection refused)
20:24:25.638 [main] INFO org.hibernate.dialect.Dialect - HHH000400: Using dialect: org.hibernate.dialect.HSQLDialect
20:24:25.638 [main] DEBUG org.hibernate.engine.jdbc.env.spi.IdentifierHelperBuilder - IdentifierCaseStrategy for both quoted and unquoted identifiers was set to the same strategy [MIXED]; that will likely lead to problems in schema update and validation if using quoted identifiers
20:24:25.638 [main] INFO org.hibernate.engine.jdbc.env.internal.LobCreatorBuilderImpl - HHH000422: Disabling contextual LOB creation as connection was null
20:24:25.639 [main] DEBUG org.hibernate.id.factory.internal.DefaultIdentifierGeneratorFactory - Registering IdentifierGenerator strategy [uuid2] -> [org.hibernate.id.UUIDGenerator]
20:24:25.639 [main] DEBUG org.hibernate.id.factory.internal.DefaultIdentifierGeneratorFactory - Registering IdentifierGenerator strategy [guid] -> [org.hibernate.id.GUIDGenerator]
20:24:25.639 [main] DEBUG org.hibernate.id.factory.internal.DefaultIdentifierGeneratorFactory - Registering IdentifierGenerator strategy [uuid] -> [org.hibernate.id.UUIDHexGenerator]
20:24:25.639 [main] DEBUG org.hibernate.id.factory.internal.DefaultIdentifierGeneratorFactory - Registering IdentifierGenerator strategy [uuid.hex] -> [org.hibernate.id.UUIDHexGenerator]
20:24:25.639 [main] DEBUG org.hibernate.id.factory.internal.DefaultIdentifierGeneratorFactory - Registering IdentifierGenerator strategy [assigned] -> [org.hibernate.id.Assigned]
20:24:25.639 [main] DEBUG org.hibernate.id.factory.internal.DefaultIdentifierGeneratorFactory - Registering IdentifierGenerator strategy [identity] -> [org.hibernate.id.IdentityGenerator]
20:24:25.639 [main] DEBUG org.hibernate.id.factory.internal.DefaultIdentifierGeneratorFactory - Registering IdentifierGenerator strategy [select] -> [org.hibernate.id.SelectGenerator]
20:24:25.639 [main] DEBUG org.hibernate.id.factory.internal.DefaultIdentifierGeneratorFactory - Registering IdentifierGenerator strategy [sequence] -> [org.hibernate.id.enhanced.SequenceStyleGenerator]
20:24:25.639 [main] DEBUG org.hibernate.id.factory.internal.DefaultIdentifierGeneratorFactory - Registering IdentifierGenerator strategy [seqhilo] -> [org.hibernate.id.SequenceHiLoGenerator]
20:24:25.639 [main] DEBUG org.hibernate.id.factory.internal.DefaultIdentifierGeneratorFactory - Registering IdentifierGenerator strategy [increment] -> [org.hibernate.id.IncrementGenerator]
20:24:25.639 [main] DEBUG org.hibernate.id.factory.internal.DefaultIdentifierGeneratorFactory - Registering IdentifierGenerator strategy [foreign] -> [org.hibernate.id.ForeignGenerator]
20:24:25.639 [main] DEBUG org.hibernate.id.factory.internal.DefaultIdentifierGeneratorFactory - Registering IdentifierGenerator strategy [sequence-identity] -> [org.hibernate.id.SequenceIdentityGenerator]
20:24:25.639 [main] DEBUG org.hibernate.id.factory.internal.DefaultIdentifierGeneratorFactory - Registering IdentifierGenerator strategy [enhanced-sequence] -> [org.hibernate.id.enhanced.SequenceStyleGenerator]
20:24:25.639 [main] DEBUG org.hibernate.id.factory.internal.DefaultIdentifierGeneratorFactory - Registering IdentifierGenerator strategy [enhanced-table] -> [org.hibernate.id.enhanced.TableGenerator]
20:24:25.639 [main] DEBUG org.hibernate.boot.model.relational.Namespace - Created database namespace [logicalName=Name{catalog=null, schema=null}, physicalName=Name{catalog=null, schema=null}]
20:24:25.639 [main] DEBUG org.hibernate.cfg.AnnotationBinder - Binding entity from annotated class: tau.mmo.domain.Item
20:24:25.639 [main] DEBUG org.hibernate.cfg.annotations.QueryBinder - Binding named query: item.all => Select p from Item p
20:24:25.639 [main] DEBUG org.hibernate.cfg.annotations.QueryBinder - Binding named query: item.allForPlayer => Select p from Item p where player_id = :id
20:24:25.639 [main] DEBUG org.hibernate.cfg.Ejb3Column - Binding column: Ejb3DiscriminatorColumn{logicalColumnName'DTYPE', discriminatorTypeName='string'}
20:24:25.639 [main] DEBUG org.hibernate.cfg.annotations.EntityBinder - Import with entity name Item
20:24:25.639 [main] DEBUG org.hibernate.cfg.annotations.EntityBinder - Bind entity tau.mmo.domain.Item on table item
20:24:25.639 [main] DEBUG org.hibernate.cfg.Ejb3Column - Binding column: Ejb3Column{table=org.hibernate.mapping.Table(item), mappingColumn=id, insertable=true, updatable=true, unique=false}
20:24:25.639 [main] DEBUG org.hibernate.cfg.annotations.PropertyBinder - MetadataSourceProcessor property id with lazy=false
20:24:25.639 [main] DEBUG org.hibernate.cfg.AbstractPropertyHolder - Attempting to locate auto-apply AttributeConverter for property [tau.mmo.domain.Item:id]
20:24:25.640 [main] DEBUG org.hibernate.cfg.annotations.SimpleValueBinder - building SimpleValue for id
20:24:25.640 [main] DEBUG org.hibernate.cfg.annotations.PropertyBinder - Building property id
20:24:25.640 [main] DEBUG org.hibernate.cfg.Ejb3Column - Binding column: Ejb3Column{table=org.hibernate.mapping.Table(item), mappingColumn=itemclass, insertable=true, updatable=true, unique=false}
20:24:25.640 [main] DEBUG org.hibernate.cfg.annotations.PropertyBinder - MetadataSourceProcessor property itemclass with lazy=false
20:24:25.640 [main] DEBUG org.hibernate.cfg.AbstractPropertyHolder - Attempting to locate auto-apply AttributeConverter for property [tau.mmo.domain.Item:itemclass]
20:24:25.640 [main] DEBUG org.hibernate.cfg.annotations.SimpleValueBinder - building SimpleValue for itemclass
20:24:25.640 [main] DEBUG org.hibernate.cfg.annotations.PropertyBinder - Building property itemclass
20:24:25.640 [main] DEBUG org.hibernate.cfg.Ejb3Column - Binding column: Ejb3Column{table=org.hibernate.mapping.Table(item), mappingColumn=levelreq, insertable=true, updatable=true, unique=false}
20:24:25.643 [main] DEBUG org.hibernate.cfg.annotations.PropertyBinder - MetadataSourceProcessor property levelreq with lazy=false
20:24:25.643 [main] DEBUG org.hibernate.cfg.AbstractPropertyHolder - Attempting to locate auto-apply AttributeConverter for property [tau.mmo.domain.Item:levelreq]
20:24:25.643 [main] DEBUG org.hibernate.cfg.annotations.SimpleValueBinder - building SimpleValue for levelreq
20:24:25.643 [main] DEBUG org.hibernate.cfg.annotations.PropertyBinder - Building property levelreq
20:24:25.643 [main] DEBUG org.hibernate.cfg.Ejb3Column - Binding column: Ejb3Column{table=org.hibernate.mapping.Table(item), mappingColumn=name, insertable=true, updatable=true, unique=false}
20:24:25.643 [main] DEBUG org.hibernate.cfg.annotations.PropertyBinder - MetadataSourceProcessor property name with lazy=false
20:24:25.643 [main] DEBUG org.hibernate.cfg.AbstractPropertyHolder - Attempting to locate auto-apply AttributeConverter for property [tau.mmo.domain.Item:name]
20:24:25.643 [main] DEBUG org.hibernate.cfg.annotations.SimpleValueBinder - building SimpleValue for name
20:24:25.643 [main] DEBUG org.hibernate.cfg.annotations.PropertyBinder - Building property name
20:24:25.644 [main] DEBUG org.hibernate.cfg.Ejb3Column - Binding column: Ejb3JoinColumn{logicalColumnName='player_id', referencedColumn='', mappedBy=''}
20:24:25.644 [main] DEBUG org.hibernate.cfg.Ejb3Column - Binding column: Ejb3Column{table=org.hibernate.mapping.Table(item), mappingColumn=player, insertable=true, updatable=true, unique=false}
20:24:25.644 [main] DEBUG org.hibernate.cfg.annotations.PropertyBinder - Building property player
20:24:25.644 [main] DEBUG org.hibernate.cfg.AnnotationBinder - Binding entity from annotated class: tau.mmo.domain.Player
20:24:25.644 [main] DEBUG org.hibernate.cfg.annotations.QueryBinder - Binding named query: player.all => Select p from Player p
20:24:25.644 [main] DEBUG org.hibernate.cfg.annotations.QueryBinder - Binding named query: player.findPlayers => Select c from Player c where c.name like :nameFragment
20:24:25.644 [main] DEBUG org.hibernate.cfg.Ejb3Column - Binding column: Ejb3DiscriminatorColumn{logicalColumnName'DTYPE', discriminatorTypeName='string'}
20:24:25.644 [main] DEBUG org.hibernate.cfg.annotations.EntityBinder - Import with entity name Player
20:24:25.644 [main] DEBUG org.hibernate.cfg.annotations.EntityBinder - Bind entity tau.mmo.domain.Player on table player
20:24:25.644 [main] DEBUG org.hibernate.cfg.Ejb3Column - Binding column: Ejb3Column{table=org.hibernate.mapping.Table(player), mappingColumn=id, insertable=true, updatable=true, unique=false}
20:24:25.644 [main] DEBUG org.hibernate.cfg.annotations.PropertyBinder - MetadataSourceProcessor property id with lazy=false
20:24:25.644 [main] DEBUG org.hibernate.cfg.AbstractPropertyHolder - Attempting to locate auto-apply AttributeConverter for property [tau.mmo.domain.Player:id]
20:24:25.644 [main] DEBUG org.hibernate.cfg.annotations.SimpleValueBinder - building SimpleValue for id
20:24:25.644 [main] DEBUG org.hibernate.cfg.annotations.PropertyBinder - Building property id
20:24:25.645 [main] DEBUG org.hibernate.cfg.Ejb3Column - Binding column: Ejb3Column{table=org.hibernate.mapping.Table(player), mappingColumn=heroclass, insertable=true, updatable=true, unique=false}
20:24:25.645 [main] DEBUG org.hibernate.cfg.annotations.PropertyBinder - MetadataSourceProcessor property heroclass with lazy=false
20:24:25.645 [main] DEBUG org.hibernate.cfg.AbstractPropertyHolder - Attempting to locate auto-apply AttributeConverter for property [tau.mmo.domain.Player:heroclass]
20:24:25.645 [main] DEBUG org.hibernate.cfg.annotations.SimpleValueBinder - building SimpleValue for heroclass
20:24:25.645 [main] DEBUG org.hibernate.cfg.annotations.PropertyBinder - Building property heroclass
20:24:25.645 [main] DEBUG org.hibernate.cfg.Ejb3Column - Binding column: Ejb3JoinColumn{logicalColumnName='null', referencedColumn='null', mappedBy='player'}
20:24:25.645 [main] DEBUG org.hibernate.cfg.Ejb3Column - Binding column: Ejb3Column{table=org.hibernate.mapping.Table(player), mappingColumn=items, insertable=true, updatable=true, unique=false}
20:24:25.645 [main] DEBUG org.hibernate.cfg.Ejb3Column - Binding column: Ejb3Column{table=org.hibernate.mapping.Table(player), mappingColumn=null, insertable=true, updatable=true, unique=false}
20:24:25.645 [main] DEBUG org.hibernate.cfg.Ejb3Column - Binding column: Ejb3Column{table=org.hibernate.mapping.Table(player), mappingColumn=element, insertable=true, updatable=true, unique=false}
20:24:25.645 [main] DEBUG org.hibernate.cfg.Ejb3Column - Binding column: Ejb3Column{table=org.hibernate.mapping.Table(player), mappingColumn=items_KEY, insertable=true, updatable=true, unique=false}
20:24:25.645 [main] DEBUG org.hibernate.cfg.Ejb3Column - Binding column: Ejb3JoinColumn{logicalColumnName='items_KEY', referencedColumn='null', mappedBy='null'}
20:24:25.645 [main] DEBUG org.hibernate.cfg.Ejb3Column - Binding column: Ejb3JoinColumn{logicalColumnName='null', referencedColumn='null', mappedBy='player'}
20:24:25.645 [main] DEBUG org.hibernate.cfg.Ejb3Column - Binding column: Ejb3JoinColumn{logicalColumnName='null', referencedColumn='null', mappedBy='player'}
20:24:25.645 [main] DEBUG org.hibernate.cfg.annotations.CollectionBinder - Collection role: tau.mmo.domain.Player.items
20:24:25.645 [main] DEBUG org.hibernate.cfg.annotations.PropertyBinder - Building property items
20:24:25.645 [main] DEBUG org.hibernate.cfg.Ejb3Column - Binding column: Ejb3Column{table=org.hibernate.mapping.Table(player), mappingColumn=level, insertable=true, updatable=true, unique=false}
20:24:25.645 [main] DEBUG org.hibernate.cfg.annotations.PropertyBinder - MetadataSourceProcessor property level with lazy=false
20:24:25.645 [main] DEBUG org.hibernate.cfg.AbstractPropertyHolder - Attempting to locate auto-apply AttributeConverter for property [tau.mmo.domain.Player:level]
20:24:25.645 [main] DEBUG org.hibernate.cfg.annotations.SimpleValueBinder - building SimpleValue for level
20:24:25.646 [main] DEBUG org.hibernate.cfg.annotations.PropertyBinder - Building property level
20:24:25.646 [main] DEBUG org.hibernate.cfg.Ejb3Column - Binding column: Ejb3Column{table=org.hibernate.mapping.Table(player), mappingColumn=name, insertable=true, updatable=true, unique=false}
20:24:25.646 [main] DEBUG org.hibernate.cfg.annotations.PropertyBinder - MetadataSourceProcessor property name with lazy=false
20:24:25.646 [main] DEBUG org.hibernate.cfg.AbstractPropertyHolder - Attempting to locate auto-apply AttributeConverter for property [tau.mmo.domain.Player:name]
20:24:25.646 [main] DEBUG org.hibernate.cfg.annotations.SimpleValueBinder - building SimpleValue for name
20:24:25.646 [main] DEBUG org.hibernate.cfg.annotations.PropertyBinder - Building property name
20:24:25.646 [main] DEBUG org.hibernate.cfg.annotations.SimpleValueBinder - Starting fillSimpleValue for id
20:24:25.646 [main] DEBUG org.hibernate.cfg.annotations.SimpleValueBinder - Starting fillSimpleValue for itemclass
20:24:25.646 [main] DEBUG org.hibernate.cfg.annotations.SimpleValueBinder - Starting fillSimpleValue for levelreq
20:24:25.646 [main] DEBUG org.hibernate.cfg.annotations.SimpleValueBinder - Starting fillSimpleValue for name
20:24:25.646 [main] DEBUG org.hibernate.cfg.annotations.SimpleValueBinder - Starting fillSimpleValue for id
20:24:25.646 [main] DEBUG org.hibernate.cfg.annotations.SimpleValueBinder - Starting fillSimpleValue for heroclass
20:24:25.646 [main] DEBUG org.hibernate.cfg.annotations.SimpleValueBinder - Starting fillSimpleValue for level
20:24:25.646 [main] DEBUG org.hibernate.cfg.annotations.SimpleValueBinder - Starting fillSimpleValue for name
20:24:25.646 [main] DEBUG org.hibernate.mapping.PrimaryKey - Forcing column [id] to be non-null as it is part of the primary key for table [item]
20:24:25.646 [main] DEBUG org.hibernate.mapping.PrimaryKey - Forcing column [id] to be non-null as it is part of the primary key for table [player]
20:24:25.646 [main] DEBUG org.hibernate.cfg.CollectionSecondPass - Second pass for collection: tau.mmo.domain.Player.items
20:24:25.646 [main] DEBUG org.hibernate.cfg.annotations.CollectionBinder - Binding a OneToMany: tau.mmo.domain.Player.items through a foreign key
20:24:25.646 [main] DEBUG org.hibernate.cfg.annotations.CollectionBinder - Mapping collection: tau.mmo.domain.Player.items -> item
20:24:25.646 [main] DEBUG org.hibernate.cfg.annotations.TableBinder - Retrieving property tau.mmo.domain.Item.player
20:24:25.646 [main] DEBUG org.hibernate.cfg.CollectionSecondPass - Mapped collection key: player_id, one-to-many: tau.mmo.domain.Item
20:24:25.646 [main] DEBUG org.hibernate.boot.internal.InFlightMetadataCollectorImpl - Resolving reference to class: tau.mmo.domain.Player
20:24:25.647 [main] DEBUG org.hibernate.boot.internal.InFlightMetadataCollectorImpl - Resolving reference to class: tau.mmo.domain.Player
20:24:25.649 [main] DEBUG org.hibernate.internal.SessionFactoryImpl - Building session factory
20:24:25.649 [main] DEBUG org.hibernate.cfg.Settings - SessionFactory name : null
20:24:25.649 [main] DEBUG org.hibernate.cfg.Settings - Automatic flush during beforeCompletion(): disabled
20:24:25.649 [main] DEBUG org.hibernate.cfg.Settings - Automatic session close at end of transaction: disabled
20:24:25.649 [main] DEBUG org.hibernate.cfg.Settings - Statistics: disabled
20:24:25.649 [main] DEBUG org.hibernate.cfg.Settings - Deleted entity synthetic identifier rollback: disabled
20:24:25.649 [main] DEBUG org.hibernate.cfg.Settings - Default entity-mode: pojo
20:24:25.649 [main] DEBUG org.hibernate.cfg.Settings - Check Nullability in Core (should be disabled when Bean Validation is on): enabled
20:24:25.649 [main] DEBUG org.hibernate.cfg.Settings - Allow initialization of lazy state outside session : disabled
20:24:25.649 [main] DEBUG org.hibernate.cfg.Settings - Using BatchFetchStyle : LEGACY
20:24:25.649 [main] DEBUG org.hibernate.cfg.Settings - Default batch fetch size: -1
20:24:25.649 [main] DEBUG org.hibernate.cfg.Settings - Maximum outer join fetch depth: null
20:24:25.649 [main] DEBUG org.hibernate.cfg.Settings - Default null ordering: NONE
20:24:25.649 [main] DEBUG org.hibernate.cfg.Settings - Order SQL updates by primary key: disabled
20:24:25.649 [main] DEBUG org.hibernate.cfg.Settings - Order SQL inserts for batching: disabled
20:24:25.649 [main] DEBUG org.hibernate.cfg.Settings - multi-tenancy strategy : NONE
20:24:25.649 [main] DEBUG org.hibernate.cfg.Settings - JTA Track by Thread: enabled
20:24:25.649 [main] DEBUG org.hibernate.cfg.Settings - Query language substitutions: {}
20:24:25.649 [main] DEBUG org.hibernate.cfg.Settings - JPA query language strict compliance: disabled
20:24:25.649 [main] DEBUG org.hibernate.cfg.Settings - Named query checking : enabled
20:24:25.649 [main] DEBUG org.hibernate.cfg.Settings - Second-level cache: enabled
20:24:25.649 [main] DEBUG org.hibernate.cfg.Settings - Second-level query cache: disabled
20:24:25.649 [main] DEBUG org.hibernate.cfg.Settings - Second-level query cache factory: org.hibernate.cache.internal.StandardQueryCacheFactory@767599a7
20:24:25.649 [main] DEBUG org.hibernate.cfg.Settings - Second-level cache region prefix: null
20:24:25.649 [main] DEBUG org.hibernate.cfg.Settings - Optimize second-level cache for minimal puts: disabled
20:24:25.649 [main] DEBUG org.hibernate.cfg.Settings - Structured second-level cache entries: disabled
20:24:25.649 [main] DEBUG org.hibernate.cfg.Settings - Second-level cache direct-reference entries: disabled
20:24:25.650 [main] DEBUG org.hibernate.cfg.Settings - Automatic eviction of collection cache: disabled
20:24:25.650 [main] DEBUG org.hibernate.cfg.Settings - JDBC batch size: 0
20:24:25.650 [main] DEBUG org.hibernate.cfg.Settings - JDBC batch updates for versioned data: enabled
20:24:25.650 [main] DEBUG org.hibernate.cfg.Settings - Scrollable result sets: disabled
20:24:25.650 [main] DEBUG org.hibernate.cfg.Settings - Wrap result sets: disabled
20:24:25.650 [main] DEBUG org.hibernate.cfg.Settings - JDBC3 getGeneratedKeys(): disabled
20:24:25.650 [main] DEBUG org.hibernate.cfg.Settings - JDBC result set fetch size: null
20:24:25.650 [main] DEBUG org.hibernate.cfg.Settings - Connection release mode: ON_CLOSE
20:24:25.650 [main] DEBUG org.hibernate.cfg.Settings - Generate SQL with comments: disabled
20:24:25.650 [main] DEBUG org.hibernate.internal.SessionFactoryImpl - Session factory constructed with filter configurations : {}
20:24:25.651 [main] DEBUG org.hibernate.internal.SessionFactoryImpl - Instantiating session factory with properties: {awt.toolkit=sun.awt.X11.XToolkit, java.specification.version=11, sun.cpu.isalist=, sun.jnu.encoding=UTF-8, hibernate.connection.release_mode=ON_CLOSE, sun.arch.data.model=64, java.vendor.url=http://java.oracle.com/, sun.boot.library.path=/usr/lib/jvm/java-11-openjdk-amd64/lib, sun.java.command=/home/whitewolf/tau/TAU-repozytorium/tau-mmo-jmeter/target/surefire/surefirebooter3743684750447416578.jar /home/whitewolf/tau/TAU-repozytorium/tau-mmo-jmeter/target/surefire 2019-05-27T20-24-21_781-jvmRun1 surefire6552960694995493992tmp surefire_06547653810239904951tmp, jdk.debug=release, java.specification.vendor=Oracle Corporation, java.version.date=2019-04-16, java.home=/usr/lib/jvm/java-11-openjdk-amd64, file.separator=/, basedir=/home/whitewolf/tau/TAU-repozytorium/tau-mmo-jmeter, java.vm.compressedOopsMode=Zero based, line.separator=
, java.specification.name=Java Platform API Specification, java.vm.specification.vendor=Oracle Corporation, hibernate.hbm2ddl.auto=update, sun.management.compiler=HotSpot 64-Bit Tiered Compilers, java.runtime.version=11.0.3+7-Ubuntu-1ubuntu218.04.1, user.name=whitewolf, file.encoding=UTF-8, hibernate.classLoaders=[jdk.internal.loader.ClassLoaders$AppClassLoader@1affbebc], hibernate.current_session_context_class=org.springframework.orm.hibernate5.SpringSessionContext, localRepository=/home/whitewolf/.m2/repository, java.io.tmpdir=/tmp, java.version=11.0.3, java.vm.specification.name=Java Virtual Machine Specification, java.awt.printerjob=sun.print.PSPrinterJob, sun.os.patch.level=unknown, java.library.path=/usr/java/packages/lib:/usr/lib/x86_64-linux-gnu/jni:/lib/x86_64-linux-gnu:/usr/lib/x86_64-linux-gnu:/usr/lib/jni:/lib:/usr/lib, java.vendor=Oracle Corporation, sun.io.unicode.encoding=UnicodeLittle, sun.desktop=gnome, hibernate.dialect=org.hibernate.dialect.HSQLDialect, java.class.path=/home/whitewolf/tau/TAU-repozytorium/tau-mmo-jmeter/target/test-classes:/home/whitewolf/tau/TAU-repozytorium/tau-mmo-jmeter/target/classes:/home/whitewolf/.m2/repository/org/springframework/boot/spring-boot-starter-web/2.1.4.RELEASE/spring-boot-starter-web-2.1.4.RELEASE.jar:/home/whitewolf/.m2/repository/org/springframework/boot/spring-boot-starter/2.1.4.RELEASE/spring-boot-starter-2.1.4.RELEASE.jar:/home/whitewolf/.m2/repository/org/springframework/boot/spring-boot/2.1.4.RELEASE/spring-boot-2.1.4.RELEASE.jar:/home/whitewolf/.m2/repository/org/springframework/boot/spring-boot-autoconfigure/2.1.4.RELEASE/spring-boot-autoconfigure-2.1.4.RELEASE.jar:/home/whitewolf/.m2/repository/org/springframework/boot/spring-boot-starter-logging/2.1.4.RELEASE/spring-boot-starter-logging-2.1.4.RELEASE.jar:/home/whitewolf/.m2/repository/ch/qos/logback/logback-classic/1.2.3/logback-classic-1.2.3.jar:/home/whitewolf/.m2/repository/ch/qos/logback/logback-core/1.2.3/logback-core-1.2.3.jar:/home/whitewolf/.m2/repository/org/apache/logging/log4j/log4j-to-slf4j/2.11.2/log4j-to-slf4j-2.11.2.jar:/home/whitewolf/.m2/repository/org/apache/logging/log4j/log4j-api/2.11.2/log4j-api-2.11.2.jar:/home/whitewolf/.m2/repository/org/slf4j/jul-to-slf4j/1.7.26/jul-to-slf4j-1.7.26.jar:/home/whitewolf/.m2/repository/org/yaml/snakeyaml/1.23/snakeyaml-1.23.jar:/home/whitewolf/.m2/repository/org/springframework/boot/spring-boot-starter-json/2.1.4.RELEASE/spring-boot-starter-json-2.1.4.RELEASE.jar:/home/whitewolf/.m2/repository/com/fasterxml/jackson/core/jackson-databind/2.9.8/jackson-databind-2.9.8.jar:/home/whitewolf/.m2/repository/com/fasterxml/jackson/core/jackson-annotations/2.9.0/jackson-annotations-2.9.0.jar:/home/whitewolf/.m2/repository/com/fasterxml/jackson/core/jackson-core/2.9.8/jackson-core-2.9.8.jar:/home/whitewolf/.m2/repository/com/fasterxml/jackson/datatype/jackson-datatype-jdk8/2.9.8/jackson-datatype-jdk8-2.9.8.jar:/home/whitewolf/.m2/repository/com/fasterxml/jackson/datatype/jackson-datatype-jsr310/2.9.8/jackson-datatype-jsr310-2.9.8.jar:/home/whitewolf/.m2/repository/com/fasterxml/jackson/module/jackson-module-parameter-names/2.9.8/jackson-module-parameter-names-2.9.8.jar:/home/whitewolf/.m2/repository/org/hibernate/validator/hibernate-validator/6.0.16.Final/hibernate-validator-6.0.16.Final.jar:/home/whitewolf/.m2/repository/javax/validation/validation-api/2.0.1.Final/validation-api-2.0.1.Final.jar:/home/whitewolf/.m2/repository/org/springframework/spring-web/5.1.6.RELEASE/spring-web-5.1.6.RELEASE.jar:/home/whitewolf/.m2/repository/org/springframework/spring-webmvc/5.1.6.RELEASE/spring-webmvc-5.1.6.RELEASE.jar:/home/whitewolf/.m2/repository/org/springframework/spring-aop/5.1.6.RELEASE/spring-aop-5.1.6.RELEASE.jar:/home/whitewolf/.m2/repository/org/springframework/spring-context/5.1.6.RELEASE/spring-context-5.1.6.RELEASE.jar:/home/whitewolf/.m2/repository/org/springframework/spring-expression/5.1.6.RELEASE/spring-expression-5.1.6.RELEASE.jar:/home/whitewolf/.m2/repository/org/springframework/boot/spring-boot-starter-test/2.1.4.RELEASE/spring-boot-starter-test-2.1.4.RELEASE.jar:/home/whitewolf/.m2/repository/org/springframework/boot/spring-boot-test/2.1.4.RELEASE/spring-boot-test-2.1.4.RELEASE.jar:/home/whitewolf/.m2/repository/org/springframework/boot/spring-boot-test-autoconfigure/2.1.4.RELEASE/spring-boot-test-autoconfigure-2.1.4.RELEASE.jar:/home/whitewolf/.m2/repository/junit/junit/4.12/junit-4.12.jar:/home/whitewolf/.m2/repository/org/assertj/assertj-core/3.11.1/assertj-core-3.11.1.jar:/home/whitewolf/.m2/repository/org/mockito/mockito-core/2.23.4/mockito-core-2.23.4.jar:/home/whitewolf/.m2/repository/net/bytebuddy/byte-buddy/1.9.12/byte-buddy-1.9.12.jar:/home/whitewolf/.m2/repository/net/bytebuddy/byte-buddy-agent/1.9.12/byte-buddy-agent-1.9.12.jar:/home/whitewolf/.m2/repository/org/objenesis/objenesis/2.6/objenesis-2.6.jar:/home/whitewolf/.m2/repository/org/hamcrest/hamcrest-core/1.3/hamcrest-core-1.3.jar:/home/whitewolf/.m2/repository/org/hamcrest/hamcrest-library/1.3/hamcrest-library-1.3.jar:/home/whitewolf/.m2/repository/org/skyscreamer/jsonassert/1.5.0/jsonassert-1.5.0.jar:/home/whitewolf/.m2/repository/com/vaadin/external/google/android-json/0.0.20131108.vaadin1/android-json-0.0.20131108.vaadin1.jar:/home/whitewolf/.m2/repository/org/springframework/spring-core/5.1.6.RELEASE/spring-core-5.1.6.RELEASE.jar:/home/whitewolf/.m2/repository/org/springframework/spring-jcl/5.1.6.RELEASE/spring-jcl-5.1.6.RELEASE.jar:/home/whitewolf/.m2/repository/org/springframework/spring-test/5.1.6.RELEASE/spring-test-5.1.6.RELEASE.jar:/home/whitewolf/.m2/repository/org/xmlunit/xmlunit-core/2.6.2/xmlunit-core-2.6.2.jar:/home/whitewolf/.m2/repository/org/springframework/boot/spring-boot-starter-tomcat/2.1.4.RELEASE/spring-boot-starter-tomcat-2.1.4.RELEASE.jar:/home/whitewolf/.m2/repository/javax/annotation/javax.annotation-api/1.3.2/javax.annotation-api-1.3.2.jar:/home/whitewolf/.m2/repository/org/apache/tomcat/embed/tomcat-embed-core/9.0.17/tomcat-embed-core-9.0.17.jar:/home/whitewolf/.m2/repository/org/apache/tomcat/embed/tomcat-embed-el/9.0.17/tomcat-embed-el-9.0.17.jar:/home/whitewolf/.m2/repository/org/apache/tomcat/embed/tomcat-embed-websocket/9.0.17/tomcat-embed-websocket-9.0.17.jar:/home/whitewolf/.m2/repository/org/springframework/boot/spring-boot-starter-data-jpa/2.1.4.RELEASE/spring-boot-starter-data-jpa-2.1.4.RELEASE.jar:/home/whitewolf/.m2/repository/org/springframework/boot/spring-boot-starter-aop/2.1.4.RELEASE/spring-boot-starter-aop-2.1.4.RELEASE.jar:/home/whitewolf/.m2/repository/org/aspectj/aspectjweaver/1.9.2/aspectjweaver-1.9.2.jar:/home/whitewolf/.m2/repository/org/springframework/boot/spring-boot-starter-jdbc/2.1.4.RELEASE/spring-boot-starter-jdbc-2.1.4.RELEASE.jar:/home/whitewolf/.m2/repository/com/zaxxer/HikariCP/3.2.0/HikariCP-3.2.0.jar:/home/whitewolf/.m2/repository/org/springframework/spring-jdbc/5.1.6.RELEASE/spring-jdbc-5.1.6.RELEASE.jar:/home/whitewolf/.m2/repository/javax/transaction/javax.transaction-api/1.3/javax.transaction-api-1.3.jar:/home/whitewolf/.m2/repository/javax/xml/bind/jaxb-api/2.3.1/jaxb-api-2.3.1.jar:/home/whitewolf/.m2/repository/javax/activation/javax.activation-api/1.2.0/javax.activation-api-1.2.0.jar:/home/whitewolf/.m2/repository/org/springframework/data/spring-data-jpa/2.1.6.RELEASE/spring-data-jpa-2.1.6.RELEASE.jar:/home/whitewolf/.m2/repository/org/springframework/data/spring-data-commons/2.1.6.RELEASE/spring-data-commons-2.1.6.RELEASE.jar:/home/whitewolf/.m2/repository/org/springframework/spring-orm/5.1.6.RELEASE/spring-orm-5.1.6.RELEASE.jar:/home/whitewolf/.m2/repository/org/springframework/spring-aspects/5.1.6.RELEASE/spring-aspects-5.1.6.RELEASE.jar:/home/whitewolf/.m2/repository/org/springframework/spring-tx/5.1.6.RELEASE/spring-tx-5.1.6.RELEASE.jar:/home/whitewolf/.m2/repository/org/springframework/spring-beans/5.1.6.RELEASE/spring-beans-5.1.6.RELEASE.jar:/home/whitewolf/.m2/repository/com/jayway/jsonpath/json-path/2.4.0/json-path-2.4.0.jar:/home/whitewolf/.m2/repository/net/minidev/json-smart/2.3/json-smart-2.3.jar:/home/whitewolf/.m2/repository/net/minidev/accessors-smart/1.2/accessors-smart-1.2.jar:/home/whitewolf/.m2/repository/org/ow2/asm/asm/5.0.4/asm-5.0.4.jar:/home/whitewolf/.m2/repository/org/slf4j/slf4j-api/1.7.26/slf4j-api-1.7.26.jar:/home/whitewolf/.m2/repository/org/hibernate/hibernate-core/5.1.6.Final/hibernate-core-5.1.6.Final.jar:/home/whitewolf/.m2/repository/org/jboss/logging/jboss-logging/3.3.2.Final/jboss-logging-3.3.2.Final.jar:/home/whitewolf/.m2/repository/org/hibernate/javax/persistence/hibernate-jpa-2.1-api/1.0.0.Final/hibernate-jpa-2.1-api-1.0.0.Final.jar:/home/whitewolf/.m2/repository/org/javassist/javassist/3.20.0-GA/javassist-3.20.0-GA.jar:/home/whitewolf/.m2/repository/antlr/antlr/2.7.7/antlr-2.7.7.jar:/home/whitewolf/.m2/repository/org/apache/geronimo/specs/geronimo-jta_1.1_spec/1.1.1/geronimo-jta_1.1_spec-1.1.1.jar:/home/whitewolf/.m2/repository/org/jboss/jandex/2.0.3.Final/jandex-2.0.3.Final.jar:/home/whitewolf/.m2/repository/com/fasterxml/classmate/1.4.0/classmate-1.4.0.jar:/home/whitewolf/.m2/repository/dom4j/dom4j/1.6.1/dom4j-1.6.1.jar:/home/whitewolf/.m2/repository/org/hibernate/common/hibernate-commons-annotations/5.0.1.Final/hibernate-commons-annotations-5.0.1.Final.jar:/home/whitewolf/.m2/repository/org/hsqldb/hsqldb/2.3.4/hsqldb-2.3.4.jar:, java.vm.vendor=Oracle Corporation, user.timezone=Europe/Warsaw, os.name=Linux, java.vm.specification.version=11, sun.java.launcher=SUN_STANDARD, user.country=PL, surefire.test.class.path=/home/whitewolf/tau/TAU-repozytorium/tau-mmo-jmeter/target/test-classes:/home/whitewolf/tau/TAU-repozytorium/tau-mmo-jmeter/target/classes:/home/whitewolf/.m2/repository/org/springframework/boot/spring-boot-starter-web/2.1.4.RELEASE/spring-boot-starter-web-2.1.4.RELEASE.jar:/home/whitewolf/.m2/repository/org/springframework/boot/spring-boot-starter/2.1.4.RELEASE/spring-boot-starter-2.1.4.RELEASE.jar:/home/whitewolf/.m2/repository/org/springframework/boot/spring-boot/2.1.4.RELEASE/spring-boot-2.1.4.RELEASE.jar:/home/whitewolf/.m2/repository/org/springframework/boot/spring-boot-autoconfigure/2.1.4.RELEASE/spring-boot-autoconfigure-2.1.4.RELEASE.jar:/home/whitewolf/.m2/repository/org/springframework/boot/spring-boot-starter-logging/2.1.4.RELEASE/spring-boot-starter-logging-2.1.4.RELEASE.jar:/home/whitewolf/.m2/repository/ch/qos/logback/logback-classic/1.2.3/logback-classic-1.2.3.jar:/home/whitewolf/.m2/repository/ch/qos/logback/logback-core/1.2.3/logback-core-1.2.3.jar:/home/whitewolf/.m2/repository/org/apache/logging/log4j/log4j-to-slf4j/2.11.2/log4j-to-slf4j-2.11.2.jar:/home/whitewolf/.m2/repository/org/apache/logging/log4j/log4j-api/2.11.2/log4j-api-2.11.2.jar:/home/whitewolf/.m2/repository/org/slf4j/jul-to-slf4j/1.7.26/jul-to-slf4j-1.7.26.jar:/home/whitewolf/.m2/repository/org/yaml/snakeyaml/1.23/snakeyaml-1.23.jar:/home/whitewolf/.m2/repository/org/springframework/boot/spring-boot-starter-json/2.1.4.RELEASE/spring-boot-starter-json-2.1.4.RELEASE.jar:/home/whitewolf/.m2/repository/com/fasterxml/jackson/core/jackson-databind/2.9.8/jackson-databind-2.9.8.jar:/home/whitewolf/.m2/repository/com/fasterxml/jackson/core/jackson-annotations/2.9.0/jackson-annotations-2.9.0.jar:/home/whitewolf/.m2/repository/com/fasterxml/jackson/core/jackson-core/2.9.8/jackson-core-2.9.8.jar:/home/whitewolf/.m2/repository/com/fasterxml/jackson/datatype/jackson-datatype-jdk8/2.9.8/jackson-datatype-jdk8-2.9.8.jar:/home/whitewolf/.m2/repository/com/fasterxml/jackson/datatype/jackson-datatype-jsr310/2.9.8/jackson-datatype-jsr310-2.9.8.jar:/home/whitewolf/.m2/repository/com/fasterxml/jackson/module/jackson-module-parameter-names/2.9.8/jackson-module-parameter-names-2.9.8.jar:/home/whitewolf/.m2/repository/org/hibernate/validator/hibernate-validator/6.0.16.Final/hibernate-validator-6.0.16.Final.jar:/home/whitewolf/.m2/repository/javax/validation/validation-api/2.0.1.Final/validation-api-2.0.1.Final.jar:/home/whitewolf/.m2/repository/org/springframework/spring-web/5.1.6.RELEASE/spring-web-5.1.6.RELEASE.jar:/home/whitewolf/.m2/repository/org/springframework/spring-webmvc/5.1.6.RELEASE/spring-webmvc-5.1.6.RELEASE.jar:/home/whitewolf/.m2/repository/org/springframework/spring-aop/5.1.6.RELEASE/spring-aop-5.1.6.RELEASE.jar:/home/whitewolf/.m2/repository/org/springframework/spring-context/5.1.6.RELEASE/spring-context-5.1.6.RELEASE.jar:/home/whitewolf/.m2/repository/org/springframework/spring-expression/5.1.6.RELEASE/spring-expression-5.1.6.RELEASE.jar:/home/whitewolf/.m2/repository/org/springframework/boot/spring-boot-starter-test/2.1.4.RELEASE/spring-boot-starter-test-2.1.4.RELEASE.jar:/home/whitewolf/.m2/repository/org/springframework/boot/spring-boot-test/2.1.4.RELEASE/spring-boot-test-2.1.4.RELEASE.jar:/home/whitewolf/.m2/repository/org/springframework/boot/spring-boot-test-autoconfigure/2.1.4.RELEASE/spring-boot-test-autoconfigure-2.1.4.RELEASE.jar:/home/whitewolf/.m2/repository/junit/junit/4.12/junit-4.12.jar:/home/whitewolf/.m2/repository/org/assertj/assertj-core/3.11.1/assertj-core-3.11.1.jar:/home/whitewolf/.m2/repository/org/mockito/mockito-core/2.23.4/mockito-core-2.23.4.jar:/home/whitewolf/.m2/repository/net/bytebuddy/byte-buddy/1.9.12/byte-buddy-1.9.12.jar:/home/whitewolf/.m2/repository/net/bytebuddy/byte-buddy-agent/1.9.12/byte-buddy-agent-1.9.12.jar:/home/whitewolf/.m2/repository/org/objenesis/objenesis/2.6/objenesis-2.6.jar:/home/whitewolf/.m2/repository/org/hamcrest/hamcrest-core/1.3/hamcrest-core-1.3.jar:/home/whitewolf/.m2/repository/org/hamcrest/hamcrest-library/1.3/hamcrest-library-1.3.jar:/home/whitewolf/.m2/repository/org/skyscreamer/jsonassert/1.5.0/jsonassert-1.5.0.jar:/home/whitewolf/.m2/repository/com/vaadin/external/google/android-json/0.0.20131108.vaadin1/android-json-0.0.20131108.vaadin1.jar:/home/whitewolf/.m2/repository/org/springframework/spring-core/5.1.6.RELEASE/spring-core-5.1.6.RELEASE.jar:/home/whitewolf/.m2/repository/org/springframework/spring-jcl/5.1.6.RELEASE/spring-jcl-5.1.6.RELEASE.jar:/home/whitewolf/.m2/repository/org/springframework/spring-test/5.1.6.RELEASE/spring-test-5.1.6.RELEASE.jar:/home/whitewolf/.m2/repository/org/xmlunit/xmlunit-core/2.6.2/xmlunit-core-2.6.2.jar:/home/whitewolf/.m2/repository/org/springframework/boot/spring-boot-starter-tomcat/2.1.4.RELEASE/spring-boot-starter-tomcat-2.1.4.RELEASE.jar:/home/whitewolf/.m2/repository/javax/annotation/javax.annotation-api/1.3.2/javax.annotation-api-1.3.2.jar:/home/whitewolf/.m2/repository/org/apache/tomcat/embed/tomcat-embed-core/9.0.17/tomcat-embed-core-9.0.17.jar:/home/whitewolf/.m2/repository/org/apache/tomcat/embed/tomcat-embed-el/9.0.17/tomcat-embed-el-9.0.17.jar:/home/whitewolf/.m2/repository/org/apache/tomcat/embed/tomcat-embed-websocket/9.0.17/tomcat-embed-websocket-9.0.17.jar:/home/whitewolf/.m2/repository/org/springframework/boot/spring-boot-starter-data-jpa/2.1.4.RELEASE/spring-boot-starter-data-jpa-2.1.4.RELEASE.jar:/home/whitewolf/.m2/repository/org/springframework/boot/spring-boot-starter-aop/2.1.4.RELEASE/spring-boot-starter-aop-2.1.4.RELEASE.jar:/home/whitewolf/.m2/repository/org/aspectj/aspectjweaver/1.9.2/aspectjweaver-1.9.2.jar:/home/whitewolf/.m2/repository/org/springframework/boot/spring-boot-starter-jdbc/2.1.4.RELEASE/spring-boot-starter-jdbc-2.1.4.RELEASE.jar:/home/whitewolf/.m2/repository/com/zaxxer/HikariCP/3.2.0/HikariCP-3.2.0.jar:/home/whitewolf/.m2/repository/org/springframework/spring-jdbc/5.1.6.RELEASE/spring-jdbc-5.1.6.RELEASE.jar:/home/whitewolf/.m2/repository/javax/transaction/javax.transaction-api/1.3/javax.transaction-api-1.3.jar:/home/whitewolf/.m2/repository/javax/xml/bind/jaxb-api/2.3.1/jaxb-api-2.3.1.jar:/home/whitewolf/.m2/repository/javax/activation/javax.activation-api/1.2.0/javax.activation-api-1.2.0.jar:/home/whitewolf/.m2/repository/org/springframework/data/spring-data-jpa/2.1.6.RELEASE/spring-data-jpa-2.1.6.RELEASE.jar:/home/whitewolf/.m2/repository/org/springframework/data/spring-data-commons/2.1.6.RELEASE/spring-data-commons-2.1.6.RELEASE.jar:/home/whitewolf/.m2/repository/org/springframework/spring-orm/5.1.6.RELEASE/spring-orm-5.1.6.RELEASE.jar:/home/whitewolf/.m2/repository/org/springframework/spring-aspects/5.1.6.RELEASE/spring-aspects-5.1.6.RELEASE.jar:/home/whitewolf/.m2/repository/org/springframework/spring-tx/5.1.6.RELEASE/spring-tx-5.1.6.RELEASE.jar:/home/whitewolf/.m2/repository/org/springframework/spring-beans/5.1.6.RELEASE/spring-beans-5.1.6.RELEASE.jar:/home/whitewolf/.m2/repository/com/jayway/jsonpath/json-path/2.4.0/json-path-2.4.0.jar:/home/whitewolf/.m2/repository/net/minidev/json-smart/2.3/json-smart-2.3.jar:/home/whitewolf/.m2/repository/net/minidev/accessors-smart/1.2/accessors-smart-1.2.jar:/home/whitewolf/.m2/repository/org/ow2/asm/asm/5.0.4/asm-5.0.4.jar:/home/whitewolf/.m2/repository/org/slf4j/slf4j-api/1.7.26/slf4j-api-1.7.26.jar:/home/whitewolf/.m2/repository/org/hibernate/hibernate-core/5.1.6.Final/hibernate-core-5.1.6.Final.jar:/home/whitewolf/.m2/repository/org/jboss/logging/jboss-logging/3.3.2.Final/jboss-logging-3.3.2.Final.jar:/home/whitewolf/.m2/repository/org/hibernate/javax/persistence/hibernate-jpa-2.1-api/1.0.0.Final/hibernate-jpa-2.1-api-1.0.0.Final.jar:/home/whitewolf/.m2/repository/org/javassist/javassist/3.20.0-GA/javassist-3.20.0-GA.jar:/home/whitewolf/.m2/repository/antlr/antlr/2.7.7/antlr-2.7.7.jar:/home/whitewolf/.m2/repository/org/apache/geronimo/specs/geronimo-jta_1.1_spec/1.1.1/geronimo-jta_1.1_spec-1.1.1.jar:/home/whitewolf/.m2/repository/org/jboss/jandex/2.0.3.Final/jandex-2.0.3.Final.jar:/home/whitewolf/.m2/repository/com/fasterxml/classmate/1.4.0/classmate-1.4.0.jar:/home/whitewolf/.m2/repository/dom4j/dom4j/1.6.1/dom4j-1.6.1.jar:/home/whitewolf/.m2/repository/org/hibernate/common/hibernate-commons-annotations/5.0.1.Final/hibernate-commons-annotations-5.0.1.Final.jar:/home/whitewolf/.m2/repository/org/hsqldb/hsqldb/2.3.4/hsqldb-2.3.4.jar:, sun.cpu.endian=little, user.home=/home/whitewolf, user.language=pl, java.awt.graphicsenv=sun.awt.X11GraphicsEnvironment, surefire.real.class.path=/home/whitewolf/tau/TAU-repozytorium/tau-mmo-jmeter/target/surefire/surefirebooter3743684750447416578.jar, path.separator=:, os.version=4.15.0-47-generic, java.runtime.name=OpenJDK Runtime Environment, java.vm.name=OpenJDK 64-Bit Server VM, hibernate.show_sql=true, java.vendor.url.bug=http://bugreport.java.com/bugreport/, user.dir=/home/whitewolf/tau/TAU-repozytorium/tau-mmo-jmeter, os.arch=amd64, hibernate.boot.CfgXmlAccessService.key=org.hibernate.boot.cfgxml.spi.LoadedConfig@467a2584, java.vm.info=mixed mode, sharing, java.vm.version=11.0.3+7-Ubuntu-1ubuntu218.04.1, hibernate.bytecode.use_reflection_optimizer=false, hibernate.connection.datasource=org.springframework.jdbc.datasource.DriverManagerDataSource@dd9de63, java.class.version=55.0}
20:24:25.651 [main] DEBUG org.hibernate.validator.internal.engine.resolver.TraversableResolvers - Found javax.persistence.Persistence on classpath containing 'getPersistenceUtil'. Assuming JPA 2 environment. Trying to instantiate JPA aware TraversableResolver
20:24:25.652 [main] DEBUG org.hibernate.validator.internal.engine.resolver.TraversableResolvers - Instantiated JPA aware TraversableResolver of type org.hibernate.validator.internal.engine.resolver.JPATraversableResolver.
20:24:25.652 [main] DEBUG org.hibernate.validator.internal.xml.config.ValidationXmlParser - Trying to load META-INF/validation.xml for XML based Validator configuration.
20:24:25.652 [main] DEBUG org.hibernate.validator.internal.xml.config.ResourceLoaderHelper - Trying to load META-INF/validation.xml via TCCL
20:24:25.652 [main] DEBUG org.hibernate.validator.internal.xml.config.ResourceLoaderHelper - Trying to load META-INF/validation.xml via Hibernate Validator's class loader
20:24:25.653 [main] DEBUG org.hibernate.validator.internal.xml.config.ValidationXmlParser - No META-INF/validation.xml found. Using annotation based configuration only.
20:24:25.656 [main] DEBUG org.hibernate.validator.messageinterpolation.ResourceBundleMessageInterpolator - Loaded expression factory via original TCCL
20:24:25.656 [main] DEBUG org.hibernate.validator.internal.engine.ValidatorFactoryImpl - HV000234: Using org.hibernate.validator.messageinterpolation.ResourceBundleMessageInterpolator as ValidatorFactory-scoped message interpolator.
20:24:25.656 [main] DEBUG org.hibernate.validator.internal.engine.ValidatorFactoryImpl - HV000234: Using org.hibernate.validator.internal.engine.resolver.JPATraversableResolver as ValidatorFactory-scoped traversable resolver.
20:24:25.656 [main] DEBUG org.hibernate.validator.internal.engine.ValidatorFactoryImpl - HV000234: Using org.hibernate.validator.internal.util.ExecutableParameterNameProvider as ValidatorFactory-scoped parameter name provider.
20:24:25.656 [main] DEBUG org.hibernate.validator.internal.engine.ValidatorFactoryImpl - HV000234: Using org.hibernate.validator.internal.engine.DefaultClockProvider as ValidatorFactory-scoped clock provider.
20:24:25.656 [main] DEBUG org.hibernate.validator.internal.engine.ValidatorFactoryImpl - HV000234: Using org.hibernate.validator.internal.engine.scripting.DefaultScriptEvaluatorFactory as ValidatorFactory-scoped script evaluator factory.
20:24:25.656 [main] DEBUG org.hibernate.boot.internal.ClassLoaderAccessImpl - Not known whether passed class name [tau.mmo.domain.Item] is safe
20:24:25.656 [main] DEBUG org.hibernate.boot.internal.ClassLoaderAccessImpl - No temp ClassLoader provided; using live ClassLoader for loading potentially unsafe class : tau.mmo.domain.Item
20:24:25.659 [main] DEBUG org.hibernate.boot.internal.ClassLoaderAccessImpl - Not known whether passed class name [tau.mmo.domain.Player] is safe
20:24:25.659 [main] DEBUG org.hibernate.boot.internal.ClassLoaderAccessImpl - No temp ClassLoader provided; using live ClassLoader for loading potentially unsafe class : tau.mmo.domain.Player
20:24:25.661 [main] DEBUG org.hibernate.secure.spi.JaccIntegrator - Skipping JACC integration as it was not enabled
20:24:25.661 [main] DEBUG org.hibernate.boot.internal.ClassLoaderAccessImpl - Not known whether passed class name [tau.mmo.domain.Item] is safe
20:24:25.661 [main] DEBUG org.hibernate.boot.internal.ClassLoaderAccessImpl - No temp ClassLoader provided; using live ClassLoader for loading potentially unsafe class : tau.mmo.domain.Item
20:24:25.662 [main] DEBUG org.hibernate.boot.internal.ClassLoaderAccessImpl - Not known whether passed class name [tau.mmo.domain.Item] is safe
20:24:25.662 [main] DEBUG org.hibernate.boot.internal.ClassLoaderAccessImpl - No temp ClassLoader provided; using live ClassLoader for loading potentially unsafe class : tau.mmo.domain.Item
20:24:25.662 [main] DEBUG org.hibernate.boot.internal.ClassLoaderAccessImpl - Not known whether passed class name [tau.mmo.domain.Player] is safe
20:24:25.662 [main] DEBUG org.hibernate.boot.internal.ClassLoaderAccessImpl - No temp ClassLoader provided; using live ClassLoader for loading potentially unsafe class : tau.mmo.domain.Player
20:24:25.663 [main] DEBUG org.hibernate.boot.internal.ClassLoaderAccessImpl - Not known whether passed class name [tau.mmo.domain.Player] is safe
20:24:25.663 [main] DEBUG org.hibernate.boot.internal.ClassLoaderAccessImpl - No temp ClassLoader provided; using live ClassLoader for loading potentially unsafe class : tau.mmo.domain.Player
20:24:25.664 [main] DEBUG org.hibernate.persister.collection.AbstractCollectionPersister - Static SQL for collection: tau.mmo.domain.Player.items
20:24:25.664 [main] DEBUG org.hibernate.persister.collection.AbstractCollectionPersister -  Row insert: update item set player_id=? where id=?
20:24:25.664 [main] DEBUG org.hibernate.persister.collection.AbstractCollectionPersister -  Row update: update item set  where id=?
20:24:25.664 [main] DEBUG org.hibernate.persister.collection.AbstractCollectionPersister -  Row delete: update item set player_id=null where player_id=? and id=?
20:24:25.664 [main] DEBUG org.hibernate.persister.collection.AbstractCollectionPersister -  One-shot delete: update item set player_id=null where player_id=?
20:24:25.664 [main] DEBUG org.hibernate.persister.entity.AbstractEntityPersister - Static SQL for entity: tau.mmo.domain.Item
20:24:25.664 [main] DEBUG org.hibernate.persister.entity.AbstractEntityPersister -  Version select: select id from item where id =?
20:24:25.664 [main] DEBUG org.hibernate.persister.entity.AbstractEntityPersister -  Snapshot select: select item_.id, item_.itemclass as itemclas2_0_, item_.levelreq as levelreq3_0_, item_.name as name4_0_, item_.player_id as player_i5_0_ from item item_ where item_.id=?
20:24:25.664 [main] DEBUG org.hibernate.persister.entity.AbstractEntityPersister -  Insert 0: insert into item (itemclass, levelreq, name, player_id, id) values (?, ?, ?, ?, ?)
20:24:25.664 [main] DEBUG org.hibernate.persister.entity.AbstractEntityPersister -  Update 0: update item set itemclass=?, levelreq=?, name=?, player_id=? where id=?
20:24:25.664 [main] DEBUG org.hibernate.persister.entity.AbstractEntityPersister -  Delete 0: delete from item where id=?
20:24:25.664 [main] DEBUG org.hibernate.loader.plan.build.internal.spaces.QuerySpacesImpl - Adding QuerySpace : uid = <gen:0> -> org.hibernate.loader.plan.build.internal.spaces.EntityQuerySpaceImpl@552088cc]
20:24:25.664 [main] DEBUG org.hibernate.persister.walking.spi.MetamodelGraphWalker - Visiting attribute path : itemclass
20:24:25.664 [main] DEBUG org.hibernate.persister.walking.spi.MetamodelGraphWalker - Visiting attribute path : levelreq
20:24:25.664 [main] DEBUG org.hibernate.persister.walking.spi.MetamodelGraphWalker - Visiting attribute path : name
20:24:25.664 [main] DEBUG org.hibernate.persister.walking.spi.MetamodelGraphWalker - Visiting attribute path : player
20:24:25.664 [main] DEBUG org.hibernate.loader.plan.build.internal.spaces.QuerySpacesImpl - Adding QuerySpace : uid = <gen:1> -> org.hibernate.loader.plan.build.internal.spaces.EntityQuerySpaceImpl@3c62f69a]
20:24:25.664 [main] DEBUG org.hibernate.loader.plan.build.internal.FetchStyleLoadPlanBuildingAssociationVisitationStrategy - Building LoadPlan...
20:24:25.664 [main] DEBUG org.hibernate.loader.plan.exec.internal.LoadQueryJoinAndFetchProcessor - processing queryspace <gen:0>
20:24:25.664 [main] DEBUG org.hibernate.loader.plan.build.spi.LoadPlanTreePrinter - LoadPlan(entity=tau.mmo.domain.Item)
    - Returns
       - EntityReturnImpl(entity=tau.mmo.domain.Item, querySpaceUid=<gen:0>, path=tau.mmo.domain.Item)
          - EntityAttributeFetchImpl(entity=tau.mmo.domain.Player, querySpaceUid=<gen:1>, path=tau.mmo.domain.Item.player)
    - QuerySpaces
       - EntityQuerySpaceImpl(uid=<gen:0>, entity=tau.mmo.domain.Item)
          - SQL table alias mapping - item0_
          - alias suffix - 0_
          - suffixed key columns - {id1_0_0_}

20:24:25.664 [main] DEBUG org.hibernate.loader.entity.plan.EntityLoader - Static select for entity tau.mmo.domain.Item [NONE]: select item0_.id as id1_0_0_, item0_.itemclass as itemclas2_0_0_, item0_.levelreq as levelreq3_0_0_, item0_.name as name4_0_0_, item0_.player_id as player_i5_0_0_ from item item0_ where item0_.id=?
20:24:25.664 [main] DEBUG org.hibernate.loader.plan.build.internal.spaces.QuerySpacesImpl - Adding QuerySpace : uid = <gen:0> -> org.hibernate.loader.plan.build.internal.spaces.EntityQuerySpaceImpl@f08f8a9]
20:24:25.664 [main] DEBUG org.hibernate.persister.walking.spi.MetamodelGraphWalker - Visiting attribute path : itemclass
20:24:25.664 [main] DEBUG org.hibernate.persister.walking.spi.MetamodelGraphWalker - Visiting attribute path : levelreq
20:24:25.664 [main] DEBUG org.hibernate.persister.walking.spi.MetamodelGraphWalker - Visiting attribute path : name
20:24:25.664 [main] DEBUG org.hibernate.persister.walking.spi.MetamodelGraphWalker - Visiting attribute path : player
20:24:25.664 [main] DEBUG org.hibernate.loader.plan.build.internal.spaces.QuerySpacesImpl - Adding QuerySpace : uid = <gen:1> -> org.hibernate.loader.plan.build.internal.spaces.EntityQuerySpaceImpl@7fd3fd06]
20:24:25.664 [main] DEBUG org.hibernate.loader.plan.build.internal.FetchStyleLoadPlanBuildingAssociationVisitationStrategy - Building LoadPlan...
20:24:25.664 [main] DEBUG org.hibernate.loader.plan.exec.internal.LoadQueryJoinAndFetchProcessor - processing queryspace <gen:0>
20:24:25.664 [main] DEBUG org.hibernate.loader.plan.build.spi.LoadPlanTreePrinter - LoadPlan(entity=tau.mmo.domain.Item)
    - Returns
       - EntityReturnImpl(entity=tau.mmo.domain.Item, querySpaceUid=<gen:0>, path=tau.mmo.domain.Item)
          - EntityAttributeFetchImpl(entity=tau.mmo.domain.Player, querySpaceUid=<gen:1>, path=tau.mmo.domain.Item.player)
    - QuerySpaces
       - EntityQuerySpaceImpl(uid=<gen:0>, entity=tau.mmo.domain.Item)
          - SQL table alias mapping - item0_
          - alias suffix - 0_
          - suffixed key columns - {id1_0_0_}

20:24:25.665 [main] DEBUG org.hibernate.loader.entity.plan.EntityLoader - Static select for entity tau.mmo.domain.Item [READ]: select item0_.id as id1_0_0_, item0_.itemclass as itemclas2_0_0_, item0_.levelreq as levelreq3_0_0_, item0_.name as name4_0_0_, item0_.player_id as player_i5_0_0_ from item item0_ where item0_.id=?
20:24:25.665 [main] DEBUG org.hibernate.loader.plan.build.internal.spaces.QuerySpacesImpl - Adding QuerySpace : uid = <gen:0> -> org.hibernate.loader.plan.build.internal.spaces.EntityQuerySpaceImpl@54ae1240]
20:24:25.665 [main] DEBUG org.hibernate.persister.walking.spi.MetamodelGraphWalker - Visiting attribute path : itemclass
20:24:25.665 [main] DEBUG org.hibernate.persister.walking.spi.MetamodelGraphWalker - Visiting attribute path : levelreq
20:24:25.665 [main] DEBUG org.hibernate.persister.walking.spi.MetamodelGraphWalker - Visiting attribute path : name
20:24:25.665 [main] DEBUG org.hibernate.persister.walking.spi.MetamodelGraphWalker - Visiting attribute path : player
20:24:25.665 [main] DEBUG org.hibernate.loader.plan.build.internal.spaces.QuerySpacesImpl - Adding QuerySpace : uid = <gen:1> -> org.hibernate.loader.plan.build.internal.spaces.EntityQuerySpaceImpl@390a7532]
20:24:25.665 [main] DEBUG org.hibernate.loader.plan.build.internal.FetchStyleLoadPlanBuildingAssociationVisitationStrategy - Building LoadPlan...
20:24:25.665 [main] DEBUG org.hibernate.loader.plan.exec.internal.LoadQueryJoinAndFetchProcessor - processing queryspace <gen:0>
20:24:25.665 [main] DEBUG org.hibernate.loader.plan.build.spi.LoadPlanTreePrinter - LoadPlan(entity=tau.mmo.domain.Item)
    - Returns
       - EntityReturnImpl(entity=tau.mmo.domain.Item, querySpaceUid=<gen:0>, path=tau.mmo.domain.Item)
          - EntityAttributeFetchImpl(entity=tau.mmo.domain.Player, querySpaceUid=<gen:1>, path=tau.mmo.domain.Item.player)
    - QuerySpaces
       - EntityQuerySpaceImpl(uid=<gen:0>, entity=tau.mmo.domain.Item)
          - SQL table alias mapping - item0_
          - alias suffix - 0_
          - suffixed key columns - {id1_0_0_}

20:24:25.665 [main] DEBUG org.hibernate.loader.entity.plan.EntityLoader - Static select for entity tau.mmo.domain.Item [UPGRADE]: select item0_.id as id1_0_0_, item0_.itemclass as itemclas2_0_0_, item0_.levelreq as levelreq3_0_0_, item0_.name as name4_0_0_, item0_.player_id as player_i5_0_0_ from item item0_ where item0_.id=? for update
20:24:25.665 [main] DEBUG org.hibernate.loader.plan.build.internal.spaces.QuerySpacesImpl - Adding QuerySpace : uid = <gen:0> -> org.hibernate.loader.plan.build.internal.spaces.EntityQuerySpaceImpl@595184d8]
20:24:25.665 [main] DEBUG org.hibernate.persister.walking.spi.MetamodelGraphWalker - Visiting attribute path : itemclass
20:24:25.665 [main] DEBUG org.hibernate.persister.walking.spi.MetamodelGraphWalker - Visiting attribute path : levelreq
20:24:25.665 [main] DEBUG org.hibernate.persister.walking.spi.MetamodelGraphWalker - Visiting attribute path : name
20:24:25.665 [main] DEBUG org.hibernate.persister.walking.spi.MetamodelGraphWalker - Visiting attribute path : player
20:24:25.665 [main] DEBUG org.hibernate.loader.plan.build.internal.spaces.QuerySpacesImpl - Adding QuerySpace : uid = <gen:1> -> org.hibernate.loader.plan.build.internal.spaces.EntityQuerySpaceImpl@3a0baec0]
20:24:25.665 [main] DEBUG org.hibernate.loader.plan.build.internal.FetchStyleLoadPlanBuildingAssociationVisitationStrategy - Building LoadPlan...
20:24:25.665 [main] DEBUG org.hibernate.loader.plan.exec.internal.LoadQueryJoinAndFetchProcessor - processing queryspace <gen:0>
20:24:25.665 [main] DEBUG org.hibernate.loader.plan.build.spi.LoadPlanTreePrinter - LoadPlan(entity=tau.mmo.domain.Item)
    - Returns
       - EntityReturnImpl(entity=tau.mmo.domain.Item, querySpaceUid=<gen:0>, path=tau.mmo.domain.Item)
          - EntityAttributeFetchImpl(entity=tau.mmo.domain.Player, querySpaceUid=<gen:1>, path=tau.mmo.domain.Item.player)
    - QuerySpaces
       - EntityQuerySpaceImpl(uid=<gen:0>, entity=tau.mmo.domain.Item)
          - SQL table alias mapping - item0_
          - alias suffix - 0_
          - suffixed key columns - {id1_0_0_}

20:24:25.665 [main] DEBUG org.hibernate.loader.entity.plan.EntityLoader - Static select for entity tau.mmo.domain.Item [UPGRADE_NOWAIT]: select item0_.id as id1_0_0_, item0_.itemclass as itemclas2_0_0_, item0_.levelreq as levelreq3_0_0_, item0_.name as name4_0_0_, item0_.player_id as player_i5_0_0_ from item item0_ where item0_.id=? for update
20:24:25.665 [main] DEBUG org.hibernate.loader.plan.build.internal.spaces.QuerySpacesImpl - Adding QuerySpace : uid = <gen:0> -> org.hibernate.loader.plan.build.internal.spaces.EntityQuerySpaceImpl@50c2ef56]
20:24:25.665 [main] DEBUG org.hibernate.persister.walking.spi.MetamodelGraphWalker - Visiting attribute path : itemclass
20:24:25.665 [main] DEBUG org.hibernate.persister.walking.spi.MetamodelGraphWalker - Visiting attribute path : levelreq
20:24:25.665 [main] DEBUG org.hibernate.persister.walking.spi.MetamodelGraphWalker - Visiting attribute path : name
20:24:25.665 [main] DEBUG org.hibernate.persister.walking.spi.MetamodelGraphWalker - Visiting attribute path : player
20:24:25.665 [main] DEBUG org.hibernate.loader.plan.build.internal.spaces.QuerySpacesImpl - Adding QuerySpace : uid = <gen:1> -> org.hibernate.loader.plan.build.internal.spaces.EntityQuerySpaceImpl@3514237f]
20:24:25.665 [main] DEBUG org.hibernate.loader.plan.build.internal.FetchStyleLoadPlanBuildingAssociationVisitationStrategy - Building LoadPlan...
20:24:25.665 [main] DEBUG org.hibernate.loader.plan.exec.internal.LoadQueryJoinAndFetchProcessor - processing queryspace <gen:0>
20:24:25.665 [main] DEBUG org.hibernate.loader.plan.build.spi.LoadPlanTreePrinter - LoadPlan(entity=tau.mmo.domain.Item)
    - Returns
       - EntityReturnImpl(entity=tau.mmo.domain.Item, querySpaceUid=<gen:0>, path=tau.mmo.domain.Item)
          - EntityAttributeFetchImpl(entity=tau.mmo.domain.Player, querySpaceUid=<gen:1>, path=tau.mmo.domain.Item.player)
    - QuerySpaces
       - EntityQuerySpaceImpl(uid=<gen:0>, entity=tau.mmo.domain.Item)
          - SQL table alias mapping - item0_
          - alias suffix - 0_
          - suffixed key columns - {id1_0_0_}

20:24:25.665 [main] DEBUG org.hibernate.loader.entity.plan.EntityLoader - Static select for entity tau.mmo.domain.Item [UPGRADE_SKIPLOCKED]: select item0_.id as id1_0_0_, item0_.itemclass as itemclas2_0_0_, item0_.levelreq as levelreq3_0_0_, item0_.name as name4_0_0_, item0_.player_id as player_i5_0_0_ from item item0_ where item0_.id=? for update
20:24:25.665 [main] DEBUG org.hibernate.loader.plan.build.internal.spaces.QuerySpacesImpl - Adding QuerySpace : uid = <gen:0> -> org.hibernate.loader.plan.build.internal.spaces.EntityQuerySpaceImpl@520ee6b3]
20:24:25.666 [main] DEBUG org.hibernate.persister.walking.spi.MetamodelGraphWalker - Visiting attribute path : itemclass
20:24:25.666 [main] DEBUG org.hibernate.persister.walking.spi.MetamodelGraphWalker - Visiting attribute path : levelreq
20:24:25.666 [main] DEBUG org.hibernate.persister.walking.spi.MetamodelGraphWalker - Visiting attribute path : name
20:24:25.666 [main] DEBUG org.hibernate.persister.walking.spi.MetamodelGraphWalker - Visiting attribute path : player
20:24:25.666 [main] DEBUG org.hibernate.loader.plan.build.internal.spaces.QuerySpacesImpl - Adding QuerySpace : uid = <gen:1> -> org.hibernate.loader.plan.build.internal.spaces.EntityQuerySpaceImpl@16a499d1]
20:24:25.666 [main] DEBUG org.hibernate.loader.plan.build.internal.FetchStyleLoadPlanBuildingAssociationVisitationStrategy - Building LoadPlan...
20:24:25.666 [main] DEBUG org.hibernate.loader.plan.exec.internal.LoadQueryJoinAndFetchProcessor - processing queryspace <gen:0>
20:24:25.666 [main] DEBUG org.hibernate.loader.plan.build.spi.LoadPlanTreePrinter - LoadPlan(entity=tau.mmo.domain.Item)
    - Returns
       - EntityReturnImpl(entity=tau.mmo.domain.Item, querySpaceUid=<gen:0>, path=tau.mmo.domain.Item)
          - EntityAttributeFetchImpl(entity=tau.mmo.domain.Player, querySpaceUid=<gen:1>, path=tau.mmo.domain.Item.player)
    - QuerySpaces
       - EntityQuerySpaceImpl(uid=<gen:0>, entity=tau.mmo.domain.Item)
          - SQL table alias mapping - item0_
          - alias suffix - 0_
          - suffixed key columns - {id1_0_0_}

20:24:25.666 [main] DEBUG org.hibernate.loader.entity.plan.EntityLoader - Static select for entity tau.mmo.domain.Item [FORCE]: select item0_.id as id1_0_0_, item0_.itemclass as itemclas2_0_0_, item0_.levelreq as levelreq3_0_0_, item0_.name as name4_0_0_, item0_.player_id as player_i5_0_0_ from item item0_ where item0_.id=? for update
20:24:25.666 [main] DEBUG org.hibernate.loader.plan.build.internal.spaces.QuerySpacesImpl - Adding QuerySpace : uid = <gen:0> -> org.hibernate.loader.plan.build.internal.spaces.EntityQuerySpaceImpl@2bf4fa1]
20:24:25.666 [main] DEBUG org.hibernate.persister.walking.spi.MetamodelGraphWalker - Visiting attribute path : itemclass
20:24:25.666 [main] DEBUG org.hibernate.persister.walking.spi.MetamodelGraphWalker - Visiting attribute path : levelreq
20:24:25.666 [main] DEBUG org.hibernate.persister.walking.spi.MetamodelGraphWalker - Visiting attribute path : name
20:24:25.666 [main] DEBUG org.hibernate.persister.walking.spi.MetamodelGraphWalker - Visiting attribute path : player
20:24:25.666 [main] DEBUG org.hibernate.loader.plan.build.internal.spaces.QuerySpacesImpl - Adding QuerySpace : uid = <gen:1> -> org.hibernate.loader.plan.build.internal.spaces.EntityQuerySpaceImpl@3a12f3e7]
20:24:25.666 [main] DEBUG org.hibernate.loader.plan.build.internal.FetchStyleLoadPlanBuildingAssociationVisitationStrategy - Building LoadPlan...
20:24:25.666 [main] DEBUG org.hibernate.loader.plan.exec.internal.LoadQueryJoinAndFetchProcessor - processing queryspace <gen:0>
20:24:25.666 [main] DEBUG org.hibernate.loader.plan.build.spi.LoadPlanTreePrinter - LoadPlan(entity=tau.mmo.domain.Item)
    - Returns
       - EntityReturnImpl(entity=tau.mmo.domain.Item, querySpaceUid=<gen:0>, path=tau.mmo.domain.Item)
          - EntityAttributeFetchImpl(entity=tau.mmo.domain.Player, querySpaceUid=<gen:1>, path=tau.mmo.domain.Item.player)
    - QuerySpaces
       - EntityQuerySpaceImpl(uid=<gen:0>, entity=tau.mmo.domain.Item)
          - SQL table alias mapping - item0_
          - alias suffix - 0_
          - suffixed key columns - {id1_0_0_}

20:24:25.666 [main] DEBUG org.hibernate.loader.entity.plan.EntityLoader - Static select for entity tau.mmo.domain.Item [PESSIMISTIC_READ]: select item0_.id as id1_0_0_, item0_.itemclass as itemclas2_0_0_, item0_.levelreq as levelreq3_0_0_, item0_.name as name4_0_0_, item0_.player_id as player_i5_0_0_ from item item0_ where item0_.id=? for update
20:24:25.666 [main] DEBUG org.hibernate.loader.plan.build.internal.spaces.QuerySpacesImpl - Adding QuerySpace : uid = <gen:0> -> org.hibernate.loader.plan.build.internal.spaces.EntityQuerySpaceImpl@84a9f65]
20:24:25.666 [main] DEBUG org.hibernate.persister.walking.spi.MetamodelGraphWalker - Visiting attribute path : itemclass
20:24:25.666 [main] DEBUG org.hibernate.persister.walking.spi.MetamodelGraphWalker - Visiting attribute path : levelreq
20:24:25.666 [main] DEBUG org.hibernate.persister.walking.spi.MetamodelGraphWalker - Visiting attribute path : name
20:24:25.666 [main] DEBUG org.hibernate.persister.walking.spi.MetamodelGraphWalker - Visiting attribute path : player
20:24:25.666 [main] DEBUG org.hibernate.loader.plan.build.internal.spaces.QuerySpacesImpl - Adding QuerySpace : uid = <gen:1> -> org.hibernate.loader.plan.build.internal.spaces.EntityQuerySpaceImpl@5fafa76d]
20:24:25.666 [main] DEBUG org.hibernate.loader.plan.build.internal.FetchStyleLoadPlanBuildingAssociationVisitationStrategy - Building LoadPlan...
20:24:25.666 [main] DEBUG org.hibernate.loader.plan.exec.internal.LoadQueryJoinAndFetchProcessor - processing queryspace <gen:0>
20:24:25.666 [main] DEBUG org.hibernate.loader.plan.build.spi.LoadPlanTreePrinter - LoadPlan(entity=tau.mmo.domain.Item)
    - Returns
       - EntityReturnImpl(entity=tau.mmo.domain.Item, querySpaceUid=<gen:0>, path=tau.mmo.domain.Item)
          - EntityAttributeFetchImpl(entity=tau.mmo.domain.Player, querySpaceUid=<gen:1>, path=tau.mmo.domain.Item.player)
    - QuerySpaces
       - EntityQuerySpaceImpl(uid=<gen:0>, entity=tau.mmo.domain.Item)
          - SQL table alias mapping - item0_
          - alias suffix - 0_
          - suffixed key columns - {id1_0_0_}

20:24:25.666 [main] DEBUG org.hibernate.loader.entity.plan.EntityLoader - Static select for entity tau.mmo.domain.Item [PESSIMISTIC_WRITE]: select item0_.id as id1_0_0_, item0_.itemclass as itemclas2_0_0_, item0_.levelreq as levelreq3_0_0_, item0_.name as name4_0_0_, item0_.player_id as player_i5_0_0_ from item item0_ where item0_.id=? for update
20:24:25.666 [main] DEBUG org.hibernate.loader.plan.build.internal.spaces.QuerySpacesImpl - Adding QuerySpace : uid = <gen:0> -> org.hibernate.loader.plan.build.internal.spaces.EntityQuerySpaceImpl@720ffab4]
20:24:25.666 [main] DEBUG org.hibernate.persister.walking.spi.MetamodelGraphWalker - Visiting attribute path : itemclass
20:24:25.666 [main] DEBUG org.hibernate.persister.walking.spi.MetamodelGraphWalker - Visiting attribute path : levelreq
20:24:25.666 [main] DEBUG org.hibernate.persister.walking.spi.MetamodelGraphWalker - Visiting attribute path : name
20:24:25.666 [main] DEBUG org.hibernate.persister.walking.spi.MetamodelGraphWalker - Visiting attribute path : player
20:24:25.666 [main] DEBUG org.hibernate.loader.plan.build.internal.spaces.QuerySpacesImpl - Adding QuerySpace : uid = <gen:1> -> org.hibernate.loader.plan.build.internal.spaces.EntityQuerySpaceImpl@5ebe903a]
20:24:25.666 [main] DEBUG org.hibernate.loader.plan.build.internal.FetchStyleLoadPlanBuildingAssociationVisitationStrategy - Building LoadPlan...
20:24:25.667 [main] DEBUG org.hibernate.loader.plan.exec.internal.LoadQueryJoinAndFetchProcessor - processing queryspace <gen:0>
20:24:25.667 [main] DEBUG org.hibernate.loader.plan.build.spi.LoadPlanTreePrinter - LoadPlan(entity=tau.mmo.domain.Item)
    - Returns
       - EntityReturnImpl(entity=tau.mmo.domain.Item, querySpaceUid=<gen:0>, path=tau.mmo.domain.Item)
          - EntityAttributeFetchImpl(entity=tau.mmo.domain.Player, querySpaceUid=<gen:1>, path=tau.mmo.domain.Item.player)
    - QuerySpaces
       - EntityQuerySpaceImpl(uid=<gen:0>, entity=tau.mmo.domain.Item)
          - SQL table alias mapping - item0_
          - alias suffix - 0_
          - suffixed key columns - {id1_0_0_}

20:24:25.667 [main] DEBUG org.hibernate.loader.entity.plan.EntityLoader - Static select for entity tau.mmo.domain.Item [PESSIMISTIC_FORCE_INCREMENT]: select item0_.id as id1_0_0_, item0_.itemclass as itemclas2_0_0_, item0_.levelreq as levelreq3_0_0_, item0_.name as name4_0_0_, item0_.player_id as player_i5_0_0_ from item item0_ where item0_.id=? for update
20:24:25.667 [main] DEBUG org.hibernate.loader.plan.build.internal.spaces.QuerySpacesImpl - Adding QuerySpace : uid = <gen:0> -> org.hibernate.loader.plan.build.internal.spaces.EntityQuerySpaceImpl@7c88d04f]
20:24:25.667 [main] DEBUG org.hibernate.persister.walking.spi.MetamodelGraphWalker - Visiting attribute path : itemclass
20:24:25.667 [main] DEBUG org.hibernate.persister.walking.spi.MetamodelGraphWalker - Visiting attribute path : levelreq
20:24:25.667 [main] DEBUG org.hibernate.persister.walking.spi.MetamodelGraphWalker - Visiting attribute path : name
20:24:25.667 [main] DEBUG org.hibernate.persister.walking.spi.MetamodelGraphWalker - Visiting attribute path : player
20:24:25.667 [main] DEBUG org.hibernate.loader.plan.build.internal.spaces.QuerySpacesImpl - Adding QuerySpace : uid = <gen:1> -> org.hibernate.loader.plan.build.internal.spaces.EntityQuerySpaceImpl@4895e8f6]
20:24:25.667 [main] DEBUG org.hibernate.loader.plan.build.internal.FetchStyleLoadPlanBuildingAssociationVisitationStrategy - Building LoadPlan...
20:24:25.667 [main] DEBUG org.hibernate.loader.plan.exec.internal.LoadQueryJoinAndFetchProcessor - processing queryspace <gen:0>
20:24:25.667 [main] DEBUG org.hibernate.loader.plan.build.spi.LoadPlanTreePrinter - LoadPlan(entity=tau.mmo.domain.Item)
    - Returns
       - EntityReturnImpl(entity=tau.mmo.domain.Item, querySpaceUid=<gen:0>, path=tau.mmo.domain.Item)
          - EntityAttributeFetchImpl(entity=tau.mmo.domain.Player, querySpaceUid=<gen:1>, path=tau.mmo.domain.Item.player)
    - QuerySpaces
       - EntityQuerySpaceImpl(uid=<gen:0>, entity=tau.mmo.domain.Item)
          - SQL table alias mapping - item0_
          - alias suffix - 0_
          - suffixed key columns - {id1_0_0_}

20:24:25.667 [main] DEBUG org.hibernate.loader.entity.plan.EntityLoader - Static select for entity tau.mmo.domain.Item [OPTIMISTIC]: select item0_.id as id1_0_0_, item0_.itemclass as itemclas2_0_0_, item0_.levelreq as levelreq3_0_0_, item0_.name as name4_0_0_, item0_.player_id as player_i5_0_0_ from item item0_ where item0_.id=?
20:24:25.667 [main] DEBUG org.hibernate.loader.plan.build.internal.spaces.QuerySpacesImpl - Adding QuerySpace : uid = <gen:0> -> org.hibernate.loader.plan.build.internal.spaces.EntityQuerySpaceImpl@62808e9e]
20:24:25.667 [main] DEBUG org.hibernate.persister.walking.spi.MetamodelGraphWalker - Visiting attribute path : itemclass
20:24:25.667 [main] DEBUG org.hibernate.persister.walking.spi.MetamodelGraphWalker - Visiting attribute path : levelreq
20:24:25.667 [main] DEBUG org.hibernate.persister.walking.spi.MetamodelGraphWalker - Visiting attribute path : name
20:24:25.667 [main] DEBUG org.hibernate.persister.walking.spi.MetamodelGraphWalker - Visiting attribute path : player
20:24:25.667 [main] DEBUG org.hibernate.loader.plan.build.internal.spaces.QuerySpacesImpl - Adding QuerySpace : uid = <gen:1> -> org.hibernate.loader.plan.build.internal.spaces.EntityQuerySpaceImpl@539dd2d0]
20:24:25.667 [main] DEBUG org.hibernate.loader.plan.build.internal.FetchStyleLoadPlanBuildingAssociationVisitationStrategy - Building LoadPlan...
20:24:25.667 [main] DEBUG org.hibernate.loader.plan.exec.internal.LoadQueryJoinAndFetchProcessor - processing queryspace <gen:0>
20:24:25.667 [main] DEBUG org.hibernate.loader.plan.build.spi.LoadPlanTreePrinter - LoadPlan(entity=tau.mmo.domain.Item)
    - Returns
       - EntityReturnImpl(entity=tau.mmo.domain.Item, querySpaceUid=<gen:0>, path=tau.mmo.domain.Item)
          - EntityAttributeFetchImpl(entity=tau.mmo.domain.Player, querySpaceUid=<gen:1>, path=tau.mmo.domain.Item.player)
    - QuerySpaces
       - EntityQuerySpaceImpl(uid=<gen:0>, entity=tau.mmo.domain.Item)
          - SQL table alias mapping - item0_
          - alias suffix - 0_
          - suffixed key columns - {id1_0_0_}

20:24:25.667 [main] DEBUG org.hibernate.loader.entity.plan.EntityLoader - Static select for entity tau.mmo.domain.Item [OPTIMISTIC_FORCE_INCREMENT]: select item0_.id as id1_0_0_, item0_.itemclass as itemclas2_0_0_, item0_.levelreq as levelreq3_0_0_, item0_.name as name4_0_0_, item0_.player_id as player_i5_0_0_ from item item0_ where item0_.id=?
20:24:25.667 [main] DEBUG org.hibernate.loader.Loader - Static select for action ACTION_MERGE on entity tau.mmo.domain.Item: select item0_.id as id1_0_0_, item0_.itemclass as itemclas2_0_0_, item0_.levelreq as levelreq3_0_0_, item0_.name as name4_0_0_, item0_.player_id as player_i5_0_0_ from item item0_ where item0_.id=?
20:24:25.667 [main] DEBUG org.hibernate.loader.Loader - Static select for action ACTION_REFRESH on entity tau.mmo.domain.Item: select item0_.id as id1_0_0_, item0_.itemclass as itemclas2_0_0_, item0_.levelreq as levelreq3_0_0_, item0_.name as name4_0_0_, item0_.player_id as player_i5_0_0_ from item item0_ where item0_.id=?
20:24:25.668 [main] DEBUG org.hibernate.persister.entity.AbstractEntityPersister - Static SQL for entity: tau.mmo.domain.Player
20:24:25.668 [main] DEBUG org.hibernate.persister.entity.AbstractEntityPersister -  Version select: select id from player where id =?
20:24:25.668 [main] DEBUG org.hibernate.persister.entity.AbstractEntityPersister -  Snapshot select: select player_.id, player_.heroclass as heroclas2_1_, player_.level as level3_1_, player_.name as name4_1_ from player player_ where player_.id=?
20:24:25.668 [main] DEBUG org.hibernate.persister.entity.AbstractEntityPersister -  Insert 0: insert into player (heroclass, level, name, id) values (?, ?, ?, ?)
20:24:25.668 [main] DEBUG org.hibernate.persister.entity.AbstractEntityPersister -  Update 0: update player set heroclass=?, level=?, name=? where id=?
20:24:25.668 [main] DEBUG org.hibernate.persister.entity.AbstractEntityPersister -  Delete 0: delete from player where id=?
20:24:25.668 [main] DEBUG org.hibernate.loader.plan.build.internal.spaces.QuerySpacesImpl - Adding QuerySpace : uid = <gen:0> -> org.hibernate.loader.plan.build.internal.spaces.EntityQuerySpaceImpl@3428420d]
20:24:25.668 [main] DEBUG org.hibernate.persister.walking.spi.MetamodelGraphWalker - Visiting attribute path : heroclass
20:24:25.668 [main] DEBUG org.hibernate.persister.walking.spi.MetamodelGraphWalker - Visiting attribute path : items
20:24:25.668 [main] DEBUG org.hibernate.loader.plan.build.internal.spaces.QuerySpacesImpl - Adding QuerySpace : uid = <gen:1> -> org.hibernate.loader.plan.build.internal.spaces.CollectionQuerySpaceImpl@b529d7e]
20:24:25.668 [main] DEBUG org.hibernate.loader.plan.build.internal.spaces.QuerySpacesImpl - Adding QuerySpace : uid = <gen:2> -> org.hibernate.loader.plan.build.internal.spaces.EntityQuerySpaceImpl@3664c596]
20:24:25.668 [main] DEBUG org.hibernate.persister.walking.spi.MetamodelGraphWalker - Visiting attribute path : items.itemclass
20:24:25.668 [main] DEBUG org.hibernate.persister.walking.spi.MetamodelGraphWalker - Visiting attribute path : items.levelreq
20:24:25.668 [main] DEBUG org.hibernate.persister.walking.spi.MetamodelGraphWalker - Visiting attribute path : items.name
20:24:25.668 [main] DEBUG org.hibernate.persister.walking.spi.MetamodelGraphWalker - Visiting attribute path : items.player
20:24:25.668 [main] DEBUG org.hibernate.persister.walking.spi.MetamodelGraphWalker - Property path deemed to be circular : items.player
20:24:25.668 [main] DEBUG org.hibernate.persister.walking.spi.MetamodelGraphWalker - Visiting attribute path : level
20:24:25.668 [main] DEBUG org.hibernate.persister.walking.spi.MetamodelGraphWalker - Visiting attribute path : name
20:24:25.668 [main] DEBUG org.hibernate.loader.plan.build.internal.FetchStyleLoadPlanBuildingAssociationVisitationStrategy - Building LoadPlan...
20:24:25.668 [main] DEBUG org.hibernate.loader.plan.exec.internal.LoadQueryJoinAndFetchProcessor - processing queryspace <gen:0>
20:24:25.668 [main] DEBUG org.hibernate.loader.plan.build.spi.LoadPlanTreePrinter - LoadPlan(entity=tau.mmo.domain.Player)
    - Returns
       - EntityReturnImpl(entity=tau.mmo.domain.Player, querySpaceUid=<gen:0>, path=tau.mmo.domain.Player)
          - CollectionAttributeFetchImpl(collection=tau.mmo.domain.Player.items, querySpaceUid=<gen:1>, path=tau.mmo.domain.Player.items)
             - (collection element) CollectionFetchableElementEntityGraph(entity=tau.mmo.domain.Item, querySpaceUid=<gen:2>, path=tau.mmo.domain.Player.items.<elements>)
    - QuerySpaces
       - EntityQuerySpaceImpl(uid=<gen:0>, entity=tau.mmo.domain.Player)
          - SQL table alias mapping - player0_
          - alias suffix - 0_
          - suffixed key columns - {id1_1_0_}
          - JOIN (JoinDefinedByMetadata(items)) : <gen:0> -> <gen:1>
             - CollectionQuerySpaceImpl(uid=<gen:1>, collection=tau.mmo.domain.Player.items)
                - SQL table alias mapping - items1_
                - alias suffix - 1_
                - suffixed key columns - {player_i5_0_1_}
                - entity-element alias suffix - 2_
                - 2_entity-element suffixed key columns - id1_0_2_
                - JOIN (JoinDefinedByMetadata(elements)) : <gen:1> -> <gen:2>
                   - EntityQuerySpaceImpl(uid=<gen:2>, entity=tau.mmo.domain.Item)
                      - SQL table alias mapping - items1_
                      - alias suffix - 2_
                      - suffixed key columns - {id1_0_2_}

20:24:25.668 [main] DEBUG org.hibernate.loader.entity.plan.EntityLoader - Static select for entity tau.mmo.domain.Player [NONE]: select player0_.id as id1_1_0_, player0_.heroclass as heroclas2_1_0_, player0_.level as level3_1_0_, player0_.name as name4_1_0_, items1_.player_id as player_i5_0_1_, items1_.id as id1_0_1_, items1_.id as id1_0_2_, items1_.itemclass as itemclas2_0_2_, items1_.levelreq as levelreq3_0_2_, items1_.name as name4_0_2_, items1_.player_id as player_i5_0_2_ from player player0_ left outer join item items1_ on player0_.id=items1_.player_id where player0_.id=?
20:24:25.668 [main] DEBUG org.hibernate.loader.plan.build.internal.spaces.QuerySpacesImpl - Adding QuerySpace : uid = <gen:0> -> org.hibernate.loader.plan.build.internal.spaces.EntityQuerySpaceImpl@5bc14211]
20:24:25.668 [main] DEBUG org.hibernate.persister.walking.spi.MetamodelGraphWalker - Visiting attribute path : heroclass
20:24:25.668 [main] DEBUG org.hibernate.persister.walking.spi.MetamodelGraphWalker - Visiting attribute path : items
20:24:25.668 [main] DEBUG org.hibernate.loader.plan.build.internal.spaces.QuerySpacesImpl - Adding QuerySpace : uid = <gen:1> -> org.hibernate.loader.plan.build.internal.spaces.CollectionQuerySpaceImpl@5d2e65bd]
20:24:25.668 [main] DEBUG org.hibernate.loader.plan.build.internal.spaces.QuerySpacesImpl - Adding QuerySpace : uid = <gen:2> -> org.hibernate.loader.plan.build.internal.spaces.EntityQuerySpaceImpl@254513e8]
20:24:25.668 [main] DEBUG org.hibernate.persister.walking.spi.MetamodelGraphWalker - Visiting attribute path : items.itemclass
20:24:25.668 [main] DEBUG org.hibernate.persister.walking.spi.MetamodelGraphWalker - Visiting attribute path : items.levelreq
20:24:25.668 [main] DEBUG org.hibernate.persister.walking.spi.MetamodelGraphWalker - Visiting attribute path : items.name
20:24:25.668 [main] DEBUG org.hibernate.persister.walking.spi.MetamodelGraphWalker - Visiting attribute path : items.player
20:24:25.668 [main] DEBUG org.hibernate.persister.walking.spi.MetamodelGraphWalker - Property path deemed to be circular : items.player
20:24:25.668 [main] DEBUG org.hibernate.persister.walking.spi.MetamodelGraphWalker - Visiting attribute path : level
20:24:25.668 [main] DEBUG org.hibernate.persister.walking.spi.MetamodelGraphWalker - Visiting attribute path : name
20:24:25.668 [main] DEBUG org.hibernate.loader.plan.build.internal.FetchStyleLoadPlanBuildingAssociationVisitationStrategy - Building LoadPlan...
20:24:25.668 [main] DEBUG org.hibernate.loader.plan.exec.internal.LoadQueryJoinAndFetchProcessor - processing queryspace <gen:0>
20:24:25.669 [main] DEBUG org.hibernate.loader.plan.build.spi.LoadPlanTreePrinter - LoadPlan(entity=tau.mmo.domain.Player)
    - Returns
       - EntityReturnImpl(entity=tau.mmo.domain.Player, querySpaceUid=<gen:0>, path=tau.mmo.domain.Player)
          - CollectionAttributeFetchImpl(collection=tau.mmo.domain.Player.items, querySpaceUid=<gen:1>, path=tau.mmo.domain.Player.items)
             - (collection element) CollectionFetchableElementEntityGraph(entity=tau.mmo.domain.Item, querySpaceUid=<gen:2>, path=tau.mmo.domain.Player.items.<elements>)
    - QuerySpaces
       - EntityQuerySpaceImpl(uid=<gen:0>, entity=tau.mmo.domain.Player)
          - SQL table alias mapping - player0_
          - alias suffix - 0_
          - suffixed key columns - {id1_1_0_}
          - JOIN (JoinDefinedByMetadata(items)) : <gen:0> -> <gen:1>
             - CollectionQuerySpaceImpl(uid=<gen:1>, collection=tau.mmo.domain.Player.items)
                - SQL table alias mapping - items1_
                - alias suffix - 1_
                - suffixed key columns - {player_i5_0_1_}
                - entity-element alias suffix - 2_
                - 2_entity-element suffixed key columns - id1_0_2_
                - JOIN (JoinDefinedByMetadata(elements)) : <gen:1> -> <gen:2>
                   - EntityQuerySpaceImpl(uid=<gen:2>, entity=tau.mmo.domain.Item)
                      - SQL table alias mapping - items1_
                      - alias suffix - 2_
                      - suffixed key columns - {id1_0_2_}

20:24:25.669 [main] DEBUG org.hibernate.loader.entity.plan.EntityLoader - Static select for entity tau.mmo.domain.Player [READ]: select player0_.id as id1_1_0_, player0_.heroclass as heroclas2_1_0_, player0_.level as level3_1_0_, player0_.name as name4_1_0_, items1_.player_id as player_i5_0_1_, items1_.id as id1_0_1_, items1_.id as id1_0_2_, items1_.itemclass as itemclas2_0_2_, items1_.levelreq as levelreq3_0_2_, items1_.name as name4_0_2_, items1_.player_id as player_i5_0_2_ from player player0_ left outer join item items1_ on player0_.id=items1_.player_id where player0_.id=?
20:24:25.669 [main] DEBUG org.hibernate.loader.plan.build.internal.spaces.QuerySpacesImpl - Adding QuerySpace : uid = <gen:0> -> org.hibernate.loader.plan.build.internal.spaces.EntityQuerySpaceImpl@5ad50b02]
20:24:25.669 [main] DEBUG org.hibernate.persister.walking.spi.MetamodelGraphWalker - Visiting attribute path : heroclass
20:24:25.669 [main] DEBUG org.hibernate.persister.walking.spi.MetamodelGraphWalker - Visiting attribute path : items
20:24:25.669 [main] DEBUG org.hibernate.loader.plan.build.internal.spaces.QuerySpacesImpl - Adding QuerySpace : uid = <gen:1> -> org.hibernate.loader.plan.build.internal.spaces.CollectionQuerySpaceImpl@bff764c]
20:24:25.669 [main] DEBUG org.hibernate.loader.plan.build.internal.spaces.QuerySpacesImpl - Adding QuerySpace : uid = <gen:2> -> org.hibernate.loader.plan.build.internal.spaces.EntityQuerySpaceImpl@3beaa16d]
20:24:25.669 [main] DEBUG org.hibernate.persister.walking.spi.MetamodelGraphWalker - Visiting attribute path : level
20:24:25.669 [main] DEBUG org.hibernate.persister.walking.spi.MetamodelGraphWalker - Visiting attribute path : name
20:24:25.669 [main] DEBUG org.hibernate.loader.plan.build.internal.FetchStyleLoadPlanBuildingAssociationVisitationStrategy - Building LoadPlan...
20:24:25.669 [main] DEBUG org.hibernate.loader.plan.exec.internal.LoadQueryJoinAndFetchProcessor - processing queryspace <gen:0>
20:24:25.669 [main] DEBUG org.hibernate.loader.plan.build.spi.LoadPlanTreePrinter - LoadPlan(entity=tau.mmo.domain.Player)
    - Returns
       - EntityReturnImpl(entity=tau.mmo.domain.Player, querySpaceUid=<gen:0>, path=tau.mmo.domain.Player)
          - CollectionAttributeFetchImpl(collection=tau.mmo.domain.Player.items, querySpaceUid=<gen:1>, path=tau.mmo.domain.Player.items)
             - (collection element) CollectionFetchableElementEntityGraph(entity=tau.mmo.domain.Item, querySpaceUid=<gen:2>, path=tau.mmo.domain.Player.items.<elements>)
    - QuerySpaces
       - EntityQuerySpaceImpl(uid=<gen:0>, entity=tau.mmo.domain.Player)
          - SQL table alias mapping - player0_
          - alias suffix - 0_
          - suffixed key columns - {id1_1_0_}

20:24:25.669 [main] DEBUG org.hibernate.loader.entity.plan.EntityLoader - Static select for entity tau.mmo.domain.Player [UPGRADE]: select player0_.id as id1_1_0_, player0_.heroclass as heroclas2_1_0_, player0_.level as level3_1_0_, player0_.name as name4_1_0_ from player player0_ where player0_.id=? for update
20:24:25.669 [main] DEBUG org.hibernate.loader.plan.build.internal.spaces.QuerySpacesImpl - Adding QuerySpace : uid = <gen:0> -> org.hibernate.loader.plan.build.internal.spaces.EntityQuerySpaceImpl@49153009]
20:24:25.669 [main] DEBUG org.hibernate.persister.walking.spi.MetamodelGraphWalker - Visiting attribute path : heroclass
20:24:25.669 [main] DEBUG org.hibernate.persister.walking.spi.MetamodelGraphWalker - Visiting attribute path : items
20:24:25.669 [main] DEBUG org.hibernate.loader.plan.build.internal.spaces.QuerySpacesImpl - Adding QuerySpace : uid = <gen:1> -> org.hibernate.loader.plan.build.internal.spaces.CollectionQuerySpaceImpl@7aa63f50]
20:24:25.669 [main] DEBUG org.hibernate.loader.plan.build.internal.spaces.QuerySpacesImpl - Adding QuerySpace : uid = <gen:2> -> org.hibernate.loader.plan.build.internal.spaces.EntityQuerySpaceImpl@142918a0]
20:24:25.669 [main] DEBUG org.hibernate.persister.walking.spi.MetamodelGraphWalker - Visiting attribute path : level
20:24:25.669 [main] DEBUG org.hibernate.persister.walking.spi.MetamodelGraphWalker - Visiting attribute path : name
20:24:25.669 [main] DEBUG org.hibernate.loader.plan.build.internal.FetchStyleLoadPlanBuildingAssociationVisitationStrategy - Building LoadPlan...
20:24:25.669 [main] DEBUG org.hibernate.loader.plan.exec.internal.LoadQueryJoinAndFetchProcessor - processing queryspace <gen:0>
20:24:25.669 [main] DEBUG org.hibernate.loader.plan.build.spi.LoadPlanTreePrinter - LoadPlan(entity=tau.mmo.domain.Player)
    - Returns
       - EntityReturnImpl(entity=tau.mmo.domain.Player, querySpaceUid=<gen:0>, path=tau.mmo.domain.Player)
          - CollectionAttributeFetchImpl(collection=tau.mmo.domain.Player.items, querySpaceUid=<gen:1>, path=tau.mmo.domain.Player.items)
             - (collection element) CollectionFetchableElementEntityGraph(entity=tau.mmo.domain.Item, querySpaceUid=<gen:2>, path=tau.mmo.domain.Player.items.<elements>)
    - QuerySpaces
       - EntityQuerySpaceImpl(uid=<gen:0>, entity=tau.mmo.domain.Player)
          - SQL table alias mapping - player0_
          - alias suffix - 0_
          - suffixed key columns - {id1_1_0_}

20:24:25.669 [main] DEBUG org.hibernate.loader.entity.plan.EntityLoader - Static select for entity tau.mmo.domain.Player [UPGRADE_NOWAIT]: select player0_.id as id1_1_0_, player0_.heroclass as heroclas2_1_0_, player0_.level as level3_1_0_, player0_.name as name4_1_0_ from player player0_ where player0_.id=? for update
20:24:25.669 [main] DEBUG org.hibernate.loader.plan.build.internal.spaces.QuerySpacesImpl - Adding QuerySpace : uid = <gen:0> -> org.hibernate.loader.plan.build.internal.spaces.EntityQuerySpaceImpl@745cf754]
20:24:25.670 [main] DEBUG org.hibernate.persister.walking.spi.MetamodelGraphWalker - Visiting attribute path : heroclass
20:24:25.670 [main] DEBUG org.hibernate.persister.walking.spi.MetamodelGraphWalker - Visiting attribute path : items
20:24:25.670 [main] DEBUG org.hibernate.loader.plan.build.internal.spaces.QuerySpacesImpl - Adding QuerySpace : uid = <gen:1> -> org.hibernate.loader.plan.build.internal.spaces.CollectionQuerySpaceImpl@6eab92f3]
20:24:25.670 [main] DEBUG org.hibernate.loader.plan.build.internal.spaces.QuerySpacesImpl - Adding QuerySpace : uid = <gen:2> -> org.hibernate.loader.plan.build.internal.spaces.EntityQuerySpaceImpl@321b7b9e]
20:24:25.670 [main] DEBUG org.hibernate.persister.walking.spi.MetamodelGraphWalker - Visiting attribute path : level
20:24:25.670 [main] DEBUG org.hibernate.persister.walking.spi.MetamodelGraphWalker - Visiting attribute path : name
20:24:25.670 [main] DEBUG org.hibernate.loader.plan.build.internal.FetchStyleLoadPlanBuildingAssociationVisitationStrategy - Building LoadPlan...
20:24:25.670 [main] DEBUG org.hibernate.loader.plan.exec.internal.LoadQueryJoinAndFetchProcessor - processing queryspace <gen:0>
20:24:25.670 [main] DEBUG org.hibernate.loader.plan.build.spi.LoadPlanTreePrinter - LoadPlan(entity=tau.mmo.domain.Player)
    - Returns
       - EntityReturnImpl(entity=tau.mmo.domain.Player, querySpaceUid=<gen:0>, path=tau.mmo.domain.Player)
          - CollectionAttributeFetchImpl(collection=tau.mmo.domain.Player.items, querySpaceUid=<gen:1>, path=tau.mmo.domain.Player.items)
             - (collection element) CollectionFetchableElementEntityGraph(entity=tau.mmo.domain.Item, querySpaceUid=<gen:2>, path=tau.mmo.domain.Player.items.<elements>)
    - QuerySpaces
       - EntityQuerySpaceImpl(uid=<gen:0>, entity=tau.mmo.domain.Player)
          - SQL table alias mapping - player0_
          - alias suffix - 0_
          - suffixed key columns - {id1_1_0_}

20:24:25.670 [main] DEBUG org.hibernate.loader.entity.plan.EntityLoader - Static select for entity tau.mmo.domain.Player [UPGRADE_SKIPLOCKED]: select player0_.id as id1_1_0_, player0_.heroclass as heroclas2_1_0_, player0_.level as level3_1_0_, player0_.name as name4_1_0_ from player player0_ where player0_.id=? for update
20:24:25.670 [main] DEBUG org.hibernate.loader.plan.build.internal.spaces.QuerySpacesImpl - Adding QuerySpace : uid = <gen:0> -> org.hibernate.loader.plan.build.internal.spaces.EntityQuerySpaceImpl@21eedcde]
20:24:25.670 [main] DEBUG org.hibernate.persister.walking.spi.MetamodelGraphWalker - Visiting attribute path : heroclass
20:24:25.670 [main] DEBUG org.hibernate.persister.walking.spi.MetamodelGraphWalker - Visiting attribute path : items
20:24:25.670 [main] DEBUG org.hibernate.loader.plan.build.internal.spaces.QuerySpacesImpl - Adding QuerySpace : uid = <gen:1> -> org.hibernate.loader.plan.build.internal.spaces.CollectionQuerySpaceImpl@55b74e6b]
20:24:25.670 [main] DEBUG org.hibernate.loader.plan.build.internal.spaces.QuerySpacesImpl - Adding QuerySpace : uid = <gen:2> -> org.hibernate.loader.plan.build.internal.spaces.EntityQuerySpaceImpl@3c1908c8]
20:24:25.670 [main] DEBUG org.hibernate.persister.walking.spi.MetamodelGraphWalker - Visiting attribute path : level
20:24:25.670 [main] DEBUG org.hibernate.persister.walking.spi.MetamodelGraphWalker - Visiting attribute path : name
20:24:25.670 [main] DEBUG org.hibernate.loader.plan.build.internal.FetchStyleLoadPlanBuildingAssociationVisitationStrategy - Building LoadPlan...
20:24:25.670 [main] DEBUG org.hibernate.loader.plan.exec.internal.LoadQueryJoinAndFetchProcessor - processing queryspace <gen:0>
20:24:25.670 [main] DEBUG org.hibernate.loader.plan.build.spi.LoadPlanTreePrinter - LoadPlan(entity=tau.mmo.domain.Player)
    - Returns
       - EntityReturnImpl(entity=tau.mmo.domain.Player, querySpaceUid=<gen:0>, path=tau.mmo.domain.Player)
          - CollectionAttributeFetchImpl(collection=tau.mmo.domain.Player.items, querySpaceUid=<gen:1>, path=tau.mmo.domain.Player.items)
             - (collection element) CollectionFetchableElementEntityGraph(entity=tau.mmo.domain.Item, querySpaceUid=<gen:2>, path=tau.mmo.domain.Player.items.<elements>)
    - QuerySpaces
       - EntityQuerySpaceImpl(uid=<gen:0>, entity=tau.mmo.domain.Player)
          - SQL table alias mapping - player0_
          - alias suffix - 0_
          - suffixed key columns - {id1_1_0_}

20:24:25.670 [main] DEBUG org.hibernate.loader.entity.plan.EntityLoader - Static select for entity tau.mmo.domain.Player [FORCE]: select player0_.id as id1_1_0_, player0_.heroclass as heroclas2_1_0_, player0_.level as level3_1_0_, player0_.name as name4_1_0_ from player player0_ where player0_.id=? for update
20:24:25.670 [main] DEBUG org.hibernate.loader.plan.build.internal.spaces.QuerySpacesImpl - Adding QuerySpace : uid = <gen:0> -> org.hibernate.loader.plan.build.internal.spaces.EntityQuerySpaceImpl@6bc62bb9]
20:24:25.670 [main] DEBUG org.hibernate.persister.walking.spi.MetamodelGraphWalker - Visiting attribute path : heroclass
20:24:25.670 [main] DEBUG org.hibernate.persister.walking.spi.MetamodelGraphWalker - Visiting attribute path : items
20:24:25.670 [main] DEBUG org.hibernate.loader.plan.build.internal.spaces.QuerySpacesImpl - Adding QuerySpace : uid = <gen:1> -> org.hibernate.loader.plan.build.internal.spaces.CollectionQuerySpaceImpl@28db2afb]
20:24:25.670 [main] DEBUG org.hibernate.loader.plan.build.internal.spaces.QuerySpacesImpl - Adding QuerySpace : uid = <gen:2> -> org.hibernate.loader.plan.build.internal.spaces.EntityQuerySpaceImpl@5c703860]
20:24:25.670 [main] DEBUG org.hibernate.persister.walking.spi.MetamodelGraphWalker - Visiting attribute path : level
20:24:25.670 [main] DEBUG org.hibernate.persister.walking.spi.MetamodelGraphWalker - Visiting attribute path : name
20:24:25.670 [main] DEBUG org.hibernate.loader.plan.build.internal.FetchStyleLoadPlanBuildingAssociationVisitationStrategy - Building LoadPlan...
20:24:25.670 [main] DEBUG org.hibernate.loader.plan.exec.internal.LoadQueryJoinAndFetchProcessor - processing queryspace <gen:0>
20:24:25.670 [main] DEBUG org.hibernate.loader.plan.build.spi.LoadPlanTreePrinter - LoadPlan(entity=tau.mmo.domain.Player)
    - Returns
       - EntityReturnImpl(entity=tau.mmo.domain.Player, querySpaceUid=<gen:0>, path=tau.mmo.domain.Player)
          - CollectionAttributeFetchImpl(collection=tau.mmo.domain.Player.items, querySpaceUid=<gen:1>, path=tau.mmo.domain.Player.items)
             - (collection element) CollectionFetchableElementEntityGraph(entity=tau.mmo.domain.Item, querySpaceUid=<gen:2>, path=tau.mmo.domain.Player.items.<elements>)
    - QuerySpaces
       - EntityQuerySpaceImpl(uid=<gen:0>, entity=tau.mmo.domain.Player)
          - SQL table alias mapping - player0_
          - alias suffix - 0_
          - suffixed key columns - {id1_1_0_}

20:24:25.670 [main] DEBUG org.hibernate.loader.entity.plan.EntityLoader - Static select for entity tau.mmo.domain.Player [PESSIMISTIC_READ]: select player0_.id as id1_1_0_, player0_.heroclass as heroclas2_1_0_, player0_.level as level3_1_0_, player0_.name as name4_1_0_ from player player0_ where player0_.id=? for update
20:24:25.671 [main] DEBUG org.hibernate.loader.plan.build.internal.spaces.QuerySpacesImpl - Adding QuerySpace : uid = <gen:0> -> org.hibernate.loader.plan.build.internal.spaces.EntityQuerySpaceImpl@6315bb4]
20:24:25.671 [main] DEBUG org.hibernate.persister.walking.spi.MetamodelGraphWalker - Visiting attribute path : heroclass
20:24:25.671 [main] DEBUG org.hibernate.persister.walking.spi.MetamodelGraphWalker - Visiting attribute path : items
20:24:25.671 [main] DEBUG org.hibernate.loader.plan.build.internal.spaces.QuerySpacesImpl - Adding QuerySpace : uid = <gen:1> -> org.hibernate.loader.plan.build.internal.spaces.CollectionQuerySpaceImpl@37fffef3]
20:24:25.671 [main] DEBUG org.hibernate.loader.plan.build.internal.spaces.QuerySpacesImpl - Adding QuerySpace : uid = <gen:2> -> org.hibernate.loader.plan.build.internal.spaces.EntityQuerySpaceImpl@6a116354]
20:24:25.671 [main] DEBUG org.hibernate.persister.walking.spi.MetamodelGraphWalker - Visiting attribute path : level
20:24:25.671 [main] DEBUG org.hibernate.persister.walking.spi.MetamodelGraphWalker - Visiting attribute path : name
20:24:25.671 [main] DEBUG org.hibernate.loader.plan.build.internal.FetchStyleLoadPlanBuildingAssociationVisitationStrategy - Building LoadPlan...
20:24:25.671 [main] DEBUG org.hibernate.loader.plan.exec.internal.LoadQueryJoinAndFetchProcessor - processing queryspace <gen:0>
20:24:25.671 [main] DEBUG org.hibernate.loader.plan.build.spi.LoadPlanTreePrinter - LoadPlan(entity=tau.mmo.domain.Player)
    - Returns
       - EntityReturnImpl(entity=tau.mmo.domain.Player, querySpaceUid=<gen:0>, path=tau.mmo.domain.Player)
          - CollectionAttributeFetchImpl(collection=tau.mmo.domain.Player.items, querySpaceUid=<gen:1>, path=tau.mmo.domain.Player.items)
             - (collection element) CollectionFetchableElementEntityGraph(entity=tau.mmo.domain.Item, querySpaceUid=<gen:2>, path=tau.mmo.domain.Player.items.<elements>)
    - QuerySpaces
       - EntityQuerySpaceImpl(uid=<gen:0>, entity=tau.mmo.domain.Player)
          - SQL table alias mapping - player0_
          - alias suffix - 0_
          - suffixed key columns - {id1_1_0_}

20:24:25.671 [main] DEBUG org.hibernate.loader.entity.plan.EntityLoader - Static select for entity tau.mmo.domain.Player [PESSIMISTIC_WRITE]: select player0_.id as id1_1_0_, player0_.heroclass as heroclas2_1_0_, player0_.level as level3_1_0_, player0_.name as name4_1_0_ from player player0_ where player0_.id=? for update
20:24:25.671 [main] DEBUG org.hibernate.loader.plan.build.internal.spaces.QuerySpacesImpl - Adding QuerySpace : uid = <gen:0> -> org.hibernate.loader.plan.build.internal.spaces.EntityQuerySpaceImpl@66716959]
20:24:25.671 [main] DEBUG org.hibernate.persister.walking.spi.MetamodelGraphWalker - Visiting attribute path : heroclass
20:24:25.671 [main] DEBUG org.hibernate.persister.walking.spi.MetamodelGraphWalker - Visiting attribute path : items
20:24:25.671 [main] DEBUG org.hibernate.loader.plan.build.internal.spaces.QuerySpacesImpl - Adding QuerySpace : uid = <gen:1> -> org.hibernate.loader.plan.build.internal.spaces.CollectionQuerySpaceImpl@7ca0166c]
20:24:25.671 [main] DEBUG org.hibernate.loader.plan.build.internal.spaces.QuerySpacesImpl - Adding QuerySpace : uid = <gen:2> -> org.hibernate.loader.plan.build.internal.spaces.EntityQuerySpaceImpl@1dcad16f]
20:24:25.671 [main] DEBUG org.hibernate.persister.walking.spi.MetamodelGraphWalker - Visiting attribute path : level
20:24:25.671 [main] DEBUG org.hibernate.persister.walking.spi.MetamodelGraphWalker - Visiting attribute path : name
20:24:25.671 [main] DEBUG org.hibernate.loader.plan.build.internal.FetchStyleLoadPlanBuildingAssociationVisitationStrategy - Building LoadPlan...
20:24:25.671 [main] DEBUG org.hibernate.loader.plan.exec.internal.LoadQueryJoinAndFetchProcessor - processing queryspace <gen:0>
20:24:25.671 [main] DEBUG org.hibernate.loader.plan.build.spi.LoadPlanTreePrinter - LoadPlan(entity=tau.mmo.domain.Player)
    - Returns
       - EntityReturnImpl(entity=tau.mmo.domain.Player, querySpaceUid=<gen:0>, path=tau.mmo.domain.Player)
          - CollectionAttributeFetchImpl(collection=tau.mmo.domain.Player.items, querySpaceUid=<gen:1>, path=tau.mmo.domain.Player.items)
             - (collection element) CollectionFetchableElementEntityGraph(entity=tau.mmo.domain.Item, querySpaceUid=<gen:2>, path=tau.mmo.domain.Player.items.<elements>)
    - QuerySpaces
       - EntityQuerySpaceImpl(uid=<gen:0>, entity=tau.mmo.domain.Player)
          - SQL table alias mapping - player0_
          - alias suffix - 0_
          - suffixed key columns - {id1_1_0_}

20:24:25.671 [main] DEBUG org.hibernate.loader.entity.plan.EntityLoader - Static select for entity tau.mmo.domain.Player [PESSIMISTIC_FORCE_INCREMENT]: select player0_.id as id1_1_0_, player0_.heroclass as heroclas2_1_0_, player0_.level as level3_1_0_, player0_.name as name4_1_0_ from player player0_ where player0_.id=? for update
20:24:25.671 [main] DEBUG org.hibernate.loader.plan.build.internal.spaces.QuerySpacesImpl - Adding QuerySpace : uid = <gen:0> -> org.hibernate.loader.plan.build.internal.spaces.EntityQuerySpaceImpl@701c482e]
20:24:25.671 [main] DEBUG org.hibernate.persister.walking.spi.MetamodelGraphWalker - Visiting attribute path : heroclass
20:24:25.671 [main] DEBUG org.hibernate.persister.walking.spi.MetamodelGraphWalker - Visiting attribute path : items
20:24:25.671 [main] DEBUG org.hibernate.loader.plan.build.internal.spaces.QuerySpacesImpl - Adding QuerySpace : uid = <gen:1> -> org.hibernate.loader.plan.build.internal.spaces.CollectionQuerySpaceImpl@3b576ee3]
20:24:25.671 [main] DEBUG org.hibernate.loader.plan.build.internal.spaces.QuerySpacesImpl - Adding QuerySpace : uid = <gen:2> -> org.hibernate.loader.plan.build.internal.spaces.EntityQuerySpaceImpl@705d914f]
20:24:25.671 [main] DEBUG org.hibernate.persister.walking.spi.MetamodelGraphWalker - Visiting attribute path : level
20:24:25.671 [main] DEBUG org.hibernate.persister.walking.spi.MetamodelGraphWalker - Visiting attribute path : name
20:24:25.671 [main] DEBUG org.hibernate.loader.plan.build.internal.FetchStyleLoadPlanBuildingAssociationVisitationStrategy - Building LoadPlan...
20:24:25.671 [main] DEBUG org.hibernate.loader.plan.exec.internal.LoadQueryJoinAndFetchProcessor - processing queryspace <gen:0>
20:24:25.671 [main] DEBUG org.hibernate.loader.plan.build.spi.LoadPlanTreePrinter - LoadPlan(entity=tau.mmo.domain.Player)
    - Returns
       - EntityReturnImpl(entity=tau.mmo.domain.Player, querySpaceUid=<gen:0>, path=tau.mmo.domain.Player)
          - CollectionAttributeFetchImpl(collection=tau.mmo.domain.Player.items, querySpaceUid=<gen:1>, path=tau.mmo.domain.Player.items)
             - (collection element) CollectionFetchableElementEntityGraph(entity=tau.mmo.domain.Item, querySpaceUid=<gen:2>, path=tau.mmo.domain.Player.items.<elements>)
    - QuerySpaces
       - EntityQuerySpaceImpl(uid=<gen:0>, entity=tau.mmo.domain.Player)
          - SQL table alias mapping - player0_
          - alias suffix - 0_
          - suffixed key columns - {id1_1_0_}

20:24:25.671 [main] DEBUG org.hibernate.loader.entity.plan.EntityLoader - Static select for entity tau.mmo.domain.Player [OPTIMISTIC]: select player0_.id as id1_1_0_, player0_.heroclass as heroclas2_1_0_, player0_.level as level3_1_0_, player0_.name as name4_1_0_ from player player0_ where player0_.id=?
20:24:25.672 [main] DEBUG org.hibernate.loader.plan.build.internal.spaces.QuerySpacesImpl - Adding QuerySpace : uid = <gen:0> -> org.hibernate.loader.plan.build.internal.spaces.EntityQuerySpaceImpl@6212ea52]
20:24:25.672 [main] DEBUG org.hibernate.persister.walking.spi.MetamodelGraphWalker - Visiting attribute path : heroclass
20:24:25.672 [main] DEBUG org.hibernate.persister.walking.spi.MetamodelGraphWalker - Visiting attribute path : items
20:24:25.672 [main] DEBUG org.hibernate.loader.plan.build.internal.spaces.QuerySpacesImpl - Adding QuerySpace : uid = <gen:1> -> org.hibernate.loader.plan.build.internal.spaces.CollectionQuerySpaceImpl@6595ffce]
20:24:25.672 [main] DEBUG org.hibernate.loader.plan.build.internal.spaces.QuerySpacesImpl - Adding QuerySpace : uid = <gen:2> -> org.hibernate.loader.plan.build.internal.spaces.EntityQuerySpaceImpl@795eddda]
20:24:25.672 [main] DEBUG org.hibernate.persister.walking.spi.MetamodelGraphWalker - Visiting attribute path : level
20:24:25.672 [main] DEBUG org.hibernate.persister.walking.spi.MetamodelGraphWalker - Visiting attribute path : name
20:24:25.672 [main] DEBUG org.hibernate.loader.plan.build.internal.FetchStyleLoadPlanBuildingAssociationVisitationStrategy - Building LoadPlan...
20:24:25.672 [main] DEBUG org.hibernate.loader.plan.exec.internal.LoadQueryJoinAndFetchProcessor - processing queryspace <gen:0>
20:24:25.672 [main] DEBUG org.hibernate.loader.plan.build.spi.LoadPlanTreePrinter - LoadPlan(entity=tau.mmo.domain.Player)
    - Returns
       - EntityReturnImpl(entity=tau.mmo.domain.Player, querySpaceUid=<gen:0>, path=tau.mmo.domain.Player)
          - CollectionAttributeFetchImpl(collection=tau.mmo.domain.Player.items, querySpaceUid=<gen:1>, path=tau.mmo.domain.Player.items)
             - (collection element) CollectionFetchableElementEntityGraph(entity=tau.mmo.domain.Item, querySpaceUid=<gen:2>, path=tau.mmo.domain.Player.items.<elements>)
    - QuerySpaces
       - EntityQuerySpaceImpl(uid=<gen:0>, entity=tau.mmo.domain.Player)
          - SQL table alias mapping - player0_
          - alias suffix - 0_
          - suffixed key columns - {id1_1_0_}

20:24:25.672 [main] DEBUG org.hibernate.loader.entity.plan.EntityLoader - Static select for entity tau.mmo.domain.Player [OPTIMISTIC_FORCE_INCREMENT]: select player0_.id as id1_1_0_, player0_.heroclass as heroclas2_1_0_, player0_.level as level3_1_0_, player0_.name as name4_1_0_ from player player0_ where player0_.id=?
20:24:25.672 [main] DEBUG org.hibernate.loader.Loader - Static select for action ACTION_MERGE on entity tau.mmo.domain.Player: select player0_.id as id1_1_0_, player0_.heroclass as heroclas2_1_0_, player0_.level as level3_1_0_, player0_.name as name4_1_0_ from player player0_ where player0_.id=?
20:24:25.672 [main] DEBUG org.hibernate.loader.Loader - Static select for action ACTION_REFRESH on entity tau.mmo.domain.Player: select player0_.id as id1_1_0_, player0_.heroclass as heroclas2_1_0_, player0_.level as level3_1_0_, player0_.name as name4_1_0_ from player player0_ where player0_.id=?
20:24:25.672 [main] DEBUG org.hibernate.loader.plan.build.internal.spaces.QuerySpacesImpl - Adding QuerySpace : uid = <gen:0> -> org.hibernate.loader.plan.build.internal.spaces.CollectionQuerySpaceImpl@c6bf8d9]
20:24:25.672 [main] DEBUG org.hibernate.loader.plan.build.internal.spaces.QuerySpacesImpl - Adding QuerySpace : uid = <gen:1> -> org.hibernate.loader.plan.build.internal.spaces.EntityQuerySpaceImpl@44392e64]
20:24:25.672 [main] DEBUG org.hibernate.persister.walking.spi.MetamodelGraphWalker - Visiting attribute path : itemclass
20:24:25.672 [main] DEBUG org.hibernate.persister.walking.spi.MetamodelGraphWalker - Visiting attribute path : levelreq
20:24:25.672 [main] DEBUG org.hibernate.persister.walking.spi.MetamodelGraphWalker - Visiting attribute path : name
20:24:25.672 [main] DEBUG org.hibernate.persister.walking.spi.MetamodelGraphWalker - Visiting attribute path : player
20:24:25.672 [main] DEBUG org.hibernate.persister.walking.spi.MetamodelGraphWalker - Property path deemed to be circular : player
20:24:25.672 [main] DEBUG org.hibernate.loader.plan.build.internal.FetchStyleLoadPlanBuildingAssociationVisitationStrategy - Building LoadPlan...
20:24:25.672 [main] DEBUG org.hibernate.loader.plan.exec.internal.LoadQueryJoinAndFetchProcessor - processing queryspace <gen:0>
20:24:25.672 [main] DEBUG org.hibernate.loader.plan.build.spi.LoadPlanTreePrinter - LoadPlan(collection=tau.mmo.domain.Player.items)
    - Returns
       - CollectionReturnImpl(collection=tau.mmo.domain.Player.items, querySpaceUid=<gen:0>, path=[tau.mmo.domain.Player.items])
          - (collection element) CollectionFetchableElementEntityGraph(entity=tau.mmo.domain.Item, querySpaceUid=<gen:1>, path=[tau.mmo.domain.Player.items].<elements>)
    - QuerySpaces
       - CollectionQuerySpaceImpl(uid=<gen:0>, collection=tau.mmo.domain.Player.items)
          - SQL table alias mapping - items0_
          - alias suffix - 0_
          - suffixed key columns - {player_i5_0_0_}
          - entity-element alias suffix - 1_
          - 1_entity-element suffixed key columns - id1_0_1_
          - JOIN (JoinDefinedByMetadata(elements)) : <gen:0> -> <gen:1>
             - EntityQuerySpaceImpl(uid=<gen:1>, entity=tau.mmo.domain.Item)
                - SQL table alias mapping - items0_
                - alias suffix - 1_
                - suffixed key columns - {id1_0_1_}

20:24:25.672 [main] DEBUG org.hibernate.loader.collection.plan.CollectionLoader - Static select for collection tau.mmo.domain.Player.items: select items0_.player_id as player_i5_0_0_, items0_.id as id1_0_0_, items0_.id as id1_0_1_, items0_.itemclass as itemclas2_0_1_, items0_.levelreq as levelreq3_0_1_, items0_.name as name4_0_1_, items0_.player_id as player_i5_0_1_ from item items0_ where items0_.player_id=?
20:24:25.672 [main] DEBUG org.hibernate.internal.SessionFactoryImpl - Instantiated session factory
20:24:25.672 [main] DEBUG org.springframework.jdbc.datasource.DriverManagerDataSource - Creating new JDBC DriverManager Connection to [jdbc:hsqldb:hsql://localhost/workdb]
20:24:25.673 [main] DEBUG org.hibernate.engine.jdbc.spi.SqlExceptionHelper - Unable to open JDBC Connection for DDL execution [n/a]
java.sql.SQLTransientConnectionException: java.net.ConnectException: Połączenie odrzucone (Connection refused)
	at org.hsqldb.jdbc.JDBCUtil.sqlException(Unknown Source)
	at org.hsqldb.jdbc.JDBCUtil.sqlException(Unknown Source)
	at org.hsqldb.jdbc.JDBCConnection.<init>(Unknown Source)
	at org.hsqldb.jdbc.JDBCDriver.getConnection(Unknown Source)
	at org.hsqldb.jdbc.JDBCDriver.connect(Unknown Source)
	at java.sql/java.sql.DriverManager.getConnection(DriverManager.java:677)
	at java.sql/java.sql.DriverManager.getConnection(DriverManager.java:189)
	at org.springframework.jdbc.datasource.DriverManagerDataSource.getConnectionFromDriverManager(DriverManagerDataSource.java:154)
	at org.springframework.jdbc.datasource.DriverManagerDataSource.getConnectionFromDriver(DriverManagerDataSource.java:145)
	at org.springframework.jdbc.datasource.AbstractDriverBasedDataSource.getConnectionFromDriver(AbstractDriverBasedDataSource.java:205)
	at org.springframework.jdbc.datasource.AbstractDriverBasedDataSource.getConnection(AbstractDriverBasedDataSource.java:169)
	at org.hibernate.engine.jdbc.connections.internal.DatasourceConnectionProviderImpl.getConnection(DatasourceConnectionProviderImpl.java:122)
	at org.hibernate.engine.jdbc.env.internal.JdbcEnvironmentInitiator$ConnectionProviderJdbcConnectionAccess.obtainConnection(JdbcEnvironmentInitiator.java:180)
	at org.hibernate.resource.transaction.backend.jdbc.internal.DdlTransactionIsolatorNonJtaImpl.getIsolatedConnection(DdlTransactionIsolatorNonJtaImpl.java:43)
	at org.hibernate.tool.schema.internal.exec.ImprovedExtractionContextImpl.getJdbcConnection(ImprovedExtractionContextImpl.java:60)
	at org.hibernate.tool.schema.extract.internal.SequenceInformationExtractorLegacyImpl.extractMetadata(SequenceInformationExtractorLegacyImpl.java:40)
	at org.hibernate.tool.schema.extract.internal.DatabaseInformationImpl.initializeSequences(DatabaseInformationImpl.java:65)
	at org.hibernate.tool.schema.extract.internal.DatabaseInformationImpl.<init>(DatabaseInformationImpl.java:59)
	at org.hibernate.tool.schema.internal.Helper.buildDatabaseInformation(Helper.java:130)
	at org.hibernate.tool.schema.internal.AbstractSchemaMigrator.doMigration(AbstractSchemaMigrator.java:92)
	at org.hibernate.tool.schema.spi.SchemaManagementToolCoordinator.performDatabaseAction(SchemaManagementToolCoordinator.java:176)
	at org.hibernate.tool.schema.spi.SchemaManagementToolCoordinator.process(SchemaManagementToolCoordinator.java:65)
	at org.hibernate.internal.SessionFactoryImpl.<init>(SessionFactoryImpl.java:459)
	at org.hibernate.boot.internal.SessionFactoryBuilderImpl.build(SessionFactoryBuilderImpl.java:465)
	at org.hibernate.cfg.Configuration.buildSessionFactory(Configuration.java:711)
	at org.hibernate.cfg.Configuration.buildSessionFactory(Configuration.java:727)
	at org.springframework.orm.hibernate5.LocalSessionFactoryBean.buildSessionFactory(LocalSessionFactoryBean.java:615)
	at org.springframework.orm.hibernate5.LocalSessionFactoryBean.afterPropertiesSet(LocalSessionFactoryBean.java:599)
	at org.springframework.beans.factory.support.AbstractAutowireCapableBeanFactory.invokeInitMethods(AbstractAutowireCapableBeanFactory.java:1837)
	at org.springframework.beans.factory.support.AbstractAutowireCapableBeanFactory.initializeBean(AbstractAutowireCapableBeanFactory.java:1774)
	at org.springframework.beans.factory.support.AbstractAutowireCapableBeanFactory.doCreateBean(AbstractAutowireCapableBeanFactory.java:593)
	at org.springframework.beans.factory.support.AbstractAutowireCapableBeanFactory.createBean(AbstractAutowireCapableBeanFactory.java:515)
	at org.springframework.beans.factory.support.AbstractBeanFactory.lambda$doGetBean$0(AbstractBeanFactory.java:320)
	at org.springframework.beans.factory.support.DefaultSingletonBeanRegistry.getSingleton(DefaultSingletonBeanRegistry.java:222)
	at org.springframework.beans.factory.support.AbstractBeanFactory.doGetBean(AbstractBeanFactory.java:318)
	at org.springframework.beans.factory.support.AbstractBeanFactory.getBean(AbstractBeanFactory.java:199)
	at org.springframework.beans.factory.config.DependencyDescriptor.resolveCandidate(DependencyDescriptor.java:277)
	at org.springframework.beans.factory.support.DefaultListableBeanFactory.doResolveDependency(DefaultListableBeanFactory.java:1247)
	at org.springframework.beans.factory.support.DefaultListableBeanFactory.resolveDependency(DefaultListableBeanFactory.java:1167)
	at org.springframework.beans.factory.annotation.AutowiredAnnotationBeanPostProcessor$AutowiredFieldElement.inject(AutowiredAnnotationBeanPostProcessor.java:593)
	at org.springframework.beans.factory.annotation.InjectionMetadata.inject(InjectionMetadata.java:90)
	at org.springframework.beans.factory.annotation.AutowiredAnnotationBeanPostProcessor.postProcessProperties(AutowiredAnnotationBeanPostProcessor.java:374)
	at org.springframework.beans.factory.support.AbstractAutowireCapableBeanFactory.populateBean(AbstractAutowireCapableBeanFactory.java:1411)
	at org.springframework.beans.factory.support.AbstractAutowireCapableBeanFactory.doCreateBean(AbstractAutowireCapableBeanFactory.java:592)
	at org.springframework.beans.factory.support.AbstractAutowireCapableBeanFactory.createBean(AbstractAutowireCapableBeanFactory.java:515)
	at org.springframework.beans.factory.support.AbstractBeanFactory.lambda$doGetBean$0(AbstractBeanFactory.java:320)
	at org.springframework.beans.factory.support.DefaultSingletonBeanRegistry.getSingleton(DefaultSingletonBeanRegistry.java:222)
	at org.springframework.beans.factory.support.AbstractBeanFactory.doGetBean(AbstractBeanFactory.java:318)
	at org.springframework.beans.factory.support.AbstractBeanFactory.getBean(AbstractBeanFactory.java:199)
	at org.springframework.beans.factory.config.DependencyDescriptor.resolveCandidate(DependencyDescriptor.java:277)
	at org.springframework.beans.factory.support.DefaultListableBeanFactory.doResolveDependency(DefaultListableBeanFactory.java:1247)
	at org.springframework.beans.factory.support.DefaultListableBeanFactory.resolveDependency(DefaultListableBeanFactory.java:1167)
	at org.springframework.beans.factory.annotation.AutowiredAnnotationBeanPostProcessor$AutowiredFieldElement.inject(AutowiredAnnotationBeanPostProcessor.java:593)
	at org.springframework.beans.factory.annotation.InjectionMetadata.inject(InjectionMetadata.java:90)
	at org.springframework.beans.factory.annotation.AutowiredAnnotationBeanPostProcessor.postProcessProperties(AutowiredAnnotationBeanPostProcessor.java:374)
	at org.springframework.beans.factory.support.AbstractAutowireCapableBeanFactory.populateBean(AbstractAutowireCapableBeanFactory.java:1411)
	at org.springframework.beans.factory.support.AbstractAutowireCapableBeanFactory.doCreateBean(AbstractAutowireCapableBeanFactory.java:592)
	at org.springframework.beans.factory.support.AbstractAutowireCapableBeanFactory.createBean(AbstractAutowireCapableBeanFactory.java:515)
	at org.springframework.beans.factory.support.AbstractBeanFactory.lambda$doGetBean$0(AbstractBeanFactory.java:320)
	at org.springframework.beans.factory.support.DefaultSingletonBeanRegistry.getSingleton(DefaultSingletonBeanRegistry.java:222)
	at org.springframework.beans.factory.support.AbstractBeanFactory.doGetBean(AbstractBeanFactory.java:318)
	at org.springframework.beans.factory.support.AbstractBeanFactory.getBean(AbstractBeanFactory.java:199)
	at org.springframework.beans.factory.support.DefaultListableBeanFactory.preInstantiateSingletons(DefaultListableBeanFactory.java:849)
	at org.springframework.context.support.AbstractApplicationContext.finishBeanFactoryInitialization(AbstractApplicationContext.java:877)
	at org.springframework.context.support.AbstractApplicationContext.refresh(AbstractApplicationContext.java:549)
	at org.springframework.test.context.support.AbstractGenericContextLoader.loadContext(AbstractGenericContextLoader.java:128)
	at org.springframework.test.context.support.AbstractGenericContextLoader.loadContext(AbstractGenericContextLoader.java:60)
	at org.springframework.test.context.support.AbstractDelegatingSmartContextLoader.delegateLoading(AbstractDelegatingSmartContextLoader.java:275)
	at org.springframework.test.context.support.AbstractDelegatingSmartContextLoader.loadContext(AbstractDelegatingSmartContextLoader.java:243)
	at org.springframework.test.context.cache.DefaultCacheAwareContextLoaderDelegate.loadContextInternal(DefaultCacheAwareContextLoaderDelegate.java:99)
	at org.springframework.test.context.cache.DefaultCacheAwareContextLoaderDelegate.loadContext(DefaultCacheAwareContextLoaderDelegate.java:117)
	at org.springframework.test.context.support.DefaultTestContext.getApplicationContext(DefaultTestContext.java:108)
	at org.springframework.test.context.support.DependencyInjectionTestExecutionListener.injectDependencies(DependencyInjectionTestExecutionListener.java:118)
	at org.springframework.test.context.support.DependencyInjectionTestExecutionListener.prepareTestInstance(DependencyInjectionTestExecutionListener.java:83)
	at org.springframework.test.context.TestContextManager.prepareTestInstance(TestContextManager.java:246)
	at org.springframework.test.context.junit4.SpringJUnit4ClassRunner.createTest(SpringJUnit4ClassRunner.java:227)
	at org.springframework.test.context.junit4.SpringJUnit4ClassRunner$1.runReflectiveCall(SpringJUnit4ClassRunner.java:289)
	at org.junit.internal.runners.model.ReflectiveCallable.run(ReflectiveCallable.java:12)
	at org.springframework.test.context.junit4.SpringJUnit4ClassRunner.methodBlock(SpringJUnit4ClassRunner.java:291)
	at org.springframework.test.context.junit4.SpringJUnit4ClassRunner.runChild(SpringJUnit4ClassRunner.java:246)
	at org.springframework.test.context.junit4.SpringJUnit4ClassRunner.runChild(SpringJUnit4ClassRunner.java:97)
	at org.junit.runners.ParentRunner$3.run(ParentRunner.java:290)
	at org.junit.runners.ParentRunner$1.schedule(ParentRunner.java:71)
	at org.junit.runners.ParentRunner.runChildren(ParentRunner.java:288)
	at org.junit.runners.ParentRunner.access$000(ParentRunner.java:58)
	at org.junit.runners.ParentRunner$2.evaluate(ParentRunner.java:268)
	at org.springframework.test.context.junit4.statements.RunBeforeTestClassCallbacks.evaluate(RunBeforeTestClassCallbacks.java:61)
	at org.springframework.test.context.junit4.statements.RunAfterTestClassCallbacks.evaluate(RunAfterTestClassCallbacks.java:70)
	at org.junit.runners.ParentRunner.run(ParentRunner.java:363)
	at org.springframework.test.context.junit4.SpringJUnit4ClassRunner.run(SpringJUnit4ClassRunner.java:190)
	at org.apache.maven.surefire.junit4.JUnit4Provider.execute(JUnit4Provider.java:365)
	at org.apache.maven.surefire.junit4.JUnit4Provider.executeWithRerun(JUnit4Provider.java:273)
	at org.apache.maven.surefire.junit4.JUnit4Provider.executeTestSet(JUnit4Provider.java:238)
	at org.apache.maven.surefire.junit4.JUnit4Provider.invoke(JUnit4Provider.java:159)
	at org.apache.maven.surefire.booter.ForkedBooter.invokeProviderInSameClassLoader(ForkedBooter.java:384)
	at org.apache.maven.surefire.booter.ForkedBooter.runSuitesInProcess(ForkedBooter.java:345)
	at org.apache.maven.surefire.booter.ForkedBooter.execute(ForkedBooter.java:126)
	at org.apache.maven.surefire.booter.ForkedBooter.main(ForkedBooter.java:418)
Caused by: org.hsqldb.HsqlException: java.net.ConnectException: Połączenie odrzucone (Connection refused)
	at org.hsqldb.ClientConnection.openConnection(Unknown Source)
	at org.hsqldb.ClientConnection.initConnection(Unknown Source)
	at org.hsqldb.ClientConnection.<init>(Unknown Source)
	... 96 common frames omitted
Caused by: java.net.ConnectException: Połączenie odrzucone (Connection refused)
	at java.base/java.net.PlainSocketImpl.socketConnect(Native Method)
	at java.base/java.net.AbstractPlainSocketImpl.doConnect(AbstractPlainSocketImpl.java:399)
	at java.base/java.net.AbstractPlainSocketImpl.connectToAddress(AbstractPlainSocketImpl.java:242)
	at java.base/java.net.AbstractPlainSocketImpl.connect(AbstractPlainSocketImpl.java:224)
	at java.base/java.net.SocksSocketImpl.connect(SocksSocketImpl.java:403)
	at java.base/java.net.Socket.connect(Socket.java:591)
	at java.base/java.net.Socket.connect(Socket.java:540)
	at java.base/java.net.Socket.<init>(Socket.java:436)
	at java.base/java.net.Socket.<init>(Socket.java:213)
	at org.hsqldb.server.HsqlSocketFactory.createSocket(Unknown Source)
	... 99 common frames omitted
20:24:25.674 [main] WARN org.hibernate.engine.jdbc.spi.SqlExceptionHelper - SQL Error: -1301, SQLState: 08001
20:24:25.674 [main] ERROR org.hibernate.engine.jdbc.spi.SqlExceptionHelper - java.net.ConnectException: Połączenie odrzucone (Connection refused)
20:24:25.674 [main] WARN org.springframework.context.support.GenericApplicationContext - Exception encountered during context initialization - cancelling refresh attempt: org.springframework.beans.factory.UnsatisfiedDependencyException: Error creating bean with name 'playerController': Unsatisfied dependency expressed through field 'playerManager'; nested exception is org.springframework.beans.factory.UnsatisfiedDependencyException: Error creating bean with name 'playerManagerHibernateImpl': Unsatisfied dependency expressed through field 'sessionFactory'; nested exception is org.springframework.beans.factory.BeanCreationException: Error creating bean with name 'hibernateSessionFactory' defined in class path resource [beans.xml]: Invocation of init method failed; nested exception is org.hibernate.exception.JDBCConnectionException: Unable to open JDBC Connection for DDL execution
20:24:25.674 [main] ERROR org.springframework.test.context.TestContextManager - Caught exception while allowing TestExecutionListener [org.springframework.test.context.support.DependencyInjectionTestExecutionListener@6a400542] to prepare test instance [tau.mmo.service.PlayerManagerTest@54ca9420]
java.lang.IllegalStateException: Failed to load ApplicationContext
	at org.springframework.test.context.cache.DefaultCacheAwareContextLoaderDelegate.loadContext(DefaultCacheAwareContextLoaderDelegate.java:125)
	at org.springframework.test.context.support.DefaultTestContext.getApplicationContext(DefaultTestContext.java:108)
	at org.springframework.test.context.support.DependencyInjectionTestExecutionListener.injectDependencies(DependencyInjectionTestExecutionListener.java:118)
	at org.springframework.test.context.support.DependencyInjectionTestExecutionListener.prepareTestInstance(DependencyInjectionTestExecutionListener.java:83)
	at org.springframework.test.context.TestContextManager.prepareTestInstance(TestContextManager.java:246)
	at org.springframework.test.context.junit4.SpringJUnit4ClassRunner.createTest(SpringJUnit4ClassRunner.java:227)
	at org.springframework.test.context.junit4.SpringJUnit4ClassRunner$1.runReflectiveCall(SpringJUnit4ClassRunner.java:289)
	at org.junit.internal.runners.model.ReflectiveCallable.run(ReflectiveCallable.java:12)
	at org.springframework.test.context.junit4.SpringJUnit4ClassRunner.methodBlock(SpringJUnit4ClassRunner.java:291)
	at org.springframework.test.context.junit4.SpringJUnit4ClassRunner.runChild(SpringJUnit4ClassRunner.java:246)
	at org.springframework.test.context.junit4.SpringJUnit4ClassRunner.runChild(SpringJUnit4ClassRunner.java:97)
	at org.junit.runners.ParentRunner$3.run(ParentRunner.java:290)
	at org.junit.runners.ParentRunner$1.schedule(ParentRunner.java:71)
	at org.junit.runners.ParentRunner.runChildren(ParentRunner.java:288)
	at org.junit.runners.ParentRunner.access$000(ParentRunner.java:58)
	at org.junit.runners.ParentRunner$2.evaluate(ParentRunner.java:268)
	at org.springframework.test.context.junit4.statements.RunBeforeTestClassCallbacks.evaluate(RunBeforeTestClassCallbacks.java:61)
	at org.springframework.test.context.junit4.statements.RunAfterTestClassCallbacks.evaluate(RunAfterTestClassCallbacks.java:70)
	at org.junit.runners.ParentRunner.run(ParentRunner.java:363)
	at org.springframework.test.context.junit4.SpringJUnit4ClassRunner.run(SpringJUnit4ClassRunner.java:190)
	at org.apache.maven.surefire.junit4.JUnit4Provider.execute(JUnit4Provider.java:365)
	at org.apache.maven.surefire.junit4.JUnit4Provider.executeWithRerun(JUnit4Provider.java:273)
	at org.apache.maven.surefire.junit4.JUnit4Provider.executeTestSet(JUnit4Provider.java:238)
	at org.apache.maven.surefire.junit4.JUnit4Provider.invoke(JUnit4Provider.java:159)
	at org.apache.maven.surefire.booter.ForkedBooter.invokeProviderInSameClassLoader(ForkedBooter.java:384)
	at org.apache.maven.surefire.booter.ForkedBooter.runSuitesInProcess(ForkedBooter.java:345)
	at org.apache.maven.surefire.booter.ForkedBooter.execute(ForkedBooter.java:126)
	at org.apache.maven.surefire.booter.ForkedBooter.main(ForkedBooter.java:418)
Caused by: org.springframework.beans.factory.UnsatisfiedDependencyException: Error creating bean with name 'playerController': Unsatisfied dependency expressed through field 'playerManager'; nested exception is org.springframework.beans.factory.UnsatisfiedDependencyException: Error creating bean with name 'playerManagerHibernateImpl': Unsatisfied dependency expressed through field 'sessionFactory'; nested exception is org.springframework.beans.factory.BeanCreationException: Error creating bean with name 'hibernateSessionFactory' defined in class path resource [beans.xml]: Invocation of init method failed; nested exception is org.hibernate.exception.JDBCConnectionException: Unable to open JDBC Connection for DDL execution
	at org.springframework.beans.factory.annotation.AutowiredAnnotationBeanPostProcessor$AutowiredFieldElement.inject(AutowiredAnnotationBeanPostProcessor.java:596)
	at org.springframework.beans.factory.annotation.InjectionMetadata.inject(InjectionMetadata.java:90)
	at org.springframework.beans.factory.annotation.AutowiredAnnotationBeanPostProcessor.postProcessProperties(AutowiredAnnotationBeanPostProcessor.java:374)
	at org.springframework.beans.factory.support.AbstractAutowireCapableBeanFactory.populateBean(AbstractAutowireCapableBeanFactory.java:1411)
	at org.springframework.beans.factory.support.AbstractAutowireCapableBeanFactory.doCreateBean(AbstractAutowireCapableBeanFactory.java:592)
	at org.springframework.beans.factory.support.AbstractAutowireCapableBeanFactory.createBean(AbstractAutowireCapableBeanFactory.java:515)
	at org.springframework.beans.factory.support.AbstractBeanFactory.lambda$doGetBean$0(AbstractBeanFactory.java:320)
	at org.springframework.beans.factory.support.DefaultSingletonBeanRegistry.getSingleton(DefaultSingletonBeanRegistry.java:222)
	at org.springframework.beans.factory.support.AbstractBeanFactory.doGetBean(AbstractBeanFactory.java:318)
	at org.springframework.beans.factory.support.AbstractBeanFactory.getBean(AbstractBeanFactory.java:199)
	at org.springframework.beans.factory.support.DefaultListableBeanFactory.preInstantiateSingletons(DefaultListableBeanFactory.java:849)
	at org.springframework.context.support.AbstractApplicationContext.finishBeanFactoryInitialization(AbstractApplicationContext.java:877)
	at org.springframework.context.support.AbstractApplicationContext.refresh(AbstractApplicationContext.java:549)
	at org.springframework.test.context.support.AbstractGenericContextLoader.loadContext(AbstractGenericContextLoader.java:128)
	at org.springframework.test.context.support.AbstractGenericContextLoader.loadContext(AbstractGenericContextLoader.java:60)
	at org.springframework.test.context.support.AbstractDelegatingSmartContextLoader.delegateLoading(AbstractDelegatingSmartContextLoader.java:275)
	at org.springframework.test.context.support.AbstractDelegatingSmartContextLoader.loadContext(AbstractDelegatingSmartContextLoader.java:243)
	at org.springframework.test.context.cache.DefaultCacheAwareContextLoaderDelegate.loadContextInternal(DefaultCacheAwareContextLoaderDelegate.java:99)
	at org.springframework.test.context.cache.DefaultCacheAwareContextLoaderDelegate.loadContext(DefaultCacheAwareContextLoaderDelegate.java:117)
	... 27 common frames omitted
Caused by: org.springframework.beans.factory.UnsatisfiedDependencyException: Error creating bean with name 'playerManagerHibernateImpl': Unsatisfied dependency expressed through field 'sessionFactory'; nested exception is org.springframework.beans.factory.BeanCreationException: Error creating bean with name 'hibernateSessionFactory' defined in class path resource [beans.xml]: Invocation of init method failed; nested exception is org.hibernate.exception.JDBCConnectionException: Unable to open JDBC Connection for DDL execution
	at org.springframework.beans.factory.annotation.AutowiredAnnotationBeanPostProcessor$AutowiredFieldElement.inject(AutowiredAnnotationBeanPostProcessor.java:596)
	at org.springframework.beans.factory.annotation.InjectionMetadata.inject(InjectionMetadata.java:90)
	at org.springframework.beans.factory.annotation.AutowiredAnnotationBeanPostProcessor.postProcessProperties(AutowiredAnnotationBeanPostProcessor.java:374)
	at org.springframework.beans.factory.support.AbstractAutowireCapableBeanFactory.populateBean(AbstractAutowireCapableBeanFactory.java:1411)
	at org.springframework.beans.factory.support.AbstractAutowireCapableBeanFactory.doCreateBean(AbstractAutowireCapableBeanFactory.java:592)
	at org.springframework.beans.factory.support.AbstractAutowireCapableBeanFactory.createBean(AbstractAutowireCapableBeanFactory.java:515)
	at org.springframework.beans.factory.support.AbstractBeanFactory.lambda$doGetBean$0(AbstractBeanFactory.java:320)
	at org.springframework.beans.factory.support.DefaultSingletonBeanRegistry.getSingleton(DefaultSingletonBeanRegistry.java:222)
	at org.springframework.beans.factory.support.AbstractBeanFactory.doGetBean(AbstractBeanFactory.java:318)
	at org.springframework.beans.factory.support.AbstractBeanFactory.getBean(AbstractBeanFactory.java:199)
	at org.springframework.beans.factory.config.DependencyDescriptor.resolveCandidate(DependencyDescriptor.java:277)
	at org.springframework.beans.factory.support.DefaultListableBeanFactory.doResolveDependency(DefaultListableBeanFactory.java:1247)
	at org.springframework.beans.factory.support.DefaultListableBeanFactory.resolveDependency(DefaultListableBeanFactory.java:1167)
	at org.springframework.beans.factory.annotation.AutowiredAnnotationBeanPostProcessor$AutowiredFieldElement.inject(AutowiredAnnotationBeanPostProcessor.java:593)
	... 45 common frames omitted
Caused by: org.springframework.beans.factory.BeanCreationException: Error creating bean with name 'hibernateSessionFactory' defined in class path resource [beans.xml]: Invocation of init method failed; nested exception is org.hibernate.exception.JDBCConnectionException: Unable to open JDBC Connection for DDL execution
	at org.springframework.beans.factory.support.AbstractAutowireCapableBeanFactory.initializeBean(AbstractAutowireCapableBeanFactory.java:1778)
	at org.springframework.beans.factory.support.AbstractAutowireCapableBeanFactory.doCreateBean(AbstractAutowireCapableBeanFactory.java:593)
	at org.springframework.beans.factory.support.AbstractAutowireCapableBeanFactory.createBean(AbstractAutowireCapableBeanFactory.java:515)
	at org.springframework.beans.factory.support.AbstractBeanFactory.lambda$doGetBean$0(AbstractBeanFactory.java:320)
	at org.springframework.beans.factory.support.DefaultSingletonBeanRegistry.getSingleton(DefaultSingletonBeanRegistry.java:222)
	at org.springframework.beans.factory.support.AbstractBeanFactory.doGetBean(AbstractBeanFactory.java:318)
	at org.springframework.beans.factory.support.AbstractBeanFactory.getBean(AbstractBeanFactory.java:199)
	at org.springframework.beans.factory.config.DependencyDescriptor.resolveCandidate(DependencyDescriptor.java:277)
	at org.springframework.beans.factory.support.DefaultListableBeanFactory.doResolveDependency(DefaultListableBeanFactory.java:1247)
	at org.springframework.beans.factory.support.DefaultListableBeanFactory.resolveDependency(DefaultListableBeanFactory.java:1167)
	at org.springframework.beans.factory.annotation.AutowiredAnnotationBeanPostProcessor$AutowiredFieldElement.inject(AutowiredAnnotationBeanPostProcessor.java:593)
	... 58 common frames omitted
Caused by: org.hibernate.exception.JDBCConnectionException: Unable to open JDBC Connection for DDL execution
	at org.hibernate.exception.internal.SQLExceptionTypeDelegate.convert(SQLExceptionTypeDelegate.java:48)
	at org.hibernate.exception.internal.StandardSQLExceptionConverter.convert(StandardSQLExceptionConverter.java:42)
	at org.hibernate.engine.jdbc.spi.SqlExceptionHelper.convert(SqlExceptionHelper.java:111)
	at org.hibernate.engine.jdbc.spi.SqlExceptionHelper.convert(SqlExceptionHelper.java:97)
	at org.hibernate.resource.transaction.backend.jdbc.internal.DdlTransactionIsolatorNonJtaImpl.getIsolatedConnection(DdlTransactionIsolatorNonJtaImpl.java:69)
	at org.hibernate.tool.schema.internal.exec.ImprovedExtractionContextImpl.getJdbcConnection(ImprovedExtractionContextImpl.java:60)
	at org.hibernate.tool.schema.extract.internal.SequenceInformationExtractorLegacyImpl.extractMetadata(SequenceInformationExtractorLegacyImpl.java:40)
	at org.hibernate.tool.schema.extract.internal.DatabaseInformationImpl.initializeSequences(DatabaseInformationImpl.java:65)
	at org.hibernate.tool.schema.extract.internal.DatabaseInformationImpl.<init>(DatabaseInformationImpl.java:59)
	at org.hibernate.tool.schema.internal.Helper.buildDatabaseInformation(Helper.java:130)
	at org.hibernate.tool.schema.internal.AbstractSchemaMigrator.doMigration(AbstractSchemaMigrator.java:92)
	at org.hibernate.tool.schema.spi.SchemaManagementToolCoordinator.performDatabaseAction(SchemaManagementToolCoordinator.java:176)
	at org.hibernate.tool.schema.spi.SchemaManagementToolCoordinator.process(SchemaManagementToolCoordinator.java:65)
	at org.hibernate.internal.SessionFactoryImpl.<init>(SessionFactoryImpl.java:459)
	at org.hibernate.boot.internal.SessionFactoryBuilderImpl.build(SessionFactoryBuilderImpl.java:465)
	at org.hibernate.cfg.Configuration.buildSessionFactory(Configuration.java:711)
	at org.hibernate.cfg.Configuration.buildSessionFactory(Configuration.java:727)
	at org.springframework.orm.hibernate5.LocalSessionFactoryBean.buildSessionFactory(LocalSessionFactoryBean.java:615)
	at org.springframework.orm.hibernate5.LocalSessionFactoryBean.afterPropertiesSet(LocalSessionFactoryBean.java:599)
	at org.springframework.beans.factory.support.AbstractAutowireCapableBeanFactory.invokeInitMethods(AbstractAutowireCapableBeanFactory.java:1837)
	at org.springframework.beans.factory.support.AbstractAutowireCapableBeanFactory.initializeBean(AbstractAutowireCapableBeanFactory.java:1774)
	... 68 common frames omitted
Caused by: java.sql.SQLTransientConnectionException: java.net.ConnectException: Połączenie odrzucone (Connection refused)
	at org.hsqldb.jdbc.JDBCUtil.sqlException(Unknown Source)
	at org.hsqldb.jdbc.JDBCUtil.sqlException(Unknown Source)
	at org.hsqldb.jdbc.JDBCConnection.<init>(Unknown Source)
	at org.hsqldb.jdbc.JDBCDriver.getConnection(Unknown Source)
	at org.hsqldb.jdbc.JDBCDriver.connect(Unknown Source)
	at java.sql/java.sql.DriverManager.getConnection(DriverManager.java:677)
	at java.sql/java.sql.DriverManager.getConnection(DriverManager.java:189)
	at org.springframework.jdbc.datasource.DriverManagerDataSource.getConnectionFromDriverManager(DriverManagerDataSource.java:154)
	at org.springframework.jdbc.datasource.DriverManagerDataSource.getConnectionFromDriver(DriverManagerDataSource.java:145)
	at org.springframework.jdbc.datasource.AbstractDriverBasedDataSource.getConnectionFromDriver(AbstractDriverBasedDataSource.java:205)
	at org.springframework.jdbc.datasource.AbstractDriverBasedDataSource.getConnection(AbstractDriverBasedDataSource.java:169)
	at org.hibernate.engine.jdbc.connections.internal.DatasourceConnectionProviderImpl.getConnection(DatasourceConnectionProviderImpl.java:122)
	at org.hibernate.engine.jdbc.env.internal.JdbcEnvironmentInitiator$ConnectionProviderJdbcConnectionAccess.obtainConnection(JdbcEnvironmentInitiator.java:180)
	at org.hibernate.resource.transaction.backend.jdbc.internal.DdlTransactionIsolatorNonJtaImpl.getIsolatedConnection(DdlTransactionIsolatorNonJtaImpl.java:43)
	... 84 common frames omitted
Caused by: org.hsqldb.HsqlException: java.net.ConnectException: Połączenie odrzucone (Connection refused)
	at org.hsqldb.ClientConnection.openConnection(Unknown Source)
	at org.hsqldb.ClientConnection.initConnection(Unknown Source)
	at org.hsqldb.ClientConnection.<init>(Unknown Source)
	... 96 common frames omitted
Caused by: java.net.ConnectException: Połączenie odrzucone (Connection refused)
	at java.base/java.net.PlainSocketImpl.socketConnect(Native Method)
	at java.base/java.net.AbstractPlainSocketImpl.doConnect(AbstractPlainSocketImpl.java:399)
	at java.base/java.net.AbstractPlainSocketImpl.connectToAddress(AbstractPlainSocketImpl.java:242)
	at java.base/java.net.AbstractPlainSocketImpl.connect(AbstractPlainSocketImpl.java:224)
	at java.base/java.net.SocksSocketImpl.connect(SocksSocketImpl.java:403)
	at java.base/java.net.Socket.connect(Socket.java:591)
	at java.base/java.net.Socket.connect(Socket.java:540)
	at java.base/java.net.Socket.<init>(Socket.java:436)
	at java.base/java.net.Socket.<init>(Socket.java:213)
	at org.hsqldb.server.HsqlSocketFactory.createSocket(Unknown Source)
	... 99 common frames omitted
]]></system-out>
  </testcase>
  <testcase name="getPlayerByIdTest" classname="tau.mmo.service.PlayerManagerTest" time="0.001">
    <error message="Failed to load ApplicationContext" type="java.lang.IllegalStateException">java.lang.IllegalStateException: Failed to load ApplicationContext
Caused by: org.springframework.beans.factory.UnsatisfiedDependencyException: Error creating bean with name 'playerController': Unsatisfied dependency expressed through field 'playerManager'; nested exception is org.springframework.beans.factory.UnsatisfiedDependencyException: Error creating bean with name 'playerManagerHibernateImpl': Unsatisfied dependency expressed through field 'sessionFactory'; nested exception is org.springframework.beans.factory.BeanCreationException: Error creating bean with name 'hibernateSessionFactory' defined in class path resource [beans.xml]: Invocation of init method failed; nested exception is org.hibernate.exception.JDBCConnectionException: Unable to open JDBC Connection for DDL execution
Caused by: org.springframework.beans.factory.UnsatisfiedDependencyException: Error creating bean with name 'playerManagerHibernateImpl': Unsatisfied dependency expressed through field 'sessionFactory'; nested exception is org.springframework.beans.factory.BeanCreationException: Error creating bean with name 'hibernateSessionFactory' defined in class path resource [beans.xml]: Invocation of init method failed; nested exception is org.hibernate.exception.JDBCConnectionException: Unable to open JDBC Connection for DDL execution
Caused by: org.springframework.beans.factory.BeanCreationException: Error creating bean with name 'hibernateSessionFactory' defined in class path resource [beans.xml]: Invocation of init method failed; nested exception is org.hibernate.exception.JDBCConnectionException: Unable to open JDBC Connection for DDL execution
Caused by: org.hibernate.exception.JDBCConnectionException: Unable to open JDBC Connection for DDL execution
Caused by: java.sql.SQLTransientConnectionException: java.net.ConnectException: Połączenie odrzucone (Connection refused)
Caused by: org.hsqldb.HsqlException: java.net.ConnectException: Połączenie odrzucone (Connection refused)
Caused by: java.net.ConnectException: Połączenie odrzucone (Connection refused)
</error>
    <system-out><![CDATA[20:24:25.676 [main] DEBUG org.springframework.test.annotation.ProfileValueUtils - Retrieved @ProfileValueSourceConfiguration [null] for test class [tau.mmo.service.PlayerManagerTest]
20:24:25.676 [main] DEBUG org.springframework.test.annotation.ProfileValueUtils - Retrieved ProfileValueSource type [class org.springframework.test.annotation.SystemProfileValueSource] for class [tau.mmo.service.PlayerManagerTest]
20:24:25.676 [main] DEBUG org.springframework.test.context.support.DependencyInjectionTestExecutionListener - Performing dependency injection for test context [[DefaultTestContext@7ed7259e testClass = PlayerManagerTest, testInstance = tau.mmo.service.PlayerManagerTest@52d9f36b, testMethod = [null], testException = [null], mergedContextConfiguration = [MergedContextConfiguration@28eaa59a testClass = PlayerManagerTest, locations = '{classpath:/beans.xml}', classes = '{}', contextInitializerClasses = '[]', activeProfiles = '{}', propertySourceLocations = '{}', propertySourceProperties = '{}', contextCustomizers = set[org.springframework.boot.test.context.filter.ExcludeFilterContextCustomizer@6b4a4e18, org.springframework.boot.test.json.DuplicateJsonObjectContextCustomizerFactory$DuplicateJsonObjectContextCustomizer@402e37bc, org.springframework.boot.test.mock.mockito.MockitoContextCustomizer@0, org.springframework.boot.test.autoconfigure.properties.PropertyMappingContextCustomizer@0, org.springframework.boot.test.autoconfigure.web.servlet.WebDriverContextCustomizerFactory$Customizer@6973bf95], contextLoader = 'org.springframework.test.context.support.DelegatingSmartContextLoader', parent = [null]], attributes = map[[empty]]]].
20:24:25.676 [main] DEBUG org.springframework.test.context.support.AbstractDelegatingSmartContextLoader - Delegating to GenericXmlContextLoader to load context from [MergedContextConfiguration@28eaa59a testClass = PlayerManagerTest, locations = '{classpath:/beans.xml}', classes = '{}', contextInitializerClasses = '[]', activeProfiles = '{}', propertySourceLocations = '{}', propertySourceProperties = '{}', contextCustomizers = set[org.springframework.boot.test.context.filter.ExcludeFilterContextCustomizer@6b4a4e18, org.springframework.boot.test.json.DuplicateJsonObjectContextCustomizerFactory$DuplicateJsonObjectContextCustomizer@402e37bc, org.springframework.boot.test.mock.mockito.MockitoContextCustomizer@0, org.springframework.boot.test.autoconfigure.properties.PropertyMappingContextCustomizer@0, org.springframework.boot.test.autoconfigure.web.servlet.WebDriverContextCustomizerFactory$Customizer@6973bf95], contextLoader = 'org.springframework.test.context.support.DelegatingSmartContextLoader', parent = [null]].
20:24:25.676 [main] DEBUG org.springframework.test.context.support.AbstractGenericContextLoader - Loading ApplicationContext for merged context configuration [[MergedContextConfiguration@28eaa59a testClass = PlayerManagerTest, locations = '{classpath:/beans.xml}', classes = '{}', contextInitializerClasses = '[]', activeProfiles = '{}', propertySourceLocations = '{}', propertySourceProperties = '{}', contextCustomizers = set[org.springframework.boot.test.context.filter.ExcludeFilterContextCustomizer@6b4a4e18, org.springframework.boot.test.json.DuplicateJsonObjectContextCustomizerFactory$DuplicateJsonObjectContextCustomizer@402e37bc, org.springframework.boot.test.mock.mockito.MockitoContextCustomizer@0, org.springframework.boot.test.autoconfigure.properties.PropertyMappingContextCustomizer@0, org.springframework.boot.test.autoconfigure.web.servlet.WebDriverContextCustomizerFactory$Customizer@6973bf95], contextLoader = 'org.springframework.test.context.support.DelegatingSmartContextLoader', parent = [null]]].
20:24:25.676 [main] DEBUG org.springframework.core.env.StandardEnvironment - Activating profiles []
20:24:25.687 [main] DEBUG org.springframework.context.annotation.ClassPathBeanDefinitionScanner - Identified candidate component class: file [/home/whitewolf/tau/TAU-repozytorium/tau-mmo-jmeter/target/classes/tau/mmo/Application.class]
20:24:25.688 [main] DEBUG org.springframework.context.annotation.ClassPathBeanDefinitionScanner - Identified candidate component class: file [/home/whitewolf/tau/TAU-repozytorium/tau-mmo-jmeter/target/classes/tau/mmo/api/PlayerController.class]
20:24:25.688 [main] DEBUG org.springframework.context.annotation.ClassPathBeanDefinitionScanner - Identified candidate component class: file [/home/whitewolf/tau/TAU-repozytorium/tau-mmo-jmeter/target/classes/tau/mmo/service/PlayerManagerHibernateImpl.class]
20:24:25.689 [main] DEBUG org.springframework.beans.factory.xml.XmlBeanDefinitionReader - Loaded 12 bean definitions from class path resource [beans.xml]
20:24:25.689 [main] DEBUG org.springframework.context.support.GenericApplicationContext - Refreshing org.springframework.context.support.GenericApplicationContext@5f9ebd5a
20:24:25.690 [main] DEBUG org.springframework.beans.factory.support.DefaultListableBeanFactory - Creating shared instance of singleton bean 'org.springframework.context.annotation.internalConfigurationAnnotationProcessor'
20:24:25.692 [main] DEBUG org.springframework.context.annotation.ClassPathBeanDefinitionScanner - Identified candidate component class: file [/home/whitewolf/tau/TAU-repozytorium/tau-mmo-jmeter/target/classes/tau/mmo/api/PlayerController.class]
20:24:25.692 [main] DEBUG org.springframework.context.annotation.ClassPathBeanDefinitionScanner - Identified candidate component class: file [/home/whitewolf/tau/TAU-repozytorium/tau-mmo-jmeter/target/classes/tau/mmo/service/PlayerManagerHibernateImpl.class]
20:24:25.747 [main] DEBUG org.springframework.context.annotation.ClassPathBeanDefinitionScanner - Identified candidate component class: file [/home/whitewolf/tau/TAU-repozytorium/tau-mmo-jmeter/target/classes/tau/mmo/Application.class]
20:24:25.747 [main] DEBUG org.springframework.context.annotation.ClassPathBeanDefinitionScanner - Identified candidate component class: file [/home/whitewolf/tau/TAU-repozytorium/tau-mmo-jmeter/target/classes/tau/mmo/api/PlayerController.class]
20:24:25.747 [main] DEBUG org.springframework.context.annotation.ClassPathBeanDefinitionScanner - Identified candidate component class: file [/home/whitewolf/tau/TAU-repozytorium/tau-mmo-jmeter/target/classes/tau/mmo/service/PlayerManagerHibernateImpl.class]
20:24:25.748 [main] DEBUG org.springframework.beans.factory.xml.XmlBeanDefinitionReader - Loaded 0 bean definitions from class path resource [beans.xml]
20:24:25.748 [main] DEBUG org.springframework.beans.factory.support.DefaultListableBeanFactory - Creating shared instance of singleton bean 'org.springframework.boot.autoconfigure.condition.BeanTypeRegistry'
20:24:25.756 [main] INFO org.springframework.data.repository.config.RepositoryConfigurationDelegate - Bootstrapping Spring Data repositories in DEFAULT mode.
20:24:25.756 [main] DEBUG org.springframework.beans.factory.support.DefaultListableBeanFactory - Creating shared instance of singleton bean 'org.springframework.boot.autoconfigure.AutoConfigurationPackages'
20:24:25.757 [main] DEBUG org.springframework.boot.autoconfigure.AutoConfigurationPackages - @EnableAutoConfiguration was declared on a class in the package 'tau.mmo'. Automatic @Repository and @Entity scanning is enabled.
20:24:25.757 [main] DEBUG org.springframework.data.repository.config.RepositoryConfigurationDelegate - Scanning for repositories in packages tau.mmo.
20:24:25.760 [main] INFO org.springframework.data.repository.config.RepositoryConfigurationDelegate - Finished Spring Data repository scanning in 3ms. Found 0 repository interfaces.
20:24:25.771 [main] DEBUG org.springframework.beans.factory.support.DefaultListableBeanFactory - Creating shared instance of singleton bean 'propertySourcesPlaceholderConfigurer'
20:24:25.772 [main] DEBUG org.springframework.core.env.PropertySourcesPropertyResolver - Found key 'jdbc.driverClassName' in PropertySource 'class path resource [jdbc.properties]' with value of type String
20:24:25.772 [main] DEBUG org.springframework.core.env.PropertySourcesPropertyResolver - Found key 'jdbc.driverClassName' in PropertySource 'environmentProperties' with value of type String
20:24:25.772 [main] DEBUG org.springframework.core.env.PropertySourcesPropertyResolver - Found key 'jdbc.url' in PropertySource 'class path resource [jdbc.properties]' with value of type String
20:24:25.772 [main] DEBUG org.springframework.core.env.PropertySourcesPropertyResolver - Found key 'jdbc.url' in PropertySource 'environmentProperties' with value of type String
20:24:25.772 [main] DEBUG org.springframework.core.env.PropertySourcesPropertyResolver - Found key 'jdbc.username' in PropertySource 'class path resource [jdbc.properties]' with value of type String
20:24:25.772 [main] DEBUG org.springframework.core.env.PropertySourcesPropertyResolver - Found key 'jdbc.username' in PropertySource 'environmentProperties' with value of type String
20:24:25.772 [main] DEBUG org.springframework.core.env.PropertySourcesPropertyResolver - Found key 'jdbc.password' in PropertySource 'class path resource [jdbc.properties]' with value of type String
20:24:25.772 [main] DEBUG org.springframework.core.env.PropertySourcesPropertyResolver - Found key 'jdbc.password' in PropertySource 'environmentProperties' with value of type String
20:24:25.773 [main] DEBUG org.springframework.beans.factory.support.DefaultListableBeanFactory - Creating shared instance of singleton bean 'org.springframework.boot.test.mock.mockito.MockitoPostProcessor'
20:24:25.773 [main] DEBUG org.springframework.beans.factory.support.DefaultListableBeanFactory - Creating shared instance of singleton bean 'emBeanDefinitionRegistrarPostProcessor'
20:24:25.775 [main] DEBUG org.springframework.beans.factory.support.DefaultListableBeanFactory - Creating shared instance of singleton bean 'org.springframework.context.event.internalEventListenerProcessor'
20:24:25.776 [main] DEBUG org.springframework.beans.factory.support.DefaultListableBeanFactory - Creating shared instance of singleton bean 'org.springframework.boot.context.properties.ConfigurationBeanFactoryMetadata'
20:24:25.776 [main] DEBUG org.springframework.beans.factory.support.DefaultListableBeanFactory - Creating shared instance of singleton bean 'org.springframework.context.event.internalEventListenerFactory'
20:24:25.776 [main] DEBUG org.springframework.beans.factory.support.DefaultListableBeanFactory - Creating shared instance of singleton bean 'org.springframework.transaction.config.internalTransactionalEventListenerFactory'
20:24:25.776 [main] DEBUG org.springframework.beans.factory.support.DefaultListableBeanFactory - Creating shared instance of singleton bean 'org.springframework.context.annotation.internalAutowiredAnnotationProcessor'
20:24:25.777 [main] DEBUG org.springframework.beans.factory.support.DefaultListableBeanFactory - Creating shared instance of singleton bean 'org.springframework.context.annotation.internalCommonAnnotationProcessor'
20:24:25.777 [main] DEBUG org.springframework.beans.factory.support.DefaultListableBeanFactory - Creating shared instance of singleton bean 'org.springframework.context.annotation.internalPersistenceAnnotationProcessor'
20:24:25.777 [main] DEBUG org.springframework.beans.factory.support.DefaultListableBeanFactory - Creating shared instance of singleton bean 'org.springframework.boot.test.mock.mockito.MockitoPostProcessor$SpyPostProcessor'
20:24:25.777 [main] DEBUG org.springframework.beans.factory.support.DefaultListableBeanFactory - Creating shared instance of singleton bean 'org.springframework.boot.context.properties.ConfigurationPropertiesBindingPostProcessor'
20:24:25.777 [main] DEBUG org.springframework.beans.factory.support.DefaultListableBeanFactory - Creating shared instance of singleton bean 'methodValidationPostProcessor'
20:24:25.778 [main] DEBUG org.springframework.beans.factory.support.DefaultListableBeanFactory - Autowiring by type from bean name 'methodValidationPostProcessor' via factory method to bean named 'environment'
20:24:25.780 [main] DEBUG org.springframework.beans.factory.support.DefaultListableBeanFactory - Creating shared instance of singleton bean 'org.springframework.aop.config.internalAutoProxyCreator'
20:24:25.781 [main] DEBUG org.springframework.beans.factory.support.DefaultListableBeanFactory - Creating shared instance of singleton bean 'dataSourceInitializerPostProcessor'
20:24:25.782 [main] DEBUG org.springframework.beans.factory.support.DefaultListableBeanFactory - Creating shared instance of singleton bean 'persistenceExceptionTranslationPostProcessor'
20:24:25.782 [main] DEBUG org.springframework.beans.factory.support.DefaultListableBeanFactory - Autowiring by type from bean name 'persistenceExceptionTranslationPostProcessor' via factory method to bean named 'environment'
20:24:25.783 [main] DEBUG org.springframework.beans.factory.support.DefaultListableBeanFactory - Creating shared instance of singleton bean 'application'
20:24:25.784 [main] DEBUG org.springframework.beans.factory.support.DefaultListableBeanFactory - Creating shared instance of singleton bean 'org.springframework.transaction.config.internalTransactionAdvisor'
20:24:25.784 [main] DEBUG org.springframework.beans.factory.support.DefaultListableBeanFactory - Creating shared instance of singleton bean 'org.springframework.transaction.annotation.ProxyTransactionManagementConfiguration'
20:24:25.786 [main] DEBUG org.springframework.beans.factory.support.DefaultListableBeanFactory - Creating shared instance of singleton bean 'transactionAttributeSource'
20:24:25.787 [main] DEBUG org.springframework.beans.factory.support.DefaultListableBeanFactory - Creating shared instance of singleton bean 'transactionInterceptor'
20:24:25.789 [main] DEBUG org.springframework.beans.factory.support.DefaultListableBeanFactory - Creating shared instance of singleton bean 'playerController'
20:24:25.789 [main] DEBUG org.springframework.beans.factory.support.DefaultListableBeanFactory - Creating shared instance of singleton bean 'playerManagerHibernateImpl'
20:24:25.790 [main] DEBUG org.springframework.beans.factory.support.DefaultListableBeanFactory - Creating shared instance of singleton bean 'hibernateSessionFactory'
20:24:25.791 [main] DEBUG org.springframework.beans.factory.support.DefaultListableBeanFactory - Creating shared instance of singleton bean 'dataSource'
20:24:25.792 [main] DEBUG org.springframework.jdbc.datasource.DriverManagerDataSource - Loaded JDBC driver: org.hsqldb.jdbcDriver
20:24:25.792 [main] DEBUG org.springframework.beans.factory.support.DefaultListableBeanFactory - Creating shared instance of singleton bean 'org.springframework.boot.autoconfigure.jdbc.DataSourceInitializerInvoker'
20:24:25.793 [main] DEBUG org.springframework.beans.factory.support.DefaultListableBeanFactory - Creating shared instance of singleton bean 'spring.datasource-org.springframework.boot.autoconfigure.jdbc.DataSourceProperties'
20:24:25.835 [main] DEBUG org.springframework.beans.factory.support.DefaultListableBeanFactory - Autowiring by type from bean name 'org.springframework.boot.autoconfigure.jdbc.DataSourceInitializerInvoker' via constructor to bean named 'spring.datasource-org.springframework.boot.autoconfigure.jdbc.DataSourceProperties'
20:24:25.835 [main] DEBUG org.springframework.beans.factory.support.DefaultListableBeanFactory - Autowiring by type from bean name 'org.springframework.boot.autoconfigure.jdbc.DataSourceInitializerInvoker' via constructor to bean named 'org.springframework.context.support.GenericApplicationContext@5f9ebd5a'
20:24:25.837 [main] DEBUG org.hibernate.integrator.internal.IntegratorServiceImpl - Adding Integrator [org.hibernate.cfg.beanvalidation.BeanValidationIntegrator].
20:24:25.837 [main] DEBUG org.hibernate.integrator.internal.IntegratorServiceImpl - Adding Integrator [org.hibernate.secure.spi.JaccIntegrator].
20:24:25.837 [main] DEBUG org.hibernate.integrator.internal.IntegratorServiceImpl - Adding Integrator [org.hibernate.cache.internal.CollectionCacheInvalidator].
20:24:25.839 [main] DEBUG org.hibernate.cfg.Configuration - Building session factory using internal StandardServiceRegistryBuilder
20:24:25.839 [main] DEBUG org.hibernate.service.spi.ServiceBinding - Overriding existing service binding [org.hibernate.secure.spi.JaccService]
20:24:25.839 [main] DEBUG org.hibernate.cfg.Configuration - Building session factory using provided StandardServiceRegistry
20:24:25.839 [main] DEBUG org.hibernate.cache.internal.RegionFactoryInitiator - Cache region factory : org.hibernate.cache.internal.NoCachingRegionFactory
20:24:25.839 [main] DEBUG org.hibernate.type.BasicTypeRegistry - Adding type registration boolean -> org.hibernate.type.BooleanType@41ffaeb8
20:24:25.839 [main] DEBUG org.hibernate.type.BasicTypeRegistry - Adding type registration boolean -> org.hibernate.type.BooleanType@41ffaeb8
20:24:25.839 [main] DEBUG org.hibernate.type.BasicTypeRegistry - Adding type registration java.lang.Boolean -> org.hibernate.type.BooleanType@41ffaeb8
20:24:25.839 [main] DEBUG org.hibernate.type.BasicTypeRegistry - Adding type registration numeric_boolean -> org.hibernate.type.NumericBooleanType@444cc791
20:24:25.839 [main] DEBUG org.hibernate.type.BasicTypeRegistry - Adding type registration true_false -> org.hibernate.type.TrueFalseType@12ffd1de
20:24:25.840 [main] DEBUG org.hibernate.type.BasicTypeRegistry - Adding type registration yes_no -> org.hibernate.type.YesNoType@6c806c8b
20:24:25.840 [main] DEBUG org.hibernate.type.BasicTypeRegistry - Adding type registration byte -> org.hibernate.type.ByteType@23706db8
20:24:25.840 [main] DEBUG org.hibernate.type.BasicTypeRegistry - Adding type registration byte -> org.hibernate.type.ByteType@23706db8
20:24:25.840 [main] DEBUG org.hibernate.type.BasicTypeRegistry - Adding type registration java.lang.Byte -> org.hibernate.type.ByteType@23706db8
20:24:25.840 [main] DEBUG org.hibernate.type.BasicTypeRegistry - Adding type registration character -> org.hibernate.type.CharacterType@7bca6fac
20:24:25.840 [main] DEBUG org.hibernate.type.BasicTypeRegistry - Adding type registration char -> org.hibernate.type.CharacterType@7bca6fac
20:24:25.840 [main] DEBUG org.hibernate.type.BasicTypeRegistry - Adding type registration java.lang.Character -> org.hibernate.type.CharacterType@7bca6fac
20:24:25.840 [main] DEBUG org.hibernate.type.BasicTypeRegistry - Adding type registration short -> org.hibernate.type.ShortType@37303f12
20:24:25.840 [main] DEBUG org.hibernate.type.BasicTypeRegistry - Adding type registration short -> org.hibernate.type.ShortType@37303f12
20:24:25.840 [main] DEBUG org.hibernate.type.BasicTypeRegistry - Adding type registration java.lang.Short -> org.hibernate.type.ShortType@37303f12
20:24:25.840 [main] DEBUG org.hibernate.type.BasicTypeRegistry - Adding type registration integer -> org.hibernate.type.IntegerType@2ab5afc7
20:24:25.840 [main] DEBUG org.hibernate.type.BasicTypeRegistry - Adding type registration int -> org.hibernate.type.IntegerType@2ab5afc7
20:24:25.840 [main] DEBUG org.hibernate.type.BasicTypeRegistry - Adding type registration java.lang.Integer -> org.hibernate.type.IntegerType@2ab5afc7
20:24:25.840 [main] DEBUG org.hibernate.type.BasicTypeRegistry - Adding type registration long -> org.hibernate.type.LongType@3c35c345
20:24:25.840 [main] DEBUG org.hibernate.type.BasicTypeRegistry - Adding type registration long -> org.hibernate.type.LongType@3c35c345
20:24:25.840 [main] DEBUG org.hibernate.type.BasicTypeRegistry - Adding type registration java.lang.Long -> org.hibernate.type.LongType@3c35c345
20:24:25.840 [main] DEBUG org.hibernate.type.BasicTypeRegistry - Adding type registration float -> org.hibernate.type.FloatType@1d0a61c8
20:24:25.840 [main] DEBUG org.hibernate.type.BasicTypeRegistry - Adding type registration float -> org.hibernate.type.FloatType@1d0a61c8
20:24:25.840 [main] DEBUG org.hibernate.type.BasicTypeRegistry - Adding type registration java.lang.Float -> org.hibernate.type.FloatType@1d0a61c8
20:24:25.840 [main] DEBUG org.hibernate.type.BasicTypeRegistry - Adding type registration double -> org.hibernate.type.DoubleType@5524b72f
20:24:25.840 [main] DEBUG org.hibernate.type.BasicTypeRegistry - Adding type registration double -> org.hibernate.type.DoubleType@5524b72f
20:24:25.840 [main] DEBUG org.hibernate.type.BasicTypeRegistry - Adding type registration java.lang.Double -> org.hibernate.type.DoubleType@5524b72f
20:24:25.840 [main] DEBUG org.hibernate.type.BasicTypeRegistry - Adding type registration big_decimal -> org.hibernate.type.BigDecimalType@1846579f
20:24:25.840 [main] DEBUG org.hibernate.type.BasicTypeRegistry - Adding type registration java.math.BigDecimal -> org.hibernate.type.BigDecimalType@1846579f
20:24:25.840 [main] DEBUG org.hibernate.type.BasicTypeRegistry - Adding type registration big_integer -> org.hibernate.type.BigIntegerType@7be7e15
20:24:25.840 [main] DEBUG org.hibernate.type.BasicTypeRegistry - Adding type registration java.math.BigInteger -> org.hibernate.type.BigIntegerType@7be7e15
20:24:25.840 [main] DEBUG org.hibernate.type.BasicTypeRegistry - Adding type registration string -> org.hibernate.type.StringType@2330e3e0
20:24:25.840 [main] DEBUG org.hibernate.type.BasicTypeRegistry - Adding type registration java.lang.String -> org.hibernate.type.StringType@2330e3e0
20:24:25.840 [main] DEBUG org.hibernate.type.BasicTypeRegistry - Adding type registration nstring -> org.hibernate.type.StringNVarcharType@3f9270ed
20:24:25.840 [main] DEBUG org.hibernate.type.BasicTypeRegistry - Adding type registration ncharacter -> org.hibernate.type.CharacterNCharType@53a665ad
20:24:25.840 [main] DEBUG org.hibernate.type.BasicTypeRegistry - Adding type registration url -> org.hibernate.type.UrlType@abff8b7
20:24:25.840 [main] DEBUG org.hibernate.type.BasicTypeRegistry - Adding type registration java.net.URL -> org.hibernate.type.UrlType@abff8b7
20:24:25.840 [main] DEBUG org.hibernate.type.BasicTypeRegistry - Adding type registration date -> org.hibernate.type.DateType@37d871c2
20:24:25.840 [main] DEBUG org.hibernate.type.BasicTypeRegistry - Adding type registration java.sql.Date -> org.hibernate.type.DateType@37d871c2
20:24:25.840 [main] DEBUG org.hibernate.type.BasicTypeRegistry - Adding type registration time -> org.hibernate.type.TimeType@642505c7
20:24:25.840 [main] DEBUG org.hibernate.type.BasicTypeRegistry - Adding type registration java.sql.Time -> org.hibernate.type.TimeType@642505c7
20:24:25.840 [main] DEBUG org.hibernate.type.BasicTypeRegistry - Adding type registration timestamp -> org.hibernate.type.TimestampType@1abfe081
20:24:25.840 [main] DEBUG org.hibernate.type.BasicTypeRegistry - Adding type registration java.sql.Timestamp -> org.hibernate.type.TimestampType@1abfe081
20:24:25.840 [main] DEBUG org.hibernate.type.BasicTypeRegistry - Adding type registration java.util.Date -> org.hibernate.type.TimestampType@1abfe081
20:24:25.840 [main] DEBUG org.hibernate.type.BasicTypeRegistry - Adding type registration dbtimestamp -> org.hibernate.type.DbTimestampType@75a118e6
20:24:25.840 [main] DEBUG org.hibernate.type.BasicTypeRegistry - Adding type registration calendar -> org.hibernate.type.CalendarType@28c86134
20:24:25.840 [main] DEBUG org.hibernate.type.BasicTypeRegistry - Adding type registration java.util.Calendar -> org.hibernate.type.CalendarType@28c86134
20:24:25.840 [main] DEBUG org.hibernate.type.BasicTypeRegistry - Adding type registration java.util.GregorianCalendar -> org.hibernate.type.CalendarType@28c86134
20:24:25.840 [main] DEBUG org.hibernate.type.BasicTypeRegistry - Adding type registration calendar_date -> org.hibernate.type.CalendarDateType@f288c14
20:24:25.840 [main] DEBUG org.hibernate.type.BasicTypeRegistry - Adding type registration locale -> org.hibernate.type.LocaleType@671facee
20:24:25.840 [main] DEBUG org.hibernate.type.BasicTypeRegistry - Adding type registration java.util.Locale -> org.hibernate.type.LocaleType@671facee
20:24:25.840 [main] DEBUG org.hibernate.type.BasicTypeRegistry - Adding type registration currency -> org.hibernate.type.CurrencyType@56f521c6
20:24:25.840 [main] DEBUG org.hibernate.type.BasicTypeRegistry - Adding type registration java.util.Currency -> org.hibernate.type.CurrencyType@56f521c6
20:24:25.840 [main] DEBUG org.hibernate.type.BasicTypeRegistry - Adding type registration timezone -> org.hibernate.type.TimeZoneType@39fa8ad2
20:24:25.840 [main] DEBUG org.hibernate.type.BasicTypeRegistry - Adding type registration java.util.TimeZone -> org.hibernate.type.TimeZoneType@39fa8ad2
20:24:25.840 [main] DEBUG org.hibernate.type.BasicTypeRegistry - Adding type registration class -> org.hibernate.type.ClassType@6c302a1d
20:24:25.840 [main] DEBUG org.hibernate.type.BasicTypeRegistry - Adding type registration java.lang.Class -> org.hibernate.type.ClassType@6c302a1d
20:24:25.840 [main] DEBUG org.hibernate.type.BasicTypeRegistry - Adding type registration uuid-binary -> org.hibernate.type.UUIDBinaryType@58cf8f94
20:24:25.840 [main] DEBUG org.hibernate.type.BasicTypeRegistry - Adding type registration java.util.UUID -> org.hibernate.type.UUIDBinaryType@58cf8f94
20:24:25.840 [main] DEBUG org.hibernate.type.BasicTypeRegistry - Adding type registration uuid-char -> org.hibernate.type.UUIDCharType@34f392be
20:24:25.840 [main] DEBUG org.hibernate.type.BasicTypeRegistry - Adding type registration binary -> org.hibernate.type.BinaryType@58496c97
20:24:25.840 [main] DEBUG org.hibernate.type.BasicTypeRegistry - Adding type registration byte[] -> org.hibernate.type.BinaryType@58496c97
20:24:25.840 [main] DEBUG org.hibernate.type.BasicTypeRegistry - Adding type registration [B -> org.hibernate.type.BinaryType@58496c97
20:24:25.840 [main] DEBUG org.hibernate.type.BasicTypeRegistry - Adding type registration wrapper-binary -> org.hibernate.type.WrapperBinaryType@6ecab872
20:24:25.840 [main] DEBUG org.hibernate.type.BasicTypeRegistry - Adding type registration Byte[] -> org.hibernate.type.WrapperBinaryType@6ecab872
20:24:25.840 [main] DEBUG org.hibernate.type.BasicTypeRegistry - Adding type registration [Ljava.lang.Byte; -> org.hibernate.type.WrapperBinaryType@6ecab872
20:24:25.840 [main] DEBUG org.hibernate.type.BasicTypeRegistry - Adding type registration row_version -> org.hibernate.type.RowVersionType@6d025d1d
20:24:25.840 [main] DEBUG org.hibernate.type.BasicTypeRegistry - Adding type registration image -> org.hibernate.type.ImageType@7479b626
20:24:25.840 [main] DEBUG org.hibernate.type.BasicTypeRegistry - Adding type registration characters -> org.hibernate.type.CharArrayType@17a703f5
20:24:25.840 [main] DEBUG org.hibernate.type.BasicTypeRegistry - Adding type registration char[] -> org.hibernate.type.CharArrayType@17a703f5
20:24:25.840 [main] DEBUG org.hibernate.type.BasicTypeRegistry - Adding type registration [C -> org.hibernate.type.CharArrayType@17a703f5
20:24:25.840 [main] DEBUG org.hibernate.type.BasicTypeRegistry - Adding type registration wrapper-characters -> org.hibernate.type.CharacterArrayType@65f2f9b0
20:24:25.840 [main] DEBUG org.hibernate.type.BasicTypeRegistry - Adding type registration [Ljava.lang.Character; -> org.hibernate.type.CharacterArrayType@65f2f9b0
20:24:25.840 [main] DEBUG org.hibernate.type.BasicTypeRegistry - Adding type registration Character[] -> org.hibernate.type.CharacterArrayType@65f2f9b0
20:24:25.840 [main] DEBUG org.hibernate.type.BasicTypeRegistry - Adding type registration text -> org.hibernate.type.TextType@38fc5554
20:24:25.840 [main] DEBUG org.hibernate.type.BasicTypeRegistry - Adding type registration ntext -> org.hibernate.type.NTextType@4d1f1ff5
20:24:25.840 [main] DEBUG org.hibernate.type.BasicTypeRegistry - Adding type registration blob -> org.hibernate.type.BlobType@d8d9199
20:24:25.840 [main] DEBUG org.hibernate.type.BasicTypeRegistry - Adding type registration java.sql.Blob -> org.hibernate.type.BlobType@d8d9199
20:24:25.840 [main] DEBUG org.hibernate.type.BasicTypeRegistry - Adding type registration materialized_blob -> org.hibernate.type.MaterializedBlobType@71ad3d8a
20:24:25.840 [main] DEBUG org.hibernate.type.BasicTypeRegistry - Adding type registration clob -> org.hibernate.type.ClobType@332820f4
20:24:25.840 [main] DEBUG org.hibernate.type.BasicTypeRegistry - Adding type registration java.sql.Clob -> org.hibernate.type.ClobType@332820f4
20:24:25.840 [main] DEBUG org.hibernate.type.BasicTypeRegistry - Adding type registration nclob -> org.hibernate.type.NClobType@3d5790ea
20:24:25.840 [main] DEBUG org.hibernate.type.BasicTypeRegistry - Adding type registration java.sql.NClob -> org.hibernate.type.NClobType@3d5790ea
20:24:25.840 [main] DEBUG org.hibernate.type.BasicTypeRegistry - Adding type registration materialized_clob -> org.hibernate.type.MaterializedClobType@56913163
20:24:25.840 [main] DEBUG org.hibernate.type.BasicTypeRegistry - Adding type registration materialized_nclob -> org.hibernate.type.MaterializedNClobType@396639b
20:24:25.840 [main] DEBUG org.hibernate.type.BasicTypeRegistry - Adding type registration serializable -> org.hibernate.type.SerializableType@102efc59
20:24:25.840 [main] DEBUG org.hibernate.type.BasicTypeRegistry - Adding type registration object -> org.hibernate.type.ObjectType@6c6366cf
20:24:25.840 [main] DEBUG org.hibernate.type.BasicTypeRegistry - Adding type registration java.lang.Object -> org.hibernate.type.ObjectType@6c6366cf
20:24:25.840 [main] DEBUG org.hibernate.type.BasicTypeRegistry - Adding type registration imm_date -> org.hibernate.type.AdaptedImmutableType@37083af6
20:24:25.840 [main] DEBUG org.hibernate.type.BasicTypeRegistry - Adding type registration imm_time -> org.hibernate.type.AdaptedImmutableType@55e4dd68
20:24:25.840 [main] DEBUG org.hibernate.type.BasicTypeRegistry - Adding type registration imm_timestamp -> org.hibernate.type.AdaptedImmutableType@28c7fd9d
20:24:25.840 [main] DEBUG org.hibernate.type.BasicTypeRegistry - Adding type registration imm_dbtimestamp -> org.hibernate.type.AdaptedImmutableType@6a63ff31
20:24:25.840 [main] DEBUG org.hibernate.type.BasicTypeRegistry - Adding type registration imm_calendar -> org.hibernate.type.AdaptedImmutableType@1c4aa701
20:24:25.840 [main] DEBUG org.hibernate.type.BasicTypeRegistry - Adding type registration imm_calendar_date -> org.hibernate.type.AdaptedImmutableType@6f36267d
20:24:25.840 [main] DEBUG org.hibernate.type.BasicTypeRegistry - Adding type registration imm_binary -> org.hibernate.type.AdaptedImmutableType@788a0513
20:24:25.840 [main] DEBUG org.hibernate.type.BasicTypeRegistry - Adding type registration imm_serializable -> org.hibernate.type.AdaptedImmutableType@d65e744
20:24:25.841 [main] DEBUG org.springframework.jdbc.datasource.DriverManagerDataSource - Creating new JDBC DriverManager Connection to [jdbc:hsqldb:hsql://localhost/workdb]
20:24:25.841 [main] WARN org.hibernate.engine.jdbc.env.internal.JdbcEnvironmentInitiator - HHH000342: Could not obtain connection to query metadata : java.net.ConnectException: Połączenie odrzucone (Connection refused)
20:24:25.841 [main] INFO org.hibernate.dialect.Dialect - HHH000400: Using dialect: org.hibernate.dialect.HSQLDialect
20:24:25.841 [main] DEBUG org.hibernate.engine.jdbc.env.spi.IdentifierHelperBuilder - IdentifierCaseStrategy for both quoted and unquoted identifiers was set to the same strategy [MIXED]; that will likely lead to problems in schema update and validation if using quoted identifiers
20:24:25.842 [main] INFO org.hibernate.engine.jdbc.env.internal.LobCreatorBuilderImpl - HHH000422: Disabling contextual LOB creation as connection was null
20:24:25.842 [main] DEBUG org.hibernate.id.factory.internal.DefaultIdentifierGeneratorFactory - Registering IdentifierGenerator strategy [uuid2] -> [org.hibernate.id.UUIDGenerator]
20:24:25.842 [main] DEBUG org.hibernate.id.factory.internal.DefaultIdentifierGeneratorFactory - Registering IdentifierGenerator strategy [guid] -> [org.hibernate.id.GUIDGenerator]
20:24:25.842 [main] DEBUG org.hibernate.id.factory.internal.DefaultIdentifierGeneratorFactory - Registering IdentifierGenerator strategy [uuid] -> [org.hibernate.id.UUIDHexGenerator]
20:24:25.842 [main] DEBUG org.hibernate.id.factory.internal.DefaultIdentifierGeneratorFactory - Registering IdentifierGenerator strategy [uuid.hex] -> [org.hibernate.id.UUIDHexGenerator]
20:24:25.842 [main] DEBUG org.hibernate.id.factory.internal.DefaultIdentifierGeneratorFactory - Registering IdentifierGenerator strategy [assigned] -> [org.hibernate.id.Assigned]
20:24:25.842 [main] DEBUG org.hibernate.id.factory.internal.DefaultIdentifierGeneratorFactory - Registering IdentifierGenerator strategy [identity] -> [org.hibernate.id.IdentityGenerator]
20:24:25.842 [main] DEBUG org.hibernate.id.factory.internal.DefaultIdentifierGeneratorFactory - Registering IdentifierGenerator strategy [select] -> [org.hibernate.id.SelectGenerator]
20:24:25.842 [main] DEBUG org.hibernate.id.factory.internal.DefaultIdentifierGeneratorFactory - Registering IdentifierGenerator strategy [sequence] -> [org.hibernate.id.enhanced.SequenceStyleGenerator]
20:24:25.842 [main] DEBUG org.hibernate.id.factory.internal.DefaultIdentifierGeneratorFactory - Registering IdentifierGenerator strategy [seqhilo] -> [org.hibernate.id.SequenceHiLoGenerator]
20:24:25.842 [main] DEBUG org.hibernate.id.factory.internal.DefaultIdentifierGeneratorFactory - Registering IdentifierGenerator strategy [increment] -> [org.hibernate.id.IncrementGenerator]
20:24:25.842 [main] DEBUG org.hibernate.id.factory.internal.DefaultIdentifierGeneratorFactory - Registering IdentifierGenerator strategy [foreign] -> [org.hibernate.id.ForeignGenerator]
20:24:25.842 [main] DEBUG org.hibernate.id.factory.internal.DefaultIdentifierGeneratorFactory - Registering IdentifierGenerator strategy [sequence-identity] -> [org.hibernate.id.SequenceIdentityGenerator]
20:24:25.842 [main] DEBUG org.hibernate.id.factory.internal.DefaultIdentifierGeneratorFactory - Registering IdentifierGenerator strategy [enhanced-sequence] -> [org.hibernate.id.enhanced.SequenceStyleGenerator]
20:24:25.842 [main] DEBUG org.hibernate.id.factory.internal.DefaultIdentifierGeneratorFactory - Registering IdentifierGenerator strategy [enhanced-table] -> [org.hibernate.id.enhanced.TableGenerator]
20:24:25.842 [main] DEBUG org.hibernate.boot.model.relational.Namespace - Created database namespace [logicalName=Name{catalog=null, schema=null}, physicalName=Name{catalog=null, schema=null}]
20:24:25.843 [main] DEBUG org.hibernate.cfg.AnnotationBinder - Binding entity from annotated class: tau.mmo.domain.Item
20:24:25.843 [main] DEBUG org.hibernate.cfg.annotations.QueryBinder - Binding named query: item.all => Select p from Item p
20:24:25.843 [main] DEBUG org.hibernate.cfg.annotations.QueryBinder - Binding named query: item.allForPlayer => Select p from Item p where player_id = :id
20:24:25.843 [main] DEBUG org.hibernate.cfg.Ejb3Column - Binding column: Ejb3DiscriminatorColumn{logicalColumnName'DTYPE', discriminatorTypeName='string'}
20:24:25.843 [main] DEBUG org.hibernate.cfg.annotations.EntityBinder - Import with entity name Item
20:24:25.843 [main] DEBUG org.hibernate.cfg.annotations.EntityBinder - Bind entity tau.mmo.domain.Item on table item
20:24:25.843 [main] DEBUG org.hibernate.cfg.Ejb3Column - Binding column: Ejb3Column{table=org.hibernate.mapping.Table(item), mappingColumn=id, insertable=true, updatable=true, unique=false}
20:24:25.843 [main] DEBUG org.hibernate.cfg.annotations.PropertyBinder - MetadataSourceProcessor property id with lazy=false
20:24:25.843 [main] DEBUG org.hibernate.cfg.AbstractPropertyHolder - Attempting to locate auto-apply AttributeConverter for property [tau.mmo.domain.Item:id]
20:24:25.843 [main] DEBUG org.hibernate.cfg.annotations.SimpleValueBinder - building SimpleValue for id
20:24:25.843 [main] DEBUG org.hibernate.cfg.annotations.PropertyBinder - Building property id
20:24:25.843 [main] DEBUG org.hibernate.cfg.Ejb3Column - Binding column: Ejb3Column{table=org.hibernate.mapping.Table(item), mappingColumn=itemclass, insertable=true, updatable=true, unique=false}
20:24:25.843 [main] DEBUG org.hibernate.cfg.annotations.PropertyBinder - MetadataSourceProcessor property itemclass with lazy=false
20:24:25.843 [main] DEBUG org.hibernate.cfg.AbstractPropertyHolder - Attempting to locate auto-apply AttributeConverter for property [tau.mmo.domain.Item:itemclass]
20:24:25.843 [main] DEBUG org.hibernate.cfg.annotations.SimpleValueBinder - building SimpleValue for itemclass
20:24:25.843 [main] DEBUG org.hibernate.cfg.annotations.PropertyBinder - Building property itemclass
20:24:25.843 [main] DEBUG org.hibernate.cfg.Ejb3Column - Binding column: Ejb3Column{table=org.hibernate.mapping.Table(item), mappingColumn=levelreq, insertable=true, updatable=true, unique=false}
20:24:25.843 [main] DEBUG org.hibernate.cfg.annotations.PropertyBinder - MetadataSourceProcessor property levelreq with lazy=false
20:24:25.843 [main] DEBUG org.hibernate.cfg.AbstractPropertyHolder - Attempting to locate auto-apply AttributeConverter for property [tau.mmo.domain.Item:levelreq]
20:24:25.843 [main] DEBUG org.hibernate.cfg.annotations.SimpleValueBinder - building SimpleValue for levelreq
20:24:25.843 [main] DEBUG org.hibernate.cfg.annotations.PropertyBinder - Building property levelreq
20:24:25.843 [main] DEBUG org.hibernate.cfg.Ejb3Column - Binding column: Ejb3Column{table=org.hibernate.mapping.Table(item), mappingColumn=name, insertable=true, updatable=true, unique=false}
20:24:25.844 [main] DEBUG org.hibernate.cfg.annotations.PropertyBinder - MetadataSourceProcessor property name with lazy=false
20:24:25.844 [main] DEBUG org.hibernate.cfg.AbstractPropertyHolder - Attempting to locate auto-apply AttributeConverter for property [tau.mmo.domain.Item:name]
20:24:25.844 [main] DEBUG org.hibernate.cfg.annotations.SimpleValueBinder - building SimpleValue for name
20:24:25.844 [main] DEBUG org.hibernate.cfg.annotations.PropertyBinder - Building property name
20:24:25.844 [main] DEBUG org.hibernate.cfg.Ejb3Column - Binding column: Ejb3JoinColumn{logicalColumnName='player_id', referencedColumn='', mappedBy=''}
20:24:25.844 [main] DEBUG org.hibernate.cfg.Ejb3Column - Binding column: Ejb3Column{table=org.hibernate.mapping.Table(item), mappingColumn=player, insertable=true, updatable=true, unique=false}
20:24:25.844 [main] DEBUG org.hibernate.cfg.annotations.PropertyBinder - Building property player
20:24:25.844 [main] DEBUG org.hibernate.cfg.AnnotationBinder - Binding entity from annotated class: tau.mmo.domain.Player
20:24:25.844 [main] DEBUG org.hibernate.cfg.annotations.QueryBinder - Binding named query: player.all => Select p from Player p
20:24:25.844 [main] DEBUG org.hibernate.cfg.annotations.QueryBinder - Binding named query: player.findPlayers => Select c from Player c where c.name like :nameFragment
20:24:25.844 [main] DEBUG org.hibernate.cfg.Ejb3Column - Binding column: Ejb3DiscriminatorColumn{logicalColumnName'DTYPE', discriminatorTypeName='string'}
20:24:25.844 [main] DEBUG org.hibernate.cfg.annotations.EntityBinder - Import with entity name Player
20:24:25.845 [main] DEBUG org.hibernate.cfg.annotations.EntityBinder - Bind entity tau.mmo.domain.Player on table player
20:24:25.845 [main] DEBUG org.hibernate.cfg.Ejb3Column - Binding column: Ejb3Column{table=org.hibernate.mapping.Table(player), mappingColumn=id, insertable=true, updatable=true, unique=false}
20:24:25.845 [main] DEBUG org.hibernate.cfg.annotations.PropertyBinder - MetadataSourceProcessor property id with lazy=false
20:24:25.845 [main] DEBUG org.hibernate.cfg.AbstractPropertyHolder - Attempting to locate auto-apply AttributeConverter for property [tau.mmo.domain.Player:id]
20:24:25.845 [main] DEBUG org.hibernate.cfg.annotations.SimpleValueBinder - building SimpleValue for id
20:24:25.845 [main] DEBUG org.hibernate.cfg.annotations.PropertyBinder - Building property id
20:24:25.845 [main] DEBUG org.hibernate.cfg.Ejb3Column - Binding column: Ejb3Column{table=org.hibernate.mapping.Table(player), mappingColumn=heroclass, insertable=true, updatable=true, unique=false}
20:24:25.845 [main] DEBUG org.hibernate.cfg.annotations.PropertyBinder - MetadataSourceProcessor property heroclass with lazy=false
20:24:25.845 [main] DEBUG org.hibernate.cfg.AbstractPropertyHolder - Attempting to locate auto-apply AttributeConverter for property [tau.mmo.domain.Player:heroclass]
20:24:25.845 [main] DEBUG org.hibernate.cfg.annotations.SimpleValueBinder - building SimpleValue for heroclass
20:24:25.845 [main] DEBUG org.hibernate.cfg.annotations.PropertyBinder - Building property heroclass
20:24:25.845 [main] DEBUG org.hibernate.cfg.Ejb3Column - Binding column: Ejb3JoinColumn{logicalColumnName='null', referencedColumn='null', mappedBy='player'}
20:24:25.845 [main] DEBUG org.hibernate.cfg.Ejb3Column - Binding column: Ejb3Column{table=org.hibernate.mapping.Table(player), mappingColumn=items, insertable=true, updatable=true, unique=false}
20:24:25.845 [main] DEBUG org.hibernate.cfg.Ejb3Column - Binding column: Ejb3Column{table=org.hibernate.mapping.Table(player), mappingColumn=null, insertable=true, updatable=true, unique=false}
20:24:25.846 [main] DEBUG org.hibernate.cfg.Ejb3Column - Binding column: Ejb3Column{table=org.hibernate.mapping.Table(player), mappingColumn=element, insertable=true, updatable=true, unique=false}
20:24:25.846 [main] DEBUG org.hibernate.cfg.Ejb3Column - Binding column: Ejb3Column{table=org.hibernate.mapping.Table(player), mappingColumn=items_KEY, insertable=true, updatable=true, unique=false}
20:24:25.846 [main] DEBUG org.hibernate.cfg.Ejb3Column - Binding column: Ejb3JoinColumn{logicalColumnName='items_KEY', referencedColumn='null', mappedBy='null'}
20:24:25.846 [main] DEBUG org.hibernate.cfg.Ejb3Column - Binding column: Ejb3JoinColumn{logicalColumnName='null', referencedColumn='null', mappedBy='player'}
20:24:25.846 [main] DEBUG org.hibernate.cfg.Ejb3Column - Binding column: Ejb3JoinColumn{logicalColumnName='null', referencedColumn='null', mappedBy='player'}
20:24:25.846 [main] DEBUG org.hibernate.cfg.annotations.CollectionBinder - Collection role: tau.mmo.domain.Player.items
20:24:25.846 [main] DEBUG org.hibernate.cfg.annotations.PropertyBinder - Building property items
20:24:25.846 [main] DEBUG org.hibernate.cfg.Ejb3Column - Binding column: Ejb3Column{table=org.hibernate.mapping.Table(player), mappingColumn=level, insertable=true, updatable=true, unique=false}
20:24:25.846 [main] DEBUG org.hibernate.cfg.annotations.PropertyBinder - MetadataSourceProcessor property level with lazy=false
20:24:25.846 [main] DEBUG org.hibernate.cfg.AbstractPropertyHolder - Attempting to locate auto-apply AttributeConverter for property [tau.mmo.domain.Player:level]
20:24:25.846 [main] DEBUG org.hibernate.cfg.annotations.SimpleValueBinder - building SimpleValue for level
20:24:25.846 [main] DEBUG org.hibernate.cfg.annotations.PropertyBinder - Building property level
20:24:25.846 [main] DEBUG org.hibernate.cfg.Ejb3Column - Binding column: Ejb3Column{table=org.hibernate.mapping.Table(player), mappingColumn=name, insertable=true, updatable=true, unique=false}
20:24:25.846 [main] DEBUG org.hibernate.cfg.annotations.PropertyBinder - MetadataSourceProcessor property name with lazy=false
20:24:25.846 [main] DEBUG org.hibernate.cfg.AbstractPropertyHolder - Attempting to locate auto-apply AttributeConverter for property [tau.mmo.domain.Player:name]
20:24:25.846 [main] DEBUG org.hibernate.cfg.annotations.SimpleValueBinder - building SimpleValue for name
20:24:25.846 [main] DEBUG org.hibernate.cfg.annotations.PropertyBinder - Building property name
20:24:25.846 [main] DEBUG org.hibernate.cfg.annotations.SimpleValueBinder - Starting fillSimpleValue for id
20:24:25.846 [main] DEBUG org.hibernate.cfg.annotations.SimpleValueBinder - Starting fillSimpleValue for itemclass
20:24:25.846 [main] DEBUG org.hibernate.cfg.annotations.SimpleValueBinder - Starting fillSimpleValue for levelreq
20:24:25.846 [main] DEBUG org.hibernate.cfg.annotations.SimpleValueBinder - Starting fillSimpleValue for name
20:24:25.846 [main] DEBUG org.hibernate.cfg.annotations.SimpleValueBinder - Starting fillSimpleValue for id
20:24:25.846 [main] DEBUG org.hibernate.cfg.annotations.SimpleValueBinder - Starting fillSimpleValue for heroclass
20:24:25.846 [main] DEBUG org.hibernate.cfg.annotations.SimpleValueBinder - Starting fillSimpleValue for level
20:24:25.846 [main] DEBUG org.hibernate.cfg.annotations.SimpleValueBinder - Starting fillSimpleValue for name
20:24:25.846 [main] DEBUG org.hibernate.mapping.PrimaryKey - Forcing column [id] to be non-null as it is part of the primary key for table [item]
20:24:25.846 [main] DEBUG org.hibernate.mapping.PrimaryKey - Forcing column [id] to be non-null as it is part of the primary key for table [player]
20:24:25.846 [main] DEBUG org.hibernate.cfg.CollectionSecondPass - Second pass for collection: tau.mmo.domain.Player.items
20:24:25.846 [main] DEBUG org.hibernate.cfg.annotations.CollectionBinder - Binding a OneToMany: tau.mmo.domain.Player.items through a foreign key
20:24:25.846 [main] DEBUG org.hibernate.cfg.annotations.CollectionBinder - Mapping collection: tau.mmo.domain.Player.items -> item
20:24:25.846 [main] DEBUG org.hibernate.cfg.annotations.TableBinder - Retrieving property tau.mmo.domain.Item.player
20:24:25.846 [main] DEBUG org.hibernate.cfg.CollectionSecondPass - Mapped collection key: player_id, one-to-many: tau.mmo.domain.Item
20:24:25.847 [main] DEBUG org.hibernate.boot.internal.InFlightMetadataCollectorImpl - Resolving reference to class: tau.mmo.domain.Player
20:24:25.847 [main] DEBUG org.hibernate.boot.internal.InFlightMetadataCollectorImpl - Resolving reference to class: tau.mmo.domain.Player
20:24:25.847 [main] DEBUG org.hibernate.internal.SessionFactoryImpl - Building session factory
20:24:25.847 [main] DEBUG org.hibernate.cfg.Settings - SessionFactory name : null
20:24:25.847 [main] DEBUG org.hibernate.cfg.Settings - Automatic flush during beforeCompletion(): disabled
20:24:25.847 [main] DEBUG org.hibernate.cfg.Settings - Automatic session close at end of transaction: disabled
20:24:25.847 [main] DEBUG org.hibernate.cfg.Settings - Statistics: disabled
20:24:25.847 [main] DEBUG org.hibernate.cfg.Settings - Deleted entity synthetic identifier rollback: disabled
20:24:25.847 [main] DEBUG org.hibernate.cfg.Settings - Default entity-mode: pojo
20:24:25.847 [main] DEBUG org.hibernate.cfg.Settings - Check Nullability in Core (should be disabled when Bean Validation is on): enabled
20:24:25.847 [main] DEBUG org.hibernate.cfg.Settings - Allow initialization of lazy state outside session : disabled
20:24:25.847 [main] DEBUG org.hibernate.cfg.Settings - Using BatchFetchStyle : LEGACY
20:24:25.847 [main] DEBUG org.hibernate.cfg.Settings - Default batch fetch size: -1
20:24:25.847 [main] DEBUG org.hibernate.cfg.Settings - Maximum outer join fetch depth: null
20:24:25.847 [main] DEBUG org.hibernate.cfg.Settings - Default null ordering: NONE
20:24:25.847 [main] DEBUG org.hibernate.cfg.Settings - Order SQL updates by primary key: disabled
20:24:25.847 [main] DEBUG org.hibernate.cfg.Settings - Order SQL inserts for batching: disabled
20:24:25.847 [main] DEBUG org.hibernate.cfg.Settings - multi-tenancy strategy : NONE
20:24:25.847 [main] DEBUG org.hibernate.cfg.Settings - JTA Track by Thread: enabled
20:24:25.847 [main] DEBUG org.hibernate.cfg.Settings - Query language substitutions: {}
20:24:25.847 [main] DEBUG org.hibernate.cfg.Settings - JPA query language strict compliance: disabled
20:24:25.847 [main] DEBUG org.hibernate.cfg.Settings - Named query checking : enabled
20:24:25.847 [main] DEBUG org.hibernate.cfg.Settings - Second-level cache: enabled
20:24:25.847 [main] DEBUG org.hibernate.cfg.Settings - Second-level query cache: disabled
20:24:25.847 [main] DEBUG org.hibernate.cfg.Settings - Second-level query cache factory: org.hibernate.cache.internal.StandardQueryCacheFactory@767599a7
20:24:25.847 [main] DEBUG org.hibernate.cfg.Settings - Second-level cache region prefix: null
20:24:25.847 [main] DEBUG org.hibernate.cfg.Settings - Optimize second-level cache for minimal puts: disabled
20:24:25.847 [main] DEBUG org.hibernate.cfg.Settings - Structured second-level cache entries: disabled
20:24:25.847 [main] DEBUG org.hibernate.cfg.Settings - Second-level cache direct-reference entries: disabled
20:24:25.847 [main] DEBUG org.hibernate.cfg.Settings - Automatic eviction of collection cache: disabled
20:24:25.847 [main] DEBUG org.hibernate.cfg.Settings - JDBC batch size: 0
20:24:25.848 [main] DEBUG org.hibernate.cfg.Settings - JDBC batch updates for versioned data: enabled
20:24:25.848 [main] DEBUG org.hibernate.cfg.Settings - Scrollable result sets: disabled
20:24:25.848 [main] DEBUG org.hibernate.cfg.Settings - Wrap result sets: disabled
20:24:25.848 [main] DEBUG org.hibernate.cfg.Settings - JDBC3 getGeneratedKeys(): disabled
20:24:25.848 [main] DEBUG org.hibernate.cfg.Settings - JDBC result set fetch size: null
20:24:25.848 [main] DEBUG org.hibernate.cfg.Settings - Connection release mode: ON_CLOSE
20:24:25.848 [main] DEBUG org.hibernate.cfg.Settings - Generate SQL with comments: disabled
20:24:25.848 [main] DEBUG org.hibernate.internal.SessionFactoryImpl - Session factory constructed with filter configurations : {}
20:24:25.848 [main] DEBUG org.hibernate.internal.SessionFactoryImpl - Instantiating session factory with properties: {awt.toolkit=sun.awt.X11.XToolkit, java.specification.version=11, sun.cpu.isalist=, sun.jnu.encoding=UTF-8, hibernate.connection.release_mode=ON_CLOSE, sun.arch.data.model=64, java.vendor.url=http://java.oracle.com/, sun.boot.library.path=/usr/lib/jvm/java-11-openjdk-amd64/lib, sun.java.command=/home/whitewolf/tau/TAU-repozytorium/tau-mmo-jmeter/target/surefire/surefirebooter3743684750447416578.jar /home/whitewolf/tau/TAU-repozytorium/tau-mmo-jmeter/target/surefire 2019-05-27T20-24-21_781-jvmRun1 surefire6552960694995493992tmp surefire_06547653810239904951tmp, jdk.debug=release, java.specification.vendor=Oracle Corporation, java.version.date=2019-04-16, java.home=/usr/lib/jvm/java-11-openjdk-amd64, file.separator=/, basedir=/home/whitewolf/tau/TAU-repozytorium/tau-mmo-jmeter, java.vm.compressedOopsMode=Zero based, line.separator=
, java.specification.name=Java Platform API Specification, java.vm.specification.vendor=Oracle Corporation, hibernate.hbm2ddl.auto=update, sun.management.compiler=HotSpot 64-Bit Tiered Compilers, java.runtime.version=11.0.3+7-Ubuntu-1ubuntu218.04.1, user.name=whitewolf, file.encoding=UTF-8, hibernate.classLoaders=[jdk.internal.loader.ClassLoaders$AppClassLoader@1affbebc], hibernate.current_session_context_class=org.springframework.orm.hibernate5.SpringSessionContext, localRepository=/home/whitewolf/.m2/repository, java.io.tmpdir=/tmp, java.version=11.0.3, java.vm.specification.name=Java Virtual Machine Specification, java.awt.printerjob=sun.print.PSPrinterJob, sun.os.patch.level=unknown, java.library.path=/usr/java/packages/lib:/usr/lib/x86_64-linux-gnu/jni:/lib/x86_64-linux-gnu:/usr/lib/x86_64-linux-gnu:/usr/lib/jni:/lib:/usr/lib, java.vendor=Oracle Corporation, sun.io.unicode.encoding=UnicodeLittle, sun.desktop=gnome, hibernate.dialect=org.hibernate.dialect.HSQLDialect, java.class.path=/home/whitewolf/tau/TAU-repozytorium/tau-mmo-jmeter/target/test-classes:/home/whitewolf/tau/TAU-repozytorium/tau-mmo-jmeter/target/classes:/home/whitewolf/.m2/repository/org/springframework/boot/spring-boot-starter-web/2.1.4.RELEASE/spring-boot-starter-web-2.1.4.RELEASE.jar:/home/whitewolf/.m2/repository/org/springframework/boot/spring-boot-starter/2.1.4.RELEASE/spring-boot-starter-2.1.4.RELEASE.jar:/home/whitewolf/.m2/repository/org/springframework/boot/spring-boot/2.1.4.RELEASE/spring-boot-2.1.4.RELEASE.jar:/home/whitewolf/.m2/repository/org/springframework/boot/spring-boot-autoconfigure/2.1.4.RELEASE/spring-boot-autoconfigure-2.1.4.RELEASE.jar:/home/whitewolf/.m2/repository/org/springframework/boot/spring-boot-starter-logging/2.1.4.RELEASE/spring-boot-starter-logging-2.1.4.RELEASE.jar:/home/whitewolf/.m2/repository/ch/qos/logback/logback-classic/1.2.3/logback-classic-1.2.3.jar:/home/whitewolf/.m2/repository/ch/qos/logback/logback-core/1.2.3/logback-core-1.2.3.jar:/home/whitewolf/.m2/repository/org/apache/logging/log4j/log4j-to-slf4j/2.11.2/log4j-to-slf4j-2.11.2.jar:/home/whitewolf/.m2/repository/org/apache/logging/log4j/log4j-api/2.11.2/log4j-api-2.11.2.jar:/home/whitewolf/.m2/repository/org/slf4j/jul-to-slf4j/1.7.26/jul-to-slf4j-1.7.26.jar:/home/whitewolf/.m2/repository/org/yaml/snakeyaml/1.23/snakeyaml-1.23.jar:/home/whitewolf/.m2/repository/org/springframework/boot/spring-boot-starter-json/2.1.4.RELEASE/spring-boot-starter-json-2.1.4.RELEASE.jar:/home/whitewolf/.m2/repository/com/fasterxml/jackson/core/jackson-databind/2.9.8/jackson-databind-2.9.8.jar:/home/whitewolf/.m2/repository/com/fasterxml/jackson/core/jackson-annotations/2.9.0/jackson-annotations-2.9.0.jar:/home/whitewolf/.m2/repository/com/fasterxml/jackson/core/jackson-core/2.9.8/jackson-core-2.9.8.jar:/home/whitewolf/.m2/repository/com/fasterxml/jackson/datatype/jackson-datatype-jdk8/2.9.8/jackson-datatype-jdk8-2.9.8.jar:/home/whitewolf/.m2/repository/com/fasterxml/jackson/datatype/jackson-datatype-jsr310/2.9.8/jackson-datatype-jsr310-2.9.8.jar:/home/whitewolf/.m2/repository/com/fasterxml/jackson/module/jackson-module-parameter-names/2.9.8/jackson-module-parameter-names-2.9.8.jar:/home/whitewolf/.m2/repository/org/hibernate/validator/hibernate-validator/6.0.16.Final/hibernate-validator-6.0.16.Final.jar:/home/whitewolf/.m2/repository/javax/validation/validation-api/2.0.1.Final/validation-api-2.0.1.Final.jar:/home/whitewolf/.m2/repository/org/springframework/spring-web/5.1.6.RELEASE/spring-web-5.1.6.RELEASE.jar:/home/whitewolf/.m2/repository/org/springframework/spring-webmvc/5.1.6.RELEASE/spring-webmvc-5.1.6.RELEASE.jar:/home/whitewolf/.m2/repository/org/springframework/spring-aop/5.1.6.RELEASE/spring-aop-5.1.6.RELEASE.jar:/home/whitewolf/.m2/repository/org/springframework/spring-context/5.1.6.RELEASE/spring-context-5.1.6.RELEASE.jar:/home/whitewolf/.m2/repository/org/springframework/spring-expression/5.1.6.RELEASE/spring-expression-5.1.6.RELEASE.jar:/home/whitewolf/.m2/repository/org/springframework/boot/spring-boot-starter-test/2.1.4.RELEASE/spring-boot-starter-test-2.1.4.RELEASE.jar:/home/whitewolf/.m2/repository/org/springframework/boot/spring-boot-test/2.1.4.RELEASE/spring-boot-test-2.1.4.RELEASE.jar:/home/whitewolf/.m2/repository/org/springframework/boot/spring-boot-test-autoconfigure/2.1.4.RELEASE/spring-boot-test-autoconfigure-2.1.4.RELEASE.jar:/home/whitewolf/.m2/repository/junit/junit/4.12/junit-4.12.jar:/home/whitewolf/.m2/repository/org/assertj/assertj-core/3.11.1/assertj-core-3.11.1.jar:/home/whitewolf/.m2/repository/org/mockito/mockito-core/2.23.4/mockito-core-2.23.4.jar:/home/whitewolf/.m2/repository/net/bytebuddy/byte-buddy/1.9.12/byte-buddy-1.9.12.jar:/home/whitewolf/.m2/repository/net/bytebuddy/byte-buddy-agent/1.9.12/byte-buddy-agent-1.9.12.jar:/home/whitewolf/.m2/repository/org/objenesis/objenesis/2.6/objenesis-2.6.jar:/home/whitewolf/.m2/repository/org/hamcrest/hamcrest-core/1.3/hamcrest-core-1.3.jar:/home/whitewolf/.m2/repository/org/hamcrest/hamcrest-library/1.3/hamcrest-library-1.3.jar:/home/whitewolf/.m2/repository/org/skyscreamer/jsonassert/1.5.0/jsonassert-1.5.0.jar:/home/whitewolf/.m2/repository/com/vaadin/external/google/android-json/0.0.20131108.vaadin1/android-json-0.0.20131108.vaadin1.jar:/home/whitewolf/.m2/repository/org/springframework/spring-core/5.1.6.RELEASE/spring-core-5.1.6.RELEASE.jar:/home/whitewolf/.m2/repository/org/springframework/spring-jcl/5.1.6.RELEASE/spring-jcl-5.1.6.RELEASE.jar:/home/whitewolf/.m2/repository/org/springframework/spring-test/5.1.6.RELEASE/spring-test-5.1.6.RELEASE.jar:/home/whitewolf/.m2/repository/org/xmlunit/xmlunit-core/2.6.2/xmlunit-core-2.6.2.jar:/home/whitewolf/.m2/repository/org/springframework/boot/spring-boot-starter-tomcat/2.1.4.RELEASE/spring-boot-starter-tomcat-2.1.4.RELEASE.jar:/home/whitewolf/.m2/repository/javax/annotation/javax.annotation-api/1.3.2/javax.annotation-api-1.3.2.jar:/home/whitewolf/.m2/repository/org/apache/tomcat/embed/tomcat-embed-core/9.0.17/tomcat-embed-core-9.0.17.jar:/home/whitewolf/.m2/repository/org/apache/tomcat/embed/tomcat-embed-el/9.0.17/tomcat-embed-el-9.0.17.jar:/home/whitewolf/.m2/repository/org/apache/tomcat/embed/tomcat-embed-websocket/9.0.17/tomcat-embed-websocket-9.0.17.jar:/home/whitewolf/.m2/repository/org/springframework/boot/spring-boot-starter-data-jpa/2.1.4.RELEASE/spring-boot-starter-data-jpa-2.1.4.RELEASE.jar:/home/whitewolf/.m2/repository/org/springframework/boot/spring-boot-starter-aop/2.1.4.RELEASE/spring-boot-starter-aop-2.1.4.RELEASE.jar:/home/whitewolf/.m2/repository/org/aspectj/aspectjweaver/1.9.2/aspectjweaver-1.9.2.jar:/home/whitewolf/.m2/repository/org/springframework/boot/spring-boot-starter-jdbc/2.1.4.RELEASE/spring-boot-starter-jdbc-2.1.4.RELEASE.jar:/home/whitewolf/.m2/repository/com/zaxxer/HikariCP/3.2.0/HikariCP-3.2.0.jar:/home/whitewolf/.m2/repository/org/springframework/spring-jdbc/5.1.6.RELEASE/spring-jdbc-5.1.6.RELEASE.jar:/home/whitewolf/.m2/repository/javax/transaction/javax.transaction-api/1.3/javax.transaction-api-1.3.jar:/home/whitewolf/.m2/repository/javax/xml/bind/jaxb-api/2.3.1/jaxb-api-2.3.1.jar:/home/whitewolf/.m2/repository/javax/activation/javax.activation-api/1.2.0/javax.activation-api-1.2.0.jar:/home/whitewolf/.m2/repository/org/springframework/data/spring-data-jpa/2.1.6.RELEASE/spring-data-jpa-2.1.6.RELEASE.jar:/home/whitewolf/.m2/repository/org/springframework/data/spring-data-commons/2.1.6.RELEASE/spring-data-commons-2.1.6.RELEASE.jar:/home/whitewolf/.m2/repository/org/springframework/spring-orm/5.1.6.RELEASE/spring-orm-5.1.6.RELEASE.jar:/home/whitewolf/.m2/repository/org/springframework/spring-aspects/5.1.6.RELEASE/spring-aspects-5.1.6.RELEASE.jar:/home/whitewolf/.m2/repository/org/springframework/spring-tx/5.1.6.RELEASE/spring-tx-5.1.6.RELEASE.jar:/home/whitewolf/.m2/repository/org/springframework/spring-beans/5.1.6.RELEASE/spring-beans-5.1.6.RELEASE.jar:/home/whitewolf/.m2/repository/com/jayway/jsonpath/json-path/2.4.0/json-path-2.4.0.jar:/home/whitewolf/.m2/repository/net/minidev/json-smart/2.3/json-smart-2.3.jar:/home/whitewolf/.m2/repository/net/minidev/accessors-smart/1.2/accessors-smart-1.2.jar:/home/whitewolf/.m2/repository/org/ow2/asm/asm/5.0.4/asm-5.0.4.jar:/home/whitewolf/.m2/repository/org/slf4j/slf4j-api/1.7.26/slf4j-api-1.7.26.jar:/home/whitewolf/.m2/repository/org/hibernate/hibernate-core/5.1.6.Final/hibernate-core-5.1.6.Final.jar:/home/whitewolf/.m2/repository/org/jboss/logging/jboss-logging/3.3.2.Final/jboss-logging-3.3.2.Final.jar:/home/whitewolf/.m2/repository/org/hibernate/javax/persistence/hibernate-jpa-2.1-api/1.0.0.Final/hibernate-jpa-2.1-api-1.0.0.Final.jar:/home/whitewolf/.m2/repository/org/javassist/javassist/3.20.0-GA/javassist-3.20.0-GA.jar:/home/whitewolf/.m2/repository/antlr/antlr/2.7.7/antlr-2.7.7.jar:/home/whitewolf/.m2/repository/org/apache/geronimo/specs/geronimo-jta_1.1_spec/1.1.1/geronimo-jta_1.1_spec-1.1.1.jar:/home/whitewolf/.m2/repository/org/jboss/jandex/2.0.3.Final/jandex-2.0.3.Final.jar:/home/whitewolf/.m2/repository/com/fasterxml/classmate/1.4.0/classmate-1.4.0.jar:/home/whitewolf/.m2/repository/dom4j/dom4j/1.6.1/dom4j-1.6.1.jar:/home/whitewolf/.m2/repository/org/hibernate/common/hibernate-commons-annotations/5.0.1.Final/hibernate-commons-annotations-5.0.1.Final.jar:/home/whitewolf/.m2/repository/org/hsqldb/hsqldb/2.3.4/hsqldb-2.3.4.jar:, java.vm.vendor=Oracle Corporation, user.timezone=Europe/Warsaw, os.name=Linux, java.vm.specification.version=11, sun.java.launcher=SUN_STANDARD, user.country=PL, surefire.test.class.path=/home/whitewolf/tau/TAU-repozytorium/tau-mmo-jmeter/target/test-classes:/home/whitewolf/tau/TAU-repozytorium/tau-mmo-jmeter/target/classes:/home/whitewolf/.m2/repository/org/springframework/boot/spring-boot-starter-web/2.1.4.RELEASE/spring-boot-starter-web-2.1.4.RELEASE.jar:/home/whitewolf/.m2/repository/org/springframework/boot/spring-boot-starter/2.1.4.RELEASE/spring-boot-starter-2.1.4.RELEASE.jar:/home/whitewolf/.m2/repository/org/springframework/boot/spring-boot/2.1.4.RELEASE/spring-boot-2.1.4.RELEASE.jar:/home/whitewolf/.m2/repository/org/springframework/boot/spring-boot-autoconfigure/2.1.4.RELEASE/spring-boot-autoconfigure-2.1.4.RELEASE.jar:/home/whitewolf/.m2/repository/org/springframework/boot/spring-boot-starter-logging/2.1.4.RELEASE/spring-boot-starter-logging-2.1.4.RELEASE.jar:/home/whitewolf/.m2/repository/ch/qos/logback/logback-classic/1.2.3/logback-classic-1.2.3.jar:/home/whitewolf/.m2/repository/ch/qos/logback/logback-core/1.2.3/logback-core-1.2.3.jar:/home/whitewolf/.m2/repository/org/apache/logging/log4j/log4j-to-slf4j/2.11.2/log4j-to-slf4j-2.11.2.jar:/home/whitewolf/.m2/repository/org/apache/logging/log4j/log4j-api/2.11.2/log4j-api-2.11.2.jar:/home/whitewolf/.m2/repository/org/slf4j/jul-to-slf4j/1.7.26/jul-to-slf4j-1.7.26.jar:/home/whitewolf/.m2/repository/org/yaml/snakeyaml/1.23/snakeyaml-1.23.jar:/home/whitewolf/.m2/repository/org/springframework/boot/spring-boot-starter-json/2.1.4.RELEASE/spring-boot-starter-json-2.1.4.RELEASE.jar:/home/whitewolf/.m2/repository/com/fasterxml/jackson/core/jackson-databind/2.9.8/jackson-databind-2.9.8.jar:/home/whitewolf/.m2/repository/com/fasterxml/jackson/core/jackson-annotations/2.9.0/jackson-annotations-2.9.0.jar:/home/whitewolf/.m2/repository/com/fasterxml/jackson/core/jackson-core/2.9.8/jackson-core-2.9.8.jar:/home/whitewolf/.m2/repository/com/fasterxml/jackson/datatype/jackson-datatype-jdk8/2.9.8/jackson-datatype-jdk8-2.9.8.jar:/home/whitewolf/.m2/repository/com/fasterxml/jackson/datatype/jackson-datatype-jsr310/2.9.8/jackson-datatype-jsr310-2.9.8.jar:/home/whitewolf/.m2/repository/com/fasterxml/jackson/module/jackson-module-parameter-names/2.9.8/jackson-module-parameter-names-2.9.8.jar:/home/whitewolf/.m2/repository/org/hibernate/validator/hibernate-validator/6.0.16.Final/hibernate-validator-6.0.16.Final.jar:/home/whitewolf/.m2/repository/javax/validation/validation-api/2.0.1.Final/validation-api-2.0.1.Final.jar:/home/whitewolf/.m2/repository/org/springframework/spring-web/5.1.6.RELEASE/spring-web-5.1.6.RELEASE.jar:/home/whitewolf/.m2/repository/org/springframework/spring-webmvc/5.1.6.RELEASE/spring-webmvc-5.1.6.RELEASE.jar:/home/whitewolf/.m2/repository/org/springframework/spring-aop/5.1.6.RELEASE/spring-aop-5.1.6.RELEASE.jar:/home/whitewolf/.m2/repository/org/springframework/spring-context/5.1.6.RELEASE/spring-context-5.1.6.RELEASE.jar:/home/whitewolf/.m2/repository/org/springframework/spring-expression/5.1.6.RELEASE/spring-expression-5.1.6.RELEASE.jar:/home/whitewolf/.m2/repository/org/springframework/boot/spring-boot-starter-test/2.1.4.RELEASE/spring-boot-starter-test-2.1.4.RELEASE.jar:/home/whitewolf/.m2/repository/org/springframework/boot/spring-boot-test/2.1.4.RELEASE/spring-boot-test-2.1.4.RELEASE.jar:/home/whitewolf/.m2/repository/org/springframework/boot/spring-boot-test-autoconfigure/2.1.4.RELEASE/spring-boot-test-autoconfigure-2.1.4.RELEASE.jar:/home/whitewolf/.m2/repository/junit/junit/4.12/junit-4.12.jar:/home/whitewolf/.m2/repository/org/assertj/assertj-core/3.11.1/assertj-core-3.11.1.jar:/home/whitewolf/.m2/repository/org/mockito/mockito-core/2.23.4/mockito-core-2.23.4.jar:/home/whitewolf/.m2/repository/net/bytebuddy/byte-buddy/1.9.12/byte-buddy-1.9.12.jar:/home/whitewolf/.m2/repository/net/bytebuddy/byte-buddy-agent/1.9.12/byte-buddy-agent-1.9.12.jar:/home/whitewolf/.m2/repository/org/objenesis/objenesis/2.6/objenesis-2.6.jar:/home/whitewolf/.m2/repository/org/hamcrest/hamcrest-core/1.3/hamcrest-core-1.3.jar:/home/whitewolf/.m2/repository/org/hamcrest/hamcrest-library/1.3/hamcrest-library-1.3.jar:/home/whitewolf/.m2/repository/org/skyscreamer/jsonassert/1.5.0/jsonassert-1.5.0.jar:/home/whitewolf/.m2/repository/com/vaadin/external/google/android-json/0.0.20131108.vaadin1/android-json-0.0.20131108.vaadin1.jar:/home/whitewolf/.m2/repository/org/springframework/spring-core/5.1.6.RELEASE/spring-core-5.1.6.RELEASE.jar:/home/whitewolf/.m2/repository/org/springframework/spring-jcl/5.1.6.RELEASE/spring-jcl-5.1.6.RELEASE.jar:/home/whitewolf/.m2/repository/org/springframework/spring-test/5.1.6.RELEASE/spring-test-5.1.6.RELEASE.jar:/home/whitewolf/.m2/repository/org/xmlunit/xmlunit-core/2.6.2/xmlunit-core-2.6.2.jar:/home/whitewolf/.m2/repository/org/springframework/boot/spring-boot-starter-tomcat/2.1.4.RELEASE/spring-boot-starter-tomcat-2.1.4.RELEASE.jar:/home/whitewolf/.m2/repository/javax/annotation/javax.annotation-api/1.3.2/javax.annotation-api-1.3.2.jar:/home/whitewolf/.m2/repository/org/apache/tomcat/embed/tomcat-embed-core/9.0.17/tomcat-embed-core-9.0.17.jar:/home/whitewolf/.m2/repository/org/apache/tomcat/embed/tomcat-embed-el/9.0.17/tomcat-embed-el-9.0.17.jar:/home/whitewolf/.m2/repository/org/apache/tomcat/embed/tomcat-embed-websocket/9.0.17/tomcat-embed-websocket-9.0.17.jar:/home/whitewolf/.m2/repository/org/springframework/boot/spring-boot-starter-data-jpa/2.1.4.RELEASE/spring-boot-starter-data-jpa-2.1.4.RELEASE.jar:/home/whitewolf/.m2/repository/org/springframework/boot/spring-boot-starter-aop/2.1.4.RELEASE/spring-boot-starter-aop-2.1.4.RELEASE.jar:/home/whitewolf/.m2/repository/org/aspectj/aspectjweaver/1.9.2/aspectjweaver-1.9.2.jar:/home/whitewolf/.m2/repository/org/springframework/boot/spring-boot-starter-jdbc/2.1.4.RELEASE/spring-boot-starter-jdbc-2.1.4.RELEASE.jar:/home/whitewolf/.m2/repository/com/zaxxer/HikariCP/3.2.0/HikariCP-3.2.0.jar:/home/whitewolf/.m2/repository/org/springframework/spring-jdbc/5.1.6.RELEASE/spring-jdbc-5.1.6.RELEASE.jar:/home/whitewolf/.m2/repository/javax/transaction/javax.transaction-api/1.3/javax.transaction-api-1.3.jar:/home/whitewolf/.m2/repository/javax/xml/bind/jaxb-api/2.3.1/jaxb-api-2.3.1.jar:/home/whitewolf/.m2/repository/javax/activation/javax.activation-api/1.2.0/javax.activation-api-1.2.0.jar:/home/whitewolf/.m2/repository/org/springframework/data/spring-data-jpa/2.1.6.RELEASE/spring-data-jpa-2.1.6.RELEASE.jar:/home/whitewolf/.m2/repository/org/springframework/data/spring-data-commons/2.1.6.RELEASE/spring-data-commons-2.1.6.RELEASE.jar:/home/whitewolf/.m2/repository/org/springframework/spring-orm/5.1.6.RELEASE/spring-orm-5.1.6.RELEASE.jar:/home/whitewolf/.m2/repository/org/springframework/spring-aspects/5.1.6.RELEASE/spring-aspects-5.1.6.RELEASE.jar:/home/whitewolf/.m2/repository/org/springframework/spring-tx/5.1.6.RELEASE/spring-tx-5.1.6.RELEASE.jar:/home/whitewolf/.m2/repository/org/springframework/spring-beans/5.1.6.RELEASE/spring-beans-5.1.6.RELEASE.jar:/home/whitewolf/.m2/repository/com/jayway/jsonpath/json-path/2.4.0/json-path-2.4.0.jar:/home/whitewolf/.m2/repository/net/minidev/json-smart/2.3/json-smart-2.3.jar:/home/whitewolf/.m2/repository/net/minidev/accessors-smart/1.2/accessors-smart-1.2.jar:/home/whitewolf/.m2/repository/org/ow2/asm/asm/5.0.4/asm-5.0.4.jar:/home/whitewolf/.m2/repository/org/slf4j/slf4j-api/1.7.26/slf4j-api-1.7.26.jar:/home/whitewolf/.m2/repository/org/hibernate/hibernate-core/5.1.6.Final/hibernate-core-5.1.6.Final.jar:/home/whitewolf/.m2/repository/org/jboss/logging/jboss-logging/3.3.2.Final/jboss-logging-3.3.2.Final.jar:/home/whitewolf/.m2/repository/org/hibernate/javax/persistence/hibernate-jpa-2.1-api/1.0.0.Final/hibernate-jpa-2.1-api-1.0.0.Final.jar:/home/whitewolf/.m2/repository/org/javassist/javassist/3.20.0-GA/javassist-3.20.0-GA.jar:/home/whitewolf/.m2/repository/antlr/antlr/2.7.7/antlr-2.7.7.jar:/home/whitewolf/.m2/repository/org/apache/geronimo/specs/geronimo-jta_1.1_spec/1.1.1/geronimo-jta_1.1_spec-1.1.1.jar:/home/whitewolf/.m2/repository/org/jboss/jandex/2.0.3.Final/jandex-2.0.3.Final.jar:/home/whitewolf/.m2/repository/com/fasterxml/classmate/1.4.0/classmate-1.4.0.jar:/home/whitewolf/.m2/repository/dom4j/dom4j/1.6.1/dom4j-1.6.1.jar:/home/whitewolf/.m2/repository/org/hibernate/common/hibernate-commons-annotations/5.0.1.Final/hibernate-commons-annotations-5.0.1.Final.jar:/home/whitewolf/.m2/repository/org/hsqldb/hsqldb/2.3.4/hsqldb-2.3.4.jar:, sun.cpu.endian=little, user.home=/home/whitewolf, user.language=pl, java.awt.graphicsenv=sun.awt.X11GraphicsEnvironment, surefire.real.class.path=/home/whitewolf/tau/TAU-repozytorium/tau-mmo-jmeter/target/surefire/surefirebooter3743684750447416578.jar, path.separator=:, os.version=4.15.0-47-generic, java.runtime.name=OpenJDK Runtime Environment, java.vm.name=OpenJDK 64-Bit Server VM, hibernate.show_sql=true, java.vendor.url.bug=http://bugreport.java.com/bugreport/, user.dir=/home/whitewolf/tau/TAU-repozytorium/tau-mmo-jmeter, os.arch=amd64, hibernate.boot.CfgXmlAccessService.key=org.hibernate.boot.cfgxml.spi.LoadedConfig@337cb81d, java.vm.info=mixed mode, sharing, java.vm.version=11.0.3+7-Ubuntu-1ubuntu218.04.1, hibernate.bytecode.use_reflection_optimizer=false, hibernate.connection.datasource=org.springframework.jdbc.datasource.DriverManagerDataSource@26feccf7, java.class.version=55.0}
20:24:25.848 [main] DEBUG org.hibernate.validator.internal.engine.resolver.TraversableResolvers - Found javax.persistence.Persistence on classpath containing 'getPersistenceUtil'. Assuming JPA 2 environment. Trying to instantiate JPA aware TraversableResolver
20:24:25.848 [main] DEBUG org.hibernate.validator.internal.engine.resolver.TraversableResolvers - Instantiated JPA aware TraversableResolver of type org.hibernate.validator.internal.engine.resolver.JPATraversableResolver.
20:24:25.848 [main] DEBUG org.hibernate.validator.internal.xml.config.ValidationXmlParser - Trying to load META-INF/validation.xml for XML based Validator configuration.
20:24:25.848 [main] DEBUG org.hibernate.validator.internal.xml.config.ResourceLoaderHelper - Trying to load META-INF/validation.xml via TCCL
20:24:25.848 [main] DEBUG org.hibernate.validator.internal.xml.config.ResourceLoaderHelper - Trying to load META-INF/validation.xml via Hibernate Validator's class loader
20:24:25.848 [main] DEBUG org.hibernate.validator.internal.xml.config.ValidationXmlParser - No META-INF/validation.xml found. Using annotation based configuration only.
20:24:25.851 [main] DEBUG org.hibernate.validator.messageinterpolation.ResourceBundleMessageInterpolator - Loaded expression factory via original TCCL
20:24:25.851 [main] DEBUG org.hibernate.validator.internal.engine.ValidatorFactoryImpl - HV000234: Using org.hibernate.validator.messageinterpolation.ResourceBundleMessageInterpolator as ValidatorFactory-scoped message interpolator.
20:24:25.865 [main] DEBUG org.hibernate.validator.internal.engine.ValidatorFactoryImpl - HV000234: Using org.hibernate.validator.internal.engine.resolver.JPATraversableResolver as ValidatorFactory-scoped traversable resolver.
20:24:25.865 [main] DEBUG org.hibernate.validator.internal.engine.ValidatorFactoryImpl - HV000234: Using org.hibernate.validator.internal.util.ExecutableParameterNameProvider as ValidatorFactory-scoped parameter name provider.
20:24:25.865 [main] DEBUG org.hibernate.validator.internal.engine.ValidatorFactoryImpl - HV000234: Using org.hibernate.validator.internal.engine.DefaultClockProvider as ValidatorFactory-scoped clock provider.
20:24:25.865 [main] DEBUG org.hibernate.validator.internal.engine.ValidatorFactoryImpl - HV000234: Using org.hibernate.validator.internal.engine.scripting.DefaultScriptEvaluatorFactory as ValidatorFactory-scoped script evaluator factory.
20:24:25.865 [main] DEBUG org.hibernate.boot.internal.ClassLoaderAccessImpl - Not known whether passed class name [tau.mmo.domain.Item] is safe
20:24:25.865 [main] DEBUG org.hibernate.boot.internal.ClassLoaderAccessImpl - No temp ClassLoader provided; using live ClassLoader for loading potentially unsafe class : tau.mmo.domain.Item
20:24:25.867 [main] DEBUG org.hibernate.boot.internal.ClassLoaderAccessImpl - Not known whether passed class name [tau.mmo.domain.Player] is safe
20:24:25.867 [main] DEBUG org.hibernate.boot.internal.ClassLoaderAccessImpl - No temp ClassLoader provided; using live ClassLoader for loading potentially unsafe class : tau.mmo.domain.Player
20:24:25.891 [main] DEBUG org.hibernate.secure.spi.JaccIntegrator - Skipping JACC integration as it was not enabled
20:24:25.891 [main] DEBUG org.hibernate.boot.internal.ClassLoaderAccessImpl - Not known whether passed class name [tau.mmo.domain.Item] is safe
20:24:25.891 [main] DEBUG org.hibernate.boot.internal.ClassLoaderAccessImpl - No temp ClassLoader provided; using live ClassLoader for loading potentially unsafe class : tau.mmo.domain.Item
20:24:25.891 [main] DEBUG org.hibernate.boot.internal.ClassLoaderAccessImpl - Not known whether passed class name [tau.mmo.domain.Item] is safe
20:24:25.891 [main] DEBUG org.hibernate.boot.internal.ClassLoaderAccessImpl - No temp ClassLoader provided; using live ClassLoader for loading potentially unsafe class : tau.mmo.domain.Item
20:24:25.892 [main] DEBUG org.hibernate.boot.internal.ClassLoaderAccessImpl - Not known whether passed class name [tau.mmo.domain.Player] is safe
20:24:25.892 [main] DEBUG org.hibernate.boot.internal.ClassLoaderAccessImpl - No temp ClassLoader provided; using live ClassLoader for loading potentially unsafe class : tau.mmo.domain.Player
20:24:25.892 [main] DEBUG org.hibernate.boot.internal.ClassLoaderAccessImpl - Not known whether passed class name [tau.mmo.domain.Player] is safe
20:24:25.892 [main] DEBUG org.hibernate.boot.internal.ClassLoaderAccessImpl - No temp ClassLoader provided; using live ClassLoader for loading potentially unsafe class : tau.mmo.domain.Player
20:24:25.893 [main] DEBUG org.hibernate.persister.collection.AbstractCollectionPersister - Static SQL for collection: tau.mmo.domain.Player.items
20:24:25.893 [main] DEBUG org.hibernate.persister.collection.AbstractCollectionPersister -  Row insert: update item set player_id=? where id=?
20:24:25.893 [main] DEBUG org.hibernate.persister.collection.AbstractCollectionPersister -  Row update: update item set  where id=?
20:24:25.893 [main] DEBUG org.hibernate.persister.collection.AbstractCollectionPersister -  Row delete: update item set player_id=null where player_id=? and id=?
20:24:25.893 [main] DEBUG org.hibernate.persister.collection.AbstractCollectionPersister -  One-shot delete: update item set player_id=null where player_id=?
20:24:25.893 [main] DEBUG org.hibernate.persister.entity.AbstractEntityPersister - Static SQL for entity: tau.mmo.domain.Item
20:24:25.893 [main] DEBUG org.hibernate.persister.entity.AbstractEntityPersister -  Version select: select id from item where id =?
20:24:25.893 [main] DEBUG org.hibernate.persister.entity.AbstractEntityPersister -  Snapshot select: select item_.id, item_.itemclass as itemclas2_0_, item_.levelreq as levelreq3_0_, item_.name as name4_0_, item_.player_id as player_i5_0_ from item item_ where item_.id=?
20:24:25.893 [main] DEBUG org.hibernate.persister.entity.AbstractEntityPersister -  Insert 0: insert into item (itemclass, levelreq, name, player_id, id) values (?, ?, ?, ?, ?)
20:24:25.893 [main] DEBUG org.hibernate.persister.entity.AbstractEntityPersister -  Update 0: update item set itemclass=?, levelreq=?, name=?, player_id=? where id=?
20:24:25.893 [main] DEBUG org.hibernate.persister.entity.AbstractEntityPersister -  Delete 0: delete from item where id=?
20:24:25.893 [main] DEBUG org.hibernate.loader.plan.build.internal.spaces.QuerySpacesImpl - Adding QuerySpace : uid = <gen:0> -> org.hibernate.loader.plan.build.internal.spaces.EntityQuerySpaceImpl@807c1e8]
20:24:25.893 [main] DEBUG org.hibernate.persister.walking.spi.MetamodelGraphWalker - Visiting attribute path : itemclass
20:24:25.893 [main] DEBUG org.hibernate.persister.walking.spi.MetamodelGraphWalker - Visiting attribute path : levelreq
20:24:25.893 [main] DEBUG org.hibernate.persister.walking.spi.MetamodelGraphWalker - Visiting attribute path : name
20:24:25.893 [main] DEBUG org.hibernate.persister.walking.spi.MetamodelGraphWalker - Visiting attribute path : player
20:24:25.893 [main] DEBUG org.hibernate.loader.plan.build.internal.spaces.QuerySpacesImpl - Adding QuerySpace : uid = <gen:1> -> org.hibernate.loader.plan.build.internal.spaces.EntityQuerySpaceImpl@54f9326c]
20:24:25.893 [main] DEBUG org.hibernate.loader.plan.build.internal.FetchStyleLoadPlanBuildingAssociationVisitationStrategy - Building LoadPlan...
20:24:25.893 [main] DEBUG org.hibernate.loader.plan.exec.internal.LoadQueryJoinAndFetchProcessor - processing queryspace <gen:0>
20:24:25.893 [main] DEBUG org.hibernate.loader.plan.build.spi.LoadPlanTreePrinter - LoadPlan(entity=tau.mmo.domain.Item)
    - Returns
       - EntityReturnImpl(entity=tau.mmo.domain.Item, querySpaceUid=<gen:0>, path=tau.mmo.domain.Item)
          - EntityAttributeFetchImpl(entity=tau.mmo.domain.Player, querySpaceUid=<gen:1>, path=tau.mmo.domain.Item.player)
    - QuerySpaces
       - EntityQuerySpaceImpl(uid=<gen:0>, entity=tau.mmo.domain.Item)
          - SQL table alias mapping - item0_
          - alias suffix - 0_
          - suffixed key columns - {id1_0_0_}

20:24:25.893 [main] DEBUG org.hibernate.loader.entity.plan.EntityLoader - Static select for entity tau.mmo.domain.Item [NONE]: select item0_.id as id1_0_0_, item0_.itemclass as itemclas2_0_0_, item0_.levelreq as levelreq3_0_0_, item0_.name as name4_0_0_, item0_.player_id as player_i5_0_0_ from item item0_ where item0_.id=?
20:24:25.893 [main] DEBUG org.hibernate.loader.plan.build.internal.spaces.QuerySpacesImpl - Adding QuerySpace : uid = <gen:0> -> org.hibernate.loader.plan.build.internal.spaces.EntityQuerySpaceImpl@5016f1a]
20:24:25.893 [main] DEBUG org.hibernate.persister.walking.spi.MetamodelGraphWalker - Visiting attribute path : itemclass
20:24:25.893 [main] DEBUG org.hibernate.persister.walking.spi.MetamodelGraphWalker - Visiting attribute path : levelreq
20:24:25.893 [main] DEBUG org.hibernate.persister.walking.spi.MetamodelGraphWalker - Visiting attribute path : name
20:24:25.893 [main] DEBUG org.hibernate.persister.walking.spi.MetamodelGraphWalker - Visiting attribute path : player
20:24:25.893 [main] DEBUG org.hibernate.loader.plan.build.internal.spaces.QuerySpacesImpl - Adding QuerySpace : uid = <gen:1> -> org.hibernate.loader.plan.build.internal.spaces.EntityQuerySpaceImpl@56dde9f7]
20:24:25.893 [main] DEBUG org.hibernate.loader.plan.build.internal.FetchStyleLoadPlanBuildingAssociationVisitationStrategy - Building LoadPlan...
20:24:25.894 [main] DEBUG org.hibernate.loader.plan.exec.internal.LoadQueryJoinAndFetchProcessor - processing queryspace <gen:0>
20:24:25.894 [main] DEBUG org.hibernate.loader.plan.build.spi.LoadPlanTreePrinter - LoadPlan(entity=tau.mmo.domain.Item)
    - Returns
       - EntityReturnImpl(entity=tau.mmo.domain.Item, querySpaceUid=<gen:0>, path=tau.mmo.domain.Item)
          - EntityAttributeFetchImpl(entity=tau.mmo.domain.Player, querySpaceUid=<gen:1>, path=tau.mmo.domain.Item.player)
    - QuerySpaces
       - EntityQuerySpaceImpl(uid=<gen:0>, entity=tau.mmo.domain.Item)
          - SQL table alias mapping - item0_
          - alias suffix - 0_
          - suffixed key columns - {id1_0_0_}

20:24:25.894 [main] DEBUG org.hibernate.loader.entity.plan.EntityLoader - Static select for entity tau.mmo.domain.Item [READ]: select item0_.id as id1_0_0_, item0_.itemclass as itemclas2_0_0_, item0_.levelreq as levelreq3_0_0_, item0_.name as name4_0_0_, item0_.player_id as player_i5_0_0_ from item item0_ where item0_.id=?
20:24:25.894 [main] DEBUG org.hibernate.loader.plan.build.internal.spaces.QuerySpacesImpl - Adding QuerySpace : uid = <gen:0> -> org.hibernate.loader.plan.build.internal.spaces.EntityQuerySpaceImpl@4b2acb12]
20:24:25.894 [main] DEBUG org.hibernate.persister.walking.spi.MetamodelGraphWalker - Visiting attribute path : itemclass
20:24:25.894 [main] DEBUG org.hibernate.persister.walking.spi.MetamodelGraphWalker - Visiting attribute path : levelreq
20:24:25.894 [main] DEBUG org.hibernate.persister.walking.spi.MetamodelGraphWalker - Visiting attribute path : name
20:24:25.894 [main] DEBUG org.hibernate.persister.walking.spi.MetamodelGraphWalker - Visiting attribute path : player
20:24:25.894 [main] DEBUG org.hibernate.loader.plan.build.internal.spaces.QuerySpacesImpl - Adding QuerySpace : uid = <gen:1> -> org.hibernate.loader.plan.build.internal.spaces.EntityQuerySpaceImpl@998fbd4]
20:24:25.894 [main] DEBUG org.hibernate.loader.plan.build.internal.FetchStyleLoadPlanBuildingAssociationVisitationStrategy - Building LoadPlan...
20:24:25.894 [main] DEBUG org.hibernate.loader.plan.exec.internal.LoadQueryJoinAndFetchProcessor - processing queryspace <gen:0>
20:24:25.894 [main] DEBUG org.hibernate.loader.plan.build.spi.LoadPlanTreePrinter - LoadPlan(entity=tau.mmo.domain.Item)
    - Returns
       - EntityReturnImpl(entity=tau.mmo.domain.Item, querySpaceUid=<gen:0>, path=tau.mmo.domain.Item)
          - EntityAttributeFetchImpl(entity=tau.mmo.domain.Player, querySpaceUid=<gen:1>, path=tau.mmo.domain.Item.player)
    - QuerySpaces
       - EntityQuerySpaceImpl(uid=<gen:0>, entity=tau.mmo.domain.Item)
          - SQL table alias mapping - item0_
          - alias suffix - 0_
          - suffixed key columns - {id1_0_0_}

20:24:25.894 [main] DEBUG org.hibernate.loader.entity.plan.EntityLoader - Static select for entity tau.mmo.domain.Item [UPGRADE]: select item0_.id as id1_0_0_, item0_.itemclass as itemclas2_0_0_, item0_.levelreq as levelreq3_0_0_, item0_.name as name4_0_0_, item0_.player_id as player_i5_0_0_ from item item0_ where item0_.id=? for update
20:24:25.894 [main] DEBUG org.hibernate.loader.plan.build.internal.spaces.QuerySpacesImpl - Adding QuerySpace : uid = <gen:0> -> org.hibernate.loader.plan.build.internal.spaces.EntityQuerySpaceImpl@30333941]
20:24:25.894 [main] DEBUG org.hibernate.persister.walking.spi.MetamodelGraphWalker - Visiting attribute path : itemclass
20:24:25.894 [main] DEBUG org.hibernate.persister.walking.spi.MetamodelGraphWalker - Visiting attribute path : levelreq
20:24:25.894 [main] DEBUG org.hibernate.persister.walking.spi.MetamodelGraphWalker - Visiting attribute path : name
20:24:25.894 [main] DEBUG org.hibernate.persister.walking.spi.MetamodelGraphWalker - Visiting attribute path : player
20:24:25.894 [main] DEBUG org.hibernate.loader.plan.build.internal.spaces.QuerySpacesImpl - Adding QuerySpace : uid = <gen:1> -> org.hibernate.loader.plan.build.internal.spaces.EntityQuerySpaceImpl@8afce3]
20:24:25.894 [main] DEBUG org.hibernate.loader.plan.build.internal.FetchStyleLoadPlanBuildingAssociationVisitationStrategy - Building LoadPlan...
20:24:25.894 [main] DEBUG org.hibernate.loader.plan.exec.internal.LoadQueryJoinAndFetchProcessor - processing queryspace <gen:0>
20:24:25.894 [main] DEBUG org.hibernate.loader.plan.build.spi.LoadPlanTreePrinter - LoadPlan(entity=tau.mmo.domain.Item)
    - Returns
       - EntityReturnImpl(entity=tau.mmo.domain.Item, querySpaceUid=<gen:0>, path=tau.mmo.domain.Item)
          - EntityAttributeFetchImpl(entity=tau.mmo.domain.Player, querySpaceUid=<gen:1>, path=tau.mmo.domain.Item.player)
    - QuerySpaces
       - EntityQuerySpaceImpl(uid=<gen:0>, entity=tau.mmo.domain.Item)
          - SQL table alias mapping - item0_
          - alias suffix - 0_
          - suffixed key columns - {id1_0_0_}

20:24:25.894 [main] DEBUG org.hibernate.loader.entity.plan.EntityLoader - Static select for entity tau.mmo.domain.Item [UPGRADE_NOWAIT]: select item0_.id as id1_0_0_, item0_.itemclass as itemclas2_0_0_, item0_.levelreq as levelreq3_0_0_, item0_.name as name4_0_0_, item0_.player_id as player_i5_0_0_ from item item0_ where item0_.id=? for update
20:24:25.894 [main] DEBUG org.hibernate.loader.plan.build.internal.spaces.QuerySpacesImpl - Adding QuerySpace : uid = <gen:0> -> org.hibernate.loader.plan.build.internal.spaces.EntityQuerySpaceImpl@4e02f17d]
20:24:25.894 [main] DEBUG org.hibernate.persister.walking.spi.MetamodelGraphWalker - Visiting attribute path : itemclass
20:24:25.894 [main] DEBUG org.hibernate.persister.walking.spi.MetamodelGraphWalker - Visiting attribute path : levelreq
20:24:25.894 [main] DEBUG org.hibernate.persister.walking.spi.MetamodelGraphWalker - Visiting attribute path : name
20:24:25.894 [main] DEBUG org.hibernate.persister.walking.spi.MetamodelGraphWalker - Visiting attribute path : player
20:24:25.894 [main] DEBUG org.hibernate.loader.plan.build.internal.spaces.QuerySpacesImpl - Adding QuerySpace : uid = <gen:1> -> org.hibernate.loader.plan.build.internal.spaces.EntityQuerySpaceImpl@2a73a64f]
20:24:25.895 [main] DEBUG org.hibernate.loader.plan.build.internal.FetchStyleLoadPlanBuildingAssociationVisitationStrategy - Building LoadPlan...
20:24:25.895 [main] DEBUG org.hibernate.loader.plan.exec.internal.LoadQueryJoinAndFetchProcessor - processing queryspace <gen:0>
20:24:25.895 [main] DEBUG org.hibernate.loader.plan.build.spi.LoadPlanTreePrinter - LoadPlan(entity=tau.mmo.domain.Item)
    - Returns
       - EntityReturnImpl(entity=tau.mmo.domain.Item, querySpaceUid=<gen:0>, path=tau.mmo.domain.Item)
          - EntityAttributeFetchImpl(entity=tau.mmo.domain.Player, querySpaceUid=<gen:1>, path=tau.mmo.domain.Item.player)
    - QuerySpaces
       - EntityQuerySpaceImpl(uid=<gen:0>, entity=tau.mmo.domain.Item)
          - SQL table alias mapping - item0_
          - alias suffix - 0_
          - suffixed key columns - {id1_0_0_}

20:24:25.895 [main] DEBUG org.hibernate.loader.entity.plan.EntityLoader - Static select for entity tau.mmo.domain.Item [UPGRADE_SKIPLOCKED]: select item0_.id as id1_0_0_, item0_.itemclass as itemclas2_0_0_, item0_.levelreq as levelreq3_0_0_, item0_.name as name4_0_0_, item0_.player_id as player_i5_0_0_ from item item0_ where item0_.id=? for update
20:24:25.895 [main] DEBUG org.hibernate.loader.plan.build.internal.spaces.QuerySpacesImpl - Adding QuerySpace : uid = <gen:0> -> org.hibernate.loader.plan.build.internal.spaces.EntityQuerySpaceImpl@7dc92a06]
20:24:25.895 [main] DEBUG org.hibernate.persister.walking.spi.MetamodelGraphWalker - Visiting attribute path : itemclass
20:24:25.895 [main] DEBUG org.hibernate.persister.walking.spi.MetamodelGraphWalker - Visiting attribute path : levelreq
20:24:25.895 [main] DEBUG org.hibernate.persister.walking.spi.MetamodelGraphWalker - Visiting attribute path : name
20:24:25.895 [main] DEBUG org.hibernate.persister.walking.spi.MetamodelGraphWalker - Visiting attribute path : player
20:24:25.895 [main] DEBUG org.hibernate.loader.plan.build.internal.spaces.QuerySpacesImpl - Adding QuerySpace : uid = <gen:1> -> org.hibernate.loader.plan.build.internal.spaces.EntityQuerySpaceImpl@52bb3dcd]
20:24:25.895 [main] DEBUG org.hibernate.loader.plan.build.internal.FetchStyleLoadPlanBuildingAssociationVisitationStrategy - Building LoadPlan...
20:24:25.895 [main] DEBUG org.hibernate.loader.plan.exec.internal.LoadQueryJoinAndFetchProcessor - processing queryspace <gen:0>
20:24:25.897 [main] DEBUG org.hibernate.loader.plan.build.spi.LoadPlanTreePrinter - LoadPlan(entity=tau.mmo.domain.Item)
    - Returns
       - EntityReturnImpl(entity=tau.mmo.domain.Item, querySpaceUid=<gen:0>, path=tau.mmo.domain.Item)
          - EntityAttributeFetchImpl(entity=tau.mmo.domain.Player, querySpaceUid=<gen:1>, path=tau.mmo.domain.Item.player)
    - QuerySpaces
       - EntityQuerySpaceImpl(uid=<gen:0>, entity=tau.mmo.domain.Item)
          - SQL table alias mapping - item0_
          - alias suffix - 0_
          - suffixed key columns - {id1_0_0_}

20:24:25.897 [main] DEBUG org.hibernate.loader.entity.plan.EntityLoader - Static select for entity tau.mmo.domain.Item [FORCE]: select item0_.id as id1_0_0_, item0_.itemclass as itemclas2_0_0_, item0_.levelreq as levelreq3_0_0_, item0_.name as name4_0_0_, item0_.player_id as player_i5_0_0_ from item item0_ where item0_.id=? for update
20:24:25.897 [main] DEBUG org.hibernate.loader.plan.build.internal.spaces.QuerySpacesImpl - Adding QuerySpace : uid = <gen:0> -> org.hibernate.loader.plan.build.internal.spaces.EntityQuerySpaceImpl@654db80b]
20:24:25.897 [main] DEBUG org.hibernate.persister.walking.spi.MetamodelGraphWalker - Visiting attribute path : itemclass
20:24:25.897 [main] DEBUG org.hibernate.persister.walking.spi.MetamodelGraphWalker - Visiting attribute path : levelreq
20:24:25.897 [main] DEBUG org.hibernate.persister.walking.spi.MetamodelGraphWalker - Visiting attribute path : name
20:24:25.897 [main] DEBUG org.hibernate.persister.walking.spi.MetamodelGraphWalker - Visiting attribute path : player
20:24:25.897 [main] DEBUG org.hibernate.loader.plan.build.internal.spaces.QuerySpacesImpl - Adding QuerySpace : uid = <gen:1> -> org.hibernate.loader.plan.build.internal.spaces.EntityQuerySpaceImpl@383e6734]
20:24:25.897 [main] DEBUG org.hibernate.loader.plan.build.internal.FetchStyleLoadPlanBuildingAssociationVisitationStrategy - Building LoadPlan...
20:24:25.897 [main] DEBUG org.hibernate.loader.plan.exec.internal.LoadQueryJoinAndFetchProcessor - processing queryspace <gen:0>
20:24:25.897 [main] DEBUG org.hibernate.loader.plan.build.spi.LoadPlanTreePrinter - LoadPlan(entity=tau.mmo.domain.Item)
    - Returns
       - EntityReturnImpl(entity=tau.mmo.domain.Item, querySpaceUid=<gen:0>, path=tau.mmo.domain.Item)
          - EntityAttributeFetchImpl(entity=tau.mmo.domain.Player, querySpaceUid=<gen:1>, path=tau.mmo.domain.Item.player)
    - QuerySpaces
       - EntityQuerySpaceImpl(uid=<gen:0>, entity=tau.mmo.domain.Item)
          - SQL table alias mapping - item0_
          - alias suffix - 0_
          - suffixed key columns - {id1_0_0_}

20:24:25.897 [main] DEBUG org.hibernate.loader.entity.plan.EntityLoader - Static select for entity tau.mmo.domain.Item [PESSIMISTIC_READ]: select item0_.id as id1_0_0_, item0_.itemclass as itemclas2_0_0_, item0_.levelreq as levelreq3_0_0_, item0_.name as name4_0_0_, item0_.player_id as player_i5_0_0_ from item item0_ where item0_.id=? for update
20:24:25.897 [main] DEBUG org.hibernate.loader.plan.build.internal.spaces.QuerySpacesImpl - Adding QuerySpace : uid = <gen:0> -> org.hibernate.loader.plan.build.internal.spaces.EntityQuerySpaceImpl@336070ab]
20:24:25.897 [main] DEBUG org.hibernate.persister.walking.spi.MetamodelGraphWalker - Visiting attribute path : itemclass
20:24:25.897 [main] DEBUG org.hibernate.persister.walking.spi.MetamodelGraphWalker - Visiting attribute path : levelreq
20:24:25.897 [main] DEBUG org.hibernate.persister.walking.spi.MetamodelGraphWalker - Visiting attribute path : name
20:24:25.897 [main] DEBUG org.hibernate.persister.walking.spi.MetamodelGraphWalker - Visiting attribute path : player
20:24:25.897 [main] DEBUG org.hibernate.loader.plan.build.internal.spaces.QuerySpacesImpl - Adding QuerySpace : uid = <gen:1> -> org.hibernate.loader.plan.build.internal.spaces.EntityQuerySpaceImpl@6be80629]
20:24:25.897 [main] DEBUG org.hibernate.loader.plan.build.internal.FetchStyleLoadPlanBuildingAssociationVisitationStrategy - Building LoadPlan...
20:24:25.897 [main] DEBUG org.hibernate.loader.plan.exec.internal.LoadQueryJoinAndFetchProcessor - processing queryspace <gen:0>
20:24:25.897 [main] DEBUG org.hibernate.loader.plan.build.spi.LoadPlanTreePrinter - LoadPlan(entity=tau.mmo.domain.Item)
    - Returns
       - EntityReturnImpl(entity=tau.mmo.domain.Item, querySpaceUid=<gen:0>, path=tau.mmo.domain.Item)
          - EntityAttributeFetchImpl(entity=tau.mmo.domain.Player, querySpaceUid=<gen:1>, path=tau.mmo.domain.Item.player)
    - QuerySpaces
       - EntityQuerySpaceImpl(uid=<gen:0>, entity=tau.mmo.domain.Item)
          - SQL table alias mapping - item0_
          - alias suffix - 0_
          - suffixed key columns - {id1_0_0_}

20:24:25.898 [main] DEBUG org.hibernate.loader.entity.plan.EntityLoader - Static select for entity tau.mmo.domain.Item [PESSIMISTIC_WRITE]: select item0_.id as id1_0_0_, item0_.itemclass as itemclas2_0_0_, item0_.levelreq as levelreq3_0_0_, item0_.name as name4_0_0_, item0_.player_id as player_i5_0_0_ from item item0_ where item0_.id=? for update
20:24:25.898 [main] DEBUG org.hibernate.loader.plan.build.internal.spaces.QuerySpacesImpl - Adding QuerySpace : uid = <gen:0> -> org.hibernate.loader.plan.build.internal.spaces.EntityQuerySpaceImpl@20a4cba7]
20:24:25.898 [main] DEBUG org.hibernate.persister.walking.spi.MetamodelGraphWalker - Visiting attribute path : itemclass
20:24:25.898 [main] DEBUG org.hibernate.persister.walking.spi.MetamodelGraphWalker - Visiting attribute path : levelreq
20:24:25.898 [main] DEBUG org.hibernate.persister.walking.spi.MetamodelGraphWalker - Visiting attribute path : name
20:24:25.898 [main] DEBUG org.hibernate.persister.walking.spi.MetamodelGraphWalker - Visiting attribute path : player
20:24:25.898 [main] DEBUG org.hibernate.loader.plan.build.internal.spaces.QuerySpacesImpl - Adding QuerySpace : uid = <gen:1> -> org.hibernate.loader.plan.build.internal.spaces.EntityQuerySpaceImpl@3dec769]
20:24:25.898 [main] DEBUG org.hibernate.loader.plan.build.internal.FetchStyleLoadPlanBuildingAssociationVisitationStrategy - Building LoadPlan...
20:24:25.898 [main] DEBUG org.hibernate.loader.plan.exec.internal.LoadQueryJoinAndFetchProcessor - processing queryspace <gen:0>
20:24:25.898 [main] DEBUG org.hibernate.loader.plan.build.spi.LoadPlanTreePrinter - LoadPlan(entity=tau.mmo.domain.Item)
    - Returns
       - EntityReturnImpl(entity=tau.mmo.domain.Item, querySpaceUid=<gen:0>, path=tau.mmo.domain.Item)
          - EntityAttributeFetchImpl(entity=tau.mmo.domain.Player, querySpaceUid=<gen:1>, path=tau.mmo.domain.Item.player)
    - QuerySpaces
       - EntityQuerySpaceImpl(uid=<gen:0>, entity=tau.mmo.domain.Item)
          - SQL table alias mapping - item0_
          - alias suffix - 0_
          - suffixed key columns - {id1_0_0_}

20:24:25.898 [main] DEBUG org.hibernate.loader.entity.plan.EntityLoader - Static select for entity tau.mmo.domain.Item [PESSIMISTIC_FORCE_INCREMENT]: select item0_.id as id1_0_0_, item0_.itemclass as itemclas2_0_0_, item0_.levelreq as levelreq3_0_0_, item0_.name as name4_0_0_, item0_.player_id as player_i5_0_0_ from item item0_ where item0_.id=? for update
20:24:25.898 [main] DEBUG org.hibernate.loader.plan.build.internal.spaces.QuerySpacesImpl - Adding QuerySpace : uid = <gen:0> -> org.hibernate.loader.plan.build.internal.spaces.EntityQuerySpaceImpl@282c5075]
20:24:25.898 [main] DEBUG org.hibernate.persister.walking.spi.MetamodelGraphWalker - Visiting attribute path : itemclass
20:24:25.898 [main] DEBUG org.hibernate.persister.walking.spi.MetamodelGraphWalker - Visiting attribute path : levelreq
20:24:25.898 [main] DEBUG org.hibernate.persister.walking.spi.MetamodelGraphWalker - Visiting attribute path : name
20:24:25.898 [main] DEBUG org.hibernate.persister.walking.spi.MetamodelGraphWalker - Visiting attribute path : player
20:24:25.898 [main] DEBUG org.hibernate.loader.plan.build.internal.spaces.QuerySpacesImpl - Adding QuerySpace : uid = <gen:1> -> org.hibernate.loader.plan.build.internal.spaces.EntityQuerySpaceImpl@362b384c]
20:24:25.900 [main] DEBUG org.hibernate.loader.plan.build.internal.FetchStyleLoadPlanBuildingAssociationVisitationStrategy - Building LoadPlan...
20:24:25.901 [main] DEBUG org.hibernate.loader.plan.exec.internal.LoadQueryJoinAndFetchProcessor - processing queryspace <gen:0>
20:24:25.901 [main] DEBUG org.hibernate.loader.plan.build.spi.LoadPlanTreePrinter - LoadPlan(entity=tau.mmo.domain.Item)
    - Returns
       - EntityReturnImpl(entity=tau.mmo.domain.Item, querySpaceUid=<gen:0>, path=tau.mmo.domain.Item)
          - EntityAttributeFetchImpl(entity=tau.mmo.domain.Player, querySpaceUid=<gen:1>, path=tau.mmo.domain.Item.player)
    - QuerySpaces
       - EntityQuerySpaceImpl(uid=<gen:0>, entity=tau.mmo.domain.Item)
          - SQL table alias mapping - item0_
          - alias suffix - 0_
          - suffixed key columns - {id1_0_0_}

20:24:25.901 [main] DEBUG org.hibernate.loader.entity.plan.EntityLoader - Static select for entity tau.mmo.domain.Item [OPTIMISTIC]: select item0_.id as id1_0_0_, item0_.itemclass as itemclas2_0_0_, item0_.levelreq as levelreq3_0_0_, item0_.name as name4_0_0_, item0_.player_id as player_i5_0_0_ from item item0_ where item0_.id=?
20:24:25.901 [main] DEBUG org.hibernate.loader.plan.build.internal.spaces.QuerySpacesImpl - Adding QuerySpace : uid = <gen:0> -> org.hibernate.loader.plan.build.internal.spaces.EntityQuerySpaceImpl@433b546f]
20:24:25.901 [main] DEBUG org.hibernate.persister.walking.spi.MetamodelGraphWalker - Visiting attribute path : itemclass
20:24:25.901 [main] DEBUG org.hibernate.persister.walking.spi.MetamodelGraphWalker - Visiting attribute path : levelreq
20:24:25.901 [main] DEBUG org.hibernate.persister.walking.spi.MetamodelGraphWalker - Visiting attribute path : name
20:24:25.901 [main] DEBUG org.hibernate.persister.walking.spi.MetamodelGraphWalker - Visiting attribute path : player
20:24:25.901 [main] DEBUG org.hibernate.loader.plan.build.internal.spaces.QuerySpacesImpl - Adding QuerySpace : uid = <gen:1> -> org.hibernate.loader.plan.build.internal.spaces.EntityQuerySpaceImpl@3d405fe5]
20:24:25.901 [main] DEBUG org.hibernate.loader.plan.build.internal.FetchStyleLoadPlanBuildingAssociationVisitationStrategy - Building LoadPlan...
20:24:25.901 [main] DEBUG org.hibernate.loader.plan.exec.internal.LoadQueryJoinAndFetchProcessor - processing queryspace <gen:0>
20:24:25.901 [main] DEBUG org.hibernate.loader.plan.build.spi.LoadPlanTreePrinter - LoadPlan(entity=tau.mmo.domain.Item)
    - Returns
       - EntityReturnImpl(entity=tau.mmo.domain.Item, querySpaceUid=<gen:0>, path=tau.mmo.domain.Item)
          - EntityAttributeFetchImpl(entity=tau.mmo.domain.Player, querySpaceUid=<gen:1>, path=tau.mmo.domain.Item.player)
    - QuerySpaces
       - EntityQuerySpaceImpl(uid=<gen:0>, entity=tau.mmo.domain.Item)
          - SQL table alias mapping - item0_
          - alias suffix - 0_
          - suffixed key columns - {id1_0_0_}

20:24:25.902 [main] DEBUG org.hibernate.loader.entity.plan.EntityLoader - Static select for entity tau.mmo.domain.Item [OPTIMISTIC_FORCE_INCREMENT]: select item0_.id as id1_0_0_, item0_.itemclass as itemclas2_0_0_, item0_.levelreq as levelreq3_0_0_, item0_.name as name4_0_0_, item0_.player_id as player_i5_0_0_ from item item0_ where item0_.id=?
20:24:25.902 [main] DEBUG org.hibernate.loader.Loader - Static select for action ACTION_MERGE on entity tau.mmo.domain.Item: select item0_.id as id1_0_0_, item0_.itemclass as itemclas2_0_0_, item0_.levelreq as levelreq3_0_0_, item0_.name as name4_0_0_, item0_.player_id as player_i5_0_0_ from item item0_ where item0_.id=?
20:24:25.902 [main] DEBUG org.hibernate.loader.Loader - Static select for action ACTION_REFRESH on entity tau.mmo.domain.Item: select item0_.id as id1_0_0_, item0_.itemclass as itemclas2_0_0_, item0_.levelreq as levelreq3_0_0_, item0_.name as name4_0_0_, item0_.player_id as player_i5_0_0_ from item item0_ where item0_.id=?
20:24:25.902 [main] DEBUG org.hibernate.persister.entity.AbstractEntityPersister - Static SQL for entity: tau.mmo.domain.Player
20:24:25.902 [main] DEBUG org.hibernate.persister.entity.AbstractEntityPersister -  Version select: select id from player where id =?
20:24:25.902 [main] DEBUG org.hibernate.persister.entity.AbstractEntityPersister -  Snapshot select: select player_.id, player_.heroclass as heroclas2_1_, player_.level as level3_1_, player_.name as name4_1_ from player player_ where player_.id=?
20:24:25.902 [main] DEBUG org.hibernate.persister.entity.AbstractEntityPersister -  Insert 0: insert into player (heroclass, level, name, id) values (?, ?, ?, ?)
20:24:25.902 [main] DEBUG org.hibernate.persister.entity.AbstractEntityPersister -  Update 0: update player set heroclass=?, level=?, name=? where id=?
20:24:25.902 [main] DEBUG org.hibernate.persister.entity.AbstractEntityPersister -  Delete 0: delete from player where id=?
20:24:25.902 [main] DEBUG org.hibernate.loader.plan.build.internal.spaces.QuerySpacesImpl - Adding QuerySpace : uid = <gen:0> -> org.hibernate.loader.plan.build.internal.spaces.EntityQuerySpaceImpl@52c6e959]
20:24:25.902 [main] DEBUG org.hibernate.persister.walking.spi.MetamodelGraphWalker - Visiting attribute path : heroclass
20:24:25.902 [main] DEBUG org.hibernate.persister.walking.spi.MetamodelGraphWalker - Visiting attribute path : items
20:24:25.902 [main] DEBUG org.hibernate.loader.plan.build.internal.spaces.QuerySpacesImpl - Adding QuerySpace : uid = <gen:1> -> org.hibernate.loader.plan.build.internal.spaces.CollectionQuerySpaceImpl@323c6f9c]
20:24:25.902 [main] DEBUG org.hibernate.loader.plan.build.internal.spaces.QuerySpacesImpl - Adding QuerySpace : uid = <gen:2> -> org.hibernate.loader.plan.build.internal.spaces.EntityQuerySpaceImpl@dbca149]
20:24:25.902 [main] DEBUG org.hibernate.persister.walking.spi.MetamodelGraphWalker - Visiting attribute path : items.itemclass
20:24:25.902 [main] DEBUG org.hibernate.persister.walking.spi.MetamodelGraphWalker - Visiting attribute path : items.levelreq
20:24:25.902 [main] DEBUG org.hibernate.persister.walking.spi.MetamodelGraphWalker - Visiting attribute path : items.name
20:24:25.902 [main] DEBUG org.hibernate.persister.walking.spi.MetamodelGraphWalker - Visiting attribute path : items.player
20:24:25.902 [main] DEBUG org.hibernate.persister.walking.spi.MetamodelGraphWalker - Property path deemed to be circular : items.player
20:24:25.902 [main] DEBUG org.hibernate.persister.walking.spi.MetamodelGraphWalker - Visiting attribute path : level
20:24:25.902 [main] DEBUG org.hibernate.persister.walking.spi.MetamodelGraphWalker - Visiting attribute path : name
20:24:25.902 [main] DEBUG org.hibernate.loader.plan.build.internal.FetchStyleLoadPlanBuildingAssociationVisitationStrategy - Building LoadPlan...
20:24:25.902 [main] DEBUG org.hibernate.loader.plan.exec.internal.LoadQueryJoinAndFetchProcessor - processing queryspace <gen:0>
20:24:25.902 [main] DEBUG org.hibernate.loader.plan.build.spi.LoadPlanTreePrinter - LoadPlan(entity=tau.mmo.domain.Player)
    - Returns
       - EntityReturnImpl(entity=tau.mmo.domain.Player, querySpaceUid=<gen:0>, path=tau.mmo.domain.Player)
          - CollectionAttributeFetchImpl(collection=tau.mmo.domain.Player.items, querySpaceUid=<gen:1>, path=tau.mmo.domain.Player.items)
             - (collection element) CollectionFetchableElementEntityGraph(entity=tau.mmo.domain.Item, querySpaceUid=<gen:2>, path=tau.mmo.domain.Player.items.<elements>)
    - QuerySpaces
       - EntityQuerySpaceImpl(uid=<gen:0>, entity=tau.mmo.domain.Player)
          - SQL table alias mapping - player0_
          - alias suffix - 0_
          - suffixed key columns - {id1_1_0_}
          - JOIN (JoinDefinedByMetadata(items)) : <gen:0> -> <gen:1>
             - CollectionQuerySpaceImpl(uid=<gen:1>, collection=tau.mmo.domain.Player.items)
                - SQL table alias mapping - items1_
                - alias suffix - 1_
                - suffixed key columns - {player_i5_0_1_}
                - entity-element alias suffix - 2_
                - 2_entity-element suffixed key columns - id1_0_2_
                - JOIN (JoinDefinedByMetadata(elements)) : <gen:1> -> <gen:2>
                   - EntityQuerySpaceImpl(uid=<gen:2>, entity=tau.mmo.domain.Item)
                      - SQL table alias mapping - items1_
                      - alias suffix - 2_
                      - suffixed key columns - {id1_0_2_}

20:24:25.902 [main] DEBUG org.hibernate.loader.entity.plan.EntityLoader - Static select for entity tau.mmo.domain.Player [NONE]: select player0_.id as id1_1_0_, player0_.heroclass as heroclas2_1_0_, player0_.level as level3_1_0_, player0_.name as name4_1_0_, items1_.player_id as player_i5_0_1_, items1_.id as id1_0_1_, items1_.id as id1_0_2_, items1_.itemclass as itemclas2_0_2_, items1_.levelreq as levelreq3_0_2_, items1_.name as name4_0_2_, items1_.player_id as player_i5_0_2_ from player player0_ left outer join item items1_ on player0_.id=items1_.player_id where player0_.id=?
20:24:25.902 [main] DEBUG org.hibernate.loader.plan.build.internal.spaces.QuerySpacesImpl - Adding QuerySpace : uid = <gen:0> -> org.hibernate.loader.plan.build.internal.spaces.EntityQuerySpaceImpl@484876a1]
20:24:25.902 [main] DEBUG org.hibernate.persister.walking.spi.MetamodelGraphWalker - Visiting attribute path : heroclass
20:24:25.903 [main] DEBUG org.hibernate.persister.walking.spi.MetamodelGraphWalker - Visiting attribute path : items
20:24:25.903 [main] DEBUG org.hibernate.loader.plan.build.internal.spaces.QuerySpacesImpl - Adding QuerySpace : uid = <gen:1> -> org.hibernate.loader.plan.build.internal.spaces.CollectionQuerySpaceImpl@60ef30b1]
20:24:25.903 [main] DEBUG org.hibernate.loader.plan.build.internal.spaces.QuerySpacesImpl - Adding QuerySpace : uid = <gen:2> -> org.hibernate.loader.plan.build.internal.spaces.EntityQuerySpaceImpl@3436d3d7]
20:24:25.903 [main] DEBUG org.hibernate.persister.walking.spi.MetamodelGraphWalker - Visiting attribute path : items.itemclass
20:24:25.903 [main] DEBUG org.hibernate.persister.walking.spi.MetamodelGraphWalker - Visiting attribute path : items.levelreq
20:24:25.903 [main] DEBUG org.hibernate.persister.walking.spi.MetamodelGraphWalker - Visiting attribute path : items.name
20:24:25.903 [main] DEBUG org.hibernate.persister.walking.spi.MetamodelGraphWalker - Visiting attribute path : items.player
20:24:25.903 [main] DEBUG org.hibernate.persister.walking.spi.MetamodelGraphWalker - Property path deemed to be circular : items.player
20:24:25.903 [main] DEBUG org.hibernate.persister.walking.spi.MetamodelGraphWalker - Visiting attribute path : level
20:24:25.903 [main] DEBUG org.hibernate.persister.walking.spi.MetamodelGraphWalker - Visiting attribute path : name
20:24:25.903 [main] DEBUG org.hibernate.loader.plan.build.internal.FetchStyleLoadPlanBuildingAssociationVisitationStrategy - Building LoadPlan...
20:24:25.903 [main] DEBUG org.hibernate.loader.plan.exec.internal.LoadQueryJoinAndFetchProcessor - processing queryspace <gen:0>
20:24:25.903 [main] DEBUG org.hibernate.loader.plan.build.spi.LoadPlanTreePrinter - LoadPlan(entity=tau.mmo.domain.Player)
    - Returns
       - EntityReturnImpl(entity=tau.mmo.domain.Player, querySpaceUid=<gen:0>, path=tau.mmo.domain.Player)
          - CollectionAttributeFetchImpl(collection=tau.mmo.domain.Player.items, querySpaceUid=<gen:1>, path=tau.mmo.domain.Player.items)
             - (collection element) CollectionFetchableElementEntityGraph(entity=tau.mmo.domain.Item, querySpaceUid=<gen:2>, path=tau.mmo.domain.Player.items.<elements>)
    - QuerySpaces
       - EntityQuerySpaceImpl(uid=<gen:0>, entity=tau.mmo.domain.Player)
          - SQL table alias mapping - player0_
          - alias suffix - 0_
          - suffixed key columns - {id1_1_0_}
          - JOIN (JoinDefinedByMetadata(items)) : <gen:0> -> <gen:1>
             - CollectionQuerySpaceImpl(uid=<gen:1>, collection=tau.mmo.domain.Player.items)
                - SQL table alias mapping - items1_
                - alias suffix - 1_
                - suffixed key columns - {player_i5_0_1_}
                - entity-element alias suffix - 2_
                - 2_entity-element suffixed key columns - id1_0_2_
                - JOIN (JoinDefinedByMetadata(elements)) : <gen:1> -> <gen:2>
                   - EntityQuerySpaceImpl(uid=<gen:2>, entity=tau.mmo.domain.Item)
                      - SQL table alias mapping - items1_
                      - alias suffix - 2_
                      - suffixed key columns - {id1_0_2_}

20:24:25.903 [main] DEBUG org.hibernate.loader.entity.plan.EntityLoader - Static select for entity tau.mmo.domain.Player [READ]: select player0_.id as id1_1_0_, player0_.heroclass as heroclas2_1_0_, player0_.level as level3_1_0_, player0_.name as name4_1_0_, items1_.player_id as player_i5_0_1_, items1_.id as id1_0_1_, items1_.id as id1_0_2_, items1_.itemclass as itemclas2_0_2_, items1_.levelreq as levelreq3_0_2_, items1_.name as name4_0_2_, items1_.player_id as player_i5_0_2_ from player player0_ left outer join item items1_ on player0_.id=items1_.player_id where player0_.id=?
20:24:25.903 [main] DEBUG org.hibernate.loader.plan.build.internal.spaces.QuerySpacesImpl - Adding QuerySpace : uid = <gen:0> -> org.hibernate.loader.plan.build.internal.spaces.EntityQuerySpaceImpl@37b470df]
20:24:25.903 [main] DEBUG org.hibernate.persister.walking.spi.MetamodelGraphWalker - Visiting attribute path : heroclass
20:24:25.903 [main] DEBUG org.hibernate.persister.walking.spi.MetamodelGraphWalker - Visiting attribute path : items
20:24:25.903 [main] DEBUG org.hibernate.loader.plan.build.internal.spaces.QuerySpacesImpl - Adding QuerySpace : uid = <gen:1> -> org.hibernate.loader.plan.build.internal.spaces.CollectionQuerySpaceImpl@8d7718e]
20:24:25.903 [main] DEBUG org.hibernate.loader.plan.build.internal.spaces.QuerySpacesImpl - Adding QuerySpace : uid = <gen:2> -> org.hibernate.loader.plan.build.internal.spaces.EntityQuerySpaceImpl@1bbb48dd]
20:24:25.903 [main] DEBUG org.hibernate.persister.walking.spi.MetamodelGraphWalker - Visiting attribute path : level
20:24:25.903 [main] DEBUG org.hibernate.persister.walking.spi.MetamodelGraphWalker - Visiting attribute path : name
20:24:25.903 [main] DEBUG org.hibernate.loader.plan.build.internal.FetchStyleLoadPlanBuildingAssociationVisitationStrategy - Building LoadPlan...
20:24:25.903 [main] DEBUG org.hibernate.loader.plan.exec.internal.LoadQueryJoinAndFetchProcessor - processing queryspace <gen:0>
20:24:25.903 [main] DEBUG org.hibernate.loader.plan.build.spi.LoadPlanTreePrinter - LoadPlan(entity=tau.mmo.domain.Player)
    - Returns
       - EntityReturnImpl(entity=tau.mmo.domain.Player, querySpaceUid=<gen:0>, path=tau.mmo.domain.Player)
          - CollectionAttributeFetchImpl(collection=tau.mmo.domain.Player.items, querySpaceUid=<gen:1>, path=tau.mmo.domain.Player.items)
             - (collection element) CollectionFetchableElementEntityGraph(entity=tau.mmo.domain.Item, querySpaceUid=<gen:2>, path=tau.mmo.domain.Player.items.<elements>)
    - QuerySpaces
       - EntityQuerySpaceImpl(uid=<gen:0>, entity=tau.mmo.domain.Player)
          - SQL table alias mapping - player0_
          - alias suffix - 0_
          - suffixed key columns - {id1_1_0_}

20:24:25.903 [main] DEBUG org.hibernate.loader.entity.plan.EntityLoader - Static select for entity tau.mmo.domain.Player [UPGRADE]: select player0_.id as id1_1_0_, player0_.heroclass as heroclas2_1_0_, player0_.level as level3_1_0_, player0_.name as name4_1_0_ from player player0_ where player0_.id=? for update
20:24:25.903 [main] DEBUG org.hibernate.loader.plan.build.internal.spaces.QuerySpacesImpl - Adding QuerySpace : uid = <gen:0> -> org.hibernate.loader.plan.build.internal.spaces.EntityQuerySpaceImpl@f9de1fd]
20:24:25.903 [main] DEBUG org.hibernate.persister.walking.spi.MetamodelGraphWalker - Visiting attribute path : heroclass
20:24:25.903 [main] DEBUG org.hibernate.persister.walking.spi.MetamodelGraphWalker - Visiting attribute path : items
20:24:25.903 [main] DEBUG org.hibernate.loader.plan.build.internal.spaces.QuerySpacesImpl - Adding QuerySpace : uid = <gen:1> -> org.hibernate.loader.plan.build.internal.spaces.CollectionQuerySpaceImpl@7c871ce4]
20:24:25.903 [main] DEBUG org.hibernate.loader.plan.build.internal.spaces.QuerySpacesImpl - Adding QuerySpace : uid = <gen:2> -> org.hibernate.loader.plan.build.internal.spaces.EntityQuerySpaceImpl@3d3b4e09]
20:24:25.903 [main] DEBUG org.hibernate.persister.walking.spi.MetamodelGraphWalker - Visiting attribute path : level
20:24:25.903 [main] DEBUG org.hibernate.persister.walking.spi.MetamodelGraphWalker - Visiting attribute path : name
20:24:25.903 [main] DEBUG org.hibernate.loader.plan.build.internal.FetchStyleLoadPlanBuildingAssociationVisitationStrategy - Building LoadPlan...
20:24:25.903 [main] DEBUG org.hibernate.loader.plan.exec.internal.LoadQueryJoinAndFetchProcessor - processing queryspace <gen:0>
20:24:25.904 [main] DEBUG org.hibernate.loader.plan.build.spi.LoadPlanTreePrinter - LoadPlan(entity=tau.mmo.domain.Player)
    - Returns
       - EntityReturnImpl(entity=tau.mmo.domain.Player, querySpaceUid=<gen:0>, path=tau.mmo.domain.Player)
          - CollectionAttributeFetchImpl(collection=tau.mmo.domain.Player.items, querySpaceUid=<gen:1>, path=tau.mmo.domain.Player.items)
             - (collection element) CollectionFetchableElementEntityGraph(entity=tau.mmo.domain.Item, querySpaceUid=<gen:2>, path=tau.mmo.domain.Player.items.<elements>)
    - QuerySpaces
       - EntityQuerySpaceImpl(uid=<gen:0>, entity=tau.mmo.domain.Player)
          - SQL table alias mapping - player0_
          - alias suffix - 0_
          - suffixed key columns - {id1_1_0_}

20:24:25.904 [main] DEBUG org.hibernate.loader.entity.plan.EntityLoader - Static select for entity tau.mmo.domain.Player [UPGRADE_NOWAIT]: select player0_.id as id1_1_0_, player0_.heroclass as heroclas2_1_0_, player0_.level as level3_1_0_, player0_.name as name4_1_0_ from player player0_ where player0_.id=? for update
20:24:25.904 [main] DEBUG org.hibernate.loader.plan.build.internal.spaces.QuerySpacesImpl - Adding QuerySpace : uid = <gen:0> -> org.hibernate.loader.plan.build.internal.spaces.EntityQuerySpaceImpl@5dc9d25a]
20:24:25.904 [main] DEBUG org.hibernate.persister.walking.spi.MetamodelGraphWalker - Visiting attribute path : heroclass
20:24:25.904 [main] DEBUG org.hibernate.persister.walking.spi.MetamodelGraphWalker - Visiting attribute path : items
20:24:25.904 [main] DEBUG org.hibernate.loader.plan.build.internal.spaces.QuerySpacesImpl - Adding QuerySpace : uid = <gen:1> -> org.hibernate.loader.plan.build.internal.spaces.CollectionQuerySpaceImpl@2c4be45f]
20:24:25.904 [main] DEBUG org.hibernate.loader.plan.build.internal.spaces.QuerySpacesImpl - Adding QuerySpace : uid = <gen:2> -> org.hibernate.loader.plan.build.internal.spaces.EntityQuerySpaceImpl@4be7acd9]
20:24:25.904 [main] DEBUG org.hibernate.persister.walking.spi.MetamodelGraphWalker - Visiting attribute path : level
20:24:25.904 [main] DEBUG org.hibernate.persister.walking.spi.MetamodelGraphWalker - Visiting attribute path : name
20:24:25.904 [main] DEBUG org.hibernate.loader.plan.build.internal.FetchStyleLoadPlanBuildingAssociationVisitationStrategy - Building LoadPlan...
20:24:25.904 [main] DEBUG org.hibernate.loader.plan.exec.internal.LoadQueryJoinAndFetchProcessor - processing queryspace <gen:0>
20:24:25.904 [main] DEBUG org.hibernate.loader.plan.build.spi.LoadPlanTreePrinter - LoadPlan(entity=tau.mmo.domain.Player)
    - Returns
       - EntityReturnImpl(entity=tau.mmo.domain.Player, querySpaceUid=<gen:0>, path=tau.mmo.domain.Player)
          - CollectionAttributeFetchImpl(collection=tau.mmo.domain.Player.items, querySpaceUid=<gen:1>, path=tau.mmo.domain.Player.items)
             - (collection element) CollectionFetchableElementEntityGraph(entity=tau.mmo.domain.Item, querySpaceUid=<gen:2>, path=tau.mmo.domain.Player.items.<elements>)
    - QuerySpaces
       - EntityQuerySpaceImpl(uid=<gen:0>, entity=tau.mmo.domain.Player)
          - SQL table alias mapping - player0_
          - alias suffix - 0_
          - suffixed key columns - {id1_1_0_}

20:24:25.904 [main] DEBUG org.hibernate.loader.entity.plan.EntityLoader - Static select for entity tau.mmo.domain.Player [UPGRADE_SKIPLOCKED]: select player0_.id as id1_1_0_, player0_.heroclass as heroclas2_1_0_, player0_.level as level3_1_0_, player0_.name as name4_1_0_ from player player0_ where player0_.id=? for update
20:24:25.904 [main] DEBUG org.hibernate.loader.plan.build.internal.spaces.QuerySpacesImpl - Adding QuerySpace : uid = <gen:0> -> org.hibernate.loader.plan.build.internal.spaces.EntityQuerySpaceImpl@58afecfd]
20:24:25.904 [main] DEBUG org.hibernate.persister.walking.spi.MetamodelGraphWalker - Visiting attribute path : heroclass
20:24:25.904 [main] DEBUG org.hibernate.persister.walking.spi.MetamodelGraphWalker - Visiting attribute path : items
20:24:25.904 [main] DEBUG org.hibernate.loader.plan.build.internal.spaces.QuerySpacesImpl - Adding QuerySpace : uid = <gen:1> -> org.hibernate.loader.plan.build.internal.spaces.CollectionQuerySpaceImpl@3e63bd6b]
20:24:25.904 [main] DEBUG org.hibernate.loader.plan.build.internal.spaces.QuerySpacesImpl - Adding QuerySpace : uid = <gen:2> -> org.hibernate.loader.plan.build.internal.spaces.EntityQuerySpaceImpl@48144f1a]
20:24:25.904 [main] DEBUG org.hibernate.persister.walking.spi.MetamodelGraphWalker - Visiting attribute path : level
20:24:25.904 [main] DEBUG org.hibernate.persister.walking.spi.MetamodelGraphWalker - Visiting attribute path : name
20:24:25.904 [main] DEBUG org.hibernate.loader.plan.build.internal.FetchStyleLoadPlanBuildingAssociationVisitationStrategy - Building LoadPlan...
20:24:25.904 [main] DEBUG org.hibernate.loader.plan.exec.internal.LoadQueryJoinAndFetchProcessor - processing queryspace <gen:0>
20:24:25.904 [main] DEBUG org.hibernate.loader.plan.build.spi.LoadPlanTreePrinter - LoadPlan(entity=tau.mmo.domain.Player)
    - Returns
       - EntityReturnImpl(entity=tau.mmo.domain.Player, querySpaceUid=<gen:0>, path=tau.mmo.domain.Player)
          - CollectionAttributeFetchImpl(collection=tau.mmo.domain.Player.items, querySpaceUid=<gen:1>, path=tau.mmo.domain.Player.items)
             - (collection element) CollectionFetchableElementEntityGraph(entity=tau.mmo.domain.Item, querySpaceUid=<gen:2>, path=tau.mmo.domain.Player.items.<elements>)
    - QuerySpaces
       - EntityQuerySpaceImpl(uid=<gen:0>, entity=tau.mmo.domain.Player)
          - SQL table alias mapping - player0_
          - alias suffix - 0_
          - suffixed key columns - {id1_1_0_}

20:24:25.904 [main] DEBUG org.hibernate.loader.entity.plan.EntityLoader - Static select for entity tau.mmo.domain.Player [FORCE]: select player0_.id as id1_1_0_, player0_.heroclass as heroclas2_1_0_, player0_.level as level3_1_0_, player0_.name as name4_1_0_ from player player0_ where player0_.id=? for update
20:24:25.904 [main] DEBUG org.hibernate.loader.plan.build.internal.spaces.QuerySpacesImpl - Adding QuerySpace : uid = <gen:0> -> org.hibernate.loader.plan.build.internal.spaces.EntityQuerySpaceImpl@6f7b8ae1]
20:24:25.904 [main] DEBUG org.hibernate.persister.walking.spi.MetamodelGraphWalker - Visiting attribute path : heroclass
20:24:25.904 [main] DEBUG org.hibernate.persister.walking.spi.MetamodelGraphWalker - Visiting attribute path : items
20:24:25.904 [main] DEBUG org.hibernate.loader.plan.build.internal.spaces.QuerySpacesImpl - Adding QuerySpace : uid = <gen:1> -> org.hibernate.loader.plan.build.internal.spaces.CollectionQuerySpaceImpl@4fa6fb7f]
20:24:25.904 [main] DEBUG org.hibernate.loader.plan.build.internal.spaces.QuerySpacesImpl - Adding QuerySpace : uid = <gen:2> -> org.hibernate.loader.plan.build.internal.spaces.EntityQuerySpaceImpl@2520010e]
20:24:25.904 [main] DEBUG org.hibernate.persister.walking.spi.MetamodelGraphWalker - Visiting attribute path : level
20:24:25.904 [main] DEBUG org.hibernate.persister.walking.spi.MetamodelGraphWalker - Visiting attribute path : name
20:24:25.904 [main] DEBUG org.hibernate.loader.plan.build.internal.FetchStyleLoadPlanBuildingAssociationVisitationStrategy - Building LoadPlan...
20:24:25.904 [main] DEBUG org.hibernate.loader.plan.exec.internal.LoadQueryJoinAndFetchProcessor - processing queryspace <gen:0>
20:24:25.905 [main] DEBUG org.hibernate.loader.plan.build.spi.LoadPlanTreePrinter - LoadPlan(entity=tau.mmo.domain.Player)
    - Returns
       - EntityReturnImpl(entity=tau.mmo.domain.Player, querySpaceUid=<gen:0>, path=tau.mmo.domain.Player)
          - CollectionAttributeFetchImpl(collection=tau.mmo.domain.Player.items, querySpaceUid=<gen:1>, path=tau.mmo.domain.Player.items)
             - (collection element) CollectionFetchableElementEntityGraph(entity=tau.mmo.domain.Item, querySpaceUid=<gen:2>, path=tau.mmo.domain.Player.items.<elements>)
    - QuerySpaces
       - EntityQuerySpaceImpl(uid=<gen:0>, entity=tau.mmo.domain.Player)
          - SQL table alias mapping - player0_
          - alias suffix - 0_
          - suffixed key columns - {id1_1_0_}

20:24:25.905 [main] DEBUG org.hibernate.loader.entity.plan.EntityLoader - Static select for entity tau.mmo.domain.Player [PESSIMISTIC_READ]: select player0_.id as id1_1_0_, player0_.heroclass as heroclas2_1_0_, player0_.level as level3_1_0_, player0_.name as name4_1_0_ from player player0_ where player0_.id=? for update
20:24:25.905 [main] DEBUG org.hibernate.loader.plan.build.internal.spaces.QuerySpacesImpl - Adding QuerySpace : uid = <gen:0> -> org.hibernate.loader.plan.build.internal.spaces.EntityQuerySpaceImpl@163fbbc9]
20:24:25.905 [main] DEBUG org.hibernate.persister.walking.spi.MetamodelGraphWalker - Visiting attribute path : heroclass
20:24:25.905 [main] DEBUG org.hibernate.persister.walking.spi.MetamodelGraphWalker - Visiting attribute path : items
20:24:25.905 [main] DEBUG org.hibernate.loader.plan.build.internal.spaces.QuerySpacesImpl - Adding QuerySpace : uid = <gen:1> -> org.hibernate.loader.plan.build.internal.spaces.CollectionQuerySpaceImpl@6e6c8854]
20:24:25.905 [main] DEBUG org.hibernate.loader.plan.build.internal.spaces.QuerySpacesImpl - Adding QuerySpace : uid = <gen:2> -> org.hibernate.loader.plan.build.internal.spaces.EntityQuerySpaceImpl@4be1dce6]
20:24:25.905 [main] DEBUG org.hibernate.persister.walking.spi.MetamodelGraphWalker - Visiting attribute path : level
20:24:25.905 [main] DEBUG org.hibernate.persister.walking.spi.MetamodelGraphWalker - Visiting attribute path : name
20:24:25.905 [main] DEBUG org.hibernate.loader.plan.build.internal.FetchStyleLoadPlanBuildingAssociationVisitationStrategy - Building LoadPlan...
20:24:25.905 [main] DEBUG org.hibernate.loader.plan.exec.internal.LoadQueryJoinAndFetchProcessor - processing queryspace <gen:0>
20:24:25.905 [main] DEBUG org.hibernate.loader.plan.build.spi.LoadPlanTreePrinter - LoadPlan(entity=tau.mmo.domain.Player)
    - Returns
       - EntityReturnImpl(entity=tau.mmo.domain.Player, querySpaceUid=<gen:0>, path=tau.mmo.domain.Player)
          - CollectionAttributeFetchImpl(collection=tau.mmo.domain.Player.items, querySpaceUid=<gen:1>, path=tau.mmo.domain.Player.items)
             - (collection element) CollectionFetchableElementEntityGraph(entity=tau.mmo.domain.Item, querySpaceUid=<gen:2>, path=tau.mmo.domain.Player.items.<elements>)
    - QuerySpaces
       - EntityQuerySpaceImpl(uid=<gen:0>, entity=tau.mmo.domain.Player)
          - SQL table alias mapping - player0_
          - alias suffix - 0_
          - suffixed key columns - {id1_1_0_}

20:24:25.905 [main] DEBUG org.hibernate.loader.entity.plan.EntityLoader - Static select for entity tau.mmo.domain.Player [PESSIMISTIC_WRITE]: select player0_.id as id1_1_0_, player0_.heroclass as heroclas2_1_0_, player0_.level as level3_1_0_, player0_.name as name4_1_0_ from player player0_ where player0_.id=? for update
20:24:25.905 [main] DEBUG org.hibernate.loader.plan.build.internal.spaces.QuerySpacesImpl - Adding QuerySpace : uid = <gen:0> -> org.hibernate.loader.plan.build.internal.spaces.EntityQuerySpaceImpl@206bd7a0]
20:24:25.905 [main] DEBUG org.hibernate.persister.walking.spi.MetamodelGraphWalker - Visiting attribute path : heroclass
20:24:25.905 [main] DEBUG org.hibernate.persister.walking.spi.MetamodelGraphWalker - Visiting attribute path : items
20:24:25.905 [main] DEBUG org.hibernate.loader.plan.build.internal.spaces.QuerySpacesImpl - Adding QuerySpace : uid = <gen:1> -> org.hibernate.loader.plan.build.internal.spaces.CollectionQuerySpaceImpl@73d8c8d7]
20:24:25.905 [main] DEBUG org.hibernate.loader.plan.build.internal.spaces.QuerySpacesImpl - Adding QuerySpace : uid = <gen:2> -> org.hibernate.loader.plan.build.internal.spaces.EntityQuerySpaceImpl@361b3ca6]
20:24:25.905 [main] DEBUG org.hibernate.persister.walking.spi.MetamodelGraphWalker - Visiting attribute path : level
20:24:25.905 [main] DEBUG org.hibernate.persister.walking.spi.MetamodelGraphWalker - Visiting attribute path : name
20:24:25.905 [main] DEBUG org.hibernate.loader.plan.build.internal.FetchStyleLoadPlanBuildingAssociationVisitationStrategy - Building LoadPlan...
20:24:25.905 [main] DEBUG org.hibernate.loader.plan.exec.internal.LoadQueryJoinAndFetchProcessor - processing queryspace <gen:0>
20:24:25.905 [main] DEBUG org.hibernate.loader.plan.build.spi.LoadPlanTreePrinter - LoadPlan(entity=tau.mmo.domain.Player)
    - Returns
       - EntityReturnImpl(entity=tau.mmo.domain.Player, querySpaceUid=<gen:0>, path=tau.mmo.domain.Player)
          - CollectionAttributeFetchImpl(collection=tau.mmo.domain.Player.items, querySpaceUid=<gen:1>, path=tau.mmo.domain.Player.items)
             - (collection element) CollectionFetchableElementEntityGraph(entity=tau.mmo.domain.Item, querySpaceUid=<gen:2>, path=tau.mmo.domain.Player.items.<elements>)
    - QuerySpaces
       - EntityQuerySpaceImpl(uid=<gen:0>, entity=tau.mmo.domain.Player)
          - SQL table alias mapping - player0_
          - alias suffix - 0_
          - suffixed key columns - {id1_1_0_}

20:24:25.905 [main] DEBUG org.hibernate.loader.entity.plan.EntityLoader - Static select for entity tau.mmo.domain.Player [PESSIMISTIC_FORCE_INCREMENT]: select player0_.id as id1_1_0_, player0_.heroclass as heroclas2_1_0_, player0_.level as level3_1_0_, player0_.name as name4_1_0_ from player player0_ where player0_.id=? for update
20:24:25.905 [main] DEBUG org.hibernate.loader.plan.build.internal.spaces.QuerySpacesImpl - Adding QuerySpace : uid = <gen:0> -> org.hibernate.loader.plan.build.internal.spaces.EntityQuerySpaceImpl@48333b12]
20:24:25.905 [main] DEBUG org.hibernate.persister.walking.spi.MetamodelGraphWalker - Visiting attribute path : heroclass
20:24:25.905 [main] DEBUG org.hibernate.persister.walking.spi.MetamodelGraphWalker - Visiting attribute path : items
20:24:25.905 [main] DEBUG org.hibernate.loader.plan.build.internal.spaces.QuerySpacesImpl - Adding QuerySpace : uid = <gen:1> -> org.hibernate.loader.plan.build.internal.spaces.CollectionQuerySpaceImpl@62f7d7bd]
20:24:25.906 [main] DEBUG org.hibernate.loader.plan.build.internal.spaces.QuerySpacesImpl - Adding QuerySpace : uid = <gen:2> -> org.hibernate.loader.plan.build.internal.spaces.EntityQuerySpaceImpl@6a299b9d]
20:24:25.906 [main] DEBUG org.hibernate.persister.walking.spi.MetamodelGraphWalker - Visiting attribute path : level
20:24:25.906 [main] DEBUG org.hibernate.persister.walking.spi.MetamodelGraphWalker - Visiting attribute path : name
20:24:25.906 [main] DEBUG org.hibernate.loader.plan.build.internal.FetchStyleLoadPlanBuildingAssociationVisitationStrategy - Building LoadPlan...
20:24:25.906 [main] DEBUG org.hibernate.loader.plan.exec.internal.LoadQueryJoinAndFetchProcessor - processing queryspace <gen:0>
20:24:25.906 [main] DEBUG org.hibernate.loader.plan.build.spi.LoadPlanTreePrinter - LoadPlan(entity=tau.mmo.domain.Player)
    - Returns
       - EntityReturnImpl(entity=tau.mmo.domain.Player, querySpaceUid=<gen:0>, path=tau.mmo.domain.Player)
          - CollectionAttributeFetchImpl(collection=tau.mmo.domain.Player.items, querySpaceUid=<gen:1>, path=tau.mmo.domain.Player.items)
             - (collection element) CollectionFetchableElementEntityGraph(entity=tau.mmo.domain.Item, querySpaceUid=<gen:2>, path=tau.mmo.domain.Player.items.<elements>)
    - QuerySpaces
       - EntityQuerySpaceImpl(uid=<gen:0>, entity=tau.mmo.domain.Player)
          - SQL table alias mapping - player0_
          - alias suffix - 0_
          - suffixed key columns - {id1_1_0_}

20:24:25.906 [main] DEBUG org.hibernate.loader.entity.plan.EntityLoader - Static select for entity tau.mmo.domain.Player [OPTIMISTIC]: select player0_.id as id1_1_0_, player0_.heroclass as heroclas2_1_0_, player0_.level as level3_1_0_, player0_.name as name4_1_0_ from player player0_ where player0_.id=?
20:24:25.906 [main] DEBUG org.hibernate.loader.plan.build.internal.spaces.QuerySpacesImpl - Adding QuerySpace : uid = <gen:0> -> org.hibernate.loader.plan.build.internal.spaces.EntityQuerySpaceImpl@363fe35a]
20:24:25.906 [main] DEBUG org.hibernate.persister.walking.spi.MetamodelGraphWalker - Visiting attribute path : heroclass
20:24:25.906 [main] DEBUG org.hibernate.persister.walking.spi.MetamodelGraphWalker - Visiting attribute path : items
20:24:25.906 [main] DEBUG org.hibernate.loader.plan.build.internal.spaces.QuerySpacesImpl - Adding QuerySpace : uid = <gen:1> -> org.hibernate.loader.plan.build.internal.spaces.CollectionQuerySpaceImpl@350e3fb4]
20:24:25.906 [main] DEBUG org.hibernate.loader.plan.build.internal.spaces.QuerySpacesImpl - Adding QuerySpace : uid = <gen:2> -> org.hibernate.loader.plan.build.internal.spaces.EntityQuerySpaceImpl@13ddaffb]
20:24:25.906 [main] DEBUG org.hibernate.persister.walking.spi.MetamodelGraphWalker - Visiting attribute path : level
20:24:25.906 [main] DEBUG org.hibernate.persister.walking.spi.MetamodelGraphWalker - Visiting attribute path : name
20:24:25.906 [main] DEBUG org.hibernate.loader.plan.build.internal.FetchStyleLoadPlanBuildingAssociationVisitationStrategy - Building LoadPlan...
20:24:25.906 [main] DEBUG org.hibernate.loader.plan.exec.internal.LoadQueryJoinAndFetchProcessor - processing queryspace <gen:0>
20:24:25.906 [main] DEBUG org.hibernate.loader.plan.build.spi.LoadPlanTreePrinter - LoadPlan(entity=tau.mmo.domain.Player)
    - Returns
       - EntityReturnImpl(entity=tau.mmo.domain.Player, querySpaceUid=<gen:0>, path=tau.mmo.domain.Player)
          - CollectionAttributeFetchImpl(collection=tau.mmo.domain.Player.items, querySpaceUid=<gen:1>, path=tau.mmo.domain.Player.items)
             - (collection element) CollectionFetchableElementEntityGraph(entity=tau.mmo.domain.Item, querySpaceUid=<gen:2>, path=tau.mmo.domain.Player.items.<elements>)
    - QuerySpaces
       - EntityQuerySpaceImpl(uid=<gen:0>, entity=tau.mmo.domain.Player)
          - SQL table alias mapping - player0_
          - alias suffix - 0_
          - suffixed key columns - {id1_1_0_}

20:24:25.906 [main] DEBUG org.hibernate.loader.entity.plan.EntityLoader - Static select for entity tau.mmo.domain.Player [OPTIMISTIC_FORCE_INCREMENT]: select player0_.id as id1_1_0_, player0_.heroclass as heroclas2_1_0_, player0_.level as level3_1_0_, player0_.name as name4_1_0_ from player player0_ where player0_.id=?
20:24:25.906 [main] DEBUG org.hibernate.loader.Loader - Static select for action ACTION_MERGE on entity tau.mmo.domain.Player: select player0_.id as id1_1_0_, player0_.heroclass as heroclas2_1_0_, player0_.level as level3_1_0_, player0_.name as name4_1_0_ from player player0_ where player0_.id=?
20:24:25.906 [main] DEBUG org.hibernate.loader.Loader - Static select for action ACTION_REFRESH on entity tau.mmo.domain.Player: select player0_.id as id1_1_0_, player0_.heroclass as heroclas2_1_0_, player0_.level as level3_1_0_, player0_.name as name4_1_0_ from player player0_ where player0_.id=?
20:24:25.906 [main] DEBUG org.hibernate.loader.plan.build.internal.spaces.QuerySpacesImpl - Adding QuerySpace : uid = <gen:0> -> org.hibernate.loader.plan.build.internal.spaces.CollectionQuerySpaceImpl@5a31abe9]
20:24:25.906 [main] DEBUG org.hibernate.loader.plan.build.internal.spaces.QuerySpacesImpl - Adding QuerySpace : uid = <gen:1> -> org.hibernate.loader.plan.build.internal.spaces.EntityQuerySpaceImpl@2dacda9a]
20:24:25.906 [main] DEBUG org.hibernate.persister.walking.spi.MetamodelGraphWalker - Visiting attribute path : itemclass
20:24:25.906 [main] DEBUG org.hibernate.persister.walking.spi.MetamodelGraphWalker - Visiting attribute path : levelreq
20:24:25.906 [main] DEBUG org.hibernate.persister.walking.spi.MetamodelGraphWalker - Visiting attribute path : name
20:24:25.906 [main] DEBUG org.hibernate.persister.walking.spi.MetamodelGraphWalker - Visiting attribute path : player
20:24:25.906 [main] DEBUG org.hibernate.persister.walking.spi.MetamodelGraphWalker - Property path deemed to be circular : player
20:24:25.906 [main] DEBUG org.hibernate.loader.plan.build.internal.FetchStyleLoadPlanBuildingAssociationVisitationStrategy - Building LoadPlan...
20:24:25.907 [main] DEBUG org.hibernate.loader.plan.exec.internal.LoadQueryJoinAndFetchProcessor - processing queryspace <gen:0>
20:24:25.907 [main] DEBUG org.hibernate.loader.plan.build.spi.LoadPlanTreePrinter - LoadPlan(collection=tau.mmo.domain.Player.items)
    - Returns
       - CollectionReturnImpl(collection=tau.mmo.domain.Player.items, querySpaceUid=<gen:0>, path=[tau.mmo.domain.Player.items])
          - (collection element) CollectionFetchableElementEntityGraph(entity=tau.mmo.domain.Item, querySpaceUid=<gen:1>, path=[tau.mmo.domain.Player.items].<elements>)
    - QuerySpaces
       - CollectionQuerySpaceImpl(uid=<gen:0>, collection=tau.mmo.domain.Player.items)
          - SQL table alias mapping - items0_
          - alias suffix - 0_
          - suffixed key columns - {player_i5_0_0_}
          - entity-element alias suffix - 1_
          - 1_entity-element suffixed key columns - id1_0_1_
          - JOIN (JoinDefinedByMetadata(elements)) : <gen:0> -> <gen:1>
             - EntityQuerySpaceImpl(uid=<gen:1>, entity=tau.mmo.domain.Item)
                - SQL table alias mapping - items0_
                - alias suffix - 1_
                - suffixed key columns - {id1_0_1_}

20:24:25.907 [main] DEBUG org.hibernate.loader.collection.plan.CollectionLoader - Static select for collection tau.mmo.domain.Player.items: select items0_.player_id as player_i5_0_0_, items0_.id as id1_0_0_, items0_.id as id1_0_1_, items0_.itemclass as itemclas2_0_1_, items0_.levelreq as levelreq3_0_1_, items0_.name as name4_0_1_, items0_.player_id as player_i5_0_1_ from item items0_ where items0_.player_id=?
20:24:25.907 [main] DEBUG org.hibernate.internal.SessionFactoryImpl - Instantiated session factory
20:24:25.907 [main] DEBUG org.springframework.jdbc.datasource.DriverManagerDataSource - Creating new JDBC DriverManager Connection to [jdbc:hsqldb:hsql://localhost/workdb]
20:24:25.907 [main] DEBUG org.hibernate.engine.jdbc.spi.SqlExceptionHelper - Unable to open JDBC Connection for DDL execution [n/a]
java.sql.SQLTransientConnectionException: java.net.ConnectException: Połączenie odrzucone (Connection refused)
	at org.hsqldb.jdbc.JDBCUtil.sqlException(Unknown Source)
	at org.hsqldb.jdbc.JDBCUtil.sqlException(Unknown Source)
	at org.hsqldb.jdbc.JDBCConnection.<init>(Unknown Source)
	at org.hsqldb.jdbc.JDBCDriver.getConnection(Unknown Source)
	at org.hsqldb.jdbc.JDBCDriver.connect(Unknown Source)
	at java.sql/java.sql.DriverManager.getConnection(DriverManager.java:677)
	at java.sql/java.sql.DriverManager.getConnection(DriverManager.java:189)
	at org.springframework.jdbc.datasource.DriverManagerDataSource.getConnectionFromDriverManager(DriverManagerDataSource.java:154)
	at org.springframework.jdbc.datasource.DriverManagerDataSource.getConnectionFromDriver(DriverManagerDataSource.java:145)
	at org.springframework.jdbc.datasource.AbstractDriverBasedDataSource.getConnectionFromDriver(AbstractDriverBasedDataSource.java:205)
	at org.springframework.jdbc.datasource.AbstractDriverBasedDataSource.getConnection(AbstractDriverBasedDataSource.java:169)
	at org.hibernate.engine.jdbc.connections.internal.DatasourceConnectionProviderImpl.getConnection(DatasourceConnectionProviderImpl.java:122)
	at org.hibernate.engine.jdbc.env.internal.JdbcEnvironmentInitiator$ConnectionProviderJdbcConnectionAccess.obtainConnection(JdbcEnvironmentInitiator.java:180)
	at org.hibernate.resource.transaction.backend.jdbc.internal.DdlTransactionIsolatorNonJtaImpl.getIsolatedConnection(DdlTransactionIsolatorNonJtaImpl.java:43)
	at org.hibernate.tool.schema.internal.exec.ImprovedExtractionContextImpl.getJdbcConnection(ImprovedExtractionContextImpl.java:60)
	at org.hibernate.tool.schema.extract.internal.SequenceInformationExtractorLegacyImpl.extractMetadata(SequenceInformationExtractorLegacyImpl.java:40)
	at org.hibernate.tool.schema.extract.internal.DatabaseInformationImpl.initializeSequences(DatabaseInformationImpl.java:65)
	at org.hibernate.tool.schema.extract.internal.DatabaseInformationImpl.<init>(DatabaseInformationImpl.java:59)
	at org.hibernate.tool.schema.internal.Helper.buildDatabaseInformation(Helper.java:130)
	at org.hibernate.tool.schema.internal.AbstractSchemaMigrator.doMigration(AbstractSchemaMigrator.java:92)
	at org.hibernate.tool.schema.spi.SchemaManagementToolCoordinator.performDatabaseAction(SchemaManagementToolCoordinator.java:176)
	at org.hibernate.tool.schema.spi.SchemaManagementToolCoordinator.process(SchemaManagementToolCoordinator.java:65)
	at org.hibernate.internal.SessionFactoryImpl.<init>(SessionFactoryImpl.java:459)
	at org.hibernate.boot.internal.SessionFactoryBuilderImpl.build(SessionFactoryBuilderImpl.java:465)
	at org.hibernate.cfg.Configuration.buildSessionFactory(Configuration.java:711)
	at org.hibernate.cfg.Configuration.buildSessionFactory(Configuration.java:727)
	at org.springframework.orm.hibernate5.LocalSessionFactoryBean.buildSessionFactory(LocalSessionFactoryBean.java:615)
	at org.springframework.orm.hibernate5.LocalSessionFactoryBean.afterPropertiesSet(LocalSessionFactoryBean.java:599)
	at org.springframework.beans.factory.support.AbstractAutowireCapableBeanFactory.invokeInitMethods(AbstractAutowireCapableBeanFactory.java:1837)
	at org.springframework.beans.factory.support.AbstractAutowireCapableBeanFactory.initializeBean(AbstractAutowireCapableBeanFactory.java:1774)
	at org.springframework.beans.factory.support.AbstractAutowireCapableBeanFactory.doCreateBean(AbstractAutowireCapableBeanFactory.java:593)
	at org.springframework.beans.factory.support.AbstractAutowireCapableBeanFactory.createBean(AbstractAutowireCapableBeanFactory.java:515)
	at org.springframework.beans.factory.support.AbstractBeanFactory.lambda$doGetBean$0(AbstractBeanFactory.java:320)
	at org.springframework.beans.factory.support.DefaultSingletonBeanRegistry.getSingleton(DefaultSingletonBeanRegistry.java:222)
	at org.springframework.beans.factory.support.AbstractBeanFactory.doGetBean(AbstractBeanFactory.java:318)
	at org.springframework.beans.factory.support.AbstractBeanFactory.getBean(AbstractBeanFactory.java:199)
	at org.springframework.beans.factory.config.DependencyDescriptor.resolveCandidate(DependencyDescriptor.java:277)
	at org.springframework.beans.factory.support.DefaultListableBeanFactory.doResolveDependency(DefaultListableBeanFactory.java:1247)
	at org.springframework.beans.factory.support.DefaultListableBeanFactory.resolveDependency(DefaultListableBeanFactory.java:1167)
	at org.springframework.beans.factory.annotation.AutowiredAnnotationBeanPostProcessor$AutowiredFieldElement.inject(AutowiredAnnotationBeanPostProcessor.java:593)
	at org.springframework.beans.factory.annotation.InjectionMetadata.inject(InjectionMetadata.java:90)
	at org.springframework.beans.factory.annotation.AutowiredAnnotationBeanPostProcessor.postProcessProperties(AutowiredAnnotationBeanPostProcessor.java:374)
	at org.springframework.beans.factory.support.AbstractAutowireCapableBeanFactory.populateBean(AbstractAutowireCapableBeanFactory.java:1411)
	at org.springframework.beans.factory.support.AbstractAutowireCapableBeanFactory.doCreateBean(AbstractAutowireCapableBeanFactory.java:592)
	at org.springframework.beans.factory.support.AbstractAutowireCapableBeanFactory.createBean(AbstractAutowireCapableBeanFactory.java:515)
	at org.springframework.beans.factory.support.AbstractBeanFactory.lambda$doGetBean$0(AbstractBeanFactory.java:320)
	at org.springframework.beans.factory.support.DefaultSingletonBeanRegistry.getSingleton(DefaultSingletonBeanRegistry.java:222)
	at org.springframework.beans.factory.support.AbstractBeanFactory.doGetBean(AbstractBeanFactory.java:318)
	at org.springframework.beans.factory.support.AbstractBeanFactory.getBean(AbstractBeanFactory.java:199)
	at org.springframework.beans.factory.config.DependencyDescriptor.resolveCandidate(DependencyDescriptor.java:277)
	at org.springframework.beans.factory.support.DefaultListableBeanFactory.doResolveDependency(DefaultListableBeanFactory.java:1247)
	at org.springframework.beans.factory.support.DefaultListableBeanFactory.resolveDependency(DefaultListableBeanFactory.java:1167)
	at org.springframework.beans.factory.annotation.AutowiredAnnotationBeanPostProcessor$AutowiredFieldElement.inject(AutowiredAnnotationBeanPostProcessor.java:593)
	at org.springframework.beans.factory.annotation.InjectionMetadata.inject(InjectionMetadata.java:90)
	at org.springframework.beans.factory.annotation.AutowiredAnnotationBeanPostProcessor.postProcessProperties(AutowiredAnnotationBeanPostProcessor.java:374)
	at org.springframework.beans.factory.support.AbstractAutowireCapableBeanFactory.populateBean(AbstractAutowireCapableBeanFactory.java:1411)
	at org.springframework.beans.factory.support.AbstractAutowireCapableBeanFactory.doCreateBean(AbstractAutowireCapableBeanFactory.java:592)
	at org.springframework.beans.factory.support.AbstractAutowireCapableBeanFactory.createBean(AbstractAutowireCapableBeanFactory.java:515)
	at org.springframework.beans.factory.support.AbstractBeanFactory.lambda$doGetBean$0(AbstractBeanFactory.java:320)
	at org.springframework.beans.factory.support.DefaultSingletonBeanRegistry.getSingleton(DefaultSingletonBeanRegistry.java:222)
	at org.springframework.beans.factory.support.AbstractBeanFactory.doGetBean(AbstractBeanFactory.java:318)
	at org.springframework.beans.factory.support.AbstractBeanFactory.getBean(AbstractBeanFactory.java:199)
	at org.springframework.beans.factory.support.DefaultListableBeanFactory.preInstantiateSingletons(DefaultListableBeanFactory.java:849)
	at org.springframework.context.support.AbstractApplicationContext.finishBeanFactoryInitialization(AbstractApplicationContext.java:877)
	at org.springframework.context.support.AbstractApplicationContext.refresh(AbstractApplicationContext.java:549)
	at org.springframework.test.context.support.AbstractGenericContextLoader.loadContext(AbstractGenericContextLoader.java:128)
	at org.springframework.test.context.support.AbstractGenericContextLoader.loadContext(AbstractGenericContextLoader.java:60)
	at org.springframework.test.context.support.AbstractDelegatingSmartContextLoader.delegateLoading(AbstractDelegatingSmartContextLoader.java:275)
	at org.springframework.test.context.support.AbstractDelegatingSmartContextLoader.loadContext(AbstractDelegatingSmartContextLoader.java:243)
	at org.springframework.test.context.cache.DefaultCacheAwareContextLoaderDelegate.loadContextInternal(DefaultCacheAwareContextLoaderDelegate.java:99)
	at org.springframework.test.context.cache.DefaultCacheAwareContextLoaderDelegate.loadContext(DefaultCacheAwareContextLoaderDelegate.java:117)
	at org.springframework.test.context.support.DefaultTestContext.getApplicationContext(DefaultTestContext.java:108)
	at org.springframework.test.context.support.DependencyInjectionTestExecutionListener.injectDependencies(DependencyInjectionTestExecutionListener.java:118)
	at org.springframework.test.context.support.DependencyInjectionTestExecutionListener.prepareTestInstance(DependencyInjectionTestExecutionListener.java:83)
	at org.springframework.test.context.TestContextManager.prepareTestInstance(TestContextManager.java:246)
	at org.springframework.test.context.junit4.SpringJUnit4ClassRunner.createTest(SpringJUnit4ClassRunner.java:227)
	at org.springframework.test.context.junit4.SpringJUnit4ClassRunner$1.runReflectiveCall(SpringJUnit4ClassRunner.java:289)
	at org.junit.internal.runners.model.ReflectiveCallable.run(ReflectiveCallable.java:12)
	at org.springframework.test.context.junit4.SpringJUnit4ClassRunner.methodBlock(SpringJUnit4ClassRunner.java:291)
	at org.springframework.test.context.junit4.SpringJUnit4ClassRunner.runChild(SpringJUnit4ClassRunner.java:246)
	at org.springframework.test.context.junit4.SpringJUnit4ClassRunner.runChild(SpringJUnit4ClassRunner.java:97)
	at org.junit.runners.ParentRunner$3.run(ParentRunner.java:290)
	at org.junit.runners.ParentRunner$1.schedule(ParentRunner.java:71)
	at org.junit.runners.ParentRunner.runChildren(ParentRunner.java:288)
	at org.junit.runners.ParentRunner.access$000(ParentRunner.java:58)
	at org.junit.runners.ParentRunner$2.evaluate(ParentRunner.java:268)
	at org.springframework.test.context.junit4.statements.RunBeforeTestClassCallbacks.evaluate(RunBeforeTestClassCallbacks.java:61)
	at org.springframework.test.context.junit4.statements.RunAfterTestClassCallbacks.evaluate(RunAfterTestClassCallbacks.java:70)
	at org.junit.runners.ParentRunner.run(ParentRunner.java:363)
	at org.springframework.test.context.junit4.SpringJUnit4ClassRunner.run(SpringJUnit4ClassRunner.java:190)
	at org.apache.maven.surefire.junit4.JUnit4Provider.execute(JUnit4Provider.java:365)
	at org.apache.maven.surefire.junit4.JUnit4Provider.executeWithRerun(JUnit4Provider.java:273)
	at org.apache.maven.surefire.junit4.JUnit4Provider.executeTestSet(JUnit4Provider.java:238)
	at org.apache.maven.surefire.junit4.JUnit4Provider.invoke(JUnit4Provider.java:159)
	at org.apache.maven.surefire.booter.ForkedBooter.invokeProviderInSameClassLoader(ForkedBooter.java:384)
	at org.apache.maven.surefire.booter.ForkedBooter.runSuitesInProcess(ForkedBooter.java:345)
	at org.apache.maven.surefire.booter.ForkedBooter.execute(ForkedBooter.java:126)
	at org.apache.maven.surefire.booter.ForkedBooter.main(ForkedBooter.java:418)
Caused by: org.hsqldb.HsqlException: java.net.ConnectException: Połączenie odrzucone (Connection refused)
	at org.hsqldb.ClientConnection.openConnection(Unknown Source)
	at org.hsqldb.ClientConnection.initConnection(Unknown Source)
	at org.hsqldb.ClientConnection.<init>(Unknown Source)
	... 96 common frames omitted
Caused by: java.net.ConnectException: Połączenie odrzucone (Connection refused)
	at java.base/java.net.PlainSocketImpl.socketConnect(Native Method)
	at java.base/java.net.AbstractPlainSocketImpl.doConnect(AbstractPlainSocketImpl.java:399)
	at java.base/java.net.AbstractPlainSocketImpl.connectToAddress(AbstractPlainSocketImpl.java:242)
	at java.base/java.net.AbstractPlainSocketImpl.connect(AbstractPlainSocketImpl.java:224)
	at java.base/java.net.SocksSocketImpl.connect(SocksSocketImpl.java:403)
	at java.base/java.net.Socket.connect(Socket.java:591)
	at java.base/java.net.Socket.connect(Socket.java:540)
	at java.base/java.net.Socket.<init>(Socket.java:436)
	at java.base/java.net.Socket.<init>(Socket.java:213)
	at org.hsqldb.server.HsqlSocketFactory.createSocket(Unknown Source)
	... 99 common frames omitted
20:24:25.908 [main] WARN org.hibernate.engine.jdbc.spi.SqlExceptionHelper - SQL Error: -1301, SQLState: 08001
20:24:25.908 [main] ERROR org.hibernate.engine.jdbc.spi.SqlExceptionHelper - java.net.ConnectException: Połączenie odrzucone (Connection refused)
20:24:25.908 [main] WARN org.springframework.context.support.GenericApplicationContext - Exception encountered during context initialization - cancelling refresh attempt: org.springframework.beans.factory.UnsatisfiedDependencyException: Error creating bean with name 'playerController': Unsatisfied dependency expressed through field 'playerManager'; nested exception is org.springframework.beans.factory.UnsatisfiedDependencyException: Error creating bean with name 'playerManagerHibernateImpl': Unsatisfied dependency expressed through field 'sessionFactory'; nested exception is org.springframework.beans.factory.BeanCreationException: Error creating bean with name 'hibernateSessionFactory' defined in class path resource [beans.xml]: Invocation of init method failed; nested exception is org.hibernate.exception.JDBCConnectionException: Unable to open JDBC Connection for DDL execution
20:24:25.908 [main] ERROR org.springframework.test.context.TestContextManager - Caught exception while allowing TestExecutionListener [org.springframework.test.context.support.DependencyInjectionTestExecutionListener@6a400542] to prepare test instance [tau.mmo.service.PlayerManagerTest@52d9f36b]
java.lang.IllegalStateException: Failed to load ApplicationContext
	at org.springframework.test.context.cache.DefaultCacheAwareContextLoaderDelegate.loadContext(DefaultCacheAwareContextLoaderDelegate.java:125)
	at org.springframework.test.context.support.DefaultTestContext.getApplicationContext(DefaultTestContext.java:108)
	at org.springframework.test.context.support.DependencyInjectionTestExecutionListener.injectDependencies(DependencyInjectionTestExecutionListener.java:118)
	at org.springframework.test.context.support.DependencyInjectionTestExecutionListener.prepareTestInstance(DependencyInjectionTestExecutionListener.java:83)
	at org.springframework.test.context.TestContextManager.prepareTestInstance(TestContextManager.java:246)
	at org.springframework.test.context.junit4.SpringJUnit4ClassRunner.createTest(SpringJUnit4ClassRunner.java:227)
	at org.springframework.test.context.junit4.SpringJUnit4ClassRunner$1.runReflectiveCall(SpringJUnit4ClassRunner.java:289)
	at org.junit.internal.runners.model.ReflectiveCallable.run(ReflectiveCallable.java:12)
	at org.springframework.test.context.junit4.SpringJUnit4ClassRunner.methodBlock(SpringJUnit4ClassRunner.java:291)
	at org.springframework.test.context.junit4.SpringJUnit4ClassRunner.runChild(SpringJUnit4ClassRunner.java:246)
	at org.springframework.test.context.junit4.SpringJUnit4ClassRunner.runChild(SpringJUnit4ClassRunner.java:97)
	at org.junit.runners.ParentRunner$3.run(ParentRunner.java:290)
	at org.junit.runners.ParentRunner$1.schedule(ParentRunner.java:71)
	at org.junit.runners.ParentRunner.runChildren(ParentRunner.java:288)
	at org.junit.runners.ParentRunner.access$000(ParentRunner.java:58)
	at org.junit.runners.ParentRunner$2.evaluate(ParentRunner.java:268)
	at org.springframework.test.context.junit4.statements.RunBeforeTestClassCallbacks.evaluate(RunBeforeTestClassCallbacks.java:61)
	at org.springframework.test.context.junit4.statements.RunAfterTestClassCallbacks.evaluate(RunAfterTestClassCallbacks.java:70)
	at org.junit.runners.ParentRunner.run(ParentRunner.java:363)
	at org.springframework.test.context.junit4.SpringJUnit4ClassRunner.run(SpringJUnit4ClassRunner.java:190)
	at org.apache.maven.surefire.junit4.JUnit4Provider.execute(JUnit4Provider.java:365)
	at org.apache.maven.surefire.junit4.JUnit4Provider.executeWithRerun(JUnit4Provider.java:273)
	at org.apache.maven.surefire.junit4.JUnit4Provider.executeTestSet(JUnit4Provider.java:238)
	at org.apache.maven.surefire.junit4.JUnit4Provider.invoke(JUnit4Provider.java:159)
	at org.apache.maven.surefire.booter.ForkedBooter.invokeProviderInSameClassLoader(ForkedBooter.java:384)
	at org.apache.maven.surefire.booter.ForkedBooter.runSuitesInProcess(ForkedBooter.java:345)
	at org.apache.maven.surefire.booter.ForkedBooter.execute(ForkedBooter.java:126)
	at org.apache.maven.surefire.booter.ForkedBooter.main(ForkedBooter.java:418)
Caused by: org.springframework.beans.factory.UnsatisfiedDependencyException: Error creating bean with name 'playerController': Unsatisfied dependency expressed through field 'playerManager'; nested exception is org.springframework.beans.factory.UnsatisfiedDependencyException: Error creating bean with name 'playerManagerHibernateImpl': Unsatisfied dependency expressed through field 'sessionFactory'; nested exception is org.springframework.beans.factory.BeanCreationException: Error creating bean with name 'hibernateSessionFactory' defined in class path resource [beans.xml]: Invocation of init method failed; nested exception is org.hibernate.exception.JDBCConnectionException: Unable to open JDBC Connection for DDL execution
	at org.springframework.beans.factory.annotation.AutowiredAnnotationBeanPostProcessor$AutowiredFieldElement.inject(AutowiredAnnotationBeanPostProcessor.java:596)
	at org.springframework.beans.factory.annotation.InjectionMetadata.inject(InjectionMetadata.java:90)
	at org.springframework.beans.factory.annotation.AutowiredAnnotationBeanPostProcessor.postProcessProperties(AutowiredAnnotationBeanPostProcessor.java:374)
	at org.springframework.beans.factory.support.AbstractAutowireCapableBeanFactory.populateBean(AbstractAutowireCapableBeanFactory.java:1411)
	at org.springframework.beans.factory.support.AbstractAutowireCapableBeanFactory.doCreateBean(AbstractAutowireCapableBeanFactory.java:592)
	at org.springframework.beans.factory.support.AbstractAutowireCapableBeanFactory.createBean(AbstractAutowireCapableBeanFactory.java:515)
	at org.springframework.beans.factory.support.AbstractBeanFactory.lambda$doGetBean$0(AbstractBeanFactory.java:320)
	at org.springframework.beans.factory.support.DefaultSingletonBeanRegistry.getSingleton(DefaultSingletonBeanRegistry.java:222)
	at org.springframework.beans.factory.support.AbstractBeanFactory.doGetBean(AbstractBeanFactory.java:318)
	at org.springframework.beans.factory.support.AbstractBeanFactory.getBean(AbstractBeanFactory.java:199)
	at org.springframework.beans.factory.support.DefaultListableBeanFactory.preInstantiateSingletons(DefaultListableBeanFactory.java:849)
	at org.springframework.context.support.AbstractApplicationContext.finishBeanFactoryInitialization(AbstractApplicationContext.java:877)
	at org.springframework.context.support.AbstractApplicationContext.refresh(AbstractApplicationContext.java:549)
	at org.springframework.test.context.support.AbstractGenericContextLoader.loadContext(AbstractGenericContextLoader.java:128)
	at org.springframework.test.context.support.AbstractGenericContextLoader.loadContext(AbstractGenericContextLoader.java:60)
	at org.springframework.test.context.support.AbstractDelegatingSmartContextLoader.delegateLoading(AbstractDelegatingSmartContextLoader.java:275)
	at org.springframework.test.context.support.AbstractDelegatingSmartContextLoader.loadContext(AbstractDelegatingSmartContextLoader.java:243)
	at org.springframework.test.context.cache.DefaultCacheAwareContextLoaderDelegate.loadContextInternal(DefaultCacheAwareContextLoaderDelegate.java:99)
	at org.springframework.test.context.cache.DefaultCacheAwareContextLoaderDelegate.loadContext(DefaultCacheAwareContextLoaderDelegate.java:117)
	... 27 common frames omitted
Caused by: org.springframework.beans.factory.UnsatisfiedDependencyException: Error creating bean with name 'playerManagerHibernateImpl': Unsatisfied dependency expressed through field 'sessionFactory'; nested exception is org.springframework.beans.factory.BeanCreationException: Error creating bean with name 'hibernateSessionFactory' defined in class path resource [beans.xml]: Invocation of init method failed; nested exception is org.hibernate.exception.JDBCConnectionException: Unable to open JDBC Connection for DDL execution
	at org.springframework.beans.factory.annotation.AutowiredAnnotationBeanPostProcessor$AutowiredFieldElement.inject(AutowiredAnnotationBeanPostProcessor.java:596)
	at org.springframework.beans.factory.annotation.InjectionMetadata.inject(InjectionMetadata.java:90)
	at org.springframework.beans.factory.annotation.AutowiredAnnotationBeanPostProcessor.postProcessProperties(AutowiredAnnotationBeanPostProcessor.java:374)
	at org.springframework.beans.factory.support.AbstractAutowireCapableBeanFactory.populateBean(AbstractAutowireCapableBeanFactory.java:1411)
	at org.springframework.beans.factory.support.AbstractAutowireCapableBeanFactory.doCreateBean(AbstractAutowireCapableBeanFactory.java:592)
	at org.springframework.beans.factory.support.AbstractAutowireCapableBeanFactory.createBean(AbstractAutowireCapableBeanFactory.java:515)
	at org.springframework.beans.factory.support.AbstractBeanFactory.lambda$doGetBean$0(AbstractBeanFactory.java:320)
	at org.springframework.beans.factory.support.DefaultSingletonBeanRegistry.getSingleton(DefaultSingletonBeanRegistry.java:222)
	at org.springframework.beans.factory.support.AbstractBeanFactory.doGetBean(AbstractBeanFactory.java:318)
	at org.springframework.beans.factory.support.AbstractBeanFactory.getBean(AbstractBeanFactory.java:199)
	at org.springframework.beans.factory.config.DependencyDescriptor.resolveCandidate(DependencyDescriptor.java:277)
	at org.springframework.beans.factory.support.DefaultListableBeanFactory.doResolveDependency(DefaultListableBeanFactory.java:1247)
	at org.springframework.beans.factory.support.DefaultListableBeanFactory.resolveDependency(DefaultListableBeanFactory.java:1167)
	at org.springframework.beans.factory.annotation.AutowiredAnnotationBeanPostProcessor$AutowiredFieldElement.inject(AutowiredAnnotationBeanPostProcessor.java:593)
	... 45 common frames omitted
Caused by: org.springframework.beans.factory.BeanCreationException: Error creating bean with name 'hibernateSessionFactory' defined in class path resource [beans.xml]: Invocation of init method failed; nested exception is org.hibernate.exception.JDBCConnectionException: Unable to open JDBC Connection for DDL execution
	at org.springframework.beans.factory.support.AbstractAutowireCapableBeanFactory.initializeBean(AbstractAutowireCapableBeanFactory.java:1778)
	at org.springframework.beans.factory.support.AbstractAutowireCapableBeanFactory.doCreateBean(AbstractAutowireCapableBeanFactory.java:593)
	at org.springframework.beans.factory.support.AbstractAutowireCapableBeanFactory.createBean(AbstractAutowireCapableBeanFactory.java:515)
	at org.springframework.beans.factory.support.AbstractBeanFactory.lambda$doGetBean$0(AbstractBeanFactory.java:320)
	at org.springframework.beans.factory.support.DefaultSingletonBeanRegistry.getSingleton(DefaultSingletonBeanRegistry.java:222)
	at org.springframework.beans.factory.support.AbstractBeanFactory.doGetBean(AbstractBeanFactory.java:318)
	at org.springframework.beans.factory.support.AbstractBeanFactory.getBean(AbstractBeanFactory.java:199)
	at org.springframework.beans.factory.config.DependencyDescriptor.resolveCandidate(DependencyDescriptor.java:277)
	at org.springframework.beans.factory.support.DefaultListableBeanFactory.doResolveDependency(DefaultListableBeanFactory.java:1247)
	at org.springframework.beans.factory.support.DefaultListableBeanFactory.resolveDependency(DefaultListableBeanFactory.java:1167)
	at org.springframework.beans.factory.annotation.AutowiredAnnotationBeanPostProcessor$AutowiredFieldElement.inject(AutowiredAnnotationBeanPostProcessor.java:593)
	... 58 common frames omitted
Caused by: org.hibernate.exception.JDBCConnectionException: Unable to open JDBC Connection for DDL execution
	at org.hibernate.exception.internal.SQLExceptionTypeDelegate.convert(SQLExceptionTypeDelegate.java:48)
	at org.hibernate.exception.internal.StandardSQLExceptionConverter.convert(StandardSQLExceptionConverter.java:42)
	at org.hibernate.engine.jdbc.spi.SqlExceptionHelper.convert(SqlExceptionHelper.java:111)
	at org.hibernate.engine.jdbc.spi.SqlExceptionHelper.convert(SqlExceptionHelper.java:97)
	at org.hibernate.resource.transaction.backend.jdbc.internal.DdlTransactionIsolatorNonJtaImpl.getIsolatedConnection(DdlTransactionIsolatorNonJtaImpl.java:69)
	at org.hibernate.tool.schema.internal.exec.ImprovedExtractionContextImpl.getJdbcConnection(ImprovedExtractionContextImpl.java:60)
	at org.hibernate.tool.schema.extract.internal.SequenceInformationExtractorLegacyImpl.extractMetadata(SequenceInformationExtractorLegacyImpl.java:40)
	at org.hibernate.tool.schema.extract.internal.DatabaseInformationImpl.initializeSequences(DatabaseInformationImpl.java:65)
	at org.hibernate.tool.schema.extract.internal.DatabaseInformationImpl.<init>(DatabaseInformationImpl.java:59)
	at org.hibernate.tool.schema.internal.Helper.buildDatabaseInformation(Helper.java:130)
	at org.hibernate.tool.schema.internal.AbstractSchemaMigrator.doMigration(AbstractSchemaMigrator.java:92)
	at org.hibernate.tool.schema.spi.SchemaManagementToolCoordinator.performDatabaseAction(SchemaManagementToolCoordinator.java:176)
	at org.hibernate.tool.schema.spi.SchemaManagementToolCoordinator.process(SchemaManagementToolCoordinator.java:65)
	at org.hibernate.internal.SessionFactoryImpl.<init>(SessionFactoryImpl.java:459)
	at org.hibernate.boot.internal.SessionFactoryBuilderImpl.build(SessionFactoryBuilderImpl.java:465)
	at org.hibernate.cfg.Configuration.buildSessionFactory(Configuration.java:711)
	at org.hibernate.cfg.Configuration.buildSessionFactory(Configuration.java:727)
	at org.springframework.orm.hibernate5.LocalSessionFactoryBean.buildSessionFactory(LocalSessionFactoryBean.java:615)
	at org.springframework.orm.hibernate5.LocalSessionFactoryBean.afterPropertiesSet(LocalSessionFactoryBean.java:599)
	at org.springframework.beans.factory.support.AbstractAutowireCapableBeanFactory.invokeInitMethods(AbstractAutowireCapableBeanFactory.java:1837)
	at org.springframework.beans.factory.support.AbstractAutowireCapableBeanFactory.initializeBean(AbstractAutowireCapableBeanFactory.java:1774)
	... 68 common frames omitted
Caused by: java.sql.SQLTransientConnectionException: java.net.ConnectException: Połączenie odrzucone (Connection refused)
	at org.hsqldb.jdbc.JDBCUtil.sqlException(Unknown Source)
	at org.hsqldb.jdbc.JDBCUtil.sqlException(Unknown Source)
	at org.hsqldb.jdbc.JDBCConnection.<init>(Unknown Source)
	at org.hsqldb.jdbc.JDBCDriver.getConnection(Unknown Source)
	at org.hsqldb.jdbc.JDBCDriver.connect(Unknown Source)
	at java.sql/java.sql.DriverManager.getConnection(DriverManager.java:677)
	at java.sql/java.sql.DriverManager.getConnection(DriverManager.java:189)
	at org.springframework.jdbc.datasource.DriverManagerDataSource.getConnectionFromDriverManager(DriverManagerDataSource.java:154)
	at org.springframework.jdbc.datasource.DriverManagerDataSource.getConnectionFromDriver(DriverManagerDataSource.java:145)
	at org.springframework.jdbc.datasource.AbstractDriverBasedDataSource.getConnectionFromDriver(AbstractDriverBasedDataSource.java:205)
	at org.springframework.jdbc.datasource.AbstractDriverBasedDataSource.getConnection(AbstractDriverBasedDataSource.java:169)
	at org.hibernate.engine.jdbc.connections.internal.DatasourceConnectionProviderImpl.getConnection(DatasourceConnectionProviderImpl.java:122)
	at org.hibernate.engine.jdbc.env.internal.JdbcEnvironmentInitiator$ConnectionProviderJdbcConnectionAccess.obtainConnection(JdbcEnvironmentInitiator.java:180)
	at org.hibernate.resource.transaction.backend.jdbc.internal.DdlTransactionIsolatorNonJtaImpl.getIsolatedConnection(DdlTransactionIsolatorNonJtaImpl.java:43)
	... 84 common frames omitted
Caused by: org.hsqldb.HsqlException: java.net.ConnectException: Połączenie odrzucone (Connection refused)
	at org.hsqldb.ClientConnection.openConnection(Unknown Source)
	at org.hsqldb.ClientConnection.initConnection(Unknown Source)
	at org.hsqldb.ClientConnection.<init>(Unknown Source)
	... 96 common frames omitted
Caused by: java.net.ConnectException: Połączenie odrzucone (Connection refused)
	at java.base/java.net.PlainSocketImpl.socketConnect(Native Method)
	at java.base/java.net.AbstractPlainSocketImpl.doConnect(AbstractPlainSocketImpl.java:399)
	at java.base/java.net.AbstractPlainSocketImpl.connectToAddress(AbstractPlainSocketImpl.java:242)
	at java.base/java.net.AbstractPlainSocketImpl.connect(AbstractPlainSocketImpl.java:224)
	at java.base/java.net.SocksSocketImpl.connect(SocksSocketImpl.java:403)
	at java.base/java.net.Socket.connect(Socket.java:591)
	at java.base/java.net.Socket.connect(Socket.java:540)
	at java.base/java.net.Socket.<init>(Socket.java:436)
	at java.base/java.net.Socket.<init>(Socket.java:213)
	at org.hsqldb.server.HsqlSocketFactory.createSocket(Unknown Source)
	... 99 common frames omitted
]]></system-out>
  </testcase>
  <testcase name="deleteItemtoPlayer" classname="tau.mmo.service.PlayerManagerTest" time="0.008">
    <error message="Failed to load ApplicationContext" type="java.lang.IllegalStateException">java.lang.IllegalStateException: Failed to load ApplicationContext
Caused by: org.springframework.beans.factory.UnsatisfiedDependencyException: Error creating bean with name 'playerController': Unsatisfied dependency expressed through field 'playerManager'; nested exception is org.springframework.beans.factory.UnsatisfiedDependencyException: Error creating bean with name 'playerManagerHibernateImpl': Unsatisfied dependency expressed through field 'sessionFactory'; nested exception is org.springframework.beans.factory.BeanCreationException: Error creating bean with name 'hibernateSessionFactory' defined in class path resource [beans.xml]: Invocation of init method failed; nested exception is org.hibernate.exception.JDBCConnectionException: Unable to open JDBC Connection for DDL execution
Caused by: org.springframework.beans.factory.UnsatisfiedDependencyException: Error creating bean with name 'playerManagerHibernateImpl': Unsatisfied dependency expressed through field 'sessionFactory'; nested exception is org.springframework.beans.factory.BeanCreationException: Error creating bean with name 'hibernateSessionFactory' defined in class path resource [beans.xml]: Invocation of init method failed; nested exception is org.hibernate.exception.JDBCConnectionException: Unable to open JDBC Connection for DDL execution
Caused by: org.springframework.beans.factory.BeanCreationException: Error creating bean with name 'hibernateSessionFactory' defined in class path resource [beans.xml]: Invocation of init method failed; nested exception is org.hibernate.exception.JDBCConnectionException: Unable to open JDBC Connection for DDL execution
Caused by: org.hibernate.exception.JDBCConnectionException: Unable to open JDBC Connection for DDL execution
Caused by: java.sql.SQLTransientConnectionException: java.net.ConnectException: Połączenie odrzucone (Connection refused)
Caused by: org.hsqldb.HsqlException: java.net.ConnectException: Połączenie odrzucone (Connection refused)
Caused by: java.net.ConnectException: Połączenie odrzucone (Connection refused)
</error>
    <system-out><![CDATA[20:24:25.921 [main] DEBUG org.springframework.test.annotation.ProfileValueUtils - Retrieved @ProfileValueSourceConfiguration [null] for test class [tau.mmo.service.PlayerManagerTest]
20:24:25.922 [main] DEBUG org.springframework.test.annotation.ProfileValueUtils - Retrieved ProfileValueSource type [class org.springframework.test.annotation.SystemProfileValueSource] for class [tau.mmo.service.PlayerManagerTest]
20:24:25.922 [main] DEBUG org.springframework.test.context.support.DependencyInjectionTestExecutionListener - Performing dependency injection for test context [[DefaultTestContext@7ed7259e testClass = PlayerManagerTest, testInstance = tau.mmo.service.PlayerManagerTest@40fee459, testMethod = [null], testException = [null], mergedContextConfiguration = [MergedContextConfiguration@28eaa59a testClass = PlayerManagerTest, locations = '{classpath:/beans.xml}', classes = '{}', contextInitializerClasses = '[]', activeProfiles = '{}', propertySourceLocations = '{}', propertySourceProperties = '{}', contextCustomizers = set[org.springframework.boot.test.context.filter.ExcludeFilterContextCustomizer@6b4a4e18, org.springframework.boot.test.json.DuplicateJsonObjectContextCustomizerFactory$DuplicateJsonObjectContextCustomizer@402e37bc, org.springframework.boot.test.mock.mockito.MockitoContextCustomizer@0, org.springframework.boot.test.autoconfigure.properties.PropertyMappingContextCustomizer@0, org.springframework.boot.test.autoconfigure.web.servlet.WebDriverContextCustomizerFactory$Customizer@6973bf95], contextLoader = 'org.springframework.test.context.support.DelegatingSmartContextLoader', parent = [null]], attributes = map[[empty]]]].
20:24:25.922 [main] DEBUG org.springframework.test.context.support.AbstractDelegatingSmartContextLoader - Delegating to GenericXmlContextLoader to load context from [MergedContextConfiguration@28eaa59a testClass = PlayerManagerTest, locations = '{classpath:/beans.xml}', classes = '{}', contextInitializerClasses = '[]', activeProfiles = '{}', propertySourceLocations = '{}', propertySourceProperties = '{}', contextCustomizers = set[org.springframework.boot.test.context.filter.ExcludeFilterContextCustomizer@6b4a4e18, org.springframework.boot.test.json.DuplicateJsonObjectContextCustomizerFactory$DuplicateJsonObjectContextCustomizer@402e37bc, org.springframework.boot.test.mock.mockito.MockitoContextCustomizer@0, org.springframework.boot.test.autoconfigure.properties.PropertyMappingContextCustomizer@0, org.springframework.boot.test.autoconfigure.web.servlet.WebDriverContextCustomizerFactory$Customizer@6973bf95], contextLoader = 'org.springframework.test.context.support.DelegatingSmartContextLoader', parent = [null]].
20:24:25.922 [main] DEBUG org.springframework.test.context.support.AbstractGenericContextLoader - Loading ApplicationContext for merged context configuration [[MergedContextConfiguration@28eaa59a testClass = PlayerManagerTest, locations = '{classpath:/beans.xml}', classes = '{}', contextInitializerClasses = '[]', activeProfiles = '{}', propertySourceLocations = '{}', propertySourceProperties = '{}', contextCustomizers = set[org.springframework.boot.test.context.filter.ExcludeFilterContextCustomizer@6b4a4e18, org.springframework.boot.test.json.DuplicateJsonObjectContextCustomizerFactory$DuplicateJsonObjectContextCustomizer@402e37bc, org.springframework.boot.test.mock.mockito.MockitoContextCustomizer@0, org.springframework.boot.test.autoconfigure.properties.PropertyMappingContextCustomizer@0, org.springframework.boot.test.autoconfigure.web.servlet.WebDriverContextCustomizerFactory$Customizer@6973bf95], contextLoader = 'org.springframework.test.context.support.DelegatingSmartContextLoader', parent = [null]]].
20:24:25.922 [main] DEBUG org.springframework.core.env.StandardEnvironment - Activating profiles []
20:24:25.943 [main] DEBUG org.springframework.context.annotation.ClassPathBeanDefinitionScanner - Identified candidate component class: file [/home/whitewolf/tau/TAU-repozytorium/tau-mmo-jmeter/target/classes/tau/mmo/Application.class]
20:24:25.943 [main] DEBUG org.springframework.context.annotation.ClassPathBeanDefinitionScanner - Identified candidate component class: file [/home/whitewolf/tau/TAU-repozytorium/tau-mmo-jmeter/target/classes/tau/mmo/api/PlayerController.class]
20:24:25.952 [main] DEBUG org.springframework.context.annotation.ClassPathBeanDefinitionScanner - Identified candidate component class: file [/home/whitewolf/tau/TAU-repozytorium/tau-mmo-jmeter/target/classes/tau/mmo/service/PlayerManagerHibernateImpl.class]
20:24:25.953 [main] DEBUG org.springframework.beans.factory.xml.XmlBeanDefinitionReader - Loaded 12 bean definitions from class path resource [beans.xml]
20:24:25.953 [main] DEBUG org.springframework.context.support.GenericApplicationContext - Refreshing org.springframework.context.support.GenericApplicationContext@bcd9ed6
20:24:25.954 [main] DEBUG org.springframework.beans.factory.support.DefaultListableBeanFactory - Creating shared instance of singleton bean 'org.springframework.context.annotation.internalConfigurationAnnotationProcessor'
20:24:25.956 [main] DEBUG org.springframework.context.annotation.ClassPathBeanDefinitionScanner - Identified candidate component class: file [/home/whitewolf/tau/TAU-repozytorium/tau-mmo-jmeter/target/classes/tau/mmo/api/PlayerController.class]
20:24:25.956 [main] DEBUG org.springframework.context.annotation.ClassPathBeanDefinitionScanner - Identified candidate component class: file [/home/whitewolf/tau/TAU-repozytorium/tau-mmo-jmeter/target/classes/tau/mmo/service/PlayerManagerHibernateImpl.class]
20:24:26.011 [main] DEBUG org.springframework.context.annotation.ClassPathBeanDefinitionScanner - Identified candidate component class: file [/home/whitewolf/tau/TAU-repozytorium/tau-mmo-jmeter/target/classes/tau/mmo/Application.class]
20:24:26.011 [main] DEBUG org.springframework.context.annotation.ClassPathBeanDefinitionScanner - Identified candidate component class: file [/home/whitewolf/tau/TAU-repozytorium/tau-mmo-jmeter/target/classes/tau/mmo/api/PlayerController.class]
20:24:26.011 [main] DEBUG org.springframework.context.annotation.ClassPathBeanDefinitionScanner - Identified candidate component class: file [/home/whitewolf/tau/TAU-repozytorium/tau-mmo-jmeter/target/classes/tau/mmo/service/PlayerManagerHibernateImpl.class]
20:24:26.012 [main] DEBUG org.springframework.beans.factory.xml.XmlBeanDefinitionReader - Loaded 0 bean definitions from class path resource [beans.xml]
20:24:26.012 [main] DEBUG org.springframework.beans.factory.support.DefaultListableBeanFactory - Creating shared instance of singleton bean 'org.springframework.boot.autoconfigure.condition.BeanTypeRegistry'
20:24:26.016 [main] INFO org.springframework.data.repository.config.RepositoryConfigurationDelegate - Bootstrapping Spring Data repositories in DEFAULT mode.
20:24:26.016 [main] DEBUG org.springframework.beans.factory.support.DefaultListableBeanFactory - Creating shared instance of singleton bean 'org.springframework.boot.autoconfigure.AutoConfigurationPackages'
20:24:26.017 [main] DEBUG org.springframework.boot.autoconfigure.AutoConfigurationPackages - @EnableAutoConfiguration was declared on a class in the package 'tau.mmo'. Automatic @Repository and @Entity scanning is enabled.
20:24:26.017 [main] DEBUG org.springframework.data.repository.config.RepositoryConfigurationDelegate - Scanning for repositories in packages tau.mmo.
20:24:26.017 [main] INFO org.springframework.data.repository.config.RepositoryConfigurationDelegate - Finished Spring Data repository scanning in 0ms. Found 0 repository interfaces.
20:24:26.025 [main] DEBUG org.springframework.beans.factory.support.DefaultListableBeanFactory - Creating shared instance of singleton bean 'propertySourcesPlaceholderConfigurer'
20:24:26.025 [main] DEBUG org.springframework.core.env.PropertySourcesPropertyResolver - Found key 'jdbc.driverClassName' in PropertySource 'class path resource [jdbc.properties]' with value of type String
20:24:26.025 [main] DEBUG org.springframework.core.env.PropertySourcesPropertyResolver - Found key 'jdbc.driverClassName' in PropertySource 'environmentProperties' with value of type String
20:24:26.025 [main] DEBUG org.springframework.core.env.PropertySourcesPropertyResolver - Found key 'jdbc.url' in PropertySource 'class path resource [jdbc.properties]' with value of type String
20:24:26.025 [main] DEBUG org.springframework.core.env.PropertySourcesPropertyResolver - Found key 'jdbc.url' in PropertySource 'environmentProperties' with value of type String
20:24:26.025 [main] DEBUG org.springframework.core.env.PropertySourcesPropertyResolver - Found key 'jdbc.username' in PropertySource 'class path resource [jdbc.properties]' with value of type String
20:24:26.025 [main] DEBUG org.springframework.core.env.PropertySourcesPropertyResolver - Found key 'jdbc.username' in PropertySource 'environmentProperties' with value of type String
20:24:26.025 [main] DEBUG org.springframework.core.env.PropertySourcesPropertyResolver - Found key 'jdbc.password' in PropertySource 'class path resource [jdbc.properties]' with value of type String
20:24:26.025 [main] DEBUG org.springframework.core.env.PropertySourcesPropertyResolver - Found key 'jdbc.password' in PropertySource 'environmentProperties' with value of type String
20:24:26.025 [main] DEBUG org.springframework.beans.factory.support.DefaultListableBeanFactory - Creating shared instance of singleton bean 'org.springframework.boot.test.mock.mockito.MockitoPostProcessor'
20:24:26.026 [main] DEBUG org.springframework.beans.factory.support.DefaultListableBeanFactory - Creating shared instance of singleton bean 'emBeanDefinitionRegistrarPostProcessor'
20:24:26.027 [main] DEBUG org.springframework.beans.factory.support.DefaultListableBeanFactory - Creating shared instance of singleton bean 'org.springframework.context.event.internalEventListenerProcessor'
20:24:26.027 [main] DEBUG org.springframework.beans.factory.support.DefaultListableBeanFactory - Creating shared instance of singleton bean 'org.springframework.boot.context.properties.ConfigurationBeanFactoryMetadata'
20:24:26.028 [main] DEBUG org.springframework.beans.factory.support.DefaultListableBeanFactory - Creating shared instance of singleton bean 'org.springframework.context.event.internalEventListenerFactory'
20:24:26.028 [main] DEBUG org.springframework.beans.factory.support.DefaultListableBeanFactory - Creating shared instance of singleton bean 'org.springframework.transaction.config.internalTransactionalEventListenerFactory'
20:24:26.028 [main] DEBUG org.springframework.beans.factory.support.DefaultListableBeanFactory - Creating shared instance of singleton bean 'org.springframework.context.annotation.internalAutowiredAnnotationProcessor'
20:24:26.028 [main] DEBUG org.springframework.beans.factory.support.DefaultListableBeanFactory - Creating shared instance of singleton bean 'org.springframework.context.annotation.internalCommonAnnotationProcessor'
20:24:26.029 [main] DEBUG org.springframework.beans.factory.support.DefaultListableBeanFactory - Creating shared instance of singleton bean 'org.springframework.context.annotation.internalPersistenceAnnotationProcessor'
20:24:26.029 [main] DEBUG org.springframework.beans.factory.support.DefaultListableBeanFactory - Creating shared instance of singleton bean 'org.springframework.boot.test.mock.mockito.MockitoPostProcessor$SpyPostProcessor'
20:24:26.029 [main] DEBUG org.springframework.beans.factory.support.DefaultListableBeanFactory - Creating shared instance of singleton bean 'org.springframework.boot.context.properties.ConfigurationPropertiesBindingPostProcessor'
20:24:26.029 [main] DEBUG org.springframework.beans.factory.support.DefaultListableBeanFactory - Creating shared instance of singleton bean 'methodValidationPostProcessor'
20:24:26.030 [main] DEBUG org.springframework.beans.factory.support.DefaultListableBeanFactory - Autowiring by type from bean name 'methodValidationPostProcessor' via factory method to bean named 'environment'
20:24:26.030 [main] DEBUG org.springframework.beans.factory.support.DefaultListableBeanFactory - Creating shared instance of singleton bean 'org.springframework.aop.config.internalAutoProxyCreator'
20:24:26.031 [main] DEBUG org.springframework.beans.factory.support.DefaultListableBeanFactory - Creating shared instance of singleton bean 'dataSourceInitializerPostProcessor'
20:24:26.031 [main] DEBUG org.springframework.beans.factory.support.DefaultListableBeanFactory - Creating shared instance of singleton bean 'persistenceExceptionTranslationPostProcessor'
20:24:26.032 [main] DEBUG org.springframework.beans.factory.support.DefaultListableBeanFactory - Autowiring by type from bean name 'persistenceExceptionTranslationPostProcessor' via factory method to bean named 'environment'
20:24:26.033 [main] DEBUG org.springframework.beans.factory.support.DefaultListableBeanFactory - Creating shared instance of singleton bean 'application'
20:24:26.033 [main] DEBUG org.springframework.beans.factory.support.DefaultListableBeanFactory - Creating shared instance of singleton bean 'org.springframework.transaction.config.internalTransactionAdvisor'
20:24:26.033 [main] DEBUG org.springframework.beans.factory.support.DefaultListableBeanFactory - Creating shared instance of singleton bean 'org.springframework.transaction.annotation.ProxyTransactionManagementConfiguration'
20:24:26.035 [main] DEBUG org.springframework.beans.factory.support.DefaultListableBeanFactory - Creating shared instance of singleton bean 'transactionAttributeSource'
20:24:26.036 [main] DEBUG org.springframework.beans.factory.support.DefaultListableBeanFactory - Creating shared instance of singleton bean 'transactionInterceptor'
20:24:26.038 [main] DEBUG org.springframework.beans.factory.support.DefaultListableBeanFactory - Creating shared instance of singleton bean 'playerController'
20:24:26.040 [main] DEBUG org.springframework.beans.factory.support.DefaultListableBeanFactory - Creating shared instance of singleton bean 'playerManagerHibernateImpl'
20:24:26.040 [main] DEBUG org.springframework.beans.factory.support.DefaultListableBeanFactory - Creating shared instance of singleton bean 'hibernateSessionFactory'
20:24:26.042 [main] DEBUG org.springframework.beans.factory.support.DefaultListableBeanFactory - Creating shared instance of singleton bean 'dataSource'
20:24:26.042 [main] DEBUG org.springframework.jdbc.datasource.DriverManagerDataSource - Loaded JDBC driver: org.hsqldb.jdbcDriver
20:24:26.043 [main] DEBUG org.springframework.beans.factory.support.DefaultListableBeanFactory - Creating shared instance of singleton bean 'org.springframework.boot.autoconfigure.jdbc.DataSourceInitializerInvoker'
20:24:26.043 [main] DEBUG org.springframework.beans.factory.support.DefaultListableBeanFactory - Creating shared instance of singleton bean 'spring.datasource-org.springframework.boot.autoconfigure.jdbc.DataSourceProperties'
20:24:26.047 [main] DEBUG org.springframework.beans.factory.support.DefaultListableBeanFactory - Autowiring by type from bean name 'org.springframework.boot.autoconfigure.jdbc.DataSourceInitializerInvoker' via constructor to bean named 'spring.datasource-org.springframework.boot.autoconfigure.jdbc.DataSourceProperties'
20:24:26.047 [main] DEBUG org.springframework.beans.factory.support.DefaultListableBeanFactory - Autowiring by type from bean name 'org.springframework.boot.autoconfigure.jdbc.DataSourceInitializerInvoker' via constructor to bean named 'org.springframework.context.support.GenericApplicationContext@bcd9ed6'
20:24:26.048 [main] DEBUG org.hibernate.integrator.internal.IntegratorServiceImpl - Adding Integrator [org.hibernate.cfg.beanvalidation.BeanValidationIntegrator].
20:24:26.048 [main] DEBUG org.hibernate.integrator.internal.IntegratorServiceImpl - Adding Integrator [org.hibernate.secure.spi.JaccIntegrator].
20:24:26.048 [main] DEBUG org.hibernate.integrator.internal.IntegratorServiceImpl - Adding Integrator [org.hibernate.cache.internal.CollectionCacheInvalidator].
20:24:26.049 [main] DEBUG org.hibernate.cfg.Configuration - Building session factory using internal StandardServiceRegistryBuilder
20:24:26.050 [main] DEBUG org.hibernate.service.spi.ServiceBinding - Overriding existing service binding [org.hibernate.secure.spi.JaccService]
20:24:26.050 [main] DEBUG org.hibernate.cfg.Configuration - Building session factory using provided StandardServiceRegistry
20:24:26.050 [main] DEBUG org.hibernate.cache.internal.RegionFactoryInitiator - Cache region factory : org.hibernate.cache.internal.NoCachingRegionFactory
20:24:26.050 [main] DEBUG org.hibernate.type.BasicTypeRegistry - Adding type registration boolean -> org.hibernate.type.BooleanType@41ffaeb8
20:24:26.050 [main] DEBUG org.hibernate.type.BasicTypeRegistry - Adding type registration boolean -> org.hibernate.type.BooleanType@41ffaeb8
20:24:26.050 [main] DEBUG org.hibernate.type.BasicTypeRegistry - Adding type registration java.lang.Boolean -> org.hibernate.type.BooleanType@41ffaeb8
20:24:26.050 [main] DEBUG org.hibernate.type.BasicTypeRegistry - Adding type registration numeric_boolean -> org.hibernate.type.NumericBooleanType@444cc791
20:24:26.050 [main] DEBUG org.hibernate.type.BasicTypeRegistry - Adding type registration true_false -> org.hibernate.type.TrueFalseType@12ffd1de
20:24:26.050 [main] DEBUG org.hibernate.type.BasicTypeRegistry - Adding type registration yes_no -> org.hibernate.type.YesNoType@6c806c8b
20:24:26.050 [main] DEBUG org.hibernate.type.BasicTypeRegistry - Adding type registration byte -> org.hibernate.type.ByteType@23706db8
20:24:26.050 [main] DEBUG org.hibernate.type.BasicTypeRegistry - Adding type registration byte -> org.hibernate.type.ByteType@23706db8
20:24:26.050 [main] DEBUG org.hibernate.type.BasicTypeRegistry - Adding type registration java.lang.Byte -> org.hibernate.type.ByteType@23706db8
20:24:26.050 [main] DEBUG org.hibernate.type.BasicTypeRegistry - Adding type registration character -> org.hibernate.type.CharacterType@7bca6fac
20:24:26.050 [main] DEBUG org.hibernate.type.BasicTypeRegistry - Adding type registration char -> org.hibernate.type.CharacterType@7bca6fac
20:24:26.050 [main] DEBUG org.hibernate.type.BasicTypeRegistry - Adding type registration java.lang.Character -> org.hibernate.type.CharacterType@7bca6fac
20:24:26.050 [main] DEBUG org.hibernate.type.BasicTypeRegistry - Adding type registration short -> org.hibernate.type.ShortType@37303f12
20:24:26.050 [main] DEBUG org.hibernate.type.BasicTypeRegistry - Adding type registration short -> org.hibernate.type.ShortType@37303f12
20:24:26.050 [main] DEBUG org.hibernate.type.BasicTypeRegistry - Adding type registration java.lang.Short -> org.hibernate.type.ShortType@37303f12
20:24:26.050 [main] DEBUG org.hibernate.type.BasicTypeRegistry - Adding type registration integer -> org.hibernate.type.IntegerType@2ab5afc7
20:24:26.050 [main] DEBUG org.hibernate.type.BasicTypeRegistry - Adding type registration int -> org.hibernate.type.IntegerType@2ab5afc7
20:24:26.050 [main] DEBUG org.hibernate.type.BasicTypeRegistry - Adding type registration java.lang.Integer -> org.hibernate.type.IntegerType@2ab5afc7
20:24:26.050 [main] DEBUG org.hibernate.type.BasicTypeRegistry - Adding type registration long -> org.hibernate.type.LongType@3c35c345
20:24:26.050 [main] DEBUG org.hibernate.type.BasicTypeRegistry - Adding type registration long -> org.hibernate.type.LongType@3c35c345
20:24:26.050 [main] DEBUG org.hibernate.type.BasicTypeRegistry - Adding type registration java.lang.Long -> org.hibernate.type.LongType@3c35c345
20:24:26.050 [main] DEBUG org.hibernate.type.BasicTypeRegistry - Adding type registration float -> org.hibernate.type.FloatType@1d0a61c8
20:24:26.050 [main] DEBUG org.hibernate.type.BasicTypeRegistry - Adding type registration float -> org.hibernate.type.FloatType@1d0a61c8
20:24:26.051 [main] DEBUG org.hibernate.type.BasicTypeRegistry - Adding type registration java.lang.Float -> org.hibernate.type.FloatType@1d0a61c8
20:24:26.051 [main] DEBUG org.hibernate.type.BasicTypeRegistry - Adding type registration double -> org.hibernate.type.DoubleType@5524b72f
20:24:26.051 [main] DEBUG org.hibernate.type.BasicTypeRegistry - Adding type registration double -> org.hibernate.type.DoubleType@5524b72f
20:24:26.051 [main] DEBUG org.hibernate.type.BasicTypeRegistry - Adding type registration java.lang.Double -> org.hibernate.type.DoubleType@5524b72f
20:24:26.051 [main] DEBUG org.hibernate.type.BasicTypeRegistry - Adding type registration big_decimal -> org.hibernate.type.BigDecimalType@1846579f
20:24:26.051 [main] DEBUG org.hibernate.type.BasicTypeRegistry - Adding type registration java.math.BigDecimal -> org.hibernate.type.BigDecimalType@1846579f
20:24:26.051 [main] DEBUG org.hibernate.type.BasicTypeRegistry - Adding type registration big_integer -> org.hibernate.type.BigIntegerType@7be7e15
20:24:26.051 [main] DEBUG org.hibernate.type.BasicTypeRegistry - Adding type registration java.math.BigInteger -> org.hibernate.type.BigIntegerType@7be7e15
20:24:26.051 [main] DEBUG org.hibernate.type.BasicTypeRegistry - Adding type registration string -> org.hibernate.type.StringType@2330e3e0
20:24:26.051 [main] DEBUG org.hibernate.type.BasicTypeRegistry - Adding type registration java.lang.String -> org.hibernate.type.StringType@2330e3e0
20:24:26.051 [main] DEBUG org.hibernate.type.BasicTypeRegistry - Adding type registration nstring -> org.hibernate.type.StringNVarcharType@3f9270ed
20:24:26.051 [main] DEBUG org.hibernate.type.BasicTypeRegistry - Adding type registration ncharacter -> org.hibernate.type.CharacterNCharType@53a665ad
20:24:26.051 [main] DEBUG org.hibernate.type.BasicTypeRegistry - Adding type registration url -> org.hibernate.type.UrlType@abff8b7
20:24:26.051 [main] DEBUG org.hibernate.type.BasicTypeRegistry - Adding type registration java.net.URL -> org.hibernate.type.UrlType@abff8b7
20:24:26.051 [main] DEBUG org.hibernate.type.BasicTypeRegistry - Adding type registration date -> org.hibernate.type.DateType@37d871c2
20:24:26.051 [main] DEBUG org.hibernate.type.BasicTypeRegistry - Adding type registration java.sql.Date -> org.hibernate.type.DateType@37d871c2
20:24:26.051 [main] DEBUG org.hibernate.type.BasicTypeRegistry - Adding type registration time -> org.hibernate.type.TimeType@642505c7
20:24:26.051 [main] DEBUG org.hibernate.type.BasicTypeRegistry - Adding type registration java.sql.Time -> org.hibernate.type.TimeType@642505c7
20:24:26.051 [main] DEBUG org.hibernate.type.BasicTypeRegistry - Adding type registration timestamp -> org.hibernate.type.TimestampType@1abfe081
20:24:26.051 [main] DEBUG org.hibernate.type.BasicTypeRegistry - Adding type registration java.sql.Timestamp -> org.hibernate.type.TimestampType@1abfe081
20:24:26.051 [main] DEBUG org.hibernate.type.BasicTypeRegistry - Adding type registration java.util.Date -> org.hibernate.type.TimestampType@1abfe081
20:24:26.051 [main] DEBUG org.hibernate.type.BasicTypeRegistry - Adding type registration dbtimestamp -> org.hibernate.type.DbTimestampType@75a118e6
20:24:26.051 [main] DEBUG org.hibernate.type.BasicTypeRegistry - Adding type registration calendar -> org.hibernate.type.CalendarType@28c86134
20:24:26.051 [main] DEBUG org.hibernate.type.BasicTypeRegistry - Adding type registration java.util.Calendar -> org.hibernate.type.CalendarType@28c86134
20:24:26.051 [main] DEBUG org.hibernate.type.BasicTypeRegistry - Adding type registration java.util.GregorianCalendar -> org.hibernate.type.CalendarType@28c86134
20:24:26.051 [main] DEBUG org.hibernate.type.BasicTypeRegistry - Adding type registration calendar_date -> org.hibernate.type.CalendarDateType@f288c14
20:24:26.051 [main] DEBUG org.hibernate.type.BasicTypeRegistry - Adding type registration locale -> org.hibernate.type.LocaleType@671facee
20:24:26.051 [main] DEBUG org.hibernate.type.BasicTypeRegistry - Adding type registration java.util.Locale -> org.hibernate.type.LocaleType@671facee
20:24:26.051 [main] DEBUG org.hibernate.type.BasicTypeRegistry - Adding type registration currency -> org.hibernate.type.CurrencyType@56f521c6
20:24:26.051 [main] DEBUG org.hibernate.type.BasicTypeRegistry - Adding type registration java.util.Currency -> org.hibernate.type.CurrencyType@56f521c6
20:24:26.051 [main] DEBUG org.hibernate.type.BasicTypeRegistry - Adding type registration timezone -> org.hibernate.type.TimeZoneType@39fa8ad2
20:24:26.051 [main] DEBUG org.hibernate.type.BasicTypeRegistry - Adding type registration java.util.TimeZone -> org.hibernate.type.TimeZoneType@39fa8ad2
20:24:26.051 [main] DEBUG org.hibernate.type.BasicTypeRegistry - Adding type registration class -> org.hibernate.type.ClassType@6c302a1d
20:24:26.051 [main] DEBUG org.hibernate.type.BasicTypeRegistry - Adding type registration java.lang.Class -> org.hibernate.type.ClassType@6c302a1d
20:24:26.051 [main] DEBUG org.hibernate.type.BasicTypeRegistry - Adding type registration uuid-binary -> org.hibernate.type.UUIDBinaryType@58cf8f94
20:24:26.051 [main] DEBUG org.hibernate.type.BasicTypeRegistry - Adding type registration java.util.UUID -> org.hibernate.type.UUIDBinaryType@58cf8f94
20:24:26.051 [main] DEBUG org.hibernate.type.BasicTypeRegistry - Adding type registration uuid-char -> org.hibernate.type.UUIDCharType@34f392be
20:24:26.051 [main] DEBUG org.hibernate.type.BasicTypeRegistry - Adding type registration binary -> org.hibernate.type.BinaryType@58496c97
20:24:26.051 [main] DEBUG org.hibernate.type.BasicTypeRegistry - Adding type registration byte[] -> org.hibernate.type.BinaryType@58496c97
20:24:26.051 [main] DEBUG org.hibernate.type.BasicTypeRegistry - Adding type registration [B -> org.hibernate.type.BinaryType@58496c97
20:24:26.051 [main] DEBUG org.hibernate.type.BasicTypeRegistry - Adding type registration wrapper-binary -> org.hibernate.type.WrapperBinaryType@6ecab872
20:24:26.051 [main] DEBUG org.hibernate.type.BasicTypeRegistry - Adding type registration Byte[] -> org.hibernate.type.WrapperBinaryType@6ecab872
20:24:26.051 [main] DEBUG org.hibernate.type.BasicTypeRegistry - Adding type registration [Ljava.lang.Byte; -> org.hibernate.type.WrapperBinaryType@6ecab872
20:24:26.051 [main] DEBUG org.hibernate.type.BasicTypeRegistry - Adding type registration row_version -> org.hibernate.type.RowVersionType@6d025d1d
20:24:26.051 [main] DEBUG org.hibernate.type.BasicTypeRegistry - Adding type registration image -> org.hibernate.type.ImageType@7479b626
20:24:26.051 [main] DEBUG org.hibernate.type.BasicTypeRegistry - Adding type registration characters -> org.hibernate.type.CharArrayType@17a703f5
20:24:26.051 [main] DEBUG org.hibernate.type.BasicTypeRegistry - Adding type registration char[] -> org.hibernate.type.CharArrayType@17a703f5
20:24:26.051 [main] DEBUG org.hibernate.type.BasicTypeRegistry - Adding type registration [C -> org.hibernate.type.CharArrayType@17a703f5
20:24:26.051 [main] DEBUG org.hibernate.type.BasicTypeRegistry - Adding type registration wrapper-characters -> org.hibernate.type.CharacterArrayType@65f2f9b0
20:24:26.051 [main] DEBUG org.hibernate.type.BasicTypeRegistry - Adding type registration [Ljava.lang.Character; -> org.hibernate.type.CharacterArrayType@65f2f9b0
20:24:26.051 [main] DEBUG org.hibernate.type.BasicTypeRegistry - Adding type registration Character[] -> org.hibernate.type.CharacterArrayType@65f2f9b0
20:24:26.051 [main] DEBUG org.hibernate.type.BasicTypeRegistry - Adding type registration text -> org.hibernate.type.TextType@38fc5554
20:24:26.051 [main] DEBUG org.hibernate.type.BasicTypeRegistry - Adding type registration ntext -> org.hibernate.type.NTextType@4d1f1ff5
20:24:26.051 [main] DEBUG org.hibernate.type.BasicTypeRegistry - Adding type registration blob -> org.hibernate.type.BlobType@d8d9199
20:24:26.051 [main] DEBUG org.hibernate.type.BasicTypeRegistry - Adding type registration java.sql.Blob -> org.hibernate.type.BlobType@d8d9199
20:24:26.051 [main] DEBUG org.hibernate.type.BasicTypeRegistry - Adding type registration materialized_blob -> org.hibernate.type.MaterializedBlobType@71ad3d8a
20:24:26.051 [main] DEBUG org.hibernate.type.BasicTypeRegistry - Adding type registration clob -> org.hibernate.type.ClobType@332820f4
20:24:26.051 [main] DEBUG org.hibernate.type.BasicTypeRegistry - Adding type registration java.sql.Clob -> org.hibernate.type.ClobType@332820f4
20:24:26.051 [main] DEBUG org.hibernate.type.BasicTypeRegistry - Adding type registration nclob -> org.hibernate.type.NClobType@3d5790ea
20:24:26.051 [main] DEBUG org.hibernate.type.BasicTypeRegistry - Adding type registration java.sql.NClob -> org.hibernate.type.NClobType@3d5790ea
20:24:26.051 [main] DEBUG org.hibernate.type.BasicTypeRegistry - Adding type registration materialized_clob -> org.hibernate.type.MaterializedClobType@56913163
20:24:26.051 [main] DEBUG org.hibernate.type.BasicTypeRegistry - Adding type registration materialized_nclob -> org.hibernate.type.MaterializedNClobType@396639b
20:24:26.051 [main] DEBUG org.hibernate.type.BasicTypeRegistry - Adding type registration serializable -> org.hibernate.type.SerializableType@102efc59
20:24:26.051 [main] DEBUG org.hibernate.type.BasicTypeRegistry - Adding type registration object -> org.hibernate.type.ObjectType@6c6366cf
20:24:26.051 [main] DEBUG org.hibernate.type.BasicTypeRegistry - Adding type registration java.lang.Object -> org.hibernate.type.ObjectType@6c6366cf
20:24:26.051 [main] DEBUG org.hibernate.type.BasicTypeRegistry - Adding type registration imm_date -> org.hibernate.type.AdaptedImmutableType@70e54ec3
20:24:26.051 [main] DEBUG org.hibernate.type.BasicTypeRegistry - Adding type registration imm_time -> org.hibernate.type.AdaptedImmutableType@3cc817bd
20:24:26.051 [main] DEBUG org.hibernate.type.BasicTypeRegistry - Adding type registration imm_timestamp -> org.hibernate.type.AdaptedImmutableType@64b8eb96
20:24:26.051 [main] DEBUG org.hibernate.type.BasicTypeRegistry - Adding type registration imm_dbtimestamp -> org.hibernate.type.AdaptedImmutableType@776a7ec6
20:24:26.051 [main] DEBUG org.hibernate.type.BasicTypeRegistry - Adding type registration imm_calendar -> org.hibernate.type.AdaptedImmutableType@2d23a5be
20:24:26.051 [main] DEBUG org.hibernate.type.BasicTypeRegistry - Adding type registration imm_calendar_date -> org.hibernate.type.AdaptedImmutableType@51aa2a58
20:24:26.051 [main] DEBUG org.hibernate.type.BasicTypeRegistry - Adding type registration imm_binary -> org.hibernate.type.AdaptedImmutableType@726d8fa0
20:24:26.051 [main] DEBUG org.hibernate.type.BasicTypeRegistry - Adding type registration imm_serializable -> org.hibernate.type.AdaptedImmutableType@56554365
20:24:26.051 [main] DEBUG org.springframework.jdbc.datasource.DriverManagerDataSource - Creating new JDBC DriverManager Connection to [jdbc:hsqldb:hsql://localhost/workdb]
20:24:26.052 [main] WARN org.hibernate.engine.jdbc.env.internal.JdbcEnvironmentInitiator - HHH000342: Could not obtain connection to query metadata : java.net.ConnectException: Połączenie odrzucone (Connection refused)
20:24:26.052 [main] INFO org.hibernate.dialect.Dialect - HHH000400: Using dialect: org.hibernate.dialect.HSQLDialect
20:24:26.052 [main] DEBUG org.hibernate.engine.jdbc.env.spi.IdentifierHelperBuilder - IdentifierCaseStrategy for both quoted and unquoted identifiers was set to the same strategy [MIXED]; that will likely lead to problems in schema update and validation if using quoted identifiers
20:24:26.052 [main] INFO org.hibernate.engine.jdbc.env.internal.LobCreatorBuilderImpl - HHH000422: Disabling contextual LOB creation as connection was null
20:24:26.052 [main] DEBUG org.hibernate.id.factory.internal.DefaultIdentifierGeneratorFactory - Registering IdentifierGenerator strategy [uuid2] -> [org.hibernate.id.UUIDGenerator]
20:24:26.052 [main] DEBUG org.hibernate.id.factory.internal.DefaultIdentifierGeneratorFactory - Registering IdentifierGenerator strategy [guid] -> [org.hibernate.id.GUIDGenerator]
20:24:26.052 [main] DEBUG org.hibernate.id.factory.internal.DefaultIdentifierGeneratorFactory - Registering IdentifierGenerator strategy [uuid] -> [org.hibernate.id.UUIDHexGenerator]
20:24:26.052 [main] DEBUG org.hibernate.id.factory.internal.DefaultIdentifierGeneratorFactory - Registering IdentifierGenerator strategy [uuid.hex] -> [org.hibernate.id.UUIDHexGenerator]
20:24:26.052 [main] DEBUG org.hibernate.id.factory.internal.DefaultIdentifierGeneratorFactory - Registering IdentifierGenerator strategy [assigned] -> [org.hibernate.id.Assigned]
20:24:26.052 [main] DEBUG org.hibernate.id.factory.internal.DefaultIdentifierGeneratorFactory - Registering IdentifierGenerator strategy [identity] -> [org.hibernate.id.IdentityGenerator]
20:24:26.052 [main] DEBUG org.hibernate.id.factory.internal.DefaultIdentifierGeneratorFactory - Registering IdentifierGenerator strategy [select] -> [org.hibernate.id.SelectGenerator]
20:24:26.052 [main] DEBUG org.hibernate.id.factory.internal.DefaultIdentifierGeneratorFactory - Registering IdentifierGenerator strategy [sequence] -> [org.hibernate.id.enhanced.SequenceStyleGenerator]
20:24:26.052 [main] DEBUG org.hibernate.id.factory.internal.DefaultIdentifierGeneratorFactory - Registering IdentifierGenerator strategy [seqhilo] -> [org.hibernate.id.SequenceHiLoGenerator]
20:24:26.052 [main] DEBUG org.hibernate.id.factory.internal.DefaultIdentifierGeneratorFactory - Registering IdentifierGenerator strategy [increment] -> [org.hibernate.id.IncrementGenerator]
20:24:26.053 [main] DEBUG org.hibernate.id.factory.internal.DefaultIdentifierGeneratorFactory - Registering IdentifierGenerator strategy [foreign] -> [org.hibernate.id.ForeignGenerator]
20:24:26.053 [main] DEBUG org.hibernate.id.factory.internal.DefaultIdentifierGeneratorFactory - Registering IdentifierGenerator strategy [sequence-identity] -> [org.hibernate.id.SequenceIdentityGenerator]
20:24:26.053 [main] DEBUG org.hibernate.id.factory.internal.DefaultIdentifierGeneratorFactory - Registering IdentifierGenerator strategy [enhanced-sequence] -> [org.hibernate.id.enhanced.SequenceStyleGenerator]
20:24:26.053 [main] DEBUG org.hibernate.id.factory.internal.DefaultIdentifierGeneratorFactory - Registering IdentifierGenerator strategy [enhanced-table] -> [org.hibernate.id.enhanced.TableGenerator]
20:24:26.053 [main] DEBUG org.hibernate.boot.model.relational.Namespace - Created database namespace [logicalName=Name{catalog=null, schema=null}, physicalName=Name{catalog=null, schema=null}]
20:24:26.053 [main] DEBUG org.hibernate.cfg.AnnotationBinder - Binding entity from annotated class: tau.mmo.domain.Item
20:24:26.053 [main] DEBUG org.hibernate.cfg.annotations.QueryBinder - Binding named query: item.all => Select p from Item p
20:24:26.053 [main] DEBUG org.hibernate.cfg.annotations.QueryBinder - Binding named query: item.allForPlayer => Select p from Item p where player_id = :id
20:24:26.053 [main] DEBUG org.hibernate.cfg.Ejb3Column - Binding column: Ejb3DiscriminatorColumn{logicalColumnName'DTYPE', discriminatorTypeName='string'}
20:24:26.053 [main] DEBUG org.hibernate.cfg.annotations.EntityBinder - Import with entity name Item
20:24:26.053 [main] DEBUG org.hibernate.cfg.annotations.EntityBinder - Bind entity tau.mmo.domain.Item on table item
20:24:26.053 [main] DEBUG org.hibernate.cfg.Ejb3Column - Binding column: Ejb3Column{table=org.hibernate.mapping.Table(item), mappingColumn=id, insertable=true, updatable=true, unique=false}
20:24:26.053 [main] DEBUG org.hibernate.cfg.annotations.PropertyBinder - MetadataSourceProcessor property id with lazy=false
20:24:26.053 [main] DEBUG org.hibernate.cfg.AbstractPropertyHolder - Attempting to locate auto-apply AttributeConverter for property [tau.mmo.domain.Item:id]
20:24:26.053 [main] DEBUG org.hibernate.cfg.annotations.SimpleValueBinder - building SimpleValue for id
20:24:26.053 [main] DEBUG org.hibernate.cfg.annotations.PropertyBinder - Building property id
20:24:26.053 [main] DEBUG org.hibernate.cfg.Ejb3Column - Binding column: Ejb3Column{table=org.hibernate.mapping.Table(item), mappingColumn=itemclass, insertable=true, updatable=true, unique=false}
20:24:26.053 [main] DEBUG org.hibernate.cfg.annotations.PropertyBinder - MetadataSourceProcessor property itemclass with lazy=false
20:24:26.053 [main] DEBUG org.hibernate.cfg.AbstractPropertyHolder - Attempting to locate auto-apply AttributeConverter for property [tau.mmo.domain.Item:itemclass]
20:24:26.053 [main] DEBUG org.hibernate.cfg.annotations.SimpleValueBinder - building SimpleValue for itemclass
20:24:26.053 [main] DEBUG org.hibernate.cfg.annotations.PropertyBinder - Building property itemclass
20:24:26.054 [main] DEBUG org.hibernate.cfg.Ejb3Column - Binding column: Ejb3Column{table=org.hibernate.mapping.Table(item), mappingColumn=levelreq, insertable=true, updatable=true, unique=false}
20:24:26.054 [main] DEBUG org.hibernate.cfg.annotations.PropertyBinder - MetadataSourceProcessor property levelreq with lazy=false
20:24:26.054 [main] DEBUG org.hibernate.cfg.AbstractPropertyHolder - Attempting to locate auto-apply AttributeConverter for property [tau.mmo.domain.Item:levelreq]
20:24:26.054 [main] DEBUG org.hibernate.cfg.annotations.SimpleValueBinder - building SimpleValue for levelreq
20:24:26.054 [main] DEBUG org.hibernate.cfg.annotations.PropertyBinder - Building property levelreq
20:24:26.054 [main] DEBUG org.hibernate.cfg.Ejb3Column - Binding column: Ejb3Column{table=org.hibernate.mapping.Table(item), mappingColumn=name, insertable=true, updatable=true, unique=false}
20:24:26.054 [main] DEBUG org.hibernate.cfg.annotations.PropertyBinder - MetadataSourceProcessor property name with lazy=false
20:24:26.054 [main] DEBUG org.hibernate.cfg.AbstractPropertyHolder - Attempting to locate auto-apply AttributeConverter for property [tau.mmo.domain.Item:name]
20:24:26.054 [main] DEBUG org.hibernate.cfg.annotations.SimpleValueBinder - building SimpleValue for name
20:24:26.054 [main] DEBUG org.hibernate.cfg.annotations.PropertyBinder - Building property name
20:24:26.054 [main] DEBUG org.hibernate.cfg.Ejb3Column - Binding column: Ejb3JoinColumn{logicalColumnName='player_id', referencedColumn='', mappedBy=''}
20:24:26.054 [main] DEBUG org.hibernate.cfg.Ejb3Column - Binding column: Ejb3Column{table=org.hibernate.mapping.Table(item), mappingColumn=player, insertable=true, updatable=true, unique=false}
20:24:26.054 [main] DEBUG org.hibernate.cfg.annotations.PropertyBinder - Building property player
20:24:26.054 [main] DEBUG org.hibernate.cfg.AnnotationBinder - Binding entity from annotated class: tau.mmo.domain.Player
20:24:26.054 [main] DEBUG org.hibernate.cfg.annotations.QueryBinder - Binding named query: player.all => Select p from Player p
20:24:26.054 [main] DEBUG org.hibernate.cfg.annotations.QueryBinder - Binding named query: player.findPlayers => Select c from Player c where c.name like :nameFragment
20:24:26.054 [main] DEBUG org.hibernate.cfg.Ejb3Column - Binding column: Ejb3DiscriminatorColumn{logicalColumnName'DTYPE', discriminatorTypeName='string'}
20:24:26.054 [main] DEBUG org.hibernate.cfg.annotations.EntityBinder - Import with entity name Player
20:24:26.054 [main] DEBUG org.hibernate.cfg.annotations.EntityBinder - Bind entity tau.mmo.domain.Player on table player
20:24:26.054 [main] DEBUG org.hibernate.cfg.Ejb3Column - Binding column: Ejb3Column{table=org.hibernate.mapping.Table(player), mappingColumn=id, insertable=true, updatable=true, unique=false}
20:24:26.054 [main] DEBUG org.hibernate.cfg.annotations.PropertyBinder - MetadataSourceProcessor property id with lazy=false
20:24:26.054 [main] DEBUG org.hibernate.cfg.AbstractPropertyHolder - Attempting to locate auto-apply AttributeConverter for property [tau.mmo.domain.Player:id]
20:24:26.055 [main] DEBUG org.hibernate.cfg.annotations.SimpleValueBinder - building SimpleValue for id
20:24:26.055 [main] DEBUG org.hibernate.cfg.annotations.PropertyBinder - Building property id
20:24:26.055 [main] DEBUG org.hibernate.cfg.Ejb3Column - Binding column: Ejb3Column{table=org.hibernate.mapping.Table(player), mappingColumn=heroclass, insertable=true, updatable=true, unique=false}
20:24:26.055 [main] DEBUG org.hibernate.cfg.annotations.PropertyBinder - MetadataSourceProcessor property heroclass with lazy=false
20:24:26.055 [main] DEBUG org.hibernate.cfg.AbstractPropertyHolder - Attempting to locate auto-apply AttributeConverter for property [tau.mmo.domain.Player:heroclass]
20:24:26.055 [main] DEBUG org.hibernate.cfg.annotations.SimpleValueBinder - building SimpleValue for heroclass
20:24:26.055 [main] DEBUG org.hibernate.cfg.annotations.PropertyBinder - Building property heroclass
20:24:26.055 [main] DEBUG org.hibernate.cfg.Ejb3Column - Binding column: Ejb3JoinColumn{logicalColumnName='null', referencedColumn='null', mappedBy='player'}
20:24:26.055 [main] DEBUG org.hibernate.cfg.Ejb3Column - Binding column: Ejb3Column{table=org.hibernate.mapping.Table(player), mappingColumn=items, insertable=true, updatable=true, unique=false}
20:24:26.055 [main] DEBUG org.hibernate.cfg.Ejb3Column - Binding column: Ejb3Column{table=org.hibernate.mapping.Table(player), mappingColumn=null, insertable=true, updatable=true, unique=false}
20:24:26.055 [main] DEBUG org.hibernate.cfg.Ejb3Column - Binding column: Ejb3Column{table=org.hibernate.mapping.Table(player), mappingColumn=element, insertable=true, updatable=true, unique=false}
20:24:26.055 [main] DEBUG org.hibernate.cfg.Ejb3Column - Binding column: Ejb3Column{table=org.hibernate.mapping.Table(player), mappingColumn=items_KEY, insertable=true, updatable=true, unique=false}
20:24:26.055 [main] DEBUG org.hibernate.cfg.Ejb3Column - Binding column: Ejb3JoinColumn{logicalColumnName='items_KEY', referencedColumn='null', mappedBy='null'}
20:24:26.055 [main] DEBUG org.hibernate.cfg.Ejb3Column - Binding column: Ejb3JoinColumn{logicalColumnName='null', referencedColumn='null', mappedBy='player'}
20:24:26.055 [main] DEBUG org.hibernate.cfg.Ejb3Column - Binding column: Ejb3JoinColumn{logicalColumnName='null', referencedColumn='null', mappedBy='player'}
20:24:26.055 [main] DEBUG org.hibernate.cfg.annotations.CollectionBinder - Collection role: tau.mmo.domain.Player.items
20:24:26.055 [main] DEBUG org.hibernate.cfg.annotations.PropertyBinder - Building property items
20:24:26.055 [main] DEBUG org.hibernate.cfg.Ejb3Column - Binding column: Ejb3Column{table=org.hibernate.mapping.Table(player), mappingColumn=level, insertable=true, updatable=true, unique=false}
20:24:26.055 [main] DEBUG org.hibernate.cfg.annotations.PropertyBinder - MetadataSourceProcessor property level with lazy=false
20:24:26.055 [main] DEBUG org.hibernate.cfg.AbstractPropertyHolder - Attempting to locate auto-apply AttributeConverter for property [tau.mmo.domain.Player:level]
20:24:26.055 [main] DEBUG org.hibernate.cfg.annotations.SimpleValueBinder - building SimpleValue for level
20:24:26.055 [main] DEBUG org.hibernate.cfg.annotations.PropertyBinder - Building property level
20:24:26.055 [main] DEBUG org.hibernate.cfg.Ejb3Column - Binding column: Ejb3Column{table=org.hibernate.mapping.Table(player), mappingColumn=name, insertable=true, updatable=true, unique=false}
20:24:26.055 [main] DEBUG org.hibernate.cfg.annotations.PropertyBinder - MetadataSourceProcessor property name with lazy=false
20:24:26.056 [main] DEBUG org.hibernate.cfg.AbstractPropertyHolder - Attempting to locate auto-apply AttributeConverter for property [tau.mmo.domain.Player:name]
20:24:26.056 [main] DEBUG org.hibernate.cfg.annotations.SimpleValueBinder - building SimpleValue for name
20:24:26.056 [main] DEBUG org.hibernate.cfg.annotations.PropertyBinder - Building property name
20:24:26.056 [main] DEBUG org.hibernate.cfg.annotations.SimpleValueBinder - Starting fillSimpleValue for id
20:24:26.056 [main] DEBUG org.hibernate.cfg.annotations.SimpleValueBinder - Starting fillSimpleValue for itemclass
20:24:26.056 [main] DEBUG org.hibernate.cfg.annotations.SimpleValueBinder - Starting fillSimpleValue for levelreq
20:24:26.056 [main] DEBUG org.hibernate.cfg.annotations.SimpleValueBinder - Starting fillSimpleValue for name
20:24:26.056 [main] DEBUG org.hibernate.cfg.annotations.SimpleValueBinder - Starting fillSimpleValue for id
20:24:26.056 [main] DEBUG org.hibernate.cfg.annotations.SimpleValueBinder - Starting fillSimpleValue for heroclass
20:24:26.056 [main] DEBUG org.hibernate.cfg.annotations.SimpleValueBinder - Starting fillSimpleValue for level
20:24:26.056 [main] DEBUG org.hibernate.cfg.annotations.SimpleValueBinder - Starting fillSimpleValue for name
20:24:26.056 [main] DEBUG org.hibernate.mapping.PrimaryKey - Forcing column [id] to be non-null as it is part of the primary key for table [item]
20:24:26.056 [main] DEBUG org.hibernate.mapping.PrimaryKey - Forcing column [id] to be non-null as it is part of the primary key for table [player]
20:24:26.056 [main] DEBUG org.hibernate.cfg.CollectionSecondPass - Second pass for collection: tau.mmo.domain.Player.items
20:24:26.056 [main] DEBUG org.hibernate.cfg.annotations.CollectionBinder - Binding a OneToMany: tau.mmo.domain.Player.items through a foreign key
20:24:26.056 [main] DEBUG org.hibernate.cfg.annotations.CollectionBinder - Mapping collection: tau.mmo.domain.Player.items -> item
20:24:26.056 [main] DEBUG org.hibernate.cfg.annotations.TableBinder - Retrieving property tau.mmo.domain.Item.player
20:24:26.056 [main] DEBUG org.hibernate.cfg.CollectionSecondPass - Mapped collection key: player_id, one-to-many: tau.mmo.domain.Item
20:24:26.056 [main] DEBUG org.hibernate.boot.internal.InFlightMetadataCollectorImpl - Resolving reference to class: tau.mmo.domain.Player
20:24:26.056 [main] DEBUG org.hibernate.boot.internal.InFlightMetadataCollectorImpl - Resolving reference to class: tau.mmo.domain.Player
20:24:26.057 [main] DEBUG org.hibernate.internal.SessionFactoryImpl - Building session factory
20:24:26.057 [main] DEBUG org.hibernate.cfg.Settings - SessionFactory name : null
20:24:26.057 [main] DEBUG org.hibernate.cfg.Settings - Automatic flush during beforeCompletion(): disabled
20:24:26.057 [main] DEBUG org.hibernate.cfg.Settings - Automatic session close at end of transaction: disabled
20:24:26.057 [main] DEBUG org.hibernate.cfg.Settings - Statistics: disabled
20:24:26.057 [main] DEBUG org.hibernate.cfg.Settings - Deleted entity synthetic identifier rollback: disabled
20:24:26.057 [main] DEBUG org.hibernate.cfg.Settings - Default entity-mode: pojo
20:24:26.057 [main] DEBUG org.hibernate.cfg.Settings - Check Nullability in Core (should be disabled when Bean Validation is on): enabled
20:24:26.057 [main] DEBUG org.hibernate.cfg.Settings - Allow initialization of lazy state outside session : disabled
20:24:26.057 [main] DEBUG org.hibernate.cfg.Settings - Using BatchFetchStyle : LEGACY
20:24:26.057 [main] DEBUG org.hibernate.cfg.Settings - Default batch fetch size: -1
20:24:26.057 [main] DEBUG org.hibernate.cfg.Settings - Maximum outer join fetch depth: null
20:24:26.057 [main] DEBUG org.hibernate.cfg.Settings - Default null ordering: NONE
20:24:26.057 [main] DEBUG org.hibernate.cfg.Settings - Order SQL updates by primary key: disabled
20:24:26.057 [main] DEBUG org.hibernate.cfg.Settings - Order SQL inserts for batching: disabled
20:24:26.057 [main] DEBUG org.hibernate.cfg.Settings - multi-tenancy strategy : NONE
20:24:26.057 [main] DEBUG org.hibernate.cfg.Settings - JTA Track by Thread: enabled
20:24:26.057 [main] DEBUG org.hibernate.cfg.Settings - Query language substitutions: {}
20:24:26.057 [main] DEBUG org.hibernate.cfg.Settings - JPA query language strict compliance: disabled
20:24:26.057 [main] DEBUG org.hibernate.cfg.Settings - Named query checking : enabled
20:24:26.057 [main] DEBUG org.hibernate.cfg.Settings - Second-level cache: enabled
20:24:26.057 [main] DEBUG org.hibernate.cfg.Settings - Second-level query cache: disabled
20:24:26.057 [main] DEBUG org.hibernate.cfg.Settings - Second-level query cache factory: org.hibernate.cache.internal.StandardQueryCacheFactory@767599a7
20:24:26.057 [main] DEBUG org.hibernate.cfg.Settings - Second-level cache region prefix: null
20:24:26.057 [main] DEBUG org.hibernate.cfg.Settings - Optimize second-level cache for minimal puts: disabled
20:24:26.057 [main] DEBUG org.hibernate.cfg.Settings - Structured second-level cache entries: disabled
20:24:26.057 [main] DEBUG org.hibernate.cfg.Settings - Second-level cache direct-reference entries: disabled
20:24:26.057 [main] DEBUG org.hibernate.cfg.Settings - Automatic eviction of collection cache: disabled
20:24:26.057 [main] DEBUG org.hibernate.cfg.Settings - JDBC batch size: 0
20:24:26.057 [main] DEBUG org.hibernate.cfg.Settings - JDBC batch updates for versioned data: enabled
20:24:26.057 [main] DEBUG org.hibernate.cfg.Settings - Scrollable result sets: disabled
20:24:26.057 [main] DEBUG org.hibernate.cfg.Settings - Wrap result sets: disabled
20:24:26.057 [main] DEBUG org.hibernate.cfg.Settings - JDBC3 getGeneratedKeys(): disabled
20:24:26.057 [main] DEBUG org.hibernate.cfg.Settings - JDBC result set fetch size: null
20:24:26.057 [main] DEBUG org.hibernate.cfg.Settings - Connection release mode: ON_CLOSE
20:24:26.057 [main] DEBUG org.hibernate.cfg.Settings - Generate SQL with comments: disabled
20:24:26.057 [main] DEBUG org.hibernate.internal.SessionFactoryImpl - Session factory constructed with filter configurations : {}
20:24:26.057 [main] DEBUG org.hibernate.internal.SessionFactoryImpl - Instantiating session factory with properties: {awt.toolkit=sun.awt.X11.XToolkit, java.specification.version=11, sun.cpu.isalist=, sun.jnu.encoding=UTF-8, hibernate.connection.release_mode=ON_CLOSE, sun.arch.data.model=64, java.vendor.url=http://java.oracle.com/, sun.boot.library.path=/usr/lib/jvm/java-11-openjdk-amd64/lib, sun.java.command=/home/whitewolf/tau/TAU-repozytorium/tau-mmo-jmeter/target/surefire/surefirebooter3743684750447416578.jar /home/whitewolf/tau/TAU-repozytorium/tau-mmo-jmeter/target/surefire 2019-05-27T20-24-21_781-jvmRun1 surefire6552960694995493992tmp surefire_06547653810239904951tmp, jdk.debug=release, java.specification.vendor=Oracle Corporation, java.version.date=2019-04-16, java.home=/usr/lib/jvm/java-11-openjdk-amd64, file.separator=/, basedir=/home/whitewolf/tau/TAU-repozytorium/tau-mmo-jmeter, java.vm.compressedOopsMode=Zero based, line.separator=
, java.specification.name=Java Platform API Specification, java.vm.specification.vendor=Oracle Corporation, hibernate.hbm2ddl.auto=update, sun.management.compiler=HotSpot 64-Bit Tiered Compilers, java.runtime.version=11.0.3+7-Ubuntu-1ubuntu218.04.1, user.name=whitewolf, file.encoding=UTF-8, hibernate.classLoaders=[jdk.internal.loader.ClassLoaders$AppClassLoader@1affbebc], hibernate.current_session_context_class=org.springframework.orm.hibernate5.SpringSessionContext, localRepository=/home/whitewolf/.m2/repository, java.io.tmpdir=/tmp, java.version=11.0.3, java.vm.specification.name=Java Virtual Machine Specification, java.awt.printerjob=sun.print.PSPrinterJob, sun.os.patch.level=unknown, java.library.path=/usr/java/packages/lib:/usr/lib/x86_64-linux-gnu/jni:/lib/x86_64-linux-gnu:/usr/lib/x86_64-linux-gnu:/usr/lib/jni:/lib:/usr/lib, java.vendor=Oracle Corporation, sun.io.unicode.encoding=UnicodeLittle, sun.desktop=gnome, hibernate.dialect=org.hibernate.dialect.HSQLDialect, java.class.path=/home/whitewolf/tau/TAU-repozytorium/tau-mmo-jmeter/target/test-classes:/home/whitewolf/tau/TAU-repozytorium/tau-mmo-jmeter/target/classes:/home/whitewolf/.m2/repository/org/springframework/boot/spring-boot-starter-web/2.1.4.RELEASE/spring-boot-starter-web-2.1.4.RELEASE.jar:/home/whitewolf/.m2/repository/org/springframework/boot/spring-boot-starter/2.1.4.RELEASE/spring-boot-starter-2.1.4.RELEASE.jar:/home/whitewolf/.m2/repository/org/springframework/boot/spring-boot/2.1.4.RELEASE/spring-boot-2.1.4.RELEASE.jar:/home/whitewolf/.m2/repository/org/springframework/boot/spring-boot-autoconfigure/2.1.4.RELEASE/spring-boot-autoconfigure-2.1.4.RELEASE.jar:/home/whitewolf/.m2/repository/org/springframework/boot/spring-boot-starter-logging/2.1.4.RELEASE/spring-boot-starter-logging-2.1.4.RELEASE.jar:/home/whitewolf/.m2/repository/ch/qos/logback/logback-classic/1.2.3/logback-classic-1.2.3.jar:/home/whitewolf/.m2/repository/ch/qos/logback/logback-core/1.2.3/logback-core-1.2.3.jar:/home/whitewolf/.m2/repository/org/apache/logging/log4j/log4j-to-slf4j/2.11.2/log4j-to-slf4j-2.11.2.jar:/home/whitewolf/.m2/repository/org/apache/logging/log4j/log4j-api/2.11.2/log4j-api-2.11.2.jar:/home/whitewolf/.m2/repository/org/slf4j/jul-to-slf4j/1.7.26/jul-to-slf4j-1.7.26.jar:/home/whitewolf/.m2/repository/org/yaml/snakeyaml/1.23/snakeyaml-1.23.jar:/home/whitewolf/.m2/repository/org/springframework/boot/spring-boot-starter-json/2.1.4.RELEASE/spring-boot-starter-json-2.1.4.RELEASE.jar:/home/whitewolf/.m2/repository/com/fasterxml/jackson/core/jackson-databind/2.9.8/jackson-databind-2.9.8.jar:/home/whitewolf/.m2/repository/com/fasterxml/jackson/core/jackson-annotations/2.9.0/jackson-annotations-2.9.0.jar:/home/whitewolf/.m2/repository/com/fasterxml/jackson/core/jackson-core/2.9.8/jackson-core-2.9.8.jar:/home/whitewolf/.m2/repository/com/fasterxml/jackson/datatype/jackson-datatype-jdk8/2.9.8/jackson-datatype-jdk8-2.9.8.jar:/home/whitewolf/.m2/repository/com/fasterxml/jackson/datatype/jackson-datatype-jsr310/2.9.8/jackson-datatype-jsr310-2.9.8.jar:/home/whitewolf/.m2/repository/com/fasterxml/jackson/module/jackson-module-parameter-names/2.9.8/jackson-module-parameter-names-2.9.8.jar:/home/whitewolf/.m2/repository/org/hibernate/validator/hibernate-validator/6.0.16.Final/hibernate-validator-6.0.16.Final.jar:/home/whitewolf/.m2/repository/javax/validation/validation-api/2.0.1.Final/validation-api-2.0.1.Final.jar:/home/whitewolf/.m2/repository/org/springframework/spring-web/5.1.6.RELEASE/spring-web-5.1.6.RELEASE.jar:/home/whitewolf/.m2/repository/org/springframework/spring-webmvc/5.1.6.RELEASE/spring-webmvc-5.1.6.RELEASE.jar:/home/whitewolf/.m2/repository/org/springframework/spring-aop/5.1.6.RELEASE/spring-aop-5.1.6.RELEASE.jar:/home/whitewolf/.m2/repository/org/springframework/spring-context/5.1.6.RELEASE/spring-context-5.1.6.RELEASE.jar:/home/whitewolf/.m2/repository/org/springframework/spring-expression/5.1.6.RELEASE/spring-expression-5.1.6.RELEASE.jar:/home/whitewolf/.m2/repository/org/springframework/boot/spring-boot-starter-test/2.1.4.RELEASE/spring-boot-starter-test-2.1.4.RELEASE.jar:/home/whitewolf/.m2/repository/org/springframework/boot/spring-boot-test/2.1.4.RELEASE/spring-boot-test-2.1.4.RELEASE.jar:/home/whitewolf/.m2/repository/org/springframework/boot/spring-boot-test-autoconfigure/2.1.4.RELEASE/spring-boot-test-autoconfigure-2.1.4.RELEASE.jar:/home/whitewolf/.m2/repository/junit/junit/4.12/junit-4.12.jar:/home/whitewolf/.m2/repository/org/assertj/assertj-core/3.11.1/assertj-core-3.11.1.jar:/home/whitewolf/.m2/repository/org/mockito/mockito-core/2.23.4/mockito-core-2.23.4.jar:/home/whitewolf/.m2/repository/net/bytebuddy/byte-buddy/1.9.12/byte-buddy-1.9.12.jar:/home/whitewolf/.m2/repository/net/bytebuddy/byte-buddy-agent/1.9.12/byte-buddy-agent-1.9.12.jar:/home/whitewolf/.m2/repository/org/objenesis/objenesis/2.6/objenesis-2.6.jar:/home/whitewolf/.m2/repository/org/hamcrest/hamcrest-core/1.3/hamcrest-core-1.3.jar:/home/whitewolf/.m2/repository/org/hamcrest/hamcrest-library/1.3/hamcrest-library-1.3.jar:/home/whitewolf/.m2/repository/org/skyscreamer/jsonassert/1.5.0/jsonassert-1.5.0.jar:/home/whitewolf/.m2/repository/com/vaadin/external/google/android-json/0.0.20131108.vaadin1/android-json-0.0.20131108.vaadin1.jar:/home/whitewolf/.m2/repository/org/springframework/spring-core/5.1.6.RELEASE/spring-core-5.1.6.RELEASE.jar:/home/whitewolf/.m2/repository/org/springframework/spring-jcl/5.1.6.RELEASE/spring-jcl-5.1.6.RELEASE.jar:/home/whitewolf/.m2/repository/org/springframework/spring-test/5.1.6.RELEASE/spring-test-5.1.6.RELEASE.jar:/home/whitewolf/.m2/repository/org/xmlunit/xmlunit-core/2.6.2/xmlunit-core-2.6.2.jar:/home/whitewolf/.m2/repository/org/springframework/boot/spring-boot-starter-tomcat/2.1.4.RELEASE/spring-boot-starter-tomcat-2.1.4.RELEASE.jar:/home/whitewolf/.m2/repository/javax/annotation/javax.annotation-api/1.3.2/javax.annotation-api-1.3.2.jar:/home/whitewolf/.m2/repository/org/apache/tomcat/embed/tomcat-embed-core/9.0.17/tomcat-embed-core-9.0.17.jar:/home/whitewolf/.m2/repository/org/apache/tomcat/embed/tomcat-embed-el/9.0.17/tomcat-embed-el-9.0.17.jar:/home/whitewolf/.m2/repository/org/apache/tomcat/embed/tomcat-embed-websocket/9.0.17/tomcat-embed-websocket-9.0.17.jar:/home/whitewolf/.m2/repository/org/springframework/boot/spring-boot-starter-data-jpa/2.1.4.RELEASE/spring-boot-starter-data-jpa-2.1.4.RELEASE.jar:/home/whitewolf/.m2/repository/org/springframework/boot/spring-boot-starter-aop/2.1.4.RELEASE/spring-boot-starter-aop-2.1.4.RELEASE.jar:/home/whitewolf/.m2/repository/org/aspectj/aspectjweaver/1.9.2/aspectjweaver-1.9.2.jar:/home/whitewolf/.m2/repository/org/springframework/boot/spring-boot-starter-jdbc/2.1.4.RELEASE/spring-boot-starter-jdbc-2.1.4.RELEASE.jar:/home/whitewolf/.m2/repository/com/zaxxer/HikariCP/3.2.0/HikariCP-3.2.0.jar:/home/whitewolf/.m2/repository/org/springframework/spring-jdbc/5.1.6.RELEASE/spring-jdbc-5.1.6.RELEASE.jar:/home/whitewolf/.m2/repository/javax/transaction/javax.transaction-api/1.3/javax.transaction-api-1.3.jar:/home/whitewolf/.m2/repository/javax/xml/bind/jaxb-api/2.3.1/jaxb-api-2.3.1.jar:/home/whitewolf/.m2/repository/javax/activation/javax.activation-api/1.2.0/javax.activation-api-1.2.0.jar:/home/whitewolf/.m2/repository/org/springframework/data/spring-data-jpa/2.1.6.RELEASE/spring-data-jpa-2.1.6.RELEASE.jar:/home/whitewolf/.m2/repository/org/springframework/data/spring-data-commons/2.1.6.RELEASE/spring-data-commons-2.1.6.RELEASE.jar:/home/whitewolf/.m2/repository/org/springframework/spring-orm/5.1.6.RELEASE/spring-orm-5.1.6.RELEASE.jar:/home/whitewolf/.m2/repository/org/springframework/spring-aspects/5.1.6.RELEASE/spring-aspects-5.1.6.RELEASE.jar:/home/whitewolf/.m2/repository/org/springframework/spring-tx/5.1.6.RELEASE/spring-tx-5.1.6.RELEASE.jar:/home/whitewolf/.m2/repository/org/springframework/spring-beans/5.1.6.RELEASE/spring-beans-5.1.6.RELEASE.jar:/home/whitewolf/.m2/repository/com/jayway/jsonpath/json-path/2.4.0/json-path-2.4.0.jar:/home/whitewolf/.m2/repository/net/minidev/json-smart/2.3/json-smart-2.3.jar:/home/whitewolf/.m2/repository/net/minidev/accessors-smart/1.2/accessors-smart-1.2.jar:/home/whitewolf/.m2/repository/org/ow2/asm/asm/5.0.4/asm-5.0.4.jar:/home/whitewolf/.m2/repository/org/slf4j/slf4j-api/1.7.26/slf4j-api-1.7.26.jar:/home/whitewolf/.m2/repository/org/hibernate/hibernate-core/5.1.6.Final/hibernate-core-5.1.6.Final.jar:/home/whitewolf/.m2/repository/org/jboss/logging/jboss-logging/3.3.2.Final/jboss-logging-3.3.2.Final.jar:/home/whitewolf/.m2/repository/org/hibernate/javax/persistence/hibernate-jpa-2.1-api/1.0.0.Final/hibernate-jpa-2.1-api-1.0.0.Final.jar:/home/whitewolf/.m2/repository/org/javassist/javassist/3.20.0-GA/javassist-3.20.0-GA.jar:/home/whitewolf/.m2/repository/antlr/antlr/2.7.7/antlr-2.7.7.jar:/home/whitewolf/.m2/repository/org/apache/geronimo/specs/geronimo-jta_1.1_spec/1.1.1/geronimo-jta_1.1_spec-1.1.1.jar:/home/whitewolf/.m2/repository/org/jboss/jandex/2.0.3.Final/jandex-2.0.3.Final.jar:/home/whitewolf/.m2/repository/com/fasterxml/classmate/1.4.0/classmate-1.4.0.jar:/home/whitewolf/.m2/repository/dom4j/dom4j/1.6.1/dom4j-1.6.1.jar:/home/whitewolf/.m2/repository/org/hibernate/common/hibernate-commons-annotations/5.0.1.Final/hibernate-commons-annotations-5.0.1.Final.jar:/home/whitewolf/.m2/repository/org/hsqldb/hsqldb/2.3.4/hsqldb-2.3.4.jar:, java.vm.vendor=Oracle Corporation, user.timezone=Europe/Warsaw, os.name=Linux, java.vm.specification.version=11, sun.java.launcher=SUN_STANDARD, user.country=PL, surefire.test.class.path=/home/whitewolf/tau/TAU-repozytorium/tau-mmo-jmeter/target/test-classes:/home/whitewolf/tau/TAU-repozytorium/tau-mmo-jmeter/target/classes:/home/whitewolf/.m2/repository/org/springframework/boot/spring-boot-starter-web/2.1.4.RELEASE/spring-boot-starter-web-2.1.4.RELEASE.jar:/home/whitewolf/.m2/repository/org/springframework/boot/spring-boot-starter/2.1.4.RELEASE/spring-boot-starter-2.1.4.RELEASE.jar:/home/whitewolf/.m2/repository/org/springframework/boot/spring-boot/2.1.4.RELEASE/spring-boot-2.1.4.RELEASE.jar:/home/whitewolf/.m2/repository/org/springframework/boot/spring-boot-autoconfigure/2.1.4.RELEASE/spring-boot-autoconfigure-2.1.4.RELEASE.jar:/home/whitewolf/.m2/repository/org/springframework/boot/spring-boot-starter-logging/2.1.4.RELEASE/spring-boot-starter-logging-2.1.4.RELEASE.jar:/home/whitewolf/.m2/repository/ch/qos/logback/logback-classic/1.2.3/logback-classic-1.2.3.jar:/home/whitewolf/.m2/repository/ch/qos/logback/logback-core/1.2.3/logback-core-1.2.3.jar:/home/whitewolf/.m2/repository/org/apache/logging/log4j/log4j-to-slf4j/2.11.2/log4j-to-slf4j-2.11.2.jar:/home/whitewolf/.m2/repository/org/apache/logging/log4j/log4j-api/2.11.2/log4j-api-2.11.2.jar:/home/whitewolf/.m2/repository/org/slf4j/jul-to-slf4j/1.7.26/jul-to-slf4j-1.7.26.jar:/home/whitewolf/.m2/repository/org/yaml/snakeyaml/1.23/snakeyaml-1.23.jar:/home/whitewolf/.m2/repository/org/springframework/boot/spring-boot-starter-json/2.1.4.RELEASE/spring-boot-starter-json-2.1.4.RELEASE.jar:/home/whitewolf/.m2/repository/com/fasterxml/jackson/core/jackson-databind/2.9.8/jackson-databind-2.9.8.jar:/home/whitewolf/.m2/repository/com/fasterxml/jackson/core/jackson-annotations/2.9.0/jackson-annotations-2.9.0.jar:/home/whitewolf/.m2/repository/com/fasterxml/jackson/core/jackson-core/2.9.8/jackson-core-2.9.8.jar:/home/whitewolf/.m2/repository/com/fasterxml/jackson/datatype/jackson-datatype-jdk8/2.9.8/jackson-datatype-jdk8-2.9.8.jar:/home/whitewolf/.m2/repository/com/fasterxml/jackson/datatype/jackson-datatype-jsr310/2.9.8/jackson-datatype-jsr310-2.9.8.jar:/home/whitewolf/.m2/repository/com/fasterxml/jackson/module/jackson-module-parameter-names/2.9.8/jackson-module-parameter-names-2.9.8.jar:/home/whitewolf/.m2/repository/org/hibernate/validator/hibernate-validator/6.0.16.Final/hibernate-validator-6.0.16.Final.jar:/home/whitewolf/.m2/repository/javax/validation/validation-api/2.0.1.Final/validation-api-2.0.1.Final.jar:/home/whitewolf/.m2/repository/org/springframework/spring-web/5.1.6.RELEASE/spring-web-5.1.6.RELEASE.jar:/home/whitewolf/.m2/repository/org/springframework/spring-webmvc/5.1.6.RELEASE/spring-webmvc-5.1.6.RELEASE.jar:/home/whitewolf/.m2/repository/org/springframework/spring-aop/5.1.6.RELEASE/spring-aop-5.1.6.RELEASE.jar:/home/whitewolf/.m2/repository/org/springframework/spring-context/5.1.6.RELEASE/spring-context-5.1.6.RELEASE.jar:/home/whitewolf/.m2/repository/org/springframework/spring-expression/5.1.6.RELEASE/spring-expression-5.1.6.RELEASE.jar:/home/whitewolf/.m2/repository/org/springframework/boot/spring-boot-starter-test/2.1.4.RELEASE/spring-boot-starter-test-2.1.4.RELEASE.jar:/home/whitewolf/.m2/repository/org/springframework/boot/spring-boot-test/2.1.4.RELEASE/spring-boot-test-2.1.4.RELEASE.jar:/home/whitewolf/.m2/repository/org/springframework/boot/spring-boot-test-autoconfigure/2.1.4.RELEASE/spring-boot-test-autoconfigure-2.1.4.RELEASE.jar:/home/whitewolf/.m2/repository/junit/junit/4.12/junit-4.12.jar:/home/whitewolf/.m2/repository/org/assertj/assertj-core/3.11.1/assertj-core-3.11.1.jar:/home/whitewolf/.m2/repository/org/mockito/mockito-core/2.23.4/mockito-core-2.23.4.jar:/home/whitewolf/.m2/repository/net/bytebuddy/byte-buddy/1.9.12/byte-buddy-1.9.12.jar:/home/whitewolf/.m2/repository/net/bytebuddy/byte-buddy-agent/1.9.12/byte-buddy-agent-1.9.12.jar:/home/whitewolf/.m2/repository/org/objenesis/objenesis/2.6/objenesis-2.6.jar:/home/whitewolf/.m2/repository/org/hamcrest/hamcrest-core/1.3/hamcrest-core-1.3.jar:/home/whitewolf/.m2/repository/org/hamcrest/hamcrest-library/1.3/hamcrest-library-1.3.jar:/home/whitewolf/.m2/repository/org/skyscreamer/jsonassert/1.5.0/jsonassert-1.5.0.jar:/home/whitewolf/.m2/repository/com/vaadin/external/google/android-json/0.0.20131108.vaadin1/android-json-0.0.20131108.vaadin1.jar:/home/whitewolf/.m2/repository/org/springframework/spring-core/5.1.6.RELEASE/spring-core-5.1.6.RELEASE.jar:/home/whitewolf/.m2/repository/org/springframework/spring-jcl/5.1.6.RELEASE/spring-jcl-5.1.6.RELEASE.jar:/home/whitewolf/.m2/repository/org/springframework/spring-test/5.1.6.RELEASE/spring-test-5.1.6.RELEASE.jar:/home/whitewolf/.m2/repository/org/xmlunit/xmlunit-core/2.6.2/xmlunit-core-2.6.2.jar:/home/whitewolf/.m2/repository/org/springframework/boot/spring-boot-starter-tomcat/2.1.4.RELEASE/spring-boot-starter-tomcat-2.1.4.RELEASE.jar:/home/whitewolf/.m2/repository/javax/annotation/javax.annotation-api/1.3.2/javax.annotation-api-1.3.2.jar:/home/whitewolf/.m2/repository/org/apache/tomcat/embed/tomcat-embed-core/9.0.17/tomcat-embed-core-9.0.17.jar:/home/whitewolf/.m2/repository/org/apache/tomcat/embed/tomcat-embed-el/9.0.17/tomcat-embed-el-9.0.17.jar:/home/whitewolf/.m2/repository/org/apache/tomcat/embed/tomcat-embed-websocket/9.0.17/tomcat-embed-websocket-9.0.17.jar:/home/whitewolf/.m2/repository/org/springframework/boot/spring-boot-starter-data-jpa/2.1.4.RELEASE/spring-boot-starter-data-jpa-2.1.4.RELEASE.jar:/home/whitewolf/.m2/repository/org/springframework/boot/spring-boot-starter-aop/2.1.4.RELEASE/spring-boot-starter-aop-2.1.4.RELEASE.jar:/home/whitewolf/.m2/repository/org/aspectj/aspectjweaver/1.9.2/aspectjweaver-1.9.2.jar:/home/whitewolf/.m2/repository/org/springframework/boot/spring-boot-starter-jdbc/2.1.4.RELEASE/spring-boot-starter-jdbc-2.1.4.RELEASE.jar:/home/whitewolf/.m2/repository/com/zaxxer/HikariCP/3.2.0/HikariCP-3.2.0.jar:/home/whitewolf/.m2/repository/org/springframework/spring-jdbc/5.1.6.RELEASE/spring-jdbc-5.1.6.RELEASE.jar:/home/whitewolf/.m2/repository/javax/transaction/javax.transaction-api/1.3/javax.transaction-api-1.3.jar:/home/whitewolf/.m2/repository/javax/xml/bind/jaxb-api/2.3.1/jaxb-api-2.3.1.jar:/home/whitewolf/.m2/repository/javax/activation/javax.activation-api/1.2.0/javax.activation-api-1.2.0.jar:/home/whitewolf/.m2/repository/org/springframework/data/spring-data-jpa/2.1.6.RELEASE/spring-data-jpa-2.1.6.RELEASE.jar:/home/whitewolf/.m2/repository/org/springframework/data/spring-data-commons/2.1.6.RELEASE/spring-data-commons-2.1.6.RELEASE.jar:/home/whitewolf/.m2/repository/org/springframework/spring-orm/5.1.6.RELEASE/spring-orm-5.1.6.RELEASE.jar:/home/whitewolf/.m2/repository/org/springframework/spring-aspects/5.1.6.RELEASE/spring-aspects-5.1.6.RELEASE.jar:/home/whitewolf/.m2/repository/org/springframework/spring-tx/5.1.6.RELEASE/spring-tx-5.1.6.RELEASE.jar:/home/whitewolf/.m2/repository/org/springframework/spring-beans/5.1.6.RELEASE/spring-beans-5.1.6.RELEASE.jar:/home/whitewolf/.m2/repository/com/jayway/jsonpath/json-path/2.4.0/json-path-2.4.0.jar:/home/whitewolf/.m2/repository/net/minidev/json-smart/2.3/json-smart-2.3.jar:/home/whitewolf/.m2/repository/net/minidev/accessors-smart/1.2/accessors-smart-1.2.jar:/home/whitewolf/.m2/repository/org/ow2/asm/asm/5.0.4/asm-5.0.4.jar:/home/whitewolf/.m2/repository/org/slf4j/slf4j-api/1.7.26/slf4j-api-1.7.26.jar:/home/whitewolf/.m2/repository/org/hibernate/hibernate-core/5.1.6.Final/hibernate-core-5.1.6.Final.jar:/home/whitewolf/.m2/repository/org/jboss/logging/jboss-logging/3.3.2.Final/jboss-logging-3.3.2.Final.jar:/home/whitewolf/.m2/repository/org/hibernate/javax/persistence/hibernate-jpa-2.1-api/1.0.0.Final/hibernate-jpa-2.1-api-1.0.0.Final.jar:/home/whitewolf/.m2/repository/org/javassist/javassist/3.20.0-GA/javassist-3.20.0-GA.jar:/home/whitewolf/.m2/repository/antlr/antlr/2.7.7/antlr-2.7.7.jar:/home/whitewolf/.m2/repository/org/apache/geronimo/specs/geronimo-jta_1.1_spec/1.1.1/geronimo-jta_1.1_spec-1.1.1.jar:/home/whitewolf/.m2/repository/org/jboss/jandex/2.0.3.Final/jandex-2.0.3.Final.jar:/home/whitewolf/.m2/repository/com/fasterxml/classmate/1.4.0/classmate-1.4.0.jar:/home/whitewolf/.m2/repository/dom4j/dom4j/1.6.1/dom4j-1.6.1.jar:/home/whitewolf/.m2/repository/org/hibernate/common/hibernate-commons-annotations/5.0.1.Final/hibernate-commons-annotations-5.0.1.Final.jar:/home/whitewolf/.m2/repository/org/hsqldb/hsqldb/2.3.4/hsqldb-2.3.4.jar:, sun.cpu.endian=little, user.home=/home/whitewolf, user.language=pl, java.awt.graphicsenv=sun.awt.X11GraphicsEnvironment, surefire.real.class.path=/home/whitewolf/tau/TAU-repozytorium/tau-mmo-jmeter/target/surefire/surefirebooter3743684750447416578.jar, path.separator=:, os.version=4.15.0-47-generic, java.runtime.name=OpenJDK Runtime Environment, java.vm.name=OpenJDK 64-Bit Server VM, hibernate.show_sql=true, java.vendor.url.bug=http://bugreport.java.com/bugreport/, user.dir=/home/whitewolf/tau/TAU-repozytorium/tau-mmo-jmeter, os.arch=amd64, hibernate.boot.CfgXmlAccessService.key=org.hibernate.boot.cfgxml.spi.LoadedConfig@1d6a22dd, java.vm.info=mixed mode, sharing, java.vm.version=11.0.3+7-Ubuntu-1ubuntu218.04.1, hibernate.bytecode.use_reflection_optimizer=false, hibernate.connection.datasource=org.springframework.jdbc.datasource.DriverManagerDataSource@52b891de, java.class.version=55.0}
20:24:26.058 [main] DEBUG org.hibernate.validator.internal.engine.resolver.TraversableResolvers - Found javax.persistence.Persistence on classpath containing 'getPersistenceUtil'. Assuming JPA 2 environment. Trying to instantiate JPA aware TraversableResolver
20:24:26.058 [main] DEBUG org.hibernate.validator.internal.engine.resolver.TraversableResolvers - Instantiated JPA aware TraversableResolver of type org.hibernate.validator.internal.engine.resolver.JPATraversableResolver.
20:24:26.058 [main] DEBUG org.hibernate.validator.internal.xml.config.ValidationXmlParser - Trying to load META-INF/validation.xml for XML based Validator configuration.
20:24:26.058 [main] DEBUG org.hibernate.validator.internal.xml.config.ResourceLoaderHelper - Trying to load META-INF/validation.xml via TCCL
20:24:26.058 [main] DEBUG org.hibernate.validator.internal.xml.config.ResourceLoaderHelper - Trying to load META-INF/validation.xml via Hibernate Validator's class loader
20:24:26.058 [main] DEBUG org.hibernate.validator.internal.xml.config.ValidationXmlParser - No META-INF/validation.xml found. Using annotation based configuration only.
20:24:26.060 [main] DEBUG org.hibernate.validator.messageinterpolation.ResourceBundleMessageInterpolator - Loaded expression factory via original TCCL
20:24:26.060 [main] DEBUG org.hibernate.validator.internal.engine.ValidatorFactoryImpl - HV000234: Using org.hibernate.validator.messageinterpolation.ResourceBundleMessageInterpolator as ValidatorFactory-scoped message interpolator.
20:24:26.060 [main] DEBUG org.hibernate.validator.internal.engine.ValidatorFactoryImpl - HV000234: Using org.hibernate.validator.internal.engine.resolver.JPATraversableResolver as ValidatorFactory-scoped traversable resolver.
20:24:26.060 [main] DEBUG org.hibernate.validator.internal.engine.ValidatorFactoryImpl - HV000234: Using org.hibernate.validator.internal.util.ExecutableParameterNameProvider as ValidatorFactory-scoped parameter name provider.
20:24:26.060 [main] DEBUG org.hibernate.validator.internal.engine.ValidatorFactoryImpl - HV000234: Using org.hibernate.validator.internal.engine.DefaultClockProvider as ValidatorFactory-scoped clock provider.
20:24:26.060 [main] DEBUG org.hibernate.validator.internal.engine.ValidatorFactoryImpl - HV000234: Using org.hibernate.validator.internal.engine.scripting.DefaultScriptEvaluatorFactory as ValidatorFactory-scoped script evaluator factory.
20:24:26.060 [main] DEBUG org.hibernate.boot.internal.ClassLoaderAccessImpl - Not known whether passed class name [tau.mmo.domain.Item] is safe
20:24:26.060 [main] DEBUG org.hibernate.boot.internal.ClassLoaderAccessImpl - No temp ClassLoader provided; using live ClassLoader for loading potentially unsafe class : tau.mmo.domain.Item
20:24:26.062 [main] DEBUG org.hibernate.boot.internal.ClassLoaderAccessImpl - Not known whether passed class name [tau.mmo.domain.Player] is safe
20:24:26.062 [main] DEBUG org.hibernate.boot.internal.ClassLoaderAccessImpl - No temp ClassLoader provided; using live ClassLoader for loading potentially unsafe class : tau.mmo.domain.Player
20:24:26.064 [main] DEBUG org.hibernate.secure.spi.JaccIntegrator - Skipping JACC integration as it was not enabled
20:24:26.064 [main] DEBUG org.hibernate.boot.internal.ClassLoaderAccessImpl - Not known whether passed class name [tau.mmo.domain.Item] is safe
20:24:26.064 [main] DEBUG org.hibernate.boot.internal.ClassLoaderAccessImpl - No temp ClassLoader provided; using live ClassLoader for loading potentially unsafe class : tau.mmo.domain.Item
20:24:26.064 [main] DEBUG org.hibernate.boot.internal.ClassLoaderAccessImpl - Not known whether passed class name [tau.mmo.domain.Item] is safe
20:24:26.064 [main] DEBUG org.hibernate.boot.internal.ClassLoaderAccessImpl - No temp ClassLoader provided; using live ClassLoader for loading potentially unsafe class : tau.mmo.domain.Item
20:24:26.065 [main] DEBUG org.hibernate.boot.internal.ClassLoaderAccessImpl - Not known whether passed class name [tau.mmo.domain.Player] is safe
20:24:26.065 [main] DEBUG org.hibernate.boot.internal.ClassLoaderAccessImpl - No temp ClassLoader provided; using live ClassLoader for loading potentially unsafe class : tau.mmo.domain.Player
20:24:26.065 [main] DEBUG org.hibernate.boot.internal.ClassLoaderAccessImpl - Not known whether passed class name [tau.mmo.domain.Player] is safe
20:24:26.065 [main] DEBUG org.hibernate.boot.internal.ClassLoaderAccessImpl - No temp ClassLoader provided; using live ClassLoader for loading potentially unsafe class : tau.mmo.domain.Player
20:24:26.065 [main] DEBUG org.hibernate.persister.collection.AbstractCollectionPersister - Static SQL for collection: tau.mmo.domain.Player.items
20:24:26.065 [main] DEBUG org.hibernate.persister.collection.AbstractCollectionPersister -  Row insert: update item set player_id=? where id=?
20:24:26.066 [main] DEBUG org.hibernate.persister.collection.AbstractCollectionPersister -  Row update: update item set  where id=?
20:24:26.066 [main] DEBUG org.hibernate.persister.collection.AbstractCollectionPersister -  Row delete: update item set player_id=null where player_id=? and id=?
20:24:26.066 [main] DEBUG org.hibernate.persister.collection.AbstractCollectionPersister -  One-shot delete: update item set player_id=null where player_id=?
20:24:26.066 [main] DEBUG org.hibernate.persister.entity.AbstractEntityPersister - Static SQL for entity: tau.mmo.domain.Item
20:24:26.066 [main] DEBUG org.hibernate.persister.entity.AbstractEntityPersister -  Version select: select id from item where id =?
20:24:26.066 [main] DEBUG org.hibernate.persister.entity.AbstractEntityPersister -  Snapshot select: select item_.id, item_.itemclass as itemclas2_0_, item_.levelreq as levelreq3_0_, item_.name as name4_0_, item_.player_id as player_i5_0_ from item item_ where item_.id=?
20:24:26.066 [main] DEBUG org.hibernate.persister.entity.AbstractEntityPersister -  Insert 0: insert into item (itemclass, levelreq, name, player_id, id) values (?, ?, ?, ?, ?)
20:24:26.066 [main] DEBUG org.hibernate.persister.entity.AbstractEntityPersister -  Update 0: update item set itemclass=?, levelreq=?, name=?, player_id=? where id=?
20:24:26.066 [main] DEBUG org.hibernate.persister.entity.AbstractEntityPersister -  Delete 0: delete from item where id=?
20:24:26.066 [main] DEBUG org.hibernate.loader.plan.build.internal.spaces.QuerySpacesImpl - Adding QuerySpace : uid = <gen:0> -> org.hibernate.loader.plan.build.internal.spaces.EntityQuerySpaceImpl@1d535b78]
20:24:26.066 [main] DEBUG org.hibernate.persister.walking.spi.MetamodelGraphWalker - Visiting attribute path : itemclass
20:24:26.066 [main] DEBUG org.hibernate.persister.walking.spi.MetamodelGraphWalker - Visiting attribute path : levelreq
20:24:26.066 [main] DEBUG org.hibernate.persister.walking.spi.MetamodelGraphWalker - Visiting attribute path : name
20:24:26.066 [main] DEBUG org.hibernate.persister.walking.spi.MetamodelGraphWalker - Visiting attribute path : player
20:24:26.066 [main] DEBUG org.hibernate.loader.plan.build.internal.spaces.QuerySpacesImpl - Adding QuerySpace : uid = <gen:1> -> org.hibernate.loader.plan.build.internal.spaces.EntityQuerySpaceImpl@55a66bbf]
20:24:26.066 [main] DEBUG org.hibernate.loader.plan.build.internal.FetchStyleLoadPlanBuildingAssociationVisitationStrategy - Building LoadPlan...
20:24:26.066 [main] DEBUG org.hibernate.loader.plan.exec.internal.LoadQueryJoinAndFetchProcessor - processing queryspace <gen:0>
20:24:26.066 [main] DEBUG org.hibernate.loader.plan.build.spi.LoadPlanTreePrinter - LoadPlan(entity=tau.mmo.domain.Item)
    - Returns
       - EntityReturnImpl(entity=tau.mmo.domain.Item, querySpaceUid=<gen:0>, path=tau.mmo.domain.Item)
          - EntityAttributeFetchImpl(entity=tau.mmo.domain.Player, querySpaceUid=<gen:1>, path=tau.mmo.domain.Item.player)
    - QuerySpaces
       - EntityQuerySpaceImpl(uid=<gen:0>, entity=tau.mmo.domain.Item)
          - SQL table alias mapping - item0_
          - alias suffix - 0_
          - suffixed key columns - {id1_0_0_}

20:24:26.066 [main] DEBUG org.hibernate.loader.entity.plan.EntityLoader - Static select for entity tau.mmo.domain.Item [NONE]: select item0_.id as id1_0_0_, item0_.itemclass as itemclas2_0_0_, item0_.levelreq as levelreq3_0_0_, item0_.name as name4_0_0_, item0_.player_id as player_i5_0_0_ from item item0_ where item0_.id=?
20:24:26.066 [main] DEBUG org.hibernate.loader.plan.build.internal.spaces.QuerySpacesImpl - Adding QuerySpace : uid = <gen:0> -> org.hibernate.loader.plan.build.internal.spaces.EntityQuerySpaceImpl@7f02b2d4]
20:24:26.066 [main] DEBUG org.hibernate.persister.walking.spi.MetamodelGraphWalker - Visiting attribute path : itemclass
20:24:26.066 [main] DEBUG org.hibernate.persister.walking.spi.MetamodelGraphWalker - Visiting attribute path : levelreq
20:24:26.066 [main] DEBUG org.hibernate.persister.walking.spi.MetamodelGraphWalker - Visiting attribute path : name
20:24:26.066 [main] DEBUG org.hibernate.persister.walking.spi.MetamodelGraphWalker - Visiting attribute path : player
20:24:26.066 [main] DEBUG org.hibernate.loader.plan.build.internal.spaces.QuerySpacesImpl - Adding QuerySpace : uid = <gen:1> -> org.hibernate.loader.plan.build.internal.spaces.EntityQuerySpaceImpl@31859960]
20:24:26.066 [main] DEBUG org.hibernate.loader.plan.build.internal.FetchStyleLoadPlanBuildingAssociationVisitationStrategy - Building LoadPlan...
20:24:26.066 [main] DEBUG org.hibernate.loader.plan.exec.internal.LoadQueryJoinAndFetchProcessor - processing queryspace <gen:0>
20:24:26.067 [main] DEBUG org.hibernate.loader.plan.build.spi.LoadPlanTreePrinter - LoadPlan(entity=tau.mmo.domain.Item)
    - Returns
       - EntityReturnImpl(entity=tau.mmo.domain.Item, querySpaceUid=<gen:0>, path=tau.mmo.domain.Item)
          - EntityAttributeFetchImpl(entity=tau.mmo.domain.Player, querySpaceUid=<gen:1>, path=tau.mmo.domain.Item.player)
    - QuerySpaces
       - EntityQuerySpaceImpl(uid=<gen:0>, entity=tau.mmo.domain.Item)
          - SQL table alias mapping - item0_
          - alias suffix - 0_
          - suffixed key columns - {id1_0_0_}

20:24:26.067 [main] DEBUG org.hibernate.loader.entity.plan.EntityLoader - Static select for entity tau.mmo.domain.Item [READ]: select item0_.id as id1_0_0_, item0_.itemclass as itemclas2_0_0_, item0_.levelreq as levelreq3_0_0_, item0_.name as name4_0_0_, item0_.player_id as player_i5_0_0_ from item item0_ where item0_.id=?
20:24:26.067 [main] DEBUG org.hibernate.loader.plan.build.internal.spaces.QuerySpacesImpl - Adding QuerySpace : uid = <gen:0> -> org.hibernate.loader.plan.build.internal.spaces.EntityQuerySpaceImpl@5718e77c]
20:24:26.067 [main] DEBUG org.hibernate.persister.walking.spi.MetamodelGraphWalker - Visiting attribute path : itemclass
20:24:26.067 [main] DEBUG org.hibernate.persister.walking.spi.MetamodelGraphWalker - Visiting attribute path : levelreq
20:24:26.067 [main] DEBUG org.hibernate.persister.walking.spi.MetamodelGraphWalker - Visiting attribute path : name
20:24:26.067 [main] DEBUG org.hibernate.persister.walking.spi.MetamodelGraphWalker - Visiting attribute path : player
20:24:26.067 [main] DEBUG org.hibernate.loader.plan.build.internal.spaces.QuerySpacesImpl - Adding QuerySpace : uid = <gen:1> -> org.hibernate.loader.plan.build.internal.spaces.EntityQuerySpaceImpl@28888124]
20:24:26.067 [main] DEBUG org.hibernate.loader.plan.build.internal.FetchStyleLoadPlanBuildingAssociationVisitationStrategy - Building LoadPlan...
20:24:26.067 [main] DEBUG org.hibernate.loader.plan.exec.internal.LoadQueryJoinAndFetchProcessor - processing queryspace <gen:0>
20:24:26.067 [main] DEBUG org.hibernate.loader.plan.build.spi.LoadPlanTreePrinter - LoadPlan(entity=tau.mmo.domain.Item)
    - Returns
       - EntityReturnImpl(entity=tau.mmo.domain.Item, querySpaceUid=<gen:0>, path=tau.mmo.domain.Item)
          - EntityAttributeFetchImpl(entity=tau.mmo.domain.Player, querySpaceUid=<gen:1>, path=tau.mmo.domain.Item.player)
    - QuerySpaces
       - EntityQuerySpaceImpl(uid=<gen:0>, entity=tau.mmo.domain.Item)
          - SQL table alias mapping - item0_
          - alias suffix - 0_
          - suffixed key columns - {id1_0_0_}

20:24:26.067 [main] DEBUG org.hibernate.loader.entity.plan.EntityLoader - Static select for entity tau.mmo.domain.Item [UPGRADE]: select item0_.id as id1_0_0_, item0_.itemclass as itemclas2_0_0_, item0_.levelreq as levelreq3_0_0_, item0_.name as name4_0_0_, item0_.player_id as player_i5_0_0_ from item item0_ where item0_.id=? for update
20:24:26.067 [main] DEBUG org.hibernate.loader.plan.build.internal.spaces.QuerySpacesImpl - Adding QuerySpace : uid = <gen:0> -> org.hibernate.loader.plan.build.internal.spaces.EntityQuerySpaceImpl@355b53cc]
20:24:26.067 [main] DEBUG org.hibernate.persister.walking.spi.MetamodelGraphWalker - Visiting attribute path : itemclass
20:24:26.067 [main] DEBUG org.hibernate.persister.walking.spi.MetamodelGraphWalker - Visiting attribute path : levelreq
20:24:26.067 [main] DEBUG org.hibernate.persister.walking.spi.MetamodelGraphWalker - Visiting attribute path : name
20:24:26.067 [main] DEBUG org.hibernate.persister.walking.spi.MetamodelGraphWalker - Visiting attribute path : player
20:24:26.067 [main] DEBUG org.hibernate.loader.plan.build.internal.spaces.QuerySpacesImpl - Adding QuerySpace : uid = <gen:1> -> org.hibernate.loader.plan.build.internal.spaces.EntityQuerySpaceImpl@2bda7a5b]
20:24:26.067 [main] DEBUG org.hibernate.loader.plan.build.internal.FetchStyleLoadPlanBuildingAssociationVisitationStrategy - Building LoadPlan...
20:24:26.067 [main] DEBUG org.hibernate.loader.plan.exec.internal.LoadQueryJoinAndFetchProcessor - processing queryspace <gen:0>
20:24:26.067 [main] DEBUG org.hibernate.loader.plan.build.spi.LoadPlanTreePrinter - LoadPlan(entity=tau.mmo.domain.Item)
    - Returns
       - EntityReturnImpl(entity=tau.mmo.domain.Item, querySpaceUid=<gen:0>, path=tau.mmo.domain.Item)
          - EntityAttributeFetchImpl(entity=tau.mmo.domain.Player, querySpaceUid=<gen:1>, path=tau.mmo.domain.Item.player)
    - QuerySpaces
       - EntityQuerySpaceImpl(uid=<gen:0>, entity=tau.mmo.domain.Item)
          - SQL table alias mapping - item0_
          - alias suffix - 0_
          - suffixed key columns - {id1_0_0_}

20:24:26.067 [main] DEBUG org.hibernate.loader.entity.plan.EntityLoader - Static select for entity tau.mmo.domain.Item [UPGRADE_NOWAIT]: select item0_.id as id1_0_0_, item0_.itemclass as itemclas2_0_0_, item0_.levelreq as levelreq3_0_0_, item0_.name as name4_0_0_, item0_.player_id as player_i5_0_0_ from item item0_ where item0_.id=? for update
20:24:26.067 [main] DEBUG org.hibernate.loader.plan.build.internal.spaces.QuerySpacesImpl - Adding QuerySpace : uid = <gen:0> -> org.hibernate.loader.plan.build.internal.spaces.EntityQuerySpaceImpl@47374fa5]
20:24:26.067 [main] DEBUG org.hibernate.persister.walking.spi.MetamodelGraphWalker - Visiting attribute path : itemclass
20:24:26.067 [main] DEBUG org.hibernate.persister.walking.spi.MetamodelGraphWalker - Visiting attribute path : levelreq
20:24:26.067 [main] DEBUG org.hibernate.persister.walking.spi.MetamodelGraphWalker - Visiting attribute path : name
20:24:26.067 [main] DEBUG org.hibernate.persister.walking.spi.MetamodelGraphWalker - Visiting attribute path : player
20:24:26.067 [main] DEBUG org.hibernate.loader.plan.build.internal.spaces.QuerySpacesImpl - Adding QuerySpace : uid = <gen:1> -> org.hibernate.loader.plan.build.internal.spaces.EntityQuerySpaceImpl@4e1b5532]
20:24:26.067 [main] DEBUG org.hibernate.loader.plan.build.internal.FetchStyleLoadPlanBuildingAssociationVisitationStrategy - Building LoadPlan...
20:24:26.067 [main] DEBUG org.hibernate.loader.plan.exec.internal.LoadQueryJoinAndFetchProcessor - processing queryspace <gen:0>
20:24:26.067 [main] DEBUG org.hibernate.loader.plan.build.spi.LoadPlanTreePrinter - LoadPlan(entity=tau.mmo.domain.Item)
    - Returns
       - EntityReturnImpl(entity=tau.mmo.domain.Item, querySpaceUid=<gen:0>, path=tau.mmo.domain.Item)
          - EntityAttributeFetchImpl(entity=tau.mmo.domain.Player, querySpaceUid=<gen:1>, path=tau.mmo.domain.Item.player)
    - QuerySpaces
       - EntityQuerySpaceImpl(uid=<gen:0>, entity=tau.mmo.domain.Item)
          - SQL table alias mapping - item0_
          - alias suffix - 0_
          - suffixed key columns - {id1_0_0_}

20:24:26.067 [main] DEBUG org.hibernate.loader.entity.plan.EntityLoader - Static select for entity tau.mmo.domain.Item [UPGRADE_SKIPLOCKED]: select item0_.id as id1_0_0_, item0_.itemclass as itemclas2_0_0_, item0_.levelreq as levelreq3_0_0_, item0_.name as name4_0_0_, item0_.player_id as player_i5_0_0_ from item item0_ where item0_.id=? for update
20:24:26.067 [main] DEBUG org.hibernate.loader.plan.build.internal.spaces.QuerySpacesImpl - Adding QuerySpace : uid = <gen:0> -> org.hibernate.loader.plan.build.internal.spaces.EntityQuerySpaceImpl@366bf608]
20:24:26.067 [main] DEBUG org.hibernate.persister.walking.spi.MetamodelGraphWalker - Visiting attribute path : itemclass
20:24:26.067 [main] DEBUG org.hibernate.persister.walking.spi.MetamodelGraphWalker - Visiting attribute path : levelreq
20:24:26.067 [main] DEBUG org.hibernate.persister.walking.spi.MetamodelGraphWalker - Visiting attribute path : name
20:24:26.068 [main] DEBUG org.hibernate.persister.walking.spi.MetamodelGraphWalker - Visiting attribute path : player
20:24:26.068 [main] DEBUG org.hibernate.loader.plan.build.internal.spaces.QuerySpacesImpl - Adding QuerySpace : uid = <gen:1> -> org.hibernate.loader.plan.build.internal.spaces.EntityQuerySpaceImpl@e890591]
20:24:26.068 [main] DEBUG org.hibernate.loader.plan.build.internal.FetchStyleLoadPlanBuildingAssociationVisitationStrategy - Building LoadPlan...
20:24:26.068 [main] DEBUG org.hibernate.loader.plan.exec.internal.LoadQueryJoinAndFetchProcessor - processing queryspace <gen:0>
20:24:26.068 [main] DEBUG org.hibernate.loader.plan.build.spi.LoadPlanTreePrinter - LoadPlan(entity=tau.mmo.domain.Item)
    - Returns
       - EntityReturnImpl(entity=tau.mmo.domain.Item, querySpaceUid=<gen:0>, path=tau.mmo.domain.Item)
          - EntityAttributeFetchImpl(entity=tau.mmo.domain.Player, querySpaceUid=<gen:1>, path=tau.mmo.domain.Item.player)
    - QuerySpaces
       - EntityQuerySpaceImpl(uid=<gen:0>, entity=tau.mmo.domain.Item)
          - SQL table alias mapping - item0_
          - alias suffix - 0_
          - suffixed key columns - {id1_0_0_}

20:24:26.068 [main] DEBUG org.hibernate.loader.entity.plan.EntityLoader - Static select for entity tau.mmo.domain.Item [FORCE]: select item0_.id as id1_0_0_, item0_.itemclass as itemclas2_0_0_, item0_.levelreq as levelreq3_0_0_, item0_.name as name4_0_0_, item0_.player_id as player_i5_0_0_ from item item0_ where item0_.id=? for update
20:24:26.068 [main] DEBUG org.hibernate.loader.plan.build.internal.spaces.QuerySpacesImpl - Adding QuerySpace : uid = <gen:0> -> org.hibernate.loader.plan.build.internal.spaces.EntityQuerySpaceImpl@1aaf73b7]
20:24:26.068 [main] DEBUG org.hibernate.persister.walking.spi.MetamodelGraphWalker - Visiting attribute path : itemclass
20:24:26.068 [main] DEBUG org.hibernate.persister.walking.spi.MetamodelGraphWalker - Visiting attribute path : levelreq
20:24:26.068 [main] DEBUG org.hibernate.persister.walking.spi.MetamodelGraphWalker - Visiting attribute path : name
20:24:26.068 [main] DEBUG org.hibernate.persister.walking.spi.MetamodelGraphWalker - Visiting attribute path : player
20:24:26.068 [main] DEBUG org.hibernate.loader.plan.build.internal.spaces.QuerySpacesImpl - Adding QuerySpace : uid = <gen:1> -> org.hibernate.loader.plan.build.internal.spaces.EntityQuerySpaceImpl@5e0442dd]
20:24:26.068 [main] DEBUG org.hibernate.loader.plan.build.internal.FetchStyleLoadPlanBuildingAssociationVisitationStrategy - Building LoadPlan...
20:24:26.068 [main] DEBUG org.hibernate.loader.plan.exec.internal.LoadQueryJoinAndFetchProcessor - processing queryspace <gen:0>
20:24:26.068 [main] DEBUG org.hibernate.loader.plan.build.spi.LoadPlanTreePrinter - LoadPlan(entity=tau.mmo.domain.Item)
    - Returns
       - EntityReturnImpl(entity=tau.mmo.domain.Item, querySpaceUid=<gen:0>, path=tau.mmo.domain.Item)
          - EntityAttributeFetchImpl(entity=tau.mmo.domain.Player, querySpaceUid=<gen:1>, path=tau.mmo.domain.Item.player)
    - QuerySpaces
       - EntityQuerySpaceImpl(uid=<gen:0>, entity=tau.mmo.domain.Item)
          - SQL table alias mapping - item0_
          - alias suffix - 0_
          - suffixed key columns - {id1_0_0_}

20:24:26.068 [main] DEBUG org.hibernate.loader.entity.plan.EntityLoader - Static select for entity tau.mmo.domain.Item [PESSIMISTIC_READ]: select item0_.id as id1_0_0_, item0_.itemclass as itemclas2_0_0_, item0_.levelreq as levelreq3_0_0_, item0_.name as name4_0_0_, item0_.player_id as player_i5_0_0_ from item item0_ where item0_.id=? for update
20:24:26.068 [main] DEBUG org.hibernate.loader.plan.build.internal.spaces.QuerySpacesImpl - Adding QuerySpace : uid = <gen:0> -> org.hibernate.loader.plan.build.internal.spaces.EntityQuerySpaceImpl@18e76101]
20:24:26.068 [main] DEBUG org.hibernate.persister.walking.spi.MetamodelGraphWalker - Visiting attribute path : itemclass
20:24:26.068 [main] DEBUG org.hibernate.persister.walking.spi.MetamodelGraphWalker - Visiting attribute path : levelreq
20:24:26.068 [main] DEBUG org.hibernate.persister.walking.spi.MetamodelGraphWalker - Visiting attribute path : name
20:24:26.068 [main] DEBUG org.hibernate.persister.walking.spi.MetamodelGraphWalker - Visiting attribute path : player
20:24:26.068 [main] DEBUG org.hibernate.loader.plan.build.internal.spaces.QuerySpacesImpl - Adding QuerySpace : uid = <gen:1> -> org.hibernate.loader.plan.build.internal.spaces.EntityQuerySpaceImpl@62581ef6]
20:24:26.068 [main] DEBUG org.hibernate.loader.plan.build.internal.FetchStyleLoadPlanBuildingAssociationVisitationStrategy - Building LoadPlan...
20:24:26.068 [main] DEBUG org.hibernate.loader.plan.exec.internal.LoadQueryJoinAndFetchProcessor - processing queryspace <gen:0>
20:24:26.068 [main] DEBUG org.hibernate.loader.plan.build.spi.LoadPlanTreePrinter - LoadPlan(entity=tau.mmo.domain.Item)
    - Returns
       - EntityReturnImpl(entity=tau.mmo.domain.Item, querySpaceUid=<gen:0>, path=tau.mmo.domain.Item)
          - EntityAttributeFetchImpl(entity=tau.mmo.domain.Player, querySpaceUid=<gen:1>, path=tau.mmo.domain.Item.player)
    - QuerySpaces
       - EntityQuerySpaceImpl(uid=<gen:0>, entity=tau.mmo.domain.Item)
          - SQL table alias mapping - item0_
          - alias suffix - 0_
          - suffixed key columns - {id1_0_0_}

20:24:26.068 [main] DEBUG org.hibernate.loader.entity.plan.EntityLoader - Static select for entity tau.mmo.domain.Item [PESSIMISTIC_WRITE]: select item0_.id as id1_0_0_, item0_.itemclass as itemclas2_0_0_, item0_.levelreq as levelreq3_0_0_, item0_.name as name4_0_0_, item0_.player_id as player_i5_0_0_ from item item0_ where item0_.id=? for update
20:24:26.068 [main] DEBUG org.hibernate.loader.plan.build.internal.spaces.QuerySpacesImpl - Adding QuerySpace : uid = <gen:0> -> org.hibernate.loader.plan.build.internal.spaces.EntityQuerySpaceImpl@1e36baca]
20:24:26.068 [main] DEBUG org.hibernate.persister.walking.spi.MetamodelGraphWalker - Visiting attribute path : itemclass
20:24:26.068 [main] DEBUG org.hibernate.persister.walking.spi.MetamodelGraphWalker - Visiting attribute path : levelreq
20:24:26.068 [main] DEBUG org.hibernate.persister.walking.spi.MetamodelGraphWalker - Visiting attribute path : name
20:24:26.068 [main] DEBUG org.hibernate.persister.walking.spi.MetamodelGraphWalker - Visiting attribute path : player
20:24:26.068 [main] DEBUG org.hibernate.loader.plan.build.internal.spaces.QuerySpacesImpl - Adding QuerySpace : uid = <gen:1> -> org.hibernate.loader.plan.build.internal.spaces.EntityQuerySpaceImpl@60484429]
20:24:26.068 [main] DEBUG org.hibernate.loader.plan.build.internal.FetchStyleLoadPlanBuildingAssociationVisitationStrategy - Building LoadPlan...
20:24:26.068 [main] DEBUG org.hibernate.loader.plan.exec.internal.LoadQueryJoinAndFetchProcessor - processing queryspace <gen:0>
20:24:26.069 [main] DEBUG org.hibernate.loader.plan.build.spi.LoadPlanTreePrinter - LoadPlan(entity=tau.mmo.domain.Item)
    - Returns
       - EntityReturnImpl(entity=tau.mmo.domain.Item, querySpaceUid=<gen:0>, path=tau.mmo.domain.Item)
          - EntityAttributeFetchImpl(entity=tau.mmo.domain.Player, querySpaceUid=<gen:1>, path=tau.mmo.domain.Item.player)
    - QuerySpaces
       - EntityQuerySpaceImpl(uid=<gen:0>, entity=tau.mmo.domain.Item)
          - SQL table alias mapping - item0_
          - alias suffix - 0_
          - suffixed key columns - {id1_0_0_}

20:24:26.069 [main] DEBUG org.hibernate.loader.entity.plan.EntityLoader - Static select for entity tau.mmo.domain.Item [PESSIMISTIC_FORCE_INCREMENT]: select item0_.id as id1_0_0_, item0_.itemclass as itemclas2_0_0_, item0_.levelreq as levelreq3_0_0_, item0_.name as name4_0_0_, item0_.player_id as player_i5_0_0_ from item item0_ where item0_.id=? for update
20:24:26.069 [main] DEBUG org.hibernate.loader.plan.build.internal.spaces.QuerySpacesImpl - Adding QuerySpace : uid = <gen:0> -> org.hibernate.loader.plan.build.internal.spaces.EntityQuerySpaceImpl@42c55978]
20:24:26.069 [main] DEBUG org.hibernate.persister.walking.spi.MetamodelGraphWalker - Visiting attribute path : itemclass
20:24:26.069 [main] DEBUG org.hibernate.persister.walking.spi.MetamodelGraphWalker - Visiting attribute path : levelreq
20:24:26.069 [main] DEBUG org.hibernate.persister.walking.spi.MetamodelGraphWalker - Visiting attribute path : name
20:24:26.069 [main] DEBUG org.hibernate.persister.walking.spi.MetamodelGraphWalker - Visiting attribute path : player
20:24:26.069 [main] DEBUG org.hibernate.loader.plan.build.internal.spaces.QuerySpacesImpl - Adding QuerySpace : uid = <gen:1> -> org.hibernate.loader.plan.build.internal.spaces.EntityQuerySpaceImpl@5e3d84a]
20:24:26.069 [main] DEBUG org.hibernate.loader.plan.build.internal.FetchStyleLoadPlanBuildingAssociationVisitationStrategy - Building LoadPlan...
20:24:26.069 [main] DEBUG org.hibernate.loader.plan.exec.internal.LoadQueryJoinAndFetchProcessor - processing queryspace <gen:0>
20:24:26.069 [main] DEBUG org.hibernate.loader.plan.build.spi.LoadPlanTreePrinter - LoadPlan(entity=tau.mmo.domain.Item)
    - Returns
       - EntityReturnImpl(entity=tau.mmo.domain.Item, querySpaceUid=<gen:0>, path=tau.mmo.domain.Item)
          - EntityAttributeFetchImpl(entity=tau.mmo.domain.Player, querySpaceUid=<gen:1>, path=tau.mmo.domain.Item.player)
    - QuerySpaces
       - EntityQuerySpaceImpl(uid=<gen:0>, entity=tau.mmo.domain.Item)
          - SQL table alias mapping - item0_
          - alias suffix - 0_
          - suffixed key columns - {id1_0_0_}

20:24:26.069 [main] DEBUG org.hibernate.loader.entity.plan.EntityLoader - Static select for entity tau.mmo.domain.Item [OPTIMISTIC]: select item0_.id as id1_0_0_, item0_.itemclass as itemclas2_0_0_, item0_.levelreq as levelreq3_0_0_, item0_.name as name4_0_0_, item0_.player_id as player_i5_0_0_ from item item0_ where item0_.id=?
20:24:26.069 [main] DEBUG org.hibernate.loader.plan.build.internal.spaces.QuerySpacesImpl - Adding QuerySpace : uid = <gen:0> -> org.hibernate.loader.plan.build.internal.spaces.EntityQuerySpaceImpl@2728add3]
20:24:26.069 [main] DEBUG org.hibernate.persister.walking.spi.MetamodelGraphWalker - Visiting attribute path : itemclass
20:24:26.069 [main] DEBUG org.hibernate.persister.walking.spi.MetamodelGraphWalker - Visiting attribute path : levelreq
20:24:26.069 [main] DEBUG org.hibernate.persister.walking.spi.MetamodelGraphWalker - Visiting attribute path : name
20:24:26.069 [main] DEBUG org.hibernate.persister.walking.spi.MetamodelGraphWalker - Visiting attribute path : player
20:24:26.069 [main] DEBUG org.hibernate.loader.plan.build.internal.spaces.QuerySpacesImpl - Adding QuerySpace : uid = <gen:1> -> org.hibernate.loader.plan.build.internal.spaces.EntityQuerySpaceImpl@54033a65]
20:24:26.069 [main] DEBUG org.hibernate.loader.plan.build.internal.FetchStyleLoadPlanBuildingAssociationVisitationStrategy - Building LoadPlan...
20:24:26.069 [main] DEBUG org.hibernate.loader.plan.exec.internal.LoadQueryJoinAndFetchProcessor - processing queryspace <gen:0>
20:24:26.069 [main] DEBUG org.hibernate.loader.plan.build.spi.LoadPlanTreePrinter - LoadPlan(entity=tau.mmo.domain.Item)
    - Returns
       - EntityReturnImpl(entity=tau.mmo.domain.Item, querySpaceUid=<gen:0>, path=tau.mmo.domain.Item)
          - EntityAttributeFetchImpl(entity=tau.mmo.domain.Player, querySpaceUid=<gen:1>, path=tau.mmo.domain.Item.player)
    - QuerySpaces
       - EntityQuerySpaceImpl(uid=<gen:0>, entity=tau.mmo.domain.Item)
          - SQL table alias mapping - item0_
          - alias suffix - 0_
          - suffixed key columns - {id1_0_0_}

20:24:26.069 [main] DEBUG org.hibernate.loader.entity.plan.EntityLoader - Static select for entity tau.mmo.domain.Item [OPTIMISTIC_FORCE_INCREMENT]: select item0_.id as id1_0_0_, item0_.itemclass as itemclas2_0_0_, item0_.levelreq as levelreq3_0_0_, item0_.name as name4_0_0_, item0_.player_id as player_i5_0_0_ from item item0_ where item0_.id=?
20:24:26.069 [main] DEBUG org.hibernate.loader.Loader - Static select for action ACTION_MERGE on entity tau.mmo.domain.Item: select item0_.id as id1_0_0_, item0_.itemclass as itemclas2_0_0_, item0_.levelreq as levelreq3_0_0_, item0_.name as name4_0_0_, item0_.player_id as player_i5_0_0_ from item item0_ where item0_.id=?
20:24:26.069 [main] DEBUG org.hibernate.loader.Loader - Static select for action ACTION_REFRESH on entity tau.mmo.domain.Item: select item0_.id as id1_0_0_, item0_.itemclass as itemclas2_0_0_, item0_.levelreq as levelreq3_0_0_, item0_.name as name4_0_0_, item0_.player_id as player_i5_0_0_ from item item0_ where item0_.id=?
20:24:26.069 [main] DEBUG org.hibernate.persister.entity.AbstractEntityPersister - Static SQL for entity: tau.mmo.domain.Player
20:24:26.069 [main] DEBUG org.hibernate.persister.entity.AbstractEntityPersister -  Version select: select id from player where id =?
20:24:26.069 [main] DEBUG org.hibernate.persister.entity.AbstractEntityPersister -  Snapshot select: select player_.id, player_.heroclass as heroclas2_1_, player_.level as level3_1_, player_.name as name4_1_ from player player_ where player_.id=?
20:24:26.069 [main] DEBUG org.hibernate.persister.entity.AbstractEntityPersister -  Insert 0: insert into player (heroclass, level, name, id) values (?, ?, ?, ?)
20:24:26.069 [main] DEBUG org.hibernate.persister.entity.AbstractEntityPersister -  Update 0: update player set heroclass=?, level=?, name=? where id=?
20:24:26.069 [main] DEBUG org.hibernate.persister.entity.AbstractEntityPersister -  Delete 0: delete from player where id=?
20:24:26.069 [main] DEBUG org.hibernate.loader.plan.build.internal.spaces.QuerySpacesImpl - Adding QuerySpace : uid = <gen:0> -> org.hibernate.loader.plan.build.internal.spaces.EntityQuerySpaceImpl@4fb99927]
20:24:26.069 [main] DEBUG org.hibernate.persister.walking.spi.MetamodelGraphWalker - Visiting attribute path : heroclass
20:24:26.069 [main] DEBUG org.hibernate.persister.walking.spi.MetamodelGraphWalker - Visiting attribute path : items
20:24:26.069 [main] DEBUG org.hibernate.loader.plan.build.internal.spaces.QuerySpacesImpl - Adding QuerySpace : uid = <gen:1> -> org.hibernate.loader.plan.build.internal.spaces.CollectionQuerySpaceImpl@131b58d4]
20:24:26.070 [main] DEBUG org.hibernate.loader.plan.build.internal.spaces.QuerySpacesImpl - Adding QuerySpace : uid = <gen:2> -> org.hibernate.loader.plan.build.internal.spaces.EntityQuerySpaceImpl@5e8698c0]
20:24:26.070 [main] DEBUG org.hibernate.persister.walking.spi.MetamodelGraphWalker - Visiting attribute path : items.itemclass
20:24:26.070 [main] DEBUG org.hibernate.persister.walking.spi.MetamodelGraphWalker - Visiting attribute path : items.levelreq
20:24:26.070 [main] DEBUG org.hibernate.persister.walking.spi.MetamodelGraphWalker - Visiting attribute path : items.name
20:24:26.070 [main] DEBUG org.hibernate.persister.walking.spi.MetamodelGraphWalker - Visiting attribute path : items.player
20:24:26.070 [main] DEBUG org.hibernate.persister.walking.spi.MetamodelGraphWalker - Property path deemed to be circular : items.player
20:24:26.070 [main] DEBUG org.hibernate.persister.walking.spi.MetamodelGraphWalker - Visiting attribute path : level
20:24:26.070 [main] DEBUG org.hibernate.persister.walking.spi.MetamodelGraphWalker - Visiting attribute path : name
20:24:26.070 [main] DEBUG org.hibernate.loader.plan.build.internal.FetchStyleLoadPlanBuildingAssociationVisitationStrategy - Building LoadPlan...
20:24:26.070 [main] DEBUG org.hibernate.loader.plan.exec.internal.LoadQueryJoinAndFetchProcessor - processing queryspace <gen:0>
20:24:26.070 [main] DEBUG org.hibernate.loader.plan.build.spi.LoadPlanTreePrinter - LoadPlan(entity=tau.mmo.domain.Player)
    - Returns
       - EntityReturnImpl(entity=tau.mmo.domain.Player, querySpaceUid=<gen:0>, path=tau.mmo.domain.Player)
          - CollectionAttributeFetchImpl(collection=tau.mmo.domain.Player.items, querySpaceUid=<gen:1>, path=tau.mmo.domain.Player.items)
             - (collection element) CollectionFetchableElementEntityGraph(entity=tau.mmo.domain.Item, querySpaceUid=<gen:2>, path=tau.mmo.domain.Player.items.<elements>)
    - QuerySpaces
       - EntityQuerySpaceImpl(uid=<gen:0>, entity=tau.mmo.domain.Player)
          - SQL table alias mapping - player0_
          - alias suffix - 0_
          - suffixed key columns - {id1_1_0_}
          - JOIN (JoinDefinedByMetadata(items)) : <gen:0> -> <gen:1>
             - CollectionQuerySpaceImpl(uid=<gen:1>, collection=tau.mmo.domain.Player.items)
                - SQL table alias mapping - items1_
                - alias suffix - 1_
                - suffixed key columns - {player_i5_0_1_}
                - entity-element alias suffix - 2_
                - 2_entity-element suffixed key columns - id1_0_2_
                - JOIN (JoinDefinedByMetadata(elements)) : <gen:1> -> <gen:2>
                   - EntityQuerySpaceImpl(uid=<gen:2>, entity=tau.mmo.domain.Item)
                      - SQL table alias mapping - items1_
                      - alias suffix - 2_
                      - suffixed key columns - {id1_0_2_}

20:24:26.070 [main] DEBUG org.hibernate.loader.entity.plan.EntityLoader - Static select for entity tau.mmo.domain.Player [NONE]: select player0_.id as id1_1_0_, player0_.heroclass as heroclas2_1_0_, player0_.level as level3_1_0_, player0_.name as name4_1_0_, items1_.player_id as player_i5_0_1_, items1_.id as id1_0_1_, items1_.id as id1_0_2_, items1_.itemclass as itemclas2_0_2_, items1_.levelreq as levelreq3_0_2_, items1_.name as name4_0_2_, items1_.player_id as player_i5_0_2_ from player player0_ left outer join item items1_ on player0_.id=items1_.player_id where player0_.id=?
20:24:26.070 [main] DEBUG org.hibernate.loader.plan.build.internal.spaces.QuerySpacesImpl - Adding QuerySpace : uid = <gen:0> -> org.hibernate.loader.plan.build.internal.spaces.EntityQuerySpaceImpl@56a72887]
20:24:26.070 [main] DEBUG org.hibernate.persister.walking.spi.MetamodelGraphWalker - Visiting attribute path : heroclass
20:24:26.070 [main] DEBUG org.hibernate.persister.walking.spi.MetamodelGraphWalker - Visiting attribute path : items
20:24:26.070 [main] DEBUG org.hibernate.loader.plan.build.internal.spaces.QuerySpacesImpl - Adding QuerySpace : uid = <gen:1> -> org.hibernate.loader.plan.build.internal.spaces.CollectionQuerySpaceImpl@4b9beefe]
20:24:26.070 [main] DEBUG org.hibernate.loader.plan.build.internal.spaces.QuerySpacesImpl - Adding QuerySpace : uid = <gen:2> -> org.hibernate.loader.plan.build.internal.spaces.EntityQuerySpaceImpl@4cddc036]
20:24:26.070 [main] DEBUG org.hibernate.persister.walking.spi.MetamodelGraphWalker - Visiting attribute path : items.itemclass
20:24:26.070 [main] DEBUG org.hibernate.persister.walking.spi.MetamodelGraphWalker - Visiting attribute path : items.levelreq
20:24:26.070 [main] DEBUG org.hibernate.persister.walking.spi.MetamodelGraphWalker - Visiting attribute path : items.name
20:24:26.070 [main] DEBUG org.hibernate.persister.walking.spi.MetamodelGraphWalker - Visiting attribute path : items.player
20:24:26.070 [main] DEBUG org.hibernate.persister.walking.spi.MetamodelGraphWalker - Property path deemed to be circular : items.player
20:24:26.070 [main] DEBUG org.hibernate.persister.walking.spi.MetamodelGraphWalker - Visiting attribute path : level
20:24:26.070 [main] DEBUG org.hibernate.persister.walking.spi.MetamodelGraphWalker - Visiting attribute path : name
20:24:26.070 [main] DEBUG org.hibernate.loader.plan.build.internal.FetchStyleLoadPlanBuildingAssociationVisitationStrategy - Building LoadPlan...
20:24:26.070 [main] DEBUG org.hibernate.loader.plan.exec.internal.LoadQueryJoinAndFetchProcessor - processing queryspace <gen:0>
20:24:26.070 [main] DEBUG org.hibernate.loader.plan.build.spi.LoadPlanTreePrinter - LoadPlan(entity=tau.mmo.domain.Player)
    - Returns
       - EntityReturnImpl(entity=tau.mmo.domain.Player, querySpaceUid=<gen:0>, path=tau.mmo.domain.Player)
          - CollectionAttributeFetchImpl(collection=tau.mmo.domain.Player.items, querySpaceUid=<gen:1>, path=tau.mmo.domain.Player.items)
             - (collection element) CollectionFetchableElementEntityGraph(entity=tau.mmo.domain.Item, querySpaceUid=<gen:2>, path=tau.mmo.domain.Player.items.<elements>)
    - QuerySpaces
       - EntityQuerySpaceImpl(uid=<gen:0>, entity=tau.mmo.domain.Player)
          - SQL table alias mapping - player0_
          - alias suffix - 0_
          - suffixed key columns - {id1_1_0_}
          - JOIN (JoinDefinedByMetadata(items)) : <gen:0> -> <gen:1>
             - CollectionQuerySpaceImpl(uid=<gen:1>, collection=tau.mmo.domain.Player.items)
                - SQL table alias mapping - items1_
                - alias suffix - 1_
                - suffixed key columns - {player_i5_0_1_}
                - entity-element alias suffix - 2_
                - 2_entity-element suffixed key columns - id1_0_2_
                - JOIN (JoinDefinedByMetadata(elements)) : <gen:1> -> <gen:2>
                   - EntityQuerySpaceImpl(uid=<gen:2>, entity=tau.mmo.domain.Item)
                      - SQL table alias mapping - items1_
                      - alias suffix - 2_
                      - suffixed key columns - {id1_0_2_}

20:24:26.070 [main] DEBUG org.hibernate.loader.entity.plan.EntityLoader - Static select for entity tau.mmo.domain.Player [READ]: select player0_.id as id1_1_0_, player0_.heroclass as heroclas2_1_0_, player0_.level as level3_1_0_, player0_.name as name4_1_0_, items1_.player_id as player_i5_0_1_, items1_.id as id1_0_1_, items1_.id as id1_0_2_, items1_.itemclass as itemclas2_0_2_, items1_.levelreq as levelreq3_0_2_, items1_.name as name4_0_2_, items1_.player_id as player_i5_0_2_ from player player0_ left outer join item items1_ on player0_.id=items1_.player_id where player0_.id=?
20:24:26.071 [main] DEBUG org.hibernate.loader.plan.build.internal.spaces.QuerySpacesImpl - Adding QuerySpace : uid = <gen:0> -> org.hibernate.loader.plan.build.internal.spaces.EntityQuerySpaceImpl@64a7ad02]
20:24:26.071 [main] DEBUG org.hibernate.persister.walking.spi.MetamodelGraphWalker - Visiting attribute path : heroclass
20:24:26.071 [main] DEBUG org.hibernate.persister.walking.spi.MetamodelGraphWalker - Visiting attribute path : items
20:24:26.071 [main] DEBUG org.hibernate.loader.plan.build.internal.spaces.QuerySpacesImpl - Adding QuerySpace : uid = <gen:1> -> org.hibernate.loader.plan.build.internal.spaces.CollectionQuerySpaceImpl@6c737fdb]
20:24:26.071 [main] DEBUG org.hibernate.loader.plan.build.internal.spaces.QuerySpacesImpl - Adding QuerySpace : uid = <gen:2> -> org.hibernate.loader.plan.build.internal.spaces.EntityQuerySpaceImpl@66a93b25]
20:24:26.071 [main] DEBUG org.hibernate.persister.walking.spi.MetamodelGraphWalker - Visiting attribute path : level
20:24:26.071 [main] DEBUG org.hibernate.persister.walking.spi.MetamodelGraphWalker - Visiting attribute path : name
20:24:26.071 [main] DEBUG org.hibernate.loader.plan.build.internal.FetchStyleLoadPlanBuildingAssociationVisitationStrategy - Building LoadPlan...
20:24:26.071 [main] DEBUG org.hibernate.loader.plan.exec.internal.LoadQueryJoinAndFetchProcessor - processing queryspace <gen:0>
20:24:26.071 [main] DEBUG org.hibernate.loader.plan.build.spi.LoadPlanTreePrinter - LoadPlan(entity=tau.mmo.domain.Player)
    - Returns
       - EntityReturnImpl(entity=tau.mmo.domain.Player, querySpaceUid=<gen:0>, path=tau.mmo.domain.Player)
          - CollectionAttributeFetchImpl(collection=tau.mmo.domain.Player.items, querySpaceUid=<gen:1>, path=tau.mmo.domain.Player.items)
             - (collection element) CollectionFetchableElementEntityGraph(entity=tau.mmo.domain.Item, querySpaceUid=<gen:2>, path=tau.mmo.domain.Player.items.<elements>)
    - QuerySpaces
       - EntityQuerySpaceImpl(uid=<gen:0>, entity=tau.mmo.domain.Player)
          - SQL table alias mapping - player0_
          - alias suffix - 0_
          - suffixed key columns - {id1_1_0_}

20:24:26.071 [main] DEBUG org.hibernate.loader.entity.plan.EntityLoader - Static select for entity tau.mmo.domain.Player [UPGRADE]: select player0_.id as id1_1_0_, player0_.heroclass as heroclas2_1_0_, player0_.level as level3_1_0_, player0_.name as name4_1_0_ from player player0_ where player0_.id=? for update
20:24:26.071 [main] DEBUG org.hibernate.loader.plan.build.internal.spaces.QuerySpacesImpl - Adding QuerySpace : uid = <gen:0> -> org.hibernate.loader.plan.build.internal.spaces.EntityQuerySpaceImpl@3f3f554f]
20:24:26.071 [main] DEBUG org.hibernate.persister.walking.spi.MetamodelGraphWalker - Visiting attribute path : heroclass
20:24:26.071 [main] DEBUG org.hibernate.persister.walking.spi.MetamodelGraphWalker - Visiting attribute path : items
20:24:26.071 [main] DEBUG org.hibernate.loader.plan.build.internal.spaces.QuerySpacesImpl - Adding QuerySpace : uid = <gen:1> -> org.hibernate.loader.plan.build.internal.spaces.CollectionQuerySpaceImpl@467cd4b9]
20:24:26.071 [main] DEBUG org.hibernate.loader.plan.build.internal.spaces.QuerySpacesImpl - Adding QuerySpace : uid = <gen:2> -> org.hibernate.loader.plan.build.internal.spaces.EntityQuerySpaceImpl@69a3bf40]
20:24:26.071 [main] DEBUG org.hibernate.persister.walking.spi.MetamodelGraphWalker - Visiting attribute path : level
20:24:26.071 [main] DEBUG org.hibernate.persister.walking.spi.MetamodelGraphWalker - Visiting attribute path : name
20:24:26.071 [main] DEBUG org.hibernate.loader.plan.build.internal.FetchStyleLoadPlanBuildingAssociationVisitationStrategy - Building LoadPlan...
20:24:26.071 [main] DEBUG org.hibernate.loader.plan.exec.internal.LoadQueryJoinAndFetchProcessor - processing queryspace <gen:0>
20:24:26.071 [main] DEBUG org.hibernate.loader.plan.build.spi.LoadPlanTreePrinter - LoadPlan(entity=tau.mmo.domain.Player)
    - Returns
       - EntityReturnImpl(entity=tau.mmo.domain.Player, querySpaceUid=<gen:0>, path=tau.mmo.domain.Player)
          - CollectionAttributeFetchImpl(collection=tau.mmo.domain.Player.items, querySpaceUid=<gen:1>, path=tau.mmo.domain.Player.items)
             - (collection element) CollectionFetchableElementEntityGraph(entity=tau.mmo.domain.Item, querySpaceUid=<gen:2>, path=tau.mmo.domain.Player.items.<elements>)
    - QuerySpaces
       - EntityQuerySpaceImpl(uid=<gen:0>, entity=tau.mmo.domain.Player)
          - SQL table alias mapping - player0_
          - alias suffix - 0_
          - suffixed key columns - {id1_1_0_}

20:24:26.071 [main] DEBUG org.hibernate.loader.entity.plan.EntityLoader - Static select for entity tau.mmo.domain.Player [UPGRADE_NOWAIT]: select player0_.id as id1_1_0_, player0_.heroclass as heroclas2_1_0_, player0_.level as level3_1_0_, player0_.name as name4_1_0_ from player player0_ where player0_.id=? for update
20:24:26.071 [main] DEBUG org.hibernate.loader.plan.build.internal.spaces.QuerySpacesImpl - Adding QuerySpace : uid = <gen:0> -> org.hibernate.loader.plan.build.internal.spaces.EntityQuerySpaceImpl@2c731a16]
20:24:26.071 [main] DEBUG org.hibernate.persister.walking.spi.MetamodelGraphWalker - Visiting attribute path : heroclass
20:24:26.071 [main] DEBUG org.hibernate.persister.walking.spi.MetamodelGraphWalker - Visiting attribute path : items
20:24:26.071 [main] DEBUG org.hibernate.loader.plan.build.internal.spaces.QuerySpacesImpl - Adding QuerySpace : uid = <gen:1> -> org.hibernate.loader.plan.build.internal.spaces.CollectionQuerySpaceImpl@a4dcede]
20:24:26.071 [main] DEBUG org.hibernate.loader.plan.build.internal.spaces.QuerySpacesImpl - Adding QuerySpace : uid = <gen:2> -> org.hibernate.loader.plan.build.internal.spaces.EntityQuerySpaceImpl@7ee02968]
20:24:26.071 [main] DEBUG org.hibernate.persister.walking.spi.MetamodelGraphWalker - Visiting attribute path : level
20:24:26.071 [main] DEBUG org.hibernate.persister.walking.spi.MetamodelGraphWalker - Visiting attribute path : name
20:24:26.071 [main] DEBUG org.hibernate.loader.plan.build.internal.FetchStyleLoadPlanBuildingAssociationVisitationStrategy - Building LoadPlan...
20:24:26.072 [main] DEBUG org.hibernate.loader.plan.exec.internal.LoadQueryJoinAndFetchProcessor - processing queryspace <gen:0>
20:24:26.072 [main] DEBUG org.hibernate.loader.plan.build.spi.LoadPlanTreePrinter - LoadPlan(entity=tau.mmo.domain.Player)
    - Returns
       - EntityReturnImpl(entity=tau.mmo.domain.Player, querySpaceUid=<gen:0>, path=tau.mmo.domain.Player)
          - CollectionAttributeFetchImpl(collection=tau.mmo.domain.Player.items, querySpaceUid=<gen:1>, path=tau.mmo.domain.Player.items)
             - (collection element) CollectionFetchableElementEntityGraph(entity=tau.mmo.domain.Item, querySpaceUid=<gen:2>, path=tau.mmo.domain.Player.items.<elements>)
    - QuerySpaces
       - EntityQuerySpaceImpl(uid=<gen:0>, entity=tau.mmo.domain.Player)
          - SQL table alias mapping - player0_
          - alias suffix - 0_
          - suffixed key columns - {id1_1_0_}

20:24:26.072 [main] DEBUG org.hibernate.loader.entity.plan.EntityLoader - Static select for entity tau.mmo.domain.Player [UPGRADE_SKIPLOCKED]: select player0_.id as id1_1_0_, player0_.heroclass as heroclas2_1_0_, player0_.level as level3_1_0_, player0_.name as name4_1_0_ from player player0_ where player0_.id=? for update
20:24:26.072 [main] DEBUG org.hibernate.loader.plan.build.internal.spaces.QuerySpacesImpl - Adding QuerySpace : uid = <gen:0> -> org.hibernate.loader.plan.build.internal.spaces.EntityQuerySpaceImpl@4a773f08]
20:24:26.072 [main] DEBUG org.hibernate.persister.walking.spi.MetamodelGraphWalker - Visiting attribute path : heroclass
20:24:26.072 [main] DEBUG org.hibernate.persister.walking.spi.MetamodelGraphWalker - Visiting attribute path : items
20:24:26.072 [main] DEBUG org.hibernate.loader.plan.build.internal.spaces.QuerySpacesImpl - Adding QuerySpace : uid = <gen:1> -> org.hibernate.loader.plan.build.internal.spaces.CollectionQuerySpaceImpl@24e7087a]
20:24:26.072 [main] DEBUG org.hibernate.loader.plan.build.internal.spaces.QuerySpacesImpl - Adding QuerySpace : uid = <gen:2> -> org.hibernate.loader.plan.build.internal.spaces.EntityQuerySpaceImpl@5bb3dee7]
20:24:26.072 [main] DEBUG org.hibernate.persister.walking.spi.MetamodelGraphWalker - Visiting attribute path : level
20:24:26.072 [main] DEBUG org.hibernate.persister.walking.spi.MetamodelGraphWalker - Visiting attribute path : name
20:24:26.072 [main] DEBUG org.hibernate.loader.plan.build.internal.FetchStyleLoadPlanBuildingAssociationVisitationStrategy - Building LoadPlan...
20:24:26.072 [main] DEBUG org.hibernate.loader.plan.exec.internal.LoadQueryJoinAndFetchProcessor - processing queryspace <gen:0>
20:24:26.072 [main] DEBUG org.hibernate.loader.plan.build.spi.LoadPlanTreePrinter - LoadPlan(entity=tau.mmo.domain.Player)
    - Returns
       - EntityReturnImpl(entity=tau.mmo.domain.Player, querySpaceUid=<gen:0>, path=tau.mmo.domain.Player)
          - CollectionAttributeFetchImpl(collection=tau.mmo.domain.Player.items, querySpaceUid=<gen:1>, path=tau.mmo.domain.Player.items)
             - (collection element) CollectionFetchableElementEntityGraph(entity=tau.mmo.domain.Item, querySpaceUid=<gen:2>, path=tau.mmo.domain.Player.items.<elements>)
    - QuerySpaces
       - EntityQuerySpaceImpl(uid=<gen:0>, entity=tau.mmo.domain.Player)
          - SQL table alias mapping - player0_
          - alias suffix - 0_
          - suffixed key columns - {id1_1_0_}

20:24:26.072 [main] DEBUG org.hibernate.loader.entity.plan.EntityLoader - Static select for entity tau.mmo.domain.Player [FORCE]: select player0_.id as id1_1_0_, player0_.heroclass as heroclas2_1_0_, player0_.level as level3_1_0_, player0_.name as name4_1_0_ from player player0_ where player0_.id=? for update
20:24:26.072 [main] DEBUG org.hibernate.loader.plan.build.internal.spaces.QuerySpacesImpl - Adding QuerySpace : uid = <gen:0> -> org.hibernate.loader.plan.build.internal.spaces.EntityQuerySpaceImpl@284f25e6]
20:24:26.072 [main] DEBUG org.hibernate.persister.walking.spi.MetamodelGraphWalker - Visiting attribute path : heroclass
20:24:26.072 [main] DEBUG org.hibernate.persister.walking.spi.MetamodelGraphWalker - Visiting attribute path : items
20:24:26.072 [main] DEBUG org.hibernate.loader.plan.build.internal.spaces.QuerySpacesImpl - Adding QuerySpace : uid = <gen:1> -> org.hibernate.loader.plan.build.internal.spaces.CollectionQuerySpaceImpl@346330b6]
20:24:26.072 [main] DEBUG org.hibernate.loader.plan.build.internal.spaces.QuerySpacesImpl - Adding QuerySpace : uid = <gen:2> -> org.hibernate.loader.plan.build.internal.spaces.EntityQuerySpaceImpl@71e2843b]
20:24:26.072 [main] DEBUG org.hibernate.persister.walking.spi.MetamodelGraphWalker - Visiting attribute path : level
20:24:26.072 [main] DEBUG org.hibernate.persister.walking.spi.MetamodelGraphWalker - Visiting attribute path : name
20:24:26.072 [main] DEBUG org.hibernate.loader.plan.build.internal.FetchStyleLoadPlanBuildingAssociationVisitationStrategy - Building LoadPlan...
20:24:26.072 [main] DEBUG org.hibernate.loader.plan.exec.internal.LoadQueryJoinAndFetchProcessor - processing queryspace <gen:0>
20:24:26.072 [main] DEBUG org.hibernate.loader.plan.build.spi.LoadPlanTreePrinter - LoadPlan(entity=tau.mmo.domain.Player)
    - Returns
       - EntityReturnImpl(entity=tau.mmo.domain.Player, querySpaceUid=<gen:0>, path=tau.mmo.domain.Player)
          - CollectionAttributeFetchImpl(collection=tau.mmo.domain.Player.items, querySpaceUid=<gen:1>, path=tau.mmo.domain.Player.items)
             - (collection element) CollectionFetchableElementEntityGraph(entity=tau.mmo.domain.Item, querySpaceUid=<gen:2>, path=tau.mmo.domain.Player.items.<elements>)
    - QuerySpaces
       - EntityQuerySpaceImpl(uid=<gen:0>, entity=tau.mmo.domain.Player)
          - SQL table alias mapping - player0_
          - alias suffix - 0_
          - suffixed key columns - {id1_1_0_}

20:24:26.072 [main] DEBUG org.hibernate.loader.entity.plan.EntityLoader - Static select for entity tau.mmo.domain.Player [PESSIMISTIC_READ]: select player0_.id as id1_1_0_, player0_.heroclass as heroclas2_1_0_, player0_.level as level3_1_0_, player0_.name as name4_1_0_ from player player0_ where player0_.id=? for update
20:24:26.072 [main] DEBUG org.hibernate.loader.plan.build.internal.spaces.QuerySpacesImpl - Adding QuerySpace : uid = <gen:0> -> org.hibernate.loader.plan.build.internal.spaces.EntityQuerySpaceImpl@20d3fff4]
20:24:26.073 [main] DEBUG org.hibernate.persister.walking.spi.MetamodelGraphWalker - Visiting attribute path : heroclass
20:24:26.073 [main] DEBUG org.hibernate.persister.walking.spi.MetamodelGraphWalker - Visiting attribute path : items
20:24:26.073 [main] DEBUG org.hibernate.loader.plan.build.internal.spaces.QuerySpacesImpl - Adding QuerySpace : uid = <gen:1> -> org.hibernate.loader.plan.build.internal.spaces.CollectionQuerySpaceImpl@7f792530]
20:24:26.073 [main] DEBUG org.hibernate.loader.plan.build.internal.spaces.QuerySpacesImpl - Adding QuerySpace : uid = <gen:2> -> org.hibernate.loader.plan.build.internal.spaces.EntityQuerySpaceImpl@1adfb5b8]
20:24:26.073 [main] DEBUG org.hibernate.persister.walking.spi.MetamodelGraphWalker - Visiting attribute path : level
20:24:26.073 [main] DEBUG org.hibernate.persister.walking.spi.MetamodelGraphWalker - Visiting attribute path : name
20:24:26.073 [main] DEBUG org.hibernate.loader.plan.build.internal.FetchStyleLoadPlanBuildingAssociationVisitationStrategy - Building LoadPlan...
20:24:26.076 [main] DEBUG org.hibernate.loader.plan.exec.internal.LoadQueryJoinAndFetchProcessor - processing queryspace <gen:0>
20:24:26.076 [main] DEBUG org.hibernate.loader.plan.build.spi.LoadPlanTreePrinter - LoadPlan(entity=tau.mmo.domain.Player)
    - Returns
       - EntityReturnImpl(entity=tau.mmo.domain.Player, querySpaceUid=<gen:0>, path=tau.mmo.domain.Player)
          - CollectionAttributeFetchImpl(collection=tau.mmo.domain.Player.items, querySpaceUid=<gen:1>, path=tau.mmo.domain.Player.items)
             - (collection element) CollectionFetchableElementEntityGraph(entity=tau.mmo.domain.Item, querySpaceUid=<gen:2>, path=tau.mmo.domain.Player.items.<elements>)
    - QuerySpaces
       - EntityQuerySpaceImpl(uid=<gen:0>, entity=tau.mmo.domain.Player)
          - SQL table alias mapping - player0_
          - alias suffix - 0_
          - suffixed key columns - {id1_1_0_}

20:24:26.076 [main] DEBUG org.hibernate.loader.entity.plan.EntityLoader - Static select for entity tau.mmo.domain.Player [PESSIMISTIC_WRITE]: select player0_.id as id1_1_0_, player0_.heroclass as heroclas2_1_0_, player0_.level as level3_1_0_, player0_.name as name4_1_0_ from player player0_ where player0_.id=? for update
20:24:26.076 [main] DEBUG org.hibernate.loader.plan.build.internal.spaces.QuerySpacesImpl - Adding QuerySpace : uid = <gen:0> -> org.hibernate.loader.plan.build.internal.spaces.EntityQuerySpaceImpl@254cc548]
20:24:26.076 [main] DEBUG org.hibernate.persister.walking.spi.MetamodelGraphWalker - Visiting attribute path : heroclass
20:24:26.076 [main] DEBUG org.hibernate.persister.walking.spi.MetamodelGraphWalker - Visiting attribute path : items
20:24:26.076 [main] DEBUG org.hibernate.loader.plan.build.internal.spaces.QuerySpacesImpl - Adding QuerySpace : uid = <gen:1> -> org.hibernate.loader.plan.build.internal.spaces.CollectionQuerySpaceImpl@531299d3]
20:24:26.076 [main] DEBUG org.hibernate.loader.plan.build.internal.spaces.QuerySpacesImpl - Adding QuerySpace : uid = <gen:2> -> org.hibernate.loader.plan.build.internal.spaces.EntityQuerySpaceImpl@3487947c]
20:24:26.076 [main] DEBUG org.hibernate.persister.walking.spi.MetamodelGraphWalker - Visiting attribute path : level
20:24:26.076 [main] DEBUG org.hibernate.persister.walking.spi.MetamodelGraphWalker - Visiting attribute path : name
20:24:26.076 [main] DEBUG org.hibernate.loader.plan.build.internal.FetchStyleLoadPlanBuildingAssociationVisitationStrategy - Building LoadPlan...
20:24:26.077 [main] DEBUG org.hibernate.loader.plan.exec.internal.LoadQueryJoinAndFetchProcessor - processing queryspace <gen:0>
20:24:26.077 [main] DEBUG org.hibernate.loader.plan.build.spi.LoadPlanTreePrinter - LoadPlan(entity=tau.mmo.domain.Player)
    - Returns
       - EntityReturnImpl(entity=tau.mmo.domain.Player, querySpaceUid=<gen:0>, path=tau.mmo.domain.Player)
          - CollectionAttributeFetchImpl(collection=tau.mmo.domain.Player.items, querySpaceUid=<gen:1>, path=tau.mmo.domain.Player.items)
             - (collection element) CollectionFetchableElementEntityGraph(entity=tau.mmo.domain.Item, querySpaceUid=<gen:2>, path=tau.mmo.domain.Player.items.<elements>)
    - QuerySpaces
       - EntityQuerySpaceImpl(uid=<gen:0>, entity=tau.mmo.domain.Player)
          - SQL table alias mapping - player0_
          - alias suffix - 0_
          - suffixed key columns - {id1_1_0_}

20:24:26.077 [main] DEBUG org.hibernate.loader.entity.plan.EntityLoader - Static select for entity tau.mmo.domain.Player [PESSIMISTIC_FORCE_INCREMENT]: select player0_.id as id1_1_0_, player0_.heroclass as heroclas2_1_0_, player0_.level as level3_1_0_, player0_.name as name4_1_0_ from player player0_ where player0_.id=? for update
20:24:26.077 [main] DEBUG org.hibernate.loader.plan.build.internal.spaces.QuerySpacesImpl - Adding QuerySpace : uid = <gen:0> -> org.hibernate.loader.plan.build.internal.spaces.EntityQuerySpaceImpl@77226121]
20:24:26.077 [main] DEBUG org.hibernate.persister.walking.spi.MetamodelGraphWalker - Visiting attribute path : heroclass
20:24:26.077 [main] DEBUG org.hibernate.persister.walking.spi.MetamodelGraphWalker - Visiting attribute path : items
20:24:26.077 [main] DEBUG org.hibernate.loader.plan.build.internal.spaces.QuerySpacesImpl - Adding QuerySpace : uid = <gen:1> -> org.hibernate.loader.plan.build.internal.spaces.CollectionQuerySpaceImpl@760c777d]
20:24:26.077 [main] DEBUG org.hibernate.loader.plan.build.internal.spaces.QuerySpacesImpl - Adding QuerySpace : uid = <gen:2> -> org.hibernate.loader.plan.build.internal.spaces.EntityQuerySpaceImpl@7ea039b4]
20:24:26.077 [main] DEBUG org.hibernate.persister.walking.spi.MetamodelGraphWalker - Visiting attribute path : level
20:24:26.077 [main] DEBUG org.hibernate.persister.walking.spi.MetamodelGraphWalker - Visiting attribute path : name
20:24:26.077 [main] DEBUG org.hibernate.loader.plan.build.internal.FetchStyleLoadPlanBuildingAssociationVisitationStrategy - Building LoadPlan...
20:24:26.077 [main] DEBUG org.hibernate.loader.plan.exec.internal.LoadQueryJoinAndFetchProcessor - processing queryspace <gen:0>
20:24:26.077 [main] DEBUG org.hibernate.loader.plan.build.spi.LoadPlanTreePrinter - LoadPlan(entity=tau.mmo.domain.Player)
    - Returns
       - EntityReturnImpl(entity=tau.mmo.domain.Player, querySpaceUid=<gen:0>, path=tau.mmo.domain.Player)
          - CollectionAttributeFetchImpl(collection=tau.mmo.domain.Player.items, querySpaceUid=<gen:1>, path=tau.mmo.domain.Player.items)
             - (collection element) CollectionFetchableElementEntityGraph(entity=tau.mmo.domain.Item, querySpaceUid=<gen:2>, path=tau.mmo.domain.Player.items.<elements>)
    - QuerySpaces
       - EntityQuerySpaceImpl(uid=<gen:0>, entity=tau.mmo.domain.Player)
          - SQL table alias mapping - player0_
          - alias suffix - 0_
          - suffixed key columns - {id1_1_0_}

20:24:26.077 [main] DEBUG org.hibernate.loader.entity.plan.EntityLoader - Static select for entity tau.mmo.domain.Player [OPTIMISTIC]: select player0_.id as id1_1_0_, player0_.heroclass as heroclas2_1_0_, player0_.level as level3_1_0_, player0_.name as name4_1_0_ from player player0_ where player0_.id=?
20:24:26.077 [main] DEBUG org.hibernate.loader.plan.build.internal.spaces.QuerySpacesImpl - Adding QuerySpace : uid = <gen:0> -> org.hibernate.loader.plan.build.internal.spaces.EntityQuerySpaceImpl@1aef7428]
20:24:26.077 [main] DEBUG org.hibernate.persister.walking.spi.MetamodelGraphWalker - Visiting attribute path : heroclass
20:24:26.077 [main] DEBUG org.hibernate.persister.walking.spi.MetamodelGraphWalker - Visiting attribute path : items
20:24:26.077 [main] DEBUG org.hibernate.loader.plan.build.internal.spaces.QuerySpacesImpl - Adding QuerySpace : uid = <gen:1> -> org.hibernate.loader.plan.build.internal.spaces.CollectionQuerySpaceImpl@332fa1c]
20:24:26.077 [main] DEBUG org.hibernate.loader.plan.build.internal.spaces.QuerySpacesImpl - Adding QuerySpace : uid = <gen:2> -> org.hibernate.loader.plan.build.internal.spaces.EntityQuerySpaceImpl@7c200e57]
20:24:26.077 [main] DEBUG org.hibernate.persister.walking.spi.MetamodelGraphWalker - Visiting attribute path : level
20:24:26.077 [main] DEBUG org.hibernate.persister.walking.spi.MetamodelGraphWalker - Visiting attribute path : name
20:24:26.077 [main] DEBUG org.hibernate.loader.plan.build.internal.FetchStyleLoadPlanBuildingAssociationVisitationStrategy - Building LoadPlan...
20:24:26.077 [main] DEBUG org.hibernate.loader.plan.exec.internal.LoadQueryJoinAndFetchProcessor - processing queryspace <gen:0>
20:24:26.077 [main] DEBUG org.hibernate.loader.plan.build.spi.LoadPlanTreePrinter - LoadPlan(entity=tau.mmo.domain.Player)
    - Returns
       - EntityReturnImpl(entity=tau.mmo.domain.Player, querySpaceUid=<gen:0>, path=tau.mmo.domain.Player)
          - CollectionAttributeFetchImpl(collection=tau.mmo.domain.Player.items, querySpaceUid=<gen:1>, path=tau.mmo.domain.Player.items)
             - (collection element) CollectionFetchableElementEntityGraph(entity=tau.mmo.domain.Item, querySpaceUid=<gen:2>, path=tau.mmo.domain.Player.items.<elements>)
    - QuerySpaces
       - EntityQuerySpaceImpl(uid=<gen:0>, entity=tau.mmo.domain.Player)
          - SQL table alias mapping - player0_
          - alias suffix - 0_
          - suffixed key columns - {id1_1_0_}

20:24:26.077 [main] DEBUG org.hibernate.loader.entity.plan.EntityLoader - Static select for entity tau.mmo.domain.Player [OPTIMISTIC_FORCE_INCREMENT]: select player0_.id as id1_1_0_, player0_.heroclass as heroclas2_1_0_, player0_.level as level3_1_0_, player0_.name as name4_1_0_ from player player0_ where player0_.id=?
20:24:26.077 [main] DEBUG org.hibernate.loader.Loader - Static select for action ACTION_MERGE on entity tau.mmo.domain.Player: select player0_.id as id1_1_0_, player0_.heroclass as heroclas2_1_0_, player0_.level as level3_1_0_, player0_.name as name4_1_0_ from player player0_ where player0_.id=?
20:24:26.078 [main] DEBUG org.hibernate.loader.Loader - Static select for action ACTION_REFRESH on entity tau.mmo.domain.Player: select player0_.id as id1_1_0_, player0_.heroclass as heroclas2_1_0_, player0_.level as level3_1_0_, player0_.name as name4_1_0_ from player player0_ where player0_.id=?
20:24:26.078 [main] DEBUG org.hibernate.loader.plan.build.internal.spaces.QuerySpacesImpl - Adding QuerySpace : uid = <gen:0> -> org.hibernate.loader.plan.build.internal.spaces.CollectionQuerySpaceImpl@1d0f7bcf]
20:24:26.078 [main] DEBUG org.hibernate.loader.plan.build.internal.spaces.QuerySpacesImpl - Adding QuerySpace : uid = <gen:1> -> org.hibernate.loader.plan.build.internal.spaces.EntityQuerySpaceImpl@d0e4972]
20:24:26.078 [main] DEBUG org.hibernate.persister.walking.spi.MetamodelGraphWalker - Visiting attribute path : itemclass
20:24:26.078 [main] DEBUG org.hibernate.persister.walking.spi.MetamodelGraphWalker - Visiting attribute path : levelreq
20:24:26.078 [main] DEBUG org.hibernate.persister.walking.spi.MetamodelGraphWalker - Visiting attribute path : name
20:24:26.078 [main] DEBUG org.hibernate.persister.walking.spi.MetamodelGraphWalker - Visiting attribute path : player
20:24:26.078 [main] DEBUG org.hibernate.persister.walking.spi.MetamodelGraphWalker - Property path deemed to be circular : player
20:24:26.078 [main] DEBUG org.hibernate.loader.plan.build.internal.FetchStyleLoadPlanBuildingAssociationVisitationStrategy - Building LoadPlan...
20:24:26.078 [main] DEBUG org.hibernate.loader.plan.exec.internal.LoadQueryJoinAndFetchProcessor - processing queryspace <gen:0>
20:24:26.078 [main] DEBUG org.hibernate.loader.plan.build.spi.LoadPlanTreePrinter - LoadPlan(collection=tau.mmo.domain.Player.items)
    - Returns
       - CollectionReturnImpl(collection=tau.mmo.domain.Player.items, querySpaceUid=<gen:0>, path=[tau.mmo.domain.Player.items])
          - (collection element) CollectionFetchableElementEntityGraph(entity=tau.mmo.domain.Item, querySpaceUid=<gen:1>, path=[tau.mmo.domain.Player.items].<elements>)
    - QuerySpaces
       - CollectionQuerySpaceImpl(uid=<gen:0>, collection=tau.mmo.domain.Player.items)
          - SQL table alias mapping - items0_
          - alias suffix - 0_
          - suffixed key columns - {player_i5_0_0_}
          - entity-element alias suffix - 1_
          - 1_entity-element suffixed key columns - id1_0_1_
          - JOIN (JoinDefinedByMetadata(elements)) : <gen:0> -> <gen:1>
             - EntityQuerySpaceImpl(uid=<gen:1>, entity=tau.mmo.domain.Item)
                - SQL table alias mapping - items0_
                - alias suffix - 1_
                - suffixed key columns - {id1_0_1_}

20:24:26.078 [main] DEBUG org.hibernate.loader.collection.plan.CollectionLoader - Static select for collection tau.mmo.domain.Player.items: select items0_.player_id as player_i5_0_0_, items0_.id as id1_0_0_, items0_.id as id1_0_1_, items0_.itemclass as itemclas2_0_1_, items0_.levelreq as levelreq3_0_1_, items0_.name as name4_0_1_, items0_.player_id as player_i5_0_1_ from item items0_ where items0_.player_id=?
20:24:26.078 [main] DEBUG org.hibernate.internal.SessionFactoryImpl - Instantiated session factory
20:24:26.078 [main] DEBUG org.springframework.jdbc.datasource.DriverManagerDataSource - Creating new JDBC DriverManager Connection to [jdbc:hsqldb:hsql://localhost/workdb]
20:24:26.079 [main] DEBUG org.hibernate.engine.jdbc.spi.SqlExceptionHelper - Unable to open JDBC Connection for DDL execution [n/a]
java.sql.SQLTransientConnectionException: java.net.ConnectException: Połączenie odrzucone (Connection refused)
	at org.hsqldb.jdbc.JDBCUtil.sqlException(Unknown Source)
	at org.hsqldb.jdbc.JDBCUtil.sqlException(Unknown Source)
	at org.hsqldb.jdbc.JDBCConnection.<init>(Unknown Source)
	at org.hsqldb.jdbc.JDBCDriver.getConnection(Unknown Source)
	at org.hsqldb.jdbc.JDBCDriver.connect(Unknown Source)
	at java.sql/java.sql.DriverManager.getConnection(DriverManager.java:677)
	at java.sql/java.sql.DriverManager.getConnection(DriverManager.java:189)
	at org.springframework.jdbc.datasource.DriverManagerDataSource.getConnectionFromDriverManager(DriverManagerDataSource.java:154)
	at org.springframework.jdbc.datasource.DriverManagerDataSource.getConnectionFromDriver(DriverManagerDataSource.java:145)
	at org.springframework.jdbc.datasource.AbstractDriverBasedDataSource.getConnectionFromDriver(AbstractDriverBasedDataSource.java:205)
	at org.springframework.jdbc.datasource.AbstractDriverBasedDataSource.getConnection(AbstractDriverBasedDataSource.java:169)
	at org.hibernate.engine.jdbc.connections.internal.DatasourceConnectionProviderImpl.getConnection(DatasourceConnectionProviderImpl.java:122)
	at org.hibernate.engine.jdbc.env.internal.JdbcEnvironmentInitiator$ConnectionProviderJdbcConnectionAccess.obtainConnection(JdbcEnvironmentInitiator.java:180)
	at org.hibernate.resource.transaction.backend.jdbc.internal.DdlTransactionIsolatorNonJtaImpl.getIsolatedConnection(DdlTransactionIsolatorNonJtaImpl.java:43)
	at org.hibernate.tool.schema.internal.exec.ImprovedExtractionContextImpl.getJdbcConnection(ImprovedExtractionContextImpl.java:60)
	at org.hibernate.tool.schema.extract.internal.SequenceInformationExtractorLegacyImpl.extractMetadata(SequenceInformationExtractorLegacyImpl.java:40)
	at org.hibernate.tool.schema.extract.internal.DatabaseInformationImpl.initializeSequences(DatabaseInformationImpl.java:65)
	at org.hibernate.tool.schema.extract.internal.DatabaseInformationImpl.<init>(DatabaseInformationImpl.java:59)
	at org.hibernate.tool.schema.internal.Helper.buildDatabaseInformation(Helper.java:130)
	at org.hibernate.tool.schema.internal.AbstractSchemaMigrator.doMigration(AbstractSchemaMigrator.java:92)
	at org.hibernate.tool.schema.spi.SchemaManagementToolCoordinator.performDatabaseAction(SchemaManagementToolCoordinator.java:176)
	at org.hibernate.tool.schema.spi.SchemaManagementToolCoordinator.process(SchemaManagementToolCoordinator.java:65)
	at org.hibernate.internal.SessionFactoryImpl.<init>(SessionFactoryImpl.java:459)
	at org.hibernate.boot.internal.SessionFactoryBuilderImpl.build(SessionFactoryBuilderImpl.java:465)
	at org.hibernate.cfg.Configuration.buildSessionFactory(Configuration.java:711)
	at org.hibernate.cfg.Configuration.buildSessionFactory(Configuration.java:727)
	at org.springframework.orm.hibernate5.LocalSessionFactoryBean.buildSessionFactory(LocalSessionFactoryBean.java:615)
	at org.springframework.orm.hibernate5.LocalSessionFactoryBean.afterPropertiesSet(LocalSessionFactoryBean.java:599)
	at org.springframework.beans.factory.support.AbstractAutowireCapableBeanFactory.invokeInitMethods(AbstractAutowireCapableBeanFactory.java:1837)
	at org.springframework.beans.factory.support.AbstractAutowireCapableBeanFactory.initializeBean(AbstractAutowireCapableBeanFactory.java:1774)
	at org.springframework.beans.factory.support.AbstractAutowireCapableBeanFactory.doCreateBean(AbstractAutowireCapableBeanFactory.java:593)
	at org.springframework.beans.factory.support.AbstractAutowireCapableBeanFactory.createBean(AbstractAutowireCapableBeanFactory.java:515)
	at org.springframework.beans.factory.support.AbstractBeanFactory.lambda$doGetBean$0(AbstractBeanFactory.java:320)
	at org.springframework.beans.factory.support.DefaultSingletonBeanRegistry.getSingleton(DefaultSingletonBeanRegistry.java:222)
	at org.springframework.beans.factory.support.AbstractBeanFactory.doGetBean(AbstractBeanFactory.java:318)
	at org.springframework.beans.factory.support.AbstractBeanFactory.getBean(AbstractBeanFactory.java:199)
	at org.springframework.beans.factory.config.DependencyDescriptor.resolveCandidate(DependencyDescriptor.java:277)
	at org.springframework.beans.factory.support.DefaultListableBeanFactory.doResolveDependency(DefaultListableBeanFactory.java:1247)
	at org.springframework.beans.factory.support.DefaultListableBeanFactory.resolveDependency(DefaultListableBeanFactory.java:1167)
	at org.springframework.beans.factory.annotation.AutowiredAnnotationBeanPostProcessor$AutowiredFieldElement.inject(AutowiredAnnotationBeanPostProcessor.java:593)
	at org.springframework.beans.factory.annotation.InjectionMetadata.inject(InjectionMetadata.java:90)
	at org.springframework.beans.factory.annotation.AutowiredAnnotationBeanPostProcessor.postProcessProperties(AutowiredAnnotationBeanPostProcessor.java:374)
	at org.springframework.beans.factory.support.AbstractAutowireCapableBeanFactory.populateBean(AbstractAutowireCapableBeanFactory.java:1411)
	at org.springframework.beans.factory.support.AbstractAutowireCapableBeanFactory.doCreateBean(AbstractAutowireCapableBeanFactory.java:592)
	at org.springframework.beans.factory.support.AbstractAutowireCapableBeanFactory.createBean(AbstractAutowireCapableBeanFactory.java:515)
	at org.springframework.beans.factory.support.AbstractBeanFactory.lambda$doGetBean$0(AbstractBeanFactory.java:320)
	at org.springframework.beans.factory.support.DefaultSingletonBeanRegistry.getSingleton(DefaultSingletonBeanRegistry.java:222)
	at org.springframework.beans.factory.support.AbstractBeanFactory.doGetBean(AbstractBeanFactory.java:318)
	at org.springframework.beans.factory.support.AbstractBeanFactory.getBean(AbstractBeanFactory.java:199)
	at org.springframework.beans.factory.config.DependencyDescriptor.resolveCandidate(DependencyDescriptor.java:277)
	at org.springframework.beans.factory.support.DefaultListableBeanFactory.doResolveDependency(DefaultListableBeanFactory.java:1247)
	at org.springframework.beans.factory.support.DefaultListableBeanFactory.resolveDependency(DefaultListableBeanFactory.java:1167)
	at org.springframework.beans.factory.annotation.AutowiredAnnotationBeanPostProcessor$AutowiredFieldElement.inject(AutowiredAnnotationBeanPostProcessor.java:593)
	at org.springframework.beans.factory.annotation.InjectionMetadata.inject(InjectionMetadata.java:90)
	at org.springframework.beans.factory.annotation.AutowiredAnnotationBeanPostProcessor.postProcessProperties(AutowiredAnnotationBeanPostProcessor.java:374)
	at org.springframework.beans.factory.support.AbstractAutowireCapableBeanFactory.populateBean(AbstractAutowireCapableBeanFactory.java:1411)
	at org.springframework.beans.factory.support.AbstractAutowireCapableBeanFactory.doCreateBean(AbstractAutowireCapableBeanFactory.java:592)
	at org.springframework.beans.factory.support.AbstractAutowireCapableBeanFactory.createBean(AbstractAutowireCapableBeanFactory.java:515)
	at org.springframework.beans.factory.support.AbstractBeanFactory.lambda$doGetBean$0(AbstractBeanFactory.java:320)
	at org.springframework.beans.factory.support.DefaultSingletonBeanRegistry.getSingleton(DefaultSingletonBeanRegistry.java:222)
	at org.springframework.beans.factory.support.AbstractBeanFactory.doGetBean(AbstractBeanFactory.java:318)
	at org.springframework.beans.factory.support.AbstractBeanFactory.getBean(AbstractBeanFactory.java:199)
	at org.springframework.beans.factory.support.DefaultListableBeanFactory.preInstantiateSingletons(DefaultListableBeanFactory.java:849)
	at org.springframework.context.support.AbstractApplicationContext.finishBeanFactoryInitialization(AbstractApplicationContext.java:877)
	at org.springframework.context.support.AbstractApplicationContext.refresh(AbstractApplicationContext.java:549)
	at org.springframework.test.context.support.AbstractGenericContextLoader.loadContext(AbstractGenericContextLoader.java:128)
	at org.springframework.test.context.support.AbstractGenericContextLoader.loadContext(AbstractGenericContextLoader.java:60)
	at org.springframework.test.context.support.AbstractDelegatingSmartContextLoader.delegateLoading(AbstractDelegatingSmartContextLoader.java:275)
	at org.springframework.test.context.support.AbstractDelegatingSmartContextLoader.loadContext(AbstractDelegatingSmartContextLoader.java:243)
	at org.springframework.test.context.cache.DefaultCacheAwareContextLoaderDelegate.loadContextInternal(DefaultCacheAwareContextLoaderDelegate.java:99)
	at org.springframework.test.context.cache.DefaultCacheAwareContextLoaderDelegate.loadContext(DefaultCacheAwareContextLoaderDelegate.java:117)
	at org.springframework.test.context.support.DefaultTestContext.getApplicationContext(DefaultTestContext.java:108)
	at org.springframework.test.context.support.DependencyInjectionTestExecutionListener.injectDependencies(DependencyInjectionTestExecutionListener.java:118)
	at org.springframework.test.context.support.DependencyInjectionTestExecutionListener.prepareTestInstance(DependencyInjectionTestExecutionListener.java:83)
	at org.springframework.test.context.TestContextManager.prepareTestInstance(TestContextManager.java:246)
	at org.springframework.test.context.junit4.SpringJUnit4ClassRunner.createTest(SpringJUnit4ClassRunner.java:227)
	at org.springframework.test.context.junit4.SpringJUnit4ClassRunner$1.runReflectiveCall(SpringJUnit4ClassRunner.java:289)
	at org.junit.internal.runners.model.ReflectiveCallable.run(ReflectiveCallable.java:12)
	at org.springframework.test.context.junit4.SpringJUnit4ClassRunner.methodBlock(SpringJUnit4ClassRunner.java:291)
	at org.springframework.test.context.junit4.SpringJUnit4ClassRunner.runChild(SpringJUnit4ClassRunner.java:246)
	at org.springframework.test.context.junit4.SpringJUnit4ClassRunner.runChild(SpringJUnit4ClassRunner.java:97)
	at org.junit.runners.ParentRunner$3.run(ParentRunner.java:290)
	at org.junit.runners.ParentRunner$1.schedule(ParentRunner.java:71)
	at org.junit.runners.ParentRunner.runChildren(ParentRunner.java:288)
	at org.junit.runners.ParentRunner.access$000(ParentRunner.java:58)
	at org.junit.runners.ParentRunner$2.evaluate(ParentRunner.java:268)
	at org.springframework.test.context.junit4.statements.RunBeforeTestClassCallbacks.evaluate(RunBeforeTestClassCallbacks.java:61)
	at org.springframework.test.context.junit4.statements.RunAfterTestClassCallbacks.evaluate(RunAfterTestClassCallbacks.java:70)
	at org.junit.runners.ParentRunner.run(ParentRunner.java:363)
	at org.springframework.test.context.junit4.SpringJUnit4ClassRunner.run(SpringJUnit4ClassRunner.java:190)
	at org.apache.maven.surefire.junit4.JUnit4Provider.execute(JUnit4Provider.java:365)
	at org.apache.maven.surefire.junit4.JUnit4Provider.executeWithRerun(JUnit4Provider.java:273)
	at org.apache.maven.surefire.junit4.JUnit4Provider.executeTestSet(JUnit4Provider.java:238)
	at org.apache.maven.surefire.junit4.JUnit4Provider.invoke(JUnit4Provider.java:159)
	at org.apache.maven.surefire.booter.ForkedBooter.invokeProviderInSameClassLoader(ForkedBooter.java:384)
	at org.apache.maven.surefire.booter.ForkedBooter.runSuitesInProcess(ForkedBooter.java:345)
	at org.apache.maven.surefire.booter.ForkedBooter.execute(ForkedBooter.java:126)
	at org.apache.maven.surefire.booter.ForkedBooter.main(ForkedBooter.java:418)
Caused by: org.hsqldb.HsqlException: java.net.ConnectException: Połączenie odrzucone (Connection refused)
	at org.hsqldb.ClientConnection.openConnection(Unknown Source)
	at org.hsqldb.ClientConnection.initConnection(Unknown Source)
	at org.hsqldb.ClientConnection.<init>(Unknown Source)
	... 96 common frames omitted
Caused by: java.net.ConnectException: Połączenie odrzucone (Connection refused)
	at java.base/java.net.PlainSocketImpl.socketConnect(Native Method)
	at java.base/java.net.AbstractPlainSocketImpl.doConnect(AbstractPlainSocketImpl.java:399)
	at java.base/java.net.AbstractPlainSocketImpl.connectToAddress(AbstractPlainSocketImpl.java:242)
	at java.base/java.net.AbstractPlainSocketImpl.connect(AbstractPlainSocketImpl.java:224)
	at java.base/java.net.SocksSocketImpl.connect(SocksSocketImpl.java:403)
	at java.base/java.net.Socket.connect(Socket.java:591)
	at java.base/java.net.Socket.connect(Socket.java:540)
	at java.base/java.net.Socket.<init>(Socket.java:436)
	at java.base/java.net.Socket.<init>(Socket.java:213)
	at org.hsqldb.server.HsqlSocketFactory.createSocket(Unknown Source)
	... 99 common frames omitted
20:24:26.079 [main] WARN org.hibernate.engine.jdbc.spi.SqlExceptionHelper - SQL Error: -1301, SQLState: 08001
20:24:26.079 [main] ERROR org.hibernate.engine.jdbc.spi.SqlExceptionHelper - java.net.ConnectException: Połączenie odrzucone (Connection refused)
20:24:26.079 [main] WARN org.springframework.context.support.GenericApplicationContext - Exception encountered during context initialization - cancelling refresh attempt: org.springframework.beans.factory.UnsatisfiedDependencyException: Error creating bean with name 'playerController': Unsatisfied dependency expressed through field 'playerManager'; nested exception is org.springframework.beans.factory.UnsatisfiedDependencyException: Error creating bean with name 'playerManagerHibernateImpl': Unsatisfied dependency expressed through field 'sessionFactory'; nested exception is org.springframework.beans.factory.BeanCreationException: Error creating bean with name 'hibernateSessionFactory' defined in class path resource [beans.xml]: Invocation of init method failed; nested exception is org.hibernate.exception.JDBCConnectionException: Unable to open JDBC Connection for DDL execution
20:24:26.080 [main] ERROR org.springframework.test.context.TestContextManager - Caught exception while allowing TestExecutionListener [org.springframework.test.context.support.DependencyInjectionTestExecutionListener@6a400542] to prepare test instance [tau.mmo.service.PlayerManagerTest@40fee459]
java.lang.IllegalStateException: Failed to load ApplicationContext
	at org.springframework.test.context.cache.DefaultCacheAwareContextLoaderDelegate.loadContext(DefaultCacheAwareContextLoaderDelegate.java:125)
	at org.springframework.test.context.support.DefaultTestContext.getApplicationContext(DefaultTestContext.java:108)
	at org.springframework.test.context.support.DependencyInjectionTestExecutionListener.injectDependencies(DependencyInjectionTestExecutionListener.java:118)
	at org.springframework.test.context.support.DependencyInjectionTestExecutionListener.prepareTestInstance(DependencyInjectionTestExecutionListener.java:83)
	at org.springframework.test.context.TestContextManager.prepareTestInstance(TestContextManager.java:246)
	at org.springframework.test.context.junit4.SpringJUnit4ClassRunner.createTest(SpringJUnit4ClassRunner.java:227)
	at org.springframework.test.context.junit4.SpringJUnit4ClassRunner$1.runReflectiveCall(SpringJUnit4ClassRunner.java:289)
	at org.junit.internal.runners.model.ReflectiveCallable.run(ReflectiveCallable.java:12)
	at org.springframework.test.context.junit4.SpringJUnit4ClassRunner.methodBlock(SpringJUnit4ClassRunner.java:291)
	at org.springframework.test.context.junit4.SpringJUnit4ClassRunner.runChild(SpringJUnit4ClassRunner.java:246)
	at org.springframework.test.context.junit4.SpringJUnit4ClassRunner.runChild(SpringJUnit4ClassRunner.java:97)
	at org.junit.runners.ParentRunner$3.run(ParentRunner.java:290)
	at org.junit.runners.ParentRunner$1.schedule(ParentRunner.java:71)
	at org.junit.runners.ParentRunner.runChildren(ParentRunner.java:288)
	at org.junit.runners.ParentRunner.access$000(ParentRunner.java:58)
	at org.junit.runners.ParentRunner$2.evaluate(ParentRunner.java:268)
	at org.springframework.test.context.junit4.statements.RunBeforeTestClassCallbacks.evaluate(RunBeforeTestClassCallbacks.java:61)
	at org.springframework.test.context.junit4.statements.RunAfterTestClassCallbacks.evaluate(RunAfterTestClassCallbacks.java:70)
	at org.junit.runners.ParentRunner.run(ParentRunner.java:363)
	at org.springframework.test.context.junit4.SpringJUnit4ClassRunner.run(SpringJUnit4ClassRunner.java:190)
	at org.apache.maven.surefire.junit4.JUnit4Provider.execute(JUnit4Provider.java:365)
	at org.apache.maven.surefire.junit4.JUnit4Provider.executeWithRerun(JUnit4Provider.java:273)
	at org.apache.maven.surefire.junit4.JUnit4Provider.executeTestSet(JUnit4Provider.java:238)
	at org.apache.maven.surefire.junit4.JUnit4Provider.invoke(JUnit4Provider.java:159)
	at org.apache.maven.surefire.booter.ForkedBooter.invokeProviderInSameClassLoader(ForkedBooter.java:384)
	at org.apache.maven.surefire.booter.ForkedBooter.runSuitesInProcess(ForkedBooter.java:345)
	at org.apache.maven.surefire.booter.ForkedBooter.execute(ForkedBooter.java:126)
	at org.apache.maven.surefire.booter.ForkedBooter.main(ForkedBooter.java:418)
Caused by: org.springframework.beans.factory.UnsatisfiedDependencyException: Error creating bean with name 'playerController': Unsatisfied dependency expressed through field 'playerManager'; nested exception is org.springframework.beans.factory.UnsatisfiedDependencyException: Error creating bean with name 'playerManagerHibernateImpl': Unsatisfied dependency expressed through field 'sessionFactory'; nested exception is org.springframework.beans.factory.BeanCreationException: Error creating bean with name 'hibernateSessionFactory' defined in class path resource [beans.xml]: Invocation of init method failed; nested exception is org.hibernate.exception.JDBCConnectionException: Unable to open JDBC Connection for DDL execution
	at org.springframework.beans.factory.annotation.AutowiredAnnotationBeanPostProcessor$AutowiredFieldElement.inject(AutowiredAnnotationBeanPostProcessor.java:596)
	at org.springframework.beans.factory.annotation.InjectionMetadata.inject(InjectionMetadata.java:90)
	at org.springframework.beans.factory.annotation.AutowiredAnnotationBeanPostProcessor.postProcessProperties(AutowiredAnnotationBeanPostProcessor.java:374)
	at org.springframework.beans.factory.support.AbstractAutowireCapableBeanFactory.populateBean(AbstractAutowireCapableBeanFactory.java:1411)
	at org.springframework.beans.factory.support.AbstractAutowireCapableBeanFactory.doCreateBean(AbstractAutowireCapableBeanFactory.java:592)
	at org.springframework.beans.factory.support.AbstractAutowireCapableBeanFactory.createBean(AbstractAutowireCapableBeanFactory.java:515)
	at org.springframework.beans.factory.support.AbstractBeanFactory.lambda$doGetBean$0(AbstractBeanFactory.java:320)
	at org.springframework.beans.factory.support.DefaultSingletonBeanRegistry.getSingleton(DefaultSingletonBeanRegistry.java:222)
	at org.springframework.beans.factory.support.AbstractBeanFactory.doGetBean(AbstractBeanFactory.java:318)
	at org.springframework.beans.factory.support.AbstractBeanFactory.getBean(AbstractBeanFactory.java:199)
	at org.springframework.beans.factory.support.DefaultListableBeanFactory.preInstantiateSingletons(DefaultListableBeanFactory.java:849)
	at org.springframework.context.support.AbstractApplicationContext.finishBeanFactoryInitialization(AbstractApplicationContext.java:877)
	at org.springframework.context.support.AbstractApplicationContext.refresh(AbstractApplicationContext.java:549)
	at org.springframework.test.context.support.AbstractGenericContextLoader.loadContext(AbstractGenericContextLoader.java:128)
	at org.springframework.test.context.support.AbstractGenericContextLoader.loadContext(AbstractGenericContextLoader.java:60)
	at org.springframework.test.context.support.AbstractDelegatingSmartContextLoader.delegateLoading(AbstractDelegatingSmartContextLoader.java:275)
	at org.springframework.test.context.support.AbstractDelegatingSmartContextLoader.loadContext(AbstractDelegatingSmartContextLoader.java:243)
	at org.springframework.test.context.cache.DefaultCacheAwareContextLoaderDelegate.loadContextInternal(DefaultCacheAwareContextLoaderDelegate.java:99)
	at org.springframework.test.context.cache.DefaultCacheAwareContextLoaderDelegate.loadContext(DefaultCacheAwareContextLoaderDelegate.java:117)
	... 27 common frames omitted
Caused by: org.springframework.beans.factory.UnsatisfiedDependencyException: Error creating bean with name 'playerManagerHibernateImpl': Unsatisfied dependency expressed through field 'sessionFactory'; nested exception is org.springframework.beans.factory.BeanCreationException: Error creating bean with name 'hibernateSessionFactory' defined in class path resource [beans.xml]: Invocation of init method failed; nested exception is org.hibernate.exception.JDBCConnectionException: Unable to open JDBC Connection for DDL execution
	at org.springframework.beans.factory.annotation.AutowiredAnnotationBeanPostProcessor$AutowiredFieldElement.inject(AutowiredAnnotationBeanPostProcessor.java:596)
	at org.springframework.beans.factory.annotation.InjectionMetadata.inject(InjectionMetadata.java:90)
	at org.springframework.beans.factory.annotation.AutowiredAnnotationBeanPostProcessor.postProcessProperties(AutowiredAnnotationBeanPostProcessor.java:374)
	at org.springframework.beans.factory.support.AbstractAutowireCapableBeanFactory.populateBean(AbstractAutowireCapableBeanFactory.java:1411)
	at org.springframework.beans.factory.support.AbstractAutowireCapableBeanFactory.doCreateBean(AbstractAutowireCapableBeanFactory.java:592)
	at org.springframework.beans.factory.support.AbstractAutowireCapableBeanFactory.createBean(AbstractAutowireCapableBeanFactory.java:515)
	at org.springframework.beans.factory.support.AbstractBeanFactory.lambda$doGetBean$0(AbstractBeanFactory.java:320)
	at org.springframework.beans.factory.support.DefaultSingletonBeanRegistry.getSingleton(DefaultSingletonBeanRegistry.java:222)
	at org.springframework.beans.factory.support.AbstractBeanFactory.doGetBean(AbstractBeanFactory.java:318)
	at org.springframework.beans.factory.support.AbstractBeanFactory.getBean(AbstractBeanFactory.java:199)
	at org.springframework.beans.factory.config.DependencyDescriptor.resolveCandidate(DependencyDescriptor.java:277)
	at org.springframework.beans.factory.support.DefaultListableBeanFactory.doResolveDependency(DefaultListableBeanFactory.java:1247)
	at org.springframework.beans.factory.support.DefaultListableBeanFactory.resolveDependency(DefaultListableBeanFactory.java:1167)
	at org.springframework.beans.factory.annotation.AutowiredAnnotationBeanPostProcessor$AutowiredFieldElement.inject(AutowiredAnnotationBeanPostProcessor.java:593)
	... 45 common frames omitted
Caused by: org.springframework.beans.factory.BeanCreationException: Error creating bean with name 'hibernateSessionFactory' defined in class path resource [beans.xml]: Invocation of init method failed; nested exception is org.hibernate.exception.JDBCConnectionException: Unable to open JDBC Connection for DDL execution
	at org.springframework.beans.factory.support.AbstractAutowireCapableBeanFactory.initializeBean(AbstractAutowireCapableBeanFactory.java:1778)
	at org.springframework.beans.factory.support.AbstractAutowireCapableBeanFactory.doCreateBean(AbstractAutowireCapableBeanFactory.java:593)
	at org.springframework.beans.factory.support.AbstractAutowireCapableBeanFactory.createBean(AbstractAutowireCapableBeanFactory.java:515)
	at org.springframework.beans.factory.support.AbstractBeanFactory.lambda$doGetBean$0(AbstractBeanFactory.java:320)
	at org.springframework.beans.factory.support.DefaultSingletonBeanRegistry.getSingleton(DefaultSingletonBeanRegistry.java:222)
	at org.springframework.beans.factory.support.AbstractBeanFactory.doGetBean(AbstractBeanFactory.java:318)
	at org.springframework.beans.factory.support.AbstractBeanFactory.getBean(AbstractBeanFactory.java:199)
	at org.springframework.beans.factory.config.DependencyDescriptor.resolveCandidate(DependencyDescriptor.java:277)
	at org.springframework.beans.factory.support.DefaultListableBeanFactory.doResolveDependency(DefaultListableBeanFactory.java:1247)
	at org.springframework.beans.factory.support.DefaultListableBeanFactory.resolveDependency(DefaultListableBeanFactory.java:1167)
	at org.springframework.beans.factory.annotation.AutowiredAnnotationBeanPostProcessor$AutowiredFieldElement.inject(AutowiredAnnotationBeanPostProcessor.java:593)
	... 58 common frames omitted
Caused by: org.hibernate.exception.JDBCConnectionException: Unable to open JDBC Connection for DDL execution
	at org.hibernate.exception.internal.SQLExceptionTypeDelegate.convert(SQLExceptionTypeDelegate.java:48)
	at org.hibernate.exception.internal.StandardSQLExceptionConverter.convert(StandardSQLExceptionConverter.java:42)
	at org.hibernate.engine.jdbc.spi.SqlExceptionHelper.convert(SqlExceptionHelper.java:111)
	at org.hibernate.engine.jdbc.spi.SqlExceptionHelper.convert(SqlExceptionHelper.java:97)
	at org.hibernate.resource.transaction.backend.jdbc.internal.DdlTransactionIsolatorNonJtaImpl.getIsolatedConnection(DdlTransactionIsolatorNonJtaImpl.java:69)
	at org.hibernate.tool.schema.internal.exec.ImprovedExtractionContextImpl.getJdbcConnection(ImprovedExtractionContextImpl.java:60)
	at org.hibernate.tool.schema.extract.internal.SequenceInformationExtractorLegacyImpl.extractMetadata(SequenceInformationExtractorLegacyImpl.java:40)
	at org.hibernate.tool.schema.extract.internal.DatabaseInformationImpl.initializeSequences(DatabaseInformationImpl.java:65)
	at org.hibernate.tool.schema.extract.internal.DatabaseInformationImpl.<init>(DatabaseInformationImpl.java:59)
	at org.hibernate.tool.schema.internal.Helper.buildDatabaseInformation(Helper.java:130)
	at org.hibernate.tool.schema.internal.AbstractSchemaMigrator.doMigration(AbstractSchemaMigrator.java:92)
	at org.hibernate.tool.schema.spi.SchemaManagementToolCoordinator.performDatabaseAction(SchemaManagementToolCoordinator.java:176)
	at org.hibernate.tool.schema.spi.SchemaManagementToolCoordinator.process(SchemaManagementToolCoordinator.java:65)
	at org.hibernate.internal.SessionFactoryImpl.<init>(SessionFactoryImpl.java:459)
	at org.hibernate.boot.internal.SessionFactoryBuilderImpl.build(SessionFactoryBuilderImpl.java:465)
	at org.hibernate.cfg.Configuration.buildSessionFactory(Configuration.java:711)
	at org.hibernate.cfg.Configuration.buildSessionFactory(Configuration.java:727)
	at org.springframework.orm.hibernate5.LocalSessionFactoryBean.buildSessionFactory(LocalSessionFactoryBean.java:615)
	at org.springframework.orm.hibernate5.LocalSessionFactoryBean.afterPropertiesSet(LocalSessionFactoryBean.java:599)
	at org.springframework.beans.factory.support.AbstractAutowireCapableBeanFactory.invokeInitMethods(AbstractAutowireCapableBeanFactory.java:1837)
	at org.springframework.beans.factory.support.AbstractAutowireCapableBeanFactory.initializeBean(AbstractAutowireCapableBeanFactory.java:1774)
	... 68 common frames omitted
Caused by: java.sql.SQLTransientConnectionException: java.net.ConnectException: Połączenie odrzucone (Connection refused)
	at org.hsqldb.jdbc.JDBCUtil.sqlException(Unknown Source)
	at org.hsqldb.jdbc.JDBCUtil.sqlException(Unknown Source)
	at org.hsqldb.jdbc.JDBCConnection.<init>(Unknown Source)
	at org.hsqldb.jdbc.JDBCDriver.getConnection(Unknown Source)
	at org.hsqldb.jdbc.JDBCDriver.connect(Unknown Source)
	at java.sql/java.sql.DriverManager.getConnection(DriverManager.java:677)
	at java.sql/java.sql.DriverManager.getConnection(DriverManager.java:189)
	at org.springframework.jdbc.datasource.DriverManagerDataSource.getConnectionFromDriverManager(DriverManagerDataSource.java:154)
	at org.springframework.jdbc.datasource.DriverManagerDataSource.getConnectionFromDriver(DriverManagerDataSource.java:145)
	at org.springframework.jdbc.datasource.AbstractDriverBasedDataSource.getConnectionFromDriver(AbstractDriverBasedDataSource.java:205)
	at org.springframework.jdbc.datasource.AbstractDriverBasedDataSource.getConnection(AbstractDriverBasedDataSource.java:169)
	at org.hibernate.engine.jdbc.connections.internal.DatasourceConnectionProviderImpl.getConnection(DatasourceConnectionProviderImpl.java:122)
	at org.hibernate.engine.jdbc.env.internal.JdbcEnvironmentInitiator$ConnectionProviderJdbcConnectionAccess.obtainConnection(JdbcEnvironmentInitiator.java:180)
	at org.hibernate.resource.transaction.backend.jdbc.internal.DdlTransactionIsolatorNonJtaImpl.getIsolatedConnection(DdlTransactionIsolatorNonJtaImpl.java:43)
	... 84 common frames omitted
Caused by: org.hsqldb.HsqlException: java.net.ConnectException: Połączenie odrzucone (Connection refused)
	at org.hsqldb.ClientConnection.openConnection(Unknown Source)
	at org.hsqldb.ClientConnection.initConnection(Unknown Source)
	at org.hsqldb.ClientConnection.<init>(Unknown Source)
	... 96 common frames omitted
Caused by: java.net.ConnectException: Połączenie odrzucone (Connection refused)
	at java.base/java.net.PlainSocketImpl.socketConnect(Native Method)
	at java.base/java.net.AbstractPlainSocketImpl.doConnect(AbstractPlainSocketImpl.java:399)
	at java.base/java.net.AbstractPlainSocketImpl.connectToAddress(AbstractPlainSocketImpl.java:242)
	at java.base/java.net.AbstractPlainSocketImpl.connect(AbstractPlainSocketImpl.java:224)
	at java.base/java.net.SocksSocketImpl.connect(SocksSocketImpl.java:403)
	at java.base/java.net.Socket.connect(Socket.java:591)
	at java.base/java.net.Socket.connect(Socket.java:540)
	at java.base/java.net.Socket.<init>(Socket.java:436)
	at java.base/java.net.Socket.<init>(Socket.java:213)
	at org.hsqldb.server.HsqlSocketFactory.createSocket(Unknown Source)
	... 99 common frames omitted
]]></system-out>
  </testcase>
  <testcase name="findPlayersByNameFragment" classname="tau.mmo.service.PlayerManagerTest" time="0">
    <error message="Failed to load ApplicationContext" type="java.lang.IllegalStateException">java.lang.IllegalStateException: Failed to load ApplicationContext
Caused by: org.springframework.beans.factory.UnsatisfiedDependencyException: Error creating bean with name 'playerController': Unsatisfied dependency expressed through field 'playerManager'; nested exception is org.springframework.beans.factory.UnsatisfiedDependencyException: Error creating bean with name 'playerManagerHibernateImpl': Unsatisfied dependency expressed through field 'sessionFactory'; nested exception is org.springframework.beans.factory.BeanCreationException: Error creating bean with name 'hibernateSessionFactory' defined in class path resource [beans.xml]: Invocation of init method failed; nested exception is org.hibernate.exception.JDBCConnectionException: Unable to open JDBC Connection for DDL execution
Caused by: org.springframework.beans.factory.UnsatisfiedDependencyException: Error creating bean with name 'playerManagerHibernateImpl': Unsatisfied dependency expressed through field 'sessionFactory'; nested exception is org.springframework.beans.factory.BeanCreationException: Error creating bean with name 'hibernateSessionFactory' defined in class path resource [beans.xml]: Invocation of init method failed; nested exception is org.hibernate.exception.JDBCConnectionException: Unable to open JDBC Connection for DDL execution
Caused by: org.springframework.beans.factory.BeanCreationException: Error creating bean with name 'hibernateSessionFactory' defined in class path resource [beans.xml]: Invocation of init method failed; nested exception is org.hibernate.exception.JDBCConnectionException: Unable to open JDBC Connection for DDL execution
Caused by: org.hibernate.exception.JDBCConnectionException: Unable to open JDBC Connection for DDL execution
Caused by: java.sql.SQLTransientConnectionException: java.net.ConnectException: Połączenie odrzucone (Connection refused)
Caused by: org.hsqldb.HsqlException: java.net.ConnectException: Połączenie odrzucone (Connection refused)
Caused by: java.net.ConnectException: Połączenie odrzucone (Connection refused)
</error>
    <system-out><![CDATA[20:24:26.081 [main] DEBUG org.springframework.test.annotation.ProfileValueUtils - Retrieved @ProfileValueSourceConfiguration [null] for test class [tau.mmo.service.PlayerManagerTest]
20:24:26.081 [main] DEBUG org.springframework.test.annotation.ProfileValueUtils - Retrieved ProfileValueSource type [class org.springframework.test.annotation.SystemProfileValueSource] for class [tau.mmo.service.PlayerManagerTest]
20:24:26.081 [main] DEBUG org.springframework.test.context.support.DependencyInjectionTestExecutionListener - Performing dependency injection for test context [[DefaultTestContext@7ed7259e testClass = PlayerManagerTest, testInstance = tau.mmo.service.PlayerManagerTest@3e1897d, testMethod = [null], testException = [null], mergedContextConfiguration = [MergedContextConfiguration@28eaa59a testClass = PlayerManagerTest, locations = '{classpath:/beans.xml}', classes = '{}', contextInitializerClasses = '[]', activeProfiles = '{}', propertySourceLocations = '{}', propertySourceProperties = '{}', contextCustomizers = set[org.springframework.boot.test.context.filter.ExcludeFilterContextCustomizer@6b4a4e18, org.springframework.boot.test.json.DuplicateJsonObjectContextCustomizerFactory$DuplicateJsonObjectContextCustomizer@402e37bc, org.springframework.boot.test.mock.mockito.MockitoContextCustomizer@0, org.springframework.boot.test.autoconfigure.properties.PropertyMappingContextCustomizer@0, org.springframework.boot.test.autoconfigure.web.servlet.WebDriverContextCustomizerFactory$Customizer@6973bf95], contextLoader = 'org.springframework.test.context.support.DelegatingSmartContextLoader', parent = [null]], attributes = map[[empty]]]].
20:24:26.081 [main] DEBUG org.springframework.test.context.support.AbstractDelegatingSmartContextLoader - Delegating to GenericXmlContextLoader to load context from [MergedContextConfiguration@28eaa59a testClass = PlayerManagerTest, locations = '{classpath:/beans.xml}', classes = '{}', contextInitializerClasses = '[]', activeProfiles = '{}', propertySourceLocations = '{}', propertySourceProperties = '{}', contextCustomizers = set[org.springframework.boot.test.context.filter.ExcludeFilterContextCustomizer@6b4a4e18, org.springframework.boot.test.json.DuplicateJsonObjectContextCustomizerFactory$DuplicateJsonObjectContextCustomizer@402e37bc, org.springframework.boot.test.mock.mockito.MockitoContextCustomizer@0, org.springframework.boot.test.autoconfigure.properties.PropertyMappingContextCustomizer@0, org.springframework.boot.test.autoconfigure.web.servlet.WebDriverContextCustomizerFactory$Customizer@6973bf95], contextLoader = 'org.springframework.test.context.support.DelegatingSmartContextLoader', parent = [null]].
20:24:26.081 [main] DEBUG org.springframework.test.context.support.AbstractGenericContextLoader - Loading ApplicationContext for merged context configuration [[MergedContextConfiguration@28eaa59a testClass = PlayerManagerTest, locations = '{classpath:/beans.xml}', classes = '{}', contextInitializerClasses = '[]', activeProfiles = '{}', propertySourceLocations = '{}', propertySourceProperties = '{}', contextCustomizers = set[org.springframework.boot.test.context.filter.ExcludeFilterContextCustomizer@6b4a4e18, org.springframework.boot.test.json.DuplicateJsonObjectContextCustomizerFactory$DuplicateJsonObjectContextCustomizer@402e37bc, org.springframework.boot.test.mock.mockito.MockitoContextCustomizer@0, org.springframework.boot.test.autoconfigure.properties.PropertyMappingContextCustomizer@0, org.springframework.boot.test.autoconfigure.web.servlet.WebDriverContextCustomizerFactory$Customizer@6973bf95], contextLoader = 'org.springframework.test.context.support.DelegatingSmartContextLoader', parent = [null]]].
20:24:26.081 [main] DEBUG org.springframework.core.env.StandardEnvironment - Activating profiles []
20:24:26.098 [main] DEBUG org.springframework.context.annotation.ClassPathBeanDefinitionScanner - Identified candidate component class: file [/home/whitewolf/tau/TAU-repozytorium/tau-mmo-jmeter/target/classes/tau/mmo/Application.class]
20:24:26.098 [main] DEBUG org.springframework.context.annotation.ClassPathBeanDefinitionScanner - Identified candidate component class: file [/home/whitewolf/tau/TAU-repozytorium/tau-mmo-jmeter/target/classes/tau/mmo/api/PlayerController.class]
20:24:26.098 [main] DEBUG org.springframework.context.annotation.ClassPathBeanDefinitionScanner - Identified candidate component class: file [/home/whitewolf/tau/TAU-repozytorium/tau-mmo-jmeter/target/classes/tau/mmo/service/PlayerManagerHibernateImpl.class]
20:24:26.104 [main] DEBUG org.springframework.beans.factory.xml.XmlBeanDefinitionReader - Loaded 12 bean definitions from class path resource [beans.xml]
20:24:26.104 [main] DEBUG org.springframework.context.support.GenericApplicationContext - Refreshing org.springframework.context.support.GenericApplicationContext@7cdb05aa
20:24:26.104 [main] DEBUG org.springframework.beans.factory.support.DefaultListableBeanFactory - Creating shared instance of singleton bean 'org.springframework.context.annotation.internalConfigurationAnnotationProcessor'
20:24:26.107 [main] DEBUG org.springframework.context.annotation.ClassPathBeanDefinitionScanner - Identified candidate component class: file [/home/whitewolf/tau/TAU-repozytorium/tau-mmo-jmeter/target/classes/tau/mmo/api/PlayerController.class]
20:24:26.107 [main] DEBUG org.springframework.context.annotation.ClassPathBeanDefinitionScanner - Identified candidate component class: file [/home/whitewolf/tau/TAU-repozytorium/tau-mmo-jmeter/target/classes/tau/mmo/service/PlayerManagerHibernateImpl.class]
20:24:26.162 [main] DEBUG org.springframework.context.annotation.ClassPathBeanDefinitionScanner - Identified candidate component class: file [/home/whitewolf/tau/TAU-repozytorium/tau-mmo-jmeter/target/classes/tau/mmo/Application.class]
20:24:26.162 [main] DEBUG org.springframework.context.annotation.ClassPathBeanDefinitionScanner - Identified candidate component class: file [/home/whitewolf/tau/TAU-repozytorium/tau-mmo-jmeter/target/classes/tau/mmo/api/PlayerController.class]
20:24:26.162 [main] DEBUG org.springframework.context.annotation.ClassPathBeanDefinitionScanner - Identified candidate component class: file [/home/whitewolf/tau/TAU-repozytorium/tau-mmo-jmeter/target/classes/tau/mmo/service/PlayerManagerHibernateImpl.class]
20:24:26.163 [main] DEBUG org.springframework.beans.factory.xml.XmlBeanDefinitionReader - Loaded 0 bean definitions from class path resource [beans.xml]
20:24:26.163 [main] DEBUG org.springframework.beans.factory.support.DefaultListableBeanFactory - Creating shared instance of singleton bean 'org.springframework.boot.autoconfigure.condition.BeanTypeRegistry'
20:24:26.167 [main] INFO org.springframework.data.repository.config.RepositoryConfigurationDelegate - Bootstrapping Spring Data repositories in DEFAULT mode.
20:24:26.167 [main] DEBUG org.springframework.beans.factory.support.DefaultListableBeanFactory - Creating shared instance of singleton bean 'org.springframework.boot.autoconfigure.AutoConfigurationPackages'
20:24:26.167 [main] DEBUG org.springframework.boot.autoconfigure.AutoConfigurationPackages - @EnableAutoConfiguration was declared on a class in the package 'tau.mmo'. Automatic @Repository and @Entity scanning is enabled.
20:24:26.167 [main] DEBUG org.springframework.data.repository.config.RepositoryConfigurationDelegate - Scanning for repositories in packages tau.mmo.
20:24:26.168 [main] INFO org.springframework.data.repository.config.RepositoryConfigurationDelegate - Finished Spring Data repository scanning in 1ms. Found 0 repository interfaces.
20:24:26.175 [main] DEBUG org.springframework.beans.factory.support.DefaultListableBeanFactory - Creating shared instance of singleton bean 'propertySourcesPlaceholderConfigurer'
20:24:26.175 [main] DEBUG org.springframework.core.env.PropertySourcesPropertyResolver - Found key 'jdbc.driverClassName' in PropertySource 'class path resource [jdbc.properties]' with value of type String
20:24:26.175 [main] DEBUG org.springframework.core.env.PropertySourcesPropertyResolver - Found key 'jdbc.driverClassName' in PropertySource 'environmentProperties' with value of type String
20:24:26.175 [main] DEBUG org.springframework.core.env.PropertySourcesPropertyResolver - Found key 'jdbc.url' in PropertySource 'class path resource [jdbc.properties]' with value of type String
20:24:26.175 [main] DEBUG org.springframework.core.env.PropertySourcesPropertyResolver - Found key 'jdbc.url' in PropertySource 'environmentProperties' with value of type String
20:24:26.175 [main] DEBUG org.springframework.core.env.PropertySourcesPropertyResolver - Found key 'jdbc.username' in PropertySource 'class path resource [jdbc.properties]' with value of type String
20:24:26.175 [main] DEBUG org.springframework.core.env.PropertySourcesPropertyResolver - Found key 'jdbc.username' in PropertySource 'environmentProperties' with value of type String
20:24:26.175 [main] DEBUG org.springframework.core.env.PropertySourcesPropertyResolver - Found key 'jdbc.password' in PropertySource 'class path resource [jdbc.properties]' with value of type String
20:24:26.175 [main] DEBUG org.springframework.core.env.PropertySourcesPropertyResolver - Found key 'jdbc.password' in PropertySource 'environmentProperties' with value of type String
20:24:26.175 [main] DEBUG org.springframework.beans.factory.support.DefaultListableBeanFactory - Creating shared instance of singleton bean 'org.springframework.boot.test.mock.mockito.MockitoPostProcessor'
20:24:26.175 [main] DEBUG org.springframework.beans.factory.support.DefaultListableBeanFactory - Creating shared instance of singleton bean 'emBeanDefinitionRegistrarPostProcessor'
20:24:26.177 [main] DEBUG org.springframework.beans.factory.support.DefaultListableBeanFactory - Creating shared instance of singleton bean 'org.springframework.context.event.internalEventListenerProcessor'
20:24:26.177 [main] DEBUG org.springframework.beans.factory.support.DefaultListableBeanFactory - Creating shared instance of singleton bean 'org.springframework.boot.context.properties.ConfigurationBeanFactoryMetadata'
20:24:26.177 [main] DEBUG org.springframework.beans.factory.support.DefaultListableBeanFactory - Creating shared instance of singleton bean 'org.springframework.context.event.internalEventListenerFactory'
20:24:26.177 [main] DEBUG org.springframework.beans.factory.support.DefaultListableBeanFactory - Creating shared instance of singleton bean 'org.springframework.transaction.config.internalTransactionalEventListenerFactory'
20:24:26.178 [main] DEBUG org.springframework.beans.factory.support.DefaultListableBeanFactory - Creating shared instance of singleton bean 'org.springframework.context.annotation.internalAutowiredAnnotationProcessor'
20:24:26.178 [main] DEBUG org.springframework.beans.factory.support.DefaultListableBeanFactory - Creating shared instance of singleton bean 'org.springframework.context.annotation.internalCommonAnnotationProcessor'
20:24:26.178 [main] DEBUG org.springframework.beans.factory.support.DefaultListableBeanFactory - Creating shared instance of singleton bean 'org.springframework.context.annotation.internalPersistenceAnnotationProcessor'
20:24:26.178 [main] DEBUG org.springframework.beans.factory.support.DefaultListableBeanFactory - Creating shared instance of singleton bean 'org.springframework.boot.test.mock.mockito.MockitoPostProcessor$SpyPostProcessor'
20:24:26.178 [main] DEBUG org.springframework.beans.factory.support.DefaultListableBeanFactory - Creating shared instance of singleton bean 'org.springframework.boot.context.properties.ConfigurationPropertiesBindingPostProcessor'
20:24:26.179 [main] DEBUG org.springframework.beans.factory.support.DefaultListableBeanFactory - Creating shared instance of singleton bean 'methodValidationPostProcessor'
20:24:26.179 [main] DEBUG org.springframework.beans.factory.support.DefaultListableBeanFactory - Autowiring by type from bean name 'methodValidationPostProcessor' via factory method to bean named 'environment'
20:24:26.180 [main] DEBUG org.springframework.beans.factory.support.DefaultListableBeanFactory - Creating shared instance of singleton bean 'org.springframework.aop.config.internalAutoProxyCreator'
20:24:26.180 [main] DEBUG org.springframework.beans.factory.support.DefaultListableBeanFactory - Creating shared instance of singleton bean 'dataSourceInitializerPostProcessor'
20:24:26.181 [main] DEBUG org.springframework.beans.factory.support.DefaultListableBeanFactory - Creating shared instance of singleton bean 'persistenceExceptionTranslationPostProcessor'
20:24:26.181 [main] DEBUG org.springframework.beans.factory.support.DefaultListableBeanFactory - Autowiring by type from bean name 'persistenceExceptionTranslationPostProcessor' via factory method to bean named 'environment'
20:24:26.182 [main] DEBUG org.springframework.beans.factory.support.DefaultListableBeanFactory - Creating shared instance of singleton bean 'application'
20:24:26.183 [main] DEBUG org.springframework.beans.factory.support.DefaultListableBeanFactory - Creating shared instance of singleton bean 'org.springframework.transaction.config.internalTransactionAdvisor'
20:24:26.183 [main] DEBUG org.springframework.beans.factory.support.DefaultListableBeanFactory - Creating shared instance of singleton bean 'org.springframework.transaction.annotation.ProxyTransactionManagementConfiguration'
20:24:26.185 [main] DEBUG org.springframework.beans.factory.support.DefaultListableBeanFactory - Creating shared instance of singleton bean 'transactionAttributeSource'
20:24:26.185 [main] DEBUG org.springframework.beans.factory.support.DefaultListableBeanFactory - Creating shared instance of singleton bean 'transactionInterceptor'
20:24:26.187 [main] DEBUG org.springframework.beans.factory.support.DefaultListableBeanFactory - Creating shared instance of singleton bean 'playerController'
20:24:26.188 [main] DEBUG org.springframework.beans.factory.support.DefaultListableBeanFactory - Creating shared instance of singleton bean 'playerManagerHibernateImpl'
20:24:26.188 [main] DEBUG org.springframework.beans.factory.support.DefaultListableBeanFactory - Creating shared instance of singleton bean 'hibernateSessionFactory'
20:24:26.189 [main] DEBUG org.springframework.beans.factory.support.DefaultListableBeanFactory - Creating shared instance of singleton bean 'dataSource'
20:24:26.190 [main] DEBUG org.springframework.jdbc.datasource.DriverManagerDataSource - Loaded JDBC driver: org.hsqldb.jdbcDriver
20:24:26.190 [main] DEBUG org.springframework.beans.factory.support.DefaultListableBeanFactory - Creating shared instance of singleton bean 'org.springframework.boot.autoconfigure.jdbc.DataSourceInitializerInvoker'
20:24:26.191 [main] DEBUG org.springframework.beans.factory.support.DefaultListableBeanFactory - Creating shared instance of singleton bean 'spring.datasource-org.springframework.boot.autoconfigure.jdbc.DataSourceProperties'
20:24:26.194 [main] DEBUG org.springframework.beans.factory.support.DefaultListableBeanFactory - Autowiring by type from bean name 'org.springframework.boot.autoconfigure.jdbc.DataSourceInitializerInvoker' via constructor to bean named 'spring.datasource-org.springframework.boot.autoconfigure.jdbc.DataSourceProperties'
20:24:26.194 [main] DEBUG org.springframework.beans.factory.support.DefaultListableBeanFactory - Autowiring by type from bean name 'org.springframework.boot.autoconfigure.jdbc.DataSourceInitializerInvoker' via constructor to bean named 'org.springframework.context.support.GenericApplicationContext@7cdb05aa'
20:24:26.195 [main] DEBUG org.hibernate.integrator.internal.IntegratorServiceImpl - Adding Integrator [org.hibernate.cfg.beanvalidation.BeanValidationIntegrator].
20:24:26.195 [main] DEBUG org.hibernate.integrator.internal.IntegratorServiceImpl - Adding Integrator [org.hibernate.secure.spi.JaccIntegrator].
20:24:26.195 [main] DEBUG org.hibernate.integrator.internal.IntegratorServiceImpl - Adding Integrator [org.hibernate.cache.internal.CollectionCacheInvalidator].
20:24:26.196 [main] DEBUG org.hibernate.cfg.Configuration - Building session factory using internal StandardServiceRegistryBuilder
20:24:26.197 [main] DEBUG org.hibernate.service.spi.ServiceBinding - Overriding existing service binding [org.hibernate.secure.spi.JaccService]
20:24:26.197 [main] DEBUG org.hibernate.cfg.Configuration - Building session factory using provided StandardServiceRegistry
20:24:26.197 [main] DEBUG org.hibernate.cache.internal.RegionFactoryInitiator - Cache region factory : org.hibernate.cache.internal.NoCachingRegionFactory
20:24:26.197 [main] DEBUG org.hibernate.type.BasicTypeRegistry - Adding type registration boolean -> org.hibernate.type.BooleanType@41ffaeb8
20:24:26.197 [main] DEBUG org.hibernate.type.BasicTypeRegistry - Adding type registration boolean -> org.hibernate.type.BooleanType@41ffaeb8
20:24:26.197 [main] DEBUG org.hibernate.type.BasicTypeRegistry - Adding type registration java.lang.Boolean -> org.hibernate.type.BooleanType@41ffaeb8
20:24:26.197 [main] DEBUG org.hibernate.type.BasicTypeRegistry - Adding type registration numeric_boolean -> org.hibernate.type.NumericBooleanType@444cc791
20:24:26.197 [main] DEBUG org.hibernate.type.BasicTypeRegistry - Adding type registration true_false -> org.hibernate.type.TrueFalseType@12ffd1de
20:24:26.197 [main] DEBUG org.hibernate.type.BasicTypeRegistry - Adding type registration yes_no -> org.hibernate.type.YesNoType@6c806c8b
20:24:26.197 [main] DEBUG org.hibernate.type.BasicTypeRegistry - Adding type registration byte -> org.hibernate.type.ByteType@23706db8
20:24:26.197 [main] DEBUG org.hibernate.type.BasicTypeRegistry - Adding type registration byte -> org.hibernate.type.ByteType@23706db8
20:24:26.197 [main] DEBUG org.hibernate.type.BasicTypeRegistry - Adding type registration java.lang.Byte -> org.hibernate.type.ByteType@23706db8
20:24:26.197 [main] DEBUG org.hibernate.type.BasicTypeRegistry - Adding type registration character -> org.hibernate.type.CharacterType@7bca6fac
20:24:26.197 [main] DEBUG org.hibernate.type.BasicTypeRegistry - Adding type registration char -> org.hibernate.type.CharacterType@7bca6fac
20:24:26.197 [main] DEBUG org.hibernate.type.BasicTypeRegistry - Adding type registration java.lang.Character -> org.hibernate.type.CharacterType@7bca6fac
20:24:26.197 [main] DEBUG org.hibernate.type.BasicTypeRegistry - Adding type registration short -> org.hibernate.type.ShortType@37303f12
20:24:26.197 [main] DEBUG org.hibernate.type.BasicTypeRegistry - Adding type registration short -> org.hibernate.type.ShortType@37303f12
20:24:26.197 [main] DEBUG org.hibernate.type.BasicTypeRegistry - Adding type registration java.lang.Short -> org.hibernate.type.ShortType@37303f12
20:24:26.197 [main] DEBUG org.hibernate.type.BasicTypeRegistry - Adding type registration integer -> org.hibernate.type.IntegerType@2ab5afc7
20:24:26.197 [main] DEBUG org.hibernate.type.BasicTypeRegistry - Adding type registration int -> org.hibernate.type.IntegerType@2ab5afc7
20:24:26.197 [main] DEBUG org.hibernate.type.BasicTypeRegistry - Adding type registration java.lang.Integer -> org.hibernate.type.IntegerType@2ab5afc7
20:24:26.197 [main] DEBUG org.hibernate.type.BasicTypeRegistry - Adding type registration long -> org.hibernate.type.LongType@3c35c345
20:24:26.197 [main] DEBUG org.hibernate.type.BasicTypeRegistry - Adding type registration long -> org.hibernate.type.LongType@3c35c345
20:24:26.197 [main] DEBUG org.hibernate.type.BasicTypeRegistry - Adding type registration java.lang.Long -> org.hibernate.type.LongType@3c35c345
20:24:26.197 [main] DEBUG org.hibernate.type.BasicTypeRegistry - Adding type registration float -> org.hibernate.type.FloatType@1d0a61c8
20:24:26.197 [main] DEBUG org.hibernate.type.BasicTypeRegistry - Adding type registration float -> org.hibernate.type.FloatType@1d0a61c8
20:24:26.197 [main] DEBUG org.hibernate.type.BasicTypeRegistry - Adding type registration java.lang.Float -> org.hibernate.type.FloatType@1d0a61c8
20:24:26.197 [main] DEBUG org.hibernate.type.BasicTypeRegistry - Adding type registration double -> org.hibernate.type.DoubleType@5524b72f
20:24:26.197 [main] DEBUG org.hibernate.type.BasicTypeRegistry - Adding type registration double -> org.hibernate.type.DoubleType@5524b72f
20:24:26.197 [main] DEBUG org.hibernate.type.BasicTypeRegistry - Adding type registration java.lang.Double -> org.hibernate.type.DoubleType@5524b72f
20:24:26.197 [main] DEBUG org.hibernate.type.BasicTypeRegistry - Adding type registration big_decimal -> org.hibernate.type.BigDecimalType@1846579f
20:24:26.197 [main] DEBUG org.hibernate.type.BasicTypeRegistry - Adding type registration java.math.BigDecimal -> org.hibernate.type.BigDecimalType@1846579f
20:24:26.197 [main] DEBUG org.hibernate.type.BasicTypeRegistry - Adding type registration big_integer -> org.hibernate.type.BigIntegerType@7be7e15
20:24:26.197 [main] DEBUG org.hibernate.type.BasicTypeRegistry - Adding type registration java.math.BigInteger -> org.hibernate.type.BigIntegerType@7be7e15
20:24:26.197 [main] DEBUG org.hibernate.type.BasicTypeRegistry - Adding type registration string -> org.hibernate.type.StringType@2330e3e0
20:24:26.197 [main] DEBUG org.hibernate.type.BasicTypeRegistry - Adding type registration java.lang.String -> org.hibernate.type.StringType@2330e3e0
20:24:26.197 [main] DEBUG org.hibernate.type.BasicTypeRegistry - Adding type registration nstring -> org.hibernate.type.StringNVarcharType@3f9270ed
20:24:26.197 [main] DEBUG org.hibernate.type.BasicTypeRegistry - Adding type registration ncharacter -> org.hibernate.type.CharacterNCharType@53a665ad
20:24:26.197 [main] DEBUG org.hibernate.type.BasicTypeRegistry - Adding type registration url -> org.hibernate.type.UrlType@abff8b7
20:24:26.197 [main] DEBUG org.hibernate.type.BasicTypeRegistry - Adding type registration java.net.URL -> org.hibernate.type.UrlType@abff8b7
20:24:26.197 [main] DEBUG org.hibernate.type.BasicTypeRegistry - Adding type registration date -> org.hibernate.type.DateType@37d871c2
20:24:26.197 [main] DEBUG org.hibernate.type.BasicTypeRegistry - Adding type registration java.sql.Date -> org.hibernate.type.DateType@37d871c2
20:24:26.197 [main] DEBUG org.hibernate.type.BasicTypeRegistry - Adding type registration time -> org.hibernate.type.TimeType@642505c7
20:24:26.197 [main] DEBUG org.hibernate.type.BasicTypeRegistry - Adding type registration java.sql.Time -> org.hibernate.type.TimeType@642505c7
20:24:26.197 [main] DEBUG org.hibernate.type.BasicTypeRegistry - Adding type registration timestamp -> org.hibernate.type.TimestampType@1abfe081
20:24:26.197 [main] DEBUG org.hibernate.type.BasicTypeRegistry - Adding type registration java.sql.Timestamp -> org.hibernate.type.TimestampType@1abfe081
20:24:26.197 [main] DEBUG org.hibernate.type.BasicTypeRegistry - Adding type registration java.util.Date -> org.hibernate.type.TimestampType@1abfe081
20:24:26.197 [main] DEBUG org.hibernate.type.BasicTypeRegistry - Adding type registration dbtimestamp -> org.hibernate.type.DbTimestampType@75a118e6
20:24:26.197 [main] DEBUG org.hibernate.type.BasicTypeRegistry - Adding type registration calendar -> org.hibernate.type.CalendarType@28c86134
20:24:26.197 [main] DEBUG org.hibernate.type.BasicTypeRegistry - Adding type registration java.util.Calendar -> org.hibernate.type.CalendarType@28c86134
20:24:26.197 [main] DEBUG org.hibernate.type.BasicTypeRegistry - Adding type registration java.util.GregorianCalendar -> org.hibernate.type.CalendarType@28c86134
20:24:26.197 [main] DEBUG org.hibernate.type.BasicTypeRegistry - Adding type registration calendar_date -> org.hibernate.type.CalendarDateType@f288c14
20:24:26.198 [main] DEBUG org.hibernate.type.BasicTypeRegistry - Adding type registration locale -> org.hibernate.type.LocaleType@671facee
20:24:26.198 [main] DEBUG org.hibernate.type.BasicTypeRegistry - Adding type registration java.util.Locale -> org.hibernate.type.LocaleType@671facee
20:24:26.198 [main] DEBUG org.hibernate.type.BasicTypeRegistry - Adding type registration currency -> org.hibernate.type.CurrencyType@56f521c6
20:24:26.198 [main] DEBUG org.hibernate.type.BasicTypeRegistry - Adding type registration java.util.Currency -> org.hibernate.type.CurrencyType@56f521c6
20:24:26.198 [main] DEBUG org.hibernate.type.BasicTypeRegistry - Adding type registration timezone -> org.hibernate.type.TimeZoneType@39fa8ad2
20:24:26.198 [main] DEBUG org.hibernate.type.BasicTypeRegistry - Adding type registration java.util.TimeZone -> org.hibernate.type.TimeZoneType@39fa8ad2
20:24:26.198 [main] DEBUG org.hibernate.type.BasicTypeRegistry - Adding type registration class -> org.hibernate.type.ClassType@6c302a1d
20:24:26.198 [main] DEBUG org.hibernate.type.BasicTypeRegistry - Adding type registration java.lang.Class -> org.hibernate.type.ClassType@6c302a1d
20:24:26.198 [main] DEBUG org.hibernate.type.BasicTypeRegistry - Adding type registration uuid-binary -> org.hibernate.type.UUIDBinaryType@58cf8f94
20:24:26.198 [main] DEBUG org.hibernate.type.BasicTypeRegistry - Adding type registration java.util.UUID -> org.hibernate.type.UUIDBinaryType@58cf8f94
20:24:26.198 [main] DEBUG org.hibernate.type.BasicTypeRegistry - Adding type registration uuid-char -> org.hibernate.type.UUIDCharType@34f392be
20:24:26.198 [main] DEBUG org.hibernate.type.BasicTypeRegistry - Adding type registration binary -> org.hibernate.type.BinaryType@58496c97
20:24:26.198 [main] DEBUG org.hibernate.type.BasicTypeRegistry - Adding type registration byte[] -> org.hibernate.type.BinaryType@58496c97
20:24:26.198 [main] DEBUG org.hibernate.type.BasicTypeRegistry - Adding type registration [B -> org.hibernate.type.BinaryType@58496c97
20:24:26.198 [main] DEBUG org.hibernate.type.BasicTypeRegistry - Adding type registration wrapper-binary -> org.hibernate.type.WrapperBinaryType@6ecab872
20:24:26.198 [main] DEBUG org.hibernate.type.BasicTypeRegistry - Adding type registration Byte[] -> org.hibernate.type.WrapperBinaryType@6ecab872
20:24:26.198 [main] DEBUG org.hibernate.type.BasicTypeRegistry - Adding type registration [Ljava.lang.Byte; -> org.hibernate.type.WrapperBinaryType@6ecab872
20:24:26.198 [main] DEBUG org.hibernate.type.BasicTypeRegistry - Adding type registration row_version -> org.hibernate.type.RowVersionType@6d025d1d
20:24:26.198 [main] DEBUG org.hibernate.type.BasicTypeRegistry - Adding type registration image -> org.hibernate.type.ImageType@7479b626
20:24:26.198 [main] DEBUG org.hibernate.type.BasicTypeRegistry - Adding type registration characters -> org.hibernate.type.CharArrayType@17a703f5
20:24:26.198 [main] DEBUG org.hibernate.type.BasicTypeRegistry - Adding type registration char[] -> org.hibernate.type.CharArrayType@17a703f5
20:24:26.198 [main] DEBUG org.hibernate.type.BasicTypeRegistry - Adding type registration [C -> org.hibernate.type.CharArrayType@17a703f5
20:24:26.198 [main] DEBUG org.hibernate.type.BasicTypeRegistry - Adding type registration wrapper-characters -> org.hibernate.type.CharacterArrayType@65f2f9b0
20:24:26.198 [main] DEBUG org.hibernate.type.BasicTypeRegistry - Adding type registration [Ljava.lang.Character; -> org.hibernate.type.CharacterArrayType@65f2f9b0
20:24:26.198 [main] DEBUG org.hibernate.type.BasicTypeRegistry - Adding type registration Character[] -> org.hibernate.type.CharacterArrayType@65f2f9b0
20:24:26.198 [main] DEBUG org.hibernate.type.BasicTypeRegistry - Adding type registration text -> org.hibernate.type.TextType@38fc5554
20:24:26.198 [main] DEBUG org.hibernate.type.BasicTypeRegistry - Adding type registration ntext -> org.hibernate.type.NTextType@4d1f1ff5
20:24:26.198 [main] DEBUG org.hibernate.type.BasicTypeRegistry - Adding type registration blob -> org.hibernate.type.BlobType@d8d9199
20:24:26.198 [main] DEBUG org.hibernate.type.BasicTypeRegistry - Adding type registration java.sql.Blob -> org.hibernate.type.BlobType@d8d9199
20:24:26.198 [main] DEBUG org.hibernate.type.BasicTypeRegistry - Adding type registration materialized_blob -> org.hibernate.type.MaterializedBlobType@71ad3d8a
20:24:26.198 [main] DEBUG org.hibernate.type.BasicTypeRegistry - Adding type registration clob -> org.hibernate.type.ClobType@332820f4
20:24:26.198 [main] DEBUG org.hibernate.type.BasicTypeRegistry - Adding type registration java.sql.Clob -> org.hibernate.type.ClobType@332820f4
20:24:26.198 [main] DEBUG org.hibernate.type.BasicTypeRegistry - Adding type registration nclob -> org.hibernate.type.NClobType@3d5790ea
20:24:26.198 [main] DEBUG org.hibernate.type.BasicTypeRegistry - Adding type registration java.sql.NClob -> org.hibernate.type.NClobType@3d5790ea
20:24:26.198 [main] DEBUG org.hibernate.type.BasicTypeRegistry - Adding type registration materialized_clob -> org.hibernate.type.MaterializedClobType@56913163
20:24:26.198 [main] DEBUG org.hibernate.type.BasicTypeRegistry - Adding type registration materialized_nclob -> org.hibernate.type.MaterializedNClobType@396639b
20:24:26.198 [main] DEBUG org.hibernate.type.BasicTypeRegistry - Adding type registration serializable -> org.hibernate.type.SerializableType@102efc59
20:24:26.198 [main] DEBUG org.hibernate.type.BasicTypeRegistry - Adding type registration object -> org.hibernate.type.ObjectType@6c6366cf
20:24:26.198 [main] DEBUG org.hibernate.type.BasicTypeRegistry - Adding type registration java.lang.Object -> org.hibernate.type.ObjectType@6c6366cf
20:24:26.198 [main] DEBUG org.hibernate.type.BasicTypeRegistry - Adding type registration imm_date -> org.hibernate.type.AdaptedImmutableType@66d69cd2
20:24:26.198 [main] DEBUG org.hibernate.type.BasicTypeRegistry - Adding type registration imm_time -> org.hibernate.type.AdaptedImmutableType@32e5fb4c
20:24:26.198 [main] DEBUG org.hibernate.type.BasicTypeRegistry - Adding type registration imm_timestamp -> org.hibernate.type.AdaptedImmutableType@11a7840f
20:24:26.198 [main] DEBUG org.hibernate.type.BasicTypeRegistry - Adding type registration imm_dbtimestamp -> org.hibernate.type.AdaptedImmutableType@1d3e5a05
20:24:26.198 [main] DEBUG org.hibernate.type.BasicTypeRegistry - Adding type registration imm_calendar -> org.hibernate.type.AdaptedImmutableType@4f5c757c
20:24:26.198 [main] DEBUG org.hibernate.type.BasicTypeRegistry - Adding type registration imm_calendar_date -> org.hibernate.type.AdaptedImmutableType@52fec840
20:24:26.198 [main] DEBUG org.hibernate.type.BasicTypeRegistry - Adding type registration imm_binary -> org.hibernate.type.AdaptedImmutableType@7fd4b9ec
20:24:26.198 [main] DEBUG org.hibernate.type.BasicTypeRegistry - Adding type registration imm_serializable -> org.hibernate.type.AdaptedImmutableType@10553a61
20:24:26.198 [main] DEBUG org.springframework.jdbc.datasource.DriverManagerDataSource - Creating new JDBC DriverManager Connection to [jdbc:hsqldb:hsql://localhost/workdb]
20:24:26.198 [main] WARN org.hibernate.engine.jdbc.env.internal.JdbcEnvironmentInitiator - HHH000342: Could not obtain connection to query metadata : java.net.ConnectException: Połączenie odrzucone (Connection refused)
20:24:26.199 [main] INFO org.hibernate.dialect.Dialect - HHH000400: Using dialect: org.hibernate.dialect.HSQLDialect
20:24:26.199 [main] DEBUG org.hibernate.engine.jdbc.env.spi.IdentifierHelperBuilder - IdentifierCaseStrategy for both quoted and unquoted identifiers was set to the same strategy [MIXED]; that will likely lead to problems in schema update and validation if using quoted identifiers
20:24:26.199 [main] INFO org.hibernate.engine.jdbc.env.internal.LobCreatorBuilderImpl - HHH000422: Disabling contextual LOB creation as connection was null
20:24:26.199 [main] DEBUG org.hibernate.id.factory.internal.DefaultIdentifierGeneratorFactory - Registering IdentifierGenerator strategy [uuid2] -> [org.hibernate.id.UUIDGenerator]
20:24:26.199 [main] DEBUG org.hibernate.id.factory.internal.DefaultIdentifierGeneratorFactory - Registering IdentifierGenerator strategy [guid] -> [org.hibernate.id.GUIDGenerator]
20:24:26.199 [main] DEBUG org.hibernate.id.factory.internal.DefaultIdentifierGeneratorFactory - Registering IdentifierGenerator strategy [uuid] -> [org.hibernate.id.UUIDHexGenerator]
20:24:26.199 [main] DEBUG org.hibernate.id.factory.internal.DefaultIdentifierGeneratorFactory - Registering IdentifierGenerator strategy [uuid.hex] -> [org.hibernate.id.UUIDHexGenerator]
20:24:26.199 [main] DEBUG org.hibernate.id.factory.internal.DefaultIdentifierGeneratorFactory - Registering IdentifierGenerator strategy [assigned] -> [org.hibernate.id.Assigned]
20:24:26.199 [main] DEBUG org.hibernate.id.factory.internal.DefaultIdentifierGeneratorFactory - Registering IdentifierGenerator strategy [identity] -> [org.hibernate.id.IdentityGenerator]
20:24:26.199 [main] DEBUG org.hibernate.id.factory.internal.DefaultIdentifierGeneratorFactory - Registering IdentifierGenerator strategy [select] -> [org.hibernate.id.SelectGenerator]
20:24:26.199 [main] DEBUG org.hibernate.id.factory.internal.DefaultIdentifierGeneratorFactory - Registering IdentifierGenerator strategy [sequence] -> [org.hibernate.id.enhanced.SequenceStyleGenerator]
20:24:26.199 [main] DEBUG org.hibernate.id.factory.internal.DefaultIdentifierGeneratorFactory - Registering IdentifierGenerator strategy [seqhilo] -> [org.hibernate.id.SequenceHiLoGenerator]
20:24:26.199 [main] DEBUG org.hibernate.id.factory.internal.DefaultIdentifierGeneratorFactory - Registering IdentifierGenerator strategy [increment] -> [org.hibernate.id.IncrementGenerator]
20:24:26.199 [main] DEBUG org.hibernate.id.factory.internal.DefaultIdentifierGeneratorFactory - Registering IdentifierGenerator strategy [foreign] -> [org.hibernate.id.ForeignGenerator]
20:24:26.199 [main] DEBUG org.hibernate.id.factory.internal.DefaultIdentifierGeneratorFactory - Registering IdentifierGenerator strategy [sequence-identity] -> [org.hibernate.id.SequenceIdentityGenerator]
20:24:26.199 [main] DEBUG org.hibernate.id.factory.internal.DefaultIdentifierGeneratorFactory - Registering IdentifierGenerator strategy [enhanced-sequence] -> [org.hibernate.id.enhanced.SequenceStyleGenerator]
20:24:26.199 [main] DEBUG org.hibernate.id.factory.internal.DefaultIdentifierGeneratorFactory - Registering IdentifierGenerator strategy [enhanced-table] -> [org.hibernate.id.enhanced.TableGenerator]
20:24:26.199 [main] DEBUG org.hibernate.boot.model.relational.Namespace - Created database namespace [logicalName=Name{catalog=null, schema=null}, physicalName=Name{catalog=null, schema=null}]
20:24:26.199 [main] DEBUG org.hibernate.cfg.AnnotationBinder - Binding entity from annotated class: tau.mmo.domain.Item
20:24:26.199 [main] DEBUG org.hibernate.cfg.annotations.QueryBinder - Binding named query: item.all => Select p from Item p
20:24:26.199 [main] DEBUG org.hibernate.cfg.annotations.QueryBinder - Binding named query: item.allForPlayer => Select p from Item p where player_id = :id
20:24:26.200 [main] DEBUG org.hibernate.cfg.Ejb3Column - Binding column: Ejb3DiscriminatorColumn{logicalColumnName'DTYPE', discriminatorTypeName='string'}
20:24:26.200 [main] DEBUG org.hibernate.cfg.annotations.EntityBinder - Import with entity name Item
20:24:26.200 [main] DEBUG org.hibernate.cfg.annotations.EntityBinder - Bind entity tau.mmo.domain.Item on table item
20:24:26.200 [main] DEBUG org.hibernate.cfg.Ejb3Column - Binding column: Ejb3Column{table=org.hibernate.mapping.Table(item), mappingColumn=id, insertable=true, updatable=true, unique=false}
20:24:26.200 [main] DEBUG org.hibernate.cfg.annotations.PropertyBinder - MetadataSourceProcessor property id with lazy=false
20:24:26.200 [main] DEBUG org.hibernate.cfg.AbstractPropertyHolder - Attempting to locate auto-apply AttributeConverter for property [tau.mmo.domain.Item:id]
20:24:26.200 [main] DEBUG org.hibernate.cfg.annotations.SimpleValueBinder - building SimpleValue for id
20:24:26.200 [main] DEBUG org.hibernate.cfg.annotations.PropertyBinder - Building property id
20:24:26.200 [main] DEBUG org.hibernate.cfg.Ejb3Column - Binding column: Ejb3Column{table=org.hibernate.mapping.Table(item), mappingColumn=itemclass, insertable=true, updatable=true, unique=false}
20:24:26.200 [main] DEBUG org.hibernate.cfg.annotations.PropertyBinder - MetadataSourceProcessor property itemclass with lazy=false
20:24:26.200 [main] DEBUG org.hibernate.cfg.AbstractPropertyHolder - Attempting to locate auto-apply AttributeConverter for property [tau.mmo.domain.Item:itemclass]
20:24:26.200 [main] DEBUG org.hibernate.cfg.annotations.SimpleValueBinder - building SimpleValue for itemclass
20:24:26.200 [main] DEBUG org.hibernate.cfg.annotations.PropertyBinder - Building property itemclass
20:24:26.200 [main] DEBUG org.hibernate.cfg.Ejb3Column - Binding column: Ejb3Column{table=org.hibernate.mapping.Table(item), mappingColumn=levelreq, insertable=true, updatable=true, unique=false}
20:24:26.200 [main] DEBUG org.hibernate.cfg.annotations.PropertyBinder - MetadataSourceProcessor property levelreq with lazy=false
20:24:26.200 [main] DEBUG org.hibernate.cfg.AbstractPropertyHolder - Attempting to locate auto-apply AttributeConverter for property [tau.mmo.domain.Item:levelreq]
20:24:26.200 [main] DEBUG org.hibernate.cfg.annotations.SimpleValueBinder - building SimpleValue for levelreq
20:24:26.200 [main] DEBUG org.hibernate.cfg.annotations.PropertyBinder - Building property levelreq
20:24:26.200 [main] DEBUG org.hibernate.cfg.Ejb3Column - Binding column: Ejb3Column{table=org.hibernate.mapping.Table(item), mappingColumn=name, insertable=true, updatable=true, unique=false}
20:24:26.200 [main] DEBUG org.hibernate.cfg.annotations.PropertyBinder - MetadataSourceProcessor property name with lazy=false
20:24:26.200 [main] DEBUG org.hibernate.cfg.AbstractPropertyHolder - Attempting to locate auto-apply AttributeConverter for property [tau.mmo.domain.Item:name]
20:24:26.200 [main] DEBUG org.hibernate.cfg.annotations.SimpleValueBinder - building SimpleValue for name
20:24:26.200 [main] DEBUG org.hibernate.cfg.annotations.PropertyBinder - Building property name
20:24:26.200 [main] DEBUG org.hibernate.cfg.Ejb3Column - Binding column: Ejb3JoinColumn{logicalColumnName='player_id', referencedColumn='', mappedBy=''}
20:24:26.200 [main] DEBUG org.hibernate.cfg.Ejb3Column - Binding column: Ejb3Column{table=org.hibernate.mapping.Table(item), mappingColumn=player, insertable=true, updatable=true, unique=false}
20:24:26.201 [main] DEBUG org.hibernate.cfg.annotations.PropertyBinder - Building property player
20:24:26.201 [main] DEBUG org.hibernate.cfg.AnnotationBinder - Binding entity from annotated class: tau.mmo.domain.Player
20:24:26.201 [main] DEBUG org.hibernate.cfg.annotations.QueryBinder - Binding named query: player.all => Select p from Player p
20:24:26.201 [main] DEBUG org.hibernate.cfg.annotations.QueryBinder - Binding named query: player.findPlayers => Select c from Player c where c.name like :nameFragment
20:24:26.201 [main] DEBUG org.hibernate.cfg.Ejb3Column - Binding column: Ejb3DiscriminatorColumn{logicalColumnName'DTYPE', discriminatorTypeName='string'}
20:24:26.201 [main] DEBUG org.hibernate.cfg.annotations.EntityBinder - Import with entity name Player
20:24:26.201 [main] DEBUG org.hibernate.cfg.annotations.EntityBinder - Bind entity tau.mmo.domain.Player on table player
20:24:26.201 [main] DEBUG org.hibernate.cfg.Ejb3Column - Binding column: Ejb3Column{table=org.hibernate.mapping.Table(player), mappingColumn=id, insertable=true, updatable=true, unique=false}
20:24:26.201 [main] DEBUG org.hibernate.cfg.annotations.PropertyBinder - MetadataSourceProcessor property id with lazy=false
20:24:26.201 [main] DEBUG org.hibernate.cfg.AbstractPropertyHolder - Attempting to locate auto-apply AttributeConverter for property [tau.mmo.domain.Player:id]
20:24:26.201 [main] DEBUG org.hibernate.cfg.annotations.SimpleValueBinder - building SimpleValue for id
20:24:26.201 [main] DEBUG org.hibernate.cfg.annotations.PropertyBinder - Building property id
20:24:26.201 [main] DEBUG org.hibernate.cfg.Ejb3Column - Binding column: Ejb3Column{table=org.hibernate.mapping.Table(player), mappingColumn=heroclass, insertable=true, updatable=true, unique=false}
20:24:26.201 [main] DEBUG org.hibernate.cfg.annotations.PropertyBinder - MetadataSourceProcessor property heroclass with lazy=false
20:24:26.201 [main] DEBUG org.hibernate.cfg.AbstractPropertyHolder - Attempting to locate auto-apply AttributeConverter for property [tau.mmo.domain.Player:heroclass]
20:24:26.201 [main] DEBUG org.hibernate.cfg.annotations.SimpleValueBinder - building SimpleValue for heroclass
20:24:26.201 [main] DEBUG org.hibernate.cfg.annotations.PropertyBinder - Building property heroclass
20:24:26.201 [main] DEBUG org.hibernate.cfg.Ejb3Column - Binding column: Ejb3JoinColumn{logicalColumnName='null', referencedColumn='null', mappedBy='player'}
20:24:26.201 [main] DEBUG org.hibernate.cfg.Ejb3Column - Binding column: Ejb3Column{table=org.hibernate.mapping.Table(player), mappingColumn=items, insertable=true, updatable=true, unique=false}
20:24:26.202 [main] DEBUG org.hibernate.cfg.Ejb3Column - Binding column: Ejb3Column{table=org.hibernate.mapping.Table(player), mappingColumn=null, insertable=true, updatable=true, unique=false}
20:24:26.202 [main] DEBUG org.hibernate.cfg.Ejb3Column - Binding column: Ejb3Column{table=org.hibernate.mapping.Table(player), mappingColumn=element, insertable=true, updatable=true, unique=false}
20:24:26.202 [main] DEBUG org.hibernate.cfg.Ejb3Column - Binding column: Ejb3Column{table=org.hibernate.mapping.Table(player), mappingColumn=items_KEY, insertable=true, updatable=true, unique=false}
20:24:26.202 [main] DEBUG org.hibernate.cfg.Ejb3Column - Binding column: Ejb3JoinColumn{logicalColumnName='items_KEY', referencedColumn='null', mappedBy='null'}
20:24:26.202 [main] DEBUG org.hibernate.cfg.Ejb3Column - Binding column: Ejb3JoinColumn{logicalColumnName='null', referencedColumn='null', mappedBy='player'}
20:24:26.202 [main] DEBUG org.hibernate.cfg.Ejb3Column - Binding column: Ejb3JoinColumn{logicalColumnName='null', referencedColumn='null', mappedBy='player'}
20:24:26.202 [main] DEBUG org.hibernate.cfg.annotations.CollectionBinder - Collection role: tau.mmo.domain.Player.items
20:24:26.202 [main] DEBUG org.hibernate.cfg.annotations.PropertyBinder - Building property items
20:24:26.202 [main] DEBUG org.hibernate.cfg.Ejb3Column - Binding column: Ejb3Column{table=org.hibernate.mapping.Table(player), mappingColumn=level, insertable=true, updatable=true, unique=false}
20:24:26.202 [main] DEBUG org.hibernate.cfg.annotations.PropertyBinder - MetadataSourceProcessor property level with lazy=false
20:24:26.202 [main] DEBUG org.hibernate.cfg.AbstractPropertyHolder - Attempting to locate auto-apply AttributeConverter for property [tau.mmo.domain.Player:level]
20:24:26.202 [main] DEBUG org.hibernate.cfg.annotations.SimpleValueBinder - building SimpleValue for level
20:24:26.202 [main] DEBUG org.hibernate.cfg.annotations.PropertyBinder - Building property level
20:24:26.202 [main] DEBUG org.hibernate.cfg.Ejb3Column - Binding column: Ejb3Column{table=org.hibernate.mapping.Table(player), mappingColumn=name, insertable=true, updatable=true, unique=false}
20:24:26.202 [main] DEBUG org.hibernate.cfg.annotations.PropertyBinder - MetadataSourceProcessor property name with lazy=false
20:24:26.202 [main] DEBUG org.hibernate.cfg.AbstractPropertyHolder - Attempting to locate auto-apply AttributeConverter for property [tau.mmo.domain.Player:name]
20:24:26.202 [main] DEBUG org.hibernate.cfg.annotations.SimpleValueBinder - building SimpleValue for name
20:24:26.202 [main] DEBUG org.hibernate.cfg.annotations.PropertyBinder - Building property name
20:24:26.202 [main] DEBUG org.hibernate.cfg.annotations.SimpleValueBinder - Starting fillSimpleValue for id
20:24:26.202 [main] DEBUG org.hibernate.cfg.annotations.SimpleValueBinder - Starting fillSimpleValue for itemclass
20:24:26.202 [main] DEBUG org.hibernate.cfg.annotations.SimpleValueBinder - Starting fillSimpleValue for levelreq
20:24:26.202 [main] DEBUG org.hibernate.cfg.annotations.SimpleValueBinder - Starting fillSimpleValue for name
20:24:26.202 [main] DEBUG org.hibernate.cfg.annotations.SimpleValueBinder - Starting fillSimpleValue for id
20:24:26.202 [main] DEBUG org.hibernate.cfg.annotations.SimpleValueBinder - Starting fillSimpleValue for heroclass
20:24:26.202 [main] DEBUG org.hibernate.cfg.annotations.SimpleValueBinder - Starting fillSimpleValue for level
20:24:26.202 [main] DEBUG org.hibernate.cfg.annotations.SimpleValueBinder - Starting fillSimpleValue for name
20:24:26.202 [main] DEBUG org.hibernate.mapping.PrimaryKey - Forcing column [id] to be non-null as it is part of the primary key for table [item]
20:24:26.202 [main] DEBUG org.hibernate.mapping.PrimaryKey - Forcing column [id] to be non-null as it is part of the primary key for table [player]
20:24:26.202 [main] DEBUG org.hibernate.cfg.CollectionSecondPass - Second pass for collection: tau.mmo.domain.Player.items
20:24:26.202 [main] DEBUG org.hibernate.cfg.annotations.CollectionBinder - Binding a OneToMany: tau.mmo.domain.Player.items through a foreign key
20:24:26.202 [main] DEBUG org.hibernate.cfg.annotations.CollectionBinder - Mapping collection: tau.mmo.domain.Player.items -> item
20:24:26.202 [main] DEBUG org.hibernate.cfg.annotations.TableBinder - Retrieving property tau.mmo.domain.Item.player
20:24:26.202 [main] DEBUG org.hibernate.cfg.CollectionSecondPass - Mapped collection key: player_id, one-to-many: tau.mmo.domain.Item
20:24:26.202 [main] DEBUG org.hibernate.boot.internal.InFlightMetadataCollectorImpl - Resolving reference to class: tau.mmo.domain.Player
20:24:26.203 [main] DEBUG org.hibernate.boot.internal.InFlightMetadataCollectorImpl - Resolving reference to class: tau.mmo.domain.Player
20:24:26.203 [main] DEBUG org.hibernate.internal.SessionFactoryImpl - Building session factory
20:24:26.203 [main] DEBUG org.hibernate.cfg.Settings - SessionFactory name : null
20:24:26.203 [main] DEBUG org.hibernate.cfg.Settings - Automatic flush during beforeCompletion(): disabled
20:24:26.203 [main] DEBUG org.hibernate.cfg.Settings - Automatic session close at end of transaction: disabled
20:24:26.203 [main] DEBUG org.hibernate.cfg.Settings - Statistics: disabled
20:24:26.203 [main] DEBUG org.hibernate.cfg.Settings - Deleted entity synthetic identifier rollback: disabled
20:24:26.203 [main] DEBUG org.hibernate.cfg.Settings - Default entity-mode: pojo
20:24:26.203 [main] DEBUG org.hibernate.cfg.Settings - Check Nullability in Core (should be disabled when Bean Validation is on): enabled
20:24:26.203 [main] DEBUG org.hibernate.cfg.Settings - Allow initialization of lazy state outside session : disabled
20:24:26.203 [main] DEBUG org.hibernate.cfg.Settings - Using BatchFetchStyle : LEGACY
20:24:26.203 [main] DEBUG org.hibernate.cfg.Settings - Default batch fetch size: -1
20:24:26.203 [main] DEBUG org.hibernate.cfg.Settings - Maximum outer join fetch depth: null
20:24:26.203 [main] DEBUG org.hibernate.cfg.Settings - Default null ordering: NONE
20:24:26.203 [main] DEBUG org.hibernate.cfg.Settings - Order SQL updates by primary key: disabled
20:24:26.203 [main] DEBUG org.hibernate.cfg.Settings - Order SQL inserts for batching: disabled
20:24:26.203 [main] DEBUG org.hibernate.cfg.Settings - multi-tenancy strategy : NONE
20:24:26.203 [main] DEBUG org.hibernate.cfg.Settings - JTA Track by Thread: enabled
20:24:26.203 [main] DEBUG org.hibernate.cfg.Settings - Query language substitutions: {}
20:24:26.203 [main] DEBUG org.hibernate.cfg.Settings - JPA query language strict compliance: disabled
20:24:26.203 [main] DEBUG org.hibernate.cfg.Settings - Named query checking : enabled
20:24:26.203 [main] DEBUG org.hibernate.cfg.Settings - Second-level cache: enabled
20:24:26.203 [main] DEBUG org.hibernate.cfg.Settings - Second-level query cache: disabled
20:24:26.203 [main] DEBUG org.hibernate.cfg.Settings - Second-level query cache factory: org.hibernate.cache.internal.StandardQueryCacheFactory@767599a7
20:24:26.203 [main] DEBUG org.hibernate.cfg.Settings - Second-level cache region prefix: null
20:24:26.203 [main] DEBUG org.hibernate.cfg.Settings - Optimize second-level cache for minimal puts: disabled
20:24:26.203 [main] DEBUG org.hibernate.cfg.Settings - Structured second-level cache entries: disabled
20:24:26.203 [main] DEBUG org.hibernate.cfg.Settings - Second-level cache direct-reference entries: disabled
20:24:26.203 [main] DEBUG org.hibernate.cfg.Settings - Automatic eviction of collection cache: disabled
20:24:26.203 [main] DEBUG org.hibernate.cfg.Settings - JDBC batch size: 0
20:24:26.203 [main] DEBUG org.hibernate.cfg.Settings - JDBC batch updates for versioned data: enabled
20:24:26.203 [main] DEBUG org.hibernate.cfg.Settings - Scrollable result sets: disabled
20:24:26.203 [main] DEBUG org.hibernate.cfg.Settings - Wrap result sets: disabled
20:24:26.203 [main] DEBUG org.hibernate.cfg.Settings - JDBC3 getGeneratedKeys(): disabled
20:24:26.203 [main] DEBUG org.hibernate.cfg.Settings - JDBC result set fetch size: null
20:24:26.203 [main] DEBUG org.hibernate.cfg.Settings - Connection release mode: ON_CLOSE
20:24:26.203 [main] DEBUG org.hibernate.cfg.Settings - Generate SQL with comments: disabled
20:24:26.204 [main] DEBUG org.hibernate.internal.SessionFactoryImpl - Session factory constructed with filter configurations : {}
20:24:26.204 [main] DEBUG org.hibernate.internal.SessionFactoryImpl - Instantiating session factory with properties: {awt.toolkit=sun.awt.X11.XToolkit, java.specification.version=11, sun.cpu.isalist=, sun.jnu.encoding=UTF-8, hibernate.connection.release_mode=ON_CLOSE, sun.arch.data.model=64, java.vendor.url=http://java.oracle.com/, sun.boot.library.path=/usr/lib/jvm/java-11-openjdk-amd64/lib, sun.java.command=/home/whitewolf/tau/TAU-repozytorium/tau-mmo-jmeter/target/surefire/surefirebooter3743684750447416578.jar /home/whitewolf/tau/TAU-repozytorium/tau-mmo-jmeter/target/surefire 2019-05-27T20-24-21_781-jvmRun1 surefire6552960694995493992tmp surefire_06547653810239904951tmp, jdk.debug=release, java.specification.vendor=Oracle Corporation, java.version.date=2019-04-16, java.home=/usr/lib/jvm/java-11-openjdk-amd64, file.separator=/, basedir=/home/whitewolf/tau/TAU-repozytorium/tau-mmo-jmeter, java.vm.compressedOopsMode=Zero based, line.separator=
, java.specification.name=Java Platform API Specification, java.vm.specification.vendor=Oracle Corporation, hibernate.hbm2ddl.auto=update, sun.management.compiler=HotSpot 64-Bit Tiered Compilers, java.runtime.version=11.0.3+7-Ubuntu-1ubuntu218.04.1, user.name=whitewolf, file.encoding=UTF-8, hibernate.classLoaders=[jdk.internal.loader.ClassLoaders$AppClassLoader@1affbebc], hibernate.current_session_context_class=org.springframework.orm.hibernate5.SpringSessionContext, localRepository=/home/whitewolf/.m2/repository, java.io.tmpdir=/tmp, java.version=11.0.3, java.vm.specification.name=Java Virtual Machine Specification, java.awt.printerjob=sun.print.PSPrinterJob, sun.os.patch.level=unknown, java.library.path=/usr/java/packages/lib:/usr/lib/x86_64-linux-gnu/jni:/lib/x86_64-linux-gnu:/usr/lib/x86_64-linux-gnu:/usr/lib/jni:/lib:/usr/lib, java.vendor=Oracle Corporation, sun.io.unicode.encoding=UnicodeLittle, sun.desktop=gnome, hibernate.dialect=org.hibernate.dialect.HSQLDialect, java.class.path=/home/whitewolf/tau/TAU-repozytorium/tau-mmo-jmeter/target/test-classes:/home/whitewolf/tau/TAU-repozytorium/tau-mmo-jmeter/target/classes:/home/whitewolf/.m2/repository/org/springframework/boot/spring-boot-starter-web/2.1.4.RELEASE/spring-boot-starter-web-2.1.4.RELEASE.jar:/home/whitewolf/.m2/repository/org/springframework/boot/spring-boot-starter/2.1.4.RELEASE/spring-boot-starter-2.1.4.RELEASE.jar:/home/whitewolf/.m2/repository/org/springframework/boot/spring-boot/2.1.4.RELEASE/spring-boot-2.1.4.RELEASE.jar:/home/whitewolf/.m2/repository/org/springframework/boot/spring-boot-autoconfigure/2.1.4.RELEASE/spring-boot-autoconfigure-2.1.4.RELEASE.jar:/home/whitewolf/.m2/repository/org/springframework/boot/spring-boot-starter-logging/2.1.4.RELEASE/spring-boot-starter-logging-2.1.4.RELEASE.jar:/home/whitewolf/.m2/repository/ch/qos/logback/logback-classic/1.2.3/logback-classic-1.2.3.jar:/home/whitewolf/.m2/repository/ch/qos/logback/logback-core/1.2.3/logback-core-1.2.3.jar:/home/whitewolf/.m2/repository/org/apache/logging/log4j/log4j-to-slf4j/2.11.2/log4j-to-slf4j-2.11.2.jar:/home/whitewolf/.m2/repository/org/apache/logging/log4j/log4j-api/2.11.2/log4j-api-2.11.2.jar:/home/whitewolf/.m2/repository/org/slf4j/jul-to-slf4j/1.7.26/jul-to-slf4j-1.7.26.jar:/home/whitewolf/.m2/repository/org/yaml/snakeyaml/1.23/snakeyaml-1.23.jar:/home/whitewolf/.m2/repository/org/springframework/boot/spring-boot-starter-json/2.1.4.RELEASE/spring-boot-starter-json-2.1.4.RELEASE.jar:/home/whitewolf/.m2/repository/com/fasterxml/jackson/core/jackson-databind/2.9.8/jackson-databind-2.9.8.jar:/home/whitewolf/.m2/repository/com/fasterxml/jackson/core/jackson-annotations/2.9.0/jackson-annotations-2.9.0.jar:/home/whitewolf/.m2/repository/com/fasterxml/jackson/core/jackson-core/2.9.8/jackson-core-2.9.8.jar:/home/whitewolf/.m2/repository/com/fasterxml/jackson/datatype/jackson-datatype-jdk8/2.9.8/jackson-datatype-jdk8-2.9.8.jar:/home/whitewolf/.m2/repository/com/fasterxml/jackson/datatype/jackson-datatype-jsr310/2.9.8/jackson-datatype-jsr310-2.9.8.jar:/home/whitewolf/.m2/repository/com/fasterxml/jackson/module/jackson-module-parameter-names/2.9.8/jackson-module-parameter-names-2.9.8.jar:/home/whitewolf/.m2/repository/org/hibernate/validator/hibernate-validator/6.0.16.Final/hibernate-validator-6.0.16.Final.jar:/home/whitewolf/.m2/repository/javax/validation/validation-api/2.0.1.Final/validation-api-2.0.1.Final.jar:/home/whitewolf/.m2/repository/org/springframework/spring-web/5.1.6.RELEASE/spring-web-5.1.6.RELEASE.jar:/home/whitewolf/.m2/repository/org/springframework/spring-webmvc/5.1.6.RELEASE/spring-webmvc-5.1.6.RELEASE.jar:/home/whitewolf/.m2/repository/org/springframework/spring-aop/5.1.6.RELEASE/spring-aop-5.1.6.RELEASE.jar:/home/whitewolf/.m2/repository/org/springframework/spring-context/5.1.6.RELEASE/spring-context-5.1.6.RELEASE.jar:/home/whitewolf/.m2/repository/org/springframework/spring-expression/5.1.6.RELEASE/spring-expression-5.1.6.RELEASE.jar:/home/whitewolf/.m2/repository/org/springframework/boot/spring-boot-starter-test/2.1.4.RELEASE/spring-boot-starter-test-2.1.4.RELEASE.jar:/home/whitewolf/.m2/repository/org/springframework/boot/spring-boot-test/2.1.4.RELEASE/spring-boot-test-2.1.4.RELEASE.jar:/home/whitewolf/.m2/repository/org/springframework/boot/spring-boot-test-autoconfigure/2.1.4.RELEASE/spring-boot-test-autoconfigure-2.1.4.RELEASE.jar:/home/whitewolf/.m2/repository/junit/junit/4.12/junit-4.12.jar:/home/whitewolf/.m2/repository/org/assertj/assertj-core/3.11.1/assertj-core-3.11.1.jar:/home/whitewolf/.m2/repository/org/mockito/mockito-core/2.23.4/mockito-core-2.23.4.jar:/home/whitewolf/.m2/repository/net/bytebuddy/byte-buddy/1.9.12/byte-buddy-1.9.12.jar:/home/whitewolf/.m2/repository/net/bytebuddy/byte-buddy-agent/1.9.12/byte-buddy-agent-1.9.12.jar:/home/whitewolf/.m2/repository/org/objenesis/objenesis/2.6/objenesis-2.6.jar:/home/whitewolf/.m2/repository/org/hamcrest/hamcrest-core/1.3/hamcrest-core-1.3.jar:/home/whitewolf/.m2/repository/org/hamcrest/hamcrest-library/1.3/hamcrest-library-1.3.jar:/home/whitewolf/.m2/repository/org/skyscreamer/jsonassert/1.5.0/jsonassert-1.5.0.jar:/home/whitewolf/.m2/repository/com/vaadin/external/google/android-json/0.0.20131108.vaadin1/android-json-0.0.20131108.vaadin1.jar:/home/whitewolf/.m2/repository/org/springframework/spring-core/5.1.6.RELEASE/spring-core-5.1.6.RELEASE.jar:/home/whitewolf/.m2/repository/org/springframework/spring-jcl/5.1.6.RELEASE/spring-jcl-5.1.6.RELEASE.jar:/home/whitewolf/.m2/repository/org/springframework/spring-test/5.1.6.RELEASE/spring-test-5.1.6.RELEASE.jar:/home/whitewolf/.m2/repository/org/xmlunit/xmlunit-core/2.6.2/xmlunit-core-2.6.2.jar:/home/whitewolf/.m2/repository/org/springframework/boot/spring-boot-starter-tomcat/2.1.4.RELEASE/spring-boot-starter-tomcat-2.1.4.RELEASE.jar:/home/whitewolf/.m2/repository/javax/annotation/javax.annotation-api/1.3.2/javax.annotation-api-1.3.2.jar:/home/whitewolf/.m2/repository/org/apache/tomcat/embed/tomcat-embed-core/9.0.17/tomcat-embed-core-9.0.17.jar:/home/whitewolf/.m2/repository/org/apache/tomcat/embed/tomcat-embed-el/9.0.17/tomcat-embed-el-9.0.17.jar:/home/whitewolf/.m2/repository/org/apache/tomcat/embed/tomcat-embed-websocket/9.0.17/tomcat-embed-websocket-9.0.17.jar:/home/whitewolf/.m2/repository/org/springframework/boot/spring-boot-starter-data-jpa/2.1.4.RELEASE/spring-boot-starter-data-jpa-2.1.4.RELEASE.jar:/home/whitewolf/.m2/repository/org/springframework/boot/spring-boot-starter-aop/2.1.4.RELEASE/spring-boot-starter-aop-2.1.4.RELEASE.jar:/home/whitewolf/.m2/repository/org/aspectj/aspectjweaver/1.9.2/aspectjweaver-1.9.2.jar:/home/whitewolf/.m2/repository/org/springframework/boot/spring-boot-starter-jdbc/2.1.4.RELEASE/spring-boot-starter-jdbc-2.1.4.RELEASE.jar:/home/whitewolf/.m2/repository/com/zaxxer/HikariCP/3.2.0/HikariCP-3.2.0.jar:/home/whitewolf/.m2/repository/org/springframework/spring-jdbc/5.1.6.RELEASE/spring-jdbc-5.1.6.RELEASE.jar:/home/whitewolf/.m2/repository/javax/transaction/javax.transaction-api/1.3/javax.transaction-api-1.3.jar:/home/whitewolf/.m2/repository/javax/xml/bind/jaxb-api/2.3.1/jaxb-api-2.3.1.jar:/home/whitewolf/.m2/repository/javax/activation/javax.activation-api/1.2.0/javax.activation-api-1.2.0.jar:/home/whitewolf/.m2/repository/org/springframework/data/spring-data-jpa/2.1.6.RELEASE/spring-data-jpa-2.1.6.RELEASE.jar:/home/whitewolf/.m2/repository/org/springframework/data/spring-data-commons/2.1.6.RELEASE/spring-data-commons-2.1.6.RELEASE.jar:/home/whitewolf/.m2/repository/org/springframework/spring-orm/5.1.6.RELEASE/spring-orm-5.1.6.RELEASE.jar:/home/whitewolf/.m2/repository/org/springframework/spring-aspects/5.1.6.RELEASE/spring-aspects-5.1.6.RELEASE.jar:/home/whitewolf/.m2/repository/org/springframework/spring-tx/5.1.6.RELEASE/spring-tx-5.1.6.RELEASE.jar:/home/whitewolf/.m2/repository/org/springframework/spring-beans/5.1.6.RELEASE/spring-beans-5.1.6.RELEASE.jar:/home/whitewolf/.m2/repository/com/jayway/jsonpath/json-path/2.4.0/json-path-2.4.0.jar:/home/whitewolf/.m2/repository/net/minidev/json-smart/2.3/json-smart-2.3.jar:/home/whitewolf/.m2/repository/net/minidev/accessors-smart/1.2/accessors-smart-1.2.jar:/home/whitewolf/.m2/repository/org/ow2/asm/asm/5.0.4/asm-5.0.4.jar:/home/whitewolf/.m2/repository/org/slf4j/slf4j-api/1.7.26/slf4j-api-1.7.26.jar:/home/whitewolf/.m2/repository/org/hibernate/hibernate-core/5.1.6.Final/hibernate-core-5.1.6.Final.jar:/home/whitewolf/.m2/repository/org/jboss/logging/jboss-logging/3.3.2.Final/jboss-logging-3.3.2.Final.jar:/home/whitewolf/.m2/repository/org/hibernate/javax/persistence/hibernate-jpa-2.1-api/1.0.0.Final/hibernate-jpa-2.1-api-1.0.0.Final.jar:/home/whitewolf/.m2/repository/org/javassist/javassist/3.20.0-GA/javassist-3.20.0-GA.jar:/home/whitewolf/.m2/repository/antlr/antlr/2.7.7/antlr-2.7.7.jar:/home/whitewolf/.m2/repository/org/apache/geronimo/specs/geronimo-jta_1.1_spec/1.1.1/geronimo-jta_1.1_spec-1.1.1.jar:/home/whitewolf/.m2/repository/org/jboss/jandex/2.0.3.Final/jandex-2.0.3.Final.jar:/home/whitewolf/.m2/repository/com/fasterxml/classmate/1.4.0/classmate-1.4.0.jar:/home/whitewolf/.m2/repository/dom4j/dom4j/1.6.1/dom4j-1.6.1.jar:/home/whitewolf/.m2/repository/org/hibernate/common/hibernate-commons-annotations/5.0.1.Final/hibernate-commons-annotations-5.0.1.Final.jar:/home/whitewolf/.m2/repository/org/hsqldb/hsqldb/2.3.4/hsqldb-2.3.4.jar:, java.vm.vendor=Oracle Corporation, user.timezone=Europe/Warsaw, os.name=Linux, java.vm.specification.version=11, sun.java.launcher=SUN_STANDARD, user.country=PL, surefire.test.class.path=/home/whitewolf/tau/TAU-repozytorium/tau-mmo-jmeter/target/test-classes:/home/whitewolf/tau/TAU-repozytorium/tau-mmo-jmeter/target/classes:/home/whitewolf/.m2/repository/org/springframework/boot/spring-boot-starter-web/2.1.4.RELEASE/spring-boot-starter-web-2.1.4.RELEASE.jar:/home/whitewolf/.m2/repository/org/springframework/boot/spring-boot-starter/2.1.4.RELEASE/spring-boot-starter-2.1.4.RELEASE.jar:/home/whitewolf/.m2/repository/org/springframework/boot/spring-boot/2.1.4.RELEASE/spring-boot-2.1.4.RELEASE.jar:/home/whitewolf/.m2/repository/org/springframework/boot/spring-boot-autoconfigure/2.1.4.RELEASE/spring-boot-autoconfigure-2.1.4.RELEASE.jar:/home/whitewolf/.m2/repository/org/springframework/boot/spring-boot-starter-logging/2.1.4.RELEASE/spring-boot-starter-logging-2.1.4.RELEASE.jar:/home/whitewolf/.m2/repository/ch/qos/logback/logback-classic/1.2.3/logback-classic-1.2.3.jar:/home/whitewolf/.m2/repository/ch/qos/logback/logback-core/1.2.3/logback-core-1.2.3.jar:/home/whitewolf/.m2/repository/org/apache/logging/log4j/log4j-to-slf4j/2.11.2/log4j-to-slf4j-2.11.2.jar:/home/whitewolf/.m2/repository/org/apache/logging/log4j/log4j-api/2.11.2/log4j-api-2.11.2.jar:/home/whitewolf/.m2/repository/org/slf4j/jul-to-slf4j/1.7.26/jul-to-slf4j-1.7.26.jar:/home/whitewolf/.m2/repository/org/yaml/snakeyaml/1.23/snakeyaml-1.23.jar:/home/whitewolf/.m2/repository/org/springframework/boot/spring-boot-starter-json/2.1.4.RELEASE/spring-boot-starter-json-2.1.4.RELEASE.jar:/home/whitewolf/.m2/repository/com/fasterxml/jackson/core/jackson-databind/2.9.8/jackson-databind-2.9.8.jar:/home/whitewolf/.m2/repository/com/fasterxml/jackson/core/jackson-annotations/2.9.0/jackson-annotations-2.9.0.jar:/home/whitewolf/.m2/repository/com/fasterxml/jackson/core/jackson-core/2.9.8/jackson-core-2.9.8.jar:/home/whitewolf/.m2/repository/com/fasterxml/jackson/datatype/jackson-datatype-jdk8/2.9.8/jackson-datatype-jdk8-2.9.8.jar:/home/whitewolf/.m2/repository/com/fasterxml/jackson/datatype/jackson-datatype-jsr310/2.9.8/jackson-datatype-jsr310-2.9.8.jar:/home/whitewolf/.m2/repository/com/fasterxml/jackson/module/jackson-module-parameter-names/2.9.8/jackson-module-parameter-names-2.9.8.jar:/home/whitewolf/.m2/repository/org/hibernate/validator/hibernate-validator/6.0.16.Final/hibernate-validator-6.0.16.Final.jar:/home/whitewolf/.m2/repository/javax/validation/validation-api/2.0.1.Final/validation-api-2.0.1.Final.jar:/home/whitewolf/.m2/repository/org/springframework/spring-web/5.1.6.RELEASE/spring-web-5.1.6.RELEASE.jar:/home/whitewolf/.m2/repository/org/springframework/spring-webmvc/5.1.6.RELEASE/spring-webmvc-5.1.6.RELEASE.jar:/home/whitewolf/.m2/repository/org/springframework/spring-aop/5.1.6.RELEASE/spring-aop-5.1.6.RELEASE.jar:/home/whitewolf/.m2/repository/org/springframework/spring-context/5.1.6.RELEASE/spring-context-5.1.6.RELEASE.jar:/home/whitewolf/.m2/repository/org/springframework/spring-expression/5.1.6.RELEASE/spring-expression-5.1.6.RELEASE.jar:/home/whitewolf/.m2/repository/org/springframework/boot/spring-boot-starter-test/2.1.4.RELEASE/spring-boot-starter-test-2.1.4.RELEASE.jar:/home/whitewolf/.m2/repository/org/springframework/boot/spring-boot-test/2.1.4.RELEASE/spring-boot-test-2.1.4.RELEASE.jar:/home/whitewolf/.m2/repository/org/springframework/boot/spring-boot-test-autoconfigure/2.1.4.RELEASE/spring-boot-test-autoconfigure-2.1.4.RELEASE.jar:/home/whitewolf/.m2/repository/junit/junit/4.12/junit-4.12.jar:/home/whitewolf/.m2/repository/org/assertj/assertj-core/3.11.1/assertj-core-3.11.1.jar:/home/whitewolf/.m2/repository/org/mockito/mockito-core/2.23.4/mockito-core-2.23.4.jar:/home/whitewolf/.m2/repository/net/bytebuddy/byte-buddy/1.9.12/byte-buddy-1.9.12.jar:/home/whitewolf/.m2/repository/net/bytebuddy/byte-buddy-agent/1.9.12/byte-buddy-agent-1.9.12.jar:/home/whitewolf/.m2/repository/org/objenesis/objenesis/2.6/objenesis-2.6.jar:/home/whitewolf/.m2/repository/org/hamcrest/hamcrest-core/1.3/hamcrest-core-1.3.jar:/home/whitewolf/.m2/repository/org/hamcrest/hamcrest-library/1.3/hamcrest-library-1.3.jar:/home/whitewolf/.m2/repository/org/skyscreamer/jsonassert/1.5.0/jsonassert-1.5.0.jar:/home/whitewolf/.m2/repository/com/vaadin/external/google/android-json/0.0.20131108.vaadin1/android-json-0.0.20131108.vaadin1.jar:/home/whitewolf/.m2/repository/org/springframework/spring-core/5.1.6.RELEASE/spring-core-5.1.6.RELEASE.jar:/home/whitewolf/.m2/repository/org/springframework/spring-jcl/5.1.6.RELEASE/spring-jcl-5.1.6.RELEASE.jar:/home/whitewolf/.m2/repository/org/springframework/spring-test/5.1.6.RELEASE/spring-test-5.1.6.RELEASE.jar:/home/whitewolf/.m2/repository/org/xmlunit/xmlunit-core/2.6.2/xmlunit-core-2.6.2.jar:/home/whitewolf/.m2/repository/org/springframework/boot/spring-boot-starter-tomcat/2.1.4.RELEASE/spring-boot-starter-tomcat-2.1.4.RELEASE.jar:/home/whitewolf/.m2/repository/javax/annotation/javax.annotation-api/1.3.2/javax.annotation-api-1.3.2.jar:/home/whitewolf/.m2/repository/org/apache/tomcat/embed/tomcat-embed-core/9.0.17/tomcat-embed-core-9.0.17.jar:/home/whitewolf/.m2/repository/org/apache/tomcat/embed/tomcat-embed-el/9.0.17/tomcat-embed-el-9.0.17.jar:/home/whitewolf/.m2/repository/org/apache/tomcat/embed/tomcat-embed-websocket/9.0.17/tomcat-embed-websocket-9.0.17.jar:/home/whitewolf/.m2/repository/org/springframework/boot/spring-boot-starter-data-jpa/2.1.4.RELEASE/spring-boot-starter-data-jpa-2.1.4.RELEASE.jar:/home/whitewolf/.m2/repository/org/springframework/boot/spring-boot-starter-aop/2.1.4.RELEASE/spring-boot-starter-aop-2.1.4.RELEASE.jar:/home/whitewolf/.m2/repository/org/aspectj/aspectjweaver/1.9.2/aspectjweaver-1.9.2.jar:/home/whitewolf/.m2/repository/org/springframework/boot/spring-boot-starter-jdbc/2.1.4.RELEASE/spring-boot-starter-jdbc-2.1.4.RELEASE.jar:/home/whitewolf/.m2/repository/com/zaxxer/HikariCP/3.2.0/HikariCP-3.2.0.jar:/home/whitewolf/.m2/repository/org/springframework/spring-jdbc/5.1.6.RELEASE/spring-jdbc-5.1.6.RELEASE.jar:/home/whitewolf/.m2/repository/javax/transaction/javax.transaction-api/1.3/javax.transaction-api-1.3.jar:/home/whitewolf/.m2/repository/javax/xml/bind/jaxb-api/2.3.1/jaxb-api-2.3.1.jar:/home/whitewolf/.m2/repository/javax/activation/javax.activation-api/1.2.0/javax.activation-api-1.2.0.jar:/home/whitewolf/.m2/repository/org/springframework/data/spring-data-jpa/2.1.6.RELEASE/spring-data-jpa-2.1.6.RELEASE.jar:/home/whitewolf/.m2/repository/org/springframework/data/spring-data-commons/2.1.6.RELEASE/spring-data-commons-2.1.6.RELEASE.jar:/home/whitewolf/.m2/repository/org/springframework/spring-orm/5.1.6.RELEASE/spring-orm-5.1.6.RELEASE.jar:/home/whitewolf/.m2/repository/org/springframework/spring-aspects/5.1.6.RELEASE/spring-aspects-5.1.6.RELEASE.jar:/home/whitewolf/.m2/repository/org/springframework/spring-tx/5.1.6.RELEASE/spring-tx-5.1.6.RELEASE.jar:/home/whitewolf/.m2/repository/org/springframework/spring-beans/5.1.6.RELEASE/spring-beans-5.1.6.RELEASE.jar:/home/whitewolf/.m2/repository/com/jayway/jsonpath/json-path/2.4.0/json-path-2.4.0.jar:/home/whitewolf/.m2/repository/net/minidev/json-smart/2.3/json-smart-2.3.jar:/home/whitewolf/.m2/repository/net/minidev/accessors-smart/1.2/accessors-smart-1.2.jar:/home/whitewolf/.m2/repository/org/ow2/asm/asm/5.0.4/asm-5.0.4.jar:/home/whitewolf/.m2/repository/org/slf4j/slf4j-api/1.7.26/slf4j-api-1.7.26.jar:/home/whitewolf/.m2/repository/org/hibernate/hibernate-core/5.1.6.Final/hibernate-core-5.1.6.Final.jar:/home/whitewolf/.m2/repository/org/jboss/logging/jboss-logging/3.3.2.Final/jboss-logging-3.3.2.Final.jar:/home/whitewolf/.m2/repository/org/hibernate/javax/persistence/hibernate-jpa-2.1-api/1.0.0.Final/hibernate-jpa-2.1-api-1.0.0.Final.jar:/home/whitewolf/.m2/repository/org/javassist/javassist/3.20.0-GA/javassist-3.20.0-GA.jar:/home/whitewolf/.m2/repository/antlr/antlr/2.7.7/antlr-2.7.7.jar:/home/whitewolf/.m2/repository/org/apache/geronimo/specs/geronimo-jta_1.1_spec/1.1.1/geronimo-jta_1.1_spec-1.1.1.jar:/home/whitewolf/.m2/repository/org/jboss/jandex/2.0.3.Final/jandex-2.0.3.Final.jar:/home/whitewolf/.m2/repository/com/fasterxml/classmate/1.4.0/classmate-1.4.0.jar:/home/whitewolf/.m2/repository/dom4j/dom4j/1.6.1/dom4j-1.6.1.jar:/home/whitewolf/.m2/repository/org/hibernate/common/hibernate-commons-annotations/5.0.1.Final/hibernate-commons-annotations-5.0.1.Final.jar:/home/whitewolf/.m2/repository/org/hsqldb/hsqldb/2.3.4/hsqldb-2.3.4.jar:, sun.cpu.endian=little, user.home=/home/whitewolf, user.language=pl, java.awt.graphicsenv=sun.awt.X11GraphicsEnvironment, surefire.real.class.path=/home/whitewolf/tau/TAU-repozytorium/tau-mmo-jmeter/target/surefire/surefirebooter3743684750447416578.jar, path.separator=:, os.version=4.15.0-47-generic, java.runtime.name=OpenJDK Runtime Environment, java.vm.name=OpenJDK 64-Bit Server VM, hibernate.show_sql=true, java.vendor.url.bug=http://bugreport.java.com/bugreport/, user.dir=/home/whitewolf/tau/TAU-repozytorium/tau-mmo-jmeter, os.arch=amd64, hibernate.boot.CfgXmlAccessService.key=org.hibernate.boot.cfgxml.spi.LoadedConfig@58e7f930, java.vm.info=mixed mode, sharing, java.vm.version=11.0.3+7-Ubuntu-1ubuntu218.04.1, hibernate.bytecode.use_reflection_optimizer=false, hibernate.connection.datasource=org.springframework.jdbc.datasource.DriverManagerDataSource@5aa334c, java.class.version=55.0}
20:24:26.204 [main] DEBUG org.hibernate.validator.internal.engine.resolver.TraversableResolvers - Found javax.persistence.Persistence on classpath containing 'getPersistenceUtil'. Assuming JPA 2 environment. Trying to instantiate JPA aware TraversableResolver
20:24:26.204 [main] DEBUG org.hibernate.validator.internal.engine.resolver.TraversableResolvers - Instantiated JPA aware TraversableResolver of type org.hibernate.validator.internal.engine.resolver.JPATraversableResolver.
20:24:26.204 [main] DEBUG org.hibernate.validator.internal.xml.config.ValidationXmlParser - Trying to load META-INF/validation.xml for XML based Validator configuration.
20:24:26.204 [main] DEBUG org.hibernate.validator.internal.xml.config.ResourceLoaderHelper - Trying to load META-INF/validation.xml via TCCL
20:24:26.204 [main] DEBUG org.hibernate.validator.internal.xml.config.ResourceLoaderHelper - Trying to load META-INF/validation.xml via Hibernate Validator's class loader
20:24:26.204 [main] DEBUG org.hibernate.validator.internal.xml.config.ValidationXmlParser - No META-INF/validation.xml found. Using annotation based configuration only.
20:24:26.206 [main] DEBUG org.hibernate.validator.messageinterpolation.ResourceBundleMessageInterpolator - Loaded expression factory via original TCCL
20:24:26.207 [main] DEBUG org.hibernate.validator.internal.engine.ValidatorFactoryImpl - HV000234: Using org.hibernate.validator.messageinterpolation.ResourceBundleMessageInterpolator as ValidatorFactory-scoped message interpolator.
20:24:26.207 [main] DEBUG org.hibernate.validator.internal.engine.ValidatorFactoryImpl - HV000234: Using org.hibernate.validator.internal.engine.resolver.JPATraversableResolver as ValidatorFactory-scoped traversable resolver.
20:24:26.207 [main] DEBUG org.hibernate.validator.internal.engine.ValidatorFactoryImpl - HV000234: Using org.hibernate.validator.internal.util.ExecutableParameterNameProvider as ValidatorFactory-scoped parameter name provider.
20:24:26.207 [main] DEBUG org.hibernate.validator.internal.engine.ValidatorFactoryImpl - HV000234: Using org.hibernate.validator.internal.engine.DefaultClockProvider as ValidatorFactory-scoped clock provider.
20:24:26.207 [main] DEBUG org.hibernate.validator.internal.engine.ValidatorFactoryImpl - HV000234: Using org.hibernate.validator.internal.engine.scripting.DefaultScriptEvaluatorFactory as ValidatorFactory-scoped script evaluator factory.
20:24:26.207 [main] DEBUG org.hibernate.boot.internal.ClassLoaderAccessImpl - Not known whether passed class name [tau.mmo.domain.Item] is safe
20:24:26.207 [main] DEBUG org.hibernate.boot.internal.ClassLoaderAccessImpl - No temp ClassLoader provided; using live ClassLoader for loading potentially unsafe class : tau.mmo.domain.Item
20:24:26.209 [main] DEBUG org.hibernate.boot.internal.ClassLoaderAccessImpl - Not known whether passed class name [tau.mmo.domain.Player] is safe
20:24:26.209 [main] DEBUG org.hibernate.boot.internal.ClassLoaderAccessImpl - No temp ClassLoader provided; using live ClassLoader for loading potentially unsafe class : tau.mmo.domain.Player
20:24:26.210 [main] DEBUG org.hibernate.secure.spi.JaccIntegrator - Skipping JACC integration as it was not enabled
20:24:26.211 [main] DEBUG org.hibernate.boot.internal.ClassLoaderAccessImpl - Not known whether passed class name [tau.mmo.domain.Item] is safe
20:24:26.211 [main] DEBUG org.hibernate.boot.internal.ClassLoaderAccessImpl - No temp ClassLoader provided; using live ClassLoader for loading potentially unsafe class : tau.mmo.domain.Item
20:24:26.211 [main] DEBUG org.hibernate.boot.internal.ClassLoaderAccessImpl - Not known whether passed class name [tau.mmo.domain.Item] is safe
20:24:26.211 [main] DEBUG org.hibernate.boot.internal.ClassLoaderAccessImpl - No temp ClassLoader provided; using live ClassLoader for loading potentially unsafe class : tau.mmo.domain.Item
20:24:26.211 [main] DEBUG org.hibernate.boot.internal.ClassLoaderAccessImpl - Not known whether passed class name [tau.mmo.domain.Player] is safe
20:24:26.211 [main] DEBUG org.hibernate.boot.internal.ClassLoaderAccessImpl - No temp ClassLoader provided; using live ClassLoader for loading potentially unsafe class : tau.mmo.domain.Player
20:24:26.211 [main] DEBUG org.hibernate.boot.internal.ClassLoaderAccessImpl - Not known whether passed class name [tau.mmo.domain.Player] is safe
20:24:26.211 [main] DEBUG org.hibernate.boot.internal.ClassLoaderAccessImpl - No temp ClassLoader provided; using live ClassLoader for loading potentially unsafe class : tau.mmo.domain.Player
20:24:26.212 [main] DEBUG org.hibernate.persister.collection.AbstractCollectionPersister - Static SQL for collection: tau.mmo.domain.Player.items
20:24:26.212 [main] DEBUG org.hibernate.persister.collection.AbstractCollectionPersister -  Row insert: update item set player_id=? where id=?
20:24:26.212 [main] DEBUG org.hibernate.persister.collection.AbstractCollectionPersister -  Row update: update item set  where id=?
20:24:26.212 [main] DEBUG org.hibernate.persister.collection.AbstractCollectionPersister -  Row delete: update item set player_id=null where player_id=? and id=?
20:24:26.212 [main] DEBUG org.hibernate.persister.collection.AbstractCollectionPersister -  One-shot delete: update item set player_id=null where player_id=?
20:24:26.212 [main] DEBUG org.hibernate.persister.entity.AbstractEntityPersister - Static SQL for entity: tau.mmo.domain.Item
20:24:26.212 [main] DEBUG org.hibernate.persister.entity.AbstractEntityPersister -  Version select: select id from item where id =?
20:24:26.212 [main] DEBUG org.hibernate.persister.entity.AbstractEntityPersister -  Snapshot select: select item_.id, item_.itemclass as itemclas2_0_, item_.levelreq as levelreq3_0_, item_.name as name4_0_, item_.player_id as player_i5_0_ from item item_ where item_.id=?
20:24:26.212 [main] DEBUG org.hibernate.persister.entity.AbstractEntityPersister -  Insert 0: insert into item (itemclass, levelreq, name, player_id, id) values (?, ?, ?, ?, ?)
20:24:26.212 [main] DEBUG org.hibernate.persister.entity.AbstractEntityPersister -  Update 0: update item set itemclass=?, levelreq=?, name=?, player_id=? where id=?
20:24:26.212 [main] DEBUG org.hibernate.persister.entity.AbstractEntityPersister -  Delete 0: delete from item where id=?
20:24:26.212 [main] DEBUG org.hibernate.loader.plan.build.internal.spaces.QuerySpacesImpl - Adding QuerySpace : uid = <gen:0> -> org.hibernate.loader.plan.build.internal.spaces.EntityQuerySpaceImpl@5819ee0f]
20:24:26.212 [main] DEBUG org.hibernate.persister.walking.spi.MetamodelGraphWalker - Visiting attribute path : itemclass
20:24:26.212 [main] DEBUG org.hibernate.persister.walking.spi.MetamodelGraphWalker - Visiting attribute path : levelreq
20:24:26.212 [main] DEBUG org.hibernate.persister.walking.spi.MetamodelGraphWalker - Visiting attribute path : name
20:24:26.212 [main] DEBUG org.hibernate.persister.walking.spi.MetamodelGraphWalker - Visiting attribute path : player
20:24:26.212 [main] DEBUG org.hibernate.loader.plan.build.internal.spaces.QuerySpacesImpl - Adding QuerySpace : uid = <gen:1> -> org.hibernate.loader.plan.build.internal.spaces.EntityQuerySpaceImpl@424ec990]
20:24:26.212 [main] DEBUG org.hibernate.loader.plan.build.internal.FetchStyleLoadPlanBuildingAssociationVisitationStrategy - Building LoadPlan...
20:24:26.212 [main] DEBUG org.hibernate.loader.plan.exec.internal.LoadQueryJoinAndFetchProcessor - processing queryspace <gen:0>
20:24:26.212 [main] DEBUG org.hibernate.loader.plan.build.spi.LoadPlanTreePrinter - LoadPlan(entity=tau.mmo.domain.Item)
    - Returns
       - EntityReturnImpl(entity=tau.mmo.domain.Item, querySpaceUid=<gen:0>, path=tau.mmo.domain.Item)
          - EntityAttributeFetchImpl(entity=tau.mmo.domain.Player, querySpaceUid=<gen:1>, path=tau.mmo.domain.Item.player)
    - QuerySpaces
       - EntityQuerySpaceImpl(uid=<gen:0>, entity=tau.mmo.domain.Item)
          - SQL table alias mapping - item0_
          - alias suffix - 0_
          - suffixed key columns - {id1_0_0_}

20:24:26.212 [main] DEBUG org.hibernate.loader.entity.plan.EntityLoader - Static select for entity tau.mmo.domain.Item [NONE]: select item0_.id as id1_0_0_, item0_.itemclass as itemclas2_0_0_, item0_.levelreq as levelreq3_0_0_, item0_.name as name4_0_0_, item0_.player_id as player_i5_0_0_ from item item0_ where item0_.id=?
20:24:26.212 [main] DEBUG org.hibernate.loader.plan.build.internal.spaces.QuerySpacesImpl - Adding QuerySpace : uid = <gen:0> -> org.hibernate.loader.plan.build.internal.spaces.EntityQuerySpaceImpl@2c06e145]
20:24:26.212 [main] DEBUG org.hibernate.persister.walking.spi.MetamodelGraphWalker - Visiting attribute path : itemclass
20:24:26.212 [main] DEBUG org.hibernate.persister.walking.spi.MetamodelGraphWalker - Visiting attribute path : levelreq
20:24:26.212 [main] DEBUG org.hibernate.persister.walking.spi.MetamodelGraphWalker - Visiting attribute path : name
20:24:26.213 [main] DEBUG org.hibernate.persister.walking.spi.MetamodelGraphWalker - Visiting attribute path : player
20:24:26.213 [main] DEBUG org.hibernate.loader.plan.build.internal.spaces.QuerySpacesImpl - Adding QuerySpace : uid = <gen:1> -> org.hibernate.loader.plan.build.internal.spaces.EntityQuerySpaceImpl@3c7db0e8]
20:24:26.213 [main] DEBUG org.hibernate.loader.plan.build.internal.FetchStyleLoadPlanBuildingAssociationVisitationStrategy - Building LoadPlan...
20:24:26.213 [main] DEBUG org.hibernate.loader.plan.exec.internal.LoadQueryJoinAndFetchProcessor - processing queryspace <gen:0>
20:24:26.213 [main] DEBUG org.hibernate.loader.plan.build.spi.LoadPlanTreePrinter - LoadPlan(entity=tau.mmo.domain.Item)
    - Returns
       - EntityReturnImpl(entity=tau.mmo.domain.Item, querySpaceUid=<gen:0>, path=tau.mmo.domain.Item)
          - EntityAttributeFetchImpl(entity=tau.mmo.domain.Player, querySpaceUid=<gen:1>, path=tau.mmo.domain.Item.player)
    - QuerySpaces
       - EntityQuerySpaceImpl(uid=<gen:0>, entity=tau.mmo.domain.Item)
          - SQL table alias mapping - item0_
          - alias suffix - 0_
          - suffixed key columns - {id1_0_0_}

20:24:26.213 [main] DEBUG org.hibernate.loader.entity.plan.EntityLoader - Static select for entity tau.mmo.domain.Item [READ]: select item0_.id as id1_0_0_, item0_.itemclass as itemclas2_0_0_, item0_.levelreq as levelreq3_0_0_, item0_.name as name4_0_0_, item0_.player_id as player_i5_0_0_ from item item0_ where item0_.id=?
20:24:26.213 [main] DEBUG org.hibernate.loader.plan.build.internal.spaces.QuerySpacesImpl - Adding QuerySpace : uid = <gen:0> -> org.hibernate.loader.plan.build.internal.spaces.EntityQuerySpaceImpl@84becbe]
20:24:26.213 [main] DEBUG org.hibernate.persister.walking.spi.MetamodelGraphWalker - Visiting attribute path : itemclass
20:24:26.213 [main] DEBUG org.hibernate.persister.walking.spi.MetamodelGraphWalker - Visiting attribute path : levelreq
20:24:26.213 [main] DEBUG org.hibernate.persister.walking.spi.MetamodelGraphWalker - Visiting attribute path : name
20:24:26.213 [main] DEBUG org.hibernate.persister.walking.spi.MetamodelGraphWalker - Visiting attribute path : player
20:24:26.213 [main] DEBUG org.hibernate.loader.plan.build.internal.spaces.QuerySpacesImpl - Adding QuerySpace : uid = <gen:1> -> org.hibernate.loader.plan.build.internal.spaces.EntityQuerySpaceImpl@6885f3f7]
20:24:26.213 [main] DEBUG org.hibernate.loader.plan.build.internal.FetchStyleLoadPlanBuildingAssociationVisitationStrategy - Building LoadPlan...
20:24:26.213 [main] DEBUG org.hibernate.loader.plan.exec.internal.LoadQueryJoinAndFetchProcessor - processing queryspace <gen:0>
20:24:26.213 [main] DEBUG org.hibernate.loader.plan.build.spi.LoadPlanTreePrinter - LoadPlan(entity=tau.mmo.domain.Item)
    - Returns
       - EntityReturnImpl(entity=tau.mmo.domain.Item, querySpaceUid=<gen:0>, path=tau.mmo.domain.Item)
          - EntityAttributeFetchImpl(entity=tau.mmo.domain.Player, querySpaceUid=<gen:1>, path=tau.mmo.domain.Item.player)
    - QuerySpaces
       - EntityQuerySpaceImpl(uid=<gen:0>, entity=tau.mmo.domain.Item)
          - SQL table alias mapping - item0_
          - alias suffix - 0_
          - suffixed key columns - {id1_0_0_}

20:24:26.213 [main] DEBUG org.hibernate.loader.entity.plan.EntityLoader - Static select for entity tau.mmo.domain.Item [UPGRADE]: select item0_.id as id1_0_0_, item0_.itemclass as itemclas2_0_0_, item0_.levelreq as levelreq3_0_0_, item0_.name as name4_0_0_, item0_.player_id as player_i5_0_0_ from item item0_ where item0_.id=? for update
20:24:26.213 [main] DEBUG org.hibernate.loader.plan.build.internal.spaces.QuerySpacesImpl - Adding QuerySpace : uid = <gen:0> -> org.hibernate.loader.plan.build.internal.spaces.EntityQuerySpaceImpl@392ef4ff]
20:24:26.213 [main] DEBUG org.hibernate.persister.walking.spi.MetamodelGraphWalker - Visiting attribute path : itemclass
20:24:26.213 [main] DEBUG org.hibernate.persister.walking.spi.MetamodelGraphWalker - Visiting attribute path : levelreq
20:24:26.213 [main] DEBUG org.hibernate.persister.walking.spi.MetamodelGraphWalker - Visiting attribute path : name
20:24:26.213 [main] DEBUG org.hibernate.persister.walking.spi.MetamodelGraphWalker - Visiting attribute path : player
20:24:26.213 [main] DEBUG org.hibernate.loader.plan.build.internal.spaces.QuerySpacesImpl - Adding QuerySpace : uid = <gen:1> -> org.hibernate.loader.plan.build.internal.spaces.EntityQuerySpaceImpl@1c382179]
20:24:26.213 [main] DEBUG org.hibernate.loader.plan.build.internal.FetchStyleLoadPlanBuildingAssociationVisitationStrategy - Building LoadPlan...
20:24:26.213 [main] DEBUG org.hibernate.loader.plan.exec.internal.LoadQueryJoinAndFetchProcessor - processing queryspace <gen:0>
20:24:26.213 [main] DEBUG org.hibernate.loader.plan.build.spi.LoadPlanTreePrinter - LoadPlan(entity=tau.mmo.domain.Item)
    - Returns
       - EntityReturnImpl(entity=tau.mmo.domain.Item, querySpaceUid=<gen:0>, path=tau.mmo.domain.Item)
          - EntityAttributeFetchImpl(entity=tau.mmo.domain.Player, querySpaceUid=<gen:1>, path=tau.mmo.domain.Item.player)
    - QuerySpaces
       - EntityQuerySpaceImpl(uid=<gen:0>, entity=tau.mmo.domain.Item)
          - SQL table alias mapping - item0_
          - alias suffix - 0_
          - suffixed key columns - {id1_0_0_}

20:24:26.213 [main] DEBUG org.hibernate.loader.entity.plan.EntityLoader - Static select for entity tau.mmo.domain.Item [UPGRADE_NOWAIT]: select item0_.id as id1_0_0_, item0_.itemclass as itemclas2_0_0_, item0_.levelreq as levelreq3_0_0_, item0_.name as name4_0_0_, item0_.player_id as player_i5_0_0_ from item item0_ where item0_.id=? for update
20:24:26.213 [main] DEBUG org.hibernate.loader.plan.build.internal.spaces.QuerySpacesImpl - Adding QuerySpace : uid = <gen:0> -> org.hibernate.loader.plan.build.internal.spaces.EntityQuerySpaceImpl@5b657342]
20:24:26.213 [main] DEBUG org.hibernate.persister.walking.spi.MetamodelGraphWalker - Visiting attribute path : itemclass
20:24:26.213 [main] DEBUG org.hibernate.persister.walking.spi.MetamodelGraphWalker - Visiting attribute path : levelreq
20:24:26.213 [main] DEBUG org.hibernate.persister.walking.spi.MetamodelGraphWalker - Visiting attribute path : name
20:24:26.213 [main] DEBUG org.hibernate.persister.walking.spi.MetamodelGraphWalker - Visiting attribute path : player
20:24:26.213 [main] DEBUG org.hibernate.loader.plan.build.internal.spaces.QuerySpacesImpl - Adding QuerySpace : uid = <gen:1> -> org.hibernate.loader.plan.build.internal.spaces.EntityQuerySpaceImpl@452e2210]
20:24:26.214 [main] DEBUG org.hibernate.loader.plan.build.internal.FetchStyleLoadPlanBuildingAssociationVisitationStrategy - Building LoadPlan...
20:24:26.214 [main] DEBUG org.hibernate.loader.plan.exec.internal.LoadQueryJoinAndFetchProcessor - processing queryspace <gen:0>
20:24:26.214 [main] DEBUG org.hibernate.loader.plan.build.spi.LoadPlanTreePrinter - LoadPlan(entity=tau.mmo.domain.Item)
    - Returns
       - EntityReturnImpl(entity=tau.mmo.domain.Item, querySpaceUid=<gen:0>, path=tau.mmo.domain.Item)
          - EntityAttributeFetchImpl(entity=tau.mmo.domain.Player, querySpaceUid=<gen:1>, path=tau.mmo.domain.Item.player)
    - QuerySpaces
       - EntityQuerySpaceImpl(uid=<gen:0>, entity=tau.mmo.domain.Item)
          - SQL table alias mapping - item0_
          - alias suffix - 0_
          - suffixed key columns - {id1_0_0_}

20:24:26.214 [main] DEBUG org.hibernate.loader.entity.plan.EntityLoader - Static select for entity tau.mmo.domain.Item [UPGRADE_SKIPLOCKED]: select item0_.id as id1_0_0_, item0_.itemclass as itemclas2_0_0_, item0_.levelreq as levelreq3_0_0_, item0_.name as name4_0_0_, item0_.player_id as player_i5_0_0_ from item item0_ where item0_.id=? for update
20:24:26.214 [main] DEBUG org.hibernate.loader.plan.build.internal.spaces.QuerySpacesImpl - Adding QuerySpace : uid = <gen:0> -> org.hibernate.loader.plan.build.internal.spaces.EntityQuerySpaceImpl@18c0f025]
20:24:26.214 [main] DEBUG org.hibernate.persister.walking.spi.MetamodelGraphWalker - Visiting attribute path : itemclass
20:24:26.214 [main] DEBUG org.hibernate.persister.walking.spi.MetamodelGraphWalker - Visiting attribute path : levelreq
20:24:26.214 [main] DEBUG org.hibernate.persister.walking.spi.MetamodelGraphWalker - Visiting attribute path : name
20:24:26.214 [main] DEBUG org.hibernate.persister.walking.spi.MetamodelGraphWalker - Visiting attribute path : player
20:24:26.214 [main] DEBUG org.hibernate.loader.plan.build.internal.spaces.QuerySpacesImpl - Adding QuerySpace : uid = <gen:1> -> org.hibernate.loader.plan.build.internal.spaces.EntityQuerySpaceImpl@6a013bdd]
20:24:26.214 [main] DEBUG org.hibernate.loader.plan.build.internal.FetchStyleLoadPlanBuildingAssociationVisitationStrategy - Building LoadPlan...
20:24:26.214 [main] DEBUG org.hibernate.loader.plan.exec.internal.LoadQueryJoinAndFetchProcessor - processing queryspace <gen:0>
20:24:26.214 [main] DEBUG org.hibernate.loader.plan.build.spi.LoadPlanTreePrinter - LoadPlan(entity=tau.mmo.domain.Item)
    - Returns
       - EntityReturnImpl(entity=tau.mmo.domain.Item, querySpaceUid=<gen:0>, path=tau.mmo.domain.Item)
          - EntityAttributeFetchImpl(entity=tau.mmo.domain.Player, querySpaceUid=<gen:1>, path=tau.mmo.domain.Item.player)
    - QuerySpaces
       - EntityQuerySpaceImpl(uid=<gen:0>, entity=tau.mmo.domain.Item)
          - SQL table alias mapping - item0_
          - alias suffix - 0_
          - suffixed key columns - {id1_0_0_}

20:24:26.214 [main] DEBUG org.hibernate.loader.entity.plan.EntityLoader - Static select for entity tau.mmo.domain.Item [FORCE]: select item0_.id as id1_0_0_, item0_.itemclass as itemclas2_0_0_, item0_.levelreq as levelreq3_0_0_, item0_.name as name4_0_0_, item0_.player_id as player_i5_0_0_ from item item0_ where item0_.id=? for update
20:24:26.214 [main] DEBUG org.hibernate.loader.plan.build.internal.spaces.QuerySpacesImpl - Adding QuerySpace : uid = <gen:0> -> org.hibernate.loader.plan.build.internal.spaces.EntityQuerySpaceImpl@5e0bba2f]
20:24:26.214 [main] DEBUG org.hibernate.persister.walking.spi.MetamodelGraphWalker - Visiting attribute path : itemclass
20:24:26.214 [main] DEBUG org.hibernate.persister.walking.spi.MetamodelGraphWalker - Visiting attribute path : levelreq
20:24:26.214 [main] DEBUG org.hibernate.persister.walking.spi.MetamodelGraphWalker - Visiting attribute path : name
20:24:26.214 [main] DEBUG org.hibernate.persister.walking.spi.MetamodelGraphWalker - Visiting attribute path : player
20:24:26.214 [main] DEBUG org.hibernate.loader.plan.build.internal.spaces.QuerySpacesImpl - Adding QuerySpace : uid = <gen:1> -> org.hibernate.loader.plan.build.internal.spaces.EntityQuerySpaceImpl@52f118aa]
20:24:26.214 [main] DEBUG org.hibernate.loader.plan.build.internal.FetchStyleLoadPlanBuildingAssociationVisitationStrategy - Building LoadPlan...
20:24:26.214 [main] DEBUG org.hibernate.loader.plan.exec.internal.LoadQueryJoinAndFetchProcessor - processing queryspace <gen:0>
20:24:26.214 [main] DEBUG org.hibernate.loader.plan.build.spi.LoadPlanTreePrinter - LoadPlan(entity=tau.mmo.domain.Item)
    - Returns
       - EntityReturnImpl(entity=tau.mmo.domain.Item, querySpaceUid=<gen:0>, path=tau.mmo.domain.Item)
          - EntityAttributeFetchImpl(entity=tau.mmo.domain.Player, querySpaceUid=<gen:1>, path=tau.mmo.domain.Item.player)
    - QuerySpaces
       - EntityQuerySpaceImpl(uid=<gen:0>, entity=tau.mmo.domain.Item)
          - SQL table alias mapping - item0_
          - alias suffix - 0_
          - suffixed key columns - {id1_0_0_}

20:24:26.214 [main] DEBUG org.hibernate.loader.entity.plan.EntityLoader - Static select for entity tau.mmo.domain.Item [PESSIMISTIC_READ]: select item0_.id as id1_0_0_, item0_.itemclass as itemclas2_0_0_, item0_.levelreq as levelreq3_0_0_, item0_.name as name4_0_0_, item0_.player_id as player_i5_0_0_ from item item0_ where item0_.id=? for update
20:24:26.214 [main] DEBUG org.hibernate.loader.plan.build.internal.spaces.QuerySpacesImpl - Adding QuerySpace : uid = <gen:0> -> org.hibernate.loader.plan.build.internal.spaces.EntityQuerySpaceImpl@31cd0efa]
20:24:26.214 [main] DEBUG org.hibernate.persister.walking.spi.MetamodelGraphWalker - Visiting attribute path : itemclass
20:24:26.214 [main] DEBUG org.hibernate.persister.walking.spi.MetamodelGraphWalker - Visiting attribute path : levelreq
20:24:26.214 [main] DEBUG org.hibernate.persister.walking.spi.MetamodelGraphWalker - Visiting attribute path : name
20:24:26.214 [main] DEBUG org.hibernate.persister.walking.spi.MetamodelGraphWalker - Visiting attribute path : player
20:24:26.214 [main] DEBUG org.hibernate.loader.plan.build.internal.spaces.QuerySpacesImpl - Adding QuerySpace : uid = <gen:1> -> org.hibernate.loader.plan.build.internal.spaces.EntityQuerySpaceImpl@5a69b3cf]
20:24:26.214 [main] DEBUG org.hibernate.loader.plan.build.internal.FetchStyleLoadPlanBuildingAssociationVisitationStrategy - Building LoadPlan...
20:24:26.214 [main] DEBUG org.hibernate.loader.plan.exec.internal.LoadQueryJoinAndFetchProcessor - processing queryspace <gen:0>
20:24:26.215 [main] DEBUG org.hibernate.loader.plan.build.spi.LoadPlanTreePrinter - LoadPlan(entity=tau.mmo.domain.Item)
    - Returns
       - EntityReturnImpl(entity=tau.mmo.domain.Item, querySpaceUid=<gen:0>, path=tau.mmo.domain.Item)
          - EntityAttributeFetchImpl(entity=tau.mmo.domain.Player, querySpaceUid=<gen:1>, path=tau.mmo.domain.Item.player)
    - QuerySpaces
       - EntityQuerySpaceImpl(uid=<gen:0>, entity=tau.mmo.domain.Item)
          - SQL table alias mapping - item0_
          - alias suffix - 0_
          - suffixed key columns - {id1_0_0_}

20:24:26.215 [main] DEBUG org.hibernate.loader.entity.plan.EntityLoader - Static select for entity tau.mmo.domain.Item [PESSIMISTIC_WRITE]: select item0_.id as id1_0_0_, item0_.itemclass as itemclas2_0_0_, item0_.levelreq as levelreq3_0_0_, item0_.name as name4_0_0_, item0_.player_id as player_i5_0_0_ from item item0_ where item0_.id=? for update
20:24:26.215 [main] DEBUG org.hibernate.loader.plan.build.internal.spaces.QuerySpacesImpl - Adding QuerySpace : uid = <gen:0> -> org.hibernate.loader.plan.build.internal.spaces.EntityQuerySpaceImpl@7c460]
20:24:26.215 [main] DEBUG org.hibernate.persister.walking.spi.MetamodelGraphWalker - Visiting attribute path : itemclass
20:24:26.215 [main] DEBUG org.hibernate.persister.walking.spi.MetamodelGraphWalker - Visiting attribute path : levelreq
20:24:26.215 [main] DEBUG org.hibernate.persister.walking.spi.MetamodelGraphWalker - Visiting attribute path : name
20:24:26.215 [main] DEBUG org.hibernate.persister.walking.spi.MetamodelGraphWalker - Visiting attribute path : player
20:24:26.215 [main] DEBUG org.hibernate.loader.plan.build.internal.spaces.QuerySpacesImpl - Adding QuerySpace : uid = <gen:1> -> org.hibernate.loader.plan.build.internal.spaces.EntityQuerySpaceImpl@4be3de36]
20:24:26.215 [main] DEBUG org.hibernate.loader.plan.build.internal.FetchStyleLoadPlanBuildingAssociationVisitationStrategy - Building LoadPlan...
20:24:26.215 [main] DEBUG org.hibernate.loader.plan.exec.internal.LoadQueryJoinAndFetchProcessor - processing queryspace <gen:0>
20:24:26.215 [main] DEBUG org.hibernate.loader.plan.build.spi.LoadPlanTreePrinter - LoadPlan(entity=tau.mmo.domain.Item)
    - Returns
       - EntityReturnImpl(entity=tau.mmo.domain.Item, querySpaceUid=<gen:0>, path=tau.mmo.domain.Item)
          - EntityAttributeFetchImpl(entity=tau.mmo.domain.Player, querySpaceUid=<gen:1>, path=tau.mmo.domain.Item.player)
    - QuerySpaces
       - EntityQuerySpaceImpl(uid=<gen:0>, entity=tau.mmo.domain.Item)
          - SQL table alias mapping - item0_
          - alias suffix - 0_
          - suffixed key columns - {id1_0_0_}

20:24:26.215 [main] DEBUG org.hibernate.loader.entity.plan.EntityLoader - Static select for entity tau.mmo.domain.Item [PESSIMISTIC_FORCE_INCREMENT]: select item0_.id as id1_0_0_, item0_.itemclass as itemclas2_0_0_, item0_.levelreq as levelreq3_0_0_, item0_.name as name4_0_0_, item0_.player_id as player_i5_0_0_ from item item0_ where item0_.id=? for update
20:24:26.215 [main] DEBUG org.hibernate.loader.plan.build.internal.spaces.QuerySpacesImpl - Adding QuerySpace : uid = <gen:0> -> org.hibernate.loader.plan.build.internal.spaces.EntityQuerySpaceImpl@5c03eb4e]
20:24:26.215 [main] DEBUG org.hibernate.persister.walking.spi.MetamodelGraphWalker - Visiting attribute path : itemclass
20:24:26.215 [main] DEBUG org.hibernate.persister.walking.spi.MetamodelGraphWalker - Visiting attribute path : levelreq
20:24:26.215 [main] DEBUG org.hibernate.persister.walking.spi.MetamodelGraphWalker - Visiting attribute path : name
20:24:26.215 [main] DEBUG org.hibernate.persister.walking.spi.MetamodelGraphWalker - Visiting attribute path : player
20:24:26.215 [main] DEBUG org.hibernate.loader.plan.build.internal.spaces.QuerySpacesImpl - Adding QuerySpace : uid = <gen:1> -> org.hibernate.loader.plan.build.internal.spaces.EntityQuerySpaceImpl@1e836aed]
20:24:26.215 [main] DEBUG org.hibernate.loader.plan.build.internal.FetchStyleLoadPlanBuildingAssociationVisitationStrategy - Building LoadPlan...
20:24:26.219 [main] DEBUG org.hibernate.loader.plan.exec.internal.LoadQueryJoinAndFetchProcessor - processing queryspace <gen:0>
20:24:26.219 [main] DEBUG org.hibernate.loader.plan.build.spi.LoadPlanTreePrinter - LoadPlan(entity=tau.mmo.domain.Item)
    - Returns
       - EntityReturnImpl(entity=tau.mmo.domain.Item, querySpaceUid=<gen:0>, path=tau.mmo.domain.Item)
          - EntityAttributeFetchImpl(entity=tau.mmo.domain.Player, querySpaceUid=<gen:1>, path=tau.mmo.domain.Item.player)
    - QuerySpaces
       - EntityQuerySpaceImpl(uid=<gen:0>, entity=tau.mmo.domain.Item)
          - SQL table alias mapping - item0_
          - alias suffix - 0_
          - suffixed key columns - {id1_0_0_}

20:24:26.219 [main] DEBUG org.hibernate.loader.entity.plan.EntityLoader - Static select for entity tau.mmo.domain.Item [OPTIMISTIC]: select item0_.id as id1_0_0_, item0_.itemclass as itemclas2_0_0_, item0_.levelreq as levelreq3_0_0_, item0_.name as name4_0_0_, item0_.player_id as player_i5_0_0_ from item item0_ where item0_.id=?
20:24:26.219 [main] DEBUG org.hibernate.loader.plan.build.internal.spaces.QuerySpacesImpl - Adding QuerySpace : uid = <gen:0> -> org.hibernate.loader.plan.build.internal.spaces.EntityQuerySpaceImpl@4bc41565]
20:24:26.219 [main] DEBUG org.hibernate.persister.walking.spi.MetamodelGraphWalker - Visiting attribute path : itemclass
20:24:26.219 [main] DEBUG org.hibernate.persister.walking.spi.MetamodelGraphWalker - Visiting attribute path : levelreq
20:24:26.219 [main] DEBUG org.hibernate.persister.walking.spi.MetamodelGraphWalker - Visiting attribute path : name
20:24:26.219 [main] DEBUG org.hibernate.persister.walking.spi.MetamodelGraphWalker - Visiting attribute path : player
20:24:26.220 [main] DEBUG org.hibernate.loader.plan.build.internal.spaces.QuerySpacesImpl - Adding QuerySpace : uid = <gen:1> -> org.hibernate.loader.plan.build.internal.spaces.EntityQuerySpaceImpl@226e95e9]
20:24:26.220 [main] DEBUG org.hibernate.loader.plan.build.internal.FetchStyleLoadPlanBuildingAssociationVisitationStrategy - Building LoadPlan...
20:24:26.220 [main] DEBUG org.hibernate.loader.plan.exec.internal.LoadQueryJoinAndFetchProcessor - processing queryspace <gen:0>
20:24:26.220 [main] DEBUG org.hibernate.loader.plan.build.spi.LoadPlanTreePrinter - LoadPlan(entity=tau.mmo.domain.Item)
    - Returns
       - EntityReturnImpl(entity=tau.mmo.domain.Item, querySpaceUid=<gen:0>, path=tau.mmo.domain.Item)
          - EntityAttributeFetchImpl(entity=tau.mmo.domain.Player, querySpaceUid=<gen:1>, path=tau.mmo.domain.Item.player)
    - QuerySpaces
       - EntityQuerySpaceImpl(uid=<gen:0>, entity=tau.mmo.domain.Item)
          - SQL table alias mapping - item0_
          - alias suffix - 0_
          - suffixed key columns - {id1_0_0_}

20:24:26.220 [main] DEBUG org.hibernate.loader.entity.plan.EntityLoader - Static select for entity tau.mmo.domain.Item [OPTIMISTIC_FORCE_INCREMENT]: select item0_.id as id1_0_0_, item0_.itemclass as itemclas2_0_0_, item0_.levelreq as levelreq3_0_0_, item0_.name as name4_0_0_, item0_.player_id as player_i5_0_0_ from item item0_ where item0_.id=?
20:24:26.220 [main] DEBUG org.hibernate.loader.Loader - Static select for action ACTION_MERGE on entity tau.mmo.domain.Item: select item0_.id as id1_0_0_, item0_.itemclass as itemclas2_0_0_, item0_.levelreq as levelreq3_0_0_, item0_.name as name4_0_0_, item0_.player_id as player_i5_0_0_ from item item0_ where item0_.id=?
20:24:26.220 [main] DEBUG org.hibernate.loader.Loader - Static select for action ACTION_REFRESH on entity tau.mmo.domain.Item: select item0_.id as id1_0_0_, item0_.itemclass as itemclas2_0_0_, item0_.levelreq as levelreq3_0_0_, item0_.name as name4_0_0_, item0_.player_id as player_i5_0_0_ from item item0_ where item0_.id=?
20:24:26.220 [main] DEBUG org.hibernate.persister.entity.AbstractEntityPersister - Static SQL for entity: tau.mmo.domain.Player
20:24:26.220 [main] DEBUG org.hibernate.persister.entity.AbstractEntityPersister -  Version select: select id from player where id =?
20:24:26.220 [main] DEBUG org.hibernate.persister.entity.AbstractEntityPersister -  Snapshot select: select player_.id, player_.heroclass as heroclas2_1_, player_.level as level3_1_, player_.name as name4_1_ from player player_ where player_.id=?
20:24:26.220 [main] DEBUG org.hibernate.persister.entity.AbstractEntityPersister -  Insert 0: insert into player (heroclass, level, name, id) values (?, ?, ?, ?)
20:24:26.220 [main] DEBUG org.hibernate.persister.entity.AbstractEntityPersister -  Update 0: update player set heroclass=?, level=?, name=? where id=?
20:24:26.220 [main] DEBUG org.hibernate.persister.entity.AbstractEntityPersister -  Delete 0: delete from player where id=?
20:24:26.220 [main] DEBUG org.hibernate.loader.plan.build.internal.spaces.QuerySpacesImpl - Adding QuerySpace : uid = <gen:0> -> org.hibernate.loader.plan.build.internal.spaces.EntityQuerySpaceImpl@27bf574b]
20:24:26.220 [main] DEBUG org.hibernate.persister.walking.spi.MetamodelGraphWalker - Visiting attribute path : heroclass
20:24:26.220 [main] DEBUG org.hibernate.persister.walking.spi.MetamodelGraphWalker - Visiting attribute path : items
20:24:26.220 [main] DEBUG org.hibernate.loader.plan.build.internal.spaces.QuerySpacesImpl - Adding QuerySpace : uid = <gen:1> -> org.hibernate.loader.plan.build.internal.spaces.CollectionQuerySpaceImpl@326dbe25]
20:24:26.220 [main] DEBUG org.hibernate.loader.plan.build.internal.spaces.QuerySpacesImpl - Adding QuerySpace : uid = <gen:2> -> org.hibernate.loader.plan.build.internal.spaces.EntityQuerySpaceImpl@647aa45c]
20:24:26.220 [main] DEBUG org.hibernate.persister.walking.spi.MetamodelGraphWalker - Visiting attribute path : items.itemclass
20:24:26.220 [main] DEBUG org.hibernate.persister.walking.spi.MetamodelGraphWalker - Visiting attribute path : items.levelreq
20:24:26.220 [main] DEBUG org.hibernate.persister.walking.spi.MetamodelGraphWalker - Visiting attribute path : items.name
20:24:26.220 [main] DEBUG org.hibernate.persister.walking.spi.MetamodelGraphWalker - Visiting attribute path : items.player
20:24:26.220 [main] DEBUG org.hibernate.persister.walking.spi.MetamodelGraphWalker - Property path deemed to be circular : items.player
20:24:26.220 [main] DEBUG org.hibernate.persister.walking.spi.MetamodelGraphWalker - Visiting attribute path : level
20:24:26.220 [main] DEBUG org.hibernate.persister.walking.spi.MetamodelGraphWalker - Visiting attribute path : name
20:24:26.220 [main] DEBUG org.hibernate.loader.plan.build.internal.FetchStyleLoadPlanBuildingAssociationVisitationStrategy - Building LoadPlan...
20:24:26.221 [main] DEBUG org.hibernate.loader.plan.exec.internal.LoadQueryJoinAndFetchProcessor - processing queryspace <gen:0>
20:24:26.221 [main] DEBUG org.hibernate.loader.plan.build.spi.LoadPlanTreePrinter - LoadPlan(entity=tau.mmo.domain.Player)
    - Returns
       - EntityReturnImpl(entity=tau.mmo.domain.Player, querySpaceUid=<gen:0>, path=tau.mmo.domain.Player)
          - CollectionAttributeFetchImpl(collection=tau.mmo.domain.Player.items, querySpaceUid=<gen:1>, path=tau.mmo.domain.Player.items)
             - (collection element) CollectionFetchableElementEntityGraph(entity=tau.mmo.domain.Item, querySpaceUid=<gen:2>, path=tau.mmo.domain.Player.items.<elements>)
    - QuerySpaces
       - EntityQuerySpaceImpl(uid=<gen:0>, entity=tau.mmo.domain.Player)
          - SQL table alias mapping - player0_
          - alias suffix - 0_
          - suffixed key columns - {id1_1_0_}
          - JOIN (JoinDefinedByMetadata(items)) : <gen:0> -> <gen:1>
             - CollectionQuerySpaceImpl(uid=<gen:1>, collection=tau.mmo.domain.Player.items)
                - SQL table alias mapping - items1_
                - alias suffix - 1_
                - suffixed key columns - {player_i5_0_1_}
                - entity-element alias suffix - 2_
                - 2_entity-element suffixed key columns - id1_0_2_
                - JOIN (JoinDefinedByMetadata(elements)) : <gen:1> -> <gen:2>
                   - EntityQuerySpaceImpl(uid=<gen:2>, entity=tau.mmo.domain.Item)
                      - SQL table alias mapping - items1_
                      - alias suffix - 2_
                      - suffixed key columns - {id1_0_2_}

20:24:26.221 [main] DEBUG org.hibernate.loader.entity.plan.EntityLoader - Static select for entity tau.mmo.domain.Player [NONE]: select player0_.id as id1_1_0_, player0_.heroclass as heroclas2_1_0_, player0_.level as level3_1_0_, player0_.name as name4_1_0_, items1_.player_id as player_i5_0_1_, items1_.id as id1_0_1_, items1_.id as id1_0_2_, items1_.itemclass as itemclas2_0_2_, items1_.levelreq as levelreq3_0_2_, items1_.name as name4_0_2_, items1_.player_id as player_i5_0_2_ from player player0_ left outer join item items1_ on player0_.id=items1_.player_id where player0_.id=?
20:24:26.221 [main] DEBUG org.hibernate.loader.plan.build.internal.spaces.QuerySpacesImpl - Adding QuerySpace : uid = <gen:0> -> org.hibernate.loader.plan.build.internal.spaces.EntityQuerySpaceImpl@72c1bf75]
20:24:26.221 [main] DEBUG org.hibernate.persister.walking.spi.MetamodelGraphWalker - Visiting attribute path : heroclass
20:24:26.221 [main] DEBUG org.hibernate.persister.walking.spi.MetamodelGraphWalker - Visiting attribute path : items
20:24:26.221 [main] DEBUG org.hibernate.loader.plan.build.internal.spaces.QuerySpacesImpl - Adding QuerySpace : uid = <gen:1> -> org.hibernate.loader.plan.build.internal.spaces.CollectionQuerySpaceImpl@6fb219dd]
20:24:26.221 [main] DEBUG org.hibernate.loader.plan.build.internal.spaces.QuerySpacesImpl - Adding QuerySpace : uid = <gen:2> -> org.hibernate.loader.plan.build.internal.spaces.EntityQuerySpaceImpl@570b85dd]
20:24:26.221 [main] DEBUG org.hibernate.persister.walking.spi.MetamodelGraphWalker - Visiting attribute path : items.itemclass
20:24:26.221 [main] DEBUG org.hibernate.persister.walking.spi.MetamodelGraphWalker - Visiting attribute path : items.levelreq
20:24:26.221 [main] DEBUG org.hibernate.persister.walking.spi.MetamodelGraphWalker - Visiting attribute path : items.name
20:24:26.221 [main] DEBUG org.hibernate.persister.walking.spi.MetamodelGraphWalker - Visiting attribute path : items.player
20:24:26.221 [main] DEBUG org.hibernate.persister.walking.spi.MetamodelGraphWalker - Property path deemed to be circular : items.player
20:24:26.221 [main] DEBUG org.hibernate.persister.walking.spi.MetamodelGraphWalker - Visiting attribute path : level
20:24:26.221 [main] DEBUG org.hibernate.persister.walking.spi.MetamodelGraphWalker - Visiting attribute path : name
20:24:26.221 [main] DEBUG org.hibernate.loader.plan.build.internal.FetchStyleLoadPlanBuildingAssociationVisitationStrategy - Building LoadPlan...
20:24:26.221 [main] DEBUG org.hibernate.loader.plan.exec.internal.LoadQueryJoinAndFetchProcessor - processing queryspace <gen:0>
20:24:26.222 [main] DEBUG org.hibernate.loader.plan.build.spi.LoadPlanTreePrinter - LoadPlan(entity=tau.mmo.domain.Player)
    - Returns
       - EntityReturnImpl(entity=tau.mmo.domain.Player, querySpaceUid=<gen:0>, path=tau.mmo.domain.Player)
          - CollectionAttributeFetchImpl(collection=tau.mmo.domain.Player.items, querySpaceUid=<gen:1>, path=tau.mmo.domain.Player.items)
             - (collection element) CollectionFetchableElementEntityGraph(entity=tau.mmo.domain.Item, querySpaceUid=<gen:2>, path=tau.mmo.domain.Player.items.<elements>)
    - QuerySpaces
       - EntityQuerySpaceImpl(uid=<gen:0>, entity=tau.mmo.domain.Player)
          - SQL table alias mapping - player0_
          - alias suffix - 0_
          - suffixed key columns - {id1_1_0_}
          - JOIN (JoinDefinedByMetadata(items)) : <gen:0> -> <gen:1>
             - CollectionQuerySpaceImpl(uid=<gen:1>, collection=tau.mmo.domain.Player.items)
                - SQL table alias mapping - items1_
                - alias suffix - 1_
                - suffixed key columns - {player_i5_0_1_}
                - entity-element alias suffix - 2_
                - 2_entity-element suffixed key columns - id1_0_2_
                - JOIN (JoinDefinedByMetadata(elements)) : <gen:1> -> <gen:2>
                   - EntityQuerySpaceImpl(uid=<gen:2>, entity=tau.mmo.domain.Item)
                      - SQL table alias mapping - items1_
                      - alias suffix - 2_
                      - suffixed key columns - {id1_0_2_}

20:24:26.222 [main] DEBUG org.hibernate.loader.entity.plan.EntityLoader - Static select for entity tau.mmo.domain.Player [READ]: select player0_.id as id1_1_0_, player0_.heroclass as heroclas2_1_0_, player0_.level as level3_1_0_, player0_.name as name4_1_0_, items1_.player_id as player_i5_0_1_, items1_.id as id1_0_1_, items1_.id as id1_0_2_, items1_.itemclass as itemclas2_0_2_, items1_.levelreq as levelreq3_0_2_, items1_.name as name4_0_2_, items1_.player_id as player_i5_0_2_ from player player0_ left outer join item items1_ on player0_.id=items1_.player_id where player0_.id=?
20:24:26.222 [main] DEBUG org.hibernate.loader.plan.build.internal.spaces.QuerySpacesImpl - Adding QuerySpace : uid = <gen:0> -> org.hibernate.loader.plan.build.internal.spaces.EntityQuerySpaceImpl@518a7b8a]
20:24:26.222 [main] DEBUG org.hibernate.persister.walking.spi.MetamodelGraphWalker - Visiting attribute path : heroclass
20:24:26.222 [main] DEBUG org.hibernate.persister.walking.spi.MetamodelGraphWalker - Visiting attribute path : items
20:24:26.222 [main] DEBUG org.hibernate.loader.plan.build.internal.spaces.QuerySpacesImpl - Adding QuerySpace : uid = <gen:1> -> org.hibernate.loader.plan.build.internal.spaces.CollectionQuerySpaceImpl@7253c53]
20:24:26.222 [main] DEBUG org.hibernate.loader.plan.build.internal.spaces.QuerySpacesImpl - Adding QuerySpace : uid = <gen:2> -> org.hibernate.loader.plan.build.internal.spaces.EntityQuerySpaceImpl@66d6e50b]
20:24:26.222 [main] DEBUG org.hibernate.persister.walking.spi.MetamodelGraphWalker - Visiting attribute path : level
20:24:26.222 [main] DEBUG org.hibernate.persister.walking.spi.MetamodelGraphWalker - Visiting attribute path : name
20:24:26.222 [main] DEBUG org.hibernate.loader.plan.build.internal.FetchStyleLoadPlanBuildingAssociationVisitationStrategy - Building LoadPlan...
20:24:26.222 [main] DEBUG org.hibernate.loader.plan.exec.internal.LoadQueryJoinAndFetchProcessor - processing queryspace <gen:0>
20:24:26.222 [main] DEBUG org.hibernate.loader.plan.build.spi.LoadPlanTreePrinter - LoadPlan(entity=tau.mmo.domain.Player)
    - Returns
       - EntityReturnImpl(entity=tau.mmo.domain.Player, querySpaceUid=<gen:0>, path=tau.mmo.domain.Player)
          - CollectionAttributeFetchImpl(collection=tau.mmo.domain.Player.items, querySpaceUid=<gen:1>, path=tau.mmo.domain.Player.items)
             - (collection element) CollectionFetchableElementEntityGraph(entity=tau.mmo.domain.Item, querySpaceUid=<gen:2>, path=tau.mmo.domain.Player.items.<elements>)
    - QuerySpaces
       - EntityQuerySpaceImpl(uid=<gen:0>, entity=tau.mmo.domain.Player)
          - SQL table alias mapping - player0_
          - alias suffix - 0_
          - suffixed key columns - {id1_1_0_}

20:24:26.222 [main] DEBUG org.hibernate.loader.entity.plan.EntityLoader - Static select for entity tau.mmo.domain.Player [UPGRADE]: select player0_.id as id1_1_0_, player0_.heroclass as heroclas2_1_0_, player0_.level as level3_1_0_, player0_.name as name4_1_0_ from player player0_ where player0_.id=? for update
20:24:26.222 [main] DEBUG org.hibernate.loader.plan.build.internal.spaces.QuerySpacesImpl - Adding QuerySpace : uid = <gen:0> -> org.hibernate.loader.plan.build.internal.spaces.EntityQuerySpaceImpl@64829470]
20:24:26.222 [main] DEBUG org.hibernate.persister.walking.spi.MetamodelGraphWalker - Visiting attribute path : heroclass
20:24:26.222 [main] DEBUG org.hibernate.persister.walking.spi.MetamodelGraphWalker - Visiting attribute path : items
20:24:26.222 [main] DEBUG org.hibernate.loader.plan.build.internal.spaces.QuerySpacesImpl - Adding QuerySpace : uid = <gen:1> -> org.hibernate.loader.plan.build.internal.spaces.CollectionQuerySpaceImpl@31fc658f]
20:24:26.222 [main] DEBUG org.hibernate.loader.plan.build.internal.spaces.QuerySpacesImpl - Adding QuerySpace : uid = <gen:2> -> org.hibernate.loader.plan.build.internal.spaces.EntityQuerySpaceImpl@60d32006]
20:24:26.222 [main] DEBUG org.hibernate.persister.walking.spi.MetamodelGraphWalker - Visiting attribute path : level
20:24:26.222 [main] DEBUG org.hibernate.persister.walking.spi.MetamodelGraphWalker - Visiting attribute path : name
20:24:26.222 [main] DEBUG org.hibernate.loader.plan.build.internal.FetchStyleLoadPlanBuildingAssociationVisitationStrategy - Building LoadPlan...
20:24:26.222 [main] DEBUG org.hibernate.loader.plan.exec.internal.LoadQueryJoinAndFetchProcessor - processing queryspace <gen:0>
20:24:26.222 [main] DEBUG org.hibernate.loader.plan.build.spi.LoadPlanTreePrinter - LoadPlan(entity=tau.mmo.domain.Player)
    - Returns
       - EntityReturnImpl(entity=tau.mmo.domain.Player, querySpaceUid=<gen:0>, path=tau.mmo.domain.Player)
          - CollectionAttributeFetchImpl(collection=tau.mmo.domain.Player.items, querySpaceUid=<gen:1>, path=tau.mmo.domain.Player.items)
             - (collection element) CollectionFetchableElementEntityGraph(entity=tau.mmo.domain.Item, querySpaceUid=<gen:2>, path=tau.mmo.domain.Player.items.<elements>)
    - QuerySpaces
       - EntityQuerySpaceImpl(uid=<gen:0>, entity=tau.mmo.domain.Player)
          - SQL table alias mapping - player0_
          - alias suffix - 0_
          - suffixed key columns - {id1_1_0_}

20:24:26.222 [main] DEBUG org.hibernate.loader.entity.plan.EntityLoader - Static select for entity tau.mmo.domain.Player [UPGRADE_NOWAIT]: select player0_.id as id1_1_0_, player0_.heroclass as heroclas2_1_0_, player0_.level as level3_1_0_, player0_.name as name4_1_0_ from player player0_ where player0_.id=? for update
20:24:26.222 [main] DEBUG org.hibernate.loader.plan.build.internal.spaces.QuerySpacesImpl - Adding QuerySpace : uid = <gen:0> -> org.hibernate.loader.plan.build.internal.spaces.EntityQuerySpaceImpl@10820978]
20:24:26.222 [main] DEBUG org.hibernate.persister.walking.spi.MetamodelGraphWalker - Visiting attribute path : heroclass
20:24:26.222 [main] DEBUG org.hibernate.persister.walking.spi.MetamodelGraphWalker - Visiting attribute path : items
20:24:26.222 [main] DEBUG org.hibernate.loader.plan.build.internal.spaces.QuerySpacesImpl - Adding QuerySpace : uid = <gen:1> -> org.hibernate.loader.plan.build.internal.spaces.CollectionQuerySpaceImpl@758ebec4]
20:24:26.222 [main] DEBUG org.hibernate.loader.plan.build.internal.spaces.QuerySpacesImpl - Adding QuerySpace : uid = <gen:2> -> org.hibernate.loader.plan.build.internal.spaces.EntityQuerySpaceImpl@c247363]
20:24:26.222 [main] DEBUG org.hibernate.persister.walking.spi.MetamodelGraphWalker - Visiting attribute path : level
20:24:26.222 [main] DEBUG org.hibernate.persister.walking.spi.MetamodelGraphWalker - Visiting attribute path : name
20:24:26.222 [main] DEBUG org.hibernate.loader.plan.build.internal.FetchStyleLoadPlanBuildingAssociationVisitationStrategy - Building LoadPlan...
20:24:26.223 [main] DEBUG org.hibernate.loader.plan.exec.internal.LoadQueryJoinAndFetchProcessor - processing queryspace <gen:0>
20:24:26.223 [main] DEBUG org.hibernate.loader.plan.build.spi.LoadPlanTreePrinter - LoadPlan(entity=tau.mmo.domain.Player)
    - Returns
       - EntityReturnImpl(entity=tau.mmo.domain.Player, querySpaceUid=<gen:0>, path=tau.mmo.domain.Player)
          - CollectionAttributeFetchImpl(collection=tau.mmo.domain.Player.items, querySpaceUid=<gen:1>, path=tau.mmo.domain.Player.items)
             - (collection element) CollectionFetchableElementEntityGraph(entity=tau.mmo.domain.Item, querySpaceUid=<gen:2>, path=tau.mmo.domain.Player.items.<elements>)
    - QuerySpaces
       - EntityQuerySpaceImpl(uid=<gen:0>, entity=tau.mmo.domain.Player)
          - SQL table alias mapping - player0_
          - alias suffix - 0_
          - suffixed key columns - {id1_1_0_}

20:24:26.223 [main] DEBUG org.hibernate.loader.entity.plan.EntityLoader - Static select for entity tau.mmo.domain.Player [UPGRADE_SKIPLOCKED]: select player0_.id as id1_1_0_, player0_.heroclass as heroclas2_1_0_, player0_.level as level3_1_0_, player0_.name as name4_1_0_ from player player0_ where player0_.id=? for update
20:24:26.223 [main] DEBUG org.hibernate.loader.plan.build.internal.spaces.QuerySpacesImpl - Adding QuerySpace : uid = <gen:0> -> org.hibernate.loader.plan.build.internal.spaces.EntityQuerySpaceImpl@c6d7256]
20:24:26.223 [main] DEBUG org.hibernate.persister.walking.spi.MetamodelGraphWalker - Visiting attribute path : heroclass
20:24:26.223 [main] DEBUG org.hibernate.persister.walking.spi.MetamodelGraphWalker - Visiting attribute path : items
20:24:26.223 [main] DEBUG org.hibernate.loader.plan.build.internal.spaces.QuerySpacesImpl - Adding QuerySpace : uid = <gen:1> -> org.hibernate.loader.plan.build.internal.spaces.CollectionQuerySpaceImpl@4860627a]
20:24:26.223 [main] DEBUG org.hibernate.loader.plan.build.internal.spaces.QuerySpacesImpl - Adding QuerySpace : uid = <gen:2> -> org.hibernate.loader.plan.build.internal.spaces.EntityQuerySpaceImpl@67f0bf7e]
20:24:26.223 [main] DEBUG org.hibernate.persister.walking.spi.MetamodelGraphWalker - Visiting attribute path : level
20:24:26.223 [main] DEBUG org.hibernate.persister.walking.spi.MetamodelGraphWalker - Visiting attribute path : name
20:24:26.223 [main] DEBUG org.hibernate.loader.plan.build.internal.FetchStyleLoadPlanBuildingAssociationVisitationStrategy - Building LoadPlan...
20:24:26.223 [main] DEBUG org.hibernate.loader.plan.exec.internal.LoadQueryJoinAndFetchProcessor - processing queryspace <gen:0>
20:24:26.223 [main] DEBUG org.hibernate.loader.plan.build.spi.LoadPlanTreePrinter - LoadPlan(entity=tau.mmo.domain.Player)
    - Returns
       - EntityReturnImpl(entity=tau.mmo.domain.Player, querySpaceUid=<gen:0>, path=tau.mmo.domain.Player)
          - CollectionAttributeFetchImpl(collection=tau.mmo.domain.Player.items, querySpaceUid=<gen:1>, path=tau.mmo.domain.Player.items)
             - (collection element) CollectionFetchableElementEntityGraph(entity=tau.mmo.domain.Item, querySpaceUid=<gen:2>, path=tau.mmo.domain.Player.items.<elements>)
    - QuerySpaces
       - EntityQuerySpaceImpl(uid=<gen:0>, entity=tau.mmo.domain.Player)
          - SQL table alias mapping - player0_
          - alias suffix - 0_
          - suffixed key columns - {id1_1_0_}

20:24:26.223 [main] DEBUG org.hibernate.loader.entity.plan.EntityLoader - Static select for entity tau.mmo.domain.Player [FORCE]: select player0_.id as id1_1_0_, player0_.heroclass as heroclas2_1_0_, player0_.level as level3_1_0_, player0_.name as name4_1_0_ from player player0_ where player0_.id=? for update
20:24:26.223 [main] DEBUG org.hibernate.loader.plan.build.internal.spaces.QuerySpacesImpl - Adding QuerySpace : uid = <gen:0> -> org.hibernate.loader.plan.build.internal.spaces.EntityQuerySpaceImpl@e88e14]
20:24:26.223 [main] DEBUG org.hibernate.persister.walking.spi.MetamodelGraphWalker - Visiting attribute path : heroclass
20:24:26.223 [main] DEBUG org.hibernate.persister.walking.spi.MetamodelGraphWalker - Visiting attribute path : items
20:24:26.223 [main] DEBUG org.hibernate.loader.plan.build.internal.spaces.QuerySpacesImpl - Adding QuerySpace : uid = <gen:1> -> org.hibernate.loader.plan.build.internal.spaces.CollectionQuerySpaceImpl@472dbaf5]
20:24:26.223 [main] DEBUG org.hibernate.loader.plan.build.internal.spaces.QuerySpacesImpl - Adding QuerySpace : uid = <gen:2> -> org.hibernate.loader.plan.build.internal.spaces.EntityQuerySpaceImpl@25c4f621]
20:24:26.223 [main] DEBUG org.hibernate.persister.walking.spi.MetamodelGraphWalker - Visiting attribute path : level
20:24:26.223 [main] DEBUG org.hibernate.persister.walking.spi.MetamodelGraphWalker - Visiting attribute path : name
20:24:26.223 [main] DEBUG org.hibernate.loader.plan.build.internal.FetchStyleLoadPlanBuildingAssociationVisitationStrategy - Building LoadPlan...
20:24:26.223 [main] DEBUG org.hibernate.loader.plan.exec.internal.LoadQueryJoinAndFetchProcessor - processing queryspace <gen:0>
20:24:26.223 [main] DEBUG org.hibernate.loader.plan.build.spi.LoadPlanTreePrinter - LoadPlan(entity=tau.mmo.domain.Player)
    - Returns
       - EntityReturnImpl(entity=tau.mmo.domain.Player, querySpaceUid=<gen:0>, path=tau.mmo.domain.Player)
          - CollectionAttributeFetchImpl(collection=tau.mmo.domain.Player.items, querySpaceUid=<gen:1>, path=tau.mmo.domain.Player.items)
             - (collection element) CollectionFetchableElementEntityGraph(entity=tau.mmo.domain.Item, querySpaceUid=<gen:2>, path=tau.mmo.domain.Player.items.<elements>)
    - QuerySpaces
       - EntityQuerySpaceImpl(uid=<gen:0>, entity=tau.mmo.domain.Player)
          - SQL table alias mapping - player0_
          - alias suffix - 0_
          - suffixed key columns - {id1_1_0_}

20:24:26.223 [main] DEBUG org.hibernate.loader.entity.plan.EntityLoader - Static select for entity tau.mmo.domain.Player [PESSIMISTIC_READ]: select player0_.id as id1_1_0_, player0_.heroclass as heroclas2_1_0_, player0_.level as level3_1_0_, player0_.name as name4_1_0_ from player player0_ where player0_.id=? for update
20:24:26.223 [main] DEBUG org.hibernate.loader.plan.build.internal.spaces.QuerySpacesImpl - Adding QuerySpace : uid = <gen:0> -> org.hibernate.loader.plan.build.internal.spaces.EntityQuerySpaceImpl@619854a3]
20:24:26.223 [main] DEBUG org.hibernate.persister.walking.spi.MetamodelGraphWalker - Visiting attribute path : heroclass
20:24:26.223 [main] DEBUG org.hibernate.persister.walking.spi.MetamodelGraphWalker - Visiting attribute path : items
20:24:26.223 [main] DEBUG org.hibernate.loader.plan.build.internal.spaces.QuerySpacesImpl - Adding QuerySpace : uid = <gen:1> -> org.hibernate.loader.plan.build.internal.spaces.CollectionQuerySpaceImpl@6c2fea95]
20:24:26.223 [main] DEBUG org.hibernate.loader.plan.build.internal.spaces.QuerySpacesImpl - Adding QuerySpace : uid = <gen:2> -> org.hibernate.loader.plan.build.internal.spaces.EntityQuerySpaceImpl@6ed87ccf]
20:24:26.223 [main] DEBUG org.hibernate.persister.walking.spi.MetamodelGraphWalker - Visiting attribute path : level
20:24:26.223 [main] DEBUG org.hibernate.persister.walking.spi.MetamodelGraphWalker - Visiting attribute path : name
20:24:26.223 [main] DEBUG org.hibernate.loader.plan.build.internal.FetchStyleLoadPlanBuildingAssociationVisitationStrategy - Building LoadPlan...
20:24:26.223 [main] DEBUG org.hibernate.loader.plan.exec.internal.LoadQueryJoinAndFetchProcessor - processing queryspace <gen:0>
20:24:26.224 [main] DEBUG org.hibernate.loader.plan.build.spi.LoadPlanTreePrinter - LoadPlan(entity=tau.mmo.domain.Player)
    - Returns
       - EntityReturnImpl(entity=tau.mmo.domain.Player, querySpaceUid=<gen:0>, path=tau.mmo.domain.Player)
          - CollectionAttributeFetchImpl(collection=tau.mmo.domain.Player.items, querySpaceUid=<gen:1>, path=tau.mmo.domain.Player.items)
             - (collection element) CollectionFetchableElementEntityGraph(entity=tau.mmo.domain.Item, querySpaceUid=<gen:2>, path=tau.mmo.domain.Player.items.<elements>)
    - QuerySpaces
       - EntityQuerySpaceImpl(uid=<gen:0>, entity=tau.mmo.domain.Player)
          - SQL table alias mapping - player0_
          - alias suffix - 0_
          - suffixed key columns - {id1_1_0_}

20:24:26.224 [main] DEBUG org.hibernate.loader.entity.plan.EntityLoader - Static select for entity tau.mmo.domain.Player [PESSIMISTIC_WRITE]: select player0_.id as id1_1_0_, player0_.heroclass as heroclas2_1_0_, player0_.level as level3_1_0_, player0_.name as name4_1_0_ from player player0_ where player0_.id=? for update
20:24:26.224 [main] DEBUG org.hibernate.loader.plan.build.internal.spaces.QuerySpacesImpl - Adding QuerySpace : uid = <gen:0> -> org.hibernate.loader.plan.build.internal.spaces.EntityQuerySpaceImpl@4d4600fb]
20:24:26.224 [main] DEBUG org.hibernate.persister.walking.spi.MetamodelGraphWalker - Visiting attribute path : heroclass
20:24:26.224 [main] DEBUG org.hibernate.persister.walking.spi.MetamodelGraphWalker - Visiting attribute path : items
20:24:26.224 [main] DEBUG org.hibernate.loader.plan.build.internal.spaces.QuerySpacesImpl - Adding QuerySpace : uid = <gen:1> -> org.hibernate.loader.plan.build.internal.spaces.CollectionQuerySpaceImpl@60ba6631]
20:24:26.224 [main] DEBUG org.hibernate.loader.plan.build.internal.spaces.QuerySpacesImpl - Adding QuerySpace : uid = <gen:2> -> org.hibernate.loader.plan.build.internal.spaces.EntityQuerySpaceImpl@4d2950ed]
20:24:26.224 [main] DEBUG org.hibernate.persister.walking.spi.MetamodelGraphWalker - Visiting attribute path : level
20:24:26.224 [main] DEBUG org.hibernate.persister.walking.spi.MetamodelGraphWalker - Visiting attribute path : name
20:24:26.224 [main] DEBUG org.hibernate.loader.plan.build.internal.FetchStyleLoadPlanBuildingAssociationVisitationStrategy - Building LoadPlan...
20:24:26.224 [main] DEBUG org.hibernate.loader.plan.exec.internal.LoadQueryJoinAndFetchProcessor - processing queryspace <gen:0>
20:24:26.224 [main] DEBUG org.hibernate.loader.plan.build.spi.LoadPlanTreePrinter - LoadPlan(entity=tau.mmo.domain.Player)
    - Returns
       - EntityReturnImpl(entity=tau.mmo.domain.Player, querySpaceUid=<gen:0>, path=tau.mmo.domain.Player)
          - CollectionAttributeFetchImpl(collection=tau.mmo.domain.Player.items, querySpaceUid=<gen:1>, path=tau.mmo.domain.Player.items)
             - (collection element) CollectionFetchableElementEntityGraph(entity=tau.mmo.domain.Item, querySpaceUid=<gen:2>, path=tau.mmo.domain.Player.items.<elements>)
    - QuerySpaces
       - EntityQuerySpaceImpl(uid=<gen:0>, entity=tau.mmo.domain.Player)
          - SQL table alias mapping - player0_
          - alias suffix - 0_
          - suffixed key columns - {id1_1_0_}

20:24:26.224 [main] DEBUG org.hibernate.loader.entity.plan.EntityLoader - Static select for entity tau.mmo.domain.Player [PESSIMISTIC_FORCE_INCREMENT]: select player0_.id as id1_1_0_, player0_.heroclass as heroclas2_1_0_, player0_.level as level3_1_0_, player0_.name as name4_1_0_ from player player0_ where player0_.id=? for update
20:24:26.224 [main] DEBUG org.hibernate.loader.plan.build.internal.spaces.QuerySpacesImpl - Adding QuerySpace : uid = <gen:0> -> org.hibernate.loader.plan.build.internal.spaces.EntityQuerySpaceImpl@3095d06b]
20:24:26.224 [main] DEBUG org.hibernate.persister.walking.spi.MetamodelGraphWalker - Visiting attribute path : heroclass
20:24:26.224 [main] DEBUG org.hibernate.persister.walking.spi.MetamodelGraphWalker - Visiting attribute path : items
20:24:26.224 [main] DEBUG org.hibernate.loader.plan.build.internal.spaces.QuerySpacesImpl - Adding QuerySpace : uid = <gen:1> -> org.hibernate.loader.plan.build.internal.spaces.CollectionQuerySpaceImpl@6292c63e]
20:24:26.224 [main] DEBUG org.hibernate.loader.plan.build.internal.spaces.QuerySpacesImpl - Adding QuerySpace : uid = <gen:2> -> org.hibernate.loader.plan.build.internal.spaces.EntityQuerySpaceImpl@65bb4cb9]
20:24:26.224 [main] DEBUG org.hibernate.persister.walking.spi.MetamodelGraphWalker - Visiting attribute path : level
20:24:26.224 [main] DEBUG org.hibernate.persister.walking.spi.MetamodelGraphWalker - Visiting attribute path : name
20:24:26.224 [main] DEBUG org.hibernate.loader.plan.build.internal.FetchStyleLoadPlanBuildingAssociationVisitationStrategy - Building LoadPlan...
20:24:26.224 [main] DEBUG org.hibernate.loader.plan.exec.internal.LoadQueryJoinAndFetchProcessor - processing queryspace <gen:0>
20:24:26.224 [main] DEBUG org.hibernate.loader.plan.build.spi.LoadPlanTreePrinter - LoadPlan(entity=tau.mmo.domain.Player)
    - Returns
       - EntityReturnImpl(entity=tau.mmo.domain.Player, querySpaceUid=<gen:0>, path=tau.mmo.domain.Player)
          - CollectionAttributeFetchImpl(collection=tau.mmo.domain.Player.items, querySpaceUid=<gen:1>, path=tau.mmo.domain.Player.items)
             - (collection element) CollectionFetchableElementEntityGraph(entity=tau.mmo.domain.Item, querySpaceUid=<gen:2>, path=tau.mmo.domain.Player.items.<elements>)
    - QuerySpaces
       - EntityQuerySpaceImpl(uid=<gen:0>, entity=tau.mmo.domain.Player)
          - SQL table alias mapping - player0_
          - alias suffix - 0_
          - suffixed key columns - {id1_1_0_}

20:24:26.224 [main] DEBUG org.hibernate.loader.entity.plan.EntityLoader - Static select for entity tau.mmo.domain.Player [OPTIMISTIC]: select player0_.id as id1_1_0_, player0_.heroclass as heroclas2_1_0_, player0_.level as level3_1_0_, player0_.name as name4_1_0_ from player player0_ where player0_.id=?
20:24:26.224 [main] DEBUG org.hibernate.loader.plan.build.internal.spaces.QuerySpacesImpl - Adding QuerySpace : uid = <gen:0> -> org.hibernate.loader.plan.build.internal.spaces.EntityQuerySpaceImpl@7b33deed]
20:24:26.224 [main] DEBUG org.hibernate.persister.walking.spi.MetamodelGraphWalker - Visiting attribute path : heroclass
20:24:26.224 [main] DEBUG org.hibernate.persister.walking.spi.MetamodelGraphWalker - Visiting attribute path : items
20:24:26.224 [main] DEBUG org.hibernate.loader.plan.build.internal.spaces.QuerySpacesImpl - Adding QuerySpace : uid = <gen:1> -> org.hibernate.loader.plan.build.internal.spaces.CollectionQuerySpaceImpl@b04a6a4]
20:24:26.224 [main] DEBUG org.hibernate.loader.plan.build.internal.spaces.QuerySpacesImpl - Adding QuerySpace : uid = <gen:2> -> org.hibernate.loader.plan.build.internal.spaces.EntityQuerySpaceImpl@3465edf9]
20:24:26.224 [main] DEBUG org.hibernate.persister.walking.spi.MetamodelGraphWalker - Visiting attribute path : level
20:24:26.224 [main] DEBUG org.hibernate.persister.walking.spi.MetamodelGraphWalker - Visiting attribute path : name
20:24:26.224 [main] DEBUG org.hibernate.loader.plan.build.internal.FetchStyleLoadPlanBuildingAssociationVisitationStrategy - Building LoadPlan...
20:24:26.224 [main] DEBUG org.hibernate.loader.plan.exec.internal.LoadQueryJoinAndFetchProcessor - processing queryspace <gen:0>
20:24:26.224 [main] DEBUG org.hibernate.loader.plan.build.spi.LoadPlanTreePrinter - LoadPlan(entity=tau.mmo.domain.Player)
    - Returns
       - EntityReturnImpl(entity=tau.mmo.domain.Player, querySpaceUid=<gen:0>, path=tau.mmo.domain.Player)
          - CollectionAttributeFetchImpl(collection=tau.mmo.domain.Player.items, querySpaceUid=<gen:1>, path=tau.mmo.domain.Player.items)
             - (collection element) CollectionFetchableElementEntityGraph(entity=tau.mmo.domain.Item, querySpaceUid=<gen:2>, path=tau.mmo.domain.Player.items.<elements>)
    - QuerySpaces
       - EntityQuerySpaceImpl(uid=<gen:0>, entity=tau.mmo.domain.Player)
          - SQL table alias mapping - player0_
          - alias suffix - 0_
          - suffixed key columns - {id1_1_0_}

20:24:26.225 [main] DEBUG org.hibernate.loader.entity.plan.EntityLoader - Static select for entity tau.mmo.domain.Player [OPTIMISTIC_FORCE_INCREMENT]: select player0_.id as id1_1_0_, player0_.heroclass as heroclas2_1_0_, player0_.level as level3_1_0_, player0_.name as name4_1_0_ from player player0_ where player0_.id=?
20:24:26.225 [main] DEBUG org.hibernate.loader.Loader - Static select for action ACTION_MERGE on entity tau.mmo.domain.Player: select player0_.id as id1_1_0_, player0_.heroclass as heroclas2_1_0_, player0_.level as level3_1_0_, player0_.name as name4_1_0_ from player player0_ where player0_.id=?
20:24:26.225 [main] DEBUG org.hibernate.loader.Loader - Static select for action ACTION_REFRESH on entity tau.mmo.domain.Player: select player0_.id as id1_1_0_, player0_.heroclass as heroclas2_1_0_, player0_.level as level3_1_0_, player0_.name as name4_1_0_ from player player0_ where player0_.id=?
20:24:26.225 [main] DEBUG org.hibernate.loader.plan.build.internal.spaces.QuerySpacesImpl - Adding QuerySpace : uid = <gen:0> -> org.hibernate.loader.plan.build.internal.spaces.CollectionQuerySpaceImpl@51c4992e]
20:24:26.225 [main] DEBUG org.hibernate.loader.plan.build.internal.spaces.QuerySpacesImpl - Adding QuerySpace : uid = <gen:1> -> org.hibernate.loader.plan.build.internal.spaces.EntityQuerySpaceImpl@3713bedc]
20:24:26.225 [main] DEBUG org.hibernate.persister.walking.spi.MetamodelGraphWalker - Visiting attribute path : itemclass
20:24:26.225 [main] DEBUG org.hibernate.persister.walking.spi.MetamodelGraphWalker - Visiting attribute path : levelreq
20:24:26.225 [main] DEBUG org.hibernate.persister.walking.spi.MetamodelGraphWalker - Visiting attribute path : name
20:24:26.225 [main] DEBUG org.hibernate.persister.walking.spi.MetamodelGraphWalker - Visiting attribute path : player
20:24:26.225 [main] DEBUG org.hibernate.persister.walking.spi.MetamodelGraphWalker - Property path deemed to be circular : player
20:24:26.225 [main] DEBUG org.hibernate.loader.plan.build.internal.FetchStyleLoadPlanBuildingAssociationVisitationStrategy - Building LoadPlan...
20:24:26.225 [main] DEBUG org.hibernate.loader.plan.exec.internal.LoadQueryJoinAndFetchProcessor - processing queryspace <gen:0>
20:24:26.225 [main] DEBUG org.hibernate.loader.plan.build.spi.LoadPlanTreePrinter - LoadPlan(collection=tau.mmo.domain.Player.items)
    - Returns
       - CollectionReturnImpl(collection=tau.mmo.domain.Player.items, querySpaceUid=<gen:0>, path=[tau.mmo.domain.Player.items])
          - (collection element) CollectionFetchableElementEntityGraph(entity=tau.mmo.domain.Item, querySpaceUid=<gen:1>, path=[tau.mmo.domain.Player.items].<elements>)
    - QuerySpaces
       - CollectionQuerySpaceImpl(uid=<gen:0>, collection=tau.mmo.domain.Player.items)
          - SQL table alias mapping - items0_
          - alias suffix - 0_
          - suffixed key columns - {player_i5_0_0_}
          - entity-element alias suffix - 1_
          - 1_entity-element suffixed key columns - id1_0_1_
          - JOIN (JoinDefinedByMetadata(elements)) : <gen:0> -> <gen:1>
             - EntityQuerySpaceImpl(uid=<gen:1>, entity=tau.mmo.domain.Item)
                - SQL table alias mapping - items0_
                - alias suffix - 1_
                - suffixed key columns - {id1_0_1_}

20:24:26.225 [main] DEBUG org.hibernate.loader.collection.plan.CollectionLoader - Static select for collection tau.mmo.domain.Player.items: select items0_.player_id as player_i5_0_0_, items0_.id as id1_0_0_, items0_.id as id1_0_1_, items0_.itemclass as itemclas2_0_1_, items0_.levelreq as levelreq3_0_1_, items0_.name as name4_0_1_, items0_.player_id as player_i5_0_1_ from item items0_ where items0_.player_id=?
20:24:26.225 [main] DEBUG org.hibernate.internal.SessionFactoryImpl - Instantiated session factory
20:24:26.225 [main] DEBUG org.springframework.jdbc.datasource.DriverManagerDataSource - Creating new JDBC DriverManager Connection to [jdbc:hsqldb:hsql://localhost/workdb]
20:24:26.226 [main] DEBUG org.hibernate.engine.jdbc.spi.SqlExceptionHelper - Unable to open JDBC Connection for DDL execution [n/a]
java.sql.SQLTransientConnectionException: java.net.ConnectException: Połączenie odrzucone (Connection refused)
	at org.hsqldb.jdbc.JDBCUtil.sqlException(Unknown Source)
	at org.hsqldb.jdbc.JDBCUtil.sqlException(Unknown Source)
	at org.hsqldb.jdbc.JDBCConnection.<init>(Unknown Source)
	at org.hsqldb.jdbc.JDBCDriver.getConnection(Unknown Source)
	at org.hsqldb.jdbc.JDBCDriver.connect(Unknown Source)
	at java.sql/java.sql.DriverManager.getConnection(DriverManager.java:677)
	at java.sql/java.sql.DriverManager.getConnection(DriverManager.java:189)
	at org.springframework.jdbc.datasource.DriverManagerDataSource.getConnectionFromDriverManager(DriverManagerDataSource.java:154)
	at org.springframework.jdbc.datasource.DriverManagerDataSource.getConnectionFromDriver(DriverManagerDataSource.java:145)
	at org.springframework.jdbc.datasource.AbstractDriverBasedDataSource.getConnectionFromDriver(AbstractDriverBasedDataSource.java:205)
	at org.springframework.jdbc.datasource.AbstractDriverBasedDataSource.getConnection(AbstractDriverBasedDataSource.java:169)
	at org.hibernate.engine.jdbc.connections.internal.DatasourceConnectionProviderImpl.getConnection(DatasourceConnectionProviderImpl.java:122)
	at org.hibernate.engine.jdbc.env.internal.JdbcEnvironmentInitiator$ConnectionProviderJdbcConnectionAccess.obtainConnection(JdbcEnvironmentInitiator.java:180)
	at org.hibernate.resource.transaction.backend.jdbc.internal.DdlTransactionIsolatorNonJtaImpl.getIsolatedConnection(DdlTransactionIsolatorNonJtaImpl.java:43)
	at org.hibernate.tool.schema.internal.exec.ImprovedExtractionContextImpl.getJdbcConnection(ImprovedExtractionContextImpl.java:60)
	at org.hibernate.tool.schema.extract.internal.SequenceInformationExtractorLegacyImpl.extractMetadata(SequenceInformationExtractorLegacyImpl.java:40)
	at org.hibernate.tool.schema.extract.internal.DatabaseInformationImpl.initializeSequences(DatabaseInformationImpl.java:65)
	at org.hibernate.tool.schema.extract.internal.DatabaseInformationImpl.<init>(DatabaseInformationImpl.java:59)
	at org.hibernate.tool.schema.internal.Helper.buildDatabaseInformation(Helper.java:130)
	at org.hibernate.tool.schema.internal.AbstractSchemaMigrator.doMigration(AbstractSchemaMigrator.java:92)
	at org.hibernate.tool.schema.spi.SchemaManagementToolCoordinator.performDatabaseAction(SchemaManagementToolCoordinator.java:176)
	at org.hibernate.tool.schema.spi.SchemaManagementToolCoordinator.process(SchemaManagementToolCoordinator.java:65)
	at org.hibernate.internal.SessionFactoryImpl.<init>(SessionFactoryImpl.java:459)
	at org.hibernate.boot.internal.SessionFactoryBuilderImpl.build(SessionFactoryBuilderImpl.java:465)
	at org.hibernate.cfg.Configuration.buildSessionFactory(Configuration.java:711)
	at org.hibernate.cfg.Configuration.buildSessionFactory(Configuration.java:727)
	at org.springframework.orm.hibernate5.LocalSessionFactoryBean.buildSessionFactory(LocalSessionFactoryBean.java:615)
	at org.springframework.orm.hibernate5.LocalSessionFactoryBean.afterPropertiesSet(LocalSessionFactoryBean.java:599)
	at org.springframework.beans.factory.support.AbstractAutowireCapableBeanFactory.invokeInitMethods(AbstractAutowireCapableBeanFactory.java:1837)
	at org.springframework.beans.factory.support.AbstractAutowireCapableBeanFactory.initializeBean(AbstractAutowireCapableBeanFactory.java:1774)
	at org.springframework.beans.factory.support.AbstractAutowireCapableBeanFactory.doCreateBean(AbstractAutowireCapableBeanFactory.java:593)
	at org.springframework.beans.factory.support.AbstractAutowireCapableBeanFactory.createBean(AbstractAutowireCapableBeanFactory.java:515)
	at org.springframework.beans.factory.support.AbstractBeanFactory.lambda$doGetBean$0(AbstractBeanFactory.java:320)
	at org.springframework.beans.factory.support.DefaultSingletonBeanRegistry.getSingleton(DefaultSingletonBeanRegistry.java:222)
	at org.springframework.beans.factory.support.AbstractBeanFactory.doGetBean(AbstractBeanFactory.java:318)
	at org.springframework.beans.factory.support.AbstractBeanFactory.getBean(AbstractBeanFactory.java:199)
	at org.springframework.beans.factory.config.DependencyDescriptor.resolveCandidate(DependencyDescriptor.java:277)
	at org.springframework.beans.factory.support.DefaultListableBeanFactory.doResolveDependency(DefaultListableBeanFactory.java:1247)
	at org.springframework.beans.factory.support.DefaultListableBeanFactory.resolveDependency(DefaultListableBeanFactory.java:1167)
	at org.springframework.beans.factory.annotation.AutowiredAnnotationBeanPostProcessor$AutowiredFieldElement.inject(AutowiredAnnotationBeanPostProcessor.java:593)
	at org.springframework.beans.factory.annotation.InjectionMetadata.inject(InjectionMetadata.java:90)
	at org.springframework.beans.factory.annotation.AutowiredAnnotationBeanPostProcessor.postProcessProperties(AutowiredAnnotationBeanPostProcessor.java:374)
	at org.springframework.beans.factory.support.AbstractAutowireCapableBeanFactory.populateBean(AbstractAutowireCapableBeanFactory.java:1411)
	at org.springframework.beans.factory.support.AbstractAutowireCapableBeanFactory.doCreateBean(AbstractAutowireCapableBeanFactory.java:592)
	at org.springframework.beans.factory.support.AbstractAutowireCapableBeanFactory.createBean(AbstractAutowireCapableBeanFactory.java:515)
	at org.springframework.beans.factory.support.AbstractBeanFactory.lambda$doGetBean$0(AbstractBeanFactory.java:320)
	at org.springframework.beans.factory.support.DefaultSingletonBeanRegistry.getSingleton(DefaultSingletonBeanRegistry.java:222)
	at org.springframework.beans.factory.support.AbstractBeanFactory.doGetBean(AbstractBeanFactory.java:318)
	at org.springframework.beans.factory.support.AbstractBeanFactory.getBean(AbstractBeanFactory.java:199)
	at org.springframework.beans.factory.config.DependencyDescriptor.resolveCandidate(DependencyDescriptor.java:277)
	at org.springframework.beans.factory.support.DefaultListableBeanFactory.doResolveDependency(DefaultListableBeanFactory.java:1247)
	at org.springframework.beans.factory.support.DefaultListableBeanFactory.resolveDependency(DefaultListableBeanFactory.java:1167)
	at org.springframework.beans.factory.annotation.AutowiredAnnotationBeanPostProcessor$AutowiredFieldElement.inject(AutowiredAnnotationBeanPostProcessor.java:593)
	at org.springframework.beans.factory.annotation.InjectionMetadata.inject(InjectionMetadata.java:90)
	at org.springframework.beans.factory.annotation.AutowiredAnnotationBeanPostProcessor.postProcessProperties(AutowiredAnnotationBeanPostProcessor.java:374)
	at org.springframework.beans.factory.support.AbstractAutowireCapableBeanFactory.populateBean(AbstractAutowireCapableBeanFactory.java:1411)
	at org.springframework.beans.factory.support.AbstractAutowireCapableBeanFactory.doCreateBean(AbstractAutowireCapableBeanFactory.java:592)
	at org.springframework.beans.factory.support.AbstractAutowireCapableBeanFactory.createBean(AbstractAutowireCapableBeanFactory.java:515)
	at org.springframework.beans.factory.support.AbstractBeanFactory.lambda$doGetBean$0(AbstractBeanFactory.java:320)
	at org.springframework.beans.factory.support.DefaultSingletonBeanRegistry.getSingleton(DefaultSingletonBeanRegistry.java:222)
	at org.springframework.beans.factory.support.AbstractBeanFactory.doGetBean(AbstractBeanFactory.java:318)
	at org.springframework.beans.factory.support.AbstractBeanFactory.getBean(AbstractBeanFactory.java:199)
	at org.springframework.beans.factory.support.DefaultListableBeanFactory.preInstantiateSingletons(DefaultListableBeanFactory.java:849)
	at org.springframework.context.support.AbstractApplicationContext.finishBeanFactoryInitialization(AbstractApplicationContext.java:877)
	at org.springframework.context.support.AbstractApplicationContext.refresh(AbstractApplicationContext.java:549)
	at org.springframework.test.context.support.AbstractGenericContextLoader.loadContext(AbstractGenericContextLoader.java:128)
	at org.springframework.test.context.support.AbstractGenericContextLoader.loadContext(AbstractGenericContextLoader.java:60)
	at org.springframework.test.context.support.AbstractDelegatingSmartContextLoader.delegateLoading(AbstractDelegatingSmartContextLoader.java:275)
	at org.springframework.test.context.support.AbstractDelegatingSmartContextLoader.loadContext(AbstractDelegatingSmartContextLoader.java:243)
	at org.springframework.test.context.cache.DefaultCacheAwareContextLoaderDelegate.loadContextInternal(DefaultCacheAwareContextLoaderDelegate.java:99)
	at org.springframework.test.context.cache.DefaultCacheAwareContextLoaderDelegate.loadContext(DefaultCacheAwareContextLoaderDelegate.java:117)
	at org.springframework.test.context.support.DefaultTestContext.getApplicationContext(DefaultTestContext.java:108)
	at org.springframework.test.context.support.DependencyInjectionTestExecutionListener.injectDependencies(DependencyInjectionTestExecutionListener.java:118)
	at org.springframework.test.context.support.DependencyInjectionTestExecutionListener.prepareTestInstance(DependencyInjectionTestExecutionListener.java:83)
	at org.springframework.test.context.TestContextManager.prepareTestInstance(TestContextManager.java:246)
	at org.springframework.test.context.junit4.SpringJUnit4ClassRunner.createTest(SpringJUnit4ClassRunner.java:227)
	at org.springframework.test.context.junit4.SpringJUnit4ClassRunner$1.runReflectiveCall(SpringJUnit4ClassRunner.java:289)
	at org.junit.internal.runners.model.ReflectiveCallable.run(ReflectiveCallable.java:12)
	at org.springframework.test.context.junit4.SpringJUnit4ClassRunner.methodBlock(SpringJUnit4ClassRunner.java:291)
	at org.springframework.test.context.junit4.SpringJUnit4ClassRunner.runChild(SpringJUnit4ClassRunner.java:246)
	at org.springframework.test.context.junit4.SpringJUnit4ClassRunner.runChild(SpringJUnit4ClassRunner.java:97)
	at org.junit.runners.ParentRunner$3.run(ParentRunner.java:290)
	at org.junit.runners.ParentRunner$1.schedule(ParentRunner.java:71)
	at org.junit.runners.ParentRunner.runChildren(ParentRunner.java:288)
	at org.junit.runners.ParentRunner.access$000(ParentRunner.java:58)
	at org.junit.runners.ParentRunner$2.evaluate(ParentRunner.java:268)
	at org.springframework.test.context.junit4.statements.RunBeforeTestClassCallbacks.evaluate(RunBeforeTestClassCallbacks.java:61)
	at org.springframework.test.context.junit4.statements.RunAfterTestClassCallbacks.evaluate(RunAfterTestClassCallbacks.java:70)
	at org.junit.runners.ParentRunner.run(ParentRunner.java:363)
	at org.springframework.test.context.junit4.SpringJUnit4ClassRunner.run(SpringJUnit4ClassRunner.java:190)
	at org.apache.maven.surefire.junit4.JUnit4Provider.execute(JUnit4Provider.java:365)
	at org.apache.maven.surefire.junit4.JUnit4Provider.executeWithRerun(JUnit4Provider.java:273)
	at org.apache.maven.surefire.junit4.JUnit4Provider.executeTestSet(JUnit4Provider.java:238)
	at org.apache.maven.surefire.junit4.JUnit4Provider.invoke(JUnit4Provider.java:159)
	at org.apache.maven.surefire.booter.ForkedBooter.invokeProviderInSameClassLoader(ForkedBooter.java:384)
	at org.apache.maven.surefire.booter.ForkedBooter.runSuitesInProcess(ForkedBooter.java:345)
	at org.apache.maven.surefire.booter.ForkedBooter.execute(ForkedBooter.java:126)
	at org.apache.maven.surefire.booter.ForkedBooter.main(ForkedBooter.java:418)
Caused by: org.hsqldb.HsqlException: java.net.ConnectException: Połączenie odrzucone (Connection refused)
	at org.hsqldb.ClientConnection.openConnection(Unknown Source)
	at org.hsqldb.ClientConnection.initConnection(Unknown Source)
	at org.hsqldb.ClientConnection.<init>(Unknown Source)
	... 96 common frames omitted
Caused by: java.net.ConnectException: Połączenie odrzucone (Connection refused)
	at java.base/java.net.PlainSocketImpl.socketConnect(Native Method)
	at java.base/java.net.AbstractPlainSocketImpl.doConnect(AbstractPlainSocketImpl.java:399)
	at java.base/java.net.AbstractPlainSocketImpl.connectToAddress(AbstractPlainSocketImpl.java:242)
	at java.base/java.net.AbstractPlainSocketImpl.connect(AbstractPlainSocketImpl.java:224)
	at java.base/java.net.SocksSocketImpl.connect(SocksSocketImpl.java:403)
	at java.base/java.net.Socket.connect(Socket.java:591)
	at java.base/java.net.Socket.connect(Socket.java:540)
	at java.base/java.net.Socket.<init>(Socket.java:436)
	at java.base/java.net.Socket.<init>(Socket.java:213)
	at org.hsqldb.server.HsqlSocketFactory.createSocket(Unknown Source)
	... 99 common frames omitted
20:24:26.226 [main] WARN org.hibernate.engine.jdbc.spi.SqlExceptionHelper - SQL Error: -1301, SQLState: 08001
20:24:26.226 [main] ERROR org.hibernate.engine.jdbc.spi.SqlExceptionHelper - java.net.ConnectException: Połączenie odrzucone (Connection refused)
20:24:26.227 [main] WARN org.springframework.context.support.GenericApplicationContext - Exception encountered during context initialization - cancelling refresh attempt: org.springframework.beans.factory.UnsatisfiedDependencyException: Error creating bean with name 'playerController': Unsatisfied dependency expressed through field 'playerManager'; nested exception is org.springframework.beans.factory.UnsatisfiedDependencyException: Error creating bean with name 'playerManagerHibernateImpl': Unsatisfied dependency expressed through field 'sessionFactory'; nested exception is org.springframework.beans.factory.BeanCreationException: Error creating bean with name 'hibernateSessionFactory' defined in class path resource [beans.xml]: Invocation of init method failed; nested exception is org.hibernate.exception.JDBCConnectionException: Unable to open JDBC Connection for DDL execution
20:24:26.227 [main] ERROR org.springframework.test.context.TestContextManager - Caught exception while allowing TestExecutionListener [org.springframework.test.context.support.DependencyInjectionTestExecutionListener@6a400542] to prepare test instance [tau.mmo.service.PlayerManagerTest@3e1897d]
java.lang.IllegalStateException: Failed to load ApplicationContext
	at org.springframework.test.context.cache.DefaultCacheAwareContextLoaderDelegate.loadContext(DefaultCacheAwareContextLoaderDelegate.java:125)
	at org.springframework.test.context.support.DefaultTestContext.getApplicationContext(DefaultTestContext.java:108)
	at org.springframework.test.context.support.DependencyInjectionTestExecutionListener.injectDependencies(DependencyInjectionTestExecutionListener.java:118)
	at org.springframework.test.context.support.DependencyInjectionTestExecutionListener.prepareTestInstance(DependencyInjectionTestExecutionListener.java:83)
	at org.springframework.test.context.TestContextManager.prepareTestInstance(TestContextManager.java:246)
	at org.springframework.test.context.junit4.SpringJUnit4ClassRunner.createTest(SpringJUnit4ClassRunner.java:227)
	at org.springframework.test.context.junit4.SpringJUnit4ClassRunner$1.runReflectiveCall(SpringJUnit4ClassRunner.java:289)
	at org.junit.internal.runners.model.ReflectiveCallable.run(ReflectiveCallable.java:12)
	at org.springframework.test.context.junit4.SpringJUnit4ClassRunner.methodBlock(SpringJUnit4ClassRunner.java:291)
	at org.springframework.test.context.junit4.SpringJUnit4ClassRunner.runChild(SpringJUnit4ClassRunner.java:246)
	at org.springframework.test.context.junit4.SpringJUnit4ClassRunner.runChild(SpringJUnit4ClassRunner.java:97)
	at org.junit.runners.ParentRunner$3.run(ParentRunner.java:290)
	at org.junit.runners.ParentRunner$1.schedule(ParentRunner.java:71)
	at org.junit.runners.ParentRunner.runChildren(ParentRunner.java:288)
	at org.junit.runners.ParentRunner.access$000(ParentRunner.java:58)
	at org.junit.runners.ParentRunner$2.evaluate(ParentRunner.java:268)
	at org.springframework.test.context.junit4.statements.RunBeforeTestClassCallbacks.evaluate(RunBeforeTestClassCallbacks.java:61)
	at org.springframework.test.context.junit4.statements.RunAfterTestClassCallbacks.evaluate(RunAfterTestClassCallbacks.java:70)
	at org.junit.runners.ParentRunner.run(ParentRunner.java:363)
	at org.springframework.test.context.junit4.SpringJUnit4ClassRunner.run(SpringJUnit4ClassRunner.java:190)
	at org.apache.maven.surefire.junit4.JUnit4Provider.execute(JUnit4Provider.java:365)
	at org.apache.maven.surefire.junit4.JUnit4Provider.executeWithRerun(JUnit4Provider.java:273)
	at org.apache.maven.surefire.junit4.JUnit4Provider.executeTestSet(JUnit4Provider.java:238)
	at org.apache.maven.surefire.junit4.JUnit4Provider.invoke(JUnit4Provider.java:159)
	at org.apache.maven.surefire.booter.ForkedBooter.invokeProviderInSameClassLoader(ForkedBooter.java:384)
	at org.apache.maven.surefire.booter.ForkedBooter.runSuitesInProcess(ForkedBooter.java:345)
	at org.apache.maven.surefire.booter.ForkedBooter.execute(ForkedBooter.java:126)
	at org.apache.maven.surefire.booter.ForkedBooter.main(ForkedBooter.java:418)
Caused by: org.springframework.beans.factory.UnsatisfiedDependencyException: Error creating bean with name 'playerController': Unsatisfied dependency expressed through field 'playerManager'; nested exception is org.springframework.beans.factory.UnsatisfiedDependencyException: Error creating bean with name 'playerManagerHibernateImpl': Unsatisfied dependency expressed through field 'sessionFactory'; nested exception is org.springframework.beans.factory.BeanCreationException: Error creating bean with name 'hibernateSessionFactory' defined in class path resource [beans.xml]: Invocation of init method failed; nested exception is org.hibernate.exception.JDBCConnectionException: Unable to open JDBC Connection for DDL execution
	at org.springframework.beans.factory.annotation.AutowiredAnnotationBeanPostProcessor$AutowiredFieldElement.inject(AutowiredAnnotationBeanPostProcessor.java:596)
	at org.springframework.beans.factory.annotation.InjectionMetadata.inject(InjectionMetadata.java:90)
	at org.springframework.beans.factory.annotation.AutowiredAnnotationBeanPostProcessor.postProcessProperties(AutowiredAnnotationBeanPostProcessor.java:374)
	at org.springframework.beans.factory.support.AbstractAutowireCapableBeanFactory.populateBean(AbstractAutowireCapableBeanFactory.java:1411)
	at org.springframework.beans.factory.support.AbstractAutowireCapableBeanFactory.doCreateBean(AbstractAutowireCapableBeanFactory.java:592)
	at org.springframework.beans.factory.support.AbstractAutowireCapableBeanFactory.createBean(AbstractAutowireCapableBeanFactory.java:515)
	at org.springframework.beans.factory.support.AbstractBeanFactory.lambda$doGetBean$0(AbstractBeanFactory.java:320)
	at org.springframework.beans.factory.support.DefaultSingletonBeanRegistry.getSingleton(DefaultSingletonBeanRegistry.java:222)
	at org.springframework.beans.factory.support.AbstractBeanFactory.doGetBean(AbstractBeanFactory.java:318)
	at org.springframework.beans.factory.support.AbstractBeanFactory.getBean(AbstractBeanFactory.java:199)
	at org.springframework.beans.factory.support.DefaultListableBeanFactory.preInstantiateSingletons(DefaultListableBeanFactory.java:849)
	at org.springframework.context.support.AbstractApplicationContext.finishBeanFactoryInitialization(AbstractApplicationContext.java:877)
	at org.springframework.context.support.AbstractApplicationContext.refresh(AbstractApplicationContext.java:549)
	at org.springframework.test.context.support.AbstractGenericContextLoader.loadContext(AbstractGenericContextLoader.java:128)
	at org.springframework.test.context.support.AbstractGenericContextLoader.loadContext(AbstractGenericContextLoader.java:60)
	at org.springframework.test.context.support.AbstractDelegatingSmartContextLoader.delegateLoading(AbstractDelegatingSmartContextLoader.java:275)
	at org.springframework.test.context.support.AbstractDelegatingSmartContextLoader.loadContext(AbstractDelegatingSmartContextLoader.java:243)
	at org.springframework.test.context.cache.DefaultCacheAwareContextLoaderDelegate.loadContextInternal(DefaultCacheAwareContextLoaderDelegate.java:99)
	at org.springframework.test.context.cache.DefaultCacheAwareContextLoaderDelegate.loadContext(DefaultCacheAwareContextLoaderDelegate.java:117)
	... 27 common frames omitted
Caused by: org.springframework.beans.factory.UnsatisfiedDependencyException: Error creating bean with name 'playerManagerHibernateImpl': Unsatisfied dependency expressed through field 'sessionFactory'; nested exception is org.springframework.beans.factory.BeanCreationException: Error creating bean with name 'hibernateSessionFactory' defined in class path resource [beans.xml]: Invocation of init method failed; nested exception is org.hibernate.exception.JDBCConnectionException: Unable to open JDBC Connection for DDL execution
	at org.springframework.beans.factory.annotation.AutowiredAnnotationBeanPostProcessor$AutowiredFieldElement.inject(AutowiredAnnotationBeanPostProcessor.java:596)
	at org.springframework.beans.factory.annotation.InjectionMetadata.inject(InjectionMetadata.java:90)
	at org.springframework.beans.factory.annotation.AutowiredAnnotationBeanPostProcessor.postProcessProperties(AutowiredAnnotationBeanPostProcessor.java:374)
	at org.springframework.beans.factory.support.AbstractAutowireCapableBeanFactory.populateBean(AbstractAutowireCapableBeanFactory.java:1411)
	at org.springframework.beans.factory.support.AbstractAutowireCapableBeanFactory.doCreateBean(AbstractAutowireCapableBeanFactory.java:592)
	at org.springframework.beans.factory.support.AbstractAutowireCapableBeanFactory.createBean(AbstractAutowireCapableBeanFactory.java:515)
	at org.springframework.beans.factory.support.AbstractBeanFactory.lambda$doGetBean$0(AbstractBeanFactory.java:320)
	at org.springframework.beans.factory.support.DefaultSingletonBeanRegistry.getSingleton(DefaultSingletonBeanRegistry.java:222)
	at org.springframework.beans.factory.support.AbstractBeanFactory.doGetBean(AbstractBeanFactory.java:318)
	at org.springframework.beans.factory.support.AbstractBeanFactory.getBean(AbstractBeanFactory.java:199)
	at org.springframework.beans.factory.config.DependencyDescriptor.resolveCandidate(DependencyDescriptor.java:277)
	at org.springframework.beans.factory.support.DefaultListableBeanFactory.doResolveDependency(DefaultListableBeanFactory.java:1247)
	at org.springframework.beans.factory.support.DefaultListableBeanFactory.resolveDependency(DefaultListableBeanFactory.java:1167)
	at org.springframework.beans.factory.annotation.AutowiredAnnotationBeanPostProcessor$AutowiredFieldElement.inject(AutowiredAnnotationBeanPostProcessor.java:593)
	... 45 common frames omitted
Caused by: org.springframework.beans.factory.BeanCreationException: Error creating bean with name 'hibernateSessionFactory' defined in class path resource [beans.xml]: Invocation of init method failed; nested exception is org.hibernate.exception.JDBCConnectionException: Unable to open JDBC Connection for DDL execution
	at org.springframework.beans.factory.support.AbstractAutowireCapableBeanFactory.initializeBean(AbstractAutowireCapableBeanFactory.java:1778)
	at org.springframework.beans.factory.support.AbstractAutowireCapableBeanFactory.doCreateBean(AbstractAutowireCapableBeanFactory.java:593)
	at org.springframework.beans.factory.support.AbstractAutowireCapableBeanFactory.createBean(AbstractAutowireCapableBeanFactory.java:515)
	at org.springframework.beans.factory.support.AbstractBeanFactory.lambda$doGetBean$0(AbstractBeanFactory.java:320)
	at org.springframework.beans.factory.support.DefaultSingletonBeanRegistry.getSingleton(DefaultSingletonBeanRegistry.java:222)
	at org.springframework.beans.factory.support.AbstractBeanFactory.doGetBean(AbstractBeanFactory.java:318)
	at org.springframework.beans.factory.support.AbstractBeanFactory.getBean(AbstractBeanFactory.java:199)
	at org.springframework.beans.factory.config.DependencyDescriptor.resolveCandidate(DependencyDescriptor.java:277)
	at org.springframework.beans.factory.support.DefaultListableBeanFactory.doResolveDependency(DefaultListableBeanFactory.java:1247)
	at org.springframework.beans.factory.support.DefaultListableBeanFactory.resolveDependency(DefaultListableBeanFactory.java:1167)
	at org.springframework.beans.factory.annotation.AutowiredAnnotationBeanPostProcessor$AutowiredFieldElement.inject(AutowiredAnnotationBeanPostProcessor.java:593)
	... 58 common frames omitted
Caused by: org.hibernate.exception.JDBCConnectionException: Unable to open JDBC Connection for DDL execution
	at org.hibernate.exception.internal.SQLExceptionTypeDelegate.convert(SQLExceptionTypeDelegate.java:48)
	at org.hibernate.exception.internal.StandardSQLExceptionConverter.convert(StandardSQLExceptionConverter.java:42)
	at org.hibernate.engine.jdbc.spi.SqlExceptionHelper.convert(SqlExceptionHelper.java:111)
	at org.hibernate.engine.jdbc.spi.SqlExceptionHelper.convert(SqlExceptionHelper.java:97)
	at org.hibernate.resource.transaction.backend.jdbc.internal.DdlTransactionIsolatorNonJtaImpl.getIsolatedConnection(DdlTransactionIsolatorNonJtaImpl.java:69)
	at org.hibernate.tool.schema.internal.exec.ImprovedExtractionContextImpl.getJdbcConnection(ImprovedExtractionContextImpl.java:60)
	at org.hibernate.tool.schema.extract.internal.SequenceInformationExtractorLegacyImpl.extractMetadata(SequenceInformationExtractorLegacyImpl.java:40)
	at org.hibernate.tool.schema.extract.internal.DatabaseInformationImpl.initializeSequences(DatabaseInformationImpl.java:65)
	at org.hibernate.tool.schema.extract.internal.DatabaseInformationImpl.<init>(DatabaseInformationImpl.java:59)
	at org.hibernate.tool.schema.internal.Helper.buildDatabaseInformation(Helper.java:130)
	at org.hibernate.tool.schema.internal.AbstractSchemaMigrator.doMigration(AbstractSchemaMigrator.java:92)
	at org.hibernate.tool.schema.spi.SchemaManagementToolCoordinator.performDatabaseAction(SchemaManagementToolCoordinator.java:176)
	at org.hibernate.tool.schema.spi.SchemaManagementToolCoordinator.process(SchemaManagementToolCoordinator.java:65)
	at org.hibernate.internal.SessionFactoryImpl.<init>(SessionFactoryImpl.java:459)
	at org.hibernate.boot.internal.SessionFactoryBuilderImpl.build(SessionFactoryBuilderImpl.java:465)
	at org.hibernate.cfg.Configuration.buildSessionFactory(Configuration.java:711)
	at org.hibernate.cfg.Configuration.buildSessionFactory(Configuration.java:727)
	at org.springframework.orm.hibernate5.LocalSessionFactoryBean.buildSessionFactory(LocalSessionFactoryBean.java:615)
	at org.springframework.orm.hibernate5.LocalSessionFactoryBean.afterPropertiesSet(LocalSessionFactoryBean.java:599)
	at org.springframework.beans.factory.support.AbstractAutowireCapableBeanFactory.invokeInitMethods(AbstractAutowireCapableBeanFactory.java:1837)
	at org.springframework.beans.factory.support.AbstractAutowireCapableBeanFactory.initializeBean(AbstractAutowireCapableBeanFactory.java:1774)
	... 68 common frames omitted
Caused by: java.sql.SQLTransientConnectionException: java.net.ConnectException: Połączenie odrzucone (Connection refused)
	at org.hsqldb.jdbc.JDBCUtil.sqlException(Unknown Source)
	at org.hsqldb.jdbc.JDBCUtil.sqlException(Unknown Source)
	at org.hsqldb.jdbc.JDBCConnection.<init>(Unknown Source)
	at org.hsqldb.jdbc.JDBCDriver.getConnection(Unknown Source)
	at org.hsqldb.jdbc.JDBCDriver.connect(Unknown Source)
	at java.sql/java.sql.DriverManager.getConnection(DriverManager.java:677)
	at java.sql/java.sql.DriverManager.getConnection(DriverManager.java:189)
	at org.springframework.jdbc.datasource.DriverManagerDataSource.getConnectionFromDriverManager(DriverManagerDataSource.java:154)
	at org.springframework.jdbc.datasource.DriverManagerDataSource.getConnectionFromDriver(DriverManagerDataSource.java:145)
	at org.springframework.jdbc.datasource.AbstractDriverBasedDataSource.getConnectionFromDriver(AbstractDriverBasedDataSource.java:205)
	at org.springframework.jdbc.datasource.AbstractDriverBasedDataSource.getConnection(AbstractDriverBasedDataSource.java:169)
	at org.hibernate.engine.jdbc.connections.internal.DatasourceConnectionProviderImpl.getConnection(DatasourceConnectionProviderImpl.java:122)
	at org.hibernate.engine.jdbc.env.internal.JdbcEnvironmentInitiator$ConnectionProviderJdbcConnectionAccess.obtainConnection(JdbcEnvironmentInitiator.java:180)
	at org.hibernate.resource.transaction.backend.jdbc.internal.DdlTransactionIsolatorNonJtaImpl.getIsolatedConnection(DdlTransactionIsolatorNonJtaImpl.java:43)
	... 84 common frames omitted
Caused by: org.hsqldb.HsqlException: java.net.ConnectException: Połączenie odrzucone (Connection refused)
	at org.hsqldb.ClientConnection.openConnection(Unknown Source)
	at org.hsqldb.ClientConnection.initConnection(Unknown Source)
	at org.hsqldb.ClientConnection.<init>(Unknown Source)
	... 96 common frames omitted
Caused by: java.net.ConnectException: Połączenie odrzucone (Connection refused)
	at java.base/java.net.PlainSocketImpl.socketConnect(Native Method)
	at java.base/java.net.AbstractPlainSocketImpl.doConnect(AbstractPlainSocketImpl.java:399)
	at java.base/java.net.AbstractPlainSocketImpl.connectToAddress(AbstractPlainSocketImpl.java:242)
	at java.base/java.net.AbstractPlainSocketImpl.connect(AbstractPlainSocketImpl.java:224)
	at java.base/java.net.SocksSocketImpl.connect(SocksSocketImpl.java:403)
	at java.base/java.net.Socket.connect(Socket.java:591)
	at java.base/java.net.Socket.connect(Socket.java:540)
	at java.base/java.net.Socket.<init>(Socket.java:436)
	at java.base/java.net.Socket.<init>(Socket.java:213)
	at org.hsqldb.server.HsqlSocketFactory.createSocket(Unknown Source)
	... 99 common frames omitted
]]></system-out>
  </testcase>
  <testcase name="addPlayerTest" classname="tau.mmo.service.PlayerManagerTest" time="0">
    <error message="Failed to load ApplicationContext" type="java.lang.IllegalStateException">java.lang.IllegalStateException: Failed to load ApplicationContext
Caused by: org.springframework.beans.factory.UnsatisfiedDependencyException: Error creating bean with name 'playerController': Unsatisfied dependency expressed through field 'playerManager'; nested exception is org.springframework.beans.factory.UnsatisfiedDependencyException: Error creating bean with name 'playerManagerHibernateImpl': Unsatisfied dependency expressed through field 'sessionFactory'; nested exception is org.springframework.beans.factory.BeanCreationException: Error creating bean with name 'hibernateSessionFactory' defined in class path resource [beans.xml]: Invocation of init method failed; nested exception is org.hibernate.exception.JDBCConnectionException: Unable to open JDBC Connection for DDL execution
Caused by: org.springframework.beans.factory.UnsatisfiedDependencyException: Error creating bean with name 'playerManagerHibernateImpl': Unsatisfied dependency expressed through field 'sessionFactory'; nested exception is org.springframework.beans.factory.BeanCreationException: Error creating bean with name 'hibernateSessionFactory' defined in class path resource [beans.xml]: Invocation of init method failed; nested exception is org.hibernate.exception.JDBCConnectionException: Unable to open JDBC Connection for DDL execution
Caused by: org.springframework.beans.factory.BeanCreationException: Error creating bean with name 'hibernateSessionFactory' defined in class path resource [beans.xml]: Invocation of init method failed; nested exception is org.hibernate.exception.JDBCConnectionException: Unable to open JDBC Connection for DDL execution
Caused by: org.hibernate.exception.JDBCConnectionException: Unable to open JDBC Connection for DDL execution
Caused by: java.sql.SQLTransientConnectionException: java.net.ConnectException: Połączenie odrzucone (Connection refused)
Caused by: org.hsqldb.HsqlException: java.net.ConnectException: Połączenie odrzucone (Connection refused)
Caused by: java.net.ConnectException: Połączenie odrzucone (Connection refused)
</error>
    <system-out><![CDATA[20:24:26.228 [main] DEBUG org.springframework.test.annotation.ProfileValueUtils - Retrieved @ProfileValueSourceConfiguration [null] for test class [tau.mmo.service.PlayerManagerTest]
20:24:26.228 [main] DEBUG org.springframework.test.annotation.ProfileValueUtils - Retrieved ProfileValueSource type [class org.springframework.test.annotation.SystemProfileValueSource] for class [tau.mmo.service.PlayerManagerTest]
20:24:26.228 [main] DEBUG org.springframework.test.context.support.DependencyInjectionTestExecutionListener - Performing dependency injection for test context [[DefaultTestContext@7ed7259e testClass = PlayerManagerTest, testInstance = tau.mmo.service.PlayerManagerTest@77e5c765, testMethod = [null], testException = [null], mergedContextConfiguration = [MergedContextConfiguration@28eaa59a testClass = PlayerManagerTest, locations = '{classpath:/beans.xml}', classes = '{}', contextInitializerClasses = '[]', activeProfiles = '{}', propertySourceLocations = '{}', propertySourceProperties = '{}', contextCustomizers = set[org.springframework.boot.test.context.filter.ExcludeFilterContextCustomizer@6b4a4e18, org.springframework.boot.test.json.DuplicateJsonObjectContextCustomizerFactory$DuplicateJsonObjectContextCustomizer@402e37bc, org.springframework.boot.test.mock.mockito.MockitoContextCustomizer@0, org.springframework.boot.test.autoconfigure.properties.PropertyMappingContextCustomizer@0, org.springframework.boot.test.autoconfigure.web.servlet.WebDriverContextCustomizerFactory$Customizer@6973bf95], contextLoader = 'org.springframework.test.context.support.DelegatingSmartContextLoader', parent = [null]], attributes = map[[empty]]]].
20:24:26.228 [main] DEBUG org.springframework.test.context.support.AbstractDelegatingSmartContextLoader - Delegating to GenericXmlContextLoader to load context from [MergedContextConfiguration@28eaa59a testClass = PlayerManagerTest, locations = '{classpath:/beans.xml}', classes = '{}', contextInitializerClasses = '[]', activeProfiles = '{}', propertySourceLocations = '{}', propertySourceProperties = '{}', contextCustomizers = set[org.springframework.boot.test.context.filter.ExcludeFilterContextCustomizer@6b4a4e18, org.springframework.boot.test.json.DuplicateJsonObjectContextCustomizerFactory$DuplicateJsonObjectContextCustomizer@402e37bc, org.springframework.boot.test.mock.mockito.MockitoContextCustomizer@0, org.springframework.boot.test.autoconfigure.properties.PropertyMappingContextCustomizer@0, org.springframework.boot.test.autoconfigure.web.servlet.WebDriverContextCustomizerFactory$Customizer@6973bf95], contextLoader = 'org.springframework.test.context.support.DelegatingSmartContextLoader', parent = [null]].
20:24:26.228 [main] DEBUG org.springframework.test.context.support.AbstractGenericContextLoader - Loading ApplicationContext for merged context configuration [[MergedContextConfiguration@28eaa59a testClass = PlayerManagerTest, locations = '{classpath:/beans.xml}', classes = '{}', contextInitializerClasses = '[]', activeProfiles = '{}', propertySourceLocations = '{}', propertySourceProperties = '{}', contextCustomizers = set[org.springframework.boot.test.context.filter.ExcludeFilterContextCustomizer@6b4a4e18, org.springframework.boot.test.json.DuplicateJsonObjectContextCustomizerFactory$DuplicateJsonObjectContextCustomizer@402e37bc, org.springframework.boot.test.mock.mockito.MockitoContextCustomizer@0, org.springframework.boot.test.autoconfigure.properties.PropertyMappingContextCustomizer@0, org.springframework.boot.test.autoconfigure.web.servlet.WebDriverContextCustomizerFactory$Customizer@6973bf95], contextLoader = 'org.springframework.test.context.support.DelegatingSmartContextLoader', parent = [null]]].
20:24:26.228 [main] DEBUG org.springframework.core.env.StandardEnvironment - Activating profiles []
20:24:26.250 [main] DEBUG org.springframework.context.annotation.ClassPathBeanDefinitionScanner - Identified candidate component class: file [/home/whitewolf/tau/TAU-repozytorium/tau-mmo-jmeter/target/classes/tau/mmo/Application.class]
20:24:26.251 [main] DEBUG org.springframework.context.annotation.ClassPathBeanDefinitionScanner - Identified candidate component class: file [/home/whitewolf/tau/TAU-repozytorium/tau-mmo-jmeter/target/classes/tau/mmo/api/PlayerController.class]
20:24:26.251 [main] DEBUG org.springframework.context.annotation.ClassPathBeanDefinitionScanner - Identified candidate component class: file [/home/whitewolf/tau/TAU-repozytorium/tau-mmo-jmeter/target/classes/tau/mmo/service/PlayerManagerHibernateImpl.class]
20:24:26.252 [main] DEBUG org.springframework.beans.factory.xml.XmlBeanDefinitionReader - Loaded 12 bean definitions from class path resource [beans.xml]
20:24:26.252 [main] DEBUG org.springframework.context.support.GenericApplicationContext - Refreshing org.springframework.context.support.GenericApplicationContext@5daa621b
20:24:26.253 [main] DEBUG org.springframework.beans.factory.support.DefaultListableBeanFactory - Creating shared instance of singleton bean 'org.springframework.context.annotation.internalConfigurationAnnotationProcessor'
20:24:26.269 [main] DEBUG org.springframework.context.annotation.ClassPathBeanDefinitionScanner - Identified candidate component class: file [/home/whitewolf/tau/TAU-repozytorium/tau-mmo-jmeter/target/classes/tau/mmo/api/PlayerController.class]
20:24:26.269 [main] DEBUG org.springframework.context.annotation.ClassPathBeanDefinitionScanner - Identified candidate component class: file [/home/whitewolf/tau/TAU-repozytorium/tau-mmo-jmeter/target/classes/tau/mmo/service/PlayerManagerHibernateImpl.class]
20:24:26.334 [main] DEBUG org.springframework.context.annotation.ClassPathBeanDefinitionScanner - Identified candidate component class: file [/home/whitewolf/tau/TAU-repozytorium/tau-mmo-jmeter/target/classes/tau/mmo/Application.class]
20:24:26.334 [main] DEBUG org.springframework.context.annotation.ClassPathBeanDefinitionScanner - Identified candidate component class: file [/home/whitewolf/tau/TAU-repozytorium/tau-mmo-jmeter/target/classes/tau/mmo/api/PlayerController.class]
20:24:26.334 [main] DEBUG org.springframework.context.annotation.ClassPathBeanDefinitionScanner - Identified candidate component class: file [/home/whitewolf/tau/TAU-repozytorium/tau-mmo-jmeter/target/classes/tau/mmo/service/PlayerManagerHibernateImpl.class]
20:24:26.335 [main] DEBUG org.springframework.beans.factory.xml.XmlBeanDefinitionReader - Loaded 0 bean definitions from class path resource [beans.xml]
20:24:26.335 [main] DEBUG org.springframework.beans.factory.support.DefaultListableBeanFactory - Creating shared instance of singleton bean 'org.springframework.boot.autoconfigure.condition.BeanTypeRegistry'
20:24:26.339 [main] INFO org.springframework.data.repository.config.RepositoryConfigurationDelegate - Bootstrapping Spring Data repositories in DEFAULT mode.
20:24:26.339 [main] DEBUG org.springframework.beans.factory.support.DefaultListableBeanFactory - Creating shared instance of singleton bean 'org.springframework.boot.autoconfigure.AutoConfigurationPackages'
20:24:26.339 [main] DEBUG org.springframework.boot.autoconfigure.AutoConfigurationPackages - @EnableAutoConfiguration was declared on a class in the package 'tau.mmo'. Automatic @Repository and @Entity scanning is enabled.
20:24:26.339 [main] DEBUG org.springframework.data.repository.config.RepositoryConfigurationDelegate - Scanning for repositories in packages tau.mmo.
20:24:26.340 [main] INFO org.springframework.data.repository.config.RepositoryConfigurationDelegate - Finished Spring Data repository scanning in 1ms. Found 0 repository interfaces.
20:24:26.347 [main] DEBUG org.springframework.beans.factory.support.DefaultListableBeanFactory - Creating shared instance of singleton bean 'propertySourcesPlaceholderConfigurer'
20:24:26.347 [main] DEBUG org.springframework.core.env.PropertySourcesPropertyResolver - Found key 'jdbc.driverClassName' in PropertySource 'class path resource [jdbc.properties]' with value of type String
20:24:26.347 [main] DEBUG org.springframework.core.env.PropertySourcesPropertyResolver - Found key 'jdbc.driverClassName' in PropertySource 'environmentProperties' with value of type String
20:24:26.347 [main] DEBUG org.springframework.core.env.PropertySourcesPropertyResolver - Found key 'jdbc.url' in PropertySource 'class path resource [jdbc.properties]' with value of type String
20:24:26.347 [main] DEBUG org.springframework.core.env.PropertySourcesPropertyResolver - Found key 'jdbc.url' in PropertySource 'environmentProperties' with value of type String
20:24:26.347 [main] DEBUG org.springframework.core.env.PropertySourcesPropertyResolver - Found key 'jdbc.username' in PropertySource 'class path resource [jdbc.properties]' with value of type String
20:24:26.347 [main] DEBUG org.springframework.core.env.PropertySourcesPropertyResolver - Found key 'jdbc.username' in PropertySource 'environmentProperties' with value of type String
20:24:26.347 [main] DEBUG org.springframework.core.env.PropertySourcesPropertyResolver - Found key 'jdbc.password' in PropertySource 'class path resource [jdbc.properties]' with value of type String
20:24:26.347 [main] DEBUG org.springframework.core.env.PropertySourcesPropertyResolver - Found key 'jdbc.password' in PropertySource 'environmentProperties' with value of type String
20:24:26.347 [main] DEBUG org.springframework.beans.factory.support.DefaultListableBeanFactory - Creating shared instance of singleton bean 'org.springframework.boot.test.mock.mockito.MockitoPostProcessor'
20:24:26.348 [main] DEBUG org.springframework.beans.factory.support.DefaultListableBeanFactory - Creating shared instance of singleton bean 'emBeanDefinitionRegistrarPostProcessor'
20:24:26.349 [main] DEBUG org.springframework.beans.factory.support.DefaultListableBeanFactory - Creating shared instance of singleton bean 'org.springframework.context.event.internalEventListenerProcessor'
20:24:26.349 [main] DEBUG org.springframework.beans.factory.support.DefaultListableBeanFactory - Creating shared instance of singleton bean 'org.springframework.boot.context.properties.ConfigurationBeanFactoryMetadata'
20:24:26.349 [main] DEBUG org.springframework.beans.factory.support.DefaultListableBeanFactory - Creating shared instance of singleton bean 'org.springframework.context.event.internalEventListenerFactory'
20:24:26.349 [main] DEBUG org.springframework.beans.factory.support.DefaultListableBeanFactory - Creating shared instance of singleton bean 'org.springframework.transaction.config.internalTransactionalEventListenerFactory'
20:24:26.350 [main] DEBUG org.springframework.beans.factory.support.DefaultListableBeanFactory - Creating shared instance of singleton bean 'org.springframework.context.annotation.internalAutowiredAnnotationProcessor'
20:24:26.351 [main] DEBUG org.springframework.beans.factory.support.DefaultListableBeanFactory - Creating shared instance of singleton bean 'org.springframework.context.annotation.internalCommonAnnotationProcessor'
20:24:26.351 [main] DEBUG org.springframework.beans.factory.support.DefaultListableBeanFactory - Creating shared instance of singleton bean 'org.springframework.context.annotation.internalPersistenceAnnotationProcessor'
20:24:26.351 [main] DEBUG org.springframework.beans.factory.support.DefaultListableBeanFactory - Creating shared instance of singleton bean 'org.springframework.boot.test.mock.mockito.MockitoPostProcessor$SpyPostProcessor'
20:24:26.351 [main] DEBUG org.springframework.beans.factory.support.DefaultListableBeanFactory - Creating shared instance of singleton bean 'org.springframework.boot.context.properties.ConfigurationPropertiesBindingPostProcessor'
20:24:26.351 [main] DEBUG org.springframework.beans.factory.support.DefaultListableBeanFactory - Creating shared instance of singleton bean 'methodValidationPostProcessor'
20:24:26.352 [main] DEBUG org.springframework.beans.factory.support.DefaultListableBeanFactory - Autowiring by type from bean name 'methodValidationPostProcessor' via factory method to bean named 'environment'
20:24:26.353 [main] DEBUG org.springframework.beans.factory.support.DefaultListableBeanFactory - Creating shared instance of singleton bean 'org.springframework.aop.config.internalAutoProxyCreator'
20:24:26.353 [main] DEBUG org.springframework.beans.factory.support.DefaultListableBeanFactory - Creating shared instance of singleton bean 'dataSourceInitializerPostProcessor'
20:24:26.354 [main] DEBUG org.springframework.beans.factory.support.DefaultListableBeanFactory - Creating shared instance of singleton bean 'persistenceExceptionTranslationPostProcessor'
20:24:26.354 [main] DEBUG org.springframework.beans.factory.support.DefaultListableBeanFactory - Autowiring by type from bean name 'persistenceExceptionTranslationPostProcessor' via factory method to bean named 'environment'
20:24:26.355 [main] DEBUG org.springframework.beans.factory.support.DefaultListableBeanFactory - Creating shared instance of singleton bean 'application'
20:24:26.356 [main] DEBUG org.springframework.beans.factory.support.DefaultListableBeanFactory - Creating shared instance of singleton bean 'org.springframework.transaction.config.internalTransactionAdvisor'
20:24:26.356 [main] DEBUG org.springframework.beans.factory.support.DefaultListableBeanFactory - Creating shared instance of singleton bean 'org.springframework.transaction.annotation.ProxyTransactionManagementConfiguration'
20:24:26.358 [main] DEBUG org.springframework.beans.factory.support.DefaultListableBeanFactory - Creating shared instance of singleton bean 'transactionAttributeSource'
20:24:26.359 [main] DEBUG org.springframework.beans.factory.support.DefaultListableBeanFactory - Creating shared instance of singleton bean 'transactionInterceptor'
20:24:26.360 [main] DEBUG org.springframework.beans.factory.support.DefaultListableBeanFactory - Creating shared instance of singleton bean 'playerController'
20:24:26.361 [main] DEBUG org.springframework.beans.factory.support.DefaultListableBeanFactory - Creating shared instance of singleton bean 'playerManagerHibernateImpl'
20:24:26.362 [main] DEBUG org.springframework.beans.factory.support.DefaultListableBeanFactory - Creating shared instance of singleton bean 'hibernateSessionFactory'
20:24:26.363 [main] DEBUG org.springframework.beans.factory.support.DefaultListableBeanFactory - Creating shared instance of singleton bean 'dataSource'
20:24:26.363 [main] DEBUG org.springframework.jdbc.datasource.DriverManagerDataSource - Loaded JDBC driver: org.hsqldb.jdbcDriver
20:24:26.364 [main] DEBUG org.springframework.beans.factory.support.DefaultListableBeanFactory - Creating shared instance of singleton bean 'org.springframework.boot.autoconfigure.jdbc.DataSourceInitializerInvoker'
20:24:26.364 [main] DEBUG org.springframework.beans.factory.support.DefaultListableBeanFactory - Creating shared instance of singleton bean 'spring.datasource-org.springframework.boot.autoconfigure.jdbc.DataSourceProperties'
20:24:26.370 [main] DEBUG org.springframework.beans.factory.support.DefaultListableBeanFactory - Autowiring by type from bean name 'org.springframework.boot.autoconfigure.jdbc.DataSourceInitializerInvoker' via constructor to bean named 'spring.datasource-org.springframework.boot.autoconfigure.jdbc.DataSourceProperties'
20:24:26.370 [main] DEBUG org.springframework.beans.factory.support.DefaultListableBeanFactory - Autowiring by type from bean name 'org.springframework.boot.autoconfigure.jdbc.DataSourceInitializerInvoker' via constructor to bean named 'org.springframework.context.support.GenericApplicationContext@5daa621b'
20:24:26.372 [main] DEBUG org.hibernate.integrator.internal.IntegratorServiceImpl - Adding Integrator [org.hibernate.cfg.beanvalidation.BeanValidationIntegrator].
20:24:26.372 [main] DEBUG org.hibernate.integrator.internal.IntegratorServiceImpl - Adding Integrator [org.hibernate.secure.spi.JaccIntegrator].
20:24:26.372 [main] DEBUG org.hibernate.integrator.internal.IntegratorServiceImpl - Adding Integrator [org.hibernate.cache.internal.CollectionCacheInvalidator].
20:24:26.373 [main] DEBUG org.hibernate.cfg.Configuration - Building session factory using internal StandardServiceRegistryBuilder
20:24:26.373 [main] DEBUG org.hibernate.service.spi.ServiceBinding - Overriding existing service binding [org.hibernate.secure.spi.JaccService]
20:24:26.373 [main] DEBUG org.hibernate.cfg.Configuration - Building session factory using provided StandardServiceRegistry
20:24:26.373 [main] DEBUG org.hibernate.cache.internal.RegionFactoryInitiator - Cache region factory : org.hibernate.cache.internal.NoCachingRegionFactory
20:24:26.374 [main] DEBUG org.hibernate.type.BasicTypeRegistry - Adding type registration boolean -> org.hibernate.type.BooleanType@41ffaeb8
20:24:26.374 [main] DEBUG org.hibernate.type.BasicTypeRegistry - Adding type registration boolean -> org.hibernate.type.BooleanType@41ffaeb8
20:24:26.374 [main] DEBUG org.hibernate.type.BasicTypeRegistry - Adding type registration java.lang.Boolean -> org.hibernate.type.BooleanType@41ffaeb8
20:24:26.374 [main] DEBUG org.hibernate.type.BasicTypeRegistry - Adding type registration numeric_boolean -> org.hibernate.type.NumericBooleanType@444cc791
20:24:26.374 [main] DEBUG org.hibernate.type.BasicTypeRegistry - Adding type registration true_false -> org.hibernate.type.TrueFalseType@12ffd1de
20:24:26.374 [main] DEBUG org.hibernate.type.BasicTypeRegistry - Adding type registration yes_no -> org.hibernate.type.YesNoType@6c806c8b
20:24:26.374 [main] DEBUG org.hibernate.type.BasicTypeRegistry - Adding type registration byte -> org.hibernate.type.ByteType@23706db8
20:24:26.374 [main] DEBUG org.hibernate.type.BasicTypeRegistry - Adding type registration byte -> org.hibernate.type.ByteType@23706db8
20:24:26.374 [main] DEBUG org.hibernate.type.BasicTypeRegistry - Adding type registration java.lang.Byte -> org.hibernate.type.ByteType@23706db8
20:24:26.374 [main] DEBUG org.hibernate.type.BasicTypeRegistry - Adding type registration character -> org.hibernate.type.CharacterType@7bca6fac
20:24:26.374 [main] DEBUG org.hibernate.type.BasicTypeRegistry - Adding type registration char -> org.hibernate.type.CharacterType@7bca6fac
20:24:26.374 [main] DEBUG org.hibernate.type.BasicTypeRegistry - Adding type registration java.lang.Character -> org.hibernate.type.CharacterType@7bca6fac
20:24:26.374 [main] DEBUG org.hibernate.type.BasicTypeRegistry - Adding type registration short -> org.hibernate.type.ShortType@37303f12
20:24:26.374 [main] DEBUG org.hibernate.type.BasicTypeRegistry - Adding type registration short -> org.hibernate.type.ShortType@37303f12
20:24:26.374 [main] DEBUG org.hibernate.type.BasicTypeRegistry - Adding type registration java.lang.Short -> org.hibernate.type.ShortType@37303f12
20:24:26.374 [main] DEBUG org.hibernate.type.BasicTypeRegistry - Adding type registration integer -> org.hibernate.type.IntegerType@2ab5afc7
20:24:26.374 [main] DEBUG org.hibernate.type.BasicTypeRegistry - Adding type registration int -> org.hibernate.type.IntegerType@2ab5afc7
20:24:26.374 [main] DEBUG org.hibernate.type.BasicTypeRegistry - Adding type registration java.lang.Integer -> org.hibernate.type.IntegerType@2ab5afc7
20:24:26.374 [main] DEBUG org.hibernate.type.BasicTypeRegistry - Adding type registration long -> org.hibernate.type.LongType@3c35c345
20:24:26.374 [main] DEBUG org.hibernate.type.BasicTypeRegistry - Adding type registration long -> org.hibernate.type.LongType@3c35c345
20:24:26.374 [main] DEBUG org.hibernate.type.BasicTypeRegistry - Adding type registration java.lang.Long -> org.hibernate.type.LongType@3c35c345
20:24:26.374 [main] DEBUG org.hibernate.type.BasicTypeRegistry - Adding type registration float -> org.hibernate.type.FloatType@1d0a61c8
20:24:26.374 [main] DEBUG org.hibernate.type.BasicTypeRegistry - Adding type registration float -> org.hibernate.type.FloatType@1d0a61c8
20:24:26.374 [main] DEBUG org.hibernate.type.BasicTypeRegistry - Adding type registration java.lang.Float -> org.hibernate.type.FloatType@1d0a61c8
20:24:26.374 [main] DEBUG org.hibernate.type.BasicTypeRegistry - Adding type registration double -> org.hibernate.type.DoubleType@5524b72f
20:24:26.374 [main] DEBUG org.hibernate.type.BasicTypeRegistry - Adding type registration double -> org.hibernate.type.DoubleType@5524b72f
20:24:26.374 [main] DEBUG org.hibernate.type.BasicTypeRegistry - Adding type registration java.lang.Double -> org.hibernate.type.DoubleType@5524b72f
20:24:26.374 [main] DEBUG org.hibernate.type.BasicTypeRegistry - Adding type registration big_decimal -> org.hibernate.type.BigDecimalType@1846579f
20:24:26.374 [main] DEBUG org.hibernate.type.BasicTypeRegistry - Adding type registration java.math.BigDecimal -> org.hibernate.type.BigDecimalType@1846579f
20:24:26.374 [main] DEBUG org.hibernate.type.BasicTypeRegistry - Adding type registration big_integer -> org.hibernate.type.BigIntegerType@7be7e15
20:24:26.374 [main] DEBUG org.hibernate.type.BasicTypeRegistry - Adding type registration java.math.BigInteger -> org.hibernate.type.BigIntegerType@7be7e15
20:24:26.374 [main] DEBUG org.hibernate.type.BasicTypeRegistry - Adding type registration string -> org.hibernate.type.StringType@2330e3e0
20:24:26.374 [main] DEBUG org.hibernate.type.BasicTypeRegistry - Adding type registration java.lang.String -> org.hibernate.type.StringType@2330e3e0
20:24:26.374 [main] DEBUG org.hibernate.type.BasicTypeRegistry - Adding type registration nstring -> org.hibernate.type.StringNVarcharType@3f9270ed
20:24:26.374 [main] DEBUG org.hibernate.type.BasicTypeRegistry - Adding type registration ncharacter -> org.hibernate.type.CharacterNCharType@53a665ad
20:24:26.374 [main] DEBUG org.hibernate.type.BasicTypeRegistry - Adding type registration url -> org.hibernate.type.UrlType@abff8b7
20:24:26.374 [main] DEBUG org.hibernate.type.BasicTypeRegistry - Adding type registration java.net.URL -> org.hibernate.type.UrlType@abff8b7
20:24:26.374 [main] DEBUG org.hibernate.type.BasicTypeRegistry - Adding type registration date -> org.hibernate.type.DateType@37d871c2
20:24:26.374 [main] DEBUG org.hibernate.type.BasicTypeRegistry - Adding type registration java.sql.Date -> org.hibernate.type.DateType@37d871c2
20:24:26.374 [main] DEBUG org.hibernate.type.BasicTypeRegistry - Adding type registration time -> org.hibernate.type.TimeType@642505c7
20:24:26.374 [main] DEBUG org.hibernate.type.BasicTypeRegistry - Adding type registration java.sql.Time -> org.hibernate.type.TimeType@642505c7
20:24:26.374 [main] DEBUG org.hibernate.type.BasicTypeRegistry - Adding type registration timestamp -> org.hibernate.type.TimestampType@1abfe081
20:24:26.374 [main] DEBUG org.hibernate.type.BasicTypeRegistry - Adding type registration java.sql.Timestamp -> org.hibernate.type.TimestampType@1abfe081
20:24:26.374 [main] DEBUG org.hibernate.type.BasicTypeRegistry - Adding type registration java.util.Date -> org.hibernate.type.TimestampType@1abfe081
20:24:26.374 [main] DEBUG org.hibernate.type.BasicTypeRegistry - Adding type registration dbtimestamp -> org.hibernate.type.DbTimestampType@75a118e6
20:24:26.374 [main] DEBUG org.hibernate.type.BasicTypeRegistry - Adding type registration calendar -> org.hibernate.type.CalendarType@28c86134
20:24:26.374 [main] DEBUG org.hibernate.type.BasicTypeRegistry - Adding type registration java.util.Calendar -> org.hibernate.type.CalendarType@28c86134
20:24:26.374 [main] DEBUG org.hibernate.type.BasicTypeRegistry - Adding type registration java.util.GregorianCalendar -> org.hibernate.type.CalendarType@28c86134
20:24:26.374 [main] DEBUG org.hibernate.type.BasicTypeRegistry - Adding type registration calendar_date -> org.hibernate.type.CalendarDateType@f288c14
20:24:26.374 [main] DEBUG org.hibernate.type.BasicTypeRegistry - Adding type registration locale -> org.hibernate.type.LocaleType@671facee
20:24:26.374 [main] DEBUG org.hibernate.type.BasicTypeRegistry - Adding type registration java.util.Locale -> org.hibernate.type.LocaleType@671facee
20:24:26.374 [main] DEBUG org.hibernate.type.BasicTypeRegistry - Adding type registration currency -> org.hibernate.type.CurrencyType@56f521c6
20:24:26.374 [main] DEBUG org.hibernate.type.BasicTypeRegistry - Adding type registration java.util.Currency -> org.hibernate.type.CurrencyType@56f521c6
20:24:26.374 [main] DEBUG org.hibernate.type.BasicTypeRegistry - Adding type registration timezone -> org.hibernate.type.TimeZoneType@39fa8ad2
20:24:26.374 [main] DEBUG org.hibernate.type.BasicTypeRegistry - Adding type registration java.util.TimeZone -> org.hibernate.type.TimeZoneType@39fa8ad2
20:24:26.374 [main] DEBUG org.hibernate.type.BasicTypeRegistry - Adding type registration class -> org.hibernate.type.ClassType@6c302a1d
20:24:26.374 [main] DEBUG org.hibernate.type.BasicTypeRegistry - Adding type registration java.lang.Class -> org.hibernate.type.ClassType@6c302a1d
20:24:26.374 [main] DEBUG org.hibernate.type.BasicTypeRegistry - Adding type registration uuid-binary -> org.hibernate.type.UUIDBinaryType@58cf8f94
20:24:26.374 [main] DEBUG org.hibernate.type.BasicTypeRegistry - Adding type registration java.util.UUID -> org.hibernate.type.UUIDBinaryType@58cf8f94
20:24:26.374 [main] DEBUG org.hibernate.type.BasicTypeRegistry - Adding type registration uuid-char -> org.hibernate.type.UUIDCharType@34f392be
20:24:26.374 [main] DEBUG org.hibernate.type.BasicTypeRegistry - Adding type registration binary -> org.hibernate.type.BinaryType@58496c97
20:24:26.374 [main] DEBUG org.hibernate.type.BasicTypeRegistry - Adding type registration byte[] -> org.hibernate.type.BinaryType@58496c97
20:24:26.374 [main] DEBUG org.hibernate.type.BasicTypeRegistry - Adding type registration [B -> org.hibernate.type.BinaryType@58496c97
20:24:26.374 [main] DEBUG org.hibernate.type.BasicTypeRegistry - Adding type registration wrapper-binary -> org.hibernate.type.WrapperBinaryType@6ecab872
20:24:26.374 [main] DEBUG org.hibernate.type.BasicTypeRegistry - Adding type registration Byte[] -> org.hibernate.type.WrapperBinaryType@6ecab872
20:24:26.374 [main] DEBUG org.hibernate.type.BasicTypeRegistry - Adding type registration [Ljava.lang.Byte; -> org.hibernate.type.WrapperBinaryType@6ecab872
20:24:26.374 [main] DEBUG org.hibernate.type.BasicTypeRegistry - Adding type registration row_version -> org.hibernate.type.RowVersionType@6d025d1d
20:24:26.374 [main] DEBUG org.hibernate.type.BasicTypeRegistry - Adding type registration image -> org.hibernate.type.ImageType@7479b626
20:24:26.374 [main] DEBUG org.hibernate.type.BasicTypeRegistry - Adding type registration characters -> org.hibernate.type.CharArrayType@17a703f5
20:24:26.374 [main] DEBUG org.hibernate.type.BasicTypeRegistry - Adding type registration char[] -> org.hibernate.type.CharArrayType@17a703f5
20:24:26.374 [main] DEBUG org.hibernate.type.BasicTypeRegistry - Adding type registration [C -> org.hibernate.type.CharArrayType@17a703f5
20:24:26.374 [main] DEBUG org.hibernate.type.BasicTypeRegistry - Adding type registration wrapper-characters -> org.hibernate.type.CharacterArrayType@65f2f9b0
20:24:26.374 [main] DEBUG org.hibernate.type.BasicTypeRegistry - Adding type registration [Ljava.lang.Character; -> org.hibernate.type.CharacterArrayType@65f2f9b0
20:24:26.374 [main] DEBUG org.hibernate.type.BasicTypeRegistry - Adding type registration Character[] -> org.hibernate.type.CharacterArrayType@65f2f9b0
20:24:26.374 [main] DEBUG org.hibernate.type.BasicTypeRegistry - Adding type registration text -> org.hibernate.type.TextType@38fc5554
20:24:26.374 [main] DEBUG org.hibernate.type.BasicTypeRegistry - Adding type registration ntext -> org.hibernate.type.NTextType@4d1f1ff5
20:24:26.374 [main] DEBUG org.hibernate.type.BasicTypeRegistry - Adding type registration blob -> org.hibernate.type.BlobType@d8d9199
20:24:26.374 [main] DEBUG org.hibernate.type.BasicTypeRegistry - Adding type registration java.sql.Blob -> org.hibernate.type.BlobType@d8d9199
20:24:26.374 [main] DEBUG org.hibernate.type.BasicTypeRegistry - Adding type registration materialized_blob -> org.hibernate.type.MaterializedBlobType@71ad3d8a
20:24:26.374 [main] DEBUG org.hibernate.type.BasicTypeRegistry - Adding type registration clob -> org.hibernate.type.ClobType@332820f4
20:24:26.374 [main] DEBUG org.hibernate.type.BasicTypeRegistry - Adding type registration java.sql.Clob -> org.hibernate.type.ClobType@332820f4
20:24:26.374 [main] DEBUG org.hibernate.type.BasicTypeRegistry - Adding type registration nclob -> org.hibernate.type.NClobType@3d5790ea
20:24:26.374 [main] DEBUG org.hibernate.type.BasicTypeRegistry - Adding type registration java.sql.NClob -> org.hibernate.type.NClobType@3d5790ea
20:24:26.374 [main] DEBUG org.hibernate.type.BasicTypeRegistry - Adding type registration materialized_clob -> org.hibernate.type.MaterializedClobType@56913163
20:24:26.374 [main] DEBUG org.hibernate.type.BasicTypeRegistry - Adding type registration materialized_nclob -> org.hibernate.type.MaterializedNClobType@396639b
20:24:26.374 [main] DEBUG org.hibernate.type.BasicTypeRegistry - Adding type registration serializable -> org.hibernate.type.SerializableType@102efc59
20:24:26.374 [main] DEBUG org.hibernate.type.BasicTypeRegistry - Adding type registration object -> org.hibernate.type.ObjectType@6c6366cf
20:24:26.374 [main] DEBUG org.hibernate.type.BasicTypeRegistry - Adding type registration java.lang.Object -> org.hibernate.type.ObjectType@6c6366cf
20:24:26.374 [main] DEBUG org.hibernate.type.BasicTypeRegistry - Adding type registration imm_date -> org.hibernate.type.AdaptedImmutableType@4a10c019
20:24:26.375 [main] DEBUG org.hibernate.type.BasicTypeRegistry - Adding type registration imm_time -> org.hibernate.type.AdaptedImmutableType@37f627d0
20:24:26.375 [main] DEBUG org.hibernate.type.BasicTypeRegistry - Adding type registration imm_timestamp -> org.hibernate.type.AdaptedImmutableType@2a7392a3
20:24:26.375 [main] DEBUG org.hibernate.type.BasicTypeRegistry - Adding type registration imm_dbtimestamp -> org.hibernate.type.AdaptedImmutableType@2fc0ad21
20:24:26.375 [main] DEBUG org.hibernate.type.BasicTypeRegistry - Adding type registration imm_calendar -> org.hibernate.type.AdaptedImmutableType@639cb0c8
20:24:26.375 [main] DEBUG org.hibernate.type.BasicTypeRegistry - Adding type registration imm_calendar_date -> org.hibernate.type.AdaptedImmutableType@65d2d3cc
20:24:26.375 [main] DEBUG org.hibernate.type.BasicTypeRegistry - Adding type registration imm_binary -> org.hibernate.type.AdaptedImmutableType@5382a35f
20:24:26.375 [main] DEBUG org.hibernate.type.BasicTypeRegistry - Adding type registration imm_serializable -> org.hibernate.type.AdaptedImmutableType@7901a5ab
20:24:26.375 [main] DEBUG org.springframework.jdbc.datasource.DriverManagerDataSource - Creating new JDBC DriverManager Connection to [jdbc:hsqldb:hsql://localhost/workdb]
20:24:26.375 [main] WARN org.hibernate.engine.jdbc.env.internal.JdbcEnvironmentInitiator - HHH000342: Could not obtain connection to query metadata : java.net.ConnectException: Połączenie odrzucone (Connection refused)
20:24:26.375 [main] INFO org.hibernate.dialect.Dialect - HHH000400: Using dialect: org.hibernate.dialect.HSQLDialect
20:24:26.376 [main] DEBUG org.hibernate.engine.jdbc.env.spi.IdentifierHelperBuilder - IdentifierCaseStrategy for both quoted and unquoted identifiers was set to the same strategy [MIXED]; that will likely lead to problems in schema update and validation if using quoted identifiers
20:24:26.376 [main] INFO org.hibernate.engine.jdbc.env.internal.LobCreatorBuilderImpl - HHH000422: Disabling contextual LOB creation as connection was null
20:24:26.376 [main] DEBUG org.hibernate.id.factory.internal.DefaultIdentifierGeneratorFactory - Registering IdentifierGenerator strategy [uuid2] -> [org.hibernate.id.UUIDGenerator]
20:24:26.376 [main] DEBUG org.hibernate.id.factory.internal.DefaultIdentifierGeneratorFactory - Registering IdentifierGenerator strategy [guid] -> [org.hibernate.id.GUIDGenerator]
20:24:26.376 [main] DEBUG org.hibernate.id.factory.internal.DefaultIdentifierGeneratorFactory - Registering IdentifierGenerator strategy [uuid] -> [org.hibernate.id.UUIDHexGenerator]
20:24:26.376 [main] DEBUG org.hibernate.id.factory.internal.DefaultIdentifierGeneratorFactory - Registering IdentifierGenerator strategy [uuid.hex] -> [org.hibernate.id.UUIDHexGenerator]
20:24:26.376 [main] DEBUG org.hibernate.id.factory.internal.DefaultIdentifierGeneratorFactory - Registering IdentifierGenerator strategy [assigned] -> [org.hibernate.id.Assigned]
20:24:26.376 [main] DEBUG org.hibernate.id.factory.internal.DefaultIdentifierGeneratorFactory - Registering IdentifierGenerator strategy [identity] -> [org.hibernate.id.IdentityGenerator]
20:24:26.376 [main] DEBUG org.hibernate.id.factory.internal.DefaultIdentifierGeneratorFactory - Registering IdentifierGenerator strategy [select] -> [org.hibernate.id.SelectGenerator]
20:24:26.376 [main] DEBUG org.hibernate.id.factory.internal.DefaultIdentifierGeneratorFactory - Registering IdentifierGenerator strategy [sequence] -> [org.hibernate.id.enhanced.SequenceStyleGenerator]
20:24:26.376 [main] DEBUG org.hibernate.id.factory.internal.DefaultIdentifierGeneratorFactory - Registering IdentifierGenerator strategy [seqhilo] -> [org.hibernate.id.SequenceHiLoGenerator]
20:24:26.376 [main] DEBUG org.hibernate.id.factory.internal.DefaultIdentifierGeneratorFactory - Registering IdentifierGenerator strategy [increment] -> [org.hibernate.id.IncrementGenerator]
20:24:26.376 [main] DEBUG org.hibernate.id.factory.internal.DefaultIdentifierGeneratorFactory - Registering IdentifierGenerator strategy [foreign] -> [org.hibernate.id.ForeignGenerator]
20:24:26.376 [main] DEBUG org.hibernate.id.factory.internal.DefaultIdentifierGeneratorFactory - Registering IdentifierGenerator strategy [sequence-identity] -> [org.hibernate.id.SequenceIdentityGenerator]
20:24:26.376 [main] DEBUG org.hibernate.id.factory.internal.DefaultIdentifierGeneratorFactory - Registering IdentifierGenerator strategy [enhanced-sequence] -> [org.hibernate.id.enhanced.SequenceStyleGenerator]
20:24:26.376 [main] DEBUG org.hibernate.id.factory.internal.DefaultIdentifierGeneratorFactory - Registering IdentifierGenerator strategy [enhanced-table] -> [org.hibernate.id.enhanced.TableGenerator]
20:24:26.376 [main] DEBUG org.hibernate.boot.model.relational.Namespace - Created database namespace [logicalName=Name{catalog=null, schema=null}, physicalName=Name{catalog=null, schema=null}]
20:24:26.376 [main] DEBUG org.hibernate.cfg.AnnotationBinder - Binding entity from annotated class: tau.mmo.domain.Item
20:24:26.376 [main] DEBUG org.hibernate.cfg.annotations.QueryBinder - Binding named query: item.all => Select p from Item p
20:24:26.376 [main] DEBUG org.hibernate.cfg.annotations.QueryBinder - Binding named query: item.allForPlayer => Select p from Item p where player_id = :id
20:24:26.376 [main] DEBUG org.hibernate.cfg.Ejb3Column - Binding column: Ejb3DiscriminatorColumn{logicalColumnName'DTYPE', discriminatorTypeName='string'}
20:24:26.376 [main] DEBUG org.hibernate.cfg.annotations.EntityBinder - Import with entity name Item
20:24:26.376 [main] DEBUG org.hibernate.cfg.annotations.EntityBinder - Bind entity tau.mmo.domain.Item on table item
20:24:26.376 [main] DEBUG org.hibernate.cfg.Ejb3Column - Binding column: Ejb3Column{table=org.hibernate.mapping.Table(item), mappingColumn=id, insertable=true, updatable=true, unique=false}
20:24:26.377 [main] DEBUG org.hibernate.cfg.annotations.PropertyBinder - MetadataSourceProcessor property id with lazy=false
20:24:26.377 [main] DEBUG org.hibernate.cfg.AbstractPropertyHolder - Attempting to locate auto-apply AttributeConverter for property [tau.mmo.domain.Item:id]
20:24:26.377 [main] DEBUG org.hibernate.cfg.annotations.SimpleValueBinder - building SimpleValue for id
20:24:26.377 [main] DEBUG org.hibernate.cfg.annotations.PropertyBinder - Building property id
20:24:26.377 [main] DEBUG org.hibernate.cfg.Ejb3Column - Binding column: Ejb3Column{table=org.hibernate.mapping.Table(item), mappingColumn=itemclass, insertable=true, updatable=true, unique=false}
20:24:26.377 [main] DEBUG org.hibernate.cfg.annotations.PropertyBinder - MetadataSourceProcessor property itemclass with lazy=false
20:24:26.377 [main] DEBUG org.hibernate.cfg.AbstractPropertyHolder - Attempting to locate auto-apply AttributeConverter for property [tau.mmo.domain.Item:itemclass]
20:24:26.377 [main] DEBUG org.hibernate.cfg.annotations.SimpleValueBinder - building SimpleValue for itemclass
20:24:26.377 [main] DEBUG org.hibernate.cfg.annotations.PropertyBinder - Building property itemclass
20:24:26.377 [main] DEBUG org.hibernate.cfg.Ejb3Column - Binding column: Ejb3Column{table=org.hibernate.mapping.Table(item), mappingColumn=levelreq, insertable=true, updatable=true, unique=false}
20:24:26.377 [main] DEBUG org.hibernate.cfg.annotations.PropertyBinder - MetadataSourceProcessor property levelreq with lazy=false
20:24:26.377 [main] DEBUG org.hibernate.cfg.AbstractPropertyHolder - Attempting to locate auto-apply AttributeConverter for property [tau.mmo.domain.Item:levelreq]
20:24:26.377 [main] DEBUG org.hibernate.cfg.annotations.SimpleValueBinder - building SimpleValue for levelreq
20:24:26.377 [main] DEBUG org.hibernate.cfg.annotations.PropertyBinder - Building property levelreq
20:24:26.377 [main] DEBUG org.hibernate.cfg.Ejb3Column - Binding column: Ejb3Column{table=org.hibernate.mapping.Table(item), mappingColumn=name, insertable=true, updatable=true, unique=false}
20:24:26.377 [main] DEBUG org.hibernate.cfg.annotations.PropertyBinder - MetadataSourceProcessor property name with lazy=false
20:24:26.377 [main] DEBUG org.hibernate.cfg.AbstractPropertyHolder - Attempting to locate auto-apply AttributeConverter for property [tau.mmo.domain.Item:name]
20:24:26.377 [main] DEBUG org.hibernate.cfg.annotations.SimpleValueBinder - building SimpleValue for name
20:24:26.377 [main] DEBUG org.hibernate.cfg.annotations.PropertyBinder - Building property name
20:24:26.377 [main] DEBUG org.hibernate.cfg.Ejb3Column - Binding column: Ejb3JoinColumn{logicalColumnName='player_id', referencedColumn='', mappedBy=''}
20:24:26.377 [main] DEBUG org.hibernate.cfg.Ejb3Column - Binding column: Ejb3Column{table=org.hibernate.mapping.Table(item), mappingColumn=player, insertable=true, updatable=true, unique=false}
20:24:26.377 [main] DEBUG org.hibernate.cfg.annotations.PropertyBinder - Building property player
20:24:26.377 [main] DEBUG org.hibernate.cfg.AnnotationBinder - Binding entity from annotated class: tau.mmo.domain.Player
20:24:26.377 [main] DEBUG org.hibernate.cfg.annotations.QueryBinder - Binding named query: player.all => Select p from Player p
20:24:26.377 [main] DEBUG org.hibernate.cfg.annotations.QueryBinder - Binding named query: player.findPlayers => Select c from Player c where c.name like :nameFragment
20:24:26.377 [main] DEBUG org.hibernate.cfg.Ejb3Column - Binding column: Ejb3DiscriminatorColumn{logicalColumnName'DTYPE', discriminatorTypeName='string'}
20:24:26.377 [main] DEBUG org.hibernate.cfg.annotations.EntityBinder - Import with entity name Player
20:24:26.377 [main] DEBUG org.hibernate.cfg.annotations.EntityBinder - Bind entity tau.mmo.domain.Player on table player
20:24:26.378 [main] DEBUG org.hibernate.cfg.Ejb3Column - Binding column: Ejb3Column{table=org.hibernate.mapping.Table(player), mappingColumn=id, insertable=true, updatable=true, unique=false}
20:24:26.378 [main] DEBUG org.hibernate.cfg.annotations.PropertyBinder - MetadataSourceProcessor property id with lazy=false
20:24:26.378 [main] DEBUG org.hibernate.cfg.AbstractPropertyHolder - Attempting to locate auto-apply AttributeConverter for property [tau.mmo.domain.Player:id]
20:24:26.378 [main] DEBUG org.hibernate.cfg.annotations.SimpleValueBinder - building SimpleValue for id
20:24:26.378 [main] DEBUG org.hibernate.cfg.annotations.PropertyBinder - Building property id
20:24:26.378 [main] DEBUG org.hibernate.cfg.Ejb3Column - Binding column: Ejb3Column{table=org.hibernate.mapping.Table(player), mappingColumn=heroclass, insertable=true, updatable=true, unique=false}
20:24:26.378 [main] DEBUG org.hibernate.cfg.annotations.PropertyBinder - MetadataSourceProcessor property heroclass with lazy=false
20:24:26.378 [main] DEBUG org.hibernate.cfg.AbstractPropertyHolder - Attempting to locate auto-apply AttributeConverter for property [tau.mmo.domain.Player:heroclass]
20:24:26.378 [main] DEBUG org.hibernate.cfg.annotations.SimpleValueBinder - building SimpleValue for heroclass
20:24:26.378 [main] DEBUG org.hibernate.cfg.annotations.PropertyBinder - Building property heroclass
20:24:26.378 [main] DEBUG org.hibernate.cfg.Ejb3Column - Binding column: Ejb3JoinColumn{logicalColumnName='null', referencedColumn='null', mappedBy='player'}
20:24:26.378 [main] DEBUG org.hibernate.cfg.Ejb3Column - Binding column: Ejb3Column{table=org.hibernate.mapping.Table(player), mappingColumn=items, insertable=true, updatable=true, unique=false}
20:24:26.378 [main] DEBUG org.hibernate.cfg.Ejb3Column - Binding column: Ejb3Column{table=org.hibernate.mapping.Table(player), mappingColumn=null, insertable=true, updatable=true, unique=false}
20:24:26.378 [main] DEBUG org.hibernate.cfg.Ejb3Column - Binding column: Ejb3Column{table=org.hibernate.mapping.Table(player), mappingColumn=element, insertable=true, updatable=true, unique=false}
20:24:26.378 [main] DEBUG org.hibernate.cfg.Ejb3Column - Binding column: Ejb3Column{table=org.hibernate.mapping.Table(player), mappingColumn=items_KEY, insertable=true, updatable=true, unique=false}
20:24:26.378 [main] DEBUG org.hibernate.cfg.Ejb3Column - Binding column: Ejb3JoinColumn{logicalColumnName='items_KEY', referencedColumn='null', mappedBy='null'}
20:24:26.378 [main] DEBUG org.hibernate.cfg.Ejb3Column - Binding column: Ejb3JoinColumn{logicalColumnName='null', referencedColumn='null', mappedBy='player'}
20:24:26.378 [main] DEBUG org.hibernate.cfg.Ejb3Column - Binding column: Ejb3JoinColumn{logicalColumnName='null', referencedColumn='null', mappedBy='player'}
20:24:26.378 [main] DEBUG org.hibernate.cfg.annotations.CollectionBinder - Collection role: tau.mmo.domain.Player.items
20:24:26.378 [main] DEBUG org.hibernate.cfg.annotations.PropertyBinder - Building property items
20:24:26.378 [main] DEBUG org.hibernate.cfg.Ejb3Column - Binding column: Ejb3Column{table=org.hibernate.mapping.Table(player), mappingColumn=level, insertable=true, updatable=true, unique=false}
20:24:26.378 [main] DEBUG org.hibernate.cfg.annotations.PropertyBinder - MetadataSourceProcessor property level with lazy=false
20:24:26.378 [main] DEBUG org.hibernate.cfg.AbstractPropertyHolder - Attempting to locate auto-apply AttributeConverter for property [tau.mmo.domain.Player:level]
20:24:26.378 [main] DEBUG org.hibernate.cfg.annotations.SimpleValueBinder - building SimpleValue for level
20:24:26.378 [main] DEBUG org.hibernate.cfg.annotations.PropertyBinder - Building property level
20:24:26.378 [main] DEBUG org.hibernate.cfg.Ejb3Column - Binding column: Ejb3Column{table=org.hibernate.mapping.Table(player), mappingColumn=name, insertable=true, updatable=true, unique=false}
20:24:26.379 [main] DEBUG org.hibernate.cfg.annotations.PropertyBinder - MetadataSourceProcessor property name with lazy=false
20:24:26.379 [main] DEBUG org.hibernate.cfg.AbstractPropertyHolder - Attempting to locate auto-apply AttributeConverter for property [tau.mmo.domain.Player:name]
20:24:26.379 [main] DEBUG org.hibernate.cfg.annotations.SimpleValueBinder - building SimpleValue for name
20:24:26.379 [main] DEBUG org.hibernate.cfg.annotations.PropertyBinder - Building property name
20:24:26.379 [main] DEBUG org.hibernate.cfg.annotations.SimpleValueBinder - Starting fillSimpleValue for id
20:24:26.379 [main] DEBUG org.hibernate.cfg.annotations.SimpleValueBinder - Starting fillSimpleValue for itemclass
20:24:26.379 [main] DEBUG org.hibernate.cfg.annotations.SimpleValueBinder - Starting fillSimpleValue for levelreq
20:24:26.379 [main] DEBUG org.hibernate.cfg.annotations.SimpleValueBinder - Starting fillSimpleValue for name
20:24:26.379 [main] DEBUG org.hibernate.cfg.annotations.SimpleValueBinder - Starting fillSimpleValue for id
20:24:26.379 [main] DEBUG org.hibernate.cfg.annotations.SimpleValueBinder - Starting fillSimpleValue for heroclass
20:24:26.379 [main] DEBUG org.hibernate.cfg.annotations.SimpleValueBinder - Starting fillSimpleValue for level
20:24:26.379 [main] DEBUG org.hibernate.cfg.annotations.SimpleValueBinder - Starting fillSimpleValue for name
20:24:26.379 [main] DEBUG org.hibernate.mapping.PrimaryKey - Forcing column [id] to be non-null as it is part of the primary key for table [item]
20:24:26.379 [main] DEBUG org.hibernate.mapping.PrimaryKey - Forcing column [id] to be non-null as it is part of the primary key for table [player]
20:24:26.379 [main] DEBUG org.hibernate.cfg.CollectionSecondPass - Second pass for collection: tau.mmo.domain.Player.items
20:24:26.379 [main] DEBUG org.hibernate.cfg.annotations.CollectionBinder - Binding a OneToMany: tau.mmo.domain.Player.items through a foreign key
20:24:26.379 [main] DEBUG org.hibernate.cfg.annotations.CollectionBinder - Mapping collection: tau.mmo.domain.Player.items -> item
20:24:26.379 [main] DEBUG org.hibernate.cfg.annotations.TableBinder - Retrieving property tau.mmo.domain.Item.player
20:24:26.379 [main] DEBUG org.hibernate.cfg.CollectionSecondPass - Mapped collection key: player_id, one-to-many: tau.mmo.domain.Item
20:24:26.379 [main] DEBUG org.hibernate.boot.internal.InFlightMetadataCollectorImpl - Resolving reference to class: tau.mmo.domain.Player
20:24:26.379 [main] DEBUG org.hibernate.boot.internal.InFlightMetadataCollectorImpl - Resolving reference to class: tau.mmo.domain.Player
20:24:26.380 [main] DEBUG org.hibernate.internal.SessionFactoryImpl - Building session factory
20:24:26.380 [main] DEBUG org.hibernate.cfg.Settings - SessionFactory name : null
20:24:26.380 [main] DEBUG org.hibernate.cfg.Settings - Automatic flush during beforeCompletion(): disabled
20:24:26.380 [main] DEBUG org.hibernate.cfg.Settings - Automatic session close at end of transaction: disabled
20:24:26.380 [main] DEBUG org.hibernate.cfg.Settings - Statistics: disabled
20:24:26.380 [main] DEBUG org.hibernate.cfg.Settings - Deleted entity synthetic identifier rollback: disabled
20:24:26.380 [main] DEBUG org.hibernate.cfg.Settings - Default entity-mode: pojo
20:24:26.380 [main] DEBUG org.hibernate.cfg.Settings - Check Nullability in Core (should be disabled when Bean Validation is on): enabled
20:24:26.380 [main] DEBUG org.hibernate.cfg.Settings - Allow initialization of lazy state outside session : disabled
20:24:26.380 [main] DEBUG org.hibernate.cfg.Settings - Using BatchFetchStyle : LEGACY
20:24:26.380 [main] DEBUG org.hibernate.cfg.Settings - Default batch fetch size: -1
20:24:26.380 [main] DEBUG org.hibernate.cfg.Settings - Maximum outer join fetch depth: null
20:24:26.380 [main] DEBUG org.hibernate.cfg.Settings - Default null ordering: NONE
20:24:26.380 [main] DEBUG org.hibernate.cfg.Settings - Order SQL updates by primary key: disabled
20:24:26.380 [main] DEBUG org.hibernate.cfg.Settings - Order SQL inserts for batching: disabled
20:24:26.380 [main] DEBUG org.hibernate.cfg.Settings - multi-tenancy strategy : NONE
20:24:26.380 [main] DEBUG org.hibernate.cfg.Settings - JTA Track by Thread: enabled
20:24:26.380 [main] DEBUG org.hibernate.cfg.Settings - Query language substitutions: {}
20:24:26.380 [main] DEBUG org.hibernate.cfg.Settings - JPA query language strict compliance: disabled
20:24:26.380 [main] DEBUG org.hibernate.cfg.Settings - Named query checking : enabled
20:24:26.380 [main] DEBUG org.hibernate.cfg.Settings - Second-level cache: enabled
20:24:26.380 [main] DEBUG org.hibernate.cfg.Settings - Second-level query cache: disabled
20:24:26.380 [main] DEBUG org.hibernate.cfg.Settings - Second-level query cache factory: org.hibernate.cache.internal.StandardQueryCacheFactory@767599a7
20:24:26.380 [main] DEBUG org.hibernate.cfg.Settings - Second-level cache region prefix: null
20:24:26.380 [main] DEBUG org.hibernate.cfg.Settings - Optimize second-level cache for minimal puts: disabled
20:24:26.380 [main] DEBUG org.hibernate.cfg.Settings - Structured second-level cache entries: disabled
20:24:26.380 [main] DEBUG org.hibernate.cfg.Settings - Second-level cache direct-reference entries: disabled
20:24:26.380 [main] DEBUG org.hibernate.cfg.Settings - Automatic eviction of collection cache: disabled
20:24:26.380 [main] DEBUG org.hibernate.cfg.Settings - JDBC batch size: 0
20:24:26.380 [main] DEBUG org.hibernate.cfg.Settings - JDBC batch updates for versioned data: enabled
20:24:26.380 [main] DEBUG org.hibernate.cfg.Settings - Scrollable result sets: disabled
20:24:26.380 [main] DEBUG org.hibernate.cfg.Settings - Wrap result sets: disabled
20:24:26.380 [main] DEBUG org.hibernate.cfg.Settings - JDBC3 getGeneratedKeys(): disabled
20:24:26.380 [main] DEBUG org.hibernate.cfg.Settings - JDBC result set fetch size: null
20:24:26.380 [main] DEBUG org.hibernate.cfg.Settings - Connection release mode: ON_CLOSE
20:24:26.380 [main] DEBUG org.hibernate.cfg.Settings - Generate SQL with comments: disabled
20:24:26.380 [main] DEBUG org.hibernate.internal.SessionFactoryImpl - Session factory constructed with filter configurations : {}
20:24:26.380 [main] DEBUG org.hibernate.internal.SessionFactoryImpl - Instantiating session factory with properties: {awt.toolkit=sun.awt.X11.XToolkit, java.specification.version=11, sun.cpu.isalist=, sun.jnu.encoding=UTF-8, hibernate.connection.release_mode=ON_CLOSE, sun.arch.data.model=64, java.vendor.url=http://java.oracle.com/, sun.boot.library.path=/usr/lib/jvm/java-11-openjdk-amd64/lib, sun.java.command=/home/whitewolf/tau/TAU-repozytorium/tau-mmo-jmeter/target/surefire/surefirebooter3743684750447416578.jar /home/whitewolf/tau/TAU-repozytorium/tau-mmo-jmeter/target/surefire 2019-05-27T20-24-21_781-jvmRun1 surefire6552960694995493992tmp surefire_06547653810239904951tmp, jdk.debug=release, java.specification.vendor=Oracle Corporation, java.version.date=2019-04-16, java.home=/usr/lib/jvm/java-11-openjdk-amd64, file.separator=/, basedir=/home/whitewolf/tau/TAU-repozytorium/tau-mmo-jmeter, java.vm.compressedOopsMode=Zero based, line.separator=
, java.specification.name=Java Platform API Specification, java.vm.specification.vendor=Oracle Corporation, hibernate.hbm2ddl.auto=update, sun.management.compiler=HotSpot 64-Bit Tiered Compilers, java.runtime.version=11.0.3+7-Ubuntu-1ubuntu218.04.1, user.name=whitewolf, file.encoding=UTF-8, hibernate.classLoaders=[jdk.internal.loader.ClassLoaders$AppClassLoader@1affbebc], hibernate.current_session_context_class=org.springframework.orm.hibernate5.SpringSessionContext, localRepository=/home/whitewolf/.m2/repository, java.io.tmpdir=/tmp, java.version=11.0.3, java.vm.specification.name=Java Virtual Machine Specification, java.awt.printerjob=sun.print.PSPrinterJob, sun.os.patch.level=unknown, java.library.path=/usr/java/packages/lib:/usr/lib/x86_64-linux-gnu/jni:/lib/x86_64-linux-gnu:/usr/lib/x86_64-linux-gnu:/usr/lib/jni:/lib:/usr/lib, java.vendor=Oracle Corporation, sun.io.unicode.encoding=UnicodeLittle, sun.desktop=gnome, hibernate.dialect=org.hibernate.dialect.HSQLDialect, java.class.path=/home/whitewolf/tau/TAU-repozytorium/tau-mmo-jmeter/target/test-classes:/home/whitewolf/tau/TAU-repozytorium/tau-mmo-jmeter/target/classes:/home/whitewolf/.m2/repository/org/springframework/boot/spring-boot-starter-web/2.1.4.RELEASE/spring-boot-starter-web-2.1.4.RELEASE.jar:/home/whitewolf/.m2/repository/org/springframework/boot/spring-boot-starter/2.1.4.RELEASE/spring-boot-starter-2.1.4.RELEASE.jar:/home/whitewolf/.m2/repository/org/springframework/boot/spring-boot/2.1.4.RELEASE/spring-boot-2.1.4.RELEASE.jar:/home/whitewolf/.m2/repository/org/springframework/boot/spring-boot-autoconfigure/2.1.4.RELEASE/spring-boot-autoconfigure-2.1.4.RELEASE.jar:/home/whitewolf/.m2/repository/org/springframework/boot/spring-boot-starter-logging/2.1.4.RELEASE/spring-boot-starter-logging-2.1.4.RELEASE.jar:/home/whitewolf/.m2/repository/ch/qos/logback/logback-classic/1.2.3/logback-classic-1.2.3.jar:/home/whitewolf/.m2/repository/ch/qos/logback/logback-core/1.2.3/logback-core-1.2.3.jar:/home/whitewolf/.m2/repository/org/apache/logging/log4j/log4j-to-slf4j/2.11.2/log4j-to-slf4j-2.11.2.jar:/home/whitewolf/.m2/repository/org/apache/logging/log4j/log4j-api/2.11.2/log4j-api-2.11.2.jar:/home/whitewolf/.m2/repository/org/slf4j/jul-to-slf4j/1.7.26/jul-to-slf4j-1.7.26.jar:/home/whitewolf/.m2/repository/org/yaml/snakeyaml/1.23/snakeyaml-1.23.jar:/home/whitewolf/.m2/repository/org/springframework/boot/spring-boot-starter-json/2.1.4.RELEASE/spring-boot-starter-json-2.1.4.RELEASE.jar:/home/whitewolf/.m2/repository/com/fasterxml/jackson/core/jackson-databind/2.9.8/jackson-databind-2.9.8.jar:/home/whitewolf/.m2/repository/com/fasterxml/jackson/core/jackson-annotations/2.9.0/jackson-annotations-2.9.0.jar:/home/whitewolf/.m2/repository/com/fasterxml/jackson/core/jackson-core/2.9.8/jackson-core-2.9.8.jar:/home/whitewolf/.m2/repository/com/fasterxml/jackson/datatype/jackson-datatype-jdk8/2.9.8/jackson-datatype-jdk8-2.9.8.jar:/home/whitewolf/.m2/repository/com/fasterxml/jackson/datatype/jackson-datatype-jsr310/2.9.8/jackson-datatype-jsr310-2.9.8.jar:/home/whitewolf/.m2/repository/com/fasterxml/jackson/module/jackson-module-parameter-names/2.9.8/jackson-module-parameter-names-2.9.8.jar:/home/whitewolf/.m2/repository/org/hibernate/validator/hibernate-validator/6.0.16.Final/hibernate-validator-6.0.16.Final.jar:/home/whitewolf/.m2/repository/javax/validation/validation-api/2.0.1.Final/validation-api-2.0.1.Final.jar:/home/whitewolf/.m2/repository/org/springframework/spring-web/5.1.6.RELEASE/spring-web-5.1.6.RELEASE.jar:/home/whitewolf/.m2/repository/org/springframework/spring-webmvc/5.1.6.RELEASE/spring-webmvc-5.1.6.RELEASE.jar:/home/whitewolf/.m2/repository/org/springframework/spring-aop/5.1.6.RELEASE/spring-aop-5.1.6.RELEASE.jar:/home/whitewolf/.m2/repository/org/springframework/spring-context/5.1.6.RELEASE/spring-context-5.1.6.RELEASE.jar:/home/whitewolf/.m2/repository/org/springframework/spring-expression/5.1.6.RELEASE/spring-expression-5.1.6.RELEASE.jar:/home/whitewolf/.m2/repository/org/springframework/boot/spring-boot-starter-test/2.1.4.RELEASE/spring-boot-starter-test-2.1.4.RELEASE.jar:/home/whitewolf/.m2/repository/org/springframework/boot/spring-boot-test/2.1.4.RELEASE/spring-boot-test-2.1.4.RELEASE.jar:/home/whitewolf/.m2/repository/org/springframework/boot/spring-boot-test-autoconfigure/2.1.4.RELEASE/spring-boot-test-autoconfigure-2.1.4.RELEASE.jar:/home/whitewolf/.m2/repository/junit/junit/4.12/junit-4.12.jar:/home/whitewolf/.m2/repository/org/assertj/assertj-core/3.11.1/assertj-core-3.11.1.jar:/home/whitewolf/.m2/repository/org/mockito/mockito-core/2.23.4/mockito-core-2.23.4.jar:/home/whitewolf/.m2/repository/net/bytebuddy/byte-buddy/1.9.12/byte-buddy-1.9.12.jar:/home/whitewolf/.m2/repository/net/bytebuddy/byte-buddy-agent/1.9.12/byte-buddy-agent-1.9.12.jar:/home/whitewolf/.m2/repository/org/objenesis/objenesis/2.6/objenesis-2.6.jar:/home/whitewolf/.m2/repository/org/hamcrest/hamcrest-core/1.3/hamcrest-core-1.3.jar:/home/whitewolf/.m2/repository/org/hamcrest/hamcrest-library/1.3/hamcrest-library-1.3.jar:/home/whitewolf/.m2/repository/org/skyscreamer/jsonassert/1.5.0/jsonassert-1.5.0.jar:/home/whitewolf/.m2/repository/com/vaadin/external/google/android-json/0.0.20131108.vaadin1/android-json-0.0.20131108.vaadin1.jar:/home/whitewolf/.m2/repository/org/springframework/spring-core/5.1.6.RELEASE/spring-core-5.1.6.RELEASE.jar:/home/whitewolf/.m2/repository/org/springframework/spring-jcl/5.1.6.RELEASE/spring-jcl-5.1.6.RELEASE.jar:/home/whitewolf/.m2/repository/org/springframework/spring-test/5.1.6.RELEASE/spring-test-5.1.6.RELEASE.jar:/home/whitewolf/.m2/repository/org/xmlunit/xmlunit-core/2.6.2/xmlunit-core-2.6.2.jar:/home/whitewolf/.m2/repository/org/springframework/boot/spring-boot-starter-tomcat/2.1.4.RELEASE/spring-boot-starter-tomcat-2.1.4.RELEASE.jar:/home/whitewolf/.m2/repository/javax/annotation/javax.annotation-api/1.3.2/javax.annotation-api-1.3.2.jar:/home/whitewolf/.m2/repository/org/apache/tomcat/embed/tomcat-embed-core/9.0.17/tomcat-embed-core-9.0.17.jar:/home/whitewolf/.m2/repository/org/apache/tomcat/embed/tomcat-embed-el/9.0.17/tomcat-embed-el-9.0.17.jar:/home/whitewolf/.m2/repository/org/apache/tomcat/embed/tomcat-embed-websocket/9.0.17/tomcat-embed-websocket-9.0.17.jar:/home/whitewolf/.m2/repository/org/springframework/boot/spring-boot-starter-data-jpa/2.1.4.RELEASE/spring-boot-starter-data-jpa-2.1.4.RELEASE.jar:/home/whitewolf/.m2/repository/org/springframework/boot/spring-boot-starter-aop/2.1.4.RELEASE/spring-boot-starter-aop-2.1.4.RELEASE.jar:/home/whitewolf/.m2/repository/org/aspectj/aspectjweaver/1.9.2/aspectjweaver-1.9.2.jar:/home/whitewolf/.m2/repository/org/springframework/boot/spring-boot-starter-jdbc/2.1.4.RELEASE/spring-boot-starter-jdbc-2.1.4.RELEASE.jar:/home/whitewolf/.m2/repository/com/zaxxer/HikariCP/3.2.0/HikariCP-3.2.0.jar:/home/whitewolf/.m2/repository/org/springframework/spring-jdbc/5.1.6.RELEASE/spring-jdbc-5.1.6.RELEASE.jar:/home/whitewolf/.m2/repository/javax/transaction/javax.transaction-api/1.3/javax.transaction-api-1.3.jar:/home/whitewolf/.m2/repository/javax/xml/bind/jaxb-api/2.3.1/jaxb-api-2.3.1.jar:/home/whitewolf/.m2/repository/javax/activation/javax.activation-api/1.2.0/javax.activation-api-1.2.0.jar:/home/whitewolf/.m2/repository/org/springframework/data/spring-data-jpa/2.1.6.RELEASE/spring-data-jpa-2.1.6.RELEASE.jar:/home/whitewolf/.m2/repository/org/springframework/data/spring-data-commons/2.1.6.RELEASE/spring-data-commons-2.1.6.RELEASE.jar:/home/whitewolf/.m2/repository/org/springframework/spring-orm/5.1.6.RELEASE/spring-orm-5.1.6.RELEASE.jar:/home/whitewolf/.m2/repository/org/springframework/spring-aspects/5.1.6.RELEASE/spring-aspects-5.1.6.RELEASE.jar:/home/whitewolf/.m2/repository/org/springframework/spring-tx/5.1.6.RELEASE/spring-tx-5.1.6.RELEASE.jar:/home/whitewolf/.m2/repository/org/springframework/spring-beans/5.1.6.RELEASE/spring-beans-5.1.6.RELEASE.jar:/home/whitewolf/.m2/repository/com/jayway/jsonpath/json-path/2.4.0/json-path-2.4.0.jar:/home/whitewolf/.m2/repository/net/minidev/json-smart/2.3/json-smart-2.3.jar:/home/whitewolf/.m2/repository/net/minidev/accessors-smart/1.2/accessors-smart-1.2.jar:/home/whitewolf/.m2/repository/org/ow2/asm/asm/5.0.4/asm-5.0.4.jar:/home/whitewolf/.m2/repository/org/slf4j/slf4j-api/1.7.26/slf4j-api-1.7.26.jar:/home/whitewolf/.m2/repository/org/hibernate/hibernate-core/5.1.6.Final/hibernate-core-5.1.6.Final.jar:/home/whitewolf/.m2/repository/org/jboss/logging/jboss-logging/3.3.2.Final/jboss-logging-3.3.2.Final.jar:/home/whitewolf/.m2/repository/org/hibernate/javax/persistence/hibernate-jpa-2.1-api/1.0.0.Final/hibernate-jpa-2.1-api-1.0.0.Final.jar:/home/whitewolf/.m2/repository/org/javassist/javassist/3.20.0-GA/javassist-3.20.0-GA.jar:/home/whitewolf/.m2/repository/antlr/antlr/2.7.7/antlr-2.7.7.jar:/home/whitewolf/.m2/repository/org/apache/geronimo/specs/geronimo-jta_1.1_spec/1.1.1/geronimo-jta_1.1_spec-1.1.1.jar:/home/whitewolf/.m2/repository/org/jboss/jandex/2.0.3.Final/jandex-2.0.3.Final.jar:/home/whitewolf/.m2/repository/com/fasterxml/classmate/1.4.0/classmate-1.4.0.jar:/home/whitewolf/.m2/repository/dom4j/dom4j/1.6.1/dom4j-1.6.1.jar:/home/whitewolf/.m2/repository/org/hibernate/common/hibernate-commons-annotations/5.0.1.Final/hibernate-commons-annotations-5.0.1.Final.jar:/home/whitewolf/.m2/repository/org/hsqldb/hsqldb/2.3.4/hsqldb-2.3.4.jar:, java.vm.vendor=Oracle Corporation, user.timezone=Europe/Warsaw, os.name=Linux, java.vm.specification.version=11, sun.java.launcher=SUN_STANDARD, user.country=PL, surefire.test.class.path=/home/whitewolf/tau/TAU-repozytorium/tau-mmo-jmeter/target/test-classes:/home/whitewolf/tau/TAU-repozytorium/tau-mmo-jmeter/target/classes:/home/whitewolf/.m2/repository/org/springframework/boot/spring-boot-starter-web/2.1.4.RELEASE/spring-boot-starter-web-2.1.4.RELEASE.jar:/home/whitewolf/.m2/repository/org/springframework/boot/spring-boot-starter/2.1.4.RELEASE/spring-boot-starter-2.1.4.RELEASE.jar:/home/whitewolf/.m2/repository/org/springframework/boot/spring-boot/2.1.4.RELEASE/spring-boot-2.1.4.RELEASE.jar:/home/whitewolf/.m2/repository/org/springframework/boot/spring-boot-autoconfigure/2.1.4.RELEASE/spring-boot-autoconfigure-2.1.4.RELEASE.jar:/home/whitewolf/.m2/repository/org/springframework/boot/spring-boot-starter-logging/2.1.4.RELEASE/spring-boot-starter-logging-2.1.4.RELEASE.jar:/home/whitewolf/.m2/repository/ch/qos/logback/logback-classic/1.2.3/logback-classic-1.2.3.jar:/home/whitewolf/.m2/repository/ch/qos/logback/logback-core/1.2.3/logback-core-1.2.3.jar:/home/whitewolf/.m2/repository/org/apache/logging/log4j/log4j-to-slf4j/2.11.2/log4j-to-slf4j-2.11.2.jar:/home/whitewolf/.m2/repository/org/apache/logging/log4j/log4j-api/2.11.2/log4j-api-2.11.2.jar:/home/whitewolf/.m2/repository/org/slf4j/jul-to-slf4j/1.7.26/jul-to-slf4j-1.7.26.jar:/home/whitewolf/.m2/repository/org/yaml/snakeyaml/1.23/snakeyaml-1.23.jar:/home/whitewolf/.m2/repository/org/springframework/boot/spring-boot-starter-json/2.1.4.RELEASE/spring-boot-starter-json-2.1.4.RELEASE.jar:/home/whitewolf/.m2/repository/com/fasterxml/jackson/core/jackson-databind/2.9.8/jackson-databind-2.9.8.jar:/home/whitewolf/.m2/repository/com/fasterxml/jackson/core/jackson-annotations/2.9.0/jackson-annotations-2.9.0.jar:/home/whitewolf/.m2/repository/com/fasterxml/jackson/core/jackson-core/2.9.8/jackson-core-2.9.8.jar:/home/whitewolf/.m2/repository/com/fasterxml/jackson/datatype/jackson-datatype-jdk8/2.9.8/jackson-datatype-jdk8-2.9.8.jar:/home/whitewolf/.m2/repository/com/fasterxml/jackson/datatype/jackson-datatype-jsr310/2.9.8/jackson-datatype-jsr310-2.9.8.jar:/home/whitewolf/.m2/repository/com/fasterxml/jackson/module/jackson-module-parameter-names/2.9.8/jackson-module-parameter-names-2.9.8.jar:/home/whitewolf/.m2/repository/org/hibernate/validator/hibernate-validator/6.0.16.Final/hibernate-validator-6.0.16.Final.jar:/home/whitewolf/.m2/repository/javax/validation/validation-api/2.0.1.Final/validation-api-2.0.1.Final.jar:/home/whitewolf/.m2/repository/org/springframework/spring-web/5.1.6.RELEASE/spring-web-5.1.6.RELEASE.jar:/home/whitewolf/.m2/repository/org/springframework/spring-webmvc/5.1.6.RELEASE/spring-webmvc-5.1.6.RELEASE.jar:/home/whitewolf/.m2/repository/org/springframework/spring-aop/5.1.6.RELEASE/spring-aop-5.1.6.RELEASE.jar:/home/whitewolf/.m2/repository/org/springframework/spring-context/5.1.6.RELEASE/spring-context-5.1.6.RELEASE.jar:/home/whitewolf/.m2/repository/org/springframework/spring-expression/5.1.6.RELEASE/spring-expression-5.1.6.RELEASE.jar:/home/whitewolf/.m2/repository/org/springframework/boot/spring-boot-starter-test/2.1.4.RELEASE/spring-boot-starter-test-2.1.4.RELEASE.jar:/home/whitewolf/.m2/repository/org/springframework/boot/spring-boot-test/2.1.4.RELEASE/spring-boot-test-2.1.4.RELEASE.jar:/home/whitewolf/.m2/repository/org/springframework/boot/spring-boot-test-autoconfigure/2.1.4.RELEASE/spring-boot-test-autoconfigure-2.1.4.RELEASE.jar:/home/whitewolf/.m2/repository/junit/junit/4.12/junit-4.12.jar:/home/whitewolf/.m2/repository/org/assertj/assertj-core/3.11.1/assertj-core-3.11.1.jar:/home/whitewolf/.m2/repository/org/mockito/mockito-core/2.23.4/mockito-core-2.23.4.jar:/home/whitewolf/.m2/repository/net/bytebuddy/byte-buddy/1.9.12/byte-buddy-1.9.12.jar:/home/whitewolf/.m2/repository/net/bytebuddy/byte-buddy-agent/1.9.12/byte-buddy-agent-1.9.12.jar:/home/whitewolf/.m2/repository/org/objenesis/objenesis/2.6/objenesis-2.6.jar:/home/whitewolf/.m2/repository/org/hamcrest/hamcrest-core/1.3/hamcrest-core-1.3.jar:/home/whitewolf/.m2/repository/org/hamcrest/hamcrest-library/1.3/hamcrest-library-1.3.jar:/home/whitewolf/.m2/repository/org/skyscreamer/jsonassert/1.5.0/jsonassert-1.5.0.jar:/home/whitewolf/.m2/repository/com/vaadin/external/google/android-json/0.0.20131108.vaadin1/android-json-0.0.20131108.vaadin1.jar:/home/whitewolf/.m2/repository/org/springframework/spring-core/5.1.6.RELEASE/spring-core-5.1.6.RELEASE.jar:/home/whitewolf/.m2/repository/org/springframework/spring-jcl/5.1.6.RELEASE/spring-jcl-5.1.6.RELEASE.jar:/home/whitewolf/.m2/repository/org/springframework/spring-test/5.1.6.RELEASE/spring-test-5.1.6.RELEASE.jar:/home/whitewolf/.m2/repository/org/xmlunit/xmlunit-core/2.6.2/xmlunit-core-2.6.2.jar:/home/whitewolf/.m2/repository/org/springframework/boot/spring-boot-starter-tomcat/2.1.4.RELEASE/spring-boot-starter-tomcat-2.1.4.RELEASE.jar:/home/whitewolf/.m2/repository/javax/annotation/javax.annotation-api/1.3.2/javax.annotation-api-1.3.2.jar:/home/whitewolf/.m2/repository/org/apache/tomcat/embed/tomcat-embed-core/9.0.17/tomcat-embed-core-9.0.17.jar:/home/whitewolf/.m2/repository/org/apache/tomcat/embed/tomcat-embed-el/9.0.17/tomcat-embed-el-9.0.17.jar:/home/whitewolf/.m2/repository/org/apache/tomcat/embed/tomcat-embed-websocket/9.0.17/tomcat-embed-websocket-9.0.17.jar:/home/whitewolf/.m2/repository/org/springframework/boot/spring-boot-starter-data-jpa/2.1.4.RELEASE/spring-boot-starter-data-jpa-2.1.4.RELEASE.jar:/home/whitewolf/.m2/repository/org/springframework/boot/spring-boot-starter-aop/2.1.4.RELEASE/spring-boot-starter-aop-2.1.4.RELEASE.jar:/home/whitewolf/.m2/repository/org/aspectj/aspectjweaver/1.9.2/aspectjweaver-1.9.2.jar:/home/whitewolf/.m2/repository/org/springframework/boot/spring-boot-starter-jdbc/2.1.4.RELEASE/spring-boot-starter-jdbc-2.1.4.RELEASE.jar:/home/whitewolf/.m2/repository/com/zaxxer/HikariCP/3.2.0/HikariCP-3.2.0.jar:/home/whitewolf/.m2/repository/org/springframework/spring-jdbc/5.1.6.RELEASE/spring-jdbc-5.1.6.RELEASE.jar:/home/whitewolf/.m2/repository/javax/transaction/javax.transaction-api/1.3/javax.transaction-api-1.3.jar:/home/whitewolf/.m2/repository/javax/xml/bind/jaxb-api/2.3.1/jaxb-api-2.3.1.jar:/home/whitewolf/.m2/repository/javax/activation/javax.activation-api/1.2.0/javax.activation-api-1.2.0.jar:/home/whitewolf/.m2/repository/org/springframework/data/spring-data-jpa/2.1.6.RELEASE/spring-data-jpa-2.1.6.RELEASE.jar:/home/whitewolf/.m2/repository/org/springframework/data/spring-data-commons/2.1.6.RELEASE/spring-data-commons-2.1.6.RELEASE.jar:/home/whitewolf/.m2/repository/org/springframework/spring-orm/5.1.6.RELEASE/spring-orm-5.1.6.RELEASE.jar:/home/whitewolf/.m2/repository/org/springframework/spring-aspects/5.1.6.RELEASE/spring-aspects-5.1.6.RELEASE.jar:/home/whitewolf/.m2/repository/org/springframework/spring-tx/5.1.6.RELEASE/spring-tx-5.1.6.RELEASE.jar:/home/whitewolf/.m2/repository/org/springframework/spring-beans/5.1.6.RELEASE/spring-beans-5.1.6.RELEASE.jar:/home/whitewolf/.m2/repository/com/jayway/jsonpath/json-path/2.4.0/json-path-2.4.0.jar:/home/whitewolf/.m2/repository/net/minidev/json-smart/2.3/json-smart-2.3.jar:/home/whitewolf/.m2/repository/net/minidev/accessors-smart/1.2/accessors-smart-1.2.jar:/home/whitewolf/.m2/repository/org/ow2/asm/asm/5.0.4/asm-5.0.4.jar:/home/whitewolf/.m2/repository/org/slf4j/slf4j-api/1.7.26/slf4j-api-1.7.26.jar:/home/whitewolf/.m2/repository/org/hibernate/hibernate-core/5.1.6.Final/hibernate-core-5.1.6.Final.jar:/home/whitewolf/.m2/repository/org/jboss/logging/jboss-logging/3.3.2.Final/jboss-logging-3.3.2.Final.jar:/home/whitewolf/.m2/repository/org/hibernate/javax/persistence/hibernate-jpa-2.1-api/1.0.0.Final/hibernate-jpa-2.1-api-1.0.0.Final.jar:/home/whitewolf/.m2/repository/org/javassist/javassist/3.20.0-GA/javassist-3.20.0-GA.jar:/home/whitewolf/.m2/repository/antlr/antlr/2.7.7/antlr-2.7.7.jar:/home/whitewolf/.m2/repository/org/apache/geronimo/specs/geronimo-jta_1.1_spec/1.1.1/geronimo-jta_1.1_spec-1.1.1.jar:/home/whitewolf/.m2/repository/org/jboss/jandex/2.0.3.Final/jandex-2.0.3.Final.jar:/home/whitewolf/.m2/repository/com/fasterxml/classmate/1.4.0/classmate-1.4.0.jar:/home/whitewolf/.m2/repository/dom4j/dom4j/1.6.1/dom4j-1.6.1.jar:/home/whitewolf/.m2/repository/org/hibernate/common/hibernate-commons-annotations/5.0.1.Final/hibernate-commons-annotations-5.0.1.Final.jar:/home/whitewolf/.m2/repository/org/hsqldb/hsqldb/2.3.4/hsqldb-2.3.4.jar:, sun.cpu.endian=little, user.home=/home/whitewolf, user.language=pl, java.awt.graphicsenv=sun.awt.X11GraphicsEnvironment, surefire.real.class.path=/home/whitewolf/tau/TAU-repozytorium/tau-mmo-jmeter/target/surefire/surefirebooter3743684750447416578.jar, path.separator=:, os.version=4.15.0-47-generic, java.runtime.name=OpenJDK Runtime Environment, java.vm.name=OpenJDK 64-Bit Server VM, hibernate.show_sql=true, java.vendor.url.bug=http://bugreport.java.com/bugreport/, user.dir=/home/whitewolf/tau/TAU-repozytorium/tau-mmo-jmeter, os.arch=amd64, hibernate.boot.CfgXmlAccessService.key=org.hibernate.boot.cfgxml.spi.LoadedConfig@299dd381, java.vm.info=mixed mode, sharing, java.vm.version=11.0.3+7-Ubuntu-1ubuntu218.04.1, hibernate.bytecode.use_reflection_optimizer=false, hibernate.connection.datasource=org.springframework.jdbc.datasource.DriverManagerDataSource@34ff08c6, java.class.version=55.0}
20:24:26.381 [main] DEBUG org.hibernate.validator.internal.engine.resolver.TraversableResolvers - Found javax.persistence.Persistence on classpath containing 'getPersistenceUtil'. Assuming JPA 2 environment. Trying to instantiate JPA aware TraversableResolver
20:24:26.381 [main] DEBUG org.hibernate.validator.internal.engine.resolver.TraversableResolvers - Instantiated JPA aware TraversableResolver of type org.hibernate.validator.internal.engine.resolver.JPATraversableResolver.
20:24:26.381 [main] DEBUG org.hibernate.validator.internal.xml.config.ValidationXmlParser - Trying to load META-INF/validation.xml for XML based Validator configuration.
20:24:26.381 [main] DEBUG org.hibernate.validator.internal.xml.config.ResourceLoaderHelper - Trying to load META-INF/validation.xml via TCCL
20:24:26.381 [main] DEBUG org.hibernate.validator.internal.xml.config.ResourceLoaderHelper - Trying to load META-INF/validation.xml via Hibernate Validator's class loader
20:24:26.381 [main] DEBUG org.hibernate.validator.internal.xml.config.ValidationXmlParser - No META-INF/validation.xml found. Using annotation based configuration only.
20:24:26.383 [main] DEBUG org.hibernate.validator.messageinterpolation.ResourceBundleMessageInterpolator - Loaded expression factory via original TCCL
20:24:26.383 [main] DEBUG org.hibernate.validator.internal.engine.ValidatorFactoryImpl - HV000234: Using org.hibernate.validator.messageinterpolation.ResourceBundleMessageInterpolator as ValidatorFactory-scoped message interpolator.
20:24:26.383 [main] DEBUG org.hibernate.validator.internal.engine.ValidatorFactoryImpl - HV000234: Using org.hibernate.validator.internal.engine.resolver.JPATraversableResolver as ValidatorFactory-scoped traversable resolver.
20:24:26.383 [main] DEBUG org.hibernate.validator.internal.engine.ValidatorFactoryImpl - HV000234: Using org.hibernate.validator.internal.util.ExecutableParameterNameProvider as ValidatorFactory-scoped parameter name provider.
20:24:26.383 [main] DEBUG org.hibernate.validator.internal.engine.ValidatorFactoryImpl - HV000234: Using org.hibernate.validator.internal.engine.DefaultClockProvider as ValidatorFactory-scoped clock provider.
20:24:26.383 [main] DEBUG org.hibernate.validator.internal.engine.ValidatorFactoryImpl - HV000234: Using org.hibernate.validator.internal.engine.scripting.DefaultScriptEvaluatorFactory as ValidatorFactory-scoped script evaluator factory.
20:24:26.383 [main] DEBUG org.hibernate.boot.internal.ClassLoaderAccessImpl - Not known whether passed class name [tau.mmo.domain.Item] is safe
20:24:26.383 [main] DEBUG org.hibernate.boot.internal.ClassLoaderAccessImpl - No temp ClassLoader provided; using live ClassLoader for loading potentially unsafe class : tau.mmo.domain.Item
20:24:26.385 [main] DEBUG org.hibernate.boot.internal.ClassLoaderAccessImpl - Not known whether passed class name [tau.mmo.domain.Player] is safe
20:24:26.385 [main] DEBUG org.hibernate.boot.internal.ClassLoaderAccessImpl - No temp ClassLoader provided; using live ClassLoader for loading potentially unsafe class : tau.mmo.domain.Player
20:24:26.387 [main] DEBUG org.hibernate.secure.spi.JaccIntegrator - Skipping JACC integration as it was not enabled
20:24:26.387 [main] DEBUG org.hibernate.boot.internal.ClassLoaderAccessImpl - Not known whether passed class name [tau.mmo.domain.Item] is safe
20:24:26.387 [main] DEBUG org.hibernate.boot.internal.ClassLoaderAccessImpl - No temp ClassLoader provided; using live ClassLoader for loading potentially unsafe class : tau.mmo.domain.Item
20:24:26.387 [main] DEBUG org.hibernate.boot.internal.ClassLoaderAccessImpl - Not known whether passed class name [tau.mmo.domain.Item] is safe
20:24:26.387 [main] DEBUG org.hibernate.boot.internal.ClassLoaderAccessImpl - No temp ClassLoader provided; using live ClassLoader for loading potentially unsafe class : tau.mmo.domain.Item
20:24:26.388 [main] DEBUG org.hibernate.boot.internal.ClassLoaderAccessImpl - Not known whether passed class name [tau.mmo.domain.Player] is safe
20:24:26.388 [main] DEBUG org.hibernate.boot.internal.ClassLoaderAccessImpl - No temp ClassLoader provided; using live ClassLoader for loading potentially unsafe class : tau.mmo.domain.Player
20:24:26.388 [main] DEBUG org.hibernate.boot.internal.ClassLoaderAccessImpl - Not known whether passed class name [tau.mmo.domain.Player] is safe
20:24:26.388 [main] DEBUG org.hibernate.boot.internal.ClassLoaderAccessImpl - No temp ClassLoader provided; using live ClassLoader for loading potentially unsafe class : tau.mmo.domain.Player
20:24:26.388 [main] DEBUG org.hibernate.persister.collection.AbstractCollectionPersister - Static SQL for collection: tau.mmo.domain.Player.items
20:24:26.388 [main] DEBUG org.hibernate.persister.collection.AbstractCollectionPersister -  Row insert: update item set player_id=? where id=?
20:24:26.388 [main] DEBUG org.hibernate.persister.collection.AbstractCollectionPersister -  Row update: update item set  where id=?
20:24:26.388 [main] DEBUG org.hibernate.persister.collection.AbstractCollectionPersister -  Row delete: update item set player_id=null where player_id=? and id=?
20:24:26.388 [main] DEBUG org.hibernate.persister.collection.AbstractCollectionPersister -  One-shot delete: update item set player_id=null where player_id=?
20:24:26.388 [main] DEBUG org.hibernate.persister.entity.AbstractEntityPersister - Static SQL for entity: tau.mmo.domain.Item
20:24:26.388 [main] DEBUG org.hibernate.persister.entity.AbstractEntityPersister -  Version select: select id from item where id =?
20:24:26.388 [main] DEBUG org.hibernate.persister.entity.AbstractEntityPersister -  Snapshot select: select item_.id, item_.itemclass as itemclas2_0_, item_.levelreq as levelreq3_0_, item_.name as name4_0_, item_.player_id as player_i5_0_ from item item_ where item_.id=?
20:24:26.388 [main] DEBUG org.hibernate.persister.entity.AbstractEntityPersister -  Insert 0: insert into item (itemclass, levelreq, name, player_id, id) values (?, ?, ?, ?, ?)
20:24:26.388 [main] DEBUG org.hibernate.persister.entity.AbstractEntityPersister -  Update 0: update item set itemclass=?, levelreq=?, name=?, player_id=? where id=?
20:24:26.388 [main] DEBUG org.hibernate.persister.entity.AbstractEntityPersister -  Delete 0: delete from item where id=?
20:24:26.388 [main] DEBUG org.hibernate.loader.plan.build.internal.spaces.QuerySpacesImpl - Adding QuerySpace : uid = <gen:0> -> org.hibernate.loader.plan.build.internal.spaces.EntityQuerySpaceImpl@34001c5d]
20:24:26.388 [main] DEBUG org.hibernate.persister.walking.spi.MetamodelGraphWalker - Visiting attribute path : itemclass
20:24:26.388 [main] DEBUG org.hibernate.persister.walking.spi.MetamodelGraphWalker - Visiting attribute path : levelreq
20:24:26.389 [main] DEBUG org.hibernate.persister.walking.spi.MetamodelGraphWalker - Visiting attribute path : name
20:24:26.389 [main] DEBUG org.hibernate.persister.walking.spi.MetamodelGraphWalker - Visiting attribute path : player
20:24:26.389 [main] DEBUG org.hibernate.loader.plan.build.internal.spaces.QuerySpacesImpl - Adding QuerySpace : uid = <gen:1> -> org.hibernate.loader.plan.build.internal.spaces.EntityQuerySpaceImpl@37ab1b10]
20:24:26.389 [main] DEBUG org.hibernate.loader.plan.build.internal.FetchStyleLoadPlanBuildingAssociationVisitationStrategy - Building LoadPlan...
20:24:26.389 [main] DEBUG org.hibernate.loader.plan.exec.internal.LoadQueryJoinAndFetchProcessor - processing queryspace <gen:0>
20:24:26.389 [main] DEBUG org.hibernate.loader.plan.build.spi.LoadPlanTreePrinter - LoadPlan(entity=tau.mmo.domain.Item)
    - Returns
       - EntityReturnImpl(entity=tau.mmo.domain.Item, querySpaceUid=<gen:0>, path=tau.mmo.domain.Item)
          - EntityAttributeFetchImpl(entity=tau.mmo.domain.Player, querySpaceUid=<gen:1>, path=tau.mmo.domain.Item.player)
    - QuerySpaces
       - EntityQuerySpaceImpl(uid=<gen:0>, entity=tau.mmo.domain.Item)
          - SQL table alias mapping - item0_
          - alias suffix - 0_
          - suffixed key columns - {id1_0_0_}

20:24:26.389 [main] DEBUG org.hibernate.loader.entity.plan.EntityLoader - Static select for entity tau.mmo.domain.Item [NONE]: select item0_.id as id1_0_0_, item0_.itemclass as itemclas2_0_0_, item0_.levelreq as levelreq3_0_0_, item0_.name as name4_0_0_, item0_.player_id as player_i5_0_0_ from item item0_ where item0_.id=?
20:24:26.389 [main] DEBUG org.hibernate.loader.plan.build.internal.spaces.QuerySpacesImpl - Adding QuerySpace : uid = <gen:0> -> org.hibernate.loader.plan.build.internal.spaces.EntityQuerySpaceImpl@55d87b73]
20:24:26.389 [main] DEBUG org.hibernate.persister.walking.spi.MetamodelGraphWalker - Visiting attribute path : itemclass
20:24:26.389 [main] DEBUG org.hibernate.persister.walking.spi.MetamodelGraphWalker - Visiting attribute path : levelreq
20:24:26.389 [main] DEBUG org.hibernate.persister.walking.spi.MetamodelGraphWalker - Visiting attribute path : name
20:24:26.389 [main] DEBUG org.hibernate.persister.walking.spi.MetamodelGraphWalker - Visiting attribute path : player
20:24:26.389 [main] DEBUG org.hibernate.loader.plan.build.internal.spaces.QuerySpacesImpl - Adding QuerySpace : uid = <gen:1> -> org.hibernate.loader.plan.build.internal.spaces.EntityQuerySpaceImpl@5b643d6e]
20:24:26.389 [main] DEBUG org.hibernate.loader.plan.build.internal.FetchStyleLoadPlanBuildingAssociationVisitationStrategy - Building LoadPlan...
20:24:26.389 [main] DEBUG org.hibernate.loader.plan.exec.internal.LoadQueryJoinAndFetchProcessor - processing queryspace <gen:0>
20:24:26.389 [main] DEBUG org.hibernate.loader.plan.build.spi.LoadPlanTreePrinter - LoadPlan(entity=tau.mmo.domain.Item)
    - Returns
       - EntityReturnImpl(entity=tau.mmo.domain.Item, querySpaceUid=<gen:0>, path=tau.mmo.domain.Item)
          - EntityAttributeFetchImpl(entity=tau.mmo.domain.Player, querySpaceUid=<gen:1>, path=tau.mmo.domain.Item.player)
    - QuerySpaces
       - EntityQuerySpaceImpl(uid=<gen:0>, entity=tau.mmo.domain.Item)
          - SQL table alias mapping - item0_
          - alias suffix - 0_
          - suffixed key columns - {id1_0_0_}

20:24:26.389 [main] DEBUG org.hibernate.loader.entity.plan.EntityLoader - Static select for entity tau.mmo.domain.Item [READ]: select item0_.id as id1_0_0_, item0_.itemclass as itemclas2_0_0_, item0_.levelreq as levelreq3_0_0_, item0_.name as name4_0_0_, item0_.player_id as player_i5_0_0_ from item item0_ where item0_.id=?
20:24:26.389 [main] DEBUG org.hibernate.loader.plan.build.internal.spaces.QuerySpacesImpl - Adding QuerySpace : uid = <gen:0> -> org.hibernate.loader.plan.build.internal.spaces.EntityQuerySpaceImpl@34f8ce89]
20:24:26.389 [main] DEBUG org.hibernate.persister.walking.spi.MetamodelGraphWalker - Visiting attribute path : itemclass
20:24:26.389 [main] DEBUG org.hibernate.persister.walking.spi.MetamodelGraphWalker - Visiting attribute path : levelreq
20:24:26.389 [main] DEBUG org.hibernate.persister.walking.spi.MetamodelGraphWalker - Visiting attribute path : name
20:24:26.389 [main] DEBUG org.hibernate.persister.walking.spi.MetamodelGraphWalker - Visiting attribute path : player
20:24:26.389 [main] DEBUG org.hibernate.loader.plan.build.internal.spaces.QuerySpacesImpl - Adding QuerySpace : uid = <gen:1> -> org.hibernate.loader.plan.build.internal.spaces.EntityQuerySpaceImpl@30ca66c5]
20:24:26.389 [main] DEBUG org.hibernate.loader.plan.build.internal.FetchStyleLoadPlanBuildingAssociationVisitationStrategy - Building LoadPlan...
20:24:26.389 [main] DEBUG org.hibernate.loader.plan.exec.internal.LoadQueryJoinAndFetchProcessor - processing queryspace <gen:0>
20:24:26.390 [main] DEBUG org.hibernate.loader.plan.build.spi.LoadPlanTreePrinter - LoadPlan(entity=tau.mmo.domain.Item)
    - Returns
       - EntityReturnImpl(entity=tau.mmo.domain.Item, querySpaceUid=<gen:0>, path=tau.mmo.domain.Item)
          - EntityAttributeFetchImpl(entity=tau.mmo.domain.Player, querySpaceUid=<gen:1>, path=tau.mmo.domain.Item.player)
    - QuerySpaces
       - EntityQuerySpaceImpl(uid=<gen:0>, entity=tau.mmo.domain.Item)
          - SQL table alias mapping - item0_
          - alias suffix - 0_
          - suffixed key columns - {id1_0_0_}

20:24:26.390 [main] DEBUG org.hibernate.loader.entity.plan.EntityLoader - Static select for entity tau.mmo.domain.Item [UPGRADE]: select item0_.id as id1_0_0_, item0_.itemclass as itemclas2_0_0_, item0_.levelreq as levelreq3_0_0_, item0_.name as name4_0_0_, item0_.player_id as player_i5_0_0_ from item item0_ where item0_.id=? for update
20:24:26.390 [main] DEBUG org.hibernate.loader.plan.build.internal.spaces.QuerySpacesImpl - Adding QuerySpace : uid = <gen:0> -> org.hibernate.loader.plan.build.internal.spaces.EntityQuerySpaceImpl@4abfa2ff]
20:24:26.390 [main] DEBUG org.hibernate.persister.walking.spi.MetamodelGraphWalker - Visiting attribute path : itemclass
20:24:26.390 [main] DEBUG org.hibernate.persister.walking.spi.MetamodelGraphWalker - Visiting attribute path : levelreq
20:24:26.390 [main] DEBUG org.hibernate.persister.walking.spi.MetamodelGraphWalker - Visiting attribute path : name
20:24:26.390 [main] DEBUG org.hibernate.persister.walking.spi.MetamodelGraphWalker - Visiting attribute path : player
20:24:26.390 [main] DEBUG org.hibernate.loader.plan.build.internal.spaces.QuerySpacesImpl - Adding QuerySpace : uid = <gen:1> -> org.hibernate.loader.plan.build.internal.spaces.EntityQuerySpaceImpl@73230721]
20:24:26.390 [main] DEBUG org.hibernate.loader.plan.build.internal.FetchStyleLoadPlanBuildingAssociationVisitationStrategy - Building LoadPlan...
20:24:26.390 [main] DEBUG org.hibernate.loader.plan.exec.internal.LoadQueryJoinAndFetchProcessor - processing queryspace <gen:0>
20:24:26.390 [main] DEBUG org.hibernate.loader.plan.build.spi.LoadPlanTreePrinter - LoadPlan(entity=tau.mmo.domain.Item)
    - Returns
       - EntityReturnImpl(entity=tau.mmo.domain.Item, querySpaceUid=<gen:0>, path=tau.mmo.domain.Item)
          - EntityAttributeFetchImpl(entity=tau.mmo.domain.Player, querySpaceUid=<gen:1>, path=tau.mmo.domain.Item.player)
    - QuerySpaces
       - EntityQuerySpaceImpl(uid=<gen:0>, entity=tau.mmo.domain.Item)
          - SQL table alias mapping - item0_
          - alias suffix - 0_
          - suffixed key columns - {id1_0_0_}

20:24:26.390 [main] DEBUG org.hibernate.loader.entity.plan.EntityLoader - Static select for entity tau.mmo.domain.Item [UPGRADE_NOWAIT]: select item0_.id as id1_0_0_, item0_.itemclass as itemclas2_0_0_, item0_.levelreq as levelreq3_0_0_, item0_.name as name4_0_0_, item0_.player_id as player_i5_0_0_ from item item0_ where item0_.id=? for update
20:24:26.390 [main] DEBUG org.hibernate.loader.plan.build.internal.spaces.QuerySpacesImpl - Adding QuerySpace : uid = <gen:0> -> org.hibernate.loader.plan.build.internal.spaces.EntityQuerySpaceImpl@10bcbbce]
20:24:26.390 [main] DEBUG org.hibernate.persister.walking.spi.MetamodelGraphWalker - Visiting attribute path : itemclass
20:24:26.390 [main] DEBUG org.hibernate.persister.walking.spi.MetamodelGraphWalker - Visiting attribute path : levelreq
20:24:26.390 [main] DEBUG org.hibernate.persister.walking.spi.MetamodelGraphWalker - Visiting attribute path : name
20:24:26.390 [main] DEBUG org.hibernate.persister.walking.spi.MetamodelGraphWalker - Visiting attribute path : player
20:24:26.390 [main] DEBUG org.hibernate.loader.plan.build.internal.spaces.QuerySpacesImpl - Adding QuerySpace : uid = <gen:1> -> org.hibernate.loader.plan.build.internal.spaces.EntityQuerySpaceImpl@125a8ab6]
20:24:26.390 [main] DEBUG org.hibernate.loader.plan.build.internal.FetchStyleLoadPlanBuildingAssociationVisitationStrategy - Building LoadPlan...
20:24:26.390 [main] DEBUG org.hibernate.loader.plan.exec.internal.LoadQueryJoinAndFetchProcessor - processing queryspace <gen:0>
20:24:26.390 [main] DEBUG org.hibernate.loader.plan.build.spi.LoadPlanTreePrinter - LoadPlan(entity=tau.mmo.domain.Item)
    - Returns
       - EntityReturnImpl(entity=tau.mmo.domain.Item, querySpaceUid=<gen:0>, path=tau.mmo.domain.Item)
          - EntityAttributeFetchImpl(entity=tau.mmo.domain.Player, querySpaceUid=<gen:1>, path=tau.mmo.domain.Item.player)
    - QuerySpaces
       - EntityQuerySpaceImpl(uid=<gen:0>, entity=tau.mmo.domain.Item)
          - SQL table alias mapping - item0_
          - alias suffix - 0_
          - suffixed key columns - {id1_0_0_}

20:24:26.390 [main] DEBUG org.hibernate.loader.entity.plan.EntityLoader - Static select for entity tau.mmo.domain.Item [UPGRADE_SKIPLOCKED]: select item0_.id as id1_0_0_, item0_.itemclass as itemclas2_0_0_, item0_.levelreq as levelreq3_0_0_, item0_.name as name4_0_0_, item0_.player_id as player_i5_0_0_ from item item0_ where item0_.id=? for update
20:24:26.390 [main] DEBUG org.hibernate.loader.plan.build.internal.spaces.QuerySpacesImpl - Adding QuerySpace : uid = <gen:0> -> org.hibernate.loader.plan.build.internal.spaces.EntityQuerySpaceImpl@792b9dd3]
20:24:26.390 [main] DEBUG org.hibernate.persister.walking.spi.MetamodelGraphWalker - Visiting attribute path : itemclass
20:24:26.390 [main] DEBUG org.hibernate.persister.walking.spi.MetamodelGraphWalker - Visiting attribute path : levelreq
20:24:26.390 [main] DEBUG org.hibernate.persister.walking.spi.MetamodelGraphWalker - Visiting attribute path : name
20:24:26.390 [main] DEBUG org.hibernate.persister.walking.spi.MetamodelGraphWalker - Visiting attribute path : player
20:24:26.390 [main] DEBUG org.hibernate.loader.plan.build.internal.spaces.QuerySpacesImpl - Adding QuerySpace : uid = <gen:1> -> org.hibernate.loader.plan.build.internal.spaces.EntityQuerySpaceImpl@31f9f9b3]
20:24:26.390 [main] DEBUG org.hibernate.loader.plan.build.internal.FetchStyleLoadPlanBuildingAssociationVisitationStrategy - Building LoadPlan...
20:24:26.390 [main] DEBUG org.hibernate.loader.plan.exec.internal.LoadQueryJoinAndFetchProcessor - processing queryspace <gen:0>
20:24:26.390 [main] DEBUG org.hibernate.loader.plan.build.spi.LoadPlanTreePrinter - LoadPlan(entity=tau.mmo.domain.Item)
    - Returns
       - EntityReturnImpl(entity=tau.mmo.domain.Item, querySpaceUid=<gen:0>, path=tau.mmo.domain.Item)
          - EntityAttributeFetchImpl(entity=tau.mmo.domain.Player, querySpaceUid=<gen:1>, path=tau.mmo.domain.Item.player)
    - QuerySpaces
       - EntityQuerySpaceImpl(uid=<gen:0>, entity=tau.mmo.domain.Item)
          - SQL table alias mapping - item0_
          - alias suffix - 0_
          - suffixed key columns - {id1_0_0_}

20:24:26.390 [main] DEBUG org.hibernate.loader.entity.plan.EntityLoader - Static select for entity tau.mmo.domain.Item [FORCE]: select item0_.id as id1_0_0_, item0_.itemclass as itemclas2_0_0_, item0_.levelreq as levelreq3_0_0_, item0_.name as name4_0_0_, item0_.player_id as player_i5_0_0_ from item item0_ where item0_.id=? for update
20:24:26.390 [main] DEBUG org.hibernate.loader.plan.build.internal.spaces.QuerySpacesImpl - Adding QuerySpace : uid = <gen:0> -> org.hibernate.loader.plan.build.internal.spaces.EntityQuerySpaceImpl@7730da00]
20:24:26.390 [main] DEBUG org.hibernate.persister.walking.spi.MetamodelGraphWalker - Visiting attribute path : itemclass
20:24:26.390 [main] DEBUG org.hibernate.persister.walking.spi.MetamodelGraphWalker - Visiting attribute path : levelreq
20:24:26.390 [main] DEBUG org.hibernate.persister.walking.spi.MetamodelGraphWalker - Visiting attribute path : name
20:24:26.390 [main] DEBUG org.hibernate.persister.walking.spi.MetamodelGraphWalker - Visiting attribute path : player
20:24:26.390 [main] DEBUG org.hibernate.loader.plan.build.internal.spaces.QuerySpacesImpl - Adding QuerySpace : uid = <gen:1> -> org.hibernate.loader.plan.build.internal.spaces.EntityQuerySpaceImpl@3fdede3a]
20:24:26.390 [main] DEBUG org.hibernate.loader.plan.build.internal.FetchStyleLoadPlanBuildingAssociationVisitationStrategy - Building LoadPlan...
20:24:26.391 [main] DEBUG org.hibernate.loader.plan.exec.internal.LoadQueryJoinAndFetchProcessor - processing queryspace <gen:0>
20:24:26.391 [main] DEBUG org.hibernate.loader.plan.build.spi.LoadPlanTreePrinter - LoadPlan(entity=tau.mmo.domain.Item)
    - Returns
       - EntityReturnImpl(entity=tau.mmo.domain.Item, querySpaceUid=<gen:0>, path=tau.mmo.domain.Item)
          - EntityAttributeFetchImpl(entity=tau.mmo.domain.Player, querySpaceUid=<gen:1>, path=tau.mmo.domain.Item.player)
    - QuerySpaces
       - EntityQuerySpaceImpl(uid=<gen:0>, entity=tau.mmo.domain.Item)
          - SQL table alias mapping - item0_
          - alias suffix - 0_
          - suffixed key columns - {id1_0_0_}

20:24:26.391 [main] DEBUG org.hibernate.loader.entity.plan.EntityLoader - Static select for entity tau.mmo.domain.Item [PESSIMISTIC_READ]: select item0_.id as id1_0_0_, item0_.itemclass as itemclas2_0_0_, item0_.levelreq as levelreq3_0_0_, item0_.name as name4_0_0_, item0_.player_id as player_i5_0_0_ from item item0_ where item0_.id=? for update
20:24:26.391 [main] DEBUG org.hibernate.loader.plan.build.internal.spaces.QuerySpacesImpl - Adding QuerySpace : uid = <gen:0> -> org.hibernate.loader.plan.build.internal.spaces.EntityQuerySpaceImpl@41948c13]
20:24:26.391 [main] DEBUG org.hibernate.persister.walking.spi.MetamodelGraphWalker - Visiting attribute path : itemclass
20:24:26.391 [main] DEBUG org.hibernate.persister.walking.spi.MetamodelGraphWalker - Visiting attribute path : levelreq
20:24:26.391 [main] DEBUG org.hibernate.persister.walking.spi.MetamodelGraphWalker - Visiting attribute path : name
20:24:26.391 [main] DEBUG org.hibernate.persister.walking.spi.MetamodelGraphWalker - Visiting attribute path : player
20:24:26.391 [main] DEBUG org.hibernate.loader.plan.build.internal.spaces.QuerySpacesImpl - Adding QuerySpace : uid = <gen:1> -> org.hibernate.loader.plan.build.internal.spaces.EntityQuerySpaceImpl@62264d4f]
20:24:26.391 [main] DEBUG org.hibernate.loader.plan.build.internal.FetchStyleLoadPlanBuildingAssociationVisitationStrategy - Building LoadPlan...
20:24:26.391 [main] DEBUG org.hibernate.loader.plan.exec.internal.LoadQueryJoinAndFetchProcessor - processing queryspace <gen:0>
20:24:26.391 [main] DEBUG org.hibernate.loader.plan.build.spi.LoadPlanTreePrinter - LoadPlan(entity=tau.mmo.domain.Item)
    - Returns
       - EntityReturnImpl(entity=tau.mmo.domain.Item, querySpaceUid=<gen:0>, path=tau.mmo.domain.Item)
          - EntityAttributeFetchImpl(entity=tau.mmo.domain.Player, querySpaceUid=<gen:1>, path=tau.mmo.domain.Item.player)
    - QuerySpaces
       - EntityQuerySpaceImpl(uid=<gen:0>, entity=tau.mmo.domain.Item)
          - SQL table alias mapping - item0_
          - alias suffix - 0_
          - suffixed key columns - {id1_0_0_}

20:24:26.391 [main] DEBUG org.hibernate.loader.entity.plan.EntityLoader - Static select for entity tau.mmo.domain.Item [PESSIMISTIC_WRITE]: select item0_.id as id1_0_0_, item0_.itemclass as itemclas2_0_0_, item0_.levelreq as levelreq3_0_0_, item0_.name as name4_0_0_, item0_.player_id as player_i5_0_0_ from item item0_ where item0_.id=? for update
20:24:26.391 [main] DEBUG org.hibernate.loader.plan.build.internal.spaces.QuerySpacesImpl - Adding QuerySpace : uid = <gen:0> -> org.hibernate.loader.plan.build.internal.spaces.EntityQuerySpaceImpl@2bc0603f]
20:24:26.391 [main] DEBUG org.hibernate.persister.walking.spi.MetamodelGraphWalker - Visiting attribute path : itemclass
20:24:26.391 [main] DEBUG org.hibernate.persister.walking.spi.MetamodelGraphWalker - Visiting attribute path : levelreq
20:24:26.391 [main] DEBUG org.hibernate.persister.walking.spi.MetamodelGraphWalker - Visiting attribute path : name
20:24:26.391 [main] DEBUG org.hibernate.persister.walking.spi.MetamodelGraphWalker - Visiting attribute path : player
20:24:26.391 [main] DEBUG org.hibernate.loader.plan.build.internal.spaces.QuerySpacesImpl - Adding QuerySpace : uid = <gen:1> -> org.hibernate.loader.plan.build.internal.spaces.EntityQuerySpaceImpl@533e8807]
20:24:26.391 [main] DEBUG org.hibernate.loader.plan.build.internal.FetchStyleLoadPlanBuildingAssociationVisitationStrategy - Building LoadPlan...
20:24:26.391 [main] DEBUG org.hibernate.loader.plan.exec.internal.LoadQueryJoinAndFetchProcessor - processing queryspace <gen:0>
20:24:26.391 [main] DEBUG org.hibernate.loader.plan.build.spi.LoadPlanTreePrinter - LoadPlan(entity=tau.mmo.domain.Item)
    - Returns
       - EntityReturnImpl(entity=tau.mmo.domain.Item, querySpaceUid=<gen:0>, path=tau.mmo.domain.Item)
          - EntityAttributeFetchImpl(entity=tau.mmo.domain.Player, querySpaceUid=<gen:1>, path=tau.mmo.domain.Item.player)
    - QuerySpaces
       - EntityQuerySpaceImpl(uid=<gen:0>, entity=tau.mmo.domain.Item)
          - SQL table alias mapping - item0_
          - alias suffix - 0_
          - suffixed key columns - {id1_0_0_}

20:24:26.391 [main] DEBUG org.hibernate.loader.entity.plan.EntityLoader - Static select for entity tau.mmo.domain.Item [PESSIMISTIC_FORCE_INCREMENT]: select item0_.id as id1_0_0_, item0_.itemclass as itemclas2_0_0_, item0_.levelreq as levelreq3_0_0_, item0_.name as name4_0_0_, item0_.player_id as player_i5_0_0_ from item item0_ where item0_.id=? for update
20:24:26.391 [main] DEBUG org.hibernate.loader.plan.build.internal.spaces.QuerySpacesImpl - Adding QuerySpace : uid = <gen:0> -> org.hibernate.loader.plan.build.internal.spaces.EntityQuerySpaceImpl@322eb1a]
20:24:26.391 [main] DEBUG org.hibernate.persister.walking.spi.MetamodelGraphWalker - Visiting attribute path : itemclass
20:24:26.391 [main] DEBUG org.hibernate.persister.walking.spi.MetamodelGraphWalker - Visiting attribute path : levelreq
20:24:26.391 [main] DEBUG org.hibernate.persister.walking.spi.MetamodelGraphWalker - Visiting attribute path : name
20:24:26.391 [main] DEBUG org.hibernate.persister.walking.spi.MetamodelGraphWalker - Visiting attribute path : player
20:24:26.391 [main] DEBUG org.hibernate.loader.plan.build.internal.spaces.QuerySpacesImpl - Adding QuerySpace : uid = <gen:1> -> org.hibernate.loader.plan.build.internal.spaces.EntityQuerySpaceImpl@69f24965]
20:24:26.391 [main] DEBUG org.hibernate.loader.plan.build.internal.FetchStyleLoadPlanBuildingAssociationVisitationStrategy - Building LoadPlan...
20:24:26.391 [main] DEBUG org.hibernate.loader.plan.exec.internal.LoadQueryJoinAndFetchProcessor - processing queryspace <gen:0>
20:24:26.391 [main] DEBUG org.hibernate.loader.plan.build.spi.LoadPlanTreePrinter - LoadPlan(entity=tau.mmo.domain.Item)
    - Returns
       - EntityReturnImpl(entity=tau.mmo.domain.Item, querySpaceUid=<gen:0>, path=tau.mmo.domain.Item)
          - EntityAttributeFetchImpl(entity=tau.mmo.domain.Player, querySpaceUid=<gen:1>, path=tau.mmo.domain.Item.player)
    - QuerySpaces
       - EntityQuerySpaceImpl(uid=<gen:0>, entity=tau.mmo.domain.Item)
          - SQL table alias mapping - item0_
          - alias suffix - 0_
          - suffixed key columns - {id1_0_0_}

20:24:26.391 [main] DEBUG org.hibernate.loader.entity.plan.EntityLoader - Static select for entity tau.mmo.domain.Item [OPTIMISTIC]: select item0_.id as id1_0_0_, item0_.itemclass as itemclas2_0_0_, item0_.levelreq as levelreq3_0_0_, item0_.name as name4_0_0_, item0_.player_id as player_i5_0_0_ from item item0_ where item0_.id=?
20:24:26.391 [main] DEBUG org.hibernate.loader.plan.build.internal.spaces.QuerySpacesImpl - Adding QuerySpace : uid = <gen:0> -> org.hibernate.loader.plan.build.internal.spaces.EntityQuerySpaceImpl@4eab9aec]
20:24:26.392 [main] DEBUG org.hibernate.persister.walking.spi.MetamodelGraphWalker - Visiting attribute path : itemclass
20:24:26.392 [main] DEBUG org.hibernate.persister.walking.spi.MetamodelGraphWalker - Visiting attribute path : levelreq
20:24:26.392 [main] DEBUG org.hibernate.persister.walking.spi.MetamodelGraphWalker - Visiting attribute path : name
20:24:26.392 [main] DEBUG org.hibernate.persister.walking.spi.MetamodelGraphWalker - Visiting attribute path : player
20:24:26.392 [main] DEBUG org.hibernate.loader.plan.build.internal.spaces.QuerySpacesImpl - Adding QuerySpace : uid = <gen:1> -> org.hibernate.loader.plan.build.internal.spaces.EntityQuerySpaceImpl@2c6efee3]
20:24:26.392 [main] DEBUG org.hibernate.loader.plan.build.internal.FetchStyleLoadPlanBuildingAssociationVisitationStrategy - Building LoadPlan...
20:24:26.392 [main] DEBUG org.hibernate.loader.plan.exec.internal.LoadQueryJoinAndFetchProcessor - processing queryspace <gen:0>
20:24:26.392 [main] DEBUG org.hibernate.loader.plan.build.spi.LoadPlanTreePrinter - LoadPlan(entity=tau.mmo.domain.Item)
    - Returns
       - EntityReturnImpl(entity=tau.mmo.domain.Item, querySpaceUid=<gen:0>, path=tau.mmo.domain.Item)
          - EntityAttributeFetchImpl(entity=tau.mmo.domain.Player, querySpaceUid=<gen:1>, path=tau.mmo.domain.Item.player)
    - QuerySpaces
       - EntityQuerySpaceImpl(uid=<gen:0>, entity=tau.mmo.domain.Item)
          - SQL table alias mapping - item0_
          - alias suffix - 0_
          - suffixed key columns - {id1_0_0_}

20:24:26.392 [main] DEBUG org.hibernate.loader.entity.plan.EntityLoader - Static select for entity tau.mmo.domain.Item [OPTIMISTIC_FORCE_INCREMENT]: select item0_.id as id1_0_0_, item0_.itemclass as itemclas2_0_0_, item0_.levelreq as levelreq3_0_0_, item0_.name as name4_0_0_, item0_.player_id as player_i5_0_0_ from item item0_ where item0_.id=?
20:24:26.392 [main] DEBUG org.hibernate.loader.Loader - Static select for action ACTION_MERGE on entity tau.mmo.domain.Item: select item0_.id as id1_0_0_, item0_.itemclass as itemclas2_0_0_, item0_.levelreq as levelreq3_0_0_, item0_.name as name4_0_0_, item0_.player_id as player_i5_0_0_ from item item0_ where item0_.id=?
20:24:26.392 [main] DEBUG org.hibernate.loader.Loader - Static select for action ACTION_REFRESH on entity tau.mmo.domain.Item: select item0_.id as id1_0_0_, item0_.itemclass as itemclas2_0_0_, item0_.levelreq as levelreq3_0_0_, item0_.name as name4_0_0_, item0_.player_id as player_i5_0_0_ from item item0_ where item0_.id=?
20:24:26.392 [main] DEBUG org.hibernate.persister.entity.AbstractEntityPersister - Static SQL for entity: tau.mmo.domain.Player
20:24:26.392 [main] DEBUG org.hibernate.persister.entity.AbstractEntityPersister -  Version select: select id from player where id =?
20:24:26.392 [main] DEBUG org.hibernate.persister.entity.AbstractEntityPersister -  Snapshot select: select player_.id, player_.heroclass as heroclas2_1_, player_.level as level3_1_, player_.name as name4_1_ from player player_ where player_.id=?
20:24:26.392 [main] DEBUG org.hibernate.persister.entity.AbstractEntityPersister -  Insert 0: insert into player (heroclass, level, name, id) values (?, ?, ?, ?)
20:24:26.392 [main] DEBUG org.hibernate.persister.entity.AbstractEntityPersister -  Update 0: update player set heroclass=?, level=?, name=? where id=?
20:24:26.392 [main] DEBUG org.hibernate.persister.entity.AbstractEntityPersister -  Delete 0: delete from player where id=?
20:24:26.392 [main] DEBUG org.hibernate.loader.plan.build.internal.spaces.QuerySpacesImpl - Adding QuerySpace : uid = <gen:0> -> org.hibernate.loader.plan.build.internal.spaces.EntityQuerySpaceImpl@57ac236a]
20:24:26.392 [main] DEBUG org.hibernate.persister.walking.spi.MetamodelGraphWalker - Visiting attribute path : heroclass
20:24:26.392 [main] DEBUG org.hibernate.persister.walking.spi.MetamodelGraphWalker - Visiting attribute path : items
20:24:26.392 [main] DEBUG org.hibernate.loader.plan.build.internal.spaces.QuerySpacesImpl - Adding QuerySpace : uid = <gen:1> -> org.hibernate.loader.plan.build.internal.spaces.CollectionQuerySpaceImpl@3163e03b]
20:24:26.392 [main] DEBUG org.hibernate.loader.plan.build.internal.spaces.QuerySpacesImpl - Adding QuerySpace : uid = <gen:2> -> org.hibernate.loader.plan.build.internal.spaces.EntityQuerySpaceImpl@6aa18912]
20:24:26.392 [main] DEBUG org.hibernate.persister.walking.spi.MetamodelGraphWalker - Visiting attribute path : items.itemclass
20:24:26.392 [main] DEBUG org.hibernate.persister.walking.spi.MetamodelGraphWalker - Visiting attribute path : items.levelreq
20:24:26.392 [main] DEBUG org.hibernate.persister.walking.spi.MetamodelGraphWalker - Visiting attribute path : items.name
20:24:26.392 [main] DEBUG org.hibernate.persister.walking.spi.MetamodelGraphWalker - Visiting attribute path : items.player
20:24:26.392 [main] DEBUG org.hibernate.persister.walking.spi.MetamodelGraphWalker - Property path deemed to be circular : items.player
20:24:26.392 [main] DEBUG org.hibernate.persister.walking.spi.MetamodelGraphWalker - Visiting attribute path : level
20:24:26.392 [main] DEBUG org.hibernate.persister.walking.spi.MetamodelGraphWalker - Visiting attribute path : name
20:24:26.392 [main] DEBUG org.hibernate.loader.plan.build.internal.FetchStyleLoadPlanBuildingAssociationVisitationStrategy - Building LoadPlan...
20:24:26.392 [main] DEBUG org.hibernate.loader.plan.exec.internal.LoadQueryJoinAndFetchProcessor - processing queryspace <gen:0>
20:24:26.393 [main] DEBUG org.hibernate.loader.plan.build.spi.LoadPlanTreePrinter - LoadPlan(entity=tau.mmo.domain.Player)
    - Returns
       - EntityReturnImpl(entity=tau.mmo.domain.Player, querySpaceUid=<gen:0>, path=tau.mmo.domain.Player)
          - CollectionAttributeFetchImpl(collection=tau.mmo.domain.Player.items, querySpaceUid=<gen:1>, path=tau.mmo.domain.Player.items)
             - (collection element) CollectionFetchableElementEntityGraph(entity=tau.mmo.domain.Item, querySpaceUid=<gen:2>, path=tau.mmo.domain.Player.items.<elements>)
    - QuerySpaces
       - EntityQuerySpaceImpl(uid=<gen:0>, entity=tau.mmo.domain.Player)
          - SQL table alias mapping - player0_
          - alias suffix - 0_
          - suffixed key columns - {id1_1_0_}
          - JOIN (JoinDefinedByMetadata(items)) : <gen:0> -> <gen:1>
             - CollectionQuerySpaceImpl(uid=<gen:1>, collection=tau.mmo.domain.Player.items)
                - SQL table alias mapping - items1_
                - alias suffix - 1_
                - suffixed key columns - {player_i5_0_1_}
                - entity-element alias suffix - 2_
                - 2_entity-element suffixed key columns - id1_0_2_
                - JOIN (JoinDefinedByMetadata(elements)) : <gen:1> -> <gen:2>
                   - EntityQuerySpaceImpl(uid=<gen:2>, entity=tau.mmo.domain.Item)
                      - SQL table alias mapping - items1_
                      - alias suffix - 2_
                      - suffixed key columns - {id1_0_2_}

20:24:26.393 [main] DEBUG org.hibernate.loader.entity.plan.EntityLoader - Static select for entity tau.mmo.domain.Player [NONE]: select player0_.id as id1_1_0_, player0_.heroclass as heroclas2_1_0_, player0_.level as level3_1_0_, player0_.name as name4_1_0_, items1_.player_id as player_i5_0_1_, items1_.id as id1_0_1_, items1_.id as id1_0_2_, items1_.itemclass as itemclas2_0_2_, items1_.levelreq as levelreq3_0_2_, items1_.name as name4_0_2_, items1_.player_id as player_i5_0_2_ from player player0_ left outer join item items1_ on player0_.id=items1_.player_id where player0_.id=?
20:24:26.393 [main] DEBUG org.hibernate.loader.plan.build.internal.spaces.QuerySpacesImpl - Adding QuerySpace : uid = <gen:0> -> org.hibernate.loader.plan.build.internal.spaces.EntityQuerySpaceImpl@2202c92f]
20:24:26.393 [main] DEBUG org.hibernate.persister.walking.spi.MetamodelGraphWalker - Visiting attribute path : heroclass
20:24:26.393 [main] DEBUG org.hibernate.persister.walking.spi.MetamodelGraphWalker - Visiting attribute path : items
20:24:26.393 [main] DEBUG org.hibernate.loader.plan.build.internal.spaces.QuerySpacesImpl - Adding QuerySpace : uid = <gen:1> -> org.hibernate.loader.plan.build.internal.spaces.CollectionQuerySpaceImpl@1a712f12]
20:24:26.393 [main] DEBUG org.hibernate.loader.plan.build.internal.spaces.QuerySpacesImpl - Adding QuerySpace : uid = <gen:2> -> org.hibernate.loader.plan.build.internal.spaces.EntityQuerySpaceImpl@62525dd3]
20:24:26.393 [main] DEBUG org.hibernate.persister.walking.spi.MetamodelGraphWalker - Visiting attribute path : items.itemclass
20:24:26.393 [main] DEBUG org.hibernate.persister.walking.spi.MetamodelGraphWalker - Visiting attribute path : items.levelreq
20:24:26.393 [main] DEBUG org.hibernate.persister.walking.spi.MetamodelGraphWalker - Visiting attribute path : items.name
20:24:26.393 [main] DEBUG org.hibernate.persister.walking.spi.MetamodelGraphWalker - Visiting attribute path : items.player
20:24:26.393 [main] DEBUG org.hibernate.persister.walking.spi.MetamodelGraphWalker - Property path deemed to be circular : items.player
20:24:26.393 [main] DEBUG org.hibernate.persister.walking.spi.MetamodelGraphWalker - Visiting attribute path : level
20:24:26.393 [main] DEBUG org.hibernate.persister.walking.spi.MetamodelGraphWalker - Visiting attribute path : name
20:24:26.393 [main] DEBUG org.hibernate.loader.plan.build.internal.FetchStyleLoadPlanBuildingAssociationVisitationStrategy - Building LoadPlan...
20:24:26.393 [main] DEBUG org.hibernate.loader.plan.exec.internal.LoadQueryJoinAndFetchProcessor - processing queryspace <gen:0>
20:24:26.393 [main] DEBUG org.hibernate.loader.plan.build.spi.LoadPlanTreePrinter - LoadPlan(entity=tau.mmo.domain.Player)
    - Returns
       - EntityReturnImpl(entity=tau.mmo.domain.Player, querySpaceUid=<gen:0>, path=tau.mmo.domain.Player)
          - CollectionAttributeFetchImpl(collection=tau.mmo.domain.Player.items, querySpaceUid=<gen:1>, path=tau.mmo.domain.Player.items)
             - (collection element) CollectionFetchableElementEntityGraph(entity=tau.mmo.domain.Item, querySpaceUid=<gen:2>, path=tau.mmo.domain.Player.items.<elements>)
    - QuerySpaces
       - EntityQuerySpaceImpl(uid=<gen:0>, entity=tau.mmo.domain.Player)
          - SQL table alias mapping - player0_
          - alias suffix - 0_
          - suffixed key columns - {id1_1_0_}
          - JOIN (JoinDefinedByMetadata(items)) : <gen:0> -> <gen:1>
             - CollectionQuerySpaceImpl(uid=<gen:1>, collection=tau.mmo.domain.Player.items)
                - SQL table alias mapping - items1_
                - alias suffix - 1_
                - suffixed key columns - {player_i5_0_1_}
                - entity-element alias suffix - 2_
                - 2_entity-element suffixed key columns - id1_0_2_
                - JOIN (JoinDefinedByMetadata(elements)) : <gen:1> -> <gen:2>
                   - EntityQuerySpaceImpl(uid=<gen:2>, entity=tau.mmo.domain.Item)
                      - SQL table alias mapping - items1_
                      - alias suffix - 2_
                      - suffixed key columns - {id1_0_2_}

20:24:26.393 [main] DEBUG org.hibernate.loader.entity.plan.EntityLoader - Static select for entity tau.mmo.domain.Player [READ]: select player0_.id as id1_1_0_, player0_.heroclass as heroclas2_1_0_, player0_.level as level3_1_0_, player0_.name as name4_1_0_, items1_.player_id as player_i5_0_1_, items1_.id as id1_0_1_, items1_.id as id1_0_2_, items1_.itemclass as itemclas2_0_2_, items1_.levelreq as levelreq3_0_2_, items1_.name as name4_0_2_, items1_.player_id as player_i5_0_2_ from player player0_ left outer join item items1_ on player0_.id=items1_.player_id where player0_.id=?
20:24:26.393 [main] DEBUG org.hibernate.loader.plan.build.internal.spaces.QuerySpacesImpl - Adding QuerySpace : uid = <gen:0> -> org.hibernate.loader.plan.build.internal.spaces.EntityQuerySpaceImpl@68fc636a]
20:24:26.393 [main] DEBUG org.hibernate.persister.walking.spi.MetamodelGraphWalker - Visiting attribute path : heroclass
20:24:26.393 [main] DEBUG org.hibernate.persister.walking.spi.MetamodelGraphWalker - Visiting attribute path : items
20:24:26.393 [main] DEBUG org.hibernate.loader.plan.build.internal.spaces.QuerySpacesImpl - Adding QuerySpace : uid = <gen:1> -> org.hibernate.loader.plan.build.internal.spaces.CollectionQuerySpaceImpl@237ee2e1]
20:24:26.393 [main] DEBUG org.hibernate.loader.plan.build.internal.spaces.QuerySpacesImpl - Adding QuerySpace : uid = <gen:2> -> org.hibernate.loader.plan.build.internal.spaces.EntityQuerySpaceImpl@6e00d737]
20:24:26.393 [main] DEBUG org.hibernate.persister.walking.spi.MetamodelGraphWalker - Visiting attribute path : level
20:24:26.393 [main] DEBUG org.hibernate.persister.walking.spi.MetamodelGraphWalker - Visiting attribute path : name
20:24:26.393 [main] DEBUG org.hibernate.loader.plan.build.internal.FetchStyleLoadPlanBuildingAssociationVisitationStrategy - Building LoadPlan...
20:24:26.393 [main] DEBUG org.hibernate.loader.plan.exec.internal.LoadQueryJoinAndFetchProcessor - processing queryspace <gen:0>
20:24:26.394 [main] DEBUG org.hibernate.loader.plan.build.spi.LoadPlanTreePrinter - LoadPlan(entity=tau.mmo.domain.Player)
    - Returns
       - EntityReturnImpl(entity=tau.mmo.domain.Player, querySpaceUid=<gen:0>, path=tau.mmo.domain.Player)
          - CollectionAttributeFetchImpl(collection=tau.mmo.domain.Player.items, querySpaceUid=<gen:1>, path=tau.mmo.domain.Player.items)
             - (collection element) CollectionFetchableElementEntityGraph(entity=tau.mmo.domain.Item, querySpaceUid=<gen:2>, path=tau.mmo.domain.Player.items.<elements>)
    - QuerySpaces
       - EntityQuerySpaceImpl(uid=<gen:0>, entity=tau.mmo.domain.Player)
          - SQL table alias mapping - player0_
          - alias suffix - 0_
          - suffixed key columns - {id1_1_0_}

20:24:26.394 [main] DEBUG org.hibernate.loader.entity.plan.EntityLoader - Static select for entity tau.mmo.domain.Player [UPGRADE]: select player0_.id as id1_1_0_, player0_.heroclass as heroclas2_1_0_, player0_.level as level3_1_0_, player0_.name as name4_1_0_ from player player0_ where player0_.id=? for update
20:24:26.394 [main] DEBUG org.hibernate.loader.plan.build.internal.spaces.QuerySpacesImpl - Adding QuerySpace : uid = <gen:0> -> org.hibernate.loader.plan.build.internal.spaces.EntityQuerySpaceImpl@656c0eae]
20:24:26.394 [main] DEBUG org.hibernate.persister.walking.spi.MetamodelGraphWalker - Visiting attribute path : heroclass
20:24:26.394 [main] DEBUG org.hibernate.persister.walking.spi.MetamodelGraphWalker - Visiting attribute path : items
20:24:26.394 [main] DEBUG org.hibernate.loader.plan.build.internal.spaces.QuerySpacesImpl - Adding QuerySpace : uid = <gen:1> -> org.hibernate.loader.plan.build.internal.spaces.CollectionQuerySpaceImpl@29c21acb]
20:24:26.394 [main] DEBUG org.hibernate.loader.plan.build.internal.spaces.QuerySpacesImpl - Adding QuerySpace : uid = <gen:2> -> org.hibernate.loader.plan.build.internal.spaces.EntityQuerySpaceImpl@4113d9ab]
20:24:26.394 [main] DEBUG org.hibernate.persister.walking.spi.MetamodelGraphWalker - Visiting attribute path : level
20:24:26.394 [main] DEBUG org.hibernate.persister.walking.spi.MetamodelGraphWalker - Visiting attribute path : name
20:24:26.394 [main] DEBUG org.hibernate.loader.plan.build.internal.FetchStyleLoadPlanBuildingAssociationVisitationStrategy - Building LoadPlan...
20:24:26.394 [main] DEBUG org.hibernate.loader.plan.exec.internal.LoadQueryJoinAndFetchProcessor - processing queryspace <gen:0>
20:24:26.394 [main] DEBUG org.hibernate.loader.plan.build.spi.LoadPlanTreePrinter - LoadPlan(entity=tau.mmo.domain.Player)
    - Returns
       - EntityReturnImpl(entity=tau.mmo.domain.Player, querySpaceUid=<gen:0>, path=tau.mmo.domain.Player)
          - CollectionAttributeFetchImpl(collection=tau.mmo.domain.Player.items, querySpaceUid=<gen:1>, path=tau.mmo.domain.Player.items)
             - (collection element) CollectionFetchableElementEntityGraph(entity=tau.mmo.domain.Item, querySpaceUid=<gen:2>, path=tau.mmo.domain.Player.items.<elements>)
    - QuerySpaces
       - EntityQuerySpaceImpl(uid=<gen:0>, entity=tau.mmo.domain.Player)
          - SQL table alias mapping - player0_
          - alias suffix - 0_
          - suffixed key columns - {id1_1_0_}

20:24:26.394 [main] DEBUG org.hibernate.loader.entity.plan.EntityLoader - Static select for entity tau.mmo.domain.Player [UPGRADE_NOWAIT]: select player0_.id as id1_1_0_, player0_.heroclass as heroclas2_1_0_, player0_.level as level3_1_0_, player0_.name as name4_1_0_ from player player0_ where player0_.id=? for update
20:24:26.394 [main] DEBUG org.hibernate.loader.plan.build.internal.spaces.QuerySpacesImpl - Adding QuerySpace : uid = <gen:0> -> org.hibernate.loader.plan.build.internal.spaces.EntityQuerySpaceImpl@448fa659]
20:24:26.394 [main] DEBUG org.hibernate.persister.walking.spi.MetamodelGraphWalker - Visiting attribute path : heroclass
20:24:26.394 [main] DEBUG org.hibernate.persister.walking.spi.MetamodelGraphWalker - Visiting attribute path : items
20:24:26.394 [main] DEBUG org.hibernate.loader.plan.build.internal.spaces.QuerySpacesImpl - Adding QuerySpace : uid = <gen:1> -> org.hibernate.loader.plan.build.internal.spaces.CollectionQuerySpaceImpl@7c6fc278]
20:24:26.394 [main] DEBUG org.hibernate.loader.plan.build.internal.spaces.QuerySpacesImpl - Adding QuerySpace : uid = <gen:2> -> org.hibernate.loader.plan.build.internal.spaces.EntityQuerySpaceImpl@23ee92df]
20:24:26.394 [main] DEBUG org.hibernate.persister.walking.spi.MetamodelGraphWalker - Visiting attribute path : level
20:24:26.394 [main] DEBUG org.hibernate.persister.walking.spi.MetamodelGraphWalker - Visiting attribute path : name
20:24:26.394 [main] DEBUG org.hibernate.loader.plan.build.internal.FetchStyleLoadPlanBuildingAssociationVisitationStrategy - Building LoadPlan...
20:24:26.394 [main] DEBUG org.hibernate.loader.plan.exec.internal.LoadQueryJoinAndFetchProcessor - processing queryspace <gen:0>
20:24:26.394 [main] DEBUG org.hibernate.loader.plan.build.spi.LoadPlanTreePrinter - LoadPlan(entity=tau.mmo.domain.Player)
    - Returns
       - EntityReturnImpl(entity=tau.mmo.domain.Player, querySpaceUid=<gen:0>, path=tau.mmo.domain.Player)
          - CollectionAttributeFetchImpl(collection=tau.mmo.domain.Player.items, querySpaceUid=<gen:1>, path=tau.mmo.domain.Player.items)
             - (collection element) CollectionFetchableElementEntityGraph(entity=tau.mmo.domain.Item, querySpaceUid=<gen:2>, path=tau.mmo.domain.Player.items.<elements>)
    - QuerySpaces
       - EntityQuerySpaceImpl(uid=<gen:0>, entity=tau.mmo.domain.Player)
          - SQL table alias mapping - player0_
          - alias suffix - 0_
          - suffixed key columns - {id1_1_0_}

20:24:26.394 [main] DEBUG org.hibernate.loader.entity.plan.EntityLoader - Static select for entity tau.mmo.domain.Player [UPGRADE_SKIPLOCKED]: select player0_.id as id1_1_0_, player0_.heroclass as heroclas2_1_0_, player0_.level as level3_1_0_, player0_.name as name4_1_0_ from player player0_ where player0_.id=? for update
20:24:26.394 [main] DEBUG org.hibernate.loader.plan.build.internal.spaces.QuerySpacesImpl - Adding QuerySpace : uid = <gen:0> -> org.hibernate.loader.plan.build.internal.spaces.EntityQuerySpaceImpl@1a6a4595]
20:24:26.394 [main] DEBUG org.hibernate.persister.walking.spi.MetamodelGraphWalker - Visiting attribute path : heroclass
20:24:26.394 [main] DEBUG org.hibernate.persister.walking.spi.MetamodelGraphWalker - Visiting attribute path : items
20:24:26.394 [main] DEBUG org.hibernate.loader.plan.build.internal.spaces.QuerySpacesImpl - Adding QuerySpace : uid = <gen:1> -> org.hibernate.loader.plan.build.internal.spaces.CollectionQuerySpaceImpl@4965454c]
20:24:26.394 [main] DEBUG org.hibernate.loader.plan.build.internal.spaces.QuerySpacesImpl - Adding QuerySpace : uid = <gen:2> -> org.hibernate.loader.plan.build.internal.spaces.EntityQuerySpaceImpl@1e4a4ed5]
20:24:26.394 [main] DEBUG org.hibernate.persister.walking.spi.MetamodelGraphWalker - Visiting attribute path : level
20:24:26.394 [main] DEBUG org.hibernate.persister.walking.spi.MetamodelGraphWalker - Visiting attribute path : name
20:24:26.394 [main] DEBUG org.hibernate.loader.plan.build.internal.FetchStyleLoadPlanBuildingAssociationVisitationStrategy - Building LoadPlan...
20:24:26.394 [main] DEBUG org.hibernate.loader.plan.exec.internal.LoadQueryJoinAndFetchProcessor - processing queryspace <gen:0>
20:24:26.394 [main] DEBUG org.hibernate.loader.plan.build.spi.LoadPlanTreePrinter - LoadPlan(entity=tau.mmo.domain.Player)
    - Returns
       - EntityReturnImpl(entity=tau.mmo.domain.Player, querySpaceUid=<gen:0>, path=tau.mmo.domain.Player)
          - CollectionAttributeFetchImpl(collection=tau.mmo.domain.Player.items, querySpaceUid=<gen:1>, path=tau.mmo.domain.Player.items)
             - (collection element) CollectionFetchableElementEntityGraph(entity=tau.mmo.domain.Item, querySpaceUid=<gen:2>, path=tau.mmo.domain.Player.items.<elements>)
    - QuerySpaces
       - EntityQuerySpaceImpl(uid=<gen:0>, entity=tau.mmo.domain.Player)
          - SQL table alias mapping - player0_
          - alias suffix - 0_
          - suffixed key columns - {id1_1_0_}

20:24:26.394 [main] DEBUG org.hibernate.loader.entity.plan.EntityLoader - Static select for entity tau.mmo.domain.Player [FORCE]: select player0_.id as id1_1_0_, player0_.heroclass as heroclas2_1_0_, player0_.level as level3_1_0_, player0_.name as name4_1_0_ from player player0_ where player0_.id=? for update
20:24:26.394 [main] DEBUG org.hibernate.loader.plan.build.internal.spaces.QuerySpacesImpl - Adding QuerySpace : uid = <gen:0> -> org.hibernate.loader.plan.build.internal.spaces.EntityQuerySpaceImpl@5644f664]
20:24:26.394 [main] DEBUG org.hibernate.persister.walking.spi.MetamodelGraphWalker - Visiting attribute path : heroclass
20:24:26.394 [main] DEBUG org.hibernate.persister.walking.spi.MetamodelGraphWalker - Visiting attribute path : items
20:24:26.394 [main] DEBUG org.hibernate.loader.plan.build.internal.spaces.QuerySpacesImpl - Adding QuerySpace : uid = <gen:1> -> org.hibernate.loader.plan.build.internal.spaces.CollectionQuerySpaceImpl@27f31d91]
20:24:26.394 [main] DEBUG org.hibernate.loader.plan.build.internal.spaces.QuerySpacesImpl - Adding QuerySpace : uid = <gen:2> -> org.hibernate.loader.plan.build.internal.spaces.EntityQuerySpaceImpl@6b03c35c]
20:24:26.394 [main] DEBUG org.hibernate.persister.walking.spi.MetamodelGraphWalker - Visiting attribute path : level
20:24:26.394 [main] DEBUG org.hibernate.persister.walking.spi.MetamodelGraphWalker - Visiting attribute path : name
20:24:26.394 [main] DEBUG org.hibernate.loader.plan.build.internal.FetchStyleLoadPlanBuildingAssociationVisitationStrategy - Building LoadPlan...
20:24:26.395 [main] DEBUG org.hibernate.loader.plan.exec.internal.LoadQueryJoinAndFetchProcessor - processing queryspace <gen:0>
20:24:26.395 [main] DEBUG org.hibernate.loader.plan.build.spi.LoadPlanTreePrinter - LoadPlan(entity=tau.mmo.domain.Player)
    - Returns
       - EntityReturnImpl(entity=tau.mmo.domain.Player, querySpaceUid=<gen:0>, path=tau.mmo.domain.Player)
          - CollectionAttributeFetchImpl(collection=tau.mmo.domain.Player.items, querySpaceUid=<gen:1>, path=tau.mmo.domain.Player.items)
             - (collection element) CollectionFetchableElementEntityGraph(entity=tau.mmo.domain.Item, querySpaceUid=<gen:2>, path=tau.mmo.domain.Player.items.<elements>)
    - QuerySpaces
       - EntityQuerySpaceImpl(uid=<gen:0>, entity=tau.mmo.domain.Player)
          - SQL table alias mapping - player0_
          - alias suffix - 0_
          - suffixed key columns - {id1_1_0_}

20:24:26.395 [main] DEBUG org.hibernate.loader.entity.plan.EntityLoader - Static select for entity tau.mmo.domain.Player [PESSIMISTIC_READ]: select player0_.id as id1_1_0_, player0_.heroclass as heroclas2_1_0_, player0_.level as level3_1_0_, player0_.name as name4_1_0_ from player player0_ where player0_.id=? for update
20:24:26.395 [main] DEBUG org.hibernate.loader.plan.build.internal.spaces.QuerySpacesImpl - Adding QuerySpace : uid = <gen:0> -> org.hibernate.loader.plan.build.internal.spaces.EntityQuerySpaceImpl@1a05ff8e]
20:24:26.395 [main] DEBUG org.hibernate.persister.walking.spi.MetamodelGraphWalker - Visiting attribute path : heroclass
20:24:26.395 [main] DEBUG org.hibernate.persister.walking.spi.MetamodelGraphWalker - Visiting attribute path : items
20:24:26.395 [main] DEBUG org.hibernate.loader.plan.build.internal.spaces.QuerySpacesImpl - Adding QuerySpace : uid = <gen:1> -> org.hibernate.loader.plan.build.internal.spaces.CollectionQuerySpaceImpl@1abea1ed]
20:24:26.395 [main] DEBUG org.hibernate.loader.plan.build.internal.spaces.QuerySpacesImpl - Adding QuerySpace : uid = <gen:2> -> org.hibernate.loader.plan.build.internal.spaces.EntityQuerySpaceImpl@6f5288c5]
20:24:26.395 [main] DEBUG org.hibernate.persister.walking.spi.MetamodelGraphWalker - Visiting attribute path : level
20:24:26.395 [main] DEBUG org.hibernate.persister.walking.spi.MetamodelGraphWalker - Visiting attribute path : name
20:24:26.395 [main] DEBUG org.hibernate.loader.plan.build.internal.FetchStyleLoadPlanBuildingAssociationVisitationStrategy - Building LoadPlan...
20:24:26.395 [main] DEBUG org.hibernate.loader.plan.exec.internal.LoadQueryJoinAndFetchProcessor - processing queryspace <gen:0>
20:24:26.395 [main] DEBUG org.hibernate.loader.plan.build.spi.LoadPlanTreePrinter - LoadPlan(entity=tau.mmo.domain.Player)
    - Returns
       - EntityReturnImpl(entity=tau.mmo.domain.Player, querySpaceUid=<gen:0>, path=tau.mmo.domain.Player)
          - CollectionAttributeFetchImpl(collection=tau.mmo.domain.Player.items, querySpaceUid=<gen:1>, path=tau.mmo.domain.Player.items)
             - (collection element) CollectionFetchableElementEntityGraph(entity=tau.mmo.domain.Item, querySpaceUid=<gen:2>, path=tau.mmo.domain.Player.items.<elements>)
    - QuerySpaces
       - EntityQuerySpaceImpl(uid=<gen:0>, entity=tau.mmo.domain.Player)
          - SQL table alias mapping - player0_
          - alias suffix - 0_
          - suffixed key columns - {id1_1_0_}

20:24:26.395 [main] DEBUG org.hibernate.loader.entity.plan.EntityLoader - Static select for entity tau.mmo.domain.Player [PESSIMISTIC_WRITE]: select player0_.id as id1_1_0_, player0_.heroclass as heroclas2_1_0_, player0_.level as level3_1_0_, player0_.name as name4_1_0_ from player player0_ where player0_.id=? for update
20:24:26.395 [main] DEBUG org.hibernate.loader.plan.build.internal.spaces.QuerySpacesImpl - Adding QuerySpace : uid = <gen:0> -> org.hibernate.loader.plan.build.internal.spaces.EntityQuerySpaceImpl@5a9ef32e]
20:24:26.395 [main] DEBUG org.hibernate.persister.walking.spi.MetamodelGraphWalker - Visiting attribute path : heroclass
20:24:26.395 [main] DEBUG org.hibernate.persister.walking.spi.MetamodelGraphWalker - Visiting attribute path : items
20:24:26.395 [main] DEBUG org.hibernate.loader.plan.build.internal.spaces.QuerySpacesImpl - Adding QuerySpace : uid = <gen:1> -> org.hibernate.loader.plan.build.internal.spaces.CollectionQuerySpaceImpl@61f08aa9]
20:24:26.395 [main] DEBUG org.hibernate.loader.plan.build.internal.spaces.QuerySpacesImpl - Adding QuerySpace : uid = <gen:2> -> org.hibernate.loader.plan.build.internal.spaces.EntityQuerySpaceImpl@1a1f22f2]
20:24:26.395 [main] DEBUG org.hibernate.persister.walking.spi.MetamodelGraphWalker - Visiting attribute path : level
20:24:26.395 [main] DEBUG org.hibernate.persister.walking.spi.MetamodelGraphWalker - Visiting attribute path : name
20:24:26.395 [main] DEBUG org.hibernate.loader.plan.build.internal.FetchStyleLoadPlanBuildingAssociationVisitationStrategy - Building LoadPlan...
20:24:26.395 [main] DEBUG org.hibernate.loader.plan.exec.internal.LoadQueryJoinAndFetchProcessor - processing queryspace <gen:0>
20:24:26.395 [main] DEBUG org.hibernate.loader.plan.build.spi.LoadPlanTreePrinter - LoadPlan(entity=tau.mmo.domain.Player)
    - Returns
       - EntityReturnImpl(entity=tau.mmo.domain.Player, querySpaceUid=<gen:0>, path=tau.mmo.domain.Player)
          - CollectionAttributeFetchImpl(collection=tau.mmo.domain.Player.items, querySpaceUid=<gen:1>, path=tau.mmo.domain.Player.items)
             - (collection element) CollectionFetchableElementEntityGraph(entity=tau.mmo.domain.Item, querySpaceUid=<gen:2>, path=tau.mmo.domain.Player.items.<elements>)
    - QuerySpaces
       - EntityQuerySpaceImpl(uid=<gen:0>, entity=tau.mmo.domain.Player)
          - SQL table alias mapping - player0_
          - alias suffix - 0_
          - suffixed key columns - {id1_1_0_}

20:24:26.395 [main] DEBUG org.hibernate.loader.entity.plan.EntityLoader - Static select for entity tau.mmo.domain.Player [PESSIMISTIC_FORCE_INCREMENT]: select player0_.id as id1_1_0_, player0_.heroclass as heroclas2_1_0_, player0_.level as level3_1_0_, player0_.name as name4_1_0_ from player player0_ where player0_.id=? for update
20:24:26.395 [main] DEBUG org.hibernate.loader.plan.build.internal.spaces.QuerySpacesImpl - Adding QuerySpace : uid = <gen:0> -> org.hibernate.loader.plan.build.internal.spaces.EntityQuerySpaceImpl@37b5a51c]
20:24:26.395 [main] DEBUG org.hibernate.persister.walking.spi.MetamodelGraphWalker - Visiting attribute path : heroclass
20:24:26.395 [main] DEBUG org.hibernate.persister.walking.spi.MetamodelGraphWalker - Visiting attribute path : items
20:24:26.395 [main] DEBUG org.hibernate.loader.plan.build.internal.spaces.QuerySpacesImpl - Adding QuerySpace : uid = <gen:1> -> org.hibernate.loader.plan.build.internal.spaces.CollectionQuerySpaceImpl@2bb84aa5]
20:24:26.395 [main] DEBUG org.hibernate.loader.plan.build.internal.spaces.QuerySpacesImpl - Adding QuerySpace : uid = <gen:2> -> org.hibernate.loader.plan.build.internal.spaces.EntityQuerySpaceImpl@4853f592]
20:24:26.395 [main] DEBUG org.hibernate.persister.walking.spi.MetamodelGraphWalker - Visiting attribute path : level
20:24:26.395 [main] DEBUG org.hibernate.persister.walking.spi.MetamodelGraphWalker - Visiting attribute path : name
20:24:26.395 [main] DEBUG org.hibernate.loader.plan.build.internal.FetchStyleLoadPlanBuildingAssociationVisitationStrategy - Building LoadPlan...
20:24:26.395 [main] DEBUG org.hibernate.loader.plan.exec.internal.LoadQueryJoinAndFetchProcessor - processing queryspace <gen:0>
20:24:26.395 [main] DEBUG org.hibernate.loader.plan.build.spi.LoadPlanTreePrinter - LoadPlan(entity=tau.mmo.domain.Player)
    - Returns
       - EntityReturnImpl(entity=tau.mmo.domain.Player, querySpaceUid=<gen:0>, path=tau.mmo.domain.Player)
          - CollectionAttributeFetchImpl(collection=tau.mmo.domain.Player.items, querySpaceUid=<gen:1>, path=tau.mmo.domain.Player.items)
             - (collection element) CollectionFetchableElementEntityGraph(entity=tau.mmo.domain.Item, querySpaceUid=<gen:2>, path=tau.mmo.domain.Player.items.<elements>)
    - QuerySpaces
       - EntityQuerySpaceImpl(uid=<gen:0>, entity=tau.mmo.domain.Player)
          - SQL table alias mapping - player0_
          - alias suffix - 0_
          - suffixed key columns - {id1_1_0_}

20:24:26.395 [main] DEBUG org.hibernate.loader.entity.plan.EntityLoader - Static select for entity tau.mmo.domain.Player [OPTIMISTIC]: select player0_.id as id1_1_0_, player0_.heroclass as heroclas2_1_0_, player0_.level as level3_1_0_, player0_.name as name4_1_0_ from player player0_ where player0_.id=?
20:24:26.395 [main] DEBUG org.hibernate.loader.plan.build.internal.spaces.QuerySpacesImpl - Adding QuerySpace : uid = <gen:0> -> org.hibernate.loader.plan.build.internal.spaces.EntityQuerySpaceImpl@52d434c1]
20:24:26.398 [main] DEBUG org.hibernate.persister.walking.spi.MetamodelGraphWalker - Visiting attribute path : heroclass
20:24:26.398 [main] DEBUG org.hibernate.persister.walking.spi.MetamodelGraphWalker - Visiting attribute path : items
20:24:26.398 [main] DEBUG org.hibernate.loader.plan.build.internal.spaces.QuerySpacesImpl - Adding QuerySpace : uid = <gen:1> -> org.hibernate.loader.plan.build.internal.spaces.CollectionQuerySpaceImpl@3407ded1]
20:24:26.398 [main] DEBUG org.hibernate.loader.plan.build.internal.spaces.QuerySpacesImpl - Adding QuerySpace : uid = <gen:2> -> org.hibernate.loader.plan.build.internal.spaces.EntityQuerySpaceImpl@63af52a6]
20:24:26.398 [main] DEBUG org.hibernate.persister.walking.spi.MetamodelGraphWalker - Visiting attribute path : level
20:24:26.398 [main] DEBUG org.hibernate.persister.walking.spi.MetamodelGraphWalker - Visiting attribute path : name
20:24:26.398 [main] DEBUG org.hibernate.loader.plan.build.internal.FetchStyleLoadPlanBuildingAssociationVisitationStrategy - Building LoadPlan...
20:24:26.398 [main] DEBUG org.hibernate.loader.plan.exec.internal.LoadQueryJoinAndFetchProcessor - processing queryspace <gen:0>
20:24:26.398 [main] DEBUG org.hibernate.loader.plan.build.spi.LoadPlanTreePrinter - LoadPlan(entity=tau.mmo.domain.Player)
    - Returns
       - EntityReturnImpl(entity=tau.mmo.domain.Player, querySpaceUid=<gen:0>, path=tau.mmo.domain.Player)
          - CollectionAttributeFetchImpl(collection=tau.mmo.domain.Player.items, querySpaceUid=<gen:1>, path=tau.mmo.domain.Player.items)
             - (collection element) CollectionFetchableElementEntityGraph(entity=tau.mmo.domain.Item, querySpaceUid=<gen:2>, path=tau.mmo.domain.Player.items.<elements>)
    - QuerySpaces
       - EntityQuerySpaceImpl(uid=<gen:0>, entity=tau.mmo.domain.Player)
          - SQL table alias mapping - player0_
          - alias suffix - 0_
          - suffixed key columns - {id1_1_0_}

20:24:26.398 [main] DEBUG org.hibernate.loader.entity.plan.EntityLoader - Static select for entity tau.mmo.domain.Player [OPTIMISTIC_FORCE_INCREMENT]: select player0_.id as id1_1_0_, player0_.heroclass as heroclas2_1_0_, player0_.level as level3_1_0_, player0_.name as name4_1_0_ from player player0_ where player0_.id=?
20:24:26.398 [main] DEBUG org.hibernate.loader.Loader - Static select for action ACTION_MERGE on entity tau.mmo.domain.Player: select player0_.id as id1_1_0_, player0_.heroclass as heroclas2_1_0_, player0_.level as level3_1_0_, player0_.name as name4_1_0_ from player player0_ where player0_.id=?
20:24:26.398 [main] DEBUG org.hibernate.loader.Loader - Static select for action ACTION_REFRESH on entity tau.mmo.domain.Player: select player0_.id as id1_1_0_, player0_.heroclass as heroclas2_1_0_, player0_.level as level3_1_0_, player0_.name as name4_1_0_ from player player0_ where player0_.id=?
20:24:26.398 [main] DEBUG org.hibernate.loader.plan.build.internal.spaces.QuerySpacesImpl - Adding QuerySpace : uid = <gen:0> -> org.hibernate.loader.plan.build.internal.spaces.CollectionQuerySpaceImpl@10ae002e]
20:24:26.398 [main] DEBUG org.hibernate.loader.plan.build.internal.spaces.QuerySpacesImpl - Adding QuerySpace : uid = <gen:1> -> org.hibernate.loader.plan.build.internal.spaces.EntityQuerySpaceImpl@573f2e67]
20:24:26.398 [main] DEBUG org.hibernate.persister.walking.spi.MetamodelGraphWalker - Visiting attribute path : itemclass
20:24:26.398 [main] DEBUG org.hibernate.persister.walking.spi.MetamodelGraphWalker - Visiting attribute path : levelreq
20:24:26.398 [main] DEBUG org.hibernate.persister.walking.spi.MetamodelGraphWalker - Visiting attribute path : name
20:24:26.398 [main] DEBUG org.hibernate.persister.walking.spi.MetamodelGraphWalker - Visiting attribute path : player
20:24:26.398 [main] DEBUG org.hibernate.persister.walking.spi.MetamodelGraphWalker - Property path deemed to be circular : player
20:24:26.399 [main] DEBUG org.hibernate.loader.plan.build.internal.FetchStyleLoadPlanBuildingAssociationVisitationStrategy - Building LoadPlan...
20:24:26.399 [main] DEBUG org.hibernate.loader.plan.exec.internal.LoadQueryJoinAndFetchProcessor - processing queryspace <gen:0>
20:24:26.399 [main] DEBUG org.hibernate.loader.plan.build.spi.LoadPlanTreePrinter - LoadPlan(collection=tau.mmo.domain.Player.items)
    - Returns
       - CollectionReturnImpl(collection=tau.mmo.domain.Player.items, querySpaceUid=<gen:0>, path=[tau.mmo.domain.Player.items])
          - (collection element) CollectionFetchableElementEntityGraph(entity=tau.mmo.domain.Item, querySpaceUid=<gen:1>, path=[tau.mmo.domain.Player.items].<elements>)
    - QuerySpaces
       - CollectionQuerySpaceImpl(uid=<gen:0>, collection=tau.mmo.domain.Player.items)
          - SQL table alias mapping - items0_
          - alias suffix - 0_
          - suffixed key columns - {player_i5_0_0_}
          - entity-element alias suffix - 1_
          - 1_entity-element suffixed key columns - id1_0_1_
          - JOIN (JoinDefinedByMetadata(elements)) : <gen:0> -> <gen:1>
             - EntityQuerySpaceImpl(uid=<gen:1>, entity=tau.mmo.domain.Item)
                - SQL table alias mapping - items0_
                - alias suffix - 1_
                - suffixed key columns - {id1_0_1_}

20:24:26.399 [main] DEBUG org.hibernate.loader.collection.plan.CollectionLoader - Static select for collection tau.mmo.domain.Player.items: select items0_.player_id as player_i5_0_0_, items0_.id as id1_0_0_, items0_.id as id1_0_1_, items0_.itemclass as itemclas2_0_1_, items0_.levelreq as levelreq3_0_1_, items0_.name as name4_0_1_, items0_.player_id as player_i5_0_1_ from item items0_ where items0_.player_id=?
20:24:26.399 [main] DEBUG org.hibernate.internal.SessionFactoryImpl - Instantiated session factory
20:24:26.399 [main] DEBUG org.springframework.jdbc.datasource.DriverManagerDataSource - Creating new JDBC DriverManager Connection to [jdbc:hsqldb:hsql://localhost/workdb]
20:24:26.400 [main] DEBUG org.hibernate.engine.jdbc.spi.SqlExceptionHelper - Unable to open JDBC Connection for DDL execution [n/a]
java.sql.SQLTransientConnectionException: java.net.ConnectException: Połączenie odrzucone (Connection refused)
	at org.hsqldb.jdbc.JDBCUtil.sqlException(Unknown Source)
	at org.hsqldb.jdbc.JDBCUtil.sqlException(Unknown Source)
	at org.hsqldb.jdbc.JDBCConnection.<init>(Unknown Source)
	at org.hsqldb.jdbc.JDBCDriver.getConnection(Unknown Source)
	at org.hsqldb.jdbc.JDBCDriver.connect(Unknown Source)
	at java.sql/java.sql.DriverManager.getConnection(DriverManager.java:677)
	at java.sql/java.sql.DriverManager.getConnection(DriverManager.java:189)
	at org.springframework.jdbc.datasource.DriverManagerDataSource.getConnectionFromDriverManager(DriverManagerDataSource.java:154)
	at org.springframework.jdbc.datasource.DriverManagerDataSource.getConnectionFromDriver(DriverManagerDataSource.java:145)
	at org.springframework.jdbc.datasource.AbstractDriverBasedDataSource.getConnectionFromDriver(AbstractDriverBasedDataSource.java:205)
	at org.springframework.jdbc.datasource.AbstractDriverBasedDataSource.getConnection(AbstractDriverBasedDataSource.java:169)
	at org.hibernate.engine.jdbc.connections.internal.DatasourceConnectionProviderImpl.getConnection(DatasourceConnectionProviderImpl.java:122)
	at org.hibernate.engine.jdbc.env.internal.JdbcEnvironmentInitiator$ConnectionProviderJdbcConnectionAccess.obtainConnection(JdbcEnvironmentInitiator.java:180)
	at org.hibernate.resource.transaction.backend.jdbc.internal.DdlTransactionIsolatorNonJtaImpl.getIsolatedConnection(DdlTransactionIsolatorNonJtaImpl.java:43)
	at org.hibernate.tool.schema.internal.exec.ImprovedExtractionContextImpl.getJdbcConnection(ImprovedExtractionContextImpl.java:60)
	at org.hibernate.tool.schema.extract.internal.SequenceInformationExtractorLegacyImpl.extractMetadata(SequenceInformationExtractorLegacyImpl.java:40)
	at org.hibernate.tool.schema.extract.internal.DatabaseInformationImpl.initializeSequences(DatabaseInformationImpl.java:65)
	at org.hibernate.tool.schema.extract.internal.DatabaseInformationImpl.<init>(DatabaseInformationImpl.java:59)
	at org.hibernate.tool.schema.internal.Helper.buildDatabaseInformation(Helper.java:130)
	at org.hibernate.tool.schema.internal.AbstractSchemaMigrator.doMigration(AbstractSchemaMigrator.java:92)
	at org.hibernate.tool.schema.spi.SchemaManagementToolCoordinator.performDatabaseAction(SchemaManagementToolCoordinator.java:176)
	at org.hibernate.tool.schema.spi.SchemaManagementToolCoordinator.process(SchemaManagementToolCoordinator.java:65)
	at org.hibernate.internal.SessionFactoryImpl.<init>(SessionFactoryImpl.java:459)
	at org.hibernate.boot.internal.SessionFactoryBuilderImpl.build(SessionFactoryBuilderImpl.java:465)
	at org.hibernate.cfg.Configuration.buildSessionFactory(Configuration.java:711)
	at org.hibernate.cfg.Configuration.buildSessionFactory(Configuration.java:727)
	at org.springframework.orm.hibernate5.LocalSessionFactoryBean.buildSessionFactory(LocalSessionFactoryBean.java:615)
	at org.springframework.orm.hibernate5.LocalSessionFactoryBean.afterPropertiesSet(LocalSessionFactoryBean.java:599)
	at org.springframework.beans.factory.support.AbstractAutowireCapableBeanFactory.invokeInitMethods(AbstractAutowireCapableBeanFactory.java:1837)
	at org.springframework.beans.factory.support.AbstractAutowireCapableBeanFactory.initializeBean(AbstractAutowireCapableBeanFactory.java:1774)
	at org.springframework.beans.factory.support.AbstractAutowireCapableBeanFactory.doCreateBean(AbstractAutowireCapableBeanFactory.java:593)
	at org.springframework.beans.factory.support.AbstractAutowireCapableBeanFactory.createBean(AbstractAutowireCapableBeanFactory.java:515)
	at org.springframework.beans.factory.support.AbstractBeanFactory.lambda$doGetBean$0(AbstractBeanFactory.java:320)
	at org.springframework.beans.factory.support.DefaultSingletonBeanRegistry.getSingleton(DefaultSingletonBeanRegistry.java:222)
	at org.springframework.beans.factory.support.AbstractBeanFactory.doGetBean(AbstractBeanFactory.java:318)
	at org.springframework.beans.factory.support.AbstractBeanFactory.getBean(AbstractBeanFactory.java:199)
	at org.springframework.beans.factory.config.DependencyDescriptor.resolveCandidate(DependencyDescriptor.java:277)
	at org.springframework.beans.factory.support.DefaultListableBeanFactory.doResolveDependency(DefaultListableBeanFactory.java:1247)
	at org.springframework.beans.factory.support.DefaultListableBeanFactory.resolveDependency(DefaultListableBeanFactory.java:1167)
	at org.springframework.beans.factory.annotation.AutowiredAnnotationBeanPostProcessor$AutowiredFieldElement.inject(AutowiredAnnotationBeanPostProcessor.java:593)
	at org.springframework.beans.factory.annotation.InjectionMetadata.inject(InjectionMetadata.java:90)
	at org.springframework.beans.factory.annotation.AutowiredAnnotationBeanPostProcessor.postProcessProperties(AutowiredAnnotationBeanPostProcessor.java:374)
	at org.springframework.beans.factory.support.AbstractAutowireCapableBeanFactory.populateBean(AbstractAutowireCapableBeanFactory.java:1411)
	at org.springframework.beans.factory.support.AbstractAutowireCapableBeanFactory.doCreateBean(AbstractAutowireCapableBeanFactory.java:592)
	at org.springframework.beans.factory.support.AbstractAutowireCapableBeanFactory.createBean(AbstractAutowireCapableBeanFactory.java:515)
	at org.springframework.beans.factory.support.AbstractBeanFactory.lambda$doGetBean$0(AbstractBeanFactory.java:320)
	at org.springframework.beans.factory.support.DefaultSingletonBeanRegistry.getSingleton(DefaultSingletonBeanRegistry.java:222)
	at org.springframework.beans.factory.support.AbstractBeanFactory.doGetBean(AbstractBeanFactory.java:318)
	at org.springframework.beans.factory.support.AbstractBeanFactory.getBean(AbstractBeanFactory.java:199)
	at org.springframework.beans.factory.config.DependencyDescriptor.resolveCandidate(DependencyDescriptor.java:277)
	at org.springframework.beans.factory.support.DefaultListableBeanFactory.doResolveDependency(DefaultListableBeanFactory.java:1247)
	at org.springframework.beans.factory.support.DefaultListableBeanFactory.resolveDependency(DefaultListableBeanFactory.java:1167)
	at org.springframework.beans.factory.annotation.AutowiredAnnotationBeanPostProcessor$AutowiredFieldElement.inject(AutowiredAnnotationBeanPostProcessor.java:593)
	at org.springframework.beans.factory.annotation.InjectionMetadata.inject(InjectionMetadata.java:90)
	at org.springframework.beans.factory.annotation.AutowiredAnnotationBeanPostProcessor.postProcessProperties(AutowiredAnnotationBeanPostProcessor.java:374)
	at org.springframework.beans.factory.support.AbstractAutowireCapableBeanFactory.populateBean(AbstractAutowireCapableBeanFactory.java:1411)
	at org.springframework.beans.factory.support.AbstractAutowireCapableBeanFactory.doCreateBean(AbstractAutowireCapableBeanFactory.java:592)
	at org.springframework.beans.factory.support.AbstractAutowireCapableBeanFactory.createBean(AbstractAutowireCapableBeanFactory.java:515)
	at org.springframework.beans.factory.support.AbstractBeanFactory.lambda$doGetBean$0(AbstractBeanFactory.java:320)
	at org.springframework.beans.factory.support.DefaultSingletonBeanRegistry.getSingleton(DefaultSingletonBeanRegistry.java:222)
	at org.springframework.beans.factory.support.AbstractBeanFactory.doGetBean(AbstractBeanFactory.java:318)
	at org.springframework.beans.factory.support.AbstractBeanFactory.getBean(AbstractBeanFactory.java:199)
	at org.springframework.beans.factory.support.DefaultListableBeanFactory.preInstantiateSingletons(DefaultListableBeanFactory.java:849)
	at org.springframework.context.support.AbstractApplicationContext.finishBeanFactoryInitialization(AbstractApplicationContext.java:877)
	at org.springframework.context.support.AbstractApplicationContext.refresh(AbstractApplicationContext.java:549)
	at org.springframework.test.context.support.AbstractGenericContextLoader.loadContext(AbstractGenericContextLoader.java:128)
	at org.springframework.test.context.support.AbstractGenericContextLoader.loadContext(AbstractGenericContextLoader.java:60)
	at org.springframework.test.context.support.AbstractDelegatingSmartContextLoader.delegateLoading(AbstractDelegatingSmartContextLoader.java:275)
	at org.springframework.test.context.support.AbstractDelegatingSmartContextLoader.loadContext(AbstractDelegatingSmartContextLoader.java:243)
	at org.springframework.test.context.cache.DefaultCacheAwareContextLoaderDelegate.loadContextInternal(DefaultCacheAwareContextLoaderDelegate.java:99)
	at org.springframework.test.context.cache.DefaultCacheAwareContextLoaderDelegate.loadContext(DefaultCacheAwareContextLoaderDelegate.java:117)
	at org.springframework.test.context.support.DefaultTestContext.getApplicationContext(DefaultTestContext.java:108)
	at org.springframework.test.context.support.DependencyInjectionTestExecutionListener.injectDependencies(DependencyInjectionTestExecutionListener.java:118)
	at org.springframework.test.context.support.DependencyInjectionTestExecutionListener.prepareTestInstance(DependencyInjectionTestExecutionListener.java:83)
	at org.springframework.test.context.TestContextManager.prepareTestInstance(TestContextManager.java:246)
	at org.springframework.test.context.junit4.SpringJUnit4ClassRunner.createTest(SpringJUnit4ClassRunner.java:227)
	at org.springframework.test.context.junit4.SpringJUnit4ClassRunner$1.runReflectiveCall(SpringJUnit4ClassRunner.java:289)
	at org.junit.internal.runners.model.ReflectiveCallable.run(ReflectiveCallable.java:12)
	at org.springframework.test.context.junit4.SpringJUnit4ClassRunner.methodBlock(SpringJUnit4ClassRunner.java:291)
	at org.springframework.test.context.junit4.SpringJUnit4ClassRunner.runChild(SpringJUnit4ClassRunner.java:246)
	at org.springframework.test.context.junit4.SpringJUnit4ClassRunner.runChild(SpringJUnit4ClassRunner.java:97)
	at org.junit.runners.ParentRunner$3.run(ParentRunner.java:290)
	at org.junit.runners.ParentRunner$1.schedule(ParentRunner.java:71)
	at org.junit.runners.ParentRunner.runChildren(ParentRunner.java:288)
	at org.junit.runners.ParentRunner.access$000(ParentRunner.java:58)
	at org.junit.runners.ParentRunner$2.evaluate(ParentRunner.java:268)
	at org.springframework.test.context.junit4.statements.RunBeforeTestClassCallbacks.evaluate(RunBeforeTestClassCallbacks.java:61)
	at org.springframework.test.context.junit4.statements.RunAfterTestClassCallbacks.evaluate(RunAfterTestClassCallbacks.java:70)
	at org.junit.runners.ParentRunner.run(ParentRunner.java:363)
	at org.springframework.test.context.junit4.SpringJUnit4ClassRunner.run(SpringJUnit4ClassRunner.java:190)
	at org.apache.maven.surefire.junit4.JUnit4Provider.execute(JUnit4Provider.java:365)
	at org.apache.maven.surefire.junit4.JUnit4Provider.executeWithRerun(JUnit4Provider.java:273)
	at org.apache.maven.surefire.junit4.JUnit4Provider.executeTestSet(JUnit4Provider.java:238)
	at org.apache.maven.surefire.junit4.JUnit4Provider.invoke(JUnit4Provider.java:159)
	at org.apache.maven.surefire.booter.ForkedBooter.invokeProviderInSameClassLoader(ForkedBooter.java:384)
	at org.apache.maven.surefire.booter.ForkedBooter.runSuitesInProcess(ForkedBooter.java:345)
	at org.apache.maven.surefire.booter.ForkedBooter.execute(ForkedBooter.java:126)
	at org.apache.maven.surefire.booter.ForkedBooter.main(ForkedBooter.java:418)
Caused by: org.hsqldb.HsqlException: java.net.ConnectException: Połączenie odrzucone (Connection refused)
	at org.hsqldb.ClientConnection.openConnection(Unknown Source)
	at org.hsqldb.ClientConnection.initConnection(Unknown Source)
	at org.hsqldb.ClientConnection.<init>(Unknown Source)
	... 96 common frames omitted
Caused by: java.net.ConnectException: Połączenie odrzucone (Connection refused)
	at java.base/java.net.PlainSocketImpl.socketConnect(Native Method)
	at java.base/java.net.AbstractPlainSocketImpl.doConnect(AbstractPlainSocketImpl.java:399)
	at java.base/java.net.AbstractPlainSocketImpl.connectToAddress(AbstractPlainSocketImpl.java:242)
	at java.base/java.net.AbstractPlainSocketImpl.connect(AbstractPlainSocketImpl.java:224)
	at java.base/java.net.SocksSocketImpl.connect(SocksSocketImpl.java:403)
	at java.base/java.net.Socket.connect(Socket.java:591)
	at java.base/java.net.Socket.connect(Socket.java:540)
	at java.base/java.net.Socket.<init>(Socket.java:436)
	at java.base/java.net.Socket.<init>(Socket.java:213)
	at org.hsqldb.server.HsqlSocketFactory.createSocket(Unknown Source)
	... 99 common frames omitted
20:24:26.400 [main] WARN org.hibernate.engine.jdbc.spi.SqlExceptionHelper - SQL Error: -1301, SQLState: 08001
20:24:26.400 [main] ERROR org.hibernate.engine.jdbc.spi.SqlExceptionHelper - java.net.ConnectException: Połączenie odrzucone (Connection refused)
20:24:26.400 [main] WARN org.springframework.context.support.GenericApplicationContext - Exception encountered during context initialization - cancelling refresh attempt: org.springframework.beans.factory.UnsatisfiedDependencyException: Error creating bean with name 'playerController': Unsatisfied dependency expressed through field 'playerManager'; nested exception is org.springframework.beans.factory.UnsatisfiedDependencyException: Error creating bean with name 'playerManagerHibernateImpl': Unsatisfied dependency expressed through field 'sessionFactory'; nested exception is org.springframework.beans.factory.BeanCreationException: Error creating bean with name 'hibernateSessionFactory' defined in class path resource [beans.xml]: Invocation of init method failed; nested exception is org.hibernate.exception.JDBCConnectionException: Unable to open JDBC Connection for DDL execution
20:24:26.402 [main] ERROR org.springframework.test.context.TestContextManager - Caught exception while allowing TestExecutionListener [org.springframework.test.context.support.DependencyInjectionTestExecutionListener@6a400542] to prepare test instance [tau.mmo.service.PlayerManagerTest@77e5c765]
java.lang.IllegalStateException: Failed to load ApplicationContext
	at org.springframework.test.context.cache.DefaultCacheAwareContextLoaderDelegate.loadContext(DefaultCacheAwareContextLoaderDelegate.java:125)
	at org.springframework.test.context.support.DefaultTestContext.getApplicationContext(DefaultTestContext.java:108)
	at org.springframework.test.context.support.DependencyInjectionTestExecutionListener.injectDependencies(DependencyInjectionTestExecutionListener.java:118)
	at org.springframework.test.context.support.DependencyInjectionTestExecutionListener.prepareTestInstance(DependencyInjectionTestExecutionListener.java:83)
	at org.springframework.test.context.TestContextManager.prepareTestInstance(TestContextManager.java:246)
	at org.springframework.test.context.junit4.SpringJUnit4ClassRunner.createTest(SpringJUnit4ClassRunner.java:227)
	at org.springframework.test.context.junit4.SpringJUnit4ClassRunner$1.runReflectiveCall(SpringJUnit4ClassRunner.java:289)
	at org.junit.internal.runners.model.ReflectiveCallable.run(ReflectiveCallable.java:12)
	at org.springframework.test.context.junit4.SpringJUnit4ClassRunner.methodBlock(SpringJUnit4ClassRunner.java:291)
	at org.springframework.test.context.junit4.SpringJUnit4ClassRunner.runChild(SpringJUnit4ClassRunner.java:246)
	at org.springframework.test.context.junit4.SpringJUnit4ClassRunner.runChild(SpringJUnit4ClassRunner.java:97)
	at org.junit.runners.ParentRunner$3.run(ParentRunner.java:290)
	at org.junit.runners.ParentRunner$1.schedule(ParentRunner.java:71)
	at org.junit.runners.ParentRunner.runChildren(ParentRunner.java:288)
	at org.junit.runners.ParentRunner.access$000(ParentRunner.java:58)
	at org.junit.runners.ParentRunner$2.evaluate(ParentRunner.java:268)
	at org.springframework.test.context.junit4.statements.RunBeforeTestClassCallbacks.evaluate(RunBeforeTestClassCallbacks.java:61)
	at org.springframework.test.context.junit4.statements.RunAfterTestClassCallbacks.evaluate(RunAfterTestClassCallbacks.java:70)
	at org.junit.runners.ParentRunner.run(ParentRunner.java:363)
	at org.springframework.test.context.junit4.SpringJUnit4ClassRunner.run(SpringJUnit4ClassRunner.java:190)
	at org.apache.maven.surefire.junit4.JUnit4Provider.execute(JUnit4Provider.java:365)
	at org.apache.maven.surefire.junit4.JUnit4Provider.executeWithRerun(JUnit4Provider.java:273)
	at org.apache.maven.surefire.junit4.JUnit4Provider.executeTestSet(JUnit4Provider.java:238)
	at org.apache.maven.surefire.junit4.JUnit4Provider.invoke(JUnit4Provider.java:159)
	at org.apache.maven.surefire.booter.ForkedBooter.invokeProviderInSameClassLoader(ForkedBooter.java:384)
	at org.apache.maven.surefire.booter.ForkedBooter.runSuitesInProcess(ForkedBooter.java:345)
	at org.apache.maven.surefire.booter.ForkedBooter.execute(ForkedBooter.java:126)
	at org.apache.maven.surefire.booter.ForkedBooter.main(ForkedBooter.java:418)
Caused by: org.springframework.beans.factory.UnsatisfiedDependencyException: Error creating bean with name 'playerController': Unsatisfied dependency expressed through field 'playerManager'; nested exception is org.springframework.beans.factory.UnsatisfiedDependencyException: Error creating bean with name 'playerManagerHibernateImpl': Unsatisfied dependency expressed through field 'sessionFactory'; nested exception is org.springframework.beans.factory.BeanCreationException: Error creating bean with name 'hibernateSessionFactory' defined in class path resource [beans.xml]: Invocation of init method failed; nested exception is org.hibernate.exception.JDBCConnectionException: Unable to open JDBC Connection for DDL execution
	at org.springframework.beans.factory.annotation.AutowiredAnnotationBeanPostProcessor$AutowiredFieldElement.inject(AutowiredAnnotationBeanPostProcessor.java:596)
	at org.springframework.beans.factory.annotation.InjectionMetadata.inject(InjectionMetadata.java:90)
	at org.springframework.beans.factory.annotation.AutowiredAnnotationBeanPostProcessor.postProcessProperties(AutowiredAnnotationBeanPostProcessor.java:374)
	at org.springframework.beans.factory.support.AbstractAutowireCapableBeanFactory.populateBean(AbstractAutowireCapableBeanFactory.java:1411)
	at org.springframework.beans.factory.support.AbstractAutowireCapableBeanFactory.doCreateBean(AbstractAutowireCapableBeanFactory.java:592)
	at org.springframework.beans.factory.support.AbstractAutowireCapableBeanFactory.createBean(AbstractAutowireCapableBeanFactory.java:515)
	at org.springframework.beans.factory.support.AbstractBeanFactory.lambda$doGetBean$0(AbstractBeanFactory.java:320)
	at org.springframework.beans.factory.support.DefaultSingletonBeanRegistry.getSingleton(DefaultSingletonBeanRegistry.java:222)
	at org.springframework.beans.factory.support.AbstractBeanFactory.doGetBean(AbstractBeanFactory.java:318)
	at org.springframework.beans.factory.support.AbstractBeanFactory.getBean(AbstractBeanFactory.java:199)
	at org.springframework.beans.factory.support.DefaultListableBeanFactory.preInstantiateSingletons(DefaultListableBeanFactory.java:849)
	at org.springframework.context.support.AbstractApplicationContext.finishBeanFactoryInitialization(AbstractApplicationContext.java:877)
	at org.springframework.context.support.AbstractApplicationContext.refresh(AbstractApplicationContext.java:549)
	at org.springframework.test.context.support.AbstractGenericContextLoader.loadContext(AbstractGenericContextLoader.java:128)
	at org.springframework.test.context.support.AbstractGenericContextLoader.loadContext(AbstractGenericContextLoader.java:60)
	at org.springframework.test.context.support.AbstractDelegatingSmartContextLoader.delegateLoading(AbstractDelegatingSmartContextLoader.java:275)
	at org.springframework.test.context.support.AbstractDelegatingSmartContextLoader.loadContext(AbstractDelegatingSmartContextLoader.java:243)
	at org.springframework.test.context.cache.DefaultCacheAwareContextLoaderDelegate.loadContextInternal(DefaultCacheAwareContextLoaderDelegate.java:99)
	at org.springframework.test.context.cache.DefaultCacheAwareContextLoaderDelegate.loadContext(DefaultCacheAwareContextLoaderDelegate.java:117)
	... 27 common frames omitted
Caused by: org.springframework.beans.factory.UnsatisfiedDependencyException: Error creating bean with name 'playerManagerHibernateImpl': Unsatisfied dependency expressed through field 'sessionFactory'; nested exception is org.springframework.beans.factory.BeanCreationException: Error creating bean with name 'hibernateSessionFactory' defined in class path resource [beans.xml]: Invocation of init method failed; nested exception is org.hibernate.exception.JDBCConnectionException: Unable to open JDBC Connection for DDL execution
	at org.springframework.beans.factory.annotation.AutowiredAnnotationBeanPostProcessor$AutowiredFieldElement.inject(AutowiredAnnotationBeanPostProcessor.java:596)
	at org.springframework.beans.factory.annotation.InjectionMetadata.inject(InjectionMetadata.java:90)
	at org.springframework.beans.factory.annotation.AutowiredAnnotationBeanPostProcessor.postProcessProperties(AutowiredAnnotationBeanPostProcessor.java:374)
	at org.springframework.beans.factory.support.AbstractAutowireCapableBeanFactory.populateBean(AbstractAutowireCapableBeanFactory.java:1411)
	at org.springframework.beans.factory.support.AbstractAutowireCapableBeanFactory.doCreateBean(AbstractAutowireCapableBeanFactory.java:592)
	at org.springframework.beans.factory.support.AbstractAutowireCapableBeanFactory.createBean(AbstractAutowireCapableBeanFactory.java:515)
	at org.springframework.beans.factory.support.AbstractBeanFactory.lambda$doGetBean$0(AbstractBeanFactory.java:320)
	at org.springframework.beans.factory.support.DefaultSingletonBeanRegistry.getSingleton(DefaultSingletonBeanRegistry.java:222)
	at org.springframework.beans.factory.support.AbstractBeanFactory.doGetBean(AbstractBeanFactory.java:318)
	at org.springframework.beans.factory.support.AbstractBeanFactory.getBean(AbstractBeanFactory.java:199)
	at org.springframework.beans.factory.config.DependencyDescriptor.resolveCandidate(DependencyDescriptor.java:277)
	at org.springframework.beans.factory.support.DefaultListableBeanFactory.doResolveDependency(DefaultListableBeanFactory.java:1247)
	at org.springframework.beans.factory.support.DefaultListableBeanFactory.resolveDependency(DefaultListableBeanFactory.java:1167)
	at org.springframework.beans.factory.annotation.AutowiredAnnotationBeanPostProcessor$AutowiredFieldElement.inject(AutowiredAnnotationBeanPostProcessor.java:593)
	... 45 common frames omitted
Caused by: org.springframework.beans.factory.BeanCreationException: Error creating bean with name 'hibernateSessionFactory' defined in class path resource [beans.xml]: Invocation of init method failed; nested exception is org.hibernate.exception.JDBCConnectionException: Unable to open JDBC Connection for DDL execution
	at org.springframework.beans.factory.support.AbstractAutowireCapableBeanFactory.initializeBean(AbstractAutowireCapableBeanFactory.java:1778)
	at org.springframework.beans.factory.support.AbstractAutowireCapableBeanFactory.doCreateBean(AbstractAutowireCapableBeanFactory.java:593)
	at org.springframework.beans.factory.support.AbstractAutowireCapableBeanFactory.createBean(AbstractAutowireCapableBeanFactory.java:515)
	at org.springframework.beans.factory.support.AbstractBeanFactory.lambda$doGetBean$0(AbstractBeanFactory.java:320)
	at org.springframework.beans.factory.support.DefaultSingletonBeanRegistry.getSingleton(DefaultSingletonBeanRegistry.java:222)
	at org.springframework.beans.factory.support.AbstractBeanFactory.doGetBean(AbstractBeanFactory.java:318)
	at org.springframework.beans.factory.support.AbstractBeanFactory.getBean(AbstractBeanFactory.java:199)
	at org.springframework.beans.factory.config.DependencyDescriptor.resolveCandidate(DependencyDescriptor.java:277)
	at org.springframework.beans.factory.support.DefaultListableBeanFactory.doResolveDependency(DefaultListableBeanFactory.java:1247)
	at org.springframework.beans.factory.support.DefaultListableBeanFactory.resolveDependency(DefaultListableBeanFactory.java:1167)
	at org.springframework.beans.factory.annotation.AutowiredAnnotationBeanPostProcessor$AutowiredFieldElement.inject(AutowiredAnnotationBeanPostProcessor.java:593)
	... 58 common frames omitted
Caused by: org.hibernate.exception.JDBCConnectionException: Unable to open JDBC Connection for DDL execution
	at org.hibernate.exception.internal.SQLExceptionTypeDelegate.convert(SQLExceptionTypeDelegate.java:48)
	at org.hibernate.exception.internal.StandardSQLExceptionConverter.convert(StandardSQLExceptionConverter.java:42)
	at org.hibernate.engine.jdbc.spi.SqlExceptionHelper.convert(SqlExceptionHelper.java:111)
	at org.hibernate.engine.jdbc.spi.SqlExceptionHelper.convert(SqlExceptionHelper.java:97)
	at org.hibernate.resource.transaction.backend.jdbc.internal.DdlTransactionIsolatorNonJtaImpl.getIsolatedConnection(DdlTransactionIsolatorNonJtaImpl.java:69)
	at org.hibernate.tool.schema.internal.exec.ImprovedExtractionContextImpl.getJdbcConnection(ImprovedExtractionContextImpl.java:60)
	at org.hibernate.tool.schema.extract.internal.SequenceInformationExtractorLegacyImpl.extractMetadata(SequenceInformationExtractorLegacyImpl.java:40)
	at org.hibernate.tool.schema.extract.internal.DatabaseInformationImpl.initializeSequences(DatabaseInformationImpl.java:65)
	at org.hibernate.tool.schema.extract.internal.DatabaseInformationImpl.<init>(DatabaseInformationImpl.java:59)
	at org.hibernate.tool.schema.internal.Helper.buildDatabaseInformation(Helper.java:130)
	at org.hibernate.tool.schema.internal.AbstractSchemaMigrator.doMigration(AbstractSchemaMigrator.java:92)
	at org.hibernate.tool.schema.spi.SchemaManagementToolCoordinator.performDatabaseAction(SchemaManagementToolCoordinator.java:176)
	at org.hibernate.tool.schema.spi.SchemaManagementToolCoordinator.process(SchemaManagementToolCoordinator.java:65)
	at org.hibernate.internal.SessionFactoryImpl.<init>(SessionFactoryImpl.java:459)
	at org.hibernate.boot.internal.SessionFactoryBuilderImpl.build(SessionFactoryBuilderImpl.java:465)
	at org.hibernate.cfg.Configuration.buildSessionFactory(Configuration.java:711)
	at org.hibernate.cfg.Configuration.buildSessionFactory(Configuration.java:727)
	at org.springframework.orm.hibernate5.LocalSessionFactoryBean.buildSessionFactory(LocalSessionFactoryBean.java:615)
	at org.springframework.orm.hibernate5.LocalSessionFactoryBean.afterPropertiesSet(LocalSessionFactoryBean.java:599)
	at org.springframework.beans.factory.support.AbstractAutowireCapableBeanFactory.invokeInitMethods(AbstractAutowireCapableBeanFactory.java:1837)
	at org.springframework.beans.factory.support.AbstractAutowireCapableBeanFactory.initializeBean(AbstractAutowireCapableBeanFactory.java:1774)
	... 68 common frames omitted
Caused by: java.sql.SQLTransientConnectionException: java.net.ConnectException: Połączenie odrzucone (Connection refused)
	at org.hsqldb.jdbc.JDBCUtil.sqlException(Unknown Source)
	at org.hsqldb.jdbc.JDBCUtil.sqlException(Unknown Source)
	at org.hsqldb.jdbc.JDBCConnection.<init>(Unknown Source)
	at org.hsqldb.jdbc.JDBCDriver.getConnection(Unknown Source)
	at org.hsqldb.jdbc.JDBCDriver.connect(Unknown Source)
	at java.sql/java.sql.DriverManager.getConnection(DriverManager.java:677)
	at java.sql/java.sql.DriverManager.getConnection(DriverManager.java:189)
	at org.springframework.jdbc.datasource.DriverManagerDataSource.getConnectionFromDriverManager(DriverManagerDataSource.java:154)
	at org.springframework.jdbc.datasource.DriverManagerDataSource.getConnectionFromDriver(DriverManagerDataSource.java:145)
	at org.springframework.jdbc.datasource.AbstractDriverBasedDataSource.getConnectionFromDriver(AbstractDriverBasedDataSource.java:205)
	at org.springframework.jdbc.datasource.AbstractDriverBasedDataSource.getConnection(AbstractDriverBasedDataSource.java:169)
	at org.hibernate.engine.jdbc.connections.internal.DatasourceConnectionProviderImpl.getConnection(DatasourceConnectionProviderImpl.java:122)
	at org.hibernate.engine.jdbc.env.internal.JdbcEnvironmentInitiator$ConnectionProviderJdbcConnectionAccess.obtainConnection(JdbcEnvironmentInitiator.java:180)
	at org.hibernate.resource.transaction.backend.jdbc.internal.DdlTransactionIsolatorNonJtaImpl.getIsolatedConnection(DdlTransactionIsolatorNonJtaImpl.java:43)
	... 84 common frames omitted
Caused by: org.hsqldb.HsqlException: java.net.ConnectException: Połączenie odrzucone (Connection refused)
	at org.hsqldb.ClientConnection.openConnection(Unknown Source)
	at org.hsqldb.ClientConnection.initConnection(Unknown Source)
	at org.hsqldb.ClientConnection.<init>(Unknown Source)
	... 96 common frames omitted
Caused by: java.net.ConnectException: Połączenie odrzucone (Connection refused)
	at java.base/java.net.PlainSocketImpl.socketConnect(Native Method)
	at java.base/java.net.AbstractPlainSocketImpl.doConnect(AbstractPlainSocketImpl.java:399)
	at java.base/java.net.AbstractPlainSocketImpl.connectToAddress(AbstractPlainSocketImpl.java:242)
	at java.base/java.net.AbstractPlainSocketImpl.connect(AbstractPlainSocketImpl.java:224)
	at java.base/java.net.SocksSocketImpl.connect(SocksSocketImpl.java:403)
	at java.base/java.net.Socket.connect(Socket.java:591)
	at java.base/java.net.Socket.connect(Socket.java:540)
	at java.base/java.net.Socket.<init>(Socket.java:436)
	at java.base/java.net.Socket.<init>(Socket.java:213)
	at org.hsqldb.server.HsqlSocketFactory.createSocket(Unknown Source)
	... 99 common frames omitted
]]></system-out>
  </testcase>
</testsuite>